Current configuration:
[NAME]		[DEFLT]	[VALUE]
-allphones	no	no
-cntthresh	0.00001	1.000000e-05
-csplitmax	100	2000
-csplitmin	1	1
-csplitthr	8e-4	0.000000e+00
-example	no	no
-fullvar	no	no
-help		no	no
-meanfn			/Users/benroye/forge/cmusphinx/voiceVim/model_parameters/voiceVim.cd_cont_untied/means
-mixwfn			/Users/benroye/forge/cmusphinx/voiceVim/model_parameters/voiceVim.cd_cont_untied/mixture_weights
-moddeffn		/Users/benroye/forge/cmusphinx/voiceVim/model_architecture/voiceVim.untied.mdef
-mwfloor	1e-4	1.000000e-08
-phone			b
-psetfn			/Users/benroye/forge/cmusphinx/voiceVim/model_architecture/voiceVim.tree_questions
-ssplitmax	5	7
-ssplitmin	1	1
-ssplitthr	8e-4	0.000000e+00
-state			0
-stwt			1.0,0.05,0.0,
-treefn			/Users/benroye/forge/cmusphinx/voiceVim/trees/voiceVim.unpruned/b-0.dtree
-ts2cbfn	.semi.	.cont.
-varfloor	0.00001	1.000000e-05
-varfn			/Users/benroye/forge/cmusphinx/voiceVim/model_parameters/voiceVim.cd_cont_untied/variances

INFO: main.c(223): Reading: /Users/benroye/forge/cmusphinx/voiceVim/model_architecture/voiceVim.untied.mdef
INFO: model_def_io.c(573): Model definition info:
INFO: model_def_io.c(574): 2249 total models defined (39 base, 2210 tri)
INFO: model_def_io.c(575): 8996 total states
INFO: model_def_io.c(576): 6747 total tied states
INFO: model_def_io.c(577): 117 total tied CI states
INFO: model_def_io.c(578): 39 total tied transition matrices
INFO: model_def_io.c(579): 4 max state/model
INFO: model_def_io.c(580): 4 min state/model
INFO: main.c(242): Building trees for [b SIL aa b] through [b v aa b]
INFO: main.c(269): Covering states |[402 554]| == 153
INFO: main.c(275): Reading: /Users/benroye/forge/cmusphinx/voiceVim/model_parameters/voiceVim.cd_cont_untied/mixture_weights
INFO: s3mixw_io.c(173): Read /Users/benroye/forge/cmusphinx/voiceVim/model_parameters/voiceVim.cd_cont_untied/mixture_weights [153x1x1 array]
INFO: main.c(311): 51 of 51 models have observation count greater than 0.000010
INFO: main.c(95): nrm stwt: 0.952 0.048 0.000 
INFO: s3gau_io.c(169): Read /Users/benroye/forge/cmusphinx/voiceVim/model_parameters/voiceVim.cd_cont_untied/means [6747x1x1 array]
INFO: s3gau_io.c(169): Read /Users/benroye/forge/cmusphinx/voiceVim/model_parameters/voiceVim.cd_cont_untied/variances [6747x1x1 array]
INFO: main.c(549): Reading: /Users/benroye/forge/cmusphinx/voiceVim/model_architecture/voiceVim.tree_questions
INFO: main.c(588): 174 total simple questions (166 phone; 8 word bndry)
INFO: main.c(590): 40 Left Only questions, and 42 Right Only questions
INFO: dtree.c(1478): Final simple tree
|( QUESTION2_18_L -1 -1.160e+05 1.189e+03 5.283e+02
|    ( - -4.627e+04 3 0 QUESTION0_8_R 1 1.687e+02 2.176e+02)
|    ( QUESTION18 -1 -6.856e+04 7.168e+02 3.107e+02
|        ( - -1.016e+04 7 0 QUESTION19 -1 1.987e+02 4.780e+01)
|        ( QUESTION2_9_L -1 -5.768e+04 6.667e+02 2.629e+02
|            ( QUESTION0_20_R 1 -1.729e+04 4.670e+02 8.134e+01
|                ( - 2.426e+02 1 0)
|                ( QUESTION11 1 -1.707e+04 4.464e+02 8.034e+01
|                    ( - 2.417e+02 1 0)
|                    ( QUESTION2_14_L -1 -1.687e+04 3.742e+02 7.934e+01
|                        ( - -7.647e+03 8 0 QUESTION0_4_R 1 2.266e+02 3.760e+01)
|                        ( - -8.844e+03 6 0 QUESTION0_11_R 1 4.607e+02 4.174e+01))))
|            ( QUESTION2_2_L -1 -3.972e+04 4.385e+02 1.815e+02
|                ( - -1.616e+04 4 0 QUESTION2_4_L -1 2.122e+02 7.552e+01)
|                ( - -2.312e+04 21 0 QUESTION4 1 2.077e+02 1.060e+02)))))
s>    ( QUESTION2_18_L -1 -1.160e+05 1.189e+03 5.283e+02
s>        ( - -4.627e+04 3 0 QUESTION0_8_R 1 1.687e+02 2.176e+02)
s>        ( QUESTION18 -1 -6.856e+04 7.168e+02 3.107e+02
s>            ( - -1.016e+04 7 0 QUESTION19 -1 1.987e+02 4.780e+01)
s>            ( QUESTION2_9_L -1 -5.768e+04 6.667e+02 2.629e+02
s>                ( QUESTION0_20_R 1 -1.729e+04 4.670e+02 8.134e+01
s>                    ( - 2.426e+02 1 0)
s>                    ( QUESTION11 1 -1.707e+04 4.464e+02 8.034e+01
s>                        ( - 2.417e+02 1 0)
s>                        ( QUESTION2_14_L -1 -1.687e+04 3.742e+02 7.934e+01
s>                            ( - -7.647e+03 8 0 QUESTION0_4_R 1 2.266e+02 3.760e+01)
s>                            ( - -8.844e+03 6 0 QUESTION0_11_R 1 4.607e+02 4.174e+01))))
s>                ( QUESTION2_2_L -1 -3.972e+04 4.385e+02 1.815e+02
s>                    ( - -1.616e+04 4 0 QUESTION2_4_L -1 2.122e+02 7.552e+01)
s>                    ( - -2.312e+04 21 0 QUESTION4 1 2.077e+02 1.060e+02)))))INFO: dtree.c(1315): Comp split 0
INFO: dtree.c(1478): Final simple tree
|( QUESTION18 -1 -6.856e+04 7.168e+02 3.107e+02
|    ( - -1.016e+04 7 0 QUESTION19 -1 1.987e+02 4.780e+01)
|    ( QUESTION2_9_L -1 -5.768e+04 6.667e+02 2.629e+02
|        ( QUESTION0_20_R 1 -1.729e+04 4.670e+02 8.134e+01
|            ( - 2.426e+02 1 0)
|            ( QUESTION11 1 -1.707e+04 4.464e+02 8.034e+01
|                ( - 2.417e+02 1 0)
|                ( QUESTION2_14_L -1 -1.687e+04 3.742e+02 7.934e+01
|                    ( - -7.647e+03 8 0 QUESTION0_4_R 1 2.266e+02 3.760e+01)
|                    ( QUESTION0_11_R 1 -8.844e+03 4.607e+02 4.174e+01
|                        ( - 2.408e+02 1 0)
|                        ( - -8.624e+03 5 0 WDBNDRY_B 0 1.997e+02 4.074e+01)))))
|        ( QUESTION2_2_L -1 -3.972e+04 4.385e+02 1.815e+02
|            ( - -1.616e+04 4 0 QUESTION2_4_L -1 2.122e+02 7.552e+01)
|            ( - -2.312e+04 21 0 QUESTION4 1 2.077e+02 1.060e+02))))
s>    ( QUESTION18 -1 -6.856e+04 7.168e+02 3.107e+02
s>        ( - -1.016e+04 7 0 QUESTION19 -1 1.987e+02 4.780e+01)
s>        ( QUESTION2_9_L -1 -5.768e+04 6.667e+02 2.629e+02
s>            ( QUESTION0_20_R 1 -1.729e+04 4.670e+02 8.134e+01
s>                ( - 2.426e+02 1 0)
s>                ( QUESTION11 1 -1.707e+04 4.464e+02 8.034e+01
s>                    ( - 2.417e+02 1 0)
s>                    ( QUESTION2_14_L -1 -1.687e+04 3.742e+02 7.934e+01
s>                        ( - -7.647e+03 8 0 QUESTION0_4_R 1 2.266e+02 3.760e+01)
s>                        ( QUESTION0_11_R 1 -8.844e+03 4.607e+02 4.174e+01
s>                            ( - 2.408e+02 1 0)
s>                            ( - -8.624e+03 5 0 WDBNDRY_B 0 1.997e+02 4.074e+01)))))
s>            ( QUESTION2_2_L -1 -3.972e+04 4.385e+02 1.815e+02
s>                ( - -1.616e+04 4 0 QUESTION2_4_L -1 2.122e+02 7.552e+01)
s>                ( - -2.312e+04 21 0 QUESTION4 1 2.077e+02 1.060e+02))))INFO: dtree.c(1439): stop. leaf nodes are specific
INFO: dtree.c(1478): Final simple tree
|( QUESTION0_8_R 1 -4.627e+04 1.687e+02 2.176e+02
|    ( - -4.484e+04 2 0)
|    ( - -1.264e+03 1 0))
s>    ( QUESTION0_8_R 1 -4.627e+04 1.687e+02 2.176e+02
s>        ( - -4.484e+04 2 0)
s>        ( - -1.264e+03 1 0))INFO: dtree.c(1315): Comp split 1
INFO: dtree.c(1478): Final simple tree
|( QUESTION2_11_L -1 -4.929e+04 5.303e+02 2.243e+02
|    ( QUESTION0_20_R 1 -8.611e+03 4.684e+02 4.074e+01
|        ( - 2.426e+02 1 0)
|        ( WDBNDRY_B 0 -8.385e+03 4.615e+02 3.974e+01
|            ( - 2.408e+02 1 0)
|            ( - -8.164e+03 4 0 QUESTION0_1_R 1 1.561e+02 3.874e+01)))
|    ( QUESTION2_3_L -1 -4.015e+04 4.447e+02 1.835e+02
|        ( QUESTION2_4_L -1 -1.616e+04 2.122e+02 7.552e+01
|            ( WDBNDRY_B 0 -4.948e+03 4.720e+02 2.372e+01
|                ( - 2.408e+02 1 0)
|                ( - -4.716e+03 1 0))
|            ( - -1.100e+04 2 0 WDBNDRY_B 0 1.938e+02 5.180e+01))
|        ( QUESTION4 1 -2.354e+04 2.045e+02 1.080e+02
|            ( - -2.034e+04 18 0 QUESTION2_19_L -1 1.971e+02 9.400e+01)
|            ( - -2.995e+03 4 0 SILENCE -1 8.094e+01 1.400e+01))))
s>    ( QUESTION2_11_L -1 -4.929e+04 5.303e+02 2.243e+02
s>        ( QUESTION0_20_R 1 -8.611e+03 4.684e+02 4.074e+01
s>            ( - 2.426e+02 1 0)
s>            ( WDBNDRY_B 0 -8.385e+03 4.615e+02 3.974e+01
s>                ( - 2.408e+02 1 0)
s>                ( - -8.164e+03 4 0 QUESTION0_1_R 1 1.561e+02 3.874e+01)))
s>        ( QUESTION2_3_L -1 -4.015e+04 4.447e+02 1.835e+02
s>            ( QUESTION2_4_L -1 -1.616e+04 2.122e+02 7.552e+01
s>                ( WDBNDRY_B 0 -4.948e+03 4.720e+02 2.372e+01
s>                    ( - 2.408e+02 1 0)
s>                    ( - -4.716e+03 1 0))
s>                ( - -1.100e+04 2 0 WDBNDRY_B 0 1.938e+02 5.180e+01))
s>            ( QUESTION4 1 -2.354e+04 2.045e+02 1.080e+02
s>                ( - -2.034e+04 18 0 QUESTION2_19_L -1 1.971e+02 9.400e+01)
s>                ( - -2.995e+03 4 0 SILENCE -1 8.094e+01 1.400e+01))))INFO: dtree.c(1478): Final simple tree
|( QUESTION4 -1 -1.847e+04 4.628e+02 8.640e+01
|    ( QUESTION11 1 -7.847e+03 4.422e+02 3.860e+01
|        ( - 2.417e+02 1 0)
|        ( QUESTION0_4_R 1 -7.647e+03 2.266e+02 3.760e+01
|            ( - -2.692e+03 1 0)
|            ( QUESTION0_11_R 1 -4.729e+03 1.957e+02 2.298e+01
|                ( - -2.175e+02 1 0)
|                ( - -4.316e+03 6 0 QUESTION0_1_R 1 1.964e+02 2.098e+01))))
|    ( QUESTION19 -1 -1.016e+04 1.987e+02 4.780e+01
|        ( QUESTION0_8_R 1 -7.119e+03 2.378e+02 3.380e+01
|            ( - -6.659e+03 3 0 QUESTION4 1 1.286e+02 3.180e+01)
|            ( - -2.222e+02 1 0))
|        ( QUESTION4 1 -2.845e+03 4.545e+02 1.400e+01
|            ( - -2.632e+03 2 0 QUESTION0_8_R 1 1.249e+02 1.300e+01)
|            ( - 2.411e+02 1 0))))
s>    ( QUESTION4 -1 -1.847e+04 4.628e+02 8.640e+01
s>        ( QUESTION11 1 -7.847e+03 4.422e+02 3.860e+01
s>            ( - 2.417e+02 1 0)
s>            ( QUESTION0_4_R 1 -7.647e+03 2.266e+02 3.760e+01
s>                ( - -2.692e+03 1 0)
s>                ( QUESTION0_11_R 1 -4.729e+03 1.957e+02 2.298e+01
s>                    ( - -2.175e+02 1 0)
s>                    ( - -4.316e+03 6 0 QUESTION0_1_R 1 1.964e+02 2.098e+01))))
s>        ( QUESTION19 -1 -1.016e+04 1.987e+02 4.780e+01
s>            ( QUESTION0_8_R 1 -7.119e+03 2.378e+02 3.380e+01
s>                ( - -6.659e+03 3 0 QUESTION4 1 1.286e+02 3.180e+01)
s>                ( - -2.222e+02 1 0))
s>            ( QUESTION4 1 -2.845e+03 4.545e+02 1.400e+01
s>                ( - -2.632e+03 2 0 QUESTION0_8_R 1 1.249e+02 1.300e+01)
s>                ( - 2.411e+02 1 0))))INFO: dtree.c(1315): Comp split 2
INFO: dtree.c(1478): Final simple tree
|( QUESTION2_3_L -1 -4.015e+04 4.447e+02 1.835e+02
|    ( QUESTION2_4_L -1 -1.616e+04 2.122e+02 7.552e+01
|        ( WDBNDRY_B 0 -4.948e+03 4.720e+02 2.372e+01
|            ( - 2.408e+02 1 0)
|            ( - -4.716e+03 1 0))
|        ( WDBNDRY_B 0 -1.100e+04 1.938e+02 5.180e+01
|            ( - -2.232e+02 1 0)
|            ( - -1.058e+04 1 0)))
|    ( QUESTION4 1 -2.354e+04 2.045e+02 1.080e+02
|        ( QUESTION2_19_L -1 -2.034e+04 1.971e+02 9.400e+01
|            ( - -6.429e+03 7 0 QUESTION6 -1 1.701e+02 3.100e+01)
|            ( QUESTION6 -1 -1.372e+04 1.747e+02 6.300e+01
|                ( - -3.112e+02 1 0)
|                ( - -1.323e+04 10 0 QUESTION3 -1 1.665e+02 6.100e+01)))
|        ( - -2.995e+03 4 0 SILENCE -1 8.094e+01 1.400e+01)))
s>    ( QUESTION2_3_L -1 -4.015e+04 4.447e+02 1.835e+02
s>        ( QUESTION2_4_L -1 -1.616e+04 2.122e+02 7.552e+01
s>            ( WDBNDRY_B 0 -4.948e+03 4.720e+02 2.372e+01
s>                ( - 2.408e+02 1 0)
s>                ( - -4.716e+03 1 0))
s>            ( WDBNDRY_B 0 -1.100e+04 1.938e+02 5.180e+01
s>                ( - -2.232e+02 1 0)
s>                ( - -1.058e+04 1 0)))
s>        ( QUESTION4 1 -2.354e+04 2.045e+02 1.080e+02
s>            ( QUESTION2_19_L -1 -2.034e+04 1.971e+02 9.400e+01
s>                ( - -6.429e+03 7 0 QUESTION6 -1 1.701e+02 3.100e+01)
s>                ( QUESTION6 -1 -1.372e+04 1.747e+02 6.300e+01
s>                    ( - -3.112e+02 1 0)
s>                    ( - -1.323e+04 10 0 QUESTION3 -1 1.665e+02 6.100e+01)))
s>            ( - -2.995e+03 4 0 SILENCE -1 8.094e+01 1.400e+01)))INFO: dtree.c(1439): stop. leaf nodes are specific
INFO: dtree.c(1478): Final simple tree
|( QUESTION0_20_R 1 -8.611e+03 4.684e+02 4.074e+01
|    ( - 2.426e+02 1 0)
|    ( WDBNDRY_B 0 -8.385e+03 4.615e+02 3.974e+01
|        ( - 2.408e+02 1 0)
|        ( QUESTION0_1_R 1 -8.164e+03 1.561e+02 3.874e+01
|            ( - -6.806e+02 1 0)
|            ( SILENCE 1 -7.328e+03 1.196e+02 3.474e+01
|                ( - -3.445e+03 1 0)
|                ( QUESTION0_8_R 1 -3.763e+03 9.584e+01 1.800e+01
|                    ( - -1.371e+03 1 0)
|                    ( - -2.296e+03 1 0))))))
s>    ( QUESTION0_20_R 1 -8.611e+03 4.684e+02 4.074e+01
s>        ( - 2.426e+02 1 0)
s>        ( WDBNDRY_B 0 -8.385e+03 4.615e+02 3.974e+01
s>            ( - 2.408e+02 1 0)
s>            ( QUESTION0_1_R 1 -8.164e+03 1.561e+02 3.874e+01
s>                ( - -6.806e+02 1 0)
s>                ( SILENCE 1 -7.328e+03 1.196e+02 3.474e+01
s>                    ( - -3.445e+03 1 0)
s>                    ( QUESTION0_8_R 1 -3.763e+03 9.584e+01 1.800e+01
s>                        ( - -1.371e+03 1 0)
s>                        ( - -2.296e+03 1 0))))))INFO: dtree.c(1315): Comp split 3
INFO: dtree.c(1478): Final simple tree
|( QUESTION2_3_L -1 -3.991e+04 4.419e+02 1.825e+02
|    ( QUESTION4 -1 -1.593e+04 2.115e+02 7.452e+01
|        ( WDBNDRY_B 0 -1.100e+04 1.938e+02 5.180e+01
|            ( - -2.232e+02 1 0)
|            ( - -1.058e+04 1 0))
|        ( - -4.716e+03 1 0))
|    ( QUESTION4 1 -2.354e+04 2.045e+02 1.080e+02
|        ( QUESTION2_19_L -1 -2.034e+04 1.971e+02 9.400e+01
|            ( QUESTION6 -1 -6.429e+03 1.701e+02 3.100e+01
|                ( - -2.465e+02 1 0)
|                ( - -6.012e+03 6 0 QUESTION4 -1 1.459e+02 2.900e+01))
|            ( QUESTION6 -1 -1.372e+04 1.747e+02 6.300e+01
|                ( - -3.112e+02 1 0)
|                ( - -1.323e+04 10 0 QUESTION3 -1 1.665e+02 6.100e+01)))
|        ( - -2.995e+03 4 0 SILENCE -1 8.094e+01 1.400e+01)))
s>    ( QUESTION2_3_L -1 -3.991e+04 4.419e+02 1.825e+02
s>        ( QUESTION4 -1 -1.593e+04 2.115e+02 7.452e+01
s>            ( WDBNDRY_B 0 -1.100e+04 1.938e+02 5.180e+01
s>                ( - -2.232e+02 1 0)
s>                ( - -1.058e+04 1 0))
s>            ( - -4.716e+03 1 0))
s>        ( QUESTION4 1 -2.354e+04 2.045e+02 1.080e+02
s>            ( QUESTION2_19_L -1 -2.034e+04 1.971e+02 9.400e+01
s>                ( QUESTION6 -1 -6.429e+03 1.701e+02 3.100e+01
s>                    ( - -2.465e+02 1 0)
s>                    ( - -6.012e+03 6 0 QUESTION4 -1 1.459e+02 2.900e+01))
s>                ( QUESTION6 -1 -1.372e+04 1.747e+02 6.300e+01
s>                    ( - -3.112e+02 1 0)
s>                    ( - -1.323e+04 10 0 QUESTION3 -1 1.665e+02 6.100e+01)))
s>            ( - -2.995e+03 4 0 SILENCE -1 8.094e+01 1.400e+01)))INFO: dtree.c(1315): Comp split 4
INFO: dtree.c(1439): stop. leaf nodes are specific
INFO: dtree.c(1478): Final simple tree
|( WDBNDRY_B 0 -8.385e+03 4.615e+02 3.974e+01
|    ( - 2.408e+02 1 0)
|    ( QUESTION0_1_R 1 -8.164e+03 1.561e+02 3.874e+01
|        ( - -6.806e+02 1 0)
|        ( SILENCE 1 -7.328e+03 1.196e+02 3.474e+01
|            ( - -3.445e+03 1 0)
|            ( QUESTION0_8_R 1 -3.763e+03 9.584e+01 1.800e+01
|                ( - -1.371e+03 1 0)
|                ( - -2.296e+03 1 0)))))
s>    ( WDBNDRY_B 0 -8.385e+03 4.615e+02 3.974e+01
s>        ( - 2.408e+02 1 0)
s>        ( QUESTION0_1_R 1 -8.164e+03 1.561e+02 3.874e+01
s>            ( - -6.806e+02 1 0)
s>            ( SILENCE 1 -7.328e+03 1.196e+02 3.474e+01
s>                ( - -3.445e+03 1 0)
s>                ( QUESTION0_8_R 1 -3.763e+03 9.584e+01 1.800e+01
s>                    ( - -1.371e+03 1 0)
s>                    ( - -2.296e+03 1 0)))))INFO: dtree.c(1315): Comp split 5
INFO: dtree.c(1439): stop. leaf nodes are specific
INFO: dtree.c(1478): Final simple tree
|( QUESTION19 -1 -1.016e+04 1.987e+02 4.780e+01
|    ( QUESTION0_8_R 1 -7.119e+03 2.378e+02 3.380e+01
|        ( QUESTION4 1 -6.659e+03 1.286e+02 3.180e+01
|            ( - -4.688e+03 2 0)
|            ( - -1.842e+03 1 0))
|        ( - -2.222e+02 1 0))
|    ( QUESTION4 1 -2.845e+03 4.545e+02 1.400e+01
|        ( QUESTION0_8_R 1 -2.632e+03 1.249e+02 1.300e+01
|            ( - -1.709e+03 1 0)
|            ( - -7.974e+02 1 0))
|        ( - 2.411e+02 1 0)))
s>    ( QUESTION19 -1 -1.016e+04 1.987e+02 4.780e+01
s>        ( QUESTION0_8_R 1 -7.119e+03 2.378e+02 3.380e+01
s>            ( QUESTION4 1 -6.659e+03 1.286e+02 3.180e+01
s>                ( - -4.688e+03 2 0)
s>                ( - -1.842e+03 1 0))
s>            ( - -2.222e+02 1 0))
s>        ( QUESTION4 1 -2.845e+03 4.545e+02 1.400e+01
s>            ( QUESTION0_8_R 1 -2.632e+03 1.249e+02 1.300e+01
s>                ( - -1.709e+03 1 0)
s>                ( - -7.974e+02 1 0))
s>            ( - 2.411e+02 1 0)))INFO: dtree.c(1478): Final simple tree
|( QUESTION11 1 -7.847e+03 4.422e+02 3.860e+01
|    ( - 2.417e+02 1 0)
|    ( QUESTION0_4_R 1 -7.647e+03 2.266e+02 3.760e+01
|        ( - -2.692e+03 1 0)
|        ( QUESTION0_11_R 1 -4.729e+03 1.957e+02 2.298e+01
|            ( - -2.175e+02 1 0)
|            ( QUESTION0_1_R 1 -4.316e+03 1.964e+02 2.098e+01
|                ( - -2.132e+02 1 0)
|                ( QUESTION0_9_R 1 -3.906e+03 1.744e+02 1.898e+01
|                    ( - -2.596e+02 1 0)
|                    ( WDBNDRY_B 0 -3.472e+03 1.553e+02 1.698e+01
|                        ( - -1.470e+03 1 0)
|                        ( SILENCE 1 -1.847e+03 1.445e+02 9.000e+00
|                            ( - -1.117e+03 1 0)
|                            ( - -5.848e+02 2 0))))))))
s>    ( QUESTION11 1 -7.847e+03 4.422e+02 3.860e+01
s>        ( - 2.417e+02 1 0)
s>        ( QUESTION0_4_R 1 -7.647e+03 2.266e+02 3.760e+01
s>            ( - -2.692e+03 1 0)
s>            ( QUESTION0_11_R 1 -4.729e+03 1.957e+02 2.298e+01
s>                ( - -2.175e+02 1 0)
s>                ( QUESTION0_1_R 1 -4.316e+03 1.964e+02 2.098e+01
s>                    ( - -2.132e+02 1 0)
s>                    ( QUESTION0_9_R 1 -3.906e+03 1.744e+02 1.898e+01
s>                        ( - -2.596e+02 1 0)
s>                        ( WDBNDRY_B 0 -3.472e+03 1.553e+02 1.698e+01
s>                            ( - -1.470e+03 1 0)
s>                            ( SILENCE 1 -1.847e+03 1.445e+02 9.000e+00
s>                                ( - -1.117e+03 1 0)
s>                                ( - -5.848e+02 2 0))))))))INFO: dtree.c(1315): Comp split 6
INFO: dtree.c(1439): stop. leaf nodes are specific
INFO: dtree.c(1478): Final simple tree
|( QUESTION0_1_R 1 -8.164e+03 1.561e+02 3.874e+01
|    ( - -6.806e+02 1 0)
|    ( SILENCE 1 -7.328e+03 1.196e+02 3.474e+01
|        ( - -3.445e+03 1 0)
|        ( QUESTION0_8_R 1 -3.763e+03 9.584e+01 1.800e+01
|            ( - -1.371e+03 1 0)
|            ( - -2.296e+03 1 0))))
s>    ( QUESTION0_1_R 1 -8.164e+03 1.561e+02 3.874e+01
s>        ( - -6.806e+02 1 0)
s>        ( SILENCE 1 -7.328e+03 1.196e+02 3.474e+01
s>            ( - -3.445e+03 1 0)
s>            ( QUESTION0_8_R 1 -3.763e+03 9.584e+01 1.800e+01
s>                ( - -1.371e+03 1 0)
s>                ( - -2.296e+03 1 0))))INFO: dtree.c(1315): Comp split 7
INFO: dtree.c(1439): stop. leaf nodes are specific
INFO: dtree.c(1478): Final simple tree
|( QUESTION19 -1 -9.950e+03 1.991e+02 4.680e+01
|    ( QUESTION0_8_R 1 -7.119e+03 2.378e+02 3.380e+01
|        ( QUESTION4 1 -6.659e+03 1.286e+02 3.180e+01
|            ( - -4.688e+03 2 0)
|            ( - -1.842e+03 1 0))
|        ( - -2.222e+02 1 0))
|    ( QUESTION0_8_R 1 -2.632e+03 1.249e+02 1.300e+01
|        ( - -1.709e+03 1 0)
|        ( - -7.974e+02 1 0)))
s>    ( QUESTION19 -1 -9.950e+03 1.991e+02 4.680e+01
s>        ( QUESTION0_8_R 1 -7.119e+03 2.378e+02 3.380e+01
s>            ( QUESTION4 1 -6.659e+03 1.286e+02 3.180e+01
s>                ( - -4.688e+03 2 0)
s>                ( - -1.842e+03 1 0))
s>            ( - -2.222e+02 1 0))
s>        ( QUESTION0_8_R 1 -2.632e+03 1.249e+02 1.300e+01
s>            ( - -1.709e+03 1 0)
s>            ( - -7.974e+02 1 0)))INFO: dtree.c(1315): Comp split 8
INFO: dtree.c(1439): stop. leaf nodes are specific
INFO: dtree.c(1478): Final simple tree
|( QUESTION0_4_R 1 -7.647e+03 2.266e+02 3.760e+01
|    ( - -2.692e+03 1 0)
|    ( QUESTION0_11_R 1 -4.729e+03 1.957e+02 2.298e+01
|        ( - -2.175e+02 1 0)
|        ( QUESTION0_1_R 1 -4.316e+03 1.964e+02 2.098e+01
|            ( - -2.132e+02 1 0)
|            ( QUESTION0_9_R 1 -3.906e+03 1.744e+02 1.898e+01
|                ( - -2.596e+02 1 0)
|                ( WDBNDRY_B 0 -3.472e+03 1.553e+02 1.698e+01
|                    ( - -1.470e+03 1 0)
|                    ( SILENCE 1 -1.847e+03 1.445e+02 9.000e+00
|                        ( - -1.117e+03 1 0)
|                        ( - -5.848e+02 2 0)))))))
s>    ( QUESTION0_4_R 1 -7.647e+03 2.266e+02 3.760e+01
s>        ( - -2.692e+03 1 0)
s>        ( QUESTION0_11_R 1 -4.729e+03 1.957e+02 2.298e+01
s>            ( - -2.175e+02 1 0)
s>            ( QUESTION0_1_R 1 -4.316e+03 1.964e+02 2.098e+01
s>                ( - -2.132e+02 1 0)
s>                ( QUESTION0_9_R 1 -3.906e+03 1.744e+02 1.898e+01
s>                    ( - -2.596e+02 1 0)
s>                    ( WDBNDRY_B 0 -3.472e+03 1.553e+02 1.698e+01
s>                        ( - -1.470e+03 1 0)
s>                        ( SILENCE 1 -1.847e+03 1.445e+02 9.000e+00
s>                            ( - -1.117e+03 1 0)
s>                            ( - -5.848e+02 2 0)))))))INFO: dtree.c(1315): Comp split 9
INFO: dtree.c(1478): Final simple tree
|( QUESTION4 1 -2.354e+04 2.045e+02 1.080e+02
|    ( QUESTION2_19_L -1 -2.034e+04 1.971e+02 9.400e+01
|        ( QUESTION6 -1 -6.429e+03 1.701e+02 3.100e+01
|            ( - -2.465e+02 1 0)
|            ( - -6.012e+03 6 0 QUESTION4 -1 1.459e+02 2.900e+01))
|        ( QUESTION6 -1 -1.372e+04 1.747e+02 6.300e+01
|            ( - -3.112e+02 1 0)
|            ( QUESTION3 -1 -1.323e+04 1.665e+02 6.100e+01
|                ( - -2.603e+02 1 0)
|                ( QUESTION2 -1 -1.280e+04 1.636e+02 5.900e+01
|                    ( - -3.748e+03 4 0 QUESTION0_8_R 1 1.095e+02 1.700e+01)
|                    ( SILENCE -1 -8.891e+03 1.532e+02 4.200e+01
|                        ( - -5.013e+03 3 0 QUESTION0_8_R 1 1.062e+02 2.400e+01)
|                        ( - -3.725e+03 2 0 QUESTION0_8_R 1 1.223e+02 1.800e+01))))))
|    ( - -2.995e+03 4 0 SILENCE -1 8.094e+01 1.400e+01))
s>    ( QUESTION4 1 -2.354e+04 2.045e+02 1.080e+02
s>        ( QUESTION2_19_L -1 -2.034e+04 1.971e+02 9.400e+01
s>            ( QUESTION6 -1 -6.429e+03 1.701e+02 3.100e+01
s>                ( - -2.465e+02 1 0)
s>                ( - -6.012e+03 6 0 QUESTION4 -1 1.459e+02 2.900e+01))
s>            ( QUESTION6 -1 -1.372e+04 1.747e+02 6.300e+01
s>                ( - -3.112e+02 1 0)
s>                ( QUESTION3 -1 -1.323e+04 1.665e+02 6.100e+01
s>                    ( - -2.603e+02 1 0)
s>                    ( QUESTION2 -1 -1.280e+04 1.636e+02 5.900e+01
s>                        ( - -3.748e+03 4 0 QUESTION0_8_R 1 1.095e+02 1.700e+01)
s>                        ( SILENCE -1 -8.891e+03 1.532e+02 4.200e+01
s>                            ( - -5.013e+03 3 0 QUESTION0_8_R 1 1.062e+02 2.400e+01)
s>                            ( - -3.725e+03 2 0 QUESTION0_8_R 1 1.223e+02 1.800e+01))))))
s>        ( - -2.995e+03 4 0 SILENCE -1 8.094e+01 1.400e+01))INFO: dtree.c(1439): stop. leaf nodes are specific
INFO: dtree.c(1478): Final simple tree
|( QUESTION4 -1 -1.593e+04 2.115e+02 7.452e+01
|    ( WDBNDRY_B 0 -1.100e+04 1.938e+02 5.180e+01
|        ( - -2.232e+02 1 0)
|        ( - -1.058e+04 1 0))
|    ( - -4.716e+03 1 0))
s>    ( QUESTION4 -1 -1.593e+04 2.115e+02 7.452e+01
s>        ( WDBNDRY_B 0 -1.100e+04 1.938e+02 5.180e+01
s>            ( - -2.232e+02 1 0)
s>            ( - -1.058e+04 1 0))
s>        ( - -4.716e+03 1 0))INFO: dtree.c(1315): Comp split 10
INFO: dtree.c(1439): stop. leaf nodes are specific
INFO: dtree.c(1478): Final simple tree
|( QUESTION3 -1 -9.377e+03 1.745e+02 4.400e+01
|    ( - -3.112e+02 1 0)
|    ( SILENCE -1 -8.891e+03 1.532e+02 4.200e+01
|        ( QUESTION0_8_R 1 -5.013e+03 1.062e+02 2.400e+01
|            ( - -3.403e+03 2 0)
|            ( - -1.503e+03 1 0))
|        ( QUESTION0_8_R 1 -3.725e+03 1.223e+02 1.800e+01
|            ( - -9.732e+02 1 0)
|            ( - -2.630e+03 1 0))))
s>    ( QUESTION3 -1 -9.377e+03 1.745e+02 4.400e+01
s>        ( - -3.112e+02 1 0)
s>        ( SILENCE -1 -8.891e+03 1.532e+02 4.200e+01
s>            ( QUESTION0_8_R 1 -5.013e+03 1.062e+02 2.400e+01
s>                ( - -3.403e+03 2 0)
s>                ( - -1.503e+03 1 0))
s>            ( QUESTION0_8_R 1 -3.725e+03 1.223e+02 1.800e+01
s>                ( - -9.732e+02 1 0)
s>                ( - -2.630e+03 1 0))))INFO: dtree.c(1478): Final simple tree
|( QUESTION0_8_R 1 -1.390e+04 2.038e+02 6.400e+01
|    ( QUESTION4 -1 -6.998e+03 1.945e+02 3.200e+01
|        ( - -2.474e+02 1 0)
|        ( QUESTION6 -1 -6.556e+03 1.763e+02 3.000e+01
|            ( - -2.465e+02 1 0)
|            ( QUESTION11 -1 -6.134e+03 1.614e+02 2.800e+01
|                ( - -2.603e+02 1 0)
|                ( QUESTION3 -1 -5.712e+03 1.478e+02 2.600e+01
|                    ( - -2.965e+02 1 0)
|                    ( QUESTION4 1 -5.268e+03 1.001e+02 2.400e+01
|                        ( - -2.173e+03 2 0)
|                        ( - -2.995e+03 4 0 SILENCE -1 8.094e+01 1.400e+01))))))
|    ( QUESTION0 -1 -6.700e+03 1.186e+02 3.200e+01
|        ( - -1.466e+03 2 0)
|        ( - -5.116e+03 4 0)))
s>    ( QUESTION0_8_R 1 -1.390e+04 2.038e+02 6.400e+01
s>        ( QUESTION4 -1 -6.998e+03 1.945e+02 3.200e+01
s>            ( - -2.474e+02 1 0)
s>            ( QUESTION6 -1 -6.556e+03 1.763e+02 3.000e+01
s>                ( - -2.465e+02 1 0)
s>                ( QUESTION11 -1 -6.134e+03 1.614e+02 2.800e+01
s>                    ( - -2.603e+02 1 0)
s>                    ( QUESTION3 -1 -5.712e+03 1.478e+02 2.600e+01
s>                        ( - -2.965e+02 1 0)
s>                        ( QUESTION4 1 -5.268e+03 1.001e+02 2.400e+01
s>                            ( - -2.173e+03 2 0)
s>                            ( - -2.995e+03 4 0 SILENCE -1 8.094e+01 1.400e+01))))))
s>        ( QUESTION0 -1 -6.700e+03 1.186e+02 3.200e+01
s>            ( - -1.466e+03 2 0)
s>            ( - -5.116e+03 4 0)))INFO: dtree.c(1315): Comp split 11
INFO: dtree.c(1439): stop. leaf nodes are specific
INFO: dtree.c(1478): Final simple tree
|( QUESTION19 -1 -9.500e+03 2.096e+02 4.480e+01
|    ( QUESTION4 1 -6.659e+03 1.286e+02 3.180e+01
|        ( - -4.688e+03 2 0)
|        ( - -1.842e+03 1 0))
|    ( QUESTION0_8_R 1 -2.632e+03 1.249e+02 1.300e+01
|        ( - -1.709e+03 1 0)
|        ( - -7.974e+02 1 0)))
s>    ( QUESTION19 -1 -9.500e+03 2.096e+02 4.480e+01
s>        ( QUESTION4 1 -6.659e+03 1.286e+02 3.180e+01
s>            ( - -4.688e+03 2 0)
s>            ( - -1.842e+03 1 0))
s>        ( QUESTION0_8_R 1 -2.632e+03 1.249e+02 1.300e+01
s>            ( - -1.709e+03 1 0)
s>            ( - -7.974e+02 1 0)))INFO: dtree.c(1315): Comp split 12
INFO: dtree.c(1439): stop. leaf nodes are specific
INFO: dtree.c(1478): Final simple tree
|( QUESTION0_11_R 1 -4.729e+03 1.957e+02 2.298e+01
|    ( - -2.175e+02 1 0)
|    ( QUESTION0_1_R 1 -4.316e+03 1.964e+02 2.098e+01
|        ( - -2.132e+02 1 0)
|        ( QUESTION0_9_R 1 -3.906e+03 1.744e+02 1.898e+01
|            ( - -2.596e+02 1 0)
|            ( WDBNDRY_B 0 -3.472e+03 1.553e+02 1.698e+01
|                ( - -1.470e+03 1 0)
|                ( SILENCE 1 -1.847e+03 1.445e+02 9.000e+00
|                    ( - -1.117e+03 1 0)
|                    ( - -5.848e+02 2 0))))))
s>    ( QUESTION0_11_R 1 -4.729e+03 1.957e+02 2.298e+01
s>        ( - -2.175e+02 1 0)
s>        ( QUESTION0_1_R 1 -4.316e+03 1.964e+02 2.098e+01
s>            ( - -2.132e+02 1 0)
s>            ( QUESTION0_9_R 1 -3.906e+03 1.744e+02 1.898e+01
s>                ( - -2.596e+02 1 0)
s>                ( WDBNDRY_B 0 -3.472e+03 1.553e+02 1.698e+01
s>                    ( - -1.470e+03 1 0)
s>                    ( SILENCE 1 -1.847e+03 1.445e+02 9.000e+00
s>                        ( - -1.117e+03 1 0)
s>                        ( - -5.848e+02 2 0))))))INFO: dtree.c(1315): Comp split 13
INFO: dtree.c(1439): stop. leaf nodes are specific
INFO: dtree.c(1478): Final simple tree
|( WDBNDRY_B 0 -5.121e+03 1.815e+02 2.472e+01
|    ( - -2.232e+02 1 0)
|    ( - -4.716e+03 1 0))
s>    ( WDBNDRY_B 0 -5.121e+03 1.815e+02 2.472e+01
s>        ( - -2.232e+02 1 0)
s>        ( - -4.716e+03 1 0))INFO: dtree.c(1315): Comp split 14
INFO: dtree.c(1439): stop. leaf nodes are specific
INFO: dtree.c(1478): Final simple tree
|( QUESTION0_8_R 1 -2.632e+03 1.249e+02 1.300e+01
|    ( - -1.709e+03 1 0)
|    ( - -7.974e+02 1 0))
s>    ( QUESTION0_8_R 1 -2.632e+03 1.249e+02 1.300e+01
s>        ( - -1.709e+03 1 0)
s>        ( - -7.974e+02 1 0))INFO: dtree.c(1439): stop. leaf nodes are specific
INFO: dtree.c(1478): Final simple tree
|( QUESTION4 1 -6.659e+03 1.286e+02 3.180e+01
|    ( - -4.688e+03 2 0)
|    ( - -1.842e+03 1 0))
s>    ( QUESTION4 1 -6.659e+03 1.286e+02 3.180e+01
s>        ( - -4.688e+03 2 0)
s>        ( - -1.842e+03 1 0))INFO: dtree.c(1315): Comp split 15
INFO: dtree.c(1439): stop. leaf nodes are specific
INFO: dtree.c(1478): Final simple tree
|( QUESTION3 -1 -5.712e+03 1.478e+02 2.600e+01
|    ( - -2.965e+02 1 0)
|    ( QUESTION4 1 -5.268e+03 1.001e+02 2.400e+01
|        ( - -2.173e+03 2 0)
|        ( SILENCE -1 -2.995e+03 8.094e+01 1.400e+01
|            ( - -1.246e+03 1 0)
|            ( - -1.668e+03 3 0))))
s>    ( QUESTION3 -1 -5.712e+03 1.478e+02 2.600e+01
s>        ( - -2.965e+02 1 0)
s>        ( QUESTION4 1 -5.268e+03 1.001e+02 2.400e+01
s>            ( - -2.173e+03 2 0)
s>            ( SILENCE -1 -2.995e+03 8.094e+01 1.400e+01
s>                ( - -1.246e+03 1 0)
s>                ( - -1.668e+03 3 0))))INFO: dtree.c(1439): stop. leaf nodes are specific
INFO: dtree.c(1478): Final simple tree
|( QUESTION6 -1 -7.984e+03 1.704e+02 3.800e+01
|    ( - -2.465e+02 1 0)
|    ( QUESTION5 -1 -7.567e+03 1.605e+02 3.600e+01
|        ( - -2.603e+02 1 0)
|        ( QUESTION0_8_R 1 -7.146e+03 1.985e+02 3.400e+01
|            ( - -2.474e+02 1 0)
|            ( QUESTION0 -1 -6.700e+03 1.186e+02 3.200e+01
|                ( - -1.466e+03 2 0)
|                ( - -5.116e+03 4 0)))))
s>    ( QUESTION6 -1 -7.984e+03 1.704e+02 3.800e+01
s>        ( - -2.465e+02 1 0)
s>        ( QUESTION5 -1 -7.567e+03 1.605e+02 3.600e+01
s>            ( - -2.603e+02 1 0)
s>            ( QUESTION0_8_R 1 -7.146e+03 1.985e+02 3.400e+01
s>                ( - -2.474e+02 1 0)
s>                ( QUESTION0 -1 -6.700e+03 1.186e+02 3.200e+01
s>                    ( - -1.466e+03 2 0)
s>                    ( - -5.116e+03 4 0)))))INFO: dtree.c(1315): Comp split 16
INFO: dtree.c(1439): stop. leaf nodes are specific
INFO: dtree.c(1478): Final simple tree
|( QUESTION0_1_R 1 -4.316e+03 1.964e+02 2.098e+01
|    ( - -2.132e+02 1 0)
|    ( QUESTION0_9_R 1 -3.906e+03 1.744e+02 1.898e+01
|        ( - -2.596e+02 1 0)
|        ( WDBNDRY_B 0 -3.472e+03 1.553e+02 1.698e+01
|            ( - -1.470e+03 1 0)
|            ( SILENCE 1 -1.847e+03 1.445e+02 9.000e+00
|                ( - -1.117e+03 1 0)
|                ( - -5.848e+02 2 0)))))
s>    ( QUESTION0_1_R 1 -4.316e+03 1.964e+02 2.098e+01
s>        ( - -2.132e+02 1 0)
s>        ( QUESTION0_9_R 1 -3.906e+03 1.744e+02 1.898e+01
s>            ( - -2.596e+02 1 0)
s>            ( WDBNDRY_B 0 -3.472e+03 1.553e+02 1.698e+01
s>                ( - -1.470e+03 1 0)
s>                ( SILENCE 1 -1.847e+03 1.445e+02 9.000e+00
s>                    ( - -1.117e+03 1 0)
s>                    ( - -5.848e+02 2 0)))))INFO: dtree.c(1315): Comp split 17
INFO: dtree.c(1439): stop. leaf nodes are specific
INFO: dtree.c(1478): Final simple tree
|( QUESTION0_9_R 1 -3.906e+03 1.744e+02 1.898e+01
|    ( - -2.596e+02 1 0)
|    ( WDBNDRY_B 0 -3.472e+03 1.553e+02 1.698e+01
|        ( - -1.470e+03 1 0)
|        ( SILENCE 1 -1.847e+03 1.445e+02 9.000e+00
|            ( - -1.117e+03 1 0)
|            ( - -5.848e+02 2 0))))
s>    ( QUESTION0_9_R 1 -3.906e+03 1.744e+02 1.898e+01
s>        ( - -2.596e+02 1 0)
s>        ( WDBNDRY_B 0 -3.472e+03 1.553e+02 1.698e+01
s>            ( - -1.470e+03 1 0)
s>            ( SILENCE 1 -1.847e+03 1.445e+02 9.000e+00
s>                ( - -1.117e+03 1 0)
s>                ( - -5.848e+02 2 0))))INFO: dtree.c(1315): Comp split 18
INFO: dtree.c(1439): stop. leaf nodes are specific
INFO: dtree.c(1478): Final simple tree
|( QUESTION6 -1 -7.541e+03 1.737e+02 3.600e+01
|    ( - -2.465e+02 1 0)
|    ( QUESTION0_8_R 1 -7.121e+03 1.602e+02 3.400e+01
|        ( - -2.603e+02 1 0)
|        ( QUESTION0 -1 -6.700e+03 1.186e+02 3.200e+01
|            ( - -1.466e+03 2 0)
|            ( - -5.116e+03 4 0))))
s>    ( QUESTION6 -1 -7.541e+03 1.737e+02 3.600e+01
s>        ( - -2.465e+02 1 0)
s>        ( QUESTION0_8_R 1 -7.121e+03 1.602e+02 3.400e+01
s>            ( - -2.603e+02 1 0)
s>            ( QUESTION0 -1 -6.700e+03 1.186e+02 3.200e+01
s>                ( - -1.466e+03 2 0)
s>                ( - -5.116e+03 4 0))))INFO: dtree.c(1315): Comp split 19
INFO: dtree.c(1315): Comp split 20
INFO: dtree.c(1439): stop. leaf nodes are specific
INFO: dtree.c(1478): Final simple tree
|( SILENCE -1 -8.891e+03 1.532e+02 4.200e+01
|    ( QUESTION0_8_R 1 -5.013e+03 1.062e+02 2.400e+01
|        ( - -3.403e+03 2 0)
|        ( - -1.503e+03 1 0))
|    ( QUESTION0_8_R 1 -3.725e+03 1.223e+02 1.800e+01
|        ( - -9.732e+02 1 0)
|        ( - -2.630e+03 1 0)))
s>    ( SILENCE -1 -8.891e+03 1.532e+02 4.200e+01
s>        ( QUESTION0_8_R 1 -5.013e+03 1.062e+02 2.400e+01
s>            ( - -3.403e+03 2 0)
s>            ( - -1.503e+03 1 0))
s>        ( QUESTION0_8_R 1 -3.725e+03 1.223e+02 1.800e+01
s>            ( - -9.732e+02 1 0)
s>            ( - -2.630e+03 1 0)))INFO: dtree.c(1315): Comp split 21
INFO: dtree.c(1439): stop. leaf nodes are specific
INFO: dtree.c(1478): Final simple tree
|( WDBNDRY_B 0 -3.472e+03 1.553e+02 1.698e+01
|    ( - -1.470e+03 1 0)
|    ( SILENCE 1 -1.847e+03 1.445e+02 9.000e+00
|        ( - -1.117e+03 1 0)
|        ( - -5.848e+02 2 0)))
s>    ( WDBNDRY_B 0 -3.472e+03 1.553e+02 1.698e+01
s>        ( - -1.470e+03 1 0)
s>        ( SILENCE 1 -1.847e+03 1.445e+02 9.000e+00
s>            ( - -1.117e+03 1 0)
s>            ( - -5.848e+02 2 0)))INFO: dtree.c(1315): Comp split 22
INFO: dtree.c(1439): stop. leaf nodes are specific
INFO: dtree.c(1478): Final simple tree
|( QUESTION0_8_R 1 -7.121e+03 1.602e+02 3.400e+01
|    ( - -2.603e+02 1 0)
|    ( QUESTION0 -1 -6.700e+03 1.186e+02 3.200e+01
|        ( - -1.466e+03 2 0)
|        ( - -5.116e+03 4 0)))
s>    ( QUESTION0_8_R 1 -7.121e+03 1.602e+02 3.400e+01
s>        ( - -2.603e+02 1 0)
s>        ( QUESTION0 -1 -6.700e+03 1.186e+02 3.200e+01
s>            ( - -1.466e+03 2 0)
s>            ( - -5.116e+03 4 0)))INFO: dtree.c(1315): Comp split 23
INFO: dtree.c(1315): Comp split 24
INFO: dtree.c(1439): stop. leaf nodes are specific
INFO: dtree.c(1478): Final simple tree
|( QUESTION0 -1 -6.700e+03 1.186e+02 3.200e+01
|    ( - -1.466e+03 2 0)
|    ( - -5.116e+03 4 0))
s>    ( QUESTION0 -1 -6.700e+03 1.186e+02 3.200e+01
s>        ( - -1.466e+03 2 0)
s>        ( - -5.116e+03 4 0))INFO: dtree.c(1315): Comp split 25
INFO: dtree.c(1439): stop. leaf nodes are specific
INFO: dtree.c(1478): Final simple tree
|( SILENCE 1 -7.328e+03 1.196e+02 3.474e+01
|    ( - -3.445e+03 1 0)
|    ( QUESTION0_8_R 1 -3.763e+03 9.584e+01 1.800e+01
|        ( - -1.371e+03 1 0)
|        ( - -2.296e+03 1 0)))
s>    ( SILENCE 1 -7.328e+03 1.196e+02 3.474e+01
s>        ( - -3.445e+03 1 0)
s>        ( QUESTION0_8_R 1 -3.763e+03 9.584e+01 1.800e+01
s>            ( - -1.371e+03 1 0)
s>            ( - -2.296e+03 1 0)))INFO: dtree.c(1315): Comp split 26
INFO: dtree.c(1439): stop. leaf nodes are specific
INFO: dtree.c(1478): Final simple tree
|( SILENCE 1 -1.847e+03 1.445e+02 9.000e+00
|    ( - -1.117e+03 1 0)
|    ( - -5.848e+02 2 0))
s>    ( SILENCE 1 -1.847e+03 1.445e+02 9.000e+00
s>        ( - -1.117e+03 1 0)
s>        ( - -5.848e+02 2 0))INFO: dtree.c(1315): Comp split 27
INFO: dtree.c(1439): stop. leaf nodes are specific
INFO: dtree.c(1478): Final simple tree
|( QUESTION0_8_R 1 -3.725e+03 1.223e+02 1.800e+01
|    ( - -9.732e+02 1 0)
|    ( - -2.630e+03 1 0))
s>    ( QUESTION0_8_R 1 -3.725e+03 1.223e+02 1.800e+01
s>        ( - -9.732e+02 1 0)
s>        ( - -2.630e+03 1 0))INFO: dtree.c(1439): stop. leaf nodes are specific
INFO: dtree.c(1478): Final simple tree
|( QUESTION0_8_R 1 -5.013e+03 1.062e+02 2.400e+01
|    ( - -3.403e+03 2 0)
|    ( - -1.503e+03 1 0))
s>    ( QUESTION0_8_R 1 -5.013e+03 1.062e+02 2.400e+01
s>        ( - -3.403e+03 2 0)
s>        ( - -1.503e+03 1 0))INFO: dtree.c(1315): Comp split 28
INFO: dtree.c(1439): stop. leaf nodes are specific
INFO: dtree.c(1478): Final simple tree
|( QUESTION4 1 -5.268e+03 1.001e+02 2.400e+01
|    ( - -2.173e+03 2 0)
|    ( SILENCE -1 -2.995e+03 8.094e+01 1.400e+01
|        ( - -1.246e+03 1 0)
|        ( - -1.668e+03 3 0)))
s>    ( QUESTION4 1 -5.268e+03 1.001e+02 2.400e+01
s>        ( - -2.173e+03 2 0)
s>        ( SILENCE -1 -2.995e+03 8.094e+01 1.400e+01
s>            ( - -1.246e+03 1 0)
s>            ( - -1.668e+03 3 0)))INFO: dtree.c(1315): Comp split 29
INFO: dtree.c(1315): Comp split 30
INFO: dtree.c(1315): Comp split 31
INFO: dtree.c(1315): Comp split 32
INFO: dtree.c(1315): Comp split 33
INFO: dtree.c(1439): stop. leaf nodes are specific
INFO: dtree.c(1478): Final simple tree
|( QUESTION0_8_R 1 -3.763e+03 9.584e+01 1.800e+01
|    ( - -1.371e+03 1 0)
|    ( - -2.296e+03 1 0))
s>    ( QUESTION0_8_R 1 -3.763e+03 9.584e+01 1.800e+01
s>        ( - -1.371e+03 1 0)
s>        ( - -2.296e+03 1 0))INFO: dtree.c(1315): Comp split 34
INFO: dtree.c(1315): Comp split 35
INFO: dtree.c(1315): Comp split 36
INFO: dtree.c(1439): stop. leaf nodes are specific
INFO: dtree.c(1478): Final simple tree
|( SILENCE -1 -2.995e+03 8.094e+01 1.400e+01
|    ( - -1.246e+03 1 0)
|    ( - -1.668e+03 3 0))
s>    ( SILENCE -1 -2.995e+03 8.094e+01 1.400e+01
s>        ( - -1.246e+03 1 0)
s>        ( - -1.668e+03 3 0))INFO: dtree.c(1315): Comp split 37
INFO: dtree.c(1315): Comp split 38
INFO: dtree.c(1315): Comp split 39
INFO: dtree.c(1318): stop. leaf nodes are specific
Mon Jan 30 07:35:45 2017
