Current configuration:
[NAME]		[DEFLT]	[VALUE]
-allphones	no	no
-cntthresh	0.00001	1.000000e-05
-csplitmax	100	2000
-csplitmin	1	1
-csplitthr	8e-4	0.000000e+00
-example	no	no
-fullvar	no	no
-help		no	no
-meanfn			/Users/benroye/forge/cmusphinx/voiceVim/model_parameters/voiceVim.cd_cont_untied/means
-mixwfn			/Users/benroye/forge/cmusphinx/voiceVim/model_parameters/voiceVim.cd_cont_untied/mixture_weights
-moddeffn		/Users/benroye/forge/cmusphinx/voiceVim/model_architecture/voiceVim.untied.mdef
-mwfloor	1e-4	1.000000e-08
-phone			x
-psetfn			/Users/benroye/forge/cmusphinx/voiceVim/model_architecture/voiceVim.tree_questions
-ssplitmax	5	7
-ssplitmin	1	1
-ssplitthr	8e-4	0.000000e+00
-state			2
-stwt			1.0,0.05,0.0,
-treefn			/Users/benroye/forge/cmusphinx/voiceVim/trees/voiceVim.unpruned/x-2.dtree
-ts2cbfn	.semi.	.cont.
-varfloor	0.00001	1.000000e-05
-varfn			/Users/benroye/forge/cmusphinx/voiceVim/model_parameters/voiceVim.cd_cont_untied/variances

INFO: main.c(223): Reading: /Users/benroye/forge/cmusphinx/voiceVim/model_architecture/voiceVim.untied.mdef
INFO: model_def_io.c(573): Model definition info:
INFO: model_def_io.c(574): 2249 total models defined (39 base, 2210 tri)
INFO: model_def_io.c(575): 8996 total states
INFO: model_def_io.c(576): 6747 total tied states
INFO: model_def_io.c(577): 117 total tied CI states
INFO: model_def_io.c(578): 39 total tied transition matrices
INFO: model_def_io.c(579): 4 max state/model
INFO: model_def_io.c(580): 4 min state/model
INFO: main.c(242): Building trees for [x ah t i] through [x i w e]
INFO: main.c(269): Covering states |[6573 6602]| == 30
INFO: main.c(275): Reading: /Users/benroye/forge/cmusphinx/voiceVim/model_parameters/voiceVim.cd_cont_untied/mixture_weights
INFO: s3mixw_io.c(173): Read /Users/benroye/forge/cmusphinx/voiceVim/model_parameters/voiceVim.cd_cont_untied/mixture_weights [30x1x1 array]
INFO: main.c(311): 10 of 10 models have observation count greater than 0.000010
INFO: main.c(95): nrm stwt: 0.000 0.048 0.952 
INFO: s3gau_io.c(169): Read /Users/benroye/forge/cmusphinx/voiceVim/model_parameters/voiceVim.cd_cont_untied/means [6747x1x1 array]
INFO: s3gau_io.c(169): Read /Users/benroye/forge/cmusphinx/voiceVim/model_parameters/voiceVim.cd_cont_untied/variances [6747x1x1 array]
INFO: main.c(549): Reading: /Users/benroye/forge/cmusphinx/voiceVim/model_architecture/voiceVim.tree_questions
INFO: main.c(588): 174 total simple questions (166 phone; 8 word bndry)
INFO: main.c(590): 40 Left Only questions, and 42 Right Only questions
INFO: dtree.c(1478): Final simple tree
|( QUESTION4 1 -9.910e+04 1.044e+03 4.267e+02
|    ( - -5.063e+04 1 0)
|    ( QUESTION2_14_L -1 -4.742e+04 7.777e+02 1.992e+02
|        ( - -3.569e+04 1 0)
|        ( QUESTION14 1 -1.096e+04 4.340e+02 4.300e+01
|            ( - 1.305e+02 1 0)
|            ( QUESTION0_8_R 1 -1.065e+04 1.961e+02 4.200e+01
|                ( - -4.034e+02 1 0)
|                ( QUESTION0_11_R 1 -1.005e+04 1.757e+02 4.000e+01
|                    ( - -1.002e+03 1 0)
|                    ( QUESTION0_3_R 1 -8.877e+03 1.598e+02 3.500e+01
|                        ( WDBNDRY_E 0 -6.938e+03 1.478e+02 2.700e+01
|                            ( - -6.691e+02 1 0)
|                            ( - -6.121e+03 1 0))
|                        ( - -1.779e+03 3 0 QUESTION0_1_R 1 1.447e+02 8.000e+00)))))))
s>    ( QUESTION4 1 -9.910e+04 1.044e+03 4.267e+02
s>        ( - -5.063e+04 1 0)
s>        ( QUESTION2_14_L -1 -4.742e+04 7.777e+02 1.992e+02
s>            ( - -3.569e+04 1 0)
s>            ( QUESTION14 1 -1.096e+04 4.340e+02 4.300e+01
s>                ( - 1.305e+02 1 0)
s>                ( QUESTION0_8_R 1 -1.065e+04 1.961e+02 4.200e+01
s>                    ( - -4.034e+02 1 0)
s>                    ( QUESTION0_11_R 1 -1.005e+04 1.757e+02 4.000e+01
s>                        ( - -1.002e+03 1 0)
s>                        ( QUESTION0_3_R 1 -8.877e+03 1.598e+02 3.500e+01
s>                            ( WDBNDRY_E 0 -6.938e+03 1.478e+02 2.700e+01
s>                                ( - -6.691e+02 1 0)
s>                                ( - -6.121e+03 1 0))
s>                            ( - -1.779e+03 3 0 QUESTION0_1_R 1 1.447e+02 8.000e+00)))))))INFO: dtree.c(1315): Comp split 0
INFO: dtree.c(1478): Final simple tree
|( QUESTION2_14_L -1 -4.742e+04 7.777e+02 1.992e+02
|    ( - -3.569e+04 1 0)
|    ( QUESTION14 1 -1.096e+04 4.340e+02 4.300e+01
|        ( - 1.305e+02 1 0)
|        ( QUESTION0_8_R 1 -1.065e+04 1.961e+02 4.200e+01
|            ( - -4.034e+02 1 0)
|            ( QUESTION0_11_R 1 -1.005e+04 1.757e+02 4.000e+01
|                ( - -1.002e+03 1 0)
|                ( QUESTION0_3_R 1 -8.877e+03 1.598e+02 3.500e+01
|                    ( WDBNDRY_E 0 -6.938e+03 1.478e+02 2.700e+01
|                        ( - -6.691e+02 1 0)
|                        ( - -6.121e+03 1 0))
|                    ( QUESTION0_1_R 1 -1.779e+03 1.447e+02 8.000e+00
|                        ( - -5.976e+02 1 0)
|                        ( - -1.036e+03 2 0 SILENCE 1 1.236e+02 5.000e+00)))))))
s>    ( QUESTION2_14_L -1 -4.742e+04 7.777e+02 1.992e+02
s>        ( - -3.569e+04 1 0)
s>        ( QUESTION14 1 -1.096e+04 4.340e+02 4.300e+01
s>            ( - 1.305e+02 1 0)
s>            ( QUESTION0_8_R 1 -1.065e+04 1.961e+02 4.200e+01
s>                ( - -4.034e+02 1 0)
s>                ( QUESTION0_11_R 1 -1.005e+04 1.757e+02 4.000e+01
s>                    ( - -1.002e+03 1 0)
s>                    ( QUESTION0_3_R 1 -8.877e+03 1.598e+02 3.500e+01
s>                        ( WDBNDRY_E 0 -6.938e+03 1.478e+02 2.700e+01
s>                            ( - -6.691e+02 1 0)
s>                            ( - -6.121e+03 1 0))
s>                        ( QUESTION0_1_R 1 -1.779e+03 1.447e+02 8.000e+00
s>                            ( - -5.976e+02 1 0)
s>                            ( - -1.036e+03 2 0 SILENCE 1 1.236e+02 5.000e+00)))))))INFO: dtree.c(1315): Comp split 1
INFO: dtree.c(1478): Final simple tree
|( QUESTION14 1 -1.096e+04 4.340e+02 4.300e+01
|    ( - 1.305e+02 1 0)
|    ( QUESTION0_8_R 1 -1.065e+04 1.961e+02 4.200e+01
|        ( - -4.034e+02 1 0)
|        ( QUESTION0_11_R 1 -1.005e+04 1.757e+02 4.000e+01
|            ( - -1.002e+03 1 0)
|            ( QUESTION0_3_R 1 -8.877e+03 1.598e+02 3.500e+01
|                ( WDBNDRY_E 0 -6.938e+03 1.478e+02 2.700e+01
|                    ( - -6.691e+02 1 0)
|                    ( - -6.121e+03 1 0))
|                ( QUESTION0_1_R 1 -1.779e+03 1.447e+02 8.000e+00
|                    ( - -5.976e+02 1 0)
|                    ( SILENCE 1 -1.036e+03 1.236e+02 5.000e+00
|                        ( - -5.550e+02 1 0)
|                        ( - -3.577e+02 1 0)))))))
s>    ( QUESTION14 1 -1.096e+04 4.340e+02 4.300e+01
s>        ( - 1.305e+02 1 0)
s>        ( QUESTION0_8_R 1 -1.065e+04 1.961e+02 4.200e+01
s>            ( - -4.034e+02 1 0)
s>            ( QUESTION0_11_R 1 -1.005e+04 1.757e+02 4.000e+01
s>                ( - -1.002e+03 1 0)
s>                ( QUESTION0_3_R 1 -8.877e+03 1.598e+02 3.500e+01
s>                    ( WDBNDRY_E 0 -6.938e+03 1.478e+02 2.700e+01
s>                        ( - -6.691e+02 1 0)
s>                        ( - -6.121e+03 1 0))
s>                    ( QUESTION0_1_R 1 -1.779e+03 1.447e+02 8.000e+00
s>                        ( - -5.976e+02 1 0)
s>                        ( SILENCE 1 -1.036e+03 1.236e+02 5.000e+00
s>                            ( - -5.550e+02 1 0)
s>                            ( - -3.577e+02 1 0)))))))INFO: dtree.c(1315): Comp split 2
INFO: dtree.c(1439): stop. leaf nodes are specific
INFO: dtree.c(1478): Final simple tree
|( QUESTION0_8_R 1 -1.065e+04 1.961e+02 4.200e+01
|    ( - -4.034e+02 1 0)
|    ( QUESTION0_11_R 1 -1.005e+04 1.757e+02 4.000e+01
|        ( - -1.002e+03 1 0)
|        ( QUESTION0_3_R 1 -8.877e+03 1.598e+02 3.500e+01
|            ( WDBNDRY_E 0 -6.938e+03 1.478e+02 2.700e+01
|                ( - -6.691e+02 1 0)
|                ( - -6.121e+03 1 0))
|            ( QUESTION0_1_R 1 -1.779e+03 1.447e+02 8.000e+00
|                ( - -5.976e+02 1 0)
|                ( SILENCE 1 -1.036e+03 1.236e+02 5.000e+00
|                    ( - -5.550e+02 1 0)
|                    ( - -3.577e+02 1 0))))))
s>    ( QUESTION0_8_R 1 -1.065e+04 1.961e+02 4.200e+01
s>        ( - -4.034e+02 1 0)
s>        ( QUESTION0_11_R 1 -1.005e+04 1.757e+02 4.000e+01
s>            ( - -1.002e+03 1 0)
s>            ( QUESTION0_3_R 1 -8.877e+03 1.598e+02 3.500e+01
s>                ( WDBNDRY_E 0 -6.938e+03 1.478e+02 2.700e+01
s>                    ( - -6.691e+02 1 0)
s>                    ( - -6.121e+03 1 0))
s>                ( QUESTION0_1_R 1 -1.779e+03 1.447e+02 8.000e+00
s>                    ( - -5.976e+02 1 0)
s>                    ( SILENCE 1 -1.036e+03 1.236e+02 5.000e+00
s>                        ( - -5.550e+02 1 0)
s>                        ( - -3.577e+02 1 0))))))INFO: dtree.c(1315): Comp split 3
INFO: dtree.c(1439): stop. leaf nodes are specific
INFO: dtree.c(1478): Final simple tree
|( QUESTION0_11_R 1 -1.005e+04 1.757e+02 4.000e+01
|    ( - -1.002e+03 1 0)
|    ( QUESTION0_3_R 1 -8.877e+03 1.598e+02 3.500e+01
|        ( WDBNDRY_E 0 -6.938e+03 1.478e+02 2.700e+01
|            ( - -6.691e+02 1 0)
|            ( - -6.121e+03 1 0))
|        ( QUESTION0_1_R 1 -1.779e+03 1.447e+02 8.000e+00
|            ( - -5.976e+02 1 0)
|            ( SILENCE 1 -1.036e+03 1.236e+02 5.000e+00
|                ( - -5.550e+02 1 0)
|                ( - -3.577e+02 1 0)))))
s>    ( QUESTION0_11_R 1 -1.005e+04 1.757e+02 4.000e+01
s>        ( - -1.002e+03 1 0)
s>        ( QUESTION0_3_R 1 -8.877e+03 1.598e+02 3.500e+01
s>            ( WDBNDRY_E 0 -6.938e+03 1.478e+02 2.700e+01
s>                ( - -6.691e+02 1 0)
s>                ( - -6.121e+03 1 0))
s>            ( QUESTION0_1_R 1 -1.779e+03 1.447e+02 8.000e+00
s>                ( - -5.976e+02 1 0)
s>                ( SILENCE 1 -1.036e+03 1.236e+02 5.000e+00
s>                    ( - -5.550e+02 1 0)
s>                    ( - -3.577e+02 1 0)))))INFO: dtree.c(1315): Comp split 4
INFO: dtree.c(1439): stop. leaf nodes are specific
INFO: dtree.c(1478): Final simple tree
|( QUESTION0_3_R 1 -8.877e+03 1.598e+02 3.500e+01
|    ( WDBNDRY_E 0 -6.938e+03 1.478e+02 2.700e+01
|        ( - -6.691e+02 1 0)
|        ( - -6.121e+03 1 0))
|    ( QUESTION0_1_R 1 -1.779e+03 1.447e+02 8.000e+00
|        ( - -5.976e+02 1 0)
|        ( SILENCE 1 -1.036e+03 1.236e+02 5.000e+00
|            ( - -5.550e+02 1 0)
|            ( - -3.577e+02 1 0))))
s>    ( QUESTION0_3_R 1 -8.877e+03 1.598e+02 3.500e+01
s>        ( WDBNDRY_E 0 -6.938e+03 1.478e+02 2.700e+01
s>            ( - -6.691e+02 1 0)
s>            ( - -6.121e+03 1 0))
s>        ( QUESTION0_1_R 1 -1.779e+03 1.447e+02 8.000e+00
s>            ( - -5.976e+02 1 0)
s>            ( SILENCE 1 -1.036e+03 1.236e+02 5.000e+00
s>                ( - -5.550e+02 1 0)
s>                ( - -3.577e+02 1 0))))INFO: dtree.c(1315): Comp split 5
INFO: dtree.c(1439): stop. leaf nodes are specific
INFO: dtree.c(1478): Final simple tree
|( QUESTION0_1_R 1 -1.779e+03 1.447e+02 8.000e+00
|    ( - -5.976e+02 1 0)
|    ( SILENCE 1 -1.036e+03 1.236e+02 5.000e+00
|        ( - -5.550e+02 1 0)
|        ( - -3.577e+02 1 0)))
s>    ( QUESTION0_1_R 1 -1.779e+03 1.447e+02 8.000e+00
s>        ( - -5.976e+02 1 0)
s>        ( SILENCE 1 -1.036e+03 1.236e+02 5.000e+00
s>            ( - -5.550e+02 1 0)
s>            ( - -3.577e+02 1 0)))INFO: dtree.c(1439): stop. leaf nodes are specific
INFO: dtree.c(1478): Final simple tree
|( WDBNDRY_E 0 -6.938e+03 1.478e+02 2.700e+01
|    ( - -6.691e+02 1 0)
|    ( - -6.121e+03 1 0))
s>    ( WDBNDRY_E 0 -6.938e+03 1.478e+02 2.700e+01
s>        ( - -6.691e+02 1 0)
s>        ( - -6.121e+03 1 0))INFO: dtree.c(1315): Comp split 6
INFO: dtree.c(1315): Comp split 7
INFO: dtree.c(1439): stop. leaf nodes are specific
INFO: dtree.c(1478): Final simple tree
|( SILENCE 1 -1.036e+03 1.236e+02 5.000e+00
|    ( - -5.550e+02 1 0)
|    ( - -3.577e+02 1 0))
s>    ( SILENCE 1 -1.036e+03 1.236e+02 5.000e+00
s>        ( - -5.550e+02 1 0)
s>        ( - -3.577e+02 1 0))INFO: dtree.c(1315): Comp split 8
INFO: dtree.c(1315): Comp split 9
INFO: dtree.c(1318): stop. leaf nodes are specific
Mon Jan 30 07:35:53 2017
