Current configuration:
[NAME]		[DEFLT]	[VALUE]
-allphones	no	no
-cntthresh	0.00001	1.000000e-05
-csplitmax	100	2000
-csplitmin	1	1
-csplitthr	8e-4	0.000000e+00
-example	no	no
-fullvar	no	no
-help		no	no
-meanfn			/Users/benroye/forge/cmusphinx/voiceVim/model_parameters/voiceVim.cd_cont_untied/means
-mixwfn			/Users/benroye/forge/cmusphinx/voiceVim/model_parameters/voiceVim.cd_cont_untied/mixture_weights
-moddeffn		/Users/benroye/forge/cmusphinx/voiceVim/model_architecture/voiceVim.untied.mdef
-mwfloor	1e-4	1.000000e-08
-phone			hr
-psetfn			/Users/benroye/forge/cmusphinx/voiceVim/model_architecture/voiceVim.tree_questions
-ssplitmax	5	7
-ssplitmin	1	1
-ssplitthr	8e-4	0.000000e+00
-state			0
-stwt			1.0,0.05,0.0,
-treefn			/Users/benroye/forge/cmusphinx/voiceVim/trees/voiceVim.unpruned/hr-0.dtree
-ts2cbfn	.semi.	.cont.
-varfloor	0.00001	1.000000e-05
-varfn			/Users/benroye/forge/cmusphinx/voiceVim/model_parameters/voiceVim.cd_cont_untied/variances

INFO: main.c(223): Reading: /Users/benroye/forge/cmusphinx/voiceVim/model_architecture/voiceVim.untied.mdef
INFO: model_def_io.c(573): Model definition info:
INFO: model_def_io.c(574): 2249 total models defined (39 base, 2210 tri)
INFO: model_def_io.c(575): 8996 total states
INFO: model_def_io.c(576): 6747 total tied states
INFO: model_def_io.c(577): 117 total tied CI states
INFO: model_def_io.c(578): 39 total tied transition matrices
INFO: model_def_io.c(579): 4 max state/model
INFO: model_def_io.c(580): 4 min state/model
INFO: main.c(242): Building trees for [hr b SIL e] through [hr w d i]
INFO: main.c(269): Covering states |[1761 1976]| == 216
INFO: main.c(275): Reading: /Users/benroye/forge/cmusphinx/voiceVim/model_parameters/voiceVim.cd_cont_untied/mixture_weights
INFO: s3mixw_io.c(173): Read /Users/benroye/forge/cmusphinx/voiceVim/model_parameters/voiceVim.cd_cont_untied/mixture_weights [216x1x1 array]
INFO: main.c(311): 72 of 72 models have observation count greater than 0.000010
INFO: main.c(95): nrm stwt: 0.952 0.048 0.000 
INFO: s3gau_io.c(169): Read /Users/benroye/forge/cmusphinx/voiceVim/model_parameters/voiceVim.cd_cont_untied/means [6747x1x1 array]
INFO: s3gau_io.c(169): Read /Users/benroye/forge/cmusphinx/voiceVim/model_parameters/voiceVim.cd_cont_untied/variances [6747x1x1 array]
INFO: main.c(549): Reading: /Users/benroye/forge/cmusphinx/voiceVim/model_architecture/voiceVim.tree_questions
INFO: main.c(588): 174 total simple questions (166 phone; 8 word bndry)
INFO: main.c(590): 40 Left Only questions, and 42 Right Only questions
INFO: dtree.c(1478): Final simple tree
|( QUESTION13 -1 -4.130e+05 7.328e+03 1.697e+03
|    ( WDBNDRY_E 0 -1.369e+05 3.883e+03 5.841e+02
|        ( QUESTION0_10_R 1 -8.298e+04 4.404e+02 3.429e+02
|            ( - -9.148e+03 1 0)
|            ( - -7.339e+04 17 0 QUESTION4 1 2.426e+02 3.065e+02))
|        ( - -4.999e+04 1 0))
|    ( QUESTION19 -1 -2.689e+05 2.809e+03 1.112e+03
|        ( WDBNDRY_E 0 -8.546e+04 6.490e+02 3.552e+02
|            ( - -8.130e+04 22 0 QUESTION0_8_R 1 2.450e+02 3.399e+02)
|            ( - -3.508e+03 1 0))
|        ( QUESTION1 -1 -1.806e+05 1.318e+03 7.573e+02
|            ( - -5.096e+04 3 0 SILENCE 1 2.542e+02 2.109e+02)
|            ( WDBNDRY_E 0 -1.283e+05 4.372e+02 5.464e+02
|                ( - -1.179e+05 25 0 SILENCE 1 3.163e+02 5.020e+02)
|                ( - -9.983e+03 2 0 QUESTION0_1_R 1 2.322e+02 4.442e+01)))))
s>    ( QUESTION13 -1 -4.130e+05 7.328e+03 1.697e+03
s>        ( WDBNDRY_E 0 -1.369e+05 3.883e+03 5.841e+02
s>            ( QUESTION0_10_R 1 -8.298e+04 4.404e+02 3.429e+02
s>                ( - -9.148e+03 1 0)
s>                ( - -7.339e+04 17 0 QUESTION4 1 2.426e+02 3.065e+02))
s>            ( - -4.999e+04 1 0))
s>        ( QUESTION19 -1 -2.689e+05 2.809e+03 1.112e+03
s>            ( WDBNDRY_E 0 -8.546e+04 6.490e+02 3.552e+02
s>                ( - -8.130e+04 22 0 QUESTION0_8_R 1 2.450e+02 3.399e+02)
s>                ( - -3.508e+03 1 0))
s>            ( QUESTION1 -1 -1.806e+05 1.318e+03 7.573e+02
s>                ( - -5.096e+04 3 0 SILENCE 1 2.542e+02 2.109e+02)
s>                ( WDBNDRY_E 0 -1.283e+05 4.372e+02 5.464e+02
s>                    ( - -1.179e+05 25 0 SILENCE 1 3.163e+02 5.020e+02)
s>                    ( - -9.983e+03 2 0 QUESTION0_1_R 1 2.322e+02 4.442e+01)))))INFO: dtree.c(1315): Comp split 0
INFO: dtree.c(1478): Final simple tree
|( QUESTION19 -1 -2.689e+05 2.809e+03 1.112e+03
|    ( WDBNDRY_E 0 -8.546e+04 6.490e+02 3.552e+02
|        ( QUESTION0_8_R 1 -8.130e+04 2.450e+02 3.399e+02
|            ( - -2.172e+04 4 0 QUESTION4 1 2.550e+02 8.941e+01)
|            ( - -5.934e+04 18 0 QUESTION17 1 2.029e+02 2.504e+02))
|        ( - -3.508e+03 1 0))
|    ( QUESTION1 -1 -1.806e+05 1.318e+03 7.573e+02
|        ( SILENCE 1 -5.096e+04 2.542e+02 2.109e+02
|            ( - -1.635e+03 1 0)
|            ( - -4.907e+04 2 0 WDBNDRY_E 0 1.048e+02 2.029e+02))
|        ( WDBNDRY_E 0 -1.283e+05 4.372e+02 5.464e+02
|            ( SILENCE 1 -1.179e+05 3.163e+02 5.020e+02
|                ( - -1.504e+04 1 0)
|                ( - -1.025e+05 24 0 QUESTION6 1 1.873e+02 4.335e+02))
|            ( - -9.983e+03 2 0 QUESTION0_1_R 1 2.322e+02 4.442e+01))))
s>    ( QUESTION19 -1 -2.689e+05 2.809e+03 1.112e+03
s>        ( WDBNDRY_E 0 -8.546e+04 6.490e+02 3.552e+02
s>            ( QUESTION0_8_R 1 -8.130e+04 2.450e+02 3.399e+02
s>                ( - -2.172e+04 4 0 QUESTION4 1 2.550e+02 8.941e+01)
s>                ( - -5.934e+04 18 0 QUESTION17 1 2.029e+02 2.504e+02))
s>            ( - -3.508e+03 1 0))
s>        ( QUESTION1 -1 -1.806e+05 1.318e+03 7.573e+02
s>            ( SILENCE 1 -5.096e+04 2.542e+02 2.109e+02
s>                ( - -1.635e+03 1 0)
s>                ( - -4.907e+04 2 0 WDBNDRY_E 0 1.048e+02 2.029e+02))
s>            ( WDBNDRY_E 0 -1.283e+05 4.372e+02 5.464e+02
s>                ( SILENCE 1 -1.179e+05 3.163e+02 5.020e+02
s>                    ( - -1.504e+04 1 0)
s>                    ( - -1.025e+05 24 0 QUESTION6 1 1.873e+02 4.335e+02))
s>                ( - -9.983e+03 2 0 QUESTION0_1_R 1 2.322e+02 4.442e+01))))INFO: dtree.c(1478): Final simple tree
|( WDBNDRY_E 0 -1.369e+05 3.883e+03 5.841e+02
|    ( QUESTION0_10_R 1 -8.298e+04 4.404e+02 3.429e+02
|        ( - -9.148e+03 1 0)
|        ( QUESTION4 1 -7.339e+04 2.426e+02 3.065e+02
|            ( - -2.392e+04 5 0 QUESTION0_9_R 1 1.325e+02 9.837e+01)
|            ( QUESTION0_2_R 1 -4.924e+04 2.253e+02 2.082e+02
|                ( - -7.830e+02 1 0)
|                ( SILENCE 1 -4.823e+04 2.006e+02 2.042e+02
|                    ( - -2.962e+03 1 0)
|                    ( QUESTION19 1 -4.506e+04 1.824e+02 1.915e+02
|                        ( - -6.471e+03 1 0)
|                        ( QUESTION13 1 -3.841e+04 1.622e+02 1.655e+02
|                            ( - -5.557e+02 1 0)
|                            ( - -3.769e+04 8 0 QUESTION0 1 1.668e+02 1.625e+02)))))))
|    ( - -4.999e+04 1 0))
s>    ( WDBNDRY_E 0 -1.369e+05 3.883e+03 5.841e+02
s>        ( QUESTION0_10_R 1 -8.298e+04 4.404e+02 3.429e+02
s>            ( - -9.148e+03 1 0)
s>            ( QUESTION4 1 -7.339e+04 2.426e+02 3.065e+02
s>                ( - -2.392e+04 5 0 QUESTION0_9_R 1 1.325e+02 9.837e+01)
s>                ( QUESTION0_2_R 1 -4.924e+04 2.253e+02 2.082e+02
s>                    ( - -7.830e+02 1 0)
s>                    ( SILENCE 1 -4.823e+04 2.006e+02 2.042e+02
s>                        ( - -2.962e+03 1 0)
s>                        ( QUESTION19 1 -4.506e+04 1.824e+02 1.915e+02
s>                            ( - -6.471e+03 1 0)
s>                            ( QUESTION13 1 -3.841e+04 1.622e+02 1.655e+02
s>                                ( - -5.557e+02 1 0)
s>                                ( - -3.769e+04 8 0 QUESTION0 1 1.668e+02 1.625e+02)))))))
s>        ( - -4.999e+04 1 0))INFO: dtree.c(1315): Comp split 1
INFO: dtree.c(1478): Final simple tree
|( QUESTION0_10_R 1 -8.298e+04 4.404e+02 3.429e+02
|    ( - -9.148e+03 1 0)
|    ( QUESTION4 1 -7.339e+04 2.426e+02 3.065e+02
|        ( - -2.392e+04 5 0 QUESTION0_9_R 1 1.325e+02 9.837e+01)
|        ( QUESTION0_2_R 1 -4.924e+04 2.253e+02 2.082e+02
|            ( - -7.830e+02 1 0)
|            ( SILENCE 1 -4.823e+04 2.006e+02 2.042e+02
|                ( - -2.962e+03 1 0)
|                ( QUESTION19 1 -4.506e+04 1.824e+02 1.915e+02
|                    ( - -6.471e+03 1 0)
|                    ( QUESTION13 1 -3.841e+04 1.622e+02 1.655e+02
|                        ( - -5.557e+02 1 0)
|                        ( QUESTION0 1 -3.769e+04 1.668e+02 1.625e+02
|                            ( - -1.843e+04 2 0)
|                            ( - -1.910e+04 6 0 QUESTION0_8_R 1 1.365e+02 7.934e+01))))))))
s>    ( QUESTION0_10_R 1 -8.298e+04 4.404e+02 3.429e+02
s>        ( - -9.148e+03 1 0)
s>        ( QUESTION4 1 -7.339e+04 2.426e+02 3.065e+02
s>            ( - -2.392e+04 5 0 QUESTION0_9_R 1 1.325e+02 9.837e+01)
s>            ( QUESTION0_2_R 1 -4.924e+04 2.253e+02 2.082e+02
s>                ( - -7.830e+02 1 0)
s>                ( SILENCE 1 -4.823e+04 2.006e+02 2.042e+02
s>                    ( - -2.962e+03 1 0)
s>                    ( QUESTION19 1 -4.506e+04 1.824e+02 1.915e+02
s>                        ( - -6.471e+03 1 0)
s>                        ( QUESTION13 1 -3.841e+04 1.622e+02 1.655e+02
s>                            ( - -5.557e+02 1 0)
s>                            ( QUESTION0 1 -3.769e+04 1.668e+02 1.625e+02
s>                                ( - -1.843e+04 2 0)
s>                                ( - -1.910e+04 6 0 QUESTION0_8_R 1 1.365e+02 7.934e+01))))))))INFO: dtree.c(1315): Comp split 2
INFO: dtree.c(1478): Final simple tree
|( QUESTION0_8_R 1 -8.130e+04 2.450e+02 3.399e+02
|    ( QUESTION4 1 -2.172e+04 2.550e+02 8.941e+01
|        ( - -9.123e+03 2 0)
|        ( - -1.235e+04 2 0))
|    ( QUESTION17 1 -5.934e+04 2.029e+02 2.504e+02
|        ( - -8.881e+02 1 0)
|        ( QUESTION0_17_R 1 -5.825e+04 1.812e+02 2.464e+02
|            ( - -6.563e+02 1 0)
|            ( QUESTION4 1 -5.741e+04 1.888e+02 2.434e+02
|                ( - -2.516e+04 4 0 QUESTION0_12_R 1 1.453e+02 1.086e+02)
|                ( QUESTION16 1 -3.206e+04 1.586e+02 1.348e+02
|                    ( - -6.280e+02 1 0)
|                    ( QUESTION13 1 -3.127e+04 1.545e+02 1.318e+02
|                        ( - -5.373e+02 1 0)
|                        ( - -3.058e+04 10 0 SILENCE 1 1.402e+02 1.288e+02)))))))
s>    ( QUESTION0_8_R 1 -8.130e+04 2.450e+02 3.399e+02
s>        ( QUESTION4 1 -2.172e+04 2.550e+02 8.941e+01
s>            ( - -9.123e+03 2 0)
s>            ( - -1.235e+04 2 0))
s>        ( QUESTION17 1 -5.934e+04 2.029e+02 2.504e+02
s>            ( - -8.881e+02 1 0)
s>            ( QUESTION0_17_R 1 -5.825e+04 1.812e+02 2.464e+02
s>                ( - -6.563e+02 1 0)
s>                ( QUESTION4 1 -5.741e+04 1.888e+02 2.434e+02
s>                    ( - -2.516e+04 4 0 QUESTION0_12_R 1 1.453e+02 1.086e+02)
s>                    ( QUESTION16 1 -3.206e+04 1.586e+02 1.348e+02
s>                        ( - -6.280e+02 1 0)
s>                        ( QUESTION13 1 -3.127e+04 1.545e+02 1.318e+02
s>                            ( - -5.373e+02 1 0)
s>                            ( - -3.058e+04 10 0 SILENCE 1 1.402e+02 1.288e+02)))))))INFO: dtree.c(1478): Final simple tree
|( QUESTION1 -1 -1.847e+05 1.320e+03 7.726e+02
|    ( SILENCE 1 -5.096e+04 2.542e+02 2.109e+02
|        ( - -1.635e+03 1 0)
|        ( - -4.907e+04 2 0 WDBNDRY_E 0 1.048e+02 2.029e+02))
|    ( WDBNDRY_E 0 -1.325e+05 7.074e+02 5.618e+02
|        ( SILENCE 1 -1.179e+05 3.163e+02 5.020e+02
|            ( - -1.504e+04 1 0)
|            ( QUESTION6 1 -1.025e+05 1.873e+02 4.335e+02
|                ( - -1.835e+04 4 0 QUESTION0_11_R 1 1.307e+02 7.730e+01)
|                ( - -8.399e+04 20 0 QUESTION0_6_R 1 2.149e+02 3.563e+02)))
|        ( QUESTION0_8_R 1 -1.387e+04 4.198e+02 5.973e+01
|            ( - -7.339e+03 1 0)
|            ( QUESTION0_1_R 1 -6.110e+03 1.888e+02 2.532e+01
|                ( - -2.413e+03 1 0)
|                ( - -3.508e+03 1 0)))))
s>    ( QUESTION1 -1 -1.847e+05 1.320e+03 7.726e+02
s>        ( SILENCE 1 -5.096e+04 2.542e+02 2.109e+02
s>            ( - -1.635e+03 1 0)
s>            ( - -4.907e+04 2 0 WDBNDRY_E 0 1.048e+02 2.029e+02))
s>        ( WDBNDRY_E 0 -1.325e+05 7.074e+02 5.618e+02
s>            ( SILENCE 1 -1.179e+05 3.163e+02 5.020e+02
s>                ( - -1.504e+04 1 0)
s>                ( QUESTION6 1 -1.025e+05 1.873e+02 4.335e+02
s>                    ( - -1.835e+04 4 0 QUESTION0_11_R 1 1.307e+02 7.730e+01)
s>                    ( - -8.399e+04 20 0 QUESTION0_6_R 1 2.149e+02 3.563e+02)))
s>            ( QUESTION0_8_R 1 -1.387e+04 4.198e+02 5.973e+01
s>                ( - -7.339e+03 1 0)
s>                ( QUESTION0_1_R 1 -6.110e+03 1.888e+02 2.532e+01
s>                    ( - -2.413e+03 1 0)
s>                    ( - -3.508e+03 1 0)))))INFO: dtree.c(1315): Comp split 3
INFO: dtree.c(1478): Final simple tree
|( WDBNDRY_E 0 -1.325e+05 7.074e+02 5.618e+02
|    ( SILENCE 1 -1.179e+05 3.163e+02 5.020e+02
|        ( - -1.504e+04 1 0)
|        ( QUESTION6 1 -1.025e+05 1.873e+02 4.335e+02
|            ( - -1.835e+04 4 0 QUESTION0_11_R 1 1.307e+02 7.730e+01)
|            ( QUESTION0_6_R 1 -8.399e+04 2.149e+02 3.563e+02
|                ( - -1.925e+04 6 0 QUESTION15 1 1.095e+02 8.506e+01)
|                ( QUESTION0_5_R 1 -6.452e+04 1.753e+02 2.712e+02
|                    ( - -7.580e+03 2 0 QUESTION13 1 1.011e+02 3.171e+01)
|                    ( - -5.677e+04 12 0 QUESTION0_14_R 1 1.518e+02 2.395e+02)))))
|    ( QUESTION0_8_R 1 -1.387e+04 4.198e+02 5.973e+01
|        ( - -7.339e+03 1 0)
|        ( QUESTION0_1_R 1 -6.110e+03 1.888e+02 2.532e+01
|            ( - -2.413e+03 1 0)
|            ( - -3.508e+03 1 0))))
s>    ( WDBNDRY_E 0 -1.325e+05 7.074e+02 5.618e+02
s>        ( SILENCE 1 -1.179e+05 3.163e+02 5.020e+02
s>            ( - -1.504e+04 1 0)
s>            ( QUESTION6 1 -1.025e+05 1.873e+02 4.335e+02
s>                ( - -1.835e+04 4 0 QUESTION0_11_R 1 1.307e+02 7.730e+01)
s>                ( QUESTION0_6_R 1 -8.399e+04 2.149e+02 3.563e+02
s>                    ( - -1.925e+04 6 0 QUESTION15 1 1.095e+02 8.506e+01)
s>                    ( QUESTION0_5_R 1 -6.452e+04 1.753e+02 2.712e+02
s>                        ( - -7.580e+03 2 0 QUESTION13 1 1.011e+02 3.171e+01)
s>                        ( - -5.677e+04 12 0 QUESTION0_14_R 1 1.518e+02 2.395e+02)))))
s>        ( QUESTION0_8_R 1 -1.387e+04 4.198e+02 5.973e+01
s>            ( - -7.339e+03 1 0)
s>            ( QUESTION0_1_R 1 -6.110e+03 1.888e+02 2.532e+01
s>                ( - -2.413e+03 1 0)
s>                ( - -3.508e+03 1 0))))INFO: dtree.c(1439): stop. leaf nodes are specific
INFO: dtree.c(1478): Final simple tree
|( SILENCE 1 -5.096e+04 2.542e+02 2.109e+02
|    ( - -1.635e+03 1 0)
|    ( WDBNDRY_E 0 -4.907e+04 1.048e+02 2.029e+02
|        ( - -7.810e+02 1 0)
|        ( - -4.819e+04 1 0)))
s>    ( SILENCE 1 -5.096e+04 2.542e+02 2.109e+02
s>        ( - -1.635e+03 1 0)
s>        ( WDBNDRY_E 0 -4.907e+04 1.048e+02 2.029e+02
s>            ( - -7.810e+02 1 0)
s>            ( - -4.819e+04 1 0)))INFO: dtree.c(1315): Comp split 4
INFO: dtree.c(1439): stop. leaf nodes are specific
INFO: dtree.c(1478): Final simple tree
|( QUESTION0_1_R 1 -6.110e+03 1.888e+02 2.532e+01
|    ( - -2.413e+03 1 0)
|    ( - -3.508e+03 1 0))
s>    ( QUESTION0_1_R 1 -6.110e+03 1.888e+02 2.532e+01
s>        ( - -2.413e+03 1 0)
s>        ( - -3.508e+03 1 0))INFO: dtree.c(1478): Final simple tree
|( WDBNDRY_E 0 -1.256e+05 4.149e+02 5.364e+02
|    ( SILENCE 1 -1.179e+05 3.163e+02 5.020e+02
|        ( - -1.504e+04 1 0)
|        ( QUESTION6 1 -1.025e+05 1.873e+02 4.335e+02
|            ( - -1.835e+04 4 0 QUESTION0_11_R 1 1.307e+02 7.730e+01)
|            ( QUESTION0_6_R 1 -8.399e+04 2.149e+02 3.563e+02
|                ( - -1.925e+04 6 0 QUESTION15 1 1.095e+02 8.506e+01)
|                ( QUESTION0_5_R 1 -6.452e+04 1.753e+02 2.712e+02
|                    ( - -7.580e+03 2 0 QUESTION13 1 1.011e+02 3.171e+01)
|                    ( QUESTION0_14_R 1 -5.677e+04 1.518e+02 2.395e+02
|                        ( - -4.702e+03 1 0)
|                        ( QUESTION14 1 -5.191e+04 1.446e+02 2.194e+02
|                            ( - -2.399e+03 1 0)
|                            ( - -4.937e+04 10 0 QUESTION0 1 1.339e+02 2.084e+02)))))))
|    ( - -7.339e+03 1 0))
s>    ( WDBNDRY_E 0 -1.256e+05 4.149e+02 5.364e+02
s>        ( SILENCE 1 -1.179e+05 3.163e+02 5.020e+02
s>            ( - -1.504e+04 1 0)
s>            ( QUESTION6 1 -1.025e+05 1.873e+02 4.335e+02
s>                ( - -1.835e+04 4 0 QUESTION0_11_R 1 1.307e+02 7.730e+01)
s>                ( QUESTION0_6_R 1 -8.399e+04 2.149e+02 3.563e+02
s>                    ( - -1.925e+04 6 0 QUESTION15 1 1.095e+02 8.506e+01)
s>                    ( QUESTION0_5_R 1 -6.452e+04 1.753e+02 2.712e+02
s>                        ( - -7.580e+03 2 0 QUESTION13 1 1.011e+02 3.171e+01)
s>                        ( QUESTION0_14_R 1 -5.677e+04 1.518e+02 2.395e+02
s>                            ( - -4.702e+03 1 0)
s>                            ( QUESTION14 1 -5.191e+04 1.446e+02 2.194e+02
s>                                ( - -2.399e+03 1 0)
s>                                ( - -4.937e+04 10 0 QUESTION0 1 1.339e+02 2.084e+02)))))))
s>        ( - -7.339e+03 1 0))INFO: dtree.c(1315): Comp split 5
INFO: dtree.c(1478): Final simple tree
|( QUESTION4 1 -6.189e+04 2.793e+02 2.609e+02
|    ( QUESTION0_9_R 1 -2.392e+04 1.325e+02 9.837e+01
|        ( - -2.839e+03 1 0)
|        ( QUESTION0_0_R 1 -2.094e+04 1.119e+02 8.580e+01
|            ( - -2.020e+04 3 0)
|            ( - -6.289e+02 1 0)))
|    ( QUESTION0 1 -3.769e+04 1.668e+02 1.625e+02
|        ( - -1.843e+04 2 0)
|        ( QUESTION0_8_R 1 -1.910e+04 1.365e+02 7.934e+01
|            ( - -5.306e+03 2 0)
|            ( QUESTION0_4_R 1 -1.366e+04 1.201e+02 5.760e+01
|                ( - -7.298e+03 1 0)
|                ( QUESTION6 1 -6.236e+03 8.421e+01 2.670e+01
|                    ( - -4.847e+03 2 0 QUESTION0_1_R 1 8.237e+01 2.070e+01)
|                    ( - -1.305e+03 1 0))))))
s>    ( QUESTION4 1 -6.189e+04 2.793e+02 2.609e+02
s>        ( QUESTION0_9_R 1 -2.392e+04 1.325e+02 9.837e+01
s>            ( - -2.839e+03 1 0)
s>            ( QUESTION0_0_R 1 -2.094e+04 1.119e+02 8.580e+01
s>                ( - -2.020e+04 3 0)
s>                ( - -6.289e+02 1 0)))
s>        ( QUESTION0 1 -3.769e+04 1.668e+02 1.625e+02
s>            ( - -1.843e+04 2 0)
s>            ( QUESTION0_8_R 1 -1.910e+04 1.365e+02 7.934e+01
s>                ( - -5.306e+03 2 0)
s>                ( QUESTION0_4_R 1 -1.366e+04 1.201e+02 5.760e+01
s>                    ( - -7.298e+03 1 0)
s>                    ( QUESTION6 1 -6.236e+03 8.421e+01 2.670e+01
s>                        ( - -4.847e+03 2 0 QUESTION0_1_R 1 8.237e+01 2.070e+01)
s>                        ( - -1.305e+03 1 0))))))INFO: dtree.c(1439): stop. leaf nodes are specific
INFO: dtree.c(1478): Final simple tree
|( QUESTION0_7_R 1 -2.058e+04 1.959e+02 8.201e+01
|    ( - -9.148e+03 1 0)
|    ( QUESTION0_2_R 1 -1.124e+04 1.751e+02 4.568e+01
|        ( - -7.830e+02 1 0)
|        ( QUESTION0_6_R 1 -1.028e+04 1.536e+02 4.168e+01
|            ( - -5.557e+02 1 0)
|            ( SILENCE 1 -9.573e+03 1.397e+02 3.868e+01
|                ( - -2.962e+03 1 0)
|                ( - -6.471e+03 1 0)))))
s>    ( QUESTION0_7_R 1 -2.058e+04 1.959e+02 8.201e+01
s>        ( - -9.148e+03 1 0)
s>        ( QUESTION0_2_R 1 -1.124e+04 1.751e+02 4.568e+01
s>            ( - -7.830e+02 1 0)
s>            ( QUESTION0_6_R 1 -1.028e+04 1.536e+02 4.168e+01
s>                ( - -5.557e+02 1 0)
s>                ( SILENCE 1 -9.573e+03 1.397e+02 3.868e+01
s>                    ( - -2.962e+03 1 0)
s>                    ( - -6.471e+03 1 0)))))INFO: dtree.c(1315): Comp split 6
INFO: dtree.c(1478): Final simple tree
|( QUESTION4 1 -6.991e+04 1.755e+02 2.944e+02
|    ( QUESTION0_12_R 1 -2.516e+04 1.453e+02 1.086e+02
|        ( QUESTION0_15_R 1 -3.613e+03 1.536e+02 1.600e+01
|            ( - -1.307e+03 1 0)
|            ( - -2.152e+03 1 0))
|        ( - -2.140e+04 2 0 QUESTION0_1_R 1 1.394e+02 9.262e+01))
|    ( QUESTION0_8_R 1 -4.457e+04 1.721e+02 1.858e+02
|        ( - -1.235e+04 2 0)
|        ( QUESTION16 1 -3.206e+04 1.586e+02 1.348e+02
|            ( - -6.280e+02 1 0)
|            ( QUESTION13 1 -3.127e+04 1.545e+02 1.318e+02
|                ( - -5.373e+02 1 0)
|                ( SILENCE 1 -3.058e+04 1.402e+02 1.288e+02
|                    ( - -3.799e+03 1 0)
|                    ( - -2.664e+04 9 0 QUESTION11 1 1.405e+02 1.118e+02))))))
s>    ( QUESTION4 1 -6.991e+04 1.755e+02 2.944e+02
s>        ( QUESTION0_12_R 1 -2.516e+04 1.453e+02 1.086e+02
s>            ( QUESTION0_15_R 1 -3.613e+03 1.536e+02 1.600e+01
s>                ( - -1.307e+03 1 0)
s>                ( - -2.152e+03 1 0))
s>            ( - -2.140e+04 2 0 QUESTION0_1_R 1 1.394e+02 9.262e+01))
s>        ( QUESTION0_8_R 1 -4.457e+04 1.721e+02 1.858e+02
s>            ( - -1.235e+04 2 0)
s>            ( QUESTION16 1 -3.206e+04 1.586e+02 1.348e+02
s>                ( - -6.280e+02 1 0)
s>                ( QUESTION13 1 -3.127e+04 1.545e+02 1.318e+02
s>                    ( - -5.373e+02 1 0)
s>                    ( SILENCE 1 -3.058e+04 1.402e+02 1.288e+02
s>                        ( - -3.799e+03 1 0)
s>                        ( - -2.664e+04 9 0 QUESTION11 1 1.405e+02 1.118e+02))))))INFO: dtree.c(1439): stop. leaf nodes are specific
INFO: dtree.c(1478): Final simple tree
|( QUESTION0_9_R 1 -1.095e+04 1.487e+02 4.542e+01
|    ( - -6.563e+02 1 0)
|    ( QUESTION0_1_R 1 -1.015e+04 1.355e+02 4.242e+01
|        ( - -8.881e+02 1 0)
|        ( - -9.123e+03 2 0)))
s>    ( QUESTION0_9_R 1 -1.095e+04 1.487e+02 4.542e+01
s>        ( - -6.563e+02 1 0)
s>        ( QUESTION0_1_R 1 -1.015e+04 1.355e+02 4.242e+01
s>            ( - -8.881e+02 1 0)
s>            ( - -9.123e+03 2 0)))INFO: dtree.c(1315): Comp split 7
INFO: dtree.c(1478): Final simple tree
|( WDBNDRY_E 0 -8.143e+04 4.118e+02 3.480e+02
|    ( QUESTION0_6_R 1 -7.368e+04 2.028e+02 3.136e+02
|        ( QUESTION15 1 -1.925e+04 1.095e+02 8.506e+01
|            ( - -8.273e+03 1 0)
|            ( - -1.087e+04 5 0 QUESTION11 1 1.052e+02 4.835e+01))
|        ( QUESTION0_14_R 1 -5.422e+04 1.521e+02 2.285e+02
|            ( - -4.702e+03 1 0)
|            ( QUESTION0 1 -4.937e+04 1.339e+02 2.084e+02
|                ( - -1.134e+04 2 0 QUESTION0_1_R 1 9.257e+01 4.911e+01)
|                ( QUESTION11 1 -3.790e+04 1.382e+02 1.593e+02
|                    ( - -6.323e+03 1 0)
|                    ( QUESTION0_12_R 1 -3.144e+04 1.067e+02 1.322e+02
|                        ( - -5.832e+03 1 0)
|                        ( - -2.550e+04 6 0 QUESTION0_9_R 1 1.260e+02 1.053e+02))))))
|    ( - -7.339e+03 1 0))
s>    ( WDBNDRY_E 0 -8.143e+04 4.118e+02 3.480e+02
s>        ( QUESTION0_6_R 1 -7.368e+04 2.028e+02 3.136e+02
s>            ( QUESTION15 1 -1.925e+04 1.095e+02 8.506e+01
s>                ( - -8.273e+03 1 0)
s>                ( - -1.087e+04 5 0 QUESTION11 1 1.052e+02 4.835e+01))
s>            ( QUESTION0_14_R 1 -5.422e+04 1.521e+02 2.285e+02
s>                ( - -4.702e+03 1 0)
s>                ( QUESTION0 1 -4.937e+04 1.339e+02 2.084e+02
s>                    ( - -1.134e+04 2 0 QUESTION0_1_R 1 9.257e+01 4.911e+01)
s>                    ( QUESTION11 1 -3.790e+04 1.382e+02 1.593e+02
s>                        ( - -6.323e+03 1 0)
s>                        ( QUESTION0_12_R 1 -3.144e+04 1.067e+02 1.322e+02
s>                            ( - -5.832e+03 1 0)
s>                            ( - -2.550e+04 6 0 QUESTION0_9_R 1 1.260e+02 1.053e+02))))))
s>        ( - -7.339e+03 1 0))INFO: dtree.c(1439): stop. leaf nodes are specific
INFO: dtree.c(1478): Final simple tree
|( SILENCE 1 -4.378e+04 1.814e+02 1.885e+02
|    ( - -1.504e+04 1 0)
|    ( QUESTION0_6_R 1 -2.856e+04 1.342e+02 1.200e+02
|        ( - -5.950e+03 1 0)
|        ( QUESTION0_10_R 1 -2.247e+04 1.222e+02 9.429e+01
|            ( - -2.345e+03 1 0)
|            ( QUESTION0_1_R 1 -2.000e+04 1.086e+02 8.411e+01
|                ( QUESTION13 1 -7.580e+03 1.011e+02 3.171e+01
|                    ( - -2.898e+03 1 0)
|                    ( - -4.581e+03 1 0))
|                ( QUESTION0_8_R 1 -1.232e+04 9.832e+01 5.240e+01
|                    ( - -2.399e+03 1 0)
|                    ( - -9.818e+03 2 0))))))
s>    ( SILENCE 1 -4.378e+04 1.814e+02 1.885e+02
s>        ( - -1.504e+04 1 0)
s>        ( QUESTION0_6_R 1 -2.856e+04 1.342e+02 1.200e+02
s>            ( - -5.950e+03 1 0)
s>            ( QUESTION0_10_R 1 -2.247e+04 1.222e+02 9.429e+01
s>                ( - -2.345e+03 1 0)
s>                ( QUESTION0_1_R 1 -2.000e+04 1.086e+02 8.411e+01
s>                    ( QUESTION13 1 -7.580e+03 1.011e+02 3.171e+01
s>                        ( - -2.898e+03 1 0)
s>                        ( - -4.581e+03 1 0))
s>                    ( QUESTION0_8_R 1 -1.232e+04 9.832e+01 5.240e+01
s>                        ( - -2.399e+03 1 0)
s>                        ( - -9.818e+03 2 0))))))INFO: dtree.c(1315): Comp split 8
INFO: dtree.c(1478): Final simple tree
|( QUESTION0_6_R 1 -7.368e+04 2.028e+02 3.136e+02
|    ( QUESTION15 1 -1.925e+04 1.095e+02 8.506e+01
|        ( - -8.273e+03 1 0)
|        ( - -1.087e+04 5 0 QUESTION11 1 1.052e+02 4.835e+01))
|    ( QUESTION0_14_R 1 -5.422e+04 1.521e+02 2.285e+02
|        ( - -4.702e+03 1 0)
|        ( QUESTION0 1 -4.937e+04 1.339e+02 2.084e+02
|            ( - -1.134e+04 2 0 QUESTION0_1_R 1 9.257e+01 4.911e+01)
|            ( QUESTION11 1 -3.790e+04 1.382e+02 1.593e+02
|                ( - -6.323e+03 1 0)
|                ( QUESTION0_12_R 1 -3.144e+04 1.067e+02 1.322e+02
|                    ( - -5.832e+03 1 0)
|                    ( QUESTION0_9_R 1 -2.550e+04 1.260e+02 1.053e+02
|                        ( - -2.527e+03 1 0)
|                        ( - -2.284e+04 5 0 QUESTION0_2_R 1 1.019e+02 9.502e+01)))))))
s>    ( QUESTION0_6_R 1 -7.368e+04 2.028e+02 3.136e+02
s>        ( QUESTION15 1 -1.925e+04 1.095e+02 8.506e+01
s>            ( - -8.273e+03 1 0)
s>            ( - -1.087e+04 5 0 QUESTION11 1 1.052e+02 4.835e+01))
s>        ( QUESTION0_14_R 1 -5.422e+04 1.521e+02 2.285e+02
s>            ( - -4.702e+03 1 0)
s>            ( QUESTION0 1 -4.937e+04 1.339e+02 2.084e+02
s>                ( - -1.134e+04 2 0 QUESTION0_1_R 1 9.257e+01 4.911e+01)
s>                ( QUESTION11 1 -3.790e+04 1.382e+02 1.593e+02
s>                    ( - -6.323e+03 1 0)
s>                    ( QUESTION0_12_R 1 -3.144e+04 1.067e+02 1.322e+02
s>                        ( - -5.832e+03 1 0)
s>                        ( QUESTION0_9_R 1 -2.550e+04 1.260e+02 1.053e+02
s>                            ( - -2.527e+03 1 0)
s>                            ( - -2.284e+04 5 0 QUESTION0_2_R 1 1.019e+02 9.502e+01)))))))INFO: dtree.c(1315): Comp split 9
INFO: dtree.c(1439): stop. leaf nodes are specific
INFO: dtree.c(1478): Final simple tree
|( QUESTION0_0_R 1 -2.094e+04 1.119e+02 8.580e+01
|    ( - -2.020e+04 3 0)
|    ( - -6.289e+02 1 0))
s>    ( QUESTION0_0_R 1 -2.094e+04 1.119e+02 8.580e+01
s>        ( - -2.020e+04 3 0)
s>        ( - -6.289e+02 1 0))INFO: dtree.c(1439): stop. leaf nodes are specific
INFO: dtree.c(1478): Final simple tree
|( QUESTION5 1 -4.065e+04 1.670e+02 1.751e+02
|    ( QUESTION0_8_R 1 -1.910e+04 1.365e+02 7.934e+01
|        ( - -5.306e+03 2 0)
|        ( QUESTION0_4_R 1 -1.366e+04 1.201e+02 5.760e+01
|            ( - -7.298e+03 1 0)
|            ( QUESTION6 1 -6.236e+03 8.421e+01 2.670e+01
|                ( QUESTION0_1_R 1 -4.847e+03 8.237e+01 2.070e+01
|                    ( - -2.363e+03 1 0)
|                    ( - -2.402e+03 1 0))
|                ( - -1.305e+03 1 0))))
|    ( QUESTION0_1_R 1 -2.139e+04 1.182e+02 9.573e+01
|        ( - -1.843e+04 2 0)
|        ( - -2.839e+03 1 0)))
s>    ( QUESTION5 1 -4.065e+04 1.670e+02 1.751e+02
s>        ( QUESTION0_8_R 1 -1.910e+04 1.365e+02 7.934e+01
s>            ( - -5.306e+03 2 0)
s>            ( QUESTION0_4_R 1 -1.366e+04 1.201e+02 5.760e+01
s>                ( - -7.298e+03 1 0)
s>                ( QUESTION6 1 -6.236e+03 8.421e+01 2.670e+01
s>                    ( QUESTION0_1_R 1 -4.847e+03 8.237e+01 2.070e+01
s>                        ( - -2.363e+03 1 0)
s>                        ( - -2.402e+03 1 0))
s>                    ( - -1.305e+03 1 0))))
s>        ( QUESTION0_1_R 1 -2.139e+04 1.182e+02 9.573e+01
s>            ( - -1.843e+04 2 0)
s>            ( - -2.839e+03 1 0)))INFO: dtree.c(1315): Comp split 10
INFO: dtree.c(1439): stop. leaf nodes are specific
INFO: dtree.c(1478): Final simple tree
|( WDBNDRY_E 0 -4.907e+04 1.048e+02 2.029e+02
|    ( - -7.810e+02 1 0)
|    ( - -4.819e+04 1 0))
s>    ( WDBNDRY_E 0 -4.907e+04 1.048e+02 2.029e+02
s>        ( - -7.810e+02 1 0)
s>        ( - -4.819e+04 1 0))INFO: dtree.c(1315): Comp split 11
INFO: dtree.c(1439): stop. leaf nodes are specific
INFO: dtree.c(1478): Final simple tree
|( QUESTION0_3_R 1 -2.352e+04 1.570e+02 1.016e+02
|    ( - -5.373e+02 1 0)
|    ( QUESTION0_1_R 1 -2.283e+04 1.253e+02 9.862e+01
|        ( - -1.063e+04 1 0)
|        ( QUESTION0_12_R 1 -1.207e+04 1.316e+02 5.349e+01
|            ( - -1.307e+03 1 0)
|            ( - -1.063e+04 1 0))))
s>    ( QUESTION0_3_R 1 -2.352e+04 1.570e+02 1.016e+02
s>        ( - -5.373e+02 1 0)
s>        ( QUESTION0_1_R 1 -2.283e+04 1.253e+02 9.862e+01
s>            ( - -1.063e+04 1 0)
s>            ( QUESTION0_12_R 1 -1.207e+04 1.316e+02 5.349e+01
s>                ( - -1.307e+03 1 0)
s>                ( - -1.063e+04 1 0))))INFO: dtree.c(1478): Final simple tree
|( QUESTION0_8_R 1 -4.614e+04 1.729e+02 1.928e+02
|    ( - -1.235e+04 2 0)
|    ( QUESTION13 1 -3.363e+04 1.591e+02 1.418e+02
|        ( - -6.280e+02 1 0)
|        ( SILENCE 1 -3.284e+04 1.469e+02 1.388e+02
|            ( - -3.799e+03 1 0)
|            ( QUESTION11 1 -2.889e+04 1.521e+02 1.218e+02
|                ( - -7.382e+03 2 0)
|                ( QUESTION6 1 -2.136e+04 1.383e+02 9.014e+01
|                    ( - -6.493e+02 1 0)
|                    ( QUESTION0_10_R 1 -2.057e+04 1.079e+02 8.714e+01
|                        ( - -5.805e+03 1 0)
|                        ( QUESTION0_2_R 1 -1.466e+04 1.080e+02 6.249e+01
|                            ( - -2.151e+03 1 0)
|                            ( - -1.240e+04 5 0 QUESTION19 1 1.029e+02 5.349e+01))))))))
s>    ( QUESTION0_8_R 1 -4.614e+04 1.729e+02 1.928e+02
s>        ( - -1.235e+04 2 0)
s>        ( QUESTION13 1 -3.363e+04 1.591e+02 1.418e+02
s>            ( - -6.280e+02 1 0)
s>            ( SILENCE 1 -3.284e+04 1.469e+02 1.388e+02
s>                ( - -3.799e+03 1 0)
s>                ( QUESTION11 1 -2.889e+04 1.521e+02 1.218e+02
s>                    ( - -7.382e+03 2 0)
s>                    ( QUESTION6 1 -2.136e+04 1.383e+02 9.014e+01
s>                        ( - -6.493e+02 1 0)
s>                        ( QUESTION0_10_R 1 -2.057e+04 1.079e+02 8.714e+01
s>                            ( - -5.805e+03 1 0)
s>                            ( QUESTION0_2_R 1 -1.466e+04 1.080e+02 6.249e+01
s>                                ( - -2.151e+03 1 0)
s>                                ( - -1.240e+04 5 0 QUESTION19 1 1.029e+02 5.349e+01))))))))INFO: dtree.c(1315): Comp split 12
INFO: dtree.c(1478): Final simple tree
|( QUESTION0_6_R 1 -4.817e+04 1.434e+02 2.070e+02
|    ( QUESTION15 1 -1.925e+04 1.095e+02 8.506e+01
|        ( - -8.273e+03 1 0)
|        ( QUESTION11 1 -1.087e+04 1.052e+02 4.835e+01
|            ( - -2.960e+03 2 0)
|            ( QUESTION0 1 -7.803e+03 1.007e+02 3.535e+01
|                ( - -6.959e+03 2 0)
|                ( - -7.437e+02 1 0))))
|    ( QUESTION0_9_R 1 -2.878e+04 1.027e+02 1.219e+02
|        ( - -5.832e+03 1 0)
|        ( QUESTION0_2_R 1 -2.284e+04 1.019e+02 9.502e+01
|            ( - -8.179e+02 1 0)
|            ( QUESTION0_0_R 1 -2.192e+04 9.249e+01 9.102e+01
|                ( - -2.102e+04 3 0 QUESTION0_1_R 1 7.528e+01 8.702e+01)
|                ( - -8.115e+02 1 0)))))
s>    ( QUESTION0_6_R 1 -4.817e+04 1.434e+02 2.070e+02
s>        ( QUESTION15 1 -1.925e+04 1.095e+02 8.506e+01
s>            ( - -8.273e+03 1 0)
s>            ( QUESTION11 1 -1.087e+04 1.052e+02 4.835e+01
s>                ( - -2.960e+03 2 0)
s>                ( QUESTION0 1 -7.803e+03 1.007e+02 3.535e+01
s>                    ( - -6.959e+03 2 0)
s>                    ( - -7.437e+02 1 0))))
s>        ( QUESTION0_9_R 1 -2.878e+04 1.027e+02 1.219e+02
s>            ( - -5.832e+03 1 0)
s>            ( QUESTION0_2_R 1 -2.284e+04 1.019e+02 9.502e+01
s>                ( - -8.179e+02 1 0)
s>                ( QUESTION0_0_R 1 -2.192e+04 9.249e+01 9.102e+01
s>                    ( - -2.102e+04 3 0 QUESTION0_1_R 1 7.528e+01 8.702e+01)
s>                    ( - -8.115e+02 1 0)))))INFO: dtree.c(1439): stop. leaf nodes are specific
INFO: dtree.c(1478): Final simple tree
|( QUESTION0_11_R 1 -2.526e+04 1.735e+02 1.066e+02
|    ( QUESTION0_12_R 1 -7.326e+03 9.758e+01 3.033e+01
|        ( - -4.702e+03 1 0)
|        ( - -2.527e+03 1 0))
|    ( QUESTION0_8_R 1 -1.776e+04 1.018e+02 7.625e+01
|        ( - -6.323e+03 1 0)
|        ( QUESTION0_1_R 1 -1.134e+04 9.257e+01 4.911e+01
|            ( - -3.803e+03 1 0)
|            ( - -7.444e+03 1 0))))
s>    ( QUESTION0_11_R 1 -2.526e+04 1.735e+02 1.066e+02
s>        ( QUESTION0_12_R 1 -7.326e+03 9.758e+01 3.033e+01
s>            ( - -4.702e+03 1 0)
s>            ( - -2.527e+03 1 0))
s>        ( QUESTION0_8_R 1 -1.776e+04 1.018e+02 7.625e+01
s>            ( - -6.323e+03 1 0)
s>            ( QUESTION0_1_R 1 -1.134e+04 9.257e+01 4.911e+01
s>                ( - -3.803e+03 1 0)
s>                ( - -7.444e+03 1 0))))INFO: dtree.c(1315): Comp split 13
INFO: dtree.c(1439): stop. leaf nodes are specific
INFO: dtree.c(1478): Final simple tree
|( QUESTION5 1 -3.081e+04 1.553e+02 1.291e+02
|    ( QUESTION0_5_R 1 -1.668e+04 1.094e+02 6.875e+01
|        ( - -2.202e+03 1 0)
|        ( QUESTION0_1_R 1 -1.437e+04 9.067e+01 5.895e+01
|            ( - -1.933e+03 1 0)
|            ( - -1.235e+04 2 0)))
|    ( QUESTION0_10_R 1 -1.397e+04 1.029e+02 6.037e+01
|        ( - -5.805e+03 1 0)
|        ( QUESTION0_1_R 1 -8.062e+03 8.002e+01 3.572e+01
|            ( - -5.830e+03 2 0)
|            ( - -2.152e+03 1 0))))
s>    ( QUESTION5 1 -3.081e+04 1.553e+02 1.291e+02
s>        ( QUESTION0_5_R 1 -1.668e+04 1.094e+02 6.875e+01
s>            ( - -2.202e+03 1 0)
s>            ( QUESTION0_1_R 1 -1.437e+04 9.067e+01 5.895e+01
s>                ( - -1.933e+03 1 0)
s>                ( - -1.235e+04 2 0)))
s>        ( QUESTION0_10_R 1 -1.397e+04 1.029e+02 6.037e+01
s>            ( - -5.805e+03 1 0)
s>            ( QUESTION0_1_R 1 -8.062e+03 8.002e+01 3.572e+01
s>                ( - -5.830e+03 2 0)
s>                ( - -2.152e+03 1 0))))INFO: dtree.c(1439): stop. leaf nodes are specific
INFO: dtree.c(1478): Final simple tree
|( QUESTION0_4_R 1 -1.511e+04 1.580e+02 6.369e+01
|    ( - -6.280e+02 1 0)
|    ( QUESTION6 1 -1.432e+04 1.271e+02 6.069e+01
|        ( - -6.493e+02 1 0)
|        ( SILENCE 1 -1.354e+04 1.227e+02 5.769e+01
|            ( - -3.799e+03 1 0)
|            ( QUESTION0_2_R 1 -9.621e+03 8.744e+01 4.071e+01
|                ( - -2.151e+03 1 0)
|                ( - -7.382e+03 2 0)))))
s>    ( QUESTION0_4_R 1 -1.511e+04 1.580e+02 6.369e+01
s>        ( - -6.280e+02 1 0)
s>        ( QUESTION6 1 -1.432e+04 1.271e+02 6.069e+01
s>            ( - -6.493e+02 1 0)
s>            ( SILENCE 1 -1.354e+04 1.227e+02 5.769e+01
s>                ( - -3.799e+03 1 0)
s>                ( QUESTION0_2_R 1 -9.621e+03 8.744e+01 4.071e+01
s>                    ( - -2.151e+03 1 0)
s>                    ( - -7.382e+03 2 0)))))INFO: dtree.c(1315): Comp split 14
INFO: dtree.c(1439): stop. leaf nodes are specific
INFO: dtree.c(1478): Final simple tree
|( QUESTION0_2_R 1 -1.124e+04 1.751e+02 4.568e+01
|    ( - -7.830e+02 1 0)
|    ( QUESTION0_6_R 1 -1.028e+04 1.536e+02 4.168e+01
|        ( - -5.557e+02 1 0)
|        ( SILENCE 1 -9.573e+03 1.397e+02 3.868e+01
|            ( - -2.962e+03 1 0)
|            ( - -6.471e+03 1 0))))
s>    ( QUESTION0_2_R 1 -1.124e+04 1.751e+02 4.568e+01
s>        ( - -7.830e+02 1 0)
s>        ( QUESTION0_6_R 1 -1.028e+04 1.536e+02 4.168e+01
s>            ( - -5.557e+02 1 0)
s>            ( SILENCE 1 -9.573e+03 1.397e+02 3.868e+01
s>                ( - -2.962e+03 1 0)
s>                ( - -6.471e+03 1 0))))INFO: dtree.c(1315): Comp split 15
INFO: dtree.c(1315): Comp split 16
INFO: dtree.c(1439): stop. leaf nodes are specific
INFO: dtree.c(1478): Final simple tree
|( SILENCE 1 -3.268e+04 1.392e+02 1.416e+02
|    ( - -1.504e+04 1 0)
|    ( QUESTION18 1 -1.750e+04 1.030e+02 7.313e+01
|        ( - -4.581e+03 1 0)
|        ( QUESTION0_1_R 1 -1.281e+04 9.903e+01 5.442e+01
|            ( - -2.898e+03 1 0)
|            ( - -9.818e+03 2 0))))
s>    ( SILENCE 1 -3.268e+04 1.392e+02 1.416e+02
s>        ( - -1.504e+04 1 0)
s>        ( QUESTION18 1 -1.750e+04 1.030e+02 7.313e+01
s>            ( - -4.581e+03 1 0)
s>            ( QUESTION0_1_R 1 -1.281e+04 9.903e+01 5.442e+01
s>                ( - -2.898e+03 1 0)
s>                ( - -9.818e+03 2 0))))INFO: dtree.c(1439): stop. leaf nodes are specific
INFO: dtree.c(1478): Final simple tree
|( QUESTION0_1_R 1 -1.091e+04 1.160e+02 4.685e+01
|    ( - -5.950e+03 1 0)
|    ( QUESTION0_8_R 1 -4.848e+03 1.041e+02 2.116e+01
|        ( - -2.399e+03 1 0)
|        ( - -2.345e+03 1 0)))
s>    ( QUESTION0_1_R 1 -1.091e+04 1.160e+02 4.685e+01
s>        ( - -5.950e+03 1 0)
s>        ( QUESTION0_8_R 1 -4.848e+03 1.041e+02 2.116e+01
s>            ( - -2.399e+03 1 0)
s>            ( - -2.345e+03 1 0)))INFO: dtree.c(1315): Comp split 17
INFO: dtree.c(1439): stop. leaf nodes are specific
INFO: dtree.c(1478): Final simple tree
|( QUESTION0_4_R 1 -1.366e+04 1.201e+02 5.760e+01
|    ( - -7.298e+03 1 0)
|    ( QUESTION6 1 -6.236e+03 8.421e+01 2.670e+01
|        ( QUESTION0_1_R 1 -4.847e+03 8.237e+01 2.070e+01
|            ( - -2.363e+03 1 0)
|            ( - -2.402e+03 1 0))
|        ( - -1.305e+03 1 0)))
s>    ( QUESTION0_4_R 1 -1.366e+04 1.201e+02 5.760e+01
s>        ( - -7.298e+03 1 0)
s>        ( QUESTION6 1 -6.236e+03 8.421e+01 2.670e+01
s>            ( QUESTION0_1_R 1 -4.847e+03 8.237e+01 2.070e+01
s>                ( - -2.363e+03 1 0)
s>                ( - -2.402e+03 1 0))
s>            ( - -1.305e+03 1 0)))INFO: dtree.c(1439): stop. leaf nodes are specific
INFO: dtree.c(1478): Final simple tree
|( QUESTION0_1_R 1 -2.681e+04 1.313e+02 1.175e+02
|    ( - -1.843e+04 2 0)
|    ( QUESTION0_8_R 1 -8.254e+03 1.092e+02 3.431e+01
|        ( - -5.306e+03 2 0)
|        ( - -2.839e+03 1 0)))
s>    ( QUESTION0_1_R 1 -2.681e+04 1.313e+02 1.175e+02
s>        ( - -1.843e+04 2 0)
s>        ( QUESTION0_8_R 1 -8.254e+03 1.092e+02 3.431e+01
s>            ( - -5.306e+03 2 0)
s>            ( - -2.839e+03 1 0)))INFO: dtree.c(1315): Comp split 18
INFO: dtree.c(1439): stop. leaf nodes are specific
INFO: dtree.c(1478): Final simple tree
|( QUESTION0_6_R 1 -1.028e+04 1.536e+02 4.168e+01
|    ( - -5.557e+02 1 0)
|    ( SILENCE 1 -9.573e+03 1.397e+02 3.868e+01
|        ( - -2.962e+03 1 0)
|        ( - -6.471e+03 1 0)))
s>    ( QUESTION0_6_R 1 -1.028e+04 1.536e+02 4.168e+01
s>        ( - -5.557e+02 1 0)
s>        ( SILENCE 1 -9.573e+03 1.397e+02 3.868e+01
s>            ( - -2.962e+03 1 0)
s>            ( - -6.471e+03 1 0)))INFO: dtree.c(1315): Comp split 19
INFO: dtree.c(1439): stop. leaf nodes are specific
INFO: dtree.c(1478): Final simple tree
|( QUESTION0_8_R 1 -1.776e+04 1.018e+02 7.625e+01
|    ( - -6.323e+03 1 0)
|    ( QUESTION0_1_R 1 -1.134e+04 9.257e+01 4.911e+01
|        ( - -3.803e+03 1 0)
|        ( - -7.444e+03 1 0)))
s>    ( QUESTION0_8_R 1 -1.776e+04 1.018e+02 7.625e+01
s>        ( - -6.323e+03 1 0)
s>        ( QUESTION0_1_R 1 -1.134e+04 9.257e+01 4.911e+01
s>            ( - -3.803e+03 1 0)
s>            ( - -7.444e+03 1 0)))INFO: dtree.c(1439): stop. leaf nodes are specific
INFO: dtree.c(1478): Final simple tree
|( QUESTION0_12_R 1 -7.326e+03 9.758e+01 3.033e+01
|    ( - -4.702e+03 1 0)
|    ( - -2.527e+03 1 0))
s>    ( QUESTION0_12_R 1 -7.326e+03 9.758e+01 3.033e+01
s>        ( - -4.702e+03 1 0)
s>        ( - -2.527e+03 1 0))INFO: dtree.c(1315): Comp split 20
INFO: dtree.c(1439): stop. leaf nodes are specific
INFO: dtree.c(1478): Final simple tree
|( QUESTION0_1_R 1 -1.437e+04 9.067e+01 5.895e+01
|    ( - -1.933e+03 1 0)
|    ( - -1.235e+04 2 0))
s>    ( QUESTION0_1_R 1 -1.437e+04 9.067e+01 5.895e+01
s>        ( - -1.933e+03 1 0)
s>        ( - -1.235e+04 2 0))INFO: dtree.c(1439): stop. leaf nodes are specific
INFO: dtree.c(1478): Final simple tree
|( QUESTION0_10_R 1 -1.627e+04 1.009e+02 7.017e+01
|    ( - -5.805e+03 1 0)
|    ( QUESTION0_4_R 1 -1.036e+04 9.900e+01 4.552e+01
|        ( - -2.202e+03 1 0)
|        ( QUESTION0_1_R 1 -8.062e+03 8.002e+01 3.572e+01
|            ( - -5.830e+03 2 0)
|            ( - -2.152e+03 1 0))))
s>    ( QUESTION0_10_R 1 -1.627e+04 1.009e+02 7.017e+01
s>        ( - -5.805e+03 1 0)
s>        ( QUESTION0_4_R 1 -1.036e+04 9.900e+01 4.552e+01
s>            ( - -2.202e+03 1 0)
s>            ( QUESTION0_1_R 1 -8.062e+03 8.002e+01 3.572e+01
s>                ( - -5.830e+03 2 0)
s>                ( - -2.152e+03 1 0))))INFO: dtree.c(1315): Comp split 21
INFO: dtree.c(1439): stop. leaf nodes are specific
INFO: dtree.c(1478): Final simple tree
|( QUESTION6 1 -1.432e+04 1.271e+02 6.069e+01
|    ( - -6.493e+02 1 0)
|    ( SILENCE 1 -1.354e+04 1.227e+02 5.769e+01
|        ( - -3.799e+03 1 0)
|        ( QUESTION0_2_R 1 -9.621e+03 8.744e+01 4.071e+01
|            ( - -2.151e+03 1 0)
|            ( - -7.382e+03 2 0))))
s>    ( QUESTION6 1 -1.432e+04 1.271e+02 6.069e+01
s>        ( - -6.493e+02 1 0)
s>        ( SILENCE 1 -1.354e+04 1.227e+02 5.769e+01
s>            ( - -3.799e+03 1 0)
s>            ( QUESTION0_2_R 1 -9.621e+03 8.744e+01 4.071e+01
s>                ( - -2.151e+03 1 0)
s>                ( - -7.382e+03 2 0))))INFO: dtree.c(1315): Comp split 22
INFO: dtree.c(1439): stop. leaf nodes are specific
INFO: dtree.c(1478): Final simple tree
|( QUESTION0_1_R 1 -2.283e+04 1.253e+02 9.862e+01
|    ( - -1.063e+04 1 0)
|    ( QUESTION0_12_R 1 -1.207e+04 1.316e+02 5.349e+01
|        ( - -1.307e+03 1 0)
|        ( - -1.063e+04 1 0)))
s>    ( QUESTION0_1_R 1 -2.283e+04 1.253e+02 9.862e+01
s>        ( - -1.063e+04 1 0)
s>        ( QUESTION0_12_R 1 -1.207e+04 1.316e+02 5.349e+01
s>            ( - -1.307e+03 1 0)
s>            ( - -1.063e+04 1 0)))INFO: dtree.c(1315): Comp split 23
INFO: dtree.c(1439): stop. leaf nodes are specific
INFO: dtree.c(1478): Final simple tree
|( QUESTION0_6_R 1 -3.248e+04 1.268e+02 1.367e+02
|    ( QUESTION11 1 -1.134e+04 1.028e+02 4.970e+01
|        ( - -2.960e+03 2 0)
|        ( - -8.273e+03 1 0))
|    ( QUESTION0_1_R 1 -2.102e+04 7.528e+01 8.702e+01
|        ( - -9.991e+03 1 0)
|        ( - -1.095e+04 2 0)))
s>    ( QUESTION0_6_R 1 -3.248e+04 1.268e+02 1.367e+02
s>        ( QUESTION11 1 -1.134e+04 1.028e+02 4.970e+01
s>            ( - -2.960e+03 2 0)
s>            ( - -8.273e+03 1 0))
s>        ( QUESTION0_1_R 1 -2.102e+04 7.528e+01 8.702e+01
s>            ( - -9.991e+03 1 0)
s>            ( - -1.095e+04 2 0)))INFO: dtree.c(1439): stop. leaf nodes are specific
INFO: dtree.c(1478): Final simple tree
|( QUESTION14 1 -1.553e+04 1.035e+02 7.027e+01
|    ( - -7.437e+02 1 0)
|    ( QUESTION0_2_R 1 -1.469e+04 9.897e+01 6.627e+01
|        ( - -8.179e+02 1 0)
|        ( QUESTION0_1_R 1 -1.377e+04 8.987e+01 6.227e+01
|            ( - -6.959e+03 2 0)
|            ( QUESTION0_0_R 1 -6.721e+03 7.783e+01 3.091e+01
|                ( - -5.832e+03 1 0)
|                ( - -8.115e+02 1 0)))))
s>    ( QUESTION14 1 -1.553e+04 1.035e+02 7.027e+01
s>        ( - -7.437e+02 1 0)
s>        ( QUESTION0_2_R 1 -1.469e+04 9.897e+01 6.627e+01
s>            ( - -8.179e+02 1 0)
s>            ( QUESTION0_1_R 1 -1.377e+04 8.987e+01 6.227e+01
s>                ( - -6.959e+03 2 0)
s>                ( QUESTION0_0_R 1 -6.721e+03 7.783e+01 3.091e+01
s>                    ( - -5.832e+03 1 0)
s>                    ( - -8.115e+02 1 0)))))INFO: dtree.c(1315): Comp split 24
INFO: dtree.c(1439): stop. leaf nodes are specific
INFO: dtree.c(1478): Final simple tree
|( SILENCE 1 -9.573e+03 1.397e+02 3.868e+01
|    ( - -2.962e+03 1 0)
|    ( - -6.471e+03 1 0))
s>    ( SILENCE 1 -9.573e+03 1.397e+02 3.868e+01
s>        ( - -2.962e+03 1 0)
s>        ( - -6.471e+03 1 0))INFO: dtree.c(1315): Comp split 25
INFO: dtree.c(1439): stop. leaf nodes are specific
INFO: dtree.c(1478): Final simple tree
|( QUESTION0_1_R 1 -1.015e+04 1.355e+02 4.242e+01
|    ( - -8.881e+02 1 0)
|    ( - -9.123e+03 2 0))
s>    ( QUESTION0_1_R 1 -1.015e+04 1.355e+02 4.242e+01
s>        ( - -8.881e+02 1 0)
s>        ( - -9.123e+03 2 0))INFO: dtree.c(1315): Comp split 26
INFO: dtree.c(1439): stop. leaf nodes are specific
INFO: dtree.c(1478): Final simple tree
|( QUESTION0_1_R 1 -1.205e+04 1.085e+02 5.113e+01
|    ( - -1.063e+04 1 0)
|    ( - -1.307e+03 1 0))
s>    ( QUESTION0_1_R 1 -1.205e+04 1.085e+02 5.113e+01
s>        ( - -1.063e+04 1 0)
s>        ( - -1.307e+03 1 0))INFO: dtree.c(1315): Comp split 27
INFO: dtree.c(1315): Comp split 28
INFO: dtree.c(1439): stop. leaf nodes are specific
INFO: dtree.c(1478): Final simple tree
|( QUESTION18 1 -1.750e+04 1.030e+02 7.313e+01
|    ( - -4.581e+03 1 0)
|    ( QUESTION0_1_R 1 -1.281e+04 9.903e+01 5.442e+01
|        ( - -2.898e+03 1 0)
|        ( - -9.818e+03 2 0)))
s>    ( QUESTION18 1 -1.750e+04 1.030e+02 7.313e+01
s>        ( - -4.581e+03 1 0)
s>        ( QUESTION0_1_R 1 -1.281e+04 9.903e+01 5.442e+01
s>            ( - -2.898e+03 1 0)
s>            ( - -9.818e+03 2 0)))INFO: dtree.c(1315): Comp split 29
INFO: dtree.c(1315): Comp split 30
INFO: dtree.c(1439): stop. leaf nodes are specific
INFO: dtree.c(1478): Final simple tree
|( QUESTION0_8_R 1 -8.254e+03 1.092e+02 3.431e+01
|    ( - -5.306e+03 2 0)
|    ( - -2.839e+03 1 0))
s>    ( QUESTION0_8_R 1 -8.254e+03 1.092e+02 3.431e+01
s>        ( - -5.306e+03 2 0)
s>        ( - -2.839e+03 1 0))INFO: dtree.c(1315): Comp split 31
INFO: dtree.c(1439): stop. leaf nodes are specific
INFO: dtree.c(1478): Final simple tree
|( SILENCE 1 -1.354e+04 1.227e+02 5.769e+01
|    ( - -3.799e+03 1 0)
|    ( QUESTION0_2_R 1 -9.621e+03 8.744e+01 4.071e+01
|        ( - -2.151e+03 1 0)
|        ( - -7.382e+03 2 0)))
s>    ( SILENCE 1 -1.354e+04 1.227e+02 5.769e+01
s>        ( - -3.799e+03 1 0)
s>        ( QUESTION0_2_R 1 -9.621e+03 8.744e+01 4.071e+01
s>            ( - -2.151e+03 1 0)
s>            ( - -7.382e+03 2 0)))INFO: dtree.c(1315): Comp split 32
INFO: dtree.c(1439): stop. leaf nodes are specific
INFO: dtree.c(1478): Final simple tree
|( QUESTION0_1_R 1 -2.102e+04 7.528e+01 8.702e+01
|    ( - -9.991e+03 1 0)
|    ( - -1.095e+04 2 0))
s>    ( QUESTION0_1_R 1 -2.102e+04 7.528e+01 8.702e+01
s>        ( - -9.991e+03 1 0)
s>        ( - -1.095e+04 2 0))INFO: dtree.c(1439): stop. leaf nodes are specific
INFO: dtree.c(1478): Final simple tree
|( QUESTION11 1 -1.134e+04 1.028e+02 4.970e+01
|    ( - -2.960e+03 2 0)
|    ( - -8.273e+03 1 0))
s>    ( QUESTION11 1 -1.134e+04 1.028e+02 4.970e+01
s>        ( - -2.960e+03 2 0)
s>        ( - -8.273e+03 1 0))INFO: dtree.c(1315): Comp split 33
INFO: dtree.c(1439): stop. leaf nodes are specific
INFO: dtree.c(1478): Final simple tree
|( QUESTION0_2_R 1 -9.621e+03 8.744e+01 4.071e+01
|    ( - -2.151e+03 1 0)
|    ( - -7.382e+03 2 0))
s>    ( QUESTION0_2_R 1 -9.621e+03 8.744e+01 4.071e+01
s>        ( - -2.151e+03 1 0)
s>        ( - -7.382e+03 2 0))INFO: dtree.c(1315): Comp split 34
INFO: dtree.c(1439): stop. leaf nodes are specific
INFO: dtree.c(1478): Final simple tree
|( QUESTION6 1 -6.236e+03 8.421e+01 2.670e+01
|    ( QUESTION0_1_R 1 -4.847e+03 8.237e+01 2.070e+01
|        ( - -2.363e+03 1 0)
|        ( - -2.402e+03 1 0))
|    ( - -1.305e+03 1 0))
s>    ( QUESTION6 1 -6.236e+03 8.421e+01 2.670e+01
s>        ( QUESTION0_1_R 1 -4.847e+03 8.237e+01 2.070e+01
s>            ( - -2.363e+03 1 0)
s>            ( - -2.402e+03 1 0))
s>        ( - -1.305e+03 1 0))INFO: dtree.c(1315): Comp split 35
INFO: dtree.c(1439): stop. leaf nodes are specific
INFO: dtree.c(1478): Final simple tree
|( QUESTION0_8_R 1 -4.848e+03 1.041e+02 2.116e+01
|    ( - -2.399e+03 1 0)
|    ( - -2.345e+03 1 0))
s>    ( QUESTION0_8_R 1 -4.848e+03 1.041e+02 2.116e+01
s>        ( - -2.399e+03 1 0)
s>        ( - -2.345e+03 1 0))INFO: dtree.c(1315): Comp split 36
INFO: dtree.c(1315): Comp split 37
INFO: dtree.c(1315): Comp split 38
INFO: dtree.c(1315): Comp split 39
INFO: dtree.c(1439): stop. leaf nodes are specific
INFO: dtree.c(1478): Final simple tree
|( QUESTION0_1_R 1 -1.377e+04 8.987e+01 6.227e+01
|    ( - -6.959e+03 2 0)
|    ( QUESTION0_0_R 1 -6.721e+03 7.783e+01 3.091e+01
|        ( - -5.832e+03 1 0)
|        ( - -8.115e+02 1 0)))
s>    ( QUESTION0_1_R 1 -1.377e+04 8.987e+01 6.227e+01
s>        ( - -6.959e+03 2 0)
s>        ( QUESTION0_0_R 1 -6.721e+03 7.783e+01 3.091e+01
s>            ( - -5.832e+03 1 0)
s>            ( - -8.115e+02 1 0)))INFO: dtree.c(1439): stop. leaf nodes are specific
INFO: dtree.c(1478): Final simple tree
|( QUESTION0_2_R 1 -1.659e+03 9.733e+01 8.000e+00
|    ( - -8.179e+02 1 0)
|    ( - -7.437e+02 1 0))
s>    ( QUESTION0_2_R 1 -1.659e+03 9.733e+01 8.000e+00
s>        ( - -8.179e+02 1 0)
s>        ( - -7.437e+02 1 0))INFO: dtree.c(1315): Comp split 40
INFO: dtree.c(1315): Comp split 41
INFO: dtree.c(1315): Comp split 42
INFO: dtree.c(1439): stop. leaf nodes are specific
INFO: dtree.c(1478): Final simple tree
|( QUESTION0_1_R 1 -1.281e+04 9.903e+01 5.442e+01
|    ( - -2.898e+03 1 0)
|    ( - -9.818e+03 2 0))
s>    ( QUESTION0_1_R 1 -1.281e+04 9.903e+01 5.442e+01
s>        ( - -2.898e+03 1 0)
s>        ( - -9.818e+03 2 0))INFO: dtree.c(1315): Comp split 43
INFO: dtree.c(1315): Comp split 44
INFO: dtree.c(1439): stop. leaf nodes are specific
INFO: dtree.c(1478): Final simple tree
|( QUESTION0_1_R 1 -1.134e+04 9.257e+01 4.911e+01
|    ( - -3.803e+03 1 0)
|    ( - -7.444e+03 1 0))
s>    ( QUESTION0_1_R 1 -1.134e+04 9.257e+01 4.911e+01
s>        ( - -3.803e+03 1 0)
s>        ( - -7.444e+03 1 0))INFO: dtree.c(1315): Comp split 45
INFO: dtree.c(1439): stop. leaf nodes are specific
INFO: dtree.c(1478): Final simple tree
|( QUESTION0_4_R 1 -1.036e+04 9.900e+01 4.552e+01
|    ( - -2.202e+03 1 0)
|    ( QUESTION0_1_R 1 -8.062e+03 8.002e+01 3.572e+01
|        ( - -5.830e+03 2 0)
|        ( - -2.152e+03 1 0)))
s>    ( QUESTION0_4_R 1 -1.036e+04 9.900e+01 4.552e+01
s>        ( - -2.202e+03 1 0)
s>        ( QUESTION0_1_R 1 -8.062e+03 8.002e+01 3.572e+01
s>            ( - -5.830e+03 2 0)
s>            ( - -2.152e+03 1 0)))INFO: dtree.c(1315): Comp split 46
INFO: dtree.c(1315): Comp split 47
INFO: dtree.c(1439): stop. leaf nodes are specific
INFO: dtree.c(1478): Final simple tree
|( QUESTION0_1_R 1 -8.062e+03 8.002e+01 3.572e+01
|    ( - -5.830e+03 2 0)
|    ( - -2.152e+03 1 0))
s>    ( QUESTION0_1_R 1 -8.062e+03 8.002e+01 3.572e+01
s>        ( - -5.830e+03 2 0)
s>        ( - -2.152e+03 1 0))INFO: dtree.c(1315): Comp split 48
INFO: dtree.c(1315): Comp split 49
INFO: dtree.c(1315): Comp split 50
INFO: dtree.c(1315): Comp split 51
INFO: dtree.c(1315): Comp split 52
INFO: dtree.c(1439): stop. leaf nodes are specific
INFO: dtree.c(1478): Final simple tree
|( QUESTION0_0_R 1 -6.721e+03 7.783e+01 3.091e+01
|    ( - -5.832e+03 1 0)
|    ( - -8.115e+02 1 0))
s>    ( QUESTION0_0_R 1 -6.721e+03 7.783e+01 3.091e+01
s>        ( - -5.832e+03 1 0)
s>        ( - -8.115e+02 1 0))INFO: dtree.c(1315): Comp split 53
INFO: dtree.c(1315): Comp split 54
INFO: dtree.c(1439): stop. leaf nodes are specific
INFO: dtree.c(1478): Final simple tree
|( QUESTION0_1_R 1 -4.847e+03 8.237e+01 2.070e+01
|    ( - -2.363e+03 1 0)
|    ( - -2.402e+03 1 0))
s>    ( QUESTION0_1_R 1 -4.847e+03 8.237e+01 2.070e+01
s>        ( - -2.363e+03 1 0)
s>        ( - -2.402e+03 1 0))INFO: dtree.c(1315): Comp split 55
INFO: dtree.c(1315): Comp split 56
INFO: dtree.c(1315): Comp split 57
INFO: dtree.c(1315): Comp split 58
INFO: dtree.c(1315): Comp split 59
INFO: dtree.c(1318): stop. leaf nodes are specific
Mon Jan 30 07:35:46 2017
