Current configuration:
[NAME]		[DEFLT]	[VALUE]
-allphones	no	no
-cntthresh	0.00001	1.000000e-05
-csplitmax	100	2000
-csplitmin	1	1
-csplitthr	8e-4	0.000000e+00
-example	no	no
-fullvar	no	no
-help		no	no
-meanfn			/Users/benroye/forge/cmusphinx/voiceVim/model_parameters/voiceVim.cd_cont_untied/means
-mixwfn			/Users/benroye/forge/cmusphinx/voiceVim/model_parameters/voiceVim.cd_cont_untied/mixture_weights
-moddeffn		/Users/benroye/forge/cmusphinx/voiceVim/model_architecture/voiceVim.untied.mdef
-mwfloor	1e-4	1.000000e-08
-phone			i
-psetfn			/Users/benroye/forge/cmusphinx/voiceVim/model_architecture/voiceVim.tree_questions
-ssplitmax	5	7
-ssplitmin	1	1
-ssplitthr	8e-4	0.000000e+00
-state			1
-stwt			1.0,0.05,0.0,
-treefn			/Users/benroye/forge/cmusphinx/voiceVim/trees/voiceVim.unpruned/i-1.dtree
-ts2cbfn	.semi.	.cont.
-varfloor	0.00001	1.000000e-05
-varfn			/Users/benroye/forge/cmusphinx/voiceVim/model_parameters/voiceVim.cd_cont_untied/variances

INFO: main.c(223): Reading: /Users/benroye/forge/cmusphinx/voiceVim/model_architecture/voiceVim.untied.mdef
INFO: model_def_io.c(573): Model definition info:
INFO: model_def_io.c(574): 2249 total models defined (39 base, 2210 tri)
INFO: model_def_io.c(575): 8996 total states
INFO: model_def_io.c(576): 6747 total tied states
INFO: model_def_io.c(577): 117 total tied CI states
INFO: model_def_io.c(578): 39 total tied transition matrices
INFO: model_def_io.c(579): 4 max state/model
INFO: model_def_io.c(580): 4 min state/model
INFO: main.c(242): Building trees for [i SIL d b] through [i z r i]
INFO: main.c(269): Covering states |[1977 2144]| == 168
INFO: main.c(275): Reading: /Users/benroye/forge/cmusphinx/voiceVim/model_parameters/voiceVim.cd_cont_untied/mixture_weights
INFO: s3mixw_io.c(173): Read /Users/benroye/forge/cmusphinx/voiceVim/model_parameters/voiceVim.cd_cont_untied/mixture_weights [168x1x1 array]
INFO: main.c(311): 56 of 56 models have observation count greater than 0.000010
INFO: main.c(95): nrm stwt: 0.045 0.909 0.045 
INFO: s3gau_io.c(169): Read /Users/benroye/forge/cmusphinx/voiceVim/model_parameters/voiceVim.cd_cont_untied/means [6747x1x1 array]
INFO: s3gau_io.c(169): Read /Users/benroye/forge/cmusphinx/voiceVim/model_parameters/voiceVim.cd_cont_untied/variances [6747x1x1 array]
INFO: main.c(549): Reading: /Users/benroye/forge/cmusphinx/voiceVim/model_architecture/voiceVim.tree_questions
INFO: main.c(588): 174 total simple questions (166 phone; 8 word bndry)
INFO: main.c(590): 40 Left Only questions, and 42 Right Only questions
INFO: dtree.c(1478): Final simple tree
|( QUESTION0_2_R 1 -3.942e+05 4.655e+03 1.739e+03
|    ( - -1.302e+05 20 0 QUESTION2_19_L -1 7.534e+02 5.846e+02)
|    ( QUESTION2 -1 -2.593e+05 2.101e+03 1.154e+03
|        ( - -3.957e+04 6 0 QUESTION0_4_R 1 8.784e+02 1.732e+02)
|        ( QUESTION0_9_R 1 -2.177e+05 1.636e+03 9.811e+02
|            ( QUESTION6 -1 -8.486e+04 1.337e+03 3.757e+02
|                ( - -1.375e+04 1 0)
|                ( QUESTION10 1 -6.977e+04 1.103e+03 3.061e+02
|                    ( - -2.377e+04 1 0)
|                    ( QUESTION2_18_L -1 -4.490e+04 9.503e+02 1.952e+02
|                        ( - -2.249e+04 2 0 QUESTION4 -1 4.961e+02 1.020e+02)
|                        ( - -2.145e+04 10 0 QUESTION0_18_R 1 6.428e+02 9.316e+01))))
|            ( QUESTION0_6_R 1 -1.312e+05 1.069e+03 6.054e+02
|                ( - -3.866e+04 12 0 QUESTION0 -1 4.980e+02 1.817e+02)
|                ( - -9.144e+04 4 0 QUESTION0_5_R 1 9.213e+02 4.237e+02)))))
s>    ( QUESTION0_2_R 1 -3.942e+05 4.655e+03 1.739e+03
s>        ( - -1.302e+05 20 0 QUESTION2_19_L -1 7.534e+02 5.846e+02)
s>        ( QUESTION2 -1 -2.593e+05 2.101e+03 1.154e+03
s>            ( - -3.957e+04 6 0 QUESTION0_4_R 1 8.784e+02 1.732e+02)
s>            ( QUESTION0_9_R 1 -2.177e+05 1.636e+03 9.811e+02
s>                ( QUESTION6 -1 -8.486e+04 1.337e+03 3.757e+02
s>                    ( - -1.375e+04 1 0)
s>                    ( QUESTION10 1 -6.977e+04 1.103e+03 3.061e+02
s>                        ( - -2.377e+04 1 0)
s>                        ( QUESTION2_18_L -1 -4.490e+04 9.503e+02 1.952e+02
s>                            ( - -2.249e+04 2 0 QUESTION4 -1 4.961e+02 1.020e+02)
s>                            ( - -2.145e+04 10 0 QUESTION0_18_R 1 6.428e+02 9.316e+01))))
s>                ( QUESTION0_6_R 1 -1.312e+05 1.069e+03 6.054e+02
s>                    ( - -3.866e+04 12 0 QUESTION0 -1 4.980e+02 1.817e+02)
s>                    ( - -9.144e+04 4 0 QUESTION0_5_R 1 9.213e+02 4.237e+02)))))INFO: dtree.c(1315): Comp split 0
INFO: dtree.c(1478): Final simple tree
|( QUESTION2 -1 -2.593e+05 2.101e+03 1.154e+03
|    ( - -3.957e+04 6 0 QUESTION0_4_R 1 8.784e+02 1.732e+02)
|    ( QUESTION0_9_R 1 -2.177e+05 1.636e+03 9.811e+02
|        ( QUESTION6 -1 -8.486e+04 1.337e+03 3.757e+02
|            ( - -1.375e+04 1 0)
|            ( QUESTION10 1 -6.977e+04 1.103e+03 3.061e+02
|                ( - -2.377e+04 1 0)
|                ( QUESTION2_18_L -1 -4.490e+04 9.503e+02 1.952e+02
|                    ( - -2.249e+04 2 0 QUESTION4 -1 4.961e+02 1.020e+02)
|                    ( - -2.145e+04 10 0 QUESTION0_18_R 1 6.428e+02 9.316e+01))))
|        ( QUESTION0_6_R 1 -1.312e+05 1.069e+03 6.054e+02
|            ( - -3.866e+04 12 0 QUESTION0 -1 4.980e+02 1.817e+02)
|            ( QUESTION0_5_R 1 -9.144e+04 9.213e+02 4.237e+02
|                ( - -1.418e+04 1 0)
|                ( - -7.634e+04 3 0 QUESTION18 -1 1.001e+03 3.550e+02)))))
s>    ( QUESTION2 -1 -2.593e+05 2.101e+03 1.154e+03
s>        ( - -3.957e+04 6 0 QUESTION0_4_R 1 8.784e+02 1.732e+02)
s>        ( QUESTION0_9_R 1 -2.177e+05 1.636e+03 9.811e+02
s>            ( QUESTION6 -1 -8.486e+04 1.337e+03 3.757e+02
s>                ( - -1.375e+04 1 0)
s>                ( QUESTION10 1 -6.977e+04 1.103e+03 3.061e+02
s>                    ( - -2.377e+04 1 0)
s>                    ( QUESTION2_18_L -1 -4.490e+04 9.503e+02 1.952e+02
s>                        ( - -2.249e+04 2 0 QUESTION4 -1 4.961e+02 1.020e+02)
s>                        ( - -2.145e+04 10 0 QUESTION0_18_R 1 6.428e+02 9.316e+01))))
s>            ( QUESTION0_6_R 1 -1.312e+05 1.069e+03 6.054e+02
s>                ( - -3.866e+04 12 0 QUESTION0 -1 4.980e+02 1.817e+02)
s>                ( QUESTION0_5_R 1 -9.144e+04 9.213e+02 4.237e+02
s>                    ( - -1.418e+04 1 0)
s>                    ( - -7.634e+04 3 0 QUESTION18 -1 1.001e+03 3.550e+02)))))INFO: dtree.c(1478): Final simple tree
|( QUESTION2_19_L -1 -1.302e+05 7.534e+02 5.846e+02
|    ( QUESTION4 -1 -5.445e+04 2.545e+02 2.513e+02
|        ( - -5.369e+04 3 0)
|        ( - -5.008e+02 1 0))
|    ( QUESTION2_2_L -1 -7.497e+04 3.713e+02 3.333e+02
|        ( WDBNDRY_B 0 -1.929e+04 3.209e+02 8.289e+01
|            ( QUESTION2_4_L -1 -1.609e+04 2.257e+02 6.887e+01
|                ( - -9.374e+03 1 0)
|                ( - -6.490e+03 5 0 QUESTION2_11_L -1 2.030e+02 2.800e+01))
|            ( - -2.876e+03 1 0))
|        ( QUESTION1 -1 -5.531e+04 3.351e+02 2.504e+02
|            ( - -1.199e+04 1 0)
|            ( QUESTION19 -1 -4.299e+04 2.646e+02 1.951e+02
|                ( - -4.136e+03 1 0)
|                ( - -3.859e+04 7 0 QUESTION0 -1 2.210e+02 1.762e+02)))))
s>    ( QUESTION2_19_L -1 -1.302e+05 7.534e+02 5.846e+02
s>        ( QUESTION4 -1 -5.445e+04 2.545e+02 2.513e+02
s>            ( - -5.369e+04 3 0)
s>            ( - -5.008e+02 1 0))
s>        ( QUESTION2_2_L -1 -7.497e+04 3.713e+02 3.333e+02
s>            ( WDBNDRY_B 0 -1.929e+04 3.209e+02 8.289e+01
s>                ( QUESTION2_4_L -1 -1.609e+04 2.257e+02 6.887e+01
s>                    ( - -9.374e+03 1 0)
s>                    ( - -6.490e+03 5 0 QUESTION2_11_L -1 2.030e+02 2.800e+01))
s>                ( - -2.876e+03 1 0))
s>            ( QUESTION1 -1 -5.531e+04 3.351e+02 2.504e+02
s>                ( - -1.199e+04 1 0)
s>                ( QUESTION19 -1 -4.299e+04 2.646e+02 1.951e+02
s>                    ( - -4.136e+03 1 0)
s>                    ( - -3.859e+04 7 0 QUESTION0 -1 2.210e+02 1.762e+02)))))INFO: dtree.c(1315): Comp split 1
INFO: dtree.c(1478): Final simple tree
|( QUESTION10 -1 -1.460e+05 1.115e+03 6.750e+02
|    ( QUESTION0_5_R 1 -9.331e+04 9.099e+02 4.317e+02
|        ( - -1.418e+04 1 0)
|        ( QUESTION18 -1 -7.822e+04 9.710e+02 3.630e+02
|            ( QUESTION0 1 -3.776e+04 4.925e+02 1.810e+02
|                ( - 2.178e+02 1 0)
|                ( - -3.749e+04 2 0 WDBNDRY_B 0 2.890e+02 1.800e+02))
|            ( QUESTION0_1_R 1 -3.949e+04 5.756e+02 1.820e+02
|                ( - -2.107e+04 1 0)
|                ( - -1.785e+04 1 0))))
|    ( QUESTION0_1_R 1 -5.156e+04 8.996e+02 2.432e+02
|        ( QUESTION0 -1 -3.691e+04 4.981e+02 1.737e+02
|            ( - -4.227e+03 1 0)
|            ( - -3.218e+04 9 0 WDBNDRY_B 0 3.220e+02 1.506e+02))
|        ( - -1.375e+04 1 0)))
s>    ( QUESTION10 -1 -1.460e+05 1.115e+03 6.750e+02
s>        ( QUESTION0_5_R 1 -9.331e+04 9.099e+02 4.317e+02
s>            ( - -1.418e+04 1 0)
s>            ( QUESTION18 -1 -7.822e+04 9.710e+02 3.630e+02
s>                ( QUESTION0 1 -3.776e+04 4.925e+02 1.810e+02
s>                    ( - 2.178e+02 1 0)
s>                    ( - -3.749e+04 2 0 WDBNDRY_B 0 2.890e+02 1.800e+02))
s>                ( QUESTION0_1_R 1 -3.949e+04 5.756e+02 1.820e+02
s>                    ( - -2.107e+04 1 0)
s>                    ( - -1.785e+04 1 0))))
s>        ( QUESTION0_1_R 1 -5.156e+04 8.996e+02 2.432e+02
s>            ( QUESTION0 -1 -3.691e+04 4.981e+02 1.737e+02
s>                ( - -4.227e+03 1 0)
s>                ( - -3.218e+04 9 0 WDBNDRY_B 0 3.220e+02 1.506e+02))
s>            ( - -1.375e+04 1 0)))INFO: dtree.c(1478): Final simple tree
|( QUESTION2_9_L -1 -1.109e+05 1.731e+03 4.793e+02
|    ( QUESTION5 1 -4.766e+04 1.127e+03 2.139e+02
|        ( - -2.377e+04 1 0)
|        ( WDBNDRY_B 0 -2.277e+04 5.142e+02 1.030e+02
|            ( - 2.424e+02 1 0)
|            ( - -2.249e+04 2 0 QUESTION4 -1 4.961e+02 1.020e+02)))
|    ( QUESTION0_4_R 1 -6.147e+04 1.139e+03 2.653e+02
|        ( - -2.046e+04 1 0)
|        ( QUESTION0_18_R 1 -3.987e+04 6.372e+02 1.741e+02
|            ( - -8.399e+03 1 0)
|            ( WDBNDRY_B 0 -3.084e+04 5.177e+02 1.342e+02
|                ( - -8.505e+03 9 0 QUESTION2_19_L -1 4.578e+02 3.800e+01)
|                ( QUESTION0_1_R 1 -2.182e+04 6.337e+02 9.621e+01
|                    ( - -1.151e+04 1 0)
|                    ( - -9.670e+03 3 0 QUESTION0_10_R 1 3.153e+02 4.322e+01))))))
s>    ( QUESTION2_9_L -1 -1.109e+05 1.731e+03 4.793e+02
s>        ( QUESTION5 1 -4.766e+04 1.127e+03 2.139e+02
s>            ( - -2.377e+04 1 0)
s>            ( WDBNDRY_B 0 -2.277e+04 5.142e+02 1.030e+02
s>                ( - 2.424e+02 1 0)
s>                ( - -2.249e+04 2 0 QUESTION4 -1 4.961e+02 1.020e+02)))
s>        ( QUESTION0_4_R 1 -6.147e+04 1.139e+03 2.653e+02
s>            ( - -2.046e+04 1 0)
s>            ( QUESTION0_18_R 1 -3.987e+04 6.372e+02 1.741e+02
s>                ( - -8.399e+03 1 0)
s>                ( WDBNDRY_B 0 -3.084e+04 5.177e+02 1.342e+02
s>                    ( - -8.505e+03 9 0 QUESTION2_19_L -1 4.578e+02 3.800e+01)
s>                    ( QUESTION0_1_R 1 -2.182e+04 6.337e+02 9.621e+01
s>                        ( - -1.151e+04 1 0)
s>                        ( - -9.670e+03 3 0 QUESTION0_10_R 1 3.153e+02 4.322e+01))))))INFO: dtree.c(1315): Comp split 2
INFO: dtree.c(1478): Final simple tree
|( QUESTION0_4_R 1 -6.170e+04 1.139e+03 2.663e+02
|    ( - -2.046e+04 1 0)
|    ( QUESTION0_18_R 1 -4.010e+04 6.388e+02 1.751e+02
|        ( - -8.399e+03 1 0)
|        ( WDBNDRY_B 0 -3.107e+04 5.089e+02 1.352e+02
|            ( QUESTION11 -1 -8.742e+03 4.791e+02 3.900e+01
|                ( - 2.424e+02 1 0)
|                ( QUESTION2_19_L -1 -8.505e+03 4.578e+02 3.800e+01
|                    ( - 1.529e+02 1 0)
|                    ( - -8.200e+03 8 0 QUESTION5 1 2.627e+02 3.700e+01)))
|            ( QUESTION0_1_R 1 -2.182e+04 6.337e+02 9.621e+01
|                ( - -1.151e+04 1 0)
|                ( QUESTION0_10_R 1 -9.670e+03 3.153e+02 4.322e+01
|                    ( - -3.600e+03 1 0)
|                    ( - -5.754e+03 2 0 QUESTION0 -1 2.120e+02 2.622e+01))))))
s>    ( QUESTION0_4_R 1 -6.170e+04 1.139e+03 2.663e+02
s>        ( - -2.046e+04 1 0)
s>        ( QUESTION0_18_R 1 -4.010e+04 6.388e+02 1.751e+02
s>            ( - -8.399e+03 1 0)
s>            ( WDBNDRY_B 0 -3.107e+04 5.089e+02 1.352e+02
s>                ( QUESTION11 -1 -8.742e+03 4.791e+02 3.900e+01
s>                    ( - 2.424e+02 1 0)
s>                    ( QUESTION2_19_L -1 -8.505e+03 4.578e+02 3.800e+01
s>                        ( - 1.529e+02 1 0)
s>                        ( - -8.200e+03 8 0 QUESTION5 1 2.627e+02 3.700e+01)))
s>                ( QUESTION0_1_R 1 -2.182e+04 6.337e+02 9.621e+01
s>                    ( - -1.151e+04 1 0)
s>                    ( QUESTION0_10_R 1 -9.670e+03 3.153e+02 4.322e+01
s>                        ( - -3.600e+03 1 0)
s>                        ( - -5.754e+03 2 0 QUESTION0 -1 2.120e+02 2.622e+01))))))INFO: dtree.c(1439): stop. leaf nodes are specific
INFO: dtree.c(1478): Final simple tree
|( QUESTION0_10_R 1 -4.740e+04 1.136e+03 2.129e+02
|    ( QUESTION4 -1 -2.249e+04 4.961e+02 1.020e+02
|        ( - -3.235e+03 1 0)
|        ( - -1.876e+04 1 0))
|    ( - -2.377e+04 1 0))
s>    ( QUESTION0_10_R 1 -4.740e+04 1.136e+03 2.129e+02
s>        ( QUESTION4 -1 -2.249e+04 4.961e+02 1.020e+02
s>            ( - -3.235e+03 1 0)
s>            ( - -1.876e+04 1 0))
s>        ( - -2.377e+04 1 0))INFO: dtree.c(1315): Comp split 3
INFO: dtree.c(1439): stop. leaf nodes are specific
INFO: dtree.c(1478): Final simple tree
|( QUESTION0_1_R 1 -3.949e+04 5.756e+02 1.820e+02
|    ( - -2.107e+04 1 0)
|    ( - -1.785e+04 1 0))
s>    ( QUESTION0_1_R 1 -3.949e+04 5.756e+02 1.820e+02
s>        ( - -2.107e+04 1 0)
s>        ( - -1.785e+04 1 0))INFO: dtree.c(1478): Final simple tree
|( QUESTION0_4_R 1 -1.052e+05 1.103e+03 4.930e+02
|    ( QUESTION0_5_R 1 -5.078e+04 7.519e+02 2.418e+02
|        ( - -1.418e+04 1 0)
|        ( - -3.585e+04 1 0))
|    ( QUESTION0_1_R 1 -5.332e+04 9.087e+02 2.512e+02
|        ( QUESTION0 -1 -3.866e+04 4.980e+02 1.817e+02
|            ( - -4.227e+03 1 0)
|            ( WDBNDRY_B 0 -3.394e+04 3.288e+02 1.586e+02
|                ( QUESTION0 1 -2.284e+04 2.385e+02 1.075e+02
|                    ( QUESTION5 -1 -4.462e+03 4.590e+02 2.000e+01
|                        ( - 2.178e+02 1 0)
|                        ( - -4.221e+03 3 0 SILENCE -1 1.076e+02 1.900e+01))
|                    ( - -1.814e+04 4 0 QUESTION4 -1 3.321e+02 8.747e+01))
|                ( - -1.077e+04 3 0 QUESTION0 1 2.351e+02 5.110e+01)))
|        ( - -1.375e+04 1 0)))
s>    ( QUESTION0_4_R 1 -1.052e+05 1.103e+03 4.930e+02
s>        ( QUESTION0_5_R 1 -5.078e+04 7.519e+02 2.418e+02
s>            ( - -1.418e+04 1 0)
s>            ( - -3.585e+04 1 0))
s>        ( QUESTION0_1_R 1 -5.332e+04 9.087e+02 2.512e+02
s>            ( QUESTION0 -1 -3.866e+04 4.980e+02 1.817e+02
s>                ( - -4.227e+03 1 0)
s>                ( WDBNDRY_B 0 -3.394e+04 3.288e+02 1.586e+02
s>                    ( QUESTION0 1 -2.284e+04 2.385e+02 1.075e+02
s>                        ( QUESTION5 -1 -4.462e+03 4.590e+02 2.000e+01
s>                            ( - 2.178e+02 1 0)
s>                            ( - -4.221e+03 3 0 SILENCE -1 1.076e+02 1.900e+01))
s>                        ( - -1.814e+04 4 0 QUESTION4 -1 3.321e+02 8.747e+01))
s>                    ( - -1.077e+04 3 0 QUESTION0 1 2.351e+02 5.110e+01)))
s>            ( - -1.375e+04 1 0)))INFO: dtree.c(1315): Comp split 4
INFO: dtree.c(1478): Final simple tree
|( QUESTION0_18_R 1 -4.010e+04 6.388e+02 1.751e+02
|    ( - -8.399e+03 1 0)
|    ( WDBNDRY_B 0 -3.107e+04 5.089e+02 1.352e+02
|        ( QUESTION11 -1 -8.742e+03 4.791e+02 3.900e+01
|            ( - 2.424e+02 1 0)
|            ( QUESTION2_19_L -1 -8.505e+03 4.578e+02 3.800e+01
|                ( - 1.529e+02 1 0)
|                ( QUESTION5 1 -8.200e+03 2.627e+02 3.700e+01
|                    ( - -4.562e+03 2 0)
|                    ( - -3.375e+03 6 0 QUESTION5 -1 1.915e+02 1.400e+01))))
|        ( QUESTION0_1_R 1 -2.182e+04 6.337e+02 9.621e+01
|            ( - -1.151e+04 1 0)
|            ( QUESTION0_10_R 1 -9.670e+03 3.153e+02 4.322e+01
|                ( - -3.600e+03 1 0)
|                ( - -5.754e+03 2 0 QUESTION0 -1 2.120e+02 2.622e+01)))))
s>    ( QUESTION0_18_R 1 -4.010e+04 6.388e+02 1.751e+02
s>        ( - -8.399e+03 1 0)
s>        ( WDBNDRY_B 0 -3.107e+04 5.089e+02 1.352e+02
s>            ( QUESTION11 -1 -8.742e+03 4.791e+02 3.900e+01
s>                ( - 2.424e+02 1 0)
s>                ( QUESTION2_19_L -1 -8.505e+03 4.578e+02 3.800e+01
s>                    ( - 1.529e+02 1 0)
s>                    ( QUESTION5 1 -8.200e+03 2.627e+02 3.700e+01
s>                        ( - -4.562e+03 2 0)
s>                        ( - -3.375e+03 6 0 QUESTION5 -1 1.915e+02 1.400e+01))))
s>            ( QUESTION0_1_R 1 -2.182e+04 6.337e+02 9.621e+01
s>                ( - -1.151e+04 1 0)
s>                ( QUESTION0_10_R 1 -9.670e+03 3.153e+02 4.322e+01
s>                    ( - -3.600e+03 1 0)
s>                    ( - -5.754e+03 2 0 QUESTION0 -1 2.120e+02 2.622e+01)))))INFO: dtree.c(1315): Comp split 5
INFO: dtree.c(1439): stop. leaf nodes are specific
INFO: dtree.c(1478): Final simple tree
|( QUESTION4 -1 -2.249e+04 4.961e+02 1.020e+02
|    ( - -3.235e+03 1 0)
|    ( - -1.876e+04 1 0))
s>    ( QUESTION4 -1 -2.249e+04 4.961e+02 1.020e+02
s>        ( - -3.235e+03 1 0)
s>        ( - -1.876e+04 1 0))INFO: dtree.c(1315): Comp split 6
INFO: dtree.c(1478): Final simple tree
|( QUESTION0_1_R 1 -5.332e+04 9.087e+02 2.512e+02
|    ( QUESTION0 -1 -3.866e+04 4.980e+02 1.817e+02
|        ( - -4.227e+03 1 0)
|        ( WDBNDRY_B 0 -3.394e+04 3.288e+02 1.586e+02
|            ( QUESTION0 1 -2.284e+04 2.385e+02 1.075e+02
|                ( QUESTION5 -1 -4.462e+03 4.590e+02 2.000e+01
|                    ( - 2.178e+02 1 0)
|                    ( - -4.221e+03 3 0 SILENCE -1 1.076e+02 1.900e+01))
|                ( QUESTION4 -1 -1.814e+04 3.321e+02 8.747e+01
|                    ( - -7.205e+03 2 0)
|                    ( - -1.060e+04 2 0 SILENCE -1 1.481e+02 5.048e+01)))
|            ( QUESTION0 1 -1.077e+04 2.351e+02 5.110e+01
|                ( - -2.363e+03 1 0)
|                ( - -8.171e+03 2 0 QUESTION4 -1 2.635e+02 4.009e+01))))
|    ( - -1.375e+04 1 0))
s>    ( QUESTION0_1_R 1 -5.332e+04 9.087e+02 2.512e+02
s>        ( QUESTION0 -1 -3.866e+04 4.980e+02 1.817e+02
s>            ( - -4.227e+03 1 0)
s>            ( WDBNDRY_B 0 -3.394e+04 3.288e+02 1.586e+02
s>                ( QUESTION0 1 -2.284e+04 2.385e+02 1.075e+02
s>                    ( QUESTION5 -1 -4.462e+03 4.590e+02 2.000e+01
s>                        ( - 2.178e+02 1 0)
s>                        ( - -4.221e+03 3 0 SILENCE -1 1.076e+02 1.900e+01))
s>                    ( QUESTION4 -1 -1.814e+04 3.321e+02 8.747e+01
s>                        ( - -7.205e+03 2 0)
s>                        ( - -1.060e+04 2 0 SILENCE -1 1.481e+02 5.048e+01)))
s>                ( QUESTION0 1 -1.077e+04 2.351e+02 5.110e+01
s>                    ( - -2.363e+03 1 0)
s>                    ( - -8.171e+03 2 0 QUESTION4 -1 2.635e+02 4.009e+01))))
s>        ( - -1.375e+04 1 0))INFO: dtree.c(1439): stop. leaf nodes are specific
INFO: dtree.c(1478): Final simple tree
|( QUESTION0_5_R 1 -5.078e+04 7.519e+02 2.418e+02
|    ( - -1.418e+04 1 0)
|    ( - -3.585e+04 1 0))
s>    ( QUESTION0_5_R 1 -5.078e+04 7.519e+02 2.418e+02
s>        ( - -1.418e+04 1 0)
s>        ( - -3.585e+04 1 0))INFO: dtree.c(1315): Comp split 7
INFO: dtree.c(1439): stop. leaf nodes are specific
INFO: dtree.c(1478): Final simple tree
|( QUESTION2_0_L -1 -7.559e+04 3.631e+02 3.445e+02
|    ( QUESTION0 -1 -2.153e+04 1.683e+02 9.621e+01
|        ( - -1.199e+04 1 0)
|        ( - -9.374e+03 1 0))
|    ( - -5.369e+04 3 0))
s>    ( QUESTION2_0_L -1 -7.559e+04 3.631e+02 3.445e+02
s>        ( QUESTION0 -1 -2.153e+04 1.683e+02 9.621e+01
s>            ( - -1.199e+04 1 0)
s>            ( - -9.374e+03 1 0))
s>        ( - -5.369e+04 3 0))INFO: dtree.c(1478): Final simple tree
|( QUESTION2_2_L -1 -5.365e+04 3.631e+02 2.401e+02
|    ( WDBNDRY_B 0 -9.600e+03 2.338e+02 4.202e+01
|        ( QUESTION2_11_L -1 -6.490e+03 2.030e+02 2.800e+01
|            ( - -3.557e+03 1 0)
|            ( - -2.730e+03 4 0 QUESTION2_3_L -1 1.262e+02 1.200e+01))
|        ( - -2.876e+03 1 0))
|    ( QUESTION19 -1 -4.368e+04 2.688e+02 1.981e+02
|        ( - -4.136e+03 1 0)
|        ( QUESTION0 -1 -3.928e+04 2.087e+02 1.792e+02
|            ( - -1.189e+04 3 0)
|            ( QUESTION13 -1 -2.718e+04 2.022e+02 1.243e+02
|                ( - -5.008e+02 1 0)
|                ( QUESTION7 -1 -2.648e+04 1.790e+02 1.213e+02
|                    ( - -5.232e+02 1 0)
|                    ( - -2.578e+04 3 0 SILENCE -1 1.312e+02 1.183e+02))))))
s>    ( QUESTION2_2_L -1 -5.365e+04 3.631e+02 2.401e+02
s>        ( WDBNDRY_B 0 -9.600e+03 2.338e+02 4.202e+01
s>            ( QUESTION2_11_L -1 -6.490e+03 2.030e+02 2.800e+01
s>                ( - -3.557e+03 1 0)
s>                ( - -2.730e+03 4 0 QUESTION2_3_L -1 1.262e+02 1.200e+01))
s>            ( - -2.876e+03 1 0))
s>        ( QUESTION19 -1 -4.368e+04 2.688e+02 1.981e+02
s>            ( - -4.136e+03 1 0)
s>            ( QUESTION0 -1 -3.928e+04 2.087e+02 1.792e+02
s>                ( - -1.189e+04 3 0)
s>                ( QUESTION13 -1 -2.718e+04 2.022e+02 1.243e+02
s>                    ( - -5.008e+02 1 0)
s>                    ( QUESTION7 -1 -2.648e+04 1.790e+02 1.213e+02
s>                        ( - -5.232e+02 1 0)
s>                        ( - -2.578e+04 3 0 SILENCE -1 1.312e+02 1.183e+02))))))INFO: dtree.c(1315): Comp split 8
INFO: dtree.c(1478): Final simple tree
|( QUESTION0 -1 -3.866e+04 4.980e+02 1.817e+02
|    ( - -4.227e+03 1 0)
|    ( WDBNDRY_B 0 -3.394e+04 3.288e+02 1.586e+02
|        ( QUESTION0 1 -2.284e+04 2.385e+02 1.075e+02
|            ( QUESTION5 -1 -4.462e+03 4.590e+02 2.000e+01
|                ( - 2.178e+02 1 0)
|                ( - -4.221e+03 3 0 SILENCE -1 1.076e+02 1.900e+01))
|            ( QUESTION4 -1 -1.814e+04 3.321e+02 8.747e+01
|                ( - -7.205e+03 2 0)
|                ( - -1.060e+04 2 0 SILENCE -1 1.481e+02 5.048e+01)))
|        ( QUESTION0 1 -1.077e+04 2.351e+02 5.110e+01
|            ( - -2.363e+03 1 0)
|            ( QUESTION4 -1 -8.171e+03 2.635e+02 4.009e+01
|                ( - -3.817e+03 1 0)
|                ( - -4.090e+03 1 0)))))
s>    ( QUESTION0 -1 -3.866e+04 4.980e+02 1.817e+02
s>        ( - -4.227e+03 1 0)
s>        ( WDBNDRY_B 0 -3.394e+04 3.288e+02 1.586e+02
s>            ( QUESTION0 1 -2.284e+04 2.385e+02 1.075e+02
s>                ( QUESTION5 -1 -4.462e+03 4.590e+02 2.000e+01
s>                    ( - 2.178e+02 1 0)
s>                    ( - -4.221e+03 3 0 SILENCE -1 1.076e+02 1.900e+01))
s>                ( QUESTION4 -1 -1.814e+04 3.321e+02 8.747e+01
s>                    ( - -7.205e+03 2 0)
s>                    ( - -1.060e+04 2 0 SILENCE -1 1.481e+02 5.048e+01)))
s>            ( QUESTION0 1 -1.077e+04 2.351e+02 5.110e+01
s>                ( - -2.363e+03 1 0)
s>                ( QUESTION4 -1 -8.171e+03 2.635e+02 4.009e+01
s>                    ( - -3.817e+03 1 0)
s>                    ( - -4.090e+03 1 0)))))INFO: dtree.c(1315): Comp split 9
INFO: dtree.c(1478): Final simple tree
|( QUESTION5 1 -2.774e+04 5.987e+02 1.222e+02
|    ( WDBNDRY_B 0 -1.331e+04 3.512e+02 6.294e+01
|        ( - -4.562e+03 2 0)
|        ( - -8.399e+03 1 0))
|    ( QUESTION11 -1 -1.383e+04 4.668e+02 5.922e+01
|        ( - 2.424e+02 1 0)
|        ( QUESTION0_10_R 1 -1.360e+04 3.266e+02 5.822e+01
|            ( - -3.600e+03 1 0)
|            ( QUESTION2_19_L -1 -9.674e+03 4.385e+02 4.122e+01
|                ( - 1.529e+02 1 0)
|                ( QUESTION1 -1 -9.388e+03 2.836e+02 4.022e+01
|                    ( - -4.265e+03 1 0)
|                    ( QUESTION5 -1 -4.840e+03 2.347e+02 2.000e+01
|                        ( - -2.112e+03 3 0 WDBNDRY_B 0 1.443e+02 9.000e+00)
|                        ( - -2.493e+03 4 0 QUESTION3 -1 1.448e+02 1.100e+01)))))))
s>    ( QUESTION5 1 -2.774e+04 5.987e+02 1.222e+02
s>        ( WDBNDRY_B 0 -1.331e+04 3.512e+02 6.294e+01
s>            ( - -4.562e+03 2 0)
s>            ( - -8.399e+03 1 0))
s>        ( QUESTION11 -1 -1.383e+04 4.668e+02 5.922e+01
s>            ( - 2.424e+02 1 0)
s>            ( QUESTION0_10_R 1 -1.360e+04 3.266e+02 5.822e+01
s>                ( - -3.600e+03 1 0)
s>                ( QUESTION2_19_L -1 -9.674e+03 4.385e+02 4.122e+01
s>                    ( - 1.529e+02 1 0)
s>                    ( QUESTION1 -1 -9.388e+03 2.836e+02 4.022e+01
s>                        ( - -4.265e+03 1 0)
s>                        ( QUESTION5 -1 -4.840e+03 2.347e+02 2.000e+01
s>                            ( - -2.112e+03 3 0 WDBNDRY_B 0 1.443e+02 9.000e+00)
s>                            ( - -2.493e+03 4 0 QUESTION3 -1 1.448e+02 1.100e+01)))))))INFO: dtree.c(1315): Comp split 10
INFO: dtree.c(1315): Comp split 11
INFO: dtree.c(1439): stop. leaf nodes are specific
INFO: dtree.c(1478): Final simple tree
|( QUESTION0_18_R 1 -2.002e+04 4.423e+02 9.093e+01
|    ( - -8.399e+03 1 0)
|    ( WDBNDRY_B 0 -1.118e+04 3.090e+02 5.099e+01
|        ( QUESTION5 1 -7.269e+03 2.135e+02 3.400e+01
|            ( - -4.562e+03 2 0)
|            ( QUESTION3 -1 -2.493e+03 1.448e+02 1.100e+01
|                ( - -4.748e+02 1 0)
|                ( SILENCE -1 -1.874e+03 1.482e+02 9.000e+00
|                    ( - -5.227e+02 1 0)
|                    ( - -1.203e+03 2 0))))
|        ( - -3.600e+03 1 0)))
s>    ( QUESTION0_18_R 1 -2.002e+04 4.423e+02 9.093e+01
s>        ( - -8.399e+03 1 0)
s>        ( WDBNDRY_B 0 -1.118e+04 3.090e+02 5.099e+01
s>            ( QUESTION5 1 -7.269e+03 2.135e+02 3.400e+01
s>                ( - -4.562e+03 2 0)
s>                ( QUESTION3 -1 -2.493e+03 1.448e+02 1.100e+01
s>                    ( - -4.748e+02 1 0)
s>                    ( SILENCE -1 -1.874e+03 1.482e+02 9.000e+00
s>                        ( - -5.227e+02 1 0)
s>                        ( - -1.203e+03 2 0))))
s>            ( - -3.600e+03 1 0)))INFO: dtree.c(1439): stop. leaf nodes are specific
INFO: dtree.c(1478): Final simple tree
|( QUESTION11 -1 -7.099e+03 4.593e+02 3.122e+01
|    ( - 2.424e+02 1 0)
|    ( QUESTION4 -1 -6.882e+03 4.405e+02 3.022e+01
|        ( - 1.529e+02 1 0)
|        ( QUESTION0 -1 -6.595e+03 2.179e+02 2.922e+01
|            ( - -4.265e+03 1 0)
|            ( WDBNDRY_B 0 -2.112e+03 1.443e+02 9.000e+00
|                ( QUESTION19 -1 -6.906e+02 4.881e+02 3.000e+00
|                    ( - -4.191e+02 1 0)
|                    ( - 2.166e+02 1 0))
|                ( - -1.277e+03 1 0)))))
s>    ( QUESTION11 -1 -7.099e+03 4.593e+02 3.122e+01
s>        ( - 2.424e+02 1 0)
s>        ( QUESTION4 -1 -6.882e+03 4.405e+02 3.022e+01
s>            ( - 1.529e+02 1 0)
s>            ( QUESTION0 -1 -6.595e+03 2.179e+02 2.922e+01
s>                ( - -4.265e+03 1 0)
s>                ( WDBNDRY_B 0 -2.112e+03 1.443e+02 9.000e+00
s>                    ( QUESTION19 -1 -6.906e+02 4.881e+02 3.000e+00
s>                        ( - -4.191e+02 1 0)
s>                        ( - 2.166e+02 1 0))
s>                    ( - -1.277e+03 1 0)))))INFO: dtree.c(1315): Comp split 12
INFO: dtree.c(1439): stop. leaf nodes are specific
INFO: dtree.c(1478): Final simple tree
|( QUESTION0 -1 -1.171e+04 2.817e+02 6.008e+01
|    ( - -4.227e+03 1 0)
|    ( - -7.205e+03 2 0))
s>    ( QUESTION0 -1 -1.171e+04 2.817e+02 6.008e+01
s>        ( - -4.227e+03 1 0)
s>        ( - -7.205e+03 2 0))INFO: dtree.c(1478): Final simple tree
|( WDBNDRY_B 0 -2.634e+04 3.230e+02 1.216e+02
|    ( QUESTION0 1 -1.525e+04 1.830e+02 7.048e+01
|        ( QUESTION5 -1 -4.462e+03 4.590e+02 2.000e+01
|            ( - 2.178e+02 1 0)
|            ( SILENCE -1 -4.221e+03 1.076e+02 1.900e+01
|                ( - -1.881e+03 1 0)
|                ( - -2.233e+03 2 0)))
|        ( SILENCE -1 -1.060e+04 1.481e+02 5.048e+01
|            ( - -9.102e+03 1 0)
|            ( - -1.352e+03 1 0)))
|    ( QUESTION0 1 -1.077e+04 2.351e+02 5.110e+01
|        ( - -2.363e+03 1 0)
|        ( QUESTION4 -1 -8.171e+03 2.635e+02 4.009e+01
|            ( - -3.817e+03 1 0)
|            ( - -4.090e+03 1 0))))
s>    ( WDBNDRY_B 0 -2.634e+04 3.230e+02 1.216e+02
s>        ( QUESTION0 1 -1.525e+04 1.830e+02 7.048e+01
s>            ( QUESTION5 -1 -4.462e+03 4.590e+02 2.000e+01
s>                ( - 2.178e+02 1 0)
s>                ( SILENCE -1 -4.221e+03 1.076e+02 1.900e+01
s>                    ( - -1.881e+03 1 0)
s>                    ( - -2.233e+03 2 0)))
s>            ( SILENCE -1 -1.060e+04 1.481e+02 5.048e+01
s>                ( - -9.102e+03 1 0)
s>                ( - -1.352e+03 1 0)))
s>        ( QUESTION0 1 -1.077e+04 2.351e+02 5.110e+01
s>            ( - -2.363e+03 1 0)
s>            ( QUESTION4 -1 -8.171e+03 2.635e+02 4.009e+01
s>                ( - -3.817e+03 1 0)
s>                ( - -4.090e+03 1 0))))INFO: dtree.c(1315): Comp split 13
INFO: dtree.c(1315): Comp split 14
INFO: dtree.c(1315): Comp split 15
INFO: dtree.c(1439): stop. leaf nodes are specific
INFO: dtree.c(1478): Final simple tree
|( QUESTION11 -1 -6.832e+03 4.587e+02 3.022e+01
|    ( - 2.424e+02 1 0)
|    ( QUESTION4 -1 -6.616e+03 4.422e+02 2.922e+01
|        ( - 1.529e+02 1 0)
|        ( QUESTION0 -1 -6.326e+03 2.100e+02 2.822e+01
|            ( - -4.265e+03 1 0)
|            ( WDBNDRY_B 0 -1.851e+03 1.552e+02 8.000e+00
|                ( - -4.191e+02 1 0)
|                ( - -1.277e+03 1 0)))))
s>    ( QUESTION11 -1 -6.832e+03 4.587e+02 3.022e+01
s>        ( - 2.424e+02 1 0)
s>        ( QUESTION4 -1 -6.616e+03 4.422e+02 2.922e+01
s>            ( - 1.529e+02 1 0)
s>            ( QUESTION0 -1 -6.326e+03 2.100e+02 2.822e+01
s>                ( - -4.265e+03 1 0)
s>                ( WDBNDRY_B 0 -1.851e+03 1.552e+02 8.000e+00
s>                    ( - -4.191e+02 1 0)
s>                    ( - -1.277e+03 1 0)))))INFO: dtree.c(1315): Comp split 16
INFO: dtree.c(1439): stop. leaf nodes are specific
INFO: dtree.c(1478): Final simple tree
|( WDBNDRY_B 0 -2.609e+04 3.249e+02 1.206e+02
|    ( QUESTION0 1 -1.500e+04 1.754e+02 6.948e+01
|        ( SILENCE -1 -4.221e+03 1.076e+02 1.900e+01
|            ( - -1.881e+03 1 0)
|            ( - -2.233e+03 2 0))
|        ( SILENCE -1 -1.060e+04 1.481e+02 5.048e+01
|            ( - -9.102e+03 1 0)
|            ( - -1.352e+03 1 0)))
|    ( QUESTION0 1 -1.077e+04 2.351e+02 5.110e+01
|        ( - -2.363e+03 1 0)
|        ( QUESTION4 -1 -8.171e+03 2.635e+02 4.009e+01
|            ( - -3.817e+03 1 0)
|            ( - -4.090e+03 1 0))))
s>    ( WDBNDRY_B 0 -2.609e+04 3.249e+02 1.206e+02
s>        ( QUESTION0 1 -1.500e+04 1.754e+02 6.948e+01
s>            ( SILENCE -1 -4.221e+03 1.076e+02 1.900e+01
s>                ( - -1.881e+03 1 0)
s>                ( - -2.233e+03 2 0))
s>            ( SILENCE -1 -1.060e+04 1.481e+02 5.048e+01
s>                ( - -9.102e+03 1 0)
s>                ( - -1.352e+03 1 0)))
s>        ( QUESTION0 1 -1.077e+04 2.351e+02 5.110e+01
s>            ( - -2.363e+03 1 0)
s>            ( QUESTION4 -1 -8.171e+03 2.635e+02 4.009e+01
s>                ( - -3.817e+03 1 0)
s>                ( - -4.090e+03 1 0))))INFO: dtree.c(1315): Comp split 17
INFO: dtree.c(1439): stop. leaf nodes are specific
INFO: dtree.c(1478): Final simple tree
|( QUESTION4 -1 -6.616e+03 4.422e+02 2.922e+01
|    ( - 1.529e+02 1 0)
|    ( QUESTION0 -1 -6.326e+03 2.100e+02 2.822e+01
|        ( - -4.265e+03 1 0)
|        ( WDBNDRY_B 0 -1.851e+03 1.552e+02 8.000e+00
|            ( - -4.191e+02 1 0)
|            ( - -1.277e+03 1 0))))
s>    ( QUESTION4 -1 -6.616e+03 4.422e+02 2.922e+01
s>        ( - 1.529e+02 1 0)
s>        ( QUESTION0 -1 -6.326e+03 2.100e+02 2.822e+01
s>            ( - -4.265e+03 1 0)
s>            ( WDBNDRY_B 0 -1.851e+03 1.552e+02 8.000e+00
s>                ( - -4.191e+02 1 0)
s>                ( - -1.277e+03 1 0))))INFO: dtree.c(1315): Comp split 18
INFO: dtree.c(1439): stop. leaf nodes are specific
INFO: dtree.c(1478): Final simple tree
|( WDBNDRY_B 0 -1.118e+04 3.090e+02 5.099e+01
|    ( QUESTION5 1 -7.269e+03 2.135e+02 3.400e+01
|        ( - -4.562e+03 2 0)
|        ( QUESTION3 -1 -2.493e+03 1.448e+02 1.100e+01
|            ( - -4.748e+02 1 0)
|            ( SILENCE -1 -1.874e+03 1.482e+02 9.000e+00
|                ( - -5.227e+02 1 0)
|                ( - -1.203e+03 2 0))))
|    ( - -3.600e+03 1 0))
s>    ( WDBNDRY_B 0 -1.118e+04 3.090e+02 5.099e+01
s>        ( QUESTION5 1 -7.269e+03 2.135e+02 3.400e+01
s>            ( - -4.562e+03 2 0)
s>            ( QUESTION3 -1 -2.493e+03 1.448e+02 1.100e+01
s>                ( - -4.748e+02 1 0)
s>                ( SILENCE -1 -1.874e+03 1.482e+02 9.000e+00
s>                    ( - -5.227e+02 1 0)
s>                    ( - -1.203e+03 2 0))))
s>        ( - -3.600e+03 1 0))INFO: dtree.c(1315): Comp split 19
INFO: dtree.c(1439): stop. leaf nodes are specific
INFO: dtree.c(1478): Final simple tree
|( QUESTION0 -1 -6.326e+03 2.100e+02 2.822e+01
|    ( - -4.265e+03 1 0)
|    ( WDBNDRY_B 0 -1.851e+03 1.552e+02 8.000e+00
|        ( - -4.191e+02 1 0)
|        ( - -1.277e+03 1 0)))
s>    ( QUESTION0 -1 -6.326e+03 2.100e+02 2.822e+01
s>        ( - -4.265e+03 1 0)
s>        ( WDBNDRY_B 0 -1.851e+03 1.552e+02 8.000e+00
s>            ( - -4.191e+02 1 0)
s>            ( - -1.277e+03 1 0)))INFO: dtree.c(1315): Comp split 20
INFO: dtree.c(1478): Final simple tree
|( QUESTION19 -1 -4.746e+04 2.776e+02 2.141e+02
|    ( - -4.136e+03 1 0)
|    ( QUESTION4 -1 -4.305e+04 2.152e+02 1.952e+02
|        ( - -3.557e+03 1 0)
|        ( QUESTION0 -1 -3.928e+04 2.087e+02 1.792e+02
|            ( - -1.189e+04 3 0)
|            ( QUESTION13 -1 -2.718e+04 2.022e+02 1.243e+02
|                ( - -5.008e+02 1 0)
|                ( QUESTION7 -1 -2.648e+04 1.790e+02 1.213e+02
|                    ( - -5.232e+02 1 0)
|                    ( SILENCE -1 -2.578e+04 1.312e+02 1.183e+02
|                        ( - -7.776e+03 1 0)
|                        ( QUESTION6 -1 -1.787e+04 1.253e+02 8.222e+01
|                            ( - -6.690e+02 1 0)
|                            ( - -1.707e+04 1 0))))))))
s>    ( QUESTION19 -1 -4.746e+04 2.776e+02 2.141e+02
s>        ( - -4.136e+03 1 0)
s>        ( QUESTION4 -1 -4.305e+04 2.152e+02 1.952e+02
s>            ( - -3.557e+03 1 0)
s>            ( QUESTION0 -1 -3.928e+04 2.087e+02 1.792e+02
s>                ( - -1.189e+04 3 0)
s>                ( QUESTION13 -1 -2.718e+04 2.022e+02 1.243e+02
s>                    ( - -5.008e+02 1 0)
s>                    ( QUESTION7 -1 -2.648e+04 1.790e+02 1.213e+02
s>                        ( - -5.232e+02 1 0)
s>                        ( SILENCE -1 -2.578e+04 1.312e+02 1.183e+02
s>                            ( - -7.776e+03 1 0)
s>                            ( QUESTION6 -1 -1.787e+04 1.253e+02 8.222e+01
s>                                ( - -6.690e+02 1 0)
s>                                ( - -1.707e+04 1 0))))))))INFO: dtree.c(1439): stop. leaf nodes are specific
INFO: dtree.c(1478): Final simple tree
|( WDBNDRY_B 0 -5.810e+03 2.036e+02 2.602e+01
|    ( QUESTION2_3_L -1 -2.730e+03 1.262e+02 1.200e+01
|        ( - -3.437e+02 1 0)
|        ( QUESTION2_10_L -1 -2.261e+03 1.197e+02 1.000e+01
|            ( - -1.091e+03 1 0)
|            ( - -1.050e+03 2 0)))
|    ( - -2.876e+03 1 0))
s>    ( WDBNDRY_B 0 -5.810e+03 2.036e+02 2.602e+01
s>        ( QUESTION2_3_L -1 -2.730e+03 1.262e+02 1.200e+01
s>            ( - -3.437e+02 1 0)
s>            ( QUESTION2_10_L -1 -2.261e+03 1.197e+02 1.000e+01
s>                ( - -1.091e+03 1 0)
s>                ( - -1.050e+03 2 0)))
s>        ( - -2.876e+03 1 0))INFO: dtree.c(1315): Comp split 21
INFO: dtree.c(1439): stop. leaf nodes are specific
INFO: dtree.c(1478): Final simple tree
|( QUESTION0 -1 -2.153e+04 1.683e+02 9.621e+01
|    ( - -1.199e+04 1 0)
|    ( - -9.374e+03 1 0))
s>    ( QUESTION0 -1 -2.153e+04 1.683e+02 9.621e+01
s>        ( - -1.199e+04 1 0)
s>        ( - -9.374e+03 1 0))INFO: dtree.c(1315): Comp split 22
INFO: dtree.c(1439): stop. leaf nodes are specific
INFO: dtree.c(1478): Final simple tree
|( WDBNDRY_B 0 -2.192e+04 2.845e+02 1.006e+02
|    ( QUESTION0 1 -1.500e+04 1.754e+02 6.948e+01
|        ( SILENCE -1 -4.221e+03 1.076e+02 1.900e+01
|            ( - -1.881e+03 1 0)
|            ( - -2.233e+03 2 0))
|        ( SILENCE -1 -1.060e+04 1.481e+02 5.048e+01
|            ( - -9.102e+03 1 0)
|            ( - -1.352e+03 1 0)))
|    ( QUESTION0 1 -6.634e+03 1.804e+02 3.110e+01
|        ( - -2.363e+03 1 0)
|        ( - -4.090e+03 1 0)))
s>    ( WDBNDRY_B 0 -2.192e+04 2.845e+02 1.006e+02
s>        ( QUESTION0 1 -1.500e+04 1.754e+02 6.948e+01
s>            ( SILENCE -1 -4.221e+03 1.076e+02 1.900e+01
s>                ( - -1.881e+03 1 0)
s>                ( - -2.233e+03 2 0))
s>            ( SILENCE -1 -1.060e+04 1.481e+02 5.048e+01
s>                ( - -9.102e+03 1 0)
s>                ( - -1.352e+03 1 0)))
s>        ( QUESTION0 1 -6.634e+03 1.804e+02 3.110e+01
s>            ( - -2.363e+03 1 0)
s>            ( - -4.090e+03 1 0)))INFO: dtree.c(1315): Comp split 23
INFO: dtree.c(1439): stop. leaf nodes are specific
INFO: dtree.c(1478): Final simple tree
|( QUESTION5 1 -7.269e+03 2.135e+02 3.400e+01
|    ( - -4.562e+03 2 0)
|    ( QUESTION3 -1 -2.493e+03 1.448e+02 1.100e+01
|        ( - -4.748e+02 1 0)
|        ( SILENCE -1 -1.874e+03 1.482e+02 9.000e+00
|            ( - -5.227e+02 1 0)
|            ( - -1.203e+03 2 0))))
s>    ( QUESTION5 1 -7.269e+03 2.135e+02 3.400e+01
s>        ( - -4.562e+03 2 0)
s>        ( QUESTION3 -1 -2.493e+03 1.448e+02 1.100e+01
s>            ( - -4.748e+02 1 0)
s>            ( SILENCE -1 -1.874e+03 1.482e+02 9.000e+00
s>                ( - -5.227e+02 1 0)
s>                ( - -1.203e+03 2 0))))INFO: dtree.c(1315): Comp split 24
INFO: dtree.c(1439): stop. leaf nodes are specific
INFO: dtree.c(1478): Final simple tree
|( QUESTION19 -1 -3.085e+04 2.402e+02 1.402e+02
|    ( - -4.136e+03 1 0)
|    ( QUESTION7 -1 -2.648e+04 1.790e+02 1.213e+02
|        ( - -5.232e+02 1 0)
|        ( SILENCE -1 -2.578e+04 1.312e+02 1.183e+02
|            ( - -7.776e+03 1 0)
|            ( QUESTION6 -1 -1.787e+04 1.253e+02 8.222e+01
|                ( - -6.690e+02 1 0)
|                ( - -1.707e+04 1 0)))))
s>    ( QUESTION19 -1 -3.085e+04 2.402e+02 1.402e+02
s>        ( - -4.136e+03 1 0)
s>        ( QUESTION7 -1 -2.648e+04 1.790e+02 1.213e+02
s>            ( - -5.232e+02 1 0)
s>            ( SILENCE -1 -2.578e+04 1.312e+02 1.183e+02
s>                ( - -7.776e+03 1 0)
s>                ( QUESTION6 -1 -1.787e+04 1.253e+02 8.222e+01
s>                    ( - -6.690e+02 1 0)
s>                    ( - -1.707e+04 1 0)))))INFO: dtree.c(1439): stop. leaf nodes are specific
INFO: dtree.c(1478): Final simple tree
|( QUESTION4 -1 -1.632e+04 2.035e+02 7.384e+01
|    ( - -3.557e+03 1 0)
|    ( QUESTION0 -1 -1.256e+04 1.731e+02 5.784e+01
|        ( - -1.189e+04 3 0)
|        ( - -5.008e+02 1 0)))
s>    ( QUESTION4 -1 -1.632e+04 2.035e+02 7.384e+01
s>        ( - -3.557e+03 1 0)
s>        ( QUESTION0 -1 -1.256e+04 1.731e+02 5.784e+01
s>            ( - -1.189e+04 3 0)
s>            ( - -5.008e+02 1 0)))INFO: dtree.c(1315): Comp split 25
INFO: dtree.c(1439): stop. leaf nodes are specific
INFO: dtree.c(1478): Final simple tree
|( QUESTION0 1 -1.500e+04 1.754e+02 6.948e+01
|    ( SILENCE -1 -4.221e+03 1.076e+02 1.900e+01
|        ( - -1.881e+03 1 0)
|        ( - -2.233e+03 2 0))
|    ( SILENCE -1 -1.060e+04 1.481e+02 5.048e+01
|        ( - -9.102e+03 1 0)
|        ( - -1.352e+03 1 0)))
s>    ( QUESTION0 1 -1.500e+04 1.754e+02 6.948e+01
s>        ( SILENCE -1 -4.221e+03 1.076e+02 1.900e+01
s>            ( - -1.881e+03 1 0)
s>            ( - -2.233e+03 2 0))
s>        ( SILENCE -1 -1.060e+04 1.481e+02 5.048e+01
s>            ( - -9.102e+03 1 0)
s>            ( - -1.352e+03 1 0)))INFO: dtree.c(1439): stop. leaf nodes are specific
INFO: dtree.c(1478): Final simple tree
|( QUESTION0 1 -6.634e+03 1.804e+02 3.110e+01
|    ( - -2.363e+03 1 0)
|    ( - -4.090e+03 1 0))
s>    ( QUESTION0 1 -6.634e+03 1.804e+02 3.110e+01
s>        ( - -2.363e+03 1 0)
s>        ( - -4.090e+03 1 0))INFO: dtree.c(1315): Comp split 26
INFO: dtree.c(1315): Comp split 27
INFO: dtree.c(1439): stop. leaf nodes are specific
INFO: dtree.c(1478): Final simple tree
|( QUESTION7 -1 -2.648e+04 1.790e+02 1.213e+02
|    ( - -5.232e+02 1 0)
|    ( SILENCE -1 -2.578e+04 1.312e+02 1.183e+02
|        ( - -7.776e+03 1 0)
|        ( QUESTION6 -1 -1.787e+04 1.253e+02 8.222e+01
|            ( - -6.690e+02 1 0)
|            ( - -1.707e+04 1 0))))
s>    ( QUESTION7 -1 -2.648e+04 1.790e+02 1.213e+02
s>        ( - -5.232e+02 1 0)
s>        ( SILENCE -1 -2.578e+04 1.312e+02 1.183e+02
s>            ( - -7.776e+03 1 0)
s>            ( QUESTION6 -1 -1.787e+04 1.253e+02 8.222e+01
s>                ( - -6.690e+02 1 0)
s>                ( - -1.707e+04 1 0))))INFO: dtree.c(1315): Comp split 28
INFO: dtree.c(1439): stop. leaf nodes are specific
INFO: dtree.c(1478): Final simple tree
|( QUESTION3 -1 -2.493e+03 1.448e+02 1.100e+01
|    ( - -4.748e+02 1 0)
|    ( SILENCE -1 -1.874e+03 1.482e+02 9.000e+00
|        ( - -5.227e+02 1 0)
|        ( - -1.203e+03 2 0)))
s>    ( QUESTION3 -1 -2.493e+03 1.448e+02 1.100e+01
s>        ( - -4.748e+02 1 0)
s>        ( SILENCE -1 -1.874e+03 1.482e+02 9.000e+00
s>            ( - -5.227e+02 1 0)
s>            ( - -1.203e+03 2 0)))INFO: dtree.c(1315): Comp split 29
INFO: dtree.c(1439): stop. leaf nodes are specific
INFO: dtree.c(1478): Final simple tree
|( WDBNDRY_B 0 -1.851e+03 1.552e+02 8.000e+00
|    ( - -4.191e+02 1 0)
|    ( - -1.277e+03 1 0))
s>    ( WDBNDRY_B 0 -1.851e+03 1.552e+02 8.000e+00
s>        ( - -4.191e+02 1 0)
s>        ( - -1.277e+03 1 0))INFO: dtree.c(1315): Comp split 30
INFO: dtree.c(1439): stop. leaf nodes are specific
INFO: dtree.c(1478): Final simple tree
|( QUESTION2_3_L -1 -2.730e+03 1.262e+02 1.200e+01
|    ( - -3.437e+02 1 0)
|    ( QUESTION2_10_L -1 -2.261e+03 1.197e+02 1.000e+01
|        ( - -1.091e+03 1 0)
|        ( - -1.050e+03 2 0)))
s>    ( QUESTION2_3_L -1 -2.730e+03 1.262e+02 1.200e+01
s>        ( - -3.437e+02 1 0)
s>        ( QUESTION2_10_L -1 -2.261e+03 1.197e+02 1.000e+01
s>            ( - -1.091e+03 1 0)
s>            ( - -1.050e+03 2 0)))INFO: dtree.c(1315): Comp split 31
INFO: dtree.c(1439): stop. leaf nodes are specific
INFO: dtree.c(1478): Final simple tree
|( QUESTION0 -1 -1.256e+04 1.731e+02 5.784e+01
|    ( - -1.189e+04 3 0)
|    ( - -5.008e+02 1 0))
s>    ( QUESTION0 -1 -1.256e+04 1.731e+02 5.784e+01
s>        ( - -1.189e+04 3 0)
s>        ( - -5.008e+02 1 0))INFO: dtree.c(1315): Comp split 32
INFO: dtree.c(1315): Comp split 33
INFO: dtree.c(1439): stop. leaf nodes are specific
INFO: dtree.c(1478): Final simple tree
|( SILENCE -1 -2.578e+04 1.312e+02 1.183e+02
|    ( - -7.776e+03 1 0)
|    ( QUESTION6 -1 -1.787e+04 1.253e+02 8.222e+01
|        ( - -6.690e+02 1 0)
|        ( - -1.707e+04 1 0)))
s>    ( SILENCE -1 -2.578e+04 1.312e+02 1.183e+02
s>        ( - -7.776e+03 1 0)
s>        ( QUESTION6 -1 -1.787e+04 1.253e+02 8.222e+01
s>            ( - -6.690e+02 1 0)
s>            ( - -1.707e+04 1 0)))INFO: dtree.c(1315): Comp split 34
INFO: dtree.c(1439): stop. leaf nodes are specific
INFO: dtree.c(1478): Final simple tree
|( SILENCE -1 -1.060e+04 1.481e+02 5.048e+01
|    ( - -9.102e+03 1 0)
|    ( - -1.352e+03 1 0))
s>    ( SILENCE -1 -1.060e+04 1.481e+02 5.048e+01
s>        ( - -9.102e+03 1 0)
s>        ( - -1.352e+03 1 0))INFO: dtree.c(1439): stop. leaf nodes are specific
INFO: dtree.c(1478): Final simple tree
|( SILENCE -1 -4.221e+03 1.076e+02 1.900e+01
|    ( - -1.881e+03 1 0)
|    ( - -2.233e+03 2 0))
s>    ( SILENCE -1 -4.221e+03 1.076e+02 1.900e+01
s>        ( - -1.881e+03 1 0)
s>        ( - -2.233e+03 2 0))INFO: dtree.c(1315): Comp split 35
INFO: dtree.c(1315): Comp split 36
INFO: dtree.c(1315): Comp split 37
INFO: dtree.c(1315): Comp split 38
INFO: dtree.c(1315): Comp split 39
INFO: dtree.c(1439): stop. leaf nodes are specific
INFO: dtree.c(1478): Final simple tree
|( SILENCE -1 -1.874e+03 1.482e+02 9.000e+00
|    ( - -5.227e+02 1 0)
|    ( - -1.203e+03 2 0))
s>    ( SILENCE -1 -1.874e+03 1.482e+02 9.000e+00
s>        ( - -5.227e+02 1 0)
s>        ( - -1.203e+03 2 0))INFO: dtree.c(1315): Comp split 40
INFO: dtree.c(1315): Comp split 41
INFO: dtree.c(1439): stop. leaf nodes are specific
INFO: dtree.c(1478): Final simple tree
|( QUESTION6 -1 -1.787e+04 1.253e+02 8.222e+01
|    ( - -6.690e+02 1 0)
|    ( - -1.707e+04 1 0))
s>    ( QUESTION6 -1 -1.787e+04 1.253e+02 8.222e+01
s>        ( - -6.690e+02 1 0)
s>        ( - -1.707e+04 1 0))INFO: dtree.c(1315): Comp split 42
INFO: dtree.c(1439): stop. leaf nodes are specific
INFO: dtree.c(1478): Final simple tree
|( QUESTION2_10_L -1 -2.261e+03 1.197e+02 1.000e+01
|    ( - -1.091e+03 1 0)
|    ( - -1.050e+03 2 0))
s>    ( QUESTION2_10_L -1 -2.261e+03 1.197e+02 1.000e+01
s>        ( - -1.091e+03 1 0)
s>        ( - -1.050e+03 2 0))INFO: dtree.c(1315): Comp split 43
INFO: dtree.c(1315): Comp split 44
INFO: dtree.c(1315): Comp split 45
INFO: dtree.c(1315): Comp split 46
INFO: dtree.c(1318): stop. leaf nodes are specific
Mon Jan 30 07:35:47 2017
