Current configuration:
[NAME]		[DEFLT]	[VALUE]
-allphones	no	no
-cntthresh	0.00001	1.000000e-05
-csplitmax	100	2000
-csplitmin	1	1
-csplitthr	8e-4	0.000000e+00
-example	no	no
-fullvar	no	no
-help		no	no
-meanfn			/Users/benroye/forge/cmusphinx/voiceVim/model_parameters/voiceVim.cd_cont_untied/means
-mixwfn			/Users/benroye/forge/cmusphinx/voiceVim/model_parameters/voiceVim.cd_cont_untied/mixture_weights
-moddeffn		/Users/benroye/forge/cmusphinx/voiceVim/model_architecture/voiceVim.untied.mdef
-mwfloor	1e-4	1.000000e-08
-phone			v
-psetfn			/Users/benroye/forge/cmusphinx/voiceVim/model_architecture/voiceVim.tree_questions
-ssplitmax	5	7
-ssplitmin	1	1
-ssplitthr	8e-4	0.000000e+00
-state			1
-stwt			1.0,0.05,0.0,
-treefn			/Users/benroye/forge/cmusphinx/voiceVim/trees/voiceVim.unpruned/v-1.dtree
-ts2cbfn	.semi.	.cont.
-varfloor	0.00001	1.000000e-05
-varfn			/Users/benroye/forge/cmusphinx/voiceVim/model_parameters/voiceVim.cd_cont_untied/variances

INFO: main.c(223): Reading: /Users/benroye/forge/cmusphinx/voiceVim/model_architecture/voiceVim.untied.mdef
INFO: model_def_io.c(573): Model definition info:
INFO: model_def_io.c(574): 2249 total models defined (39 base, 2210 tri)
INFO: model_def_io.c(575): 8996 total states
INFO: model_def_io.c(576): 6747 total tied states
INFO: model_def_io.c(577): 117 total tied CI states
INFO: model_def_io.c(578): 39 total tied transition matrices
INFO: model_def_io.c(579): 4 max state/model
INFO: model_def_io.c(580): 4 min state/model
INFO: main.c(242): Building trees for [v SIL i b] through [v uh i b]
INFO: main.c(269): Covering states |[6339 6428]| == 90
INFO: main.c(275): Reading: /Users/benroye/forge/cmusphinx/voiceVim/model_parameters/voiceVim.cd_cont_untied/mixture_weights
INFO: s3mixw_io.c(173): Read /Users/benroye/forge/cmusphinx/voiceVim/model_parameters/voiceVim.cd_cont_untied/mixture_weights [90x1x1 array]
INFO: main.c(311): 30 of 30 models have observation count greater than 0.000010
INFO: main.c(95): nrm stwt: 0.045 0.909 0.045 
INFO: s3gau_io.c(169): Read /Users/benroye/forge/cmusphinx/voiceVim/model_parameters/voiceVim.cd_cont_untied/means [6747x1x1 array]
INFO: s3gau_io.c(169): Read /Users/benroye/forge/cmusphinx/voiceVim/model_parameters/voiceVim.cd_cont_untied/variances [6747x1x1 array]
INFO: main.c(549): Reading: /Users/benroye/forge/cmusphinx/voiceVim/model_architecture/voiceVim.tree_questions
INFO: main.c(588): 174 total simple questions (166 phone; 8 word bndry)
INFO: main.c(590): 40 Left Only questions, and 42 Right Only questions
INFO: dtree.c(1478): Final simple tree
|( QUESTION2_19_L -1 -1.183e+05 2.153e+03 5.139e+02
|    ( WDBNDRY_B 0 -6.519e+04 6.363e+02 3.105e+02
|        ( - -6.072e+03 3 0)
|        ( - -5.848e+04 1 0))
|    ( QUESTION2_10_L -1 -5.091e+04 9.472e+02 2.033e+02
|        ( - -1.234e+04 2 0 QUESTION2_13_L -1 3.411e+02 5.699e+01)
|        ( QUESTION4 -1 -3.763e+04 6.125e+02 1.463e+02
|            ( QUESTION0_2_R 1 -2.150e+04 4.598e+02 8.061e+01
|                ( - 1.972e+02 1 0)
|                ( QUESTION0_11_R 1 -2.123e+04 4.491e+02 7.961e+01
|                    ( - 2.082e+02 1 0)
|                    ( - -2.099e+04 16 0 QUESTION13 1 4.371e+02 7.861e+01)))
|            ( QUESTION19 -1 -1.552e+04 4.837e+02 6.571e+01
|                ( - 2.418e+02 1 0)
|                ( - -1.528e+04 5 0 QUESTION1 -1 1.882e+02 6.471e+01)))))
s>    ( QUESTION2_19_L -1 -1.183e+05 2.153e+03 5.139e+02
s>        ( WDBNDRY_B 0 -6.519e+04 6.363e+02 3.105e+02
s>            ( - -6.072e+03 3 0)
s>            ( - -5.848e+04 1 0))
s>        ( QUESTION2_10_L -1 -5.091e+04 9.472e+02 2.033e+02
s>            ( - -1.234e+04 2 0 QUESTION2_13_L -1 3.411e+02 5.699e+01)
s>            ( QUESTION4 -1 -3.763e+04 6.125e+02 1.463e+02
s>                ( QUESTION0_2_R 1 -2.150e+04 4.598e+02 8.061e+01
s>                    ( - 1.972e+02 1 0)
s>                    ( QUESTION0_11_R 1 -2.123e+04 4.491e+02 7.961e+01
s>                        ( - 2.082e+02 1 0)
s>                        ( - -2.099e+04 16 0 QUESTION13 1 4.371e+02 7.861e+01)))
s>                ( QUESTION19 -1 -1.552e+04 4.837e+02 6.571e+01
s>                    ( - 2.418e+02 1 0)
s>                    ( - -1.528e+04 5 0 QUESTION1 -1 1.882e+02 6.471e+01)))))INFO: dtree.c(1315): Comp split 0
INFO: dtree.c(1478): Final simple tree
|( QUESTION2_10_L -1 -5.730e+04 9.592e+02 2.323e+02
|    ( QUESTION2_13_L -1 -1.234e+04 3.411e+02 5.699e+01
|        ( - -3.441e+03 1 0)
|        ( - -8.558e+03 1 0))
|    ( QUESTION2_2_L -1 -4.400e+04 6.057e+02 1.753e+02
|        ( QUESTION0_2_R 1 -2.150e+04 4.598e+02 8.061e+01
|            ( - 1.972e+02 1 0)
|            ( QUESTION0_11_R 1 -2.123e+04 4.491e+02 7.961e+01
|                ( - 2.082e+02 1 0)
|                ( QUESTION13 1 -2.099e+04 4.371e+02 7.861e+01
|                    ( - 1.808e+02 1 0)
|                    ( - -2.074e+04 15 0 WDBNDRY_I 0 3.181e+02 7.761e+01))))
|        ( QUESTION19 -1 -2.190e+04 4.849e+02 9.473e+01
|            ( - 2.418e+02 1 0)
|            ( - -2.165e+04 8 0 QUESTION4 -1 3.051e+02 9.373e+01))))
s>    ( QUESTION2_10_L -1 -5.730e+04 9.592e+02 2.323e+02
s>        ( QUESTION2_13_L -1 -1.234e+04 3.411e+02 5.699e+01
s>            ( - -3.441e+03 1 0)
s>            ( - -8.558e+03 1 0))
s>        ( QUESTION2_2_L -1 -4.400e+04 6.057e+02 1.753e+02
s>            ( QUESTION0_2_R 1 -2.150e+04 4.598e+02 8.061e+01
s>                ( - 1.972e+02 1 0)
s>                ( QUESTION0_11_R 1 -2.123e+04 4.491e+02 7.961e+01
s>                    ( - 2.082e+02 1 0)
s>                    ( QUESTION13 1 -2.099e+04 4.371e+02 7.861e+01
s>                        ( - 1.808e+02 1 0)
s>                        ( - -2.074e+04 15 0 WDBNDRY_I 0 3.181e+02 7.761e+01))))
s>            ( QUESTION19 -1 -2.190e+04 4.849e+02 9.473e+01
s>                ( - 2.418e+02 1 0)
s>                ( - -2.165e+04 8 0 QUESTION4 -1 3.051e+02 9.373e+01))))INFO: dtree.c(1315): Comp split 1
INFO: dtree.c(1478): Final simple tree
|( QUESTION2_2_L -1 -4.400e+04 6.057e+02 1.753e+02
|    ( QUESTION0_2_R 1 -2.150e+04 4.598e+02 8.061e+01
|        ( - 1.972e+02 1 0)
|        ( QUESTION0_11_R 1 -2.123e+04 4.491e+02 7.961e+01
|            ( - 2.082e+02 1 0)
|            ( QUESTION13 1 -2.099e+04 4.371e+02 7.861e+01
|                ( - 1.808e+02 1 0)
|                ( WDBNDRY_I 0 -2.074e+04 3.181e+02 7.761e+01
|                    ( - -1.890e+03 1 0)
|                    ( QUESTION0_8_R 1 -1.853e+04 3.231e+02 6.861e+01
|                        ( - -1.319e+04 6 0 QUESTION4 1 1.575e+02 4.945e+01)
|                        ( - -5.014e+03 8 0 QUESTION6 1 2.132e+02 1.916e+01))))))
|    ( QUESTION19 -1 -2.190e+04 4.849e+02 9.473e+01
|        ( - 2.418e+02 1 0)
|        ( - -2.165e+04 8 0 QUESTION4 -1 3.051e+02 9.373e+01)))
s>    ( QUESTION2_2_L -1 -4.400e+04 6.057e+02 1.753e+02
s>        ( QUESTION0_2_R 1 -2.150e+04 4.598e+02 8.061e+01
s>            ( - 1.972e+02 1 0)
s>            ( QUESTION0_11_R 1 -2.123e+04 4.491e+02 7.961e+01
s>                ( - 2.082e+02 1 0)
s>                ( QUESTION13 1 -2.099e+04 4.371e+02 7.861e+01
s>                    ( - 1.808e+02 1 0)
s>                    ( WDBNDRY_I 0 -2.074e+04 3.181e+02 7.761e+01
s>                        ( - -1.890e+03 1 0)
s>                        ( QUESTION0_8_R 1 -1.853e+04 3.231e+02 6.861e+01
s>                            ( - -1.319e+04 6 0 QUESTION4 1 1.575e+02 4.945e+01)
s>                            ( - -5.014e+03 8 0 QUESTION6 1 2.132e+02 1.916e+01))))))
s>        ( QUESTION19 -1 -2.190e+04 4.849e+02 9.473e+01
s>            ( - 2.418e+02 1 0)
s>            ( - -2.165e+04 8 0 QUESTION4 -1 3.051e+02 9.373e+01)))INFO: dtree.c(1439): stop. leaf nodes are specific
INFO: dtree.c(1478): Final simple tree
|( QUESTION2_13_L -1 -1.234e+04 3.411e+02 5.699e+01
|    ( - -3.441e+03 1 0)
|    ( - -8.558e+03 1 0))
s>    ( QUESTION2_13_L -1 -1.234e+04 3.411e+02 5.699e+01
s>        ( - -3.441e+03 1 0)
s>        ( - -8.558e+03 1 0))INFO: dtree.c(1315): Comp split 2
INFO: dtree.c(1439): stop. leaf nodes are specific
INFO: dtree.c(1478): Final simple tree
|( QUESTION0_1_R 1 -1.345e+04 4.363e+02 5.045e+01
|    ( - 1.808e+02 1 0)
|    ( QUESTION4 1 -1.319e+04 1.575e+02 4.945e+01
|        ( - -1.169e+04 1 0)
|        ( WDBNDRY_B 0 -1.339e+03 1.279e+02 5.000e+00
|            ( QUESTION2_3_L -1 -5.588e+02 4.561e+02 3.000e+00
|                ( - 2.418e+02 1 0)
|                ( - -3.445e+02 2 0))
|            ( - -6.518e+02 2 0))))
s>    ( QUESTION0_1_R 1 -1.345e+04 4.363e+02 5.045e+01
s>        ( - 1.808e+02 1 0)
s>        ( QUESTION4 1 -1.319e+04 1.575e+02 4.945e+01
s>            ( - -1.169e+04 1 0)
s>            ( WDBNDRY_B 0 -1.339e+03 1.279e+02 5.000e+00
s>                ( QUESTION2_3_L -1 -5.588e+02 4.561e+02 3.000e+00
s>                    ( - 2.418e+02 1 0)
s>                    ( - -3.445e+02 2 0))
s>                ( - -6.518e+02 2 0))))INFO: dtree.c(1478): Final simple tree
|( QUESTION19 -1 -2.990e+04 4.803e+02 1.249e+02
|    ( - 2.418e+02 1 0)
|    ( QUESTION0_2_R 1 -2.966e+04 4.543e+02 1.239e+02
|        ( - 1.972e+02 1 0)
|        ( QUESTION0_11_R 1 -2.941e+04 4.522e+02 1.229e+02
|            ( - 2.082e+02 1 0)
|            ( QUESTION4 -1 -2.916e+04 3.533e+02 1.219e+02
|                ( WDBNDRY_B 0 -1.353e+04 2.948e+02 5.718e+01
|                    ( - -6.072e+03 3 0)
|                    ( WDBNDRY_E 0 -7.167e+03 2.624e+02 2.816e+01
|                        ( QUESTION6 1 -5.014e+03 2.132e+02 1.916e+01
|                            ( - -2.782e+02 1 0)
|                            ( - -4.523e+03 7 0 QUESTION2_7_L -1 2.105e+02 1.716e+01))
|                        ( - -1.890e+03 1 0)))
|                ( - -1.528e+04 5 0 QUESTION1 -1 1.882e+02 6.471e+01)))))
s>    ( QUESTION19 -1 -2.990e+04 4.803e+02 1.249e+02
s>        ( - 2.418e+02 1 0)
s>        ( QUESTION0_2_R 1 -2.966e+04 4.543e+02 1.239e+02
s>            ( - 1.972e+02 1 0)
s>            ( QUESTION0_11_R 1 -2.941e+04 4.522e+02 1.229e+02
s>                ( - 2.082e+02 1 0)
s>                ( QUESTION4 -1 -2.916e+04 3.533e+02 1.219e+02
s>                    ( WDBNDRY_B 0 -1.353e+04 2.948e+02 5.718e+01
s>                        ( - -6.072e+03 3 0)
s>                        ( WDBNDRY_E 0 -7.167e+03 2.624e+02 2.816e+01
s>                            ( QUESTION6 1 -5.014e+03 2.132e+02 1.916e+01
s>                                ( - -2.782e+02 1 0)
s>                                ( - -4.523e+03 7 0 QUESTION2_7_L -1 2.105e+02 1.716e+01))
s>                            ( - -1.890e+03 1 0)))
s>                    ( - -1.528e+04 5 0 QUESTION1 -1 1.882e+02 6.471e+01)))))INFO: dtree.c(1315): Comp split 3
INFO: dtree.c(1478): Final simple tree
|( QUESTION0_2_R 1 -2.966e+04 4.543e+02 1.239e+02
|    ( - 1.972e+02 1 0)
|    ( QUESTION0_11_R 1 -2.941e+04 4.522e+02 1.229e+02
|        ( - 2.082e+02 1 0)
|        ( QUESTION4 -1 -2.916e+04 3.533e+02 1.219e+02
|            ( WDBNDRY_B 0 -1.353e+04 2.948e+02 5.718e+01
|                ( - -6.072e+03 3 0)
|                ( WDBNDRY_E 0 -7.167e+03 2.624e+02 2.816e+01
|                    ( QUESTION6 1 -5.014e+03 2.132e+02 1.916e+01
|                        ( - -2.782e+02 1 0)
|                        ( QUESTION2_7_L -1 -4.523e+03 2.105e+02 1.716e+01
|                            ( - -2.106e+03 4 0 SILENCE 1 4.881e+02 8.000e+00)
|                            ( - -2.207e+03 3 0 QUESTION0_1_R 1 9.961e+01 9.160e+00)))
|                    ( - -1.890e+03 1 0)))
|            ( - -1.528e+04 5 0 QUESTION1 -1 1.882e+02 6.471e+01))))
s>    ( QUESTION0_2_R 1 -2.966e+04 4.543e+02 1.239e+02
s>        ( - 1.972e+02 1 0)
s>        ( QUESTION0_11_R 1 -2.941e+04 4.522e+02 1.229e+02
s>            ( - 2.082e+02 1 0)
s>            ( QUESTION4 -1 -2.916e+04 3.533e+02 1.219e+02
s>                ( WDBNDRY_B 0 -1.353e+04 2.948e+02 5.718e+01
s>                    ( - -6.072e+03 3 0)
s>                    ( WDBNDRY_E 0 -7.167e+03 2.624e+02 2.816e+01
s>                        ( QUESTION6 1 -5.014e+03 2.132e+02 1.916e+01
s>                            ( - -2.782e+02 1 0)
s>                            ( QUESTION2_7_L -1 -4.523e+03 2.105e+02 1.716e+01
s>                                ( - -2.106e+03 4 0 SILENCE 1 4.881e+02 8.000e+00)
s>                                ( - -2.207e+03 3 0 QUESTION0_1_R 1 9.961e+01 9.160e+00)))
s>                        ( - -1.890e+03 1 0)))
s>                ( - -1.528e+04 5 0 QUESTION1 -1 1.882e+02 6.471e+01))))INFO: dtree.c(1315): Comp split 4
INFO: dtree.c(1439): stop. leaf nodes are specific
INFO: dtree.c(1478): Final simple tree
|( QUESTION0_1_R 1 -1.323e+04 4.366e+02 4.945e+01
|    ( - 1.808e+02 1 0)
|    ( QUESTION2_7_L -1 -1.297e+04 1.519e+02 4.845e+01
|        ( - -6.518e+02 2 0)
|        ( WDBNDRY_B 0 -1.217e+04 1.305e+02 4.645e+01
|            ( - -3.445e+02 2 0)
|            ( - -1.169e+04 1 0))))
s>    ( QUESTION0_1_R 1 -1.323e+04 4.366e+02 4.945e+01
s>        ( - 1.808e+02 1 0)
s>        ( QUESTION2_7_L -1 -1.297e+04 1.519e+02 4.845e+01
s>            ( - -6.518e+02 2 0)
s>            ( WDBNDRY_B 0 -1.217e+04 1.305e+02 4.645e+01
s>                ( - -3.445e+02 2 0)
s>                ( - -1.169e+04 1 0))))INFO: dtree.c(1315): Comp split 5
INFO: dtree.c(1478): Final simple tree
|( QUESTION0_11_R 1 -2.941e+04 4.522e+02 1.229e+02
|    ( - 2.082e+02 1 0)
|    ( QUESTION4 -1 -2.916e+04 3.533e+02 1.219e+02
|        ( WDBNDRY_B 0 -1.353e+04 2.948e+02 5.718e+01
|            ( - -6.072e+03 3 0)
|            ( WDBNDRY_E 0 -7.167e+03 2.624e+02 2.816e+01
|                ( QUESTION6 1 -5.014e+03 2.132e+02 1.916e+01
|                    ( - -2.782e+02 1 0)
|                    ( QUESTION2_7_L -1 -4.523e+03 2.105e+02 1.716e+01
|                        ( SILENCE 1 -2.106e+03 4.881e+02 8.000e+00
|                            ( - 2.417e+02 1 0)
|                            ( - -1.860e+03 3 0 QUESTION0_1_R 1 2.025e+02 7.000e+00))
|                        ( - -2.207e+03 3 0 QUESTION0_1_R 1 9.961e+01 9.160e+00)))
|                ( - -1.890e+03 1 0)))
|        ( - -1.528e+04 5 0 QUESTION1 -1 1.882e+02 6.471e+01)))
s>    ( QUESTION0_11_R 1 -2.941e+04 4.522e+02 1.229e+02
s>        ( - 2.082e+02 1 0)
s>        ( QUESTION4 -1 -2.916e+04 3.533e+02 1.219e+02
s>            ( WDBNDRY_B 0 -1.353e+04 2.948e+02 5.718e+01
s>                ( - -6.072e+03 3 0)
s>                ( WDBNDRY_E 0 -7.167e+03 2.624e+02 2.816e+01
s>                    ( QUESTION6 1 -5.014e+03 2.132e+02 1.916e+01
s>                        ( - -2.782e+02 1 0)
s>                        ( QUESTION2_7_L -1 -4.523e+03 2.105e+02 1.716e+01
s>                            ( SILENCE 1 -2.106e+03 4.881e+02 8.000e+00
s>                                ( - 2.417e+02 1 0)
s>                                ( - -1.860e+03 3 0 QUESTION0_1_R 1 2.025e+02 7.000e+00))
s>                            ( - -2.207e+03 3 0 QUESTION0_1_R 1 9.961e+01 9.160e+00)))
s>                    ( - -1.890e+03 1 0)))
s>            ( - -1.528e+04 5 0 QUESTION1 -1 1.882e+02 6.471e+01)))INFO: dtree.c(1315): Comp split 6
INFO: dtree.c(1478): Final simple tree
|( QUESTION0_11_R 1 -2.918e+04 4.522e+02 1.219e+02
|    ( - 2.082e+02 1 0)
|    ( QUESTION4 -1 -2.894e+04 3.464e+02 1.209e+02
|        ( QUESTION2_7_L -1 -1.331e+04 2.985e+02 5.618e+01
|            ( QUESTION5 1 -2.371e+03 2.336e+02 9.000e+00
|                ( - -2.782e+02 1 0)
|                ( QUESTION0_1_R 1 -1.860e+03 2.025e+02 7.000e+00
|                    ( - -2.733e+02 1 0)
|                    ( - -1.384e+03 2 0 QUESTION0_0_R 1 2.042e+02 5.000e+00)))
|            ( WDBNDRY_B 0 -1.064e+04 2.694e+02 4.718e+01
|                ( - -6.072e+03 3 0)
|                ( WDBNDRY_E 0 -4.301e+03 2.040e+02 1.816e+01
|                    ( - -2.207e+03 3 0 QUESTION0_1_R 1 9.961e+01 9.160e+00)
|                    ( - -1.890e+03 1 0))))
|        ( - -1.528e+04 5 0 QUESTION1 -1 1.882e+02 6.471e+01)))
s>    ( QUESTION0_11_R 1 -2.918e+04 4.522e+02 1.219e+02
s>        ( - 2.082e+02 1 0)
s>        ( QUESTION4 -1 -2.894e+04 3.464e+02 1.209e+02
s>            ( QUESTION2_7_L -1 -1.331e+04 2.985e+02 5.618e+01
s>                ( QUESTION5 1 -2.371e+03 2.336e+02 9.000e+00
s>                    ( - -2.782e+02 1 0)
s>                    ( QUESTION0_1_R 1 -1.860e+03 2.025e+02 7.000e+00
s>                        ( - -2.733e+02 1 0)
s>                        ( - -1.384e+03 2 0 QUESTION0_0_R 1 2.042e+02 5.000e+00)))
s>                ( WDBNDRY_B 0 -1.064e+04 2.694e+02 4.718e+01
s>                    ( - -6.072e+03 3 0)
s>                    ( WDBNDRY_E 0 -4.301e+03 2.040e+02 1.816e+01
s>                        ( - -2.207e+03 3 0 QUESTION0_1_R 1 9.961e+01 9.160e+00)
s>                        ( - -1.890e+03 1 0))))
s>            ( - -1.528e+04 5 0 QUESTION1 -1 1.882e+02 6.471e+01)))INFO: dtree.c(1315): Comp split 7
INFO: dtree.c(1478): Final simple tree
|( QUESTION4 -1 -2.894e+04 3.464e+02 1.209e+02
|    ( QUESTION2_7_L -1 -1.331e+04 2.985e+02 5.618e+01
|        ( QUESTION5 1 -2.371e+03 2.336e+02 9.000e+00
|            ( - -2.782e+02 1 0)
|            ( QUESTION0_1_R 1 -1.860e+03 2.025e+02 7.000e+00
|                ( - -2.733e+02 1 0)
|                ( QUESTION0_0_R 1 -1.384e+03 2.042e+02 5.000e+00
|                    ( - -8.198e+02 1 0)
|                    ( - -3.598e+02 1 0))))
|        ( WDBNDRY_B 0 -1.064e+04 2.694e+02 4.718e+01
|            ( - -6.072e+03 3 0)
|            ( WDBNDRY_E 0 -4.301e+03 2.040e+02 1.816e+01
|                ( - -2.207e+03 3 0 QUESTION0_1_R 1 9.961e+01 9.160e+00)
|                ( - -1.890e+03 1 0))))
|    ( - -1.528e+04 5 0 QUESTION1 -1 1.882e+02 6.471e+01))
s>    ( QUESTION4 -1 -2.894e+04 3.464e+02 1.209e+02
s>        ( QUESTION2_7_L -1 -1.331e+04 2.985e+02 5.618e+01
s>            ( QUESTION5 1 -2.371e+03 2.336e+02 9.000e+00
s>                ( - -2.782e+02 1 0)
s>                ( QUESTION0_1_R 1 -1.860e+03 2.025e+02 7.000e+00
s>                    ( - -2.733e+02 1 0)
s>                    ( QUESTION0_0_R 1 -1.384e+03 2.042e+02 5.000e+00
s>                        ( - -8.198e+02 1 0)
s>                        ( - -3.598e+02 1 0))))
s>            ( WDBNDRY_B 0 -1.064e+04 2.694e+02 4.718e+01
s>                ( - -6.072e+03 3 0)
s>                ( WDBNDRY_E 0 -4.301e+03 2.040e+02 1.816e+01
s>                    ( - -2.207e+03 3 0 QUESTION0_1_R 1 9.961e+01 9.160e+00)
s>                    ( - -1.890e+03 1 0))))
s>        ( - -1.528e+04 5 0 QUESTION1 -1 1.882e+02 6.471e+01))INFO: dtree.c(1315): Comp split 8
INFO: dtree.c(1439): stop. leaf nodes are specific
INFO: dtree.c(1478): Final simple tree
|( QUESTION2_7_L -1 -1.297e+04 1.519e+02 4.845e+01
|    ( - -6.518e+02 2 0)
|    ( WDBNDRY_B 0 -1.217e+04 1.305e+02 4.645e+01
|        ( - -3.445e+02 2 0)
|        ( - -1.169e+04 1 0)))
s>    ( QUESTION2_7_L -1 -1.297e+04 1.519e+02 4.845e+01
s>        ( - -6.518e+02 2 0)
s>        ( WDBNDRY_B 0 -1.217e+04 1.305e+02 4.645e+01
s>            ( - -3.445e+02 2 0)
s>            ( - -1.169e+04 1 0)))INFO: dtree.c(1315): Comp split 9
INFO: dtree.c(1439): stop. leaf nodes are specific
INFO: dtree.c(1478): Final simple tree
|( WDBNDRY_B 0 -1.108e+04 2.725e+02 4.918e+01
|    ( - -6.072e+03 3 0)
|    ( WDBNDRY_E 0 -4.738e+03 2.052e+02 2.016e+01
|        ( QUESTION0_6_R 1 -2.642e+03 1.626e+02 1.116e+01
|            ( - -2.733e+02 1 0)
|            ( QUESTION0_1_R 1 -2.207e+03 9.961e+01 9.160e+00
|                ( - -7.036e+02 1 0)
|                ( SILENCE 1 -1.403e+03 6.999e+01 6.160e+00
|                    ( - -6.399e+02 1 0)
|                    ( - -6.935e+02 1 0))))
|        ( - -1.890e+03 1 0)))
s>    ( WDBNDRY_B 0 -1.108e+04 2.725e+02 4.918e+01
s>        ( - -6.072e+03 3 0)
s>        ( WDBNDRY_E 0 -4.738e+03 2.052e+02 2.016e+01
s>            ( QUESTION0_6_R 1 -2.642e+03 1.626e+02 1.116e+01
s>                ( - -2.733e+02 1 0)
s>                ( QUESTION0_1_R 1 -2.207e+03 9.961e+01 9.160e+00
s>                    ( - -7.036e+02 1 0)
s>                    ( SILENCE 1 -1.403e+03 6.999e+01 6.160e+00
s>                        ( - -6.399e+02 1 0)
s>                        ( - -6.935e+02 1 0))))
s>            ( - -1.890e+03 1 0)))INFO: dtree.c(1478): Final simple tree
|( QUESTION5 1 -1.745e+04 2.938e+02 7.171e+01
|    ( WDBNDRY_B 0 -1.577e+04 2.149e+02 6.671e+01
|        ( QUESTION1 -1 -1.528e+04 1.882e+02 6.471e+01
|            ( - -3.951e+03 1 0)
|            ( SILENCE -1 -1.114e+04 1.446e+02 4.704e+01
|                ( - -5.082e+03 1 0)
|                ( QUESTION0 -1 -5.911e+03 9.497e+01 2.501e+01
|                    ( - -1.379e+03 1 0)
|                    ( QUESTION6 -1 -4.437e+03 7.832e+01 1.901e+01
|                        ( - -2.591e+03 1 0)
|                        ( - -1.768e+03 1 0)))))
|        ( - -2.782e+02 1 0))
|    ( QUESTION0_0_R 1 -1.384e+03 2.042e+02 5.000e+00
|        ( - -8.198e+02 1 0)
|        ( - -3.598e+02 1 0)))
s>    ( QUESTION5 1 -1.745e+04 2.938e+02 7.171e+01
s>        ( WDBNDRY_B 0 -1.577e+04 2.149e+02 6.671e+01
s>            ( QUESTION1 -1 -1.528e+04 1.882e+02 6.471e+01
s>                ( - -3.951e+03 1 0)
s>                ( SILENCE -1 -1.114e+04 1.446e+02 4.704e+01
s>                    ( - -5.082e+03 1 0)
s>                    ( QUESTION0 -1 -5.911e+03 9.497e+01 2.501e+01
s>                        ( - -1.379e+03 1 0)
s>                        ( QUESTION6 -1 -4.437e+03 7.832e+01 1.901e+01
s>                            ( - -2.591e+03 1 0)
s>                            ( - -1.768e+03 1 0)))))
s>            ( - -2.782e+02 1 0))
s>        ( QUESTION0_0_R 1 -1.384e+03 2.042e+02 5.000e+00
s>            ( - -8.198e+02 1 0)
s>            ( - -3.598e+02 1 0)))INFO: dtree.c(1315): Comp split 10
INFO: dtree.c(1315): Comp split 11
INFO: dtree.c(1439): stop. leaf nodes are specific
INFO: dtree.c(1478): Final simple tree
|( WDBNDRY_B 0 -1.577e+04 2.149e+02 6.671e+01
|    ( QUESTION1 -1 -1.528e+04 1.882e+02 6.471e+01
|        ( - -3.951e+03 1 0)
|        ( SILENCE -1 -1.114e+04 1.446e+02 4.704e+01
|            ( - -5.082e+03 1 0)
|            ( QUESTION0 -1 -5.911e+03 9.497e+01 2.501e+01
|                ( - -1.379e+03 1 0)
|                ( QUESTION6 -1 -4.437e+03 7.832e+01 1.901e+01
|                    ( - -2.591e+03 1 0)
|                    ( - -1.768e+03 1 0)))))
|    ( - -2.782e+02 1 0))
s>    ( WDBNDRY_B 0 -1.577e+04 2.149e+02 6.671e+01
s>        ( QUESTION1 -1 -1.528e+04 1.882e+02 6.471e+01
s>            ( - -3.951e+03 1 0)
s>            ( SILENCE -1 -1.114e+04 1.446e+02 4.704e+01
s>                ( - -5.082e+03 1 0)
s>                ( QUESTION0 -1 -5.911e+03 9.497e+01 2.501e+01
s>                    ( - -1.379e+03 1 0)
s>                    ( QUESTION6 -1 -4.437e+03 7.832e+01 1.901e+01
s>                        ( - -2.591e+03 1 0)
s>                        ( - -1.768e+03 1 0)))))
s>        ( - -2.782e+02 1 0))INFO: dtree.c(1439): stop. leaf nodes are specific
INFO: dtree.c(1478): Final simple tree
|( QUESTION0_0_R 1 -1.384e+03 2.042e+02 5.000e+00
|    ( - -8.198e+02 1 0)
|    ( - -3.598e+02 1 0))
s>    ( QUESTION0_0_R 1 -1.384e+03 2.042e+02 5.000e+00
s>        ( - -8.198e+02 1 0)
s>        ( - -3.598e+02 1 0))INFO: dtree.c(1315): Comp split 12
INFO: dtree.c(1439): stop. leaf nodes are specific
INFO: dtree.c(1478): Final simple tree
|( WDBNDRY_E 0 -4.738e+03 2.052e+02 2.016e+01
|    ( QUESTION0_6_R 1 -2.642e+03 1.626e+02 1.116e+01
|        ( - -2.733e+02 1 0)
|        ( QUESTION0_1_R 1 -2.207e+03 9.961e+01 9.160e+00
|            ( - -7.036e+02 1 0)
|            ( SILENCE 1 -1.403e+03 6.999e+01 6.160e+00
|                ( - -6.399e+02 1 0)
|                ( - -6.935e+02 1 0))))
|    ( - -1.890e+03 1 0))
s>    ( WDBNDRY_E 0 -4.738e+03 2.052e+02 2.016e+01
s>        ( QUESTION0_6_R 1 -2.642e+03 1.626e+02 1.116e+01
s>            ( - -2.733e+02 1 0)
s>            ( QUESTION0_1_R 1 -2.207e+03 9.961e+01 9.160e+00
s>                ( - -7.036e+02 1 0)
s>                ( SILENCE 1 -1.403e+03 6.999e+01 6.160e+00
s>                    ( - -6.399e+02 1 0)
s>                    ( - -6.935e+02 1 0))))
s>        ( - -1.890e+03 1 0))INFO: dtree.c(1315): Comp split 13
INFO: dtree.c(1439): stop. leaf nodes are specific
INFO: dtree.c(1478): Final simple tree
|( QUESTION1 -1 -1.528e+04 1.882e+02 6.471e+01
|    ( - -3.951e+03 1 0)
|    ( SILENCE -1 -1.114e+04 1.446e+02 4.704e+01
|        ( - -5.082e+03 1 0)
|        ( QUESTION0 -1 -5.911e+03 9.497e+01 2.501e+01
|            ( - -1.379e+03 1 0)
|            ( QUESTION6 -1 -4.437e+03 7.832e+01 1.901e+01
|                ( - -2.591e+03 1 0)
|                ( - -1.768e+03 1 0)))))
s>    ( QUESTION1 -1 -1.528e+04 1.882e+02 6.471e+01
s>        ( - -3.951e+03 1 0)
s>        ( SILENCE -1 -1.114e+04 1.446e+02 4.704e+01
s>            ( - -5.082e+03 1 0)
s>            ( QUESTION0 -1 -5.911e+03 9.497e+01 2.501e+01
s>                ( - -1.379e+03 1 0)
s>                ( QUESTION6 -1 -4.437e+03 7.832e+01 1.901e+01
s>                    ( - -2.591e+03 1 0)
s>                    ( - -1.768e+03 1 0)))))INFO: dtree.c(1315): Comp split 14
INFO: dtree.c(1439): stop. leaf nodes are specific
INFO: dtree.c(1478): Final simple tree
|( QUESTION0_6_R 1 -2.642e+03 1.626e+02 1.116e+01
|    ( - -2.733e+02 1 0)
|    ( QUESTION0_1_R 1 -2.207e+03 9.961e+01 9.160e+00
|        ( - -7.036e+02 1 0)
|        ( SILENCE 1 -1.403e+03 6.999e+01 6.160e+00
|            ( - -6.399e+02 1 0)
|            ( - -6.935e+02 1 0))))
s>    ( QUESTION0_6_R 1 -2.642e+03 1.626e+02 1.116e+01
s>        ( - -2.733e+02 1 0)
s>        ( QUESTION0_1_R 1 -2.207e+03 9.961e+01 9.160e+00
s>            ( - -7.036e+02 1 0)
s>            ( SILENCE 1 -1.403e+03 6.999e+01 6.160e+00
s>                ( - -6.399e+02 1 0)
s>                ( - -6.935e+02 1 0))))INFO: dtree.c(1315): Comp split 15
INFO: dtree.c(1315): Comp split 16
INFO: dtree.c(1439): stop. leaf nodes are specific
INFO: dtree.c(1478): Final simple tree
|( SILENCE -1 -1.114e+04 1.446e+02 4.704e+01
|    ( - -5.082e+03 1 0)
|    ( QUESTION0 -1 -5.911e+03 9.497e+01 2.501e+01
|        ( - -1.379e+03 1 0)
|        ( QUESTION6 -1 -4.437e+03 7.832e+01 1.901e+01
|            ( - -2.591e+03 1 0)
|            ( - -1.768e+03 1 0))))
s>    ( SILENCE -1 -1.114e+04 1.446e+02 4.704e+01
s>        ( - -5.082e+03 1 0)
s>        ( QUESTION0 -1 -5.911e+03 9.497e+01 2.501e+01
s>            ( - -1.379e+03 1 0)
s>            ( QUESTION6 -1 -4.437e+03 7.832e+01 1.901e+01
s>                ( - -2.591e+03 1 0)
s>                ( - -1.768e+03 1 0))))INFO: dtree.c(1315): Comp split 17
INFO: dtree.c(1439): stop. leaf nodes are specific
INFO: dtree.c(1478): Final simple tree
|( QUESTION0_1_R 1 -2.207e+03 9.961e+01 9.160e+00
|    ( - -7.036e+02 1 0)
|    ( SILENCE 1 -1.403e+03 6.999e+01 6.160e+00
|        ( - -6.399e+02 1 0)
|        ( - -6.935e+02 1 0)))
s>    ( QUESTION0_1_R 1 -2.207e+03 9.961e+01 9.160e+00
s>        ( - -7.036e+02 1 0)
s>        ( SILENCE 1 -1.403e+03 6.999e+01 6.160e+00
s>            ( - -6.399e+02 1 0)
s>            ( - -6.935e+02 1 0)))INFO: dtree.c(1315): Comp split 18
INFO: dtree.c(1439): stop. leaf nodes are specific
INFO: dtree.c(1478): Final simple tree
|( WDBNDRY_B 0 -1.217e+04 1.305e+02 4.645e+01
|    ( - -3.445e+02 2 0)
|    ( - -1.169e+04 1 0))
s>    ( WDBNDRY_B 0 -1.217e+04 1.305e+02 4.645e+01
s>        ( - -3.445e+02 2 0)
s>        ( - -1.169e+04 1 0))INFO: dtree.c(1315): Comp split 19
INFO: dtree.c(1439): stop. leaf nodes are specific
INFO: dtree.c(1478): Final simple tree
|( QUESTION0 -1 -5.911e+03 9.497e+01 2.501e+01
|    ( - -1.379e+03 1 0)
|    ( QUESTION6 -1 -4.437e+03 7.832e+01 1.901e+01
|        ( - -2.591e+03 1 0)
|        ( - -1.768e+03 1 0)))
s>    ( QUESTION0 -1 -5.911e+03 9.497e+01 2.501e+01
s>        ( - -1.379e+03 1 0)
s>        ( QUESTION6 -1 -4.437e+03 7.832e+01 1.901e+01
s>            ( - -2.591e+03 1 0)
s>            ( - -1.768e+03 1 0)))INFO: dtree.c(1315): Comp split 20
INFO: dtree.c(1315): Comp split 21
INFO: dtree.c(1439): stop. leaf nodes are specific
INFO: dtree.c(1478): Final simple tree
|( SILENCE 1 -1.403e+03 6.999e+01 6.160e+00
|    ( - -6.399e+02 1 0)
|    ( - -6.935e+02 1 0))
s>    ( SILENCE 1 -1.403e+03 6.999e+01 6.160e+00
s>        ( - -6.399e+02 1 0)
s>        ( - -6.935e+02 1 0))INFO: dtree.c(1315): Comp split 22
INFO: dtree.c(1439): stop. leaf nodes are specific
INFO: dtree.c(1478): Final simple tree
|( QUESTION6 -1 -4.437e+03 7.832e+01 1.901e+01
|    ( - -2.591e+03 1 0)
|    ( - -1.768e+03 1 0))
s>    ( QUESTION6 -1 -4.437e+03 7.832e+01 1.901e+01
s>        ( - -2.591e+03 1 0)
s>        ( - -1.768e+03 1 0))INFO: dtree.c(1315): Comp split 23
INFO: dtree.c(1315): Comp split 24
INFO: dtree.c(1315): Comp split 25
INFO: dtree.c(1318): stop. leaf nodes are specific
Mon Jan 30 07:35:51 2017
