Current configuration:
[NAME]		[DEFLT]	[VALUE]
-allphones	no	no
-cntthresh	0.00001	1.000000e-05
-csplitmax	100	2000
-csplitmin	1	1
-csplitthr	8e-4	0.000000e+00
-example	no	no
-fullvar	no	no
-help		no	no
-meanfn			/Users/benroye/forge/cmusphinx/voiceVim/model_parameters/voiceVim.cd_cont_untied/means
-mixwfn			/Users/benroye/forge/cmusphinx/voiceVim/model_parameters/voiceVim.cd_cont_untied/mixture_weights
-moddeffn		/Users/benroye/forge/cmusphinx/voiceVim/model_architecture/voiceVim.untied.mdef
-mwfloor	1e-4	1.000000e-08
-phone			r
-psetfn			/Users/benroye/forge/cmusphinx/voiceVim/model_architecture/voiceVim.tree_questions
-ssplitmax	5	7
-ssplitmin	1	1
-ssplitthr	8e-4	0.000000e+00
-state			2
-stwt			1.0,0.05,0.0,
-treefn			/Users/benroye/forge/cmusphinx/voiceVim/trees/voiceVim.unpruned/r-2.dtree
-ts2cbfn	.semi.	.cont.
-varfloor	0.00001	1.000000e-05
-varfn			/Users/benroye/forge/cmusphinx/voiceVim/model_parameters/voiceVim.cd_cont_untied/variances

INFO: main.c(223): Reading: /Users/benroye/forge/cmusphinx/voiceVim/model_architecture/voiceVim.untied.mdef
INFO: model_def_io.c(573): Model definition info:
INFO: model_def_io.c(574): 2249 total models defined (39 base, 2210 tri)
INFO: model_def_io.c(575): 8996 total states
INFO: model_def_io.c(576): 6747 total tied states
INFO: model_def_io.c(577): 117 total tied CI states
INFO: model_def_io.c(578): 39 total tied transition matrices
INFO: model_def_io.c(579): 4 max state/model
INFO: model_def_io.c(580): 4 min state/model
INFO: main.c(242): Building trees for [r SIL ee b] through [r x ay i]
INFO: main.c(269): Covering states |[4248 4475]| == 228
INFO: main.c(275): Reading: /Users/benroye/forge/cmusphinx/voiceVim/model_parameters/voiceVim.cd_cont_untied/mixture_weights
INFO: s3mixw_io.c(173): Read /Users/benroye/forge/cmusphinx/voiceVim/model_parameters/voiceVim.cd_cont_untied/mixture_weights [228x1x1 array]
INFO: main.c(311): 76 of 76 models have observation count greater than 0.000010
INFO: main.c(95): nrm stwt: 0.000 0.048 0.952 
INFO: s3gau_io.c(169): Read /Users/benroye/forge/cmusphinx/voiceVim/model_parameters/voiceVim.cd_cont_untied/means [6747x1x1 array]
INFO: s3gau_io.c(169): Read /Users/benroye/forge/cmusphinx/voiceVim/model_parameters/voiceVim.cd_cont_untied/variances [6747x1x1 array]
INFO: main.c(549): Reading: /Users/benroye/forge/cmusphinx/voiceVim/model_architecture/voiceVim.tree_questions
INFO: main.c(588): 174 total simple questions (166 phone; 8 word bndry)
INFO: main.c(590): 40 Left Only questions, and 42 Right Only questions
INFO: dtree.c(1478): Final simple tree
|( QUESTION2_11_L -1 -5.237e+05 7.659e+03 2.361e+03
|    ( - -9.546e+04 27 0 WDBNDRY_I 0 1.121e+03 4.520e+02)
|    ( QUESTION0_8_R 1 -4.206e+05 3.847e+03 1.909e+03
|        ( QUESTION2_19_L -1 -1.279e+05 1.309e+03 5.912e+02
|            ( - -3.952e+04 4 0 WDBNDRY_B 0 2.207e+02 1.858e+02)
|            ( QUESTION2_9_L -1 -8.710e+04 1.378e+03 4.054e+02
|                ( - -3.886e+04 1 0)
|                ( - -4.686e+04 10 0 QUESTION6 -1 1.155e+03 2.199e+02)))
|        ( QUESTION2_10_L -1 -2.888e+05 3.445e+03 1.318e+03
|            ( QUESTION0_7_R 1 -1.294e+05 2.319e+03 6.117e+02
|                ( - -3.314e+04 1 0)
|                ( QUESTION2_13_L -1 -9.398e+04 1.318e+03 4.515e+02
|                    ( - -7.484e+04 2 0 WDBNDRY_B 0 2.535e+02 3.680e+02)
|                    ( - -1.782e+04 2 0 QUESTION0_0_R 1 7.389e+02 8.343e+01)))
|            ( - -1.559e+05 29 0 WDBNDRY_B 0 1.166e+03 7.063e+02))))
s>    ( QUESTION2_11_L -1 -5.237e+05 7.659e+03 2.361e+03
s>        ( - -9.546e+04 27 0 WDBNDRY_I 0 1.121e+03 4.520e+02)
s>        ( QUESTION0_8_R 1 -4.206e+05 3.847e+03 1.909e+03
s>            ( QUESTION2_19_L -1 -1.279e+05 1.309e+03 5.912e+02
s>                ( - -3.952e+04 4 0 WDBNDRY_B 0 2.207e+02 1.858e+02)
s>                ( QUESTION2_9_L -1 -8.710e+04 1.378e+03 4.054e+02
s>                    ( - -3.886e+04 1 0)
s>                    ( - -4.686e+04 10 0 QUESTION6 -1 1.155e+03 2.199e+02)))
s>            ( QUESTION2_10_L -1 -2.888e+05 3.445e+03 1.318e+03
s>                ( QUESTION0_7_R 1 -1.294e+05 2.319e+03 6.117e+02
s>                    ( - -3.314e+04 1 0)
s>                    ( QUESTION2_13_L -1 -9.398e+04 1.318e+03 4.515e+02
s>                        ( - -7.484e+04 2 0 WDBNDRY_B 0 2.535e+02 3.680e+02)
s>                        ( - -1.782e+04 2 0 QUESTION0_0_R 1 7.389e+02 8.343e+01)))
s>                ( - -1.559e+05 29 0 WDBNDRY_B 0 1.166e+03 7.063e+02))))INFO: dtree.c(1315): Comp split 0
INFO: dtree.c(1478): Final simple tree
|( WDBNDRY_I 0 -1.143e+05 1.322e+03 5.354e+02
|    ( QUESTION0_0_R 1 -5.103e+04 1.102e+03 2.348e+02
|        ( QUESTION0_1_R 1 -4.176e+04 5.011e+02 1.948e+02
|            ( QUESTION0_2_R 1 -3.454e+04 4.545e+02 1.629e+02
|                ( - -2.010e+04 1 0)
|                ( - -1.399e+04 2 0 QUESTION0 1 3.480e+02 6.560e+01))
|            ( - -6.726e+03 2 0 QUESTION0_14_R 1 4.487e+02 3.193e+01))
|        ( - -8.164e+03 1 0))
|    ( SILENCE 1 -6.190e+04 5.418e+02 3.006e+02
|        ( - -2.485e+04 1 0)
|        ( QUESTION0_0_R 1 -3.651e+04 5.091e+02 1.764e+02
|            ( QUESTION16 1 -3.622e+04 4.713e+02 1.754e+02
|                ( - 2.407e+02 1 0)
|                ( - -3.599e+04 20 0 WDBNDRY_B 0 4.512e+02 1.744e+02))
|            ( - 2.188e+02 1 0))))
s>    ( WDBNDRY_I 0 -1.143e+05 1.322e+03 5.354e+02
s>        ( QUESTION0_0_R 1 -5.103e+04 1.102e+03 2.348e+02
s>            ( QUESTION0_1_R 1 -4.176e+04 5.011e+02 1.948e+02
s>                ( QUESTION0_2_R 1 -3.454e+04 4.545e+02 1.629e+02
s>                    ( - -2.010e+04 1 0)
s>                    ( - -1.399e+04 2 0 QUESTION0 1 3.480e+02 6.560e+01))
s>                ( - -6.726e+03 2 0 QUESTION0_14_R 1 4.487e+02 3.193e+01))
s>            ( - -8.164e+03 1 0))
s>        ( SILENCE 1 -6.190e+04 5.418e+02 3.006e+02
s>            ( - -2.485e+04 1 0)
s>            ( QUESTION0_0_R 1 -3.651e+04 5.091e+02 1.764e+02
s>                ( QUESTION16 1 -3.622e+04 4.713e+02 1.754e+02
s>                    ( - 2.407e+02 1 0)
s>                    ( - -3.599e+04 20 0 WDBNDRY_B 0 4.512e+02 1.744e+02))
s>                ( - 2.188e+02 1 0))))INFO: dtree.c(1478): Final simple tree
|( QUESTION0_8_R 1 -4.016e+05 4.009e+03 1.826e+03
|    ( QUESTION2_19_L -1 -1.279e+05 1.309e+03 5.912e+02
|        ( - -3.952e+04 4 0 WDBNDRY_B 0 2.207e+02 1.858e+02)
|        ( QUESTION2_9_L -1 -8.710e+04 1.378e+03 4.054e+02
|            ( - -3.886e+04 1 0)
|            ( QUESTION6 -1 -4.686e+04 1.155e+03 2.199e+02
|                ( - -3.085e+04 1 0)
|                ( - -1.486e+04 9 0 WDBNDRY_B 0 2.681e+02 6.580e+01))))
|    ( QUESTION2_10_L -1 -2.696e+05 3.282e+03 1.235e+03
|        ( QUESTION0_0_R 1 -1.104e+05 2.429e+03 5.283e+02
|            ( - -3.314e+04 1 0)
|            ( - -7.484e+04 2 0 WDBNDRY_B 0 2.535e+02 3.680e+02))
|        ( WDBNDRY_B 0 -1.559e+05 1.166e+03 7.063e+02
|            ( - -9.025e+04 25 0 QUESTION4 -1 1.034e+03 4.107e+02)
|            ( - -6.453e+04 4 0 QUESTION18 -1 9.451e+02 2.956e+02))))
s>    ( QUESTION0_8_R 1 -4.016e+05 4.009e+03 1.826e+03
s>        ( QUESTION2_19_L -1 -1.279e+05 1.309e+03 5.912e+02
s>            ( - -3.952e+04 4 0 WDBNDRY_B 0 2.207e+02 1.858e+02)
s>            ( QUESTION2_9_L -1 -8.710e+04 1.378e+03 4.054e+02
s>                ( - -3.886e+04 1 0)
s>                ( QUESTION6 -1 -4.686e+04 1.155e+03 2.199e+02
s>                    ( - -3.085e+04 1 0)
s>                    ( - -1.486e+04 9 0 WDBNDRY_B 0 2.681e+02 6.580e+01))))
s>        ( QUESTION2_10_L -1 -2.696e+05 3.282e+03 1.235e+03
s>            ( QUESTION0_0_R 1 -1.104e+05 2.429e+03 5.283e+02
s>                ( - -3.314e+04 1 0)
s>                ( - -7.484e+04 2 0 WDBNDRY_B 0 2.535e+02 3.680e+02))
s>            ( WDBNDRY_B 0 -1.559e+05 1.166e+03 7.063e+02
s>                ( - -9.025e+04 25 0 QUESTION4 -1 1.034e+03 4.107e+02)
s>                ( - -6.453e+04 4 0 QUESTION18 -1 9.451e+02 2.956e+02))))INFO: dtree.c(1315): Comp split 1
INFO: dtree.c(1478): Final simple tree
|( QUESTION2_10_L -1 -2.862e+05 3.372e+03 1.300e+03
|    ( QUESTION0_0_R 1 -1.104e+05 2.429e+03 5.283e+02
|        ( - -3.314e+04 1 0)
|        ( - -7.484e+04 2 0 WDBNDRY_B 0 2.535e+02 3.680e+02))
|    ( QUESTION0_8_R 1 -1.724e+05 1.567e+03 7.721e+02
|        ( - -1.486e+04 9 0 WDBNDRY_B 0 2.681e+02 6.580e+01)
|        ( WDBNDRY_B 0 -1.559e+05 1.166e+03 7.063e+02
|            ( QUESTION4 -1 -9.025e+04 1.034e+03 4.107e+02
|                ( - -4.713e+04 7 0 QUESTION2_4_L -1 4.153e+02 2.210e+02)
|                ( - -4.209e+04 18 0 QUESTION6 -1 2.401e+02 1.897e+02))
|            ( QUESTION18 -1 -6.453e+04 9.451e+02 2.956e+02
|                ( - -2.317e+04 1 0)
|                ( QUESTION0_0_R 1 -4.042e+04 7.772e+02 1.832e+02
|                    ( - -1.264e+04 1 0)
|                    ( - -2.700e+04 2 0 QUESTION4 -1 3.292e+02 1.250e+02))))))
s>    ( QUESTION2_10_L -1 -2.862e+05 3.372e+03 1.300e+03
s>        ( QUESTION0_0_R 1 -1.104e+05 2.429e+03 5.283e+02
s>            ( - -3.314e+04 1 0)
s>            ( - -7.484e+04 2 0 WDBNDRY_B 0 2.535e+02 3.680e+02))
s>        ( QUESTION0_8_R 1 -1.724e+05 1.567e+03 7.721e+02
s>            ( - -1.486e+04 9 0 WDBNDRY_B 0 2.681e+02 6.580e+01)
s>            ( WDBNDRY_B 0 -1.559e+05 1.166e+03 7.063e+02
s>                ( QUESTION4 -1 -9.025e+04 1.034e+03 4.107e+02
s>                    ( - -4.713e+04 7 0 QUESTION2_4_L -1 4.153e+02 2.210e+02)
s>                    ( - -4.209e+04 18 0 QUESTION6 -1 2.401e+02 1.897e+02))
s>                ( QUESTION18 -1 -6.453e+04 9.451e+02 2.956e+02
s>                    ( - -2.317e+04 1 0)
s>                    ( QUESTION0_0_R 1 -4.042e+04 7.772e+02 1.832e+02
s>                        ( - -1.264e+04 1 0)
s>                        ( - -2.700e+04 2 0 QUESTION4 -1 3.292e+02 1.250e+02))))))INFO: dtree.c(1439): stop. leaf nodes are specific
INFO: dtree.c(1478): Final simple tree
|( QUESTION2_0_L -1 -1.114e+05 1.235e+03 5.254e+02
|    ( QUESTION4 -1 -7.065e+04 9.391e+02 3.396e+02
|        ( - -3.886e+04 1 0)
|        ( - -3.085e+04 1 0))
|    ( WDBNDRY_B 0 -3.952e+04 2.207e+02 1.858e+02
|        ( - -3.834e+02 2 0)
|        ( QUESTION4 -1 -3.891e+04 1.915e+02 1.838e+02
|            ( - -3.304e+04 1 0)
|            ( - -5.686e+03 1 0))))
s>    ( QUESTION2_0_L -1 -1.114e+05 1.235e+03 5.254e+02
s>        ( QUESTION4 -1 -7.065e+04 9.391e+02 3.396e+02
s>            ( - -3.886e+04 1 0)
s>            ( - -3.085e+04 1 0))
s>        ( WDBNDRY_B 0 -3.952e+04 2.207e+02 1.858e+02
s>            ( - -3.834e+02 2 0)
s>            ( QUESTION4 -1 -3.891e+04 1.915e+02 1.838e+02
s>                ( - -3.304e+04 1 0)
s>                ( - -5.686e+03 1 0))))INFO: dtree.c(1315): Comp split 2
INFO: dtree.c(1478): Final simple tree
|( QUESTION0_8_R 1 -1.724e+05 1.567e+03 7.721e+02
|    ( - -1.486e+04 9 0 WDBNDRY_B 0 2.681e+02 6.580e+01)
|    ( WDBNDRY_B 0 -1.559e+05 1.166e+03 7.063e+02
|        ( QUESTION4 -1 -9.025e+04 1.034e+03 4.107e+02
|            ( QUESTION2_4_L -1 -4.713e+04 4.153e+02 2.210e+02
|                ( - -1.623e+04 2 0)
|                ( - -3.049e+04 5 0 QUESTION2_0_L -1 1.274e+02 1.410e+02))
|            ( - -4.209e+04 18 0 QUESTION6 -1 2.401e+02 1.897e+02))
|        ( QUESTION18 -1 -6.453e+04 9.451e+02 2.956e+02
|            ( - -2.317e+04 1 0)
|            ( QUESTION0_0_R 1 -4.042e+04 7.772e+02 1.832e+02
|                ( - -1.264e+04 1 0)
|                ( QUESTION4 -1 -2.700e+04 3.292e+02 1.250e+02
|                    ( - -7.322e+03 1 0)
|                    ( - -1.935e+04 1 0))))))
s>    ( QUESTION0_8_R 1 -1.724e+05 1.567e+03 7.721e+02
s>        ( - -1.486e+04 9 0 WDBNDRY_B 0 2.681e+02 6.580e+01)
s>        ( WDBNDRY_B 0 -1.559e+05 1.166e+03 7.063e+02
s>            ( QUESTION4 -1 -9.025e+04 1.034e+03 4.107e+02
s>                ( QUESTION2_4_L -1 -4.713e+04 4.153e+02 2.210e+02
s>                    ( - -1.623e+04 2 0)
s>                    ( - -3.049e+04 5 0 QUESTION2_0_L -1 1.274e+02 1.410e+02))
s>                ( - -4.209e+04 18 0 QUESTION6 -1 2.401e+02 1.897e+02))
s>            ( QUESTION18 -1 -6.453e+04 9.451e+02 2.956e+02
s>                ( - -2.317e+04 1 0)
s>                ( QUESTION0_0_R 1 -4.042e+04 7.772e+02 1.832e+02
s>                    ( - -1.264e+04 1 0)
s>                    ( QUESTION4 -1 -2.700e+04 3.292e+02 1.250e+02
s>                        ( - -7.322e+03 1 0)
s>                        ( - -1.935e+04 1 0))))))INFO: dtree.c(1439): stop. leaf nodes are specific
INFO: dtree.c(1478): Final simple tree
|( QUESTION0_0_R 1 -1.104e+05 2.429e+03 5.283e+02
|    ( - -3.314e+04 1 0)
|    ( WDBNDRY_B 0 -7.484e+04 2.535e+02 3.680e+02
|        ( - -4.821e+02 1 0)
|        ( - -7.410e+04 1 0)))
s>    ( QUESTION0_0_R 1 -1.104e+05 2.429e+03 5.283e+02
s>        ( - -3.314e+04 1 0)
s>        ( WDBNDRY_B 0 -7.484e+04 2.535e+02 3.680e+02
s>            ( - -4.821e+02 1 0)
s>            ( - -7.410e+04 1 0)))INFO: dtree.c(1315): Comp split 3
INFO: dtree.c(1439): stop. leaf nodes are specific
INFO: dtree.c(1478): Final simple tree
|( WDBNDRY_B 0 -7.484e+04 2.535e+02 3.680e+02
|    ( - -4.821e+02 1 0)
|    ( - -7.410e+04 1 0))
s>    ( WDBNDRY_B 0 -7.484e+04 2.535e+02 3.680e+02
s>        ( - -4.821e+02 1 0)
s>        ( - -7.410e+04 1 0))INFO: dtree.c(1315): Comp split 4
INFO: dtree.c(1478): Final simple tree
|( WDBNDRY_B 0 -1.486e+04 2.681e+02 6.580e+01
|    ( QUESTION2_4_L -1 -3.176e+03 4.800e+02 1.400e+01
|        ( - 2.421e+02 1 0)
|        ( QUESTION4 -1 -2.938e+03 4.593e+02 1.300e+01
|            ( - 2.413e+02 1 0)
|            ( QUESTION0 -1 -2.720e+03 4.384e+02 1.200e+01
|                ( - 2.175e+02 1 0)
|                ( - -2.499e+03 2 0 SILENCE -1 1.138e+02 1.100e+01))))
|    ( QUESTION11 -1 -1.142e+04 2.116e+02 5.180e+01
|        ( - -6.731e+02 1 0)
|        ( QUESTION19 -1 -1.053e+04 1.757e+02 4.780e+01
|            ( - -4.616e+03 1 0)
|            ( QUESTION0 -1 -5.740e+03 2.318e+02 2.714e+01
|                ( - -3.026e+03 1 0)
|                ( - -2.482e+03 1 0)))))
s>    ( WDBNDRY_B 0 -1.486e+04 2.681e+02 6.580e+01
s>        ( QUESTION2_4_L -1 -3.176e+03 4.800e+02 1.400e+01
s>            ( - 2.421e+02 1 0)
s>            ( QUESTION4 -1 -2.938e+03 4.593e+02 1.300e+01
s>                ( - 2.413e+02 1 0)
s>                ( QUESTION0 -1 -2.720e+03 4.384e+02 1.200e+01
s>                    ( - 2.175e+02 1 0)
s>                    ( - -2.499e+03 2 0 SILENCE -1 1.138e+02 1.100e+01))))
s>        ( QUESTION11 -1 -1.142e+04 2.116e+02 5.180e+01
s>            ( - -6.731e+02 1 0)
s>            ( QUESTION19 -1 -1.053e+04 1.757e+02 4.780e+01
s>                ( - -4.616e+03 1 0)
s>                ( QUESTION0 -1 -5.740e+03 2.318e+02 2.714e+01
s>                    ( - -3.026e+03 1 0)
s>                    ( - -2.482e+03 1 0)))))INFO: dtree.c(1478): Final simple tree
|( WDBNDRY_B 0 -1.559e+05 1.166e+03 7.063e+02
|    ( QUESTION4 -1 -9.025e+04 1.034e+03 4.107e+02
|        ( QUESTION2_4_L -1 -4.713e+04 4.153e+02 2.210e+02
|            ( - -1.623e+04 2 0)
|            ( - -3.049e+04 5 0 QUESTION2_0_L -1 1.274e+02 1.410e+02))
|        ( QUESTION6 -1 -4.209e+04 2.401e+02 1.897e+02
|            ( - -7.501e+02 1 0)
|            ( - -4.110e+04 17 0 QUESTION1 -1 2.109e+02 1.857e+02)))
|    ( QUESTION18 -1 -6.453e+04 9.451e+02 2.956e+02
|        ( - -2.317e+04 1 0)
|        ( QUESTION0_0_R 1 -4.042e+04 7.772e+02 1.832e+02
|            ( - -1.264e+04 1 0)
|            ( QUESTION4 -1 -2.700e+04 3.292e+02 1.250e+02
|                ( - -7.322e+03 1 0)
|                ( - -1.935e+04 1 0)))))
s>    ( WDBNDRY_B 0 -1.559e+05 1.166e+03 7.063e+02
s>        ( QUESTION4 -1 -9.025e+04 1.034e+03 4.107e+02
s>            ( QUESTION2_4_L -1 -4.713e+04 4.153e+02 2.210e+02
s>                ( - -1.623e+04 2 0)
s>                ( - -3.049e+04 5 0 QUESTION2_0_L -1 1.274e+02 1.410e+02))
s>            ( QUESTION6 -1 -4.209e+04 2.401e+02 1.897e+02
s>                ( - -7.501e+02 1 0)
s>                ( - -4.110e+04 17 0 QUESTION1 -1 2.109e+02 1.857e+02)))
s>        ( QUESTION18 -1 -6.453e+04 9.451e+02 2.956e+02
s>            ( - -2.317e+04 1 0)
s>            ( QUESTION0_0_R 1 -4.042e+04 7.772e+02 1.832e+02
s>                ( - -1.264e+04 1 0)
s>                ( QUESTION4 -1 -2.700e+04 3.292e+02 1.250e+02
s>                    ( - -7.322e+03 1 0)
s>                    ( - -1.935e+04 1 0)))))INFO: dtree.c(1315): Comp split 5
INFO: dtree.c(1478): Final simple tree
|( QUESTION0_0_R 1 -6.301e+04 6.057e+02 2.813e+02
|    ( - -1.264e+04 1 0)
|    ( WDBNDRY_B 0 -4.976e+04 3.488e+02 2.231e+02
|        ( QUESTION6 -1 -4.209e+04 2.401e+02 1.897e+02
|            ( - -7.501e+02 1 0)
|            ( QUESTION1 -1 -4.110e+04 2.109e+02 1.857e+02
|                ( - -4.356e+03 2 0)
|                ( QUESTION3 -1 -3.653e+04 1.362e+02 1.646e+02
|                    ( QUESTION19 -1 -2.045e+04 9.712e+01 9.257e+01
|                        ( - -9.565e+02 2 0)
|                        ( - -1.939e+04 2 0))
|                    ( SILENCE -1 -1.595e+04 9.123e+01 7.202e+01
|                        ( - -6.176e+03 3 0)
|                        ( - -9.682e+03 8 0)))))
|        ( - -7.322e+03 1 0)))
s>    ( QUESTION0_0_R 1 -6.301e+04 6.057e+02 2.813e+02
s>        ( - -1.264e+04 1 0)
s>        ( WDBNDRY_B 0 -4.976e+04 3.488e+02 2.231e+02
s>            ( QUESTION6 -1 -4.209e+04 2.401e+02 1.897e+02
s>                ( - -7.501e+02 1 0)
s>                ( QUESTION1 -1 -4.110e+04 2.109e+02 1.857e+02
s>                    ( - -4.356e+03 2 0)
s>                    ( QUESTION3 -1 -3.653e+04 1.362e+02 1.646e+02
s>                        ( QUESTION19 -1 -2.045e+04 9.712e+01 9.257e+01
s>                            ( - -9.565e+02 2 0)
s>                            ( - -1.939e+04 2 0))
s>                        ( SILENCE -1 -1.595e+04 9.123e+01 7.202e+01
s>                            ( - -6.176e+03 3 0)
s>                            ( - -9.682e+03 8 0)))))
s>            ( - -7.322e+03 1 0)))INFO: dtree.c(1439): stop. leaf nodes are specific
INFO: dtree.c(1478): Final simple tree
|( WDBNDRY_B 0 -9.153e+04 1.113e+03 4.250e+02
|    ( QUESTION2_4_L -1 -4.713e+04 4.153e+02 2.210e+02
|        ( - -1.623e+04 2 0)
|        ( QUESTION2_0_L -1 -3.049e+04 1.274e+02 1.410e+02
|            ( - -3.480e+03 1 0)
|            ( - -2.688e+04 4 0)))
|    ( QUESTION0_0_R 1 -4.329e+04 7.761e+02 2.040e+02
|        ( - -2.317e+04 1 0)
|        ( - -1.935e+04 1 0)))
s>    ( WDBNDRY_B 0 -9.153e+04 1.113e+03 4.250e+02
s>        ( QUESTION2_4_L -1 -4.713e+04 4.153e+02 2.210e+02
s>            ( - -1.623e+04 2 0)
s>            ( QUESTION2_0_L -1 -3.049e+04 1.274e+02 1.410e+02
s>                ( - -3.480e+03 1 0)
s>                ( - -2.688e+04 4 0)))
s>        ( QUESTION0_0_R 1 -4.329e+04 7.761e+02 2.040e+02
s>            ( - -2.317e+04 1 0)
s>            ( - -1.935e+04 1 0)))INFO: dtree.c(1315): Comp split 6
INFO: dtree.c(1478): Final simple tree
|( SILENCE 1 -6.137e+04 5.328e+02 2.986e+02
|    ( - -2.485e+04 1 0)
|    ( WDBNDRY_B 0 -3.599e+04 4.512e+02 1.744e+02
|        ( - 2.415e+02 1 0)
|        ( QUESTION0_5_R 1 -3.578e+04 4.469e+02 1.734e+02
|            ( - 2.411e+02 1 0)
|            ( QUESTION0_8_R 1 -3.557e+04 3.626e+02 1.724e+02
|                ( QUESTION4 1 -1.898e+04 2.217e+02 9.560e+01
|                    ( - -1.479e+04 4 0)
|                    ( - -3.965e+03 1 0))
|                ( QUESTION7 1 -1.623e+04 2.325e+02 7.681e+01
|                    ( - -2.719e+02 1 0)
|                    ( QUESTION0_15_R 1 -1.573e+04 1.640e+02 7.481e+01
|                        ( - -3.145e+03 1 0)
|                        ( - -1.242e+04 11 0 QUESTION0_3_R 1 1.632e+02 5.883e+01)))))))
s>    ( SILENCE 1 -6.137e+04 5.328e+02 2.986e+02
s>        ( - -2.485e+04 1 0)
s>        ( WDBNDRY_B 0 -3.599e+04 4.512e+02 1.744e+02
s>            ( - 2.415e+02 1 0)
s>            ( QUESTION0_5_R 1 -3.578e+04 4.469e+02 1.734e+02
s>                ( - 2.411e+02 1 0)
s>                ( QUESTION0_8_R 1 -3.557e+04 3.626e+02 1.724e+02
s>                    ( QUESTION4 1 -1.898e+04 2.217e+02 9.560e+01
s>                        ( - -1.479e+04 4 0)
s>                        ( - -3.965e+03 1 0))
s>                    ( QUESTION7 1 -1.623e+04 2.325e+02 7.681e+01
s>                        ( - -2.719e+02 1 0)
s>                        ( QUESTION0_15_R 1 -1.573e+04 1.640e+02 7.481e+01
s>                            ( - -3.145e+03 1 0)
s>                            ( - -1.242e+04 11 0 QUESTION0_3_R 1 1.632e+02 5.883e+01)))))))INFO: dtree.c(1478): Final simple tree
|( QUESTION0_0_R 1 -5.152e+04 1.081e+03 2.368e+02
|    ( QUESTION0_1_R 1 -4.199e+04 4.992e+02 1.958e+02
|        ( WDBNDRY_E 0 -3.476e+04 4.654e+02 1.639e+02
|            ( - 2.407e+02 1 0)
|            ( QUESTION0_2_R 1 -3.454e+04 4.545e+02 1.629e+02
|                ( - -2.010e+04 1 0)
|                ( QUESTION0 1 -1.399e+04 3.480e+02 6.560e+01
|                    ( - -4.717e+03 1 0)
|                    ( - -8.921e+03 1 0))))
|        ( QUESTION0_14_R 1 -6.726e+03 4.487e+02 3.193e+01
|            ( - -1.225e+03 1 0)
|            ( - -5.052e+03 1 0)))
|    ( WDBNDRY_E 0 -8.457e+03 5.118e+02 4.101e+01
|        ( - 2.188e+02 1 0)
|        ( - -8.164e+03 1 0)))
s>    ( QUESTION0_0_R 1 -5.152e+04 1.081e+03 2.368e+02
s>        ( QUESTION0_1_R 1 -4.199e+04 4.992e+02 1.958e+02
s>            ( WDBNDRY_E 0 -3.476e+04 4.654e+02 1.639e+02
s>                ( - 2.407e+02 1 0)
s>                ( QUESTION0_2_R 1 -3.454e+04 4.545e+02 1.629e+02
s>                    ( - -2.010e+04 1 0)
s>                    ( QUESTION0 1 -1.399e+04 3.480e+02 6.560e+01
s>                        ( - -4.717e+03 1 0)
s>                        ( - -8.921e+03 1 0))))
s>            ( QUESTION0_14_R 1 -6.726e+03 4.487e+02 3.193e+01
s>                ( - -1.225e+03 1 0)
s>                ( - -5.052e+03 1 0)))
s>        ( WDBNDRY_E 0 -8.457e+03 5.118e+02 4.101e+01
s>            ( - 2.188e+02 1 0)
s>            ( - -8.164e+03 1 0)))INFO: dtree.c(1315): Comp split 7
INFO: dtree.c(1439): stop. leaf nodes are specific
INFO: dtree.c(1478): Final simple tree
|( QUESTION4 -1 -7.065e+04 9.391e+02 3.396e+02
|    ( - -3.886e+04 1 0)
|    ( - -3.085e+04 1 0))
s>    ( QUESTION4 -1 -7.065e+04 9.391e+02 3.396e+02
s>        ( - -3.886e+04 1 0)
s>        ( - -3.085e+04 1 0))INFO: dtree.c(1439): stop. leaf nodes are specific
INFO: dtree.c(1478): Final simple tree
|( WDBNDRY_B 0 -3.952e+04 2.207e+02 1.858e+02
|    ( - -3.834e+02 2 0)
|    ( QUESTION4 -1 -3.891e+04 1.915e+02 1.838e+02
|        ( - -3.304e+04 1 0)
|        ( - -5.686e+03 1 0)))
s>    ( WDBNDRY_B 0 -3.952e+04 2.207e+02 1.858e+02
s>        ( - -3.834e+02 2 0)
s>        ( QUESTION4 -1 -3.891e+04 1.915e+02 1.838e+02
s>            ( - -3.304e+04 1 0)
s>            ( - -5.686e+03 1 0)))INFO: dtree.c(1315): Comp split 8
INFO: dtree.c(1439): stop. leaf nodes are specific
INFO: dtree.c(1478): Final simple tree
|( QUESTION0_1_R 1 -4.043e+04 6.145e+02 1.898e+02
|    ( WDBNDRY_E 0 -3.476e+04 4.654e+02 1.639e+02
|        ( - 2.407e+02 1 0)
|        ( QUESTION0_2_R 1 -3.454e+04 4.545e+02 1.629e+02
|            ( - -2.010e+04 1 0)
|            ( QUESTION0 1 -1.399e+04 3.480e+02 6.560e+01
|                ( - -4.717e+03 1 0)
|                ( - -8.921e+03 1 0))))
|    ( - -5.052e+03 1 0))
s>    ( QUESTION0_1_R 1 -4.043e+04 6.145e+02 1.898e+02
s>        ( WDBNDRY_E 0 -3.476e+04 4.654e+02 1.639e+02
s>            ( - 2.407e+02 1 0)
s>            ( QUESTION0_2_R 1 -3.454e+04 4.545e+02 1.629e+02
s>                ( - -2.010e+04 1 0)
s>                ( QUESTION0 1 -1.399e+04 3.480e+02 6.560e+01
s>                    ( - -4.717e+03 1 0)
s>                    ( - -8.921e+03 1 0))))
s>        ( - -5.052e+03 1 0))INFO: dtree.c(1439): stop. leaf nodes are specific
INFO: dtree.c(1478): Final simple tree
|( WDBNDRY_E 0 -9.959e+03 4.984e+02 4.701e+01
|    ( - 2.188e+02 1 0)
|    ( QUESTION0_0_R 1 -9.680e+03 2.914e+02 4.601e+01
|        ( - -1.225e+03 1 0)
|        ( - -8.164e+03 1 0)))
s>    ( WDBNDRY_E 0 -9.959e+03 4.984e+02 4.701e+01
s>        ( - 2.188e+02 1 0)
s>        ( QUESTION0_0_R 1 -9.680e+03 2.914e+02 4.601e+01
s>            ( - -1.225e+03 1 0)
s>            ( - -8.164e+03 1 0)))INFO: dtree.c(1315): Comp split 9
INFO: dtree.c(1439): stop. leaf nodes are specific
INFO: dtree.c(1478): Final simple tree
|( QUESTION2_4_L -1 -4.713e+04 4.153e+02 2.210e+02
|    ( - -1.623e+04 2 0)
|    ( QUESTION2_0_L -1 -3.049e+04 1.274e+02 1.410e+02
|        ( - -3.480e+03 1 0)
|        ( - -2.688e+04 4 0)))
s>    ( QUESTION2_4_L -1 -4.713e+04 4.153e+02 2.210e+02
s>        ( - -1.623e+04 2 0)
s>        ( QUESTION2_0_L -1 -3.049e+04 1.274e+02 1.410e+02
s>            ( - -3.480e+03 1 0)
s>            ( - -2.688e+04 4 0)))INFO: dtree.c(1439): stop. leaf nodes are specific
INFO: dtree.c(1478): Final simple tree
|( QUESTION0_0_R 1 -4.329e+04 7.761e+02 2.040e+02
|    ( - -2.317e+04 1 0)
|    ( - -1.935e+04 1 0))
s>    ( QUESTION0_0_R 1 -4.329e+04 7.761e+02 2.040e+02
s>        ( - -2.317e+04 1 0)
s>        ( - -1.935e+04 1 0))INFO: dtree.c(1315): Comp split 10
INFO: dtree.c(1315): Comp split 11
INFO: dtree.c(1315): Comp split 12
INFO: dtree.c(1439): stop. leaf nodes are specific
INFO: dtree.c(1478): Final simple tree
|( QUESTION1 -1 -4.110e+04 2.109e+02 1.857e+02
|    ( - -4.356e+03 2 0)
|    ( QUESTION3 -1 -3.653e+04 1.362e+02 1.646e+02
|        ( QUESTION19 -1 -2.045e+04 9.712e+01 9.257e+01
|            ( - -9.565e+02 2 0)
|            ( - -1.939e+04 2 0))
|        ( SILENCE -1 -1.595e+04 9.123e+01 7.202e+01
|            ( - -6.176e+03 3 0)
|            ( - -9.682e+03 8 0))))
s>    ( QUESTION1 -1 -4.110e+04 2.109e+02 1.857e+02
s>        ( - -4.356e+03 2 0)
s>        ( QUESTION3 -1 -3.653e+04 1.362e+02 1.646e+02
s>            ( QUESTION19 -1 -2.045e+04 9.712e+01 9.257e+01
s>                ( - -9.565e+02 2 0)
s>                ( - -1.939e+04 2 0))
s>            ( SILENCE -1 -1.595e+04 9.123e+01 7.202e+01
s>                ( - -6.176e+03 3 0)
s>                ( - -9.682e+03 8 0))))INFO: dtree.c(1439): stop. leaf nodes are specific
INFO: dtree.c(1478): Final simple tree
|( QUESTION0_0_R 1 -2.129e+04 3.872e+02 9.563e+01
|    ( - -1.264e+04 1 0)
|    ( WDBNDRY_B 0 -8.260e+03 1.878e+02 3.735e+01
|        ( - -7.501e+02 1 0)
|        ( - -7.322e+03 1 0)))
s>    ( QUESTION0_0_R 1 -2.129e+04 3.872e+02 9.563e+01
s>        ( - -1.264e+04 1 0)
s>        ( WDBNDRY_B 0 -8.260e+03 1.878e+02 3.735e+01
s>            ( - -7.501e+02 1 0)
s>            ( - -7.322e+03 1 0)))INFO: dtree.c(1315): Comp split 13
INFO: dtree.c(1439): stop. leaf nodes are specific
INFO: dtree.c(1478): Final simple tree
|( WDBNDRY_E 0 -3.476e+04 4.654e+02 1.639e+02
|    ( - 2.407e+02 1 0)
|    ( QUESTION0_2_R 1 -3.454e+04 4.545e+02 1.629e+02
|        ( - -2.010e+04 1 0)
|        ( QUESTION0 1 -1.399e+04 3.480e+02 6.560e+01
|            ( - -4.717e+03 1 0)
|            ( - -8.921e+03 1 0))))
s>    ( WDBNDRY_E 0 -3.476e+04 4.654e+02 1.639e+02
s>        ( - 2.407e+02 1 0)
s>        ( QUESTION0_2_R 1 -3.454e+04 4.545e+02 1.629e+02
s>            ( - -2.010e+04 1 0)
s>            ( QUESTION0 1 -1.399e+04 3.480e+02 6.560e+01
s>                ( - -4.717e+03 1 0)
s>                ( - -8.921e+03 1 0))))INFO: dtree.c(1315): Comp split 14
INFO: dtree.c(1478): Final simple tree
|( WDBNDRY_B 0 -3.599e+04 4.512e+02 1.744e+02
|    ( - 2.415e+02 1 0)
|    ( QUESTION0_5_R 1 -3.578e+04 4.469e+02 1.734e+02
|        ( - 2.411e+02 1 0)
|        ( QUESTION0_8_R 1 -3.557e+04 3.626e+02 1.724e+02
|            ( QUESTION4 1 -1.898e+04 2.217e+02 9.560e+01
|                ( - -1.479e+04 4 0)
|                ( - -3.965e+03 1 0))
|            ( QUESTION7 1 -1.623e+04 2.325e+02 7.681e+01
|                ( - -2.719e+02 1 0)
|                ( QUESTION0_15_R 1 -1.573e+04 1.640e+02 7.481e+01
|                    ( - -3.145e+03 1 0)
|                    ( QUESTION0_3_R 1 -1.242e+04 1.632e+02 5.883e+01
|                        ( - -2.656e+03 4 0 QUESTION13 1 1.298e+02 1.200e+01)
|                        ( - -9.600e+03 7 0 QUESTION0_10_R 1 1.677e+02 4.683e+01)))))))
s>    ( WDBNDRY_B 0 -3.599e+04 4.512e+02 1.744e+02
s>        ( - 2.415e+02 1 0)
s>        ( QUESTION0_5_R 1 -3.578e+04 4.469e+02 1.734e+02
s>            ( - 2.411e+02 1 0)
s>            ( QUESTION0_8_R 1 -3.557e+04 3.626e+02 1.724e+02
s>                ( QUESTION4 1 -1.898e+04 2.217e+02 9.560e+01
s>                    ( - -1.479e+04 4 0)
s>                    ( - -3.965e+03 1 0))
s>                ( QUESTION7 1 -1.623e+04 2.325e+02 7.681e+01
s>                    ( - -2.719e+02 1 0)
s>                    ( QUESTION0_15_R 1 -1.573e+04 1.640e+02 7.481e+01
s>                        ( - -3.145e+03 1 0)
s>                        ( QUESTION0_3_R 1 -1.242e+04 1.632e+02 5.883e+01
s>                            ( - -2.656e+03 4 0 QUESTION13 1 1.298e+02 1.200e+01)
s>                            ( - -9.600e+03 7 0 QUESTION0_10_R 1 1.677e+02 4.683e+01)))))))INFO: dtree.c(1315): Comp split 15
INFO: dtree.c(1439): stop. leaf nodes are specific
INFO: dtree.c(1478): Final simple tree
|( QUESTION0_0_R 1 -9.680e+03 2.914e+02 4.601e+01
|    ( - -1.225e+03 1 0)
|    ( - -8.164e+03 1 0))
s>    ( QUESTION0_0_R 1 -9.680e+03 2.914e+02 4.601e+01
s>        ( - -1.225e+03 1 0)
s>        ( - -8.164e+03 1 0))INFO: dtree.c(1315): Comp split 16
INFO: dtree.c(1478): Final simple tree
|( QUESTION4 -1 -1.461e+04 4.625e+02 6.480e+01
|    ( - 2.413e+02 1 0)
|    ( WDBNDRY_B 0 -1.439e+04 2.485e+02 6.380e+01
|        ( QUESTION0 -1 -2.720e+03 4.384e+02 1.200e+01
|            ( - 2.175e+02 1 0)
|            ( SILENCE -1 -2.499e+03 1.138e+02 1.100e+01
|                ( - -3.741e+02 1 0)
|                ( - -2.011e+03 1 0)))
|        ( QUESTION11 -1 -1.142e+04 2.116e+02 5.180e+01
|            ( - -6.731e+02 1 0)
|            ( QUESTION19 -1 -1.053e+04 1.757e+02 4.780e+01
|                ( - -4.616e+03 1 0)
|                ( QUESTION0 -1 -5.740e+03 2.318e+02 2.714e+01
|                    ( - -3.026e+03 1 0)
|                    ( - -2.482e+03 1 0))))))
s>    ( QUESTION4 -1 -1.461e+04 4.625e+02 6.480e+01
s>        ( - 2.413e+02 1 0)
s>        ( WDBNDRY_B 0 -1.439e+04 2.485e+02 6.380e+01
s>            ( QUESTION0 -1 -2.720e+03 4.384e+02 1.200e+01
s>                ( - 2.175e+02 1 0)
s>                ( SILENCE -1 -2.499e+03 1.138e+02 1.100e+01
s>                    ( - -3.741e+02 1 0)
s>                    ( - -2.011e+03 1 0)))
s>            ( QUESTION11 -1 -1.142e+04 2.116e+02 5.180e+01
s>                ( - -6.731e+02 1 0)
s>                ( QUESTION19 -1 -1.053e+04 1.757e+02 4.780e+01
s>                    ( - -4.616e+03 1 0)
s>                    ( QUESTION0 -1 -5.740e+03 2.318e+02 2.714e+01
s>                        ( - -3.026e+03 1 0)
s>                        ( - -2.482e+03 1 0))))))INFO: dtree.c(1315): Comp split 17
INFO: dtree.c(1439): stop. leaf nodes are specific
INFO: dtree.c(1478): Final simple tree
|( QUESTION0_2_R 1 -3.454e+04 4.545e+02 1.629e+02
|    ( - -2.010e+04 1 0)
|    ( QUESTION0 1 -1.399e+04 3.480e+02 6.560e+01
|        ( - -4.717e+03 1 0)
|        ( - -8.921e+03 1 0)))
s>    ( QUESTION0_2_R 1 -3.454e+04 4.545e+02 1.629e+02
s>        ( - -2.010e+04 1 0)
s>        ( QUESTION0 1 -1.399e+04 3.480e+02 6.560e+01
s>            ( - -4.717e+03 1 0)
s>            ( - -8.921e+03 1 0)))INFO: dtree.c(1315): Comp split 18
INFO: dtree.c(1439): stop. leaf nodes are specific
INFO: dtree.c(1478): Final simple tree
|( WDBNDRY_B 0 -1.439e+04 2.485e+02 6.380e+01
|    ( QUESTION0 -1 -2.720e+03 4.384e+02 1.200e+01
|        ( - 2.175e+02 1 0)
|        ( SILENCE -1 -2.499e+03 1.138e+02 1.100e+01
|            ( - -3.741e+02 1 0)
|            ( - -2.011e+03 1 0)))
|    ( QUESTION11 -1 -1.142e+04 2.116e+02 5.180e+01
|        ( - -6.731e+02 1 0)
|        ( QUESTION19 -1 -1.053e+04 1.757e+02 4.780e+01
|            ( - -4.616e+03 1 0)
|            ( QUESTION0 -1 -5.740e+03 2.318e+02 2.714e+01
|                ( - -3.026e+03 1 0)
|                ( - -2.482e+03 1 0)))))
s>    ( WDBNDRY_B 0 -1.439e+04 2.485e+02 6.380e+01
s>        ( QUESTION0 -1 -2.720e+03 4.384e+02 1.200e+01
s>            ( - 2.175e+02 1 0)
s>            ( SILENCE -1 -2.499e+03 1.138e+02 1.100e+01
s>                ( - -3.741e+02 1 0)
s>                ( - -2.011e+03 1 0)))
s>        ( QUESTION11 -1 -1.142e+04 2.116e+02 5.180e+01
s>            ( - -6.731e+02 1 0)
s>            ( QUESTION19 -1 -1.053e+04 1.757e+02 4.780e+01
s>                ( - -4.616e+03 1 0)
s>                ( QUESTION0 -1 -5.740e+03 2.318e+02 2.714e+01
s>                    ( - -3.026e+03 1 0)
s>                    ( - -2.482e+03 1 0)))))INFO: dtree.c(1315): Comp split 19
INFO: dtree.c(1439): stop. leaf nodes are specific
INFO: dtree.c(1478): Final simple tree
|( WDBNDRY_B 0 -1.414e+04 2.254e+02 6.280e+01
|    ( SILENCE -1 -2.499e+03 1.138e+02 1.100e+01
|        ( - -3.741e+02 1 0)
|        ( - -2.011e+03 1 0))
|    ( QUESTION11 -1 -1.142e+04 2.116e+02 5.180e+01
|        ( - -6.731e+02 1 0)
|        ( QUESTION19 -1 -1.053e+04 1.757e+02 4.780e+01
|            ( - -4.616e+03 1 0)
|            ( QUESTION0 -1 -5.740e+03 2.318e+02 2.714e+01
|                ( - -3.026e+03 1 0)
|                ( - -2.482e+03 1 0)))))
s>    ( WDBNDRY_B 0 -1.414e+04 2.254e+02 6.280e+01
s>        ( SILENCE -1 -2.499e+03 1.138e+02 1.100e+01
s>            ( - -3.741e+02 1 0)
s>            ( - -2.011e+03 1 0))
s>        ( QUESTION11 -1 -1.142e+04 2.116e+02 5.180e+01
s>            ( - -6.731e+02 1 0)
s>            ( QUESTION19 -1 -1.053e+04 1.757e+02 4.780e+01
s>                ( - -4.616e+03 1 0)
s>                ( QUESTION0 -1 -5.740e+03 2.318e+02 2.714e+01
s>                    ( - -3.026e+03 1 0)
s>                    ( - -2.482e+03 1 0)))))INFO: dtree.c(1315): Comp split 20
INFO: dtree.c(1439): stop. leaf nodes are specific
INFO: dtree.c(1478): Final simple tree
|( QUESTION0 1 -1.399e+04 3.480e+02 6.560e+01
|    ( - -4.717e+03 1 0)
|    ( - -8.921e+03 1 0))
s>    ( QUESTION0 1 -1.399e+04 3.480e+02 6.560e+01
s>        ( - -4.717e+03 1 0)
s>        ( - -8.921e+03 1 0))INFO: dtree.c(1315): Comp split 21
INFO: dtree.c(1478): Final simple tree
|( QUESTION0_5_R 1 -3.578e+04 4.469e+02 1.734e+02
|    ( - 2.411e+02 1 0)
|    ( QUESTION0_8_R 1 -3.557e+04 3.626e+02 1.724e+02
|        ( QUESTION4 1 -1.898e+04 2.217e+02 9.560e+01
|            ( - -1.479e+04 4 0)
|            ( - -3.965e+03 1 0))
|        ( QUESTION7 1 -1.623e+04 2.325e+02 7.681e+01
|            ( - -2.719e+02 1 0)
|            ( QUESTION0_15_R 1 -1.573e+04 1.640e+02 7.481e+01
|                ( - -3.145e+03 1 0)
|                ( QUESTION0_3_R 1 -1.242e+04 1.632e+02 5.883e+01
|                    ( - -2.656e+03 4 0 QUESTION13 1 1.298e+02 1.200e+01)
|                    ( QUESTION0_10_R 1 -9.600e+03 1.677e+02 4.683e+01
|                        ( - -1.743e+03 1 0)
|                        ( - -7.690e+03 6 0 QUESTION10 1 1.190e+02 3.783e+01)))))))
s>    ( QUESTION0_5_R 1 -3.578e+04 4.469e+02 1.734e+02
s>        ( - 2.411e+02 1 0)
s>        ( QUESTION0_8_R 1 -3.557e+04 3.626e+02 1.724e+02
s>            ( QUESTION4 1 -1.898e+04 2.217e+02 9.560e+01
s>                ( - -1.479e+04 4 0)
s>                ( - -3.965e+03 1 0))
s>            ( QUESTION7 1 -1.623e+04 2.325e+02 7.681e+01
s>                ( - -2.719e+02 1 0)
s>                ( QUESTION0_15_R 1 -1.573e+04 1.640e+02 7.481e+01
s>                    ( - -3.145e+03 1 0)
s>                    ( QUESTION0_3_R 1 -1.242e+04 1.632e+02 5.883e+01
s>                        ( - -2.656e+03 4 0 QUESTION13 1 1.298e+02 1.200e+01)
s>                        ( QUESTION0_10_R 1 -9.600e+03 1.677e+02 4.683e+01
s>                            ( - -1.743e+03 1 0)
s>                            ( - -7.690e+03 6 0 QUESTION10 1 1.190e+02 3.783e+01)))))))INFO: dtree.c(1315): Comp split 22
INFO: dtree.c(1478): Final simple tree
|( QUESTION0_8_R 1 -3.557e+04 3.626e+02 1.724e+02
|    ( QUESTION4 1 -1.898e+04 2.217e+02 9.560e+01
|        ( - -1.479e+04 4 0)
|        ( - -3.965e+03 1 0))
|    ( QUESTION7 1 -1.623e+04 2.325e+02 7.681e+01
|        ( - -2.719e+02 1 0)
|        ( QUESTION0_15_R 1 -1.573e+04 1.640e+02 7.481e+01
|            ( - -3.145e+03 1 0)
|            ( QUESTION0_3_R 1 -1.242e+04 1.632e+02 5.883e+01
|                ( QUESTION13 1 -2.656e+03 1.298e+02 1.200e+01
|                    ( - -3.250e+02 1 0)
|                    ( - -2.201e+03 3 0 QUESTION0_4_R 1 7.125e+01 1.000e+01))
|                ( QUESTION0_10_R 1 -9.600e+03 1.677e+02 4.683e+01
|                    ( - -1.743e+03 1 0)
|                    ( - -7.690e+03 6 0 QUESTION10 1 1.190e+02 3.783e+01))))))
s>    ( QUESTION0_8_R 1 -3.557e+04 3.626e+02 1.724e+02
s>        ( QUESTION4 1 -1.898e+04 2.217e+02 9.560e+01
s>            ( - -1.479e+04 4 0)
s>            ( - -3.965e+03 1 0))
s>        ( QUESTION7 1 -1.623e+04 2.325e+02 7.681e+01
s>            ( - -2.719e+02 1 0)
s>            ( QUESTION0_15_R 1 -1.573e+04 1.640e+02 7.481e+01
s>                ( - -3.145e+03 1 0)
s>                ( QUESTION0_3_R 1 -1.242e+04 1.632e+02 5.883e+01
s>                    ( QUESTION13 1 -2.656e+03 1.298e+02 1.200e+01
s>                        ( - -3.250e+02 1 0)
s>                        ( - -2.201e+03 3 0 QUESTION0_4_R 1 7.125e+01 1.000e+01))
s>                    ( QUESTION0_10_R 1 -9.600e+03 1.677e+02 4.683e+01
s>                        ( - -1.743e+03 1 0)
s>                        ( - -7.690e+03 6 0 QUESTION10 1 1.190e+02 3.783e+01))))))INFO: dtree.c(1315): Comp split 23
INFO: dtree.c(1478): Final simple tree
|( QUESTION7 1 -2.034e+04 2.321e+02 9.697e+01
|    ( - -2.719e+02 1 0)
|    ( QUESTION0_15_R 1 -1.984e+04 1.755e+02 9.497e+01
|        ( - -3.145e+03 1 0)
|        ( QUESTION0_3_R 1 -1.652e+04 1.661e+02 7.899e+01
|            ( QUESTION13 1 -2.656e+03 1.298e+02 1.200e+01
|                ( - -3.250e+02 1 0)
|                ( - -2.201e+03 3 0 QUESTION0_4_R 1 7.125e+01 1.000e+01))
|            ( QUESTION0_10_R 1 -1.370e+04 1.729e+02 6.699e+01
|                ( - -1.743e+03 1 0)
|                ( QUESTION0_12_R 1 -1.178e+04 1.456e+02 5.799e+01
|                    ( - -6.868e+03 4 0 QUESTION10 1 1.177e+02 3.383e+01)
|                    ( QUESTION0_9_R 1 -4.768e+03 4.552e+02 2.416e+01
|                        ( - 2.432e+02 1 0)
|                        ( - -4.556e+03 2 0 QUESTION0_1_R 1 1.120e+02 2.316e+01)))))))
s>    ( QUESTION7 1 -2.034e+04 2.321e+02 9.697e+01
s>        ( - -2.719e+02 1 0)
s>        ( QUESTION0_15_R 1 -1.984e+04 1.755e+02 9.497e+01
s>            ( - -3.145e+03 1 0)
s>            ( QUESTION0_3_R 1 -1.652e+04 1.661e+02 7.899e+01
s>                ( QUESTION13 1 -2.656e+03 1.298e+02 1.200e+01
s>                    ( - -3.250e+02 1 0)
s>                    ( - -2.201e+03 3 0 QUESTION0_4_R 1 7.125e+01 1.000e+01))
s>                ( QUESTION0_10_R 1 -1.370e+04 1.729e+02 6.699e+01
s>                    ( - -1.743e+03 1 0)
s>                    ( QUESTION0_12_R 1 -1.178e+04 1.456e+02 5.799e+01
s>                        ( - -6.868e+03 4 0 QUESTION10 1 1.177e+02 3.383e+01)
s>                        ( QUESTION0_9_R 1 -4.768e+03 4.552e+02 2.416e+01
s>                            ( - 2.432e+02 1 0)
s>                            ( - -4.556e+03 2 0 QUESTION0_1_R 1 1.120e+02 2.316e+01)))))))INFO: dtree.c(1315): Comp split 24
INFO: dtree.c(1478): Final simple tree
|( QUESTION7 1 -2.012e+04 2.324e+02 9.597e+01
|    ( - -2.719e+02 1 0)
|    ( QUESTION0_15_R 1 -1.962e+04 1.730e+02 9.397e+01
|        ( - -3.145e+03 1 0)
|        ( QUESTION0_3_R 1 -1.630e+04 1.656e+02 7.799e+01
|            ( QUESTION13 1 -2.656e+03 1.298e+02 1.200e+01
|                ( - -3.250e+02 1 0)
|                ( - -2.201e+03 3 0 QUESTION0_4_R 1 7.125e+01 1.000e+01))
|            ( QUESTION0_10_R 1 -1.348e+04 1.724e+02 6.599e+01
|                ( - -1.743e+03 1 0)
|                ( QUESTION0_9_R 1 -1.156e+04 1.408e+02 5.699e+01
|                    ( QUESTION10 1 -6.868e+03 1.177e+02 3.383e+01
|                        ( - -5.160e+02 1 0)
|                        ( - -6.234e+03 3 0 QUESTION0_13_R 1 1.023e+02 3.083e+01))
|                    ( - -4.556e+03 2 0 QUESTION0_1_R 1 1.120e+02 2.316e+01))))))
s>    ( QUESTION7 1 -2.012e+04 2.324e+02 9.597e+01
s>        ( - -2.719e+02 1 0)
s>        ( QUESTION0_15_R 1 -1.962e+04 1.730e+02 9.397e+01
s>            ( - -3.145e+03 1 0)
s>            ( QUESTION0_3_R 1 -1.630e+04 1.656e+02 7.799e+01
s>                ( QUESTION13 1 -2.656e+03 1.298e+02 1.200e+01
s>                    ( - -3.250e+02 1 0)
s>                    ( - -2.201e+03 3 0 QUESTION0_4_R 1 7.125e+01 1.000e+01))
s>                ( QUESTION0_10_R 1 -1.348e+04 1.724e+02 6.599e+01
s>                    ( - -1.743e+03 1 0)
s>                    ( QUESTION0_9_R 1 -1.156e+04 1.408e+02 5.699e+01
s>                        ( QUESTION10 1 -6.868e+03 1.177e+02 3.383e+01
s>                            ( - -5.160e+02 1 0)
s>                            ( - -6.234e+03 3 0 QUESTION0_13_R 1 1.023e+02 3.083e+01))
s>                        ( - -4.556e+03 2 0 QUESTION0_1_R 1 1.120e+02 2.316e+01))))))INFO: dtree.c(1315): Comp split 25
INFO: dtree.c(1439): stop. leaf nodes are specific
INFO: dtree.c(1478): Final simple tree
|( QUESTION2_0_L -1 -3.049e+04 1.274e+02 1.410e+02
|    ( - -3.480e+03 1 0)
|    ( - -2.688e+04 4 0))
s>    ( QUESTION2_0_L -1 -3.049e+04 1.274e+02 1.410e+02
s>        ( - -3.480e+03 1 0)
s>        ( - -2.688e+04 4 0))INFO: dtree.c(1315): Comp split 26
INFO: dtree.c(1439): stop. leaf nodes are specific
INFO: dtree.c(1478): Final simple tree
|( WDBNDRY_B 0 -8.260e+03 1.878e+02 3.735e+01
|    ( - -7.501e+02 1 0)
|    ( - -7.322e+03 1 0))
s>    ( WDBNDRY_B 0 -8.260e+03 1.878e+02 3.735e+01
s>        ( - -7.501e+02 1 0)
s>        ( - -7.322e+03 1 0))INFO: dtree.c(1315): Comp split 27
INFO: dtree.c(1315): Comp split 28
INFO: dtree.c(1315): Comp split 29
INFO: dtree.c(1439): stop. leaf nodes are specific
INFO: dtree.c(1478): Final simple tree
|( QUESTION11 -1 -1.139e+04 2.147e+02 4.970e+01
|    ( - -6.731e+02 1 0)
|    ( WDBNDRY_B 0 -1.050e+04 2.007e+02 4.570e+01
|        ( SILENCE -1 -2.499e+03 1.138e+02 1.100e+01
|            ( - -3.741e+02 1 0)
|            ( - -2.011e+03 1 0))
|        ( QUESTION0 -1 -7.798e+03 1.559e+02 3.469e+01
|            ( - -3.026e+03 1 0)
|            ( - -4.616e+03 1 0))))
s>    ( QUESTION11 -1 -1.139e+04 2.147e+02 4.970e+01
s>        ( - -6.731e+02 1 0)
s>        ( WDBNDRY_B 0 -1.050e+04 2.007e+02 4.570e+01
s>            ( SILENCE -1 -2.499e+03 1.138e+02 1.100e+01
s>                ( - -3.741e+02 1 0)
s>                ( - -2.011e+03 1 0))
s>            ( QUESTION0 -1 -7.798e+03 1.559e+02 3.469e+01
s>                ( - -3.026e+03 1 0)
s>                ( - -4.616e+03 1 0))))INFO: dtree.c(1315): Comp split 30
INFO: dtree.c(1315): Comp split 31
INFO: dtree.c(1478): Final simple tree
|( QUESTION0_15_R 1 -1.962e+04 1.730e+02 9.397e+01
|    ( - -3.145e+03 1 0)
|    ( QUESTION0_3_R 1 -1.630e+04 1.656e+02 7.799e+01
|        ( QUESTION13 1 -2.656e+03 1.298e+02 1.200e+01
|            ( - -3.250e+02 1 0)
|            ( - -2.201e+03 3 0 QUESTION0_4_R 1 7.125e+01 1.000e+01))
|        ( QUESTION0_10_R 1 -1.348e+04 1.724e+02 6.599e+01
|            ( - -1.743e+03 1 0)
|            ( QUESTION0_9_R 1 -1.156e+04 1.408e+02 5.699e+01
|                ( QUESTION10 1 -6.868e+03 1.177e+02 3.383e+01
|                    ( - -5.160e+02 1 0)
|                    ( - -6.234e+03 3 0 QUESTION0_13_R 1 1.023e+02 3.083e+01))
|                ( QUESTION0_1_R 1 -4.556e+03 1.120e+02 2.316e+01
|                    ( - -4.786e+02 1 0)
|                    ( - -3.965e+03 1 0))))))
s>    ( QUESTION0_15_R 1 -1.962e+04 1.730e+02 9.397e+01
s>        ( - -3.145e+03 1 0)
s>        ( QUESTION0_3_R 1 -1.630e+04 1.656e+02 7.799e+01
s>            ( QUESTION13 1 -2.656e+03 1.298e+02 1.200e+01
s>                ( - -3.250e+02 1 0)
s>                ( - -2.201e+03 3 0 QUESTION0_4_R 1 7.125e+01 1.000e+01))
s>            ( QUESTION0_10_R 1 -1.348e+04 1.724e+02 6.599e+01
s>                ( - -1.743e+03 1 0)
s>                ( QUESTION0_9_R 1 -1.156e+04 1.408e+02 5.699e+01
s>                    ( QUESTION10 1 -6.868e+03 1.177e+02 3.383e+01
s>                        ( - -5.160e+02 1 0)
s>                        ( - -6.234e+03 3 0 QUESTION0_13_R 1 1.023e+02 3.083e+01))
s>                    ( QUESTION0_1_R 1 -4.556e+03 1.120e+02 2.316e+01
s>                        ( - -4.786e+02 1 0)
s>                        ( - -3.965e+03 1 0))))))INFO: dtree.c(1315): Comp split 32
INFO: dtree.c(1439): stop. leaf nodes are specific
INFO: dtree.c(1478): Final simple tree
|( WDBNDRY_B 0 -6.254e+03 1.853e+02 2.890e+01
|    ( - -3.834e+02 2 0)
|    ( - -5.686e+03 1 0))
s>    ( WDBNDRY_B 0 -6.254e+03 1.853e+02 2.890e+01
s>        ( - -3.834e+02 2 0)
s>        ( - -5.686e+03 1 0))INFO: dtree.c(1315): Comp split 33
INFO: dtree.c(1439): stop. leaf nodes are specific
INFO: dtree.c(1478): Final simple tree
|( QUESTION0_9_R 1 -1.156e+04 1.408e+02 5.699e+01
|    ( QUESTION10 1 -6.868e+03 1.177e+02 3.383e+01
|        ( - -5.160e+02 1 0)
|        ( QUESTION0_13_R 1 -6.234e+03 1.023e+02 3.083e+01
|            ( - -1.258e+03 1 0)
|            ( - -4.874e+03 2 0)))
|    ( QUESTION0_1_R 1 -4.556e+03 1.120e+02 2.316e+01
|        ( - -4.786e+02 1 0)
|        ( - -3.965e+03 1 0)))
s>    ( QUESTION0_9_R 1 -1.156e+04 1.408e+02 5.699e+01
s>        ( QUESTION10 1 -6.868e+03 1.177e+02 3.383e+01
s>            ( - -5.160e+02 1 0)
s>            ( QUESTION0_13_R 1 -6.234e+03 1.023e+02 3.083e+01
s>                ( - -1.258e+03 1 0)
s>                ( - -4.874e+03 2 0)))
s>        ( QUESTION0_1_R 1 -4.556e+03 1.120e+02 2.316e+01
s>            ( - -4.786e+02 1 0)
s>            ( - -3.965e+03 1 0)))INFO: dtree.c(1439): stop. leaf nodes are specific
INFO: dtree.c(1478): Final simple tree
|( QUESTION0_1_R 1 -7.834e+03 1.609e+02 3.698e+01
|    ( QUESTION13 1 -2.656e+03 1.298e+02 1.200e+01
|        ( - -3.250e+02 1 0)
|        ( QUESTION0_4_R 1 -2.201e+03 7.125e+01 1.000e+01
|            ( - -5.874e+02 1 0)
|            ( - -1.543e+03 2 0)))
|    ( QUESTION0_10_R 1 -5.017e+03 1.290e+02 2.498e+01
|        ( - -1.743e+03 1 0)
|        ( - -3.145e+03 1 0)))
s>    ( QUESTION0_1_R 1 -7.834e+03 1.609e+02 3.698e+01
s>        ( QUESTION13 1 -2.656e+03 1.298e+02 1.200e+01
s>            ( - -3.250e+02 1 0)
s>            ( QUESTION0_4_R 1 -2.201e+03 7.125e+01 1.000e+01
s>                ( - -5.874e+02 1 0)
s>                ( - -1.543e+03 2 0)))
s>        ( QUESTION0_10_R 1 -5.017e+03 1.290e+02 2.498e+01
s>            ( - -1.743e+03 1 0)
s>            ( - -3.145e+03 1 0)))INFO: dtree.c(1315): Comp split 34
INFO: dtree.c(1439): stop. leaf nodes are specific
INFO: dtree.c(1478): Final simple tree
|( WDBNDRY_B 0 -1.050e+04 2.007e+02 4.570e+01
|    ( SILENCE -1 -2.499e+03 1.138e+02 1.100e+01
|        ( - -3.741e+02 1 0)
|        ( - -2.011e+03 1 0))
|    ( QUESTION0 -1 -7.798e+03 1.559e+02 3.469e+01
|        ( - -3.026e+03 1 0)
|        ( - -4.616e+03 1 0)))
s>    ( WDBNDRY_B 0 -1.050e+04 2.007e+02 4.570e+01
s>        ( SILENCE -1 -2.499e+03 1.138e+02 1.100e+01
s>            ( - -3.741e+02 1 0)
s>            ( - -2.011e+03 1 0))
s>        ( QUESTION0 -1 -7.798e+03 1.559e+02 3.469e+01
s>            ( - -3.026e+03 1 0)
s>            ( - -4.616e+03 1 0)))INFO: dtree.c(1315): Comp split 35
INFO: dtree.c(1439): stop. leaf nodes are specific
INFO: dtree.c(1478): Final simple tree
|( QUESTION3 -1 -3.653e+04 1.362e+02 1.646e+02
|    ( QUESTION19 -1 -2.045e+04 9.712e+01 9.257e+01
|        ( - -9.565e+02 2 0)
|        ( - -1.939e+04 2 0))
|    ( SILENCE -1 -1.595e+04 9.123e+01 7.202e+01
|        ( - -6.176e+03 3 0)
|        ( - -9.682e+03 8 0)))
s>    ( QUESTION3 -1 -3.653e+04 1.362e+02 1.646e+02
s>        ( QUESTION19 -1 -2.045e+04 9.712e+01 9.257e+01
s>            ( - -9.565e+02 2 0)
s>            ( - -1.939e+04 2 0))
s>        ( SILENCE -1 -1.595e+04 9.123e+01 7.202e+01
s>            ( - -6.176e+03 3 0)
s>            ( - -9.682e+03 8 0)))INFO: dtree.c(1315): Comp split 36
INFO: dtree.c(1439): stop. leaf nodes are specific
INFO: dtree.c(1478): Final simple tree
|( QUESTION0 -1 -8.278e+03 1.569e+02 3.669e+01
|    ( - -3.026e+03 1 0)
|    ( WDBNDRY_B 0 -5.095e+03 1.048e+02 2.266e+01
|        ( - -3.741e+02 1 0)
|        ( - -4.616e+03 1 0)))
s>    ( QUESTION0 -1 -8.278e+03 1.569e+02 3.669e+01
s>        ( - -3.026e+03 1 0)
s>        ( WDBNDRY_B 0 -5.095e+03 1.048e+02 2.266e+01
s>            ( - -3.741e+02 1 0)
s>            ( - -4.616e+03 1 0)))INFO: dtree.c(1315): Comp split 37
INFO: dtree.c(1315): Comp split 38
INFO: dtree.c(1315): Comp split 39
INFO: dtree.c(1439): stop. leaf nodes are specific
INFO: dtree.c(1478): Final simple tree
|( QUESTION13 1 -2.656e+03 1.298e+02 1.200e+01
|    ( - -3.250e+02 1 0)
|    ( QUESTION0_4_R 1 -2.201e+03 7.125e+01 1.000e+01
|        ( - -5.874e+02 1 0)
|        ( - -1.543e+03 2 0)))
s>    ( QUESTION13 1 -2.656e+03 1.298e+02 1.200e+01
s>        ( - -3.250e+02 1 0)
s>        ( QUESTION0_4_R 1 -2.201e+03 7.125e+01 1.000e+01
s>            ( - -5.874e+02 1 0)
s>            ( - -1.543e+03 2 0)))INFO: dtree.c(1439): stop. leaf nodes are specific
INFO: dtree.c(1478): Final simple tree
|( QUESTION0_10_R 1 -5.017e+03 1.290e+02 2.498e+01
|    ( - -1.743e+03 1 0)
|    ( - -3.145e+03 1 0))
s>    ( QUESTION0_10_R 1 -5.017e+03 1.290e+02 2.498e+01
s>        ( - -1.743e+03 1 0)
s>        ( - -3.145e+03 1 0))INFO: dtree.c(1315): Comp split 40
INFO: dtree.c(1439): stop. leaf nodes are specific
INFO: dtree.c(1478): Final simple tree
|( WDBNDRY_B 0 -5.095e+03 1.048e+02 2.266e+01
|    ( - -3.741e+02 1 0)
|    ( - -4.616e+03 1 0))
s>    ( WDBNDRY_B 0 -5.095e+03 1.048e+02 2.266e+01
s>        ( - -3.741e+02 1 0)
s>        ( - -4.616e+03 1 0))INFO: dtree.c(1315): Comp split 41
INFO: dtree.c(1439): stop. leaf nodes are specific
INFO: dtree.c(1478): Final simple tree
|( QUESTION10 1 -6.868e+03 1.177e+02 3.383e+01
|    ( - -5.160e+02 1 0)
|    ( QUESTION0_13_R 1 -6.234e+03 1.023e+02 3.083e+01
|        ( - -1.258e+03 1 0)
|        ( - -4.874e+03 2 0)))
s>    ( QUESTION10 1 -6.868e+03 1.177e+02 3.383e+01
s>        ( - -5.160e+02 1 0)
s>        ( QUESTION0_13_R 1 -6.234e+03 1.023e+02 3.083e+01
s>            ( - -1.258e+03 1 0)
s>            ( - -4.874e+03 2 0)))INFO: dtree.c(1439): stop. leaf nodes are specific
INFO: dtree.c(1478): Final simple tree
|( QUESTION0_1_R 1 -4.556e+03 1.120e+02 2.316e+01
|    ( - -4.786e+02 1 0)
|    ( - -3.965e+03 1 0))
s>    ( QUESTION0_1_R 1 -4.556e+03 1.120e+02 2.316e+01
s>        ( - -4.786e+02 1 0)
s>        ( - -3.965e+03 1 0))INFO: dtree.c(1315): Comp split 42
INFO: dtree.c(1439): stop. leaf nodes are specific
INFO: dtree.c(1478): Final simple tree
|( SILENCE -1 -1.595e+04 9.123e+01 7.202e+01
|    ( - -6.176e+03 3 0)
|    ( - -9.682e+03 8 0))
s>    ( SILENCE -1 -1.595e+04 9.123e+01 7.202e+01
s>        ( - -6.176e+03 3 0)
s>        ( - -9.682e+03 8 0))INFO: dtree.c(1439): stop. leaf nodes are specific
INFO: dtree.c(1478): Final simple tree
|( QUESTION19 -1 -2.045e+04 9.712e+01 9.257e+01
|    ( - -9.565e+02 2 0)
|    ( - -1.939e+04 2 0))
s>    ( QUESTION19 -1 -2.045e+04 9.712e+01 9.257e+01
s>        ( - -9.565e+02 2 0)
s>        ( - -1.939e+04 2 0))INFO: dtree.c(1315): Comp split 43
INFO: dtree.c(1439): stop. leaf nodes are specific
INFO: dtree.c(1478): Final simple tree
|( QUESTION0_4_R 1 -2.201e+03 7.125e+01 1.000e+01
|    ( - -5.874e+02 1 0)
|    ( - -1.543e+03 2 0))
s>    ( QUESTION0_4_R 1 -2.201e+03 7.125e+01 1.000e+01
s>        ( - -5.874e+02 1 0)
s>        ( - -1.543e+03 2 0))INFO: dtree.c(1315): Comp split 44
INFO: dtree.c(1315): Comp split 45
INFO: dtree.c(1315): Comp split 46
INFO: dtree.c(1439): stop. leaf nodes are specific
INFO: dtree.c(1478): Final simple tree
|( QUESTION0_13_R 1 -6.234e+03 1.023e+02 3.083e+01
|    ( - -1.258e+03 1 0)
|    ( - -4.874e+03 2 0))
s>    ( QUESTION0_13_R 1 -6.234e+03 1.023e+02 3.083e+01
s>        ( - -1.258e+03 1 0)
s>        ( - -4.874e+03 2 0))INFO: dtree.c(1315): Comp split 47
INFO: dtree.c(1315): Comp split 48
INFO: dtree.c(1315): Comp split 49
INFO: dtree.c(1315): Comp split 50
INFO: dtree.c(1315): Comp split 51
INFO: dtree.c(1315): Comp split 52
INFO: dtree.c(1315): Comp split 53
INFO: dtree.c(1318): stop. leaf nodes are specific
Mon Jan 30 07:35:50 2017
