Current configuration:
[NAME]		[DEFLT]	[VALUE]
-allphones	no	no
-cntthresh	0.00001	1.000000e-05
-csplitmax	100	2000
-csplitmin	1	1
-csplitthr	8e-4	0.000000e+00
-example	no	no
-fullvar	no	no
-help		no	no
-meanfn			/Users/benroye/forge/cmusphinx/voiceVim/model_parameters/voiceVim.cd_cont_untied/means
-mixwfn			/Users/benroye/forge/cmusphinx/voiceVim/model_parameters/voiceVim.cd_cont_untied/mixture_weights
-moddeffn		/Users/benroye/forge/cmusphinx/voiceVim/model_architecture/voiceVim.untied.mdef
-mwfloor	1e-4	1.000000e-08
-phone			dh
-psetfn			/Users/benroye/forge/cmusphinx/voiceVim/model_architecture/voiceVim.tree_questions
-ssplitmax	5	7
-ssplitmin	1	1
-ssplitthr	8e-4	0.000000e+00
-state			1
-stwt			1.0,0.05,0.0,
-treefn			/Users/benroye/forge/cmusphinx/voiceVim/trees/voiceVim.unpruned/dh-1.dtree
-ts2cbfn	.semi.	.cont.
-varfloor	0.00001	1.000000e-05
-varfn			/Users/benroye/forge/cmusphinx/voiceVim/model_parameters/voiceVim.cd_cont_untied/variances

INFO: main.c(223): Reading: /Users/benroye/forge/cmusphinx/voiceVim/model_architecture/voiceVim.untied.mdef
INFO: model_def_io.c(573): Model definition info:
INFO: model_def_io.c(574): 2249 total models defined (39 base, 2210 tri)
INFO: model_def_io.c(575): 8996 total states
INFO: model_def_io.c(576): 6747 total tied states
INFO: model_def_io.c(577): 117 total tied CI states
INFO: model_def_io.c(578): 39 total tied transition matrices
INFO: model_def_io.c(579): 4 max state/model
INFO: model_def_io.c(580): 4 min state/model
INFO: main.c(242): Building trees for [dh SIL f b] through [dh x l b]
INFO: main.c(269): Covering states |[903 956]| == 54
INFO: main.c(275): Reading: /Users/benroye/forge/cmusphinx/voiceVim/model_parameters/voiceVim.cd_cont_untied/mixture_weights
INFO: s3mixw_io.c(173): Read /Users/benroye/forge/cmusphinx/voiceVim/model_parameters/voiceVim.cd_cont_untied/mixture_weights [54x1x1 array]
INFO: main.c(311): 18 of 18 models have observation count greater than 0.000010
INFO: main.c(95): nrm stwt: 0.045 0.909 0.045 
INFO: s3gau_io.c(169): Read /Users/benroye/forge/cmusphinx/voiceVim/model_parameters/voiceVim.cd_cont_untied/means [6747x1x1 array]
INFO: s3gau_io.c(169): Read /Users/benroye/forge/cmusphinx/voiceVim/model_parameters/voiceVim.cd_cont_untied/variances [6747x1x1 array]
INFO: main.c(549): Reading: /Users/benroye/forge/cmusphinx/voiceVim/model_architecture/voiceVim.tree_questions
INFO: main.c(588): 174 total simple questions (166 phone; 8 word bndry)
INFO: main.c(590): 40 Left Only questions, and 42 Right Only questions
INFO: dtree.c(1478): Final simple tree
|( QUESTION19 -1 -6.163e+04 2.401e+02 2.610e+02
|    ( - -5.273e+03 1 0)
|    ( QUESTION0 -1 -5.611e+04 2.300e+02 2.387e+02
|        ( QUESTION0_1_R 1 -1.719e+04 4.768e+02 7.566e+01
|            ( - 2.409e+02 1 0)
|            ( QUESTION1 -1 -1.695e+04 1.817e+02 7.466e+01
|                ( - -1.055e+03 1 0)
|                ( - -1.571e+04 3 0)))
|        ( QUESTION0_1_R 1 -3.869e+04 1.834e+02 1.630e+02
|            ( SILENCE -1 -6.221e+03 1.449e+02 2.700e+01
|                ( - -1.209e+03 1 0)
|                ( - -4.867e+03 2 0 QUESTION4 -1 1.141e+02 2.100e+01))
|            ( QUESTION2_9_L -1 -3.229e+04 1.313e+02 1.360e+02
|                ( - -1.368e+03 1 0)
|                ( - -3.079e+04 8 0 QUESTION8 -1 1.229e+02 1.300e+02)))))
s>    ( QUESTION19 -1 -6.163e+04 2.401e+02 2.610e+02
s>        ( - -5.273e+03 1 0)
s>        ( QUESTION0 -1 -5.611e+04 2.300e+02 2.387e+02
s>            ( QUESTION0_1_R 1 -1.719e+04 4.768e+02 7.566e+01
s>                ( - 2.409e+02 1 0)
s>                ( QUESTION1 -1 -1.695e+04 1.817e+02 7.466e+01
s>                    ( - -1.055e+03 1 0)
s>                    ( - -1.571e+04 3 0)))
s>            ( QUESTION0_1_R 1 -3.869e+04 1.834e+02 1.630e+02
s>                ( SILENCE -1 -6.221e+03 1.449e+02 2.700e+01
s>                    ( - -1.209e+03 1 0)
s>                    ( - -4.867e+03 2 0 QUESTION4 -1 1.141e+02 2.100e+01))
s>                ( QUESTION2_9_L -1 -3.229e+04 1.313e+02 1.360e+02
s>                    ( - -1.368e+03 1 0)
s>                    ( - -3.079e+04 8 0 QUESTION8 -1 1.229e+02 1.300e+02)))))INFO: dtree.c(1315): Comp split 0
INFO: dtree.c(1478): Final simple tree
|( QUESTION2 -1 -6.140e+04 2.449e+02 2.600e+02
|    ( - -1.571e+04 3 0)
|    ( QUESTION19 -1 -4.544e+04 2.283e+02 1.903e+02
|        ( - -5.273e+03 1 0)
|        ( QUESTION0 -1 -3.993e+04 1.840e+02 1.680e+02
|            ( - -1.055e+03 1 0)
|            ( QUESTION0_1_R 1 -3.869e+04 1.834e+02 1.630e+02
|                ( SILENCE -1 -6.221e+03 1.449e+02 2.700e+01
|                    ( - -1.209e+03 1 0)
|                    ( - -4.867e+03 2 0 QUESTION4 -1 1.141e+02 2.100e+01))
|                ( QUESTION2_9_L -1 -3.229e+04 1.313e+02 1.360e+02
|                    ( - -1.368e+03 1 0)
|                    ( QUESTION8 -1 -3.079e+04 1.229e+02 1.300e+02
|                        ( - -1.819e+03 1 0)
|                        ( - -2.885e+04 7 0 QUESTION2_19_L -1 1.187e+02 1.230e+02)))))))
s>    ( QUESTION2 -1 -6.140e+04 2.449e+02 2.600e+02
s>        ( - -1.571e+04 3 0)
s>        ( QUESTION19 -1 -4.544e+04 2.283e+02 1.903e+02
s>            ( - -5.273e+03 1 0)
s>            ( QUESTION0 -1 -3.993e+04 1.840e+02 1.680e+02
s>                ( - -1.055e+03 1 0)
s>                ( QUESTION0_1_R 1 -3.869e+04 1.834e+02 1.630e+02
s>                    ( SILENCE -1 -6.221e+03 1.449e+02 2.700e+01
s>                        ( - -1.209e+03 1 0)
s>                        ( - -4.867e+03 2 0 QUESTION4 -1 1.141e+02 2.100e+01))
s>                    ( QUESTION2_9_L -1 -3.229e+04 1.313e+02 1.360e+02
s>                        ( - -1.368e+03 1 0)
s>                        ( QUESTION8 -1 -3.079e+04 1.229e+02 1.300e+02
s>                            ( - -1.819e+03 1 0)
s>                            ( - -2.885e+04 7 0 QUESTION2_19_L -1 1.187e+02 1.230e+02)))))))INFO: dtree.c(1315): Comp split 1
INFO: dtree.c(1439): stop. leaf nodes are specific
INFO: dtree.c(1478): Final simple tree
|( QUESTION0 -1 -8.406e+03 1.455e+02 3.430e+01
|    ( - -1.055e+03 1 0)
|    ( QUESTION6 -1 -7.205e+03 1.125e+02 2.930e+01
|        ( - -1.819e+03 1 0)
|        ( - -5.273e+03 1 0)))
s>    ( QUESTION0 -1 -8.406e+03 1.455e+02 3.430e+01
s>        ( - -1.055e+03 1 0)
s>        ( QUESTION6 -1 -7.205e+03 1.125e+02 2.930e+01
s>            ( - -1.819e+03 1 0)
s>            ( - -5.273e+03 1 0)))INFO: dtree.c(1478): Final simple tree
|( QUESTION0 -1 -5.271e+04 2.428e+02 2.257e+02
|    ( - -1.571e+04 3 0)
|    ( QUESTION0_1_R 1 -3.675e+04 1.873e+02 1.560e+02
|        ( SILENCE -1 -6.221e+03 1.449e+02 2.700e+01
|            ( - -1.209e+03 1 0)
|            ( QUESTION4 -1 -4.867e+03 1.141e+02 2.100e+01
|                ( - -3.952e+03 1 0)
|                ( - -8.014e+02 1 0)))
|        ( QUESTION2_9_L -1 -3.035e+04 1.282e+02 1.290e+02
|            ( - -1.368e+03 1 0)
|            ( QUESTION2_19_L -1 -2.885e+04 1.187e+02 1.230e+02
|                ( - -4.637e+03 3 0)
|                ( SILENCE -1 -2.409e+04 1.107e+02 1.020e+02
|                    ( - -1.641e+03 1 0)
|                    ( - -2.234e+04 3 0 QUESTION6 -1 1.009e+02 9.404e+01))))))
s>    ( QUESTION0 -1 -5.271e+04 2.428e+02 2.257e+02
s>        ( - -1.571e+04 3 0)
s>        ( QUESTION0_1_R 1 -3.675e+04 1.873e+02 1.560e+02
s>            ( SILENCE -1 -6.221e+03 1.449e+02 2.700e+01
s>                ( - -1.209e+03 1 0)
s>                ( QUESTION4 -1 -4.867e+03 1.141e+02 2.100e+01
s>                    ( - -3.952e+03 1 0)
s>                    ( - -8.014e+02 1 0)))
s>            ( QUESTION2_9_L -1 -3.035e+04 1.282e+02 1.290e+02
s>                ( - -1.368e+03 1 0)
s>                ( QUESTION2_19_L -1 -2.885e+04 1.187e+02 1.230e+02
s>                    ( - -4.637e+03 3 0)
s>                    ( SILENCE -1 -2.409e+04 1.107e+02 1.020e+02
s>                        ( - -1.641e+03 1 0)
s>                        ( - -2.234e+04 3 0 QUESTION6 -1 1.009e+02 9.404e+01))))))INFO: dtree.c(1315): Comp split 2
INFO: dtree.c(1439): stop. leaf nodes are specific
INFO: dtree.c(1478): Final simple tree
|( QUESTION2_9_L -1 -3.035e+04 1.282e+02 1.290e+02
|    ( - -1.368e+03 1 0)
|    ( QUESTION2_19_L -1 -2.885e+04 1.187e+02 1.230e+02
|        ( - -4.637e+03 3 0)
|        ( SILENCE -1 -2.409e+04 1.107e+02 1.020e+02
|            ( - -1.641e+03 1 0)
|            ( QUESTION6 -1 -2.234e+04 1.009e+02 9.404e+01
|                ( - -1.032e+03 1 0)
|                ( QUESTION4 -1 -2.121e+04 9.968e+01 8.904e+01
|                    ( - -1.164e+03 1 0)
|                    ( - -1.994e+04 1 0))))))
s>    ( QUESTION2_9_L -1 -3.035e+04 1.282e+02 1.290e+02
s>        ( - -1.368e+03 1 0)
s>        ( QUESTION2_19_L -1 -2.885e+04 1.187e+02 1.230e+02
s>            ( - -4.637e+03 3 0)
s>            ( SILENCE -1 -2.409e+04 1.107e+02 1.020e+02
s>                ( - -1.641e+03 1 0)
s>                ( QUESTION6 -1 -2.234e+04 1.009e+02 9.404e+01
s>                    ( - -1.032e+03 1 0)
s>                    ( QUESTION4 -1 -2.121e+04 9.968e+01 8.904e+01
s>                        ( - -1.164e+03 1 0)
s>                        ( - -1.994e+04 1 0))))))INFO: dtree.c(1439): stop. leaf nodes are specific
INFO: dtree.c(1478): Final simple tree
|( QUESTION0_1_R 1 -2.212e+04 1.840e+02 9.666e+01
|    ( SILENCE -1 -6.221e+03 1.449e+02 2.700e+01
|        ( - -1.209e+03 1 0)
|        ( QUESTION4 -1 -4.867e+03 1.141e+02 2.100e+01
|            ( - -3.952e+03 1 0)
|            ( - -8.014e+02 1 0)))
|    ( - -1.571e+04 3 0))
s>    ( QUESTION0_1_R 1 -2.212e+04 1.840e+02 9.666e+01
s>        ( SILENCE -1 -6.221e+03 1.449e+02 2.700e+01
s>            ( - -1.209e+03 1 0)
s>            ( QUESTION4 -1 -4.867e+03 1.141e+02 2.100e+01
s>                ( - -3.952e+03 1 0)
s>                ( - -8.014e+02 1 0)))
s>        ( - -1.571e+04 3 0))INFO: dtree.c(1315): Comp split 3
INFO: dtree.c(1439): stop. leaf nodes are specific
INFO: dtree.c(1478): Final simple tree
|( SILENCE -1 -6.221e+03 1.449e+02 2.700e+01
|    ( - -1.209e+03 1 0)
|    ( QUESTION4 -1 -4.867e+03 1.141e+02 2.100e+01
|        ( - -3.952e+03 1 0)
|        ( - -8.014e+02 1 0)))
s>    ( SILENCE -1 -6.221e+03 1.449e+02 2.700e+01
s>        ( - -1.209e+03 1 0)
s>        ( QUESTION4 -1 -4.867e+03 1.141e+02 2.100e+01
s>            ( - -3.952e+03 1 0)
s>            ( - -8.014e+02 1 0)))INFO: dtree.c(1315): Comp split 4
INFO: dtree.c(1439): stop. leaf nodes are specific
INFO: dtree.c(1478): Final simple tree
|( QUESTION6 -1 -7.205e+03 1.125e+02 2.930e+01
|    ( - -1.819e+03 1 0)
|    ( - -5.273e+03 1 0))
s>    ( QUESTION6 -1 -7.205e+03 1.125e+02 2.930e+01
s>        ( - -1.819e+03 1 0)
s>        ( - -5.273e+03 1 0))INFO: dtree.c(1315): Comp split 5
INFO: dtree.c(1439): stop. leaf nodes are specific
INFO: dtree.c(1478): Final simple tree
|( QUESTION4 -1 -4.867e+03 1.141e+02 2.100e+01
|    ( - -3.952e+03 1 0)
|    ( - -8.014e+02 1 0))
s>    ( QUESTION4 -1 -4.867e+03 1.141e+02 2.100e+01
s>        ( - -3.952e+03 1 0)
s>        ( - -8.014e+02 1 0))INFO: dtree.c(1315): Comp split 6
INFO: dtree.c(1439): stop. leaf nodes are specific
INFO: dtree.c(1478): Final simple tree
|( QUESTION2_19_L -1 -2.885e+04 1.187e+02 1.230e+02
|    ( - -4.637e+03 3 0)
|    ( SILENCE -1 -2.409e+04 1.107e+02 1.020e+02
|        ( - -1.641e+03 1 0)
|        ( QUESTION6 -1 -2.234e+04 1.009e+02 9.404e+01
|            ( - -1.032e+03 1 0)
|            ( QUESTION4 -1 -2.121e+04 9.968e+01 8.904e+01
|                ( - -1.164e+03 1 0)
|                ( - -1.994e+04 1 0)))))
s>    ( QUESTION2_19_L -1 -2.885e+04 1.187e+02 1.230e+02
s>        ( - -4.637e+03 3 0)
s>        ( SILENCE -1 -2.409e+04 1.107e+02 1.020e+02
s>            ( - -1.641e+03 1 0)
s>            ( QUESTION6 -1 -2.234e+04 1.009e+02 9.404e+01
s>                ( - -1.032e+03 1 0)
s>                ( QUESTION4 -1 -2.121e+04 9.968e+01 8.904e+01
s>                    ( - -1.164e+03 1 0)
s>                    ( - -1.994e+04 1 0)))))INFO: dtree.c(1315): Comp split 7
INFO: dtree.c(1439): stop. leaf nodes are specific
INFO: dtree.c(1478): Final simple tree
|( SILENCE -1 -2.409e+04 1.107e+02 1.020e+02
|    ( - -1.641e+03 1 0)
|    ( QUESTION6 -1 -2.234e+04 1.009e+02 9.404e+01
|        ( - -1.032e+03 1 0)
|        ( QUESTION4 -1 -2.121e+04 9.968e+01 8.904e+01
|            ( - -1.164e+03 1 0)
|            ( - -1.994e+04 1 0))))
s>    ( SILENCE -1 -2.409e+04 1.107e+02 1.020e+02
s>        ( - -1.641e+03 1 0)
s>        ( QUESTION6 -1 -2.234e+04 1.009e+02 9.404e+01
s>            ( - -1.032e+03 1 0)
s>            ( QUESTION4 -1 -2.121e+04 9.968e+01 8.904e+01
s>                ( - -1.164e+03 1 0)
s>                ( - -1.994e+04 1 0))))INFO: dtree.c(1315): Comp split 8
INFO: dtree.c(1315): Comp split 9
INFO: dtree.c(1439): stop. leaf nodes are specific
INFO: dtree.c(1478): Final simple tree
|( QUESTION4 -1 -2.121e+04 9.968e+01 8.904e+01
|    ( - -1.164e+03 1 0)
|    ( - -1.994e+04 1 0))
s>    ( QUESTION4 -1 -2.121e+04 9.968e+01 8.904e+01
s>        ( - -1.164e+03 1 0)
s>        ( - -1.994e+04 1 0))INFO: dtree.c(1439): stop. leaf nodes are specific
INFO: dtree.c(1478): Final simple tree
|( SILENCE -1 -2.772e+03 9.860e+01 1.300e+01
|    ( - -1.641e+03 1 0)
|    ( - -1.032e+03 1 0))
s>    ( SILENCE -1 -2.772e+03 9.860e+01 1.300e+01
s>        ( - -1.641e+03 1 0)
s>        ( - -1.032e+03 1 0))INFO: dtree.c(1315): Comp split 10
INFO: dtree.c(1315): Comp split 11
INFO: dtree.c(1315): Comp split 12
INFO: dtree.c(1315): Comp split 13
INFO: dtree.c(1318): stop. leaf nodes are specific
Mon Jan 30 07:35:45 2017
