Current configuration:
[NAME]		[DEFLT]	[VALUE]
-allphones	no	no
-cntthresh	0.00001	1.000000e-05
-csplitmax	100	2000
-csplitmin	1	1
-csplitthr	8e-4	0.000000e+00
-example	no	no
-fullvar	no	no
-help		no	no
-meanfn			/Users/benroye/forge/cmusphinx/voiceVim/model_parameters/voiceVim.cd_cont_untied/means
-mixwfn			/Users/benroye/forge/cmusphinx/voiceVim/model_parameters/voiceVim.cd_cont_untied/mixture_weights
-moddeffn		/Users/benroye/forge/cmusphinx/voiceVim/model_architecture/voiceVim.untied.mdef
-mwfloor	1e-4	1.000000e-08
-phone			oh
-psetfn			/Users/benroye/forge/cmusphinx/voiceVim/model_architecture/voiceVim.tree_questions
-ssplitmax	5	7
-ssplitmin	1	1
-ssplitthr	8e-4	0.000000e+00
-state			0
-stwt			1.0,0.05,0.0,
-treefn			/Users/benroye/forge/cmusphinx/voiceVim/trees/voiceVim.unpruned/oh-0.dtree
-ts2cbfn	.semi.	.cont.
-varfloor	0.00001	1.000000e-05
-varfn			/Users/benroye/forge/cmusphinx/voiceVim/model_parameters/voiceVim.cd_cont_untied/variances

INFO: main.c(223): Reading: /Users/benroye/forge/cmusphinx/voiceVim/model_architecture/voiceVim.untied.mdef
INFO: model_def_io.c(573): Model definition info:
INFO: model_def_io.c(574): 2249 total models defined (39 base, 2210 tri)
INFO: model_def_io.c(575): 8996 total states
INFO: model_def_io.c(576): 6747 total tied states
INFO: model_def_io.c(577): 117 total tied CI states
INFO: model_def_io.c(578): 39 total tied transition matrices
INFO: model_def_io.c(579): 4 max state/model
INFO: model_def_io.c(580): 4 min state/model
INFO: main.c(242): Building trees for [oh ee SIL e] through [oh w t i]
INFO: main.c(269): Covering states |[3615 3884]| == 270
INFO: main.c(275): Reading: /Users/benroye/forge/cmusphinx/voiceVim/model_parameters/voiceVim.cd_cont_untied/mixture_weights
INFO: s3mixw_io.c(173): Read /Users/benroye/forge/cmusphinx/voiceVim/model_parameters/voiceVim.cd_cont_untied/mixture_weights [270x1x1 array]
INFO: main.c(311): 90 of 90 models have observation count greater than 0.000010
INFO: main.c(95): nrm stwt: 0.952 0.048 0.000 
INFO: s3gau_io.c(169): Read /Users/benroye/forge/cmusphinx/voiceVim/model_parameters/voiceVim.cd_cont_untied/means [6747x1x1 array]
INFO: s3gau_io.c(169): Read /Users/benroye/forge/cmusphinx/voiceVim/model_parameters/voiceVim.cd_cont_untied/variances [6747x1x1 array]
INFO: main.c(549): Reading: /Users/benroye/forge/cmusphinx/voiceVim/model_architecture/voiceVim.tree_questions
INFO: main.c(588): 174 total simple questions (166 phone; 8 word bndry)
INFO: main.c(590): 40 Left Only questions, and 42 Right Only questions
INFO: dtree.c(1478): Final simple tree
|( QUESTION2_9_L -1 -1.019e+06 8.084e+03 4.881e+03
|    ( QUESTION2_11_L -1 -2.742e+05 3.218e+03 1.298e+03
|        ( - -9.541e+04 11 0 WDBNDRY_E 0 1.175e+03 4.712e+02)
|        ( QUESTION14 -1 -1.756e+05 2.842e+03 8.271e+02
|            ( - -2.276e+04 1 0)
|            ( - -1.500e+05 22 0 QUESTION12 -1 1.834e+03 7.208e+02)))
|    ( WDBNDRY_E 0 -7.372e+05 4.993e+03 3.582e+03
|        ( QUESTION12 -1 -6.120e+05 2.245e+03 3.016e+03
|            ( - -3.151e+05 19 0 SILENCE 1 1.474e+03 1.572e+03)
|            ( QUESTION4 -1 -2.946e+05 2.017e+03 1.444e+03
|                ( - -1.248e+05 14 0 QUESTION4 1 5.646e+02 6.159e+02)
|                ( - -1.678e+05 20 0 QUESTION0_12_R 1 5.214e+02 8.281e+02)))
|        ( QUESTION0_6_R 1 -1.202e+05 2.382e+03 5.660e+02
|            ( - -9.579e+04 1 0)
|            ( - -2.200e+04 2 0 QUESTION0_1_R 1 7.556e+02 9.704e+01))))
s>    ( QUESTION2_9_L -1 -1.019e+06 8.084e+03 4.881e+03
s>        ( QUESTION2_11_L -1 -2.742e+05 3.218e+03 1.298e+03
s>            ( - -9.541e+04 11 0 WDBNDRY_E 0 1.175e+03 4.712e+02)
s>            ( QUESTION14 -1 -1.756e+05 2.842e+03 8.271e+02
s>                ( - -2.276e+04 1 0)
s>                ( - -1.500e+05 22 0 QUESTION12 -1 1.834e+03 7.208e+02)))
s>        ( WDBNDRY_E 0 -7.372e+05 4.993e+03 3.582e+03
s>            ( QUESTION12 -1 -6.120e+05 2.245e+03 3.016e+03
s>                ( - -3.151e+05 19 0 SILENCE 1 1.474e+03 1.572e+03)
s>                ( QUESTION4 -1 -2.946e+05 2.017e+03 1.444e+03
s>                    ( - -1.248e+05 14 0 QUESTION4 1 5.646e+02 6.159e+02)
s>                    ( - -1.678e+05 20 0 QUESTION0_12_R 1 5.214e+02 8.281e+02)))
s>            ( QUESTION0_6_R 1 -1.202e+05 2.382e+03 5.660e+02
s>                ( - -9.579e+04 1 0)
s>                ( - -2.200e+04 2 0 QUESTION0_1_R 1 7.556e+02 9.704e+01))))INFO: dtree.c(1315): Comp split 0
INFO: dtree.c(1478): Final simple tree
|( WDBNDRY_E 0 -7.123e+05 4.489e+03 3.485e+03
|    ( QUESTION12 -1 -6.120e+05 2.245e+03 3.016e+03
|        ( SILENCE 1 -3.151e+05 1.474e+03 1.572e+03
|            ( - -2.422e+04 1 0)
|            ( QUESTION0_11_R 1 -2.894e+05 7.382e+02 1.455e+03
|                ( - -2.969e+04 3 0 QUESTION0_18_R 1 3.478e+02 1.445e+02)
|                ( - -2.590e+05 15 0 QUESTION0_6_R 1 4.844e+02 1.310e+03)))
|        ( QUESTION4 -1 -2.946e+05 2.017e+03 1.444e+03
|            ( QUESTION4 1 -1.248e+05 5.646e+02 6.159e+02
|                ( - -5.258e+04 5 0 QUESTION0_1_R 1 2.512e+02 2.605e+02)
|                ( - -7.168e+04 9 0 QUESTION0_4_R 1 2.367e+02 3.554e+02))
|            ( QUESTION0_12_R 1 -1.678e+05 5.214e+02 8.281e+02
|                ( - -2.104e+04 4 0 QUESTION0_15_R 1 2.668e+02 1.004e+02)
|                ( - -1.462e+05 16 0 SILENCE 1 5.025e+02 7.276e+02))))
|    ( - -9.579e+04 1 0))
s>    ( WDBNDRY_E 0 -7.123e+05 4.489e+03 3.485e+03
s>        ( QUESTION12 -1 -6.120e+05 2.245e+03 3.016e+03
s>            ( SILENCE 1 -3.151e+05 1.474e+03 1.572e+03
s>                ( - -2.422e+04 1 0)
s>                ( QUESTION0_11_R 1 -2.894e+05 7.382e+02 1.455e+03
s>                    ( - -2.969e+04 3 0 QUESTION0_18_R 1 3.478e+02 1.445e+02)
s>                    ( - -2.590e+05 15 0 QUESTION0_6_R 1 4.844e+02 1.310e+03)))
s>            ( QUESTION4 -1 -2.946e+05 2.017e+03 1.444e+03
s>                ( QUESTION4 1 -1.248e+05 5.646e+02 6.159e+02
s>                    ( - -5.258e+04 5 0 QUESTION0_1_R 1 2.512e+02 2.605e+02)
s>                    ( - -7.168e+04 9 0 QUESTION0_4_R 1 2.367e+02 3.554e+02))
s>                ( QUESTION0_12_R 1 -1.678e+05 5.214e+02 8.281e+02
s>                    ( - -2.104e+04 4 0 QUESTION0_15_R 1 2.668e+02 1.004e+02)
s>                    ( - -1.462e+05 16 0 SILENCE 1 5.025e+02 7.276e+02))))
s>        ( - -9.579e+04 1 0))INFO: dtree.c(1478): Final simple tree
|( QUESTION2_11_L -1 -2.981e+05 3.370e+03 1.395e+03
|    ( WDBNDRY_E 0 -9.541e+04 1.175e+03 4.712e+02
|        ( - -3.394e+04 10 0 QUESTION0_6_R 1 3.654e+02 1.663e+02)
|        ( - -6.030e+04 1 0))
|    ( WDBNDRY_E 0 -1.994e+05 2.924e+03 9.241e+02
|        ( QUESTION4 -1 -8.013e+04 5.057e+02 3.973e+02
|            ( - -4.801e+04 11 0 SILENCE 1 4.628e+02 2.401e+02)
|            ( - -3.161e+04 9 0 SILENCE 1 4.562e+02 1.572e+02))
|        ( QUESTION2_18_L -1 -1.163e+05 2.545e+03 5.268e+02
|            ( - -6.816e+04 2 0 QUESTION0_4_R 1 4.899e+02 3.235e+02)
|            ( QUESTION0_1_R 1 -4.561e+04 8.817e+02 2.033e+02
|                ( QUESTION11 -1 -3.208e+04 7.253e+02 1.479e+02
|                    ( - -8.600e+03 1 0)
|                    ( - -2.276e+04 1 0))
|                ( - -1.264e+04 1 0)))))
s>    ( QUESTION2_11_L -1 -2.981e+05 3.370e+03 1.395e+03
s>        ( WDBNDRY_E 0 -9.541e+04 1.175e+03 4.712e+02
s>            ( - -3.394e+04 10 0 QUESTION0_6_R 1 3.654e+02 1.663e+02)
s>            ( - -6.030e+04 1 0))
s>        ( WDBNDRY_E 0 -1.994e+05 2.924e+03 9.241e+02
s>            ( QUESTION4 -1 -8.013e+04 5.057e+02 3.973e+02
s>                ( - -4.801e+04 11 0 SILENCE 1 4.628e+02 2.401e+02)
s>                ( - -3.161e+04 9 0 SILENCE 1 4.562e+02 1.572e+02))
s>            ( QUESTION2_18_L -1 -1.163e+05 2.545e+03 5.268e+02
s>                ( - -6.816e+04 2 0 QUESTION0_4_R 1 4.899e+02 3.235e+02)
s>                ( QUESTION0_1_R 1 -4.561e+04 8.817e+02 2.033e+02
s>                    ( QUESTION11 -1 -3.208e+04 7.253e+02 1.479e+02
s>                        ( - -8.600e+03 1 0)
s>                        ( - -2.276e+04 1 0))
s>                    ( - -1.264e+04 1 0)))))INFO: dtree.c(1315): Comp split 1
INFO: dtree.c(1478): Final simple tree
|( QUESTION12 -1 -6.120e+05 2.245e+03 3.016e+03
|    ( SILENCE 1 -3.151e+05 1.474e+03 1.572e+03
|        ( - -2.422e+04 1 0)
|        ( QUESTION0_11_R 1 -2.894e+05 7.382e+02 1.455e+03
|            ( - -2.969e+04 3 0 QUESTION0_18_R 1 3.478e+02 1.445e+02)
|            ( - -2.590e+05 15 0 QUESTION0_6_R 1 4.844e+02 1.310e+03)))
|    ( QUESTION4 -1 -2.946e+05 2.017e+03 1.444e+03
|        ( QUESTION4 1 -1.248e+05 5.646e+02 6.159e+02
|            ( - -5.258e+04 5 0 QUESTION0_1_R 1 2.512e+02 2.605e+02)
|            ( - -7.168e+04 9 0 QUESTION0_4_R 1 2.367e+02 3.554e+02))
|        ( QUESTION0_12_R 1 -1.678e+05 5.214e+02 8.281e+02
|            ( - -2.104e+04 4 0 QUESTION0_15_R 1 2.668e+02 1.004e+02)
|            ( SILENCE 1 -1.462e+05 5.025e+02 7.276e+02
|                ( - -6.949e+03 1 0)
|                ( - -1.388e+05 15 0 QUESTION13 1 3.303e+02 6.929e+02)))))
s>    ( QUESTION12 -1 -6.120e+05 2.245e+03 3.016e+03
s>        ( SILENCE 1 -3.151e+05 1.474e+03 1.572e+03
s>            ( - -2.422e+04 1 0)
s>            ( QUESTION0_11_R 1 -2.894e+05 7.382e+02 1.455e+03
s>                ( - -2.969e+04 3 0 QUESTION0_18_R 1 3.478e+02 1.445e+02)
s>                ( - -2.590e+05 15 0 QUESTION0_6_R 1 4.844e+02 1.310e+03)))
s>        ( QUESTION4 -1 -2.946e+05 2.017e+03 1.444e+03
s>            ( QUESTION4 1 -1.248e+05 5.646e+02 6.159e+02
s>                ( - -5.258e+04 5 0 QUESTION0_1_R 1 2.512e+02 2.605e+02)
s>                ( - -7.168e+04 9 0 QUESTION0_4_R 1 2.367e+02 3.554e+02))
s>            ( QUESTION0_12_R 1 -1.678e+05 5.214e+02 8.281e+02
s>                ( - -2.104e+04 4 0 QUESTION0_15_R 1 2.668e+02 1.004e+02)
s>                ( SILENCE 1 -1.462e+05 5.025e+02 7.276e+02
s>                    ( - -6.949e+03 1 0)
s>                    ( - -1.388e+05 15 0 QUESTION13 1 3.303e+02 6.929e+02)))))INFO: dtree.c(1315): Comp split 2
INFO: dtree.c(1439): stop. leaf nodes are specific
INFO: dtree.c(1478): Final simple tree
|( QUESTION0_1_R 1 -4.561e+04 8.817e+02 2.033e+02
|    ( QUESTION11 -1 -3.208e+04 7.253e+02 1.479e+02
|        ( - -8.600e+03 1 0)
|        ( - -2.276e+04 1 0))
|    ( - -1.264e+04 1 0))
s>    ( QUESTION0_1_R 1 -4.561e+04 8.817e+02 2.033e+02
s>        ( QUESTION11 -1 -3.208e+04 7.253e+02 1.479e+02
s>            ( - -8.600e+03 1 0)
s>            ( - -2.276e+04 1 0))
s>        ( - -1.264e+04 1 0))INFO: dtree.c(1478): Final simple tree
|( QUESTION2_11_L -1 -2.485e+05 3.032e+03 1.192e+03
|    ( WDBNDRY_E 0 -9.541e+04 1.175e+03 4.712e+02
|        ( - -3.394e+04 10 0 QUESTION0_6_R 1 3.654e+02 1.663e+02)
|        ( - -6.030e+04 1 0))
|    ( QUESTION12 -1 -1.500e+05 1.834e+03 7.208e+02
|        ( - -6.398e+04 1 0)
|        ( QUESTION4 -1 -8.419e+04 4.927e+02 4.163e+02
|            ( QUESTION0_9_R 1 -5.209e+04 4.079e+02 2.591e+02
|                ( - -1.087e+04 1 0)
|                ( SILENCE 1 -4.081e+04 3.739e+02 2.056e+02
|                    ( - -3.977e+03 1 0)
|                    ( - -3.646e+04 10 0 WDBNDRY_E 0 4.191e+02 1.846e+02)))
|            ( SILENCE 1 -3.161e+04 4.562e+02 1.572e+02
|                ( - 2.426e+02 1 0)
|                ( - -3.140e+04 8 0 QUESTION0_6_R 1 3.274e+02 1.562e+02)))))
s>    ( QUESTION2_11_L -1 -2.485e+05 3.032e+03 1.192e+03
s>        ( WDBNDRY_E 0 -9.541e+04 1.175e+03 4.712e+02
s>            ( - -3.394e+04 10 0 QUESTION0_6_R 1 3.654e+02 1.663e+02)
s>            ( - -6.030e+04 1 0))
s>        ( QUESTION12 -1 -1.500e+05 1.834e+03 7.208e+02
s>            ( - -6.398e+04 1 0)
s>            ( QUESTION4 -1 -8.419e+04 4.927e+02 4.163e+02
s>                ( QUESTION0_9_R 1 -5.209e+04 4.079e+02 2.591e+02
s>                    ( - -1.087e+04 1 0)
s>                    ( SILENCE 1 -4.081e+04 3.739e+02 2.056e+02
s>                        ( - -3.977e+03 1 0)
s>                        ( - -3.646e+04 10 0 WDBNDRY_E 0 4.191e+02 1.846e+02)))
s>                ( SILENCE 1 -3.161e+04 4.562e+02 1.572e+02
s>                    ( - 2.426e+02 1 0)
s>                    ( - -3.140e+04 8 0 QUESTION0_6_R 1 3.274e+02 1.562e+02)))))INFO: dtree.c(1315): Comp split 3
INFO: dtree.c(1478): Final simple tree
|( QUESTION12 -1 -1.851e+05 1.798e+03 8.871e+02
|    ( - -6.398e+04 1 0)
|    ( QUESTION2_11_L -1 -1.193e+05 1.159e+03 5.826e+02
|        ( - -3.394e+04 10 0 QUESTION0_6_R 1 3.654e+02 1.663e+02)
|        ( QUESTION4 -1 -8.419e+04 4.927e+02 4.163e+02
|            ( QUESTION0_9_R 1 -5.209e+04 4.079e+02 2.591e+02
|                ( - -1.087e+04 1 0)
|                ( SILENCE 1 -4.081e+04 3.739e+02 2.056e+02
|                    ( - -3.977e+03 1 0)
|                    ( WDBNDRY_E 0 -3.646e+04 4.191e+02 1.846e+02
|                        ( - -3.236e+04 9 0 QUESTION4 1 2.667e+02 1.656e+02)
|                        ( - -3.683e+03 1 0))))
|            ( SILENCE 1 -3.161e+04 4.562e+02 1.572e+02
|                ( - 2.426e+02 1 0)
|                ( - -3.140e+04 8 0 QUESTION0_6_R 1 3.274e+02 1.562e+02)))))
s>    ( QUESTION12 -1 -1.851e+05 1.798e+03 8.871e+02
s>        ( - -6.398e+04 1 0)
s>        ( QUESTION2_11_L -1 -1.193e+05 1.159e+03 5.826e+02
s>            ( - -3.394e+04 10 0 QUESTION0_6_R 1 3.654e+02 1.663e+02)
s>            ( QUESTION4 -1 -8.419e+04 4.927e+02 4.163e+02
s>                ( QUESTION0_9_R 1 -5.209e+04 4.079e+02 2.591e+02
s>                    ( - -1.087e+04 1 0)
s>                    ( SILENCE 1 -4.081e+04 3.739e+02 2.056e+02
s>                        ( - -3.977e+03 1 0)
s>                        ( WDBNDRY_E 0 -3.646e+04 4.191e+02 1.846e+02
s>                            ( - -3.236e+04 9 0 QUESTION4 1 2.667e+02 1.656e+02)
s>                            ( - -3.683e+03 1 0))))
s>                ( SILENCE 1 -3.161e+04 4.562e+02 1.572e+02
s>                    ( - 2.426e+02 1 0)
s>                    ( - -3.140e+04 8 0 QUESTION0_6_R 1 3.274e+02 1.562e+02)))))INFO: dtree.c(1315): Comp split 4
INFO: dtree.c(1478): Final simple tree
|( SILENCE 1 -2.921e+05 1.697e+03 1.463e+03
|    ( QUESTION11 -1 -3.138e+04 2.115e+02 1.522e+02
|        ( - -6.949e+03 1 0)
|        ( - -2.422e+04 1 0))
|    ( QUESTION0_6_R 1 -2.590e+05 4.844e+02 1.310e+03
|        ( QUESTION16 1 -3.935e+04 3.311e+02 1.965e+02
|            ( - -3.547e+03 1 0)
|            ( QUESTION6 1 -3.547e+04 2.531e+02 1.795e+02
|                ( - -1.189e+03 1 0)
|                ( - -3.403e+04 4 0 QUESTION11 1 1.559e+02 1.735e+02)))
|        ( QUESTION4 1 -2.192e+05 3.576e+02 1.114e+03
|            ( QUESTION0_1_R 1 -6.087e+04 4.616e+02 3.080e+02
|                ( - -8.056e+03 1 0)
|                ( - -5.235e+04 3 0 QUESTION0_0_R 1 1.955e+02 2.660e+02))
|            ( - -1.580e+05 5 0 QUESTION19 1 2.113e+02 8.058e+02))))
s>    ( SILENCE 1 -2.921e+05 1.697e+03 1.463e+03
s>        ( QUESTION11 -1 -3.138e+04 2.115e+02 1.522e+02
s>            ( - -6.949e+03 1 0)
s>            ( - -2.422e+04 1 0))
s>        ( QUESTION0_6_R 1 -2.590e+05 4.844e+02 1.310e+03
s>            ( QUESTION16 1 -3.935e+04 3.311e+02 1.965e+02
s>                ( - -3.547e+03 1 0)
s>                ( QUESTION6 1 -3.547e+04 2.531e+02 1.795e+02
s>                    ( - -1.189e+03 1 0)
s>                    ( - -3.403e+04 4 0 QUESTION11 1 1.559e+02 1.735e+02)))
s>            ( QUESTION4 1 -2.192e+05 3.576e+02 1.114e+03
s>                ( QUESTION0_1_R 1 -6.087e+04 4.616e+02 3.080e+02
s>                    ( - -8.056e+03 1 0)
s>                    ( - -5.235e+04 3 0 QUESTION0_0_R 1 1.955e+02 2.660e+02))
s>                ( - -1.580e+05 5 0 QUESTION19 1 2.113e+02 8.058e+02))))INFO: dtree.c(1478): Final simple tree
|( QUESTION4 -1 -3.176e+05 2.008e+03 1.554e+03
|    ( QUESTION4 1 -1.248e+05 5.646e+02 6.159e+02
|        ( - -5.258e+04 5 0 QUESTION0_1_R 1 2.512e+02 2.605e+02)
|        ( - -7.168e+04 9 0 QUESTION0_4_R 1 2.367e+02 3.554e+02))
|    ( QUESTION0_11_R 1 -1.907e+05 1.000e+03 9.378e+02
|        ( - -5.397e+04 8 0 QUESTION0_18_R 1 2.349e+02 2.599e+02)
|        ( QUESTION13 1 -1.358e+05 3.294e+02 6.779e+02
|            ( - -3.268e+04 2 0 QUESTION0_1_R 1 1.940e+02 1.599e+02)
|            ( QUESTION11 1 -1.028e+05 3.024e+02 5.180e+02
|                ( QUESTION0_1_R 1 -3.244e+03 2.579e+02 1.700e+01
|                    ( - -1.372e+03 1 0)
|                    ( - -1.614e+03 1 0))
|                ( QUESTION0_9_R 1 -9.922e+04 2.900e+02 5.010e+02
|                    ( - -1.742e+04 1 0)
|                    ( - -8.151e+04 9 0 QUESTION19 1 2.103e+02 4.110e+02))))))
s>    ( QUESTION4 -1 -3.176e+05 2.008e+03 1.554e+03
s>        ( QUESTION4 1 -1.248e+05 5.646e+02 6.159e+02
s>            ( - -5.258e+04 5 0 QUESTION0_1_R 1 2.512e+02 2.605e+02)
s>            ( - -7.168e+04 9 0 QUESTION0_4_R 1 2.367e+02 3.554e+02))
s>        ( QUESTION0_11_R 1 -1.907e+05 1.000e+03 9.378e+02
s>            ( - -5.397e+04 8 0 QUESTION0_18_R 1 2.349e+02 2.599e+02)
s>            ( QUESTION13 1 -1.358e+05 3.294e+02 6.779e+02
s>                ( - -3.268e+04 2 0 QUESTION0_1_R 1 1.940e+02 1.599e+02)
s>                ( QUESTION11 1 -1.028e+05 3.024e+02 5.180e+02
s>                    ( QUESTION0_1_R 1 -3.244e+03 2.579e+02 1.700e+01
s>                        ( - -1.372e+03 1 0)
s>                        ( - -1.614e+03 1 0))
s>                    ( QUESTION0_9_R 1 -9.922e+04 2.900e+02 5.010e+02
s>                        ( - -1.742e+04 1 0)
s>                        ( - -8.151e+04 9 0 QUESTION19 1 2.103e+02 4.110e+02))))))INFO: dtree.c(1315): Comp split 5
INFO: dtree.c(1478): Final simple tree
|( QUESTION0_11_R 1 -1.907e+05 1.000e+03 9.378e+02
|    ( QUESTION0_18_R 1 -5.397e+04 2.349e+02 2.599e+02
|        ( QUESTION11 -1 -1.147e+04 2.759e+02 5.603e+01
|            ( - -3.967e+03 1 0)
|            ( - -7.224e+03 1 0))
|        ( - -4.227e+04 6 0 QUESTION11 -1 2.476e+02 2.039e+02))
|    ( QUESTION13 1 -1.358e+05 3.294e+02 6.779e+02
|        ( - -3.268e+04 2 0 QUESTION0_1_R 1 1.940e+02 1.599e+02)
|        ( QUESTION11 1 -1.028e+05 3.024e+02 5.180e+02
|            ( QUESTION0_1_R 1 -3.244e+03 2.579e+02 1.700e+01
|                ( - -1.372e+03 1 0)
|                ( - -1.614e+03 1 0))
|            ( QUESTION0_9_R 1 -9.922e+04 2.900e+02 5.010e+02
|                ( - -1.742e+04 1 0)
|                ( - -8.151e+04 9 0 QUESTION19 1 2.103e+02 4.110e+02)))))
s>    ( QUESTION0_11_R 1 -1.907e+05 1.000e+03 9.378e+02
s>        ( QUESTION0_18_R 1 -5.397e+04 2.349e+02 2.599e+02
s>            ( QUESTION11 -1 -1.147e+04 2.759e+02 5.603e+01
s>                ( - -3.967e+03 1 0)
s>                ( - -7.224e+03 1 0))
s>            ( - -4.227e+04 6 0 QUESTION11 -1 2.476e+02 2.039e+02))
s>        ( QUESTION13 1 -1.358e+05 3.294e+02 6.779e+02
s>            ( - -3.268e+04 2 0 QUESTION0_1_R 1 1.940e+02 1.599e+02)
s>            ( QUESTION11 1 -1.028e+05 3.024e+02 5.180e+02
s>                ( QUESTION0_1_R 1 -3.244e+03 2.579e+02 1.700e+01
s>                    ( - -1.372e+03 1 0)
s>                    ( - -1.614e+03 1 0))
s>                ( QUESTION0_9_R 1 -9.922e+04 2.900e+02 5.010e+02
s>                    ( - -1.742e+04 1 0)
s>                    ( - -8.151e+04 9 0 QUESTION19 1 2.103e+02 4.110e+02)))))INFO: dtree.c(1478): Final simple tree
|( QUESTION4 1 -1.248e+05 5.646e+02 6.159e+02
|    ( QUESTION0_1_R 1 -5.258e+04 2.512e+02 2.605e+02
|        ( - -2.942e+03 1 0)
|        ( QUESTION0_8_R 1 -4.939e+04 1.912e+02 2.445e+02
|            ( - -3.469e+04 2 0)
|            ( - -1.451e+04 2 0 QUESTION0_12_R 1 1.584e+02 7.150e+01)))
|    ( QUESTION0_4_R 1 -7.168e+04 2.367e+02 3.554e+02
|        ( QUESTION0_5_R 1 -1.539e+04 2.043e+02 7.812e+01
|            ( - -1.256e+04 1 0)
|            ( - -2.635e+03 1 0))
|        ( SILENCE 1 -5.605e+04 2.107e+02 2.773e+02
|            ( - -6.028e+03 1 0)
|            ( QUESTION0_10_R 1 -4.981e+04 1.788e+02 2.471e+02
|                ( - -5.453e+03 1 0)
|                ( - -4.418e+04 5 0 QUESTION0_9_R 1 1.461e+02 2.191e+02)))))
s>    ( QUESTION4 1 -1.248e+05 5.646e+02 6.159e+02
s>        ( QUESTION0_1_R 1 -5.258e+04 2.512e+02 2.605e+02
s>            ( - -2.942e+03 1 0)
s>            ( QUESTION0_8_R 1 -4.939e+04 1.912e+02 2.445e+02
s>                ( - -3.469e+04 2 0)
s>                ( - -1.451e+04 2 0 QUESTION0_12_R 1 1.584e+02 7.150e+01)))
s>        ( QUESTION0_4_R 1 -7.168e+04 2.367e+02 3.554e+02
s>            ( QUESTION0_5_R 1 -1.539e+04 2.043e+02 7.812e+01
s>                ( - -1.256e+04 1 0)
s>                ( - -2.635e+03 1 0))
s>            ( SILENCE 1 -5.605e+04 2.107e+02 2.773e+02
s>                ( - -6.028e+03 1 0)
s>                ( QUESTION0_10_R 1 -4.981e+04 1.788e+02 2.471e+02
s>                    ( - -5.453e+03 1 0)
s>                    ( - -4.418e+04 5 0 QUESTION0_9_R 1 1.461e+02 2.191e+02)))))INFO: dtree.c(1315): Comp split 6
INFO: dtree.c(1478): Final simple tree
|( QUESTION0_6_R 1 -2.536e+05 3.802e+02 1.287e+03
|    ( - -3.403e+04 4 0 QUESTION11 1 1.559e+02 1.735e+02)
|    ( QUESTION4 1 -2.192e+05 3.576e+02 1.114e+03
|        ( QUESTION0_1_R 1 -6.087e+04 4.616e+02 3.080e+02
|            ( - -8.056e+03 1 0)
|            ( QUESTION0_0_R 1 -5.235e+04 1.955e+02 2.660e+02
|                ( - -4.655e+04 2 0)
|                ( - -5.600e+03 1 0)))
|        ( QUESTION19 1 -1.580e+05 2.113e+02 8.058e+02
|            ( - -2.537e+04 1 0)
|            ( QUESTION0_3_R 1 -1.324e+05 1.685e+02 6.760e+02
|                ( - -2.103e+04 1 0)
|                ( QUESTION0_8_R 1 -1.112e+05 1.628e+02 5.692e+02
|                    ( - -5.524e+03 1 0)
|                    ( - -1.055e+05 2 0 QUESTION0_1_R 1 1.375e+02 5.395e+02))))))
s>    ( QUESTION0_6_R 1 -2.536e+05 3.802e+02 1.287e+03
s>        ( - -3.403e+04 4 0 QUESTION11 1 1.559e+02 1.735e+02)
s>        ( QUESTION4 1 -2.192e+05 3.576e+02 1.114e+03
s>            ( QUESTION0_1_R 1 -6.087e+04 4.616e+02 3.080e+02
s>                ( - -8.056e+03 1 0)
s>                ( QUESTION0_0_R 1 -5.235e+04 1.955e+02 2.660e+02
s>                    ( - -4.655e+04 2 0)
s>                    ( - -5.600e+03 1 0)))
s>            ( QUESTION19 1 -1.580e+05 2.113e+02 8.058e+02
s>                ( - -2.537e+04 1 0)
s>                ( QUESTION0_3_R 1 -1.324e+05 1.685e+02 6.760e+02
s>                    ( - -2.103e+04 1 0)
s>                    ( QUESTION0_8_R 1 -1.112e+05 1.628e+02 5.692e+02
s>                        ( - -5.524e+03 1 0)
s>                        ( - -1.055e+05 2 0 QUESTION0_1_R 1 1.375e+02 5.395e+02))))))INFO: dtree.c(1439): stop. leaf nodes are specific
INFO: dtree.c(1478): Final simple tree
|( SILENCE 1 -3.660e+04 3.400e+02 1.752e+02
|    ( QUESTION11 -1 -3.138e+04 2.115e+02 1.522e+02
|        ( - -6.949e+03 1 0)
|        ( - -2.422e+04 1 0))
|    ( QUESTION6 1 -4.881e+03 1.452e+02 2.299e+01
|        ( - -1.189e+03 1 0)
|        ( - -3.547e+03 1 0)))
s>    ( SILENCE 1 -3.660e+04 3.400e+02 1.752e+02
s>        ( QUESTION11 -1 -3.138e+04 2.115e+02 1.522e+02
s>            ( - -6.949e+03 1 0)
s>            ( - -2.422e+04 1 0))
s>        ( QUESTION6 1 -4.881e+03 1.452e+02 2.299e+01
s>            ( - -1.189e+03 1 0)
s>            ( - -3.547e+03 1 0)))INFO: dtree.c(1315): Comp split 7
INFO: dtree.c(1478): Final simple tree
|( QUESTION2_11_L -1 -1.193e+05 1.159e+03 5.826e+02
|    ( QUESTION0_6_R 1 -3.394e+04 3.654e+02 1.663e+02
|        ( - -7.527e+03 2 0 QUESTION0 1 1.780e+02 3.980e+01)
|        ( - -2.605e+04 8 0 QUESTION6 1 2.763e+02 1.265e+02))
|    ( QUESTION4 -1 -8.419e+04 4.927e+02 4.163e+02
|        ( QUESTION0_9_R 1 -5.209e+04 4.079e+02 2.591e+02
|            ( - -1.087e+04 1 0)
|            ( SILENCE 1 -4.081e+04 3.739e+02 2.056e+02
|                ( - -3.977e+03 1 0)
|                ( WDBNDRY_E 0 -3.646e+04 4.191e+02 1.846e+02
|                    ( - -3.236e+04 9 0 QUESTION4 1 2.667e+02 1.656e+02)
|                    ( - -3.683e+03 1 0))))
|        ( SILENCE 1 -3.161e+04 4.562e+02 1.572e+02
|            ( - 2.426e+02 1 0)
|            ( - -3.140e+04 8 0 QUESTION0_6_R 1 3.274e+02 1.562e+02))))
s>    ( QUESTION2_11_L -1 -1.193e+05 1.159e+03 5.826e+02
s>        ( QUESTION0_6_R 1 -3.394e+04 3.654e+02 1.663e+02
s>            ( - -7.527e+03 2 0 QUESTION0 1 1.780e+02 3.980e+01)
s>            ( - -2.605e+04 8 0 QUESTION6 1 2.763e+02 1.265e+02))
s>        ( QUESTION4 -1 -8.419e+04 4.927e+02 4.163e+02
s>            ( QUESTION0_9_R 1 -5.209e+04 4.079e+02 2.591e+02
s>                ( - -1.087e+04 1 0)
s>                ( SILENCE 1 -4.081e+04 3.739e+02 2.056e+02
s>                    ( - -3.977e+03 1 0)
s>                    ( WDBNDRY_E 0 -3.646e+04 4.191e+02 1.846e+02
s>                        ( - -3.236e+04 9 0 QUESTION4 1 2.667e+02 1.656e+02)
s>                        ( - -3.683e+03 1 0))))
s>            ( SILENCE 1 -3.161e+04 4.562e+02 1.572e+02
s>                ( - 2.426e+02 1 0)
s>                ( - -3.140e+04 8 0 QUESTION0_6_R 1 3.274e+02 1.562e+02))))INFO: dtree.c(1315): Comp split 8
INFO: dtree.c(1478): Final simple tree
|( QUESTION4 -1 -7.549e+04 5.242e+02 3.753e+02
|    ( QUESTION0_8_R 1 -4.357e+04 3.649e+02 2.191e+02
|        ( - -1.172e+04 3 0 QUESTION4 1 1.977e+02 6.188e+01)
|        ( QUESTION2 1 -3.148e+04 2.459e+02 1.572e+02
|            ( - -1.345e+04 3 0 QUESTION0_2_R 1 2.018e+02 6.875e+01)
|            ( - -1.779e+04 4 0 QUESTION0_5_R 1 2.255e+02 8.848e+01)))
|    ( QUESTION0_6_R 1 -3.140e+04 3.274e+02 1.562e+02
|        ( - -8.706e+03 2 0 QUESTION0 1 1.729e+02 4.439e+01)
|        ( QUESTION0_11_R 1 -2.236e+04 2.929e+02 1.118e+02
|            ( - -4.239e+03 1 0)
|            ( QUESTION5 1 -1.783e+04 2.772e+02 8.995e+01
|                ( - -3.935e+03 2 0 QUESTION0_1_R 1 2.059e+02 1.900e+01)
|                ( QUESTION0_1_R 1 -1.362e+04 2.552e+02 7.095e+01
|                    ( - -3.528e+03 1 0)
|                    ( - -9.835e+03 2 0 QUESTION0_8_R 1 1.666e+02 5.201e+01))))))
s>    ( QUESTION4 -1 -7.549e+04 5.242e+02 3.753e+02
s>        ( QUESTION0_8_R 1 -4.357e+04 3.649e+02 2.191e+02
s>            ( - -1.172e+04 3 0 QUESTION4 1 1.977e+02 6.188e+01)
s>            ( QUESTION2 1 -3.148e+04 2.459e+02 1.572e+02
s>                ( - -1.345e+04 3 0 QUESTION0_2_R 1 2.018e+02 6.875e+01)
s>                ( - -1.779e+04 4 0 QUESTION0_5_R 1 2.255e+02 8.848e+01)))
s>        ( QUESTION0_6_R 1 -3.140e+04 3.274e+02 1.562e+02
s>            ( - -8.706e+03 2 0 QUESTION0 1 1.729e+02 4.439e+01)
s>            ( QUESTION0_11_R 1 -2.236e+04 2.929e+02 1.118e+02
s>                ( - -4.239e+03 1 0)
s>                ( QUESTION5 1 -1.783e+04 2.772e+02 8.995e+01
s>                    ( - -3.935e+03 2 0 QUESTION0_1_R 1 2.059e+02 1.900e+01)
s>                    ( QUESTION0_1_R 1 -1.362e+04 2.552e+02 7.095e+01
s>                        ( - -3.528e+03 1 0)
s>                        ( - -9.835e+03 2 0 QUESTION0_8_R 1 1.666e+02 5.201e+01))))))INFO: dtree.c(1478): Final simple tree
|( QUESTION2_11_L -1 -4.256e+04 5.760e+02 2.073e+02
|    ( QUESTION0_6_R 1 -3.394e+04 3.654e+02 1.663e+02
|        ( - -7.527e+03 2 0 QUESTION0 1 1.780e+02 3.980e+01)
|        ( QUESTION6 1 -2.605e+04 2.763e+02 1.265e+02
|            ( - -2.178e+03 1 0)
|            ( QUESTION0_8_R 1 -2.359e+04 2.598e+02 1.155e+02
|                ( - -9.818e+03 2 0 QUESTION4 1 1.630e+02 4.867e+01)
|                ( QUESTION0_5_R 1 -1.351e+04 2.378e+02 6.684e+01
|                    ( - -1.158e+03 1 0)
|                    ( QUESTION0_7_R 1 -1.212e+04 1.974e+02 5.984e+01
|                        ( - -1.167e+03 1 0)
|                        ( - -1.075e+04 3 0 QUESTION0_2_R 1 1.817e+02 5.284e+01))))))
|    ( QUESTION4 -1 -8.042e+03 4.400e+02 4.100e+01
|        ( - -7.845e+03 2 0 WDBNDRY_E 0 1.854e+02 4.000e+01)
|        ( - 2.426e+02 1 0)))
s>    ( QUESTION2_11_L -1 -4.256e+04 5.760e+02 2.073e+02
s>        ( QUESTION0_6_R 1 -3.394e+04 3.654e+02 1.663e+02
s>            ( - -7.527e+03 2 0 QUESTION0 1 1.780e+02 3.980e+01)
s>            ( QUESTION6 1 -2.605e+04 2.763e+02 1.265e+02
s>                ( - -2.178e+03 1 0)
s>                ( QUESTION0_8_R 1 -2.359e+04 2.598e+02 1.155e+02
s>                    ( - -9.818e+03 2 0 QUESTION4 1 1.630e+02 4.867e+01)
s>                    ( QUESTION0_5_R 1 -1.351e+04 2.378e+02 6.684e+01
s>                        ( - -1.158e+03 1 0)
s>                        ( QUESTION0_7_R 1 -1.212e+04 1.974e+02 5.984e+01
s>                            ( - -1.167e+03 1 0)
s>                            ( - -1.075e+04 3 0 QUESTION0_2_R 1 1.817e+02 5.284e+01))))))
s>        ( QUESTION4 -1 -8.042e+03 4.400e+02 4.100e+01
s>            ( - -7.845e+03 2 0 WDBNDRY_E 0 1.854e+02 4.000e+01)
s>            ( - 2.426e+02 1 0)))INFO: dtree.c(1315): Comp split 9
INFO: dtree.c(1478): Final simple tree
|( QUESTION0_1_R 1 -5.558e+04 2.351e+02 2.679e+02
|    ( - -1.372e+03 1 0)
|    ( QUESTION0_18_R 1 -5.397e+04 2.349e+02 2.599e+02
|        ( QUESTION11 -1 -1.147e+04 2.759e+02 5.603e+01
|            ( - -3.967e+03 1 0)
|            ( - -7.224e+03 1 0))
|        ( QUESTION11 -1 -4.227e+04 2.476e+02 2.039e+02
|            ( QUESTION0_15_R 1 -1.991e+04 3.260e+02 9.542e+01
|                ( - -2.337e+03 1 0)
|                ( QUESTION0_14_R 1 -1.725e+04 2.189e+02 8.455e+01
|                    ( - -1.337e+04 1 0)
|                    ( - -3.653e+03 2 0 QUESTION0_12_R 1 1.906e+02 1.900e+01)))
|            ( QUESTION0_12_R 1 -2.211e+04 2.832e+02 1.085e+02
|                ( - -9.537e+03 1 0)
|                ( - -1.229e+04 1 0)))))
s>    ( QUESTION0_1_R 1 -5.558e+04 2.351e+02 2.679e+02
s>        ( - -1.372e+03 1 0)
s>        ( QUESTION0_18_R 1 -5.397e+04 2.349e+02 2.599e+02
s>            ( QUESTION11 -1 -1.147e+04 2.759e+02 5.603e+01
s>                ( - -3.967e+03 1 0)
s>                ( - -7.224e+03 1 0))
s>            ( QUESTION11 -1 -4.227e+04 2.476e+02 2.039e+02
s>                ( QUESTION0_15_R 1 -1.991e+04 3.260e+02 9.542e+01
s>                    ( - -2.337e+03 1 0)
s>                    ( QUESTION0_14_R 1 -1.725e+04 2.189e+02 8.455e+01
s>                        ( - -1.337e+04 1 0)
s>                        ( - -3.653e+03 2 0 QUESTION0_12_R 1 1.906e+02 1.900e+01)))
s>                ( QUESTION0_12_R 1 -2.211e+04 2.832e+02 1.085e+02
s>                    ( - -9.537e+03 1 0)
s>                    ( - -1.229e+04 1 0)))))INFO: dtree.c(1478): Final simple tree
|( QUESTION13 1 -1.341e+05 3.382e+02 6.699e+02
|    ( QUESTION0_1_R 1 -3.268e+04 1.940e+02 1.599e+02
|        ( - -3.178e+03 1 0)
|        ( - -2.930e+04 1 0))
|    ( QUESTION0_9_R 1 -1.011e+05 2.869e+02 5.100e+02
|        ( - -1.742e+04 1 0)
|        ( QUESTION11 1 -8.339e+04 2.680e+02 4.200e+02
|            ( - -1.614e+03 1 0)
|            ( QUESTION19 1 -8.151e+04 2.103e+02 4.110e+02
|                ( - -1.514e+04 1 0)
|                ( QUESTION0_7_R 1 -6.616e+04 2.279e+02 3.342e+02
|                    ( - -2.986e+04 2 0)
|                    ( QUESTION0_3_R 1 -3.607e+04 2.015e+02 1.843e+02
|                        ( - -1.876e+04 4 0 QUESTION0_4_R 1 1.631e+02 9.633e+01)
|                        ( - -1.712e+04 2 0 QUESTION0_0_R 1 1.447e+02 8.798e+01)))))))
s>    ( QUESTION13 1 -1.341e+05 3.382e+02 6.699e+02
s>        ( QUESTION0_1_R 1 -3.268e+04 1.940e+02 1.599e+02
s>            ( - -3.178e+03 1 0)
s>            ( - -2.930e+04 1 0))
s>        ( QUESTION0_9_R 1 -1.011e+05 2.869e+02 5.100e+02
s>            ( - -1.742e+04 1 0)
s>            ( QUESTION11 1 -8.339e+04 2.680e+02 4.200e+02
s>                ( - -1.614e+03 1 0)
s>                ( QUESTION19 1 -8.151e+04 2.103e+02 4.110e+02
s>                    ( - -1.514e+04 1 0)
s>                    ( QUESTION0_7_R 1 -6.616e+04 2.279e+02 3.342e+02
s>                        ( - -2.986e+04 2 0)
s>                        ( QUESTION0_3_R 1 -3.607e+04 2.015e+02 1.843e+02
s>                            ( - -1.876e+04 4 0 QUESTION0_4_R 1 1.631e+02 9.633e+01)
s>                            ( - -1.712e+04 2 0 QUESTION0_0_R 1 1.447e+02 8.798e+01)))))))INFO: dtree.c(1315): Comp split 10
INFO: dtree.c(1439): stop. leaf nodes are specific
INFO: dtree.c(1478): Final simple tree
|( QUESTION11 -1 -3.208e+04 7.253e+02 1.479e+02
|    ( - -8.600e+03 1 0)
|    ( - -2.276e+04 1 0))
s>    ( QUESTION11 -1 -3.208e+04 7.253e+02 1.479e+02
s>        ( - -8.600e+03 1 0)
s>        ( - -2.276e+04 1 0))INFO: dtree.c(1315): Comp split 11
INFO: dtree.c(1315): Comp split 12
INFO: dtree.c(1439): stop. leaf nodes are specific
INFO: dtree.c(1478): Final simple tree
|( QUESTION0_1_R 1 -5.786e+04 2.204e+02 2.875e+02
|    ( - -2.635e+03 1 0)
|    ( QUESTION0_11_R 1 -5.501e+04 1.865e+02 2.725e+02
|        ( QUESTION0_12_R 1 -1.451e+04 1.584e+02 7.150e+01
|            ( - -1.230e+04 1 0)
|            ( - -2.050e+03 1 0))
|        ( QUESTION0_8_R 1 -4.031e+04 1.706e+02 2.010e+02
|            ( - -3.469e+04 2 0)
|            ( - -5.453e+03 1 0))))
s>    ( QUESTION0_1_R 1 -5.786e+04 2.204e+02 2.875e+02
s>        ( - -2.635e+03 1 0)
s>        ( QUESTION0_11_R 1 -5.501e+04 1.865e+02 2.725e+02
s>            ( QUESTION0_12_R 1 -1.451e+04 1.584e+02 7.150e+01
s>                ( - -1.230e+04 1 0)
s>                ( - -2.050e+03 1 0))
s>            ( QUESTION0_8_R 1 -4.031e+04 1.706e+02 2.010e+02
s>                ( - -3.469e+04 2 0)
s>                ( - -5.453e+03 1 0))))INFO: dtree.c(1439): stop. leaf nodes are specific
INFO: dtree.c(1478): Final simple tree
|( QUESTION0_4_R 1 -6.633e+04 2.143e+02 3.284e+02
|    ( - -1.256e+04 1 0)
|    ( SILENCE 1 -5.356e+04 2.175e+02 2.653e+02
|        ( - -6.028e+03 1 0)
|        ( QUESTION0_2_R 1 -4.731e+04 1.954e+02 2.351e+02
|            ( - -2.942e+03 1 0)
|            ( QUESTION0_9_R 1 -4.418e+04 1.461e+02 2.191e+02
|                ( - -9.050e+02 1 0)
|                ( QUESTION0_1_R 1 -4.313e+04 1.161e+02 2.141e+02
|                    ( - -4.298e+03 2 0)
|                    ( - -3.871e+04 2 0))))))
s>    ( QUESTION0_4_R 1 -6.633e+04 2.143e+02 3.284e+02
s>        ( - -1.256e+04 1 0)
s>        ( SILENCE 1 -5.356e+04 2.175e+02 2.653e+02
s>            ( - -6.028e+03 1 0)
s>            ( QUESTION0_2_R 1 -4.731e+04 1.954e+02 2.351e+02
s>                ( - -2.942e+03 1 0)
s>                ( QUESTION0_9_R 1 -4.418e+04 1.461e+02 2.191e+02
s>                    ( - -9.050e+02 1 0)
s>                    ( QUESTION0_1_R 1 -4.313e+04 1.161e+02 2.141e+02
s>                        ( - -4.298e+03 2 0)
s>                        ( - -3.871e+04 2 0))))))INFO: dtree.c(1315): Comp split 13
INFO: dtree.c(1478): Final simple tree
|( QUESTION4 -1 -3.602e+04 4.059e+02 1.784e+02
|    ( QUESTION0_5_R 1 -1.779e+04 2.255e+02 8.848e+01
|        ( QUESTION13 1 -4.578e+03 1.880e+02 2.400e+01
|            ( - -2.076e+03 1 0)
|            ( - -2.313e+03 1 0))
|        ( - -1.298e+04 2 0 QUESTION0_1_R 1 1.398e+02 6.448e+01))
|    ( QUESTION5 1 -1.783e+04 2.772e+02 8.995e+01
|        ( QUESTION0_1_R 1 -3.935e+03 2.059e+02 1.900e+01
|            ( - -2.790e+03 1 0)
|            ( - -9.395e+02 1 0))
|        ( QUESTION0_1_R 1 -1.362e+04 2.552e+02 7.095e+01
|            ( - -3.528e+03 1 0)
|            ( QUESTION0_8_R 1 -9.835e+03 1.666e+02 5.201e+01
|                ( - -4.659e+03 1 0)
|                ( - -5.009e+03 1 0)))))
s>    ( QUESTION4 -1 -3.602e+04 4.059e+02 1.784e+02
s>        ( QUESTION0_5_R 1 -1.779e+04 2.255e+02 8.848e+01
s>            ( QUESTION13 1 -4.578e+03 1.880e+02 2.400e+01
s>                ( - -2.076e+03 1 0)
s>                ( - -2.313e+03 1 0))
s>            ( - -1.298e+04 2 0 QUESTION0_1_R 1 1.398e+02 6.448e+01))
s>        ( QUESTION5 1 -1.783e+04 2.772e+02 8.995e+01
s>            ( QUESTION0_1_R 1 -3.935e+03 2.059e+02 1.900e+01
s>                ( - -2.790e+03 1 0)
s>                ( - -9.395e+02 1 0))
s>            ( QUESTION0_1_R 1 -1.362e+04 2.552e+02 7.095e+01
s>                ( - -3.528e+03 1 0)
s>                ( QUESTION0_8_R 1 -9.835e+03 1.666e+02 5.201e+01
s>                    ( - -4.659e+03 1 0)
s>                    ( - -5.009e+03 1 0)))))INFO: dtree.c(1439): stop. leaf nodes are specific
INFO: dtree.c(1478): Final simple tree
|( QUESTION4 -1 -3.887e+04 3.485e+02 1.969e+02
|    ( QUESTION4 1 -2.538e+04 2.376e+02 1.306e+02
|        ( - -4.492e+03 2 0)
|        ( QUESTION0_2_R 1 -2.066e+04 2.041e+02 1.056e+02
|            ( - -1.794e+03 1 0)
|            ( QUESTION0_1_R 1 -1.866e+04 1.678e+02 9.563e+01
|                ( - -1.146e+04 2 0)
|                ( - -7.033e+03 1 0))))
|    ( QUESTION0_1_R 1 -1.314e+04 1.927e+02 6.625e+01
|        ( QUESTION0 1 -8.706e+03 1.729e+02 4.439e+01
|            ( - -4.925e+03 1 0)
|            ( - -3.608e+03 1 0))
|        ( - -4.239e+03 1 0)))
s>    ( QUESTION4 -1 -3.887e+04 3.485e+02 1.969e+02
s>        ( QUESTION4 1 -2.538e+04 2.376e+02 1.306e+02
s>            ( - -4.492e+03 2 0)
s>            ( QUESTION0_2_R 1 -2.066e+04 2.041e+02 1.056e+02
s>                ( - -1.794e+03 1 0)
s>                ( QUESTION0_1_R 1 -1.866e+04 1.678e+02 9.563e+01
s>                    ( - -1.146e+04 2 0)
s>                    ( - -7.033e+03 1 0))))
s>        ( QUESTION0_1_R 1 -1.314e+04 1.927e+02 6.625e+01
s>            ( QUESTION0 1 -8.706e+03 1.729e+02 4.439e+01
s>                ( - -4.925e+03 1 0)
s>                ( - -3.608e+03 1 0))
s>            ( - -4.239e+03 1 0)))INFO: dtree.c(1315): Comp split 14
INFO: dtree.c(1478): Final simple tree
|( QUESTION0_6_R 1 -3.394e+04 3.654e+02 1.663e+02
|    ( QUESTION0 1 -7.527e+03 1.780e+02 3.980e+01
|        ( - -5.834e+03 1 0)
|        ( - -1.515e+03 1 0))
|    ( QUESTION6 1 -2.605e+04 2.763e+02 1.265e+02
|        ( - -2.178e+03 1 0)
|        ( QUESTION0_8_R 1 -2.359e+04 2.598e+02 1.155e+02
|            ( - -9.818e+03 2 0 QUESTION4 1 1.630e+02 4.867e+01)
|            ( QUESTION0_5_R 1 -1.351e+04 2.378e+02 6.684e+01
|                ( - -1.158e+03 1 0)
|                ( QUESTION0_7_R 1 -1.212e+04 1.974e+02 5.984e+01
|                    ( - -1.167e+03 1 0)
|                    ( QUESTION0_2_R 1 -1.075e+04 1.817e+02 5.284e+01
|                        ( - -2.336e+03 1 0)
|                        ( - -8.235e+03 2 0 SILENCE 1 1.147e+02 4.100e+01)))))))
s>    ( QUESTION0_6_R 1 -3.394e+04 3.654e+02 1.663e+02
s>        ( QUESTION0 1 -7.527e+03 1.780e+02 3.980e+01
s>            ( - -5.834e+03 1 0)
s>            ( - -1.515e+03 1 0))
s>        ( QUESTION6 1 -2.605e+04 2.763e+02 1.265e+02
s>            ( - -2.178e+03 1 0)
s>            ( QUESTION0_8_R 1 -2.359e+04 2.598e+02 1.155e+02
s>                ( - -9.818e+03 2 0 QUESTION4 1 1.630e+02 4.867e+01)
s>                ( QUESTION0_5_R 1 -1.351e+04 2.378e+02 6.684e+01
s>                    ( - -1.158e+03 1 0)
s>                    ( QUESTION0_7_R 1 -1.212e+04 1.974e+02 5.984e+01
s>                        ( - -1.167e+03 1 0)
s>                        ( QUESTION0_2_R 1 -1.075e+04 1.817e+02 5.284e+01
s>                            ( - -2.336e+03 1 0)
s>                            ( - -8.235e+03 2 0 SILENCE 1 1.147e+02 4.100e+01)))))))INFO: dtree.c(1439): stop. leaf nodes are specific
INFO: dtree.c(1478): Final simple tree
|( QUESTION4 -1 -8.042e+03 4.400e+02 4.100e+01
|    ( WDBNDRY_E 0 -7.845e+03 1.854e+02 4.000e+01
|        ( - -3.977e+03 1 0)
|        ( - -3.683e+03 1 0))
|    ( - 2.426e+02 1 0))
s>    ( QUESTION4 -1 -8.042e+03 4.400e+02 4.100e+01
s>        ( WDBNDRY_E 0 -7.845e+03 1.854e+02 4.000e+01
s>            ( - -3.977e+03 1 0)
s>            ( - -3.683e+03 1 0))
s>        ( - 2.426e+02 1 0))INFO: dtree.c(1315): Comp split 15
INFO: dtree.c(1439): stop. leaf nodes are specific
INFO: dtree.c(1478): Final simple tree
|( QUESTION0_7_R 1 -4.665e+04 2.320e+02 2.313e+02
|    ( - -2.930e+04 1 0)
|    ( QUESTION0_0_R 1 -1.712e+04 1.447e+02 8.798e+01
|        ( - -1.096e+04 1 0)
|        ( - -6.016e+03 1 0)))
s>    ( QUESTION0_7_R 1 -4.665e+04 2.320e+02 2.313e+02
s>        ( - -2.930e+04 1 0)
s>        ( QUESTION0_0_R 1 -1.712e+04 1.447e+02 8.798e+01
s>            ( - -1.096e+04 1 0)
s>            ( - -6.016e+03 1 0)))INFO: dtree.c(1478): Final simple tree
|( QUESTION11 1 -8.698e+04 2.625e+02 4.387e+02
|    ( - -1.614e+03 1 0)
|    ( QUESTION0_9_R 1 -8.511e+04 2.497e+02 4.297e+02
|        ( - -1.742e+04 1 0)
|        ( QUESTION10 1 -6.744e+04 1.925e+02 3.396e+02
|            ( QUESTION0_5_R 1 -2.125e+04 1.808e+02 1.083e+02
|                ( - -2.625e+03 1 0)
|                ( QUESTION0_4_R 1 -1.845e+04 1.270e+02 9.340e+01
|                    ( - -1.514e+04 1 0)
|                    ( - -3.178e+03 1 0)))
|            ( QUESTION0_1_R 1 -4.599e+04 1.701e+02 2.313e+02
|                ( QUESTION0 1 -1.597e+04 1.130e+02 8.147e+01
|                    ( - -9.864e+03 2 0)
|                    ( - -5.990e+03 1 0))
|                ( - -2.986e+04 2 0)))))
s>    ( QUESTION11 1 -8.698e+04 2.625e+02 4.387e+02
s>        ( - -1.614e+03 1 0)
s>        ( QUESTION0_9_R 1 -8.511e+04 2.497e+02 4.297e+02
s>            ( - -1.742e+04 1 0)
s>            ( QUESTION10 1 -6.744e+04 1.925e+02 3.396e+02
s>                ( QUESTION0_5_R 1 -2.125e+04 1.808e+02 1.083e+02
s>                    ( - -2.625e+03 1 0)
s>                    ( QUESTION0_4_R 1 -1.845e+04 1.270e+02 9.340e+01
s>                        ( - -1.514e+04 1 0)
s>                        ( - -3.178e+03 1 0)))
s>                ( QUESTION0_1_R 1 -4.599e+04 1.701e+02 2.313e+02
s>                    ( QUESTION0 1 -1.597e+04 1.130e+02 8.147e+01
s>                        ( - -9.864e+03 2 0)
s>                        ( - -5.990e+03 1 0))
s>                    ( - -2.986e+04 2 0)))))INFO: dtree.c(1315): Comp split 16
INFO: dtree.c(1478): Final simple tree
|( QUESTION0_6_R 1 -2.451e+05 3.762e+02 1.245e+03
|    ( QUESTION11 1 -3.403e+04 1.559e+02 1.735e+02
|        ( - -6.122e+03 1 0)
|        ( - -2.775e+04 3 0 QUESTION0 1 1.255e+02 1.411e+02))
|    ( QUESTION4 1 -2.107e+05 3.523e+02 1.072e+03
|        ( QUESTION0_0_R 1 -5.235e+04 1.955e+02 2.660e+02
|            ( - -4.655e+04 2 0)
|            ( - -5.600e+03 1 0))
|        ( QUESTION19 1 -1.580e+05 2.113e+02 8.058e+02
|            ( - -2.537e+04 1 0)
|            ( QUESTION0_3_R 1 -1.324e+05 1.685e+02 6.760e+02
|                ( - -2.103e+04 1 0)
|                ( QUESTION0_8_R 1 -1.112e+05 1.628e+02 5.692e+02
|                    ( - -5.524e+03 1 0)
|                    ( - -1.055e+05 2 0 QUESTION0_1_R 1 1.375e+02 5.395e+02))))))
s>    ( QUESTION0_6_R 1 -2.451e+05 3.762e+02 1.245e+03
s>        ( QUESTION11 1 -3.403e+04 1.559e+02 1.735e+02
s>            ( - -6.122e+03 1 0)
s>            ( - -2.775e+04 3 0 QUESTION0 1 1.255e+02 1.411e+02))
s>        ( QUESTION4 1 -2.107e+05 3.523e+02 1.072e+03
s>            ( QUESTION0_0_R 1 -5.235e+04 1.955e+02 2.660e+02
s>                ( - -4.655e+04 2 0)
s>                ( - -5.600e+03 1 0))
s>            ( QUESTION19 1 -1.580e+05 2.113e+02 8.058e+02
s>                ( - -2.537e+04 1 0)
s>                ( QUESTION0_3_R 1 -1.324e+05 1.685e+02 6.760e+02
s>                    ( - -2.103e+04 1 0)
s>                    ( QUESTION0_8_R 1 -1.112e+05 1.628e+02 5.692e+02
s>                        ( - -5.524e+03 1 0)
s>                        ( - -1.055e+05 2 0 QUESTION0_1_R 1 1.375e+02 5.395e+02))))))INFO: dtree.c(1315): Comp split 17
INFO: dtree.c(1439): stop. leaf nodes are specific
INFO: dtree.c(1478): Final simple tree
|( QUESTION0_1_R 1 -1.362e+04 2.552e+02 7.095e+01
|    ( - -3.528e+03 1 0)
|    ( QUESTION0_8_R 1 -9.835e+03 1.666e+02 5.201e+01
|        ( - -4.659e+03 1 0)
|        ( - -5.009e+03 1 0)))
s>    ( QUESTION0_1_R 1 -1.362e+04 2.552e+02 7.095e+01
s>        ( - -3.528e+03 1 0)
s>        ( QUESTION0_8_R 1 -9.835e+03 1.666e+02 5.201e+01
s>            ( - -4.659e+03 1 0)
s>            ( - -5.009e+03 1 0)))INFO: dtree.c(1439): stop. leaf nodes are specific
INFO: dtree.c(1478): Final simple tree
|( QUESTION0_8_R 1 -2.196e+04 2.736e+02 1.075e+02
|    ( - -9.395e+02 1 0)
|    ( QUESTION13 1 -2.074e+04 2.349e+02 1.025e+02
|        ( - -2.076e+03 1 0)
|        ( QUESTION0_5_R 1 -1.843e+04 1.697e+02 9.048e+01
|            ( - -2.313e+03 1 0)
|            ( QUESTION4 -1 -1.595e+04 1.769e+02 7.848e+01
|                ( QUESTION0_1_R 1 -1.298e+04 1.398e+02 6.448e+01
|                    ( - -1.972e+03 1 0)
|                    ( - -1.087e+04 1 0))
|                ( - -2.790e+03 1 0)))))
s>    ( QUESTION0_8_R 1 -2.196e+04 2.736e+02 1.075e+02
s>        ( - -9.395e+02 1 0)
s>        ( QUESTION13 1 -2.074e+04 2.349e+02 1.025e+02
s>            ( - -2.076e+03 1 0)
s>            ( QUESTION0_5_R 1 -1.843e+04 1.697e+02 9.048e+01
s>                ( - -2.313e+03 1 0)
s>                ( QUESTION4 -1 -1.595e+04 1.769e+02 7.848e+01
s>                    ( QUESTION0_1_R 1 -1.298e+04 1.398e+02 6.448e+01
s>                        ( - -1.972e+03 1 0)
s>                        ( - -1.087e+04 1 0))
s>                    ( - -2.790e+03 1 0)))))INFO: dtree.c(1315): Comp split 18
INFO: dtree.c(1439): stop. leaf nodes are specific
INFO: dtree.c(1478): Final simple tree
|( QUESTION0_12_R 1 -2.652e+04 2.239e+02 1.262e+02
|    ( QUESTION11 -1 -1.400e+04 2.791e+02 6.689e+01
|        ( QUESTION0_13_R 1 -6.495e+03 1.901e+02 3.089e+01
|            ( - -2.337e+03 1 0)
|            ( - -3.967e+03 1 0))
|        ( - -7.224e+03 1 0))
|    ( - -1.229e+04 1 0))
s>    ( QUESTION0_12_R 1 -2.652e+04 2.239e+02 1.262e+02
s>        ( QUESTION11 -1 -1.400e+04 2.791e+02 6.689e+01
s>            ( QUESTION0_13_R 1 -6.495e+03 1.901e+02 3.089e+01
s>                ( - -2.337e+03 1 0)
s>                ( - -3.967e+03 1 0))
s>            ( - -7.224e+03 1 0))
s>        ( - -1.229e+04 1 0))INFO: dtree.c(1439): stop. leaf nodes are specific
INFO: dtree.c(1478): Final simple tree
|( QUESTION0_1_R 1 -2.862e+04 2.340e+02 1.417e+02
|    ( - -1.372e+03 1 0)
|    ( QUESTION0_15_R 1 -2.702e+04 2.352e+02 1.337e+02
|        ( - -9.537e+03 1 0)
|        ( QUESTION0_14_R 1 -1.725e+04 2.189e+02 8.455e+01
|            ( - -1.337e+04 1 0)
|            ( QUESTION0_12_R 1 -3.653e+03 1.906e+02 1.900e+01
|                ( - -6.823e+02 1 0)
|                ( - -2.780e+03 1 0)))))
s>    ( QUESTION0_1_R 1 -2.862e+04 2.340e+02 1.417e+02
s>        ( - -1.372e+03 1 0)
s>        ( QUESTION0_15_R 1 -2.702e+04 2.352e+02 1.337e+02
s>            ( - -9.537e+03 1 0)
s>            ( QUESTION0_14_R 1 -1.725e+04 2.189e+02 8.455e+01
s>                ( - -1.337e+04 1 0)
s>                ( QUESTION0_12_R 1 -3.653e+03 1.906e+02 1.900e+01
s>                    ( - -6.823e+02 1 0)
s>                    ( - -2.780e+03 1 0)))))INFO: dtree.c(1315): Comp split 19
INFO: dtree.c(1439): stop. leaf nodes are specific
INFO: dtree.c(1478): Final simple tree
|( WDBNDRY_E 0 -7.845e+03 1.854e+02 4.000e+01
|    ( - -3.977e+03 1 0)
|    ( - -3.683e+03 1 0))
s>    ( WDBNDRY_E 0 -7.845e+03 1.854e+02 4.000e+01
s>        ( - -3.977e+03 1 0)
s>        ( - -3.683e+03 1 0))INFO: dtree.c(1315): Comp split 20
INFO: dtree.c(1439): stop. leaf nodes are specific
INFO: dtree.c(1478): Final simple tree
|( QUESTION0_9_R 1 -1.473e+04 2.574e+02 7.152e+01
|    ( - -2.178e+03 1 0)
|    ( QUESTION5 1 -1.230e+04 1.712e+02 6.052e+01
|        ( - -2.592e+03 1 0)
|        ( QUESTION0_1_R 1 -9.533e+03 1.342e+02 4.751e+01
|            ( - -2.336e+03 1 0)
|            ( - -7.063e+03 1 0))))
s>    ( QUESTION0_9_R 1 -1.473e+04 2.574e+02 7.152e+01
s>        ( - -2.178e+03 1 0)
s>        ( QUESTION5 1 -1.230e+04 1.712e+02 6.052e+01
s>            ( - -2.592e+03 1 0)
s>            ( QUESTION0_1_R 1 -9.533e+03 1.342e+02 4.751e+01
s>                ( - -2.336e+03 1 0)
s>                ( - -7.063e+03 1 0))))INFO: dtree.c(1439): stop. leaf nodes are specific
INFO: dtree.c(1478): Final simple tree
|( QUESTION0_6_R 1 -1.878e+04 2.482e+02 9.480e+01
|    ( QUESTION0 1 -7.527e+03 1.780e+02 3.980e+01
|        ( - -5.834e+03 1 0)
|        ( - -1.515e+03 1 0))
|    ( QUESTION0_5_R 1 -1.101e+04 2.379e+02 5.500e+01
|        ( - -1.158e+03 1 0)
|        ( QUESTION0_7_R 1 -9.612e+03 2.094e+02 4.800e+01
|            ( - -1.167e+03 1 0)
|            ( SILENCE 1 -8.235e+03 1.147e+02 4.100e+01
|                ( - -3.259e+03 1 0)
|                ( - -4.861e+03 1 0)))))
s>    ( QUESTION0_6_R 1 -1.878e+04 2.482e+02 9.480e+01
s>        ( QUESTION0 1 -7.527e+03 1.780e+02 3.980e+01
s>            ( - -5.834e+03 1 0)
s>            ( - -1.515e+03 1 0))
s>        ( QUESTION0_5_R 1 -1.101e+04 2.379e+02 5.500e+01
s>            ( - -1.158e+03 1 0)
s>            ( QUESTION0_7_R 1 -9.612e+03 2.094e+02 4.800e+01
s>                ( - -1.167e+03 1 0)
s>                ( SILENCE 1 -8.235e+03 1.147e+02 4.100e+01
s>                    ( - -3.259e+03 1 0)
s>                    ( - -4.861e+03 1 0)))))INFO: dtree.c(1315): Comp split 21
INFO: dtree.c(1439): stop. leaf nodes are specific
INFO: dtree.c(1478): Final simple tree
|( QUESTION19 1 -1.580e+05 2.113e+02 8.058e+02
|    ( - -2.537e+04 1 0)
|    ( QUESTION0_3_R 1 -1.324e+05 1.685e+02 6.760e+02
|        ( - -2.103e+04 1 0)
|        ( QUESTION0_8_R 1 -1.112e+05 1.628e+02 5.692e+02
|            ( - -5.524e+03 1 0)
|            ( QUESTION0_1_R 1 -1.055e+05 1.375e+02 5.395e+02
|                ( - -6.246e+04 1 0)
|                ( - -4.290e+04 1 0)))))
s>    ( QUESTION19 1 -1.580e+05 2.113e+02 8.058e+02
s>        ( - -2.537e+04 1 0)
s>        ( QUESTION0_3_R 1 -1.324e+05 1.685e+02 6.760e+02
s>            ( - -2.103e+04 1 0)
s>            ( QUESTION0_8_R 1 -1.112e+05 1.628e+02 5.692e+02
s>                ( - -5.524e+03 1 0)
s>                ( QUESTION0_1_R 1 -1.055e+05 1.375e+02 5.395e+02
s>                    ( - -6.246e+04 1 0)
s>                    ( - -4.290e+04 1 0)))))INFO: dtree.c(1439): stop. leaf nodes are specific
INFO: dtree.c(1478): Final simple tree
|( QUESTION0_1_R 1 -8.669e+04 3.131e+02 4.395e+02
|    ( QUESTION11 1 -3.403e+04 1.559e+02 1.735e+02
|        ( - -6.122e+03 1 0)
|        ( QUESTION0 1 -2.775e+04 1.255e+02 1.411e+02
|            ( - -2.461e+04 2 0)
|            ( - -3.018e+03 1 0)))
|    ( QUESTION0_0_R 1 -5.235e+04 1.955e+02 2.660e+02
|        ( - -4.655e+04 2 0)
|        ( - -5.600e+03 1 0)))
s>    ( QUESTION0_1_R 1 -8.669e+04 3.131e+02 4.395e+02
s>        ( QUESTION11 1 -3.403e+04 1.559e+02 1.735e+02
s>            ( - -6.122e+03 1 0)
s>            ( QUESTION0 1 -2.775e+04 1.255e+02 1.411e+02
s>                ( - -2.461e+04 2 0)
s>                ( - -3.018e+03 1 0)))
s>        ( QUESTION0_0_R 1 -5.235e+04 1.955e+02 2.660e+02
s>            ( - -4.655e+04 2 0)
s>            ( - -5.600e+03 1 0)))INFO: dtree.c(1315): Comp split 22
INFO: dtree.c(1439): stop. leaf nodes are specific
INFO: dtree.c(1478): Final simple tree
|( QUESTION0_2_R 1 -2.066e+04 2.041e+02 1.056e+02
|    ( - -1.794e+03 1 0)
|    ( QUESTION0_1_R 1 -1.866e+04 1.678e+02 9.563e+01
|        ( - -1.146e+04 2 0)
|        ( - -7.033e+03 1 0)))
s>    ( QUESTION0_2_R 1 -2.066e+04 2.041e+02 1.056e+02
s>        ( - -1.794e+03 1 0)
s>        ( QUESTION0_1_R 1 -1.866e+04 1.678e+02 9.563e+01
s>            ( - -1.146e+04 2 0)
s>            ( - -7.033e+03 1 0)))INFO: dtree.c(1439): stop. leaf nodes are specific
INFO: dtree.c(1478): Final simple tree
|( QUESTION0_9_R 1 -1.785e+04 2.187e+02 9.124e+01
|    ( - -4.239e+03 1 0)
|    ( QUESTION5 1 -1.339e+04 2.079e+02 6.938e+01
|        ( - -3.608e+03 1 0)
|        ( QUESTION0_1_R 1 -9.575e+03 1.574e+02 5.050e+01
|            ( - -4.925e+03 1 0)
|            ( - -4.492e+03 2 0))))
s>    ( QUESTION0_9_R 1 -1.785e+04 2.187e+02 9.124e+01
s>        ( - -4.239e+03 1 0)
s>        ( QUESTION5 1 -1.339e+04 2.079e+02 6.938e+01
s>            ( - -3.608e+03 1 0)
s>            ( QUESTION0_1_R 1 -9.575e+03 1.574e+02 5.050e+01
s>                ( - -4.925e+03 1 0)
s>                ( - -4.492e+03 2 0))))INFO: dtree.c(1315): Comp split 23
INFO: dtree.c(1439): stop. leaf nodes are specific
INFO: dtree.c(1478): Final simple tree
|( QUESTION6 1 -4.881e+03 1.452e+02 2.299e+01
|    ( - -1.189e+03 1 0)
|    ( - -3.547e+03 1 0))
s>    ( QUESTION6 1 -4.881e+03 1.452e+02 2.299e+01
s>        ( - -1.189e+03 1 0)
s>        ( - -3.547e+03 1 0))INFO: dtree.c(1439): stop. leaf nodes are specific
INFO: dtree.c(1478): Final simple tree
|( QUESTION11 -1 -3.138e+04 2.115e+02 1.522e+02
|    ( - -6.949e+03 1 0)
|    ( - -2.422e+04 1 0))
s>    ( QUESTION11 -1 -3.138e+04 2.115e+02 1.522e+02
s>        ( - -6.949e+03 1 0)
s>        ( - -2.422e+04 1 0))INFO: dtree.c(1315): Comp split 24
INFO: dtree.c(1439): stop. leaf nodes are specific
INFO: dtree.c(1478): Final simple tree
|( QUESTION0_12_R 1 -1.641e+04 1.437e+02 7.937e+01
|    ( - -3.967e+03 1 0)
|    ( - -1.229e+04 1 0))
s>    ( QUESTION0_12_R 1 -1.641e+04 1.437e+02 7.937e+01
s>        ( - -3.967e+03 1 0)
s>        ( - -1.229e+04 1 0))INFO: dtree.c(1439): stop. leaf nodes are specific
INFO: dtree.c(1478): Final simple tree
|( QUESTION0_13_R 1 -9.780e+03 2.191e+02 4.686e+01
|    ( - -2.337e+03 1 0)
|    ( - -7.224e+03 1 0))
s>    ( QUESTION0_13_R 1 -9.780e+03 2.191e+02 4.686e+01
s>        ( - -2.337e+03 1 0)
s>        ( - -7.224e+03 1 0))INFO: dtree.c(1315): Comp split 25
INFO: dtree.c(1439): stop. leaf nodes are specific
INFO: dtree.c(1478): Final simple tree
|( QUESTION11 1 -3.403e+04 1.559e+02 1.735e+02
|    ( - -6.122e+03 1 0)
|    ( QUESTION0 1 -2.775e+04 1.255e+02 1.411e+02
|        ( - -2.461e+04 2 0)
|        ( - -3.018e+03 1 0)))
s>    ( QUESTION11 1 -3.403e+04 1.559e+02 1.735e+02
s>        ( - -6.122e+03 1 0)
s>        ( QUESTION0 1 -2.775e+04 1.255e+02 1.411e+02
s>            ( - -2.461e+04 2 0)
s>            ( - -3.018e+03 1 0)))INFO: dtree.c(1439): stop. leaf nodes are specific
INFO: dtree.c(1478): Final simple tree
|( QUESTION0_0_R 1 -5.235e+04 1.955e+02 2.660e+02
|    ( - -4.655e+04 2 0)
|    ( - -5.600e+03 1 0))
s>    ( QUESTION0_0_R 1 -5.235e+04 1.955e+02 2.660e+02
s>        ( - -4.655e+04 2 0)
s>        ( - -5.600e+03 1 0))INFO: dtree.c(1315): Comp split 26
INFO: dtree.c(1439): stop. leaf nodes are specific
INFO: dtree.c(1478): Final simple tree
|( QUESTION0_2_R 1 -4.731e+04 1.954e+02 2.351e+02
|    ( - -2.942e+03 1 0)
|    ( QUESTION0_9_R 1 -4.418e+04 1.461e+02 2.191e+02
|        ( - -9.050e+02 1 0)
|        ( QUESTION0_1_R 1 -4.313e+04 1.161e+02 2.141e+02
|            ( - -4.298e+03 2 0)
|            ( - -3.871e+04 2 0))))
s>    ( QUESTION0_2_R 1 -4.731e+04 1.954e+02 2.351e+02
s>        ( - -2.942e+03 1 0)
s>        ( QUESTION0_9_R 1 -4.418e+04 1.461e+02 2.191e+02
s>            ( - -9.050e+02 1 0)
s>            ( QUESTION0_1_R 1 -4.313e+04 1.161e+02 2.141e+02
s>                ( - -4.298e+03 2 0)
s>                ( - -3.871e+04 2 0))))INFO: dtree.c(1439): stop. leaf nodes are specific
INFO: dtree.c(1478): Final simple tree
|( SILENCE 1 -1.870e+04 1.212e+02 9.326e+01
|    ( - -6.028e+03 1 0)
|    ( - -1.256e+04 1 0))
s>    ( SILENCE 1 -1.870e+04 1.212e+02 9.326e+01
s>        ( - -6.028e+03 1 0)
s>        ( - -1.256e+04 1 0))INFO: dtree.c(1315): Comp split 27
INFO: dtree.c(1439): stop. leaf nodes are specific
INFO: dtree.c(1478): Final simple tree
|( QUESTION0_5_R 1 -1.529e+04 2.283e+02 7.648e+01
|    ( - -2.076e+03 1 0)
|    ( QUESTION0_1_R 1 -1.298e+04 1.398e+02 6.448e+01
|        ( - -1.972e+03 1 0)
|        ( - -1.087e+04 1 0)))
s>    ( QUESTION0_5_R 1 -1.529e+04 2.283e+02 7.648e+01
s>        ( - -2.076e+03 1 0)
s>        ( QUESTION0_1_R 1 -1.298e+04 1.398e+02 6.448e+01
s>            ( - -1.972e+03 1 0)
s>            ( - -1.087e+04 1 0)))INFO: dtree.c(1439): stop. leaf nodes are specific
INFO: dtree.c(1478): Final simple tree
|( QUESTION0_1_R 1 -6.381e+03 1.907e+02 3.100e+01
|    ( QUESTION0_5_R 1 -5.250e+03 1.471e+02 2.600e+01
|        ( - -2.313e+03 1 0)
|        ( - -2.790e+03 1 0))
|    ( - -9.395e+02 1 0))
s>    ( QUESTION0_1_R 1 -6.381e+03 1.907e+02 3.100e+01
s>        ( QUESTION0_5_R 1 -5.250e+03 1.471e+02 2.600e+01
s>            ( - -2.313e+03 1 0)
s>            ( - -2.790e+03 1 0))
s>        ( - -9.395e+02 1 0))INFO: dtree.c(1315): Comp split 28
INFO: dtree.c(1439): stop. leaf nodes are specific
INFO: dtree.c(1478): Final simple tree
|( QUESTION0_4_R 1 -6.133e+04 1.909e+02 3.082e+02
|    ( - -1.514e+04 1 0)
|    ( QUESTION0_1_R 1 -4.599e+04 1.701e+02 2.313e+02
|        ( QUESTION0 1 -1.597e+04 1.130e+02 8.147e+01
|            ( - -9.864e+03 2 0)
|            ( - -5.990e+03 1 0))
|        ( - -2.986e+04 2 0)))
s>    ( QUESTION0_4_R 1 -6.133e+04 1.909e+02 3.082e+02
s>        ( - -1.514e+04 1 0)
s>        ( QUESTION0_1_R 1 -4.599e+04 1.701e+02 2.313e+02
s>            ( QUESTION0 1 -1.597e+04 1.130e+02 8.147e+01
s>                ( - -9.864e+03 2 0)
s>                ( - -5.990e+03 1 0))
s>            ( - -2.986e+04 2 0)))INFO: dtree.c(1439): stop. leaf nodes are specific
INFO: dtree.c(1478): Final simple tree
|( QUESTION0_8_R 1 -2.538e+04 2.625e+02 1.305e+02
|    ( - -1.614e+03 1 0)
|    ( QUESTION0_4_R 1 -2.350e+04 1.569e+02 1.215e+02
|        ( - -2.625e+03 1 0)
|        ( QUESTION0_1_R 1 -2.072e+04 1.201e+02 1.066e+02
|            ( - -3.178e+03 1 0)
|            ( - -1.742e+04 1 0))))
s>    ( QUESTION0_8_R 1 -2.538e+04 2.625e+02 1.305e+02
s>        ( - -1.614e+03 1 0)
s>        ( QUESTION0_4_R 1 -2.350e+04 1.569e+02 1.215e+02
s>            ( - -2.625e+03 1 0)
s>            ( QUESTION0_1_R 1 -2.072e+04 1.201e+02 1.066e+02
s>                ( - -3.178e+03 1 0)
s>                ( - -1.742e+04 1 0))))INFO: dtree.c(1315): Comp split 29
INFO: dtree.c(1439): stop. leaf nodes are specific
INFO: dtree.c(1478): Final simple tree
|( SILENCE 1 -8.235e+03 1.147e+02 4.100e+01
|    ( - -3.259e+03 1 0)
|    ( - -4.861e+03 1 0))
s>    ( SILENCE 1 -8.235e+03 1.147e+02 4.100e+01
s>        ( - -3.259e+03 1 0)
s>        ( - -4.861e+03 1 0))INFO: dtree.c(1439): stop. leaf nodes are specific
INFO: dtree.c(1478): Final simple tree
|( QUESTION0_6_R 1 -1.027e+04 2.382e+02 5.380e+01
|    ( QUESTION0 1 -7.527e+03 1.780e+02 3.980e+01
|        ( - -5.834e+03 1 0)
|        ( - -1.515e+03 1 0))
|    ( QUESTION0_1_R 1 -2.501e+03 1.760e+02 1.400e+01
|        ( - -1.158e+03 1 0)
|        ( - -1.167e+03 1 0)))
s>    ( QUESTION0_6_R 1 -1.027e+04 2.382e+02 5.380e+01
s>        ( QUESTION0 1 -7.527e+03 1.780e+02 3.980e+01
s>            ( - -5.834e+03 1 0)
s>            ( - -1.515e+03 1 0))
s>        ( QUESTION0_1_R 1 -2.501e+03 1.760e+02 1.400e+01
s>            ( - -1.158e+03 1 0)
s>            ( - -1.167e+03 1 0)))INFO: dtree.c(1315): Comp split 30
INFO: dtree.c(1439): stop. leaf nodes are specific
INFO: dtree.c(1478): Final simple tree
|( QUESTION0_14_R 1 -1.426e+04 2.049e+02 6.956e+01
|    ( - -1.337e+04 1 0)
|    ( - -6.823e+02 1 0))
s>    ( QUESTION0_14_R 1 -1.426e+04 2.049e+02 6.956e+01
s>        ( - -1.337e+04 1 0)
s>        ( - -6.823e+02 1 0))INFO: dtree.c(1439): stop. leaf nodes are specific
INFO: dtree.c(1478): Final simple tree
|( QUESTION0_1_R 1 -1.409e+04 2.322e+02 7.211e+01
|    ( - -1.372e+03 1 0)
|    ( QUESTION0_12_R 1 -1.249e+04 1.732e+02 6.411e+01
|        ( - -9.537e+03 1 0)
|        ( - -2.780e+03 1 0)))
s>    ( QUESTION0_1_R 1 -1.409e+04 2.322e+02 7.211e+01
s>        ( - -1.372e+03 1 0)
s>        ( QUESTION0_12_R 1 -1.249e+04 1.732e+02 6.411e+01
s>            ( - -9.537e+03 1 0)
s>            ( - -2.780e+03 1 0)))INFO: dtree.c(1315): Comp split 31
INFO: dtree.c(1439): stop. leaf nodes are specific
INFO: dtree.c(1478): Final simple tree
|( QUESTION0_4_R 1 -2.350e+04 1.569e+02 1.215e+02
|    ( - -2.625e+03 1 0)
|    ( QUESTION0_1_R 1 -2.072e+04 1.201e+02 1.066e+02
|        ( - -3.178e+03 1 0)
|        ( - -1.742e+04 1 0)))
s>    ( QUESTION0_4_R 1 -2.350e+04 1.569e+02 1.215e+02
s>        ( - -2.625e+03 1 0)
s>        ( QUESTION0_1_R 1 -2.072e+04 1.201e+02 1.066e+02
s>            ( - -3.178e+03 1 0)
s>            ( - -1.742e+04 1 0)))INFO: dtree.c(1315): Comp split 32
INFO: dtree.c(1439): stop. leaf nodes are specific
INFO: dtree.c(1478): Final simple tree
|( QUESTION5 1 -1.230e+04 1.712e+02 6.052e+01
|    ( - -2.592e+03 1 0)
|    ( QUESTION0_1_R 1 -9.533e+03 1.342e+02 4.751e+01
|        ( - -2.336e+03 1 0)
|        ( - -7.063e+03 1 0)))
s>    ( QUESTION5 1 -1.230e+04 1.712e+02 6.052e+01
s>        ( - -2.592e+03 1 0)
s>        ( QUESTION0_1_R 1 -9.533e+03 1.342e+02 4.751e+01
s>            ( - -2.336e+03 1 0)
s>            ( - -7.063e+03 1 0)))INFO: dtree.c(1315): Comp split 33
INFO: dtree.c(1439): stop. leaf nodes are specific
INFO: dtree.c(1478): Final simple tree
|( QUESTION0_8_R 1 -9.835e+03 1.666e+02 5.201e+01
|    ( - -4.659e+03 1 0)
|    ( - -5.009e+03 1 0))
s>    ( QUESTION0_8_R 1 -9.835e+03 1.666e+02 5.201e+01
s>        ( - -4.659e+03 1 0)
s>        ( - -5.009e+03 1 0))INFO: dtree.c(1315): Comp split 34
INFO: dtree.c(1439): stop. leaf nodes are specific
INFO: dtree.c(1478): Final simple tree
|( QUESTION0_1_R 1 -2.501e+03 1.760e+02 1.400e+01
|    ( - -1.158e+03 1 0)
|    ( - -1.167e+03 1 0))
s>    ( QUESTION0_1_R 1 -2.501e+03 1.760e+02 1.400e+01
s>        ( - -1.158e+03 1 0)
s>        ( - -1.167e+03 1 0))INFO: dtree.c(1439): stop. leaf nodes are specific
INFO: dtree.c(1478): Final simple tree
|( QUESTION0 1 -7.527e+03 1.780e+02 3.980e+01
|    ( - -5.834e+03 1 0)
|    ( - -1.515e+03 1 0))
s>    ( QUESTION0 1 -7.527e+03 1.780e+02 3.980e+01
s>        ( - -5.834e+03 1 0)
s>        ( - -1.515e+03 1 0))INFO: dtree.c(1315): Comp split 35
INFO: dtree.c(1439): stop. leaf nodes are specific
INFO: dtree.c(1478): Final simple tree
|( QUESTION0_1_R 1 -9.575e+03 1.574e+02 5.050e+01
|    ( - -4.925e+03 1 0)
|    ( - -4.492e+03 2 0))
s>    ( QUESTION0_1_R 1 -9.575e+03 1.574e+02 5.050e+01
s>        ( - -4.925e+03 1 0)
s>        ( - -4.492e+03 2 0))INFO: dtree.c(1439): stop. leaf nodes are specific
INFO: dtree.c(1478): Final simple tree
|( QUESTION0_1_R 1 -8.037e+03 1.904e+02 4.074e+01
|    ( - -3.608e+03 1 0)
|    ( - -4.239e+03 1 0))
s>    ( QUESTION0_1_R 1 -8.037e+03 1.904e+02 4.074e+01
s>        ( - -3.608e+03 1 0)
s>        ( - -4.239e+03 1 0))INFO: dtree.c(1315): Comp split 36
INFO: dtree.c(1439): stop. leaf nodes are specific
INFO: dtree.c(1478): Final simple tree
|( QUESTION0_12_R 1 -1.249e+04 1.732e+02 6.411e+01
|    ( - -9.537e+03 1 0)
|    ( - -2.780e+03 1 0))
s>    ( QUESTION0_12_R 1 -1.249e+04 1.732e+02 6.411e+01
s>        ( - -9.537e+03 1 0)
s>        ( - -2.780e+03 1 0))INFO: dtree.c(1315): Comp split 37
INFO: dtree.c(1439): stop. leaf nodes are specific
INFO: dtree.c(1478): Final simple tree
|( QUESTION0_0_R 1 -1.712e+04 1.447e+02 8.798e+01
|    ( - -1.096e+04 1 0)
|    ( - -6.016e+03 1 0))
s>    ( QUESTION0_0_R 1 -1.712e+04 1.447e+02 8.798e+01
s>        ( - -1.096e+04 1 0)
s>        ( - -6.016e+03 1 0))INFO: dtree.c(1315): Comp split 38
INFO: dtree.c(1439): stop. leaf nodes are specific
INFO: dtree.c(1478): Final simple tree
|( QUESTION0_1_R 1 -1.298e+04 1.398e+02 6.448e+01
|    ( - -1.972e+03 1 0)
|    ( - -1.087e+04 1 0))
s>    ( QUESTION0_1_R 1 -1.298e+04 1.398e+02 6.448e+01
s>        ( - -1.972e+03 1 0)
s>        ( - -1.087e+04 1 0))INFO: dtree.c(1315): Comp split 39
INFO: dtree.c(1439): stop. leaf nodes are specific
INFO: dtree.c(1478): Final simple tree
|( QUESTION0_11_R 1 -5.501e+04 1.865e+02 2.725e+02
|    ( QUESTION0_12_R 1 -1.451e+04 1.584e+02 7.150e+01
|        ( - -1.230e+04 1 0)
|        ( - -2.050e+03 1 0))
|    ( QUESTION0_8_R 1 -4.031e+04 1.706e+02 2.010e+02
|        ( - -3.469e+04 2 0)
|        ( - -5.453e+03 1 0)))
s>    ( QUESTION0_11_R 1 -5.501e+04 1.865e+02 2.725e+02
s>        ( QUESTION0_12_R 1 -1.451e+04 1.584e+02 7.150e+01
s>            ( - -1.230e+04 1 0)
s>            ( - -2.050e+03 1 0))
s>        ( QUESTION0_8_R 1 -4.031e+04 1.706e+02 2.010e+02
s>            ( - -3.469e+04 2 0)
s>            ( - -5.453e+03 1 0)))INFO: dtree.c(1315): Comp split 40
INFO: dtree.c(1315): Comp split 41
INFO: dtree.c(1315): Comp split 42
INFO: dtree.c(1439): stop. leaf nodes are specific
INFO: dtree.c(1478): Final simple tree
|( QUESTION0_3_R 1 -1.324e+05 1.685e+02 6.760e+02
|    ( - -2.103e+04 1 0)
|    ( QUESTION0_8_R 1 -1.112e+05 1.628e+02 5.692e+02
|        ( - -5.524e+03 1 0)
|        ( QUESTION0_1_R 1 -1.055e+05 1.375e+02 5.395e+02
|            ( - -6.246e+04 1 0)
|            ( - -4.290e+04 1 0))))
s>    ( QUESTION0_3_R 1 -1.324e+05 1.685e+02 6.760e+02
s>        ( - -2.103e+04 1 0)
s>        ( QUESTION0_8_R 1 -1.112e+05 1.628e+02 5.692e+02
s>            ( - -5.524e+03 1 0)
s>            ( QUESTION0_1_R 1 -1.055e+05 1.375e+02 5.395e+02
s>                ( - -6.246e+04 1 0)
s>                ( - -4.290e+04 1 0))))INFO: dtree.c(1315): Comp split 43
INFO: dtree.c(1315): Comp split 44
INFO: dtree.c(1439): stop. leaf nodes are specific
INFO: dtree.c(1478): Final simple tree
|( QUESTION0_1_R 1 -1.866e+04 1.678e+02 9.563e+01
|    ( - -1.146e+04 2 0)
|    ( - -7.033e+03 1 0))
s>    ( QUESTION0_1_R 1 -1.866e+04 1.678e+02 9.563e+01
s>        ( - -1.146e+04 2 0)
s>        ( - -7.033e+03 1 0))INFO: dtree.c(1315): Comp split 45
INFO: dtree.c(1439): stop. leaf nodes are specific
INFO: dtree.c(1478): Final simple tree
|( QUESTION0_1_R 1 -4.313e+04 1.161e+02 2.141e+02
|    ( - -4.298e+03 2 0)
|    ( - -3.871e+04 2 0))
s>    ( QUESTION0_1_R 1 -4.313e+04 1.161e+02 2.141e+02
s>        ( - -4.298e+03 2 0)
s>        ( - -3.871e+04 2 0))INFO: dtree.c(1439): stop. leaf nodes are specific
INFO: dtree.c(1478): Final simple tree
|( QUESTION0_1_R 1 -3.985e+03 1.375e+02 2.100e+01
|    ( - -2.942e+03 1 0)
|    ( - -9.050e+02 1 0))
s>    ( QUESTION0_1_R 1 -3.985e+03 1.375e+02 2.100e+01
s>        ( - -2.942e+03 1 0)
s>        ( - -9.050e+02 1 0))INFO: dtree.c(1315): Comp split 46
INFO: dtree.c(1315): Comp split 47
INFO: dtree.c(1439): stop. leaf nodes are specific
INFO: dtree.c(1478): Final simple tree
|( QUESTION0_1_R 1 -4.599e+04 1.701e+02 2.313e+02
|    ( QUESTION0 1 -1.597e+04 1.130e+02 8.147e+01
|        ( - -9.864e+03 2 0)
|        ( - -5.990e+03 1 0))
|    ( - -2.986e+04 2 0))
s>    ( QUESTION0_1_R 1 -4.599e+04 1.701e+02 2.313e+02
s>        ( QUESTION0 1 -1.597e+04 1.130e+02 8.147e+01
s>            ( - -9.864e+03 2 0)
s>            ( - -5.990e+03 1 0))
s>        ( - -2.986e+04 2 0))INFO: dtree.c(1315): Comp split 48
INFO: dtree.c(1439): stop. leaf nodes are specific
INFO: dtree.c(1478): Final simple tree
|( QUESTION0_5_R 1 -5.250e+03 1.471e+02 2.600e+01
|    ( - -2.313e+03 1 0)
|    ( - -2.790e+03 1 0))
s>    ( QUESTION0_5_R 1 -5.250e+03 1.471e+02 2.600e+01
s>        ( - -2.313e+03 1 0)
s>        ( - -2.790e+03 1 0))INFO: dtree.c(1315): Comp split 49
INFO: dtree.c(1315): Comp split 50
INFO: dtree.c(1439): stop. leaf nodes are specific
INFO: dtree.c(1478): Final simple tree
|( QUESTION0_10_R 1 -7.666e+03 1.630e+02 3.903e+01
|    ( - -5.453e+03 1 0)
|    ( - -2.050e+03 1 0))
s>    ( QUESTION0_10_R 1 -7.666e+03 1.630e+02 3.903e+01
s>        ( - -5.453e+03 1 0)
s>        ( - -2.050e+03 1 0))INFO: dtree.c(1439): stop. leaf nodes are specific
INFO: dtree.c(1478): Final simple tree
|( QUESTION0_8_R 1 -4.715e+04 1.649e+02 2.335e+02
|    ( - -3.469e+04 2 0)
|    ( - -1.230e+04 1 0))
s>    ( QUESTION0_8_R 1 -4.715e+04 1.649e+02 2.335e+02
s>        ( - -3.469e+04 2 0)
s>        ( - -1.230e+04 1 0))INFO: dtree.c(1315): Comp split 51
INFO: dtree.c(1315): Comp split 52
INFO: dtree.c(1315): Comp split 53
INFO: dtree.c(1315): Comp split 54
INFO: dtree.c(1315): Comp split 55
INFO: dtree.c(1439): stop. leaf nodes are specific
INFO: dtree.c(1478): Final simple tree
|( QUESTION0_1_R 1 -9.533e+03 1.342e+02 4.751e+01
|    ( - -2.336e+03 1 0)
|    ( - -7.063e+03 1 0))
s>    ( QUESTION0_1_R 1 -9.533e+03 1.342e+02 4.751e+01
s>        ( - -2.336e+03 1 0)
s>        ( - -7.063e+03 1 0))INFO: dtree.c(1315): Comp split 56
INFO: dtree.c(1439): stop. leaf nodes are specific
INFO: dtree.c(1478): Final simple tree
|( QUESTION0 1 -1.597e+04 1.130e+02 8.147e+01
|    ( - -9.864e+03 2 0)
|    ( - -5.990e+03 1 0))
s>    ( QUESTION0 1 -1.597e+04 1.130e+02 8.147e+01
s>        ( - -9.864e+03 2 0)
s>        ( - -5.990e+03 1 0))INFO: dtree.c(1315): Comp split 57
INFO: dtree.c(1439): stop. leaf nodes are specific
INFO: dtree.c(1478): Final simple tree
|( QUESTION0_8_R 1 -1.112e+05 1.628e+02 5.692e+02
|    ( - -5.524e+03 1 0)
|    ( QUESTION0_1_R 1 -1.055e+05 1.375e+02 5.395e+02
|        ( - -6.246e+04 1 0)
|        ( - -4.290e+04 1 0)))
s>    ( QUESTION0_8_R 1 -1.112e+05 1.628e+02 5.692e+02
s>        ( - -5.524e+03 1 0)
s>        ( QUESTION0_1_R 1 -1.055e+05 1.375e+02 5.395e+02
s>            ( - -6.246e+04 1 0)
s>            ( - -4.290e+04 1 0)))INFO: dtree.c(1315): Comp split 58
INFO: dtree.c(1315): Comp split 59
INFO: dtree.c(1315): Comp split 60
INFO: dtree.c(1315): Comp split 61
INFO: dtree.c(1315): Comp split 62
INFO: dtree.c(1439): stop. leaf nodes are specific
INFO: dtree.c(1478): Final simple tree
|( QUESTION0_1_R 1 -1.055e+05 1.375e+02 5.395e+02
|    ( - -6.246e+04 1 0)
|    ( - -4.290e+04 1 0))
s>    ( QUESTION0_1_R 1 -1.055e+05 1.375e+02 5.395e+02
s>        ( - -6.246e+04 1 0)
s>        ( - -4.290e+04 1 0))INFO: dtree.c(1315): Comp split 63
INFO: dtree.c(1315): Comp split 64
INFO: dtree.c(1439): stop. leaf nodes are specific
INFO: dtree.c(1478): Final simple tree
|( QUESTION0_1_R 1 -2.072e+04 1.201e+02 1.066e+02
|    ( - -3.178e+03 1 0)
|    ( - -1.742e+04 1 0))
s>    ( QUESTION0_1_R 1 -2.072e+04 1.201e+02 1.066e+02
s>        ( - -3.178e+03 1 0)
s>        ( - -1.742e+04 1 0))INFO: dtree.c(1315): Comp split 65
INFO: dtree.c(1439): stop. leaf nodes are specific
INFO: dtree.c(1478): Final simple tree
|( QUESTION0 1 -2.775e+04 1.255e+02 1.411e+02
|    ( - -2.461e+04 2 0)
|    ( - -3.018e+03 1 0))
s>    ( QUESTION0 1 -2.775e+04 1.255e+02 1.411e+02
s>        ( - -2.461e+04 2 0)
s>        ( - -3.018e+03 1 0))INFO: dtree.c(1315): Comp split 66
INFO: dtree.c(1315): Comp split 67
INFO: dtree.c(1315): Comp split 68
INFO: dtree.c(1315): Comp split 69
INFO: dtree.c(1315): Comp split 70
INFO: dtree.c(1315): Comp split 71
INFO: dtree.c(1315): Comp split 72
INFO: dtree.c(1315): Comp split 73
INFO: dtree.c(1315): Comp split 74
INFO: dtree.c(1315): Comp split 75
INFO: dtree.c(1315): Comp split 76
INFO: dtree.c(1315): Comp split 77
INFO: dtree.c(1315): Comp split 78
INFO: dtree.c(1315): Comp split 79
INFO: dtree.c(1315): Comp split 80
INFO: dtree.c(1318): stop. leaf nodes are specific
Mon Jan 30 07:35:49 2017
