Current configuration:
[NAME]		[DEFLT]	[VALUE]
-allphones	no	no
-cntthresh	0.00001	1.000000e-05
-csplitmax	100	2000
-csplitmin	1	1
-csplitthr	8e-4	0.000000e+00
-example	no	no
-fullvar	no	no
-help		no	no
-meanfn			/Users/benroye/forge/cmusphinx/voiceVim/model_parameters/voiceVim.cd_cont_untied/means
-mixwfn			/Users/benroye/forge/cmusphinx/voiceVim/model_parameters/voiceVim.cd_cont_untied/mixture_weights
-moddeffn		/Users/benroye/forge/cmusphinx/voiceVim/model_architecture/voiceVim.untied.mdef
-mwfloor	1e-4	1.000000e-08
-phone			sh
-psetfn			/Users/benroye/forge/cmusphinx/voiceVim/model_architecture/voiceVim.tree_questions
-ssplitmax	5	7
-ssplitmin	1	1
-ssplitthr	8e-4	0.000000e+00
-state			1
-stwt			1.0,0.05,0.0,
-treefn			/Users/benroye/forge/cmusphinx/voiceVim/trees/voiceVim.unpruned/sh-1.dtree
-ts2cbfn	.semi.	.cont.
-varfloor	0.00001	1.000000e-05
-varfn			/Users/benroye/forge/cmusphinx/voiceVim/model_parameters/voiceVim.cd_cont_untied/variances

INFO: main.c(223): Reading: /Users/benroye/forge/cmusphinx/voiceVim/model_architecture/voiceVim.untied.mdef
INFO: model_def_io.c(573): Model definition info:
INFO: model_def_io.c(574): 2249 total models defined (39 base, 2210 tri)
INFO: model_def_io.c(575): 8996 total states
INFO: model_def_io.c(576): 6747 total tied states
INFO: model_def_io.c(577): 117 total tied CI states
INFO: model_def_io.c(578): 39 total tied transition matrices
INFO: model_def_io.c(579): 4 max state/model
INFO: model_def_io.c(580): 4 min state/model
INFO: main.c(242): Building trees for [sh SIL i b] through [sh uh uu b]
INFO: main.c(269): Covering states |[5004 5096]| == 93
INFO: main.c(275): Reading: /Users/benroye/forge/cmusphinx/voiceVim/model_parameters/voiceVim.cd_cont_untied/mixture_weights
INFO: s3mixw_io.c(173): Read /Users/benroye/forge/cmusphinx/voiceVim/model_parameters/voiceVim.cd_cont_untied/mixture_weights [93x1x1 array]
INFO: main.c(311): 31 of 31 models have observation count greater than 0.000010
INFO: main.c(95): nrm stwt: 0.045 0.909 0.045 
INFO: s3gau_io.c(169): Read /Users/benroye/forge/cmusphinx/voiceVim/model_parameters/voiceVim.cd_cont_untied/means [6747x1x1 array]
INFO: s3gau_io.c(169): Read /Users/benroye/forge/cmusphinx/voiceVim/model_parameters/voiceVim.cd_cont_untied/variances [6747x1x1 array]
INFO: main.c(549): Reading: /Users/benroye/forge/cmusphinx/voiceVim/model_architecture/voiceVim.tree_questions
INFO: main.c(588): 174 total simple questions (166 phone; 8 word bndry)
INFO: main.c(590): 40 Left Only questions, and 42 Right Only questions
INFO: dtree.c(1478): Final simple tree
|( QUESTION2_9_L -1 -3.342e+05 1.607e+03 1.685e+03
|    ( QUESTION0_13_R 1 -4.398e+04 4.942e+02 2.138e+02
|        ( - -1.848e+02 1 0)
|        ( - -4.330e+04 13 0 SILENCE 1 2.215e+02 2.128e+02))
|    ( QUESTION2 -1 -2.886e+05 5.853e+02 1.471e+03
|        ( QUESTION4 1 -1.593e+05 2.220e+02 8.173e+02
|            ( - -1.575e+05 3 0)
|            ( - -1.550e+03 1 0))
|        ( QUESTION2_1_L -1 -1.288e+05 3.901e+02 6.534e+02
|            ( - -2.929e+04 4 0 QUESTION4 1 2.117e+02 1.498e+02)
|            ( QUESTION5 -1 -9.909e+04 2.702e+02 5.036e+02
|                ( - -6.341e+03 2 0 QUESTION11 -1 9.901e+01 3.200e+01)
|                ( QUESTION2_5_L -1 -9.248e+04 2.694e+02 4.716e+02
|                    ( - -4.898e+03 1 0)
|                    ( - -8.731e+04 6 0 QUESTION4 1 2.045e+02 4.465e+02))))))
s>    ( QUESTION2_9_L -1 -3.342e+05 1.607e+03 1.685e+03
s>        ( QUESTION0_13_R 1 -4.398e+04 4.942e+02 2.138e+02
s>            ( - -1.848e+02 1 0)
s>            ( - -4.330e+04 13 0 SILENCE 1 2.215e+02 2.128e+02))
s>        ( QUESTION2 -1 -2.886e+05 5.853e+02 1.471e+03
s>            ( QUESTION4 1 -1.593e+05 2.220e+02 8.173e+02
s>                ( - -1.575e+05 3 0)
s>                ( - -1.550e+03 1 0))
s>            ( QUESTION2_1_L -1 -1.288e+05 3.901e+02 6.534e+02
s>                ( - -2.929e+04 4 0 QUESTION4 1 2.117e+02 1.498e+02)
s>                ( QUESTION5 -1 -9.909e+04 2.702e+02 5.036e+02
s>                    ( - -6.341e+03 2 0 QUESTION11 -1 9.901e+01 3.200e+01)
s>                    ( QUESTION2_5_L -1 -9.248e+04 2.694e+02 4.716e+02
s>                        ( - -4.898e+03 1 0)
s>                        ( - -8.731e+04 6 0 QUESTION4 1 2.045e+02 4.465e+02))))))INFO: dtree.c(1315): Comp split 0
INFO: dtree.c(1478): Final simple tree
|( QUESTION0_13_R 1 -4.398e+04 4.942e+02 2.138e+02
|    ( - -1.848e+02 1 0)
|    ( SILENCE 1 -4.330e+04 2.215e+02 2.128e+02
|        ( - -1.920e+03 1 0)
|        ( QUESTION0_12_R 1 -4.116e+04 2.137e+02 2.018e+02
|            ( - -1.019e+03 1 0)
|            ( QUESTION11 1 -3.993e+04 2.154e+02 1.998e+02
|                ( - -1.018e+04 2 0)
|                ( QUESTION16 1 -2.953e+04 1.953e+02 1.517e+02
|                    ( - -5.018e+03 2 0 QUESTION0_1_R 1 9.371e+01 2.600e+01)
|                    ( QUESTION0_8_R 1 -2.431e+04 1.993e+02 1.257e+02
|                        ( WDBNDRY_B 0 -4.596e+03 2.004e+02 2.400e+01
|                            ( - -2.084e+03 1 0)
|                            ( - -2.311e+03 1 0))
|                        ( - -1.952e+04 5 0 QUESTION0_3_R 1 1.697e+02 1.017e+02)))))))
s>    ( QUESTION0_13_R 1 -4.398e+04 4.942e+02 2.138e+02
s>        ( - -1.848e+02 1 0)
s>        ( SILENCE 1 -4.330e+04 2.215e+02 2.128e+02
s>            ( - -1.920e+03 1 0)
s>            ( QUESTION0_12_R 1 -4.116e+04 2.137e+02 2.018e+02
s>                ( - -1.019e+03 1 0)
s>                ( QUESTION11 1 -3.993e+04 2.154e+02 1.998e+02
s>                    ( - -1.018e+04 2 0)
s>                    ( QUESTION16 1 -2.953e+04 1.953e+02 1.517e+02
s>                        ( - -5.018e+03 2 0 QUESTION0_1_R 1 9.371e+01 2.600e+01)
s>                        ( QUESTION0_8_R 1 -2.431e+04 1.993e+02 1.257e+02
s>                            ( WDBNDRY_B 0 -4.596e+03 2.004e+02 2.400e+01
s>                                ( - -2.084e+03 1 0)
s>                                ( - -2.311e+03 1 0))
s>                            ( - -1.952e+04 5 0 QUESTION0_3_R 1 1.697e+02 1.017e+02)))))))INFO: dtree.c(1478): Final simple tree
|( QUESTION2 -1 -2.886e+05 5.853e+02 1.471e+03
|    ( QUESTION4 1 -1.593e+05 2.220e+02 8.173e+02
|        ( - -1.575e+05 3 0)
|        ( - -1.550e+03 1 0))
|    ( QUESTION2_1_L -1 -1.288e+05 3.901e+02 6.534e+02
|        ( QUESTION4 1 -2.929e+04 2.117e+02 1.498e+02
|            ( - -2.767e+04 3 0 QUESTION0 -1 1.293e+02 1.418e+02)
|            ( - -1.406e+03 1 0))
|        ( QUESTION5 -1 -9.909e+04 2.702e+02 5.036e+02
|            ( - -6.341e+03 2 0 QUESTION11 -1 9.901e+01 3.200e+01)
|            ( QUESTION2_5_L -1 -9.248e+04 2.694e+02 4.716e+02
|                ( - -4.898e+03 1 0)
|                ( QUESTION4 1 -8.731e+04 2.045e+02 4.465e+02
|                    ( - -8.574e+04 5 0 QUESTION2_0_L -1 1.929e+02 4.385e+02)
|                    ( - -1.368e+03 1 0))))))
s>    ( QUESTION2 -1 -2.886e+05 5.853e+02 1.471e+03
s>        ( QUESTION4 1 -1.593e+05 2.220e+02 8.173e+02
s>            ( - -1.575e+05 3 0)
s>            ( - -1.550e+03 1 0))
s>        ( QUESTION2_1_L -1 -1.288e+05 3.901e+02 6.534e+02
s>            ( QUESTION4 1 -2.929e+04 2.117e+02 1.498e+02
s>                ( - -2.767e+04 3 0 QUESTION0 -1 1.293e+02 1.418e+02)
s>                ( - -1.406e+03 1 0))
s>            ( QUESTION5 -1 -9.909e+04 2.702e+02 5.036e+02
s>                ( - -6.341e+03 2 0 QUESTION11 -1 9.901e+01 3.200e+01)
s>                ( QUESTION2_5_L -1 -9.248e+04 2.694e+02 4.716e+02
s>                    ( - -4.898e+03 1 0)
s>                    ( QUESTION4 1 -8.731e+04 2.045e+02 4.465e+02
s>                        ( - -8.574e+04 5 0 QUESTION2_0_L -1 1.929e+02 4.385e+02)
s>                        ( - -1.368e+03 1 0))))))INFO: dtree.c(1315): Comp split 1
INFO: dtree.c(1439): stop. leaf nodes are specific
INFO: dtree.c(1478): Final simple tree
|( QUESTION0 -1 -1.641e+05 2.445e+02 8.403e+02
|    ( - -1.575e+05 3 0)
|    ( QUESTION11 -1 -6.341e+03 9.901e+01 3.200e+01
|        ( - -2.504e+03 1 0)
|        ( - -3.738e+03 1 0)))
s>    ( QUESTION0 -1 -1.641e+05 2.445e+02 8.403e+02
s>        ( - -1.575e+05 3 0)
s>        ( QUESTION11 -1 -6.341e+03 9.901e+01 3.200e+01
s>            ( - -2.504e+03 1 0)
s>            ( - -3.738e+03 1 0)))INFO: dtree.c(1478): Final simple tree
|( QUESTION2_0_L -1 -1.239e+05 4.076e+02 6.304e+02
|    ( QUESTION2_5_L -1 -4.097e+04 2.528e+02 2.078e+02
|        ( - -4.898e+03 1 0)
|        ( QUESTION4 1 -3.582e+04 2.405e+02 1.828e+02
|            ( QUESTION4 -1 -3.243e+04 1.809e+02 1.658e+02
|                ( - -4.584e+03 1 0)
|                ( - -2.767e+04 3 0 QUESTION0 -1 1.293e+02 1.418e+02))
|            ( QUESTION0 -1 -3.151e+03 1.945e+02 1.700e+01
|                ( - -1.550e+03 1 0)
|                ( - -1.406e+03 1 0))))
|    ( QUESTION4 1 -8.253e+04 2.027e+02 4.225e+02
|        ( SILENCE -1 -8.096e+04 1.477e+02 4.145e+02
|            ( - -8.911e+03 1 0)
|            ( - -7.190e+04 3 0))
|        ( - -1.368e+03 1 0)))
s>    ( QUESTION2_0_L -1 -1.239e+05 4.076e+02 6.304e+02
s>        ( QUESTION2_5_L -1 -4.097e+04 2.528e+02 2.078e+02
s>            ( - -4.898e+03 1 0)
s>            ( QUESTION4 1 -3.582e+04 2.405e+02 1.828e+02
s>                ( QUESTION4 -1 -3.243e+04 1.809e+02 1.658e+02
s>                    ( - -4.584e+03 1 0)
s>                    ( - -2.767e+04 3 0 QUESTION0 -1 1.293e+02 1.418e+02))
s>                ( QUESTION0 -1 -3.151e+03 1.945e+02 1.700e+01
s>                    ( - -1.550e+03 1 0)
s>                    ( - -1.406e+03 1 0))))
s>        ( QUESTION4 1 -8.253e+04 2.027e+02 4.225e+02
s>            ( SILENCE -1 -8.096e+04 1.477e+02 4.145e+02
s>                ( - -8.911e+03 1 0)
s>                ( - -7.190e+04 3 0))
s>            ( - -1.368e+03 1 0)))INFO: dtree.c(1315): Comp split 2
INFO: dtree.c(1478): Final simple tree
|( SILENCE 1 -4.330e+04 2.215e+02 2.128e+02
|    ( - -1.920e+03 1 0)
|    ( QUESTION0_12_R 1 -4.116e+04 2.137e+02 2.018e+02
|        ( - -1.019e+03 1 0)
|        ( QUESTION11 1 -3.993e+04 2.154e+02 1.998e+02
|            ( - -1.018e+04 2 0)
|            ( QUESTION16 1 -2.953e+04 1.953e+02 1.517e+02
|                ( - -5.018e+03 2 0 QUESTION0_1_R 1 9.371e+01 2.600e+01)
|                ( QUESTION0_8_R 1 -2.431e+04 1.993e+02 1.257e+02
|                    ( WDBNDRY_B 0 -4.596e+03 2.004e+02 2.400e+01
|                        ( - -2.084e+03 1 0)
|                        ( - -2.311e+03 1 0))
|                    ( QUESTION0_3_R 1 -1.952e+04 1.697e+02 1.017e+02
|                        ( - -1.511e+04 3 0 QUESTION13 1 1.430e+02 7.870e+01)
|                        ( - -4.236e+03 2 0 QUESTION0_1_R 1 1.334e+02 2.300e+01)))))))
s>    ( SILENCE 1 -4.330e+04 2.215e+02 2.128e+02
s>        ( - -1.920e+03 1 0)
s>        ( QUESTION0_12_R 1 -4.116e+04 2.137e+02 2.018e+02
s>            ( - -1.019e+03 1 0)
s>            ( QUESTION11 1 -3.993e+04 2.154e+02 1.998e+02
s>                ( - -1.018e+04 2 0)
s>                ( QUESTION16 1 -2.953e+04 1.953e+02 1.517e+02
s>                    ( - -5.018e+03 2 0 QUESTION0_1_R 1 9.371e+01 2.600e+01)
s>                    ( QUESTION0_8_R 1 -2.431e+04 1.993e+02 1.257e+02
s>                        ( WDBNDRY_B 0 -4.596e+03 2.004e+02 2.400e+01
s>                            ( - -2.084e+03 1 0)
s>                            ( - -2.311e+03 1 0))
s>                        ( QUESTION0_3_R 1 -1.952e+04 1.697e+02 1.017e+02
s>                            ( - -1.511e+04 3 0 QUESTION13 1 1.430e+02 7.870e+01)
s>                            ( - -4.236e+03 2 0 QUESTION0_1_R 1 1.334e+02 2.300e+01)))))))INFO: dtree.c(1315): Comp split 3
INFO: dtree.c(1439): stop. leaf nodes are specific
INFO: dtree.c(1478): Final simple tree
|( QUESTION0 -1 -8.587e+04 2.071e+02 4.395e+02
|    ( - -1.550e+03 1 0)
|    ( QUESTION5 -1 -8.411e+04 1.768e+02 4.305e+02
|        ( - -1.406e+03 1 0)
|        ( QUESTION4 1 -8.253e+04 2.027e+02 4.225e+02
|            ( SILENCE -1 -8.096e+04 1.477e+02 4.145e+02
|                ( - -8.911e+03 1 0)
|                ( - -7.190e+04 3 0))
|            ( - -1.368e+03 1 0))))
s>    ( QUESTION0 -1 -8.587e+04 2.071e+02 4.395e+02
s>        ( - -1.550e+03 1 0)
s>        ( QUESTION5 -1 -8.411e+04 1.768e+02 4.305e+02
s>            ( - -1.406e+03 1 0)
s>            ( QUESTION4 1 -8.253e+04 2.027e+02 4.225e+02
s>                ( SILENCE -1 -8.096e+04 1.477e+02 4.145e+02
s>                    ( - -8.911e+03 1 0)
s>                    ( - -7.190e+04 3 0))
s>                ( - -1.368e+03 1 0))))INFO: dtree.c(1439): stop. leaf nodes are specific
INFO: dtree.c(1478): Final simple tree
|( QUESTION2_5_L -1 -3.759e+04 2.606e+02 1.908e+02
|    ( - -4.898e+03 1 0)
|    ( QUESTION4 -1 -3.243e+04 1.809e+02 1.658e+02
|        ( - -4.584e+03 1 0)
|        ( QUESTION0 -1 -2.767e+04 1.293e+02 1.418e+02
|            ( - -1.436e+04 1 0)
|            ( QUESTION19 -1 -1.318e+04 1.072e+02 6.732e+01
|                ( - -1.997e+03 1 0)
|                ( - -1.108e+04 1 0)))))
s>    ( QUESTION2_5_L -1 -3.759e+04 2.606e+02 1.908e+02
s>        ( - -4.898e+03 1 0)
s>        ( QUESTION4 -1 -3.243e+04 1.809e+02 1.658e+02
s>            ( - -4.584e+03 1 0)
s>            ( QUESTION0 -1 -2.767e+04 1.293e+02 1.418e+02
s>                ( - -1.436e+04 1 0)
s>                ( QUESTION19 -1 -1.318e+04 1.072e+02 6.732e+01
s>                    ( - -1.997e+03 1 0)
s>                    ( - -1.108e+04 1 0)))))INFO: dtree.c(1315): Comp split 4
INFO: dtree.c(1439): stop. leaf nodes are specific
INFO: dtree.c(1478): Final simple tree
|( QUESTION16 1 -2.472e+04 1.858e+02 1.277e+02
|    ( QUESTION0_1_R 1 -5.018e+03 9.371e+01 2.600e+01
|        ( - -3.256e+03 1 0)
|        ( - -1.668e+03 1 0))
|    ( QUESTION0_3_R 1 -1.952e+04 1.697e+02 1.017e+02
|        ( QUESTION13 1 -1.511e+04 1.430e+02 7.870e+01
|            ( - -2.508e+03 1 0)
|            ( QUESTION0_4_R 1 -1.246e+04 1.185e+02 6.470e+01
|                ( - -7.635e+03 1 0)
|                ( - -4.708e+03 1 0)))
|        ( QUESTION0_1_R 1 -4.236e+03 1.334e+02 2.300e+01
|            ( - -2.645e+03 1 0)
|            ( - -1.457e+03 1 0))))
s>    ( QUESTION16 1 -2.472e+04 1.858e+02 1.277e+02
s>        ( QUESTION0_1_R 1 -5.018e+03 9.371e+01 2.600e+01
s>            ( - -3.256e+03 1 0)
s>            ( - -1.668e+03 1 0))
s>        ( QUESTION0_3_R 1 -1.952e+04 1.697e+02 1.017e+02
s>            ( QUESTION13 1 -1.511e+04 1.430e+02 7.870e+01
s>                ( - -2.508e+03 1 0)
s>                ( QUESTION0_4_R 1 -1.246e+04 1.185e+02 6.470e+01
s>                    ( - -7.635e+03 1 0)
s>                    ( - -4.708e+03 1 0)))
s>            ( QUESTION0_1_R 1 -4.236e+03 1.334e+02 2.300e+01
s>                ( - -2.645e+03 1 0)
s>                ( - -1.457e+03 1 0))))INFO: dtree.c(1439): stop. leaf nodes are specific
INFO: dtree.c(1478): Final simple tree
|( SILENCE 1 -1.824e+04 2.091e+02 8.513e+01
|    ( - -1.920e+03 1 0)
|    ( QUESTION0_9_R 1 -1.611e+04 1.842e+02 7.413e+01
|        ( - -1.019e+03 1 0)
|        ( WDBNDRY_B 0 -1.491e+04 1.659e+02 7.213e+01
|            ( - -2.084e+03 1 0)
|            ( QUESTION0_1_R 1 -1.266e+04 1.639e+02 6.113e+01
|                ( - -1.018e+04 2 0)
|                ( - -2.311e+03 1 0)))))
s>    ( SILENCE 1 -1.824e+04 2.091e+02 8.513e+01
s>        ( - -1.920e+03 1 0)
s>        ( QUESTION0_9_R 1 -1.611e+04 1.842e+02 7.413e+01
s>            ( - -1.019e+03 1 0)
s>            ( WDBNDRY_B 0 -1.491e+04 1.659e+02 7.213e+01
s>                ( - -2.084e+03 1 0)
s>                ( QUESTION0_1_R 1 -1.266e+04 1.639e+02 6.113e+01
s>                    ( - -1.018e+04 2 0)
s>                    ( - -2.311e+03 1 0)))))INFO: dtree.c(1315): Comp split 5
INFO: dtree.c(1439): stop. leaf nodes are specific
INFO: dtree.c(1478): Final simple tree
|( QUESTION13 1 -1.763e+04 1.524e+02 9.070e+01
|    ( QUESTION0_1_R 1 -5.018e+03 9.371e+01 2.600e+01
|        ( - -3.256e+03 1 0)
|        ( - -1.668e+03 1 0))
|    ( QUESTION0_4_R 1 -1.246e+04 1.185e+02 6.470e+01
|        ( - -7.635e+03 1 0)
|        ( - -4.708e+03 1 0)))
s>    ( QUESTION13 1 -1.763e+04 1.524e+02 9.070e+01
s>        ( QUESTION0_1_R 1 -5.018e+03 9.371e+01 2.600e+01
s>            ( - -3.256e+03 1 0)
s>            ( - -1.668e+03 1 0))
s>        ( QUESTION0_4_R 1 -1.246e+04 1.185e+02 6.470e+01
s>            ( - -7.635e+03 1 0)
s>            ( - -4.708e+03 1 0)))INFO: dtree.c(1439): stop. leaf nodes are specific
INFO: dtree.c(1478): Final simple tree
|( QUESTION0_1_R 1 -6.825e+03 1.357e+02 3.700e+01
|    ( QUESTION0_2_R 1 -5.232e+03 7.912e+01 2.900e+01
|        ( - -2.645e+03 1 0)
|        ( - -2.508e+03 1 0))
|    ( - -1.457e+03 1 0))
s>    ( QUESTION0_1_R 1 -6.825e+03 1.357e+02 3.700e+01
s>        ( QUESTION0_2_R 1 -5.232e+03 7.912e+01 2.900e+01
s>            ( - -2.645e+03 1 0)
s>            ( - -2.508e+03 1 0))
s>        ( - -1.457e+03 1 0))INFO: dtree.c(1315): Comp split 6
INFO: dtree.c(1439): stop. leaf nodes are specific
INFO: dtree.c(1478): Final simple tree
|( QUESTION4 -1 -3.243e+04 1.809e+02 1.658e+02
|    ( - -4.584e+03 1 0)
|    ( QUESTION0 -1 -2.767e+04 1.293e+02 1.418e+02
|        ( - -1.436e+04 1 0)
|        ( QUESTION19 -1 -1.318e+04 1.072e+02 6.732e+01
|            ( - -1.997e+03 1 0)
|            ( - -1.108e+04 1 0))))
s>    ( QUESTION4 -1 -3.243e+04 1.809e+02 1.658e+02
s>        ( - -4.584e+03 1 0)
s>        ( QUESTION0 -1 -2.767e+04 1.293e+02 1.418e+02
s>            ( - -1.436e+04 1 0)
s>            ( QUESTION19 -1 -1.318e+04 1.072e+02 6.732e+01
s>                ( - -1.997e+03 1 0)
s>                ( - -1.108e+04 1 0))))INFO: dtree.c(1315): Comp split 7
INFO: dtree.c(1439): stop. leaf nodes are specific
INFO: dtree.c(1478): Final simple tree
|( QUESTION11 -1 -6.341e+03 9.901e+01 3.200e+01
|    ( - -2.504e+03 1 0)
|    ( - -3.738e+03 1 0))
s>    ( QUESTION11 -1 -6.341e+03 9.901e+01 3.200e+01
s>        ( - -2.504e+03 1 0)
s>        ( - -3.738e+03 1 0))INFO: dtree.c(1315): Comp split 8
INFO: dtree.c(1439): stop. leaf nodes are specific
INFO: dtree.c(1478): Final simple tree
|( QUESTION0_9_R 1 -1.386e+04 1.801e+02 6.313e+01
|    ( - -1.019e+03 1 0)
|    ( QUESTION0_1_R 1 -1.266e+04 1.639e+02 6.113e+01
|        ( - -1.018e+04 2 0)
|        ( - -2.311e+03 1 0)))
s>    ( QUESTION0_9_R 1 -1.386e+04 1.801e+02 6.313e+01
s>        ( - -1.019e+03 1 0)
s>        ( QUESTION0_1_R 1 -1.266e+04 1.639e+02 6.113e+01
s>            ( - -1.018e+04 2 0)
s>            ( - -2.311e+03 1 0)))INFO: dtree.c(1439): stop. leaf nodes are specific
INFO: dtree.c(1478): Final simple tree
|( WDBNDRY_B 0 -4.169e+03 1.648e+02 2.200e+01
|    ( - -2.084e+03 1 0)
|    ( - -1.920e+03 1 0))
s>    ( WDBNDRY_B 0 -4.169e+03 1.648e+02 2.200e+01
s>        ( - -2.084e+03 1 0)
s>        ( - -1.920e+03 1 0))INFO: dtree.c(1315): Comp split 9
INFO: dtree.c(1439): stop. leaf nodes are specific
INFO: dtree.c(1478): Final simple tree
|( QUESTION5 -1 -8.411e+04 1.768e+02 4.305e+02
|    ( - -1.406e+03 1 0)
|    ( QUESTION4 1 -8.253e+04 2.027e+02 4.225e+02
|        ( SILENCE -1 -8.096e+04 1.477e+02 4.145e+02
|            ( - -8.911e+03 1 0)
|            ( - -7.190e+04 3 0))
|        ( - -1.368e+03 1 0)))
s>    ( QUESTION5 -1 -8.411e+04 1.768e+02 4.305e+02
s>        ( - -1.406e+03 1 0)
s>        ( QUESTION4 1 -8.253e+04 2.027e+02 4.225e+02
s>            ( SILENCE -1 -8.096e+04 1.477e+02 4.145e+02
s>                ( - -8.911e+03 1 0)
s>                ( - -7.190e+04 3 0))
s>            ( - -1.368e+03 1 0)))INFO: dtree.c(1315): Comp split 10
INFO: dtree.c(1439): stop. leaf nodes are specific
INFO: dtree.c(1478): Final simple tree
|( QUESTION4 1 -8.254e+04 1.759e+02 4.225e+02
|    ( SILENCE -1 -8.096e+04 1.477e+02 4.145e+02
|        ( - -8.911e+03 1 0)
|        ( - -7.190e+04 3 0))
|    ( - -1.406e+03 1 0))
s>    ( QUESTION4 1 -8.254e+04 1.759e+02 4.225e+02
s>        ( SILENCE -1 -8.096e+04 1.477e+02 4.145e+02
s>            ( - -8.911e+03 1 0)
s>            ( - -7.190e+04 3 0))
s>        ( - -1.406e+03 1 0))INFO: dtree.c(1315): Comp split 11
INFO: dtree.c(1439): stop. leaf nodes are specific
INFO: dtree.c(1478): Final simple tree
|( QUESTION0 -1 -2.767e+04 1.293e+02 1.418e+02
|    ( - -1.436e+04 1 0)
|    ( QUESTION19 -1 -1.318e+04 1.072e+02 6.732e+01
|        ( - -1.997e+03 1 0)
|        ( - -1.108e+04 1 0)))
s>    ( QUESTION0 -1 -2.767e+04 1.293e+02 1.418e+02
s>        ( - -1.436e+04 1 0)
s>        ( QUESTION19 -1 -1.318e+04 1.072e+02 6.732e+01
s>            ( - -1.997e+03 1 0)
s>            ( - -1.108e+04 1 0)))INFO: dtree.c(1315): Comp split 12
INFO: dtree.c(1439): stop. leaf nodes are specific
INFO: dtree.c(1478): Final simple tree
|( QUESTION0_1_R 1 -1.266e+04 1.639e+02 6.113e+01
|    ( - -1.018e+04 2 0)
|    ( - -2.311e+03 1 0))
s>    ( QUESTION0_1_R 1 -1.266e+04 1.639e+02 6.113e+01
s>        ( - -1.018e+04 2 0)
s>        ( - -2.311e+03 1 0))INFO: dtree.c(1315): Comp split 13
INFO: dtree.c(1439): stop. leaf nodes are specific
INFO: dtree.c(1478): Final simple tree
|( SILENCE -1 -8.096e+04 1.477e+02 4.145e+02
|    ( - -8.911e+03 1 0)
|    ( - -7.190e+04 3 0))
s>    ( SILENCE -1 -8.096e+04 1.477e+02 4.145e+02
s>        ( - -8.911e+03 1 0)
s>        ( - -7.190e+04 3 0))INFO: dtree.c(1315): Comp split 14
INFO: dtree.c(1315): Comp split 15
INFO: dtree.c(1315): Comp split 16
INFO: dtree.c(1439): stop. leaf nodes are specific
INFO: dtree.c(1478): Final simple tree
|( QUESTION0_4_R 1 -1.246e+04 1.185e+02 6.470e+01
|    ( - -7.635e+03 1 0)
|    ( - -4.708e+03 1 0))
s>    ( QUESTION0_4_R 1 -1.246e+04 1.185e+02 6.470e+01
s>        ( - -7.635e+03 1 0)
s>        ( - -4.708e+03 1 0))INFO: dtree.c(1439): stop. leaf nodes are specific
INFO: dtree.c(1478): Final simple tree
|( QUESTION0_1_R 1 -5.018e+03 9.371e+01 2.600e+01
|    ( - -3.256e+03 1 0)
|    ( - -1.668e+03 1 0))
s>    ( QUESTION0_1_R 1 -5.018e+03 9.371e+01 2.600e+01
s>        ( - -3.256e+03 1 0)
s>        ( - -1.668e+03 1 0))INFO: dtree.c(1315): Comp split 17
INFO: dtree.c(1315): Comp split 18
INFO: dtree.c(1439): stop. leaf nodes are specific
INFO: dtree.c(1478): Final simple tree
|( QUESTION0_2_R 1 -5.232e+03 7.912e+01 2.900e+01
|    ( - -2.645e+03 1 0)
|    ( - -2.508e+03 1 0))
s>    ( QUESTION0_2_R 1 -5.232e+03 7.912e+01 2.900e+01
s>        ( - -2.645e+03 1 0)
s>        ( - -2.508e+03 1 0))INFO: dtree.c(1315): Comp split 19
INFO: dtree.c(1439): stop. leaf nodes are specific
INFO: dtree.c(1478): Final simple tree
|( QUESTION19 -1 -1.318e+04 1.072e+02 6.732e+01
|    ( - -1.997e+03 1 0)
|    ( - -1.108e+04 1 0))
s>    ( QUESTION19 -1 -1.318e+04 1.072e+02 6.732e+01
s>        ( - -1.997e+03 1 0)
s>        ( - -1.108e+04 1 0))INFO: dtree.c(1315): Comp split 20
INFO: dtree.c(1315): Comp split 21
INFO: dtree.c(1315): Comp split 22
INFO: dtree.c(1315): Comp split 23
INFO: dtree.c(1315): Comp split 24
INFO: dtree.c(1315): Comp split 25
INFO: dtree.c(1318): stop. leaf nodes are specific
Mon Jan 30 07:35:50 2017
