Current configuration:
[NAME]		[DEFLT]	[VALUE]
-allphones	no	no
-cntthresh	0.00001	1.000000e-05
-csplitmax	100	2000
-csplitmin	1	1
-csplitthr	8e-4	0.000000e+00
-example	no	no
-fullvar	no	no
-help		no	no
-meanfn			/Users/benroye/forge/cmusphinx/voiceVim/model_parameters/voiceVim.cd_cont_untied/means
-mixwfn			/Users/benroye/forge/cmusphinx/voiceVim/model_parameters/voiceVim.cd_cont_untied/mixture_weights
-moddeffn		/Users/benroye/forge/cmusphinx/voiceVim/model_architecture/voiceVim.untied.mdef
-mwfloor	1e-4	1.000000e-08
-phone			ch
-psetfn			/Users/benroye/forge/cmusphinx/voiceVim/model_architecture/voiceVim.tree_questions
-ssplitmax	5	7
-ssplitmin	1	1
-ssplitthr	8e-4	0.000000e+00
-state			1
-stwt			1.0,0.05,0.0,
-treefn			/Users/benroye/forge/cmusphinx/voiceVim/trees/voiceVim.unpruned/ch-1.dtree
-ts2cbfn	.semi.	.cont.
-varfloor	0.00001	1.000000e-05
-varfn			/Users/benroye/forge/cmusphinx/voiceVim/model_parameters/voiceVim.cd_cont_untied/variances

INFO: main.c(223): Reading: /Users/benroye/forge/cmusphinx/voiceVim/model_architecture/voiceVim.untied.mdef
INFO: model_def_io.c(573): Model definition info:
INFO: model_def_io.c(574): 2249 total models defined (39 base, 2210 tri)
INFO: model_def_io.c(575): 8996 total states
INFO: model_def_io.c(576): 6747 total tied states
INFO: model_def_io.c(577): 117 total tied CI states
INFO: model_def_io.c(578): 39 total tied transition matrices
INFO: model_def_io.c(579): 4 max state/model
INFO: model_def_io.c(580): 4 min state/model
INFO: main.c(242): Building trees for [ch SIL aa b] through [ch z aa b]
INFO: main.c(269): Covering states |[555 623]| == 69
INFO: main.c(275): Reading: /Users/benroye/forge/cmusphinx/voiceVim/model_parameters/voiceVim.cd_cont_untied/mixture_weights
INFO: s3mixw_io.c(173): Read /Users/benroye/forge/cmusphinx/voiceVim/model_parameters/voiceVim.cd_cont_untied/mixture_weights [69x1x1 array]
INFO: main.c(311): 23 of 23 models have observation count greater than 0.000010
INFO: main.c(95): nrm stwt: 0.045 0.909 0.045 
INFO: s3gau_io.c(169): Read /Users/benroye/forge/cmusphinx/voiceVim/model_parameters/voiceVim.cd_cont_untied/means [6747x1x1 array]
INFO: s3gau_io.c(169): Read /Users/benroye/forge/cmusphinx/voiceVim/model_parameters/voiceVim.cd_cont_untied/variances [6747x1x1 array]
INFO: main.c(549): Reading: /Users/benroye/forge/cmusphinx/voiceVim/model_architecture/voiceVim.tree_questions
INFO: main.c(588): 174 total simple questions (166 phone; 8 word bndry)
INFO: main.c(590): 40 Left Only questions, and 42 Right Only questions
INFO: dtree.c(1478): Final simple tree
|( WDBNDRY_E 0 -1.160e+05 1.232e+03 5.370e+02
|    ( QUESTION0_10_R 1 -2.490e+04 2.286e+02 1.280e+02
|        ( - -6.734e+02 1 0)
|        ( QUESTION0_0_R 1 -2.400e+04 1.630e+02 1.240e+02
|            ( - -1.547e+04 5 0 QUESTION11 1 1.654e+02 8.101e+01)
|            ( - -8.369e+03 2 0 SILENCE 1 1.080e+02 4.300e+01)))
|    ( WDBNDRY_B 0 -8.991e+04 8.203e+02 4.090e+02
|        ( QUESTION2_0_L -1 -8.306e+04 2.620e+02 3.830e+02
|            ( QUESTION4 -1 -3.495e+04 1.692e+02 1.595e+02
|                ( - -7.941e+03 3 0 QUESTION2_10_L -1 1.094e+02 3.556e+01)
|                ( - -2.684e+04 6 0 QUESTION1 -1 1.268e+02 1.240e+02))
|            ( - -4.785e+04 4 0 SILENCE -1 9.954e+01 2.235e+02))
|        ( QUESTION0_0_R 1 -6.027e+03 3.582e+02 2.596e+01
|            ( - -2.209e+03 1 0)
|            ( - -3.459e+03 1 0))))
s>    ( WDBNDRY_E 0 -1.160e+05 1.232e+03 5.370e+02
s>        ( QUESTION0_10_R 1 -2.490e+04 2.286e+02 1.280e+02
s>            ( - -6.734e+02 1 0)
s>            ( QUESTION0_0_R 1 -2.400e+04 1.630e+02 1.240e+02
s>                ( - -1.547e+04 5 0 QUESTION11 1 1.654e+02 8.101e+01)
s>                ( - -8.369e+03 2 0 SILENCE 1 1.080e+02 4.300e+01)))
s>        ( WDBNDRY_B 0 -8.991e+04 8.203e+02 4.090e+02
s>            ( QUESTION2_0_L -1 -8.306e+04 2.620e+02 3.830e+02
s>                ( QUESTION4 -1 -3.495e+04 1.692e+02 1.595e+02
s>                    ( - -7.941e+03 3 0 QUESTION2_10_L -1 1.094e+02 3.556e+01)
s>                    ( - -2.684e+04 6 0 QUESTION1 -1 1.268e+02 1.240e+02))
s>                ( - -4.785e+04 4 0 SILENCE -1 9.954e+01 2.235e+02))
s>            ( QUESTION0_0_R 1 -6.027e+03 3.582e+02 2.596e+01
s>                ( - -2.209e+03 1 0)
s>                ( - -3.459e+03 1 0))))INFO: dtree.c(1315): Comp split 0
INFO: dtree.c(1478): Final simple tree
|( QUESTION0_10_R 1 -2.490e+04 2.286e+02 1.280e+02
|    ( - -6.734e+02 1 0)
|    ( QUESTION0_0_R 1 -2.400e+04 1.630e+02 1.240e+02
|        ( QUESTION11 1 -1.547e+04 1.654e+02 8.101e+01
|            ( - -3.940e+03 1 0)
|            ( QUESTION0_9_R 1 -1.136e+04 1.514e+02 6.000e+01
|                ( - -2.554e+03 1 0)
|                ( QUESTION0_6_R 1 -8.656e+03 1.353e+02 4.600e+01
|                    ( - -1.975e+03 1 0)
|                    ( QUESTION0_1_R 1 -6.545e+03 1.098e+02 3.500e+01
|                        ( - -2.927e+03 1 0)
|                        ( - -3.509e+03 1 0)))))
|        ( SILENCE 1 -8.369e+03 1.080e+02 4.300e+01
|            ( - -1.716e+03 1 0)
|            ( - -6.545e+03 1 0))))
s>    ( QUESTION0_10_R 1 -2.490e+04 2.286e+02 1.280e+02
s>        ( - -6.734e+02 1 0)
s>        ( QUESTION0_0_R 1 -2.400e+04 1.630e+02 1.240e+02
s>            ( QUESTION11 1 -1.547e+04 1.654e+02 8.101e+01
s>                ( - -3.940e+03 1 0)
s>                ( QUESTION0_9_R 1 -1.136e+04 1.514e+02 6.000e+01
s>                    ( - -2.554e+03 1 0)
s>                    ( QUESTION0_6_R 1 -8.656e+03 1.353e+02 4.600e+01
s>                        ( - -1.975e+03 1 0)
s>                        ( QUESTION0_1_R 1 -6.545e+03 1.098e+02 3.500e+01
s>                            ( - -2.927e+03 1 0)
s>                            ( - -3.509e+03 1 0)))))
s>            ( SILENCE 1 -8.369e+03 1.080e+02 4.300e+01
s>                ( - -1.716e+03 1 0)
s>                ( - -6.545e+03 1 0))))INFO: dtree.c(1478): Final simple tree
|( WDBNDRY_B 0 -8.991e+04 8.203e+02 4.090e+02
|    ( QUESTION2_0_L -1 -8.306e+04 2.620e+02 3.830e+02
|        ( QUESTION4 -1 -3.495e+04 1.692e+02 1.595e+02
|            ( QUESTION2_10_L -1 -7.941e+03 1.094e+02 3.556e+01
|                ( - -5.470e+03 1 0)
|                ( - -2.362e+03 2 0))
|            ( QUESTION1 -1 -2.684e+04 1.268e+02 1.240e+02
|                ( - -1.667e+04 1 0)
|                ( - -1.004e+04 5 0 QUESTION6 -1 9.298e+01 4.697e+01)))
|        ( SILENCE -1 -4.785e+04 9.954e+01 2.235e+02
|            ( - -2.921e+03 1 0)
|            ( - -4.483e+04 3 0)))
|    ( QUESTION0_0_R 1 -6.027e+03 3.582e+02 2.596e+01
|        ( - -2.209e+03 1 0)
|        ( - -3.459e+03 1 0)))
s>    ( WDBNDRY_B 0 -8.991e+04 8.203e+02 4.090e+02
s>        ( QUESTION2_0_L -1 -8.306e+04 2.620e+02 3.830e+02
s>            ( QUESTION4 -1 -3.495e+04 1.692e+02 1.595e+02
s>                ( QUESTION2_10_L -1 -7.941e+03 1.094e+02 3.556e+01
s>                    ( - -5.470e+03 1 0)
s>                    ( - -2.362e+03 2 0))
s>                ( QUESTION1 -1 -2.684e+04 1.268e+02 1.240e+02
s>                    ( - -1.667e+04 1 0)
s>                    ( - -1.004e+04 5 0 QUESTION6 -1 9.298e+01 4.697e+01)))
s>            ( SILENCE -1 -4.785e+04 9.954e+01 2.235e+02
s>                ( - -2.921e+03 1 0)
s>                ( - -4.483e+04 3 0)))
s>        ( QUESTION0_0_R 1 -6.027e+03 3.582e+02 2.596e+01
s>            ( - -2.209e+03 1 0)
s>            ( - -3.459e+03 1 0)))INFO: dtree.c(1315): Comp split 1
INFO: dtree.c(1478): Final simple tree
|( QUESTION2_0_L -1 -8.306e+04 2.620e+02 3.830e+02
|    ( QUESTION4 -1 -3.495e+04 1.692e+02 1.595e+02
|        ( QUESTION2_10_L -1 -7.941e+03 1.094e+02 3.556e+01
|            ( - -5.470e+03 1 0)
|            ( - -2.362e+03 2 0))
|        ( QUESTION1 -1 -2.684e+04 1.268e+02 1.240e+02
|            ( - -1.667e+04 1 0)
|            ( QUESTION6 -1 -1.004e+04 9.298e+01 4.697e+01
|                ( - -3.001e+03 1 0)
|                ( QUESTION19 -1 -6.948e+03 9.852e+01 3.297e+01
|                    ( - -9.495e+02 1 0)
|                    ( - -5.900e+03 3 0 QUESTION0 -1 6.470e+01 2.797e+01)))))
|    ( SILENCE -1 -4.785e+04 9.954e+01 2.235e+02
|        ( - -2.921e+03 1 0)
|        ( - -4.483e+04 3 0)))
s>    ( QUESTION2_0_L -1 -8.306e+04 2.620e+02 3.830e+02
s>        ( QUESTION4 -1 -3.495e+04 1.692e+02 1.595e+02
s>            ( QUESTION2_10_L -1 -7.941e+03 1.094e+02 3.556e+01
s>                ( - -5.470e+03 1 0)
s>                ( - -2.362e+03 2 0))
s>            ( QUESTION1 -1 -2.684e+04 1.268e+02 1.240e+02
s>                ( - -1.667e+04 1 0)
s>                ( QUESTION6 -1 -1.004e+04 9.298e+01 4.697e+01
s>                    ( - -3.001e+03 1 0)
s>                    ( QUESTION19 -1 -6.948e+03 9.852e+01 3.297e+01
s>                        ( - -9.495e+02 1 0)
s>                        ( - -5.900e+03 3 0 QUESTION0 -1 6.470e+01 2.797e+01)))))
s>        ( SILENCE -1 -4.785e+04 9.954e+01 2.235e+02
s>            ( - -2.921e+03 1 0)
s>            ( - -4.483e+04 3 0)))INFO: dtree.c(1439): stop. leaf nodes are specific
INFO: dtree.c(1478): Final simple tree
|( QUESTION0_0_R 1 -6.027e+03 3.582e+02 2.596e+01
|    ( - -2.209e+03 1 0)
|    ( - -3.459e+03 1 0))
s>    ( QUESTION0_0_R 1 -6.027e+03 3.582e+02 2.596e+01
s>        ( - -2.209e+03 1 0)
s>        ( - -3.459e+03 1 0))INFO: dtree.c(1315): Comp split 2
INFO: dtree.c(1315): Comp split 3
INFO: dtree.c(1439): stop. leaf nodes are specific
INFO: dtree.c(1478): Final simple tree
|( QUESTION2_0_L -1 -5.801e+04 1.247e+02 2.705e+02
|    ( QUESTION6 -1 -1.004e+04 9.298e+01 4.697e+01
|        ( - -3.001e+03 1 0)
|        ( QUESTION19 -1 -6.948e+03 9.852e+01 3.297e+01
|            ( - -9.495e+02 1 0)
|            ( QUESTION0 -1 -5.900e+03 6.470e+01 2.797e+01
|                ( - -3.353e+03 2 0)
|                ( - -2.482e+03 1 0))))
|    ( SILENCE -1 -4.785e+04 9.954e+01 2.235e+02
|        ( - -2.921e+03 1 0)
|        ( - -4.483e+04 3 0)))
s>    ( QUESTION2_0_L -1 -5.801e+04 1.247e+02 2.705e+02
s>        ( QUESTION6 -1 -1.004e+04 9.298e+01 4.697e+01
s>            ( - -3.001e+03 1 0)
s>            ( QUESTION19 -1 -6.948e+03 9.852e+01 3.297e+01
s>                ( - -9.495e+02 1 0)
s>                ( QUESTION0 -1 -5.900e+03 6.470e+01 2.797e+01
s>                    ( - -3.353e+03 2 0)
s>                    ( - -2.482e+03 1 0))))
s>        ( SILENCE -1 -4.785e+04 9.954e+01 2.235e+02
s>            ( - -2.921e+03 1 0)
s>            ( - -4.483e+04 3 0)))INFO: dtree.c(1439): stop. leaf nodes are specific
INFO: dtree.c(1478): Final simple tree
|( QUESTION2_10_L -1 -2.477e+04 1.663e+02 1.125e+02
|    ( - -5.470e+03 1 0)
|    ( QUESTION0 -1 -1.914e+04 1.043e+02 8.709e+01
|        ( - -1.667e+04 1 0)
|        ( - -2.362e+03 2 0)))
s>    ( QUESTION2_10_L -1 -2.477e+04 1.663e+02 1.125e+02
s>        ( - -5.470e+03 1 0)
s>        ( QUESTION0 -1 -1.914e+04 1.043e+02 8.709e+01
s>            ( - -1.667e+04 1 0)
s>            ( - -2.362e+03 2 0)))INFO: dtree.c(1315): Comp split 4
INFO: dtree.c(1439): stop. leaf nodes are specific
INFO: dtree.c(1478): Final simple tree
|( QUESTION0_9_R 1 -1.136e+04 1.514e+02 6.000e+01
|    ( - -2.554e+03 1 0)
|    ( QUESTION0_6_R 1 -8.656e+03 1.353e+02 4.600e+01
|        ( - -1.975e+03 1 0)
|        ( QUESTION0_1_R 1 -6.545e+03 1.098e+02 3.500e+01
|            ( - -2.927e+03 1 0)
|            ( - -3.509e+03 1 0))))
s>    ( QUESTION0_9_R 1 -1.136e+04 1.514e+02 6.000e+01
s>        ( - -2.554e+03 1 0)
s>        ( QUESTION0_6_R 1 -8.656e+03 1.353e+02 4.600e+01
s>            ( - -1.975e+03 1 0)
s>            ( QUESTION0_1_R 1 -6.545e+03 1.098e+02 3.500e+01
s>                ( - -2.927e+03 1 0)
s>                ( - -3.509e+03 1 0))))INFO: dtree.c(1439): stop. leaf nodes are specific
INFO: dtree.c(1478): Final simple tree
|( QUESTION0_9_R 1 -1.328e+04 2.060e+02 6.800e+01
|    ( - -6.734e+02 1 0)
|    ( QUESTION0_20_R 1 -1.241e+04 1.094e+02 6.400e+01
|        ( - -6.545e+03 1 0)
|        ( SILENCE 1 -5.751e+03 9.536e+01 3.001e+01
|            ( - -1.716e+03 1 0)
|            ( - -3.940e+03 1 0))))
s>    ( QUESTION0_9_R 1 -1.328e+04 2.060e+02 6.800e+01
s>        ( - -6.734e+02 1 0)
s>        ( QUESTION0_20_R 1 -1.241e+04 1.094e+02 6.400e+01
s>            ( - -6.545e+03 1 0)
s>            ( SILENCE 1 -5.751e+03 9.536e+01 3.001e+01
s>                ( - -1.716e+03 1 0)
s>                ( - -3.940e+03 1 0))))INFO: dtree.c(1315): Comp split 5
INFO: dtree.c(1439): stop. leaf nodes are specific
INFO: dtree.c(1478): Final simple tree
|( QUESTION0_20_R 1 -1.241e+04 1.094e+02 6.400e+01
|    ( - -6.545e+03 1 0)
|    ( SILENCE 1 -5.751e+03 9.536e+01 3.001e+01
|        ( - -1.716e+03 1 0)
|        ( - -3.940e+03 1 0)))
s>    ( QUESTION0_20_R 1 -1.241e+04 1.094e+02 6.400e+01
s>        ( - -6.545e+03 1 0)
s>        ( SILENCE 1 -5.751e+03 9.536e+01 3.001e+01
s>            ( - -1.716e+03 1 0)
s>            ( - -3.940e+03 1 0)))INFO: dtree.c(1315): Comp split 6
INFO: dtree.c(1439): stop. leaf nodes are specific
INFO: dtree.c(1478): Final simple tree
|( QUESTION0_1_R 1 -6.545e+03 1.098e+02 3.500e+01
|    ( - -2.927e+03 1 0)
|    ( - -3.509e+03 1 0))
s>    ( QUESTION0_1_R 1 -6.545e+03 1.098e+02 3.500e+01
s>        ( - -2.927e+03 1 0)
s>        ( - -3.509e+03 1 0))INFO: dtree.c(1439): stop. leaf nodes are specific
INFO: dtree.c(1478): Final simple tree
|( QUESTION0_1_R 1 -4.647e+03 1.179e+02 2.500e+01
|    ( - -1.975e+03 1 0)
|    ( - -2.554e+03 1 0))
s>    ( QUESTION0_1_R 1 -4.647e+03 1.179e+02 2.500e+01
s>        ( - -1.975e+03 1 0)
s>        ( - -2.554e+03 1 0))INFO: dtree.c(1315): Comp split 7
INFO: dtree.c(1439): stop. leaf nodes are specific
INFO: dtree.c(1478): Final simple tree
|( QUESTION0 -1 -1.914e+04 1.043e+02 8.709e+01
|    ( - -1.667e+04 1 0)
|    ( - -2.362e+03 2 0))
s>    ( QUESTION0 -1 -1.914e+04 1.043e+02 8.709e+01
s>        ( - -1.667e+04 1 0)
s>        ( - -2.362e+03 2 0))INFO: dtree.c(1315): Comp split 8
INFO: dtree.c(1439): stop. leaf nodes are specific
INFO: dtree.c(1478): Final simple tree
|( QUESTION0 -1 -5.900e+03 6.470e+01 2.797e+01
|    ( - -3.353e+03 2 0)
|    ( - -2.482e+03 1 0))
s>    ( QUESTION0 -1 -5.900e+03 6.470e+01 2.797e+01
s>        ( - -3.353e+03 2 0)
s>        ( - -2.482e+03 1 0))INFO: dtree.c(1439): stop. leaf nodes are specific
INFO: dtree.c(1478): Final simple tree
|( QUESTION4 -1 -5.197e+04 1.013e+02 2.425e+02
|    ( - -4.483e+04 3 0)
|    ( SILENCE -1 -7.043e+03 8.708e+01 3.300e+01
|        ( - -2.921e+03 1 0)
|        ( QUESTION6 -1 -4.035e+03 8.440e+01 1.900e+01
|            ( - -3.001e+03 1 0)
|            ( - -9.495e+02 1 0))))
s>    ( QUESTION4 -1 -5.197e+04 1.013e+02 2.425e+02
s>        ( - -4.483e+04 3 0)
s>        ( SILENCE -1 -7.043e+03 8.708e+01 3.300e+01
s>            ( - -2.921e+03 1 0)
s>            ( QUESTION6 -1 -4.035e+03 8.440e+01 1.900e+01
s>                ( - -3.001e+03 1 0)
s>                ( - -9.495e+02 1 0))))INFO: dtree.c(1315): Comp split 9
INFO: dtree.c(1315): Comp split 10
INFO: dtree.c(1315): Comp split 11
INFO: dtree.c(1439): stop. leaf nodes are specific
INFO: dtree.c(1478): Final simple tree
|( SILENCE 1 -5.751e+03 9.536e+01 3.001e+01
|    ( - -1.716e+03 1 0)
|    ( - -3.940e+03 1 0))
s>    ( SILENCE 1 -5.751e+03 9.536e+01 3.001e+01
s>        ( - -1.716e+03 1 0)
s>        ( - -3.940e+03 1 0))INFO: dtree.c(1315): Comp split 12
INFO: dtree.c(1315): Comp split 13
INFO: dtree.c(1439): stop. leaf nodes are specific
INFO: dtree.c(1478): Final simple tree
|( SILENCE -1 -7.043e+03 8.708e+01 3.300e+01
|    ( - -2.921e+03 1 0)
|    ( QUESTION6 -1 -4.035e+03 8.440e+01 1.900e+01
|        ( - -3.001e+03 1 0)
|        ( - -9.495e+02 1 0)))
s>    ( SILENCE -1 -7.043e+03 8.708e+01 3.300e+01
s>        ( - -2.921e+03 1 0)
s>        ( QUESTION6 -1 -4.035e+03 8.440e+01 1.900e+01
s>            ( - -3.001e+03 1 0)
s>            ( - -9.495e+02 1 0)))INFO: dtree.c(1315): Comp split 14
INFO: dtree.c(1315): Comp split 15
INFO: dtree.c(1439): stop. leaf nodes are specific
INFO: dtree.c(1478): Final simple tree
|( QUESTION6 -1 -4.035e+03 8.440e+01 1.900e+01
|    ( - -3.001e+03 1 0)
|    ( - -9.495e+02 1 0))
s>    ( QUESTION6 -1 -4.035e+03 8.440e+01 1.900e+01
s>        ( - -3.001e+03 1 0)
s>        ( - -9.495e+02 1 0))INFO: dtree.c(1315): Comp split 16
INFO: dtree.c(1315): Comp split 17
INFO: dtree.c(1315): Comp split 18
INFO: dtree.c(1318): stop. leaf nodes are specific
Mon Jan 30 07:35:45 2017
