Current configuration:
[NAME]		[DEFLT]	[VALUE]
-allphones	no	no
-cntthresh	0.00001	1.000000e-05
-csplitmax	100	2000
-csplitmin	1	1
-csplitthr	8e-4	0.000000e+00
-example	no	no
-fullvar	no	no
-help		no	no
-meanfn			/Users/benroye/forge/cmusphinx/voiceVim/model_parameters/voiceVim.cd_cont_untied/means
-mixwfn			/Users/benroye/forge/cmusphinx/voiceVim/model_parameters/voiceVim.cd_cont_untied/mixture_weights
-moddeffn		/Users/benroye/forge/cmusphinx/voiceVim/model_architecture/voiceVim.untied.mdef
-mwfloor	1e-4	1.000000e-08
-phone			g
-psetfn			/Users/benroye/forge/cmusphinx/voiceVim/model_architecture/voiceVim.tree_questions
-ssplitmax	5	7
-ssplitmin	1	1
-ssplitthr	8e-4	0.000000e+00
-state			1
-stwt			1.0,0.05,0.0,
-treefn			/Users/benroye/forge/cmusphinx/voiceVim/trees/voiceVim.unpruned/g-1.dtree
-ts2cbfn	.semi.	.cont.
-varfloor	0.00001	1.000000e-05
-varfn			/Users/benroye/forge/cmusphinx/voiceVim/model_parameters/voiceVim.cd_cont_untied/variances

INFO: main.c(223): Reading: /Users/benroye/forge/cmusphinx/voiceVim/model_architecture/voiceVim.untied.mdef
INFO: model_def_io.c(573): Model definition info:
INFO: model_def_io.c(574): 2249 total models defined (39 base, 2210 tri)
INFO: model_def_io.c(575): 8996 total states
INFO: model_def_io.c(576): 6747 total tied states
INFO: model_def_io.c(577): 117 total tied CI states
INFO: model_def_io.c(578): 39 total tied transition matrices
INFO: model_def_io.c(579): 4 max state/model
INFO: model_def_io.c(580): 4 min state/model
INFO: main.c(242): Building trees for [g SIL oa b] through [g x oh b]
INFO: main.c(269): Covering states |[1623 1706]| == 84
INFO: main.c(275): Reading: /Users/benroye/forge/cmusphinx/voiceVim/model_parameters/voiceVim.cd_cont_untied/mixture_weights
INFO: s3mixw_io.c(173): Read /Users/benroye/forge/cmusphinx/voiceVim/model_parameters/voiceVim.cd_cont_untied/mixture_weights [84x1x1 array]
INFO: main.c(311): 28 of 28 models have observation count greater than 0.000010
INFO: main.c(95): nrm stwt: 0.045 0.909 0.045 
INFO: s3gau_io.c(169): Read /Users/benroye/forge/cmusphinx/voiceVim/model_parameters/voiceVim.cd_cont_untied/means [6747x1x1 array]
INFO: s3gau_io.c(169): Read /Users/benroye/forge/cmusphinx/voiceVim/model_parameters/voiceVim.cd_cont_untied/variances [6747x1x1 array]
INFO: main.c(549): Reading: /Users/benroye/forge/cmusphinx/voiceVim/model_architecture/voiceVim.tree_questions
INFO: main.c(588): 174 total simple questions (166 phone; 8 word bndry)
INFO: main.c(590): 40 Left Only questions, and 42 Right Only questions
INFO: dtree.c(1478): Final simple tree
|( QUESTION0_20_R 1 -1.387e+05 2.158e+03 6.051e+02
|    ( WDBNDRY_B 0 -9.904e+04 6.436e+02 4.491e+02
|        ( QUESTION6 -1 -8.129e+03 5.266e+02 3.600e+01
|            ( - 2.421e+02 1 0)
|            ( - -7.844e+03 6 0 SILENCE -1 1.975e+02 3.500e+01))
|        ( - -9.026e+04 1 0))
|    ( QUESTION0_8_R 1 -3.752e+04 8.978e+02 1.560e+02
|        ( WDBNDRY_E 0 -1.444e+04 5.166e+02 6.241e+01
|            ( - 2.423e+02 1 0)
|            ( - -1.417e+04 3 0 QUESTION2_0_L -1 2.713e+02 6.141e+01))
|        ( WDBNDRY_B 0 -2.218e+04 7.546e+02 9.358e+01
|            ( - -1.240e+04 11 0 QUESTION19 -1 4.642e+02 5.235e+01)
|            ( QUESTION0_4_R 1 -9.025e+03 4.687e+02 4.123e+01
|                ( - 2.424e+02 1 0)
|                ( - -8.799e+03 4 0 QUESTION6 1 4.689e+02 4.023e+01)))))
s>    ( QUESTION0_20_R 1 -1.387e+05 2.158e+03 6.051e+02
s>        ( WDBNDRY_B 0 -9.904e+04 6.436e+02 4.491e+02
s>            ( QUESTION6 -1 -8.129e+03 5.266e+02 3.600e+01
s>                ( - 2.421e+02 1 0)
s>                ( - -7.844e+03 6 0 SILENCE -1 1.975e+02 3.500e+01))
s>            ( - -9.026e+04 1 0))
s>        ( QUESTION0_8_R 1 -3.752e+04 8.978e+02 1.560e+02
s>            ( WDBNDRY_E 0 -1.444e+04 5.166e+02 6.241e+01
s>                ( - 2.423e+02 1 0)
s>                ( - -1.417e+04 3 0 QUESTION2_0_L -1 2.713e+02 6.141e+01))
s>            ( WDBNDRY_B 0 -2.218e+04 7.546e+02 9.358e+01
s>                ( - -1.240e+04 11 0 QUESTION19 -1 4.642e+02 5.235e+01)
s>                ( QUESTION0_4_R 1 -9.025e+03 4.687e+02 4.123e+01
s>                    ( - 2.424e+02 1 0)
s>                    ( - -8.799e+03 4 0 QUESTION6 1 4.689e+02 4.023e+01)))))INFO: dtree.c(1315): Comp split 0
INFO: dtree.c(1478): Final simple tree
|( QUESTION0_9_R 1 -4.614e+04 8.405e+02 1.920e+02
|    ( - -1.585e+04 12 0 QUESTION19 -1 4.612e+02 6.648e+01)
|    ( QUESTION13 1 -2.945e+04 6.199e+02 1.255e+02
|        ( - -4.224e+03 1 0)
|        ( QUESTION6 -1 -2.461e+04 4.943e+02 1.054e+02
|            ( - 2.421e+02 1 0)
|            ( QUESTION0_4_R 1 -2.436e+04 4.811e+02 1.044e+02
|                ( - 2.424e+02 1 0)
|                ( QUESTION0_1_R 1 -2.412e+04 4.800e+02 1.034e+02
|                    ( - 2.404e+02 1 0)
|                    ( WDBNDRY_I 0 -2.388e+04 4.782e+02 1.024e+02
|                        ( - -1.417e+04 3 0 QUESTION2_0_L -1 2.713e+02 6.141e+01)
|                        ( QUESTION0_0_R 1 -9.235e+03 5.136e+02 4.100e+01
|                            ( - 2.423e+02 1 0)
|                            ( - -8.963e+03 7 0 WDBNDRY_B 0 2.441e+02 4.000e+01))))))))
s>    ( QUESTION0_9_R 1 -4.614e+04 8.405e+02 1.920e+02
s>        ( - -1.585e+04 12 0 QUESTION19 -1 4.612e+02 6.648e+01)
s>        ( QUESTION13 1 -2.945e+04 6.199e+02 1.255e+02
s>            ( - -4.224e+03 1 0)
s>            ( QUESTION6 -1 -2.461e+04 4.943e+02 1.054e+02
s>                ( - 2.421e+02 1 0)
s>                ( QUESTION0_4_R 1 -2.436e+04 4.811e+02 1.044e+02
s>                    ( - 2.424e+02 1 0)
s>                    ( QUESTION0_1_R 1 -2.412e+04 4.800e+02 1.034e+02
s>                        ( - 2.404e+02 1 0)
s>                        ( WDBNDRY_I 0 -2.388e+04 4.782e+02 1.024e+02
s>                            ( - -1.417e+04 3 0 QUESTION2_0_L -1 2.713e+02 6.141e+01)
s>                            ( QUESTION0_0_R 1 -9.235e+03 5.136e+02 4.100e+01
s>                                ( - 2.423e+02 1 0)
s>                                ( - -8.963e+03 7 0 WDBNDRY_B 0 2.441e+02 4.000e+01))))))))INFO: dtree.c(1315): Comp split 1
INFO: dtree.c(1478): Final simple tree
|( WDBNDRY_I 0 -2.362e+04 4.871e+02 1.014e+02
|    ( QUESTION2_0_L -1 -1.417e+04 2.713e+02 6.141e+01
|        ( QUESTION4 1 -8.459e+03 1.719e+02 3.718e+01
|            ( - -6.081e+03 1 0)
|            ( - -2.206e+03 1 0))
|        ( - -5.436e+03 1 0))
|    ( WDBNDRY_B 0 -8.963e+03 2.441e+02 4.000e+01
|        ( SILENCE -1 -7.844e+03 1.975e+02 3.500e+01
|            ( - -2.196e+02 1 0)
|            ( QUESTION5 -1 -7.427e+03 1.806e+02 3.300e+01
|                ( QUESTION11 -1 -2.695e+03 1.294e+02 1.300e+01
|                    ( - -5.559e+02 1 0)
|                    ( - -2.010e+03 1 0))
|                ( - -4.551e+03 3 0 QUESTION0 -1 1.245e+02 2.000e+01)))
|        ( - -8.748e+02 1 0)))
s>    ( WDBNDRY_I 0 -2.362e+04 4.871e+02 1.014e+02
s>        ( QUESTION2_0_L -1 -1.417e+04 2.713e+02 6.141e+01
s>            ( QUESTION4 1 -8.459e+03 1.719e+02 3.718e+01
s>                ( - -6.081e+03 1 0)
s>                ( - -2.206e+03 1 0))
s>            ( - -5.436e+03 1 0))
s>        ( WDBNDRY_B 0 -8.963e+03 2.441e+02 4.000e+01
s>            ( SILENCE -1 -7.844e+03 1.975e+02 3.500e+01
s>                ( - -2.196e+02 1 0)
s>                ( QUESTION5 -1 -7.427e+03 1.806e+02 3.300e+01
s>                    ( QUESTION11 -1 -2.695e+03 1.294e+02 1.300e+01
s>                        ( - -5.559e+02 1 0)
s>                        ( - -2.010e+03 1 0))
s>                    ( - -4.551e+03 3 0 QUESTION0 -1 1.245e+02 2.000e+01)))
s>            ( - -8.748e+02 1 0)))INFO: dtree.c(1478): Final simple tree
|( WDBNDRY_I 0 -2.154e+04 7.560e+02 9.058e+01
|    ( - -7.466e+03 2 0 QUESTION0_1_R 1 2.465e+02 3.423e+01)
|    ( QUESTION0_0_R 1 -1.331e+04 4.762e+02 5.635e+01
|        ( QUESTION0_6_R 1 -1.308e+04 4.743e+02 5.535e+01
|            ( - 2.404e+02 1 0)
|            ( QUESTION0_8_R 1 -1.285e+04 4.658e+02 5.435e+01
|                ( - 2.423e+02 1 0)
|                ( WDBNDRY_B 0 -1.262e+04 4.634e+02 5.335e+01
|                    ( QUESTION19 -1 -1.240e+04 4.642e+02 5.235e+01
|                        ( - 2.424e+02 1 0)
|                        ( QUESTION5 -1 -1.218e+04 4.587e+02 5.135e+01
|                            ( - 2.177e+02 1 0)
|                            ( - -1.194e+04 9 0 QUESTION2_19_L -1 2.132e+02 5.035e+01)))
|                    ( - 2.424e+02 1 0))))
|        ( - 2.421e+02 1 0)))
s>    ( WDBNDRY_I 0 -2.154e+04 7.560e+02 9.058e+01
s>        ( - -7.466e+03 2 0 QUESTION0_1_R 1 2.465e+02 3.423e+01)
s>        ( QUESTION0_0_R 1 -1.331e+04 4.762e+02 5.635e+01
s>            ( QUESTION0_6_R 1 -1.308e+04 4.743e+02 5.535e+01
s>                ( - 2.404e+02 1 0)
s>                ( QUESTION0_8_R 1 -1.285e+04 4.658e+02 5.435e+01
s>                    ( - 2.423e+02 1 0)
s>                    ( WDBNDRY_B 0 -1.262e+04 4.634e+02 5.335e+01
s>                        ( QUESTION19 -1 -1.240e+04 4.642e+02 5.235e+01
s>                            ( - 2.424e+02 1 0)
s>                            ( QUESTION5 -1 -1.218e+04 4.587e+02 5.135e+01
s>                                ( - 2.177e+02 1 0)
s>                                ( - -1.194e+04 9 0 QUESTION2_19_L -1 2.132e+02 5.035e+01)))
s>                        ( - 2.424e+02 1 0))))
s>            ( - 2.421e+02 1 0)))INFO: dtree.c(1315): Comp split 2
INFO: dtree.c(1478): Final simple tree
|( QUESTION0_0_R 1 -1.308e+04 4.768e+02 5.535e+01
|    ( QUESTION0_8_R 1 -1.285e+04 4.658e+02 5.435e+01
|        ( - 2.423e+02 1 0)
|        ( WDBNDRY_B 0 -1.262e+04 4.634e+02 5.335e+01
|            ( QUESTION19 -1 -1.240e+04 4.642e+02 5.235e+01
|                ( - 2.424e+02 1 0)
|                ( QUESTION5 -1 -1.218e+04 4.587e+02 5.135e+01
|                    ( - 2.177e+02 1 0)
|                    ( QUESTION2_19_L -1 -1.194e+04 2.132e+02 5.035e+01
|                        ( - -6.982e+03 3 0)
|                        ( QUESTION3 -1 -4.744e+03 1.763e+02 1.999e+01
|                            ( - -9.580e+02 1 0)
|                            ( - -3.610e+03 5 0 QUESTION0_12_R 1 1.250e+02 1.499e+01)))))
|            ( - 2.424e+02 1 0)))
|    ( - 2.421e+02 1 0))
s>    ( QUESTION0_0_R 1 -1.308e+04 4.768e+02 5.535e+01
s>        ( QUESTION0_8_R 1 -1.285e+04 4.658e+02 5.435e+01
s>            ( - 2.423e+02 1 0)
s>            ( WDBNDRY_B 0 -1.262e+04 4.634e+02 5.335e+01
s>                ( QUESTION19 -1 -1.240e+04 4.642e+02 5.235e+01
s>                    ( - 2.424e+02 1 0)
s>                    ( QUESTION5 -1 -1.218e+04 4.587e+02 5.135e+01
s>                        ( - 2.177e+02 1 0)
s>                        ( QUESTION2_19_L -1 -1.194e+04 2.132e+02 5.035e+01
s>                            ( - -6.982e+03 3 0)
s>                            ( QUESTION3 -1 -4.744e+03 1.763e+02 1.999e+01
s>                                ( - -9.580e+02 1 0)
s>                                ( - -3.610e+03 5 0 QUESTION0_12_R 1 1.250e+02 1.499e+01)))))
s>                ( - 2.424e+02 1 0)))
s>        ( - 2.421e+02 1 0))INFO: dtree.c(1439): stop. leaf nodes are specific
INFO: dtree.c(1478): Final simple tree
|( WDBNDRY_E 0 -7.698e+03 4.729e+02 3.523e+01
|    ( - 2.404e+02 1 0)
|    ( QUESTION0_1_R 1 -7.466e+03 2.465e+02 3.423e+01
|        ( - -4.224e+03 1 0)
|        ( - -2.995e+03 1 0)))
s>    ( WDBNDRY_E 0 -7.698e+03 4.729e+02 3.523e+01
s>        ( - 2.404e+02 1 0)
s>        ( QUESTION0_1_R 1 -7.466e+03 2.465e+02 3.423e+01
s>            ( - -4.224e+03 1 0)
s>            ( - -2.995e+03 1 0)))INFO: dtree.c(1315): Comp split 3
INFO: dtree.c(1439): stop. leaf nodes are specific
INFO: dtree.c(1478): Final simple tree
|( WDBNDRY_B 0 -8.963e+03 2.441e+02 4.000e+01
|    ( SILENCE -1 -7.844e+03 1.975e+02 3.500e+01
|        ( - -2.196e+02 1 0)
|        ( QUESTION5 -1 -7.427e+03 1.806e+02 3.300e+01
|            ( QUESTION11 -1 -2.695e+03 1.294e+02 1.300e+01
|                ( - -5.559e+02 1 0)
|                ( - -2.010e+03 1 0))
|            ( QUESTION0 -1 -4.551e+03 1.245e+02 2.000e+01
|                ( - -3.825e+03 2 0)
|                ( - -6.016e+02 1 0))))
|    ( - -8.748e+02 1 0))
s>    ( WDBNDRY_B 0 -8.963e+03 2.441e+02 4.000e+01
s>        ( SILENCE -1 -7.844e+03 1.975e+02 3.500e+01
s>            ( - -2.196e+02 1 0)
s>            ( QUESTION5 -1 -7.427e+03 1.806e+02 3.300e+01
s>                ( QUESTION11 -1 -2.695e+03 1.294e+02 1.300e+01
s>                    ( - -5.559e+02 1 0)
s>                    ( - -2.010e+03 1 0))
s>                ( QUESTION0 -1 -4.551e+03 1.245e+02 2.000e+01
s>                    ( - -3.825e+03 2 0)
s>                    ( - -6.016e+02 1 0))))
s>        ( - -8.748e+02 1 0))INFO: dtree.c(1439): stop. leaf nodes are specific
INFO: dtree.c(1478): Final simple tree
|( QUESTION2_0_L -1 -1.417e+04 2.713e+02 6.141e+01
|    ( QUESTION4 1 -8.459e+03 1.719e+02 3.718e+01
|        ( - -6.081e+03 1 0)
|        ( - -2.206e+03 1 0))
|    ( - -5.436e+03 1 0))
s>    ( QUESTION2_0_L -1 -1.417e+04 2.713e+02 6.141e+01
s>        ( QUESTION4 1 -8.459e+03 1.719e+02 3.718e+01
s>            ( - -6.081e+03 1 0)
s>            ( - -2.206e+03 1 0))
s>        ( - -5.436e+03 1 0))INFO: dtree.c(1315): Comp split 4
INFO: dtree.c(1478): Final simple tree
|( QUESTION0_8_R 1 -1.285e+04 4.658e+02 5.435e+01
|    ( - 2.423e+02 1 0)
|    ( WDBNDRY_B 0 -1.262e+04 4.634e+02 5.335e+01
|        ( QUESTION19 -1 -1.240e+04 4.642e+02 5.235e+01
|            ( - 2.424e+02 1 0)
|            ( QUESTION5 -1 -1.218e+04 4.587e+02 5.135e+01
|                ( - 2.177e+02 1 0)
|                ( QUESTION2_19_L -1 -1.194e+04 2.132e+02 5.035e+01
|                    ( - -6.982e+03 3 0)
|                    ( QUESTION3 -1 -4.744e+03 1.763e+02 1.999e+01
|                        ( - -9.580e+02 1 0)
|                        ( QUESTION0_12_R 1 -3.610e+03 1.250e+02 1.499e+01
|                            ( - -2.907e+03 3 0 SILENCE -1 1.188e+02 1.199e+01)
|                            ( - -5.778e+02 2 0 SILENCE -1 5.025e+02 3.000e+00))))))
|        ( - 2.424e+02 1 0)))
s>    ( QUESTION0_8_R 1 -1.285e+04 4.658e+02 5.435e+01
s>        ( - 2.423e+02 1 0)
s>        ( WDBNDRY_B 0 -1.262e+04 4.634e+02 5.335e+01
s>            ( QUESTION19 -1 -1.240e+04 4.642e+02 5.235e+01
s>                ( - 2.424e+02 1 0)
s>                ( QUESTION5 -1 -1.218e+04 4.587e+02 5.135e+01
s>                    ( - 2.177e+02 1 0)
s>                    ( QUESTION2_19_L -1 -1.194e+04 2.132e+02 5.035e+01
s>                        ( - -6.982e+03 3 0)
s>                        ( QUESTION3 -1 -4.744e+03 1.763e+02 1.999e+01
s>                            ( - -9.580e+02 1 0)
s>                            ( QUESTION0_12_R 1 -3.610e+03 1.250e+02 1.499e+01
s>                                ( - -2.907e+03 3 0 SILENCE -1 1.188e+02 1.199e+01)
s>                                ( - -5.778e+02 2 0 SILENCE -1 5.025e+02 3.000e+00))))))
s>            ( - 2.424e+02 1 0)))INFO: dtree.c(1315): Comp split 5
INFO: dtree.c(1439): stop. leaf nodes are specific
INFO: dtree.c(1478): Final simple tree
|( QUESTION0_1_R 1 -7.466e+03 2.465e+02 3.423e+01
|    ( - -4.224e+03 1 0)
|    ( - -2.995e+03 1 0))
s>    ( QUESTION0_1_R 1 -7.466e+03 2.465e+02 3.423e+01
s>        ( - -4.224e+03 1 0)
s>        ( - -2.995e+03 1 0))INFO: dtree.c(1315): Comp split 6
INFO: dtree.c(1478): Final simple tree
|( WDBNDRY_B 0 -1.262e+04 4.634e+02 5.335e+01
|    ( QUESTION19 -1 -1.240e+04 4.642e+02 5.235e+01
|        ( - 2.424e+02 1 0)
|        ( QUESTION5 -1 -1.218e+04 4.587e+02 5.135e+01
|            ( - 2.177e+02 1 0)
|            ( QUESTION2_19_L -1 -1.194e+04 2.132e+02 5.035e+01
|                ( - -6.982e+03 3 0)
|                ( QUESTION3 -1 -4.744e+03 1.763e+02 1.999e+01
|                    ( - -9.580e+02 1 0)
|                    ( QUESTION0_12_R 1 -3.610e+03 1.250e+02 1.499e+01
|                        ( - -2.907e+03 3 0 SILENCE -1 1.188e+02 1.199e+01)
|                        ( SILENCE -1 -5.778e+02 5.025e+02 3.000e+00
|                            ( - 2.412e+02 1 0)
|                            ( - -3.166e+02 1 0)))))))
|    ( - 2.424e+02 1 0))
s>    ( WDBNDRY_B 0 -1.262e+04 4.634e+02 5.335e+01
s>        ( QUESTION19 -1 -1.240e+04 4.642e+02 5.235e+01
s>            ( - 2.424e+02 1 0)
s>            ( QUESTION5 -1 -1.218e+04 4.587e+02 5.135e+01
s>                ( - 2.177e+02 1 0)
s>                ( QUESTION2_19_L -1 -1.194e+04 2.132e+02 5.035e+01
s>                    ( - -6.982e+03 3 0)
s>                    ( QUESTION3 -1 -4.744e+03 1.763e+02 1.999e+01
s>                        ( - -9.580e+02 1 0)
s>                        ( QUESTION0_12_R 1 -3.610e+03 1.250e+02 1.499e+01
s>                            ( - -2.907e+03 3 0 SILENCE -1 1.188e+02 1.199e+01)
s>                            ( SILENCE -1 -5.778e+02 5.025e+02 3.000e+00
s>                                ( - 2.412e+02 1 0)
s>                                ( - -3.166e+02 1 0)))))))
s>        ( - 2.424e+02 1 0))INFO: dtree.c(1315): Comp split 7
INFO: dtree.c(1478): Final simple tree
|( WDBNDRY_B 0 -1.240e+04 4.637e+02 5.235e+01
|    ( QUESTION19 -1 -1.218e+04 4.643e+02 5.135e+01
|        ( - 2.424e+02 1 0)
|        ( QUESTION5 -1 -1.195e+04 4.586e+02 5.035e+01
|            ( - 2.177e+02 1 0)
|            ( QUESTION2_19_L -1 -1.171e+04 2.106e+02 4.935e+01
|                ( - -6.982e+03 3 0)
|                ( QUESTION3 -1 -4.521e+03 1.750e+02 1.899e+01
|                    ( - -9.580e+02 1 0)
|                    ( QUESTION0_12_R 1 -3.388e+03 1.641e+02 1.399e+01
|                        ( SILENCE -1 -2.907e+03 1.188e+02 1.199e+01
|                            ( - -5.782e+02 1 0)
|                            ( - -2.210e+03 2 0 QUESTION1 -1 1.021e+02 8.987e+00))
|                        ( - -3.166e+02 1 0))))))
|    ( - 2.424e+02 1 0))
s>    ( WDBNDRY_B 0 -1.240e+04 4.637e+02 5.235e+01
s>        ( QUESTION19 -1 -1.218e+04 4.643e+02 5.135e+01
s>            ( - 2.424e+02 1 0)
s>            ( QUESTION5 -1 -1.195e+04 4.586e+02 5.035e+01
s>                ( - 2.177e+02 1 0)
s>                ( QUESTION2_19_L -1 -1.171e+04 2.106e+02 4.935e+01
s>                    ( - -6.982e+03 3 0)
s>                    ( QUESTION3 -1 -4.521e+03 1.750e+02 1.899e+01
s>                        ( - -9.580e+02 1 0)
s>                        ( QUESTION0_12_R 1 -3.388e+03 1.641e+02 1.399e+01
s>                            ( SILENCE -1 -2.907e+03 1.188e+02 1.199e+01
s>                                ( - -5.782e+02 1 0)
s>                                ( - -2.210e+03 2 0 QUESTION1 -1 1.021e+02 8.987e+00))
s>                            ( - -3.166e+02 1 0))))))
s>        ( - 2.424e+02 1 0))INFO: dtree.c(1315): Comp split 8
INFO: dtree.c(1478): Final simple tree
|( QUESTION19 -1 -1.218e+04 4.643e+02 5.135e+01
|    ( - 2.424e+02 1 0)
|    ( QUESTION5 -1 -1.195e+04 4.586e+02 5.035e+01
|        ( - 2.177e+02 1 0)
|        ( QUESTION2_19_L -1 -1.171e+04 2.106e+02 4.935e+01
|            ( - -6.982e+03 3 0)
|            ( QUESTION3 -1 -4.521e+03 1.750e+02 1.899e+01
|                ( - -9.580e+02 1 0)
|                ( QUESTION0_12_R 1 -3.388e+03 1.641e+02 1.399e+01
|                    ( SILENCE -1 -2.907e+03 1.188e+02 1.199e+01
|                        ( - -5.782e+02 1 0)
|                        ( QUESTION1 -1 -2.210e+03 1.021e+02 8.987e+00
|                            ( - -6.920e+02 1 0)
|                            ( - -1.416e+03 1 0)))
|                    ( - -3.166e+02 1 0))))))
s>    ( QUESTION19 -1 -1.218e+04 4.643e+02 5.135e+01
s>        ( - 2.424e+02 1 0)
s>        ( QUESTION5 -1 -1.195e+04 4.586e+02 5.035e+01
s>            ( - 2.177e+02 1 0)
s>            ( QUESTION2_19_L -1 -1.171e+04 2.106e+02 4.935e+01
s>                ( - -6.982e+03 3 0)
s>                ( QUESTION3 -1 -4.521e+03 1.750e+02 1.899e+01
s>                    ( - -9.580e+02 1 0)
s>                    ( QUESTION0_12_R 1 -3.388e+03 1.641e+02 1.399e+01
s>                        ( SILENCE -1 -2.907e+03 1.188e+02 1.199e+01
s>                            ( - -5.782e+02 1 0)
s>                            ( QUESTION1 -1 -2.210e+03 1.021e+02 8.987e+00
s>                                ( - -6.920e+02 1 0)
s>                                ( - -1.416e+03 1 0)))
s>                        ( - -3.166e+02 1 0))))))INFO: dtree.c(1315): Comp split 9
INFO: dtree.c(1439): stop. leaf nodes are specific
INFO: dtree.c(1478): Final simple tree
|( QUESTION5 -1 -1.195e+04 4.586e+02 5.035e+01
|    ( - 2.177e+02 1 0)
|    ( QUESTION2_19_L -1 -1.171e+04 2.106e+02 4.935e+01
|        ( - -6.982e+03 3 0)
|        ( QUESTION3 -1 -4.521e+03 1.750e+02 1.899e+01
|            ( - -9.580e+02 1 0)
|            ( QUESTION0_12_R 1 -3.388e+03 1.641e+02 1.399e+01
|                ( SILENCE -1 -2.907e+03 1.188e+02 1.199e+01
|                    ( - -5.782e+02 1 0)
|                    ( QUESTION1 -1 -2.210e+03 1.021e+02 8.987e+00
|                        ( - -6.920e+02 1 0)
|                        ( - -1.416e+03 1 0)))
|                ( - -3.166e+02 1 0)))))
s>    ( QUESTION5 -1 -1.195e+04 4.586e+02 5.035e+01
s>        ( - 2.177e+02 1 0)
s>        ( QUESTION2_19_L -1 -1.171e+04 2.106e+02 4.935e+01
s>            ( - -6.982e+03 3 0)
s>            ( QUESTION3 -1 -4.521e+03 1.750e+02 1.899e+01
s>                ( - -9.580e+02 1 0)
s>                ( QUESTION0_12_R 1 -3.388e+03 1.641e+02 1.399e+01
s>                    ( SILENCE -1 -2.907e+03 1.188e+02 1.199e+01
s>                        ( - -5.782e+02 1 0)
s>                        ( QUESTION1 -1 -2.210e+03 1.021e+02 8.987e+00
s>                            ( - -6.920e+02 1 0)
s>                            ( - -1.416e+03 1 0)))
s>                    ( - -3.166e+02 1 0)))))INFO: dtree.c(1315): Comp split 10
INFO: dtree.c(1439): stop. leaf nodes are specific
INFO: dtree.c(1478): Final simple tree
|( QUESTION2_19_L -1 -1.171e+04 2.106e+02 4.935e+01
|    ( - -6.982e+03 3 0)
|    ( QUESTION3 -1 -4.521e+03 1.750e+02 1.899e+01
|        ( - -9.580e+02 1 0)
|        ( QUESTION0_12_R 1 -3.388e+03 1.641e+02 1.399e+01
|            ( SILENCE -1 -2.907e+03 1.188e+02 1.199e+01
|                ( - -5.782e+02 1 0)
|                ( QUESTION1 -1 -2.210e+03 1.021e+02 8.987e+00
|                    ( - -6.920e+02 1 0)
|                    ( - -1.416e+03 1 0)))
|            ( - -3.166e+02 1 0))))
s>    ( QUESTION2_19_L -1 -1.171e+04 2.106e+02 4.935e+01
s>        ( - -6.982e+03 3 0)
s>        ( QUESTION3 -1 -4.521e+03 1.750e+02 1.899e+01
s>            ( - -9.580e+02 1 0)
s>            ( QUESTION0_12_R 1 -3.388e+03 1.641e+02 1.399e+01
s>                ( SILENCE -1 -2.907e+03 1.188e+02 1.199e+01
s>                    ( - -5.782e+02 1 0)
s>                    ( QUESTION1 -1 -2.210e+03 1.021e+02 8.987e+00
s>                        ( - -6.920e+02 1 0)
s>                        ( - -1.416e+03 1 0)))
s>                ( - -3.166e+02 1 0))))INFO: dtree.c(1315): Comp split 11
INFO: dtree.c(1439): stop. leaf nodes are specific
INFO: dtree.c(1478): Final simple tree
|( QUESTION4 1 -8.459e+03 1.719e+02 3.718e+01
|    ( - -6.081e+03 1 0)
|    ( - -2.206e+03 1 0))
s>    ( QUESTION4 1 -8.459e+03 1.719e+02 3.718e+01
s>        ( - -6.081e+03 1 0)
s>        ( - -2.206e+03 1 0))INFO: dtree.c(1315): Comp split 12
INFO: dtree.c(1315): Comp split 13
INFO: dtree.c(1439): stop. leaf nodes are specific
INFO: dtree.c(1478): Final simple tree
|( SILENCE -1 -7.844e+03 1.975e+02 3.500e+01
|    ( - -2.196e+02 1 0)
|    ( QUESTION5 -1 -7.427e+03 1.806e+02 3.300e+01
|        ( QUESTION11 -1 -2.695e+03 1.294e+02 1.300e+01
|            ( - -5.559e+02 1 0)
|            ( - -2.010e+03 1 0))
|        ( QUESTION0 -1 -4.551e+03 1.245e+02 2.000e+01
|            ( - -3.825e+03 2 0)
|            ( - -6.016e+02 1 0))))
s>    ( SILENCE -1 -7.844e+03 1.975e+02 3.500e+01
s>        ( - -2.196e+02 1 0)
s>        ( QUESTION5 -1 -7.427e+03 1.806e+02 3.300e+01
s>            ( QUESTION11 -1 -2.695e+03 1.294e+02 1.300e+01
s>                ( - -5.559e+02 1 0)
s>                ( - -2.010e+03 1 0))
s>            ( QUESTION0 -1 -4.551e+03 1.245e+02 2.000e+01
s>                ( - -3.825e+03 2 0)
s>                ( - -6.016e+02 1 0))))INFO: dtree.c(1315): Comp split 14
INFO: dtree.c(1439): stop. leaf nodes are specific
INFO: dtree.c(1478): Final simple tree
|( SILENCE -1 -2.907e+03 1.188e+02 1.199e+01
|    ( - -5.782e+02 1 0)
|    ( QUESTION1 -1 -2.210e+03 1.021e+02 8.987e+00
|        ( - -6.920e+02 1 0)
|        ( - -1.416e+03 1 0)))
s>    ( SILENCE -1 -2.907e+03 1.188e+02 1.199e+01
s>        ( - -5.782e+02 1 0)
s>        ( QUESTION1 -1 -2.210e+03 1.021e+02 8.987e+00
s>            ( - -6.920e+02 1 0)
s>            ( - -1.416e+03 1 0)))INFO: dtree.c(1439): stop. leaf nodes are specific
INFO: dtree.c(1478): Final simple tree
|( QUESTION2_2_L -1 -8.584e+03 1.708e+02 3.736e+01
|    ( - -9.580e+02 1 0)
|    ( QUESTION0_12_R 1 -7.455e+03 1.568e+02 3.236e+01
|        ( - -6.982e+03 3 0)
|        ( - -3.166e+02 1 0)))
s>    ( QUESTION2_2_L -1 -8.584e+03 1.708e+02 3.736e+01
s>        ( - -9.580e+02 1 0)
s>        ( QUESTION0_12_R 1 -7.455e+03 1.568e+02 3.236e+01
s>            ( - -6.982e+03 3 0)
s>            ( - -3.166e+02 1 0)))INFO: dtree.c(1315): Comp split 15
INFO: dtree.c(1439): stop. leaf nodes are specific
INFO: dtree.c(1478): Final simple tree
|( QUESTION5 -1 -7.427e+03 1.806e+02 3.300e+01
|    ( QUESTION11 -1 -2.695e+03 1.294e+02 1.300e+01
|        ( - -5.559e+02 1 0)
|        ( - -2.010e+03 1 0))
|    ( QUESTION0 -1 -4.551e+03 1.245e+02 2.000e+01
|        ( - -3.825e+03 2 0)
|        ( - -6.016e+02 1 0)))
s>    ( QUESTION5 -1 -7.427e+03 1.806e+02 3.300e+01
s>        ( QUESTION11 -1 -2.695e+03 1.294e+02 1.300e+01
s>            ( - -5.559e+02 1 0)
s>            ( - -2.010e+03 1 0))
s>        ( QUESTION0 -1 -4.551e+03 1.245e+02 2.000e+01
s>            ( - -3.825e+03 2 0)
s>            ( - -6.016e+02 1 0)))INFO: dtree.c(1315): Comp split 16
INFO: dtree.c(1439): stop. leaf nodes are specific
INFO: dtree.c(1478): Final simple tree
|( QUESTION0 -1 -4.551e+03 1.245e+02 2.000e+01
|    ( - -3.825e+03 2 0)
|    ( - -6.016e+02 1 0))
s>    ( QUESTION0 -1 -4.551e+03 1.245e+02 2.000e+01
s>        ( - -3.825e+03 2 0)
s>        ( - -6.016e+02 1 0))INFO: dtree.c(1439): stop. leaf nodes are specific
INFO: dtree.c(1478): Final simple tree
|( QUESTION11 -1 -2.695e+03 1.294e+02 1.300e+01
|    ( - -5.559e+02 1 0)
|    ( - -2.010e+03 1 0))
s>    ( QUESTION11 -1 -2.695e+03 1.294e+02 1.300e+01
s>        ( - -5.559e+02 1 0)
s>        ( - -2.010e+03 1 0))INFO: dtree.c(1315): Comp split 17
INFO: dtree.c(1315): Comp split 18
INFO: dtree.c(1439): stop. leaf nodes are specific
INFO: dtree.c(1478): Final simple tree
|( QUESTION0_12_R 1 -7.455e+03 1.568e+02 3.236e+01
|    ( - -6.982e+03 3 0)
|    ( - -3.166e+02 1 0))
s>    ( QUESTION0_12_R 1 -7.455e+03 1.568e+02 3.236e+01
s>        ( - -6.982e+03 3 0)
s>        ( - -3.166e+02 1 0))INFO: dtree.c(1315): Comp split 19
INFO: dtree.c(1315): Comp split 20
INFO: dtree.c(1315): Comp split 21
INFO: dtree.c(1315): Comp split 22
INFO: dtree.c(1439): stop. leaf nodes are specific
INFO: dtree.c(1478): Final simple tree
|( QUESTION1 -1 -2.210e+03 1.021e+02 8.987e+00
|    ( - -6.920e+02 1 0)
|    ( - -1.416e+03 1 0))
s>    ( QUESTION1 -1 -2.210e+03 1.021e+02 8.987e+00
s>        ( - -6.920e+02 1 0)
s>        ( - -1.416e+03 1 0))INFO: dtree.c(1315): Comp split 23
INFO: dtree.c(1315): Comp split 24
INFO: dtree.c(1318): stop. leaf nodes are specific
Mon Jan 30 07:35:46 2017
