Current configuration:
[NAME]		[DEFLT]	[VALUE]
-allphones	no	no
-cntthresh	0.00001	1.000000e-05
-csplitmax	100	2000
-csplitmin	1	1
-csplitthr	8e-4	0.000000e+00
-example	no	no
-fullvar	no	no
-help		no	no
-meanfn			/Users/benroye/forge/cmusphinx/voiceVim/model_parameters/voiceVim.cd_cont_untied/means
-mixwfn			/Users/benroye/forge/cmusphinx/voiceVim/model_parameters/voiceVim.cd_cont_untied/mixture_weights
-moddeffn		/Users/benroye/forge/cmusphinx/voiceVim/model_architecture/voiceVim.untied.mdef
-mwfloor	1e-4	1.000000e-08
-phone			f
-psetfn			/Users/benroye/forge/cmusphinx/voiceVim/model_architecture/voiceVim.tree_questions
-ssplitmax	5	7
-ssplitmin	1	1
-ssplitthr	8e-4	0.000000e+00
-state			2
-stwt			1.0,0.05,0.0,
-treefn			/Users/benroye/forge/cmusphinx/voiceVim/trees/voiceVim.unpruned/f-2.dtree
-ts2cbfn	.semi.	.cont.
-varfloor	0.00001	1.000000e-05
-varfn			/Users/benroye/forge/cmusphinx/voiceVim/model_parameters/voiceVim.cd_cont_untied/variances

INFO: main.c(223): Reading: /Users/benroye/forge/cmusphinx/voiceVim/model_architecture/voiceVim.untied.mdef
INFO: model_def_io.c(573): Model definition info:
INFO: model_def_io.c(574): 2249 total models defined (39 base, 2210 tri)
INFO: model_def_io.c(575): 8996 total states
INFO: model_def_io.c(576): 6747 total tied states
INFO: model_def_io.c(577): 117 total tied CI states
INFO: model_def_io.c(578): 39 total tied transition matrices
INFO: model_def_io.c(579): 4 max state/model
INFO: model_def_io.c(580): 4 min state/model
INFO: main.c(242): Building trees for [f SIL ah b] through [f z ah b]
INFO: main.c(269): Covering states |[1446 1622]| == 177
INFO: main.c(275): Reading: /Users/benroye/forge/cmusphinx/voiceVim/model_parameters/voiceVim.cd_cont_untied/mixture_weights
INFO: s3mixw_io.c(173): Read /Users/benroye/forge/cmusphinx/voiceVim/model_parameters/voiceVim.cd_cont_untied/mixture_weights [177x1x1 array]
INFO: main.c(311): 59 of 59 models have observation count greater than 0.000010
INFO: main.c(95): nrm stwt: 0.000 0.048 0.952 
INFO: s3gau_io.c(169): Read /Users/benroye/forge/cmusphinx/voiceVim/model_parameters/voiceVim.cd_cont_untied/means [6747x1x1 array]
INFO: s3gau_io.c(169): Read /Users/benroye/forge/cmusphinx/voiceVim/model_parameters/voiceVim.cd_cont_untied/variances [6747x1x1 array]
INFO: main.c(549): Reading: /Users/benroye/forge/cmusphinx/voiceVim/model_architecture/voiceVim.tree_questions
INFO: main.c(588): 174 total simple questions (166 phone; 8 word bndry)
INFO: main.c(590): 40 Left Only questions, and 42 Right Only questions
INFO: dtree.c(1478): Final simple tree
|( QUESTION0_20_R 1 -5.091e+05 9.983e+03 2.481e+03
|    ( WDBNDRY_I 0 -1.059e+05 2.282e+03 4.887e+02
|        ( - -5.794e+04 2 0 QUESTION4 -1 7.621e+02 2.696e+02)
|        ( QUESTION2_18_L -1 -4.570e+04 1.134e+03 2.192e+02
|            ( - -1.892e+04 3 0 WDBNDRY_B 0 2.772e+02 9.900e+01)
|            ( QUESTION19 -1 -2.565e+04 9.301e+02 1.202e+02
|                ( - -6.259e+03 1 0)
|                ( - -1.846e+04 9 0 QUESTION5 -1 4.294e+02 8.718e+01))))
|    ( QUESTION0_11_R 1 -3.932e+05 1.769e+03 1.992e+03
|        ( WDBNDRY_I 0 -1.740e+05 8.777e+02 8.750e+02
|            ( - -2.618e+04 1 0)
|            ( - -1.470e+05 24 0 QUESTION2_4_L -1 5.473e+02 7.463e+02))
|        ( QUESTION2_10_L -1 -2.174e+05 8.421e+02 1.117e+03
|            ( - -6.961e+04 1 0)
|            ( - -1.470e+05 18 0 QUESTION2_3_L -1 6.772e+02 7.592e+02))))
s>    ( QUESTION0_20_R 1 -5.091e+05 9.983e+03 2.481e+03
s>        ( WDBNDRY_I 0 -1.059e+05 2.282e+03 4.887e+02
s>            ( - -5.794e+04 2 0 QUESTION4 -1 7.621e+02 2.696e+02)
s>            ( QUESTION2_18_L -1 -4.570e+04 1.134e+03 2.192e+02
s>                ( - -1.892e+04 3 0 WDBNDRY_B 0 2.772e+02 9.900e+01)
s>                ( QUESTION19 -1 -2.565e+04 9.301e+02 1.202e+02
s>                    ( - -6.259e+03 1 0)
s>                    ( - -1.846e+04 9 0 QUESTION5 -1 4.294e+02 8.718e+01))))
s>        ( QUESTION0_11_R 1 -3.932e+05 1.769e+03 1.992e+03
s>            ( WDBNDRY_I 0 -1.740e+05 8.777e+02 8.750e+02
s>                ( - -2.618e+04 1 0)
s>                ( - -1.470e+05 24 0 QUESTION2_4_L -1 5.473e+02 7.463e+02))
s>            ( QUESTION2_10_L -1 -2.174e+05 8.421e+02 1.117e+03
s>                ( - -6.961e+04 1 0)
s>                ( - -1.470e+05 18 0 QUESTION2_3_L -1 6.772e+02 7.592e+02))))INFO: dtree.c(1315): Comp split 0
INFO: dtree.c(1478): Final simple tree
|( QUESTION2_18_L -1 -7.766e+04 1.641e+03 3.567e+02
|    ( - -5.275e+04 1 0)
|    ( QUESTION18 -1 -2.327e+04 4.318e+02 1.100e+02
|        ( - 1.829e+02 1 0)
|        ( QUESTION2_11_L -1 -2.302e+04 4.224e+02 1.090e+02
|            ( - 1.820e+02 1 0)
|            ( QUESTION2_3_L -1 -2.278e+04 4.214e+02 1.080e+02
|                ( - 1.785e+02 1 0)
|                ( WDBNDRY_B 0 -2.254e+04 3.838e+02 1.070e+02
|                    ( SILENCE -1 -1.773e+04 2.944e+02 8.418e+01
|                        ( - -6.695e+03 1 0)
|                        ( QUESTION0 -1 -1.074e+04 1.864e+02 5.145e+01
|                            ( - -7.729e+03 3 0 QUESTION1 -1 1.374e+02 3.678e+01)
|                            ( - -2.824e+03 2 0)))
|                    ( - -4.429e+03 1 0))))))
s>    ( QUESTION2_18_L -1 -7.766e+04 1.641e+03 3.567e+02
s>        ( - -5.275e+04 1 0)
s>        ( QUESTION18 -1 -2.327e+04 4.318e+02 1.100e+02
s>            ( - 1.829e+02 1 0)
s>            ( QUESTION2_11_L -1 -2.302e+04 4.224e+02 1.090e+02
s>                ( - 1.820e+02 1 0)
s>                ( QUESTION2_3_L -1 -2.278e+04 4.214e+02 1.080e+02
s>                    ( - 1.785e+02 1 0)
s>                    ( WDBNDRY_B 0 -2.254e+04 3.838e+02 1.070e+02
s>                        ( SILENCE -1 -1.773e+04 2.944e+02 8.418e+01
s>                            ( - -6.695e+03 1 0)
s>                            ( QUESTION0 -1 -1.074e+04 1.864e+02 5.145e+01
s>                                ( - -7.729e+03 3 0 QUESTION1 -1 1.374e+02 3.678e+01)
s>                                ( - -2.824e+03 2 0)))
s>                        ( - -4.429e+03 1 0))))))INFO: dtree.c(1478): Final simple tree
|( QUESTION0_11_R 1 -4.190e+05 1.853e+03 2.124e+03
|    ( WDBNDRY_I 0 -1.740e+05 8.777e+02 8.750e+02
|        ( - -2.618e+04 1 0)
|        ( QUESTION2_4_L -1 -1.470e+05 5.473e+02 7.463e+02
|            ( - -7.669e+03 1 0)
|            ( SILENCE -1 -1.388e+05 4.973e+02 7.033e+02
|                ( - -2.867e+03 2 0 QUESTION0_15_R 1 1.778e+02 1.301e+01)
|                ( - -1.354e+05 21 0 QUESTION0_15_R 1 5.269e+02 6.903e+02))))
|    ( QUESTION2_18_L -1 -2.431e+05 9.147e+02 1.249e+03
|        ( - -9.429e+04 12 0 WDBNDRY_B 0 3.857e+02 4.869e+02)
|        ( QUESTION3 1 -1.479e+05 6.924e+02 7.623e+02
|            ( QUESTION11 1 -1.135e+05 5.722e+02 5.852e+02
|                ( - -2.245e+03 1 0)
|                ( - -1.107e+05 7 0 QUESTION13 1 4.105e+02 5.742e+02))
|            ( - -3.366e+04 3 0 QUESTION0_1_R 1 4.502e+02 1.771e+02))))
s>    ( QUESTION0_11_R 1 -4.190e+05 1.853e+03 2.124e+03
s>        ( WDBNDRY_I 0 -1.740e+05 8.777e+02 8.750e+02
s>            ( - -2.618e+04 1 0)
s>            ( QUESTION2_4_L -1 -1.470e+05 5.473e+02 7.463e+02
s>                ( - -7.669e+03 1 0)
s>                ( SILENCE -1 -1.388e+05 4.973e+02 7.033e+02
s>                    ( - -2.867e+03 2 0 QUESTION0_15_R 1 1.778e+02 1.301e+01)
s>                    ( - -1.354e+05 21 0 QUESTION0_15_R 1 5.269e+02 6.903e+02))))
s>        ( QUESTION2_18_L -1 -2.431e+05 9.147e+02 1.249e+03
s>            ( - -9.429e+04 12 0 WDBNDRY_B 0 3.857e+02 4.869e+02)
s>            ( QUESTION3 1 -1.479e+05 6.924e+02 7.623e+02
s>                ( QUESTION11 1 -1.135e+05 5.722e+02 5.852e+02
s>                    ( - -2.245e+03 1 0)
s>                    ( - -1.107e+05 7 0 QUESTION13 1 4.105e+02 5.742e+02))
s>                ( - -3.366e+04 3 0 QUESTION0_1_R 1 4.502e+02 1.771e+02))))INFO: dtree.c(1315): Comp split 1
INFO: dtree.c(1478): Final simple tree
|( WDBNDRY_I 0 -1.683e+05 8.619e+02 8.430e+02
|    ( - -2.870e+04 2 0 QUESTION0_8_R 1 2.774e+02 1.397e+02)
|    ( SILENCE -1 -1.388e+05 4.973e+02 7.033e+02
|        ( - -2.867e+03 2 0 QUESTION0_15_R 1 1.778e+02 1.301e+01)
|        ( QUESTION0_15_R 1 -1.354e+05 5.269e+02 6.903e+02
|            ( QUESTION10 -1 -5.756e+04 3.504e+02 2.948e+02
|                ( QUESTION2_1_L -1 -1.904e+04 4.092e+02 1.000e+02
|                    ( - -7.047e+03 1 0)
|                    ( - -1.159e+04 2 0 WDBNDRY_B 0 2.635e+02 6.000e+01))
|                ( QUESTION1 -1 -3.817e+04 2.968e+02 1.948e+02
|                    ( - -1.023e+04 1 0)
|                    ( - -2.764e+04 5 0 QUESTION5 -1 1.756e+02 1.408e+02)))
|            ( QUESTION1 -1 -7.731e+04 3.782e+02 3.955e+02
|                ( - -1.446e+04 1 0)
|                ( - -6.247e+04 11 0 QUESTION7 -1 2.432e+02 3.206e+02)))))
s>    ( WDBNDRY_I 0 -1.683e+05 8.619e+02 8.430e+02
s>        ( - -2.870e+04 2 0 QUESTION0_8_R 1 2.774e+02 1.397e+02)
s>        ( SILENCE -1 -1.388e+05 4.973e+02 7.033e+02
s>            ( - -2.867e+03 2 0 QUESTION0_15_R 1 1.778e+02 1.301e+01)
s>            ( QUESTION0_15_R 1 -1.354e+05 5.269e+02 6.903e+02
s>                ( QUESTION10 -1 -5.756e+04 3.504e+02 2.948e+02
s>                    ( QUESTION2_1_L -1 -1.904e+04 4.092e+02 1.000e+02
s>                        ( - -7.047e+03 1 0)
s>                        ( - -1.159e+04 2 0 WDBNDRY_B 0 2.635e+02 6.000e+01))
s>                    ( QUESTION1 -1 -3.817e+04 2.968e+02 1.948e+02
s>                        ( - -1.023e+04 1 0)
s>                        ( - -2.764e+04 5 0 QUESTION5 -1 1.756e+02 1.408e+02)))
s>                ( QUESTION1 -1 -7.731e+04 3.782e+02 3.955e+02
s>                    ( - -1.446e+04 1 0)
s>                    ( - -6.247e+04 11 0 QUESTION7 -1 2.432e+02 3.206e+02)))))INFO: dtree.c(1478): Final simple tree
|( QUESTION2_18_L -1 -2.485e+05 9.844e+02 1.281e+03
|    ( WDBNDRY_B 0 -9.429e+04 3.857e+02 4.869e+02
|        ( - -1.367e+04 2 0)
|        ( QUESTION0_8_R 1 -8.023e+04 3.797e+02 4.139e+02
|            ( - -4.387e+04 3 0 QUESTION4 1 2.880e+02 2.295e+02)
|            ( - -3.599e+04 7 0 QUESTION0_7_R 1 2.549e+02 1.844e+02)))
|    ( QUESTION5 1 -1.532e+05 7.045e+02 7.943e+02
|        ( QUESTION4 -1 -1.014e+05 4.254e+02 5.262e+02
|            ( - -6.961e+04 1 0)
|            ( - -3.133e+04 4 0 QUESTION6 1 3.487e+02 1.682e+02))
|        ( QUESTION0_9_R 1 -5.114e+04 4.411e+02 2.681e+02
|            ( WDBNDRY_B 0 -3.592e+04 4.090e+02 1.928e+02
|                ( - -7.669e+03 1 0)
|                ( - -2.784e+04 1 0))
|            ( - -1.478e+04 4 0 QUESTION0_1_R 1 2.906e+02 7.535e+01))))
s>    ( QUESTION2_18_L -1 -2.485e+05 9.844e+02 1.281e+03
s>        ( WDBNDRY_B 0 -9.429e+04 3.857e+02 4.869e+02
s>            ( - -1.367e+04 2 0)
s>            ( QUESTION0_8_R 1 -8.023e+04 3.797e+02 4.139e+02
s>                ( - -4.387e+04 3 0 QUESTION4 1 2.880e+02 2.295e+02)
s>                ( - -3.599e+04 7 0 QUESTION0_7_R 1 2.549e+02 1.844e+02)))
s>        ( QUESTION5 1 -1.532e+05 7.045e+02 7.943e+02
s>            ( QUESTION4 -1 -1.014e+05 4.254e+02 5.262e+02
s>                ( - -6.961e+04 1 0)
s>                ( - -3.133e+04 4 0 QUESTION6 1 3.487e+02 1.682e+02))
s>            ( QUESTION0_9_R 1 -5.114e+04 4.411e+02 2.681e+02
s>                ( WDBNDRY_B 0 -3.592e+04 4.090e+02 1.928e+02
s>                    ( - -7.669e+03 1 0)
s>                    ( - -2.784e+04 1 0))
s>                ( - -1.478e+04 4 0 QUESTION0_1_R 1 2.906e+02 7.535e+01))))INFO: dtree.c(1315): Comp split 2
INFO: dtree.c(1478): Final simple tree
|( QUESTION18 -1 -2.327e+04 4.318e+02 1.100e+02
|    ( - 1.829e+02 1 0)
|    ( QUESTION2_11_L -1 -2.302e+04 4.224e+02 1.090e+02
|        ( - 1.820e+02 1 0)
|        ( QUESTION2_3_L -1 -2.278e+04 4.214e+02 1.080e+02
|            ( - 1.785e+02 1 0)
|            ( WDBNDRY_B 0 -2.254e+04 3.838e+02 1.070e+02
|                ( SILENCE -1 -1.773e+04 2.944e+02 8.418e+01
|                    ( - -6.695e+03 1 0)
|                    ( QUESTION0 -1 -1.074e+04 1.864e+02 5.145e+01
|                        ( QUESTION1 -1 -7.729e+03 1.374e+02 3.678e+01
|                            ( - -1.549e+03 1 0)
|                            ( - -6.043e+03 2 0))
|                        ( - -2.824e+03 2 0)))
|                ( - -4.429e+03 1 0)))))
s>    ( QUESTION18 -1 -2.327e+04 4.318e+02 1.100e+02
s>        ( - 1.829e+02 1 0)
s>        ( QUESTION2_11_L -1 -2.302e+04 4.224e+02 1.090e+02
s>            ( - 1.820e+02 1 0)
s>            ( QUESTION2_3_L -1 -2.278e+04 4.214e+02 1.080e+02
s>                ( - 1.785e+02 1 0)
s>                ( WDBNDRY_B 0 -2.254e+04 3.838e+02 1.070e+02
s>                    ( SILENCE -1 -1.773e+04 2.944e+02 8.418e+01
s>                        ( - -6.695e+03 1 0)
s>                        ( QUESTION0 -1 -1.074e+04 1.864e+02 5.145e+01
s>                            ( QUESTION1 -1 -7.729e+03 1.374e+02 3.678e+01
s>                                ( - -1.549e+03 1 0)
s>                                ( - -6.043e+03 2 0))
s>                            ( - -2.824e+03 2 0)))
s>                    ( - -4.429e+03 1 0)))))INFO: dtree.c(1315): Comp split 3
INFO: dtree.c(1478): Final simple tree
|( QUESTION0_15_R 1 -1.354e+05 5.269e+02 6.903e+02
|    ( QUESTION10 -1 -5.756e+04 3.504e+02 2.948e+02
|        ( QUESTION2_1_L -1 -1.904e+04 4.092e+02 1.000e+02
|            ( - -7.047e+03 1 0)
|            ( WDBNDRY_B 0 -1.159e+04 2.635e+02 6.000e+01
|                ( - -3.350e+03 1 0)
|                ( - -7.975e+03 1 0)))
|        ( QUESTION1 -1 -3.817e+04 2.968e+02 1.948e+02
|            ( - -1.023e+04 1 0)
|            ( - -2.764e+04 5 0 QUESTION5 -1 1.756e+02 1.408e+02)))
|    ( QUESTION1 -1 -7.731e+04 3.782e+02 3.955e+02
|        ( - -1.446e+04 1 0)
|        ( QUESTION7 -1 -6.247e+04 2.432e+02 3.206e+02
|            ( - -1.099e+04 1 0)
|            ( - -5.124e+04 10 0 QUESTION0 -1 2.293e+02 2.624e+02))))
s>    ( QUESTION0_15_R 1 -1.354e+05 5.269e+02 6.903e+02
s>        ( QUESTION10 -1 -5.756e+04 3.504e+02 2.948e+02
s>            ( QUESTION2_1_L -1 -1.904e+04 4.092e+02 1.000e+02
s>                ( - -7.047e+03 1 0)
s>                ( WDBNDRY_B 0 -1.159e+04 2.635e+02 6.000e+01
s>                    ( - -3.350e+03 1 0)
s>                    ( - -7.975e+03 1 0)))
s>            ( QUESTION1 -1 -3.817e+04 2.968e+02 1.948e+02
s>                ( - -1.023e+04 1 0)
s>                ( - -2.764e+04 5 0 QUESTION5 -1 1.756e+02 1.408e+02)))
s>        ( QUESTION1 -1 -7.731e+04 3.782e+02 3.955e+02
s>            ( - -1.446e+04 1 0)
s>            ( QUESTION7 -1 -6.247e+04 2.432e+02 3.206e+02
s>                ( - -1.099e+04 1 0)
s>                ( - -5.124e+04 10 0 QUESTION0 -1 2.293e+02 2.624e+02))))INFO: dtree.c(1439): stop. leaf nodes are specific
INFO: dtree.c(1478): Final simple tree
|( QUESTION5 -1 -3.184e+04 3.736e+02 1.527e+02
|    ( - -2.618e+04 1 0)
|    ( WDBNDRY_B 0 -5.283e+03 1.708e+02 2.402e+01
|        ( QUESTION0_15_R 1 -2.867e+03 1.778e+02 1.301e+01
|            ( - -1.929e+03 1 0)
|            ( - -7.598e+02 1 0))
|        ( - -2.245e+03 1 0)))
s>    ( QUESTION5 -1 -3.184e+04 3.736e+02 1.527e+02
s>        ( - -2.618e+04 1 0)
s>        ( WDBNDRY_B 0 -5.283e+03 1.708e+02 2.402e+01
s>            ( QUESTION0_15_R 1 -2.867e+03 1.778e+02 1.301e+01
s>                ( - -1.929e+03 1 0)
s>                ( - -7.598e+02 1 0))
s>            ( - -2.245e+03 1 0)))INFO: dtree.c(1315): Comp split 4
INFO: dtree.c(1439): stop. leaf nodes are specific
INFO: dtree.c(1478): Final simple tree
|( QUESTION2_3_L -1 -1.095e+05 5.368e+02 5.692e+02
|    ( WDBNDRY_B 0 -3.937e+04 3.725e+02 2.112e+02
|        ( - -7.669e+03 1 0)
|        ( QUESTION6 1 -3.133e+04 3.487e+02 1.682e+02
|            ( - -5.834e+03 1 0)
|            ( WDBNDRY_E 0 -2.515e+04 2.932e+02 1.352e+02
|                ( QUESTION0_4_R 1 -1.353e+04 1.531e+02 7.500e+01
|                    ( - -1.029e+03 1 0)
|                    ( - -1.235e+04 1 0))
|                ( - -1.133e+04 1 0))))
|    ( - -6.961e+04 1 0))
s>    ( QUESTION2_3_L -1 -1.095e+05 5.368e+02 5.692e+02
s>        ( WDBNDRY_B 0 -3.937e+04 3.725e+02 2.112e+02
s>            ( - -7.669e+03 1 0)
s>            ( QUESTION6 1 -3.133e+04 3.487e+02 1.682e+02
s>                ( - -5.834e+03 1 0)
s>                ( WDBNDRY_E 0 -2.515e+04 2.932e+02 1.352e+02
s>                    ( QUESTION0_4_R 1 -1.353e+04 1.531e+02 7.500e+01
s>                        ( - -1.029e+03 1 0)
s>                        ( - -1.235e+04 1 0))
s>                    ( - -1.133e+04 1 0))))
s>        ( - -6.961e+04 1 0))INFO: dtree.c(1478): Final simple tree
|( QUESTION11 -1 -1.379e+05 6.826e+02 7.120e+02
|    ( QUESTION0_1_R 1 -3.655e+04 4.404e+02 1.921e+02
|        ( - -2.822e+03 1 0)
|        ( - -3.329e+04 3 0 QUESTION0_9_R 1 1.985e+02 1.774e+02))
|    ( WDBNDRY_B 0 -1.007e+05 3.597e+02 5.199e+02
|        ( - -2.012e+04 3 0 QUESTION4 -1 1.981e+02 1.060e+02)
|        ( QUESTION0_8_R 1 -8.023e+04 3.797e+02 4.139e+02
|            ( QUESTION4 1 -4.387e+04 2.880e+02 2.295e+02
|                ( - -2.898e+04 1 0)
|                ( QUESTION11 1 -1.460e+04 2.375e+02 7.797e+01
|                    ( - -2.758e+03 1 0)
|                    ( - -1.161e+04 1 0)))
|            ( QUESTION0_7_R 1 -3.599e+04 2.549e+02 1.844e+02
|                ( - -8.025e+03 1 0)
|                ( - -2.771e+04 6 0 QUESTION0_4_R 1 1.992e+02 1.434e+02)))))
s>    ( QUESTION11 -1 -1.379e+05 6.826e+02 7.120e+02
s>        ( QUESTION0_1_R 1 -3.655e+04 4.404e+02 1.921e+02
s>            ( - -2.822e+03 1 0)
s>            ( - -3.329e+04 3 0 QUESTION0_9_R 1 1.985e+02 1.774e+02))
s>        ( WDBNDRY_B 0 -1.007e+05 3.597e+02 5.199e+02
s>            ( - -2.012e+04 3 0 QUESTION4 -1 1.981e+02 1.060e+02)
s>            ( QUESTION0_8_R 1 -8.023e+04 3.797e+02 4.139e+02
s>                ( QUESTION4 1 -4.387e+04 2.880e+02 2.295e+02
s>                    ( - -2.898e+04 1 0)
s>                    ( QUESTION11 1 -1.460e+04 2.375e+02 7.797e+01
s>                        ( - -2.758e+03 1 0)
s>                        ( - -1.161e+04 1 0)))
s>                ( QUESTION0_7_R 1 -3.599e+04 2.549e+02 1.844e+02
s>                    ( - -8.025e+03 1 0)
s>                    ( - -2.771e+04 6 0 QUESTION0_4_R 1 1.992e+02 1.434e+02)))))INFO: dtree.c(1315): Comp split 5
INFO: dtree.c(1478): Final simple tree
|( WDBNDRY_B 0 -1.007e+05 3.597e+02 5.199e+02
|    ( QUESTION4 -1 -2.012e+04 1.981e+02 1.060e+02
|        ( - -1.367e+04 2 0)
|        ( - -6.259e+03 1 0))
|    ( QUESTION0_8_R 1 -8.023e+04 3.797e+02 4.139e+02
|        ( QUESTION4 1 -4.387e+04 2.880e+02 2.295e+02
|            ( - -2.898e+04 1 0)
|            ( QUESTION11 1 -1.460e+04 2.375e+02 7.797e+01
|                ( - -2.758e+03 1 0)
|                ( - -1.161e+04 1 0)))
|        ( QUESTION0_7_R 1 -3.599e+04 2.549e+02 1.844e+02
|            ( - -8.025e+03 1 0)
|            ( QUESTION0_4_R 1 -2.771e+04 1.992e+02 1.434e+02
|                ( - -1.350e+04 2 0 QUESTION0_5_R 1 1.629e+02 7.040e+01)
|                ( - -1.401e+04 4 0 QUESTION0_0_R 1 1.605e+02 7.300e+01)))))
s>    ( WDBNDRY_B 0 -1.007e+05 3.597e+02 5.199e+02
s>        ( QUESTION4 -1 -2.012e+04 1.981e+02 1.060e+02
s>            ( - -1.367e+04 2 0)
s>            ( - -6.259e+03 1 0))
s>        ( QUESTION0_8_R 1 -8.023e+04 3.797e+02 4.139e+02
s>            ( QUESTION4 1 -4.387e+04 2.880e+02 2.295e+02
s>                ( - -2.898e+04 1 0)
s>                ( QUESTION11 1 -1.460e+04 2.375e+02 7.797e+01
s>                    ( - -2.758e+03 1 0)
s>                    ( - -1.161e+04 1 0)))
s>            ( QUESTION0_7_R 1 -3.599e+04 2.549e+02 1.844e+02
s>                ( - -8.025e+03 1 0)
s>                ( QUESTION0_4_R 1 -2.771e+04 1.992e+02 1.434e+02
s>                    ( - -1.350e+04 2 0 QUESTION0_5_R 1 1.629e+02 7.040e+01)
s>                    ( - -1.401e+04 4 0 QUESTION0_0_R 1 1.605e+02 7.300e+01)))))INFO: dtree.c(1439): stop. leaf nodes are specific
INFO: dtree.c(1478): Final simple tree
|( QUESTION0_1_R 1 -3.655e+04 4.404e+02 1.921e+02
|    ( - -2.822e+03 1 0)
|    ( QUESTION0_9_R 1 -3.329e+04 1.985e+02 1.774e+02
|        ( - -2.784e+04 1 0)
|        ( SILENCE 1 -5.247e+03 1.329e+02 2.769e+01
|            ( - -2.375e+03 1 0)
|            ( - -2.739e+03 1 0))))
s>    ( QUESTION0_1_R 1 -3.655e+04 4.404e+02 1.921e+02
s>        ( - -2.822e+03 1 0)
s>        ( QUESTION0_9_R 1 -3.329e+04 1.985e+02 1.774e+02
s>            ( - -2.784e+04 1 0)
s>            ( SILENCE 1 -5.247e+03 1.329e+02 2.769e+01
s>                ( - -2.375e+03 1 0)
s>                ( - -2.739e+03 1 0))))INFO: dtree.c(1315): Comp split 6
INFO: dtree.c(1478): Final simple tree
|( QUESTION1 -1 -9.136e+04 4.283e+02 4.685e+02
|    ( QUESTION0_15_R 1 -2.488e+04 1.858e+02 1.289e+02
|        ( - -1.023e+04 1 0)
|        ( - -1.446e+04 1 0))
|    ( QUESTION7 -1 -6.605e+04 2.517e+02 3.396e+02
|        ( - -1.099e+04 1 0)
|        ( QUESTION0 -1 -5.482e+04 2.496e+02 2.814e+02
|            ( - -1.200e+04 2 0)
|            ( QUESTION18 -1 -4.257e+04 2.111e+02 2.200e+02
|                ( QUESTION0_15_R 1 -1.792e+04 2.048e+02 9.400e+01
|                    ( - -3.350e+03 1 0)
|                    ( - -1.436e+04 1 0))
|                ( WDBNDRY_B 0 -2.444e+04 1.935e+02 1.260e+02
|                    ( - -2.216e+04 6 0 QUESTION6 -1 1.719e+02 1.140e+02)
|                    ( - -2.087e+03 1 0))))))
s>    ( QUESTION1 -1 -9.136e+04 4.283e+02 4.685e+02
s>        ( QUESTION0_15_R 1 -2.488e+04 1.858e+02 1.289e+02
s>            ( - -1.023e+04 1 0)
s>            ( - -1.446e+04 1 0))
s>        ( QUESTION7 -1 -6.605e+04 2.517e+02 3.396e+02
s>            ( - -1.099e+04 1 0)
s>            ( QUESTION0 -1 -5.482e+04 2.496e+02 2.814e+02
s>                ( - -1.200e+04 2 0)
s>                ( QUESTION18 -1 -4.257e+04 2.111e+02 2.200e+02
s>                    ( QUESTION0_15_R 1 -1.792e+04 2.048e+02 9.400e+01
s>                        ( - -3.350e+03 1 0)
s>                        ( - -1.436e+04 1 0))
s>                    ( WDBNDRY_B 0 -2.444e+04 1.935e+02 1.260e+02
s>                        ( - -2.216e+04 6 0 QUESTION6 -1 1.719e+02 1.140e+02)
s>                        ( - -2.087e+03 1 0))))))INFO: dtree.c(1439): stop. leaf nodes are specific
INFO: dtree.c(1478): Final simple tree
|( QUESTION12 -1 -4.340e+04 4.336e+02 2.218e+02
|    ( - -7.047e+03 1 0)
|    ( WDBNDRY_B 0 -3.592e+04 3.042e+02 1.818e+02
|        ( QUESTION5 -1 -2.764e+04 1.756e+02 1.408e+02
|            ( - -2.424e+02 1 0)
|            ( QUESTION0 -1 -2.722e+04 1.572e+02 1.388e+02
|                ( - -2.590e+04 3 0)
|                ( - -1.157e+03 1 0)))
|        ( - -7.975e+03 1 0)))
s>    ( QUESTION12 -1 -4.340e+04 4.336e+02 2.218e+02
s>        ( - -7.047e+03 1 0)
s>        ( WDBNDRY_B 0 -3.592e+04 3.042e+02 1.818e+02
s>            ( QUESTION5 -1 -2.764e+04 1.756e+02 1.408e+02
s>                ( - -2.424e+02 1 0)
s>                ( QUESTION0 -1 -2.722e+04 1.572e+02 1.388e+02
s>                    ( - -2.590e+04 3 0)
s>                    ( - -1.157e+03 1 0)))
s>            ( - -7.975e+03 1 0)))INFO: dtree.c(1315): Comp split 7
INFO: dtree.c(1439): stop. leaf nodes are specific
INFO: dtree.c(1478): Final simple tree
|( WDBNDRY_E 0 -7.078e+04 1.477e+02 3.640e+02
|    ( - -1.029e+03 1 0)
|    ( - -6.961e+04 1 0))
s>    ( WDBNDRY_E 0 -7.078e+04 1.477e+02 3.640e+02
s>        ( - -1.029e+03 1 0)
s>        ( - -6.961e+04 1 0))INFO: dtree.c(1439): stop. leaf nodes are specific
INFO: dtree.c(1478): Final simple tree
|( QUESTION6 1 -3.818e+04 3.664e+02 2.052e+02
|    ( - -5.834e+03 1 0)
|    ( WDBNDRY_B 0 -3.198e+04 3.456e+02 1.722e+02
|        ( - -7.669e+03 1 0)
|        ( WDBNDRY_E 0 -2.396e+04 2.894e+02 1.292e+02
|            ( - -1.235e+04 1 0)
|            ( - -1.133e+04 1 0))))
s>    ( QUESTION6 1 -3.818e+04 3.664e+02 2.052e+02
s>        ( - -5.834e+03 1 0)
s>        ( WDBNDRY_B 0 -3.198e+04 3.456e+02 1.722e+02
s>            ( - -7.669e+03 1 0)
s>            ( WDBNDRY_E 0 -2.396e+04 2.894e+02 1.292e+02
s>                ( - -1.235e+04 1 0)
s>                ( - -1.133e+04 1 0))))INFO: dtree.c(1315): Comp split 8
INFO: dtree.c(1478): Final simple tree
|( QUESTION0_7_R 1 -6.883e+04 2.796e+02 3.569e+02
|    ( QUESTION4 1 -4.085e+04 2.625e+02 2.135e+02
|        ( - -2.898e+04 1 0)
|        ( - -1.161e+04 1 0))
|    ( QUESTION0_4_R 1 -2.771e+04 1.992e+02 1.434e+02
|        ( QUESTION0_5_R 1 -1.350e+04 1.629e+02 7.040e+01
|            ( - -1.777e+03 1 0)
|            ( - -1.156e+04 1 0))
|        ( QUESTION0_0_R 1 -1.401e+04 1.605e+02 7.300e+01
|            ( QUESTION0_2_R 1 -5.063e+03 1.048e+02 2.700e+01
|                ( - -1.674e+03 1 0)
|                ( - -3.284e+03 1 0))
|            ( SILENCE 1 -8.782e+03 1.243e+02 4.600e+01
|                ( - -3.680e+03 1 0)
|                ( - -4.978e+03 1 0)))))
s>    ( QUESTION0_7_R 1 -6.883e+04 2.796e+02 3.569e+02
s>        ( QUESTION4 1 -4.085e+04 2.625e+02 2.135e+02
s>            ( - -2.898e+04 1 0)
s>            ( - -1.161e+04 1 0))
s>        ( QUESTION0_4_R 1 -2.771e+04 1.992e+02 1.434e+02
s>            ( QUESTION0_5_R 1 -1.350e+04 1.629e+02 7.040e+01
s>                ( - -1.777e+03 1 0)
s>                ( - -1.156e+04 1 0))
s>            ( QUESTION0_0_R 1 -1.401e+04 1.605e+02 7.300e+01
s>                ( QUESTION0_2_R 1 -5.063e+03 1.048e+02 2.700e+01
s>                    ( - -1.674e+03 1 0)
s>                    ( - -3.284e+03 1 0))
s>                ( SILENCE 1 -8.782e+03 1.243e+02 4.600e+01
s>                    ( - -3.680e+03 1 0)
s>                    ( - -4.978e+03 1 0)))))INFO: dtree.c(1439): stop. leaf nodes are specific
INFO: dtree.c(1478): Final simple tree
|( QUESTION0_9_R 1 -3.143e+04 3.032e+02 1.630e+02
|    ( - -8.025e+03 1 0)
|    ( WDBNDRY_B 0 -2.310e+04 2.209e+02 1.220e+02
|        ( QUESTION4 -1 -2.012e+04 1.981e+02 1.060e+02
|            ( - -1.367e+04 2 0)
|            ( - -6.259e+03 1 0))
|        ( - -2.758e+03 1 0)))
s>    ( QUESTION0_9_R 1 -3.143e+04 3.032e+02 1.630e+02
s>        ( - -8.025e+03 1 0)
s>        ( WDBNDRY_B 0 -2.310e+04 2.209e+02 1.220e+02
s>            ( QUESTION4 -1 -2.012e+04 1.981e+02 1.060e+02
s>                ( - -1.367e+04 2 0)
s>                ( - -6.259e+03 1 0))
s>            ( - -2.758e+03 1 0)))INFO: dtree.c(1315): Comp split 9
INFO: dtree.c(1439): stop. leaf nodes are specific
INFO: dtree.c(1478): Final simple tree
|( QUESTION0_9_R 1 -3.329e+04 1.985e+02 1.774e+02
|    ( - -2.784e+04 1 0)
|    ( SILENCE 1 -5.247e+03 1.329e+02 2.769e+01
|        ( - -2.375e+03 1 0)
|        ( - -2.739e+03 1 0)))
s>    ( QUESTION0_9_R 1 -3.329e+04 1.985e+02 1.774e+02
s>        ( - -2.784e+04 1 0)
s>        ( SILENCE 1 -5.247e+03 1.329e+02 2.769e+01
s>            ( - -2.375e+03 1 0)
s>            ( - -2.739e+03 1 0)))INFO: dtree.c(1315): Comp split 10
INFO: dtree.c(1439): stop. leaf nodes are specific
INFO: dtree.c(1478): Final simple tree
|( WDBNDRY_B 0 -3.592e+04 3.042e+02 1.818e+02
|    ( QUESTION5 -1 -2.764e+04 1.756e+02 1.408e+02
|        ( - -2.424e+02 1 0)
|        ( QUESTION0 -1 -2.722e+04 1.572e+02 1.388e+02
|            ( - -2.590e+04 3 0)
|            ( - -1.157e+03 1 0)))
|    ( - -7.975e+03 1 0))
s>    ( WDBNDRY_B 0 -3.592e+04 3.042e+02 1.818e+02
s>        ( QUESTION5 -1 -2.764e+04 1.756e+02 1.408e+02
s>            ( - -2.424e+02 1 0)
s>            ( QUESTION0 -1 -2.722e+04 1.572e+02 1.388e+02
s>                ( - -2.590e+04 3 0)
s>                ( - -1.157e+03 1 0)))
s>        ( - -7.975e+03 1 0))INFO: dtree.c(1315): Comp split 11
INFO: dtree.c(1439): stop. leaf nodes are specific
INFO: dtree.c(1478): Final simple tree
|( QUESTION2_11_L -1 -2.302e+04 4.224e+02 1.090e+02
|    ( - 1.820e+02 1 0)
|    ( QUESTION2_3_L -1 -2.278e+04 4.214e+02 1.080e+02
|        ( - 1.785e+02 1 0)
|        ( WDBNDRY_B 0 -2.254e+04 3.838e+02 1.070e+02
|            ( SILENCE -1 -1.773e+04 2.944e+02 8.418e+01
|                ( - -6.695e+03 1 0)
|                ( QUESTION0 -1 -1.074e+04 1.864e+02 5.145e+01
|                    ( QUESTION1 -1 -7.729e+03 1.374e+02 3.678e+01
|                        ( - -1.549e+03 1 0)
|                        ( - -6.043e+03 2 0))
|                    ( - -2.824e+03 2 0)))
|            ( - -4.429e+03 1 0))))
s>    ( QUESTION2_11_L -1 -2.302e+04 4.224e+02 1.090e+02
s>        ( - 1.820e+02 1 0)
s>        ( QUESTION2_3_L -1 -2.278e+04 4.214e+02 1.080e+02
s>            ( - 1.785e+02 1 0)
s>            ( WDBNDRY_B 0 -2.254e+04 3.838e+02 1.070e+02
s>                ( SILENCE -1 -1.773e+04 2.944e+02 8.418e+01
s>                    ( - -6.695e+03 1 0)
s>                    ( QUESTION0 -1 -1.074e+04 1.864e+02 5.145e+01
s>                        ( QUESTION1 -1 -7.729e+03 1.374e+02 3.678e+01
s>                            ( - -1.549e+03 1 0)
s>                            ( - -6.043e+03 2 0))
s>                        ( - -2.824e+03 2 0)))
s>                ( - -4.429e+03 1 0))))INFO: dtree.c(1315): Comp split 12
INFO: dtree.c(1478): Final simple tree
|( QUESTION7 -1 -6.605e+04 2.517e+02 3.396e+02
|    ( - -1.099e+04 1 0)
|    ( QUESTION0 -1 -5.482e+04 2.496e+02 2.814e+02
|        ( - -1.200e+04 2 0)
|        ( QUESTION18 -1 -4.257e+04 2.111e+02 2.200e+02
|            ( QUESTION0_15_R 1 -1.792e+04 2.048e+02 9.400e+01
|                ( - -3.350e+03 1 0)
|                ( - -1.436e+04 1 0))
|            ( WDBNDRY_B 0 -2.444e+04 1.935e+02 1.260e+02
|                ( QUESTION6 -1 -2.216e+04 1.719e+02 1.140e+02
|                    ( - -1.846e+03 1 0)
|                    ( QUESTION2_0_L -1 -2.014e+04 1.591e+02 1.040e+02
|                        ( - -7.154e+02 1 0)
|                        ( - -1.927e+04 4 0 QUESTION4 -1 1.340e+02 9.997e+01)))
|                ( - -2.087e+03 1 0)))))
s>    ( QUESTION7 -1 -6.605e+04 2.517e+02 3.396e+02
s>        ( - -1.099e+04 1 0)
s>        ( QUESTION0 -1 -5.482e+04 2.496e+02 2.814e+02
s>            ( - -1.200e+04 2 0)
s>            ( QUESTION18 -1 -4.257e+04 2.111e+02 2.200e+02
s>                ( QUESTION0_15_R 1 -1.792e+04 2.048e+02 9.400e+01
s>                    ( - -3.350e+03 1 0)
s>                    ( - -1.436e+04 1 0))
s>                ( WDBNDRY_B 0 -2.444e+04 1.935e+02 1.260e+02
s>                    ( QUESTION6 -1 -2.216e+04 1.719e+02 1.140e+02
s>                        ( - -1.846e+03 1 0)
s>                        ( QUESTION2_0_L -1 -2.014e+04 1.591e+02 1.040e+02
s>                            ( - -7.154e+02 1 0)
s>                            ( - -1.927e+04 4 0 QUESTION4 -1 1.340e+02 9.997e+01)))
s>                    ( - -2.087e+03 1 0)))))INFO: dtree.c(1439): stop. leaf nodes are specific
INFO: dtree.c(1478): Final simple tree
|( QUESTION0_15_R 1 -2.488e+04 1.858e+02 1.289e+02
|    ( - -1.023e+04 1 0)
|    ( - -1.446e+04 1 0))
s>    ( QUESTION0_15_R 1 -2.488e+04 1.858e+02 1.289e+02
s>        ( - -1.023e+04 1 0)
s>        ( - -1.446e+04 1 0))INFO: dtree.c(1315): Comp split 13
INFO: dtree.c(1439): stop. leaf nodes are specific
INFO: dtree.c(1478): Final simple tree
|( QUESTION2_3_L -1 -2.278e+04 4.214e+02 1.080e+02
|    ( - 1.785e+02 1 0)
|    ( WDBNDRY_B 0 -2.254e+04 3.838e+02 1.070e+02
|        ( SILENCE -1 -1.773e+04 2.944e+02 8.418e+01
|            ( - -6.695e+03 1 0)
|            ( QUESTION0 -1 -1.074e+04 1.864e+02 5.145e+01
|                ( QUESTION1 -1 -7.729e+03 1.374e+02 3.678e+01
|                    ( - -1.549e+03 1 0)
|                    ( - -6.043e+03 2 0))
|                ( - -2.824e+03 2 0)))
|        ( - -4.429e+03 1 0)))
s>    ( QUESTION2_3_L -1 -2.278e+04 4.214e+02 1.080e+02
s>        ( - 1.785e+02 1 0)
s>        ( WDBNDRY_B 0 -2.254e+04 3.838e+02 1.070e+02
s>            ( SILENCE -1 -1.773e+04 2.944e+02 8.418e+01
s>                ( - -6.695e+03 1 0)
s>                ( QUESTION0 -1 -1.074e+04 1.864e+02 5.145e+01
s>                    ( QUESTION1 -1 -7.729e+03 1.374e+02 3.678e+01
s>                        ( - -1.549e+03 1 0)
s>                        ( - -6.043e+03 2 0))
s>                    ( - -2.824e+03 2 0)))
s>            ( - -4.429e+03 1 0)))INFO: dtree.c(1315): Comp split 14
INFO: dtree.c(1439): stop. leaf nodes are specific
INFO: dtree.c(1478): Final simple tree
|( WDBNDRY_B 0 -2.254e+04 3.838e+02 1.070e+02
|    ( SILENCE -1 -1.773e+04 2.944e+02 8.418e+01
|        ( - -6.695e+03 1 0)
|        ( QUESTION0 -1 -1.074e+04 1.864e+02 5.145e+01
|            ( QUESTION1 -1 -7.729e+03 1.374e+02 3.678e+01
|                ( - -1.549e+03 1 0)
|                ( - -6.043e+03 2 0))
|            ( - -2.824e+03 2 0)))
|    ( - -4.429e+03 1 0))
s>    ( WDBNDRY_B 0 -2.254e+04 3.838e+02 1.070e+02
s>        ( SILENCE -1 -1.773e+04 2.944e+02 8.418e+01
s>            ( - -6.695e+03 1 0)
s>            ( QUESTION0 -1 -1.074e+04 1.864e+02 5.145e+01
s>                ( QUESTION1 -1 -7.729e+03 1.374e+02 3.678e+01
s>                    ( - -1.549e+03 1 0)
s>                    ( - -6.043e+03 2 0))
s>                ( - -2.824e+03 2 0)))
s>        ( - -4.429e+03 1 0))INFO: dtree.c(1315): Comp split 15
INFO: dtree.c(1439): stop. leaf nodes are specific
INFO: dtree.c(1478): Final simple tree
|( QUESTION0 -1 -1.074e+04 1.864e+02 5.145e+01
|    ( QUESTION1 -1 -7.729e+03 1.374e+02 3.678e+01
|        ( - -1.549e+03 1 0)
|        ( - -6.043e+03 2 0))
|    ( - -2.824e+03 2 0))
s>    ( QUESTION0 -1 -1.074e+04 1.864e+02 5.145e+01
s>        ( QUESTION1 -1 -7.729e+03 1.374e+02 3.678e+01
s>            ( - -1.549e+03 1 0)
s>            ( - -6.043e+03 2 0))
s>        ( - -2.824e+03 2 0))INFO: dtree.c(1439): stop. leaf nodes are specific
INFO: dtree.c(1478): Final simple tree
|( WDBNDRY_B 0 -1.139e+04 2.700e+02 5.559e+01
|    ( - -6.695e+03 1 0)
|    ( - -4.429e+03 1 0))
s>    ( WDBNDRY_B 0 -1.139e+04 2.700e+02 5.559e+01
s>        ( - -6.695e+03 1 0)
s>        ( - -4.429e+03 1 0))INFO: dtree.c(1315): Comp split 16
INFO: dtree.c(1439): stop. leaf nodes are specific
INFO: dtree.c(1478): Final simple tree
|( WDBNDRY_B 0 -5.283e+03 1.708e+02 2.402e+01
|    ( QUESTION0_15_R 1 -2.867e+03 1.778e+02 1.301e+01
|        ( - -1.929e+03 1 0)
|        ( - -7.598e+02 1 0))
|    ( - -2.245e+03 1 0))
s>    ( WDBNDRY_B 0 -5.283e+03 1.708e+02 2.402e+01
s>        ( QUESTION0_15_R 1 -2.867e+03 1.778e+02 1.301e+01
s>            ( - -1.929e+03 1 0)
s>            ( - -7.598e+02 1 0))
s>        ( - -2.245e+03 1 0))INFO: dtree.c(1315): Comp split 17
INFO: dtree.c(1439): stop. leaf nodes are specific
INFO: dtree.c(1478): Final simple tree
|( WDBNDRY_B 0 -3.198e+04 3.456e+02 1.722e+02
|    ( - -7.669e+03 1 0)
|    ( WDBNDRY_E 0 -2.396e+04 2.894e+02 1.292e+02
|        ( - -1.235e+04 1 0)
|        ( - -1.133e+04 1 0)))
s>    ( WDBNDRY_B 0 -3.198e+04 3.456e+02 1.722e+02
s>        ( - -7.669e+03 1 0)
s>        ( WDBNDRY_E 0 -2.396e+04 2.894e+02 1.292e+02
s>            ( - -1.235e+04 1 0)
s>            ( - -1.133e+04 1 0)))INFO: dtree.c(1315): Comp split 18
INFO: dtree.c(1439): stop. leaf nodes are specific
INFO: dtree.c(1478): Final simple tree
|( WDBNDRY_E 0 -2.396e+04 2.894e+02 1.292e+02
|    ( - -1.235e+04 1 0)
|    ( - -1.133e+04 1 0))
s>    ( WDBNDRY_E 0 -2.396e+04 2.894e+02 1.292e+02
s>        ( - -1.235e+04 1 0)
s>        ( - -1.133e+04 1 0))INFO: dtree.c(1315): Comp split 19
INFO: dtree.c(1439): stop. leaf nodes are specific
INFO: dtree.c(1478): Final simple tree
|( QUESTION0_1_R 1 -3.094e+04 1.808e+02 1.615e+02
|    ( - -1.777e+03 1 0)
|    ( - -2.898e+04 1 0))
s>    ( QUESTION0_1_R 1 -3.094e+04 1.808e+02 1.615e+02
s>        ( - -1.777e+03 1 0)
s>        ( - -2.898e+04 1 0))INFO: dtree.c(1439): stop. leaf nodes are specific
INFO: dtree.c(1478): Final simple tree
|( QUESTION0_0_R 1 -3.758e+04 2.395e+02 1.954e+02
|    ( QUESTION0_4_R 1 -2.856e+04 1.878e+02 1.494e+02
|        ( - -1.156e+04 1 0)
|        ( QUESTION0_1_R 1 -1.681e+04 1.372e+02 8.897e+01
|            ( QUESTION0_2_R 1 -5.063e+03 1.048e+02 2.700e+01
|                ( - -1.674e+03 1 0)
|                ( - -3.284e+03 1 0))
|            ( - -1.161e+04 1 0)))
|    ( SILENCE 1 -8.782e+03 1.243e+02 4.600e+01
|        ( - -3.680e+03 1 0)
|        ( - -4.978e+03 1 0)))
s>    ( QUESTION0_0_R 1 -3.758e+04 2.395e+02 1.954e+02
s>        ( QUESTION0_4_R 1 -2.856e+04 1.878e+02 1.494e+02
s>            ( - -1.156e+04 1 0)
s>            ( QUESTION0_1_R 1 -1.681e+04 1.372e+02 8.897e+01
s>                ( QUESTION0_2_R 1 -5.063e+03 1.048e+02 2.700e+01
s>                    ( - -1.674e+03 1 0)
s>                    ( - -3.284e+03 1 0))
s>                ( - -1.161e+04 1 0)))
s>        ( SILENCE 1 -8.782e+03 1.243e+02 4.600e+01
s>            ( - -3.680e+03 1 0)
s>            ( - -4.978e+03 1 0)))INFO: dtree.c(1315): Comp split 20
INFO: dtree.c(1439): stop. leaf nodes are specific
INFO: dtree.c(1478): Final simple tree
|( QUESTION0 -1 -2.406e+04 1.957e+02 1.236e+02
|    ( - -1.200e+04 2 0)
|    ( QUESTION4 -1 -1.186e+04 1.606e+02 6.221e+01
|        ( - -7.154e+02 1 0)
|        ( - -1.099e+04 1 0)))
s>    ( QUESTION0 -1 -2.406e+04 1.957e+02 1.236e+02
s>        ( - -1.200e+04 2 0)
s>        ( QUESTION4 -1 -1.186e+04 1.606e+02 6.221e+01
s>            ( - -7.154e+02 1 0)
s>            ( - -1.099e+04 1 0)))INFO: dtree.c(1439): stop. leaf nodes are specific
INFO: dtree.c(1478): Final simple tree
|( QUESTION2_2_L -1 -4.168e+04 2.347e+02 2.160e+02
|    ( WDBNDRY_B 0 -5.603e+03 1.662e+02 3.100e+01
|        ( - -3.350e+03 1 0)
|        ( - -2.087e+03 1 0))
|    ( QUESTION18 -1 -3.585e+04 2.010e+02 1.850e+02
|        ( - -1.436e+04 1 0)
|        ( QUESTION6 -1 -2.128e+04 1.710e+02 1.100e+02
|            ( - -1.846e+03 1 0)
|            ( QUESTION4 -1 -1.927e+04 1.340e+02 9.997e+01
|                ( - -1.865e+04 3 0)
|                ( - -4.775e+02 1 0)))))
s>    ( QUESTION2_2_L -1 -4.168e+04 2.347e+02 2.160e+02
s>        ( WDBNDRY_B 0 -5.603e+03 1.662e+02 3.100e+01
s>            ( - -3.350e+03 1 0)
s>            ( - -2.087e+03 1 0))
s>        ( QUESTION18 -1 -3.585e+04 2.010e+02 1.850e+02
s>            ( - -1.436e+04 1 0)
s>            ( QUESTION6 -1 -2.128e+04 1.710e+02 1.100e+02
s>                ( - -1.846e+03 1 0)
s>                ( QUESTION4 -1 -1.927e+04 1.340e+02 9.997e+01
s>                    ( - -1.865e+04 3 0)
s>                    ( - -4.775e+02 1 0)))))INFO: dtree.c(1315): Comp split 21
INFO: dtree.c(1439): stop. leaf nodes are specific
INFO: dtree.c(1478): Final simple tree
|( QUESTION5 -1 -2.764e+04 1.756e+02 1.408e+02
|    ( - -2.424e+02 1 0)
|    ( QUESTION0 -1 -2.722e+04 1.572e+02 1.388e+02
|        ( - -2.590e+04 3 0)
|        ( - -1.157e+03 1 0)))
s>    ( QUESTION5 -1 -2.764e+04 1.756e+02 1.408e+02
s>        ( - -2.424e+02 1 0)
s>        ( QUESTION0 -1 -2.722e+04 1.572e+02 1.388e+02
s>            ( - -2.590e+04 3 0)
s>            ( - -1.157e+03 1 0)))INFO: dtree.c(1315): Comp split 22
INFO: dtree.c(1439): stop. leaf nodes are specific
INFO: dtree.c(1478): Final simple tree
|( WDBNDRY_B 0 -2.310e+04 2.209e+02 1.220e+02
|    ( QUESTION4 -1 -2.012e+04 1.981e+02 1.060e+02
|        ( - -1.367e+04 2 0)
|        ( - -6.259e+03 1 0))
|    ( - -2.758e+03 1 0))
s>    ( WDBNDRY_B 0 -2.310e+04 2.209e+02 1.220e+02
s>        ( QUESTION4 -1 -2.012e+04 1.981e+02 1.060e+02
s>            ( - -1.367e+04 2 0)
s>            ( - -6.259e+03 1 0))
s>        ( - -2.758e+03 1 0))INFO: dtree.c(1315): Comp split 23
INFO: dtree.c(1315): Comp split 24
INFO: dtree.c(1315): Comp split 25
INFO: dtree.c(1439): stop. leaf nodes are specific
INFO: dtree.c(1478): Final simple tree
|( QUESTION0_4_R 1 -2.856e+04 1.878e+02 1.494e+02
|    ( - -1.156e+04 1 0)
|    ( QUESTION0_1_R 1 -1.681e+04 1.372e+02 8.897e+01
|        ( QUESTION0_2_R 1 -5.063e+03 1.048e+02 2.700e+01
|            ( - -1.674e+03 1 0)
|            ( - -3.284e+03 1 0))
|        ( - -1.161e+04 1 0)))
s>    ( QUESTION0_4_R 1 -2.856e+04 1.878e+02 1.494e+02
s>        ( - -1.156e+04 1 0)
s>        ( QUESTION0_1_R 1 -1.681e+04 1.372e+02 8.897e+01
s>            ( QUESTION0_2_R 1 -5.063e+03 1.048e+02 2.700e+01
s>                ( - -1.674e+03 1 0)
s>                ( - -3.284e+03 1 0))
s>            ( - -1.161e+04 1 0)))INFO: dtree.c(1439): stop. leaf nodes are specific
INFO: dtree.c(1478): Final simple tree
|( SILENCE 1 -8.782e+03 1.243e+02 4.600e+01
|    ( - -3.680e+03 1 0)
|    ( - -4.978e+03 1 0))
s>    ( SILENCE 1 -8.782e+03 1.243e+02 4.600e+01
s>        ( - -3.680e+03 1 0)
s>        ( - -4.978e+03 1 0))INFO: dtree.c(1315): Comp split 26
INFO: dtree.c(1439): stop. leaf nodes are specific
INFO: dtree.c(1478): Final simple tree
|( QUESTION18 -1 -3.585e+04 2.010e+02 1.850e+02
|    ( - -1.436e+04 1 0)
|    ( QUESTION6 -1 -2.128e+04 1.710e+02 1.100e+02
|        ( - -1.846e+03 1 0)
|        ( QUESTION4 -1 -1.927e+04 1.340e+02 9.997e+01
|            ( - -1.865e+04 3 0)
|            ( - -4.775e+02 1 0))))
s>    ( QUESTION18 -1 -3.585e+04 2.010e+02 1.850e+02
s>        ( - -1.436e+04 1 0)
s>        ( QUESTION6 -1 -2.128e+04 1.710e+02 1.100e+02
s>            ( - -1.846e+03 1 0)
s>            ( QUESTION4 -1 -1.927e+04 1.340e+02 9.997e+01
s>                ( - -1.865e+04 3 0)
s>                ( - -4.775e+02 1 0))))INFO: dtree.c(1439): stop. leaf nodes are specific
INFO: dtree.c(1478): Final simple tree
|( WDBNDRY_B 0 -5.603e+03 1.662e+02 3.100e+01
|    ( - -3.350e+03 1 0)
|    ( - -2.087e+03 1 0))
s>    ( WDBNDRY_B 0 -5.603e+03 1.662e+02 3.100e+01
s>        ( - -3.350e+03 1 0)
s>        ( - -2.087e+03 1 0))INFO: dtree.c(1315): Comp split 27
INFO: dtree.c(1439): stop. leaf nodes are specific
INFO: dtree.c(1478): Final simple tree
|( QUESTION4 -1 -2.012e+04 1.981e+02 1.060e+02
|    ( - -1.367e+04 2 0)
|    ( - -6.259e+03 1 0))
s>    ( QUESTION4 -1 -2.012e+04 1.981e+02 1.060e+02
s>        ( - -1.367e+04 2 0)
s>        ( - -6.259e+03 1 0))INFO: dtree.c(1315): Comp split 28
INFO: dtree.c(1439): stop. leaf nodes are specific
INFO: dtree.c(1478): Final simple tree
|( QUESTION6 -1 -2.128e+04 1.710e+02 1.100e+02
|    ( - -1.846e+03 1 0)
|    ( QUESTION4 -1 -1.927e+04 1.340e+02 9.997e+01
|        ( - -1.865e+04 3 0)
|        ( - -4.775e+02 1 0)))
s>    ( QUESTION6 -1 -2.128e+04 1.710e+02 1.100e+02
s>        ( - -1.846e+03 1 0)
s>        ( QUESTION4 -1 -1.927e+04 1.340e+02 9.997e+01
s>            ( - -1.865e+04 3 0)
s>            ( - -4.775e+02 1 0)))INFO: dtree.c(1315): Comp split 29
INFO: dtree.c(1439): stop. leaf nodes are specific
INFO: dtree.c(1478): Final simple tree
|( SILENCE 1 -5.247e+03 1.329e+02 2.769e+01
|    ( - -2.375e+03 1 0)
|    ( - -2.739e+03 1 0))
s>    ( SILENCE 1 -5.247e+03 1.329e+02 2.769e+01
s>        ( - -2.375e+03 1 0)
s>        ( - -2.739e+03 1 0))INFO: dtree.c(1315): Comp split 30
INFO: dtree.c(1315): Comp split 31
INFO: dtree.c(1439): stop. leaf nodes are specific
INFO: dtree.c(1478): Final simple tree
|( QUESTION4 -1 -1.186e+04 1.606e+02 6.221e+01
|    ( - -7.154e+02 1 0)
|    ( - -1.099e+04 1 0))
s>    ( QUESTION4 -1 -1.186e+04 1.606e+02 6.221e+01
s>        ( - -7.154e+02 1 0)
s>        ( - -1.099e+04 1 0))INFO: dtree.c(1315): Comp split 32
INFO: dtree.c(1439): stop. leaf nodes are specific
INFO: dtree.c(1478): Final simple tree
|( QUESTION0_1_R 1 -1.681e+04 1.372e+02 8.897e+01
|    ( QUESTION0_2_R 1 -5.063e+03 1.048e+02 2.700e+01
|        ( - -1.674e+03 1 0)
|        ( - -3.284e+03 1 0))
|    ( - -1.161e+04 1 0))
s>    ( QUESTION0_1_R 1 -1.681e+04 1.372e+02 8.897e+01
s>        ( QUESTION0_2_R 1 -5.063e+03 1.048e+02 2.700e+01
s>            ( - -1.674e+03 1 0)
s>            ( - -3.284e+03 1 0))
s>        ( - -1.161e+04 1 0))INFO: dtree.c(1315): Comp split 33
INFO: dtree.c(1439): stop. leaf nodes are specific
INFO: dtree.c(1478): Final simple tree
|( QUESTION1 -1 -7.729e+03 1.374e+02 3.678e+01
|    ( - -1.549e+03 1 0)
|    ( - -6.043e+03 2 0))
s>    ( QUESTION1 -1 -7.729e+03 1.374e+02 3.678e+01
s>        ( - -1.549e+03 1 0)
s>        ( - -6.043e+03 2 0))INFO: dtree.c(1315): Comp split 34
INFO: dtree.c(1315): Comp split 35
INFO: dtree.c(1315): Comp split 36
INFO: dtree.c(1439): stop. leaf nodes are specific
INFO: dtree.c(1478): Final simple tree
|( QUESTION0 -1 -2.722e+04 1.572e+02 1.388e+02
|    ( - -2.590e+04 3 0)
|    ( - -1.157e+03 1 0))
s>    ( QUESTION0 -1 -2.722e+04 1.572e+02 1.388e+02
s>        ( - -2.590e+04 3 0)
s>        ( - -1.157e+03 1 0))INFO: dtree.c(1315): Comp split 37
INFO: dtree.c(1439): stop. leaf nodes are specific
INFO: dtree.c(1478): Final simple tree
|( WDBNDRY_B 0 -4.352e+03 1.772e+02 2.002e+01
|    ( - -1.929e+03 1 0)
|    ( - -2.245e+03 1 0))
s>    ( WDBNDRY_B 0 -4.352e+03 1.772e+02 2.002e+01
s>        ( - -1.929e+03 1 0)
s>        ( - -2.245e+03 1 0))INFO: dtree.c(1315): Comp split 38
INFO: dtree.c(1315): Comp split 39
INFO: dtree.c(1439): stop. leaf nodes are specific
INFO: dtree.c(1478): Final simple tree
|( QUESTION4 -1 -1.927e+04 1.340e+02 9.997e+01
|    ( - -1.865e+04 3 0)
|    ( - -4.775e+02 1 0))
s>    ( QUESTION4 -1 -1.927e+04 1.340e+02 9.997e+01
s>        ( - -1.865e+04 3 0)
s>        ( - -4.775e+02 1 0))INFO: dtree.c(1315): Comp split 40
INFO: dtree.c(1315): Comp split 41
INFO: dtree.c(1315): Comp split 42
INFO: dtree.c(1315): Comp split 43
INFO: dtree.c(1315): Comp split 44
INFO: dtree.c(1315): Comp split 45
INFO: dtree.c(1439): stop. leaf nodes are specific
INFO: dtree.c(1478): Final simple tree
|( QUESTION0_2_R 1 -5.063e+03 1.048e+02 2.700e+01
|    ( - -1.674e+03 1 0)
|    ( - -3.284e+03 1 0))
s>    ( QUESTION0_2_R 1 -5.063e+03 1.048e+02 2.700e+01
s>        ( - -1.674e+03 1 0)
s>        ( - -3.284e+03 1 0))INFO: dtree.c(1315): Comp split 46
INFO: dtree.c(1315): Comp split 47
INFO: dtree.c(1315): Comp split 48
INFO: dtree.c(1315): Comp split 49
INFO: dtree.c(1315): Comp split 50
INFO: dtree.c(1318): stop. leaf nodes are specific
Mon Jan 30 07:35:46 2017
