Current configuration:
[NAME]		[DEFLT]	[VALUE]
-allphones	no	no
-cntthresh	0.00001	1.000000e-05
-csplitmax	100	2000
-csplitmin	1	1
-csplitthr	8e-4	0.000000e+00
-example	no	no
-fullvar	no	no
-help		no	no
-meanfn			/Users/benroye/forge/cmusphinx/voiceVim/model_parameters/voiceVim.cd_cont_untied/means
-mixwfn			/Users/benroye/forge/cmusphinx/voiceVim/model_parameters/voiceVim.cd_cont_untied/mixture_weights
-moddeffn		/Users/benroye/forge/cmusphinx/voiceVim/model_architecture/voiceVim.untied.mdef
-mwfloor	1e-4	1.000000e-08
-phone			b
-psetfn			/Users/benroye/forge/cmusphinx/voiceVim/model_architecture/voiceVim.tree_questions
-ssplitmax	5	7
-ssplitmin	1	1
-ssplitthr	8e-4	0.000000e+00
-state			2
-stwt			1.0,0.05,0.0,
-treefn			/Users/benroye/forge/cmusphinx/voiceVim/trees/voiceVim.unpruned/b-2.dtree
-ts2cbfn	.semi.	.cont.
-varfloor	0.00001	1.000000e-05
-varfn			/Users/benroye/forge/cmusphinx/voiceVim/model_parameters/voiceVim.cd_cont_untied/variances

INFO: main.c(223): Reading: /Users/benroye/forge/cmusphinx/voiceVim/model_architecture/voiceVim.untied.mdef
INFO: model_def_io.c(573): Model definition info:
INFO: model_def_io.c(574): 2249 total models defined (39 base, 2210 tri)
INFO: model_def_io.c(575): 8996 total states
INFO: model_def_io.c(576): 6747 total tied states
INFO: model_def_io.c(577): 117 total tied CI states
INFO: model_def_io.c(578): 39 total tied transition matrices
INFO: model_def_io.c(579): 4 max state/model
INFO: model_def_io.c(580): 4 min state/model
INFO: main.c(242): Building trees for [b SIL aa b] through [b v aa b]
INFO: main.c(269): Covering states |[402 554]| == 153
INFO: main.c(275): Reading: /Users/benroye/forge/cmusphinx/voiceVim/model_parameters/voiceVim.cd_cont_untied/mixture_weights
INFO: s3mixw_io.c(173): Read /Users/benroye/forge/cmusphinx/voiceVim/model_parameters/voiceVim.cd_cont_untied/mixture_weights [153x1x1 array]
INFO: main.c(311): 51 of 51 models have observation count greater than 0.000010
INFO: main.c(95): nrm stwt: 0.000 0.048 0.952 
INFO: s3gau_io.c(169): Read /Users/benroye/forge/cmusphinx/voiceVim/model_parameters/voiceVim.cd_cont_untied/means [6747x1x1 array]
INFO: s3gau_io.c(169): Read /Users/benroye/forge/cmusphinx/voiceVim/model_parameters/voiceVim.cd_cont_untied/variances [6747x1x1 array]
INFO: main.c(549): Reading: /Users/benroye/forge/cmusphinx/voiceVim/model_architecture/voiceVim.tree_questions
INFO: main.c(588): 174 total simple questions (166 phone; 8 word bndry)
INFO: main.c(590): 40 Left Only questions, and 42 Right Only questions
INFO: dtree.c(1478): Final simple tree
|( WDBNDRY_I 0 -2.595e+05 6.529e+03 1.239e+03
|    ( QUESTION2_3_L -1 -5.731e+04 1.320e+03 2.593e+02
|        ( - -1.202e+04 2 0 QUESTION4 -1 2.455e+02 5.487e+01)
|        ( - -4.397e+04 3 0 QUESTION0_8_R 1 3.847e+02 2.044e+02))
|    ( QUESTION3 -1 -1.957e+05 2.615e+03 9.798e+02
|        ( QUESTION2_0_L -1 -1.701e+05 2.157e+03 8.758e+02
|            ( QUESTION19 -1 -1.633e+05 6.691e+02 8.554e+02
|                ( - -5.622e+04 4 0 QUESTION0_8_R 1 3.985e+02 3.049e+02)
|                ( WDBNDRY_B 0 -1.064e+05 6.676e+02 5.505e+02
|                    ( QUESTION11 -1 -6.253e+04 5.657e+02 3.289e+02
|                        ( - 2.416e+02 1 0)
|                        ( - -6.221e+04 9 0 QUESTION2_11_L -1 4.777e+02 3.279e+02))
|                    ( - -4.325e+04 12 0 QUESTION0_20_R 1 4.787e+02 2.216e+02)))
|            ( - -4.573e+03 7 0 QUESTION6 -1 4.698e+02 2.041e+01))
|        ( - -2.301e+04 13 0 QUESTION1 -1 4.284e+02 1.040e+02)))
s>    ( WDBNDRY_I 0 -2.595e+05 6.529e+03 1.239e+03
s>        ( QUESTION2_3_L -1 -5.731e+04 1.320e+03 2.593e+02
s>            ( - -1.202e+04 2 0 QUESTION4 -1 2.455e+02 5.487e+01)
s>            ( - -4.397e+04 3 0 QUESTION0_8_R 1 3.847e+02 2.044e+02))
s>        ( QUESTION3 -1 -1.957e+05 2.615e+03 9.798e+02
s>            ( QUESTION2_0_L -1 -1.701e+05 2.157e+03 8.758e+02
s>                ( QUESTION19 -1 -1.633e+05 6.691e+02 8.554e+02
s>                    ( - -5.622e+04 4 0 QUESTION0_8_R 1 3.985e+02 3.049e+02)
s>                    ( WDBNDRY_B 0 -1.064e+05 6.676e+02 5.505e+02
s>                        ( QUESTION11 -1 -6.253e+04 5.657e+02 3.289e+02
s>                            ( - 2.416e+02 1 0)
s>                            ( - -6.221e+04 9 0 QUESTION2_11_L -1 4.777e+02 3.279e+02))
s>                        ( - -4.325e+04 12 0 QUESTION0_20_R 1 4.787e+02 2.216e+02)))
s>                ( - -4.573e+03 7 0 QUESTION6 -1 4.698e+02 2.041e+01))
s>            ( - -2.301e+04 13 0 QUESTION1 -1 4.284e+02 1.040e+02)))INFO: dtree.c(1315): Comp split 0
INFO: dtree.c(1478): Final simple tree
|( WDBNDRY_B 0 -1.630e+05 6.905e+02 8.544e+02
|    ( QUESTION19 -1 -1.191e+05 6.437e+02 6.328e+02
|        ( - -5.622e+04 4 0 QUESTION0_8_R 1 3.985e+02 3.049e+02)
|        ( QUESTION2_11_L -1 -6.221e+04 4.777e+02 3.279e+02
|            ( - 2.416e+02 1 0)
|            ( QUESTION2_9_L -1 -6.197e+04 4.704e+02 3.269e+02
|                ( - -1.621e+04 2 0 QUESTION4 1 1.717e+02 8.800e+01)
|                ( - -4.529e+04 6 0 QUESTION0_8_R 1 3.256e+02 2.389e+02))))
|    ( QUESTION0_20_R 1 -4.325e+04 4.787e+02 2.216e+02
|        ( - 2.405e+02 1 0)
|        ( QUESTION19 1 -4.301e+04 4.582e+02 2.206e+02
|            ( - 2.415e+02 1 0)
|            ( SILENCE 1 -4.279e+04 4.007e+02 2.196e+02
|                ( - -3.188e+03 2 0 QUESTION2_11_L -1 1.639e+02 1.599e+01)
|                ( - -3.921e+04 8 0 QUESTION5 1 4.440e+02 2.036e+02)))))
s>    ( WDBNDRY_B 0 -1.630e+05 6.905e+02 8.544e+02
s>        ( QUESTION19 -1 -1.191e+05 6.437e+02 6.328e+02
s>            ( - -5.622e+04 4 0 QUESTION0_8_R 1 3.985e+02 3.049e+02)
s>            ( QUESTION2_11_L -1 -6.221e+04 4.777e+02 3.279e+02
s>                ( - 2.416e+02 1 0)
s>                ( QUESTION2_9_L -1 -6.197e+04 4.704e+02 3.269e+02
s>                    ( - -1.621e+04 2 0 QUESTION4 1 1.717e+02 8.800e+01)
s>                    ( - -4.529e+04 6 0 QUESTION0_8_R 1 3.256e+02 2.389e+02))))
s>        ( QUESTION0_20_R 1 -4.325e+04 4.787e+02 2.216e+02
s>            ( - 2.405e+02 1 0)
s>            ( QUESTION19 1 -4.301e+04 4.582e+02 2.206e+02
s>                ( - 2.415e+02 1 0)
s>                ( SILENCE 1 -4.279e+04 4.007e+02 2.196e+02
s>                    ( - -3.188e+03 2 0 QUESTION2_11_L -1 1.639e+02 1.599e+01)
s>                    ( - -3.921e+04 8 0 QUESTION5 1 4.440e+02 2.036e+02)))))INFO: dtree.c(1478): Final simple tree
|( QUESTION2_18_L -1 -8.651e+04 1.682e+03 3.847e+02
|    ( - -4.397e+04 3 0 QUESTION0_8_R 1 3.847e+02 2.044e+02)
|    ( QUESTION0_8_R 1 -4.086e+04 8.393e+02 1.803e+02
|        ( QUESTION1 -1 -2.167e+04 4.746e+02 9.485e+01
|            ( - 1.903e+02 1 0)
|            ( QUESTION6 -1 -2.138e+04 4.595e+02 9.385e+01
|                ( - 2.412e+02 1 0)
|                ( QUESTION2_9_L -1 -2.116e+04 4.550e+02 9.285e+01
|                    ( - 2.416e+02 1 0)
|                    ( QUESTION4 -1 -2.095e+04 4.497e+02 9.185e+01
|                        ( WDBNDRY_B 0 -7.534e+03 4.398e+02 3.504e+01
|                            ( - 2.170e+02 1 0)
|                            ( - -7.311e+03 1 0))
|                        ( - -1.297e+04 10 0 WDBNDRY_B 0 2.389e+02 5.681e+01)))))
|        ( - -1.835e+04 8 0 QUESTION1 -1 4.122e+02 8.541e+01)))
s>    ( QUESTION2_18_L -1 -8.651e+04 1.682e+03 3.847e+02
s>        ( - -4.397e+04 3 0 QUESTION0_8_R 1 3.847e+02 2.044e+02)
s>        ( QUESTION0_8_R 1 -4.086e+04 8.393e+02 1.803e+02
s>            ( QUESTION1 -1 -2.167e+04 4.746e+02 9.485e+01
s>                ( - 1.903e+02 1 0)
s>                ( QUESTION6 -1 -2.138e+04 4.595e+02 9.385e+01
s>                    ( - 2.412e+02 1 0)
s>                    ( QUESTION2_9_L -1 -2.116e+04 4.550e+02 9.285e+01
s>                        ( - 2.416e+02 1 0)
s>                        ( QUESTION4 -1 -2.095e+04 4.497e+02 9.185e+01
s>                            ( WDBNDRY_B 0 -7.534e+03 4.398e+02 3.504e+01
s>                                ( - 2.170e+02 1 0)
s>                                ( - -7.311e+03 1 0))
s>                            ( - -1.297e+04 10 0 WDBNDRY_B 0 2.389e+02 5.681e+01)))))
s>            ( - -1.835e+04 8 0 QUESTION1 -1 4.122e+02 8.541e+01)))INFO: dtree.c(1315): Comp split 1
INFO: dtree.c(1478): Final simple tree
|( QUESTION0_8_R 1 -4.086e+04 8.393e+02 1.803e+02
|    ( QUESTION1 -1 -2.167e+04 4.746e+02 9.485e+01
|        ( - 1.903e+02 1 0)
|        ( QUESTION6 -1 -2.138e+04 4.595e+02 9.385e+01
|            ( - 2.412e+02 1 0)
|            ( QUESTION2_9_L -1 -2.116e+04 4.550e+02 9.285e+01
|                ( - 2.416e+02 1 0)
|                ( QUESTION4 -1 -2.095e+04 4.497e+02 9.185e+01
|                    ( WDBNDRY_B 0 -7.534e+03 4.398e+02 3.504e+01
|                        ( - 2.170e+02 1 0)
|                        ( - -7.311e+03 1 0))
|                    ( - -1.297e+04 10 0 WDBNDRY_B 0 2.389e+02 5.681e+01)))))
|    ( QUESTION1 -1 -1.835e+04 4.122e+02 8.541e+01
|        ( - -8.348e+03 1 0)
|        ( - -9.591e+03 7 0 QUESTION0 -1 2.166e+02 4.341e+01)))
s>    ( QUESTION0_8_R 1 -4.086e+04 8.393e+02 1.803e+02
s>        ( QUESTION1 -1 -2.167e+04 4.746e+02 9.485e+01
s>            ( - 1.903e+02 1 0)
s>            ( QUESTION6 -1 -2.138e+04 4.595e+02 9.385e+01
s>                ( - 2.412e+02 1 0)
s>                ( QUESTION2_9_L -1 -2.116e+04 4.550e+02 9.285e+01
s>                    ( - 2.416e+02 1 0)
s>                    ( QUESTION4 -1 -2.095e+04 4.497e+02 9.185e+01
s>                        ( WDBNDRY_B 0 -7.534e+03 4.398e+02 3.504e+01
s>                            ( - 2.170e+02 1 0)
s>                            ( - -7.311e+03 1 0))
s>                        ( - -1.297e+04 10 0 WDBNDRY_B 0 2.389e+02 5.681e+01)))))
s>        ( QUESTION1 -1 -1.835e+04 4.122e+02 8.541e+01
s>            ( - -8.348e+03 1 0)
s>            ( - -9.591e+03 7 0 QUESTION0 -1 2.166e+02 4.341e+01)))INFO: dtree.c(1439): stop. leaf nodes are specific
INFO: dtree.c(1478): Final simple tree
|( QUESTION0_8_R 1 -4.397e+04 3.847e+02 2.044e+02
|    ( - -4.231e+04 2 0)
|    ( - -1.275e+03 1 0))
s>    ( QUESTION0_8_R 1 -4.397e+04 3.847e+02 2.044e+02
s>        ( - -4.231e+04 2 0)
s>        ( - -1.275e+03 1 0))INFO: dtree.c(1315): Comp split 2
INFO: dtree.c(1478): Final simple tree
|( QUESTION1 -1 -2.167e+04 4.746e+02 9.485e+01
|    ( - 1.903e+02 1 0)
|    ( QUESTION6 -1 -2.138e+04 4.595e+02 9.385e+01
|        ( - 2.412e+02 1 0)
|        ( QUESTION2_9_L -1 -2.116e+04 4.550e+02 9.285e+01
|            ( - 2.416e+02 1 0)
|            ( QUESTION4 -1 -2.095e+04 4.497e+02 9.185e+01
|                ( WDBNDRY_B 0 -7.534e+03 4.398e+02 3.504e+01
|                    ( - 2.170e+02 1 0)
|                    ( - -7.311e+03 1 0))
|                ( WDBNDRY_B 0 -1.297e+04 2.389e+02 5.681e+01
|                    ( QUESTION4 1 -8.263e+03 1.703e+02 3.598e+01
|                        ( - -4.387e+03 5 0 SILENCE -1 1.481e+02 1.900e+01)
|                        ( - -3.706e+03 4 0 SILENCE -1 8.901e+01 1.698e+01))
|                    ( - -4.465e+03 1 0))))))
s>    ( QUESTION1 -1 -2.167e+04 4.746e+02 9.485e+01
s>        ( - 1.903e+02 1 0)
s>        ( QUESTION6 -1 -2.138e+04 4.595e+02 9.385e+01
s>            ( - 2.412e+02 1 0)
s>            ( QUESTION2_9_L -1 -2.116e+04 4.550e+02 9.285e+01
s>                ( - 2.416e+02 1 0)
s>                ( QUESTION4 -1 -2.095e+04 4.497e+02 9.185e+01
s>                    ( WDBNDRY_B 0 -7.534e+03 4.398e+02 3.504e+01
s>                        ( - 2.170e+02 1 0)
s>                        ( - -7.311e+03 1 0))
s>                    ( WDBNDRY_B 0 -1.297e+04 2.389e+02 5.681e+01
s>                        ( QUESTION4 1 -8.263e+03 1.703e+02 3.598e+01
s>                            ( - -4.387e+03 5 0 SILENCE -1 1.481e+02 1.900e+01)
s>                            ( - -3.706e+03 4 0 SILENCE -1 8.901e+01 1.698e+01))
s>                        ( - -4.465e+03 1 0))))))INFO: dtree.c(1439): stop. leaf nodes are specific
INFO: dtree.c(1478): Final simple tree
|( QUESTION1 -1 -1.835e+04 4.122e+02 8.541e+01
|    ( - -8.348e+03 1 0)
|    ( QUESTION0 -1 -9.591e+03 2.166e+02 4.341e+01
|        ( - -4.378e+03 2 0)
|        ( SILENCE -1 -4.996e+03 1.042e+02 2.241e+01
|            ( - -1.296e+03 1 0)
|            ( - -3.596e+03 4 0))))
s>    ( QUESTION1 -1 -1.835e+04 4.122e+02 8.541e+01
s>        ( - -8.348e+03 1 0)
s>        ( QUESTION0 -1 -9.591e+03 2.166e+02 4.341e+01
s>            ( - -4.378e+03 2 0)
s>            ( SILENCE -1 -4.996e+03 1.042e+02 2.241e+01
s>                ( - -1.296e+03 1 0)
s>                ( - -3.596e+03 4 0))))INFO: dtree.c(1315): Comp split 3
INFO: dtree.c(1439): stop. leaf nodes are specific
INFO: dtree.c(1478): Final simple tree
|( QUESTION4 -1 -7.289e+04 4.505e+02 3.929e+02
|    ( QUESTION4 1 -1.621e+04 1.717e+02 8.800e+01
|        ( - -1.088e+04 1 0)
|        ( - -5.160e+03 1 0))
|    ( QUESTION0_8_R 1 -5.622e+04 3.985e+02 3.049e+02
|        ( QUESTION4 1 -5.289e+04 2.259e+02 2.889e+02
|            ( - -3.793e+04 2 0)
|            ( - -1.474e+04 1 0))
|        ( - -2.937e+03 1 0)))
s>    ( QUESTION4 -1 -7.289e+04 4.505e+02 3.929e+02
s>        ( QUESTION4 1 -1.621e+04 1.717e+02 8.800e+01
s>            ( - -1.088e+04 1 0)
s>            ( - -5.160e+03 1 0))
s>        ( QUESTION0_8_R 1 -5.622e+04 3.985e+02 3.049e+02
s>            ( QUESTION4 1 -5.289e+04 2.259e+02 2.889e+02
s>                ( - -3.793e+04 2 0)
s>                ( - -1.474e+04 1 0))
s>            ( - -2.937e+03 1 0)))INFO: dtree.c(1478): Final simple tree
|( QUESTION2_9_L -1 -8.940e+04 6.491e+02 4.616e+02
|    ( QUESTION0_20_R 1 -4.347e+04 4.785e+02 2.226e+02
|        ( - 2.405e+02 1 0)
|        ( WDBNDRY_B 0 -4.323e+04 4.587e+02 2.216e+02
|            ( - 2.416e+02 1 0)
|            ( QUESTION19 1 -4.301e+04 4.582e+02 2.206e+02
|                ( - 2.415e+02 1 0)
|                ( SILENCE 1 -4.279e+04 4.007e+02 2.196e+02
|                    ( - -3.188e+03 2 0 QUESTION2_11_L -1 1.639e+02 1.599e+01)
|                    ( QUESTION5 1 -3.921e+04 4.440e+02 2.036e+02
|                        ( - -9.852e+03 4 0 QUESTION0_11_R 1 2.227e+02 5.100e+01)
|                        ( - -2.891e+04 4 0 QUESTION2_11_L -1 2.979e+02 1.526e+02))))))
|    ( QUESTION0_8_R 1 -4.529e+04 3.256e+02 2.389e+02
|        ( - -3.348e+04 4 0 QUESTION2_4_L -1 2.168e+02 1.789e+02)
|        ( - -1.149e+04 2 0 QUESTION6 -1 2.461e+02 6.000e+01)))
s>    ( QUESTION2_9_L -1 -8.940e+04 6.491e+02 4.616e+02
s>        ( QUESTION0_20_R 1 -4.347e+04 4.785e+02 2.226e+02
s>            ( - 2.405e+02 1 0)
s>            ( WDBNDRY_B 0 -4.323e+04 4.587e+02 2.216e+02
s>                ( - 2.416e+02 1 0)
s>                ( QUESTION19 1 -4.301e+04 4.582e+02 2.206e+02
s>                    ( - 2.415e+02 1 0)
s>                    ( SILENCE 1 -4.279e+04 4.007e+02 2.196e+02
s>                        ( - -3.188e+03 2 0 QUESTION2_11_L -1 1.639e+02 1.599e+01)
s>                        ( QUESTION5 1 -3.921e+04 4.440e+02 2.036e+02
s>                            ( - -9.852e+03 4 0 QUESTION0_11_R 1 2.227e+02 5.100e+01)
s>                            ( - -2.891e+04 4 0 QUESTION2_11_L -1 2.979e+02 1.526e+02))))))
s>        ( QUESTION0_8_R 1 -4.529e+04 3.256e+02 2.389e+02
s>            ( - -3.348e+04 4 0 QUESTION2_4_L -1 2.168e+02 1.789e+02)
s>            ( - -1.149e+04 2 0 QUESTION6 -1 2.461e+02 6.000e+01)))INFO: dtree.c(1315): Comp split 4
INFO: dtree.c(1439): stop. leaf nodes are specific
INFO: dtree.c(1478): Final simple tree
|( WDBNDRY_B 0 -2.914e+04 4.677e+02 1.536e+02
|    ( - 2.416e+02 1 0)
|    ( QUESTION2_11_L -1 -2.891e+04 2.979e+02 1.526e+02
|        ( QUESTION0_8_R 1 -1.630e+04 1.797e+02 8.562e+01
|            ( - -3.556e+03 1 0)
|            ( - -1.256e+04 1 0))
|        ( - -1.232e+04 2 0)))
s>    ( WDBNDRY_B 0 -2.914e+04 4.677e+02 1.536e+02
s>        ( - 2.416e+02 1 0)
s>        ( QUESTION2_11_L -1 -2.891e+04 2.979e+02 1.526e+02
s>            ( QUESTION0_8_R 1 -1.630e+04 1.797e+02 8.562e+01
s>                ( - -3.556e+03 1 0)
s>                ( - -1.256e+04 1 0))
s>            ( - -1.232e+04 2 0)))INFO: dtree.c(1478): Final simple tree
|( QUESTION0_20_R 1 -5.951e+04 4.843e+02 3.079e+02
|    ( - 2.405e+02 1 0)
|    ( QUESTION19 1 -5.927e+04 4.600e+02 3.069e+02
|        ( - 2.415e+02 1 0)
|        ( SILENCE 1 -5.905e+04 4.539e+02 3.059e+02
|            ( - -3.188e+03 2 0 QUESTION2_11_L -1 1.639e+02 1.599e+01)
|            ( QUESTION0_8_R 1 -5.541e+04 3.482e+02 2.899e+02
|                ( QUESTION2_4_L -1 -3.348e+04 2.168e+02 1.789e+02
|                    ( - -3.373e+03 1 0)
|                    ( - -2.989e+04 3 0 QUESTION4 -1 2.194e+02 1.599e+02))
|                ( QUESTION6 -1 -2.158e+04 3.078e+02 1.110e+02
|                    ( - -6.082e+03 1 0)
|                    ( QUESTION0_12_R 1 -1.519e+04 2.553e+02 7.800e+01
|                        ( - -6.138e+03 1 0)
|                        ( - -8.800e+03 4 0 QUESTION0_10_R 1 1.666e+02 4.500e+01)))))))
s>    ( QUESTION0_20_R 1 -5.951e+04 4.843e+02 3.079e+02
s>        ( - 2.405e+02 1 0)
s>        ( QUESTION19 1 -5.927e+04 4.600e+02 3.069e+02
s>            ( - 2.415e+02 1 0)
s>            ( SILENCE 1 -5.905e+04 4.539e+02 3.059e+02
s>                ( - -3.188e+03 2 0 QUESTION2_11_L -1 1.639e+02 1.599e+01)
s>                ( QUESTION0_8_R 1 -5.541e+04 3.482e+02 2.899e+02
s>                    ( QUESTION2_4_L -1 -3.348e+04 2.168e+02 1.789e+02
s>                        ( - -3.373e+03 1 0)
s>                        ( - -2.989e+04 3 0 QUESTION4 -1 2.194e+02 1.599e+02))
s>                    ( QUESTION6 -1 -2.158e+04 3.078e+02 1.110e+02
s>                        ( - -6.082e+03 1 0)
s>                        ( QUESTION0_12_R 1 -1.519e+04 2.553e+02 7.800e+01
s>                            ( - -6.138e+03 1 0)
s>                            ( - -8.800e+03 4 0 QUESTION0_10_R 1 1.666e+02 4.500e+01)))))))INFO: dtree.c(1315): Comp split 5
INFO: dtree.c(1439): stop. leaf nodes are specific
INFO: dtree.c(1478): Final simple tree
|( QUESTION4 1 -5.289e+04 2.259e+02 2.889e+02
|    ( - -3.793e+04 2 0)
|    ( - -1.474e+04 1 0))
s>    ( QUESTION4 1 -5.289e+04 2.259e+02 2.889e+02
s>        ( - -3.793e+04 2 0)
s>        ( - -1.474e+04 1 0))INFO: dtree.c(1439): stop. leaf nodes are specific
INFO: dtree.c(1478): Final simple tree
|( QUESTION0_8_R 1 -1.947e+04 3.198e+02 1.040e+02
|    ( QUESTION4 1 -1.621e+04 1.717e+02 8.800e+01
|        ( - -1.088e+04 1 0)
|        ( - -5.160e+03 1 0))
|    ( - -2.937e+03 1 0))
s>    ( QUESTION0_8_R 1 -1.947e+04 3.198e+02 1.040e+02
s>        ( QUESTION4 1 -1.621e+04 1.717e+02 8.800e+01
s>            ( - -1.088e+04 1 0)
s>            ( - -5.160e+03 1 0))
s>        ( - -2.937e+03 1 0))INFO: dtree.c(1315): Comp split 6
INFO: dtree.c(1439): stop. leaf nodes are specific
INFO: dtree.c(1478): Final simple tree
|( QUESTION0_8_R 1 -3.987e+04 3.150e+02 2.119e+02
|    ( QUESTION2_4_L -1 -3.348e+04 2.168e+02 1.789e+02
|        ( - -3.373e+03 1 0)
|        ( QUESTION4 -1 -2.989e+04 2.194e+02 1.599e+02
|            ( - -2.226e+03 1 0)
|            ( QUESTION4 1 -2.744e+04 2.496e+02 1.469e+02
|                ( - -1.884e+04 1 0)
|                ( - -8.349e+03 1 0))))
|    ( - -6.082e+03 1 0))
s>    ( QUESTION0_8_R 1 -3.987e+04 3.150e+02 2.119e+02
s>        ( QUESTION2_4_L -1 -3.348e+04 2.168e+02 1.789e+02
s>            ( - -3.373e+03 1 0)
s>            ( QUESTION4 -1 -2.989e+04 2.194e+02 1.599e+02
s>                ( - -2.226e+03 1 0)
s>                ( QUESTION4 1 -2.744e+04 2.496e+02 1.469e+02
s>                    ( - -1.884e+04 1 0)
s>                    ( - -8.349e+03 1 0))))
s>        ( - -6.082e+03 1 0))INFO: dtree.c(1478): Final simple tree
|( QUESTION0_20_R 1 -1.915e+04 4.735e+02 9.599e+01
|    ( - 2.405e+02 1 0)
|    ( QUESTION19 1 -1.892e+04 4.621e+02 9.499e+01
|        ( - 2.415e+02 1 0)
|        ( SILENCE 1 -1.870e+04 3.151e+02 9.399e+01
|            ( QUESTION2_11_L -1 -3.188e+03 1.639e+02 1.599e+01
|                ( - -2.766e+03 1 0)
|                ( - -2.576e+02 1 0))
|            ( QUESTION0_12_R 1 -1.519e+04 2.553e+02 7.800e+01
|                ( - -6.138e+03 1 0)
|                ( QUESTION0_10_R 1 -8.800e+03 1.666e+02 4.500e+01
|                    ( - -2.015e+03 1 0)
|                    ( QUESTION0_6_R 1 -6.619e+03 1.605e+02 3.400e+01
|                        ( - -8.702e+02 1 0)
|                        ( - -5.588e+03 2 0 WDBNDRY_B 0 1.180e+02 2.900e+01)))))))
s>    ( QUESTION0_20_R 1 -1.915e+04 4.735e+02 9.599e+01
s>        ( - 2.405e+02 1 0)
s>        ( QUESTION19 1 -1.892e+04 4.621e+02 9.499e+01
s>            ( - 2.415e+02 1 0)
s>            ( SILENCE 1 -1.870e+04 3.151e+02 9.399e+01
s>                ( QUESTION2_11_L -1 -3.188e+03 1.639e+02 1.599e+01
s>                    ( - -2.766e+03 1 0)
s>                    ( - -2.576e+02 1 0))
s>                ( QUESTION0_12_R 1 -1.519e+04 2.553e+02 7.800e+01
s>                    ( - -6.138e+03 1 0)
s>                    ( QUESTION0_10_R 1 -8.800e+03 1.666e+02 4.500e+01
s>                        ( - -2.015e+03 1 0)
s>                        ( QUESTION0_6_R 1 -6.619e+03 1.605e+02 3.400e+01
s>                            ( - -8.702e+02 1 0)
s>                            ( - -5.588e+03 2 0 WDBNDRY_B 0 1.180e+02 2.900e+01)))))))INFO: dtree.c(1315): Comp split 7
INFO: dtree.c(1478): Final simple tree
|( QUESTION6 -1 -2.138e+04 4.595e+02 9.385e+01
|    ( - 2.412e+02 1 0)
|    ( QUESTION2_9_L -1 -2.116e+04 4.550e+02 9.285e+01
|        ( - 2.416e+02 1 0)
|        ( QUESTION4 -1 -2.095e+04 4.497e+02 9.185e+01
|            ( WDBNDRY_B 0 -7.534e+03 4.398e+02 3.504e+01
|                ( - 2.170e+02 1 0)
|                ( - -7.311e+03 1 0))
|            ( WDBNDRY_B 0 -1.297e+04 2.389e+02 5.681e+01
|                ( QUESTION4 1 -8.263e+03 1.703e+02 3.598e+01
|                    ( SILENCE -1 -4.387e+03 1.481e+02 1.900e+01
|                        ( - -2.154e+03 2 0)
|                        ( - -2.085e+03 3 0 QUESTION0 -1 1.198e+02 9.000e+00))
|                    ( - -3.706e+03 4 0 SILENCE -1 8.901e+01 1.698e+01))
|                ( - -4.465e+03 1 0)))))
s>    ( QUESTION6 -1 -2.138e+04 4.595e+02 9.385e+01
s>        ( - 2.412e+02 1 0)
s>        ( QUESTION2_9_L -1 -2.116e+04 4.550e+02 9.285e+01
s>            ( - 2.416e+02 1 0)
s>            ( QUESTION4 -1 -2.095e+04 4.497e+02 9.185e+01
s>                ( WDBNDRY_B 0 -7.534e+03 4.398e+02 3.504e+01
s>                    ( - 2.170e+02 1 0)
s>                    ( - -7.311e+03 1 0))
s>                ( WDBNDRY_B 0 -1.297e+04 2.389e+02 5.681e+01
s>                    ( QUESTION4 1 -8.263e+03 1.703e+02 3.598e+01
s>                        ( SILENCE -1 -4.387e+03 1.481e+02 1.900e+01
s>                            ( - -2.154e+03 2 0)
s>                            ( - -2.085e+03 3 0 QUESTION0 -1 1.198e+02 9.000e+00))
s>                        ( - -3.706e+03 4 0 SILENCE -1 8.901e+01 1.698e+01))
s>                    ( - -4.465e+03 1 0)))))INFO: dtree.c(1315): Comp split 8
INFO: dtree.c(1478): Final simple tree
|( QUESTION19 1 -1.892e+04 4.621e+02 9.499e+01
|    ( - 2.415e+02 1 0)
|    ( SILENCE 1 -1.870e+04 3.151e+02 9.399e+01
|        ( QUESTION2_11_L -1 -3.188e+03 1.639e+02 1.599e+01
|            ( - -2.766e+03 1 0)
|            ( - -2.576e+02 1 0))
|        ( QUESTION0_12_R 1 -1.519e+04 2.553e+02 7.800e+01
|            ( - -6.138e+03 1 0)
|            ( QUESTION0_10_R 1 -8.800e+03 1.666e+02 4.500e+01
|                ( - -2.015e+03 1 0)
|                ( QUESTION0_6_R 1 -6.619e+03 1.605e+02 3.400e+01
|                    ( - -8.702e+02 1 0)
|                    ( WDBNDRY_B 0 -5.588e+03 1.180e+02 2.900e+01
|                        ( - -5.158e+03 1 0)
|                        ( - -3.120e+02 1 0)))))))
s>    ( QUESTION19 1 -1.892e+04 4.621e+02 9.499e+01
s>        ( - 2.415e+02 1 0)
s>        ( SILENCE 1 -1.870e+04 3.151e+02 9.399e+01
s>            ( QUESTION2_11_L -1 -3.188e+03 1.639e+02 1.599e+01
s>                ( - -2.766e+03 1 0)
s>                ( - -2.576e+02 1 0))
s>            ( QUESTION0_12_R 1 -1.519e+04 2.553e+02 7.800e+01
s>                ( - -6.138e+03 1 0)
s>                ( QUESTION0_10_R 1 -8.800e+03 1.666e+02 4.500e+01
s>                    ( - -2.015e+03 1 0)
s>                    ( QUESTION0_6_R 1 -6.619e+03 1.605e+02 3.400e+01
s>                        ( - -8.702e+02 1 0)
s>                        ( WDBNDRY_B 0 -5.588e+03 1.180e+02 2.900e+01
s>                            ( - -5.158e+03 1 0)
s>                            ( - -3.120e+02 1 0)))))))INFO: dtree.c(1315): Comp split 9
INFO: dtree.c(1439): stop. leaf nodes are specific
INFO: dtree.c(1478): Final simple tree
|( QUESTION2_11_L -1 -2.891e+04 2.979e+02 1.526e+02
|    ( QUESTION0_8_R 1 -1.630e+04 1.797e+02 8.562e+01
|        ( - -3.556e+03 1 0)
|        ( - -1.256e+04 1 0))
|    ( - -1.232e+04 2 0))
s>    ( QUESTION2_11_L -1 -2.891e+04 2.979e+02 1.526e+02
s>        ( QUESTION0_8_R 1 -1.630e+04 1.797e+02 8.562e+01
s>            ( - -3.556e+03 1 0)
s>            ( - -1.256e+04 1 0))
s>        ( - -1.232e+04 2 0))INFO: dtree.c(1315): Comp split 10
INFO: dtree.c(1439): stop. leaf nodes are specific
INFO: dtree.c(1478): Final simple tree
|( SILENCE 1 -1.870e+04 3.151e+02 9.399e+01
|    ( QUESTION2_11_L -1 -3.188e+03 1.639e+02 1.599e+01
|        ( - -2.766e+03 1 0)
|        ( - -2.576e+02 1 0))
|    ( QUESTION0_12_R 1 -1.519e+04 2.553e+02 7.800e+01
|        ( - -6.138e+03 1 0)
|        ( QUESTION0_10_R 1 -8.800e+03 1.666e+02 4.500e+01
|            ( - -2.015e+03 1 0)
|            ( QUESTION0_6_R 1 -6.619e+03 1.605e+02 3.400e+01
|                ( - -8.702e+02 1 0)
|                ( WDBNDRY_B 0 -5.588e+03 1.180e+02 2.900e+01
|                    ( - -5.158e+03 1 0)
|                    ( - -3.120e+02 1 0))))))
s>    ( SILENCE 1 -1.870e+04 3.151e+02 9.399e+01
s>        ( QUESTION2_11_L -1 -3.188e+03 1.639e+02 1.599e+01
s>            ( - -2.766e+03 1 0)
s>            ( - -2.576e+02 1 0))
s>        ( QUESTION0_12_R 1 -1.519e+04 2.553e+02 7.800e+01
s>            ( - -6.138e+03 1 0)
s>            ( QUESTION0_10_R 1 -8.800e+03 1.666e+02 4.500e+01
s>                ( - -2.015e+03 1 0)
s>                ( QUESTION0_6_R 1 -6.619e+03 1.605e+02 3.400e+01
s>                    ( - -8.702e+02 1 0)
s>                    ( WDBNDRY_B 0 -5.588e+03 1.180e+02 2.900e+01
s>                        ( - -5.158e+03 1 0)
s>                        ( - -3.120e+02 1 0))))))INFO: dtree.c(1315): Comp split 11
INFO: dtree.c(1478): Final simple tree
|( QUESTION2_9_L -1 -2.116e+04 4.550e+02 9.285e+01
|    ( - 2.416e+02 1 0)
|    ( QUESTION4 -1 -2.095e+04 4.497e+02 9.185e+01
|        ( WDBNDRY_B 0 -7.534e+03 4.398e+02 3.504e+01
|            ( - 2.170e+02 1 0)
|            ( - -7.311e+03 1 0))
|        ( WDBNDRY_B 0 -1.297e+04 2.389e+02 5.681e+01
|            ( QUESTION4 1 -8.263e+03 1.703e+02 3.598e+01
|                ( SILENCE -1 -4.387e+03 1.481e+02 1.900e+01
|                    ( - -2.154e+03 2 0)
|                    ( QUESTION0 -1 -2.085e+03 1.198e+02 9.000e+00
|                        ( - -1.621e+03 2 0)
|                        ( - -3.448e+02 1 0)))
|                ( - -3.706e+03 4 0 SILENCE -1 8.901e+01 1.698e+01))
|            ( - -4.465e+03 1 0))))
s>    ( QUESTION2_9_L -1 -2.116e+04 4.550e+02 9.285e+01
s>        ( - 2.416e+02 1 0)
s>        ( QUESTION4 -1 -2.095e+04 4.497e+02 9.185e+01
s>            ( WDBNDRY_B 0 -7.534e+03 4.398e+02 3.504e+01
s>                ( - 2.170e+02 1 0)
s>                ( - -7.311e+03 1 0))
s>            ( WDBNDRY_B 0 -1.297e+04 2.389e+02 5.681e+01
s>                ( QUESTION4 1 -8.263e+03 1.703e+02 3.598e+01
s>                    ( SILENCE -1 -4.387e+03 1.481e+02 1.900e+01
s>                        ( - -2.154e+03 2 0)
s>                        ( QUESTION0 -1 -2.085e+03 1.198e+02 9.000e+00
s>                            ( - -1.621e+03 2 0)
s>                            ( - -3.448e+02 1 0)))
s>                    ( - -3.706e+03 4 0 SILENCE -1 8.901e+01 1.698e+01))
s>                ( - -4.465e+03 1 0))))INFO: dtree.c(1315): Comp split 12
INFO: dtree.c(1478): Final simple tree
|( QUESTION4 -1 -2.095e+04 4.497e+02 9.185e+01
|    ( WDBNDRY_B 0 -7.534e+03 4.398e+02 3.504e+01
|        ( - 2.170e+02 1 0)
|        ( - -7.311e+03 1 0))
|    ( WDBNDRY_B 0 -1.297e+04 2.389e+02 5.681e+01
|        ( QUESTION4 1 -8.263e+03 1.703e+02 3.598e+01
|            ( SILENCE -1 -4.387e+03 1.481e+02 1.900e+01
|                ( - -2.154e+03 2 0)
|                ( QUESTION0 -1 -2.085e+03 1.198e+02 9.000e+00
|                    ( - -1.621e+03 2 0)
|                    ( - -3.448e+02 1 0)))
|            ( SILENCE -1 -3.706e+03 8.901e+01 1.698e+01
|                ( - -1.479e+03 1 0)
|                ( - -2.138e+03 3 0)))
|        ( - -4.465e+03 1 0)))
s>    ( QUESTION4 -1 -2.095e+04 4.497e+02 9.185e+01
s>        ( WDBNDRY_B 0 -7.534e+03 4.398e+02 3.504e+01
s>            ( - 2.170e+02 1 0)
s>            ( - -7.311e+03 1 0))
s>        ( WDBNDRY_B 0 -1.297e+04 2.389e+02 5.681e+01
s>            ( QUESTION4 1 -8.263e+03 1.703e+02 3.598e+01
s>                ( SILENCE -1 -4.387e+03 1.481e+02 1.900e+01
s>                    ( - -2.154e+03 2 0)
s>                    ( QUESTION0 -1 -2.085e+03 1.198e+02 9.000e+00
s>                        ( - -1.621e+03 2 0)
s>                        ( - -3.448e+02 1 0)))
s>                ( SILENCE -1 -3.706e+03 8.901e+01 1.698e+01
s>                    ( - -1.479e+03 1 0)
s>                    ( - -2.138e+03 3 0)))
s>            ( - -4.465e+03 1 0)))INFO: dtree.c(1315): Comp split 13
INFO: dtree.c(1439): stop. leaf nodes are specific
INFO: dtree.c(1478): Final simple tree
|( WDBNDRY_B 0 -1.297e+04 2.389e+02 5.681e+01
|    ( QUESTION4 1 -8.263e+03 1.703e+02 3.598e+01
|        ( SILENCE -1 -4.387e+03 1.481e+02 1.900e+01
|            ( - -2.154e+03 2 0)
|            ( QUESTION0 -1 -2.085e+03 1.198e+02 9.000e+00
|                ( - -1.621e+03 2 0)
|                ( - -3.448e+02 1 0)))
|        ( SILENCE -1 -3.706e+03 8.901e+01 1.698e+01
|            ( - -1.479e+03 1 0)
|            ( - -2.138e+03 3 0)))
|    ( - -4.465e+03 1 0))
s>    ( WDBNDRY_B 0 -1.297e+04 2.389e+02 5.681e+01
s>        ( QUESTION4 1 -8.263e+03 1.703e+02 3.598e+01
s>            ( SILENCE -1 -4.387e+03 1.481e+02 1.900e+01
s>                ( - -2.154e+03 2 0)
s>                ( QUESTION0 -1 -2.085e+03 1.198e+02 9.000e+00
s>                    ( - -1.621e+03 2 0)
s>                    ( - -3.448e+02 1 0)))
s>            ( SILENCE -1 -3.706e+03 8.901e+01 1.698e+01
s>                ( - -1.479e+03 1 0)
s>                ( - -2.138e+03 3 0)))
s>        ( - -4.465e+03 1 0))INFO: dtree.c(1439): stop. leaf nodes are specific
INFO: dtree.c(1478): Final simple tree
|( WDBNDRY_B 0 -7.534e+03 4.398e+02 3.504e+01
|    ( - 2.170e+02 1 0)
|    ( - -7.311e+03 1 0))
s>    ( WDBNDRY_B 0 -7.534e+03 4.398e+02 3.504e+01
s>        ( - 2.170e+02 1 0)
s>        ( - -7.311e+03 1 0))INFO: dtree.c(1315): Comp split 14
INFO: dtree.c(1315): Comp split 15
INFO: dtree.c(1439): stop. leaf nodes are specific
INFO: dtree.c(1478): Final simple tree
|( QUESTION0 -1 -9.591e+03 2.166e+02 4.341e+01
|    ( - -4.378e+03 2 0)
|    ( SILENCE -1 -4.996e+03 1.042e+02 2.241e+01
|        ( - -1.296e+03 1 0)
|        ( - -3.596e+03 4 0)))
s>    ( QUESTION0 -1 -9.591e+03 2.166e+02 4.341e+01
s>        ( - -4.378e+03 2 0)
s>        ( SILENCE -1 -4.996e+03 1.042e+02 2.241e+01
s>            ( - -1.296e+03 1 0)
s>            ( - -3.596e+03 4 0)))INFO: dtree.c(1315): Comp split 16
INFO: dtree.c(1315): Comp split 17
INFO: dtree.c(1439): stop. leaf nodes are specific
INFO: dtree.c(1478): Final simple tree
|( QUESTION4 1 -1.621e+04 1.717e+02 8.800e+01
|    ( - -1.088e+04 1 0)
|    ( - -5.160e+03 1 0))
s>    ( QUESTION4 1 -1.621e+04 1.717e+02 8.800e+01
s>        ( - -1.088e+04 1 0)
s>        ( - -5.160e+03 1 0))INFO: dtree.c(1315): Comp split 18
INFO: dtree.c(1439): stop. leaf nodes are specific
INFO: dtree.c(1478): Final simple tree
|( QUESTION0_12_R 1 -1.519e+04 2.553e+02 7.800e+01
|    ( - -6.138e+03 1 0)
|    ( QUESTION0_10_R 1 -8.800e+03 1.666e+02 4.500e+01
|        ( - -2.015e+03 1 0)
|        ( QUESTION0_6_R 1 -6.619e+03 1.605e+02 3.400e+01
|            ( - -8.702e+02 1 0)
|            ( WDBNDRY_B 0 -5.588e+03 1.180e+02 2.900e+01
|                ( - -5.158e+03 1 0)
|                ( - -3.120e+02 1 0)))))
s>    ( QUESTION0_12_R 1 -1.519e+04 2.553e+02 7.800e+01
s>        ( - -6.138e+03 1 0)
s>        ( QUESTION0_10_R 1 -8.800e+03 1.666e+02 4.500e+01
s>            ( - -2.015e+03 1 0)
s>            ( QUESTION0_6_R 1 -6.619e+03 1.605e+02 3.400e+01
s>                ( - -8.702e+02 1 0)
s>                ( WDBNDRY_B 0 -5.588e+03 1.180e+02 2.900e+01
s>                    ( - -5.158e+03 1 0)
s>                    ( - -3.120e+02 1 0)))))INFO: dtree.c(1439): stop. leaf nodes are specific
INFO: dtree.c(1478): Final simple tree
|( QUESTION2_11_L -1 -3.188e+03 1.639e+02 1.599e+01
|    ( - -2.766e+03 1 0)
|    ( - -2.576e+02 1 0))
s>    ( QUESTION2_11_L -1 -3.188e+03 1.639e+02 1.599e+01
s>        ( - -2.766e+03 1 0)
s>        ( - -2.576e+02 1 0))INFO: dtree.c(1315): Comp split 19
INFO: dtree.c(1439): stop. leaf nodes are specific
INFO: dtree.c(1478): Final simple tree
|( QUESTION2_4_L -1 -3.348e+04 2.168e+02 1.789e+02
|    ( - -3.373e+03 1 0)
|    ( QUESTION4 -1 -2.989e+04 2.194e+02 1.599e+02
|        ( - -2.226e+03 1 0)
|        ( QUESTION4 1 -2.744e+04 2.496e+02 1.469e+02
|            ( - -1.884e+04 1 0)
|            ( - -8.349e+03 1 0))))
s>    ( QUESTION2_4_L -1 -3.348e+04 2.168e+02 1.789e+02
s>        ( - -3.373e+03 1 0)
s>        ( QUESTION4 -1 -2.989e+04 2.194e+02 1.599e+02
s>            ( - -2.226e+03 1 0)
s>            ( QUESTION4 1 -2.744e+04 2.496e+02 1.469e+02
s>                ( - -1.884e+04 1 0)
s>                ( - -8.349e+03 1 0))))INFO: dtree.c(1315): Comp split 20
INFO: dtree.c(1439): stop. leaf nodes are specific
INFO: dtree.c(1478): Final simple tree
|( QUESTION0_8_R 1 -1.630e+04 1.797e+02 8.562e+01
|    ( - -3.556e+03 1 0)
|    ( - -1.256e+04 1 0))
s>    ( QUESTION0_8_R 1 -1.630e+04 1.797e+02 8.562e+01
s>        ( - -3.556e+03 1 0)
s>        ( - -1.256e+04 1 0))INFO: dtree.c(1315): Comp split 21
INFO: dtree.c(1439): stop. leaf nodes are specific
INFO: dtree.c(1478): Final simple tree
|( QUESTION2_5_L -1 -2.484e+04 2.020e+02 1.329e+02
|    ( - -2.226e+03 1 0)
|    ( QUESTION4 -1 -2.241e+04 1.977e+02 1.199e+02
|        ( - -3.373e+03 1 0)
|        ( - -1.884e+04 1 0)))
s>    ( QUESTION2_5_L -1 -2.484e+04 2.020e+02 1.329e+02
s>        ( - -2.226e+03 1 0)
s>        ( QUESTION4 -1 -2.241e+04 1.977e+02 1.199e+02
s>            ( - -3.373e+03 1 0)
s>            ( - -1.884e+04 1 0)))INFO: dtree.c(1315): Comp split 22
INFO: dtree.c(1439): stop. leaf nodes are specific
INFO: dtree.c(1478): Final simple tree
|( QUESTION0_10_R 1 -8.800e+03 1.666e+02 4.500e+01
|    ( - -2.015e+03 1 0)
|    ( QUESTION0_6_R 1 -6.619e+03 1.605e+02 3.400e+01
|        ( - -8.702e+02 1 0)
|        ( WDBNDRY_B 0 -5.588e+03 1.180e+02 2.900e+01
|            ( - -5.158e+03 1 0)
|            ( - -3.120e+02 1 0))))
s>    ( QUESTION0_10_R 1 -8.800e+03 1.666e+02 4.500e+01
s>        ( - -2.015e+03 1 0)
s>        ( QUESTION0_6_R 1 -6.619e+03 1.605e+02 3.400e+01
s>            ( - -8.702e+02 1 0)
s>            ( WDBNDRY_B 0 -5.588e+03 1.180e+02 2.900e+01
s>                ( - -5.158e+03 1 0)
s>                ( - -3.120e+02 1 0))))INFO: dtree.c(1315): Comp split 23
INFO: dtree.c(1439): stop. leaf nodes are specific
INFO: dtree.c(1478): Final simple tree
|( QUESTION4 1 -8.263e+03 1.703e+02 3.598e+01
|    ( SILENCE -1 -4.387e+03 1.481e+02 1.900e+01
|        ( - -2.154e+03 2 0)
|        ( QUESTION0 -1 -2.085e+03 1.198e+02 9.000e+00
|            ( - -1.621e+03 2 0)
|            ( - -3.448e+02 1 0)))
|    ( SILENCE -1 -3.706e+03 8.901e+01 1.698e+01
|        ( - -1.479e+03 1 0)
|        ( - -2.138e+03 3 0)))
s>    ( QUESTION4 1 -8.263e+03 1.703e+02 3.598e+01
s>        ( SILENCE -1 -4.387e+03 1.481e+02 1.900e+01
s>            ( - -2.154e+03 2 0)
s>            ( QUESTION0 -1 -2.085e+03 1.198e+02 9.000e+00
s>                ( - -1.621e+03 2 0)
s>                ( - -3.448e+02 1 0)))
s>        ( SILENCE -1 -3.706e+03 8.901e+01 1.698e+01
s>            ( - -1.479e+03 1 0)
s>            ( - -2.138e+03 3 0)))INFO: dtree.c(1315): Comp split 24
INFO: dtree.c(1315): Comp split 25
INFO: dtree.c(1439): stop. leaf nodes are specific
INFO: dtree.c(1478): Final simple tree
|( SILENCE -1 -4.996e+03 1.042e+02 2.241e+01
|    ( - -1.296e+03 1 0)
|    ( - -3.596e+03 4 0))
s>    ( SILENCE -1 -4.996e+03 1.042e+02 2.241e+01
s>        ( - -1.296e+03 1 0)
s>        ( - -3.596e+03 4 0))INFO: dtree.c(1315): Comp split 26
INFO: dtree.c(1439): stop. leaf nodes are specific
INFO: dtree.c(1478): Final simple tree
|( QUESTION4 -1 -2.241e+04 1.977e+02 1.199e+02
|    ( - -3.373e+03 1 0)
|    ( - -1.884e+04 1 0))
s>    ( QUESTION4 -1 -2.241e+04 1.977e+02 1.199e+02
s>        ( - -3.373e+03 1 0)
s>        ( - -1.884e+04 1 0))INFO: dtree.c(1315): Comp split 27
INFO: dtree.c(1315): Comp split 28
INFO: dtree.c(1439): stop. leaf nodes are specific
INFO: dtree.c(1478): Final simple tree
|( QUESTION3 -1 -5.914e+03 1.231e+02 2.598e+01
|    ( - -3.448e+02 1 0)
|    ( QUESTION4 1 -5.446e+03 1.191e+02 2.398e+01
|        ( - -1.621e+03 2 0)
|        ( SILENCE -1 -3.706e+03 8.901e+01 1.698e+01
|            ( - -1.479e+03 1 0)
|            ( - -2.138e+03 3 0))))
s>    ( QUESTION3 -1 -5.914e+03 1.231e+02 2.598e+01
s>        ( - -3.448e+02 1 0)
s>        ( QUESTION4 1 -5.446e+03 1.191e+02 2.398e+01
s>            ( - -1.621e+03 2 0)
s>            ( SILENCE -1 -3.706e+03 8.901e+01 1.698e+01
s>                ( - -1.479e+03 1 0)
s>                ( - -2.138e+03 3 0))))INFO: dtree.c(1315): Comp split 29
INFO: dtree.c(1315): Comp split 30
INFO: dtree.c(1439): stop. leaf nodes are specific
INFO: dtree.c(1478): Final simple tree
|( WDBNDRY_B 0 -5.588e+03 1.180e+02 2.900e+01
|    ( - -5.158e+03 1 0)
|    ( - -3.120e+02 1 0))
s>    ( WDBNDRY_B 0 -5.588e+03 1.180e+02 2.900e+01
s>        ( - -5.158e+03 1 0)
s>        ( - -3.120e+02 1 0))INFO: dtree.c(1439): stop. leaf nodes are specific
INFO: dtree.c(1478): Final simple tree
|( QUESTION0_1_R 1 -3.039e+03 1.537e+02 1.600e+01
|    ( - -8.702e+02 1 0)
|    ( - -2.015e+03 1 0))
s>    ( QUESTION0_1_R 1 -3.039e+03 1.537e+02 1.600e+01
s>        ( - -8.702e+02 1 0)
s>        ( - -2.015e+03 1 0))INFO: dtree.c(1315): Comp split 31
INFO: dtree.c(1315): Comp split 32
INFO: dtree.c(1315): Comp split 33
INFO: dtree.c(1315): Comp split 34
INFO: dtree.c(1439): stop. leaf nodes are specific
INFO: dtree.c(1478): Final simple tree
|( QUESTION4 1 -5.446e+03 1.191e+02 2.398e+01
|    ( - -1.621e+03 2 0)
|    ( SILENCE -1 -3.706e+03 8.901e+01 1.698e+01
|        ( - -1.479e+03 1 0)
|        ( - -2.138e+03 3 0)))
s>    ( QUESTION4 1 -5.446e+03 1.191e+02 2.398e+01
s>        ( - -1.621e+03 2 0)
s>        ( SILENCE -1 -3.706e+03 8.901e+01 1.698e+01
s>            ( - -1.479e+03 1 0)
s>            ( - -2.138e+03 3 0)))INFO: dtree.c(1315): Comp split 35
INFO: dtree.c(1439): stop. leaf nodes are specific
INFO: dtree.c(1478): Final simple tree
|( SILENCE -1 -3.706e+03 8.901e+01 1.698e+01
|    ( - -1.479e+03 1 0)
|    ( - -2.138e+03 3 0))
s>    ( SILENCE -1 -3.706e+03 8.901e+01 1.698e+01
s>        ( - -1.479e+03 1 0)
s>        ( - -2.138e+03 3 0))INFO: dtree.c(1315): Comp split 36
INFO: dtree.c(1315): Comp split 37
INFO: dtree.c(1315): Comp split 38
INFO: dtree.c(1315): Comp split 39
INFO: dtree.c(1318): stop. leaf nodes are specific
Mon Jan 30 07:35:45 2017
