Current configuration:
[NAME]		[DEFLT]	[VALUE]
-allphones	no	no
-cntthresh	0.00001	1.000000e-05
-csplitmax	100	2000
-csplitmin	1	1
-csplitthr	8e-4	0.000000e+00
-example	no	no
-fullvar	no	no
-help		no	no
-meanfn			/Users/benroye/forge/cmusphinx/voiceVim/model_parameters/voiceVim.cd_cont_untied/means
-mixwfn			/Users/benroye/forge/cmusphinx/voiceVim/model_parameters/voiceVim.cd_cont_untied/mixture_weights
-moddeffn		/Users/benroye/forge/cmusphinx/voiceVim/model_architecture/voiceVim.untied.mdef
-mwfloor	1e-4	1.000000e-08
-phone			aa
-psetfn			/Users/benroye/forge/cmusphinx/voiceVim/model_architecture/voiceVim.tree_questions
-ssplitmax	5	7
-ssplitmin	1	1
-ssplitthr	8e-4	0.000000e+00
-state			2
-stwt			1.0,0.05,0.0,
-treefn			/Users/benroye/forge/cmusphinx/voiceVim/trees/voiceVim.unpruned/aa-2.dtree
-ts2cbfn	.semi.	.cont.
-varfloor	0.00001	1.000000e-05
-varfn			/Users/benroye/forge/cmusphinx/voiceVim/model_parameters/voiceVim.cd_cont_untied/variances

INFO: main.c(223): Reading: /Users/benroye/forge/cmusphinx/voiceVim/model_architecture/voiceVim.untied.mdef
INFO: model_def_io.c(573): Model definition info:
INFO: model_def_io.c(574): 2249 total models defined (39 base, 2210 tri)
INFO: model_def_io.c(575): 8996 total states
INFO: model_def_io.c(576): 6747 total tied states
INFO: model_def_io.c(577): 117 total tied CI states
INFO: model_def_io.c(578): 39 total tied transition matrices
INFO: model_def_io.c(579): 4 max state/model
INFO: model_def_io.c(580): 4 min state/model
INFO: main.c(242): Building trees for [aa SIL l b] through [aa uh l b]
INFO: main.c(269): Covering states |[117 233]| == 117
INFO: main.c(275): Reading: /Users/benroye/forge/cmusphinx/voiceVim/model_parameters/voiceVim.cd_cont_untied/mixture_weights
INFO: s3mixw_io.c(173): Read /Users/benroye/forge/cmusphinx/voiceVim/model_parameters/voiceVim.cd_cont_untied/mixture_weights [117x1x1 array]
INFO: main.c(311): 39 of 39 models have observation count greater than 0.000010
INFO: main.c(95): nrm stwt: 0.000 0.048 0.952 
INFO: s3gau_io.c(169): Read /Users/benroye/forge/cmusphinx/voiceVim/model_parameters/voiceVim.cd_cont_untied/means [6747x1x1 array]
INFO: s3gau_io.c(169): Read /Users/benroye/forge/cmusphinx/voiceVim/model_parameters/voiceVim.cd_cont_untied/variances [6747x1x1 array]
INFO: main.c(549): Reading: /Users/benroye/forge/cmusphinx/voiceVim/model_architecture/voiceVim.tree_questions
INFO: main.c(588): 174 total simple questions (166 phone; 8 word bndry)
INFO: main.c(590): 40 Left Only questions, and 42 Right Only questions
INFO: dtree.c(1478): Final simple tree
|( QUESTION4 1 -6.379e+05 7.389e+03 2.876e+03
|    ( QUESTION0_12_R 1 -1.541e+05 3.977e+03 7.272e+02
|        ( QUESTION2_9_L -1 -1.001e+05 2.038e+03 4.744e+02
|            ( - -1.698e+04 4 0 QUESTION2_10_L -1 3.393e+02 8.192e+01)
|            ( - -8.110e+04 13 0 WDBNDRY_B 0 6.564e+02 3.925e+02))
|        ( - -5.001e+04 3 0 QUESTION6 -1 1.248e+03 2.528e+02))
|    ( QUESTION0 1 -4.764e+05 2.531e+03 2.148e+03
|        ( QUESTION2 -1 -2.038e+05 2.519e+03 9.308e+02
|            ( - -4.806e+04 1 0)
|            ( - -1.532e+05 7 0 QUESTION12 -1 1.003e+03 7.106e+02))
|        ( QUESTION19 1 -2.701e+05 1.985e+03 1.218e+03
|            ( - -9.223e+04 3 0 WDBNDRY_E 0 3.630e+02 4.268e+02)
|            ( QUESTION6 1 -1.758e+05 1.257e+03 7.909e+02
|                ( - -5.096e+04 2 0 QUESTION0_1_R 1 4.337e+02 2.250e+02)
|                ( - -1.236e+05 6 0 QUESTION0 -1 6.918e+02 5.659e+02)))))
s>    ( QUESTION4 1 -6.379e+05 7.389e+03 2.876e+03
s>        ( QUESTION0_12_R 1 -1.541e+05 3.977e+03 7.272e+02
s>            ( QUESTION2_9_L -1 -1.001e+05 2.038e+03 4.744e+02
s>                ( - -1.698e+04 4 0 QUESTION2_10_L -1 3.393e+02 8.192e+01)
s>                ( - -8.110e+04 13 0 WDBNDRY_B 0 6.564e+02 3.925e+02))
s>            ( - -5.001e+04 3 0 QUESTION6 -1 1.248e+03 2.528e+02))
s>        ( QUESTION0 1 -4.764e+05 2.531e+03 2.148e+03
s>            ( QUESTION2 -1 -2.038e+05 2.519e+03 9.308e+02
s>                ( - -4.806e+04 1 0)
s>                ( - -1.532e+05 7 0 QUESTION12 -1 1.003e+03 7.106e+02))
s>            ( QUESTION19 1 -2.701e+05 1.985e+03 1.218e+03
s>                ( - -9.223e+04 3 0 WDBNDRY_E 0 3.630e+02 4.268e+02)
s>                ( QUESTION6 1 -1.758e+05 1.257e+03 7.909e+02
s>                    ( - -5.096e+04 2 0 QUESTION0_1_R 1 4.337e+02 2.250e+02)
s>                    ( - -1.236e+05 6 0 QUESTION0 -1 6.918e+02 5.659e+02)))))INFO: dtree.c(1315): Comp split 0
INFO: dtree.c(1478): Final simple tree
|( QUESTION0_12_R 1 -1.352e+05 4.118e+03 6.452e+02
|    ( WDBNDRY_B 0 -8.110e+04 6.564e+02 3.925e+02
|        ( SILENCE -1 -5.844e+04 3.557e+02 2.873e+02
|            ( - -3.231e+03 1 0)
|            ( QUESTION4 -1 -5.485e+04 2.414e+02 2.729e+02
|                ( - -2.629e+04 4 0 QUESTION2_0_L -1 2.035e+02 1.319e+02)
|                ( - -2.832e+04 6 0 QUESTION1 -1 1.770e+02 1.410e+02)))
|        ( QUESTION1 -1 -2.200e+04 3.498e+02 1.052e+02
|            ( - -4.431e+03 1 0)
|            ( - -1.722e+04 1 0)))
|    ( QUESTION6 -1 -5.001e+04 1.248e+03 2.528e+02
|        ( - -3.738e+04 1 0)
|        ( WDBNDRY_E 0 -1.138e+04 7.445e+02 5.714e+01
|            ( - -5.541e+03 1 0)
|            ( - -5.095e+03 1 0))))
s>    ( QUESTION0_12_R 1 -1.352e+05 4.118e+03 6.452e+02
s>        ( WDBNDRY_B 0 -8.110e+04 6.564e+02 3.925e+02
s>            ( SILENCE -1 -5.844e+04 3.557e+02 2.873e+02
s>                ( - -3.231e+03 1 0)
s>                ( QUESTION4 -1 -5.485e+04 2.414e+02 2.729e+02
s>                    ( - -2.629e+04 4 0 QUESTION2_0_L -1 2.035e+02 1.319e+02)
s>                    ( - -2.832e+04 6 0 QUESTION1 -1 1.770e+02 1.410e+02)))
s>            ( QUESTION1 -1 -2.200e+04 3.498e+02 1.052e+02
s>                ( - -4.431e+03 1 0)
s>                ( - -1.722e+04 1 0)))
s>        ( QUESTION6 -1 -5.001e+04 1.248e+03 2.528e+02
s>            ( - -3.738e+04 1 0)
s>            ( WDBNDRY_E 0 -1.138e+04 7.445e+02 5.714e+01
s>                ( - -5.541e+03 1 0)
s>                ( - -5.095e+03 1 0))))INFO: dtree.c(1478): Final simple tree
|( QUESTION0 1 -4.943e+05 2.638e+03 2.230e+03
|    ( QUESTION2 -1 -2.038e+05 2.519e+03 9.308e+02
|        ( - -4.806e+04 1 0)
|        ( QUESTION12 -1 -1.532e+05 1.003e+03 7.106e+02
|            ( - -3.811e+04 1 0)
|            ( - -1.141e+05 6 0 QUESTION4 -1 4.878e+02 5.319e+02)))
|    ( QUESTION19 1 -2.878e+05 1.957e+03 1.300e+03
|        ( - -9.223e+04 3 0 WDBNDRY_E 0 3.630e+02 4.268e+02)
|        ( QUESTION10 1 -1.936e+05 1.228e+03 8.728e+02
|            ( QUESTION0_4_R 1 -1.218e+05 6.731e+02 5.569e+02
|                ( - -8.592e+04 2 0 WDBNDRY_E 0 1.427e+02 3.942e+02)
|                ( - -3.516e+04 3 0 WDBNDRY_E 0 4.420e+02 1.627e+02))
|            ( WDBNDRY_I 0 -7.066e+04 8.395e+02 3.159e+02
|                ( - -5.096e+04 2 0 QUESTION0_1_R 1 4.337e+02 2.250e+02)
|                ( - -1.886e+04 5 0 QUESTION2_10_L -1 3.246e+02 9.092e+01)))))
s>    ( QUESTION0 1 -4.943e+05 2.638e+03 2.230e+03
s>        ( QUESTION2 -1 -2.038e+05 2.519e+03 9.308e+02
s>            ( - -4.806e+04 1 0)
s>            ( QUESTION12 -1 -1.532e+05 1.003e+03 7.106e+02
s>                ( - -3.811e+04 1 0)
s>                ( - -1.141e+05 6 0 QUESTION4 -1 4.878e+02 5.319e+02)))
s>        ( QUESTION19 1 -2.878e+05 1.957e+03 1.300e+03
s>            ( - -9.223e+04 3 0 WDBNDRY_E 0 3.630e+02 4.268e+02)
s>            ( QUESTION10 1 -1.936e+05 1.228e+03 8.728e+02
s>                ( QUESTION0_4_R 1 -1.218e+05 6.731e+02 5.569e+02
s>                    ( - -8.592e+04 2 0 WDBNDRY_E 0 1.427e+02 3.942e+02)
s>                    ( - -3.516e+04 3 0 WDBNDRY_E 0 4.420e+02 1.627e+02))
s>                ( WDBNDRY_I 0 -7.066e+04 8.395e+02 3.159e+02
s>                    ( - -5.096e+04 2 0 QUESTION0_1_R 1 4.337e+02 2.250e+02)
s>                    ( - -1.886e+04 5 0 QUESTION2_10_L -1 3.246e+02 9.092e+01)))))INFO: dtree.c(1315): Comp split 1
INFO: dtree.c(1478): Final simple tree
|( WDBNDRY_B 0 -8.110e+04 6.564e+02 3.925e+02
|    ( SILENCE -1 -5.844e+04 3.557e+02 2.873e+02
|        ( - -3.231e+03 1 0)
|        ( QUESTION4 -1 -5.485e+04 2.414e+02 2.729e+02
|            ( QUESTION2_0_L -1 -2.629e+04 2.035e+02 1.319e+02
|                ( - -2.282e+02 1 0)
|                ( - -2.586e+04 3 0))
|            ( QUESTION1 -1 -2.832e+04 1.770e+02 1.410e+02
|                ( - -9.265e+03 1 0)
|                ( QUESTION0 -1 -1.888e+04 1.663e+02 9.409e+01
|                    ( - -3.076e+03 3 0)
|                    ( - -1.563e+04 2 0 QUESTION19 -1 1.404e+02 7.864e+01)))))
|    ( QUESTION1 -1 -2.200e+04 3.498e+02 1.052e+02
|        ( - -4.431e+03 1 0)
|        ( - -1.722e+04 1 0)))
s>    ( WDBNDRY_B 0 -8.110e+04 6.564e+02 3.925e+02
s>        ( SILENCE -1 -5.844e+04 3.557e+02 2.873e+02
s>            ( - -3.231e+03 1 0)
s>            ( QUESTION4 -1 -5.485e+04 2.414e+02 2.729e+02
s>                ( QUESTION2_0_L -1 -2.629e+04 2.035e+02 1.319e+02
s>                    ( - -2.282e+02 1 0)
s>                    ( - -2.586e+04 3 0))
s>                ( QUESTION1 -1 -2.832e+04 1.770e+02 1.410e+02
s>                    ( - -9.265e+03 1 0)
s>                    ( QUESTION0 -1 -1.888e+04 1.663e+02 9.409e+01
s>                        ( - -3.076e+03 3 0)
s>                        ( - -1.563e+04 2 0 QUESTION19 -1 1.404e+02 7.864e+01)))))
s>        ( QUESTION1 -1 -2.200e+04 3.498e+02 1.052e+02
s>            ( - -4.431e+03 1 0)
s>            ( - -1.722e+04 1 0)))INFO: dtree.c(1439): stop. leaf nodes are specific
INFO: dtree.c(1478): Final simple tree
|( QUESTION6 -1 -5.001e+04 1.248e+03 2.528e+02
|    ( - -3.738e+04 1 0)
|    ( WDBNDRY_E 0 -1.138e+04 7.445e+02 5.714e+01
|        ( - -5.541e+03 1 0)
|        ( - -5.095e+03 1 0)))
s>    ( QUESTION6 -1 -5.001e+04 1.248e+03 2.528e+02
s>        ( - -3.738e+04 1 0)
s>        ( WDBNDRY_E 0 -1.138e+04 7.445e+02 5.714e+01
s>            ( - -5.541e+03 1 0)
s>            ( - -5.095e+03 1 0)))INFO: dtree.c(1315): Comp split 2
INFO: dtree.c(1478): Final simple tree
|( QUESTION19 1 -4.034e+05 1.885e+03 1.832e+03
|    ( - -9.223e+04 3 0 WDBNDRY_E 0 3.630e+02 4.268e+02)
|    ( QUESTION0 1 -3.093e+05 1.497e+03 1.405e+03
|        ( QUESTION4 -1 -1.141e+05 4.878e+02 5.319e+02
|            ( WDBNDRY_B 0 -8.513e+04 4.455e+02 3.986e+02
|                ( - 2.201e+02 1 0)
|                ( - -8.490e+04 2 0 WDBNDRY_E 0 1.906e+02 3.976e+02))
|            ( - -2.851e+04 3 0 WDBNDRY_B 0 4.195e+02 1.334e+02))
|        ( QUESTION10 1 -1.936e+05 1.228e+03 8.728e+02
|            ( QUESTION0_4_R 1 -1.218e+05 6.731e+02 5.569e+02
|                ( - -8.592e+04 2 0 WDBNDRY_E 0 1.427e+02 3.942e+02)
|                ( - -3.516e+04 3 0 WDBNDRY_E 0 4.420e+02 1.627e+02))
|            ( WDBNDRY_I 0 -7.066e+04 8.395e+02 3.159e+02
|                ( - -5.096e+04 2 0 QUESTION0_1_R 1 4.337e+02 2.250e+02)
|                ( - -1.886e+04 5 0 QUESTION2_10_L -1 3.246e+02 9.092e+01)))))
s>    ( QUESTION19 1 -4.034e+05 1.885e+03 1.832e+03
s>        ( - -9.223e+04 3 0 WDBNDRY_E 0 3.630e+02 4.268e+02)
s>        ( QUESTION0 1 -3.093e+05 1.497e+03 1.405e+03
s>            ( QUESTION4 -1 -1.141e+05 4.878e+02 5.319e+02
s>                ( WDBNDRY_B 0 -8.513e+04 4.455e+02 3.986e+02
s>                    ( - 2.201e+02 1 0)
s>                    ( - -8.490e+04 2 0 WDBNDRY_E 0 1.906e+02 3.976e+02))
s>                ( - -2.851e+04 3 0 WDBNDRY_B 0 4.195e+02 1.334e+02))
s>            ( QUESTION10 1 -1.936e+05 1.228e+03 8.728e+02
s>                ( QUESTION0_4_R 1 -1.218e+05 6.731e+02 5.569e+02
s>                    ( - -8.592e+04 2 0 WDBNDRY_E 0 1.427e+02 3.942e+02)
s>                    ( - -3.516e+04 3 0 WDBNDRY_E 0 4.420e+02 1.627e+02))
s>                ( WDBNDRY_I 0 -7.066e+04 8.395e+02 3.159e+02
s>                    ( - -5.096e+04 2 0 QUESTION0_1_R 1 4.337e+02 2.250e+02)
s>                    ( - -1.886e+04 5 0 QUESTION2_10_L -1 3.246e+02 9.092e+01)))))INFO: dtree.c(1439): stop. leaf nodes are specific
INFO: dtree.c(1478): Final simple tree
|( QUESTION0 -1 -8.772e+04 1.554e+03 3.988e+02
|    ( - -4.806e+04 1 0)
|    ( - -3.811e+04 1 0))
s>    ( QUESTION0 -1 -8.772e+04 1.554e+03 3.988e+02
s>        ( - -4.806e+04 1 0)
s>        ( - -3.811e+04 1 0))INFO: dtree.c(1315): Comp split 3
INFO: dtree.c(1478): Final simple tree
|( QUESTION0 1 -2.372e+05 1.331e+03 1.089e+03
|    ( QUESTION4 -1 -1.141e+05 4.878e+02 5.319e+02
|        ( WDBNDRY_B 0 -8.513e+04 4.455e+02 3.986e+02
|            ( - 2.201e+02 1 0)
|            ( WDBNDRY_E 0 -8.490e+04 1.906e+02 3.976e+02
|                ( - -6.740e+02 1 0)
|                ( - -8.404e+04 1 0)))
|        ( WDBNDRY_B 0 -2.851e+04 4.195e+02 1.334e+02
|            ( - -4.739e+03 2 0 SILENCE -1 1.885e+02 2.202e+01)
|            ( - -2.336e+04 1 0)))
|    ( QUESTION0_4_R 1 -1.218e+05 6.731e+02 5.569e+02
|        ( - -8.592e+04 2 0 WDBNDRY_E 0 1.427e+02 3.942e+02)
|        ( WDBNDRY_E 0 -3.516e+04 4.420e+02 1.627e+02
|            ( - -1.520e+04 2 0 QUESTION0_1_R 1 1.325e+02 7.445e+01)
|            ( - -1.951e+04 1 0))))
s>    ( QUESTION0 1 -2.372e+05 1.331e+03 1.089e+03
s>        ( QUESTION4 -1 -1.141e+05 4.878e+02 5.319e+02
s>            ( WDBNDRY_B 0 -8.513e+04 4.455e+02 3.986e+02
s>                ( - 2.201e+02 1 0)
s>                ( WDBNDRY_E 0 -8.490e+04 1.906e+02 3.976e+02
s>                    ( - -6.740e+02 1 0)
s>                    ( - -8.404e+04 1 0)))
s>            ( WDBNDRY_B 0 -2.851e+04 4.195e+02 1.334e+02
s>                ( - -4.739e+03 2 0 SILENCE -1 1.885e+02 2.202e+01)
s>                ( - -2.336e+04 1 0)))
s>        ( QUESTION0_4_R 1 -1.218e+05 6.731e+02 5.569e+02
s>            ( - -8.592e+04 2 0 WDBNDRY_E 0 1.427e+02 3.942e+02)
s>            ( WDBNDRY_E 0 -3.516e+04 4.420e+02 1.627e+02
s>                ( - -1.520e+04 2 0 QUESTION0_1_R 1 1.325e+02 7.445e+01)
s>                ( - -1.951e+04 1 0))))INFO: dtree.c(1478): Final simple tree
|( QUESTION2_18_L -1 -1.642e+05 1.312e+03 7.427e+02
|    ( WDBNDRY_I 0 -7.076e+04 7.748e+02 3.159e+02
|        ( QUESTION0_1_R 1 -5.096e+04 4.337e+02 2.250e+02
|            ( - -3.162e+04 1 0)
|            ( - -1.890e+04 1 0))
|        ( WDBNDRY_B 0 -1.903e+04 3.038e+02 9.092e+01
|            ( - -1.079e+04 2 0)
|            ( QUESTION0_1_R 1 -7.939e+03 1.807e+02 3.900e+01
|                ( - -2.732e+03 1 0)
|                ( - -5.026e+03 2 0 SILENCE 1 1.565e+02 2.500e+01))))
|    ( WDBNDRY_B 0 -9.209e+04 4.917e+02 4.268e+02
|        ( - -2.466e+03 1 0)
|        ( QUESTION4 -1 -8.914e+04 3.049e+02 4.128e+02
|            ( - -1.181e+04 1 0)
|            ( - -7.702e+04 1 0))))
s>    ( QUESTION2_18_L -1 -1.642e+05 1.312e+03 7.427e+02
s>        ( WDBNDRY_I 0 -7.076e+04 7.748e+02 3.159e+02
s>            ( QUESTION0_1_R 1 -5.096e+04 4.337e+02 2.250e+02
s>                ( - -3.162e+04 1 0)
s>                ( - -1.890e+04 1 0))
s>            ( WDBNDRY_B 0 -1.903e+04 3.038e+02 9.092e+01
s>                ( - -1.079e+04 2 0)
s>                ( QUESTION0_1_R 1 -7.939e+03 1.807e+02 3.900e+01
s>                    ( - -2.732e+03 1 0)
s>                    ( - -5.026e+03 2 0 SILENCE 1 1.565e+02 2.500e+01))))
s>        ( WDBNDRY_B 0 -9.209e+04 4.917e+02 4.268e+02
s>            ( - -2.466e+03 1 0)
s>            ( QUESTION4 -1 -8.914e+04 3.049e+02 4.128e+02
s>                ( - -1.181e+04 1 0)
s>                ( - -7.702e+04 1 0))))INFO: dtree.c(1315): Comp split 4
INFO: dtree.c(1315): Comp split 5
INFO: dtree.c(1439): stop. leaf nodes are specific
INFO: dtree.c(1478): Final simple tree
|( QUESTION4 -1 -1.078e+05 4.389e+02 5.049e+02
|    ( - -8.404e+04 1 0)
|    ( - -2.336e+04 1 0))
s>    ( QUESTION4 -1 -1.078e+05 4.389e+02 5.049e+02
s>        ( - -8.404e+04 1 0)
s>        ( - -2.336e+04 1 0))INFO: dtree.c(1478): Final simple tree
|( QUESTION0_4_R 1 -1.280e+05 7.183e+02 5.839e+02
|    ( WDBNDRY_E 0 -8.592e+04 1.427e+02 3.942e+02
|        ( - -7.398e+02 1 0)
|        ( - -8.504e+04 1 0))
|    ( WDBNDRY_E 0 -4.132e+04 4.554e+02 1.897e+02
|        ( QUESTION0 1 -1.606e+04 1.859e+02 7.845e+01
|            ( - -6.740e+02 1 0)
|            ( - -1.520e+04 2 0 QUESTION0_1_R 1 1.325e+02 7.445e+01))
|        ( QUESTION4 -1 -2.480e+04 4.355e+02 1.113e+02
|            ( - 2.201e+02 1 0)
|            ( WDBNDRY_B 0 -2.458e+04 3.320e+02 1.103e+02
|                ( SILENCE -1 -4.739e+03 1.885e+02 2.202e+01
|                    ( - -4.819e+02 1 0)
|                    ( - -4.068e+03 1 0))
|                ( - -1.951e+04 1 0)))))
s>    ( QUESTION0_4_R 1 -1.280e+05 7.183e+02 5.839e+02
s>        ( WDBNDRY_E 0 -8.592e+04 1.427e+02 3.942e+02
s>            ( - -7.398e+02 1 0)
s>            ( - -8.504e+04 1 0))
s>        ( WDBNDRY_E 0 -4.132e+04 4.554e+02 1.897e+02
s>            ( QUESTION0 1 -1.606e+04 1.859e+02 7.845e+01
s>                ( - -6.740e+02 1 0)
s>                ( - -1.520e+04 2 0 QUESTION0_1_R 1 1.325e+02 7.445e+01))
s>            ( QUESTION4 -1 -2.480e+04 4.355e+02 1.113e+02
s>                ( - 2.201e+02 1 0)
s>                ( WDBNDRY_B 0 -2.458e+04 3.320e+02 1.103e+02
s>                    ( SILENCE -1 -4.739e+03 1.885e+02 2.202e+01
s>                        ( - -4.819e+02 1 0)
s>                        ( - -4.068e+03 1 0))
s>                    ( - -1.951e+04 1 0)))))INFO: dtree.c(1315): Comp split 6
INFO: dtree.c(1439): stop. leaf nodes are specific
INFO: dtree.c(1478): Final simple tree
|( QUESTION4 -1 -8.914e+04 3.049e+02 4.128e+02
|    ( - -1.181e+04 1 0)
|    ( - -7.702e+04 1 0))
s>    ( QUESTION4 -1 -8.914e+04 3.049e+02 4.128e+02
s>        ( - -1.181e+04 1 0)
s>        ( - -7.702e+04 1 0))INFO: dtree.c(1439): stop. leaf nodes are specific
INFO: dtree.c(1478): Final simple tree
|( WDBNDRY_I 0 -7.366e+04 8.753e+02 3.299e+02
|    ( QUESTION0_1_R 1 -5.096e+04 4.337e+02 2.250e+02
|        ( - -3.162e+04 1 0)
|        ( - -1.890e+04 1 0))
|    ( QUESTION2_10_L -1 -2.183e+04 3.302e+02 1.049e+02
|        ( - -2.466e+03 1 0)
|        ( WDBNDRY_B 0 -1.903e+04 3.038e+02 9.092e+01
|            ( - -1.079e+04 2 0)
|            ( QUESTION0_1_R 1 -7.939e+03 1.807e+02 3.900e+01
|                ( - -2.732e+03 1 0)
|                ( SILENCE 1 -5.026e+03 1.565e+02 2.500e+01
|                    ( - -1.675e+03 1 0)
|                    ( - -3.195e+03 1 0))))))
s>    ( WDBNDRY_I 0 -7.366e+04 8.753e+02 3.299e+02
s>        ( QUESTION0_1_R 1 -5.096e+04 4.337e+02 2.250e+02
s>            ( - -3.162e+04 1 0)
s>            ( - -1.890e+04 1 0))
s>        ( QUESTION2_10_L -1 -2.183e+04 3.302e+02 1.049e+02
s>            ( - -2.466e+03 1 0)
s>            ( WDBNDRY_B 0 -1.903e+04 3.038e+02 9.092e+01
s>                ( - -1.079e+04 2 0)
s>                ( QUESTION0_1_R 1 -7.939e+03 1.807e+02 3.900e+01
s>                    ( - -2.732e+03 1 0)
s>                    ( SILENCE 1 -5.026e+03 1.565e+02 2.500e+01
s>                        ( - -1.675e+03 1 0)
s>                        ( - -3.195e+03 1 0))))))INFO: dtree.c(1315): Comp split 7
INFO: dtree.c(1439): stop. leaf nodes are specific
INFO: dtree.c(1478): Final simple tree
|( WDBNDRY_E 0 -1.138e+04 7.445e+02 5.714e+01
|    ( - -5.541e+03 1 0)
|    ( - -5.095e+03 1 0))
s>    ( WDBNDRY_E 0 -1.138e+04 7.445e+02 5.714e+01
s>        ( - -5.541e+03 1 0)
s>        ( - -5.095e+03 1 0))INFO: dtree.c(1315): Comp split 8
INFO: dtree.c(1439): stop. leaf nodes are specific
INFO: dtree.c(1478): Final simple tree
|( QUESTION2_10_L -1 -2.183e+04 3.302e+02 1.049e+02
|    ( - -2.466e+03 1 0)
|    ( WDBNDRY_B 0 -1.903e+04 3.038e+02 9.092e+01
|        ( - -1.079e+04 2 0)
|        ( QUESTION0_1_R 1 -7.939e+03 1.807e+02 3.900e+01
|            ( - -2.732e+03 1 0)
|            ( SILENCE 1 -5.026e+03 1.565e+02 2.500e+01
|                ( - -1.675e+03 1 0)
|                ( - -3.195e+03 1 0)))))
s>    ( QUESTION2_10_L -1 -2.183e+04 3.302e+02 1.049e+02
s>        ( - -2.466e+03 1 0)
s>        ( WDBNDRY_B 0 -1.903e+04 3.038e+02 9.092e+01
s>            ( - -1.079e+04 2 0)
s>            ( QUESTION0_1_R 1 -7.939e+03 1.807e+02 3.900e+01
s>                ( - -2.732e+03 1 0)
s>                ( SILENCE 1 -5.026e+03 1.565e+02 2.500e+01
s>                    ( - -1.675e+03 1 0)
s>                    ( - -3.195e+03 1 0)))))INFO: dtree.c(1439): stop. leaf nodes are specific
INFO: dtree.c(1478): Final simple tree
|( QUESTION0_1_R 1 -5.096e+04 4.337e+02 2.250e+02
|    ( - -3.162e+04 1 0)
|    ( - -1.890e+04 1 0))
s>    ( QUESTION0_1_R 1 -5.096e+04 4.337e+02 2.250e+02
s>        ( - -3.162e+04 1 0)
s>        ( - -1.890e+04 1 0))INFO: dtree.c(1315): Comp split 9
INFO: dtree.c(1315): Comp split 10
INFO: dtree.c(1439): stop. leaf nodes are specific
INFO: dtree.c(1478): Final simple tree
|( WDBNDRY_E 0 -4.132e+04 4.554e+02 1.897e+02
|    ( QUESTION0 1 -1.606e+04 1.859e+02 7.845e+01
|        ( - -6.740e+02 1 0)
|        ( QUESTION0_1_R 1 -1.520e+04 1.325e+02 7.445e+01
|            ( - -1.031e+04 1 0)
|            ( - -4.762e+03 1 0)))
|    ( QUESTION4 -1 -2.480e+04 4.355e+02 1.113e+02
|        ( - 2.201e+02 1 0)
|        ( WDBNDRY_B 0 -2.458e+04 3.320e+02 1.103e+02
|            ( SILENCE -1 -4.739e+03 1.885e+02 2.202e+01
|                ( - -4.819e+02 1 0)
|                ( - -4.068e+03 1 0))
|            ( - -1.951e+04 1 0))))
s>    ( WDBNDRY_E 0 -4.132e+04 4.554e+02 1.897e+02
s>        ( QUESTION0 1 -1.606e+04 1.859e+02 7.845e+01
s>            ( - -6.740e+02 1 0)
s>            ( QUESTION0_1_R 1 -1.520e+04 1.325e+02 7.445e+01
s>                ( - -1.031e+04 1 0)
s>                ( - -4.762e+03 1 0)))
s>        ( QUESTION4 -1 -2.480e+04 4.355e+02 1.113e+02
s>            ( - 2.201e+02 1 0)
s>            ( WDBNDRY_B 0 -2.458e+04 3.320e+02 1.103e+02
s>                ( SILENCE -1 -4.739e+03 1.885e+02 2.202e+01
s>                    ( - -4.819e+02 1 0)
s>                    ( - -4.068e+03 1 0))
s>                ( - -1.951e+04 1 0))))INFO: dtree.c(1439): stop. leaf nodes are specific
INFO: dtree.c(1478): Final simple tree
|( WDBNDRY_E 0 -8.592e+04 1.427e+02 3.942e+02
|    ( - -7.398e+02 1 0)
|    ( - -8.504e+04 1 0))
s>    ( WDBNDRY_E 0 -8.592e+04 1.427e+02 3.942e+02
s>        ( - -7.398e+02 1 0)
s>        ( - -8.504e+04 1 0))INFO: dtree.c(1315): Comp split 11
INFO: dtree.c(1439): stop. leaf nodes are specific
INFO: dtree.c(1478): Final simple tree
|( QUESTION4 -1 -5.485e+04 2.414e+02 2.729e+02
|    ( QUESTION2_0_L -1 -2.629e+04 2.035e+02 1.319e+02
|        ( - -2.282e+02 1 0)
|        ( - -2.586e+04 3 0))
|    ( QUESTION1 -1 -2.832e+04 1.770e+02 1.410e+02
|        ( - -9.265e+03 1 0)
|        ( QUESTION0 -1 -1.888e+04 1.663e+02 9.409e+01
|            ( - -3.076e+03 3 0)
|            ( QUESTION19 -1 -1.563e+04 1.404e+02 7.864e+01
|                ( - -1.402e+04 1 0)
|                ( - -1.475e+03 1 0)))))
s>    ( QUESTION4 -1 -5.485e+04 2.414e+02 2.729e+02
s>        ( QUESTION2_0_L -1 -2.629e+04 2.035e+02 1.319e+02
s>            ( - -2.282e+02 1 0)
s>            ( - -2.586e+04 3 0))
s>        ( QUESTION1 -1 -2.832e+04 1.770e+02 1.410e+02
s>            ( - -9.265e+03 1 0)
s>            ( QUESTION0 -1 -1.888e+04 1.663e+02 9.409e+01
s>                ( - -3.076e+03 3 0)
s>                ( QUESTION19 -1 -1.563e+04 1.404e+02 7.864e+01
s>                    ( - -1.402e+04 1 0)
s>                    ( - -1.475e+03 1 0)))))INFO: dtree.c(1439): stop. leaf nodes are specific
INFO: dtree.c(1478): Final simple tree
|( QUESTION2 -1 -2.554e+04 3.489e+02 1.195e+02
|    ( - -1.722e+04 1 0)
|    ( WDBNDRY_B 0 -7.966e+03 3.040e+02 3.622e+01
|        ( - -3.231e+03 1 0)
|        ( - -4.431e+03 1 0)))
s>    ( QUESTION2 -1 -2.554e+04 3.489e+02 1.195e+02
s>        ( - -1.722e+04 1 0)
s>        ( WDBNDRY_B 0 -7.966e+03 3.040e+02 3.622e+01
s>            ( - -3.231e+03 1 0)
s>            ( - -4.431e+03 1 0)))INFO: dtree.c(1315): Comp split 12
INFO: dtree.c(1439): stop. leaf nodes are specific
INFO: dtree.c(1478): Final simple tree
|( QUESTION0_1_R 1 -1.520e+04 1.325e+02 7.445e+01
|    ( - -1.031e+04 1 0)
|    ( - -4.762e+03 1 0))
s>    ( QUESTION0_1_R 1 -1.520e+04 1.325e+02 7.445e+01
s>        ( - -1.031e+04 1 0)
s>        ( - -4.762e+03 1 0))INFO: dtree.c(1439): stop. leaf nodes are specific
INFO: dtree.c(1478): Final simple tree
|( WDBNDRY_B 0 -2.566e+04 3.349e+02 1.153e+02
|    ( QUESTION3 -1 -4.950e+03 4.318e+02 2.302e+01
|        ( - 2.201e+02 1 0)
|        ( SILENCE -1 -4.739e+03 1.885e+02 2.202e+01
|            ( - -4.819e+02 1 0)
|            ( - -4.068e+03 1 0)))
|    ( WDBNDRY_E 0 -2.037e+04 1.850e+02 9.228e+01
|        ( - -6.740e+02 1 0)
|        ( - -1.951e+04 1 0)))
s>    ( WDBNDRY_B 0 -2.566e+04 3.349e+02 1.153e+02
s>        ( QUESTION3 -1 -4.950e+03 4.318e+02 2.302e+01
s>            ( - 2.201e+02 1 0)
s>            ( SILENCE -1 -4.739e+03 1.885e+02 2.202e+01
s>                ( - -4.819e+02 1 0)
s>                ( - -4.068e+03 1 0)))
s>        ( WDBNDRY_E 0 -2.037e+04 1.850e+02 9.228e+01
s>            ( - -6.740e+02 1 0)
s>            ( - -1.951e+04 1 0)))INFO: dtree.c(1315): Comp split 13
INFO: dtree.c(1315): Comp split 14
INFO: dtree.c(1439): stop. leaf nodes are specific
INFO: dtree.c(1478): Final simple tree
|( WDBNDRY_B 0 -2.544e+04 3.316e+02 1.143e+02
|    ( SILENCE -1 -4.739e+03 1.885e+02 2.202e+01
|        ( - -4.819e+02 1 0)
|        ( - -4.068e+03 1 0))
|    ( WDBNDRY_E 0 -2.037e+04 1.850e+02 9.228e+01
|        ( - -6.740e+02 1 0)
|        ( - -1.951e+04 1 0)))
s>    ( WDBNDRY_B 0 -2.544e+04 3.316e+02 1.143e+02
s>        ( SILENCE -1 -4.739e+03 1.885e+02 2.202e+01
s>            ( - -4.819e+02 1 0)
s>            ( - -4.068e+03 1 0))
s>        ( WDBNDRY_E 0 -2.037e+04 1.850e+02 9.228e+01
s>            ( - -6.740e+02 1 0)
s>            ( - -1.951e+04 1 0)))INFO: dtree.c(1315): Comp split 15
INFO: dtree.c(1315): Comp split 16
INFO: dtree.c(1439): stop. leaf nodes are specific
INFO: dtree.c(1478): Final simple tree
|( WDBNDRY_B 0 -7.966e+03 3.040e+02 3.622e+01
|    ( - -3.231e+03 1 0)
|    ( - -4.431e+03 1 0))
s>    ( WDBNDRY_B 0 -7.966e+03 3.040e+02 3.622e+01
s>        ( - -3.231e+03 1 0)
s>        ( - -4.431e+03 1 0))INFO: dtree.c(1315): Comp split 17
INFO: dtree.c(1439): stop. leaf nodes are specific
INFO: dtree.c(1478): Final simple tree
|( WDBNDRY_E 0 -2.037e+04 1.850e+02 9.228e+01
|    ( - -6.740e+02 1 0)
|    ( - -1.951e+04 1 0))
s>    ( WDBNDRY_E 0 -2.037e+04 1.850e+02 9.228e+01
s>        ( - -6.740e+02 1 0)
s>        ( - -1.951e+04 1 0))INFO: dtree.c(1439): stop. leaf nodes are specific
INFO: dtree.c(1478): Final simple tree
|( SILENCE -1 -4.739e+03 1.885e+02 2.202e+01
|    ( - -4.819e+02 1 0)
|    ( - -4.068e+03 1 0))
s>    ( SILENCE -1 -4.739e+03 1.885e+02 2.202e+01
s>        ( - -4.819e+02 1 0)
s>        ( - -4.068e+03 1 0))INFO: dtree.c(1315): Comp split 18
INFO: dtree.c(1439): stop. leaf nodes are specific
INFO: dtree.c(1478): Final simple tree
|( WDBNDRY_B 0 -1.903e+04 3.038e+02 9.092e+01
|    ( - -1.079e+04 2 0)
|    ( QUESTION0_1_R 1 -7.939e+03 1.807e+02 3.900e+01
|        ( - -2.732e+03 1 0)
|        ( SILENCE 1 -5.026e+03 1.565e+02 2.500e+01
|            ( - -1.675e+03 1 0)
|            ( - -3.195e+03 1 0))))
s>    ( WDBNDRY_B 0 -1.903e+04 3.038e+02 9.092e+01
s>        ( - -1.079e+04 2 0)
s>        ( QUESTION0_1_R 1 -7.939e+03 1.807e+02 3.900e+01
s>            ( - -2.732e+03 1 0)
s>            ( SILENCE 1 -5.026e+03 1.565e+02 2.500e+01
s>                ( - -1.675e+03 1 0)
s>                ( - -3.195e+03 1 0))))INFO: dtree.c(1315): Comp split 19
INFO: dtree.c(1315): Comp split 20
INFO: dtree.c(1315): Comp split 21
INFO: dtree.c(1439): stop. leaf nodes are specific
INFO: dtree.c(1478): Final simple tree
|( QUESTION0_1_R 1 -7.939e+03 1.807e+02 3.900e+01
|    ( - -2.732e+03 1 0)
|    ( SILENCE 1 -5.026e+03 1.565e+02 2.500e+01
|        ( - -1.675e+03 1 0)
|        ( - -3.195e+03 1 0)))
s>    ( QUESTION0_1_R 1 -7.939e+03 1.807e+02 3.900e+01
s>        ( - -2.732e+03 1 0)
s>        ( SILENCE 1 -5.026e+03 1.565e+02 2.500e+01
s>            ( - -1.675e+03 1 0)
s>            ( - -3.195e+03 1 0)))INFO: dtree.c(1315): Comp split 22
INFO: dtree.c(1439): stop. leaf nodes are specific
INFO: dtree.c(1478): Final simple tree
|( QUESTION1 -1 -2.832e+04 1.770e+02 1.410e+02
|    ( - -9.265e+03 1 0)
|    ( QUESTION0 -1 -1.888e+04 1.663e+02 9.409e+01
|        ( - -3.076e+03 3 0)
|        ( QUESTION19 -1 -1.563e+04 1.404e+02 7.864e+01
|            ( - -1.402e+04 1 0)
|            ( - -1.475e+03 1 0))))
s>    ( QUESTION1 -1 -2.832e+04 1.770e+02 1.410e+02
s>        ( - -9.265e+03 1 0)
s>        ( QUESTION0 -1 -1.888e+04 1.663e+02 9.409e+01
s>            ( - -3.076e+03 3 0)
s>            ( QUESTION19 -1 -1.563e+04 1.404e+02 7.864e+01
s>                ( - -1.402e+04 1 0)
s>                ( - -1.475e+03 1 0))))INFO: dtree.c(1439): stop. leaf nodes are specific
INFO: dtree.c(1478): Final simple tree
|( QUESTION2_0_L -1 -2.629e+04 2.035e+02 1.319e+02
|    ( - -2.282e+02 1 0)
|    ( - -2.586e+04 3 0))
s>    ( QUESTION2_0_L -1 -2.629e+04 2.035e+02 1.319e+02
s>        ( - -2.282e+02 1 0)
s>        ( - -2.586e+04 3 0))INFO: dtree.c(1315): Comp split 23
INFO: dtree.c(1315): Comp split 24
INFO: dtree.c(1315): Comp split 25
INFO: dtree.c(1315): Comp split 26
INFO: dtree.c(1439): stop. leaf nodes are specific
INFO: dtree.c(1478): Final simple tree
|( SILENCE 1 -5.026e+03 1.565e+02 2.500e+01
|    ( - -1.675e+03 1 0)
|    ( - -3.195e+03 1 0))
s>    ( SILENCE 1 -5.026e+03 1.565e+02 2.500e+01
s>        ( - -1.675e+03 1 0)
s>        ( - -3.195e+03 1 0))INFO: dtree.c(1315): Comp split 27
INFO: dtree.c(1439): stop. leaf nodes are specific
INFO: dtree.c(1478): Final simple tree
|( QUESTION0 -1 -1.888e+04 1.663e+02 9.409e+01
|    ( - -3.076e+03 3 0)
|    ( QUESTION19 -1 -1.563e+04 1.404e+02 7.864e+01
|        ( - -1.402e+04 1 0)
|        ( - -1.475e+03 1 0)))
s>    ( QUESTION0 -1 -1.888e+04 1.663e+02 9.409e+01
s>        ( - -3.076e+03 3 0)
s>        ( QUESTION19 -1 -1.563e+04 1.404e+02 7.864e+01
s>            ( - -1.402e+04 1 0)
s>            ( - -1.475e+03 1 0)))INFO: dtree.c(1315): Comp split 28
INFO: dtree.c(1439): stop. leaf nodes are specific
INFO: dtree.c(1478): Final simple tree
|( QUESTION19 -1 -1.563e+04 1.404e+02 7.864e+01
|    ( - -1.402e+04 1 0)
|    ( - -1.475e+03 1 0))
s>    ( QUESTION19 -1 -1.563e+04 1.404e+02 7.864e+01
s>        ( - -1.402e+04 1 0)
s>        ( - -1.475e+03 1 0))INFO: dtree.c(1315): Comp split 29
INFO: dtree.c(1315): Comp split 30
INFO: dtree.c(1315): Comp split 31
INFO: dtree.c(1315): Comp split 32
INFO: dtree.c(1315): Comp split 33
INFO: dtree.c(1318): stop. leaf nodes are specific
Mon Jan 30 07:35:45 2017
