Current configuration:
[NAME]		[DEFLT]	[VALUE]
-allphones	no	no
-cntthresh	0.00001	1.000000e-05
-csplitmax	100	2000
-csplitmin	1	1
-csplitthr	8e-4	0.000000e+00
-example	no	no
-fullvar	no	no
-help		no	no
-meanfn			/Users/benroye/forge/cmusphinx/voiceVim/model_parameters/voiceVim.cd_cont_untied/means
-mixwfn			/Users/benroye/forge/cmusphinx/voiceVim/model_parameters/voiceVim.cd_cont_untied/mixture_weights
-moddeffn		/Users/benroye/forge/cmusphinx/voiceVim/model_architecture/voiceVim.untied.mdef
-mwfloor	1e-4	1.000000e-08
-phone			p
-psetfn			/Users/benroye/forge/cmusphinx/voiceVim/model_architecture/voiceVim.tree_questions
-ssplitmax	5	7
-ssplitmin	1	1
-ssplitthr	8e-4	0.000000e+00
-state			0
-stwt			1.0,0.05,0.0,
-treefn			/Users/benroye/forge/cmusphinx/voiceVim/trees/voiceVim.unpruned/p-0.dtree
-ts2cbfn	.semi.	.cont.
-varfloor	0.00001	1.000000e-05
-varfn			/Users/benroye/forge/cmusphinx/voiceVim/model_parameters/voiceVim.cd_cont_untied/variances

INFO: main.c(223): Reading: /Users/benroye/forge/cmusphinx/voiceVim/model_architecture/voiceVim.untied.mdef
INFO: model_def_io.c(573): Model definition info:
INFO: model_def_io.c(574): 2249 total models defined (39 base, 2210 tri)
INFO: model_def_io.c(575): 8996 total states
INFO: model_def_io.c(576): 6747 total tied states
INFO: model_def_io.c(577): 117 total tied CI states
INFO: model_def_io.c(578): 39 total tied transition matrices
INFO: model_def_io.c(579): 4 max state/model
INFO: model_def_io.c(580): 4 min state/model
INFO: main.c(242): Building trees for [p SIL aa b] through [p uu z e]
INFO: main.c(269): Covering states |[3891 4247]| == 357
INFO: main.c(275): Reading: /Users/benroye/forge/cmusphinx/voiceVim/model_parameters/voiceVim.cd_cont_untied/mixture_weights
INFO: s3mixw_io.c(173): Read /Users/benroye/forge/cmusphinx/voiceVim/model_parameters/voiceVim.cd_cont_untied/mixture_weights [357x1x1 array]
INFO: main.c(311): 119 of 119 models have observation count greater than 0.000010
INFO: main.c(95): nrm stwt: 0.952 0.048 0.000 
INFO: s3gau_io.c(169): Read /Users/benroye/forge/cmusphinx/voiceVim/model_parameters/voiceVim.cd_cont_untied/means [6747x1x1 array]
INFO: s3gau_io.c(169): Read /Users/benroye/forge/cmusphinx/voiceVim/model_parameters/voiceVim.cd_cont_untied/variances [6747x1x1 array]
INFO: main.c(549): Reading: /Users/benroye/forge/cmusphinx/voiceVim/model_architecture/voiceVim.tree_questions
INFO: main.c(588): 174 total simple questions (166 phone; 8 word bndry)
INFO: main.c(590): 40 Left Only questions, and 42 Right Only questions
INFO: dtree.c(1478): Final simple tree
|( QUESTION1 -1 -1.077e+06 8.952e+03 4.779e+03
|    ( - -1.476e+05 7 0 WDBNDRY_B 0 7.207e+02 6.746e+02)
|    ( QUESTION2_10_L -1 -9.203e+05 4.725e+03 4.104e+03
|        ( WDBNDRY_I 0 -2.024e+05 2.613e+03 9.279e+02
|            ( QUESTION4 1 -6.601e+04 1.145e+03 3.048e+02
|                ( - -3.485e+04 2 0 QUESTION0_0_R 1 1.587e+02 1.622e+02)
|                ( - -3.002e+04 2 0 QUESTION0_8_R 1 2.759e+02 1.426e+02))
|            ( - -1.338e+05 12 0 QUESTION0_4_R 1 3.633e+02 6.231e+02))
|        ( QUESTION2_5_L -1 -7.132e+05 1.657e+03 3.176e+03
|            ( - -1.924e+05 19 0 SILENCE 1 7.964e+02 8.724e+02)
|            ( WDBNDRY_I 0 -5.192e+05 1.347e+03 2.304e+03
|                ( - -4.498e+04 3 0 QUESTION0_8_R 1 4.875e+02 1.884e+02)
|                ( WDBNDRY_B 0 -4.728e+05 9.684e+02 2.115e+03
|                    ( - -9.435e+04 37 0 QUESTION4 -1 9.816e+02 4.130e+02)
|                    ( - -3.775e+05 37 0 QUESTION6 1 5.811e+02 1.702e+03))))))
s>    ( QUESTION1 -1 -1.077e+06 8.952e+03 4.779e+03
s>        ( - -1.476e+05 7 0 WDBNDRY_B 0 7.207e+02 6.746e+02)
s>        ( QUESTION2_10_L -1 -9.203e+05 4.725e+03 4.104e+03
s>            ( WDBNDRY_I 0 -2.024e+05 2.613e+03 9.279e+02
s>                ( QUESTION4 1 -6.601e+04 1.145e+03 3.048e+02
s>                    ( - -3.485e+04 2 0 QUESTION0_0_R 1 1.587e+02 1.622e+02)
s>                    ( - -3.002e+04 2 0 QUESTION0_8_R 1 2.759e+02 1.426e+02))
s>                ( - -1.338e+05 12 0 QUESTION0_4_R 1 3.633e+02 6.231e+02))
s>            ( QUESTION2_5_L -1 -7.132e+05 1.657e+03 3.176e+03
s>                ( - -1.924e+05 19 0 SILENCE 1 7.964e+02 8.724e+02)
s>                ( WDBNDRY_I 0 -5.192e+05 1.347e+03 2.304e+03
s>                    ( - -4.498e+04 3 0 QUESTION0_8_R 1 4.875e+02 1.884e+02)
s>                    ( WDBNDRY_B 0 -4.728e+05 9.684e+02 2.115e+03
s>                        ( - -9.435e+04 37 0 QUESTION4 -1 9.816e+02 4.130e+02)
s>                        ( - -3.775e+05 37 0 QUESTION6 1 5.811e+02 1.702e+03))))))INFO: dtree.c(1315): Comp split 0
INFO: dtree.c(1478): Final simple tree
|( QUESTION2_10_L -1 -9.203e+05 4.725e+03 4.104e+03
|    ( WDBNDRY_I 0 -2.024e+05 2.613e+03 9.279e+02
|        ( QUESTION4 1 -6.601e+04 1.145e+03 3.048e+02
|            ( - -3.485e+04 2 0 QUESTION0_0_R 1 1.587e+02 1.622e+02)
|            ( - -3.002e+04 2 0 QUESTION0_8_R 1 2.759e+02 1.426e+02))
|        ( - -1.338e+05 12 0 QUESTION0_4_R 1 3.633e+02 6.231e+02))
|    ( QUESTION2_5_L -1 -7.132e+05 1.657e+03 3.176e+03
|        ( - -1.924e+05 19 0 SILENCE 1 7.964e+02 8.724e+02)
|        ( WDBNDRY_I 0 -5.192e+05 1.347e+03 2.304e+03
|            ( - -4.498e+04 3 0 QUESTION0_8_R 1 4.875e+02 1.884e+02)
|            ( WDBNDRY_B 0 -4.728e+05 9.684e+02 2.115e+03
|                ( QUESTION4 -1 -9.435e+04 9.816e+02 4.130e+02
|                    ( - -4.893e+04 11 0 QUESTION0_8_R 1 4.673e+02 2.273e+02)
|                    ( - -4.444e+04 26 0 SILENCE -1 5.335e+02 1.857e+02))
|                ( - -3.775e+05 37 0 QUESTION6 1 5.811e+02 1.702e+03)))))
s>    ( QUESTION2_10_L -1 -9.203e+05 4.725e+03 4.104e+03
s>        ( WDBNDRY_I 0 -2.024e+05 2.613e+03 9.279e+02
s>            ( QUESTION4 1 -6.601e+04 1.145e+03 3.048e+02
s>                ( - -3.485e+04 2 0 QUESTION0_0_R 1 1.587e+02 1.622e+02)
s>                ( - -3.002e+04 2 0 QUESTION0_8_R 1 2.759e+02 1.426e+02))
s>            ( - -1.338e+05 12 0 QUESTION0_4_R 1 3.633e+02 6.231e+02))
s>        ( QUESTION2_5_L -1 -7.132e+05 1.657e+03 3.176e+03
s>            ( - -1.924e+05 19 0 SILENCE 1 7.964e+02 8.724e+02)
s>            ( WDBNDRY_I 0 -5.192e+05 1.347e+03 2.304e+03
s>                ( - -4.498e+04 3 0 QUESTION0_8_R 1 4.875e+02 1.884e+02)
s>                ( WDBNDRY_B 0 -4.728e+05 9.684e+02 2.115e+03
s>                    ( QUESTION4 -1 -9.435e+04 9.816e+02 4.130e+02
s>                        ( - -4.893e+04 11 0 QUESTION0_8_R 1 4.673e+02 2.273e+02)
s>                        ( - -4.444e+04 26 0 SILENCE -1 5.335e+02 1.857e+02))
s>                    ( - -3.775e+05 37 0 QUESTION6 1 5.811e+02 1.702e+03)))))INFO: dtree.c(1439): stop. leaf nodes are specific
INFO: dtree.c(1478): Final simple tree
|( WDBNDRY_B 0 -1.476e+05 7.207e+02 6.746e+02
|    ( QUESTION0_12_R 1 -1.583e+04 1.588e+02 7.061e+01
|        ( - -1.029e+04 1 0)
|        ( QUESTION0_9_R 1 -5.379e+03 1.167e+02 2.347e+01
|            ( - -2.389e+03 1 0)
|            ( QUESTION0_0_R 1 -2.873e+03 1.163e+02 1.300e+01
|                ( - -1.657e+03 2 0)
|                ( - -1.100e+03 1 0))))
|    ( - -1.310e+05 2 0))
s>    ( WDBNDRY_B 0 -1.476e+05 7.207e+02 6.746e+02
s>        ( QUESTION0_12_R 1 -1.583e+04 1.588e+02 7.061e+01
s>            ( - -1.029e+04 1 0)
s>            ( QUESTION0_9_R 1 -5.379e+03 1.167e+02 2.347e+01
s>                ( - -2.389e+03 1 0)
s>                ( QUESTION0_0_R 1 -2.873e+03 1.163e+02 1.300e+01
s>                    ( - -1.657e+03 2 0)
s>                    ( - -1.100e+03 1 0))))
s>        ( - -1.310e+05 2 0))INFO: dtree.c(1315): Comp split 1
INFO: dtree.c(1478): Final simple tree
|( QUESTION2_19_L -1 -6.668e+05 1.657e+03 2.988e+03
|    ( WDBNDRY_B 0 -4.397e+05 1.309e+03 1.980e+03
|        ( QUESTION4 -1 -6.086e+04 4.705e+02 2.779e+02
|            ( - -4.806e+04 9 0 QUESTION0_8_R 1 4.869e+02 2.243e+02)
|            ( - -1.233e+04 2 0 QUESTION0_0_R 1 2.740e+02 5.363e+01))
|        ( QUESTION6 1 -3.775e+05 5.811e+02 1.702e+03
|            ( - -1.504e+05 2 0 QUESTION0_1_R 1 1.164e+02 7.020e+02)
|            ( QUESTION0_8_R 1 -2.265e+05 4.776e+02 1.000e+03
|                ( - -5.693e+04 5 0 QUESTION4 1 1.368e+02 2.464e+02)
|                ( - -1.691e+05 30 0 QUESTION0_20_R 1 2.698e+02 7.541e+02))))
|    ( SILENCE 1 -2.255e+05 7.893e+02 1.007e+03
|        ( - -1.110e+04 1 0)
|        ( SILENCE -1 -2.136e+05 5.153e+02 9.550e+02
|            ( - -8.319e+03 5 0 QUESTION0_8_R 1 1.877e+02 3.703e+01)
|            ( - -2.047e+05 39 0 QUESTION2 1 3.970e+02 9.180e+02))))
s>    ( QUESTION2_19_L -1 -6.668e+05 1.657e+03 2.988e+03
s>        ( WDBNDRY_B 0 -4.397e+05 1.309e+03 1.980e+03
s>            ( QUESTION4 -1 -6.086e+04 4.705e+02 2.779e+02
s>                ( - -4.806e+04 9 0 QUESTION0_8_R 1 4.869e+02 2.243e+02)
s>                ( - -1.233e+04 2 0 QUESTION0_0_R 1 2.740e+02 5.363e+01))
s>            ( QUESTION6 1 -3.775e+05 5.811e+02 1.702e+03
s>                ( - -1.504e+05 2 0 QUESTION0_1_R 1 1.164e+02 7.020e+02)
s>                ( QUESTION0_8_R 1 -2.265e+05 4.776e+02 1.000e+03
s>                    ( - -5.693e+04 5 0 QUESTION4 1 1.368e+02 2.464e+02)
s>                    ( - -1.691e+05 30 0 QUESTION0_20_R 1 2.698e+02 7.541e+02))))
s>        ( SILENCE 1 -2.255e+05 7.893e+02 1.007e+03
s>            ( - -1.110e+04 1 0)
s>            ( SILENCE -1 -2.136e+05 5.153e+02 9.550e+02
s>                ( - -8.319e+03 5 0 QUESTION0_8_R 1 1.877e+02 3.703e+01)
s>                ( - -2.047e+05 39 0 QUESTION2 1 3.970e+02 9.180e+02))))INFO: dtree.c(1478): Final simple tree
|( QUESTION0_20_R 1 -2.486e+05 2.358e+03 1.116e+03
|    ( - -3.427e+04 3 0 WDBNDRY_I 0 2.154e+02 1.602e+02)
|    ( QUESTION11 1 -2.120e+05 1.398e+03 9.561e+02
|        ( - -2.831e+04 1 0)
|        ( QUESTION2_10_L -1 -1.823e+05 1.255e+03 8.195e+02
|            ( QUESTION0_4_R 1 -1.361e+05 3.557e+02 6.311e+02
|                ( - -3.977e+04 1 0)
|                ( QUESTION15 1 -9.592e+04 2.297e+02 4.499e+02
|                    ( - -4.503e+03 1 0)
|                    ( QUESTION2_13_L -1 -9.119e+04 2.164e+02 4.310e+02
|                        ( - -1.427e+03 1 0)
|                        ( - -8.955e+04 9 0 WDBNDRY_E 0 1.770e+02 4.250e+02))))
|            ( QUESTION0_8_R 1 -4.498e+04 4.875e+02 1.884e+02
|                ( - -2.992e+04 1 0)
|                ( - -1.458e+04 2 0 QUESTION2_3_L -1 1.624e+02 5.694e+01)))))
s>    ( QUESTION0_20_R 1 -2.486e+05 2.358e+03 1.116e+03
s>        ( - -3.427e+04 3 0 WDBNDRY_I 0 2.154e+02 1.602e+02)
s>        ( QUESTION11 1 -2.120e+05 1.398e+03 9.561e+02
s>            ( - -2.831e+04 1 0)
s>            ( QUESTION2_10_L -1 -1.823e+05 1.255e+03 8.195e+02
s>                ( QUESTION0_4_R 1 -1.361e+05 3.557e+02 6.311e+02
s>                    ( - -3.977e+04 1 0)
s>                    ( QUESTION15 1 -9.592e+04 2.297e+02 4.499e+02
s>                        ( - -4.503e+03 1 0)
s>                        ( QUESTION2_13_L -1 -9.119e+04 2.164e+02 4.310e+02
s>                            ( - -1.427e+03 1 0)
s>                            ( - -8.955e+04 9 0 WDBNDRY_E 0 1.770e+02 4.250e+02))))
s>                ( QUESTION0_8_R 1 -4.498e+04 4.875e+02 1.884e+02
s>                    ( - -2.992e+04 1 0)
s>                    ( - -1.458e+04 2 0 QUESTION2_3_L -1 1.624e+02 5.694e+01)))))INFO: dtree.c(1315): Comp split 2
INFO: dtree.c(1478): Final simple tree
|( QUESTION2_10_L -1 -1.823e+05 1.255e+03 8.195e+02
|    ( QUESTION0_4_R 1 -1.361e+05 3.557e+02 6.311e+02
|        ( - -3.977e+04 1 0)
|        ( QUESTION15 1 -9.592e+04 2.297e+02 4.499e+02
|            ( - -4.503e+03 1 0)
|            ( QUESTION2_13_L -1 -9.119e+04 2.164e+02 4.310e+02
|                ( - -1.427e+03 1 0)
|                ( WDBNDRY_E 0 -8.955e+04 1.770e+02 4.250e+02
|                    ( QUESTION3 1 -8.772e+04 1.695e+02 4.180e+02
|                        ( - -6.877e+04 4 0 QUESTION10 1 1.276e+02 3.291e+02)
|                        ( - -1.879e+04 4 0 QUESTION0_3_R 1 4.460e+02 8.887e+01))
|                    ( - -1.647e+03 1 0)))))
|    ( QUESTION0_8_R 1 -4.498e+04 4.875e+02 1.884e+02
|        ( - -2.992e+04 1 0)
|        ( - -1.458e+04 2 0 QUESTION2_3_L -1 1.624e+02 5.694e+01)))
s>    ( QUESTION2_10_L -1 -1.823e+05 1.255e+03 8.195e+02
s>        ( QUESTION0_4_R 1 -1.361e+05 3.557e+02 6.311e+02
s>            ( - -3.977e+04 1 0)
s>            ( QUESTION15 1 -9.592e+04 2.297e+02 4.499e+02
s>                ( - -4.503e+03 1 0)
s>                ( QUESTION2_13_L -1 -9.119e+04 2.164e+02 4.310e+02
s>                    ( - -1.427e+03 1 0)
s>                    ( WDBNDRY_E 0 -8.955e+04 1.770e+02 4.250e+02
s>                        ( QUESTION3 1 -8.772e+04 1.695e+02 4.180e+02
s>                            ( - -6.877e+04 4 0 QUESTION10 1 1.276e+02 3.291e+02)
s>                            ( - -1.879e+04 4 0 QUESTION0_3_R 1 4.460e+02 8.887e+01))
s>                        ( - -1.647e+03 1 0)))))
s>        ( QUESTION0_8_R 1 -4.498e+04 4.875e+02 1.884e+02
s>            ( - -2.992e+04 1 0)
s>            ( - -1.458e+04 2 0 QUESTION2_3_L -1 1.624e+02 5.694e+01)))INFO: dtree.c(1439): stop. leaf nodes are specific
INFO: dtree.c(1478): Final simple tree
|( QUESTION0_0_R 1 -6.369e+04 1.103e+03 2.968e+02
|    ( - -2.831e+04 1 0)
|    ( WDBNDRY_I 0 -3.427e+04 2.154e+02 1.602e+02
|        ( - -3.305e+04 1 0)
|        ( WDBNDRY_B 0 -1.011e+03 1.708e+02 5.000e+00
|            ( - -6.028e+02 1 0)
|            ( - -2.375e+02 1 0))))
s>    ( QUESTION0_0_R 1 -6.369e+04 1.103e+03 2.968e+02
s>        ( - -2.831e+04 1 0)
s>        ( WDBNDRY_I 0 -3.427e+04 2.154e+02 1.602e+02
s>            ( - -3.305e+04 1 0)
s>            ( WDBNDRY_B 0 -1.011e+03 1.708e+02 5.000e+00
s>                ( - -6.028e+02 1 0)
s>                ( - -2.375e+02 1 0))))INFO: dtree.c(1315): Comp split 3
INFO: dtree.c(1478): Final simple tree
|( QUESTION6 1 -3.201e+05 6.072e+02 1.456e+03
|    ( - -1.504e+05 2 0 QUESTION0_1_R 1 1.164e+02 7.020e+02)
|    ( QUESTION0_20_R 1 -1.691e+05 2.698e+02 7.541e+02
|        ( - -3.597e+04 2 0)
|        ( QUESTION0_16_R 1 -1.329e+05 2.245e+02 5.913e+02
|            ( - -3.201e+02 1 0)
|            ( QUESTION18 1 -1.323e+05 2.080e+02 5.893e+02
|                ( - -2.656e+04 3 0 QUESTION0_5_R 1 1.024e+02 1.180e+02)
|                ( QUESTION0_14_R 1 -1.056e+05 2.096e+02 4.712e+02
|                    ( - -1.169e+04 3 0 QUESTION0_15_R 1 1.569e+02 5.173e+01)
|                    ( SILENCE 1 -9.367e+04 1.781e+02 4.195e+02
|                        ( - -1.372e+04 2 0)
|                        ( QUESTION0_11_R 1 -7.977e+04 1.594e+02 3.556e+02
|                            ( - -2.308e+04 4 0 QUESTION0_12_R 1 1.165e+02 1.006e+02)
|                            ( - -5.654e+04 15 0 QUESTION0_4_R 1 1.452e+02 2.551e+02))))))))
s>    ( QUESTION6 1 -3.201e+05 6.072e+02 1.456e+03
s>        ( - -1.504e+05 2 0 QUESTION0_1_R 1 1.164e+02 7.020e+02)
s>        ( QUESTION0_20_R 1 -1.691e+05 2.698e+02 7.541e+02
s>            ( - -3.597e+04 2 0)
s>            ( QUESTION0_16_R 1 -1.329e+05 2.245e+02 5.913e+02
s>                ( - -3.201e+02 1 0)
s>                ( QUESTION18 1 -1.323e+05 2.080e+02 5.893e+02
s>                    ( - -2.656e+04 3 0 QUESTION0_5_R 1 1.024e+02 1.180e+02)
s>                    ( QUESTION0_14_R 1 -1.056e+05 2.096e+02 4.712e+02
s>                        ( - -1.169e+04 3 0 QUESTION0_15_R 1 1.569e+02 5.173e+01)
s>                        ( SILENCE 1 -9.367e+04 1.781e+02 4.195e+02
s>                            ( - -1.372e+04 2 0)
s>                            ( QUESTION0_11_R 1 -7.977e+04 1.594e+02 3.556e+02
s>                                ( - -2.308e+04 4 0 QUESTION0_12_R 1 1.165e+02 1.006e+02)
s>                                ( - -5.654e+04 15 0 QUESTION0_4_R 1 1.452e+02 2.551e+02))))))))INFO: dtree.c(1478): Final simple tree
|( WDBNDRY_B 0 -3.449e+05 8.208e+02 1.532e+03
|    ( QUESTION4 -1 -9.693e+04 9.596e+02 4.240e+02
|        ( QUESTION0_8_R 1 -5.153e+04 4.797e+02 2.383e+02
|            ( QUESTION2_0_L -1 -2.822e+04 4.646e+02 1.319e+02
|                ( - 9.773e+01 1 0)
|                ( - -2.785e+04 5 0))
|            ( - -2.283e+04 8 0 QUESTION2_0_L -1 2.175e+02 1.064e+02))
|        ( SILENCE -1 -4.444e+04 5.335e+02 1.857e+02
|            ( - -8.319e+03 5 0 QUESTION0_8_R 1 1.877e+02 3.703e+01)
|            ( - -3.559e+04 21 0 QUESTION6 -1 2.721e+02 1.487e+02)))
|    ( SILENCE 1 -2.472e+05 8.207e+02 1.108e+03
|        ( - -1.110e+04 1 0)
|        ( QUESTION2_0_L -1 -2.353e+05 4.479e+02 1.055e+03
|            ( - -1.779e+05 15 0 QUESTION2 1 4.124e+02 8.089e+02)
|            ( - -5.693e+04 5 0 QUESTION4 1 1.368e+02 2.464e+02))))
s>    ( WDBNDRY_B 0 -3.449e+05 8.208e+02 1.532e+03
s>        ( QUESTION4 -1 -9.693e+04 9.596e+02 4.240e+02
s>            ( QUESTION0_8_R 1 -5.153e+04 4.797e+02 2.383e+02
s>                ( QUESTION2_0_L -1 -2.822e+04 4.646e+02 1.319e+02
s>                    ( - 9.773e+01 1 0)
s>                    ( - -2.785e+04 5 0))
s>                ( - -2.283e+04 8 0 QUESTION2_0_L -1 2.175e+02 1.064e+02))
s>            ( SILENCE -1 -4.444e+04 5.335e+02 1.857e+02
s>                ( - -8.319e+03 5 0 QUESTION0_8_R 1 1.877e+02 3.703e+01)
s>                ( - -3.559e+04 21 0 QUESTION6 -1 2.721e+02 1.487e+02)))
s>        ( SILENCE 1 -2.472e+05 8.207e+02 1.108e+03
s>            ( - -1.110e+04 1 0)
s>            ( QUESTION2_0_L -1 -2.353e+05 4.479e+02 1.055e+03
s>                ( - -1.779e+05 15 0 QUESTION2 1 4.124e+02 8.089e+02)
s>                ( - -5.693e+04 5 0 QUESTION4 1 1.368e+02 2.464e+02))))INFO: dtree.c(1315): Comp split 4
INFO: dtree.c(1478): Final simple tree
|( QUESTION0_8_R 1 -5.153e+04 4.797e+02 2.383e+02
|    ( QUESTION2_0_L -1 -2.822e+04 4.646e+02 1.319e+02
|        ( - 9.773e+01 1 0)
|        ( - -2.785e+04 5 0))
|    ( QUESTION2_0_L -1 -2.283e+04 2.175e+02 1.064e+02
|        ( QUESTION2_3_L -1 -2.900e+03 2.043e+02 1.300e+01
|            ( QUESTION2_6_L -1 -2.380e+03 1.628e+02 1.100e+01
|                ( QUESTION0_0_R 1 -1.753e+03 1.682e+02 9.000e+00
|                    ( - -4.863e+02 1 0)
|                    ( - -1.098e+03 1 0))
|                ( - -4.649e+02 1 0))
|            ( - -3.157e+02 1 0))
|        ( QUESTION0_0_R 1 -1.972e+04 1.770e+02 9.336e+01
|            ( - -2.952e+02 1 0)
|            ( - -1.924e+04 3 0))))
s>    ( QUESTION0_8_R 1 -5.153e+04 4.797e+02 2.383e+02
s>        ( QUESTION2_0_L -1 -2.822e+04 4.646e+02 1.319e+02
s>            ( - 9.773e+01 1 0)
s>            ( - -2.785e+04 5 0))
s>        ( QUESTION2_0_L -1 -2.283e+04 2.175e+02 1.064e+02
s>            ( QUESTION2_3_L -1 -2.900e+03 2.043e+02 1.300e+01
s>                ( QUESTION2_6_L -1 -2.380e+03 1.628e+02 1.100e+01
s>                    ( QUESTION0_0_R 1 -1.753e+03 1.682e+02 9.000e+00
s>                        ( - -4.863e+02 1 0)
s>                        ( - -1.098e+03 1 0))
s>                    ( - -4.649e+02 1 0))
s>                ( - -3.157e+02 1 0))
s>            ( QUESTION0_0_R 1 -1.972e+04 1.770e+02 9.336e+01
s>                ( - -2.952e+02 1 0)
s>                ( - -1.924e+04 3 0))))INFO: dtree.c(1478): Final simple tree
|( SILENCE 1 -2.920e+05 8.208e+02 1.293e+03
|    ( - -1.110e+04 1 0)
|    ( QUESTION2_2_L -1 -2.801e+05 5.616e+02 1.241e+03
|        ( QUESTION2 1 -1.779e+05 4.124e+02 8.089e+02
|            ( QUESTION0_2_R 1 -1.322e+04 3.800e+02 6.208e+01
|                ( - -4.639e+03 1 0)
|                ( - -8.204e+03 2 0))
|            ( QUESTION0_11_R 1 -1.642e+05 2.690e+02 7.469e+02
|                ( - -2.146e+04 4 0 QUESTION0_16_R 1 1.762e+02 9.583e+01)
|                ( - -1.425e+05 8 0 QUESTION0_0_R 1 2.211e+02 6.510e+02)))
|        ( SILENCE -1 -1.016e+05 4.769e+02 4.320e+02
|            ( - -8.319e+03 5 0 QUESTION0_8_R 1 1.877e+02 3.703e+01)
|            ( QUESTION5 -1 -9.285e+04 3.456e+02 3.950e+02
|                ( - -2.656e+04 12 0 QUESTION9 -1 2.591e+02 1.117e+02)
|                ( - -6.595e+04 14 0 QUESTION0_9_R 1 1.945e+02 2.834e+02)))))
s>    ( SILENCE 1 -2.920e+05 8.208e+02 1.293e+03
s>        ( - -1.110e+04 1 0)
s>        ( QUESTION2_2_L -1 -2.801e+05 5.616e+02 1.241e+03
s>            ( QUESTION2 1 -1.779e+05 4.124e+02 8.089e+02
s>                ( QUESTION0_2_R 1 -1.322e+04 3.800e+02 6.208e+01
s>                    ( - -4.639e+03 1 0)
s>                    ( - -8.204e+03 2 0))
s>                ( QUESTION0_11_R 1 -1.642e+05 2.690e+02 7.469e+02
s>                    ( - -2.146e+04 4 0 QUESTION0_16_R 1 1.762e+02 9.583e+01)
s>                    ( - -1.425e+05 8 0 QUESTION0_0_R 1 2.211e+02 6.510e+02)))
s>            ( SILENCE -1 -1.016e+05 4.769e+02 4.320e+02
s>                ( - -8.319e+03 5 0 QUESTION0_8_R 1 1.877e+02 3.703e+01)
s>                ( QUESTION5 -1 -9.285e+04 3.456e+02 3.950e+02
s>                    ( - -2.656e+04 12 0 QUESTION9 -1 2.591e+02 1.117e+02)
s>                    ( - -6.595e+04 14 0 QUESTION0_9_R 1 1.945e+02 2.834e+02)))))INFO: dtree.c(1315): Comp split 5
INFO: dtree.c(1439): stop. leaf nodes are specific
INFO: dtree.c(1478): Final simple tree
|( QUESTION2_0_L -1 -4.678e+04 4.985e+02 1.954e+02
|    ( QUESTION2_3_L -1 -1.637e+04 1.676e+02 6.394e+01
|        ( - -6.823e+03 1 0)
|        ( QUESTION0_8_R 1 -9.377e+03 1.357e+02 3.789e+01
|            ( - -1.647e+03 1 0)
|            ( - -7.595e+03 1 0)))
|    ( - -2.992e+04 1 0))
s>    ( QUESTION2_0_L -1 -4.678e+04 4.985e+02 1.954e+02
s>        ( QUESTION2_3_L -1 -1.637e+04 1.676e+02 6.394e+01
s>            ( - -6.823e+03 1 0)
s>            ( QUESTION0_8_R 1 -9.377e+03 1.357e+02 3.789e+01
s>                ( - -1.647e+03 1 0)
s>                ( - -7.595e+03 1 0)))
s>        ( - -2.992e+04 1 0))INFO: dtree.c(1478): Final simple tree
|( QUESTION0_4_R 1 -1.342e+05 3.659e+02 6.241e+02
|    ( - -3.977e+04 1 0)
|    ( QUESTION15 1 -9.411e+04 2.346e+02 4.429e+02
|        ( - -4.503e+03 1 0)
|        ( WDBNDRY_E 0 -8.937e+04 2.179e+02 4.240e+02
|            ( QUESTION3 1 -8.772e+04 1.695e+02 4.180e+02
|                ( QUESTION10 1 -6.877e+04 1.276e+02 3.291e+02
|                    ( - -2.077e+03 1 0)
|                    ( - -6.656e+04 3 0 QUESTION0_1_R 1 8.301e+01 3.181e+02))
|                ( QUESTION0_3_R 1 -1.879e+04 4.460e+02 8.887e+01
|                    ( - 2.414e+02 1 0)
|                    ( QUESTION0_1_R 1 -1.858e+04 1.384e+02 8.787e+01
|                        ( - -4.217e+03 1 0)
|                        ( - -1.423e+04 2 0 SILENCE 1 1.141e+02 6.776e+01))))
|            ( - -1.427e+03 1 0))))
s>    ( QUESTION0_4_R 1 -1.342e+05 3.659e+02 6.241e+02
s>        ( - -3.977e+04 1 0)
s>        ( QUESTION15 1 -9.411e+04 2.346e+02 4.429e+02
s>            ( - -4.503e+03 1 0)
s>            ( WDBNDRY_E 0 -8.937e+04 2.179e+02 4.240e+02
s>                ( QUESTION3 1 -8.772e+04 1.695e+02 4.180e+02
s>                    ( QUESTION10 1 -6.877e+04 1.276e+02 3.291e+02
s>                        ( - -2.077e+03 1 0)
s>                        ( - -6.656e+04 3 0 QUESTION0_1_R 1 8.301e+01 3.181e+02))
s>                    ( QUESTION0_3_R 1 -1.879e+04 4.460e+02 8.887e+01
s>                        ( - 2.414e+02 1 0)
s>                        ( QUESTION0_1_R 1 -1.858e+04 1.384e+02 8.787e+01
s>                            ( - -4.217e+03 1 0)
s>                            ( - -1.423e+04 2 0 SILENCE 1 1.141e+02 6.776e+01))))
s>                ( - -1.427e+03 1 0))))INFO: dtree.c(1315): Comp split 6
INFO: dtree.c(1439): stop. leaf nodes are specific
INFO: dtree.c(1478): Final simple tree
|( SILENCE 1 -1.952e+04 2.137e+02 9.161e+01
|    ( - -1.110e+04 1 0)
|    ( - -8.204e+03 2 0))
s>    ( SILENCE 1 -1.952e+04 2.137e+02 9.161e+01
s>        ( - -1.110e+04 1 0)
s>        ( - -8.204e+03 2 0))INFO: dtree.c(1478): Final simple tree
|( QUESTION2_2_L -1 -2.713e+05 5.771e+02 1.202e+03
|    ( QUESTION0_11_R 1 -1.690e+05 2.737e+02 7.698e+02
|        ( - -2.146e+04 4 0 QUESTION0_16_R 1 1.762e+02 9.583e+01)
|        ( QUESTION0_0_R 1 -1.473e+05 2.257e+02 6.740e+02
|            ( - -1.042e+05 8 0 QUESTION2 1 1.443e+02 4.727e+02)
|            ( - -4.284e+04 1 0)))
|    ( SILENCE -1 -1.016e+05 4.769e+02 4.320e+02
|        ( - -8.319e+03 5 0 QUESTION0_8_R 1 1.877e+02 3.703e+01)
|        ( QUESTION5 -1 -9.285e+04 3.456e+02 3.950e+02
|            ( QUESTION9 -1 -2.656e+04 2.591e+02 1.117e+02
|                ( - -3.471e+03 2 0 QUESTION0_8_R 1 2.051e+02 1.416e+01)
|                ( QUESTION13 -1 -2.283e+04 2.061e+02 9.749e+01
|                    ( - -9.509e+03 1 0)
|                    ( - -1.311e+04 9 0 QUESTION6 -1 1.663e+02 5.502e+01)))
|            ( - -6.595e+04 14 0 QUESTION0_9_R 1 1.945e+02 2.834e+02))))
s>    ( QUESTION2_2_L -1 -2.713e+05 5.771e+02 1.202e+03
s>        ( QUESTION0_11_R 1 -1.690e+05 2.737e+02 7.698e+02
s>            ( - -2.146e+04 4 0 QUESTION0_16_R 1 1.762e+02 9.583e+01)
s>            ( QUESTION0_0_R 1 -1.473e+05 2.257e+02 6.740e+02
s>                ( - -1.042e+05 8 0 QUESTION2 1 1.443e+02 4.727e+02)
s>                ( - -4.284e+04 1 0)))
s>        ( SILENCE -1 -1.016e+05 4.769e+02 4.320e+02
s>            ( - -8.319e+03 5 0 QUESTION0_8_R 1 1.877e+02 3.703e+01)
s>            ( QUESTION5 -1 -9.285e+04 3.456e+02 3.950e+02
s>                ( QUESTION9 -1 -2.656e+04 2.591e+02 1.117e+02
s>                    ( - -3.471e+03 2 0 QUESTION0_8_R 1 2.051e+02 1.416e+01)
s>                    ( QUESTION13 -1 -2.283e+04 2.061e+02 9.749e+01
s>                        ( - -9.509e+03 1 0)
s>                        ( - -1.311e+04 9 0 QUESTION6 -1 1.663e+02 5.502e+01)))
s>                ( - -6.595e+04 14 0 QUESTION0_9_R 1 1.945e+02 2.834e+02))))INFO: dtree.c(1315): Comp split 7
INFO: dtree.c(1439): stop. leaf nodes are specific
INFO: dtree.c(1478): Final simple tree
|( WDBNDRY_I 0 -2.952e+04 1.907e+02 1.416e+02
|    ( - -2.831e+04 1 0)
|    ( WDBNDRY_B 0 -1.011e+03 1.708e+02 5.000e+00
|        ( - -6.028e+02 1 0)
|        ( - -2.375e+02 1 0)))
s>    ( WDBNDRY_I 0 -2.952e+04 1.907e+02 1.416e+02
s>        ( - -2.831e+04 1 0)
s>        ( WDBNDRY_B 0 -1.011e+03 1.708e+02 5.000e+00
s>            ( - -6.028e+02 1 0)
s>            ( - -2.375e+02 1 0)))INFO: dtree.c(1315): Comp split 8
INFO: dtree.c(1439): stop. leaf nodes are specific
INFO: dtree.c(1478): Final simple tree
|( QUESTION0_12_R 1 -1.583e+04 1.588e+02 7.061e+01
|    ( - -1.029e+04 1 0)
|    ( QUESTION0_9_R 1 -5.379e+03 1.167e+02 2.347e+01
|        ( - -2.389e+03 1 0)
|        ( QUESTION0_0_R 1 -2.873e+03 1.163e+02 1.300e+01
|            ( - -1.657e+03 2 0)
|            ( - -1.100e+03 1 0))))
s>    ( QUESTION0_12_R 1 -1.583e+04 1.588e+02 7.061e+01
s>        ( - -1.029e+04 1 0)
s>        ( QUESTION0_9_R 1 -5.379e+03 1.167e+02 2.347e+01
s>            ( - -2.389e+03 1 0)
s>            ( QUESTION0_0_R 1 -2.873e+03 1.163e+02 1.300e+01
s>                ( - -1.657e+03 2 0)
s>                ( - -1.100e+03 1 0))))INFO: dtree.c(1315): Comp split 9
INFO: dtree.c(1478): Final simple tree
|( QUESTION18 1 -1.567e+05 2.722e+02 7.004e+02
|    ( - -2.656e+04 3 0 QUESTION0_5_R 1 1.024e+02 1.180e+02)
|    ( SILENCE 1 -1.298e+05 2.003e+02 5.823e+02
|        ( - -1.372e+04 2 0)
|        ( QUESTION0_0_R 1 -1.159e+05 1.780e+02 5.185e+02
|            ( QUESTION0_11_R 1 -7.977e+04 1.594e+02 3.556e+02
|                ( - -2.308e+04 4 0 QUESTION0_12_R 1 1.165e+02 1.006e+02)
|                ( QUESTION0_4_R 1 -5.654e+04 1.452e+02 2.551e+02
|                    ( - -9.284e+03 2 0)
|                    ( QUESTION16 1 -4.711e+04 1.423e+02 2.131e+02
|                        ( - -3.008e+03 2 0)
|                        ( QUESTION0_3_R 1 -4.396e+04 1.213e+02 2.001e+02
|                            ( - -2.389e+04 6 0 QUESTION0 1 1.173e+02 1.075e+02)
|                            ( - -1.995e+04 5 0 QUESTION0_1_R 1 9.954e+01 9.260e+01)))))
|            ( - -3.597e+04 2 0))))
s>    ( QUESTION18 1 -1.567e+05 2.722e+02 7.004e+02
s>        ( - -2.656e+04 3 0 QUESTION0_5_R 1 1.024e+02 1.180e+02)
s>        ( SILENCE 1 -1.298e+05 2.003e+02 5.823e+02
s>            ( - -1.372e+04 2 0)
s>            ( QUESTION0_0_R 1 -1.159e+05 1.780e+02 5.185e+02
s>                ( QUESTION0_11_R 1 -7.977e+04 1.594e+02 3.556e+02
s>                    ( - -2.308e+04 4 0 QUESTION0_12_R 1 1.165e+02 1.006e+02)
s>                    ( QUESTION0_4_R 1 -5.654e+04 1.452e+02 2.551e+02
s>                        ( - -9.284e+03 2 0)
s>                        ( QUESTION16 1 -4.711e+04 1.423e+02 2.131e+02
s>                            ( - -3.008e+03 2 0)
s>                            ( QUESTION0_3_R 1 -4.396e+04 1.213e+02 2.001e+02
s>                                ( - -2.389e+04 6 0 QUESTION0 1 1.173e+02 1.075e+02)
s>                                ( - -1.995e+04 5 0 QUESTION0_1_R 1 9.954e+01 9.260e+01)))))
s>                ( - -3.597e+04 2 0))))INFO: dtree.c(1439): stop. leaf nodes are specific
INFO: dtree.c(1478): Final simple tree
|( QUESTION0_16_R 1 -1.628e+05 2.202e+02 7.557e+02
|    ( - -3.201e+02 1 0)
|    ( QUESTION0_11_R 1 -1.623e+05 1.762e+02 7.537e+02
|        ( QUESTION0_15_R 1 -1.169e+04 1.569e+02 5.173e+01
|            ( - -1.050e+04 2 0)
|            ( - -1.027e+03 1 0))
|        ( QUESTION0_1_R 1 -1.504e+05 1.164e+02 7.020e+02
|            ( - -1.485e+05 1 0)
|            ( - -1.821e+03 1 0))))
s>    ( QUESTION0_16_R 1 -1.628e+05 2.202e+02 7.557e+02
s>        ( - -3.201e+02 1 0)
s>        ( QUESTION0_11_R 1 -1.623e+05 1.762e+02 7.537e+02
s>            ( QUESTION0_15_R 1 -1.169e+04 1.569e+02 5.173e+01
s>                ( - -1.050e+04 2 0)
s>                ( - -1.027e+03 1 0))
s>            ( QUESTION0_1_R 1 -1.504e+05 1.164e+02 7.020e+02
s>                ( - -1.485e+05 1 0)
s>                ( - -1.821e+03 1 0))))INFO: dtree.c(1315): Comp split 10
INFO: dtree.c(1478): Final simple tree
|( QUESTION0_0_R 1 -1.473e+05 2.257e+02 6.740e+02
|    ( QUESTION2 1 -1.042e+05 1.443e+02 4.727e+02
|        ( - -4.639e+03 1 0)
|        ( QUESTION0_2_R 1 -9.946e+04 1.461e+02 4.498e+02
|            ( - -4.757e+03 1 0)
|            ( QUESTION15 1 -9.456e+04 1.276e+02 4.297e+02
|                ( - -2.192e+04 1 0)
|                ( QUESTION0_8_R 1 -7.251e+04 1.267e+02 3.311e+02
|                    ( - -3.894e+03 1 0)
|                    ( QUESTION0_6_R 1 -6.849e+04 1.190e+02 3.120e+02
|                        ( - -1.013e+04 1 0)
|                        ( QUESTION0_5_R 1 -5.825e+04 1.046e+02 2.663e+02
|                            ( - -2.451e+03 1 0)
|                            ( - -5.569e+04 2 0 QUESTION0_1_R 1 7.668e+01 2.543e+02)))))))
|    ( - -4.284e+04 1 0))
s>    ( QUESTION0_0_R 1 -1.473e+05 2.257e+02 6.740e+02
s>        ( QUESTION2 1 -1.042e+05 1.443e+02 4.727e+02
s>            ( - -4.639e+03 1 0)
s>            ( QUESTION0_2_R 1 -9.946e+04 1.461e+02 4.498e+02
s>                ( - -4.757e+03 1 0)
s>                ( QUESTION15 1 -9.456e+04 1.276e+02 4.297e+02
s>                    ( - -2.192e+04 1 0)
s>                    ( QUESTION0_8_R 1 -7.251e+04 1.267e+02 3.311e+02
s>                        ( - -3.894e+03 1 0)
s>                        ( QUESTION0_6_R 1 -6.849e+04 1.190e+02 3.120e+02
s>                            ( - -1.013e+04 1 0)
s>                            ( QUESTION0_5_R 1 -5.825e+04 1.046e+02 2.663e+02
s>                                ( - -2.451e+03 1 0)
s>                                ( - -5.569e+04 2 0 QUESTION0_1_R 1 7.668e+01 2.543e+02)))))))
s>        ( - -4.284e+04 1 0))INFO: dtree.c(1478): Final simple tree
|( SILENCE -1 -1.233e+05 4.759e+02 5.279e+02
|    ( QUESTION0_8_R 1 -8.319e+03 1.877e+02 3.703e+01
|        ( - -5.246e+03 2 0)
|        ( - -2.885e+03 3 0 QUESTION0_12_R 1 1.270e+02 1.400e+01))
|    ( QUESTION5 -1 -1.145e+05 3.614e+02 4.908e+02
|        ( QUESTION9 -1 -2.656e+04 2.591e+02 1.117e+02
|            ( QUESTION0_8_R 1 -3.471e+03 2.051e+02 1.416e+01
|                ( - -2.550e+03 1 0)
|                ( - -7.160e+02 1 0))
|            ( QUESTION13 -1 -2.283e+04 2.061e+02 9.749e+01
|                ( - -9.509e+03 1 0)
|                ( - -1.311e+04 9 0 QUESTION6 -1 1.663e+02 5.502e+01)))
|        ( QUESTION0_9_R 1 -8.763e+04 2.297e+02 3.792e+02
|            ( - -2.549e+04 8 0 WDBNDRY_B 0 1.874e+02 1.118e+02)
|            ( - -6.190e+04 10 0 QUESTION4 1 1.249e+02 2.674e+02))))
s>    ( SILENCE -1 -1.233e+05 4.759e+02 5.279e+02
s>        ( QUESTION0_8_R 1 -8.319e+03 1.877e+02 3.703e+01
s>            ( - -5.246e+03 2 0)
s>            ( - -2.885e+03 3 0 QUESTION0_12_R 1 1.270e+02 1.400e+01))
s>        ( QUESTION5 -1 -1.145e+05 3.614e+02 4.908e+02
s>            ( QUESTION9 -1 -2.656e+04 2.591e+02 1.117e+02
s>                ( QUESTION0_8_R 1 -3.471e+03 2.051e+02 1.416e+01
s>                    ( - -2.550e+03 1 0)
s>                    ( - -7.160e+02 1 0))
s>                ( QUESTION13 -1 -2.283e+04 2.061e+02 9.749e+01
s>                    ( - -9.509e+03 1 0)
s>                    ( - -1.311e+04 9 0 QUESTION6 -1 1.663e+02 5.502e+01)))
s>            ( QUESTION0_9_R 1 -8.763e+04 2.297e+02 3.792e+02
s>                ( - -2.549e+04 8 0 WDBNDRY_B 0 1.874e+02 1.118e+02)
s>                ( - -6.190e+04 10 0 QUESTION4 1 1.249e+02 2.674e+02))))INFO: dtree.c(1315): Comp split 11
INFO: dtree.c(1478): Final simple tree
|( QUESTION5 -1 -1.176e+05 3.609e+02 5.048e+02
|    ( QUESTION9 -1 -2.656e+04 2.591e+02 1.117e+02
|        ( QUESTION0_8_R 1 -3.471e+03 2.051e+02 1.416e+01
|            ( - -2.550e+03 1 0)
|            ( - -7.160e+02 1 0))
|        ( QUESTION13 -1 -2.283e+04 2.061e+02 9.749e+01
|            ( - -9.509e+03 1 0)
|            ( - -1.311e+04 9 0 QUESTION6 -1 1.663e+02 5.502e+01)))
|    ( QUESTION2_0_L -1 -9.063e+04 2.262e+02 3.932e+02
|        ( QUESTION0_16_R 1 -3.047e+04 1.726e+02 1.328e+02
|            ( - -7.248e+02 1 0)
|            ( QUESTION0_8_R 1 -2.957e+04 1.722e+02 1.298e+02
|                ( - -2.584e+03 3 0)
|                ( - -2.682e+04 9 0 QUESTION4 1 1.756e+02 1.188e+02)))
|        ( - -5.994e+04 8 0 QUESTION0_12_R 1 1.380e+02 2.604e+02)))
s>    ( QUESTION5 -1 -1.176e+05 3.609e+02 5.048e+02
s>        ( QUESTION9 -1 -2.656e+04 2.591e+02 1.117e+02
s>            ( QUESTION0_8_R 1 -3.471e+03 2.051e+02 1.416e+01
s>                ( - -2.550e+03 1 0)
s>                ( - -7.160e+02 1 0))
s>            ( QUESTION13 -1 -2.283e+04 2.061e+02 9.749e+01
s>                ( - -9.509e+03 1 0)
s>                ( - -1.311e+04 9 0 QUESTION6 -1 1.663e+02 5.502e+01)))
s>        ( QUESTION2_0_L -1 -9.063e+04 2.262e+02 3.932e+02
s>            ( QUESTION0_16_R 1 -3.047e+04 1.726e+02 1.328e+02
s>                ( - -7.248e+02 1 0)
s>                ( QUESTION0_8_R 1 -2.957e+04 1.722e+02 1.298e+02
s>                    ( - -2.584e+03 3 0)
s>                    ( - -2.682e+04 9 0 QUESTION4 1 1.756e+02 1.188e+02)))
s>            ( - -5.994e+04 8 0 QUESTION0_12_R 1 1.380e+02 2.604e+02)))INFO: dtree.c(1315): Comp split 12
INFO: dtree.c(1439): stop. leaf nodes are specific
INFO: dtree.c(1478): Final simple tree
|( QUESTION2_3_L -1 -1.637e+04 1.676e+02 6.394e+01
|    ( - -6.823e+03 1 0)
|    ( QUESTION0_8_R 1 -9.377e+03 1.357e+02 3.789e+01
|        ( - -1.647e+03 1 0)
|        ( - -7.595e+03 1 0)))
s>    ( QUESTION2_3_L -1 -1.637e+04 1.676e+02 6.394e+01
s>        ( - -6.823e+03 1 0)
s>        ( QUESTION0_8_R 1 -9.377e+03 1.357e+02 3.789e+01
s>            ( - -1.647e+03 1 0)
s>            ( - -7.595e+03 1 0)))INFO: dtree.c(1315): Comp split 13
INFO: dtree.c(1439): stop. leaf nodes are specific
INFO: dtree.c(1478): Final simple tree
|( QUESTION0_0_R 1 -2.837e+04 2.009e+02 1.329e+02
|    ( - -2.785e+04 5 0)
|    ( - -3.157e+02 1 0))
s>    ( QUESTION0_0_R 1 -2.837e+04 2.009e+02 1.329e+02
s>        ( - -2.785e+04 5 0)
s>        ( - -3.157e+02 1 0))INFO: dtree.c(1439): stop. leaf nodes are specific
INFO: dtree.c(1478): Final simple tree
|( QUESTION0_8_R 1 -2.268e+04 4.608e+02 1.054e+02
|    ( - 9.773e+01 1 0)
|    ( QUESTION2_0_L -1 -2.232e+04 2.188e+02 1.044e+02
|        ( QUESTION2_6_L -1 -2.380e+03 1.628e+02 1.100e+01
|            ( QUESTION0_0_R 1 -1.753e+03 1.682e+02 9.000e+00
|                ( - -4.863e+02 1 0)
|                ( - -1.098e+03 1 0))
|            ( - -4.649e+02 1 0))
|        ( QUESTION0_0_R 1 -1.972e+04 1.770e+02 9.336e+01
|            ( - -2.952e+02 1 0)
|            ( - -1.924e+04 3 0))))
s>    ( QUESTION0_8_R 1 -2.268e+04 4.608e+02 1.054e+02
s>        ( - 9.773e+01 1 0)
s>        ( QUESTION2_0_L -1 -2.232e+04 2.188e+02 1.044e+02
s>            ( QUESTION2_6_L -1 -2.380e+03 1.628e+02 1.100e+01
s>                ( QUESTION0_0_R 1 -1.753e+03 1.682e+02 9.000e+00
s>                    ( - -4.863e+02 1 0)
s>                    ( - -1.098e+03 1 0))
s>                ( - -4.649e+02 1 0))
s>            ( QUESTION0_0_R 1 -1.972e+04 1.770e+02 9.336e+01
s>                ( - -2.952e+02 1 0)
s>                ( - -1.924e+04 3 0))))INFO: dtree.c(1315): Comp split 14
INFO: dtree.c(1439): stop. leaf nodes are specific
INFO: dtree.c(1478): Final simple tree
|( QUESTION2_0_L -1 -2.232e+04 2.188e+02 1.044e+02
|    ( QUESTION2_6_L -1 -2.380e+03 1.628e+02 1.100e+01
|        ( QUESTION0_0_R 1 -1.753e+03 1.682e+02 9.000e+00
|            ( - -4.863e+02 1 0)
|            ( - -1.098e+03 1 0))
|        ( - -4.649e+02 1 0))
|    ( QUESTION0_0_R 1 -1.972e+04 1.770e+02 9.336e+01
|        ( - -2.952e+02 1 0)
|        ( - -1.924e+04 3 0)))
s>    ( QUESTION2_0_L -1 -2.232e+04 2.188e+02 1.044e+02
s>        ( QUESTION2_6_L -1 -2.380e+03 1.628e+02 1.100e+01
s>            ( QUESTION0_0_R 1 -1.753e+03 1.682e+02 9.000e+00
s>                ( - -4.863e+02 1 0)
s>                ( - -1.098e+03 1 0))
s>            ( - -4.649e+02 1 0))
s>        ( QUESTION0_0_R 1 -1.972e+04 1.770e+02 9.336e+01
s>            ( - -2.952e+02 1 0)
s>            ( - -1.924e+04 3 0)))INFO: dtree.c(1315): Comp split 15
INFO: dtree.c(1478): Final simple tree
|( QUESTION0_4_R 1 -1.340e+05 3.665e+02 6.231e+02
|    ( - -3.977e+04 1 0)
|    ( QUESTION15 1 -9.390e+04 2.350e+02 4.419e+02
|        ( - -4.503e+03 1 0)
|        ( WDBNDRY_E 0 -8.916e+04 2.179e+02 4.230e+02
|            ( QUESTION3 1 -8.751e+04 1.648e+02 4.170e+02
|                ( QUESTION10 1 -6.877e+04 1.276e+02 3.291e+02
|                    ( - -2.077e+03 1 0)
|                    ( - -6.656e+04 3 0 QUESTION0_1_R 1 8.301e+01 3.181e+02))
|                ( QUESTION0_1_R 1 -1.858e+04 1.384e+02 8.787e+01
|                    ( - -4.217e+03 1 0)
|                    ( SILENCE 1 -1.423e+04 1.141e+02 6.776e+01
|                        ( - -5.657e+03 1 0)
|                        ( - -8.455e+03 1 0))))
|            ( - -1.427e+03 1 0))))
s>    ( QUESTION0_4_R 1 -1.340e+05 3.665e+02 6.231e+02
s>        ( - -3.977e+04 1 0)
s>        ( QUESTION15 1 -9.390e+04 2.350e+02 4.419e+02
s>            ( - -4.503e+03 1 0)
s>            ( WDBNDRY_E 0 -8.916e+04 2.179e+02 4.230e+02
s>                ( QUESTION3 1 -8.751e+04 1.648e+02 4.170e+02
s>                    ( QUESTION10 1 -6.877e+04 1.276e+02 3.291e+02
s>                        ( - -2.077e+03 1 0)
s>                        ( - -6.656e+04 3 0 QUESTION0_1_R 1 8.301e+01 3.181e+02))
s>                    ( QUESTION0_1_R 1 -1.858e+04 1.384e+02 8.787e+01
s>                        ( - -4.217e+03 1 0)
s>                        ( SILENCE 1 -1.423e+04 1.141e+02 6.776e+01
s>                            ( - -5.657e+03 1 0)
s>                            ( - -8.455e+03 1 0))))
s>                ( - -1.427e+03 1 0))))INFO: dtree.c(1315): Comp split 16
INFO: dtree.c(1439): stop. leaf nodes are specific
INFO: dtree.c(1478): Final simple tree
|( WDBNDRY_E 0 -8.479e+04 2.159e+02 4.029e+02
|    ( QUESTION3 1 -8.315e+04 1.551e+02 3.969e+02
|        ( QUESTION10 1 -6.877e+04 1.276e+02 3.291e+02
|            ( - -2.077e+03 1 0)
|            ( QUESTION0_1_R 1 -6.656e+04 8.301e+01 3.181e+02
|                ( - -2.468e+03 1 0)
|                ( - -6.401e+04 2 0)))
|        ( SILENCE 1 -1.423e+04 1.141e+02 6.776e+01
|            ( - -5.657e+03 1 0)
|            ( - -8.455e+03 1 0)))
|    ( - -1.427e+03 1 0))
s>    ( WDBNDRY_E 0 -8.479e+04 2.159e+02 4.029e+02
s>        ( QUESTION3 1 -8.315e+04 1.551e+02 3.969e+02
s>            ( QUESTION10 1 -6.877e+04 1.276e+02 3.291e+02
s>                ( - -2.077e+03 1 0)
s>                ( QUESTION0_1_R 1 -6.656e+04 8.301e+01 3.181e+02
s>                    ( - -2.468e+03 1 0)
s>                    ( - -6.401e+04 2 0)))
s>            ( SILENCE 1 -1.423e+04 1.141e+02 6.776e+01
s>                ( - -5.657e+03 1 0)
s>                ( - -8.455e+03 1 0)))
s>        ( - -1.427e+03 1 0))INFO: dtree.c(1439): stop. leaf nodes are specific
INFO: dtree.c(1478): Final simple tree
|( QUESTION0_6_R 1 -4.883e+04 2.027e+02 2.202e+02
|    ( - -4.503e+03 1 0)
|    ( QUESTION0_2_R 1 -4.412e+04 1.328e+02 2.013e+02
|        ( - -4.217e+03 1 0)
|        ( - -3.977e+04 1 0)))
s>    ( QUESTION0_6_R 1 -4.883e+04 2.027e+02 2.202e+02
s>        ( - -4.503e+03 1 0)
s>        ( QUESTION0_2_R 1 -4.412e+04 1.328e+02 2.013e+02
s>            ( - -4.217e+03 1 0)
s>            ( - -3.977e+04 1 0)))INFO: dtree.c(1315): Comp split 17
INFO: dtree.c(1478): Final simple tree
|( QUESTION0_9_R 1 -8.697e+04 2.209e+02 3.792e+02
|    ( WDBNDRY_B 0 -2.652e+04 1.986e+02 1.178e+02
|        ( QUESTION0_12_R 1 -5.772e+03 1.465e+02 2.500e+01
|            ( SILENCE -1 -2.981e+03 1.313e+02 1.300e+01
|                ( - -9.625e+02 1 0)
|                ( - -1.887e+03 2 0))
|            ( SILENCE -1 -2.644e+03 1.626e+02 1.200e+01
|                ( - -6.807e+02 1 0)
|                ( - -1.801e+03 2 0)))
|        ( QUESTION4 1 -2.055e+04 1.635e+02 9.283e+01
|            ( - -9.045e+03 2 0 QUESTION0_12_R 1 1.011e+02 4.199e+01)
|            ( - -1.135e+04 1 0)))
|    ( QUESTION4 1 -6.023e+04 1.288e+02 2.614e+02
|        ( - -4.539e+04 7 0 SILENCE -1 1.142e+02 1.947e+02)
|        ( - -1.471e+04 1 0)))
s>    ( QUESTION0_9_R 1 -8.697e+04 2.209e+02 3.792e+02
s>        ( WDBNDRY_B 0 -2.652e+04 1.986e+02 1.178e+02
s>            ( QUESTION0_12_R 1 -5.772e+03 1.465e+02 2.500e+01
s>                ( SILENCE -1 -2.981e+03 1.313e+02 1.300e+01
s>                    ( - -9.625e+02 1 0)
s>                    ( - -1.887e+03 2 0))
s>                ( SILENCE -1 -2.644e+03 1.626e+02 1.200e+01
s>                    ( - -6.807e+02 1 0)
s>                    ( - -1.801e+03 2 0)))
s>            ( QUESTION4 1 -2.055e+04 1.635e+02 9.283e+01
s>                ( - -9.045e+03 2 0 QUESTION0_12_R 1 1.011e+02 4.199e+01)
s>                ( - -1.135e+04 1 0)))
s>        ( QUESTION4 1 -6.023e+04 1.288e+02 2.614e+02
s>            ( - -4.539e+04 7 0 SILENCE -1 1.142e+02 1.947e+02)
s>            ( - -1.471e+04 1 0)))INFO: dtree.c(1478): Final simple tree
|( QUESTION6 -1 -3.018e+04 2.601e+02 1.257e+02
|    ( QUESTION2_0_L -1 -5.949e+03 2.001e+02 2.516e+01
|        ( QUESTION0_8_R 1 -3.199e+03 2.046e+02 1.400e+01
|            ( - -2.278e+03 1 0)
|            ( - -7.160e+02 1 0))
|        ( - -2.550e+03 1 0))
|    ( QUESTION19 -1 -2.397e+04 1.948e+02 1.005e+02
|        ( QUESTION0_0_R 1 -7.319e+03 1.657e+02 3.202e+01
|            ( - -5.256e+03 2 0 QUESTION0_8_R 1 9.780e+01 2.302e+01)
|            ( - -1.897e+03 1 0))
|        ( QUESTION0_17_R 1 -1.646e+04 1.680e+02 6.847e+01
|            ( - -4.015e+02 1 0)
|            ( QUESTION0 -1 -1.589e+04 1.619e+02 6.647e+01
|                ( - -2.584e+03 3 0)
|                ( - -1.314e+04 6 0 WDBNDRY_B 0 1.598e+02 5.547e+01)))))
s>    ( QUESTION6 -1 -3.018e+04 2.601e+02 1.257e+02
s>        ( QUESTION2_0_L -1 -5.949e+03 2.001e+02 2.516e+01
s>            ( QUESTION0_8_R 1 -3.199e+03 2.046e+02 1.400e+01
s>                ( - -2.278e+03 1 0)
s>                ( - -7.160e+02 1 0))
s>            ( - -2.550e+03 1 0))
s>        ( QUESTION19 -1 -2.397e+04 1.948e+02 1.005e+02
s>            ( QUESTION0_0_R 1 -7.319e+03 1.657e+02 3.202e+01
s>                ( - -5.256e+03 2 0 QUESTION0_8_R 1 9.780e+01 2.302e+01)
s>                ( - -1.897e+03 1 0))
s>            ( QUESTION0_17_R 1 -1.646e+04 1.680e+02 6.847e+01
s>                ( - -4.015e+02 1 0)
s>                ( QUESTION0 -1 -1.589e+04 1.619e+02 6.647e+01
s>                    ( - -2.584e+03 3 0)
s>                    ( - -1.314e+04 6 0 WDBNDRY_B 0 1.598e+02 5.547e+01)))))INFO: dtree.c(1315): Comp split 18
INFO: dtree.c(1439): stop. leaf nodes are specific
INFO: dtree.c(1478): Final simple tree
|( QUESTION15 1 -9.260e+04 1.703e+02 4.129e+02
|    ( - -9.000e+03 2 0)
|    ( QUESTION0_7_R 1 -8.343e+04 1.289e+02 3.717e+02
|        ( QUESTION0_12_R 1 -2.308e+04 1.165e+02 1.006e+02
|            ( - -1.481e+04 2 0)
|            ( - -8.150e+03 2 0))
|        ( QUESTION0_4_R 1 -6.023e+04 1.178e+02 2.712e+02
|            ( - -9.284e+03 2 0)
|            ( QUESTION0_0_R 1 -5.083e+04 9.102e+01 2.292e+02
|                ( - -1.477e+04 4 0)
|                ( - -3.597e+04 2 0)))))
s>    ( QUESTION15 1 -9.260e+04 1.703e+02 4.129e+02
s>        ( - -9.000e+03 2 0)
s>        ( QUESTION0_7_R 1 -8.343e+04 1.289e+02 3.717e+02
s>            ( QUESTION0_12_R 1 -2.308e+04 1.165e+02 1.006e+02
s>                ( - -1.481e+04 2 0)
s>                ( - -8.150e+03 2 0))
s>            ( QUESTION0_4_R 1 -6.023e+04 1.178e+02 2.712e+02
s>                ( - -9.284e+03 2 0)
s>                ( QUESTION0_0_R 1 -5.083e+04 9.102e+01 2.292e+02
s>                    ( - -1.477e+04 4 0)
s>                    ( - -3.597e+04 2 0)))))INFO: dtree.c(1439): stop. leaf nodes are specific
INFO: dtree.c(1478): Final simple tree
|( SILENCE 1 -6.370e+04 1.792e+02 2.875e+02
|    ( - -1.372e+04 2 0)
|    ( QUESTION0 1 -4.980e+04 1.580e+02 2.236e+02
|        ( QUESTION0_1_R 1 -1.874e+04 8.444e+01 8.760e+01
|            ( - -6.094e+03 2 0)
|            ( - -1.256e+04 2 0))
|        ( QUESTION0_6_R 1 -3.090e+04 1.337e+02 1.360e+02
|            ( - -3.008e+03 2 0)
|            ( QUESTION19 1 -2.776e+04 1.032e+02 1.230e+02
|                ( - -1.713e+04 2 0)
|                ( QUESTION0_2_R 1 -1.053e+04 7.855e+01 4.687e+01
|                    ( - -1.123e+03 1 0)
|                    ( - -9.326e+03 1 0))))))
s>    ( SILENCE 1 -6.370e+04 1.792e+02 2.875e+02
s>        ( - -1.372e+04 2 0)
s>        ( QUESTION0 1 -4.980e+04 1.580e+02 2.236e+02
s>            ( QUESTION0_1_R 1 -1.874e+04 8.444e+01 8.760e+01
s>                ( - -6.094e+03 2 0)
s>                ( - -1.256e+04 2 0))
s>            ( QUESTION0_6_R 1 -3.090e+04 1.337e+02 1.360e+02
s>                ( - -3.008e+03 2 0)
s>                ( QUESTION19 1 -2.776e+04 1.032e+02 1.230e+02
s>                    ( - -1.713e+04 2 0)
s>                    ( QUESTION0_2_R 1 -1.053e+04 7.855e+01 4.687e+01
s>                        ( - -1.123e+03 1 0)
s>                        ( - -9.326e+03 1 0))))))INFO: dtree.c(1315): Comp split 19
INFO: dtree.c(1478): Final simple tree
|( QUESTION13 -1 -2.131e+04 1.735e+02 8.948e+01
|    ( - -9.509e+03 1 0)
|    ( QUESTION0 -1 -1.163e+04 1.529e+02 4.702e+01
|        ( - -2.584e+03 3 0)
|        ( QUESTION0_0_R 1 -8.895e+03 1.464e+02 3.602e+01
|            ( WDBNDRY_B 0 -8.362e+03 1.463e+02 3.402e+01
|                ( QUESTION19 -1 -7.491e+03 1.210e+02 3.102e+01
|                    ( QUESTION0_8_R 1 -5.256e+03 9.780e+01 2.302e+01
|                        ( - -3.956e+03 1 0)
|                        ( - -1.202e+03 1 0))
|                    ( QUESTION0_8_R 1 -2.113e+03 1.937e+02 8.000e+00
|                        ( - -1.268e+03 2 0)
|                        ( - -6.516e+02 1 0)))
|                ( - -7.248e+02 1 0))
|            ( - -3.863e+02 1 0))))
s>    ( QUESTION13 -1 -2.131e+04 1.735e+02 8.948e+01
s>        ( - -9.509e+03 1 0)
s>        ( QUESTION0 -1 -1.163e+04 1.529e+02 4.702e+01
s>            ( - -2.584e+03 3 0)
s>            ( QUESTION0_0_R 1 -8.895e+03 1.464e+02 3.602e+01
s>                ( WDBNDRY_B 0 -8.362e+03 1.463e+02 3.402e+01
s>                    ( QUESTION19 -1 -7.491e+03 1.210e+02 3.102e+01
s>                        ( QUESTION0_8_R 1 -5.256e+03 9.780e+01 2.302e+01
s>                            ( - -3.956e+03 1 0)
s>                            ( - -1.202e+03 1 0))
s>                        ( QUESTION0_8_R 1 -2.113e+03 1.937e+02 8.000e+00
s>                            ( - -1.268e+03 2 0)
s>                            ( - -6.516e+02 1 0)))
s>                    ( - -7.248e+02 1 0))
s>                ( - -3.863e+02 1 0))))INFO: dtree.c(1439): stop. leaf nodes are specific
INFO: dtree.c(1478): Final simple tree
|( QUESTION2_0_L -1 -8.598e+03 2.216e+02 3.617e+01
|    ( QUESTION9 -1 -5.826e+03 2.018e+02 2.501e+01
|        ( - -7.160e+02 1 0)
|        ( QUESTION0_9_R 1 -4.908e+03 1.739e+02 2.201e+01
|            ( - -4.015e+02 1 0)
|            ( QUESTION0_0_R 1 -4.333e+03 1.581e+02 2.001e+01
|                ( - -2.278e+03 1 0)
|                ( - -1.897e+03 1 0))))
|    ( - -2.550e+03 1 0))
s>    ( QUESTION2_0_L -1 -8.598e+03 2.216e+02 3.617e+01
s>        ( QUESTION9 -1 -5.826e+03 2.018e+02 2.501e+01
s>            ( - -7.160e+02 1 0)
s>            ( QUESTION0_9_R 1 -4.908e+03 1.739e+02 2.201e+01
s>                ( - -4.015e+02 1 0)
s>                ( QUESTION0_0_R 1 -4.333e+03 1.581e+02 2.001e+01
s>                    ( - -2.278e+03 1 0)
s>                    ( - -1.897e+03 1 0))))
s>        ( - -2.550e+03 1 0))INFO: dtree.c(1315): Comp split 20
INFO: dtree.c(1439): stop. leaf nodes are specific
INFO: dtree.c(1478): Final simple tree
|( QUESTION0_9_R 1 -5.690e+04 1.630e+02 2.456e+02
|    ( - -1.135e+04 1 0)
|    ( SILENCE -1 -4.539e+04 1.142e+02 1.947e+02
|        ( - -9.678e+02 1 0)
|        ( WDBNDRY_B 0 -4.431e+04 9.026e+01 1.897e+02
|            ( - -2.131e+03 2 0)
|            ( - -4.208e+04 4 0))))
s>    ( QUESTION0_9_R 1 -5.690e+04 1.630e+02 2.456e+02
s>        ( - -1.135e+04 1 0)
s>        ( SILENCE -1 -4.539e+04 1.142e+02 1.947e+02
s>            ( - -9.678e+02 1 0)
s>            ( WDBNDRY_B 0 -4.431e+04 9.026e+01 1.897e+02
s>                ( - -2.131e+03 2 0)
s>                ( - -4.208e+04 4 0))))INFO: dtree.c(1439): stop. leaf nodes are specific
INFO: dtree.c(1478): Final simple tree
|( QUESTION2_2_L -1 -2.984e+04 1.895e+02 1.336e+02
|    ( QUESTION0_12_R 1 -9.045e+03 1.011e+02 4.199e+01
|        ( - -2.444e+03 1 0)
|        ( - -6.501e+03 1 0))
|    ( QUESTION0 -1 -2.061e+04 1.336e+02 9.164e+01
|        ( QUESTION0_12_R 1 -3.851e+03 1.626e+02 1.600e+01
|            ( - -1.887e+03 2 0)
|            ( - -1.801e+03 2 0))
|        ( QUESTION0_12_R 1 -1.662e+04 1.343e+02 7.564e+01
|            ( - -9.625e+02 1 0)
|            ( WDBNDRY_B 0 -1.553e+04 1.384e+02 7.064e+01
|                ( - -6.807e+02 1 0)
|                ( - -1.471e+04 1 0)))))
s>    ( QUESTION2_2_L -1 -2.984e+04 1.895e+02 1.336e+02
s>        ( QUESTION0_12_R 1 -9.045e+03 1.011e+02 4.199e+01
s>            ( - -2.444e+03 1 0)
s>            ( - -6.501e+03 1 0))
s>        ( QUESTION0 -1 -2.061e+04 1.336e+02 9.164e+01
s>            ( QUESTION0_12_R 1 -3.851e+03 1.626e+02 1.600e+01
s>                ( - -1.887e+03 2 0)
s>                ( - -1.801e+03 2 0))
s>            ( QUESTION0_12_R 1 -1.662e+04 1.343e+02 7.564e+01
s>                ( - -9.625e+02 1 0)
s>                ( WDBNDRY_B 0 -1.553e+04 1.384e+02 7.064e+01
s>                    ( - -6.807e+02 1 0)
s>                    ( - -1.471e+04 1 0)))))INFO: dtree.c(1315): Comp split 21
INFO: dtree.c(1478): Final simple tree
|( QUESTION2 1 -1.042e+05 1.443e+02 4.727e+02
|    ( - -4.639e+03 1 0)
|    ( QUESTION0_2_R 1 -9.946e+04 1.461e+02 4.498e+02
|        ( - -4.757e+03 1 0)
|        ( QUESTION15 1 -9.456e+04 1.276e+02 4.297e+02
|            ( - -2.192e+04 1 0)
|            ( QUESTION0_8_R 1 -7.251e+04 1.267e+02 3.311e+02
|                ( - -3.894e+03 1 0)
|                ( QUESTION0_6_R 1 -6.849e+04 1.190e+02 3.120e+02
|                    ( - -1.013e+04 1 0)
|                    ( QUESTION0_5_R 1 -5.825e+04 1.046e+02 2.663e+02
|                        ( - -2.451e+03 1 0)
|                        ( QUESTION0_1_R 1 -5.569e+04 7.668e+01 2.543e+02
|                            ( - -1.830e+04 1 0)
|                            ( - -3.731e+04 1 0))))))))
s>    ( QUESTION2 1 -1.042e+05 1.443e+02 4.727e+02
s>        ( - -4.639e+03 1 0)
s>        ( QUESTION0_2_R 1 -9.946e+04 1.461e+02 4.498e+02
s>            ( - -4.757e+03 1 0)
s>            ( QUESTION15 1 -9.456e+04 1.276e+02 4.297e+02
s>                ( - -2.192e+04 1 0)
s>                ( QUESTION0_8_R 1 -7.251e+04 1.267e+02 3.311e+02
s>                    ( - -3.894e+03 1 0)
s>                    ( QUESTION0_6_R 1 -6.849e+04 1.190e+02 3.120e+02
s>                        ( - -1.013e+04 1 0)
s>                        ( QUESTION0_5_R 1 -5.825e+04 1.046e+02 2.663e+02
s>                            ( - -2.451e+03 1 0)
s>                            ( QUESTION0_1_R 1 -5.569e+04 7.668e+01 2.543e+02
s>                                ( - -1.830e+04 1 0)
s>                                ( - -3.731e+04 1 0))))))))INFO: dtree.c(1315): Comp split 22
INFO: dtree.c(1439): stop. leaf nodes are specific
INFO: dtree.c(1478): Final simple tree
|( QUESTION9 -1 -5.826e+03 2.018e+02 2.501e+01
|    ( - -7.160e+02 1 0)
|    ( QUESTION0_9_R 1 -4.908e+03 1.739e+02 2.201e+01
|        ( - -4.015e+02 1 0)
|        ( QUESTION0_0_R 1 -4.333e+03 1.581e+02 2.001e+01
|            ( - -2.278e+03 1 0)
|            ( - -1.897e+03 1 0))))
s>    ( QUESTION9 -1 -5.826e+03 2.018e+02 2.501e+01
s>        ( - -7.160e+02 1 0)
s>        ( QUESTION0_9_R 1 -4.908e+03 1.739e+02 2.201e+01
s>            ( - -4.015e+02 1 0)
s>            ( QUESTION0_0_R 1 -4.333e+03 1.581e+02 2.001e+01
s>                ( - -2.278e+03 1 0)
s>                ( - -1.897e+03 1 0))))INFO: dtree.c(1315): Comp split 23
INFO: dtree.c(1439): stop. leaf nodes are specific
INFO: dtree.c(1478): Final simple tree
|( QUESTION0_11_R 1 -1.623e+05 1.762e+02 7.537e+02
|    ( QUESTION0_15_R 1 -1.169e+04 1.569e+02 5.173e+01
|        ( - -1.050e+04 2 0)
|        ( - -1.027e+03 1 0))
|    ( QUESTION0_1_R 1 -1.504e+05 1.164e+02 7.020e+02
|        ( - -1.485e+05 1 0)
|        ( - -1.821e+03 1 0)))
s>    ( QUESTION0_11_R 1 -1.623e+05 1.762e+02 7.537e+02
s>        ( QUESTION0_15_R 1 -1.169e+04 1.569e+02 5.173e+01
s>            ( - -1.050e+04 2 0)
s>            ( - -1.027e+03 1 0))
s>        ( QUESTION0_1_R 1 -1.504e+05 1.164e+02 7.020e+02
s>            ( - -1.485e+05 1 0)
s>            ( - -1.821e+03 1 0)))INFO: dtree.c(1315): Comp split 24
INFO: dtree.c(1439): stop. leaf nodes are specific
INFO: dtree.c(1478): Final simple tree
|( QUESTION2_0_L -1 -2.852e+03 1.764e+02 1.300e+01
|    ( QUESTION2_6_L -1 -2.380e+03 1.628e+02 1.100e+01
|        ( QUESTION0_0_R 1 -1.753e+03 1.682e+02 9.000e+00
|            ( - -4.863e+02 1 0)
|            ( - -1.098e+03 1 0))
|        ( - -4.649e+02 1 0))
|    ( - -2.952e+02 1 0))
s>    ( QUESTION2_0_L -1 -2.852e+03 1.764e+02 1.300e+01
s>        ( QUESTION2_6_L -1 -2.380e+03 1.628e+02 1.100e+01
s>            ( QUESTION0_0_R 1 -1.753e+03 1.682e+02 9.000e+00
s>                ( - -4.863e+02 1 0)
s>                ( - -1.098e+03 1 0))
s>            ( - -4.649e+02 1 0))
s>        ( - -2.952e+02 1 0))INFO: dtree.c(1315): Comp split 25
INFO: dtree.c(1439): stop. leaf nodes are specific
INFO: dtree.c(1478): Final simple tree
|( QUESTION3 1 -8.315e+04 1.551e+02 3.969e+02
|    ( QUESTION10 1 -6.877e+04 1.276e+02 3.291e+02
|        ( - -2.077e+03 1 0)
|        ( QUESTION0_1_R 1 -6.656e+04 8.301e+01 3.181e+02
|            ( - -2.468e+03 1 0)
|            ( - -6.401e+04 2 0)))
|    ( SILENCE 1 -1.423e+04 1.141e+02 6.776e+01
|        ( - -5.657e+03 1 0)
|        ( - -8.455e+03 1 0)))
s>    ( QUESTION3 1 -8.315e+04 1.551e+02 3.969e+02
s>        ( QUESTION10 1 -6.877e+04 1.276e+02 3.291e+02
s>            ( - -2.077e+03 1 0)
s>            ( QUESTION0_1_R 1 -6.656e+04 8.301e+01 3.181e+02
s>                ( - -2.468e+03 1 0)
s>                ( - -6.401e+04 2 0)))
s>        ( SILENCE 1 -1.423e+04 1.141e+02 6.776e+01
s>            ( - -5.657e+03 1 0)
s>            ( - -8.455e+03 1 0)))INFO: dtree.c(1315): Comp split 26
INFO: dtree.c(1315): Comp split 27
INFO: dtree.c(1439): stop. leaf nodes are specific
INFO: dtree.c(1478): Final simple tree
|( QUESTION0_2_R 1 -4.412e+04 1.328e+02 2.013e+02
|    ( - -4.217e+03 1 0)
|    ( - -3.977e+04 1 0))
s>    ( QUESTION0_2_R 1 -4.412e+04 1.328e+02 2.013e+02
s>        ( - -4.217e+03 1 0)
s>        ( - -3.977e+04 1 0))INFO: dtree.c(1315): Comp split 28
INFO: dtree.c(1439): stop. leaf nodes are specific
INFO: dtree.c(1478): Final simple tree
|( QUESTION0_9_R 1 -4.908e+03 1.739e+02 2.201e+01
|    ( - -4.015e+02 1 0)
|    ( QUESTION0_0_R 1 -4.333e+03 1.581e+02 2.001e+01
|        ( - -2.278e+03 1 0)
|        ( - -1.897e+03 1 0)))
s>    ( QUESTION0_9_R 1 -4.908e+03 1.739e+02 2.201e+01
s>        ( - -4.015e+02 1 0)
s>        ( QUESTION0_0_R 1 -4.333e+03 1.581e+02 2.001e+01
s>            ( - -2.278e+03 1 0)
s>            ( - -1.897e+03 1 0)))INFO: dtree.c(1315): Comp split 29
INFO: dtree.c(1315): Comp split 30
INFO: dtree.c(1439): stop. leaf nodes are specific
INFO: dtree.c(1478): Final simple tree
|( QUESTION13 -1 -2.046e+04 1.836e+02 8.548e+01
|    ( - -9.509e+03 1 0)
|    ( QUESTION0 -1 -1.077e+04 1.587e+02 4.302e+01
|        ( - -2.584e+03 3 0)
|        ( QUESTION0_0_R 1 -8.029e+03 1.461e+02 3.202e+01
|            ( WDBNDRY_B 0 -7.496e+03 1.437e+02 3.002e+01
|                ( QUESTION19 -1 -6.628e+03 1.036e+02 2.702e+01
|                    ( QUESTION0_8_R 1 -5.256e+03 9.780e+01 2.302e+01
|                        ( - -3.956e+03 1 0)
|                        ( - -1.202e+03 1 0))
|                    ( - -1.268e+03 2 0))
|                ( - -7.248e+02 1 0))
|            ( - -3.863e+02 1 0))))
s>    ( QUESTION13 -1 -2.046e+04 1.836e+02 8.548e+01
s>        ( - -9.509e+03 1 0)
s>        ( QUESTION0 -1 -1.077e+04 1.587e+02 4.302e+01
s>            ( - -2.584e+03 3 0)
s>            ( QUESTION0_0_R 1 -8.029e+03 1.461e+02 3.202e+01
s>                ( WDBNDRY_B 0 -7.496e+03 1.437e+02 3.002e+01
s>                    ( QUESTION19 -1 -6.628e+03 1.036e+02 2.702e+01
s>                        ( QUESTION0_8_R 1 -5.256e+03 9.780e+01 2.302e+01
s>                            ( - -3.956e+03 1 0)
s>                            ( - -1.202e+03 1 0))
s>                        ( - -1.268e+03 2 0))
s>                    ( - -7.248e+02 1 0))
s>                ( - -3.863e+02 1 0))))INFO: dtree.c(1315): Comp split 31
INFO: dtree.c(1439): stop. leaf nodes are specific
INFO: dtree.c(1478): Final simple tree
|( QUESTION0_4_R 1 -7.513e+04 1.199e+02 3.367e+02
|    ( - -9.284e+03 2 0)
|    ( QUESTION0_1_R 1 -6.573e+04 9.995e+01 2.948e+02
|        ( - -1.477e+04 4 0)
|        ( QUESTION0_0_R 1 -5.086e+04 8.396e+01 2.284e+02
|            ( - -1.481e+04 2 0)
|            ( - -3.597e+04 2 0))))
s>    ( QUESTION0_4_R 1 -7.513e+04 1.199e+02 3.367e+02
s>        ( - -9.284e+03 2 0)
s>        ( QUESTION0_1_R 1 -6.573e+04 9.995e+01 2.948e+02
s>            ( - -1.477e+04 4 0)
s>            ( QUESTION0_0_R 1 -5.086e+04 8.396e+01 2.284e+02
s>                ( - -1.481e+04 2 0)
s>                ( - -3.597e+04 2 0))))INFO: dtree.c(1439): stop. leaf nodes are specific
INFO: dtree.c(1478): Final simple tree
|( QUESTION0_1_R 1 -1.728e+04 1.274e+02 7.615e+01
|    ( - -9.000e+03 2 0)
|    ( - -8.150e+03 2 0))
s>    ( QUESTION0_1_R 1 -1.728e+04 1.274e+02 7.615e+01
s>        ( - -9.000e+03 2 0)
s>        ( - -8.150e+03 2 0))INFO: dtree.c(1315): Comp split 32
INFO: dtree.c(1439): stop. leaf nodes are specific
INFO: dtree.c(1478): Final simple tree
|( WDBNDRY_B 0 -1.011e+03 1.708e+02 5.000e+00
|    ( - -6.028e+02 1 0)
|    ( - -2.375e+02 1 0))
s>    ( WDBNDRY_B 0 -1.011e+03 1.708e+02 5.000e+00
s>        ( - -6.028e+02 1 0)
s>        ( - -2.375e+02 1 0))INFO: dtree.c(1315): Comp split 33
INFO: dtree.c(1439): stop. leaf nodes are specific
INFO: dtree.c(1478): Final simple tree
|( QUESTION0_0_R 1 -1.088e+04 1.063e+02 4.647e+01
|    ( - -1.268e+03 2 0)
|    ( - -9.509e+03 1 0))
s>    ( QUESTION0_0_R 1 -1.088e+04 1.063e+02 4.647e+01
s>        ( - -1.268e+03 2 0)
s>        ( - -9.509e+03 1 0))INFO: dtree.c(1439): stop. leaf nodes are specific
INFO: dtree.c(1478): Final simple tree
|( QUESTION0 -1 -9.390e+03 1.503e+02 3.902e+01
|    ( - -2.584e+03 3 0)
|    ( QUESTION0_0_R 1 -6.656e+03 1.483e+02 2.802e+01
|        ( WDBNDRY_B 0 -6.121e+03 1.405e+02 2.602e+01
|            ( QUESTION0_8_R 1 -5.256e+03 9.780e+01 2.302e+01
|                ( - -3.956e+03 1 0)
|                ( - -1.202e+03 1 0))
|            ( - -7.248e+02 1 0))
|        ( - -3.863e+02 1 0)))
s>    ( QUESTION0 -1 -9.390e+03 1.503e+02 3.902e+01
s>        ( - -2.584e+03 3 0)
s>        ( QUESTION0_0_R 1 -6.656e+03 1.483e+02 2.802e+01
s>            ( WDBNDRY_B 0 -6.121e+03 1.405e+02 2.602e+01
s>                ( QUESTION0_8_R 1 -5.256e+03 9.780e+01 2.302e+01
s>                    ( - -3.956e+03 1 0)
s>                    ( - -1.202e+03 1 0))
s>                ( - -7.248e+02 1 0))
s>            ( - -3.863e+02 1 0)))INFO: dtree.c(1315): Comp split 34
INFO: dtree.c(1439): stop. leaf nodes are specific
INFO: dtree.c(1478): Final simple tree
|( QUESTION0 -1 -2.061e+04 1.336e+02 9.164e+01
|    ( QUESTION0_12_R 1 -3.851e+03 1.626e+02 1.600e+01
|        ( - -1.887e+03 2 0)
|        ( - -1.801e+03 2 0))
|    ( QUESTION0_12_R 1 -1.662e+04 1.343e+02 7.564e+01
|        ( - -9.625e+02 1 0)
|        ( WDBNDRY_B 0 -1.553e+04 1.384e+02 7.064e+01
|            ( - -6.807e+02 1 0)
|            ( - -1.471e+04 1 0))))
s>    ( QUESTION0 -1 -2.061e+04 1.336e+02 9.164e+01
s>        ( QUESTION0_12_R 1 -3.851e+03 1.626e+02 1.600e+01
s>            ( - -1.887e+03 2 0)
s>            ( - -1.801e+03 2 0))
s>        ( QUESTION0_12_R 1 -1.662e+04 1.343e+02 7.564e+01
s>            ( - -9.625e+02 1 0)
s>            ( WDBNDRY_B 0 -1.553e+04 1.384e+02 7.064e+01
s>                ( - -6.807e+02 1 0)
s>                ( - -1.471e+04 1 0))))INFO: dtree.c(1439): stop. leaf nodes are specific
INFO: dtree.c(1478): Final simple tree
|( QUESTION0_12_R 1 -9.045e+03 1.011e+02 4.199e+01
|    ( - -2.444e+03 1 0)
|    ( - -6.501e+03 1 0))
s>    ( QUESTION0_12_R 1 -9.045e+03 1.011e+02 4.199e+01
s>        ( - -2.444e+03 1 0)
s>        ( - -6.501e+03 1 0))INFO: dtree.c(1315): Comp split 35
INFO: dtree.c(1439): stop. leaf nodes are specific
INFO: dtree.c(1478): Final simple tree
|( SILENCE 1 -4.165e+04 1.693e+02 1.869e+02
|    ( - -1.372e+04 2 0)
|    ( QUESTION19 1 -2.776e+04 1.032e+02 1.230e+02
|        ( - -1.713e+04 2 0)
|        ( QUESTION0_2_R 1 -1.053e+04 7.855e+01 4.687e+01
|            ( - -1.123e+03 1 0)
|            ( - -9.326e+03 1 0))))
s>    ( SILENCE 1 -4.165e+04 1.693e+02 1.869e+02
s>        ( - -1.372e+04 2 0)
s>        ( QUESTION19 1 -2.776e+04 1.032e+02 1.230e+02
s>            ( - -1.713e+04 2 0)
s>            ( QUESTION0_2_R 1 -1.053e+04 7.855e+01 4.687e+01
s>                ( - -1.123e+03 1 0)
s>                ( - -9.326e+03 1 0))))INFO: dtree.c(1439): stop. leaf nodes are specific
INFO: dtree.c(1478): Final simple tree
|( QUESTION0_3_R 1 -2.186e+04 1.183e+02 1.006e+02
|    ( - -3.008e+03 2 0)
|    ( QUESTION0_1_R 1 -1.874e+04 8.444e+01 8.760e+01
|        ( - -6.094e+03 2 0)
|        ( - -1.256e+04 2 0)))
s>    ( QUESTION0_3_R 1 -2.186e+04 1.183e+02 1.006e+02
s>        ( - -3.008e+03 2 0)
s>        ( QUESTION0_1_R 1 -1.874e+04 8.444e+01 8.760e+01
s>            ( - -6.094e+03 2 0)
s>            ( - -1.256e+04 2 0)))INFO: dtree.c(1315): Comp split 36
INFO: dtree.c(1439): stop. leaf nodes are specific
INFO: dtree.c(1478): Final simple tree
|( QUESTION2_6_L -1 -2.380e+03 1.628e+02 1.100e+01
|    ( QUESTION0_0_R 1 -1.753e+03 1.682e+02 9.000e+00
|        ( - -4.863e+02 1 0)
|        ( - -1.098e+03 1 0))
|    ( - -4.649e+02 1 0))
s>    ( QUESTION2_6_L -1 -2.380e+03 1.628e+02 1.100e+01
s>        ( QUESTION0_0_R 1 -1.753e+03 1.682e+02 9.000e+00
s>            ( - -4.863e+02 1 0)
s>            ( - -1.098e+03 1 0))
s>        ( - -4.649e+02 1 0))INFO: dtree.c(1315): Comp split 37
INFO: dtree.c(1439): stop. leaf nodes are specific
INFO: dtree.c(1478): Final simple tree
|( QUESTION0_1_R 1 -1.504e+05 1.164e+02 7.020e+02
|    ( - -1.485e+05 1 0)
|    ( - -1.821e+03 1 0))
s>    ( QUESTION0_1_R 1 -1.504e+05 1.164e+02 7.020e+02
s>        ( - -1.485e+05 1 0)
s>        ( - -1.821e+03 1 0))INFO: dtree.c(1439): stop. leaf nodes are specific
INFO: dtree.c(1478): Final simple tree
|( QUESTION0_15_R 1 -1.169e+04 1.569e+02 5.173e+01
|    ( - -1.050e+04 2 0)
|    ( - -1.027e+03 1 0))
s>    ( QUESTION0_15_R 1 -1.169e+04 1.569e+02 5.173e+01
s>        ( - -1.050e+04 2 0)
s>        ( - -1.027e+03 1 0))INFO: dtree.c(1315): Comp split 38
INFO: dtree.c(1439): stop. leaf nodes are specific
INFO: dtree.c(1478): Final simple tree
|( QUESTION0_1_R 1 -8.627e+03 9.413e+01 4.206e+01
|    ( - -4.639e+03 1 0)
|    ( - -3.894e+03 1 0))
s>    ( QUESTION0_1_R 1 -8.627e+03 9.413e+01 4.206e+01
s>        ( - -4.639e+03 1 0)
s>        ( - -3.894e+03 1 0))INFO: dtree.c(1439): stop. leaf nodes are specific
INFO: dtree.c(1478): Final simple tree
|( QUESTION0_2_R 1 -9.544e+04 1.455e+02 4.306e+02
|    ( - -4.757e+03 1 0)
|    ( QUESTION15 1 -9.054e+04 1.296e+02 4.106e+02
|        ( - -2.192e+04 1 0)
|        ( QUESTION0_6_R 1 -6.849e+04 1.190e+02 3.120e+02
|            ( - -1.013e+04 1 0)
|            ( QUESTION0_5_R 1 -5.825e+04 1.046e+02 2.663e+02
|                ( - -2.451e+03 1 0)
|                ( QUESTION0_1_R 1 -5.569e+04 7.668e+01 2.543e+02
|                    ( - -1.830e+04 1 0)
|                    ( - -3.731e+04 1 0))))))
s>    ( QUESTION0_2_R 1 -9.544e+04 1.455e+02 4.306e+02
s>        ( - -4.757e+03 1 0)
s>        ( QUESTION15 1 -9.054e+04 1.296e+02 4.106e+02
s>            ( - -2.192e+04 1 0)
s>            ( QUESTION0_6_R 1 -6.849e+04 1.190e+02 3.120e+02
s>                ( - -1.013e+04 1 0)
s>                ( QUESTION0_5_R 1 -5.825e+04 1.046e+02 2.663e+02
s>                    ( - -2.451e+03 1 0)
s>                    ( QUESTION0_1_R 1 -5.569e+04 7.668e+01 2.543e+02
s>                        ( - -1.830e+04 1 0)
s>                        ( - -3.731e+04 1 0))))))INFO: dtree.c(1315): Comp split 39
INFO: dtree.c(1439): stop. leaf nodes are specific
INFO: dtree.c(1478): Final simple tree
|( QUESTION0_0_R 1 -4.333e+03 1.581e+02 2.001e+01
|    ( - -2.278e+03 1 0)
|    ( - -1.897e+03 1 0))
s>    ( QUESTION0_0_R 1 -4.333e+03 1.581e+02 2.001e+01
s>        ( - -2.278e+03 1 0)
s>        ( - -1.897e+03 1 0))INFO: dtree.c(1315): Comp split 40
INFO: dtree.c(1315): Comp split 41
INFO: dtree.c(1439): stop. leaf nodes are specific
INFO: dtree.c(1478): Final simple tree
|( QUESTION19 1 -2.776e+04 1.032e+02 1.230e+02
|    ( - -1.713e+04 2 0)
|    ( QUESTION0_2_R 1 -1.053e+04 7.855e+01 4.687e+01
|        ( - -1.123e+03 1 0)
|        ( - -9.326e+03 1 0)))
s>    ( QUESTION19 1 -2.776e+04 1.032e+02 1.230e+02
s>        ( - -1.713e+04 2 0)
s>        ( QUESTION0_2_R 1 -1.053e+04 7.855e+01 4.687e+01
s>            ( - -1.123e+03 1 0)
s>            ( - -9.326e+03 1 0)))INFO: dtree.c(1315): Comp split 42
INFO: dtree.c(1439): stop. leaf nodes are specific
INFO: dtree.c(1478): Final simple tree
|( QUESTION0_12_R 1 -1.864e+04 1.309e+02 8.364e+01
|    ( SILENCE -1 -2.981e+03 1.313e+02 1.300e+01
|        ( - -9.625e+02 1 0)
|        ( - -1.887e+03 2 0))
|    ( WDBNDRY_B 0 -1.553e+04 1.384e+02 7.064e+01
|        ( - -6.807e+02 1 0)
|        ( - -1.471e+04 1 0)))
s>    ( QUESTION0_12_R 1 -1.864e+04 1.309e+02 8.364e+01
s>        ( SILENCE -1 -2.981e+03 1.313e+02 1.300e+01
s>            ( - -9.625e+02 1 0)
s>            ( - -1.887e+03 2 0))
s>        ( WDBNDRY_B 0 -1.553e+04 1.384e+02 7.064e+01
s>            ( - -6.807e+02 1 0)
s>            ( - -1.471e+04 1 0)))INFO: dtree.c(1315): Comp split 43
INFO: dtree.c(1439): stop. leaf nodes are specific
INFO: dtree.c(1478): Final simple tree
|( QUESTION0_8_R 1 -9.377e+03 1.357e+02 3.789e+01
|    ( - -1.647e+03 1 0)
|    ( - -7.595e+03 1 0))
s>    ( QUESTION0_8_R 1 -9.377e+03 1.357e+02 3.789e+01
s>        ( - -1.647e+03 1 0)
s>        ( - -7.595e+03 1 0))INFO: dtree.c(1315): Comp split 44
INFO: dtree.c(1439): stop. leaf nodes are specific
INFO: dtree.c(1478): Final simple tree
|( QUESTION0_8_R 1 -1.328e+04 1.156e+02 6.014e+01
|    ( - -1.657e+03 2 0)
|    ( QUESTION0_0_R 1 -1.150e+04 1.091e+02 5.214e+01
|        ( - -1.029e+04 1 0)
|        ( - -1.100e+03 1 0)))
s>    ( QUESTION0_8_R 1 -1.328e+04 1.156e+02 6.014e+01
s>        ( - -1.657e+03 2 0)
s>        ( QUESTION0_0_R 1 -1.150e+04 1.091e+02 5.214e+01
s>            ( - -1.029e+04 1 0)
s>            ( - -1.100e+03 1 0)))INFO: dtree.c(1315): Comp split 45
INFO: dtree.c(1439): stop. leaf nodes are specific
INFO: dtree.c(1478): Final simple tree
|( SILENCE -1 -4.539e+04 1.142e+02 1.947e+02
|    ( - -9.678e+02 1 0)
|    ( WDBNDRY_B 0 -4.431e+04 9.026e+01 1.897e+02
|        ( - -2.131e+03 2 0)
|        ( - -4.208e+04 4 0)))
s>    ( SILENCE -1 -4.539e+04 1.142e+02 1.947e+02
s>        ( - -9.678e+02 1 0)
s>        ( WDBNDRY_B 0 -4.431e+04 9.026e+01 1.897e+02
s>            ( - -2.131e+03 2 0)
s>            ( - -4.208e+04 4 0)))INFO: dtree.c(1315): Comp split 46
INFO: dtree.c(1439): stop. leaf nodes are specific
INFO: dtree.c(1478): Final simple tree
|( QUESTION0_0_R 1 -1.753e+03 1.682e+02 9.000e+00
|    ( - -4.863e+02 1 0)
|    ( - -1.098e+03 1 0))
s>    ( QUESTION0_0_R 1 -1.753e+03 1.682e+02 9.000e+00
s>        ( - -4.863e+02 1 0)
s>        ( - -1.098e+03 1 0))INFO: dtree.c(1315): Comp split 47
INFO: dtree.c(1315): Comp split 48
INFO: dtree.c(1315): Comp split 49
INFO: dtree.c(1439): stop. leaf nodes are specific
INFO: dtree.c(1478): Final simple tree
|( WDBNDRY_B 0 -6.121e+03 1.405e+02 2.602e+01
|    ( QUESTION0_8_R 1 -5.256e+03 9.780e+01 2.302e+01
|        ( - -3.956e+03 1 0)
|        ( - -1.202e+03 1 0))
|    ( - -7.248e+02 1 0))
s>    ( WDBNDRY_B 0 -6.121e+03 1.405e+02 2.602e+01
s>        ( QUESTION0_8_R 1 -5.256e+03 9.780e+01 2.302e+01
s>            ( - -3.956e+03 1 0)
s>            ( - -1.202e+03 1 0))
s>        ( - -7.248e+02 1 0))INFO: dtree.c(1439): stop. leaf nodes are specific
INFO: dtree.c(1478): Final simple tree
|( QUESTION0_0_R 1 -3.111e+03 1.406e+02 1.300e+01
|    ( - -2.584e+03 3 0)
|    ( - -3.863e+02 1 0))
s>    ( QUESTION0_0_R 1 -3.111e+03 1.406e+02 1.300e+01
s>        ( - -2.584e+03 3 0)
s>        ( - -3.863e+02 1 0))INFO: dtree.c(1315): Comp split 50
INFO: dtree.c(1315): Comp split 51
INFO: dtree.c(1439): stop. leaf nodes are specific
INFO: dtree.c(1478): Final simple tree
|( QUESTION10 1 -6.877e+04 1.276e+02 3.291e+02
|    ( - -2.077e+03 1 0)
|    ( QUESTION0_1_R 1 -6.656e+04 8.301e+01 3.181e+02
|        ( - -2.468e+03 1 0)
|        ( - -6.401e+04 2 0)))
s>    ( QUESTION10 1 -6.877e+04 1.276e+02 3.291e+02
s>        ( - -2.077e+03 1 0)
s>        ( QUESTION0_1_R 1 -6.656e+04 8.301e+01 3.181e+02
s>            ( - -2.468e+03 1 0)
s>            ( - -6.401e+04 2 0)))INFO: dtree.c(1439): stop. leaf nodes are specific
INFO: dtree.c(1478): Final simple tree
|( SILENCE 1 -1.423e+04 1.141e+02 6.776e+01
|    ( - -5.657e+03 1 0)
|    ( - -8.455e+03 1 0))
s>    ( SILENCE 1 -1.423e+04 1.141e+02 6.776e+01
s>        ( - -5.657e+03 1 0)
s>        ( - -8.455e+03 1 0))INFO: dtree.c(1315): Comp split 52
INFO: dtree.c(1439): stop. leaf nodes are specific
INFO: dtree.c(1478): Final simple tree
|( QUESTION15 1 -9.054e+04 1.296e+02 4.106e+02
|    ( - -2.192e+04 1 0)
|    ( QUESTION0_6_R 1 -6.849e+04 1.190e+02 3.120e+02
|        ( - -1.013e+04 1 0)
|        ( QUESTION0_5_R 1 -5.825e+04 1.046e+02 2.663e+02
|            ( - -2.451e+03 1 0)
|            ( QUESTION0_1_R 1 -5.569e+04 7.668e+01 2.543e+02
|                ( - -1.830e+04 1 0)
|                ( - -3.731e+04 1 0)))))
s>    ( QUESTION15 1 -9.054e+04 1.296e+02 4.106e+02
s>        ( - -2.192e+04 1 0)
s>        ( QUESTION0_6_R 1 -6.849e+04 1.190e+02 3.120e+02
s>            ( - -1.013e+04 1 0)
s>            ( QUESTION0_5_R 1 -5.825e+04 1.046e+02 2.663e+02
s>                ( - -2.451e+03 1 0)
s>                ( QUESTION0_1_R 1 -5.569e+04 7.668e+01 2.543e+02
s>                    ( - -1.830e+04 1 0)
s>                    ( - -3.731e+04 1 0)))))INFO: dtree.c(1315): Comp split 53
INFO: dtree.c(1315): Comp split 54
INFO: dtree.c(1439): stop. leaf nodes are specific
INFO: dtree.c(1478): Final simple tree
|( QUESTION0_8_R 1 -5.256e+03 9.780e+01 2.302e+01
|    ( - -3.956e+03 1 0)
|    ( - -1.202e+03 1 0))
s>    ( QUESTION0_8_R 1 -5.256e+03 9.780e+01 2.302e+01
s>        ( - -3.956e+03 1 0)
s>        ( - -1.202e+03 1 0))INFO: dtree.c(1315): Comp split 55
INFO: dtree.c(1439): stop. leaf nodes are specific
INFO: dtree.c(1478): Final simple tree
|( SILENCE -1 -1.782e+04 1.322e+02 7.964e+01
|    ( - -9.625e+02 1 0)
|    ( WDBNDRY_B 0 -1.672e+04 1.282e+02 7.464e+01
|        ( - -1.887e+03 2 0)
|        ( - -1.471e+04 1 0)))
s>    ( SILENCE -1 -1.782e+04 1.322e+02 7.964e+01
s>        ( - -9.625e+02 1 0)
s>        ( WDBNDRY_B 0 -1.672e+04 1.282e+02 7.464e+01
s>            ( - -1.887e+03 2 0)
s>            ( - -1.471e+04 1 0)))INFO: dtree.c(1315): Comp split 56
INFO: dtree.c(1315): Comp split 57
INFO: dtree.c(1315): Comp split 58
INFO: dtree.c(1439): stop. leaf nodes are specific
INFO: dtree.c(1478): Final simple tree
|( WDBNDRY_B 0 -1.672e+04 1.282e+02 7.464e+01
|    ( - -1.887e+03 2 0)
|    ( - -1.471e+04 1 0))
s>    ( WDBNDRY_B 0 -1.672e+04 1.282e+02 7.464e+01
s>        ( - -1.887e+03 2 0)
s>        ( - -1.471e+04 1 0))INFO: dtree.c(1315): Comp split 59
INFO: dtree.c(1439): stop. leaf nodes are specific
INFO: dtree.c(1478): Final simple tree
|( QUESTION0_6_R 1 -6.849e+04 1.190e+02 3.120e+02
|    ( - -1.013e+04 1 0)
|    ( QUESTION0_5_R 1 -5.825e+04 1.046e+02 2.663e+02
|        ( - -2.451e+03 1 0)
|        ( QUESTION0_1_R 1 -5.569e+04 7.668e+01 2.543e+02
|            ( - -1.830e+04 1 0)
|            ( - -3.731e+04 1 0))))
s>    ( QUESTION0_6_R 1 -6.849e+04 1.190e+02 3.120e+02
s>        ( - -1.013e+04 1 0)
s>        ( QUESTION0_5_R 1 -5.825e+04 1.046e+02 2.663e+02
s>            ( - -2.451e+03 1 0)
s>            ( QUESTION0_1_R 1 -5.569e+04 7.668e+01 2.543e+02
s>                ( - -1.830e+04 1 0)
s>                ( - -3.731e+04 1 0))))INFO: dtree.c(1315): Comp split 60
INFO: dtree.c(1315): Comp split 61
INFO: dtree.c(1439): stop. leaf nodes are specific
INFO: dtree.c(1478): Final simple tree
|( QUESTION0_1_R 1 -6.656e+04 8.301e+01 3.181e+02
|    ( - -2.468e+03 1 0)
|    ( - -6.401e+04 2 0))
s>    ( QUESTION0_1_R 1 -6.656e+04 8.301e+01 3.181e+02
s>        ( - -2.468e+03 1 0)
s>        ( - -6.401e+04 2 0))INFO: dtree.c(1315): Comp split 62
INFO: dtree.c(1315): Comp split 63
INFO: dtree.c(1439): stop. leaf nodes are specific
INFO: dtree.c(1478): Final simple tree
|( QUESTION0_1_R 1 -6.573e+04 9.995e+01 2.948e+02
|    ( - -1.477e+04 4 0)
|    ( QUESTION0_0_R 1 -5.086e+04 8.396e+01 2.284e+02
|        ( - -1.481e+04 2 0)
|        ( - -3.597e+04 2 0)))
s>    ( QUESTION0_1_R 1 -6.573e+04 9.995e+01 2.948e+02
s>        ( - -1.477e+04 4 0)
s>        ( QUESTION0_0_R 1 -5.086e+04 8.396e+01 2.284e+02
s>            ( - -1.481e+04 2 0)
s>            ( - -3.597e+04 2 0)))INFO: dtree.c(1315): Comp split 64
INFO: dtree.c(1439): stop. leaf nodes are specific
INFO: dtree.c(1478): Final simple tree
|( QUESTION0_5_R 1 -5.825e+04 1.046e+02 2.663e+02
|    ( - -2.451e+03 1 0)
|    ( QUESTION0_1_R 1 -5.569e+04 7.668e+01 2.543e+02
|        ( - -1.830e+04 1 0)
|        ( - -3.731e+04 1 0)))
s>    ( QUESTION0_5_R 1 -5.825e+04 1.046e+02 2.663e+02
s>        ( - -2.451e+03 1 0)
s>        ( QUESTION0_1_R 1 -5.569e+04 7.668e+01 2.543e+02
s>            ( - -1.830e+04 1 0)
s>            ( - -3.731e+04 1 0)))INFO: dtree.c(1315): Comp split 65
INFO: dtree.c(1439): stop. leaf nodes are specific
INFO: dtree.c(1478): Final simple tree
|( QUESTION0_1_R 1 -1.874e+04 8.444e+01 8.760e+01
|    ( - -6.094e+03 2 0)
|    ( - -1.256e+04 2 0))
s>    ( QUESTION0_1_R 1 -1.874e+04 8.444e+01 8.760e+01
s>        ( - -6.094e+03 2 0)
s>        ( - -1.256e+04 2 0))INFO: dtree.c(1315): Comp split 66
INFO: dtree.c(1315): Comp split 67
INFO: dtree.c(1439): stop. leaf nodes are specific
INFO: dtree.c(1478): Final simple tree
|( QUESTION0_0_R 1 -1.150e+04 1.091e+02 5.214e+01
|    ( - -1.029e+04 1 0)
|    ( - -1.100e+03 1 0))
s>    ( QUESTION0_0_R 1 -1.150e+04 1.091e+02 5.214e+01
s>        ( - -1.029e+04 1 0)
s>        ( - -1.100e+03 1 0))INFO: dtree.c(1315): Comp split 68
INFO: dtree.c(1439): stop. leaf nodes are specific
INFO: dtree.c(1478): Final simple tree
|( WDBNDRY_B 0 -4.431e+04 9.026e+01 1.897e+02
|    ( - -2.131e+03 2 0)
|    ( - -4.208e+04 4 0))
s>    ( WDBNDRY_B 0 -4.431e+04 9.026e+01 1.897e+02
s>        ( - -2.131e+03 2 0)
s>        ( - -4.208e+04 4 0))INFO: dtree.c(1315): Comp split 69
INFO: dtree.c(1315): Comp split 70
INFO: dtree.c(1315): Comp split 71
INFO: dtree.c(1315): Comp split 72
INFO: dtree.c(1439): stop. leaf nodes are specific
INFO: dtree.c(1478): Final simple tree
|( QUESTION0_1_R 1 -5.569e+04 7.668e+01 2.543e+02
|    ( - -1.830e+04 1 0)
|    ( - -3.731e+04 1 0))
s>    ( QUESTION0_1_R 1 -5.569e+04 7.668e+01 2.543e+02
s>        ( - -1.830e+04 1 0)
s>        ( - -3.731e+04 1 0))INFO: dtree.c(1315): Comp split 73
INFO: dtree.c(1439): stop. leaf nodes are specific
INFO: dtree.c(1478): Final simple tree
|( QUESTION0_2_R 1 -1.053e+04 7.855e+01 4.687e+01
|    ( - -1.123e+03 1 0)
|    ( - -9.326e+03 1 0))
s>    ( QUESTION0_2_R 1 -1.053e+04 7.855e+01 4.687e+01
s>        ( - -1.123e+03 1 0)
s>        ( - -9.326e+03 1 0))INFO: dtree.c(1315): Comp split 74
INFO: dtree.c(1315): Comp split 75
INFO: dtree.c(1439): stop. leaf nodes are specific
INFO: dtree.c(1478): Final simple tree
|( QUESTION0_0_R 1 -5.086e+04 8.396e+01 2.284e+02
|    ( - -1.481e+04 2 0)
|    ( - -3.597e+04 2 0))
s>    ( QUESTION0_0_R 1 -5.086e+04 8.396e+01 2.284e+02
s>        ( - -1.481e+04 2 0)
s>        ( - -3.597e+04 2 0))INFO: dtree.c(1315): Comp split 76
INFO: dtree.c(1315): Comp split 77
INFO: dtree.c(1315): Comp split 78
INFO: dtree.c(1315): Comp split 79
INFO: dtree.c(1315): Comp split 80
INFO: dtree.c(1315): Comp split 81
INFO: dtree.c(1315): Comp split 82
INFO: dtree.c(1315): Comp split 83
INFO: dtree.c(1315): Comp split 84
INFO: dtree.c(1318): stop. leaf nodes are specific
Mon Jan 30 07:35:49 2017
