Current configuration:
[NAME]		[DEFLT]	[VALUE]
-allphones	no	no
-cntthresh	0.00001	1.000000e-05
-csplitmax	100	2000
-csplitmin	1	1
-csplitthr	8e-4	0.000000e+00
-example	no	no
-fullvar	no	no
-help		no	no
-meanfn			/Users/benroye/forge/cmusphinx/voiceVim/model_parameters/voiceVim.cd_cont_untied/means
-mixwfn			/Users/benroye/forge/cmusphinx/voiceVim/model_parameters/voiceVim.cd_cont_untied/mixture_weights
-moddeffn		/Users/benroye/forge/cmusphinx/voiceVim/model_architecture/voiceVim.untied.mdef
-mwfloor	1e-4	1.000000e-08
-phone			f
-psetfn			/Users/benroye/forge/cmusphinx/voiceVim/model_architecture/voiceVim.tree_questions
-ssplitmax	5	7
-ssplitmin	1	1
-ssplitthr	8e-4	0.000000e+00
-state			1
-stwt			1.0,0.05,0.0,
-treefn			/Users/benroye/forge/cmusphinx/voiceVim/trees/voiceVim.unpruned/f-1.dtree
-ts2cbfn	.semi.	.cont.
-varfloor	0.00001	1.000000e-05
-varfn			/Users/benroye/forge/cmusphinx/voiceVim/model_parameters/voiceVim.cd_cont_untied/variances

INFO: main.c(223): Reading: /Users/benroye/forge/cmusphinx/voiceVim/model_architecture/voiceVim.untied.mdef
INFO: model_def_io.c(573): Model definition info:
INFO: model_def_io.c(574): 2249 total models defined (39 base, 2210 tri)
INFO: model_def_io.c(575): 8996 total states
INFO: model_def_io.c(576): 6747 total tied states
INFO: model_def_io.c(577): 117 total tied CI states
INFO: model_def_io.c(578): 39 total tied transition matrices
INFO: model_def_io.c(579): 4 max state/model
INFO: model_def_io.c(580): 4 min state/model
INFO: main.c(242): Building trees for [f SIL ah b] through [f z ah b]
INFO: main.c(269): Covering states |[1446 1622]| == 177
INFO: main.c(275): Reading: /Users/benroye/forge/cmusphinx/voiceVim/model_parameters/voiceVim.cd_cont_untied/mixture_weights
INFO: s3mixw_io.c(173): Read /Users/benroye/forge/cmusphinx/voiceVim/model_parameters/voiceVim.cd_cont_untied/mixture_weights [177x1x1 array]
INFO: main.c(311): 59 of 59 models have observation count greater than 0.000010
INFO: main.c(95): nrm stwt: 0.045 0.909 0.045 
INFO: s3gau_io.c(169): Read /Users/benroye/forge/cmusphinx/voiceVim/model_parameters/voiceVim.cd_cont_untied/means [6747x1x1 array]
INFO: s3gau_io.c(169): Read /Users/benroye/forge/cmusphinx/voiceVim/model_parameters/voiceVim.cd_cont_untied/variances [6747x1x1 array]
INFO: main.c(549): Reading: /Users/benroye/forge/cmusphinx/voiceVim/model_architecture/voiceVim.tree_questions
INFO: main.c(588): 174 total simple questions (166 phone; 8 word bndry)
INFO: main.c(590): 40 Left Only questions, and 42 Right Only questions
INFO: dtree.c(1478): Final simple tree
|( QUESTION0_20_R 1 -2.943e+05 5.069e+03 1.196e+03
|    ( QUESTION2_18_L -1 -1.156e+05 1.883e+03 4.836e+02
|        ( - -7.778e+04 4 0 WDBNDRY_I 0 3.929e+02 3.318e+02)
|        ( - -3.594e+04 11 0 WDBNDRY_B 0 2.573e+02 1.518e+02))
|    ( QUESTION0_5_R 1 -1.736e+05 1.333e+03 7.126e+02
|        ( - -7.251e+04 4 0 QUESTION2_18_L -1 1.728e+02 3.117e+02)
|        ( QUESTION2_3_L -1 -9.975e+04 6.507e+02 4.010e+02
|            ( QUESTION0_10_R 1 -3.503e+04 4.611e+02 1.468e+02
|                ( - -7.470e+03 1 0)
|                ( QUESTION6 1 -2.710e+04 4.587e+02 1.121e+02
|                    ( - -1.516e+02 1 0)
|                    ( - -2.649e+04 9 0 QUESTION0_17_R 1 4.401e+02 1.111e+02)))
|            ( QUESTION2_2_L -1 -6.407e+04 4.649e+02 2.541e+02
|                ( - -2.804e+04 10 0 SILENCE 1 1.704e+02 1.132e+02)
|                ( - -3.556e+04 19 0 QUESTION9 -1 4.428e+02 1.409e+02)))))
s>    ( QUESTION0_20_R 1 -2.943e+05 5.069e+03 1.196e+03
s>        ( QUESTION2_18_L -1 -1.156e+05 1.883e+03 4.836e+02
s>            ( - -7.778e+04 4 0 WDBNDRY_I 0 3.929e+02 3.318e+02)
s>            ( - -3.594e+04 11 0 WDBNDRY_B 0 2.573e+02 1.518e+02))
s>        ( QUESTION0_5_R 1 -1.736e+05 1.333e+03 7.126e+02
s>            ( - -7.251e+04 4 0 QUESTION2_18_L -1 1.728e+02 3.117e+02)
s>            ( QUESTION2_3_L -1 -9.975e+04 6.507e+02 4.010e+02
s>                ( QUESTION0_10_R 1 -3.503e+04 4.611e+02 1.468e+02
s>                    ( - -7.470e+03 1 0)
s>                    ( QUESTION6 1 -2.710e+04 4.587e+02 1.121e+02
s>                        ( - -1.516e+02 1 0)
s>                        ( - -2.649e+04 9 0 QUESTION0_17_R 1 4.401e+02 1.111e+02)))
s>                ( QUESTION2_2_L -1 -6.407e+04 4.649e+02 2.541e+02
s>                    ( - -2.804e+04 10 0 SILENCE 1 1.704e+02 1.132e+02)
s>                    ( - -3.556e+04 19 0 QUESTION9 -1 4.428e+02 1.409e+02)))))INFO: dtree.c(1315): Comp split 0
INFO: dtree.c(1478): Final simple tree
|( QUESTION0_5_R 1 -1.736e+05 1.333e+03 7.126e+02
|    ( - -7.251e+04 4 0 QUESTION2_18_L -1 1.728e+02 3.117e+02)
|    ( QUESTION2_3_L -1 -9.975e+04 6.507e+02 4.010e+02
|        ( QUESTION0_10_R 1 -3.503e+04 4.611e+02 1.468e+02
|            ( - -7.470e+03 1 0)
|            ( QUESTION6 1 -2.710e+04 4.587e+02 1.121e+02
|                ( - -1.516e+02 1 0)
|                ( QUESTION0_17_R 1 -2.649e+04 4.401e+02 1.111e+02
|                    ( - -1.754e+02 1 0)
|                    ( - -2.588e+04 8 0 QUESTION12 -1 4.392e+02 1.101e+02))))
|        ( QUESTION2_2_L -1 -6.407e+04 4.649e+02 2.541e+02
|            ( - -2.804e+04 10 0 SILENCE 1 1.704e+02 1.132e+02)
|            ( QUESTION9 -1 -3.556e+04 4.428e+02 1.409e+02
|                ( - 2.192e+02 1 0)
|                ( - -3.534e+04 18 0 QUESTION7 -1 4.012e+02 1.399e+02)))))
s>    ( QUESTION0_5_R 1 -1.736e+05 1.333e+03 7.126e+02
s>        ( - -7.251e+04 4 0 QUESTION2_18_L -1 1.728e+02 3.117e+02)
s>        ( QUESTION2_3_L -1 -9.975e+04 6.507e+02 4.010e+02
s>            ( QUESTION0_10_R 1 -3.503e+04 4.611e+02 1.468e+02
s>                ( - -7.470e+03 1 0)
s>                ( QUESTION6 1 -2.710e+04 4.587e+02 1.121e+02
s>                    ( - -1.516e+02 1 0)
s>                    ( QUESTION0_17_R 1 -2.649e+04 4.401e+02 1.111e+02
s>                        ( - -1.754e+02 1 0)
s>                        ( - -2.588e+04 8 0 QUESTION12 -1 4.392e+02 1.101e+02))))
s>            ( QUESTION2_2_L -1 -6.407e+04 4.649e+02 2.541e+02
s>                ( - -2.804e+04 10 0 SILENCE 1 1.704e+02 1.132e+02)
s>                ( QUESTION9 -1 -3.556e+04 4.428e+02 1.409e+02
s>                    ( - 2.192e+02 1 0)
s>                    ( - -3.534e+04 18 0 QUESTION7 -1 4.012e+02 1.399e+02)))))INFO: dtree.c(1478): Final simple tree
|( QUESTION2_18_L -1 -1.156e+05 1.883e+03 4.836e+02
|    ( WDBNDRY_I 0 -7.778e+04 3.929e+02 3.318e+02
|        ( - -7.533e+04 1 0)
|        ( WDBNDRY_B 0 -2.055e+03 1.717e+02 6.000e+00
|            ( - -1.141e+03 2 0)
|            ( - -7.423e+02 1 0)))
|    ( WDBNDRY_B 0 -3.594e+04 2.573e+02 1.518e+02
|        ( SILENCE -1 -2.955e+04 2.484e+02 1.248e+02
|            ( - -6.885e+03 1 0)
|            ( QUESTION2 -1 -2.242e+04 1.841e+02 9.418e+01
|                ( - -8.948e+03 2 0)
|                ( QUESTION2_0_L -1 -1.329e+04 1.808e+02 5.501e+01
|                    ( - -8.922e+03 5 0 QUESTION19 -1 1.418e+02 3.601e+01)
|                    ( - -4.182e+03 2 0))))
|        ( - -6.131e+03 1 0)))
s>    ( QUESTION2_18_L -1 -1.156e+05 1.883e+03 4.836e+02
s>        ( WDBNDRY_I 0 -7.778e+04 3.929e+02 3.318e+02
s>            ( - -7.533e+04 1 0)
s>            ( WDBNDRY_B 0 -2.055e+03 1.717e+02 6.000e+00
s>                ( - -1.141e+03 2 0)
s>                ( - -7.423e+02 1 0)))
s>        ( WDBNDRY_B 0 -3.594e+04 2.573e+02 1.518e+02
s>            ( SILENCE -1 -2.955e+04 2.484e+02 1.248e+02
s>                ( - -6.885e+03 1 0)
s>                ( QUESTION2 -1 -2.242e+04 1.841e+02 9.418e+01
s>                    ( - -8.948e+03 2 0)
s>                    ( QUESTION2_0_L -1 -1.329e+04 1.808e+02 5.501e+01
s>                        ( - -8.922e+03 5 0 QUESTION19 -1 1.418e+02 3.601e+01)
s>                        ( - -4.182e+03 2 0))))
s>            ( - -6.131e+03 1 0)))INFO: dtree.c(1315): Comp split 1
INFO: dtree.c(1478): Final simple tree
|( QUESTION2_9_L -1 -3.826e+04 3.075e+02 1.578e+02
|    ( QUESTION2_10_L -1 -9.560e+03 2.165e+02 3.794e+01
|        ( WDBNDRY_B 0 -7.289e+03 1.402e+02 3.194e+01
|            ( - -1.017e+03 1 0)
|            ( - -6.131e+03 1 0))
|        ( WDBNDRY_B 0 -2.055e+03 1.717e+02 6.000e+00
|            ( - -1.141e+03 2 0)
|            ( - -7.423e+02 1 0)))
|    ( SILENCE -1 -2.840e+04 2.410e+02 1.198e+02
|        ( - -6.885e+03 1 0)
|        ( QUESTION2_0_L -1 -2.127e+04 1.790e+02 8.918e+01
|            ( QUESTION2 -1 -1.691e+04 1.666e+02 7.018e+01
|                ( - -8.948e+03 2 0)
|                ( - -7.794e+03 4 0 QUESTION19 -1 1.383e+02 3.101e+01))
|            ( - -4.182e+03 2 0))))
s>    ( QUESTION2_9_L -1 -3.826e+04 3.075e+02 1.578e+02
s>        ( QUESTION2_10_L -1 -9.560e+03 2.165e+02 3.794e+01
s>            ( WDBNDRY_B 0 -7.289e+03 1.402e+02 3.194e+01
s>                ( - -1.017e+03 1 0)
s>                ( - -6.131e+03 1 0))
s>            ( WDBNDRY_B 0 -2.055e+03 1.717e+02 6.000e+00
s>                ( - -1.141e+03 2 0)
s>                ( - -7.423e+02 1 0)))
s>        ( SILENCE -1 -2.840e+04 2.410e+02 1.198e+02
s>            ( - -6.885e+03 1 0)
s>            ( QUESTION2_0_L -1 -2.127e+04 1.790e+02 8.918e+01
s>                ( QUESTION2 -1 -1.691e+04 1.666e+02 7.018e+01
s>                    ( - -8.948e+03 2 0)
s>                    ( - -7.794e+03 4 0 QUESTION19 -1 1.383e+02 3.101e+01))
s>                ( - -4.182e+03 2 0))))INFO: dtree.c(1315): Comp split 2
INFO: dtree.c(1439): stop. leaf nodes are specific
INFO: dtree.c(1478): Final simple tree
|( QUESTION0_4_R 1 -7.311e+04 4.486e+02 3.127e+02
|    ( QUESTION2_18_L -1 -7.251e+04 1.728e+02 3.117e+02
|        ( - -4.612e+02 1 0)
|        ( WDBNDRY_E 0 -7.188e+04 1.960e+02 3.097e+02
|            ( - -6.392e+02 1 0)
|            ( QUESTION4 -1 -7.104e+04 1.373e+02 3.067e+02
|                ( - -6.757e+04 1 0)
|                ( - -3.337e+03 1 0))))
|    ( - -1.516e+02 1 0))
s>    ( QUESTION0_4_R 1 -7.311e+04 4.486e+02 3.127e+02
s>        ( QUESTION2_18_L -1 -7.251e+04 1.728e+02 3.117e+02
s>            ( - -4.612e+02 1 0)
s>            ( WDBNDRY_E 0 -7.188e+04 1.960e+02 3.097e+02
s>                ( - -6.392e+02 1 0)
s>                ( QUESTION4 -1 -7.104e+04 1.373e+02 3.067e+02
s>                    ( - -6.757e+04 1 0)
s>                    ( - -3.337e+03 1 0))))
s>        ( - -1.516e+02 1 0))INFO: dtree.c(1478): Final simple tree
|( QUESTION2_3_L -1 -9.915e+04 6.623e+02 4.000e+02
|    ( QUESTION0_10_R 1 -3.442e+04 4.590e+02 1.458e+02
|        ( - -7.470e+03 1 0)
|        ( QUESTION0_17_R 1 -2.649e+04 4.401e+02 1.111e+02
|            ( - -1.754e+02 1 0)
|            ( QUESTION12 -1 -2.588e+04 4.392e+02 1.101e+02
|                ( - -8.776e+01 1 0)
|                ( - -2.535e+04 7 0 QUESTION0_9_R 1 2.510e+02 1.091e+02))))
|    ( QUESTION2_2_L -1 -6.407e+04 4.649e+02 2.541e+02
|        ( - -2.804e+04 10 0 SILENCE 1 1.704e+02 1.132e+02)
|        ( QUESTION9 -1 -3.556e+04 4.428e+02 1.409e+02
|            ( - 2.192e+02 1 0)
|            ( QUESTION7 -1 -3.534e+04 4.012e+02 1.399e+02
|                ( - -4.469e+03 1 0)
|                ( - -3.047e+04 17 0 QUESTION19 -1 2.202e+02 1.183e+02)))))
s>    ( QUESTION2_3_L -1 -9.915e+04 6.623e+02 4.000e+02
s>        ( QUESTION0_10_R 1 -3.442e+04 4.590e+02 1.458e+02
s>            ( - -7.470e+03 1 0)
s>            ( QUESTION0_17_R 1 -2.649e+04 4.401e+02 1.111e+02
s>                ( - -1.754e+02 1 0)
s>                ( QUESTION12 -1 -2.588e+04 4.392e+02 1.101e+02
s>                    ( - -8.776e+01 1 0)
s>                    ( - -2.535e+04 7 0 QUESTION0_9_R 1 2.510e+02 1.091e+02))))
s>        ( QUESTION2_2_L -1 -6.407e+04 4.649e+02 2.541e+02
s>            ( - -2.804e+04 10 0 SILENCE 1 1.704e+02 1.132e+02)
s>            ( QUESTION9 -1 -3.556e+04 4.428e+02 1.409e+02
s>                ( - 2.192e+02 1 0)
s>                ( QUESTION7 -1 -3.534e+04 4.012e+02 1.399e+02
s>                    ( - -4.469e+03 1 0)
s>                    ( - -3.047e+04 17 0 QUESTION19 -1 2.202e+02 1.183e+02)))))INFO: dtree.c(1315): Comp split 3
INFO: dtree.c(1478): Final simple tree
|( QUESTION2_2_L -1 -6.458e+04 4.664e+02 2.551e+02
|    ( QUESTION0_15_R 1 -2.855e+04 4.230e+02 1.142e+02
|        ( - -8.776e+01 1 0)
|        ( - -2.804e+04 10 0 SILENCE 1 1.704e+02 1.132e+02))
|    ( QUESTION9 -1 -3.556e+04 4.428e+02 1.409e+02
|        ( - 2.192e+02 1 0)
|        ( QUESTION7 -1 -3.534e+04 4.012e+02 1.399e+02
|            ( - -4.469e+03 1 0)
|            ( QUESTION19 -1 -3.047e+04 2.202e+02 1.183e+02
|                ( - -5.681e+02 1 0)
|                ( QUESTION6 -1 -2.968e+04 2.203e+02 1.163e+02
|                    ( - -2.903e+02 1 0)
|                    ( QUESTION2 -1 -2.917e+04 1.903e+02 1.143e+02
|                        ( - -9.520e+03 5 0 QUESTION0_15_R 1 1.354e+02 3.687e+01)
|                        ( - -1.946e+04 10 0 QUESTION4 -1 2.346e+02 7.739e+01)))))))
s>    ( QUESTION2_2_L -1 -6.458e+04 4.664e+02 2.551e+02
s>        ( QUESTION0_15_R 1 -2.855e+04 4.230e+02 1.142e+02
s>            ( - -8.776e+01 1 0)
s>            ( - -2.804e+04 10 0 SILENCE 1 1.704e+02 1.132e+02))
s>        ( QUESTION9 -1 -3.556e+04 4.428e+02 1.409e+02
s>            ( - 2.192e+02 1 0)
s>            ( QUESTION7 -1 -3.534e+04 4.012e+02 1.399e+02
s>                ( - -4.469e+03 1 0)
s>                ( QUESTION19 -1 -3.047e+04 2.202e+02 1.183e+02
s>                    ( - -5.681e+02 1 0)
s>                    ( QUESTION6 -1 -2.968e+04 2.203e+02 1.163e+02
s>                        ( - -2.903e+02 1 0)
s>                        ( QUESTION2 -1 -2.917e+04 1.903e+02 1.143e+02
s>                            ( - -9.520e+03 5 0 QUESTION0_15_R 1 1.354e+02 3.687e+01)
s>                            ( - -1.946e+04 10 0 QUESTION4 -1 2.346e+02 7.739e+01)))))))INFO: dtree.c(1478): Final simple tree
|( QUESTION0_10_R 1 -3.390e+04 4.613e+02 1.448e+02
|    ( - -7.470e+03 1 0)
|    ( QUESTION0_17_R 1 -2.597e+04 4.403e+02 1.101e+02
|        ( - -1.754e+02 1 0)
|        ( QUESTION0_9_R 1 -2.535e+04 2.510e+02 1.091e+02
|            ( WDBNDRY_B 0 -1.931e+04 2.396e+02 8.741e+01
|                ( - -5.807e+02 1 0)
|                ( - -1.849e+04 1 0))
|            ( QUESTION4 1 -5.792e+03 4.163e+02 2.173e+01
|                ( - 7.455e+01 1 0)
|                ( QUESTION12 1 -5.450e+03 1.920e+02 2.073e+01
|                    ( - -1.541e+03 1 0)
|                    ( QUESTION0_1_R 1 -3.718e+03 1.398e+02 1.573e+01
|                        ( - -1.188e+03 1 0)
|                        ( - -2.390e+03 2 0 WDBNDRY_E 0 1.225e+02 1.034e+01)))))))
s>    ( QUESTION0_10_R 1 -3.390e+04 4.613e+02 1.448e+02
s>        ( - -7.470e+03 1 0)
s>        ( QUESTION0_17_R 1 -2.597e+04 4.403e+02 1.101e+02
s>            ( - -1.754e+02 1 0)
s>            ( QUESTION0_9_R 1 -2.535e+04 2.510e+02 1.091e+02
s>                ( WDBNDRY_B 0 -1.931e+04 2.396e+02 8.741e+01
s>                    ( - -5.807e+02 1 0)
s>                    ( - -1.849e+04 1 0))
s>                ( QUESTION4 1 -5.792e+03 4.163e+02 2.173e+01
s>                    ( - 7.455e+01 1 0)
s>                    ( QUESTION12 1 -5.450e+03 1.920e+02 2.073e+01
s>                        ( - -1.541e+03 1 0)
s>                        ( QUESTION0_1_R 1 -3.718e+03 1.398e+02 1.573e+01
s>                            ( - -1.188e+03 1 0)
s>                            ( - -2.390e+03 2 0 WDBNDRY_E 0 1.225e+02 1.034e+01)))))))INFO: dtree.c(1315): Comp split 4
INFO: dtree.c(1478): Final simple tree
|( QUESTION9 -1 -2.990e+04 4.425e+02 1.173e+02
|    ( - 2.192e+02 1 0)
|    ( QUESTION6 -1 -2.968e+04 2.203e+02 1.163e+02
|        ( - -2.903e+02 1 0)
|        ( QUESTION2 -1 -2.917e+04 1.903e+02 1.143e+02
|            ( - -9.520e+03 5 0 QUESTION0_15_R 1 1.354e+02 3.687e+01)
|            ( QUESTION4 -1 -1.946e+04 2.346e+02 7.739e+01
|                ( QUESTION0_15_R 1 -8.048e+03 4.351e+02 3.532e+01
|                    ( - 1.752e+02 1 0)
|                    ( - -7.788e+03 3 0))
|                ( QUESTION0_15_R 1 -1.118e+04 2.096e+02 4.207e+01
|                    ( SILENCE -1 -3.259e+03 1.949e+02 1.300e+01
|                        ( - -1.473e+03 1 0)
|                        ( - -1.591e+03 1 0))
|                    ( - -7.710e+03 4 0 QUESTION13 -1 1.641e+02 2.907e+01))))))
s>    ( QUESTION9 -1 -2.990e+04 4.425e+02 1.173e+02
s>        ( - 2.192e+02 1 0)
s>        ( QUESTION6 -1 -2.968e+04 2.203e+02 1.163e+02
s>            ( - -2.903e+02 1 0)
s>            ( QUESTION2 -1 -2.917e+04 1.903e+02 1.143e+02
s>                ( - -9.520e+03 5 0 QUESTION0_15_R 1 1.354e+02 3.687e+01)
s>                ( QUESTION4 -1 -1.946e+04 2.346e+02 7.739e+01
s>                    ( QUESTION0_15_R 1 -8.048e+03 4.351e+02 3.532e+01
s>                        ( - 1.752e+02 1 0)
s>                        ( - -7.788e+03 3 0))
s>                    ( QUESTION0_15_R 1 -1.118e+04 2.096e+02 4.207e+01
s>                        ( SILENCE -1 -3.259e+03 1.949e+02 1.300e+01
s>                            ( - -1.473e+03 1 0)
s>                            ( - -1.591e+03 1 0))
s>                        ( - -7.710e+03 4 0 QUESTION13 -1 1.641e+02 2.907e+01))))))INFO: dtree.c(1478): Final simple tree
|( QUESTION2_3_L -1 -3.411e+04 4.227e+02 1.379e+02
|    ( - -8.776e+01 1 0)
|    ( QUESTION6 -1 -3.360e+04 3.182e+02 1.369e+02
|        ( - -4.469e+03 1 0)
|        ( QUESTION0_15_R 1 -2.882e+04 2.078e+02 1.152e+02
|            ( - -5.681e+02 1 0)
|            ( SILENCE 1 -2.804e+04 1.704e+02 1.132e+02
|                ( - -6.719e+02 1 0)
|                ( QUESTION0_3_R 1 -2.720e+04 1.670e+02 1.102e+02
|                    ( - -3.413e+03 2 0 QUESTION0_4_R 1 1.209e+02 1.360e+01)
|                    ( WDBNDRY_B 0 -2.362e+04 1.566e+02 9.665e+01
|                        ( - -7.357e+02 1 0)
|                        ( QUESTION0_11_R 1 -2.273e+04 1.786e+02 9.265e+01
|                            ( - -4.489e+02 1 0)
|                            ( - -2.210e+04 5 0 QUESTION12 1 1.510e+02 9.065e+01))))))))
s>    ( QUESTION2_3_L -1 -3.411e+04 4.227e+02 1.379e+02
s>        ( - -8.776e+01 1 0)
s>        ( QUESTION6 -1 -3.360e+04 3.182e+02 1.369e+02
s>            ( - -4.469e+03 1 0)
s>            ( QUESTION0_15_R 1 -2.882e+04 2.078e+02 1.152e+02
s>                ( - -5.681e+02 1 0)
s>                ( SILENCE 1 -2.804e+04 1.704e+02 1.132e+02
s>                    ( - -6.719e+02 1 0)
s>                    ( QUESTION0_3_R 1 -2.720e+04 1.670e+02 1.102e+02
s>                        ( - -3.413e+03 2 0 QUESTION0_4_R 1 1.209e+02 1.360e+01)
s>                        ( WDBNDRY_B 0 -2.362e+04 1.566e+02 9.665e+01
s>                            ( - -7.357e+02 1 0)
s>                            ( QUESTION0_11_R 1 -2.273e+04 1.786e+02 9.265e+01
s>                                ( - -4.489e+02 1 0)
s>                                ( - -2.210e+04 5 0 QUESTION12 1 1.510e+02 9.065e+01))))))))INFO: dtree.c(1315): Comp split 5
INFO: dtree.c(1478): Final simple tree
|( QUESTION0_17_R 1 -2.597e+04 4.403e+02 1.101e+02
|    ( - -1.754e+02 1 0)
|    ( QUESTION0_9_R 1 -2.535e+04 2.510e+02 1.091e+02
|        ( WDBNDRY_B 0 -1.931e+04 2.396e+02 8.741e+01
|            ( - -5.807e+02 1 0)
|            ( - -1.849e+04 1 0))
|        ( QUESTION4 1 -5.792e+03 4.163e+02 2.173e+01
|            ( - 7.455e+01 1 0)
|            ( QUESTION12 1 -5.450e+03 1.920e+02 2.073e+01
|                ( - -1.541e+03 1 0)
|                ( QUESTION0_1_R 1 -3.718e+03 1.398e+02 1.573e+01
|                    ( - -1.188e+03 1 0)
|                    ( WDBNDRY_E 0 -2.390e+03 1.225e+02 1.034e+01
|                        ( - -9.531e+02 1 0)
|                        ( - -1.315e+03 1 0)))))))
s>    ( QUESTION0_17_R 1 -2.597e+04 4.403e+02 1.101e+02
s>        ( - -1.754e+02 1 0)
s>        ( QUESTION0_9_R 1 -2.535e+04 2.510e+02 1.091e+02
s>            ( WDBNDRY_B 0 -1.931e+04 2.396e+02 8.741e+01
s>                ( - -5.807e+02 1 0)
s>                ( - -1.849e+04 1 0))
s>            ( QUESTION4 1 -5.792e+03 4.163e+02 2.173e+01
s>                ( - 7.455e+01 1 0)
s>                ( QUESTION12 1 -5.450e+03 1.920e+02 2.073e+01
s>                    ( - -1.541e+03 1 0)
s>                    ( QUESTION0_1_R 1 -3.718e+03 1.398e+02 1.573e+01
s>                        ( - -1.188e+03 1 0)
s>                        ( WDBNDRY_E 0 -2.390e+03 1.225e+02 1.034e+01
s>                            ( - -9.531e+02 1 0)
s>                            ( - -1.315e+03 1 0)))))))INFO: dtree.c(1315): Comp split 6
INFO: dtree.c(1439): stop. leaf nodes are specific
INFO: dtree.c(1478): Final simple tree
|( QUESTION2_18_L -1 -7.251e+04 1.728e+02 3.117e+02
|    ( - -4.612e+02 1 0)
|    ( WDBNDRY_E 0 -7.188e+04 1.960e+02 3.097e+02
|        ( - -6.392e+02 1 0)
|        ( QUESTION4 -1 -7.104e+04 1.373e+02 3.067e+02
|            ( - -6.757e+04 1 0)
|            ( - -3.337e+03 1 0))))
s>    ( QUESTION2_18_L -1 -7.251e+04 1.728e+02 3.117e+02
s>        ( - -4.612e+02 1 0)
s>        ( WDBNDRY_E 0 -7.188e+04 1.960e+02 3.097e+02
s>            ( - -6.392e+02 1 0)
s>            ( QUESTION4 -1 -7.104e+04 1.373e+02 3.067e+02
s>                ( - -6.757e+04 1 0)
s>                ( - -3.337e+03 1 0))))INFO: dtree.c(1315): Comp split 7
INFO: dtree.c(1478): Final simple tree
|( QUESTION6 -1 -2.968e+04 2.203e+02 1.163e+02
|    ( - -2.903e+02 1 0)
|    ( QUESTION2 -1 -2.917e+04 1.903e+02 1.143e+02
|        ( - -9.520e+03 5 0 QUESTION0_15_R 1 1.354e+02 3.687e+01)
|        ( QUESTION4 -1 -1.946e+04 2.346e+02 7.739e+01
|            ( QUESTION0_15_R 1 -8.048e+03 4.351e+02 3.532e+01
|                ( - 1.752e+02 1 0)
|                ( - -7.788e+03 3 0))
|            ( QUESTION0_15_R 1 -1.118e+04 2.096e+02 4.207e+01
|                ( SILENCE -1 -3.259e+03 1.949e+02 1.300e+01
|                    ( - -1.473e+03 1 0)
|                    ( - -1.591e+03 1 0))
|                ( QUESTION13 -1 -7.710e+03 1.641e+02 2.907e+01
|                    ( - -3.246e+02 1 0)
|                    ( - -7.221e+03 3 0 SILENCE -1 1.368e+02 2.707e+01))))))
s>    ( QUESTION6 -1 -2.968e+04 2.203e+02 1.163e+02
s>        ( - -2.903e+02 1 0)
s>        ( QUESTION2 -1 -2.917e+04 1.903e+02 1.143e+02
s>            ( - -9.520e+03 5 0 QUESTION0_15_R 1 1.354e+02 3.687e+01)
s>            ( QUESTION4 -1 -1.946e+04 2.346e+02 7.739e+01
s>                ( QUESTION0_15_R 1 -8.048e+03 4.351e+02 3.532e+01
s>                    ( - 1.752e+02 1 0)
s>                    ( - -7.788e+03 3 0))
s>                ( QUESTION0_15_R 1 -1.118e+04 2.096e+02 4.207e+01
s>                    ( SILENCE -1 -3.259e+03 1.949e+02 1.300e+01
s>                        ( - -1.473e+03 1 0)
s>                        ( - -1.591e+03 1 0))
s>                    ( QUESTION13 -1 -7.710e+03 1.641e+02 2.907e+01
s>                        ( - -3.246e+02 1 0)
s>                        ( - -7.221e+03 3 0 SILENCE -1 1.368e+02 2.707e+01))))))INFO: dtree.c(1315): Comp split 8
INFO: dtree.c(1439): stop. leaf nodes are specific
INFO: dtree.c(1478): Final simple tree
|( QUESTION0_9_R 1 -2.535e+04 2.510e+02 1.091e+02
|    ( WDBNDRY_B 0 -1.931e+04 2.396e+02 8.741e+01
|        ( - -5.807e+02 1 0)
|        ( - -1.849e+04 1 0))
|    ( QUESTION4 1 -5.792e+03 4.163e+02 2.173e+01
|        ( - 7.455e+01 1 0)
|        ( QUESTION12 1 -5.450e+03 1.920e+02 2.073e+01
|            ( - -1.541e+03 1 0)
|            ( QUESTION0_1_R 1 -3.718e+03 1.398e+02 1.573e+01
|                ( - -1.188e+03 1 0)
|                ( WDBNDRY_E 0 -2.390e+03 1.225e+02 1.034e+01
|                    ( - -9.531e+02 1 0)
|                    ( - -1.315e+03 1 0))))))
s>    ( QUESTION0_9_R 1 -2.535e+04 2.510e+02 1.091e+02
s>        ( WDBNDRY_B 0 -1.931e+04 2.396e+02 8.741e+01
s>            ( - -5.807e+02 1 0)
s>            ( - -1.849e+04 1 0))
s>        ( QUESTION4 1 -5.792e+03 4.163e+02 2.173e+01
s>            ( - 7.455e+01 1 0)
s>            ( QUESTION12 1 -5.450e+03 1.920e+02 2.073e+01
s>                ( - -1.541e+03 1 0)
s>                ( QUESTION0_1_R 1 -3.718e+03 1.398e+02 1.573e+01
s>                    ( - -1.188e+03 1 0)
s>                    ( WDBNDRY_E 0 -2.390e+03 1.225e+02 1.034e+01
s>                        ( - -9.531e+02 1 0)
s>                        ( - -1.315e+03 1 0))))))INFO: dtree.c(1315): Comp split 9
INFO: dtree.c(1478): Final simple tree
|( QUESTION6 -1 -2.942e+04 2.203e+02 1.153e+02
|    ( - -2.903e+02 1 0)
|    ( QUESTION2 -1 -2.891e+04 1.915e+02 1.133e+02
|        ( - -9.520e+03 5 0 QUESTION0_15_R 1 1.354e+02 3.687e+01)
|        ( QUESTION4 -1 -1.920e+04 2.330e+02 7.639e+01
|            ( - -7.788e+03 3 0)
|            ( QUESTION0_15_R 1 -1.118e+04 2.096e+02 4.207e+01
|                ( SILENCE -1 -3.259e+03 1.949e+02 1.300e+01
|                    ( - -1.473e+03 1 0)
|                    ( - -1.591e+03 1 0))
|                ( QUESTION13 -1 -7.710e+03 1.641e+02 2.907e+01
|                    ( - -3.246e+02 1 0)
|                    ( SILENCE -1 -7.221e+03 1.368e+02 2.707e+01
|                        ( - -1.370e+03 1 0)
|                        ( - -5.714e+03 2 0 QUESTION0 -1 8.470e+01 2.007e+01)))))))
s>    ( QUESTION6 -1 -2.942e+04 2.203e+02 1.153e+02
s>        ( - -2.903e+02 1 0)
s>        ( QUESTION2 -1 -2.891e+04 1.915e+02 1.133e+02
s>            ( - -9.520e+03 5 0 QUESTION0_15_R 1 1.354e+02 3.687e+01)
s>            ( QUESTION4 -1 -1.920e+04 2.330e+02 7.639e+01
s>                ( - -7.788e+03 3 0)
s>                ( QUESTION0_15_R 1 -1.118e+04 2.096e+02 4.207e+01
s>                    ( SILENCE -1 -3.259e+03 1.949e+02 1.300e+01
s>                        ( - -1.473e+03 1 0)
s>                        ( - -1.591e+03 1 0))
s>                    ( QUESTION13 -1 -7.710e+03 1.641e+02 2.907e+01
s>                        ( - -3.246e+02 1 0)
s>                        ( SILENCE -1 -7.221e+03 1.368e+02 2.707e+01
s>                            ( - -1.370e+03 1 0)
s>                            ( - -5.714e+03 2 0 QUESTION0 -1 8.470e+01 2.007e+01)))))))INFO: dtree.c(1315): Comp split 10
INFO: dtree.c(1478): Final simple tree
|( QUESTION6 -1 -3.360e+04 3.182e+02 1.369e+02
|    ( - -4.469e+03 1 0)
|    ( QUESTION0_15_R 1 -2.882e+04 2.078e+02 1.152e+02
|        ( - -5.681e+02 1 0)
|        ( SILENCE 1 -2.804e+04 1.704e+02 1.132e+02
|            ( - -6.719e+02 1 0)
|            ( QUESTION0_3_R 1 -2.720e+04 1.670e+02 1.102e+02
|                ( - -3.413e+03 2 0 QUESTION0_4_R 1 1.209e+02 1.360e+01)
|                ( WDBNDRY_B 0 -2.362e+04 1.566e+02 9.665e+01
|                    ( - -7.357e+02 1 0)
|                    ( QUESTION0_11_R 1 -2.273e+04 1.786e+02 9.265e+01
|                        ( - -4.489e+02 1 0)
|                        ( QUESTION12 1 -2.210e+04 1.510e+02 9.065e+01
|                            ( - -1.765e+03 1 0)
|                            ( - -2.018e+04 4 0 QUESTION0_9_R 1 1.415e+02 8.464e+01))))))))
s>    ( QUESTION6 -1 -3.360e+04 3.182e+02 1.369e+02
s>        ( - -4.469e+03 1 0)
s>        ( QUESTION0_15_R 1 -2.882e+04 2.078e+02 1.152e+02
s>            ( - -5.681e+02 1 0)
s>            ( SILENCE 1 -2.804e+04 1.704e+02 1.132e+02
s>                ( - -6.719e+02 1 0)
s>                ( QUESTION0_3_R 1 -2.720e+04 1.670e+02 1.102e+02
s>                    ( - -3.413e+03 2 0 QUESTION0_4_R 1 1.209e+02 1.360e+01)
s>                    ( WDBNDRY_B 0 -2.362e+04 1.566e+02 9.665e+01
s>                        ( - -7.357e+02 1 0)
s>                        ( QUESTION0_11_R 1 -2.273e+04 1.786e+02 9.265e+01
s>                            ( - -4.489e+02 1 0)
s>                            ( QUESTION12 1 -2.210e+04 1.510e+02 9.065e+01
s>                                ( - -1.765e+03 1 0)
s>                                ( - -2.018e+04 4 0 QUESTION0_9_R 1 1.415e+02 8.464e+01))))))))INFO: dtree.c(1315): Comp split 11
INFO: dtree.c(1439): stop. leaf nodes are specific
INFO: dtree.c(1478): Final simple tree
|( WDBNDRY_I 0 -2.500e+04 2.449e+02 1.081e+02
|    ( QUESTION0_8_R 1 -1.997e+04 1.692e+02 9.176e+01
|        ( - -1.315e+03 1 0)
|        ( - -1.849e+04 1 0))
|    ( WDBNDRY_B 0 -4.787e+03 2.111e+02 1.639e+01
|        ( - -5.807e+02 1 0)
|        ( QUESTION0 1 -3.995e+03 1.717e+02 1.439e+01
|            ( - -1.188e+03 1 0)
|            ( SILENCE 1 -2.635e+03 1.418e+02 9.000e+00
|                ( - -9.531e+02 1 0)
|                ( - -1.541e+03 1 0)))))
s>    ( WDBNDRY_I 0 -2.500e+04 2.449e+02 1.081e+02
s>        ( QUESTION0_8_R 1 -1.997e+04 1.692e+02 9.176e+01
s>            ( - -1.315e+03 1 0)
s>            ( - -1.849e+04 1 0))
s>        ( WDBNDRY_B 0 -4.787e+03 2.111e+02 1.639e+01
s>            ( - -5.807e+02 1 0)
s>            ( QUESTION0 1 -3.995e+03 1.717e+02 1.439e+01
s>                ( - -1.188e+03 1 0)
s>                ( SILENCE 1 -2.635e+03 1.418e+02 9.000e+00
s>                    ( - -9.531e+02 1 0)
s>                    ( - -1.541e+03 1 0)))))INFO: dtree.c(1315): Comp split 12
INFO: dtree.c(1439): stop. leaf nodes are specific
INFO: dtree.c(1478): Final simple tree
|( SILENCE -1 -7.221e+03 1.368e+02 2.707e+01
|    ( - -1.370e+03 1 0)
|    ( QUESTION0 -1 -5.714e+03 8.470e+01 2.007e+01
|        ( - -2.682e+03 1 0)
|        ( - -2.947e+03 1 0)))
s>    ( SILENCE -1 -7.221e+03 1.368e+02 2.707e+01
s>        ( - -1.370e+03 1 0)
s>        ( QUESTION0 -1 -5.714e+03 8.470e+01 2.007e+01
s>            ( - -2.682e+03 1 0)
s>            ( - -2.947e+03 1 0)))INFO: dtree.c(1439): stop. leaf nodes are specific
INFO: dtree.c(1478): Final simple tree
|( QUESTION6 -1 -2.184e+04 2.189e+02 8.819e+01
|    ( - -2.903e+02 1 0)
|    ( QUESTION1 -1 -2.134e+04 1.953e+02 8.619e+01
|        ( - -1.591e+03 1 0)
|        ( SILENCE -1 -1.955e+04 1.613e+02 8.019e+01
|            ( - -1.473e+03 1 0)
|            ( QUESTION5 -1 -1.791e+04 1.555e+02 7.319e+01
|                ( - -3.246e+02 1 0)
|                ( QUESTION0 -1 -1.743e+04 1.268e+02 7.119e+01
|                    ( QUESTION0_15_R 1 -9.520e+03 1.354e+02 3.687e+01
|                        ( - -4.546e+03 3 0)
|                        ( - -4.838e+03 2 0))
|                    ( - -7.788e+03 3 0))))))
s>    ( QUESTION6 -1 -2.184e+04 2.189e+02 8.819e+01
s>        ( - -2.903e+02 1 0)
s>        ( QUESTION1 -1 -2.134e+04 1.953e+02 8.619e+01
s>            ( - -1.591e+03 1 0)
s>            ( SILENCE -1 -1.955e+04 1.613e+02 8.019e+01
s>                ( - -1.473e+03 1 0)
s>                ( QUESTION5 -1 -1.791e+04 1.555e+02 7.319e+01
s>                    ( - -3.246e+02 1 0)
s>                    ( QUESTION0 -1 -1.743e+04 1.268e+02 7.119e+01
s>                        ( QUESTION0_15_R 1 -9.520e+03 1.354e+02 3.687e+01
s>                            ( - -4.546e+03 3 0)
s>                            ( - -4.838e+03 2 0))
s>                        ( - -7.788e+03 3 0))))))INFO: dtree.c(1315): Comp split 13
INFO: dtree.c(1478): Final simple tree
|( QUESTION2_18_L -1 -1.750e+04 2.146e+02 6.895e+01
|    ( WDBNDRY_B 0 -2.055e+03 1.717e+02 6.000e+00
|        ( - -1.141e+03 2 0)
|        ( - -7.423e+02 1 0))
|    ( WDBNDRY_B 0 -1.523e+04 1.772e+02 6.295e+01
|        ( QUESTION19 -1 -8.922e+03 1.418e+02 3.601e+01
|            ( - -1.549e+03 1 0)
|            ( QUESTION5 -1 -7.231e+03 1.138e+02 3.001e+01
|                ( - -1.070e+03 1 0)
|                ( QUESTION2_9_L -1 -6.047e+03 1.047e+02 2.501e+01
|                    ( - -1.017e+03 1 0)
|                    ( QUESTION0 -1 -4.925e+03 7.619e+01 2.001e+01
|                        ( - -3.684e+03 1 0)
|                        ( - -1.165e+03 1 0)))))
|        ( - -6.131e+03 1 0)))
s>    ( QUESTION2_18_L -1 -1.750e+04 2.146e+02 6.895e+01
s>        ( WDBNDRY_B 0 -2.055e+03 1.717e+02 6.000e+00
s>            ( - -1.141e+03 2 0)
s>            ( - -7.423e+02 1 0))
s>        ( WDBNDRY_B 0 -1.523e+04 1.772e+02 6.295e+01
s>            ( QUESTION19 -1 -8.922e+03 1.418e+02 3.601e+01
s>                ( - -1.549e+03 1 0)
s>                ( QUESTION5 -1 -7.231e+03 1.138e+02 3.001e+01
s>                    ( - -1.070e+03 1 0)
s>                    ( QUESTION2_9_L -1 -6.047e+03 1.047e+02 2.501e+01
s>                        ( - -1.017e+03 1 0)
s>                        ( QUESTION0 -1 -4.925e+03 7.619e+01 2.001e+01
s>                            ( - -3.684e+03 1 0)
s>                            ( - -1.165e+03 1 0)))))
s>            ( - -6.131e+03 1 0)))INFO: dtree.c(1439): stop. leaf nodes are specific
INFO: dtree.c(1478): Final simple tree
|( SILENCE -1 -2.041e+04 2.298e+02 8.883e+01
|    ( - -6.885e+03 1 0)
|    ( QUESTION0 -1 -1.330e+04 1.650e+02 5.817e+01
|        ( - -8.948e+03 2 0)
|        ( - -4.182e+03 2 0)))
s>    ( SILENCE -1 -2.041e+04 2.298e+02 8.883e+01
s>        ( - -6.885e+03 1 0)
s>        ( QUESTION0 -1 -1.330e+04 1.650e+02 5.817e+01
s>            ( - -8.948e+03 2 0)
s>            ( - -4.182e+03 2 0)))INFO: dtree.c(1315): Comp split 14
INFO: dtree.c(1478): Final simple tree
|( QUESTION0_15_R 1 -2.882e+04 2.078e+02 1.152e+02
|    ( - -5.681e+02 1 0)
|    ( SILENCE 1 -2.804e+04 1.704e+02 1.132e+02
|        ( - -6.719e+02 1 0)
|        ( QUESTION0_3_R 1 -2.720e+04 1.670e+02 1.102e+02
|            ( - -3.413e+03 2 0 QUESTION0_4_R 1 1.209e+02 1.360e+01)
|            ( WDBNDRY_B 0 -2.362e+04 1.566e+02 9.665e+01
|                ( - -7.357e+02 1 0)
|                ( QUESTION0_11_R 1 -2.273e+04 1.786e+02 9.265e+01
|                    ( - -4.489e+02 1 0)
|                    ( QUESTION12 1 -2.210e+04 1.510e+02 9.065e+01
|                        ( - -1.765e+03 1 0)
|                        ( QUESTION0_9_R 1 -2.018e+04 1.415e+02 8.464e+01
|                            ( - -1.883e+03 1 0)
|                            ( - -1.816e+04 3 0 QUESTION5 1 1.375e+02 7.763e+01))))))))
s>    ( QUESTION0_15_R 1 -2.882e+04 2.078e+02 1.152e+02
s>        ( - -5.681e+02 1 0)
s>        ( SILENCE 1 -2.804e+04 1.704e+02 1.132e+02
s>            ( - -6.719e+02 1 0)
s>            ( QUESTION0_3_R 1 -2.720e+04 1.670e+02 1.102e+02
s>                ( - -3.413e+03 2 0 QUESTION0_4_R 1 1.209e+02 1.360e+01)
s>                ( WDBNDRY_B 0 -2.362e+04 1.566e+02 9.665e+01
s>                    ( - -7.357e+02 1 0)
s>                    ( QUESTION0_11_R 1 -2.273e+04 1.786e+02 9.265e+01
s>                        ( - -4.489e+02 1 0)
s>                        ( QUESTION12 1 -2.210e+04 1.510e+02 9.065e+01
s>                            ( - -1.765e+03 1 0)
s>                            ( QUESTION0_9_R 1 -2.018e+04 1.415e+02 8.464e+01
s>                                ( - -1.883e+03 1 0)
s>                                ( - -1.816e+04 3 0 QUESTION5 1 1.375e+02 7.763e+01))))))))INFO: dtree.c(1315): Comp split 15
INFO: dtree.c(1439): stop. leaf nodes are specific
INFO: dtree.c(1478): Final simple tree
|( WDBNDRY_B 0 -6.245e+03 2.137e+02 2.273e+01
|    ( - -5.807e+02 1 0)
|    ( QUESTION12 1 -5.450e+03 1.920e+02 2.073e+01
|        ( - -1.541e+03 1 0)
|        ( QUESTION0_1_R 1 -3.718e+03 1.398e+02 1.573e+01
|            ( - -1.188e+03 1 0)
|            ( WDBNDRY_E 0 -2.390e+03 1.225e+02 1.034e+01
|                ( - -9.531e+02 1 0)
|                ( - -1.315e+03 1 0)))))
s>    ( WDBNDRY_B 0 -6.245e+03 2.137e+02 2.273e+01
s>        ( - -5.807e+02 1 0)
s>        ( QUESTION12 1 -5.450e+03 1.920e+02 2.073e+01
s>            ( - -1.541e+03 1 0)
s>            ( QUESTION0_1_R 1 -3.718e+03 1.398e+02 1.573e+01
s>                ( - -1.188e+03 1 0)
s>                ( WDBNDRY_E 0 -2.390e+03 1.225e+02 1.034e+01
s>                    ( - -9.531e+02 1 0)
s>                    ( - -1.315e+03 1 0)))))INFO: dtree.c(1315): Comp split 16
INFO: dtree.c(1439): stop. leaf nodes are specific
INFO: dtree.c(1478): Final simple tree
|( QUESTION0 -1 -1.330e+04 1.650e+02 5.817e+01
|    ( - -8.948e+03 2 0)
|    ( - -4.182e+03 2 0))
s>    ( QUESTION0 -1 -1.330e+04 1.650e+02 5.817e+01
s>        ( - -8.948e+03 2 0)
s>        ( - -4.182e+03 2 0))INFO: dtree.c(1315): Comp split 17
INFO: dtree.c(1439): stop. leaf nodes are specific
INFO: dtree.c(1478): Final simple tree
|( QUESTION1 -1 -2.134e+04 1.953e+02 8.619e+01
|    ( - -1.591e+03 1 0)
|    ( SILENCE -1 -1.955e+04 1.613e+02 8.019e+01
|        ( - -1.473e+03 1 0)
|        ( QUESTION5 -1 -1.791e+04 1.555e+02 7.319e+01
|            ( - -3.246e+02 1 0)
|            ( QUESTION0 -1 -1.743e+04 1.268e+02 7.119e+01
|                ( QUESTION0_15_R 1 -9.520e+03 1.354e+02 3.687e+01
|                    ( - -4.546e+03 3 0)
|                    ( - -4.838e+03 2 0))
|                ( - -7.788e+03 3 0)))))
s>    ( QUESTION1 -1 -2.134e+04 1.953e+02 8.619e+01
s>        ( - -1.591e+03 1 0)
s>        ( SILENCE -1 -1.955e+04 1.613e+02 8.019e+01
s>            ( - -1.473e+03 1 0)
s>            ( QUESTION5 -1 -1.791e+04 1.555e+02 7.319e+01
s>                ( - -3.246e+02 1 0)
s>                ( QUESTION0 -1 -1.743e+04 1.268e+02 7.119e+01
s>                    ( QUESTION0_15_R 1 -9.520e+03 1.354e+02 3.687e+01
s>                        ( - -4.546e+03 3 0)
s>                        ( - -4.838e+03 2 0))
s>                    ( - -7.788e+03 3 0)))))INFO: dtree.c(1315): Comp split 18
INFO: dtree.c(1439): stop. leaf nodes are specific
INFO: dtree.c(1478): Final simple tree
|( WDBNDRY_B 0 -1.523e+04 1.772e+02 6.295e+01
|    ( QUESTION19 -1 -8.922e+03 1.418e+02 3.601e+01
|        ( - -1.549e+03 1 0)
|        ( QUESTION5 -1 -7.231e+03 1.138e+02 3.001e+01
|            ( - -1.070e+03 1 0)
|            ( QUESTION2_9_L -1 -6.047e+03 1.047e+02 2.501e+01
|                ( - -1.017e+03 1 0)
|                ( QUESTION0 -1 -4.925e+03 7.619e+01 2.001e+01
|                    ( - -3.684e+03 1 0)
|                    ( - -1.165e+03 1 0)))))
|    ( - -6.131e+03 1 0))
s>    ( WDBNDRY_B 0 -1.523e+04 1.772e+02 6.295e+01
s>        ( QUESTION19 -1 -8.922e+03 1.418e+02 3.601e+01
s>            ( - -1.549e+03 1 0)
s>            ( QUESTION5 -1 -7.231e+03 1.138e+02 3.001e+01
s>                ( - -1.070e+03 1 0)
s>                ( QUESTION2_9_L -1 -6.047e+03 1.047e+02 2.501e+01
s>                    ( - -1.017e+03 1 0)
s>                    ( QUESTION0 -1 -4.925e+03 7.619e+01 2.001e+01
s>                        ( - -3.684e+03 1 0)
s>                        ( - -1.165e+03 1 0)))))
s>        ( - -6.131e+03 1 0))INFO: dtree.c(1439): stop. leaf nodes are specific
INFO: dtree.c(1478): Final simple tree
|( WDBNDRY_B 0 -2.055e+03 1.717e+02 6.000e+00
|    ( - -1.141e+03 2 0)
|    ( - -7.423e+02 1 0))
s>    ( WDBNDRY_B 0 -2.055e+03 1.717e+02 6.000e+00
s>        ( - -1.141e+03 2 0)
s>        ( - -7.423e+02 1 0))INFO: dtree.c(1315): Comp split 19
INFO: dtree.c(1439): stop. leaf nodes are specific
INFO: dtree.c(1478): Final simple tree
|( QUESTION12 1 -5.450e+03 1.920e+02 2.073e+01
|    ( - -1.541e+03 1 0)
|    ( QUESTION0_1_R 1 -3.718e+03 1.398e+02 1.573e+01
|        ( - -1.188e+03 1 0)
|        ( WDBNDRY_E 0 -2.390e+03 1.225e+02 1.034e+01
|            ( - -9.531e+02 1 0)
|            ( - -1.315e+03 1 0))))
s>    ( QUESTION12 1 -5.450e+03 1.920e+02 2.073e+01
s>        ( - -1.541e+03 1 0)
s>        ( QUESTION0_1_R 1 -3.718e+03 1.398e+02 1.573e+01
s>            ( - -1.188e+03 1 0)
s>            ( WDBNDRY_E 0 -2.390e+03 1.225e+02 1.034e+01
s>                ( - -9.531e+02 1 0)
s>                ( - -1.315e+03 1 0))))INFO: dtree.c(1315): Comp split 20
INFO: dtree.c(1478): Final simple tree
|( SILENCE 1 -2.804e+04 1.704e+02 1.132e+02
|    ( - -6.719e+02 1 0)
|    ( QUESTION0_3_R 1 -2.720e+04 1.670e+02 1.102e+02
|        ( - -3.413e+03 2 0 QUESTION0_4_R 1 1.209e+02 1.360e+01)
|        ( WDBNDRY_B 0 -2.362e+04 1.566e+02 9.665e+01
|            ( - -7.357e+02 1 0)
|            ( QUESTION0_11_R 1 -2.273e+04 1.786e+02 9.265e+01
|                ( - -4.489e+02 1 0)
|                ( QUESTION12 1 -2.210e+04 1.510e+02 9.065e+01
|                    ( - -1.765e+03 1 0)
|                    ( QUESTION0_9_R 1 -2.018e+04 1.415e+02 8.464e+01
|                        ( - -1.883e+03 1 0)
|                        ( QUESTION5 1 -1.816e+04 1.375e+02 7.763e+01
|                            ( - -9.433e+02 1 0)
|                            ( - -1.708e+04 2 0 QUESTION0_1_R 1 1.116e+02 7.363e+01))))))))
s>    ( SILENCE 1 -2.804e+04 1.704e+02 1.132e+02
s>        ( - -6.719e+02 1 0)
s>        ( QUESTION0_3_R 1 -2.720e+04 1.670e+02 1.102e+02
s>            ( - -3.413e+03 2 0 QUESTION0_4_R 1 1.209e+02 1.360e+01)
s>            ( WDBNDRY_B 0 -2.362e+04 1.566e+02 9.665e+01
s>                ( - -7.357e+02 1 0)
s>                ( QUESTION0_11_R 1 -2.273e+04 1.786e+02 9.265e+01
s>                    ( - -4.489e+02 1 0)
s>                    ( QUESTION12 1 -2.210e+04 1.510e+02 9.065e+01
s>                        ( - -1.765e+03 1 0)
s>                        ( QUESTION0_9_R 1 -2.018e+04 1.415e+02 8.464e+01
s>                            ( - -1.883e+03 1 0)
s>                            ( QUESTION5 1 -1.816e+04 1.375e+02 7.763e+01
s>                                ( - -9.433e+02 1 0)
s>                                ( - -1.708e+04 2 0 QUESTION0_1_R 1 1.116e+02 7.363e+01))))))))INFO: dtree.c(1315): Comp split 21
INFO: dtree.c(1439): stop. leaf nodes are specific
INFO: dtree.c(1478): Final simple tree
|( WDBNDRY_E 0 -7.168e+04 1.731e+02 3.087e+02
|    ( - -4.612e+02 1 0)
|    ( QUESTION4 -1 -7.104e+04 1.373e+02 3.067e+02
|        ( - -6.757e+04 1 0)
|        ( - -3.337e+03 1 0)))
s>    ( WDBNDRY_E 0 -7.168e+04 1.731e+02 3.087e+02
s>        ( - -4.612e+02 1 0)
s>        ( QUESTION4 -1 -7.104e+04 1.373e+02 3.067e+02
s>            ( - -6.757e+04 1 0)
s>            ( - -3.337e+03 1 0)))INFO: dtree.c(1315): Comp split 22
INFO: dtree.c(1439): stop. leaf nodes are specific
INFO: dtree.c(1478): Final simple tree
|( SILENCE -1 -1.955e+04 1.613e+02 8.019e+01
|    ( - -1.473e+03 1 0)
|    ( QUESTION5 -1 -1.791e+04 1.555e+02 7.319e+01
|        ( - -3.246e+02 1 0)
|        ( QUESTION0 -1 -1.743e+04 1.268e+02 7.119e+01
|            ( QUESTION0_15_R 1 -9.520e+03 1.354e+02 3.687e+01
|                ( - -4.546e+03 3 0)
|                ( - -4.838e+03 2 0))
|            ( - -7.788e+03 3 0))))
s>    ( SILENCE -1 -1.955e+04 1.613e+02 8.019e+01
s>        ( - -1.473e+03 1 0)
s>        ( QUESTION5 -1 -1.791e+04 1.555e+02 7.319e+01
s>            ( - -3.246e+02 1 0)
s>            ( QUESTION0 -1 -1.743e+04 1.268e+02 7.119e+01
s>                ( QUESTION0_15_R 1 -9.520e+03 1.354e+02 3.687e+01
s>                    ( - -4.546e+03 3 0)
s>                    ( - -4.838e+03 2 0))
s>                ( - -7.788e+03 3 0))))INFO: dtree.c(1315): Comp split 23
INFO: dtree.c(1439): stop. leaf nodes are specific
INFO: dtree.c(1478): Final simple tree
|( QUESTION0_1_R 1 -3.718e+03 1.398e+02 1.573e+01
|    ( - -1.188e+03 1 0)
|    ( WDBNDRY_E 0 -2.390e+03 1.225e+02 1.034e+01
|        ( - -9.531e+02 1 0)
|        ( - -1.315e+03 1 0)))
s>    ( QUESTION0_1_R 1 -3.718e+03 1.398e+02 1.573e+01
s>        ( - -1.188e+03 1 0)
s>        ( WDBNDRY_E 0 -2.390e+03 1.225e+02 1.034e+01
s>            ( - -9.531e+02 1 0)
s>            ( - -1.315e+03 1 0)))INFO: dtree.c(1315): Comp split 24
INFO: dtree.c(1439): stop. leaf nodes are specific
INFO: dtree.c(1478): Final simple tree
|( QUESTION0_9_R 1 -1.878e+04 1.771e+02 7.963e+01
|    ( - -4.489e+02 1 0)
|    ( QUESTION5 1 -1.816e+04 1.375e+02 7.763e+01
|        ( - -9.433e+02 1 0)
|        ( QUESTION0_1_R 1 -1.708e+04 1.116e+02 7.363e+01
|            ( - -5.696e+02 1 0)
|            ( - -1.640e+04 1 0))))
s>    ( QUESTION0_9_R 1 -1.878e+04 1.771e+02 7.963e+01
s>        ( - -4.489e+02 1 0)
s>        ( QUESTION5 1 -1.816e+04 1.375e+02 7.763e+01
s>            ( - -9.433e+02 1 0)
s>            ( QUESTION0_1_R 1 -1.708e+04 1.116e+02 7.363e+01
s>                ( - -5.696e+02 1 0)
s>                ( - -1.640e+04 1 0))))INFO: dtree.c(1439): stop. leaf nodes are specific
INFO: dtree.c(1478): Final simple tree
|( SILENCE 1 -9.067e+03 1.678e+02 3.362e+01
|    ( - -6.719e+02 1 0)
|    ( WDBNDRY_B 0 -8.227e+03 1.486e+02 3.062e+01
|        ( - -7.357e+02 1 0)
|        ( QUESTION0_8_R 1 -7.342e+03 1.425e+02 2.662e+01
|            ( - -1.765e+03 1 0)
|            ( QUESTION0_1_R 1 -5.435e+03 1.379e+02 2.061e+01
|                ( QUESTION0_4_R 1 -3.413e+03 1.209e+02 1.360e+01
|                    ( - -2.850e+03 1 0)
|                    ( - -4.421e+02 1 0))
|                ( - -1.883e+03 1 0)))))
s>    ( SILENCE 1 -9.067e+03 1.678e+02 3.362e+01
s>        ( - -6.719e+02 1 0)
s>        ( WDBNDRY_B 0 -8.227e+03 1.486e+02 3.062e+01
s>            ( - -7.357e+02 1 0)
s>            ( QUESTION0_8_R 1 -7.342e+03 1.425e+02 2.662e+01
s>                ( - -1.765e+03 1 0)
s>                ( QUESTION0_1_R 1 -5.435e+03 1.379e+02 2.061e+01
s>                    ( QUESTION0_4_R 1 -3.413e+03 1.209e+02 1.360e+01
s>                        ( - -2.850e+03 1 0)
s>                        ( - -4.421e+02 1 0))
s>                    ( - -1.883e+03 1 0)))))INFO: dtree.c(1315): Comp split 25
INFO: dtree.c(1439): stop. leaf nodes are specific
INFO: dtree.c(1478): Final simple tree
|( QUESTION0_15_R 1 -1.242e+04 8.372e+01 5.035e+01
|    ( - -4.546e+03 3 0)
|    ( - -7.788e+03 3 0))
s>    ( QUESTION0_15_R 1 -1.242e+04 8.372e+01 5.035e+01
s>        ( - -4.546e+03 3 0)
s>        ( - -7.788e+03 3 0))INFO: dtree.c(1439): stop. leaf nodes are specific
INFO: dtree.c(1478): Final simple tree
|( QUESTION3 -1 -6.947e+03 1.546e+02 2.984e+01
|    ( - -3.246e+02 1 0)
|    ( SILENCE -1 -6.468e+03 1.572e+02 2.784e+01
|        ( - -1.473e+03 1 0)
|        ( - -4.838e+03 2 0)))
s>    ( QUESTION3 -1 -6.947e+03 1.546e+02 2.984e+01
s>        ( - -3.246e+02 1 0)
s>        ( SILENCE -1 -6.468e+03 1.572e+02 2.784e+01
s>            ( - -1.473e+03 1 0)
s>            ( - -4.838e+03 2 0)))INFO: dtree.c(1315): Comp split 26
INFO: dtree.c(1439): stop. leaf nodes are specific
INFO: dtree.c(1478): Final simple tree
|( QUESTION19 -1 -8.922e+03 1.418e+02 3.601e+01
|    ( - -1.549e+03 1 0)
|    ( QUESTION5 -1 -7.231e+03 1.138e+02 3.001e+01
|        ( - -1.070e+03 1 0)
|        ( QUESTION2_9_L -1 -6.047e+03 1.047e+02 2.501e+01
|            ( - -1.017e+03 1 0)
|            ( QUESTION0 -1 -4.925e+03 7.619e+01 2.001e+01
|                ( - -3.684e+03 1 0)
|                ( - -1.165e+03 1 0)))))
s>    ( QUESTION19 -1 -8.922e+03 1.418e+02 3.601e+01
s>        ( - -1.549e+03 1 0)
s>        ( QUESTION5 -1 -7.231e+03 1.138e+02 3.001e+01
s>            ( - -1.070e+03 1 0)
s>            ( QUESTION2_9_L -1 -6.047e+03 1.047e+02 2.501e+01
s>                ( - -1.017e+03 1 0)
s>                ( QUESTION0 -1 -4.925e+03 7.619e+01 2.001e+01
s>                    ( - -3.684e+03 1 0)
s>                    ( - -1.165e+03 1 0)))))INFO: dtree.c(1315): Comp split 27
INFO: dtree.c(1439): stop. leaf nodes are specific
INFO: dtree.c(1478): Final simple tree
|( QUESTION5 1 -1.816e+04 1.375e+02 7.763e+01
|    ( - -9.433e+02 1 0)
|    ( QUESTION0_1_R 1 -1.708e+04 1.116e+02 7.363e+01
|        ( - -5.696e+02 1 0)
|        ( - -1.640e+04 1 0)))
s>    ( QUESTION5 1 -1.816e+04 1.375e+02 7.763e+01
s>        ( - -9.433e+02 1 0)
s>        ( QUESTION0_1_R 1 -1.708e+04 1.116e+02 7.363e+01
s>            ( - -5.696e+02 1 0)
s>            ( - -1.640e+04 1 0)))INFO: dtree.c(1315): Comp split 28
INFO: dtree.c(1439): stop. leaf nodes are specific
INFO: dtree.c(1478): Final simple tree
|( QUESTION4 -1 -7.104e+04 1.373e+02 3.067e+02
|    ( - -6.757e+04 1 0)
|    ( - -3.337e+03 1 0))
s>    ( QUESTION4 -1 -7.104e+04 1.373e+02 3.067e+02
s>        ( - -6.757e+04 1 0)
s>        ( - -3.337e+03 1 0))INFO: dtree.c(1315): Comp split 29
INFO: dtree.c(1315): Comp split 30
INFO: dtree.c(1439): stop. leaf nodes are specific
INFO: dtree.c(1478): Final simple tree
|( WDBNDRY_B 0 -8.227e+03 1.486e+02 3.062e+01
|    ( - -7.357e+02 1 0)
|    ( QUESTION0_8_R 1 -7.342e+03 1.425e+02 2.662e+01
|        ( - -1.765e+03 1 0)
|        ( QUESTION0_1_R 1 -5.435e+03 1.379e+02 2.061e+01
|            ( QUESTION0_4_R 1 -3.413e+03 1.209e+02 1.360e+01
|                ( - -2.850e+03 1 0)
|                ( - -4.421e+02 1 0))
|            ( - -1.883e+03 1 0))))
s>    ( WDBNDRY_B 0 -8.227e+03 1.486e+02 3.062e+01
s>        ( - -7.357e+02 1 0)
s>        ( QUESTION0_8_R 1 -7.342e+03 1.425e+02 2.662e+01
s>            ( - -1.765e+03 1 0)
s>            ( QUESTION0_1_R 1 -5.435e+03 1.379e+02 2.061e+01
s>                ( QUESTION0_4_R 1 -3.413e+03 1.209e+02 1.360e+01
s>                    ( - -2.850e+03 1 0)
s>                    ( - -4.421e+02 1 0))
s>                ( - -1.883e+03 1 0))))INFO: dtree.c(1315): Comp split 31
INFO: dtree.c(1315): Comp split 32
INFO: dtree.c(1439): stop. leaf nodes are specific
INFO: dtree.c(1478): Final simple tree
|( SILENCE -1 -6.468e+03 1.572e+02 2.784e+01
|    ( - -1.473e+03 1 0)
|    ( - -4.838e+03 2 0))
s>    ( SILENCE -1 -6.468e+03 1.572e+02 2.784e+01
s>        ( - -1.473e+03 1 0)
s>        ( - -4.838e+03 2 0))INFO: dtree.c(1315): Comp split 33
INFO: dtree.c(1315): Comp split 34
INFO: dtree.c(1439): stop. leaf nodes are specific
INFO: dtree.c(1478): Final simple tree
|( QUESTION0_8_R 1 -7.342e+03 1.425e+02 2.662e+01
|    ( - -1.765e+03 1 0)
|    ( QUESTION0_1_R 1 -5.435e+03 1.379e+02 2.061e+01
|        ( QUESTION0_4_R 1 -3.413e+03 1.209e+02 1.360e+01
|            ( - -2.850e+03 1 0)
|            ( - -4.421e+02 1 0))
|        ( - -1.883e+03 1 0)))
s>    ( QUESTION0_8_R 1 -7.342e+03 1.425e+02 2.662e+01
s>        ( - -1.765e+03 1 0)
s>        ( QUESTION0_1_R 1 -5.435e+03 1.379e+02 2.061e+01
s>            ( QUESTION0_4_R 1 -3.413e+03 1.209e+02 1.360e+01
s>                ( - -2.850e+03 1 0)
s>                ( - -4.421e+02 1 0))
s>            ( - -1.883e+03 1 0)))INFO: dtree.c(1315): Comp split 35
INFO: dtree.c(1439): stop. leaf nodes are specific
INFO: dtree.c(1478): Final simple tree
|( QUESTION0_1_R 1 -5.435e+03 1.379e+02 2.061e+01
|    ( QUESTION0_4_R 1 -3.413e+03 1.209e+02 1.360e+01
|        ( - -2.850e+03 1 0)
|        ( - -4.421e+02 1 0))
|    ( - -1.883e+03 1 0))
s>    ( QUESTION0_1_R 1 -5.435e+03 1.379e+02 2.061e+01
s>        ( QUESTION0_4_R 1 -3.413e+03 1.209e+02 1.360e+01
s>            ( - -2.850e+03 1 0)
s>            ( - -4.421e+02 1 0))
s>        ( - -1.883e+03 1 0))INFO: dtree.c(1315): Comp split 36
INFO: dtree.c(1439): stop. leaf nodes are specific
INFO: dtree.c(1478): Final simple tree
|( QUESTION5 -1 -7.231e+03 1.138e+02 3.001e+01
|    ( - -1.070e+03 1 0)
|    ( QUESTION2_9_L -1 -6.047e+03 1.047e+02 2.501e+01
|        ( - -1.017e+03 1 0)
|        ( QUESTION0 -1 -4.925e+03 7.619e+01 2.001e+01
|            ( - -3.684e+03 1 0)
|            ( - -1.165e+03 1 0))))
s>    ( QUESTION5 -1 -7.231e+03 1.138e+02 3.001e+01
s>        ( - -1.070e+03 1 0)
s>        ( QUESTION2_9_L -1 -6.047e+03 1.047e+02 2.501e+01
s>            ( - -1.017e+03 1 0)
s>            ( QUESTION0 -1 -4.925e+03 7.619e+01 2.001e+01
s>                ( - -3.684e+03 1 0)
s>                ( - -1.165e+03 1 0))))INFO: dtree.c(1315): Comp split 37
INFO: dtree.c(1439): stop. leaf nodes are specific
INFO: dtree.c(1478): Final simple tree
|( WDBNDRY_E 0 -2.390e+03 1.225e+02 1.034e+01
|    ( - -9.531e+02 1 0)
|    ( - -1.315e+03 1 0))
s>    ( WDBNDRY_E 0 -2.390e+03 1.225e+02 1.034e+01
s>        ( - -9.531e+02 1 0)
s>        ( - -1.315e+03 1 0))INFO: dtree.c(1315): Comp split 38
INFO: dtree.c(1439): stop. leaf nodes are specific
INFO: dtree.c(1478): Final simple tree
|( QUESTION0_4_R 1 -3.413e+03 1.209e+02 1.360e+01
|    ( - -2.850e+03 1 0)
|    ( - -4.421e+02 1 0))
s>    ( QUESTION0_4_R 1 -3.413e+03 1.209e+02 1.360e+01
s>        ( - -2.850e+03 1 0)
s>        ( - -4.421e+02 1 0))INFO: dtree.c(1315): Comp split 39
INFO: dtree.c(1439): stop. leaf nodes are specific
INFO: dtree.c(1478): Final simple tree
|( QUESTION0_1_R 1 -1.708e+04 1.116e+02 7.363e+01
|    ( - -5.696e+02 1 0)
|    ( - -1.640e+04 1 0))
s>    ( QUESTION0_1_R 1 -1.708e+04 1.116e+02 7.363e+01
s>        ( - -5.696e+02 1 0)
s>        ( - -1.640e+04 1 0))INFO: dtree.c(1315): Comp split 40
INFO: dtree.c(1315): Comp split 41
INFO: dtree.c(1439): stop. leaf nodes are specific
INFO: dtree.c(1478): Final simple tree
|( QUESTION0 -1 -5.714e+03 8.470e+01 2.007e+01
|    ( - -2.682e+03 1 0)
|    ( - -2.947e+03 1 0))
s>    ( QUESTION0 -1 -5.714e+03 8.470e+01 2.007e+01
s>        ( - -2.682e+03 1 0)
s>        ( - -2.947e+03 1 0))INFO: dtree.c(1315): Comp split 42
INFO: dtree.c(1315): Comp split 43
INFO: dtree.c(1315): Comp split 44
INFO: dtree.c(1439): stop. leaf nodes are specific
INFO: dtree.c(1478): Final simple tree
|( QUESTION2_9_L -1 -6.047e+03 1.047e+02 2.501e+01
|    ( - -1.017e+03 1 0)
|    ( QUESTION0 -1 -4.925e+03 7.619e+01 2.001e+01
|        ( - -3.684e+03 1 0)
|        ( - -1.165e+03 1 0)))
s>    ( QUESTION2_9_L -1 -6.047e+03 1.047e+02 2.501e+01
s>        ( - -1.017e+03 1 0)
s>        ( QUESTION0 -1 -4.925e+03 7.619e+01 2.001e+01
s>            ( - -3.684e+03 1 0)
s>            ( - -1.165e+03 1 0)))INFO: dtree.c(1315): Comp split 45
INFO: dtree.c(1315): Comp split 46
INFO: dtree.c(1439): stop. leaf nodes are specific
INFO: dtree.c(1478): Final simple tree
|( QUESTION0 -1 -4.925e+03 7.619e+01 2.001e+01
|    ( - -3.684e+03 1 0)
|    ( - -1.165e+03 1 0))
s>    ( QUESTION0 -1 -4.925e+03 7.619e+01 2.001e+01
s>        ( - -3.684e+03 1 0)
s>        ( - -1.165e+03 1 0))INFO: dtree.c(1315): Comp split 47
INFO: dtree.c(1315): Comp split 48
INFO: dtree.c(1315): Comp split 49
INFO: dtree.c(1315): Comp split 50
INFO: dtree.c(1318): stop. leaf nodes are specific
Mon Jan 30 07:35:46 2017
