Current configuration:
[NAME]		[DEFLT]	[VALUE]
-allphones	no	no
-cntthresh	0.00001	1.000000e-05
-csplitmax	100	2000
-csplitmin	1	1
-csplitthr	8e-4	0.000000e+00
-example	no	no
-fullvar	no	no
-help		no	no
-meanfn			/Users/benroye/forge/cmusphinx/voiceVim/model_parameters/voiceVim.cd_cont_untied/means
-mixwfn			/Users/benroye/forge/cmusphinx/voiceVim/model_parameters/voiceVim.cd_cont_untied/mixture_weights
-moddeffn		/Users/benroye/forge/cmusphinx/voiceVim/model_architecture/voiceVim.untied.mdef
-mwfloor	1e-4	1.000000e-08
-phone			dh
-psetfn			/Users/benroye/forge/cmusphinx/voiceVim/model_architecture/voiceVim.tree_questions
-ssplitmax	5	7
-ssplitmin	1	1
-ssplitthr	8e-4	0.000000e+00
-state			0
-stwt			1.0,0.05,0.0,
-treefn			/Users/benroye/forge/cmusphinx/voiceVim/trees/voiceVim.unpruned/dh-0.dtree
-ts2cbfn	.semi.	.cont.
-varfloor	0.00001	1.000000e-05
-varfn			/Users/benroye/forge/cmusphinx/voiceVim/model_parameters/voiceVim.cd_cont_untied/variances

INFO: main.c(223): Reading: /Users/benroye/forge/cmusphinx/voiceVim/model_architecture/voiceVim.untied.mdef
INFO: model_def_io.c(573): Model definition info:
INFO: model_def_io.c(574): 2249 total models defined (39 base, 2210 tri)
INFO: model_def_io.c(575): 8996 total states
INFO: model_def_io.c(576): 6747 total tied states
INFO: model_def_io.c(577): 117 total tied CI states
INFO: model_def_io.c(578): 39 total tied transition matrices
INFO: model_def_io.c(579): 4 max state/model
INFO: model_def_io.c(580): 4 min state/model
INFO: main.c(242): Building trees for [dh SIL f b] through [dh x l b]
INFO: main.c(269): Covering states |[903 956]| == 54
INFO: main.c(275): Reading: /Users/benroye/forge/cmusphinx/voiceVim/model_parameters/voiceVim.cd_cont_untied/mixture_weights
INFO: s3mixw_io.c(173): Read /Users/benroye/forge/cmusphinx/voiceVim/model_parameters/voiceVim.cd_cont_untied/mixture_weights [54x1x1 array]
INFO: main.c(311): 18 of 18 models have observation count greater than 0.000010
INFO: main.c(95): nrm stwt: 0.952 0.048 0.000 
INFO: s3gau_io.c(169): Read /Users/benroye/forge/cmusphinx/voiceVim/model_parameters/voiceVim.cd_cont_untied/means [6747x1x1 array]
INFO: s3gau_io.c(169): Read /Users/benroye/forge/cmusphinx/voiceVim/model_parameters/voiceVim.cd_cont_untied/variances [6747x1x1 array]
INFO: main.c(549): Reading: /Users/benroye/forge/cmusphinx/voiceVim/model_architecture/voiceVim.tree_questions
INFO: main.c(588): 174 total simple questions (166 phone; 8 word bndry)
INFO: main.c(590): 40 Left Only questions, and 42 Right Only questions
INFO: dtree.c(1478): Final simple tree
|( QUESTION3 -1 -9.408e+04 7.872e+02 4.572e+02
|    ( QUESTION19 -1 -8.533e+04 4.782e+02 4.242e+02
|        ( - -1.007e+04 1 0)
|        ( QUESTION8 -1 -7.478e+04 3.717e+02 3.714e+02
|            ( - -6.193e+03 1 0)
|            ( QUESTION2_3_L -1 -6.822e+04 3.188e+02 3.374e+02
|                ( - -4.301e+03 1 0)
|                ( QUESTION2_0_L -1 -6.360e+04 2.891e+02 3.144e+02
|                    ( - -5.186e+04 4 0 QUESTION4 -1 1.735e+02 2.594e+02)
|                    ( QUESTION0_1_R 1 -1.145e+04 1.863e+02 5.491e+01
|                        ( - -8.825e+03 1 0)
|                        ( - -2.436e+03 3 0))))))
|    ( QUESTION1 -1 -7.957e+03 4.711e+02 3.299e+01
|        ( - 1.784e+02 1 0)
|        ( - -7.665e+03 6 0 QUESTION0_1_R 1 1.646e+02 3.199e+01)))
s>    ( QUESTION3 -1 -9.408e+04 7.872e+02 4.572e+02
s>        ( QUESTION19 -1 -8.533e+04 4.782e+02 4.242e+02
s>            ( - -1.007e+04 1 0)
s>            ( QUESTION8 -1 -7.478e+04 3.717e+02 3.714e+02
s>                ( - -6.193e+03 1 0)
s>                ( QUESTION2_3_L -1 -6.822e+04 3.188e+02 3.374e+02
s>                    ( - -4.301e+03 1 0)
s>                    ( QUESTION2_0_L -1 -6.360e+04 2.891e+02 3.144e+02
s>                        ( - -5.186e+04 4 0 QUESTION4 -1 1.735e+02 2.594e+02)
s>                        ( QUESTION0_1_R 1 -1.145e+04 1.863e+02 5.491e+01
s>                            ( - -8.825e+03 1 0)
s>                            ( - -2.436e+03 3 0))))))
s>        ( QUESTION1 -1 -7.957e+03 4.711e+02 3.299e+01
s>            ( - 1.784e+02 1 0)
s>            ( - -7.665e+03 6 0 QUESTION0_1_R 1 1.646e+02 3.199e+01)))INFO: dtree.c(1315): Comp split 0
INFO: dtree.c(1439): stop. leaf nodes are specific
INFO: dtree.c(1478): Final simple tree
|( QUESTION1 -1 -1.049e+04 4.718e+02 4.387e+01
|    ( - 1.784e+02 1 0)
|    ( QUESTION0_1_R 1 -1.020e+04 1.530e+02 4.287e+01
|        ( SILENCE -1 -9.778e+02 4.826e+02 5.000e+00
|            ( - -7.371e+02 1 0)
|            ( - 2.419e+02 1 0))
|        ( SILENCE -1 -9.068e+03 1.182e+02 3.787e+01
|            ( - -8.261e+02 1 0)
|            ( QUESTION0 -1 -8.124e+03 1.097e+02 3.387e+01
|                ( - -5.578e+03 3 0)
|                ( - -2.436e+03 3 0)))))
s>    ( QUESTION1 -1 -1.049e+04 4.718e+02 4.387e+01
s>        ( - 1.784e+02 1 0)
s>        ( QUESTION0_1_R 1 -1.020e+04 1.530e+02 4.287e+01
s>            ( SILENCE -1 -9.778e+02 4.826e+02 5.000e+00
s>                ( - -7.371e+02 1 0)
s>                ( - 2.419e+02 1 0))
s>            ( SILENCE -1 -9.068e+03 1.182e+02 3.787e+01
s>                ( - -8.261e+02 1 0)
s>                ( QUESTION0 -1 -8.124e+03 1.097e+02 3.387e+01
s>                    ( - -5.578e+03 3 0)
s>                    ( - -2.436e+03 3 0)))))INFO: dtree.c(1478): Final simple tree
|( QUESTION19 -1 -8.261e+04 4.600e+02 4.133e+02
|    ( - -1.007e+04 1 0)
|    ( QUESTION8 -1 -7.208e+04 3.530e+02 3.605e+02
|        ( - -6.193e+03 1 0)
|        ( QUESTION2_3_L -1 -6.553e+04 3.156e+02 3.265e+02
|            ( - -4.301e+03 1 0)
|            ( QUESTION2_0_L -1 -6.091e+04 2.259e+02 3.035e+02
|                ( QUESTION4 -1 -5.186e+04 1.735e+02 2.594e+02
|                    ( - -4.861e+03 1 0)
|                    ( QUESTION6 -1 -4.683e+04 1.414e+02 2.334e+02
|                        ( - -1.523e+03 1 0)
|                        ( QUESTION0_1_R 1 -4.516e+04 1.383e+02 2.254e+02
|                            ( - -1.994e+03 1 0)
|                            ( - -4.303e+04 1 0))))
|                ( - -8.825e+03 1 0)))))
s>    ( QUESTION19 -1 -8.261e+04 4.600e+02 4.133e+02
s>        ( - -1.007e+04 1 0)
s>        ( QUESTION8 -1 -7.208e+04 3.530e+02 3.605e+02
s>            ( - -6.193e+03 1 0)
s>            ( QUESTION2_3_L -1 -6.553e+04 3.156e+02 3.265e+02
s>                ( - -4.301e+03 1 0)
s>                ( QUESTION2_0_L -1 -6.091e+04 2.259e+02 3.035e+02
s>                    ( QUESTION4 -1 -5.186e+04 1.735e+02 2.594e+02
s>                        ( - -4.861e+03 1 0)
s>                        ( QUESTION6 -1 -4.683e+04 1.414e+02 2.334e+02
s>                            ( - -1.523e+03 1 0)
s>                            ( QUESTION0_1_R 1 -4.516e+04 1.383e+02 2.254e+02
s>                                ( - -1.994e+03 1 0)
s>                                ( - -4.303e+04 1 0))))
s>                    ( - -8.825e+03 1 0)))))INFO: dtree.c(1315): Comp split 1
INFO: dtree.c(1439): stop. leaf nodes are specific
INFO: dtree.c(1478): Final simple tree
|( QUESTION2_3_L -1 -6.553e+04 3.156e+02 3.265e+02
|    ( - -4.301e+03 1 0)
|    ( QUESTION2_0_L -1 -6.091e+04 2.259e+02 3.035e+02
|        ( QUESTION4 -1 -5.186e+04 1.735e+02 2.594e+02
|            ( - -4.861e+03 1 0)
|            ( QUESTION6 -1 -4.683e+04 1.414e+02 2.334e+02
|                ( - -1.523e+03 1 0)
|                ( QUESTION0_1_R 1 -4.516e+04 1.383e+02 2.254e+02
|                    ( - -1.994e+03 1 0)
|                    ( - -4.303e+04 1 0))))
|        ( - -8.825e+03 1 0)))
s>    ( QUESTION2_3_L -1 -6.553e+04 3.156e+02 3.265e+02
s>        ( - -4.301e+03 1 0)
s>        ( QUESTION2_0_L -1 -6.091e+04 2.259e+02 3.035e+02
s>            ( QUESTION4 -1 -5.186e+04 1.735e+02 2.594e+02
s>                ( - -4.861e+03 1 0)
s>                ( QUESTION6 -1 -4.683e+04 1.414e+02 2.334e+02
s>                    ( - -1.523e+03 1 0)
s>                    ( QUESTION0_1_R 1 -4.516e+04 1.383e+02 2.254e+02
s>                        ( - -1.994e+03 1 0)
s>                        ( - -4.303e+04 1 0))))
s>            ( - -8.825e+03 1 0)))INFO: dtree.c(1439): stop. leaf nodes are specific
INFO: dtree.c(1478): Final simple tree
|( QUESTION6 -1 -1.653e+04 2.608e+02 8.688e+01
|    ( - -6.193e+03 1 0)
|    ( - -1.007e+04 1 0))
s>    ( QUESTION6 -1 -1.653e+04 2.608e+02 8.688e+01
s>        ( - -6.193e+03 1 0)
s>        ( - -1.007e+04 1 0))INFO: dtree.c(1315): Comp split 2
INFO: dtree.c(1439): stop. leaf nodes are specific
INFO: dtree.c(1478): Final simple tree
|( QUESTION0_1_R 1 -1.020e+04 1.530e+02 4.287e+01
|    ( SILENCE -1 -9.778e+02 4.826e+02 5.000e+00
|        ( - -7.371e+02 1 0)
|        ( - 2.419e+02 1 0))
|    ( SILENCE -1 -9.068e+03 1.182e+02 3.787e+01
|        ( - -8.261e+02 1 0)
|        ( QUESTION0 -1 -8.124e+03 1.097e+02 3.387e+01
|            ( - -5.578e+03 3 0)
|            ( - -2.436e+03 3 0))))
s>    ( QUESTION0_1_R 1 -1.020e+04 1.530e+02 4.287e+01
s>        ( SILENCE -1 -9.778e+02 4.826e+02 5.000e+00
s>            ( - -7.371e+02 1 0)
s>            ( - 2.419e+02 1 0))
s>        ( SILENCE -1 -9.068e+03 1.182e+02 3.787e+01
s>            ( - -8.261e+02 1 0)
s>            ( QUESTION0 -1 -8.124e+03 1.097e+02 3.387e+01
s>                ( - -5.578e+03 3 0)
s>                ( - -2.436e+03 3 0))))INFO: dtree.c(1315): Comp split 3
INFO: dtree.c(1439): stop. leaf nodes are specific
INFO: dtree.c(1478): Final simple tree
|( QUESTION0_1_R 1 -9.974e+03 1.690e+02 4.187e+01
|    ( - -7.371e+02 1 0)
|    ( SILENCE -1 -9.068e+03 1.182e+02 3.787e+01
|        ( - -8.261e+02 1 0)
|        ( QUESTION0 -1 -8.124e+03 1.097e+02 3.387e+01
|            ( - -5.578e+03 3 0)
|            ( - -2.436e+03 3 0))))
s>    ( QUESTION0_1_R 1 -9.974e+03 1.690e+02 4.187e+01
s>        ( - -7.371e+02 1 0)
s>        ( SILENCE -1 -9.068e+03 1.182e+02 3.787e+01
s>            ( - -8.261e+02 1 0)
s>            ( QUESTION0 -1 -8.124e+03 1.097e+02 3.387e+01
s>                ( - -5.578e+03 3 0)
s>                ( - -2.436e+03 3 0))))INFO: dtree.c(1315): Comp split 4
INFO: dtree.c(1439): stop. leaf nodes are specific
INFO: dtree.c(1478): Final simple tree
|( QUESTION2_0_L -1 -6.091e+04 2.259e+02 3.035e+02
|    ( QUESTION4 -1 -5.186e+04 1.735e+02 2.594e+02
|        ( - -4.861e+03 1 0)
|        ( QUESTION6 -1 -4.683e+04 1.414e+02 2.334e+02
|            ( - -1.523e+03 1 0)
|            ( QUESTION0_1_R 1 -4.516e+04 1.383e+02 2.254e+02
|                ( - -1.994e+03 1 0)
|                ( - -4.303e+04 1 0))))
|    ( - -8.825e+03 1 0))
s>    ( QUESTION2_0_L -1 -6.091e+04 2.259e+02 3.035e+02
s>        ( QUESTION4 -1 -5.186e+04 1.735e+02 2.594e+02
s>            ( - -4.861e+03 1 0)
s>            ( QUESTION6 -1 -4.683e+04 1.414e+02 2.334e+02
s>                ( - -1.523e+03 1 0)
s>                ( QUESTION0_1_R 1 -4.516e+04 1.383e+02 2.254e+02
s>                    ( - -1.994e+03 1 0)
s>                    ( - -4.303e+04 1 0))))
s>        ( - -8.825e+03 1 0))INFO: dtree.c(1315): Comp split 5
INFO: dtree.c(1315): Comp split 6
INFO: dtree.c(1439): stop. leaf nodes are specific
INFO: dtree.c(1478): Final simple tree
|( QUESTION4 -1 -5.020e+04 1.717e+02 2.514e+02
|    ( - -4.861e+03 1 0)
|    ( QUESTION0_1_R 1 -4.516e+04 1.383e+02 2.254e+02
|        ( - -1.994e+03 1 0)
|        ( - -4.303e+04 1 0)))
s>    ( QUESTION4 -1 -5.020e+04 1.717e+02 2.514e+02
s>        ( - -4.861e+03 1 0)
s>        ( QUESTION0_1_R 1 -4.516e+04 1.383e+02 2.254e+02
s>            ( - -1.994e+03 1 0)
s>            ( - -4.303e+04 1 0)))INFO: dtree.c(1439): stop. leaf nodes are specific
INFO: dtree.c(1478): Final simple tree
|( QUESTION0_1_R 1 -1.048e+04 1.339e+02 5.202e+01
|    ( - -8.825e+03 1 0)
|    ( - -1.523e+03 1 0))
s>    ( QUESTION0_1_R 1 -1.048e+04 1.339e+02 5.202e+01
s>        ( - -8.825e+03 1 0)
s>        ( - -1.523e+03 1 0))INFO: dtree.c(1315): Comp split 7
INFO: dtree.c(1439): stop. leaf nodes are specific
INFO: dtree.c(1478): Final simple tree
|( QUESTION0_1_R 1 -4.516e+04 1.383e+02 2.254e+02
|    ( - -1.994e+03 1 0)
|    ( - -4.303e+04 1 0))
s>    ( QUESTION0_1_R 1 -4.516e+04 1.383e+02 2.254e+02
s>        ( - -1.994e+03 1 0)
s>        ( - -4.303e+04 1 0))INFO: dtree.c(1315): Comp split 8
INFO: dtree.c(1439): stop. leaf nodes are specific
INFO: dtree.c(1478): Final simple tree
|( SILENCE -1 -9.068e+03 1.182e+02 3.787e+01
|    ( - -8.261e+02 1 0)
|    ( QUESTION0 -1 -8.124e+03 1.097e+02 3.387e+01
|        ( - -5.578e+03 3 0)
|        ( - -2.436e+03 3 0)))
s>    ( SILENCE -1 -9.068e+03 1.182e+02 3.787e+01
s>        ( - -8.261e+02 1 0)
s>        ( QUESTION0 -1 -8.124e+03 1.097e+02 3.387e+01
s>            ( - -5.578e+03 3 0)
s>            ( - -2.436e+03 3 0)))INFO: dtree.c(1315): Comp split 9
INFO: dtree.c(1315): Comp split 10
INFO: dtree.c(1315): Comp split 11
INFO: dtree.c(1439): stop. leaf nodes are specific
INFO: dtree.c(1478): Final simple tree
|( QUESTION0 -1 -8.124e+03 1.097e+02 3.387e+01
|    ( - -5.578e+03 3 0)
|    ( - -2.436e+03 3 0))
s>    ( QUESTION0 -1 -8.124e+03 1.097e+02 3.387e+01
s>        ( - -5.578e+03 3 0)
s>        ( - -2.436e+03 3 0))INFO: dtree.c(1315): Comp split 12
INFO: dtree.c(1315): Comp split 13
INFO: dtree.c(1318): stop. leaf nodes are specific
Mon Jan 30 07:35:45 2017
