Current configuration:
[NAME]		[DEFLT]	[VALUE]
-allphones	no	no
-cntthresh	0.00001	1.000000e-05
-csplitmax	100	2000
-csplitmin	1	1
-csplitthr	8e-4	0.000000e+00
-example	no	no
-fullvar	no	no
-help		no	no
-meanfn			/Users/benroye/forge/cmusphinx/voiceVim/model_parameters/voiceVim.cd_cont_untied/means
-mixwfn			/Users/benroye/forge/cmusphinx/voiceVim/model_parameters/voiceVim.cd_cont_untied/mixture_weights
-moddeffn		/Users/benroye/forge/cmusphinx/voiceVim/model_architecture/voiceVim.untied.mdef
-mwfloor	1e-4	1.000000e-08
-phone			ay
-psetfn			/Users/benroye/forge/cmusphinx/voiceVim/model_architecture/voiceVim.tree_questions
-ssplitmax	5	7
-ssplitmin	1	1
-ssplitthr	8e-4	0.000000e+00
-state			1
-stwt			1.0,0.05,0.0,
-treefn			/Users/benroye/forge/cmusphinx/voiceVim/trees/voiceVim.unpruned/ay-1.dtree
-ts2cbfn	.semi.	.cont.
-varfloor	0.00001	1.000000e-05
-varfn			/Users/benroye/forge/cmusphinx/voiceVim/model_parameters/voiceVim.cd_cont_untied/variances

INFO: main.c(223): Reading: /Users/benroye/forge/cmusphinx/voiceVim/model_architecture/voiceVim.untied.mdef
INFO: model_def_io.c(573): Model definition info:
INFO: model_def_io.c(574): 2249 total models defined (39 base, 2210 tri)
INFO: model_def_io.c(575): 8996 total states
INFO: model_def_io.c(576): 6747 total tied states
INFO: model_def_io.c(577): 117 total tied CI states
INFO: model_def_io.c(578): 39 total tied transition matrices
INFO: model_def_io.c(579): 4 max state/model
INFO: model_def_io.c(580): 4 min state/model
INFO: main.c(242): Building trees for [ay SIL ch b] through [ay y ng i]
INFO: main.c(269): Covering states |[303 401]| == 99
INFO: main.c(275): Reading: /Users/benroye/forge/cmusphinx/voiceVim/model_parameters/voiceVim.cd_cont_untied/mixture_weights
INFO: s3mixw_io.c(173): Read /Users/benroye/forge/cmusphinx/voiceVim/model_parameters/voiceVim.cd_cont_untied/mixture_weights [99x1x1 array]
INFO: main.c(311): 33 of 33 models have observation count greater than 0.000010
INFO: main.c(95): nrm stwt: 0.045 0.909 0.045 
INFO: s3gau_io.c(169): Read /Users/benroye/forge/cmusphinx/voiceVim/model_parameters/voiceVim.cd_cont_untied/means [6747x1x1 array]
INFO: s3gau_io.c(169): Read /Users/benroye/forge/cmusphinx/voiceVim/model_parameters/voiceVim.cd_cont_untied/variances [6747x1x1 array]
INFO: main.c(549): Reading: /Users/benroye/forge/cmusphinx/voiceVim/model_architecture/voiceVim.tree_questions
INFO: main.c(588): 174 total simple questions (166 phone; 8 word bndry)
INFO: main.c(590): 40 Left Only questions, and 42 Right Only questions
INFO: dtree.c(1478): Final simple tree
|( QUESTION0_0_R 1 -1.018e+06 7.196e+03 5.152e+03
|    ( QUESTION0_10_R 1 -9.280e+05 2.860e+03 4.762e+03
|        ( QUESTION0 -1 -5.448e+05 1.058e+03 2.836e+03
|            ( - -5.065e+05 1 0)
|            ( - -3.718e+04 2 0 WDBNDRY_E 0 5.444e+02 1.838e+02))
|        ( QUESTION0_6_R 1 -3.803e+05 2.115e+03 1.927e+03
|            ( QUESTION12 1 -2.428e+05 2.229e+03 1.256e+03
|                ( - -1.073e+04 2 0 WDBNDRY_E 0 3.912e+02 4.917e+01)
|                ( - -2.298e+05 4 0 QUESTION5 -1 9.389e+02 1.207e+03))
|            ( WDBNDRY_E 0 -1.354e+05 1.147e+03 6.703e+02
|                ( - -2.760e+04 6 0 QUESTION0_9_R 1 2.672e+02 1.416e+02)
|                ( - -1.067e+05 13 0 QUESTION2_1_L -1 5.489e+02 5.288e+02))))
|    ( QUESTION18 -1 -8.252e+04 1.511e+03 3.898e+02
|        ( - -5.235e+04 1 0)
|        ( - -2.866e+04 4 0 WDBNDRY_E 0 4.727e+02 1.444e+02)))
s>    ( QUESTION0_0_R 1 -1.018e+06 7.196e+03 5.152e+03
s>        ( QUESTION0_10_R 1 -9.280e+05 2.860e+03 4.762e+03
s>            ( QUESTION0 -1 -5.448e+05 1.058e+03 2.836e+03
s>                ( - -5.065e+05 1 0)
s>                ( - -3.718e+04 2 0 WDBNDRY_E 0 5.444e+02 1.838e+02))
s>            ( QUESTION0_6_R 1 -3.803e+05 2.115e+03 1.927e+03
s>                ( QUESTION12 1 -2.428e+05 2.229e+03 1.256e+03
s>                    ( - -1.073e+04 2 0 WDBNDRY_E 0 3.912e+02 4.917e+01)
s>                    ( - -2.298e+05 4 0 QUESTION5 -1 9.389e+02 1.207e+03))
s>                ( WDBNDRY_E 0 -1.354e+05 1.147e+03 6.703e+02
s>                    ( - -2.760e+04 6 0 QUESTION0_9_R 1 2.672e+02 1.416e+02)
s>                    ( - -1.067e+05 13 0 QUESTION2_1_L -1 5.489e+02 5.288e+02))))
s>        ( QUESTION18 -1 -8.252e+04 1.511e+03 3.898e+02
s>            ( - -5.235e+04 1 0)
s>            ( - -2.866e+04 4 0 WDBNDRY_E 0 4.727e+02 1.444e+02)))INFO: dtree.c(1315): Comp split 0
INFO: dtree.c(1439): stop. leaf nodes are specific
INFO: dtree.c(1478): Final simple tree
|( QUESTION19 -1 -9.471e+04 1.524e+03 4.390e+02
|    ( - -8.670e+03 1 0)
|    ( QUESTION18 -1 -8.451e+04 1.575e+03 3.998e+02
|        ( - -5.235e+04 1 0)
|        ( WDBNDRY_E 0 -3.059e+04 5.014e+02 1.544e+02
|            ( QUESTION0_20_R 1 -1.655e+04 3.757e+02 8.450e+01
|                ( - -9.371e+03 1 0)
|                ( SILENCE 1 -6.799e+03 2.280e+02 3.497e+01
|                    ( - -4.899e+03 1 0)
|                    ( - -1.672e+03 1 0)))
|            ( QUESTION11 -1 -1.354e+04 3.814e+02 6.989e+01
|                ( - -7.740e+03 1 0)
|                ( - -5.418e+03 1 0)))))
s>    ( QUESTION19 -1 -9.471e+04 1.524e+03 4.390e+02
s>        ( - -8.670e+03 1 0)
s>        ( QUESTION18 -1 -8.451e+04 1.575e+03 3.998e+02
s>            ( - -5.235e+04 1 0)
s>            ( WDBNDRY_E 0 -3.059e+04 5.014e+02 1.544e+02
s>                ( QUESTION0_20_R 1 -1.655e+04 3.757e+02 8.450e+01
s>                    ( - -9.371e+03 1 0)
s>                    ( SILENCE 1 -6.799e+03 2.280e+02 3.497e+01
s>                        ( - -4.899e+03 1 0)
s>                        ( - -1.672e+03 1 0)))
s>                ( QUESTION11 -1 -1.354e+04 3.814e+02 6.989e+01
s>                    ( - -7.740e+03 1 0)
s>                    ( - -5.418e+03 1 0)))))INFO: dtree.c(1478): Final simple tree
|( QUESTION0_10_R 1 -9.153e+05 2.715e+03 4.713e+03
|    ( QUESTION0 -1 -5.448e+05 1.058e+03 2.836e+03
|        ( - -5.065e+05 1 0)
|        ( - -3.718e+04 2 0 WDBNDRY_E 0 5.444e+02 1.838e+02))
|    ( QUESTION0_6_R 1 -3.678e+05 2.515e+03 1.877e+03
|        ( QUESTION5 -1 -2.298e+05 9.389e+02 1.207e+03
|            ( - -1.446e+05 1 0)
|            ( - -8.432e+04 3 0 WDBNDRY_E 0 4.915e+02 4.491e+02))
|        ( WDBNDRY_E 0 -1.354e+05 1.147e+03 6.703e+02
|            ( - -2.760e+04 6 0 QUESTION0_9_R 1 2.672e+02 1.416e+02)
|            ( QUESTION2_1_L -1 -1.067e+05 5.489e+02 5.288e+02
|                ( - -5.839e+04 6 0 WDBNDRY_B 0 3.602e+02 2.961e+02)
|                ( WDBNDRY_B 0 -4.775e+04 5.640e+02 2.327e+02
|                    ( - -1.714e+04 4 0 QUESTION2_19_L -1 3.773e+02 8.625e+01)
|                    ( - -3.005e+04 3 0 QUESTION2_10_L -1 3.481e+02 1.464e+02))))))
s>    ( QUESTION0_10_R 1 -9.153e+05 2.715e+03 4.713e+03
s>        ( QUESTION0 -1 -5.448e+05 1.058e+03 2.836e+03
s>            ( - -5.065e+05 1 0)
s>            ( - -3.718e+04 2 0 WDBNDRY_E 0 5.444e+02 1.838e+02))
s>        ( QUESTION0_6_R 1 -3.678e+05 2.515e+03 1.877e+03
s>            ( QUESTION5 -1 -2.298e+05 9.389e+02 1.207e+03
s>                ( - -1.446e+05 1 0)
s>                ( - -8.432e+04 3 0 WDBNDRY_E 0 4.915e+02 4.491e+02))
s>            ( WDBNDRY_E 0 -1.354e+05 1.147e+03 6.703e+02
s>                ( - -2.760e+04 6 0 QUESTION0_9_R 1 2.672e+02 1.416e+02)
s>                ( QUESTION2_1_L -1 -1.067e+05 5.489e+02 5.288e+02
s>                    ( - -5.839e+04 6 0 WDBNDRY_B 0 3.602e+02 2.961e+02)
s>                    ( WDBNDRY_B 0 -4.775e+04 5.640e+02 2.327e+02
s>                        ( - -1.714e+04 4 0 QUESTION2_19_L -1 3.773e+02 8.625e+01)
s>                        ( - -3.005e+04 3 0 QUESTION2_10_L -1 3.481e+02 1.464e+02))))))INFO: dtree.c(1315): Comp split 1
INFO: dtree.c(1478): Final simple tree
|( QUESTION0_6_R 1 -3.080e+05 2.237e+03 1.589e+03
|    ( QUESTION5 -1 -2.298e+05 9.389e+02 1.207e+03
|        ( - -1.446e+05 1 0)
|        ( WDBNDRY_E 0 -8.432e+04 4.915e+02 4.491e+02
|            ( - -7.682e+03 2 0 QUESTION0 1 1.333e+02 4.199e+01)
|            ( - -7.615e+04 1 0)))
|    ( QUESTION2_19_L -1 -7.590e+04 4.956e+02 3.823e+02
|        ( - -9.416e+03 1 0)
|        ( WDBNDRY_B 0 -6.599e+04 3.775e+02 3.341e+02
|            ( QUESTION0_1_R 1 -1.858e+04 3.536e+02 9.202e+01
|                ( QUESTION4 -1 -1.327e+04 2.533e+02 6.804e+01
|                    ( - -2.717e+03 1 0)
|                    ( - -1.030e+04 3 0 QUESTION3 -1 2.112e+02 5.204e+01))
|                ( - -4.955e+03 4 0 SILENCE -1 1.877e+02 2.398e+01))
|            ( - -4.703e+04 1 0))))
s>    ( QUESTION0_6_R 1 -3.080e+05 2.237e+03 1.589e+03
s>        ( QUESTION5 -1 -2.298e+05 9.389e+02 1.207e+03
s>            ( - -1.446e+05 1 0)
s>            ( WDBNDRY_E 0 -8.432e+04 4.915e+02 4.491e+02
s>                ( - -7.682e+03 2 0 QUESTION0 1 1.333e+02 4.199e+01)
s>                ( - -7.615e+04 1 0)))
s>        ( QUESTION2_19_L -1 -7.590e+04 4.956e+02 3.823e+02
s>            ( - -9.416e+03 1 0)
s>            ( WDBNDRY_B 0 -6.599e+04 3.775e+02 3.341e+02
s>                ( QUESTION0_1_R 1 -1.858e+04 3.536e+02 9.202e+01
s>                    ( QUESTION4 -1 -1.327e+04 2.533e+02 6.804e+01
s>                        ( - -2.717e+03 1 0)
s>                        ( - -1.030e+04 3 0 QUESTION3 -1 2.112e+02 5.204e+01))
s>                    ( - -4.955e+03 4 0 SILENCE -1 1.877e+02 2.398e+01))
s>                ( - -4.703e+04 1 0))))INFO: dtree.c(1478): Final simple tree
|( QUESTION0 -1 -6.040e+05 1.578e+03 3.124e+03
|    ( - -5.065e+05 1 0)
|    ( QUESTION2_10_L -1 -9.595e+04 1.046e+03 4.718e+02
|        ( WDBNDRY_E 0 -5.249e+04 3.386e+02 2.654e+02
|            ( QUESTION0_11_R 1 -4.890e+04 2.731e+02 2.464e+02
|                ( - -1.073e+04 2 0 QUESTION0_12_R 1 2.152e+02 5.575e+01)
|                ( QUESTION11 1 -3.790e+04 2.442e+02 1.907e+02
|                    ( - -3.931e+03 1 0)
|                    ( - -3.372e+04 4 0 QUESTION0_8_R 1 2.156e+02 1.680e+02)))
|            ( - -3.255e+03 1 0))
|        ( QUESTION0_1_R 1 -4.241e+04 4.386e+02 2.064e+02
|            ( QUESTION0_5_R 1 -2.645e+04 2.848e+02 1.274e+02
|                ( - -1.337e+04 1 0)
|                ( - -1.279e+04 1 0))
|            ( - -1.552e+04 1 0))))
s>    ( QUESTION0 -1 -6.040e+05 1.578e+03 3.124e+03
s>        ( - -5.065e+05 1 0)
s>        ( QUESTION2_10_L -1 -9.595e+04 1.046e+03 4.718e+02
s>            ( WDBNDRY_E 0 -5.249e+04 3.386e+02 2.654e+02
s>                ( QUESTION0_11_R 1 -4.890e+04 2.731e+02 2.464e+02
s>                    ( - -1.073e+04 2 0 QUESTION0_12_R 1 2.152e+02 5.575e+01)
s>                    ( QUESTION11 1 -3.790e+04 2.442e+02 1.907e+02
s>                        ( - -3.931e+03 1 0)
s>                        ( - -3.372e+04 4 0 QUESTION0_8_R 1 2.156e+02 1.680e+02)))
s>                ( - -3.255e+03 1 0))
s>            ( QUESTION0_1_R 1 -4.241e+04 4.386e+02 2.064e+02
s>                ( QUESTION0_5_R 1 -2.645e+04 2.848e+02 1.274e+02
s>                    ( - -1.337e+04 1 0)
s>                    ( - -1.279e+04 1 0))
s>                ( - -1.552e+04 1 0))))INFO: dtree.c(1315): Comp split 2
INFO: dtree.c(1478): Final simple tree
|( WDBNDRY_B 0 -6.599e+04 3.775e+02 3.341e+02
|    ( QUESTION0_1_R 1 -1.858e+04 3.536e+02 9.202e+01
|        ( QUESTION4 -1 -1.327e+04 2.533e+02 6.804e+01
|            ( - -2.717e+03 1 0)
|            ( QUESTION3 -1 -1.030e+04 2.112e+02 5.204e+01
|                ( - -1.986e+03 1 0)
|                ( SILENCE -1 -8.106e+03 1.773e+02 4.104e+01
|                    ( - -3.434e+03 1 0)
|                    ( - -4.495e+03 1 0))))
|        ( SILENCE -1 -4.955e+03 1.877e+02 2.398e+01
|            ( - -7.086e+02 1 0)
|            ( QUESTION0 -1 -4.059e+03 1.670e+02 1.998e+01
|                ( - -3.021e+03 1 0)
|                ( - -8.706e+02 2 0 QUESTION19 -1 1.779e+02 4.000e+00))))
|    ( - -4.703e+04 1 0))
s>    ( WDBNDRY_B 0 -6.599e+04 3.775e+02 3.341e+02
s>        ( QUESTION0_1_R 1 -1.858e+04 3.536e+02 9.202e+01
s>            ( QUESTION4 -1 -1.327e+04 2.533e+02 6.804e+01
s>                ( - -2.717e+03 1 0)
s>                ( QUESTION3 -1 -1.030e+04 2.112e+02 5.204e+01
s>                    ( - -1.986e+03 1 0)
s>                    ( SILENCE -1 -8.106e+03 1.773e+02 4.104e+01
s>                        ( - -3.434e+03 1 0)
s>                        ( - -4.495e+03 1 0))))
s>            ( SILENCE -1 -4.955e+03 1.877e+02 2.398e+01
s>                ( - -7.086e+02 1 0)
s>                ( QUESTION0 -1 -4.059e+03 1.670e+02 1.998e+01
s>                    ( - -3.021e+03 1 0)
s>                    ( - -8.706e+02 2 0 QUESTION19 -1 1.779e+02 4.000e+00))))
s>        ( - -4.703e+04 1 0))INFO: dtree.c(1439): stop. leaf nodes are specific
INFO: dtree.c(1478): Final simple tree
|( QUESTION5 -1 -2.397e+05 8.850e+02 1.255e+03
|    ( - -1.446e+05 1 0)
|    ( WDBNDRY_B 0 -9.427e+04 5.304e+02 4.973e+02
|        ( - -9.416e+03 1 0)
|        ( WDBNDRY_E 0 -8.432e+04 4.915e+02 4.491e+02
|            ( QUESTION0 1 -7.682e+03 1.333e+02 4.199e+01
|                ( - -4.902e+03 1 0)
|                ( - -2.646e+03 1 0))
|            ( - -7.615e+04 1 0))))
s>    ( QUESTION5 -1 -2.397e+05 8.850e+02 1.255e+03
s>        ( - -1.446e+05 1 0)
s>        ( WDBNDRY_B 0 -9.427e+04 5.304e+02 4.973e+02
s>            ( - -9.416e+03 1 0)
s>            ( WDBNDRY_E 0 -8.432e+04 4.915e+02 4.491e+02
s>                ( QUESTION0 1 -7.682e+03 1.333e+02 4.199e+01
s>                    ( - -4.902e+03 1 0)
s>                    ( - -2.646e+03 1 0))
s>                ( - -7.615e+04 1 0))))INFO: dtree.c(1315): Comp split 3
INFO: dtree.c(1439): stop. leaf nodes are specific
INFO: dtree.c(1478): Final simple tree
|( QUESTION18 -1 -4.052e+04 1.264e+03 1.936e+02
|    ( - -8.670e+03 1 0)
|    ( WDBNDRY_E 0 -3.059e+04 5.014e+02 1.544e+02
|        ( QUESTION0_20_R 1 -1.655e+04 3.757e+02 8.450e+01
|            ( - -9.371e+03 1 0)
|            ( SILENCE 1 -6.799e+03 2.280e+02 3.497e+01
|                ( - -4.899e+03 1 0)
|                ( - -1.672e+03 1 0)))
|        ( QUESTION11 -1 -1.354e+04 3.814e+02 6.989e+01
|            ( - -7.740e+03 1 0)
|            ( - -5.418e+03 1 0))))
s>    ( QUESTION18 -1 -4.052e+04 1.264e+03 1.936e+02
s>        ( - -8.670e+03 1 0)
s>        ( WDBNDRY_E 0 -3.059e+04 5.014e+02 1.544e+02
s>            ( QUESTION0_20_R 1 -1.655e+04 3.757e+02 8.450e+01
s>                ( - -9.371e+03 1 0)
s>                ( SILENCE 1 -6.799e+03 2.280e+02 3.497e+01
s>                    ( - -4.899e+03 1 0)
s>                    ( - -1.672e+03 1 0)))
s>            ( QUESTION11 -1 -1.354e+04 3.814e+02 6.989e+01
s>                ( - -7.740e+03 1 0)
s>                ( - -5.418e+03 1 0))))INFO: dtree.c(1315): Comp split 4
INFO: dtree.c(1478): Final simple tree
|( WDBNDRY_E 0 -9.236e+04 1.054e+03 4.528e+02
|    ( QUESTION0_11_R 1 -4.890e+04 2.731e+02 2.464e+02
|        ( QUESTION0_12_R 1 -1.073e+04 2.152e+02 5.575e+01
|            ( - -1.607e+03 1 0)
|            ( - -8.906e+03 1 0))
|        ( QUESTION11 1 -3.790e+04 2.442e+02 1.907e+02
|            ( - -3.931e+03 1 0)
|            ( QUESTION0_8_R 1 -3.372e+04 2.156e+02 1.680e+02
|                ( - -3.541e+03 1 0)
|                ( - -2.997e+04 3 0 QUESTION0_1_R 1 1.849e+02 1.491e+02))))
|    ( QUESTION0_1_R 1 -4.241e+04 4.386e+02 2.064e+02
|        ( QUESTION0_5_R 1 -2.645e+04 2.848e+02 1.274e+02
|            ( - -1.337e+04 1 0)
|            ( - -1.279e+04 1 0))
|        ( - -1.552e+04 1 0)))
s>    ( WDBNDRY_E 0 -9.236e+04 1.054e+03 4.528e+02
s>        ( QUESTION0_11_R 1 -4.890e+04 2.731e+02 2.464e+02
s>            ( QUESTION0_12_R 1 -1.073e+04 2.152e+02 5.575e+01
s>                ( - -1.607e+03 1 0)
s>                ( - -8.906e+03 1 0))
s>            ( QUESTION11 1 -3.790e+04 2.442e+02 1.907e+02
s>                ( - -3.931e+03 1 0)
s>                ( QUESTION0_8_R 1 -3.372e+04 2.156e+02 1.680e+02
s>                    ( - -3.541e+03 1 0)
s>                    ( - -2.997e+04 3 0 QUESTION0_1_R 1 1.849e+02 1.491e+02))))
s>        ( QUESTION0_1_R 1 -4.241e+04 4.386e+02 2.064e+02
s>            ( QUESTION0_5_R 1 -2.645e+04 2.848e+02 1.274e+02
s>                ( - -1.337e+04 1 0)
s>                ( - -1.279e+04 1 0))
s>            ( - -1.552e+04 1 0)))INFO: dtree.c(1439): stop. leaf nodes are specific
INFO: dtree.c(1478): Final simple tree
|( QUESTION0_1_R 1 -5.101e+05 3.213e+02 2.671e+03
|    ( - -3.255e+03 1 0)
|    ( - -5.065e+05 1 0))
s>    ( QUESTION0_1_R 1 -5.101e+05 3.213e+02 2.671e+03
s>        ( - -3.255e+03 1 0)
s>        ( - -5.065e+05 1 0))INFO: dtree.c(1315): Comp split 5
INFO: dtree.c(1439): stop. leaf nodes are specific
INFO: dtree.c(1478): Final simple tree
|( WDBNDRY_E 0 -3.059e+04 5.014e+02 1.544e+02
|    ( QUESTION0_20_R 1 -1.655e+04 3.757e+02 8.450e+01
|        ( - -9.371e+03 1 0)
|        ( SILENCE 1 -6.799e+03 2.280e+02 3.497e+01
|            ( - -4.899e+03 1 0)
|            ( - -1.672e+03 1 0)))
|    ( QUESTION11 -1 -1.354e+04 3.814e+02 6.989e+01
|        ( - -7.740e+03 1 0)
|        ( - -5.418e+03 1 0)))
s>    ( WDBNDRY_E 0 -3.059e+04 5.014e+02 1.544e+02
s>        ( QUESTION0_20_R 1 -1.655e+04 3.757e+02 8.450e+01
s>            ( - -9.371e+03 1 0)
s>            ( SILENCE 1 -6.799e+03 2.280e+02 3.497e+01
s>                ( - -4.899e+03 1 0)
s>                ( - -1.672e+03 1 0)))
s>        ( QUESTION11 -1 -1.354e+04 3.814e+02 6.989e+01
s>            ( - -7.740e+03 1 0)
s>            ( - -5.418e+03 1 0)))INFO: dtree.c(1315): Comp split 6
INFO: dtree.c(1439): stop. leaf nodes are specific
INFO: dtree.c(1478): Final simple tree
|( QUESTION0_11_R 1 -4.890e+04 2.731e+02 2.464e+02
|    ( QUESTION0_12_R 1 -1.073e+04 2.152e+02 5.575e+01
|        ( - -1.607e+03 1 0)
|        ( - -8.906e+03 1 0))
|    ( QUESTION11 1 -3.790e+04 2.442e+02 1.907e+02
|        ( - -3.931e+03 1 0)
|        ( QUESTION0_8_R 1 -3.372e+04 2.156e+02 1.680e+02
|            ( - -3.541e+03 1 0)
|            ( QUESTION0_1_R 1 -2.997e+04 1.849e+02 1.491e+02
|                ( QUESTION0_5_R 1 -8.661e+03 1.439e+02 4.426e+01
|                    ( - -7.383e+03 1 0)
|                    ( - -1.134e+03 1 0))
|                ( - -2.112e+04 1 0)))))
s>    ( QUESTION0_11_R 1 -4.890e+04 2.731e+02 2.464e+02
s>        ( QUESTION0_12_R 1 -1.073e+04 2.152e+02 5.575e+01
s>            ( - -1.607e+03 1 0)
s>            ( - -8.906e+03 1 0))
s>        ( QUESTION11 1 -3.790e+04 2.442e+02 1.907e+02
s>            ( - -3.931e+03 1 0)
s>            ( QUESTION0_8_R 1 -3.372e+04 2.156e+02 1.680e+02
s>                ( - -3.541e+03 1 0)
s>                ( QUESTION0_1_R 1 -2.997e+04 1.849e+02 1.491e+02
s>                    ( QUESTION0_5_R 1 -8.661e+03 1.439e+02 4.426e+01
s>                        ( - -7.383e+03 1 0)
s>                        ( - -1.134e+03 1 0))
s>                    ( - -2.112e+04 1 0)))))INFO: dtree.c(1439): stop. leaf nodes are specific
INFO: dtree.c(1478): Final simple tree
|( QUESTION0_1_R 1 -4.241e+04 4.386e+02 2.064e+02
|    ( QUESTION0_5_R 1 -2.645e+04 2.848e+02 1.274e+02
|        ( - -1.337e+04 1 0)
|        ( - -1.279e+04 1 0))
|    ( - -1.552e+04 1 0))
s>    ( QUESTION0_1_R 1 -4.241e+04 4.386e+02 2.064e+02
s>        ( QUESTION0_5_R 1 -2.645e+04 2.848e+02 1.274e+02
s>            ( - -1.337e+04 1 0)
s>            ( - -1.279e+04 1 0))
s>        ( - -1.552e+04 1 0))INFO: dtree.c(1315): Comp split 7
INFO: dtree.c(1439): stop. leaf nodes are specific
INFO: dtree.c(1478): Final simple tree
|( WDBNDRY_E 0 -8.432e+04 4.915e+02 4.491e+02
|    ( QUESTION0 1 -7.682e+03 1.333e+02 4.199e+01
|        ( - -4.902e+03 1 0)
|        ( - -2.646e+03 1 0))
|    ( - -7.615e+04 1 0))
s>    ( WDBNDRY_E 0 -8.432e+04 4.915e+02 4.491e+02
s>        ( QUESTION0 1 -7.682e+03 1.333e+02 4.199e+01
s>            ( - -4.902e+03 1 0)
s>            ( - -2.646e+03 1 0))
s>        ( - -7.615e+04 1 0))INFO: dtree.c(1439): stop. leaf nodes are specific
INFO: dtree.c(1478): Final simple tree
|( WDBNDRY_B 0 -1.545e+05 4.849e+02 8.063e+02
|    ( - -9.416e+03 1 0)
|    ( - -1.446e+05 1 0))
s>    ( WDBNDRY_B 0 -1.545e+05 4.849e+02 8.063e+02
s>        ( - -9.416e+03 1 0)
s>        ( - -1.446e+05 1 0))INFO: dtree.c(1315): Comp split 8
INFO: dtree.c(1439): stop. leaf nodes are specific
INFO: dtree.c(1478): Final simple tree
|( QUESTION0_20_R 1 -1.655e+04 3.757e+02 8.450e+01
|    ( - -9.371e+03 1 0)
|    ( SILENCE 1 -6.799e+03 2.280e+02 3.497e+01
|        ( - -4.899e+03 1 0)
|        ( - -1.672e+03 1 0)))
s>    ( QUESTION0_20_R 1 -1.655e+04 3.757e+02 8.450e+01
s>        ( - -9.371e+03 1 0)
s>        ( SILENCE 1 -6.799e+03 2.280e+02 3.497e+01
s>            ( - -4.899e+03 1 0)
s>            ( - -1.672e+03 1 0)))INFO: dtree.c(1439): stop. leaf nodes are specific
INFO: dtree.c(1478): Final simple tree
|( QUESTION11 -1 -1.354e+04 3.814e+02 6.989e+01
|    ( - -7.740e+03 1 0)
|    ( - -5.418e+03 1 0))
s>    ( QUESTION11 -1 -1.354e+04 3.814e+02 6.989e+01
s>        ( - -7.740e+03 1 0)
s>        ( - -5.418e+03 1 0))INFO: dtree.c(1315): Comp split 9
INFO: dtree.c(1439): stop. leaf nodes are specific
INFO: dtree.c(1478): Final simple tree
|( QUESTION0 1 -7.682e+03 1.333e+02 4.199e+01
|    ( - -4.902e+03 1 0)
|    ( - -2.646e+03 1 0))
s>    ( QUESTION0 1 -7.682e+03 1.333e+02 4.199e+01
s>        ( - -4.902e+03 1 0)
s>        ( - -2.646e+03 1 0))INFO: dtree.c(1315): Comp split 10
INFO: dtree.c(1315): Comp split 11
INFO: dtree.c(1439): stop. leaf nodes are specific
INFO: dtree.c(1478): Final simple tree
|( QUESTION0_5_R 1 -2.645e+04 2.848e+02 1.274e+02
|    ( - -1.337e+04 1 0)
|    ( - -1.279e+04 1 0))
s>    ( QUESTION0_5_R 1 -2.645e+04 2.848e+02 1.274e+02
s>        ( - -1.337e+04 1 0)
s>        ( - -1.279e+04 1 0))INFO: dtree.c(1315): Comp split 12
INFO: dtree.c(1315): Comp split 13
INFO: dtree.c(1439): stop. leaf nodes are specific
INFO: dtree.c(1478): Final simple tree
|( SILENCE -1 -4.955e+03 1.877e+02 2.398e+01
|    ( - -7.086e+02 1 0)
|    ( QUESTION0 -1 -4.059e+03 1.670e+02 1.998e+01
|        ( - -3.021e+03 1 0)
|        ( QUESTION19 -1 -8.706e+02 1.779e+02 4.000e+00
|            ( - -2.635e+02 1 0)
|            ( - -4.292e+02 1 0))))
s>    ( SILENCE -1 -4.955e+03 1.877e+02 2.398e+01
s>        ( - -7.086e+02 1 0)
s>        ( QUESTION0 -1 -4.059e+03 1.670e+02 1.998e+01
s>            ( - -3.021e+03 1 0)
s>            ( QUESTION19 -1 -8.706e+02 1.779e+02 4.000e+00
s>                ( - -2.635e+02 1 0)
s>                ( - -4.292e+02 1 0))))INFO: dtree.c(1439): stop. leaf nodes are specific
INFO: dtree.c(1478): Final simple tree
|( WDBNDRY_B 0 -6.066e+04 3.529e+02 3.101e+02
|    ( QUESTION4 -1 -1.327e+04 2.533e+02 6.804e+01
|        ( - -2.717e+03 1 0)
|        ( QUESTION3 -1 -1.030e+04 2.112e+02 5.204e+01
|            ( - -1.986e+03 1 0)
|            ( SILENCE -1 -8.106e+03 1.773e+02 4.104e+01
|                ( - -3.434e+03 1 0)
|                ( - -4.495e+03 1 0))))
|    ( - -4.703e+04 1 0))
s>    ( WDBNDRY_B 0 -6.066e+04 3.529e+02 3.101e+02
s>        ( QUESTION4 -1 -1.327e+04 2.533e+02 6.804e+01
s>            ( - -2.717e+03 1 0)
s>            ( QUESTION3 -1 -1.030e+04 2.112e+02 5.204e+01
s>                ( - -1.986e+03 1 0)
s>                ( SILENCE -1 -8.106e+03 1.773e+02 4.104e+01
s>                    ( - -3.434e+03 1 0)
s>                    ( - -4.495e+03 1 0))))
s>        ( - -4.703e+04 1 0))INFO: dtree.c(1315): Comp split 14
INFO: dtree.c(1439): stop. leaf nodes are specific
INFO: dtree.c(1478): Final simple tree
|( SILENCE 1 -6.799e+03 2.280e+02 3.497e+01
|    ( - -4.899e+03 1 0)
|    ( - -1.672e+03 1 0))
s>    ( SILENCE 1 -6.799e+03 2.280e+02 3.497e+01
s>        ( - -4.899e+03 1 0)
s>        ( - -1.672e+03 1 0))INFO: dtree.c(1315): Comp split 15
INFO: dtree.c(1439): stop. leaf nodes are specific
INFO: dtree.c(1478): Final simple tree
|( QUESTION4 -1 -1.327e+04 2.533e+02 6.804e+01
|    ( - -2.717e+03 1 0)
|    ( QUESTION3 -1 -1.030e+04 2.112e+02 5.204e+01
|        ( - -1.986e+03 1 0)
|        ( SILENCE -1 -8.106e+03 1.773e+02 4.104e+01
|            ( - -3.434e+03 1 0)
|            ( - -4.495e+03 1 0))))
s>    ( QUESTION4 -1 -1.327e+04 2.533e+02 6.804e+01
s>        ( - -2.717e+03 1 0)
s>        ( QUESTION3 -1 -1.030e+04 2.112e+02 5.204e+01
s>            ( - -1.986e+03 1 0)
s>            ( SILENCE -1 -8.106e+03 1.773e+02 4.104e+01
s>                ( - -3.434e+03 1 0)
s>                ( - -4.495e+03 1 0))))INFO: dtree.c(1315): Comp split 16
INFO: dtree.c(1439): stop. leaf nodes are specific
INFO: dtree.c(1478): Final simple tree
|( QUESTION0_8_R 1 -3.549e+04 2.159e+02 1.770e+02
|    ( - -3.541e+03 1 0)
|    ( QUESTION0_10_R 1 -3.174e+04 1.843e+02 1.581e+02
|        ( - -2.112e+04 1 0)
|        ( QUESTION0_1_R 1 -1.043e+04 1.630e+02 5.326e+01
|            ( QUESTION0_5_R 1 -8.661e+03 1.439e+02 4.426e+01
|                ( - -7.383e+03 1 0)
|                ( - -1.134e+03 1 0))
|            ( - -1.607e+03 1 0))))
s>    ( QUESTION0_8_R 1 -3.549e+04 2.159e+02 1.770e+02
s>        ( - -3.541e+03 1 0)
s>        ( QUESTION0_10_R 1 -3.174e+04 1.843e+02 1.581e+02
s>            ( - -2.112e+04 1 0)
s>            ( QUESTION0_1_R 1 -1.043e+04 1.630e+02 5.326e+01
s>                ( QUESTION0_5_R 1 -8.661e+03 1.439e+02 4.426e+01
s>                    ( - -7.383e+03 1 0)
s>                    ( - -1.134e+03 1 0))
s>                ( - -1.607e+03 1 0))))INFO: dtree.c(1439): stop. leaf nodes are specific
INFO: dtree.c(1478): Final simple tree
|( QUESTION0_8_R 1 -1.305e+04 2.170e+02 6.947e+01
|    ( - -3.931e+03 1 0)
|    ( - -8.906e+03 1 0))
s>    ( QUESTION0_8_R 1 -1.305e+04 2.170e+02 6.947e+01
s>        ( - -3.931e+03 1 0)
s>        ( - -8.906e+03 1 0))INFO: dtree.c(1315): Comp split 17
INFO: dtree.c(1315): Comp split 18
INFO: dtree.c(1315): Comp split 19
INFO: dtree.c(1439): stop. leaf nodes are specific
INFO: dtree.c(1478): Final simple tree
|( QUESTION3 -1 -1.030e+04 2.112e+02 5.204e+01
|    ( - -1.986e+03 1 0)
|    ( SILENCE -1 -8.106e+03 1.773e+02 4.104e+01
|        ( - -3.434e+03 1 0)
|        ( - -4.495e+03 1 0)))
s>    ( QUESTION3 -1 -1.030e+04 2.112e+02 5.204e+01
s>        ( - -1.986e+03 1 0)
s>        ( SILENCE -1 -8.106e+03 1.773e+02 4.104e+01
s>            ( - -3.434e+03 1 0)
s>            ( - -4.495e+03 1 0)))INFO: dtree.c(1315): Comp split 20
INFO: dtree.c(1315): Comp split 21
INFO: dtree.c(1315): Comp split 22
INFO: dtree.c(1439): stop. leaf nodes are specific
INFO: dtree.c(1478): Final simple tree
|( QUESTION0_10_R 1 -3.174e+04 1.843e+02 1.581e+02
|    ( - -2.112e+04 1 0)
|    ( QUESTION0_1_R 1 -1.043e+04 1.630e+02 5.326e+01
|        ( QUESTION0_5_R 1 -8.661e+03 1.439e+02 4.426e+01
|            ( - -7.383e+03 1 0)
|            ( - -1.134e+03 1 0))
|        ( - -1.607e+03 1 0)))
s>    ( QUESTION0_10_R 1 -3.174e+04 1.843e+02 1.581e+02
s>        ( - -2.112e+04 1 0)
s>        ( QUESTION0_1_R 1 -1.043e+04 1.630e+02 5.326e+01
s>            ( QUESTION0_5_R 1 -8.661e+03 1.439e+02 4.426e+01
s>                ( - -7.383e+03 1 0)
s>                ( - -1.134e+03 1 0))
s>            ( - -1.607e+03 1 0)))INFO: dtree.c(1315): Comp split 23
INFO: dtree.c(1439): stop. leaf nodes are specific
INFO: dtree.c(1478): Final simple tree
|( SILENCE -1 -8.106e+03 1.773e+02 4.104e+01
|    ( - -3.434e+03 1 0)
|    ( - -4.495e+03 1 0))
s>    ( SILENCE -1 -8.106e+03 1.773e+02 4.104e+01
s>        ( - -3.434e+03 1 0)
s>        ( - -4.495e+03 1 0))INFO: dtree.c(1315): Comp split 24
INFO: dtree.c(1439): stop. leaf nodes are specific
INFO: dtree.c(1478): Final simple tree
|( QUESTION0 -1 -4.059e+03 1.670e+02 1.998e+01
|    ( - -3.021e+03 1 0)
|    ( QUESTION19 -1 -8.706e+02 1.779e+02 4.000e+00
|        ( - -2.635e+02 1 0)
|        ( - -4.292e+02 1 0)))
s>    ( QUESTION0 -1 -4.059e+03 1.670e+02 1.998e+01
s>        ( - -3.021e+03 1 0)
s>        ( QUESTION19 -1 -8.706e+02 1.779e+02 4.000e+00
s>            ( - -2.635e+02 1 0)
s>            ( - -4.292e+02 1 0)))INFO: dtree.c(1315): Comp split 25
INFO: dtree.c(1439): stop. leaf nodes are specific
INFO: dtree.c(1478): Final simple tree
|( QUESTION0_1_R 1 -1.043e+04 1.630e+02 5.326e+01
|    ( QUESTION0_5_R 1 -8.661e+03 1.439e+02 4.426e+01
|        ( - -7.383e+03 1 0)
|        ( - -1.134e+03 1 0))
|    ( - -1.607e+03 1 0))
s>    ( QUESTION0_1_R 1 -1.043e+04 1.630e+02 5.326e+01
s>        ( QUESTION0_5_R 1 -8.661e+03 1.439e+02 4.426e+01
s>            ( - -7.383e+03 1 0)
s>            ( - -1.134e+03 1 0))
s>        ( - -1.607e+03 1 0))INFO: dtree.c(1315): Comp split 26
INFO: dtree.c(1439): stop. leaf nodes are specific
INFO: dtree.c(1478): Final simple tree
|( QUESTION0 -1 -3.451e+03 1.665e+02 1.798e+01
|    ( - -3.021e+03 1 0)
|    ( - -2.635e+02 1 0))
s>    ( QUESTION0 -1 -3.451e+03 1.665e+02 1.798e+01
s>        ( - -3.021e+03 1 0)
s>        ( - -2.635e+02 1 0))INFO: dtree.c(1315): Comp split 27
INFO: dtree.c(1315): Comp split 28
INFO: dtree.c(1315): Comp split 29
INFO: dtree.c(1439): stop. leaf nodes are specific
INFO: dtree.c(1478): Final simple tree
|( QUESTION0_5_R 1 -8.661e+03 1.439e+02 4.426e+01
|    ( - -7.383e+03 1 0)
|    ( - -1.134e+03 1 0))
s>    ( QUESTION0_5_R 1 -8.661e+03 1.439e+02 4.426e+01
s>        ( - -7.383e+03 1 0)
s>        ( - -1.134e+03 1 0))INFO: dtree.c(1315): Comp split 30
INFO: dtree.c(1315): Comp split 31
INFO: dtree.c(1315): Comp split 32
INFO: dtree.c(1318): stop. leaf nodes are specific
Mon Jan 30 07:35:45 2017
