Current configuration:
[NAME]		[DEFLT]	[VALUE]
-allphones	no	no
-cntthresh	0.00001	1.000000e-05
-csplitmax	100	2000
-csplitmin	1	1
-csplitthr	8e-4	0.000000e+00
-example	no	no
-fullvar	no	no
-help		no	no
-meanfn			/Users/benroye/forge/cmusphinx/voiceVim/model_parameters/voiceVim.cd_cont_untied/means
-mixwfn			/Users/benroye/forge/cmusphinx/voiceVim/model_parameters/voiceVim.cd_cont_untied/mixture_weights
-moddeffn		/Users/benroye/forge/cmusphinx/voiceVim/model_architecture/voiceVim.untied.mdef
-mwfloor	1e-4	1.000000e-08
-phone			oa
-psetfn			/Users/benroye/forge/cmusphinx/voiceVim/model_architecture/voiceVim.tree_questions
-ssplitmax	5	7
-ssplitmin	1	1
-ssplitthr	8e-4	0.000000e+00
-state			1
-stwt			1.0,0.05,0.0,
-treefn			/Users/benroye/forge/cmusphinx/voiceVim/trees/voiceVim.unpruned/oa-1.dtree
-ts2cbfn	.semi.	.cont.
-varfloor	0.00001	1.000000e-05
-varfn			/Users/benroye/forge/cmusphinx/voiceVim/model_parameters/voiceVim.cd_cont_untied/variances

INFO: main.c(223): Reading: /Users/benroye/forge/cmusphinx/voiceVim/model_architecture/voiceVim.untied.mdef
INFO: model_def_io.c(573): Model definition info:
INFO: model_def_io.c(574): 2249 total models defined (39 base, 2210 tri)
INFO: model_def_io.c(575): 8996 total states
INFO: model_def_io.c(576): 6747 total tied states
INFO: model_def_io.c(577): 117 total tied CI states
INFO: model_def_io.c(578): 39 total tied transition matrices
INFO: model_def_io.c(579): 4 max state/model
INFO: model_def_io.c(580): 4 min state/model
INFO: main.c(242): Building trees for [oa SIL r b] through [oa w r i]
INFO: main.c(269): Covering states |[3588 3614]| == 27
INFO: main.c(275): Reading: /Users/benroye/forge/cmusphinx/voiceVim/model_parameters/voiceVim.cd_cont_untied/mixture_weights
INFO: s3mixw_io.c(173): Read /Users/benroye/forge/cmusphinx/voiceVim/model_parameters/voiceVim.cd_cont_untied/mixture_weights [27x1x1 array]
INFO: main.c(311): 9 of 9 models have observation count greater than 0.000010
INFO: main.c(95): nrm stwt: 0.045 0.909 0.045 
INFO: s3gau_io.c(169): Read /Users/benroye/forge/cmusphinx/voiceVim/model_parameters/voiceVim.cd_cont_untied/means [6747x1x1 array]
INFO: s3gau_io.c(169): Read /Users/benroye/forge/cmusphinx/voiceVim/model_parameters/voiceVim.cd_cont_untied/variances [6747x1x1 array]
INFO: main.c(549): Reading: /Users/benroye/forge/cmusphinx/voiceVim/model_architecture/voiceVim.tree_questions
INFO: main.c(588): 174 total simple questions (166 phone; 8 word bndry)
INFO: main.c(590): 40 Left Only questions, and 42 Right Only questions
INFO: dtree.c(1478): Final simple tree
|( QUESTION0_12_R 1 -2.487e+05 3.319e+03 1.143e+03
|    ( - -3.506e+04 1 0)
|    ( QUESTION2_0_L -1 -2.103e+05 1.976e+03 9.713e+02
|        ( QUESTION2 -1 -1.144e+05 1.803e+03 5.285e+02
|            ( - -3.585e+04 1 0)
|            ( QUESTION19 -1 -7.677e+04 1.991e+03 3.533e+02
|                ( - -2.783e+04 1 0)
|                ( QUESTION18 -1 -4.694e+04 1.758e+03 2.114e+02
|                    ( - -2.436e+04 1 0)
|                    ( WDBNDRY_B 0 -2.083e+04 1.102e+03 9.478e+01
|                        ( - -8.115e+03 1 0)
|                        ( - -1.161e+04 1 0)))))
|        ( QUESTION4 -1 -9.389e+04 3.059e+02 4.428e+02
|            ( - -5.587e+03 1 0)
|            ( - -8.800e+04 2 0 WDBNDRY_B 0 1.773e+02 4.138e+02))))
s>    ( QUESTION0_12_R 1 -2.487e+05 3.319e+03 1.143e+03
s>        ( - -3.506e+04 1 0)
s>        ( QUESTION2_0_L -1 -2.103e+05 1.976e+03 9.713e+02
s>            ( QUESTION2 -1 -1.144e+05 1.803e+03 5.285e+02
s>                ( - -3.585e+04 1 0)
s>                ( QUESTION19 -1 -7.677e+04 1.991e+03 3.533e+02
s>                    ( - -2.783e+04 1 0)
s>                    ( QUESTION18 -1 -4.694e+04 1.758e+03 2.114e+02
s>                        ( - -2.436e+04 1 0)
s>                        ( WDBNDRY_B 0 -2.083e+04 1.102e+03 9.478e+01
s>                            ( - -8.115e+03 1 0)
s>                            ( - -1.161e+04 1 0)))))
s>            ( QUESTION4 -1 -9.389e+04 3.059e+02 4.428e+02
s>                ( - -5.587e+03 1 0)
s>                ( - -8.800e+04 2 0 WDBNDRY_B 0 1.773e+02 4.138e+02))))INFO: dtree.c(1315): Comp split 0
INFO: dtree.c(1439): stop. leaf nodes are specific
INFO: dtree.c(1478): Final simple tree
|( QUESTION13 -1 -3.734e+04 1.375e+03 1.744e+02
|    ( - -1.161e+04 1 0)
|    ( - -2.436e+04 1 0))
s>    ( QUESTION13 -1 -3.734e+04 1.375e+03 1.744e+02
s>        ( - -1.161e+04 1 0)
s>        ( - -2.436e+04 1 0))INFO: dtree.c(1439): stop. leaf nodes are specific
INFO: dtree.c(1478): Final simple tree
|( QUESTION0_12_R 1 -2.065e+05 3.256e+03 9.691e+02
|    ( - -3.506e+04 1 0)
|    ( QUESTION2 -1 -1.682e+05 1.406e+03 7.969e+02
|        ( - -3.585e+04 1 0)
|        ( QUESTION18 -1 -1.309e+05 7.754e+02 6.216e+02
|            ( - -2.783e+04 1 0)
|            ( WDBNDRY_B 0 -1.023e+05 2.991e+02 4.798e+02
|                ( QUESTION3 -1 -1.475e+04 2.790e+02 6.901e+01
|                    ( - -5.587e+03 1 0)
|                    ( SILENCE -1 -8.886e+03 1.957e+02 4.002e+01
|                        ( - -5.751e+02 1 0)
|                        ( - -8.115e+03 1 0)))
|                ( - -8.725e+04 1 0)))))
s>    ( QUESTION0_12_R 1 -2.065e+05 3.256e+03 9.691e+02
s>        ( - -3.506e+04 1 0)
s>        ( QUESTION2 -1 -1.682e+05 1.406e+03 7.969e+02
s>            ( - -3.585e+04 1 0)
s>            ( QUESTION18 -1 -1.309e+05 7.754e+02 6.216e+02
s>                ( - -2.783e+04 1 0)
s>                ( WDBNDRY_B 0 -1.023e+05 2.991e+02 4.798e+02
s>                    ( QUESTION3 -1 -1.475e+04 2.790e+02 6.901e+01
s>                        ( - -5.587e+03 1 0)
s>                        ( SILENCE -1 -8.886e+03 1.957e+02 4.002e+01
s>                            ( - -5.751e+02 1 0)
s>                            ( - -8.115e+03 1 0)))
s>                    ( - -8.725e+04 1 0)))))INFO: dtree.c(1315): Comp split 1
INFO: dtree.c(1439): stop. leaf nodes are specific
INFO: dtree.c(1478): Final simple tree
|( QUESTION2 -1 -1.682e+05 1.406e+03 7.969e+02
|    ( - -3.585e+04 1 0)
|    ( QUESTION18 -1 -1.309e+05 7.754e+02 6.216e+02
|        ( - -2.783e+04 1 0)
|        ( WDBNDRY_B 0 -1.023e+05 2.991e+02 4.798e+02
|            ( QUESTION3 -1 -1.475e+04 2.790e+02 6.901e+01
|                ( - -5.587e+03 1 0)
|                ( SILENCE -1 -8.886e+03 1.957e+02 4.002e+01
|                    ( - -5.751e+02 1 0)
|                    ( - -8.115e+03 1 0)))
|            ( - -8.725e+04 1 0))))
s>    ( QUESTION2 -1 -1.682e+05 1.406e+03 7.969e+02
s>        ( - -3.585e+04 1 0)
s>        ( QUESTION18 -1 -1.309e+05 7.754e+02 6.216e+02
s>            ( - -2.783e+04 1 0)
s>            ( WDBNDRY_B 0 -1.023e+05 2.991e+02 4.798e+02
s>                ( QUESTION3 -1 -1.475e+04 2.790e+02 6.901e+01
s>                    ( - -5.587e+03 1 0)
s>                    ( SILENCE -1 -8.886e+03 1.957e+02 4.002e+01
s>                        ( - -5.751e+02 1 0)
s>                        ( - -8.115e+03 1 0)))
s>                ( - -8.725e+04 1 0))))INFO: dtree.c(1315): Comp split 2
INFO: dtree.c(1439): stop. leaf nodes are specific
INFO: dtree.c(1478): Final simple tree
|( QUESTION18 -1 -1.309e+05 7.754e+02 6.216e+02
|    ( - -2.783e+04 1 0)
|    ( WDBNDRY_B 0 -1.023e+05 2.991e+02 4.798e+02
|        ( QUESTION3 -1 -1.475e+04 2.790e+02 6.901e+01
|            ( - -5.587e+03 1 0)
|            ( SILENCE -1 -8.886e+03 1.957e+02 4.002e+01
|                ( - -5.751e+02 1 0)
|                ( - -8.115e+03 1 0)))
|        ( - -8.725e+04 1 0)))
s>    ( QUESTION18 -1 -1.309e+05 7.754e+02 6.216e+02
s>        ( - -2.783e+04 1 0)
s>        ( WDBNDRY_B 0 -1.023e+05 2.991e+02 4.798e+02
s>            ( QUESTION3 -1 -1.475e+04 2.790e+02 6.901e+01
s>                ( - -5.587e+03 1 0)
s>                ( SILENCE -1 -8.886e+03 1.957e+02 4.002e+01
s>                    ( - -5.751e+02 1 0)
s>                    ( - -8.115e+03 1 0)))
s>            ( - -8.725e+04 1 0)))INFO: dtree.c(1315): Comp split 3
INFO: dtree.c(1315): Comp split 4
INFO: dtree.c(1439): stop. leaf nodes are specific
INFO: dtree.c(1478): Final simple tree
|( WDBNDRY_B 0 -1.023e+05 2.991e+02 4.798e+02
|    ( QUESTION3 -1 -1.475e+04 2.790e+02 6.901e+01
|        ( - -5.587e+03 1 0)
|        ( SILENCE -1 -8.886e+03 1.957e+02 4.002e+01
|            ( - -5.751e+02 1 0)
|            ( - -8.115e+03 1 0)))
|    ( - -8.725e+04 1 0))
s>    ( WDBNDRY_B 0 -1.023e+05 2.991e+02 4.798e+02
s>        ( QUESTION3 -1 -1.475e+04 2.790e+02 6.901e+01
s>            ( - -5.587e+03 1 0)
s>            ( SILENCE -1 -8.886e+03 1.957e+02 4.002e+01
s>                ( - -5.751e+02 1 0)
s>                ( - -8.115e+03 1 0)))
s>        ( - -8.725e+04 1 0))INFO: dtree.c(1315): Comp split 5
INFO: dtree.c(1439): stop. leaf nodes are specific
INFO: dtree.c(1478): Final simple tree
|( WDBNDRY_B 0 -8.800e+04 1.773e+02 4.138e+02
|    ( - -5.751e+02 1 0)
|    ( - -8.725e+04 1 0))
s>    ( WDBNDRY_B 0 -8.800e+04 1.773e+02 4.138e+02
s>        ( - -5.751e+02 1 0)
s>        ( - -8.725e+04 1 0))INFO: dtree.c(1439): stop. leaf nodes are specific
INFO: dtree.c(1478): Final simple tree
|( QUESTION0 -1 -1.397e+04 2.698e+02 6.601e+01
|    ( - -8.115e+03 1 0)
|    ( - -5.587e+03 1 0))
s>    ( QUESTION0 -1 -1.397e+04 2.698e+02 6.601e+01
s>        ( - -8.115e+03 1 0)
s>        ( - -5.587e+03 1 0))INFO: dtree.c(1315): Comp split 6
INFO: dtree.c(1315): Comp split 7
INFO: dtree.c(1315): Comp split 8
INFO: dtree.c(1318): stop. leaf nodes are specific
Mon Jan 30 07:35:49 2017
