Current configuration:
[NAME]		[DEFLT]	[VALUE]
-allphones	no	no
-cntthresh	0.00001	1.000000e-05
-csplitmax	100	2000
-csplitmin	1	1
-csplitthr	8e-4	0.000000e+00
-example	no	no
-fullvar	no	no
-help		no	no
-meanfn			/Users/benroye/forge/cmusphinx/voiceVim/model_parameters/voiceVim.cd_cont_untied/means
-mixwfn			/Users/benroye/forge/cmusphinx/voiceVim/model_parameters/voiceVim.cd_cont_untied/mixture_weights
-moddeffn		/Users/benroye/forge/cmusphinx/voiceVim/model_architecture/voiceVim.untied.mdef
-mwfloor	1e-4	1.000000e-08
-phone			ii
-psetfn			/Users/benroye/forge/cmusphinx/voiceVim/model_architecture/voiceVim.tree_questions
-ssplitmax	5	7
-ssplitmin	1	1
-ssplitthr	8e-4	0.000000e+00
-state			0
-stwt			1.0,0.05,0.0,
-treefn			/Users/benroye/forge/cmusphinx/voiceVim/trees/voiceVim.unpruned/ii-0.dtree
-ts2cbfn	.semi.	.cont.
-varfloor	0.00001	1.000000e-05
-varfn			/Users/benroye/forge/cmusphinx/voiceVim/model_parameters/voiceVim.cd_cont_untied/variances

INFO: main.c(223): Reading: /Users/benroye/forge/cmusphinx/voiceVim/model_architecture/voiceVim.untied.mdef
INFO: model_def_io.c(573): Model definition info:
INFO: model_def_io.c(574): 2249 total models defined (39 base, 2210 tri)
INFO: model_def_io.c(575): 8996 total states
INFO: model_def_io.c(576): 6747 total tied states
INFO: model_def_io.c(577): 117 total tied CI states
INFO: model_def_io.c(578): 39 total tied transition matrices
INFO: model_def_io.c(579): 4 max state/model
INFO: model_def_io.c(580): 4 min state/model
INFO: main.c(242): Building trees for [ii f l i] through [ii w l i]
INFO: main.c(269): Covering states |[2145 2189]| == 45
INFO: main.c(275): Reading: /Users/benroye/forge/cmusphinx/voiceVim/model_parameters/voiceVim.cd_cont_untied/mixture_weights
INFO: s3mixw_io.c(173): Read /Users/benroye/forge/cmusphinx/voiceVim/model_parameters/voiceVim.cd_cont_untied/mixture_weights [45x1x1 array]
INFO: main.c(311): 15 of 15 models have observation count greater than 0.000010
INFO: main.c(95): nrm stwt: 0.952 0.048 0.000 
INFO: s3gau_io.c(169): Read /Users/benroye/forge/cmusphinx/voiceVim/model_parameters/voiceVim.cd_cont_untied/means [6747x1x1 array]
INFO: s3gau_io.c(169): Read /Users/benroye/forge/cmusphinx/voiceVim/model_parameters/voiceVim.cd_cont_untied/variances [6747x1x1 array]
INFO: main.c(549): Reading: /Users/benroye/forge/cmusphinx/voiceVim/model_architecture/voiceVim.tree_questions
INFO: main.c(588): 174 total simple questions (166 phone; 8 word bndry)
INFO: main.c(590): 40 Left Only questions, and 42 Right Only questions
INFO: dtree.c(1478): Final simple tree
|( QUESTION0_4_R 1 -5.182e+05 6.089e+03 2.589e+03
|    ( QUESTION0_5_R 1 -1.167e+05 1.763e+03 5.595e+02
|        ( - -3.885e+04 1 0)
|        ( - -7.605e+04 1 0))
|    ( QUESTION0_2_R 1 -3.955e+05 2.676e+03 2.029e+03
|        ( QUESTION2_1_L -1 -2.389e+05 1.151e+03 1.235e+03
|            ( QUESTION1 -1 -1.293e+05 4.763e+02 6.754e+02
|                ( - -9.610e+04 1 0)
|                ( - -3.276e+04 2 0 QUESTION0 -1 3.872e+02 1.705e+02))
|            ( - -1.084e+05 3 0 QUESTION4 -1 4.069e+02 5.597e+02))
|        ( QUESTION0_10_R 1 -1.539e+05 1.698e+03 7.941e+02
|            ( - -8.794e+04 1 0)
|            ( QUESTION0_7_R 1 -6.428e+04 5.282e+02 3.309e+02
|                ( - -3.092e+04 2 0 QUESTION14 -1 3.941e+02 1.577e+02)
|                ( - -3.283e+04 4 0 WDBNDRY_E 0 4.434e+02 1.732e+02)))))
s>    ( QUESTION0_4_R 1 -5.182e+05 6.089e+03 2.589e+03
s>        ( QUESTION0_5_R 1 -1.167e+05 1.763e+03 5.595e+02
s>            ( - -3.885e+04 1 0)
s>            ( - -7.605e+04 1 0))
s>        ( QUESTION0_2_R 1 -3.955e+05 2.676e+03 2.029e+03
s>            ( QUESTION2_1_L -1 -2.389e+05 1.151e+03 1.235e+03
s>                ( QUESTION1 -1 -1.293e+05 4.763e+02 6.754e+02
s>                    ( - -9.610e+04 1 0)
s>                    ( - -3.276e+04 2 0 QUESTION0 -1 3.872e+02 1.705e+02))
s>                ( - -1.084e+05 3 0 QUESTION4 -1 4.069e+02 5.597e+02))
s>            ( QUESTION0_10_R 1 -1.539e+05 1.698e+03 7.941e+02
s>                ( - -8.794e+04 1 0)
s>                ( QUESTION0_7_R 1 -6.428e+04 5.282e+02 3.309e+02
s>                    ( - -3.092e+04 2 0 QUESTION14 -1 3.941e+02 1.577e+02)
s>                    ( - -3.283e+04 4 0 WDBNDRY_E 0 4.434e+02 1.732e+02)))))INFO: dtree.c(1315): Comp split 0
INFO: dtree.c(1478): Final simple tree
|( QUESTION0_2_R 1 -3.955e+05 2.676e+03 2.029e+03
|    ( QUESTION2_1_L -1 -2.389e+05 1.151e+03 1.235e+03
|        ( QUESTION1 -1 -1.293e+05 4.763e+02 6.754e+02
|            ( - -9.610e+04 1 0)
|            ( - -3.276e+04 2 0 QUESTION0 -1 3.872e+02 1.705e+02))
|        ( QUESTION4 -1 -1.084e+05 4.069e+02 5.597e+02
|            ( - -9.544e+04 2 0)
|            ( - -1.254e+04 1 0)))
|    ( QUESTION0_10_R 1 -1.539e+05 1.698e+03 7.941e+02
|        ( - -8.794e+04 1 0)
|        ( QUESTION0_7_R 1 -6.428e+04 5.282e+02 3.309e+02
|            ( - -3.092e+04 2 0 QUESTION14 -1 3.941e+02 1.577e+02)
|            ( WDBNDRY_E 0 -3.283e+04 4.434e+02 1.732e+02
|                ( - -1.119e+04 3 0 QUESTION0 1 2.740e+02 5.892e+01)
|                ( - -2.119e+04 1 0)))))
s>    ( QUESTION0_2_R 1 -3.955e+05 2.676e+03 2.029e+03
s>        ( QUESTION2_1_L -1 -2.389e+05 1.151e+03 1.235e+03
s>            ( QUESTION1 -1 -1.293e+05 4.763e+02 6.754e+02
s>                ( - -9.610e+04 1 0)
s>                ( - -3.276e+04 2 0 QUESTION0 -1 3.872e+02 1.705e+02))
s>            ( QUESTION4 -1 -1.084e+05 4.069e+02 5.597e+02
s>                ( - -9.544e+04 2 0)
s>                ( - -1.254e+04 1 0)))
s>        ( QUESTION0_10_R 1 -1.539e+05 1.698e+03 7.941e+02
s>            ( - -8.794e+04 1 0)
s>            ( QUESTION0_7_R 1 -6.428e+04 5.282e+02 3.309e+02
s>                ( - -3.092e+04 2 0 QUESTION14 -1 3.941e+02 1.577e+02)
s>                ( WDBNDRY_E 0 -3.283e+04 4.434e+02 1.732e+02
s>                    ( - -1.119e+04 3 0 QUESTION0 1 2.740e+02 5.892e+01)
s>                    ( - -2.119e+04 1 0)))))INFO: dtree.c(1439): stop. leaf nodes are specific
INFO: dtree.c(1478): Final simple tree
|( QUESTION0_5_R 1 -1.167e+05 1.763e+03 5.595e+02
|    ( - -3.885e+04 1 0)
|    ( - -7.605e+04 1 0))
s>    ( QUESTION0_5_R 1 -1.167e+05 1.763e+03 5.595e+02
s>        ( - -3.885e+04 1 0)
s>        ( - -7.605e+04 1 0))INFO: dtree.c(1315): Comp split 1
INFO: dtree.c(1478): Final simple tree
|( QUESTION2_1_L -1 -2.506e+05 1.110e+03 1.294e+03
|    ( QUESTION1 -1 -1.293e+05 4.763e+02 6.754e+02
|        ( - -9.610e+04 1 0)
|        ( QUESTION0 -1 -3.276e+04 3.872e+02 1.705e+02
|            ( - -2.412e+04 1 0)
|            ( - -8.256e+03 1 0)))
|    ( QUESTION4 -1 -1.201e+05 6.584e+02 6.186e+02
|        ( - -9.544e+04 2 0)
|        ( QUESTION0_3_R 1 -2.404e+04 3.864e+02 1.241e+02
|            ( QUESTION0 1 -8.071e+03 2.002e+02 4.292e+01
|                ( - -5.447e+03 1 0)
|                ( - -2.424e+03 1 0))
|            ( WDBNDRY_E 0 -1.558e+04 1.780e+02 8.114e+01
|                ( - -2.858e+03 1 0)
|                ( - -1.254e+04 1 0)))))
s>    ( QUESTION2_1_L -1 -2.506e+05 1.110e+03 1.294e+03
s>        ( QUESTION1 -1 -1.293e+05 4.763e+02 6.754e+02
s>            ( - -9.610e+04 1 0)
s>            ( QUESTION0 -1 -3.276e+04 3.872e+02 1.705e+02
s>                ( - -2.412e+04 1 0)
s>                ( - -8.256e+03 1 0)))
s>        ( QUESTION4 -1 -1.201e+05 6.584e+02 6.186e+02
s>            ( - -9.544e+04 2 0)
s>            ( QUESTION0_3_R 1 -2.404e+04 3.864e+02 1.241e+02
s>                ( QUESTION0 1 -8.071e+03 2.002e+02 4.292e+01
s>                    ( - -5.447e+03 1 0)
s>                    ( - -2.424e+03 1 0))
s>                ( WDBNDRY_E 0 -1.558e+04 1.780e+02 8.114e+01
s>                    ( - -2.858e+03 1 0)
s>                    ( - -1.254e+04 1 0)))))INFO: dtree.c(1439): stop. leaf nodes are specific
INFO: dtree.c(1478): Final simple tree
|( QUESTION0_10_R 1 -1.422e+05 1.549e+03 7.351e+02
|    ( - -8.794e+04 1 0)
|    ( QUESTION0_1_R 1 -5.271e+04 5.926e+02 2.720e+02
|        ( - -2.119e+04 1 0)
|        ( QUESTION14 -1 -3.092e+04 3.941e+02 1.577e+02
|            ( - -2.122e+04 1 0)
|            ( - -9.312e+03 1 0))))
s>    ( QUESTION0_10_R 1 -1.422e+05 1.549e+03 7.351e+02
s>        ( - -8.794e+04 1 0)
s>        ( QUESTION0_1_R 1 -5.271e+04 5.926e+02 2.720e+02
s>            ( - -2.119e+04 1 0)
s>            ( QUESTION14 -1 -3.092e+04 3.941e+02 1.577e+02
s>                ( - -2.122e+04 1 0)
s>                ( - -9.312e+03 1 0))))INFO: dtree.c(1315): Comp split 2
INFO: dtree.c(1315): Comp split 3
INFO: dtree.c(1439): stop. leaf nodes are specific
INFO: dtree.c(1478): Final simple tree
|( QUESTION0_1_R 1 -5.271e+04 5.926e+02 2.720e+02
|    ( - -2.119e+04 1 0)
|    ( QUESTION14 -1 -3.092e+04 3.941e+02 1.577e+02
|        ( - -2.122e+04 1 0)
|        ( - -9.312e+03 1 0)))
s>    ( QUESTION0_1_R 1 -5.271e+04 5.926e+02 2.720e+02
s>        ( - -2.119e+04 1 0)
s>        ( QUESTION14 -1 -3.092e+04 3.941e+02 1.577e+02
s>            ( - -2.122e+04 1 0)
s>            ( - -9.312e+03 1 0)))INFO: dtree.c(1315): Comp split 4
INFO: dtree.c(1439): stop. leaf nodes are specific
INFO: dtree.c(1478): Final simple tree
|( QUESTION1 -1 -1.324e+05 4.811e+02 6.914e+02
|    ( - -9.610e+04 1 0)
|    ( QUESTION0 -1 -3.585e+04 4.034e+02 1.865e+02
|        ( - -2.412e+04 1 0)
|        ( WDBNDRY_E 0 -1.133e+04 2.153e+02 6.087e+01
|            ( - -2.858e+03 1 0)
|            ( - -8.256e+03 1 0))))
s>    ( QUESTION1 -1 -1.324e+05 4.811e+02 6.914e+02
s>        ( - -9.610e+04 1 0)
s>        ( QUESTION0 -1 -3.585e+04 4.034e+02 1.865e+02
s>            ( - -2.412e+04 1 0)
s>            ( WDBNDRY_E 0 -1.133e+04 2.153e+02 6.087e+01
s>                ( - -2.858e+03 1 0)
s>                ( - -8.256e+03 1 0))))INFO: dtree.c(1439): stop. leaf nodes are specific
INFO: dtree.c(1478): Final simple tree
|( QUESTION4 -1 -1.170e+05 5.866e+02 6.026e+02
|    ( - -9.544e+04 2 0)
|    ( WDBNDRY_E 0 -2.099e+04 3.747e+02 1.081e+02
|        ( QUESTION0 1 -8.071e+03 2.002e+02 4.292e+01
|            ( - -5.447e+03 1 0)
|            ( - -2.424e+03 1 0))
|        ( - -1.254e+04 1 0)))
s>    ( QUESTION4 -1 -1.170e+05 5.866e+02 6.026e+02
s>        ( - -9.544e+04 2 0)
s>        ( WDBNDRY_E 0 -2.099e+04 3.747e+02 1.081e+02
s>            ( QUESTION0 1 -8.071e+03 2.002e+02 4.292e+01
s>                ( - -5.447e+03 1 0)
s>                ( - -2.424e+03 1 0))
s>            ( - -1.254e+04 1 0)))INFO: dtree.c(1315): Comp split 5
INFO: dtree.c(1439): stop. leaf nodes are specific
INFO: dtree.c(1478): Final simple tree
|( QUESTION14 -1 -3.092e+04 3.941e+02 1.577e+02
|    ( - -2.122e+04 1 0)
|    ( - -9.312e+03 1 0))
s>    ( QUESTION14 -1 -3.092e+04 3.941e+02 1.577e+02
s>        ( - -2.122e+04 1 0)
s>        ( - -9.312e+03 1 0))INFO: dtree.c(1315): Comp split 6
INFO: dtree.c(1439): stop. leaf nodes are specific
INFO: dtree.c(1478): Final simple tree
|( WDBNDRY_E 0 -2.099e+04 3.747e+02 1.081e+02
|    ( QUESTION0 1 -8.071e+03 2.002e+02 4.292e+01
|        ( - -5.447e+03 1 0)
|        ( - -2.424e+03 1 0))
|    ( - -1.254e+04 1 0))
s>    ( WDBNDRY_E 0 -2.099e+04 3.747e+02 1.081e+02
s>        ( QUESTION0 1 -8.071e+03 2.002e+02 4.292e+01
s>            ( - -5.447e+03 1 0)
s>            ( - -2.424e+03 1 0))
s>        ( - -1.254e+04 1 0))INFO: dtree.c(1315): Comp split 7
INFO: dtree.c(1439): stop. leaf nodes are specific
INFO: dtree.c(1478): Final simple tree
|( QUESTION0 -1 -3.585e+04 4.034e+02 1.865e+02
|    ( - -2.412e+04 1 0)
|    ( WDBNDRY_E 0 -1.133e+04 2.153e+02 6.087e+01
|        ( - -2.858e+03 1 0)
|        ( - -8.256e+03 1 0)))
s>    ( QUESTION0 -1 -3.585e+04 4.034e+02 1.865e+02
s>        ( - -2.412e+04 1 0)
s>        ( WDBNDRY_E 0 -1.133e+04 2.153e+02 6.087e+01
s>            ( - -2.858e+03 1 0)
s>            ( - -8.256e+03 1 0)))INFO: dtree.c(1315): Comp split 8
INFO: dtree.c(1439): stop. leaf nodes are specific
INFO: dtree.c(1478): Final simple tree
|( WDBNDRY_E 0 -1.133e+04 2.153e+02 6.087e+01
|    ( - -2.858e+03 1 0)
|    ( - -8.256e+03 1 0))
s>    ( WDBNDRY_E 0 -1.133e+04 2.153e+02 6.087e+01
s>        ( - -2.858e+03 1 0)
s>        ( - -8.256e+03 1 0))INFO: dtree.c(1315): Comp split 9
INFO: dtree.c(1315): Comp split 10
INFO: dtree.c(1439): stop. leaf nodes are specific
INFO: dtree.c(1478): Final simple tree
|( QUESTION0 1 -8.071e+03 2.002e+02 4.292e+01
|    ( - -5.447e+03 1 0)
|    ( - -2.424e+03 1 0))
s>    ( QUESTION0 1 -8.071e+03 2.002e+02 4.292e+01
s>        ( - -5.447e+03 1 0)
s>        ( - -2.424e+03 1 0))INFO: dtree.c(1315): Comp split 11
INFO: dtree.c(1315): Comp split 12
INFO: dtree.c(1315): Comp split 13
INFO: dtree.c(1318): stop. leaf nodes are specific
Mon Jan 30 07:35:46 2017
