Current configuration:
[NAME]		[DEFLT]	[VALUE]
-allphones	no	no
-cntthresh	0.00001	1.000000e-05
-csplitmax	100	2000
-csplitmin	1	1
-csplitthr	8e-4	0.000000e+00
-example	no	no
-fullvar	no	no
-help		no	no
-meanfn			/Users/benroye/forge/cmusphinx/voiceVim/model_parameters/voiceVim.cd_cont_untied/means
-mixwfn			/Users/benroye/forge/cmusphinx/voiceVim/model_parameters/voiceVim.cd_cont_untied/mixture_weights
-moddeffn		/Users/benroye/forge/cmusphinx/voiceVim/model_architecture/voiceVim.untied.mdef
-mwfloor	1e-4	1.000000e-08
-phone			ii
-psetfn			/Users/benroye/forge/cmusphinx/voiceVim/model_architecture/voiceVim.tree_questions
-ssplitmax	5	7
-ssplitmin	1	1
-ssplitthr	8e-4	0.000000e+00
-state			2
-stwt			1.0,0.05,0.0,
-treefn			/Users/benroye/forge/cmusphinx/voiceVim/trees/voiceVim.unpruned/ii-2.dtree
-ts2cbfn	.semi.	.cont.
-varfloor	0.00001	1.000000e-05
-varfn			/Users/benroye/forge/cmusphinx/voiceVim/model_parameters/voiceVim.cd_cont_untied/variances

INFO: main.c(223): Reading: /Users/benroye/forge/cmusphinx/voiceVim/model_architecture/voiceVim.untied.mdef
INFO: model_def_io.c(573): Model definition info:
INFO: model_def_io.c(574): 2249 total models defined (39 base, 2210 tri)
INFO: model_def_io.c(575): 8996 total states
INFO: model_def_io.c(576): 6747 total tied states
INFO: model_def_io.c(577): 117 total tied CI states
INFO: model_def_io.c(578): 39 total tied transition matrices
INFO: model_def_io.c(579): 4 max state/model
INFO: model_def_io.c(580): 4 min state/model
INFO: main.c(242): Building trees for [ii f l i] through [ii w l i]
INFO: main.c(269): Covering states |[2145 2189]| == 45
INFO: main.c(275): Reading: /Users/benroye/forge/cmusphinx/voiceVim/model_parameters/voiceVim.cd_cont_untied/mixture_weights
INFO: s3mixw_io.c(173): Read /Users/benroye/forge/cmusphinx/voiceVim/model_parameters/voiceVim.cd_cont_untied/mixture_weights [45x1x1 array]
INFO: main.c(311): 15 of 15 models have observation count greater than 0.000010
INFO: main.c(95): nrm stwt: 0.000 0.048 0.952 
INFO: s3gau_io.c(169): Read /Users/benroye/forge/cmusphinx/voiceVim/model_parameters/voiceVim.cd_cont_untied/means [6747x1x1 array]
INFO: s3gau_io.c(169): Read /Users/benroye/forge/cmusphinx/voiceVim/model_parameters/voiceVim.cd_cont_untied/variances [6747x1x1 array]
INFO: main.c(549): Reading: /Users/benroye/forge/cmusphinx/voiceVim/model_architecture/voiceVim.tree_questions
INFO: main.c(588): 174 total simple questions (166 phone; 8 word bndry)
INFO: main.c(590): 40 Left Only questions, and 42 Right Only questions
INFO: dtree.c(1478): Final simple tree
|( QUESTION0_4_R 1 -3.827e+05 4.185e+03 1.758e+03
|    ( QUESTION0_5_R 1 -1.717e+05 9.551e+02 8.032e+02
|        ( - -9.308e+04 1 0)
|        ( - -7.766e+04 1 0))
|    ( QUESTION0_2_R 1 -2.068e+05 2.461e+03 9.544e+02
|        ( - -1.086e+05 6 0 QUESTION0 1 4.156e+02 5.129e+02)
|        ( QUESTION0_10_R 1 -9.577e+04 2.255e+03 4.414e+02
|            ( - -4.164e+04 1 0)
|            ( QUESTION0_7_R 1 -5.187e+04 1.336e+03 2.399e+02
|                ( - -1.232e+04 2 0 QUESTION14 -1 1.480e+02 5.852e+01)
|                ( WDBNDRY_E 0 -3.821e+04 5.200e+02 1.814e+02
|                    ( QUESTION3 1 -1.563e+04 5.081e+02 7.774e+01
|                        ( - -9.454e+03 1 0)
|                        ( - -5.664e+03 2 0 SILENCE 1 2.617e+02 2.701e+01))
|                    ( - -2.207e+04 1 0))))))
s>    ( QUESTION0_4_R 1 -3.827e+05 4.185e+03 1.758e+03
s>        ( QUESTION0_5_R 1 -1.717e+05 9.551e+02 8.032e+02
s>            ( - -9.308e+04 1 0)
s>            ( - -7.766e+04 1 0))
s>        ( QUESTION0_2_R 1 -2.068e+05 2.461e+03 9.544e+02
s>            ( - -1.086e+05 6 0 QUESTION0 1 4.156e+02 5.129e+02)
s>            ( QUESTION0_10_R 1 -9.577e+04 2.255e+03 4.414e+02
s>                ( - -4.164e+04 1 0)
s>                ( QUESTION0_7_R 1 -5.187e+04 1.336e+03 2.399e+02
s>                    ( - -1.232e+04 2 0 QUESTION14 -1 1.480e+02 5.852e+01)
s>                    ( WDBNDRY_E 0 -3.821e+04 5.200e+02 1.814e+02
s>                        ( QUESTION3 1 -1.563e+04 5.081e+02 7.774e+01
s>                            ( - -9.454e+03 1 0)
s>                            ( - -5.664e+03 2 0 SILENCE 1 2.617e+02 2.701e+01))
s>                        ( - -2.207e+04 1 0))))))INFO: dtree.c(1315): Comp split 0
INFO: dtree.c(1478): Final simple tree
|( QUESTION0_2_R 1 -2.068e+05 2.461e+03 9.544e+02
|    ( QUESTION0 1 -1.086e+05 4.156e+02 5.129e+02
|        ( QUESTION4 -1 -1.042e+05 3.654e+02 4.930e+02
|            ( - -5.009e+04 2 0)
|            ( - -5.378e+04 3 0 QUESTION1 -1 2.189e+02 2.563e+02))
|        ( - -3.910e+03 1 0))
|    ( QUESTION0_10_R 1 -9.577e+04 2.255e+03 4.414e+02
|        ( - -4.164e+04 1 0)
|        ( QUESTION0_7_R 1 -5.187e+04 1.336e+03 2.399e+02
|            ( - -1.232e+04 2 0 QUESTION14 -1 1.480e+02 5.852e+01)
|            ( WDBNDRY_E 0 -3.821e+04 5.200e+02 1.814e+02
|                ( QUESTION3 1 -1.563e+04 5.081e+02 7.774e+01
|                    ( - -9.454e+03 1 0)
|                    ( - -5.664e+03 2 0 SILENCE 1 2.617e+02 2.701e+01))
|                ( - -2.207e+04 1 0)))))
s>    ( QUESTION0_2_R 1 -2.068e+05 2.461e+03 9.544e+02
s>        ( QUESTION0 1 -1.086e+05 4.156e+02 5.129e+02
s>            ( QUESTION4 -1 -1.042e+05 3.654e+02 4.930e+02
s>                ( - -5.009e+04 2 0)
s>                ( - -5.378e+04 3 0 QUESTION1 -1 2.189e+02 2.563e+02))
s>            ( - -3.910e+03 1 0))
s>        ( QUESTION0_10_R 1 -9.577e+04 2.255e+03 4.414e+02
s>            ( - -4.164e+04 1 0)
s>            ( QUESTION0_7_R 1 -5.187e+04 1.336e+03 2.399e+02
s>                ( - -1.232e+04 2 0 QUESTION14 -1 1.480e+02 5.852e+01)
s>                ( WDBNDRY_E 0 -3.821e+04 5.200e+02 1.814e+02
s>                    ( QUESTION3 1 -1.563e+04 5.081e+02 7.774e+01
s>                        ( - -9.454e+03 1 0)
s>                        ( - -5.664e+03 2 0 SILENCE 1 2.617e+02 2.701e+01))
s>                    ( - -2.207e+04 1 0)))))INFO: dtree.c(1439): stop. leaf nodes are specific
INFO: dtree.c(1478): Final simple tree
|( QUESTION0_5_R 1 -1.717e+05 9.551e+02 8.032e+02
|    ( - -9.308e+04 1 0)
|    ( - -7.766e+04 1 0))
s>    ( QUESTION0_5_R 1 -1.717e+05 9.551e+02 8.032e+02
s>        ( - -9.308e+04 1 0)
s>        ( - -7.766e+04 1 0))INFO: dtree.c(1315): Comp split 1
INFO: dtree.c(1478): Final simple tree
|( QUESTION0_7_R 1 -1.584e+05 2.273e+03 7.415e+02
|    ( - -4.164e+04 1 0)
|    ( QUESTION3 1 -1.145e+05 4.060e+02 5.399e+02
|        ( - -3.910e+03 1 0)
|        ( QUESTION2_2_L -1 -1.102e+05 3.734e+02 5.200e+02
|            ( QUESTION0_3_R 1 -5.603e+04 2.869e+02 2.637e+02
|                ( - -4.282e+03 1 0)
|                ( WDBNDRY_E 0 -5.146e+04 2.542e+02 2.427e+02
|                    ( - -1.120e+03 1 0)
|                    ( - -5.009e+04 2 0)))
|            ( QUESTION1 -1 -5.378e+04 2.189e+02 2.563e+02
|                ( - -3.786e+04 1 0)
|                ( QUESTION0 -1 -1.570e+04 1.351e+02 7.318e+01
|                    ( - -1.041e+04 1 0)
|                    ( - -5.155e+03 1 0))))))
s>    ( QUESTION0_7_R 1 -1.584e+05 2.273e+03 7.415e+02
s>        ( - -4.164e+04 1 0)
s>        ( QUESTION3 1 -1.145e+05 4.060e+02 5.399e+02
s>            ( - -3.910e+03 1 0)
s>            ( QUESTION2_2_L -1 -1.102e+05 3.734e+02 5.200e+02
s>                ( QUESTION0_3_R 1 -5.603e+04 2.869e+02 2.637e+02
s>                    ( - -4.282e+03 1 0)
s>                    ( WDBNDRY_E 0 -5.146e+04 2.542e+02 2.427e+02
s>                        ( - -1.120e+03 1 0)
s>                        ( - -5.009e+04 2 0)))
s>                ( QUESTION1 -1 -5.378e+04 2.189e+02 2.563e+02
s>                    ( - -3.786e+04 1 0)
s>                    ( QUESTION0 -1 -1.570e+04 1.351e+02 7.318e+01
s>                        ( - -1.041e+04 1 0)
s>                        ( - -5.155e+03 1 0))))))INFO: dtree.c(1439): stop. leaf nodes are specific
INFO: dtree.c(1478): Final simple tree
|( QUESTION0_1_R 1 -4.586e+04 1.295e+03 2.129e+02
|    ( WDBNDRY_E 0 -3.225e+04 7.300e+02 1.544e+02
|        ( - -9.454e+03 1 0)
|        ( - -2.207e+04 1 0))
|    ( QUESTION14 -1 -1.232e+04 1.480e+02 5.852e+01
|        ( - -1.028e+04 1 0)
|        ( - -1.888e+03 1 0)))
s>    ( QUESTION0_1_R 1 -4.586e+04 1.295e+03 2.129e+02
s>        ( WDBNDRY_E 0 -3.225e+04 7.300e+02 1.544e+02
s>            ( - -9.454e+03 1 0)
s>            ( - -2.207e+04 1 0))
s>        ( QUESTION14 -1 -1.232e+04 1.480e+02 5.852e+01
s>            ( - -1.028e+04 1 0)
s>            ( - -1.888e+03 1 0)))INFO: dtree.c(1315): Comp split 2
INFO: dtree.c(1439): stop. leaf nodes are specific
INFO: dtree.c(1478): Final simple tree
|( QUESTION3 1 -1.145e+05 4.060e+02 5.399e+02
|    ( - -3.910e+03 1 0)
|    ( QUESTION2_2_L -1 -1.102e+05 3.734e+02 5.200e+02
|        ( QUESTION0_3_R 1 -5.603e+04 2.869e+02 2.637e+02
|            ( - -4.282e+03 1 0)
|            ( WDBNDRY_E 0 -5.146e+04 2.542e+02 2.427e+02
|                ( - -1.120e+03 1 0)
|                ( - -5.009e+04 2 0)))
|        ( QUESTION1 -1 -5.378e+04 2.189e+02 2.563e+02
|            ( - -3.786e+04 1 0)
|            ( QUESTION0 -1 -1.570e+04 1.351e+02 7.318e+01
|                ( - -1.041e+04 1 0)
|                ( - -5.155e+03 1 0)))))
s>    ( QUESTION3 1 -1.145e+05 4.060e+02 5.399e+02
s>        ( - -3.910e+03 1 0)
s>        ( QUESTION2_2_L -1 -1.102e+05 3.734e+02 5.200e+02
s>            ( QUESTION0_3_R 1 -5.603e+04 2.869e+02 2.637e+02
s>                ( - -4.282e+03 1 0)
s>                ( WDBNDRY_E 0 -5.146e+04 2.542e+02 2.427e+02
s>                    ( - -1.120e+03 1 0)
s>                    ( - -5.009e+04 2 0)))
s>            ( QUESTION1 -1 -5.378e+04 2.189e+02 2.563e+02
s>                ( - -3.786e+04 1 0)
s>                ( QUESTION0 -1 -1.570e+04 1.351e+02 7.318e+01
s>                    ( - -1.041e+04 1 0)
s>                    ( - -5.155e+03 1 0)))))INFO: dtree.c(1315): Comp split 3
INFO: dtree.c(1439): stop. leaf nodes are specific
INFO: dtree.c(1478): Final simple tree
|( QUESTION14 -1 -1.232e+04 1.480e+02 5.852e+01
|    ( - -1.028e+04 1 0)
|    ( - -1.888e+03 1 0))
s>    ( QUESTION14 -1 -1.232e+04 1.480e+02 5.852e+01
s>        ( - -1.028e+04 1 0)
s>        ( - -1.888e+03 1 0))INFO: dtree.c(1439): stop. leaf nodes are specific
INFO: dtree.c(1478): Final simple tree
|( WDBNDRY_E 0 -3.225e+04 7.300e+02 1.544e+02
|    ( - -9.454e+03 1 0)
|    ( - -2.207e+04 1 0))
s>    ( WDBNDRY_E 0 -3.225e+04 7.300e+02 1.544e+02
s>        ( - -9.454e+03 1 0)
s>        ( - -2.207e+04 1 0))INFO: dtree.c(1315): Comp split 4
INFO: dtree.c(1315): Comp split 5
INFO: dtree.c(1315): Comp split 6
INFO: dtree.c(1439): stop. leaf nodes are specific
INFO: dtree.c(1478): Final simple tree
|( QUESTION4 -1 -1.056e+05 3.610e+02 4.990e+02
|    ( - -5.009e+04 2 0)
|    ( WDBNDRY_E 0 -5.515e+04 2.517e+02 2.623e+02
|        ( - -1.120e+03 1 0)
|        ( QUESTION1 -1 -5.378e+04 2.189e+02 2.563e+02
|            ( - -3.786e+04 1 0)
|            ( QUESTION0 -1 -1.570e+04 1.351e+02 7.318e+01
|                ( - -1.041e+04 1 0)
|                ( - -5.155e+03 1 0)))))
s>    ( QUESTION4 -1 -1.056e+05 3.610e+02 4.990e+02
s>        ( - -5.009e+04 2 0)
s>        ( WDBNDRY_E 0 -5.515e+04 2.517e+02 2.623e+02
s>            ( - -1.120e+03 1 0)
s>            ( QUESTION1 -1 -5.378e+04 2.189e+02 2.563e+02
s>                ( - -3.786e+04 1 0)
s>                ( QUESTION0 -1 -1.570e+04 1.351e+02 7.318e+01
s>                    ( - -1.041e+04 1 0)
s>                    ( - -5.155e+03 1 0)))))INFO: dtree.c(1439): stop. leaf nodes are specific
INFO: dtree.c(1478): Final simple tree
|( WDBNDRY_E 0 -8.454e+03 2.626e+02 4.095e+01
|    ( - -4.282e+03 1 0)
|    ( - -3.910e+03 1 0))
s>    ( WDBNDRY_E 0 -8.454e+03 2.626e+02 4.095e+01
s>        ( - -4.282e+03 1 0)
s>        ( - -3.910e+03 1 0))INFO: dtree.c(1315): Comp split 7
INFO: dtree.c(1439): stop. leaf nodes are specific
INFO: dtree.c(1478): Final simple tree
|( WDBNDRY_E 0 -5.515e+04 2.517e+02 2.623e+02
|    ( - -1.120e+03 1 0)
|    ( QUESTION1 -1 -5.378e+04 2.189e+02 2.563e+02
|        ( - -3.786e+04 1 0)
|        ( QUESTION0 -1 -1.570e+04 1.351e+02 7.318e+01
|            ( - -1.041e+04 1 0)
|            ( - -5.155e+03 1 0))))
s>    ( WDBNDRY_E 0 -5.515e+04 2.517e+02 2.623e+02
s>        ( - -1.120e+03 1 0)
s>        ( QUESTION1 -1 -5.378e+04 2.189e+02 2.563e+02
s>            ( - -3.786e+04 1 0)
s>            ( QUESTION0 -1 -1.570e+04 1.351e+02 7.318e+01
s>                ( - -1.041e+04 1 0)
s>                ( - -5.155e+03 1 0))))INFO: dtree.c(1315): Comp split 8
INFO: dtree.c(1315): Comp split 9
INFO: dtree.c(1439): stop. leaf nodes are specific
INFO: dtree.c(1478): Final simple tree
|( QUESTION1 -1 -5.378e+04 2.189e+02 2.563e+02
|    ( - -3.786e+04 1 0)
|    ( QUESTION0 -1 -1.570e+04 1.351e+02 7.318e+01
|        ( - -1.041e+04 1 0)
|        ( - -5.155e+03 1 0)))
s>    ( QUESTION1 -1 -5.378e+04 2.189e+02 2.563e+02
s>        ( - -3.786e+04 1 0)
s>        ( QUESTION0 -1 -1.570e+04 1.351e+02 7.318e+01
s>            ( - -1.041e+04 1 0)
s>            ( - -5.155e+03 1 0)))INFO: dtree.c(1315): Comp split 10
INFO: dtree.c(1439): stop. leaf nodes are specific
INFO: dtree.c(1478): Final simple tree
|( QUESTION0 -1 -1.570e+04 1.351e+02 7.318e+01
|    ( - -1.041e+04 1 0)
|    ( - -5.155e+03 1 0))
s>    ( QUESTION0 -1 -1.570e+04 1.351e+02 7.318e+01
s>        ( - -1.041e+04 1 0)
s>        ( - -5.155e+03 1 0))INFO: dtree.c(1315): Comp split 11
INFO: dtree.c(1315): Comp split 12
INFO: dtree.c(1315): Comp split 13
INFO: dtree.c(1318): stop. leaf nodes are specific
Mon Jan 30 07:35:46 2017
