Current configuration:
[NAME]		[DEFLT]	[VALUE]
-allphones	no	no
-cntthresh	0.00001	1.000000e-05
-csplitmax	100	2000
-csplitmin	1	1
-csplitthr	8e-4	0.000000e+00
-example	no	no
-fullvar	no	no
-help		no	no
-meanfn			/Users/benroye/forge/cmusphinx/voiceVim/model_parameters/voiceVim.cd_cont_untied/means
-mixwfn			/Users/benroye/forge/cmusphinx/voiceVim/model_parameters/voiceVim.cd_cont_untied/mixture_weights
-moddeffn		/Users/benroye/forge/cmusphinx/voiceVim/model_architecture/voiceVim.untied.mdef
-mwfloor	1e-4	1.000000e-08
-phone			d
-psetfn			/Users/benroye/forge/cmusphinx/voiceVim/model_architecture/voiceVim.tree_questions
-ssplitmax	5	7
-ssplitmin	1	1
-ssplitthr	8e-4	0.000000e+00
-state			2
-stwt			1.0,0.05,0.0,
-treefn			/Users/benroye/forge/cmusphinx/voiceVim/trees/voiceVim.unpruned/d-2.dtree
-ts2cbfn	.semi.	.cont.
-varfloor	0.00001	1.000000e-05
-varfn			/Users/benroye/forge/cmusphinx/voiceVim/model_parameters/voiceVim.cd_cont_untied/variances

INFO: main.c(223): Reading: /Users/benroye/forge/cmusphinx/voiceVim/model_architecture/voiceVim.untied.mdef
INFO: model_def_io.c(573): Model definition info:
INFO: model_def_io.c(574): 2249 total models defined (39 base, 2210 tri)
INFO: model_def_io.c(575): 8996 total states
INFO: model_def_io.c(576): 6747 total tied states
INFO: model_def_io.c(577): 117 total tied CI states
INFO: model_def_io.c(578): 39 total tied transition matrices
INFO: model_def_io.c(579): 4 max state/model
INFO: model_def_io.c(580): 4 min state/model
INFO: main.c(242): Building trees for [d SIL aa b] through [d z e b]
INFO: main.c(269): Covering states |[624 902]| == 279
INFO: main.c(275): Reading: /Users/benroye/forge/cmusphinx/voiceVim/model_parameters/voiceVim.cd_cont_untied/mixture_weights
INFO: s3mixw_io.c(173): Read /Users/benroye/forge/cmusphinx/voiceVim/model_parameters/voiceVim.cd_cont_untied/mixture_weights [279x1x1 array]
INFO: main.c(311): 92 of 93 models have observation count greater than 0.000010
INFO: main.c(95): nrm stwt: 0.000 0.048 0.952 
INFO: s3gau_io.c(169): Read /Users/benroye/forge/cmusphinx/voiceVim/model_parameters/voiceVim.cd_cont_untied/means [6747x1x1 array]
INFO: s3gau_io.c(169): Read /Users/benroye/forge/cmusphinx/voiceVim/model_parameters/voiceVim.cd_cont_untied/variances [6747x1x1 array]
INFO: main.c(549): Reading: /Users/benroye/forge/cmusphinx/voiceVim/model_architecture/voiceVim.tree_questions
INFO: main.c(588): 174 total simple questions (166 phone; 8 word bndry)
INFO: main.c(590): 40 Left Only questions, and 42 Right Only questions
INFO: dtree.c(1478): Final simple tree
|( WDBNDRY_I 0 -5.210e+05 3.265e+03 2.125e+03
|    ( QUESTION0 -1 -1.185e+05 1.362e+03 5.153e+02
|        ( - -9.391e+04 2 0)
|        ( - -2.323e+04 4 0 QUESTION0_0_R 1 3.065e+02 9.635e+01))
|    ( QUESTION0_20_R 1 -3.993e+05 1.834e+03 1.610e+03
|        ( WDBNDRY_B 0 -1.639e+05 6.805e+02 6.829e+02
|            ( - -1.471e+05 15 0 QUESTION2_1_L -1 2.752e+02 6.190e+02)
|            ( - -1.614e+04 3 0 QUESTION2_0_L -1 1.382e+02 6.392e+01))
|        ( WDBNDRY_B 0 -2.335e+05 1.475e+03 9.271e+02
|            ( - -1.462e+05 22 0 QUESTION2_3_L -1 2.391e+02 6.100e+02)
|            ( SILENCE 1 -8.584e+04 4.473e+02 3.172e+02
|                ( - -1.046e+04 4 0 QUESTION2_2_L -1 4.640e+02 4.708e+01)
|                ( QUESTION0 -1 -7.493e+04 4.837e+02 2.701e+02
|                    ( - -3.410e+04 20 0 QUESTION0_2_R 1 2.789e+02 1.290e+02)
|                    ( - -4.035e+04 22 0 QUESTION0_11_R 1 2.840e+02 1.411e+02))))))
s>    ( WDBNDRY_I 0 -5.210e+05 3.265e+03 2.125e+03
s>        ( QUESTION0 -1 -1.185e+05 1.362e+03 5.153e+02
s>            ( - -9.391e+04 2 0)
s>            ( - -2.323e+04 4 0 QUESTION0_0_R 1 3.065e+02 9.635e+01))
s>        ( QUESTION0_20_R 1 -3.993e+05 1.834e+03 1.610e+03
s>            ( WDBNDRY_B 0 -1.639e+05 6.805e+02 6.829e+02
s>                ( - -1.471e+05 15 0 QUESTION2_1_L -1 2.752e+02 6.190e+02)
s>                ( - -1.614e+04 3 0 QUESTION2_0_L -1 1.382e+02 6.392e+01))
s>            ( WDBNDRY_B 0 -2.335e+05 1.475e+03 9.271e+02
s>                ( - -1.462e+05 22 0 QUESTION2_3_L -1 2.391e+02 6.100e+02)
s>                ( SILENCE 1 -8.584e+04 4.473e+02 3.172e+02
s>                    ( - -1.046e+04 4 0 QUESTION2_2_L -1 4.640e+02 4.708e+01)
s>                    ( QUESTION0 -1 -7.493e+04 4.837e+02 2.701e+02
s>                        ( - -3.410e+04 20 0 QUESTION0_2_R 1 2.789e+02 1.290e+02)
s>                        ( - -4.035e+04 22 0 QUESTION0_11_R 1 2.840e+02 1.411e+02))))))INFO: dtree.c(1315): Comp split 0
INFO: dtree.c(1478): Final simple tree
|( QUESTION0_20_R 1 -4.230e+05 1.663e+03 1.706e+03
|    ( WDBNDRY_B 0 -1.705e+05 7.147e+02 7.103e+02
|        ( - -1.471e+05 15 0 QUESTION2_1_L -1 2.752e+02 6.190e+02)
|        ( - -2.266e+04 4 0 WDBNDRY_E 0 3.608e+02 9.131e+01))
|    ( WDBNDRY_E 0 -2.508e+05 1.453e+03 9.961e+02
|        ( SILENCE 1 -8.584e+04 4.473e+02 3.172e+02
|            ( QUESTION2_2_L -1 -1.046e+04 4.640e+02 4.708e+01
|                ( - 2.421e+02 1 0)
|                ( - -1.024e+04 3 0 QUESTION0 -1 1.887e+02 4.608e+01))
|            ( QUESTION0 -1 -7.493e+04 4.837e+02 2.701e+02
|                ( - -3.410e+04 20 0 QUESTION0_2_R 1 2.789e+02 1.290e+02)
|                ( - -4.035e+04 22 0 QUESTION0_11_R 1 2.840e+02 1.411e+02)))
|        ( QUESTION11 -1 -1.635e+05 5.876e+02 6.789e+02
|            ( - -1.354e+04 2 0 QUESTION0_8_R 1 1.663e+02 5.696e+01)
|            ( - -1.494e+05 23 0 QUESTION2_3_L -1 2.635e+02 6.220e+02))))
s>    ( QUESTION0_20_R 1 -4.230e+05 1.663e+03 1.706e+03
s>        ( WDBNDRY_B 0 -1.705e+05 7.147e+02 7.103e+02
s>            ( - -1.471e+05 15 0 QUESTION2_1_L -1 2.752e+02 6.190e+02)
s>            ( - -2.266e+04 4 0 WDBNDRY_E 0 3.608e+02 9.131e+01))
s>        ( WDBNDRY_E 0 -2.508e+05 1.453e+03 9.961e+02
s>            ( SILENCE 1 -8.584e+04 4.473e+02 3.172e+02
s>                ( QUESTION2_2_L -1 -1.046e+04 4.640e+02 4.708e+01
s>                    ( - 2.421e+02 1 0)
s>                    ( - -1.024e+04 3 0 QUESTION0 -1 1.887e+02 4.608e+01))
s>                ( QUESTION0 -1 -7.493e+04 4.837e+02 2.701e+02
s>                    ( - -3.410e+04 20 0 QUESTION0_2_R 1 2.789e+02 1.290e+02)
s>                    ( - -4.035e+04 22 0 QUESTION0_11_R 1 2.840e+02 1.411e+02)))
s>            ( QUESTION11 -1 -1.635e+05 5.876e+02 6.789e+02
s>                ( - -1.354e+04 2 0 QUESTION0_8_R 1 1.663e+02 5.696e+01)
s>                ( - -1.494e+05 23 0 QUESTION2_3_L -1 2.635e+02 6.220e+02))))INFO: dtree.c(1315): Comp split 1
INFO: dtree.c(1478): Final simple tree
|( WDBNDRY_E 0 -2.367e+05 1.483e+03 9.391e+02
|    ( SILENCE 1 -8.584e+04 4.473e+02 3.172e+02
|        ( QUESTION2_2_L -1 -1.046e+04 4.640e+02 4.708e+01
|            ( - 2.421e+02 1 0)
|            ( - -1.024e+04 3 0 QUESTION0 -1 1.887e+02 4.608e+01))
|        ( QUESTION0 -1 -7.493e+04 4.837e+02 2.701e+02
|            ( - -3.410e+04 20 0 QUESTION0_2_R 1 2.789e+02 1.290e+02)
|            ( QUESTION0_11_R 1 -4.035e+04 2.840e+02 1.411e+02
|                ( QUESTION13 1 -1.509e+04 2.838e+02 6.205e+01
|                    ( QUESTION2_0_L -1 -8.573e+03 4.292e+02 3.805e+01
|                        ( - 1.336e+02 1 0)
|                        ( - -8.277e+03 1 0))
|                    ( - -6.232e+03 2 0 QUESTION0_12_R 1 1.458e+02 2.401e+01))
|                ( - -2.498e+04 18 0 QUESTION0_8_R 1 2.281e+02 7.903e+01))))
|    ( - -1.494e+05 23 0 QUESTION2_3_L -1 2.635e+02 6.220e+02))
s>    ( WDBNDRY_E 0 -2.367e+05 1.483e+03 9.391e+02
s>        ( SILENCE 1 -8.584e+04 4.473e+02 3.172e+02
s>            ( QUESTION2_2_L -1 -1.046e+04 4.640e+02 4.708e+01
s>                ( - 2.421e+02 1 0)
s>                ( - -1.024e+04 3 0 QUESTION0 -1 1.887e+02 4.608e+01))
s>            ( QUESTION0 -1 -7.493e+04 4.837e+02 2.701e+02
s>                ( - -3.410e+04 20 0 QUESTION0_2_R 1 2.789e+02 1.290e+02)
s>                ( QUESTION0_11_R 1 -4.035e+04 2.840e+02 1.411e+02
s>                    ( QUESTION13 1 -1.509e+04 2.838e+02 6.205e+01
s>                        ( QUESTION2_0_L -1 -8.573e+03 4.292e+02 3.805e+01
s>                            ( - 1.336e+02 1 0)
s>                            ( - -8.277e+03 1 0))
s>                        ( - -6.232e+03 2 0 QUESTION0_12_R 1 1.458e+02 2.401e+01))
s>                    ( - -2.498e+04 18 0 QUESTION0_8_R 1 2.281e+02 7.903e+01))))
s>        ( - -1.494e+05 23 0 QUESTION2_3_L -1 2.635e+02 6.220e+02))INFO: dtree.c(1478): Final simple tree
|( WDBNDRY_B 0 -1.843e+05 7.024e+02 7.672e+02
|    ( QUESTION2_1_L -1 -1.471e+05 2.752e+02 6.190e+02
|        ( QUESTION6 -1 -9.339e+04 1.956e+02 3.990e+02
|            ( - -4.460e+03 1 0)
|            ( - -8.873e+04 5 0 QUESTION19 -1 1.121e+02 3.790e+02))
|        ( QUESTION6 -1 -5.344e+04 1.631e+02 2.199e+02
|            ( - -9.744e+03 1 0)
|            ( - -4.353e+04 8 0 QUESTION2_4_L -1 1.446e+02 1.826e+02)))
|    ( WDBNDRY_E 0 -3.655e+04 3.765e+02 1.483e+02
|        ( - -1.614e+04 3 0 QUESTION2_0_L -1 1.382e+02 6.392e+01)
|        ( QUESTION0_0_R 1 -2.003e+04 3.345e+02 8.435e+01
|            ( QUESTION0_8_R 1 -1.354e+04 1.663e+02 5.696e+01
|                ( - -1.027e+04 1 0)
|                ( - -3.107e+03 1 0))
|            ( - -6.153e+03 1 0))))
s>    ( WDBNDRY_B 0 -1.843e+05 7.024e+02 7.672e+02
s>        ( QUESTION2_1_L -1 -1.471e+05 2.752e+02 6.190e+02
s>            ( QUESTION6 -1 -9.339e+04 1.956e+02 3.990e+02
s>                ( - -4.460e+03 1 0)
s>                ( - -8.873e+04 5 0 QUESTION19 -1 1.121e+02 3.790e+02))
s>            ( QUESTION6 -1 -5.344e+04 1.631e+02 2.199e+02
s>                ( - -9.744e+03 1 0)
s>                ( - -4.353e+04 8 0 QUESTION2_4_L -1 1.446e+02 1.826e+02)))
s>        ( WDBNDRY_E 0 -3.655e+04 3.765e+02 1.483e+02
s>            ( - -1.614e+04 3 0 QUESTION2_0_L -1 1.382e+02 6.392e+01)
s>            ( QUESTION0_0_R 1 -2.003e+04 3.345e+02 8.435e+01
s>                ( QUESTION0_8_R 1 -1.354e+04 1.663e+02 5.696e+01
s>                    ( - -1.027e+04 1 0)
s>                    ( - -3.107e+03 1 0))
s>                ( - -6.153e+03 1 0))))INFO: dtree.c(1315): Comp split 2
INFO: dtree.c(1478): Final simple tree
|( SILENCE 1 -8.584e+04 4.473e+02 3.172e+02
|    ( QUESTION2_2_L -1 -1.046e+04 4.640e+02 4.708e+01
|        ( - 2.421e+02 1 0)
|        ( - -1.024e+04 3 0 QUESTION0 -1 1.887e+02 4.608e+01))
|    ( QUESTION0 -1 -7.493e+04 4.837e+02 2.701e+02
|        ( QUESTION0_2_R 1 -3.410e+04 2.789e+02 1.290e+02
|            ( - -6.290e+03 1 0)
|            ( - -2.753e+04 19 0 QUESTION0 1 2.618e+02 1.031e+02))
|        ( QUESTION0_11_R 1 -4.035e+04 2.840e+02 1.411e+02
|            ( QUESTION13 1 -1.509e+04 2.838e+02 6.205e+01
|                ( QUESTION2_0_L -1 -8.573e+03 4.292e+02 3.805e+01
|                    ( - 1.336e+02 1 0)
|                    ( - -8.277e+03 1 0))
|                ( - -6.232e+03 2 0 QUESTION0_12_R 1 1.458e+02 2.401e+01))
|            ( - -2.498e+04 18 0 QUESTION0_8_R 1 2.281e+02 7.903e+01))))
s>    ( SILENCE 1 -8.584e+04 4.473e+02 3.172e+02
s>        ( QUESTION2_2_L -1 -1.046e+04 4.640e+02 4.708e+01
s>            ( - 2.421e+02 1 0)
s>            ( - -1.024e+04 3 0 QUESTION0 -1 1.887e+02 4.608e+01))
s>        ( QUESTION0 -1 -7.493e+04 4.837e+02 2.701e+02
s>            ( QUESTION0_2_R 1 -3.410e+04 2.789e+02 1.290e+02
s>                ( - -6.290e+03 1 0)
s>                ( - -2.753e+04 19 0 QUESTION0 1 2.618e+02 1.031e+02))
s>            ( QUESTION0_11_R 1 -4.035e+04 2.840e+02 1.411e+02
s>                ( QUESTION13 1 -1.509e+04 2.838e+02 6.205e+01
s>                    ( QUESTION2_0_L -1 -8.573e+03 4.292e+02 3.805e+01
s>                        ( - 1.336e+02 1 0)
s>                        ( - -8.277e+03 1 0))
s>                    ( - -6.232e+03 2 0 QUESTION0_12_R 1 1.458e+02 2.401e+01))
s>                ( - -2.498e+04 18 0 QUESTION0_8_R 1 2.281e+02 7.903e+01))))INFO: dtree.c(1478): Final simple tree
|( QUESTION2_3_L -1 -1.494e+05 2.635e+02 6.220e+02
|    ( WDBNDRY_B 0 -9.219e+03 1.457e+02 3.600e+01
|        ( - -6.033e+03 1 0)
|        ( - -3.041e+03 1 0))
|    ( QUESTION2 -1 -1.399e+05 2.264e+02 5.860e+02
|        ( - -2.496e+04 4 0)
|        ( QUESTION3 -1 -1.147e+05 1.934e+02 4.838e+02
|            ( QUESTION2_2_L -1 -1.011e+05 1.809e+02 4.252e+02
|                ( - -5.666e+03 3 0 QUESTION2_11_L -1 1.014e+02 2.500e+01)
|                ( QUESTION6 -1 -9.525e+04 1.547e+02 4.002e+02
|                    ( - -4.075e+03 1 0)
|                    ( QUESTION4 -1 -9.102e+04 1.354e+02 3.812e+02
|                        ( - -6.584e+04 7 0)
|                        ( - -2.504e+04 3 0 QUESTION19 -1 1.095e+02 9.999e+01))))
|            ( - -1.346e+04 3 0 SILENCE -1 1.248e+02 5.863e+01))))
s>    ( QUESTION2_3_L -1 -1.494e+05 2.635e+02 6.220e+02
s>        ( WDBNDRY_B 0 -9.219e+03 1.457e+02 3.600e+01
s>            ( - -6.033e+03 1 0)
s>            ( - -3.041e+03 1 0))
s>        ( QUESTION2 -1 -1.399e+05 2.264e+02 5.860e+02
s>            ( - -2.496e+04 4 0)
s>            ( QUESTION3 -1 -1.147e+05 1.934e+02 4.838e+02
s>                ( QUESTION2_2_L -1 -1.011e+05 1.809e+02 4.252e+02
s>                    ( - -5.666e+03 3 0 QUESTION2_11_L -1 1.014e+02 2.500e+01)
s>                    ( QUESTION6 -1 -9.525e+04 1.547e+02 4.002e+02
s>                        ( - -4.075e+03 1 0)
s>                        ( QUESTION4 -1 -9.102e+04 1.354e+02 3.812e+02
s>                            ( - -6.584e+04 7 0)
s>                            ( - -2.504e+04 3 0 QUESTION19 -1 1.095e+02 9.999e+01))))
s>                ( - -1.346e+04 3 0 SILENCE -1 1.248e+02 5.863e+01))))INFO: dtree.c(1315): Comp split 3
INFO: dtree.c(1478): Final simple tree
|( QUESTION2_1_L -1 -1.471e+05 2.752e+02 6.190e+02
|    ( QUESTION6 -1 -9.339e+04 1.956e+02 3.990e+02
|        ( - -4.460e+03 1 0)
|        ( QUESTION19 -1 -8.873e+04 1.121e+02 3.790e+02
|            ( - -4.337e+03 1 0)
|            ( QUESTION0 -1 -8.428e+04 1.097e+02 3.610e+02
|                ( - -7.561e+04 3 0)
|                ( - -8.556e+03 1 0))))
|    ( QUESTION6 -1 -5.344e+04 1.631e+02 2.199e+02
|        ( - -9.744e+03 1 0)
|        ( QUESTION2_4_L -1 -4.353e+04 1.446e+02 1.826e+02
|            ( - -2.751e+03 1 0)
|            ( QUESTION2_9_L -1 -4.063e+04 1.163e+02 1.699e+02
|                ( - -1.175e+04 2 0 QUESTION4 -1 7.455e+01 5.118e+01)
|                ( - -2.877e+04 5 0 QUESTION2_19_L -1 9.034e+01 1.187e+02)))))
s>    ( QUESTION2_1_L -1 -1.471e+05 2.752e+02 6.190e+02
s>        ( QUESTION6 -1 -9.339e+04 1.956e+02 3.990e+02
s>            ( - -4.460e+03 1 0)
s>            ( QUESTION19 -1 -8.873e+04 1.121e+02 3.790e+02
s>                ( - -4.337e+03 1 0)
s>                ( QUESTION0 -1 -8.428e+04 1.097e+02 3.610e+02
s>                    ( - -7.561e+04 3 0)
s>                    ( - -8.556e+03 1 0))))
s>        ( QUESTION6 -1 -5.344e+04 1.631e+02 2.199e+02
s>            ( - -9.744e+03 1 0)
s>            ( QUESTION2_4_L -1 -4.353e+04 1.446e+02 1.826e+02
s>                ( - -2.751e+03 1 0)
s>                ( QUESTION2_9_L -1 -4.063e+04 1.163e+02 1.699e+02
s>                    ( - -1.175e+04 2 0 QUESTION4 -1 7.455e+01 5.118e+01)
s>                    ( - -2.877e+04 5 0 QUESTION2_19_L -1 9.034e+01 1.187e+02)))))INFO: dtree.c(1439): stop. leaf nodes are specific
INFO: dtree.c(1478): Final simple tree
|( WDBNDRY_E 0 -3.655e+04 3.765e+02 1.483e+02
|    ( QUESTION2_0_L -1 -1.614e+04 1.382e+02 6.392e+01
|        ( QUESTION0 -1 -7.493e+03 8.736e+01 3.000e+01
|            ( - -4.368e+03 1 0)
|            ( - -3.038e+03 1 0))
|        ( - -8.510e+03 1 0))
|    ( QUESTION0_0_R 1 -2.003e+04 3.345e+02 8.435e+01
|        ( QUESTION0_8_R 1 -1.354e+04 1.663e+02 5.696e+01
|            ( - -1.027e+04 1 0)
|            ( - -3.107e+03 1 0))
|        ( - -6.153e+03 1 0)))
s>    ( WDBNDRY_E 0 -3.655e+04 3.765e+02 1.483e+02
s>        ( QUESTION2_0_L -1 -1.614e+04 1.382e+02 6.392e+01
s>            ( QUESTION0 -1 -7.493e+03 8.736e+01 3.000e+01
s>                ( - -4.368e+03 1 0)
s>                ( - -3.038e+03 1 0))
s>            ( - -8.510e+03 1 0))
s>        ( QUESTION0_0_R 1 -2.003e+04 3.345e+02 8.435e+01
s>            ( QUESTION0_8_R 1 -1.354e+04 1.663e+02 5.696e+01
s>                ( - -1.027e+04 1 0)
s>                ( - -3.107e+03 1 0))
s>            ( - -6.153e+03 1 0)))INFO: dtree.c(1315): Comp split 4
INFO: dtree.c(1478): Final simple tree
|( QUESTION0_11_R 1 -4.035e+04 2.840e+02 1.411e+02
|    ( QUESTION13 1 -1.509e+04 2.838e+02 6.205e+01
|        ( QUESTION2_0_L -1 -8.573e+03 4.292e+02 3.805e+01
|            ( - 1.336e+02 1 0)
|            ( - -8.277e+03 1 0))
|        ( - -6.232e+03 2 0 QUESTION0_12_R 1 1.458e+02 2.401e+01))
|    ( QUESTION0_8_R 1 -2.498e+04 2.281e+02 7.903e+01
|        ( QUESTION4 1 -7.179e+03 1.811e+02 2.406e+01
|            ( - -2.483e+03 1 0)
|            ( - -4.515e+03 1 0))
|        ( QUESTION2 1 -1.757e+04 2.086e+02 5.497e+01
|            ( - -3.138e+03 5 0 QUESTION0_2_R 1 1.304e+02 1.000e+01)
|            ( QUESTION0_2_R 1 -1.422e+04 1.913e+02 4.497e+01
|                ( - -5.468e+02 1 0)
|                ( - -1.348e+04 10 0 QUESTION6 1 1.734e+02 4.297e+01)))))
s>    ( QUESTION0_11_R 1 -4.035e+04 2.840e+02 1.411e+02
s>        ( QUESTION13 1 -1.509e+04 2.838e+02 6.205e+01
s>            ( QUESTION2_0_L -1 -8.573e+03 4.292e+02 3.805e+01
s>                ( - 1.336e+02 1 0)
s>                ( - -8.277e+03 1 0))
s>            ( - -6.232e+03 2 0 QUESTION0_12_R 1 1.458e+02 2.401e+01))
s>        ( QUESTION0_8_R 1 -2.498e+04 2.281e+02 7.903e+01
s>            ( QUESTION4 1 -7.179e+03 1.811e+02 2.406e+01
s>                ( - -2.483e+03 1 0)
s>                ( - -4.515e+03 1 0))
s>            ( QUESTION2 1 -1.757e+04 2.086e+02 5.497e+01
s>                ( - -3.138e+03 5 0 QUESTION0_2_R 1 1.304e+02 1.000e+01)
s>                ( QUESTION0_2_R 1 -1.422e+04 1.913e+02 4.497e+01
s>                    ( - -5.468e+02 1 0)
s>                    ( - -1.348e+04 10 0 QUESTION6 1 1.734e+02 4.297e+01)))))INFO: dtree.c(1478): Final simple tree
|( QUESTION2_2_L -1 -4.492e+04 4.612e+02 1.761e+02
|    ( - 2.421e+02 1 0)
|    ( SILENCE 1 -4.470e+04 3.614e+02 1.751e+02
|        ( QUESTION0 -1 -1.024e+04 1.887e+02 4.608e+01
|            ( - -4.458e+03 1 0)
|            ( - -5.593e+03 2 0))
|        ( QUESTION0_2_R 1 -3.410e+04 2.789e+02 1.290e+02
|            ( - -6.290e+03 1 0)
|            ( QUESTION0 1 -2.753e+04 2.618e+02 1.031e+02
|                ( - -5.304e+03 3 0 QUESTION0_1_R 1 7.750e+01 2.207e+01)
|                ( QUESTION0_18_R 1 -2.197e+04 1.775e+02 8.106e+01
|                    ( - -4.826e+02 1 0)
|                    ( QUESTION6 1 -2.131e+04 4.526e+02 7.806e+01
|                        ( - -1.406e+00 1 0)
|                        ( - -2.085e+04 14 0 QUESTION11 1 1.699e+02 7.706e+01)))))))
s>    ( QUESTION2_2_L -1 -4.492e+04 4.612e+02 1.761e+02
s>        ( - 2.421e+02 1 0)
s>        ( SILENCE 1 -4.470e+04 3.614e+02 1.751e+02
s>            ( QUESTION0 -1 -1.024e+04 1.887e+02 4.608e+01
s>                ( - -4.458e+03 1 0)
s>                ( - -5.593e+03 2 0))
s>            ( QUESTION0_2_R 1 -3.410e+04 2.789e+02 1.290e+02
s>                ( - -6.290e+03 1 0)
s>                ( QUESTION0 1 -2.753e+04 2.618e+02 1.031e+02
s>                    ( - -5.304e+03 3 0 QUESTION0_1_R 1 7.750e+01 2.207e+01)
s>                    ( QUESTION0_18_R 1 -2.197e+04 1.775e+02 8.106e+01
s>                        ( - -4.826e+02 1 0)
s>                        ( QUESTION6 1 -2.131e+04 4.526e+02 7.806e+01
s>                            ( - -1.406e+00 1 0)
s>                            ( - -2.085e+04 14 0 QUESTION11 1 1.699e+02 7.706e+01)))))))INFO: dtree.c(1315): Comp split 5
INFO: dtree.c(1478): Final simple tree
|( SILENCE 1 -4.470e+04 3.614e+02 1.751e+02
|    ( QUESTION0 -1 -1.024e+04 1.887e+02 4.608e+01
|        ( - -4.458e+03 1 0)
|        ( - -5.593e+03 2 0))
|    ( QUESTION0_2_R 1 -3.410e+04 2.789e+02 1.290e+02
|        ( - -6.290e+03 1 0)
|        ( QUESTION0 1 -2.753e+04 2.618e+02 1.031e+02
|            ( - -5.304e+03 3 0 QUESTION0_1_R 1 7.750e+01 2.207e+01)
|            ( QUESTION0_18_R 1 -2.197e+04 1.775e+02 8.106e+01
|                ( - -4.826e+02 1 0)
|                ( QUESTION6 1 -2.131e+04 4.526e+02 7.806e+01
|                    ( - -1.406e+00 1 0)
|                    ( QUESTION11 1 -2.085e+04 1.699e+02 7.706e+01
|                        ( - -2.152e+03 2 0)
|                        ( - -1.853e+04 12 0 QUESTION0_5_R 1 1.553e+02 6.906e+01)))))))
s>    ( SILENCE 1 -4.470e+04 3.614e+02 1.751e+02
s>        ( QUESTION0 -1 -1.024e+04 1.887e+02 4.608e+01
s>            ( - -4.458e+03 1 0)
s>            ( - -5.593e+03 2 0))
s>        ( QUESTION0_2_R 1 -3.410e+04 2.789e+02 1.290e+02
s>            ( - -6.290e+03 1 0)
s>            ( QUESTION0 1 -2.753e+04 2.618e+02 1.031e+02
s>                ( - -5.304e+03 3 0 QUESTION0_1_R 1 7.750e+01 2.207e+01)
s>                ( QUESTION0_18_R 1 -2.197e+04 1.775e+02 8.106e+01
s>                    ( - -4.826e+02 1 0)
s>                    ( QUESTION6 1 -2.131e+04 4.526e+02 7.806e+01
s>                        ( - -1.406e+00 1 0)
s>                        ( QUESTION11 1 -2.085e+04 1.699e+02 7.706e+01
s>                            ( - -2.152e+03 2 0)
s>                            ( - -1.853e+04 12 0 QUESTION0_5_R 1 1.553e+02 6.906e+01)))))))INFO: dtree.c(1315): Comp split 6
INFO: dtree.c(1478): Final simple tree
|( SILENCE 1 -4.425e+04 3.596e+02 1.741e+02
|    ( QUESTION0 -1 -1.024e+04 1.887e+02 4.608e+01
|        ( - -4.458e+03 1 0)
|        ( - -5.593e+03 2 0))
|    ( QUESTION0_2_R 1 -3.365e+04 2.783e+02 1.280e+02
|        ( - -6.290e+03 1 0)
|        ( QUESTION0 1 -2.708e+04 2.601e+02 1.021e+02
|            ( - -5.304e+03 3 0 QUESTION0_1_R 1 7.750e+01 2.207e+01)
|            ( QUESTION0_18_R 1 -2.151e+04 1.779e+02 8.006e+01
|                ( - -4.826e+02 1 0)
|                ( QUESTION11 1 -2.085e+04 1.699e+02 7.706e+01
|                    ( - -2.152e+03 2 0)
|                    ( QUESTION0_5_R 1 -1.853e+04 1.553e+02 6.906e+01
|                        ( - -9.355e+02 1 0)
|                        ( - -1.744e+04 11 0 QUESTION15 1 1.501e+02 6.506e+01)))))))
s>    ( SILENCE 1 -4.425e+04 3.596e+02 1.741e+02
s>        ( QUESTION0 -1 -1.024e+04 1.887e+02 4.608e+01
s>            ( - -4.458e+03 1 0)
s>            ( - -5.593e+03 2 0))
s>        ( QUESTION0_2_R 1 -3.365e+04 2.783e+02 1.280e+02
s>            ( - -6.290e+03 1 0)
s>            ( QUESTION0 1 -2.708e+04 2.601e+02 1.021e+02
s>                ( - -5.304e+03 3 0 QUESTION0_1_R 1 7.750e+01 2.207e+01)
s>                ( QUESTION0_18_R 1 -2.151e+04 1.779e+02 8.006e+01
s>                    ( - -4.826e+02 1 0)
s>                    ( QUESTION11 1 -2.085e+04 1.699e+02 7.706e+01
s>                        ( - -2.152e+03 2 0)
s>                        ( QUESTION0_5_R 1 -1.853e+04 1.553e+02 6.906e+01
s>                            ( - -9.355e+02 1 0)
s>                            ( - -1.744e+04 11 0 QUESTION15 1 1.501e+02 6.506e+01)))))))INFO: dtree.c(1315): Comp split 7
INFO: dtree.c(1478): Final simple tree
|( QUESTION0_11_R 1 -4.004e+04 2.814e+02 1.401e+02
|    ( QUESTION13 1 -1.479e+04 2.776e+02 6.105e+01
|        ( - -8.277e+03 1 0)
|        ( - -6.232e+03 2 0 QUESTION0_12_R 1 1.458e+02 2.401e+01))
|    ( QUESTION0_8_R 1 -2.498e+04 2.281e+02 7.903e+01
|        ( QUESTION4 1 -7.179e+03 1.811e+02 2.406e+01
|            ( - -2.483e+03 1 0)
|            ( - -4.515e+03 1 0))
|        ( QUESTION2 1 -1.757e+04 2.086e+02 5.497e+01
|            ( - -3.138e+03 5 0 QUESTION0_2_R 1 1.304e+02 1.000e+01)
|            ( QUESTION0_2_R 1 -1.422e+04 1.913e+02 4.497e+01
|                ( - -5.468e+02 1 0)
|                ( QUESTION6 1 -1.348e+04 1.734e+02 4.297e+01
|                    ( - -3.579e+02 1 0)
|                    ( - -1.295e+04 9 0 QUESTION0_6_R 1 1.641e+02 4.097e+01))))))
s>    ( QUESTION0_11_R 1 -4.004e+04 2.814e+02 1.401e+02
s>        ( QUESTION13 1 -1.479e+04 2.776e+02 6.105e+01
s>            ( - -8.277e+03 1 0)
s>            ( - -6.232e+03 2 0 QUESTION0_12_R 1 1.458e+02 2.401e+01))
s>        ( QUESTION0_8_R 1 -2.498e+04 2.281e+02 7.903e+01
s>            ( QUESTION4 1 -7.179e+03 1.811e+02 2.406e+01
s>                ( - -2.483e+03 1 0)
s>                ( - -4.515e+03 1 0))
s>            ( QUESTION2 1 -1.757e+04 2.086e+02 5.497e+01
s>                ( - -3.138e+03 5 0 QUESTION0_2_R 1 1.304e+02 1.000e+01)
s>                ( QUESTION0_2_R 1 -1.422e+04 1.913e+02 4.497e+01
s>                    ( - -5.468e+02 1 0)
s>                    ( QUESTION6 1 -1.348e+04 1.734e+02 4.297e+01
s>                        ( - -3.579e+02 1 0)
s>                        ( - -1.295e+04 9 0 QUESTION0_6_R 1 1.641e+02 4.097e+01))))))INFO: dtree.c(1315): Comp split 8
INFO: dtree.c(1478): Final simple tree
|( QUESTION0_2_R 1 -2.807e+04 2.704e+02 1.059e+02
|    ( - -6.290e+03 1 0)
|    ( QUESTION0_18_R 1 -2.151e+04 1.779e+02 8.006e+01
|        ( - -4.826e+02 1 0)
|        ( QUESTION11 1 -2.085e+04 1.699e+02 7.706e+01
|            ( - -2.152e+03 2 0)
|            ( QUESTION0_5_R 1 -1.853e+04 1.553e+02 6.906e+01
|                ( - -9.355e+02 1 0)
|                ( QUESTION15 1 -1.744e+04 1.501e+02 6.506e+01
|                    ( - -9.856e+02 1 0)
|                    ( QUESTION0_6_R 1 -1.630e+04 4.465e+02 6.006e+01
|                        ( - 6.073e+01 1 0)
|                        ( QUESTION4 1 -1.592e+04 1.459e+02 5.906e+01
|                            ( - -8.030e+03 6 0 QUESTION0_15_R 1 1.457e+02 3.400e+01)
|                            ( - -7.743e+03 3 0 QUESTION0_9_R 1 1.778e+02 2.506e+01))))))))
s>    ( QUESTION0_2_R 1 -2.807e+04 2.704e+02 1.059e+02
s>        ( - -6.290e+03 1 0)
s>        ( QUESTION0_18_R 1 -2.151e+04 1.779e+02 8.006e+01
s>            ( - -4.826e+02 1 0)
s>            ( QUESTION11 1 -2.085e+04 1.699e+02 7.706e+01
s>                ( - -2.152e+03 2 0)
s>                ( QUESTION0_5_R 1 -1.853e+04 1.553e+02 6.906e+01
s>                    ( - -9.355e+02 1 0)
s>                    ( QUESTION15 1 -1.744e+04 1.501e+02 6.506e+01
s>                        ( - -9.856e+02 1 0)
s>                        ( QUESTION0_6_R 1 -1.630e+04 4.465e+02 6.006e+01
s>                            ( - 6.073e+01 1 0)
s>                            ( QUESTION4 1 -1.592e+04 1.459e+02 5.906e+01
s>                                ( - -8.030e+03 6 0 QUESTION0_15_R 1 1.457e+02 3.400e+01)
s>                                ( - -7.743e+03 3 0 QUESTION0_9_R 1 1.778e+02 2.506e+01))))))))INFO: dtree.c(1439): stop. leaf nodes are specific
INFO: dtree.c(1478): Final simple tree
|( QUESTION0_7_R 1 -1.578e+04 2.374e+02 6.815e+01
|    ( - -4.480e+03 1 0)
|    ( QUESTION0 -1 -1.106e+04 1.763e+02 4.908e+01
|        ( SILENCE 1 -5.291e+03 8.600e+01 2.300e+01
|            ( - -4.458e+03 1 0)
|            ( - -7.471e+02 2 0))
|        ( - -5.593e+03 2 0)))
s>    ( QUESTION0_7_R 1 -1.578e+04 2.374e+02 6.815e+01
s>        ( - -4.480e+03 1 0)
s>        ( QUESTION0 -1 -1.106e+04 1.763e+02 4.908e+01
s>            ( SILENCE 1 -5.291e+03 8.600e+01 2.300e+01
s>                ( - -4.458e+03 1 0)
s>                ( - -7.471e+02 2 0))
s>            ( - -5.593e+03 2 0)))INFO: dtree.c(1315): Comp split 9
INFO: dtree.c(1478): Final simple tree
|( QUESTION0_2_R 1 -2.769e+04 2.726e+02 1.049e+02
|    ( - -6.290e+03 1 0)
|    ( QUESTION0_18_R 1 -2.113e+04 1.782e+02 7.906e+01
|        ( - -4.826e+02 1 0)
|        ( QUESTION11 1 -2.047e+04 1.698e+02 7.606e+01
|            ( - -2.152e+03 2 0)
|            ( QUESTION0_5_R 1 -1.815e+04 1.561e+02 6.806e+01
|                ( - -9.355e+02 1 0)
|                ( QUESTION0_6_R 1 -1.706e+04 1.504e+02 6.406e+01
|                    ( - -9.856e+02 1 0)
|                    ( QUESTION4 1 -1.592e+04 1.459e+02 5.906e+01
|                        ( - -8.030e+03 6 0 QUESTION0_15_R 1 1.457e+02 3.400e+01)
|                        ( QUESTION0_9_R 1 -7.743e+03 1.778e+02 2.506e+01
|                            ( - -4.802e+02 1 0)
|                            ( - -7.085e+03 2 0 QUESTION0_1_R 1 1.316e+02 2.306e+01))))))))
s>    ( QUESTION0_2_R 1 -2.769e+04 2.726e+02 1.049e+02
s>        ( - -6.290e+03 1 0)
s>        ( QUESTION0_18_R 1 -2.113e+04 1.782e+02 7.906e+01
s>            ( - -4.826e+02 1 0)
s>            ( QUESTION11 1 -2.047e+04 1.698e+02 7.606e+01
s>                ( - -2.152e+03 2 0)
s>                ( QUESTION0_5_R 1 -1.815e+04 1.561e+02 6.806e+01
s>                    ( - -9.355e+02 1 0)
s>                    ( QUESTION0_6_R 1 -1.706e+04 1.504e+02 6.406e+01
s>                        ( - -9.856e+02 1 0)
s>                        ( QUESTION4 1 -1.592e+04 1.459e+02 5.906e+01
s>                            ( - -8.030e+03 6 0 QUESTION0_15_R 1 1.457e+02 3.400e+01)
s>                            ( QUESTION0_9_R 1 -7.743e+03 1.778e+02 2.506e+01
s>                                ( - -4.802e+02 1 0)
s>                                ( - -7.085e+03 2 0 QUESTION0_1_R 1 1.316e+02 2.306e+01))))))))INFO: dtree.c(1315): Comp split 10
INFO: dtree.c(1439): stop. leaf nodes are specific
INFO: dtree.c(1478): Final simple tree
|( QUESTION0_0_R 1 -2.003e+04 3.345e+02 8.435e+01
|    ( QUESTION0_8_R 1 -1.354e+04 1.663e+02 5.696e+01
|        ( - -1.027e+04 1 0)
|        ( - -3.107e+03 1 0))
|    ( - -6.153e+03 1 0))
s>    ( QUESTION0_0_R 1 -2.003e+04 3.345e+02 8.435e+01
s>        ( QUESTION0_8_R 1 -1.354e+04 1.663e+02 5.696e+01
s>            ( - -1.027e+04 1 0)
s>            ( - -3.107e+03 1 0))
s>        ( - -6.153e+03 1 0))INFO: dtree.c(1439): stop. leaf nodes are specific
INFO: dtree.c(1478): Final simple tree
|( QUESTION2_0_L -1 -1.614e+04 1.382e+02 6.392e+01
|    ( QUESTION0 -1 -7.493e+03 8.736e+01 3.000e+01
|        ( - -4.368e+03 1 0)
|        ( - -3.038e+03 1 0))
|    ( - -8.510e+03 1 0))
s>    ( QUESTION2_0_L -1 -1.614e+04 1.382e+02 6.392e+01
s>        ( QUESTION0 -1 -7.493e+03 8.736e+01 3.000e+01
s>            ( - -4.368e+03 1 0)
s>            ( - -3.038e+03 1 0))
s>        ( - -8.510e+03 1 0))INFO: dtree.c(1315): Comp split 11
INFO: dtree.c(1478): Final simple tree
|( QUESTION0_8_R 1 -2.735e+04 2.482e+02 9.103e+01
|    ( QUESTION4 1 -7.179e+03 1.811e+02 2.406e+01
|        ( - -2.483e+03 1 0)
|        ( - -4.515e+03 1 0))
|    ( QUESTION4 1 -1.992e+04 2.128e+02 6.697e+01
|        ( - -5.241e+03 1 0)
|        ( QUESTION6 1 -1.447e+04 1.691e+02 4.697e+01
|            ( - -3.579e+02 1 0)
|            ( QUESTION0_10_R 1 -1.394e+04 1.643e+02 4.497e+01
|                ( QUESTION2_0_L -1 -1.469e+03 1.492e+02 6.000e+00
|                    ( - -7.557e+02 1 0)
|                    ( - -5.643e+02 1 0))
|                ( QUESTION0_5_R 1 -1.231e+04 1.552e+02 3.897e+01
|                    ( - -5.064e+03 2 0 QUESTION13 1 1.264e+02 1.696e+01)
|                    ( - -7.091e+03 6 0 QUESTION0_1_R 1 1.291e+02 2.201e+01))))))
s>    ( QUESTION0_8_R 1 -2.735e+04 2.482e+02 9.103e+01
s>        ( QUESTION4 1 -7.179e+03 1.811e+02 2.406e+01
s>            ( - -2.483e+03 1 0)
s>            ( - -4.515e+03 1 0))
s>        ( QUESTION4 1 -1.992e+04 2.128e+02 6.697e+01
s>            ( - -5.241e+03 1 0)
s>            ( QUESTION6 1 -1.447e+04 1.691e+02 4.697e+01
s>                ( - -3.579e+02 1 0)
s>                ( QUESTION0_10_R 1 -1.394e+04 1.643e+02 4.497e+01
s>                    ( QUESTION2_0_L -1 -1.469e+03 1.492e+02 6.000e+00
s>                        ( - -7.557e+02 1 0)
s>                        ( - -5.643e+02 1 0))
s>                    ( QUESTION0_5_R 1 -1.231e+04 1.552e+02 3.897e+01
s>                        ( - -5.064e+03 2 0 QUESTION13 1 1.264e+02 1.696e+01)
s>                        ( - -7.091e+03 6 0 QUESTION0_1_R 1 1.291e+02 2.201e+01))))))INFO: dtree.c(1439): stop. leaf nodes are specific
INFO: dtree.c(1478): Final simple tree
|( QUESTION4 1 -1.232e+04 1.874e+02 4.905e+01
|    ( - -5.468e+02 1 0)
|    ( QUESTION0_1_R 1 -1.159e+04 1.724e+02 4.705e+01
|        ( QUESTION0_2_R 1 -3.138e+03 1.304e+02 1.000e+01
|            ( QUESTION2_0_L -1 -1.477e+03 4.831e+02 4.000e+00
|                ( - 1.796e+01 1 0)
|                ( - -1.012e+03 1 0))
|            ( QUESTION2_0_L -1 -1.531e+03 1.217e+02 6.000e+00
|                ( - -8.643e+02 2 0)
|                ( - -5.446e+02 1 0)))
|        ( - -8.277e+03 1 0)))
s>    ( QUESTION4 1 -1.232e+04 1.874e+02 4.905e+01
s>        ( - -5.468e+02 1 0)
s>        ( QUESTION0_1_R 1 -1.159e+04 1.724e+02 4.705e+01
s>            ( QUESTION0_2_R 1 -3.138e+03 1.304e+02 1.000e+01
s>                ( QUESTION2_0_L -1 -1.477e+03 4.831e+02 4.000e+00
s>                    ( - 1.796e+01 1 0)
s>                    ( - -1.012e+03 1 0))
s>                ( QUESTION2_0_L -1 -1.531e+03 1.217e+02 6.000e+00
s>                    ( - -8.643e+02 2 0)
s>                    ( - -5.446e+02 1 0)))
s>            ( - -8.277e+03 1 0)))INFO: dtree.c(1315): Comp split 12
INFO: dtree.c(1439): stop. leaf nodes are specific
INFO: dtree.c(1478): Final simple tree
|( QUESTION4 1 -1.189e+04 1.882e+02 4.805e+01
|    ( - -5.468e+02 1 0)
|    ( QUESTION0_2_R 1 -1.115e+04 1.798e+02 4.605e+01
|        ( - -1.012e+03 1 0)
|        ( QUESTION0_1_R 1 -9.961e+03 1.531e+02 4.305e+01
|            ( QUESTION2_0_L -1 -1.531e+03 1.217e+02 6.000e+00
|                ( - -8.643e+02 2 0)
|                ( - -5.446e+02 1 0))
|            ( - -8.277e+03 1 0))))
s>    ( QUESTION4 1 -1.189e+04 1.882e+02 4.805e+01
s>        ( - -5.468e+02 1 0)
s>        ( QUESTION0_2_R 1 -1.115e+04 1.798e+02 4.605e+01
s>            ( - -1.012e+03 1 0)
s>            ( QUESTION0_1_R 1 -9.961e+03 1.531e+02 4.305e+01
s>                ( QUESTION2_0_L -1 -1.531e+03 1.217e+02 6.000e+00
s>                    ( - -8.643e+02 2 0)
s>                    ( - -5.446e+02 1 0))
s>                ( - -8.277e+03 1 0))))INFO: dtree.c(1315): Comp split 13
INFO: dtree.c(1439): stop. leaf nodes are specific
INFO: dtree.c(1478): Final simple tree
|( QUESTION12 -1 -9.613e+04 1.155e+02 4.122e+02
|    ( - -8.556e+03 1 0)
|    ( QUESTION0 -1 -8.746e+04 1.001e+02 3.748e+02
|        ( - -7.561e+04 3 0)
|        ( QUESTION4 -1 -1.175e+04 7.455e+01 5.118e+01
|            ( - -7.236e+03 1 0)
|            ( - -4.436e+03 1 0))))
s>    ( QUESTION12 -1 -9.613e+04 1.155e+02 4.122e+02
s>        ( - -8.556e+03 1 0)
s>        ( QUESTION0 -1 -8.746e+04 1.001e+02 3.748e+02
s>            ( - -7.561e+04 3 0)
s>            ( QUESTION4 -1 -1.175e+04 7.455e+01 5.118e+01
s>                ( - -7.236e+03 1 0)
s>                ( - -4.436e+03 1 0))))INFO: dtree.c(1439): stop. leaf nodes are specific
INFO: dtree.c(1478): Final simple tree
|( QUESTION6 -1 -5.062e+04 1.822e+02 2.068e+02
|    ( QUESTION7 -1 -1.434e+04 1.318e+02 5.736e+01
|        ( - -4.460e+03 1 0)
|        ( - -9.744e+03 1 0))
|    ( QUESTION2_4_L -1 -3.610e+04 1.435e+02 1.494e+02
|        ( - -2.751e+03 1 0)
|        ( QUESTION2_19_L -1 -3.321e+04 1.100e+02 1.367e+02
|            ( - -2.161e+04 3 0)
|            ( QUESTION5 -1 -1.149e+04 7.933e+01 4.710e+01
|                ( - -4.337e+03 1 0)
|                ( SILENCE -1 -7.071e+03 6.158e+01 2.905e+01
|                    ( - -2.490e+03 1 0)
|                    ( - -4.520e+03 1 0))))))
s>    ( QUESTION6 -1 -5.062e+04 1.822e+02 2.068e+02
s>        ( QUESTION7 -1 -1.434e+04 1.318e+02 5.736e+01
s>            ( - -4.460e+03 1 0)
s>            ( - -9.744e+03 1 0))
s>        ( QUESTION2_4_L -1 -3.610e+04 1.435e+02 1.494e+02
s>            ( - -2.751e+03 1 0)
s>            ( QUESTION2_19_L -1 -3.321e+04 1.100e+02 1.367e+02
s>                ( - -2.161e+04 3 0)
s>                ( QUESTION5 -1 -1.149e+04 7.933e+01 4.710e+01
s>                    ( - -4.337e+03 1 0)
s>                    ( SILENCE -1 -7.071e+03 6.158e+01 2.905e+01
s>                        ( - -2.490e+03 1 0)
s>                        ( - -4.520e+03 1 0))))))INFO: dtree.c(1315): Comp split 14
INFO: dtree.c(1439): stop. leaf nodes are specific
INFO: dtree.c(1478): Final simple tree
|( QUESTION0_8_R 1 -1.354e+04 1.663e+02 5.696e+01
|    ( - -1.027e+04 1 0)
|    ( - -3.107e+03 1 0))
s>    ( QUESTION0_8_R 1 -1.354e+04 1.663e+02 5.696e+01
s>        ( - -1.027e+04 1 0)
s>        ( - -3.107e+03 1 0))INFO: dtree.c(1315): Comp split 15
INFO: dtree.c(1439): stop. leaf nodes are specific
INFO: dtree.c(1478): Final simple tree
|( QUESTION4 -1 -5.955e+04 2.177e+02 2.382e+02
|    ( WDBNDRY_B 0 -9.219e+03 1.457e+02 3.600e+01
|        ( - -6.033e+03 1 0)
|        ( - -3.041e+03 1 0))
|    ( QUESTION19 -1 -5.011e+04 1.178e+02 2.022e+02
|        ( - -3.817e+03 1 0)
|        ( QUESTION0 -1 -4.617e+04 1.056e+02 1.872e+02
|            ( - -2.496e+04 4 0)
|            ( - -2.111e+04 2 0))))
s>    ( QUESTION4 -1 -5.955e+04 2.177e+02 2.382e+02
s>        ( WDBNDRY_B 0 -9.219e+03 1.457e+02 3.600e+01
s>            ( - -6.033e+03 1 0)
s>            ( - -3.041e+03 1 0))
s>        ( QUESTION19 -1 -5.011e+04 1.178e+02 2.022e+02
s>            ( - -3.817e+03 1 0)
s>            ( QUESTION0 -1 -4.617e+04 1.056e+02 1.872e+02
s>                ( - -2.496e+04 4 0)
s>                ( - -2.111e+04 2 0))))INFO: dtree.c(1439): stop. leaf nodes are specific
INFO: dtree.c(1478): Final simple tree
|( QUESTION3 -1 -8.956e+04 1.973e+02 3.838e+02
|    ( QUESTION2_0_L -1 -7.590e+04 1.965e+02 3.252e+02
|        ( QUESTION2_18_L -1 -9.861e+03 1.215e+02 4.400e+01
|            ( - -3.417e+03 1 0)
|            ( QUESTION2_12_L -1 -6.323e+03 1.036e+02 2.900e+01
|                ( - -8.700e+02 1 0)
|                ( QUESTION4 -1 -5.349e+03 9.569e+01 2.500e+01
|                    ( - -1.178e+03 1 0)
|                    ( - -4.075e+03 1 0))))
|        ( - -6.584e+04 7 0))
|    ( SILENCE -1 -1.346e+04 1.248e+02 5.863e+01
|        ( - -9.428e+03 2 0)
|        ( - -3.910e+03 1 0)))
s>    ( QUESTION3 -1 -8.956e+04 1.973e+02 3.838e+02
s>        ( QUESTION2_0_L -1 -7.590e+04 1.965e+02 3.252e+02
s>            ( QUESTION2_18_L -1 -9.861e+03 1.215e+02 4.400e+01
s>                ( - -3.417e+03 1 0)
s>                ( QUESTION2_12_L -1 -6.323e+03 1.036e+02 2.900e+01
s>                    ( - -8.700e+02 1 0)
s>                    ( QUESTION4 -1 -5.349e+03 9.569e+01 2.500e+01
s>                        ( - -1.178e+03 1 0)
s>                        ( - -4.075e+03 1 0))))
s>            ( - -6.584e+04 7 0))
s>        ( SILENCE -1 -1.346e+04 1.248e+02 5.863e+01
s>            ( - -9.428e+03 2 0)
s>            ( - -3.910e+03 1 0)))INFO: dtree.c(1315): Comp split 16
INFO: dtree.c(1439): stop. leaf nodes are specific
INFO: dtree.c(1478): Final simple tree
|( QUESTION0_1_R 1 -6.939e+03 1.688e+02 2.787e+01
|    ( - -6.290e+03 1 0)
|    ( - -4.802e+02 1 0))
s>    ( QUESTION0_1_R 1 -6.939e+03 1.688e+02 2.787e+01
s>        ( - -6.290e+03 1 0)
s>        ( - -4.802e+02 1 0))INFO: dtree.c(1478): Final simple tree
|( QUESTION0_18_R 1 -2.047e+04 1.777e+02 7.706e+01
|    ( - -4.826e+02 1 0)
|    ( QUESTION11 1 -1.981e+04 1.709e+02 7.406e+01
|        ( - -2.152e+03 2 0)
|        ( QUESTION0_5_R 1 -1.749e+04 1.565e+02 6.606e+01
|            ( - -9.355e+02 1 0)
|            ( QUESTION0_15_R 1 -1.639e+04 1.503e+02 6.206e+01
|                ( - -5.524e+02 1 0)
|                ( QUESTION0_12_R 1 -1.569e+04 2.106e+02 5.906e+01
|                    ( - -2.901e+02 1 0)
|                    ( QUESTION0_9_R 1 -1.519e+04 2.252e+02 5.706e+01
|                        ( - -2.453e+02 1 0)
|                        ( QUESTION13 1 -1.472e+04 1.528e+02 5.506e+01
|                            ( - -3.918e+03 2 0 QUESTION0_1_R 1 1.502e+02 1.605e+01)
|                            ( - -1.065e+04 4 0 QUESTION0_1_R 1 1.275e+02 3.901e+01))))))))
s>    ( QUESTION0_18_R 1 -2.047e+04 1.777e+02 7.706e+01
s>        ( - -4.826e+02 1 0)
s>        ( QUESTION11 1 -1.981e+04 1.709e+02 7.406e+01
s>            ( - -2.152e+03 2 0)
s>            ( QUESTION0_5_R 1 -1.749e+04 1.565e+02 6.606e+01
s>                ( - -9.355e+02 1 0)
s>                ( QUESTION0_15_R 1 -1.639e+04 1.503e+02 6.206e+01
s>                    ( - -5.524e+02 1 0)
s>                    ( QUESTION0_12_R 1 -1.569e+04 2.106e+02 5.906e+01
s>                        ( - -2.901e+02 1 0)
s>                        ( QUESTION0_9_R 1 -1.519e+04 2.252e+02 5.706e+01
s>                            ( - -2.453e+02 1 0)
s>                            ( QUESTION13 1 -1.472e+04 1.528e+02 5.506e+01
s>                                ( - -3.918e+03 2 0 QUESTION0_1_R 1 1.502e+02 1.605e+01)
s>                                ( - -1.065e+04 4 0 QUESTION0_1_R 1 1.275e+02 3.901e+01))))))))INFO: dtree.c(1315): Comp split 17
INFO: dtree.c(1439): stop. leaf nodes are specific
INFO: dtree.c(1478): Final simple tree
|( QUESTION4 1 -7.179e+03 1.811e+02 2.406e+01
|    ( - -2.483e+03 1 0)
|    ( - -4.515e+03 1 0))
s>    ( QUESTION4 1 -7.179e+03 1.811e+02 2.406e+01
s>        ( - -2.483e+03 1 0)
s>        ( - -4.515e+03 1 0))INFO: dtree.c(1478): Final simple tree
|( QUESTION4 1 -1.992e+04 2.128e+02 6.697e+01
|    ( - -5.241e+03 1 0)
|    ( QUESTION6 1 -1.447e+04 1.691e+02 4.697e+01
|        ( - -3.579e+02 1 0)
|        ( QUESTION0_10_R 1 -1.394e+04 1.643e+02 4.497e+01
|            ( QUESTION2_0_L -1 -1.469e+03 1.492e+02 6.000e+00
|                ( - -7.557e+02 1 0)
|                ( - -5.643e+02 1 0))
|            ( QUESTION0_5_R 1 -1.231e+04 1.552e+02 3.897e+01
|                ( - -5.064e+03 2 0 QUESTION13 1 1.264e+02 1.696e+01)
|                ( QUESTION0_1_R 1 -7.091e+03 1.291e+02 2.201e+01
|                    ( QUESTION0_4_R 1 -6.117e+03 1.285e+02 1.801e+01
|                        ( - -1.004e+03 2 0)
|                        ( - -4.984e+03 3 0 QUESTION2_0_L -1 1.475e+02 1.401e+01))
|                    ( - -8.449e+02 1 0))))))
s>    ( QUESTION4 1 -1.992e+04 2.128e+02 6.697e+01
s>        ( - -5.241e+03 1 0)
s>        ( QUESTION6 1 -1.447e+04 1.691e+02 4.697e+01
s>            ( - -3.579e+02 1 0)
s>            ( QUESTION0_10_R 1 -1.394e+04 1.643e+02 4.497e+01
s>                ( QUESTION2_0_L -1 -1.469e+03 1.492e+02 6.000e+00
s>                    ( - -7.557e+02 1 0)
s>                    ( - -5.643e+02 1 0))
s>                ( QUESTION0_5_R 1 -1.231e+04 1.552e+02 3.897e+01
s>                    ( - -5.064e+03 2 0 QUESTION13 1 1.264e+02 1.696e+01)
s>                    ( QUESTION0_1_R 1 -7.091e+03 1.291e+02 2.201e+01
s>                        ( QUESTION0_4_R 1 -6.117e+03 1.285e+02 1.801e+01
s>                            ( - -1.004e+03 2 0)
s>                            ( - -4.984e+03 3 0 QUESTION2_0_L -1 1.475e+02 1.401e+01))
s>                        ( - -8.449e+02 1 0))))))INFO: dtree.c(1315): Comp split 18
INFO: dtree.c(1439): stop. leaf nodes are specific
INFO: dtree.c(1478): Final simple tree
|( QUESTION0 -1 -1.106e+04 1.763e+02 4.908e+01
|    ( SILENCE 1 -5.291e+03 8.600e+01 2.300e+01
|        ( - -4.458e+03 1 0)
|        ( - -7.471e+02 2 0))
|    ( - -5.593e+03 2 0))
s>    ( QUESTION0 -1 -1.106e+04 1.763e+02 4.908e+01
s>        ( SILENCE 1 -5.291e+03 8.600e+01 2.300e+01
s>            ( - -4.458e+03 1 0)
s>            ( - -7.471e+02 2 0))
s>        ( - -5.593e+03 2 0))INFO: dtree.c(1315): Comp split 19
INFO: dtree.c(1478): Final simple tree
|( QUESTION0_18_R 1 -2.000e+04 1.778e+02 7.506e+01
|    ( - -4.826e+02 1 0)
|    ( QUESTION11 1 -1.933e+04 1.680e+02 7.206e+01
|        ( - -2.152e+03 2 0)
|        ( QUESTION0_5_R 1 -1.701e+04 1.538e+02 6.406e+01
|            ( - -9.355e+02 1 0)
|            ( QUESTION0_15_R 1 -1.593e+04 1.514e+02 6.006e+01
|                ( - -5.524e+02 1 0)
|                ( QUESTION0_9_R 1 -1.522e+04 2.109e+02 5.706e+01
|                    ( - -2.901e+02 1 0)
|                    ( QUESTION13 1 -1.472e+04 1.528e+02 5.506e+01
|                        ( QUESTION0_1_R 1 -3.918e+03 1.502e+02 1.605e+01
|                            ( - -9.856e+02 1 0)
|                            ( - -2.783e+03 1 0))
|                        ( - -1.065e+04 4 0 QUESTION0_1_R 1 1.275e+02 3.901e+01)))))))
s>    ( QUESTION0_18_R 1 -2.000e+04 1.778e+02 7.506e+01
s>        ( - -4.826e+02 1 0)
s>        ( QUESTION11 1 -1.933e+04 1.680e+02 7.206e+01
s>            ( - -2.152e+03 2 0)
s>            ( QUESTION0_5_R 1 -1.701e+04 1.538e+02 6.406e+01
s>                ( - -9.355e+02 1 0)
s>                ( QUESTION0_15_R 1 -1.593e+04 1.514e+02 6.006e+01
s>                    ( - -5.524e+02 1 0)
s>                    ( QUESTION0_9_R 1 -1.522e+04 2.109e+02 5.706e+01
s>                        ( - -2.901e+02 1 0)
s>                        ( QUESTION13 1 -1.472e+04 1.528e+02 5.506e+01
s>                            ( QUESTION0_1_R 1 -3.918e+03 1.502e+02 1.605e+01
s>                                ( - -9.856e+02 1 0)
s>                                ( - -2.783e+03 1 0))
s>                            ( - -1.065e+04 4 0 QUESTION0_1_R 1 1.275e+02 3.901e+01)))))))INFO: dtree.c(1315): Comp split 20
INFO: dtree.c(1439): stop. leaf nodes are specific
INFO: dtree.c(1478): Final simple tree
|( QUESTION0 -1 -4.617e+04 1.056e+02 1.872e+02
|    ( - -2.496e+04 4 0)
|    ( - -2.111e+04 2 0))
s>    ( QUESTION0 -1 -4.617e+04 1.056e+02 1.872e+02
s>        ( - -2.496e+04 4 0)
s>        ( - -2.111e+04 2 0))INFO: dtree.c(1439): stop. leaf nodes are specific
INFO: dtree.c(1478): Final simple tree
|( WDBNDRY_B 0 -1.315e+04 1.589e+02 5.100e+01
|    ( QUESTION4 -1 -9.950e+03 1.009e+02 3.900e+01
|        ( - -6.033e+03 1 0)
|        ( - -3.817e+03 1 0))
|    ( - -3.041e+03 1 0))
s>    ( WDBNDRY_B 0 -1.315e+04 1.589e+02 5.100e+01
s>        ( QUESTION4 -1 -9.950e+03 1.009e+02 3.900e+01
s>            ( - -6.033e+03 1 0)
s>            ( - -3.817e+03 1 0))
s>        ( - -3.041e+03 1 0))INFO: dtree.c(1315): Comp split 21
INFO: dtree.c(1478): Final simple tree
|( QUESTION13 1 -1.949e+04 1.849e+02 7.306e+01
|    ( QUESTION0_1_R 1 -3.918e+03 1.502e+02 1.605e+01
|        ( - -9.856e+02 1 0)
|        ( - -2.783e+03 1 0))
|    ( QUESTION0_18_R 1 -1.539e+04 1.724e+02 5.701e+01
|        ( - -4.826e+02 1 0)
|        ( QUESTION4 1 -1.473e+04 1.551e+02 5.401e+01
|            ( QUESTION0_8_R 1 -7.044e+03 1.401e+02 3.000e+01
|                ( - -6.351e+03 3 0)
|                ( - -5.524e+02 1 0))
|            ( QUESTION0_5_R 1 -7.532e+03 1.484e+02 2.401e+01
|                ( - -9.355e+02 1 0)
|                ( QUESTION0_1_R 1 -6.448e+03 1.253e+02 2.001e+01
|                    ( - -4.171e+03 1 0)
|                    ( - -2.152e+03 2 0))))))
s>    ( QUESTION13 1 -1.949e+04 1.849e+02 7.306e+01
s>        ( QUESTION0_1_R 1 -3.918e+03 1.502e+02 1.605e+01
s>            ( - -9.856e+02 1 0)
s>            ( - -2.783e+03 1 0))
s>        ( QUESTION0_18_R 1 -1.539e+04 1.724e+02 5.701e+01
s>            ( - -4.826e+02 1 0)
s>            ( QUESTION4 1 -1.473e+04 1.551e+02 5.401e+01
s>                ( QUESTION0_8_R 1 -7.044e+03 1.401e+02 3.000e+01
s>                    ( - -6.351e+03 3 0)
s>                    ( - -5.524e+02 1 0))
s>                ( QUESTION0_5_R 1 -7.532e+03 1.484e+02 2.401e+01
s>                    ( - -9.355e+02 1 0)
s>                    ( QUESTION0_1_R 1 -6.448e+03 1.253e+02 2.001e+01
s>                        ( - -4.171e+03 1 0)
s>                        ( - -2.152e+03 2 0))))))INFO: dtree.c(1315): Comp split 22
INFO: dtree.c(1478): Final simple tree
|( QUESTION6 1 -1.447e+04 1.691e+02 4.697e+01
|    ( - -3.579e+02 1 0)
|    ( QUESTION0_10_R 1 -1.394e+04 1.643e+02 4.497e+01
|        ( QUESTION2_0_L -1 -1.469e+03 1.492e+02 6.000e+00
|            ( - -7.557e+02 1 0)
|            ( - -5.643e+02 1 0))
|        ( QUESTION0_5_R 1 -1.231e+04 1.552e+02 3.897e+01
|            ( - -5.064e+03 2 0 QUESTION13 1 1.264e+02 1.696e+01)
|            ( QUESTION0_1_R 1 -7.091e+03 1.291e+02 2.201e+01
|                ( QUESTION0_4_R 1 -6.117e+03 1.285e+02 1.801e+01
|                    ( - -1.004e+03 2 0)
|                    ( QUESTION2_0_L -1 -4.984e+03 1.475e+02 1.401e+01
|                        ( - -2.527e+03 2 0 QUESTION15 1 1.194e+02 8.003e+00)
|                        ( - -2.310e+03 1 0)))
|                ( - -8.449e+02 1 0)))))
s>    ( QUESTION6 1 -1.447e+04 1.691e+02 4.697e+01
s>        ( - -3.579e+02 1 0)
s>        ( QUESTION0_10_R 1 -1.394e+04 1.643e+02 4.497e+01
s>            ( QUESTION2_0_L -1 -1.469e+03 1.492e+02 6.000e+00
s>                ( - -7.557e+02 1 0)
s>                ( - -5.643e+02 1 0))
s>            ( QUESTION0_5_R 1 -1.231e+04 1.552e+02 3.897e+01
s>                ( - -5.064e+03 2 0 QUESTION13 1 1.264e+02 1.696e+01)
s>                ( QUESTION0_1_R 1 -7.091e+03 1.291e+02 2.201e+01
s>                    ( QUESTION0_4_R 1 -6.117e+03 1.285e+02 1.801e+01
s>                        ( - -1.004e+03 2 0)
s>                        ( QUESTION2_0_L -1 -4.984e+03 1.475e+02 1.401e+01
s>                            ( - -2.527e+03 2 0 QUESTION15 1 1.194e+02 8.003e+00)
s>                            ( - -2.310e+03 1 0)))
s>                    ( - -8.449e+02 1 0)))))INFO: dtree.c(1315): Comp split 23
INFO: dtree.c(1439): stop. leaf nodes are specific
INFO: dtree.c(1478): Final simple tree
|( QUESTION2_18_L -1 -9.861e+03 1.215e+02 4.400e+01
|    ( - -3.417e+03 1 0)
|    ( QUESTION2_12_L -1 -6.323e+03 1.036e+02 2.900e+01
|        ( - -8.700e+02 1 0)
|        ( QUESTION4 -1 -5.349e+03 9.569e+01 2.500e+01
|            ( - -1.178e+03 1 0)
|            ( - -4.075e+03 1 0))))
s>    ( QUESTION2_18_L -1 -9.861e+03 1.215e+02 4.400e+01
s>        ( - -3.417e+03 1 0)
s>        ( QUESTION2_12_L -1 -6.323e+03 1.036e+02 2.900e+01
s>            ( - -8.700e+02 1 0)
s>            ( QUESTION4 -1 -5.349e+03 9.569e+01 2.500e+01
s>                ( - -1.178e+03 1 0)
s>                ( - -4.075e+03 1 0))))INFO: dtree.c(1439): stop. leaf nodes are specific
INFO: dtree.c(1478): Final simple tree
|( QUESTION3 -1 -7.949e+04 1.815e+02 3.398e+02
|    ( - -6.584e+04 7 0)
|    ( SILENCE -1 -1.346e+04 1.248e+02 5.863e+01
|        ( - -9.428e+03 2 0)
|        ( - -3.910e+03 1 0)))
s>    ( QUESTION3 -1 -7.949e+04 1.815e+02 3.398e+02
s>        ( - -6.584e+04 7 0)
s>        ( SILENCE -1 -1.346e+04 1.248e+02 5.863e+01
s>            ( - -9.428e+03 2 0)
s>            ( - -3.910e+03 1 0)))INFO: dtree.c(1315): Comp split 24
INFO: dtree.c(1439): stop. leaf nodes are specific
INFO: dtree.c(1478): Final simple tree
|( SILENCE 1 -6.411e+03 7.101e+01 2.908e+01
|    ( - -5.593e+03 2 0)
|    ( - -7.471e+02 2 0))
s>    ( SILENCE 1 -6.411e+03 7.101e+01 2.908e+01
s>        ( - -5.593e+03 2 0)
s>        ( - -7.471e+02 2 0))INFO: dtree.c(1315): Comp split 25
INFO: dtree.c(1439): stop. leaf nodes are specific
INFO: dtree.c(1478): Final simple tree
|( QUESTION0_2_R 1 -1.115e+04 1.798e+02 4.605e+01
|    ( - -1.012e+03 1 0)
|    ( QUESTION0_1_R 1 -9.961e+03 1.531e+02 4.305e+01
|        ( QUESTION2_0_L -1 -1.531e+03 1.217e+02 6.000e+00
|            ( - -8.643e+02 2 0)
|            ( - -5.446e+02 1 0))
|        ( - -8.277e+03 1 0)))
s>    ( QUESTION0_2_R 1 -1.115e+04 1.798e+02 4.605e+01
s>        ( - -1.012e+03 1 0)
s>        ( QUESTION0_1_R 1 -9.961e+03 1.531e+02 4.305e+01
s>            ( QUESTION2_0_L -1 -1.531e+03 1.217e+02 6.000e+00
s>                ( - -8.643e+02 2 0)
s>                ( - -5.446e+02 1 0))
s>            ( - -8.277e+03 1 0)))INFO: dtree.c(1315): Comp split 26
INFO: dtree.c(1439): stop. leaf nodes are specific
INFO: dtree.c(1478): Final simple tree
|( QUESTION0_18_R 1 -1.539e+04 1.724e+02 5.701e+01
|    ( - -4.826e+02 1 0)
|    ( QUESTION4 1 -1.473e+04 1.551e+02 5.401e+01
|        ( QUESTION0_8_R 1 -7.044e+03 1.401e+02 3.000e+01
|            ( - -6.351e+03 3 0)
|            ( - -5.524e+02 1 0))
|        ( QUESTION0_5_R 1 -7.532e+03 1.484e+02 2.401e+01
|            ( - -9.355e+02 1 0)
|            ( QUESTION0_1_R 1 -6.448e+03 1.253e+02 2.001e+01
|                ( - -4.171e+03 1 0)
|                ( - -2.152e+03 2 0)))))
s>    ( QUESTION0_18_R 1 -1.539e+04 1.724e+02 5.701e+01
s>        ( - -4.826e+02 1 0)
s>        ( QUESTION4 1 -1.473e+04 1.551e+02 5.401e+01
s>            ( QUESTION0_8_R 1 -7.044e+03 1.401e+02 3.000e+01
s>                ( - -6.351e+03 3 0)
s>                ( - -5.524e+02 1 0))
s>            ( QUESTION0_5_R 1 -7.532e+03 1.484e+02 2.401e+01
s>                ( - -9.355e+02 1 0)
s>                ( QUESTION0_1_R 1 -6.448e+03 1.253e+02 2.001e+01
s>                    ( - -4.171e+03 1 0)
s>                    ( - -2.152e+03 2 0)))))INFO: dtree.c(1439): stop. leaf nodes are specific
INFO: dtree.c(1478): Final simple tree
|( QUESTION0_1_R 1 -3.918e+03 1.502e+02 1.605e+01
|    ( - -9.856e+02 1 0)
|    ( - -2.783e+03 1 0))
s>    ( QUESTION0_1_R 1 -3.918e+03 1.502e+02 1.605e+01
s>        ( - -9.856e+02 1 0)
s>        ( - -2.783e+03 1 0))INFO: dtree.c(1315): Comp split 27
INFO: dtree.c(1439): stop. leaf nodes are specific
INFO: dtree.c(1478): Final simple tree
|( QUESTION7 -1 -1.691e+04 1.309e+02 6.836e+01
|    ( - -4.460e+03 1 0)
|    ( SILENCE -1 -1.232e+04 8.697e+01 4.836e+01
|        ( - -2.490e+03 1 0)
|        ( - -9.744e+03 1 0)))
s>    ( QUESTION7 -1 -1.691e+04 1.309e+02 6.836e+01
s>        ( - -4.460e+03 1 0)
s>        ( SILENCE -1 -1.232e+04 8.697e+01 4.836e+01
s>            ( - -2.490e+03 1 0)
s>            ( - -9.744e+03 1 0)))INFO: dtree.c(1439): stop. leaf nodes are specific
INFO: dtree.c(1478): Final simple tree
|( QUESTION2_4_L -1 -3.352e+04 1.412e+02 1.384e+02
|    ( - -2.751e+03 1 0)
|    ( QUESTION4 -1 -3.063e+04 1.037e+02 1.257e+02
|        ( QUESTION2_0_L -1 -2.619e+04 6.267e+01 1.077e+02
|            ( - -4.520e+03 1 0)
|            ( - -2.161e+04 3 0))
|        ( - -4.337e+03 1 0)))
s>    ( QUESTION2_4_L -1 -3.352e+04 1.412e+02 1.384e+02
s>        ( - -2.751e+03 1 0)
s>        ( QUESTION4 -1 -3.063e+04 1.037e+02 1.257e+02
s>            ( QUESTION2_0_L -1 -2.619e+04 6.267e+01 1.077e+02
s>                ( - -4.520e+03 1 0)
s>                ( - -2.161e+04 3 0))
s>            ( - -4.337e+03 1 0)))INFO: dtree.c(1315): Comp split 28
INFO: dtree.c(1439): stop. leaf nodes are specific
INFO: dtree.c(1478): Final simple tree
|( SILENCE -1 -1.346e+04 1.248e+02 5.863e+01
|    ( - -9.428e+03 2 0)
|    ( - -3.910e+03 1 0))
s>    ( SILENCE -1 -1.346e+04 1.248e+02 5.863e+01
s>        ( - -9.428e+03 2 0)
s>        ( - -3.910e+03 1 0))INFO: dtree.c(1315): Comp split 29
INFO: dtree.c(1315): Comp split 30
INFO: dtree.c(1439): stop. leaf nodes are specific
INFO: dtree.c(1478): Final simple tree
|( QUESTION0_1_R 1 -7.091e+03 1.291e+02 2.201e+01
|    ( QUESTION0_4_R 1 -6.117e+03 1.285e+02 1.801e+01
|        ( - -1.004e+03 2 0)
|        ( QUESTION2_0_L -1 -4.984e+03 1.475e+02 1.401e+01
|            ( QUESTION15 1 -2.527e+03 1.194e+02 8.003e+00
|                ( - -1.421e+03 1 0)
|                ( - -9.864e+02 1 0))
|            ( - -2.310e+03 1 0)))
|    ( - -8.449e+02 1 0))
s>    ( QUESTION0_1_R 1 -7.091e+03 1.291e+02 2.201e+01
s>        ( QUESTION0_4_R 1 -6.117e+03 1.285e+02 1.801e+01
s>            ( - -1.004e+03 2 0)
s>            ( QUESTION2_0_L -1 -4.984e+03 1.475e+02 1.401e+01
s>                ( QUESTION15 1 -2.527e+03 1.194e+02 8.003e+00
s>                    ( - -1.421e+03 1 0)
s>                    ( - -9.864e+02 1 0))
s>                ( - -2.310e+03 1 0)))
s>        ( - -8.449e+02 1 0))INFO: dtree.c(1439): stop. leaf nodes are specific
INFO: dtree.c(1478): Final simple tree
|( QUESTION6 1 -7.198e+03 1.728e+02 2.496e+01
|    ( - -3.579e+02 1 0)
|    ( QUESTION13 1 -6.668e+03 1.358e+02 2.296e+01
|        ( - -4.291e+03 1 0)
|        ( QUESTION0_1_R 1 -2.241e+03 1.253e+02 9.000e+00
|            ( - -6.468e+02 1 0)
|            ( QUESTION2_0_L -1 -1.469e+03 1.492e+02 6.000e+00
|                ( - -7.557e+02 1 0)
|                ( - -5.643e+02 1 0)))))
s>    ( QUESTION6 1 -7.198e+03 1.728e+02 2.496e+01
s>        ( - -3.579e+02 1 0)
s>        ( QUESTION13 1 -6.668e+03 1.358e+02 2.296e+01
s>            ( - -4.291e+03 1 0)
s>            ( QUESTION0_1_R 1 -2.241e+03 1.253e+02 9.000e+00
s>                ( - -6.468e+02 1 0)
s>                ( QUESTION2_0_L -1 -1.469e+03 1.492e+02 6.000e+00
s>                    ( - -7.557e+02 1 0)
s>                    ( - -5.643e+02 1 0)))))INFO: dtree.c(1315): Comp split 31
INFO: dtree.c(1439): stop. leaf nodes are specific
INFO: dtree.c(1478): Final simple tree
|( QUESTION0_1_R 1 -9.961e+03 1.531e+02 4.305e+01
|    ( QUESTION2_0_L -1 -1.531e+03 1.217e+02 6.000e+00
|        ( - -8.643e+02 2 0)
|        ( - -5.446e+02 1 0))
|    ( - -8.277e+03 1 0))
s>    ( QUESTION0_1_R 1 -9.961e+03 1.531e+02 4.305e+01
s>        ( QUESTION2_0_L -1 -1.531e+03 1.217e+02 6.000e+00
s>            ( - -8.643e+02 2 0)
s>            ( - -5.446e+02 1 0))
s>        ( - -8.277e+03 1 0))INFO: dtree.c(1315): Comp split 32
INFO: dtree.c(1439): stop. leaf nodes are specific
INFO: dtree.c(1478): Final simple tree
|( QUESTION13 1 -6.668e+03 1.358e+02 2.296e+01
|    ( - -4.291e+03 1 0)
|    ( QUESTION0_1_R 1 -2.241e+03 1.253e+02 9.000e+00
|        ( - -6.468e+02 1 0)
|        ( QUESTION2_0_L -1 -1.469e+03 1.492e+02 6.000e+00
|            ( - -7.557e+02 1 0)
|            ( - -5.643e+02 1 0))))
s>    ( QUESTION13 1 -6.668e+03 1.358e+02 2.296e+01
s>        ( - -4.291e+03 1 0)
s>        ( QUESTION0_1_R 1 -2.241e+03 1.253e+02 9.000e+00
s>            ( - -6.468e+02 1 0)
s>            ( QUESTION2_0_L -1 -1.469e+03 1.492e+02 6.000e+00
s>                ( - -7.557e+02 1 0)
s>                ( - -5.643e+02 1 0))))INFO: dtree.c(1315): Comp split 33
INFO: dtree.c(1439): stop. leaf nodes are specific
INFO: dtree.c(1478): Final simple tree
|( QUESTION4 1 -1.473e+04 1.551e+02 5.401e+01
|    ( QUESTION0_8_R 1 -7.044e+03 1.401e+02 3.000e+01
|        ( - -6.351e+03 3 0)
|        ( - -5.524e+02 1 0))
|    ( QUESTION0_5_R 1 -7.532e+03 1.484e+02 2.401e+01
|        ( - -9.355e+02 1 0)
|        ( QUESTION0_1_R 1 -6.448e+03 1.253e+02 2.001e+01
|            ( - -4.171e+03 1 0)
|            ( - -2.152e+03 2 0))))
s>    ( QUESTION4 1 -1.473e+04 1.551e+02 5.401e+01
s>        ( QUESTION0_8_R 1 -7.044e+03 1.401e+02 3.000e+01
s>            ( - -6.351e+03 3 0)
s>            ( - -5.524e+02 1 0))
s>        ( QUESTION0_5_R 1 -7.532e+03 1.484e+02 2.401e+01
s>            ( - -9.355e+02 1 0)
s>            ( QUESTION0_1_R 1 -6.448e+03 1.253e+02 2.001e+01
s>                ( - -4.171e+03 1 0)
s>                ( - -2.152e+03 2 0))))INFO: dtree.c(1315): Comp split 34
INFO: dtree.c(1315): Comp split 35
INFO: dtree.c(1315): Comp split 36
INFO: dtree.c(1439): stop. leaf nodes are specific
INFO: dtree.c(1478): Final simple tree
|( QUESTION13 1 -5.749e+03 1.396e+02 1.996e+01
|    ( - -4.291e+03 1 0)
|    ( QUESTION0_1_R 1 -1.318e+03 1.074e+02 6.000e+00
|        ( - -6.468e+02 1 0)
|        ( - -5.643e+02 1 0)))
s>    ( QUESTION13 1 -5.749e+03 1.396e+02 1.996e+01
s>        ( - -4.291e+03 1 0)
s>        ( QUESTION0_1_R 1 -1.318e+03 1.074e+02 6.000e+00
s>            ( - -6.468e+02 1 0)
s>            ( - -5.643e+02 1 0)))INFO: dtree.c(1315): Comp split 37
INFO: dtree.c(1439): stop. leaf nodes are specific
INFO: dtree.c(1478): Final simple tree
|( QUESTION4 -1 -9.950e+03 1.009e+02 3.900e+01
|    ( - -6.033e+03 1 0)
|    ( - -3.817e+03 1 0))
s>    ( QUESTION4 -1 -9.950e+03 1.009e+02 3.900e+01
s>        ( - -6.033e+03 1 0)
s>        ( - -3.817e+03 1 0))INFO: dtree.c(1315): Comp split 38
INFO: dtree.c(1439): stop. leaf nodes are specific
INFO: dtree.c(1478): Final simple tree
|( QUESTION0_5_R 1 -7.532e+03 1.484e+02 2.401e+01
|    ( - -9.355e+02 1 0)
|    ( QUESTION0_1_R 1 -6.448e+03 1.253e+02 2.001e+01
|        ( - -4.171e+03 1 0)
|        ( - -2.152e+03 2 0)))
s>    ( QUESTION0_5_R 1 -7.532e+03 1.484e+02 2.401e+01
s>        ( - -9.355e+02 1 0)
s>        ( QUESTION0_1_R 1 -6.448e+03 1.253e+02 2.001e+01
s>            ( - -4.171e+03 1 0)
s>            ( - -2.152e+03 2 0)))INFO: dtree.c(1439): stop. leaf nodes are specific
INFO: dtree.c(1478): Final simple tree
|( QUESTION0_8_R 1 -7.044e+03 1.401e+02 3.000e+01
|    ( - -6.351e+03 3 0)
|    ( - -5.524e+02 1 0))
s>    ( QUESTION0_8_R 1 -7.044e+03 1.401e+02 3.000e+01
s>        ( - -6.351e+03 3 0)
s>        ( - -5.524e+02 1 0))INFO: dtree.c(1315): Comp split 39
INFO: dtree.c(1439): stop. leaf nodes are specific
INFO: dtree.c(1478): Final simple tree
|( QUESTION2_0_L -1 -1.531e+03 1.217e+02 6.000e+00
|    ( - -8.643e+02 2 0)
|    ( - -5.446e+02 1 0))
s>    ( QUESTION2_0_L -1 -1.531e+03 1.217e+02 6.000e+00
s>        ( - -8.643e+02 2 0)
s>        ( - -5.446e+02 1 0))INFO: dtree.c(1315): Comp split 40
INFO: dtree.c(1315): Comp split 41
INFO: dtree.c(1439): stop. leaf nodes are specific
INFO: dtree.c(1478): Final simple tree
|( QUESTION0_1_R 1 -6.448e+03 1.253e+02 2.001e+01
|    ( - -4.171e+03 1 0)
|    ( - -2.152e+03 2 0))
s>    ( QUESTION0_1_R 1 -6.448e+03 1.253e+02 2.001e+01
s>        ( - -4.171e+03 1 0)
s>        ( - -2.152e+03 2 0))INFO: dtree.c(1315): Comp split 42
INFO: dtree.c(1439): stop. leaf nodes are specific
INFO: dtree.c(1478): Final simple tree
|( QUESTION0_1_R 1 -4.635e+03 1.345e+02 1.600e+01
|    ( QUESTION0_4_R 1 -3.656e+03 1.251e+02 1.200e+01
|        ( - -1.004e+03 2 0)
|        ( QUESTION15 1 -2.527e+03 1.194e+02 8.003e+00
|            ( - -1.421e+03 1 0)
|            ( - -9.864e+02 1 0)))
|    ( - -8.449e+02 1 0))
s>    ( QUESTION0_1_R 1 -4.635e+03 1.345e+02 1.600e+01
s>        ( QUESTION0_4_R 1 -3.656e+03 1.251e+02 1.200e+01
s>            ( - -1.004e+03 2 0)
s>            ( QUESTION15 1 -2.527e+03 1.194e+02 8.003e+00
s>                ( - -1.421e+03 1 0)
s>                ( - -9.864e+02 1 0)))
s>        ( - -8.449e+02 1 0))INFO: dtree.c(1315): Comp split 43
INFO: dtree.c(1439): stop. leaf nodes are specific
INFO: dtree.c(1478): Final simple tree
|( QUESTION4 -1 -3.063e+04 1.037e+02 1.257e+02
|    ( QUESTION2_0_L -1 -2.619e+04 6.267e+01 1.077e+02
|        ( - -4.520e+03 1 0)
|        ( - -2.161e+04 3 0))
|    ( - -4.337e+03 1 0))
s>    ( QUESTION4 -1 -3.063e+04 1.037e+02 1.257e+02
s>        ( QUESTION2_0_L -1 -2.619e+04 6.267e+01 1.077e+02
s>            ( - -4.520e+03 1 0)
s>            ( - -2.161e+04 3 0))
s>        ( - -4.337e+03 1 0))INFO: dtree.c(1315): Comp split 44
INFO: dtree.c(1315): Comp split 45
INFO: dtree.c(1439): stop. leaf nodes are specific
INFO: dtree.c(1478): Final simple tree
|( QUESTION0_1_R 1 -1.318e+03 1.074e+02 6.000e+00
|    ( - -6.468e+02 1 0)
|    ( - -5.643e+02 1 0))
s>    ( QUESTION0_1_R 1 -1.318e+03 1.074e+02 6.000e+00
s>        ( - -6.468e+02 1 0)
s>        ( - -5.643e+02 1 0))INFO: dtree.c(1315): Comp split 46
INFO: dtree.c(1439): stop. leaf nodes are specific
INFO: dtree.c(1478): Final simple tree
|( QUESTION0 -1 -7.493e+03 8.736e+01 3.000e+01
|    ( - -4.368e+03 1 0)
|    ( - -3.038e+03 1 0))
s>    ( QUESTION0 -1 -7.493e+03 8.736e+01 3.000e+01
s>        ( - -4.368e+03 1 0)
s>        ( - -3.038e+03 1 0))INFO: dtree.c(1315): Comp split 47
INFO: dtree.c(1439): stop. leaf nodes are specific
INFO: dtree.c(1478): Final simple tree
|( QUESTION0_4_R 1 -3.656e+03 1.251e+02 1.200e+01
|    ( - -1.004e+03 2 0)
|    ( QUESTION15 1 -2.527e+03 1.194e+02 8.003e+00
|        ( - -1.421e+03 1 0)
|        ( - -9.864e+02 1 0)))
s>    ( QUESTION0_4_R 1 -3.656e+03 1.251e+02 1.200e+01
s>        ( - -1.004e+03 2 0)
s>        ( QUESTION15 1 -2.527e+03 1.194e+02 8.003e+00
s>            ( - -1.421e+03 1 0)
s>            ( - -9.864e+02 1 0)))INFO: dtree.c(1315): Comp split 48
INFO: dtree.c(1439): stop. leaf nodes are specific
INFO: dtree.c(1478): Final simple tree
|( SILENCE -1 -1.232e+04 8.697e+01 4.836e+01
|    ( - -2.490e+03 1 0)
|    ( - -9.744e+03 1 0))
s>    ( SILENCE -1 -1.232e+04 8.697e+01 4.836e+01
s>        ( - -2.490e+03 1 0)
s>        ( - -9.744e+03 1 0))INFO: dtree.c(1315): Comp split 49
INFO: dtree.c(1315): Comp split 50
INFO: dtree.c(1439): stop. leaf nodes are specific
INFO: dtree.c(1478): Final simple tree
|( QUESTION15 1 -2.527e+03 1.194e+02 8.003e+00
|    ( - -1.421e+03 1 0)
|    ( - -9.864e+02 1 0))
s>    ( QUESTION15 1 -2.527e+03 1.194e+02 8.003e+00
s>        ( - -1.421e+03 1 0)
s>        ( - -9.864e+02 1 0))INFO: dtree.c(1315): Comp split 51
INFO: dtree.c(1315): Comp split 52
INFO: dtree.c(1439): stop. leaf nodes are specific
INFO: dtree.c(1478): Final simple tree
|( QUESTION4 -1 -5.349e+03 9.569e+01 2.500e+01
|    ( - -1.178e+03 1 0)
|    ( - -4.075e+03 1 0))
s>    ( QUESTION4 -1 -5.349e+03 9.569e+01 2.500e+01
s>        ( - -1.178e+03 1 0)
s>        ( - -4.075e+03 1 0))INFO: dtree.c(1439): stop. leaf nodes are specific
INFO: dtree.c(1478): Final simple tree
|( QUESTION2_10_L -1 -4.387e+03 1.003e+02 1.900e+01
|    ( - -8.700e+02 1 0)
|    ( - -3.417e+03 1 0))
s>    ( QUESTION2_10_L -1 -4.387e+03 1.003e+02 1.900e+01
s>        ( - -8.700e+02 1 0)
s>        ( - -3.417e+03 1 0))INFO: dtree.c(1315): Comp split 53
INFO: dtree.c(1315): Comp split 54
INFO: dtree.c(1315): Comp split 55
INFO: dtree.c(1439): stop. leaf nodes are specific
INFO: dtree.c(1478): Final simple tree
|( QUESTION0 -1 -8.746e+04 1.001e+02 3.748e+02
|    ( - -7.561e+04 3 0)
|    ( QUESTION4 -1 -1.175e+04 7.455e+01 5.118e+01
|        ( - -7.236e+03 1 0)
|        ( - -4.436e+03 1 0)))
s>    ( QUESTION0 -1 -8.746e+04 1.001e+02 3.748e+02
s>        ( - -7.561e+04 3 0)
s>        ( QUESTION4 -1 -1.175e+04 7.455e+01 5.118e+01
s>            ( - -7.236e+03 1 0)
s>            ( - -4.436e+03 1 0)))INFO: dtree.c(1315): Comp split 56
INFO: dtree.c(1315): Comp split 57
INFO: dtree.c(1315): Comp split 58
INFO: dtree.c(1439): stop. leaf nodes are specific
INFO: dtree.c(1478): Final simple tree
|( QUESTION2_0_L -1 -2.619e+04 6.267e+01 1.077e+02
|    ( - -4.520e+03 1 0)
|    ( - -2.161e+04 3 0))
s>    ( QUESTION2_0_L -1 -2.619e+04 6.267e+01 1.077e+02
s>        ( - -4.520e+03 1 0)
s>        ( - -2.161e+04 3 0))INFO: dtree.c(1315): Comp split 59
INFO: dtree.c(1315): Comp split 60
INFO: dtree.c(1315): Comp split 61
INFO: dtree.c(1439): stop. leaf nodes are specific
INFO: dtree.c(1478): Final simple tree
|( QUESTION4 -1 -1.175e+04 7.455e+01 5.118e+01
|    ( - -7.236e+03 1 0)
|    ( - -4.436e+03 1 0))
s>    ( QUESTION4 -1 -1.175e+04 7.455e+01 5.118e+01
s>        ( - -7.236e+03 1 0)
s>        ( - -4.436e+03 1 0))INFO: dtree.c(1315): Comp split 62
INFO: dtree.c(1315): Comp split 63
INFO: dtree.c(1315): Comp split 64
INFO: dtree.c(1315): Comp split 65
INFO: dtree.c(1315): Comp split 66
INFO: dtree.c(1315): Comp split 67
INFO: dtree.c(1315): Comp split 68
INFO: dtree.c(1318): stop. leaf nodes are specific
Mon Jan 30 07:35:46 2017
