Current configuration:
[NAME]		[DEFLT]	[VALUE]
-allphones	no	no
-cntthresh	0.00001	1.000000e-05
-csplitmax	100	2000
-csplitmin	1	1
-csplitthr	8e-4	0.000000e+00
-example	no	no
-fullvar	no	no
-help		no	no
-meanfn			/Users/benroye/forge/cmusphinx/voiceVim/model_parameters/voiceVim.cd_cont_untied/means
-mixwfn			/Users/benroye/forge/cmusphinx/voiceVim/model_parameters/voiceVim.cd_cont_untied/mixture_weights
-moddeffn		/Users/benroye/forge/cmusphinx/voiceVim/model_architecture/voiceVim.untied.mdef
-mwfloor	1e-4	1.000000e-08
-phone			aa
-psetfn			/Users/benroye/forge/cmusphinx/voiceVim/model_architecture/voiceVim.tree_questions
-ssplitmax	5	7
-ssplitmin	1	1
-ssplitthr	8e-4	0.000000e+00
-state			1
-stwt			1.0,0.05,0.0,
-treefn			/Users/benroye/forge/cmusphinx/voiceVim/trees/voiceVim.unpruned/aa-1.dtree
-ts2cbfn	.semi.	.cont.
-varfloor	0.00001	1.000000e-05
-varfn			/Users/benroye/forge/cmusphinx/voiceVim/model_parameters/voiceVim.cd_cont_untied/variances

INFO: main.c(223): Reading: /Users/benroye/forge/cmusphinx/voiceVim/model_architecture/voiceVim.untied.mdef
INFO: model_def_io.c(573): Model definition info:
INFO: model_def_io.c(574): 2249 total models defined (39 base, 2210 tri)
INFO: model_def_io.c(575): 8996 total states
INFO: model_def_io.c(576): 6747 total tied states
INFO: model_def_io.c(577): 117 total tied CI states
INFO: model_def_io.c(578): 39 total tied transition matrices
INFO: model_def_io.c(579): 4 max state/model
INFO: model_def_io.c(580): 4 min state/model
INFO: main.c(242): Building trees for [aa SIL l b] through [aa uh l b]
INFO: main.c(269): Covering states |[117 233]| == 117
INFO: main.c(275): Reading: /Users/benroye/forge/cmusphinx/voiceVim/model_parameters/voiceVim.cd_cont_untied/mixture_weights
INFO: s3mixw_io.c(173): Read /Users/benroye/forge/cmusphinx/voiceVim/model_parameters/voiceVim.cd_cont_untied/mixture_weights [117x1x1 array]
INFO: main.c(311): 39 of 39 models have observation count greater than 0.000010
INFO: main.c(95): nrm stwt: 0.045 0.909 0.045 
INFO: s3gau_io.c(169): Read /Users/benroye/forge/cmusphinx/voiceVim/model_parameters/voiceVim.cd_cont_untied/means [6747x1x1 array]
INFO: s3gau_io.c(169): Read /Users/benroye/forge/cmusphinx/voiceVim/model_parameters/voiceVim.cd_cont_untied/variances [6747x1x1 array]
INFO: main.c(549): Reading: /Users/benroye/forge/cmusphinx/voiceVim/model_architecture/voiceVim.tree_questions
INFO: main.c(588): 174 total simple questions (166 phone; 8 word bndry)
INFO: main.c(590): 40 Left Only questions, and 42 Right Only questions
INFO: dtree.c(1478): Final simple tree
|( QUESTION2 -1 -6.719e+05 5.957e+03 3.289e+03
|    ( QUESTION0_6_R 1 -1.942e+05 2.344e+03 9.854e+02
|        ( - -6.716e+04 1 0)
|        ( - -1.247e+05 5 0 QUESTION0_1_R 1 1.045e+03 6.404e+02))
|    ( QUESTION4 1 -4.718e+05 5.552e+03 2.304e+03
|        ( QUESTION0_12_R 1 -1.383e+05 3.764e+03 6.546e+02
|            ( - -8.621e+04 13 0 WDBNDRY_B 0 6.623e+02 4.129e+02)
|            ( QUESTION6 -1 -4.829e+04 1.282e+03 2.417e+02
|                ( - -3.832e+04 1 0)
|                ( - -8.687e+03 2 0 WDBNDRY_E 0 5.025e+02 4.150e+01)))
|        ( QUESTION0 1 -3.280e+05 2.492e+03 1.649e+03
|            ( QUESTION2_10_L -1 -1.308e+05 1.720e+03 6.523e+02
|                ( - -6.371e+04 1 0)
|                ( - -6.538e+04 6 0 QUESTION0 -1 1.111e+03 3.191e+02))
|            ( - -1.946e+05 10 0 QUESTION2_18_L -1 1.240e+03 9.966e+02))))
s>    ( QUESTION2 -1 -6.719e+05 5.957e+03 3.289e+03
s>        ( QUESTION0_6_R 1 -1.942e+05 2.344e+03 9.854e+02
s>            ( - -6.716e+04 1 0)
s>            ( - -1.247e+05 5 0 QUESTION0_1_R 1 1.045e+03 6.404e+02))
s>        ( QUESTION4 1 -4.718e+05 5.552e+03 2.304e+03
s>            ( QUESTION0_12_R 1 -1.383e+05 3.764e+03 6.546e+02
s>                ( - -8.621e+04 13 0 WDBNDRY_B 0 6.623e+02 4.129e+02)
s>                ( QUESTION6 -1 -4.829e+04 1.282e+03 2.417e+02
s>                    ( - -3.832e+04 1 0)
s>                    ( - -8.687e+03 2 0 WDBNDRY_E 0 5.025e+02 4.150e+01)))
s>            ( QUESTION0 1 -3.280e+05 2.492e+03 1.649e+03
s>                ( QUESTION2_10_L -1 -1.308e+05 1.720e+03 6.523e+02
s>                    ( - -6.371e+04 1 0)
s>                    ( - -6.538e+04 6 0 QUESTION0 -1 1.111e+03 3.191e+02))
s>                ( - -1.946e+05 10 0 QUESTION2_18_L -1 1.240e+03 9.966e+02))))INFO: dtree.c(1315): Comp split 0
INFO: dtree.c(1478): Final simple tree
|( QUESTION0 1 -3.374e+05 2.515e+03 1.690e+03
|    ( QUESTION2_10_L -1 -1.308e+05 1.720e+03 6.523e+02
|        ( - -6.371e+04 1 0)
|        ( QUESTION0 -1 -6.538e+04 1.111e+03 3.191e+02
|            ( - -7.145e+03 1 0)
|            ( - -5.713e+04 5 0 QUESTION12 -1 4.192e+02 2.815e+02)))
|    ( WDBNDRY_E 0 -2.041e+05 1.417e+03 1.038e+03
|        ( - -1.926e+04 6 0 QUESTION18 1 2.785e+02 9.613e+01)
|        ( QUESTION0_6_R 1 -1.834e+05 1.161e+03 9.420e+02
|            ( QUESTION4 -1 -6.774e+04 6.560e+02 3.557e+02
|                ( - -4.352e+04 1 0)
|                ( - -2.357e+04 1 0))
|            ( QUESTION4 1 -1.145e+05 7.492e+02 5.863e+02
|                ( - -4.812e+03 1 0)
|                ( - -1.089e+05 3 0 QUESTION0_1_R 1 6.397e+02 5.622e+02)))))
s>    ( QUESTION0 1 -3.374e+05 2.515e+03 1.690e+03
s>        ( QUESTION2_10_L -1 -1.308e+05 1.720e+03 6.523e+02
s>            ( - -6.371e+04 1 0)
s>            ( QUESTION0 -1 -6.538e+04 1.111e+03 3.191e+02
s>                ( - -7.145e+03 1 0)
s>                ( - -5.713e+04 5 0 QUESTION12 -1 4.192e+02 2.815e+02)))
s>        ( WDBNDRY_E 0 -2.041e+05 1.417e+03 1.038e+03
s>            ( - -1.926e+04 6 0 QUESTION18 1 2.785e+02 9.613e+01)
s>            ( QUESTION0_6_R 1 -1.834e+05 1.161e+03 9.420e+02
s>                ( QUESTION4 -1 -6.774e+04 6.560e+02 3.557e+02
s>                    ( - -4.352e+04 1 0)
s>                    ( - -2.357e+04 1 0))
s>                ( QUESTION4 1 -1.145e+05 7.492e+02 5.863e+02
s>                    ( - -4.812e+03 1 0)
s>                    ( - -1.089e+05 3 0 QUESTION0_1_R 1 6.397e+02 5.622e+02)))))INFO: dtree.c(1478): Final simple tree
|( QUESTION6 -1 -3.258e+05 4.064e+03 1.599e+03
|    ( - -3.832e+04 1 0)
|    ( WDBNDRY_B 0 -2.834e+05 3.560e+03 1.398e+03
|        ( QUESTION2_10_L -1 -8.160e+04 4.918e+02 3.909e+02
|            ( - 1.122e+02 1 0)
|            ( QUESTION4 -1 -8.122e+04 3.928e+02 3.899e+02
|                ( - -3.550e+04 6 0 QUESTION2_9_L -1 2.179e+02 1.633e+02)
|                ( - -4.532e+04 7 0 QUESTION1 -1 2.237e+02 2.266e+02)))
|        ( QUESTION0_6_R 1 -1.982e+05 2.407e+03 1.007e+03
|            ( - -6.716e+04 1 0)
|            ( QUESTION0_1_R 1 -1.287e+05 9.836e+02 6.625e+02
|                ( - -8.803e+04 1 0)
|                ( WDBNDRY_E 0 -3.966e+04 4.738e+02 2.052e+02
|                    ( - -1.082e+03 1 0)
|                    ( - -3.810e+04 2 0 QUESTION1 -1 2.664e+02 1.982e+02))))))
s>    ( QUESTION6 -1 -3.258e+05 4.064e+03 1.599e+03
s>        ( - -3.832e+04 1 0)
s>        ( WDBNDRY_B 0 -2.834e+05 3.560e+03 1.398e+03
s>            ( QUESTION2_10_L -1 -8.160e+04 4.918e+02 3.909e+02
s>                ( - 1.122e+02 1 0)
s>                ( QUESTION4 -1 -8.122e+04 3.928e+02 3.899e+02
s>                    ( - -3.550e+04 6 0 QUESTION2_9_L -1 2.179e+02 1.633e+02)
s>                    ( - -4.532e+04 7 0 QUESTION1 -1 2.237e+02 2.266e+02)))
s>            ( QUESTION0_6_R 1 -1.982e+05 2.407e+03 1.007e+03
s>                ( - -6.716e+04 1 0)
s>                ( QUESTION0_1_R 1 -1.287e+05 9.836e+02 6.625e+02
s>                    ( - -8.803e+04 1 0)
s>                    ( WDBNDRY_E 0 -3.966e+04 4.738e+02 2.052e+02
s>                        ( - -1.082e+03 1 0)
s>                        ( - -3.810e+04 2 0 QUESTION1 -1 2.664e+02 1.982e+02))))))INFO: dtree.c(1315): Comp split 1
INFO: dtree.c(1478): Final simple tree
|( WDBNDRY_B 0 -1.510e+05 2.580e+03 7.349e+02
|    ( QUESTION4 -1 -8.122e+04 3.928e+02 3.899e+02
|        ( QUESTION2_9_L -1 -3.550e+04 2.179e+02 1.633e+02
|            ( - -5.273e+03 2 0)
|            ( QUESTION2_0_L -1 -3.001e+04 1.935e+02 1.412e+02
|                ( - -7.936e+02 1 0)
|                ( - -2.903e+04 3 0)))
|        ( QUESTION1 -1 -4.532e+04 2.237e+02 2.266e+02
|            ( - -1.217e+04 1 0)
|            ( QUESTION3 -1 -3.293e+04 2.106e+02 1.646e+02
|                ( - -2.056e+04 2 0 QUESTION19 -1 1.368e+02 1.036e+02)
|                ( SILENCE -1 -1.216e+04 1.550e+02 6.101e+01
|                    ( - -6.825e+03 1 0)
|                    ( - -5.180e+03 3 0)))))
|    ( - -6.716e+04 1 0))
s>    ( WDBNDRY_B 0 -1.510e+05 2.580e+03 7.349e+02
s>        ( QUESTION4 -1 -8.122e+04 3.928e+02 3.899e+02
s>            ( QUESTION2_9_L -1 -3.550e+04 2.179e+02 1.633e+02
s>                ( - -5.273e+03 2 0)
s>                ( QUESTION2_0_L -1 -3.001e+04 1.935e+02 1.412e+02
s>                    ( - -7.936e+02 1 0)
s>                    ( - -2.903e+04 3 0)))
s>            ( QUESTION1 -1 -4.532e+04 2.237e+02 2.266e+02
s>                ( - -1.217e+04 1 0)
s>                ( QUESTION3 -1 -3.293e+04 2.106e+02 1.646e+02
s>                    ( - -2.056e+04 2 0 QUESTION19 -1 1.368e+02 1.036e+02)
s>                    ( SILENCE -1 -1.216e+04 1.550e+02 6.101e+01
s>                        ( - -6.825e+03 1 0)
s>                        ( - -5.180e+03 3 0)))))
s>        ( - -6.716e+04 1 0))INFO: dtree.c(1439): stop. leaf nodes are specific
INFO: dtree.c(1478): Final simple tree
|( QUESTION5 -1 -1.706e+05 3.235e+03 8.636e+02
|    ( - -3.832e+04 1 0)
|    ( QUESTION0_1_R 1 -1.291e+05 9.851e+02 6.635e+02
|        ( - -8.803e+04 1 0)
|        ( WDBNDRY_B 0 -4.004e+04 4.979e+02 2.062e+02
|            ( - 1.122e+02 1 0)
|            ( WDBNDRY_E 0 -3.966e+04 4.738e+02 2.052e+02
|                ( - -1.082e+03 1 0)
|                ( QUESTION1 -1 -3.810e+04 2.664e+02 1.982e+02
|                    ( - -7.823e+03 1 0)
|                    ( - -3.001e+04 1 0))))))
s>    ( QUESTION5 -1 -1.706e+05 3.235e+03 8.636e+02
s>        ( - -3.832e+04 1 0)
s>        ( QUESTION0_1_R 1 -1.291e+05 9.851e+02 6.635e+02
s>            ( - -8.803e+04 1 0)
s>            ( WDBNDRY_B 0 -4.004e+04 4.979e+02 2.062e+02
s>                ( - 1.122e+02 1 0)
s>                ( WDBNDRY_E 0 -3.966e+04 4.738e+02 2.052e+02
s>                    ( - -1.082e+03 1 0)
s>                    ( QUESTION1 -1 -3.810e+04 2.664e+02 1.982e+02
s>                        ( - -7.823e+03 1 0)
s>                        ( - -3.001e+04 1 0))))))INFO: dtree.c(1315): Comp split 2
INFO: dtree.c(1439): stop. leaf nodes are specific
INFO: dtree.c(1478): Final simple tree
|( QUESTION0_1_R 1 -1.291e+05 9.851e+02 6.635e+02
|    ( - -8.803e+04 1 0)
|    ( WDBNDRY_B 0 -4.004e+04 4.979e+02 2.062e+02
|        ( - 1.122e+02 1 0)
|        ( WDBNDRY_E 0 -3.966e+04 4.738e+02 2.052e+02
|            ( - -1.082e+03 1 0)
|            ( QUESTION1 -1 -3.810e+04 2.664e+02 1.982e+02
|                ( - -7.823e+03 1 0)
|                ( - -3.001e+04 1 0)))))
s>    ( QUESTION0_1_R 1 -1.291e+05 9.851e+02 6.635e+02
s>        ( - -8.803e+04 1 0)
s>        ( WDBNDRY_B 0 -4.004e+04 4.979e+02 2.062e+02
s>            ( - 1.122e+02 1 0)
s>            ( WDBNDRY_E 0 -3.966e+04 4.738e+02 2.052e+02
s>                ( - -1.082e+03 1 0)
s>                ( QUESTION1 -1 -3.810e+04 2.664e+02 1.982e+02
s>                    ( - -7.823e+03 1 0)
s>                    ( - -3.001e+04 1 0)))))INFO: dtree.c(1315): Comp split 3
INFO: dtree.c(1478): Final simple tree
|( WDBNDRY_I 0 -2.122e+05 1.556e+03 1.076e+03
|    ( QUESTION0_6_R 1 -1.834e+05 1.161e+03 9.420e+02
|        ( QUESTION4 -1 -6.774e+04 6.560e+02 3.557e+02
|            ( - -4.352e+04 1 0)
|            ( - -2.357e+04 1 0))
|        ( QUESTION4 1 -1.145e+05 7.492e+02 5.863e+02
|            ( - -4.812e+03 1 0)
|            ( QUESTION0_1_R 1 -1.089e+05 6.397e+02 5.622e+02
|                ( QUESTION4 -1 -8.646e+04 4.129e+02 4.463e+02
|                    ( - -9.498e+03 1 0)
|                    ( - -7.655e+04 1 0))
|                ( - -2.184e+04 1 0))))
|    ( WDBNDRY_B 0 -2.720e+04 8.037e+02 1.338e+02
|        ( - -7.145e+03 1 0)
|        ( - -1.926e+04 6 0 QUESTION18 1 2.785e+02 9.613e+01)))
s>    ( WDBNDRY_I 0 -2.122e+05 1.556e+03 1.076e+03
s>        ( QUESTION0_6_R 1 -1.834e+05 1.161e+03 9.420e+02
s>            ( QUESTION4 -1 -6.774e+04 6.560e+02 3.557e+02
s>                ( - -4.352e+04 1 0)
s>                ( - -2.357e+04 1 0))
s>            ( QUESTION4 1 -1.145e+05 7.492e+02 5.863e+02
s>                ( - -4.812e+03 1 0)
s>                ( QUESTION0_1_R 1 -1.089e+05 6.397e+02 5.622e+02
s>                    ( QUESTION4 -1 -8.646e+04 4.129e+02 4.463e+02
s>                        ( - -9.498e+03 1 0)
s>                        ( - -7.655e+04 1 0))
s>                    ( - -2.184e+04 1 0))))
s>        ( WDBNDRY_B 0 -2.720e+04 8.037e+02 1.338e+02
s>            ( - -7.145e+03 1 0)
s>            ( - -1.926e+04 6 0 QUESTION18 1 2.785e+02 9.613e+01)))INFO: dtree.c(1439): stop. leaf nodes are specific
INFO: dtree.c(1478): Final simple tree
|( QUESTION2_10_L -1 -1.224e+05 1.576e+03 6.146e+02
|    ( - -6.371e+04 1 0)
|    ( QUESTION12 -1 -5.713e+04 4.192e+02 2.815e+02
|        ( - -4.684e+04 1 0)
|        ( WDBNDRY_E 0 -9.870e+03 3.868e+02 4.517e+01
|            ( - -8.125e+02 1 0)
|            ( QUESTION4 -1 -8.670e+03 2.159e+02 3.917e+01
|                ( - -2.425e+02 1 0)
|                ( WDBNDRY_B 0 -8.212e+03 2.217e+02 3.717e+01
|                    ( - -4.181e+02 1 0)
|                    ( - -7.572e+03 1 0))))))
s>    ( QUESTION2_10_L -1 -1.224e+05 1.576e+03 6.146e+02
s>        ( - -6.371e+04 1 0)
s>        ( QUESTION12 -1 -5.713e+04 4.192e+02 2.815e+02
s>            ( - -4.684e+04 1 0)
s>            ( WDBNDRY_E 0 -9.870e+03 3.868e+02 4.517e+01
s>                ( - -8.125e+02 1 0)
s>                ( QUESTION4 -1 -8.670e+03 2.159e+02 3.917e+01
s>                    ( - -2.425e+02 1 0)
s>                    ( WDBNDRY_B 0 -8.212e+03 2.217e+02 3.717e+01
s>                        ( - -4.181e+02 1 0)
s>                        ( - -7.572e+03 1 0))))))INFO: dtree.c(1315): Comp split 4
INFO: dtree.c(1478): Final simple tree
|( QUESTION4 -1 -8.122e+04 3.928e+02 3.899e+02
|    ( QUESTION2_9_L -1 -3.550e+04 2.179e+02 1.633e+02
|        ( - -5.273e+03 2 0)
|        ( QUESTION2_0_L -1 -3.001e+04 1.935e+02 1.412e+02
|            ( - -7.936e+02 1 0)
|            ( - -2.903e+04 3 0)))
|    ( QUESTION1 -1 -4.532e+04 2.237e+02 2.266e+02
|        ( - -1.217e+04 1 0)
|        ( QUESTION3 -1 -3.293e+04 2.106e+02 1.646e+02
|            ( QUESTION19 -1 -2.056e+04 1.368e+02 1.036e+02
|                ( - -1.788e+04 1 0)
|                ( - -2.536e+03 1 0))
|            ( SILENCE -1 -1.216e+04 1.550e+02 6.101e+01
|                ( - -6.825e+03 1 0)
|                ( - -5.180e+03 3 0)))))
s>    ( QUESTION4 -1 -8.122e+04 3.928e+02 3.899e+02
s>        ( QUESTION2_9_L -1 -3.550e+04 2.179e+02 1.633e+02
s>            ( - -5.273e+03 2 0)
s>            ( QUESTION2_0_L -1 -3.001e+04 1.935e+02 1.412e+02
s>                ( - -7.936e+02 1 0)
s>                ( - -2.903e+04 3 0)))
s>        ( QUESTION1 -1 -4.532e+04 2.237e+02 2.266e+02
s>            ( - -1.217e+04 1 0)
s>            ( QUESTION3 -1 -3.293e+04 2.106e+02 1.646e+02
s>                ( QUESTION19 -1 -2.056e+04 1.368e+02 1.036e+02
s>                    ( - -1.788e+04 1 0)
s>                    ( - -2.536e+03 1 0))
s>                ( SILENCE -1 -1.216e+04 1.550e+02 6.101e+01
s>                    ( - -6.825e+03 1 0)
s>                    ( - -5.180e+03 3 0)))))INFO: dtree.c(1315): Comp split 5
INFO: dtree.c(1478): Final simple tree
|( WDBNDRY_E 0 -3.258e+04 9.183e+02 1.579e+02
|    ( QUESTION18 1 -1.926e+04 2.785e+02 9.613e+01
|        ( - -2.071e+03 1 0)
|        ( SILENCE 1 -1.691e+04 2.225e+02 8.513e+01
|            ( - -7.931e+02 1 0)
|            ( QUESTION0_4_R 1 -1.589e+04 2.238e+02 8.013e+01
|                ( - -1.224e+03 1 0)
|                ( QUESTION0_0_R 1 -1.444e+04 2.002e+02 7.213e+01
|                    ( QUESTION0_1_R 1 -1.087e+04 1.621e+02 5.471e+01
|                        ( - -5.782e+03 1 0)
|                        ( - -4.926e+03 1 0))
|                    ( - -3.373e+03 1 0)))))
|    ( WDBNDRY_B 0 -1.241e+04 4.499e+02 6.173e+01
|        ( - -7.145e+03 1 0)
|        ( - -4.812e+03 1 0)))
s>    ( WDBNDRY_E 0 -3.258e+04 9.183e+02 1.579e+02
s>        ( QUESTION18 1 -1.926e+04 2.785e+02 9.613e+01
s>            ( - -2.071e+03 1 0)
s>            ( SILENCE 1 -1.691e+04 2.225e+02 8.513e+01
s>                ( - -7.931e+02 1 0)
s>                ( QUESTION0_4_R 1 -1.589e+04 2.238e+02 8.013e+01
s>                    ( - -1.224e+03 1 0)
s>                    ( QUESTION0_0_R 1 -1.444e+04 2.002e+02 7.213e+01
s>                        ( QUESTION0_1_R 1 -1.087e+04 1.621e+02 5.471e+01
s>                            ( - -5.782e+03 1 0)
s>                            ( - -4.926e+03 1 0))
s>                        ( - -3.373e+03 1 0)))))
s>        ( WDBNDRY_B 0 -1.241e+04 4.499e+02 6.173e+01
s>            ( - -7.145e+03 1 0)
s>            ( - -4.812e+03 1 0)))INFO: dtree.c(1439): stop. leaf nodes are specific
INFO: dtree.c(1478): Final simple tree
|( QUESTION0_4_R 1 -1.778e+05 1.130e+03 9.179e+02
|    ( QUESTION4 -1 -8.646e+04 4.129e+02 4.463e+02
|        ( - -9.498e+03 1 0)
|        ( - -7.655e+04 1 0))
|    ( QUESTION0_1_R 1 -9.022e+04 6.366e+02 4.716e+02
|        ( QUESTION4 -1 -6.774e+04 6.560e+02 3.557e+02
|            ( - -4.352e+04 1 0)
|            ( - -2.357e+04 1 0))
|        ( - -2.184e+04 1 0)))
s>    ( QUESTION0_4_R 1 -1.778e+05 1.130e+03 9.179e+02
s>        ( QUESTION4 -1 -8.646e+04 4.129e+02 4.463e+02
s>            ( - -9.498e+03 1 0)
s>            ( - -7.655e+04 1 0))
s>        ( QUESTION0_1_R 1 -9.022e+04 6.366e+02 4.716e+02
s>            ( QUESTION4 -1 -6.774e+04 6.560e+02 3.557e+02
s>                ( - -4.352e+04 1 0)
s>                ( - -2.357e+04 1 0))
s>            ( - -2.184e+04 1 0)))INFO: dtree.c(1315): Comp split 6
INFO: dtree.c(1439): stop. leaf nodes are specific
INFO: dtree.c(1478): Final simple tree
|( QUESTION12 -1 -5.713e+04 4.192e+02 2.815e+02
|    ( - -4.684e+04 1 0)
|    ( WDBNDRY_E 0 -9.870e+03 3.868e+02 4.517e+01
|        ( - -8.125e+02 1 0)
|        ( QUESTION4 -1 -8.670e+03 2.159e+02 3.917e+01
|            ( - -2.425e+02 1 0)
|            ( WDBNDRY_B 0 -8.212e+03 2.217e+02 3.717e+01
|                ( - -4.181e+02 1 0)
|                ( - -7.572e+03 1 0)))))
s>    ( QUESTION12 -1 -5.713e+04 4.192e+02 2.815e+02
s>        ( - -4.684e+04 1 0)
s>        ( WDBNDRY_E 0 -9.870e+03 3.868e+02 4.517e+01
s>            ( - -8.125e+02 1 0)
s>            ( QUESTION4 -1 -8.670e+03 2.159e+02 3.917e+01
s>                ( - -2.425e+02 1 0)
s>                ( WDBNDRY_B 0 -8.212e+03 2.217e+02 3.717e+01
s>                    ( - -4.181e+02 1 0)
s>                    ( - -7.572e+03 1 0)))))INFO: dtree.c(1315): Comp split 7
INFO: dtree.c(1439): stop. leaf nodes are specific
INFO: dtree.c(1478): Final simple tree
|( QUESTION0_4_R 1 -1.331e+05 7.072e+02 6.874e+02
|    ( QUESTION4 -1 -8.646e+04 4.129e+02 4.463e+02
|        ( - -9.498e+03 1 0)
|        ( - -7.655e+04 1 0))
|    ( QUESTION0_1_R 1 -4.598e+04 5.670e+02 2.411e+02
|        ( - -2.357e+04 1 0)
|        ( - -2.184e+04 1 0)))
s>    ( QUESTION0_4_R 1 -1.331e+05 7.072e+02 6.874e+02
s>        ( QUESTION4 -1 -8.646e+04 4.129e+02 4.463e+02
s>            ( - -9.498e+03 1 0)
s>            ( - -7.655e+04 1 0))
s>        ( QUESTION0_1_R 1 -4.598e+04 5.670e+02 2.411e+02
s>            ( - -2.357e+04 1 0)
s>            ( - -2.184e+04 1 0)))INFO: dtree.c(1315): Comp split 8
INFO: dtree.c(1439): stop. leaf nodes are specific
INFO: dtree.c(1478): Final simple tree
|( QUESTION1 -1 -3.810e+04 2.664e+02 1.982e+02
|    ( - -7.823e+03 1 0)
|    ( - -3.001e+04 1 0))
s>    ( QUESTION1 -1 -3.810e+04 2.664e+02 1.982e+02
s>        ( - -7.823e+03 1 0)
s>        ( - -3.001e+04 1 0))INFO: dtree.c(1439): stop. leaf nodes are specific
INFO: dtree.c(1478): Final simple tree
|( WDBNDRY_B 0 -8.990e+04 5.072e+02 4.652e+02
|    ( - 1.122e+02 1 0)
|    ( WDBNDRY_E 0 -8.950e+04 3.896e+02 4.642e+02
|        ( - -1.082e+03 1 0)
|        ( - -8.803e+04 1 0)))
s>    ( WDBNDRY_B 0 -8.990e+04 5.072e+02 4.652e+02
s>        ( - 1.122e+02 1 0)
s>        ( WDBNDRY_E 0 -8.950e+04 3.896e+02 4.642e+02
s>            ( - -1.082e+03 1 0)
s>            ( - -8.803e+04 1 0)))INFO: dtree.c(1315): Comp split 9
INFO: dtree.c(1439): stop. leaf nodes are specific
INFO: dtree.c(1478): Final simple tree
|( QUESTION18 1 -1.926e+04 2.785e+02 9.613e+01
|    ( - -2.071e+03 1 0)
|    ( SILENCE 1 -1.691e+04 2.225e+02 8.513e+01
|        ( - -7.931e+02 1 0)
|        ( QUESTION0_4_R 1 -1.589e+04 2.238e+02 8.013e+01
|            ( - -1.224e+03 1 0)
|            ( QUESTION0_0_R 1 -1.444e+04 2.002e+02 7.213e+01
|                ( QUESTION0_1_R 1 -1.087e+04 1.621e+02 5.471e+01
|                    ( - -5.782e+03 1 0)
|                    ( - -4.926e+03 1 0))
|                ( - -3.373e+03 1 0)))))
s>    ( QUESTION18 1 -1.926e+04 2.785e+02 9.613e+01
s>        ( - -2.071e+03 1 0)
s>        ( SILENCE 1 -1.691e+04 2.225e+02 8.513e+01
s>            ( - -7.931e+02 1 0)
s>            ( QUESTION0_4_R 1 -1.589e+04 2.238e+02 8.013e+01
s>                ( - -1.224e+03 1 0)
s>                ( QUESTION0_0_R 1 -1.444e+04 2.002e+02 7.213e+01
s>                    ( QUESTION0_1_R 1 -1.087e+04 1.621e+02 5.471e+01
s>                        ( - -5.782e+03 1 0)
s>                        ( - -4.926e+03 1 0))
s>                    ( - -3.373e+03 1 0)))))INFO: dtree.c(1439): stop. leaf nodes are specific
INFO: dtree.c(1478): Final simple tree
|( WDBNDRY_B 0 -1.241e+04 4.499e+02 6.173e+01
|    ( - -7.145e+03 1 0)
|    ( - -4.812e+03 1 0))
s>    ( WDBNDRY_B 0 -1.241e+04 4.499e+02 6.173e+01
s>        ( - -7.145e+03 1 0)
s>        ( - -4.812e+03 1 0))INFO: dtree.c(1315): Comp split 10
INFO: dtree.c(1439): stop. leaf nodes are specific
INFO: dtree.c(1478): Final simple tree
|( QUESTION0_1_R 1 -4.598e+04 5.670e+02 2.411e+02
|    ( - -2.357e+04 1 0)
|    ( - -2.184e+04 1 0))
s>    ( QUESTION0_1_R 1 -4.598e+04 5.670e+02 2.411e+02
s>        ( - -2.357e+04 1 0)
s>        ( - -2.184e+04 1 0))INFO: dtree.c(1439): stop. leaf nodes are specific
INFO: dtree.c(1478): Final simple tree
|( QUESTION4 -1 -8.646e+04 4.129e+02 4.463e+02
|    ( - -9.498e+03 1 0)
|    ( - -7.655e+04 1 0))
s>    ( QUESTION4 -1 -8.646e+04 4.129e+02 4.463e+02
s>        ( - -9.498e+03 1 0)
s>        ( - -7.655e+04 1 0))INFO: dtree.c(1315): Comp split 11
INFO: dtree.c(1315): Comp split 12
INFO: dtree.c(1439): stop. leaf nodes are specific
INFO: dtree.c(1478): Final simple tree
|( WDBNDRY_E 0 -8.950e+04 3.896e+02 4.642e+02
|    ( - -1.082e+03 1 0)
|    ( - -8.803e+04 1 0))
s>    ( WDBNDRY_E 0 -8.950e+04 3.896e+02 4.642e+02
s>        ( - -1.082e+03 1 0)
s>        ( - -8.803e+04 1 0))INFO: dtree.c(1315): Comp split 13
INFO: dtree.c(1315): Comp split 14
INFO: dtree.c(1439): stop. leaf nodes are specific
INFO: dtree.c(1478): Final simple tree
|( WDBNDRY_E 0 -9.870e+03 3.868e+02 4.517e+01
|    ( - -8.125e+02 1 0)
|    ( QUESTION4 -1 -8.670e+03 2.159e+02 3.917e+01
|        ( - -2.425e+02 1 0)
|        ( WDBNDRY_B 0 -8.212e+03 2.217e+02 3.717e+01
|            ( - -4.181e+02 1 0)
|            ( - -7.572e+03 1 0))))
s>    ( WDBNDRY_E 0 -9.870e+03 3.868e+02 4.517e+01
s>        ( - -8.125e+02 1 0)
s>        ( QUESTION4 -1 -8.670e+03 2.159e+02 3.917e+01
s>            ( - -2.425e+02 1 0)
s>            ( WDBNDRY_B 0 -8.212e+03 2.217e+02 3.717e+01
s>                ( - -4.181e+02 1 0)
s>                ( - -7.572e+03 1 0))))INFO: dtree.c(1315): Comp split 15
INFO: dtree.c(1315): Comp split 16
INFO: dtree.c(1439): stop. leaf nodes are specific
INFO: dtree.c(1478): Final simple tree
|( QUESTION1 -1 -4.532e+04 2.237e+02 2.266e+02
|    ( - -1.217e+04 1 0)
|    ( QUESTION3 -1 -3.293e+04 2.106e+02 1.646e+02
|        ( QUESTION19 -1 -2.056e+04 1.368e+02 1.036e+02
|            ( - -1.788e+04 1 0)
|            ( - -2.536e+03 1 0))
|        ( SILENCE -1 -1.216e+04 1.550e+02 6.101e+01
|            ( - -6.825e+03 1 0)
|            ( - -5.180e+03 3 0))))
s>    ( QUESTION1 -1 -4.532e+04 2.237e+02 2.266e+02
s>        ( - -1.217e+04 1 0)
s>        ( QUESTION3 -1 -3.293e+04 2.106e+02 1.646e+02
s>            ( QUESTION19 -1 -2.056e+04 1.368e+02 1.036e+02
s>                ( - -1.788e+04 1 0)
s>                ( - -2.536e+03 1 0))
s>            ( SILENCE -1 -1.216e+04 1.550e+02 6.101e+01
s>                ( - -6.825e+03 1 0)
s>                ( - -5.180e+03 3 0))))INFO: dtree.c(1439): stop. leaf nodes are specific
INFO: dtree.c(1478): Final simple tree
|( QUESTION2_9_L -1 -3.550e+04 2.179e+02 1.633e+02
|    ( - -5.273e+03 2 0)
|    ( QUESTION2_0_L -1 -3.001e+04 1.935e+02 1.412e+02
|        ( - -7.936e+02 1 0)
|        ( - -2.903e+04 3 0)))
s>    ( QUESTION2_9_L -1 -3.550e+04 2.179e+02 1.633e+02
s>        ( - -5.273e+03 2 0)
s>        ( QUESTION2_0_L -1 -3.001e+04 1.935e+02 1.412e+02
s>            ( - -7.936e+02 1 0)
s>            ( - -2.903e+04 3 0)))INFO: dtree.c(1315): Comp split 17
INFO: dtree.c(1315): Comp split 18
INFO: dtree.c(1439): stop. leaf nodes are specific
INFO: dtree.c(1478): Final simple tree
|( QUESTION4 -1 -8.670e+03 2.159e+02 3.917e+01
|    ( - -2.425e+02 1 0)
|    ( WDBNDRY_B 0 -8.212e+03 2.217e+02 3.717e+01
|        ( - -4.181e+02 1 0)
|        ( - -7.572e+03 1 0)))
s>    ( QUESTION4 -1 -8.670e+03 2.159e+02 3.917e+01
s>        ( - -2.425e+02 1 0)
s>        ( WDBNDRY_B 0 -8.212e+03 2.217e+02 3.717e+01
s>            ( - -4.181e+02 1 0)
s>            ( - -7.572e+03 1 0)))INFO: dtree.c(1315): Comp split 19
INFO: dtree.c(1439): stop. leaf nodes are specific
INFO: dtree.c(1478): Final simple tree
|( SILENCE 1 -1.691e+04 2.225e+02 8.513e+01
|    ( - -7.931e+02 1 0)
|    ( QUESTION0_4_R 1 -1.589e+04 2.238e+02 8.013e+01
|        ( - -1.224e+03 1 0)
|        ( QUESTION0_0_R 1 -1.444e+04 2.002e+02 7.213e+01
|            ( QUESTION0_1_R 1 -1.087e+04 1.621e+02 5.471e+01
|                ( - -5.782e+03 1 0)
|                ( - -4.926e+03 1 0))
|            ( - -3.373e+03 1 0))))
s>    ( SILENCE 1 -1.691e+04 2.225e+02 8.513e+01
s>        ( - -7.931e+02 1 0)
s>        ( QUESTION0_4_R 1 -1.589e+04 2.238e+02 8.013e+01
s>            ( - -1.224e+03 1 0)
s>            ( QUESTION0_0_R 1 -1.444e+04 2.002e+02 7.213e+01
s>                ( QUESTION0_1_R 1 -1.087e+04 1.621e+02 5.471e+01
s>                    ( - -5.782e+03 1 0)
s>                    ( - -4.926e+03 1 0))
s>                ( - -3.373e+03 1 0))))INFO: dtree.c(1315): Comp split 20
INFO: dtree.c(1315): Comp split 21
INFO: dtree.c(1439): stop. leaf nodes are specific
INFO: dtree.c(1478): Final simple tree
|( QUESTION19 -1 -2.589e+04 1.600e+02 1.296e+02
|    ( - -1.788e+04 1 0)
|    ( QUESTION0 -1 -7.849e+03 1.326e+02 4.002e+01
|        ( - -5.180e+03 3 0)
|        ( - -2.536e+03 1 0)))
s>    ( QUESTION19 -1 -2.589e+04 1.600e+02 1.296e+02
s>        ( - -1.788e+04 1 0)
s>        ( QUESTION0 -1 -7.849e+03 1.326e+02 4.002e+01
s>            ( - -5.180e+03 3 0)
s>            ( - -2.536e+03 1 0)))INFO: dtree.c(1439): stop. leaf nodes are specific
INFO: dtree.c(1478): Final simple tree
|( SILENCE -1 -1.918e+04 1.841e+02 9.701e+01
|    ( - -6.825e+03 1 0)
|    ( - -1.217e+04 1 0))
s>    ( SILENCE -1 -1.918e+04 1.841e+02 9.701e+01
s>        ( - -6.825e+03 1 0)
s>        ( - -1.217e+04 1 0))INFO: dtree.c(1315): Comp split 22
INFO: dtree.c(1439): stop. leaf nodes are specific
INFO: dtree.c(1478): Final simple tree
|( QUESTION0_4_R 1 -1.589e+04 2.238e+02 8.013e+01
|    ( - -1.224e+03 1 0)
|    ( QUESTION0_0_R 1 -1.444e+04 2.002e+02 7.213e+01
|        ( QUESTION0_1_R 1 -1.087e+04 1.621e+02 5.471e+01
|            ( - -5.782e+03 1 0)
|            ( - -4.926e+03 1 0))
|        ( - -3.373e+03 1 0)))
s>    ( QUESTION0_4_R 1 -1.589e+04 2.238e+02 8.013e+01
s>        ( - -1.224e+03 1 0)
s>        ( QUESTION0_0_R 1 -1.444e+04 2.002e+02 7.213e+01
s>            ( QUESTION0_1_R 1 -1.087e+04 1.621e+02 5.471e+01
s>                ( - -5.782e+03 1 0)
s>                ( - -4.926e+03 1 0))
s>            ( - -3.373e+03 1 0)))INFO: dtree.c(1315): Comp split 23
INFO: dtree.c(1439): stop. leaf nodes are specific
INFO: dtree.c(1478): Final simple tree
|( QUESTION0_0_R 1 -1.444e+04 2.002e+02 7.213e+01
|    ( QUESTION0_1_R 1 -1.087e+04 1.621e+02 5.471e+01
|        ( - -5.782e+03 1 0)
|        ( - -4.926e+03 1 0))
|    ( - -3.373e+03 1 0))
s>    ( QUESTION0_0_R 1 -1.444e+04 2.002e+02 7.213e+01
s>        ( QUESTION0_1_R 1 -1.087e+04 1.621e+02 5.471e+01
s>            ( - -5.782e+03 1 0)
s>            ( - -4.926e+03 1 0))
s>        ( - -3.373e+03 1 0))INFO: dtree.c(1315): Comp split 24
INFO: dtree.c(1439): stop. leaf nodes are specific
INFO: dtree.c(1478): Final simple tree
|( QUESTION2_0_L -1 -3.001e+04 1.935e+02 1.412e+02
|    ( - -7.936e+02 1 0)
|    ( - -2.903e+04 3 0))
s>    ( QUESTION2_0_L -1 -3.001e+04 1.935e+02 1.412e+02
s>        ( - -7.936e+02 1 0)
s>        ( - -2.903e+04 3 0))INFO: dtree.c(1315): Comp split 25
INFO: dtree.c(1439): stop. leaf nodes are specific
INFO: dtree.c(1478): Final simple tree
|( WDBNDRY_B 0 -8.212e+03 2.217e+02 3.717e+01
|    ( - -4.181e+02 1 0)
|    ( - -7.572e+03 1 0))
s>    ( WDBNDRY_B 0 -8.212e+03 2.217e+02 3.717e+01
s>        ( - -4.181e+02 1 0)
s>        ( - -7.572e+03 1 0))INFO: dtree.c(1315): Comp split 26
INFO: dtree.c(1315): Comp split 27
INFO: dtree.c(1439): stop. leaf nodes are specific
INFO: dtree.c(1478): Final simple tree
|( QUESTION0_1_R 1 -1.087e+04 1.621e+02 5.471e+01
|    ( - -5.782e+03 1 0)
|    ( - -4.926e+03 1 0))
s>    ( QUESTION0_1_R 1 -1.087e+04 1.621e+02 5.471e+01
s>        ( - -5.782e+03 1 0)
s>        ( - -4.926e+03 1 0))INFO: dtree.c(1315): Comp split 28
INFO: dtree.c(1315): Comp split 29
INFO: dtree.c(1315): Comp split 30
INFO: dtree.c(1315): Comp split 31
INFO: dtree.c(1439): stop. leaf nodes are specific
INFO: dtree.c(1478): Final simple tree
|( QUESTION0 -1 -7.849e+03 1.326e+02 4.002e+01
|    ( - -5.180e+03 3 0)
|    ( - -2.536e+03 1 0))
s>    ( QUESTION0 -1 -7.849e+03 1.326e+02 4.002e+01
s>        ( - -5.180e+03 3 0)
s>        ( - -2.536e+03 1 0))INFO: dtree.c(1315): Comp split 32
INFO: dtree.c(1315): Comp split 33
INFO: dtree.c(1318): stop. leaf nodes are specific
Mon Jan 30 07:35:45 2017
