Current configuration:
[NAME]		[DEFLT]	[VALUE]
-allphones	no	no
-cntthresh	0.00001	1.000000e-05
-csplitmax	100	2000
-csplitmin	1	1
-csplitthr	8e-4	0.000000e+00
-example	no	no
-fullvar	no	no
-help		no	no
-meanfn			/Users/benroye/forge/cmusphinx/voiceVim/model_parameters/voiceVim.cd_cont_untied/means
-mixwfn			/Users/benroye/forge/cmusphinx/voiceVim/model_parameters/voiceVim.cd_cont_untied/mixture_weights
-moddeffn		/Users/benroye/forge/cmusphinx/voiceVim/model_architecture/voiceVim.untied.mdef
-mwfloor	1e-4	1.000000e-08
-phone			y
-psetfn			/Users/benroye/forge/cmusphinx/voiceVim/model_architecture/voiceVim.tree_questions
-ssplitmax	5	7
-ssplitmin	1	1
-ssplitthr	8e-4	0.000000e+00
-state			0
-stwt			1.0,0.05,0.0,
-treefn			/Users/benroye/forge/cmusphinx/voiceVim/trees/voiceVim.unpruned/y-0.dtree
-ts2cbfn	.semi.	.cont.
-varfloor	0.00001	1.000000e-05
-varfn			/Users/benroye/forge/cmusphinx/voiceVim/model_parameters/voiceVim.cd_cont_untied/variances

INFO: main.c(223): Reading: /Users/benroye/forge/cmusphinx/voiceVim/model_architecture/voiceVim.untied.mdef
INFO: model_def_io.c(573): Model definition info:
INFO: model_def_io.c(574): 2249 total models defined (39 base, 2210 tri)
INFO: model_def_io.c(575): 8996 total states
INFO: model_def_io.c(576): 6747 total tied states
INFO: model_def_io.c(577): 117 total tied CI states
INFO: model_def_io.c(578): 39 total tied transition matrices
INFO: model_def_io.c(579): 4 max state/model
INFO: model_def_io.c(580): 4 min state/model
INFO: main.c(242): Building trees for [y SIL ay b] through [y uh uu b]
INFO: main.c(269): Covering states |[6603 6653]| == 51
INFO: main.c(275): Reading: /Users/benroye/forge/cmusphinx/voiceVim/model_parameters/voiceVim.cd_cont_untied/mixture_weights
INFO: s3mixw_io.c(173): Read /Users/benroye/forge/cmusphinx/voiceVim/model_parameters/voiceVim.cd_cont_untied/mixture_weights [51x1x1 array]
INFO: main.c(311): 17 of 17 models have observation count greater than 0.000010
INFO: main.c(95): nrm stwt: 0.952 0.048 0.000 
INFO: s3gau_io.c(169): Read /Users/benroye/forge/cmusphinx/voiceVim/model_parameters/voiceVim.cd_cont_untied/means [6747x1x1 array]
INFO: s3gau_io.c(169): Read /Users/benroye/forge/cmusphinx/voiceVim/model_parameters/voiceVim.cd_cont_untied/variances [6747x1x1 array]
INFO: main.c(549): Reading: /Users/benroye/forge/cmusphinx/voiceVim/model_architecture/voiceVim.tree_questions
INFO: main.c(588): 174 total simple questions (166 phone; 8 word bndry)
INFO: main.c(590): 40 Left Only questions, and 42 Right Only questions
INFO: dtree.c(1478): Final simple tree
|( QUESTION19 -1 -7.043e+04 5.271e+02 3.268e+02
|    ( - -2.335e+04 1 0)
|    ( QUESTION2_2_L -1 -4.655e+04 4.898e+02 2.111e+02
|        ( - 8.307e+01 1 0)
|        ( QUESTION6 -1 -4.615e+04 4.848e+02 2.101e+02
|            ( - 2.419e+02 1 0)
|            ( QUESTION2_0_L -1 -4.590e+04 3.461e+02 2.091e+02
|                ( QUESTION2 -1 -8.472e+03 1.415e+02 3.729e+01
|                    ( - -7.706e+02 2 0)
|                    ( QUESTION0 -1 -7.560e+03 1.105e+02 3.329e+01
|                        ( - -3.448e+03 2 0)
|                        ( - -4.002e+03 2 0)))
|                ( SILENCE -1 -3.709e+04 1.709e+02 1.718e+02
|                    ( - -1.131e+03 2 0)
|                    ( - -3.578e+04 6 0))))))
s>    ( QUESTION19 -1 -7.043e+04 5.271e+02 3.268e+02
s>        ( - -2.335e+04 1 0)
s>        ( QUESTION2_2_L -1 -4.655e+04 4.898e+02 2.111e+02
s>            ( - 8.307e+01 1 0)
s>            ( QUESTION6 -1 -4.615e+04 4.848e+02 2.101e+02
s>                ( - 2.419e+02 1 0)
s>                ( QUESTION2_0_L -1 -4.590e+04 3.461e+02 2.091e+02
s>                    ( QUESTION2 -1 -8.472e+03 1.415e+02 3.729e+01
s>                        ( - -7.706e+02 2 0)
s>                        ( QUESTION0 -1 -7.560e+03 1.105e+02 3.329e+01
s>                            ( - -3.448e+03 2 0)
s>                            ( - -4.002e+03 2 0)))
s>                    ( SILENCE -1 -3.709e+04 1.709e+02 1.718e+02
s>                        ( - -1.131e+03 2 0)
s>                        ( - -3.578e+04 6 0))))))INFO: dtree.c(1315): Comp split 0
INFO: dtree.c(1439): stop. leaf nodes are specific
INFO: dtree.c(1478): Final simple tree
|( QUESTION2_2_L -1 -4.655e+04 4.898e+02 2.111e+02
|    ( - 8.307e+01 1 0)
|    ( QUESTION6 -1 -4.615e+04 4.848e+02 2.101e+02
|        ( - 2.419e+02 1 0)
|        ( QUESTION2_0_L -1 -4.590e+04 3.461e+02 2.091e+02
|            ( QUESTION2 -1 -8.472e+03 1.415e+02 3.729e+01
|                ( - -7.706e+02 2 0)
|                ( QUESTION0 -1 -7.560e+03 1.105e+02 3.329e+01
|                    ( - -3.448e+03 2 0)
|                    ( - -4.002e+03 2 0)))
|            ( SILENCE -1 -3.709e+04 1.709e+02 1.718e+02
|                ( - -1.131e+03 2 0)
|                ( - -3.578e+04 6 0)))))
s>    ( QUESTION2_2_L -1 -4.655e+04 4.898e+02 2.111e+02
s>        ( - 8.307e+01 1 0)
s>        ( QUESTION6 -1 -4.615e+04 4.848e+02 2.101e+02
s>            ( - 2.419e+02 1 0)
s>            ( QUESTION2_0_L -1 -4.590e+04 3.461e+02 2.091e+02
s>                ( QUESTION2 -1 -8.472e+03 1.415e+02 3.729e+01
s>                    ( - -7.706e+02 2 0)
s>                    ( QUESTION0 -1 -7.560e+03 1.105e+02 3.329e+01
s>                        ( - -3.448e+03 2 0)
s>                        ( - -4.002e+03 2 0)))
s>                ( SILENCE -1 -3.709e+04 1.709e+02 1.718e+02
s>                    ( - -1.131e+03 2 0)
s>                    ( - -3.578e+04 6 0)))))INFO: dtree.c(1315): Comp split 1
INFO: dtree.c(1439): stop. leaf nodes are specific
INFO: dtree.c(1478): Final simple tree
|( QUESTION6 -1 -4.615e+04 4.848e+02 2.101e+02
|    ( - 2.419e+02 1 0)
|    ( QUESTION2_0_L -1 -4.590e+04 3.461e+02 2.091e+02
|        ( QUESTION2 -1 -8.472e+03 1.415e+02 3.729e+01
|            ( - -7.706e+02 2 0)
|            ( QUESTION0 -1 -7.560e+03 1.105e+02 3.329e+01
|                ( - -3.448e+03 2 0)
|                ( - -4.002e+03 2 0)))
|        ( SILENCE -1 -3.709e+04 1.709e+02 1.718e+02
|            ( - -1.131e+03 2 0)
|            ( - -3.578e+04 6 0))))
s>    ( QUESTION6 -1 -4.615e+04 4.848e+02 2.101e+02
s>        ( - 2.419e+02 1 0)
s>        ( QUESTION2_0_L -1 -4.590e+04 3.461e+02 2.091e+02
s>            ( QUESTION2 -1 -8.472e+03 1.415e+02 3.729e+01
s>                ( - -7.706e+02 2 0)
s>                ( QUESTION0 -1 -7.560e+03 1.105e+02 3.329e+01
s>                    ( - -3.448e+03 2 0)
s>                    ( - -4.002e+03 2 0)))
s>            ( SILENCE -1 -3.709e+04 1.709e+02 1.718e+02
s>                ( - -1.131e+03 2 0)
s>                ( - -3.578e+04 6 0))))INFO: dtree.c(1315): Comp split 2
INFO: dtree.c(1439): stop. leaf nodes are specific
INFO: dtree.c(1478): Final simple tree
|( QUESTION2_0_L -1 -4.590e+04 3.461e+02 2.091e+02
|    ( QUESTION2 -1 -8.472e+03 1.415e+02 3.729e+01
|        ( - -7.706e+02 2 0)
|        ( QUESTION0 -1 -7.560e+03 1.105e+02 3.329e+01
|            ( - -3.448e+03 2 0)
|            ( - -4.002e+03 2 0)))
|    ( SILENCE -1 -3.709e+04 1.709e+02 1.718e+02
|        ( - -1.131e+03 2 0)
|        ( - -3.578e+04 6 0)))
s>    ( QUESTION2_0_L -1 -4.590e+04 3.461e+02 2.091e+02
s>        ( QUESTION2 -1 -8.472e+03 1.415e+02 3.729e+01
s>            ( - -7.706e+02 2 0)
s>            ( QUESTION0 -1 -7.560e+03 1.105e+02 3.329e+01
s>                ( - -3.448e+03 2 0)
s>                ( - -4.002e+03 2 0)))
s>        ( SILENCE -1 -3.709e+04 1.709e+02 1.718e+02
s>            ( - -1.131e+03 2 0)
s>            ( - -3.578e+04 6 0)))INFO: dtree.c(1315): Comp split 3
INFO: dtree.c(1439): stop. leaf nodes are specific
INFO: dtree.c(1478): Final simple tree
|( QUESTION0 -1 -7.560e+03 1.105e+02 3.329e+01
|    ( - -3.448e+03 2 0)
|    ( - -4.002e+03 2 0))
s>    ( QUESTION0 -1 -7.560e+03 1.105e+02 3.329e+01
s>        ( - -3.448e+03 2 0)
s>        ( - -4.002e+03 2 0))INFO: dtree.c(1439): stop. leaf nodes are specific
INFO: dtree.c(1478): Final simple tree
|( SILENCE -1 -3.798e+04 1.719e+02 1.758e+02
|    ( - -1.131e+03 2 0)
|    ( QUESTION0 -1 -3.668e+04 1.225e+02 1.698e+02
|        ( - -7.706e+02 2 0)
|        ( - -3.578e+04 6 0)))
s>    ( SILENCE -1 -3.798e+04 1.719e+02 1.758e+02
s>        ( - -1.131e+03 2 0)
s>        ( QUESTION0 -1 -3.668e+04 1.225e+02 1.698e+02
s>            ( - -7.706e+02 2 0)
s>            ( - -3.578e+04 6 0)))INFO: dtree.c(1315): Comp split 4
INFO: dtree.c(1439): stop. leaf nodes are specific
INFO: dtree.c(1478): Final simple tree
|( QUESTION0 -1 -3.668e+04 1.225e+02 1.698e+02
|    ( - -7.706e+02 2 0)
|    ( - -3.578e+04 6 0))
s>    ( QUESTION0 -1 -3.668e+04 1.225e+02 1.698e+02
s>        ( - -7.706e+02 2 0)
s>        ( - -3.578e+04 6 0))INFO: dtree.c(1315): Comp split 5
INFO: dtree.c(1315): Comp split 6
INFO: dtree.c(1315): Comp split 7
INFO: dtree.c(1318): stop. leaf nodes are specific
Mon Jan 30 07:35:52 2017
