Current configuration:
[NAME]		[DEFLT]	[VALUE]
-allphones	no	no
-cntthresh	0.00001	1.000000e-05
-csplitmax	100	2000
-csplitmin	1	1
-csplitthr	8e-4	0.000000e+00
-example	no	no
-fullvar	no	no
-help		no	no
-meanfn			/Users/benroye/forge/cmusphinx/voiceVim/model_parameters/voiceVim.cd_cont_untied/means
-mixwfn			/Users/benroye/forge/cmusphinx/voiceVim/model_parameters/voiceVim.cd_cont_untied/mixture_weights
-moddeffn		/Users/benroye/forge/cmusphinx/voiceVim/model_architecture/voiceVim.untied.mdef
-mwfloor	1e-4	1.000000e-08
-phone			l
-psetfn			/Users/benroye/forge/cmusphinx/voiceVim/model_architecture/voiceVim.tree_questions
-ssplitmax	5	7
-ssplitmin	1	1
-ssplitthr	8e-4	0.000000e+00
-state			1
-stwt			1.0,0.05,0.0,
-treefn			/Users/benroye/forge/cmusphinx/voiceVim/trees/voiceVim.unpruned/l-1.dtree
-ts2cbfn	.semi.	.cont.
-varfloor	0.00001	1.000000e-05
-varfn			/Users/benroye/forge/cmusphinx/voiceVim/model_parameters/voiceVim.cd_cont_untied/variances

INFO: main.c(223): Reading: /Users/benroye/forge/cmusphinx/voiceVim/model_architecture/voiceVim.untied.mdef
INFO: model_def_io.c(573): Model definition info:
INFO: model_def_io.c(574): 2249 total models defined (39 base, 2210 tri)
INFO: model_def_io.c(575): 8996 total states
INFO: model_def_io.c(576): 6747 total tied states
INFO: model_def_io.c(577): 117 total tied CI states
INFO: model_def_io.c(578): 39 total tied transition matrices
INFO: model_def_io.c(579): 4 max state/model
INFO: model_def_io.c(580): 4 min state/model
INFO: main.c(242): Building trees for [l SIL e b] through [l z ee b]
INFO: main.c(269): Covering states |[2763 3023]| == 261
INFO: main.c(275): Reading: /Users/benroye/forge/cmusphinx/voiceVim/model_parameters/voiceVim.cd_cont_untied/mixture_weights
INFO: s3mixw_io.c(173): Read /Users/benroye/forge/cmusphinx/voiceVim/model_parameters/voiceVim.cd_cont_untied/mixture_weights [261x1x1 array]
INFO: main.c(311): 87 of 87 models have observation count greater than 0.000010
INFO: main.c(95): nrm stwt: 0.045 0.909 0.045 
INFO: s3gau_io.c(169): Read /Users/benroye/forge/cmusphinx/voiceVim/model_parameters/voiceVim.cd_cont_untied/means [6747x1x1 array]
INFO: s3gau_io.c(169): Read /Users/benroye/forge/cmusphinx/voiceVim/model_parameters/voiceVim.cd_cont_untied/variances [6747x1x1 array]
INFO: main.c(549): Reading: /Users/benroye/forge/cmusphinx/voiceVim/model_architecture/voiceVim.tree_questions
INFO: main.c(588): 174 total simple questions (166 phone; 8 word bndry)
INFO: main.c(590): 40 Left Only questions, and 42 Right Only questions
INFO: dtree.c(1478): Final simple tree
|( QUESTION4 1 -8.864e+05 5.569e+03 4.012e+03
|    ( QUESTION2_1_L -1 -6.266e+05 4.193e+03 2.833e+03
|        ( - -1.014e+05 15 0 WDBNDRY_B 0 1.638e+03 4.250e+02)
|        ( QUESTION0_0_R 1 -5.211e+05 3.275e+03 2.408e+03
|            ( QUESTION2_19_L -1 -4.415e+05 2.683e+03 2.060e+03
|                ( WDBNDRY_B 0 -2.112e+05 2.609e+03 9.914e+02
|                    ( - -4.195e+04 4 0)
|                    ( - -1.666e+05 7 0 QUESTION0_9_R 1 3.495e+02 7.952e+02))
|                ( WDBNDRY_E 0 -2.276e+05 2.361e+03 1.068e+03
|                    ( - -5.326e+04 5 0 QUESTION0_8_R 1 3.826e+02 2.636e+02)
|                    ( - -1.720e+05 12 0 QUESTION12 -1 1.223e+03 8.045e+02)))
|            ( - -7.630e+04 6 0 QUESTION2_3_L -1 1.607e+03 3.483e+02)))
|    ( QUESTION15 1 -2.541e+05 2.615e+03 1.179e+03
|        ( - -7.319e+04 3 0 WDBNDRY_E 0 4.165e+02 3.371e+02)
|        ( - -1.783e+05 35 0 WDBNDRY_B 0 1.304e+03 8.420e+02)))
s>    ( QUESTION4 1 -8.864e+05 5.569e+03 4.012e+03
s>        ( QUESTION2_1_L -1 -6.266e+05 4.193e+03 2.833e+03
s>            ( - -1.014e+05 15 0 WDBNDRY_B 0 1.638e+03 4.250e+02)
s>            ( QUESTION0_0_R 1 -5.211e+05 3.275e+03 2.408e+03
s>                ( QUESTION2_19_L -1 -4.415e+05 2.683e+03 2.060e+03
s>                    ( WDBNDRY_B 0 -2.112e+05 2.609e+03 9.914e+02
s>                        ( - -4.195e+04 4 0)
s>                        ( - -1.666e+05 7 0 QUESTION0_9_R 1 3.495e+02 7.952e+02))
s>                    ( WDBNDRY_E 0 -2.276e+05 2.361e+03 1.068e+03
s>                        ( - -5.326e+04 5 0 QUESTION0_8_R 1 3.826e+02 2.636e+02)
s>                        ( - -1.720e+05 12 0 QUESTION12 -1 1.223e+03 8.045e+02)))
s>                ( - -7.630e+04 6 0 QUESTION2_3_L -1 1.607e+03 3.483e+02)))
s>        ( QUESTION15 1 -2.541e+05 2.615e+03 1.179e+03
s>            ( - -7.319e+04 3 0 WDBNDRY_E 0 4.165e+02 3.371e+02)
s>            ( - -1.783e+05 35 0 WDBNDRY_B 0 1.304e+03 8.420e+02)))INFO: dtree.c(1315): Comp split 0
INFO: dtree.c(1478): Final simple tree
|( QUESTION2_2_L -1 -4.797e+05 4.605e+03 2.238e+03
|    ( QUESTION15 1 -2.772e+05 3.370e+03 1.305e+03
|        ( - -7.101e+04 2 0 QUESTION2_11_L -1 3.435e+02 3.281e+02)
|        ( WDBNDRY_E 0 -2.029e+05 1.460e+03 9.772e+02
|            ( QUESTION2_3_L -1 -1.311e+05 7.161e+02 6.471e+02
|                ( - -3.501e+04 9 0 SILENCE 1 3.427e+02 1.737e+02)
|                ( - -9.536e+04 13 0 QUESTION19 1 4.858e+02 4.734e+02))
|            ( QUESTION0_4_R 1 -7.032e+04 9.000e+02 3.301e+02
|                ( - -3.373e+04 1 0)
|                ( - -3.569e+04 7 0 QUESTION0_9_R 1 5.914e+02 1.689e+02))))
|    ( WDBNDRY_B 0 -1.978e+05 8.968e+02 9.327e+02
|        ( - -5.447e+03 6 0 QUESTION4 -1 4.465e+02 2.203e+01)
|        ( QUESTION0_10_R 1 -1.915e+05 8.736e+02 9.106e+02
|            ( - -1.680e+04 1 0)
|            ( - -1.738e+05 11 0 QUESTION11 1 5.008e+02 8.272e+02))))
s>    ( QUESTION2_2_L -1 -4.797e+05 4.605e+03 2.238e+03
s>        ( QUESTION15 1 -2.772e+05 3.370e+03 1.305e+03
s>            ( - -7.101e+04 2 0 QUESTION2_11_L -1 3.435e+02 3.281e+02)
s>            ( WDBNDRY_E 0 -2.029e+05 1.460e+03 9.772e+02
s>                ( QUESTION2_3_L -1 -1.311e+05 7.161e+02 6.471e+02
s>                    ( - -3.501e+04 9 0 SILENCE 1 3.427e+02 1.737e+02)
s>                    ( - -9.536e+04 13 0 QUESTION19 1 4.858e+02 4.734e+02))
s>                ( QUESTION0_4_R 1 -7.032e+04 9.000e+02 3.301e+02
s>                    ( - -3.373e+04 1 0)
s>                    ( - -3.569e+04 7 0 QUESTION0_9_R 1 5.914e+02 1.689e+02))))
s>        ( WDBNDRY_B 0 -1.978e+05 8.968e+02 9.327e+02
s>            ( - -5.447e+03 6 0 QUESTION4 -1 4.465e+02 2.203e+01)
s>            ( QUESTION0_10_R 1 -1.915e+05 8.736e+02 9.106e+02
s>                ( - -1.680e+04 1 0)
s>                ( - -1.738e+05 11 0 QUESTION11 1 5.008e+02 8.272e+02))))INFO: dtree.c(1478): Final simple tree
|( QUESTION2_2_L -1 -3.986e+05 3.075e+03 1.774e+03
|    ( QUESTION2_4_L -1 -1.904e+05 1.581e+03 8.821e+02
|        ( - -1.741e+04 2 0 WDBNDRY_B 0 2.594e+02 7.939e+01)
|        ( QUESTION12 -1 -1.714e+05 1.288e+03 8.028e+02
|            ( - -3.042e+04 1 0)
|            ( QUESTION2_11_L -1 -1.397e+05 1.371e+03 6.603e+02
|                ( - -8.478e+04 2 0 WDBNDRY_B 0 6.588e+02 4.091e+02)
|                ( - -5.356e+04 8 0 QUESTION2_14_L -1 5.947e+02 2.512e+02))))
|    ( WDBNDRY_B 0 -2.051e+05 3.209e+03 8.919e+02
|        ( QUESTION10 -1 -1.051e+05 7.959e+02 4.780e+02
|            ( - -1.474e+04 2 0)
|            ( - -8.954e+04 16 0 QUESTION8 -1 4.993e+02 4.120e+02))
|        ( QUESTION0 -1 -9.684e+04 2.334e+03 4.139e+02
|            ( - -4.812e+04 4 0 QUESTION0_0_R 1 6.277e+02 1.939e+02)
|            ( - -4.639e+04 2 0))))
s>    ( QUESTION2_2_L -1 -3.986e+05 3.075e+03 1.774e+03
s>        ( QUESTION2_4_L -1 -1.904e+05 1.581e+03 8.821e+02
s>            ( - -1.741e+04 2 0 WDBNDRY_B 0 2.594e+02 7.939e+01)
s>            ( QUESTION12 -1 -1.714e+05 1.288e+03 8.028e+02
s>                ( - -3.042e+04 1 0)
s>                ( QUESTION2_11_L -1 -1.397e+05 1.371e+03 6.603e+02
s>                    ( - -8.478e+04 2 0 WDBNDRY_B 0 6.588e+02 4.091e+02)
s>                    ( - -5.356e+04 8 0 QUESTION2_14_L -1 5.947e+02 2.512e+02))))
s>        ( WDBNDRY_B 0 -2.051e+05 3.209e+03 8.919e+02
s>            ( QUESTION10 -1 -1.051e+05 7.959e+02 4.780e+02
s>                ( - -1.474e+04 2 0)
s>                ( - -8.954e+04 16 0 QUESTION8 -1 4.993e+02 4.120e+02))
s>            ( QUESTION0 -1 -9.684e+04 2.334e+03 4.139e+02
s>                ( - -4.812e+04 4 0 QUESTION0_0_R 1 6.277e+02 1.939e+02)
s>                ( - -4.639e+04 2 0))))INFO: dtree.c(1315): Comp split 1
INFO: dtree.c(1439): stop. leaf nodes are specific
INFO: dtree.c(1478): Final simple tree
|( QUESTION0_4_R 1 -1.060e+05 1.275e+03 4.893e+02
|    ( - -3.373e+04 1 0)
|    ( QUESTION2_11_L -1 -7.101e+04 3.435e+02 3.281e+02
|        ( - -1.512e+04 1 0)
|        ( - -5.555e+04 1 0)))
s>    ( QUESTION0_4_R 1 -1.060e+05 1.275e+03 4.893e+02
s>        ( - -3.373e+04 1 0)
s>        ( QUESTION2_11_L -1 -7.101e+04 3.435e+02 3.281e+02
s>            ( - -1.512e+04 1 0)
s>            ( - -5.555e+04 1 0)))INFO: dtree.c(1478): Final simple tree
|( QUESTION2_2_L -1 -3.683e+05 2.968e+03 1.749e+03
|    ( QUESTION2_3_L -1 -1.675e+05 9.699e+02 8.160e+02
|        ( WDBNDRY_E 0 -4.951e+04 7.017e+02 2.362e+02
|            ( - -3.501e+04 9 0 SILENCE 1 3.427e+02 1.737e+02)
|            ( - -1.380e+04 4 0 QUESTION0_1_R 1 3.366e+02 6.251e+01))
|        ( QUESTION4 1 -1.170e+05 4.891e+02 5.799e+02
|            ( - -5.038e+04 4 0 QUESTION0_8_R 1 3.680e+02 2.496e+02)
|            ( - -6.616e+04 12 0 QUESTION19 1 4.920e+02 3.302e+02)))
|    ( WDBNDRY_B 0 -1.978e+05 8.968e+02 9.327e+02
|        ( - -5.447e+03 6 0 QUESTION4 -1 4.465e+02 2.203e+01)
|        ( QUESTION0_10_R 1 -1.915e+05 8.736e+02 9.106e+02
|            ( - -1.680e+04 1 0)
|            ( QUESTION11 1 -1.738e+05 5.008e+02 8.272e+02
|                ( - 2.426e+02 1 0)
|                ( - -1.736e+05 10 0 QUESTION0_7_R 1 3.873e+02 8.262e+02)))))
s>    ( QUESTION2_2_L -1 -3.683e+05 2.968e+03 1.749e+03
s>        ( QUESTION2_3_L -1 -1.675e+05 9.699e+02 8.160e+02
s>            ( WDBNDRY_E 0 -4.951e+04 7.017e+02 2.362e+02
s>                ( - -3.501e+04 9 0 SILENCE 1 3.427e+02 1.737e+02)
s>                ( - -1.380e+04 4 0 QUESTION0_1_R 1 3.366e+02 6.251e+01))
s>            ( QUESTION4 1 -1.170e+05 4.891e+02 5.799e+02
s>                ( - -5.038e+04 4 0 QUESTION0_8_R 1 3.680e+02 2.496e+02)
s>                ( - -6.616e+04 12 0 QUESTION19 1 4.920e+02 3.302e+02)))
s>        ( WDBNDRY_B 0 -1.978e+05 8.968e+02 9.327e+02
s>            ( - -5.447e+03 6 0 QUESTION4 -1 4.465e+02 2.203e+01)
s>            ( QUESTION0_10_R 1 -1.915e+05 8.736e+02 9.106e+02
s>                ( - -1.680e+04 1 0)
s>                ( QUESTION11 1 -1.738e+05 5.008e+02 8.272e+02
s>                    ( - 2.426e+02 1 0)
s>                    ( - -1.736e+05 10 0 QUESTION0_7_R 1 3.873e+02 8.262e+02)))))INFO: dtree.c(1315): Comp split 2
INFO: dtree.c(1478): Final simple tree
|( WDBNDRY_B 0 -2.631e+05 2.470e+03 1.215e+03
|    ( QUESTION8 -1 -9.887e+04 5.003e+02 4.552e+02
|        ( - -1.031e+02 1 0)
|        ( QUESTION2_11_L -1 -9.827e+04 3.802e+02 4.542e+02
|            ( - -5.940e+03 1 0)
|            ( - -9.195e+04 18 0 QUESTION3 -1 3.189e+02 4.250e+02)))
|    ( QUESTION12 -1 -1.618e+05 1.329e+03 7.595e+02
|        ( - -3.042e+04 1 0)
|        ( QUESTION2_11_L -1 -1.300e+05 1.449e+03 6.171e+02
|            ( - -7.818e+04 1 0)
|            ( QUESTION2_14_L -1 -5.038e+04 6.006e+02 2.372e+02
|                ( - -1.702e+04 1 0)
|                ( QUESTION2_18_L -1 -3.276e+04 5.912e+02 1.565e+02
|                    ( - -3.218e+03 1 0)
|                    ( - -2.895e+04 3 0 QUESTION0_8_R 1 3.273e+02 1.414e+02))))))
s>    ( WDBNDRY_B 0 -2.631e+05 2.470e+03 1.215e+03
s>        ( QUESTION8 -1 -9.887e+04 5.003e+02 4.552e+02
s>            ( - -1.031e+02 1 0)
s>            ( QUESTION2_11_L -1 -9.827e+04 3.802e+02 4.542e+02
s>                ( - -5.940e+03 1 0)
s>                ( - -9.195e+04 18 0 QUESTION3 -1 3.189e+02 4.250e+02)))
s>        ( QUESTION12 -1 -1.618e+05 1.329e+03 7.595e+02
s>            ( - -3.042e+04 1 0)
s>            ( QUESTION2_11_L -1 -1.300e+05 1.449e+03 6.171e+02
s>                ( - -7.818e+04 1 0)
s>                ( QUESTION2_14_L -1 -5.038e+04 6.006e+02 2.372e+02
s>                    ( - -1.702e+04 1 0)
s>                    ( QUESTION2_18_L -1 -3.276e+04 5.912e+02 1.565e+02
s>                        ( - -3.218e+03 1 0)
s>                        ( - -2.895e+04 3 0 QUESTION0_8_R 1 3.273e+02 1.414e+02))))))INFO: dtree.c(1439): stop. leaf nodes are specific
INFO: dtree.c(1478): Final simple tree
|( QUESTION2_0_L -1 -1.313e+05 2.453e+03 5.593e+02
|    ( QUESTION0 -1 -8.242e+04 1.466e+03 3.394e+02
|        ( QUESTION0_0_R 1 -4.812e+04 6.277e+02 1.939e+02
|            ( QUESTION1 -1 -3.728e+04 8.004e+02 1.475e+02
|                ( - -1.464e+04 1 0)
|                ( - -2.183e+04 2 0))
|            ( - -1.021e+04 1 0))
|        ( WDBNDRY_B 0 -3.284e+04 7.640e+02 1.454e+02
|            ( QUESTION4 -1 -1.568e+04 1.893e+02 7.005e+01
|                ( - -7.522e+02 1 0)
|                ( - -1.474e+04 2 0))
|            ( - -1.639e+04 1 0)))
|    ( - -4.639e+04 2 0))
s>    ( QUESTION2_0_L -1 -1.313e+05 2.453e+03 5.593e+02
s>        ( QUESTION0 -1 -8.242e+04 1.466e+03 3.394e+02
s>            ( QUESTION0_0_R 1 -4.812e+04 6.277e+02 1.939e+02
s>                ( QUESTION1 -1 -3.728e+04 8.004e+02 1.475e+02
s>                    ( - -1.464e+04 1 0)
s>                    ( - -2.183e+04 2 0))
s>                ( - -1.021e+04 1 0))
s>            ( WDBNDRY_B 0 -3.284e+04 7.640e+02 1.454e+02
s>                ( QUESTION4 -1 -1.568e+04 1.893e+02 7.005e+01
s>                    ( - -7.522e+02 1 0)
s>                    ( - -1.474e+04 2 0))
s>                ( - -1.639e+04 1 0)))
s>        ( - -4.639e+04 2 0))INFO: dtree.c(1315): Comp split 3
INFO: dtree.c(1478): Final simple tree
|( QUESTION2_0_L -1 -2.123e+05 1.033e+03 9.952e+02
|    ( QUESTION11 1 -2.421e+04 6.375e+02 1.055e+02
|        ( WDBNDRY_E 0 -6.645e+03 5.068e+02 2.703e+01
|            ( - 2.426e+02 1 0)
|            ( - -6.381e+03 5 0 QUESTION4 -1 2.206e+02 2.603e+01))
|        ( WDBNDRY_E 0 -1.692e+04 3.485e+02 7.851e+01
|            ( - -5.533e+03 2 0 SILENCE 1 2.348e+02 2.700e+01)
|            ( - -1.104e+04 2 0 QUESTION0 1 2.831e+02 5.151e+01)))
|    ( QUESTION0_10_R 1 -1.871e+05 8.811e+02 8.896e+02
|        ( - -1.680e+04 1 0)
|        ( QUESTION15 -1 -1.694e+05 4.906e+02 8.062e+02
|            ( - 1.273e+02 1 0)
|            ( QUESTION0_1_R 1 -1.690e+05 3.606e+02 8.052e+02
|                ( - -3.327e+03 2 0 QUESTION0_2_R 1 1.097e+02 1.400e+01)
|                ( - -1.654e+05 8 0 QUESTION0_8_R 1 3.445e+02 7.912e+02)))))
s>    ( QUESTION2_0_L -1 -2.123e+05 1.033e+03 9.952e+02
s>        ( QUESTION11 1 -2.421e+04 6.375e+02 1.055e+02
s>            ( WDBNDRY_E 0 -6.645e+03 5.068e+02 2.703e+01
s>                ( - 2.426e+02 1 0)
s>                ( - -6.381e+03 5 0 QUESTION4 -1 2.206e+02 2.603e+01))
s>            ( WDBNDRY_E 0 -1.692e+04 3.485e+02 7.851e+01
s>                ( - -5.533e+03 2 0 SILENCE 1 2.348e+02 2.700e+01)
s>                ( - -1.104e+04 2 0 QUESTION0 1 2.831e+02 5.151e+01)))
s>        ( QUESTION0_10_R 1 -1.871e+05 8.811e+02 8.896e+02
s>            ( - -1.680e+04 1 0)
s>            ( QUESTION15 -1 -1.694e+05 4.906e+02 8.062e+02
s>                ( - 1.273e+02 1 0)
s>                ( QUESTION0_1_R 1 -1.690e+05 3.606e+02 8.052e+02
s>                    ( - -3.327e+03 2 0 QUESTION0_2_R 1 1.097e+02 1.400e+01)
s>                    ( - -1.654e+05 8 0 QUESTION0_8_R 1 3.445e+02 7.912e+02)))))INFO: dtree.c(1478): Final simple tree
|( QUESTION2_3_L -1 -1.528e+05 7.087e+02 7.535e+02
|    ( SILENCE 1 -3.501e+04 3.427e+02 1.737e+02
|        ( - -7.411e+03 2 0 QUESTION4 -1 2.102e+02 3.698e+01)
|        ( - -2.726e+04 7 0 QUESTION4 -1 2.710e+02 1.367e+02))
|    ( QUESTION4 1 -1.170e+05 4.891e+02 5.799e+02
|        ( QUESTION0_8_R 1 -5.038e+04 3.680e+02 2.496e+02
|            ( - -3.831e+04 3 0)
|            ( - -1.171e+04 1 0))
|        ( QUESTION19 1 -6.616e+04 4.920e+02 3.302e+02
|            ( - 1.824e+02 1 0)
|            ( QUESTION0_2_R 1 -6.585e+04 4.726e+02 3.292e+02
|                ( - 2.193e+02 1 0)
|                ( QUESTION11 1 -6.560e+04 3.656e+02 3.282e+02
|                    ( - -4.211e+03 2 0 QUESTION0_1_R 1 1.915e+02 2.300e+01)
|                    ( - -6.102e+04 8 0 QUESTION2_13_L -1 3.141e+02 3.052e+02))))))
s>    ( QUESTION2_3_L -1 -1.528e+05 7.087e+02 7.535e+02
s>        ( SILENCE 1 -3.501e+04 3.427e+02 1.737e+02
s>            ( - -7.411e+03 2 0 QUESTION4 -1 2.102e+02 3.698e+01)
s>            ( - -2.726e+04 7 0 QUESTION4 -1 2.710e+02 1.367e+02))
s>        ( QUESTION4 1 -1.170e+05 4.891e+02 5.799e+02
s>            ( QUESTION0_8_R 1 -5.038e+04 3.680e+02 2.496e+02
s>                ( - -3.831e+04 3 0)
s>                ( - -1.171e+04 1 0))
s>            ( QUESTION19 1 -6.616e+04 4.920e+02 3.302e+02
s>                ( - 1.824e+02 1 0)
s>                ( QUESTION0_2_R 1 -6.585e+04 4.726e+02 3.292e+02
s>                    ( - 2.193e+02 1 0)
s>                    ( QUESTION11 1 -6.560e+04 3.656e+02 3.282e+02
s>                        ( - -4.211e+03 2 0 QUESTION0_1_R 1 1.915e+02 2.300e+01)
s>                        ( - -6.102e+04 8 0 QUESTION2_13_L -1 3.141e+02 3.052e+02))))))INFO: dtree.c(1315): Comp split 4
INFO: dtree.c(1439): stop. leaf nodes are specific
INFO: dtree.c(1478): Final simple tree
|( QUESTION2_11_L -1 -1.300e+05 1.449e+03 6.171e+02
|    ( - -7.818e+04 1 0)
|    ( QUESTION2_14_L -1 -5.038e+04 6.006e+02 2.372e+02
|        ( - -1.702e+04 1 0)
|        ( QUESTION2_18_L -1 -3.276e+04 5.912e+02 1.565e+02
|            ( - -3.218e+03 1 0)
|            ( QUESTION0_8_R 1 -2.895e+04 3.273e+02 1.414e+02
|                ( - -1.748e+04 1 0)
|                ( WDBNDRY_E 0 -1.114e+04 2.432e+02 5.482e+01
|                    ( - -5.238e+03 1 0)
|                    ( - -5.663e+03 1 0))))))
s>    ( QUESTION2_11_L -1 -1.300e+05 1.449e+03 6.171e+02
s>        ( - -7.818e+04 1 0)
s>        ( QUESTION2_14_L -1 -5.038e+04 6.006e+02 2.372e+02
s>            ( - -1.702e+04 1 0)
s>            ( QUESTION2_18_L -1 -3.276e+04 5.912e+02 1.565e+02
s>                ( - -3.218e+03 1 0)
s>                ( QUESTION0_8_R 1 -2.895e+04 3.273e+02 1.414e+02
s>                    ( - -1.748e+04 1 0)
s>                    ( WDBNDRY_E 0 -1.114e+04 2.432e+02 5.482e+01
s>                        ( - -5.238e+03 1 0)
s>                        ( - -5.663e+03 1 0))))))INFO: dtree.c(1478): Final simple tree
|( WDBNDRY_B 0 -1.301e+05 8.313e+02 5.976e+02
|    ( QUESTION8 -1 -9.887e+04 5.003e+02 4.552e+02
|        ( - -1.031e+02 1 0)
|        ( QUESTION2_11_L -1 -9.827e+04 3.802e+02 4.542e+02
|            ( - -5.940e+03 1 0)
|            ( QUESTION3 -1 -9.195e+04 3.189e+02 4.250e+02
|                ( QUESTION4 -1 -5.327e+04 1.919e+02 2.496e+02
|                    ( QUESTION2_9_L -1 -4.495e+04 1.886e+02 2.102e+02
|                        ( - -7.587e+02 1 0)
|                        ( - -4.400e+04 6 0 QUESTION2_6_L -1 1.774e+02 2.062e+02))
|                    ( - -8.131e+03 1 0))
|                ( QUESTION1 -1 -3.836e+04 2.948e+02 1.754e+02
|                    ( - -1.216e+04 2 0)
|                    ( - -2.590e+04 8 0 SILENCE -1 1.877e+02 1.190e+02)))))
|    ( - -3.042e+04 1 0))
s>    ( WDBNDRY_B 0 -1.301e+05 8.313e+02 5.976e+02
s>        ( QUESTION8 -1 -9.887e+04 5.003e+02 4.552e+02
s>            ( - -1.031e+02 1 0)
s>            ( QUESTION2_11_L -1 -9.827e+04 3.802e+02 4.542e+02
s>                ( - -5.940e+03 1 0)
s>                ( QUESTION3 -1 -9.195e+04 3.189e+02 4.250e+02
s>                    ( QUESTION4 -1 -5.327e+04 1.919e+02 2.496e+02
s>                        ( QUESTION2_9_L -1 -4.495e+04 1.886e+02 2.102e+02
s>                            ( - -7.587e+02 1 0)
s>                            ( - -4.400e+04 6 0 QUESTION2_6_L -1 1.774e+02 2.062e+02))
s>                        ( - -8.131e+03 1 0))
s>                    ( QUESTION1 -1 -3.836e+04 2.948e+02 1.754e+02
s>                        ( - -1.216e+04 2 0)
s>                        ( - -2.590e+04 8 0 SILENCE -1 1.877e+02 1.190e+02)))))
s>        ( - -3.042e+04 1 0))INFO: dtree.c(1315): Comp split 5
INFO: dtree.c(1439): stop. leaf nodes are specific
INFO: dtree.c(1478): Final simple tree
|( QUESTION0 -1 -8.242e+04 1.466e+03 3.394e+02
|    ( QUESTION0_0_R 1 -4.812e+04 6.277e+02 1.939e+02
|        ( QUESTION1 -1 -3.728e+04 8.004e+02 1.475e+02
|            ( - -1.464e+04 1 0)
|            ( - -2.183e+04 2 0))
|        ( - -1.021e+04 1 0))
|    ( WDBNDRY_B 0 -3.284e+04 7.640e+02 1.454e+02
|        ( QUESTION4 -1 -1.568e+04 1.893e+02 7.005e+01
|            ( - -7.522e+02 1 0)
|            ( - -1.474e+04 2 0))
|        ( - -1.639e+04 1 0)))
s>    ( QUESTION0 -1 -8.242e+04 1.466e+03 3.394e+02
s>        ( QUESTION0_0_R 1 -4.812e+04 6.277e+02 1.939e+02
s>            ( QUESTION1 -1 -3.728e+04 8.004e+02 1.475e+02
s>                ( - -1.464e+04 1 0)
s>                ( - -2.183e+04 2 0))
s>            ( - -1.021e+04 1 0))
s>        ( WDBNDRY_B 0 -3.284e+04 7.640e+02 1.454e+02
s>            ( QUESTION4 -1 -1.568e+04 1.893e+02 7.005e+01
s>                ( - -7.522e+02 1 0)
s>                ( - -1.474e+04 2 0))
s>            ( - -1.639e+04 1 0)))INFO: dtree.c(1315): Comp split 6
INFO: dtree.c(1439): stop. leaf nodes are specific
INFO: dtree.c(1478): Final simple tree
|( QUESTION0_0_R 1 -4.812e+04 6.277e+02 1.939e+02
|    ( QUESTION1 -1 -3.728e+04 8.004e+02 1.475e+02
|        ( - -1.464e+04 1 0)
|        ( - -2.183e+04 2 0))
|    ( - -1.021e+04 1 0))
s>    ( QUESTION0_0_R 1 -4.812e+04 6.277e+02 1.939e+02
s>        ( QUESTION1 -1 -3.728e+04 8.004e+02 1.475e+02
s>            ( - -1.464e+04 1 0)
s>            ( - -2.183e+04 2 0))
s>        ( - -1.021e+04 1 0))INFO: dtree.c(1439): stop. leaf nodes are specific
INFO: dtree.c(1478): Final simple tree
|( WDBNDRY_B 0 -3.284e+04 7.640e+02 1.454e+02
|    ( QUESTION4 -1 -1.568e+04 1.893e+02 7.005e+01
|        ( - -7.522e+02 1 0)
|        ( - -1.474e+04 2 0))
|    ( - -1.639e+04 1 0))
s>    ( WDBNDRY_B 0 -3.284e+04 7.640e+02 1.454e+02
s>        ( QUESTION4 -1 -1.568e+04 1.893e+02 7.005e+01
s>            ( - -7.522e+02 1 0)
s>            ( - -1.474e+04 2 0))
s>        ( - -1.639e+04 1 0))INFO: dtree.c(1315): Comp split 7
INFO: dtree.c(1439): stop. leaf nodes are specific
INFO: dtree.c(1478): Final simple tree
|( QUESTION2_14_L -1 -5.038e+04 6.006e+02 2.372e+02
|    ( - -1.702e+04 1 0)
|    ( QUESTION2_18_L -1 -3.276e+04 5.912e+02 1.565e+02
|        ( - -3.218e+03 1 0)
|        ( QUESTION0_8_R 1 -2.895e+04 3.273e+02 1.414e+02
|            ( - -1.748e+04 1 0)
|            ( WDBNDRY_E 0 -1.114e+04 2.432e+02 5.482e+01
|                ( - -5.238e+03 1 0)
|                ( - -5.663e+03 1 0)))))
s>    ( QUESTION2_14_L -1 -5.038e+04 6.006e+02 2.372e+02
s>        ( - -1.702e+04 1 0)
s>        ( QUESTION2_18_L -1 -3.276e+04 5.912e+02 1.565e+02
s>            ( - -3.218e+03 1 0)
s>            ( QUESTION0_8_R 1 -2.895e+04 3.273e+02 1.414e+02
s>                ( - -1.748e+04 1 0)
s>                ( WDBNDRY_E 0 -1.114e+04 2.432e+02 5.482e+01
s>                    ( - -5.238e+03 1 0)
s>                    ( - -5.663e+03 1 0)))))INFO: dtree.c(1315): Comp split 8
INFO: dtree.c(1439): stop. leaf nodes are specific
INFO: dtree.c(1478): Final simple tree
|( QUESTION2_11_L -1 -7.101e+04 3.435e+02 3.281e+02
|    ( - -1.512e+04 1 0)
|    ( - -5.555e+04 1 0))
s>    ( QUESTION2_11_L -1 -7.101e+04 3.435e+02 3.281e+02
s>        ( - -1.512e+04 1 0)
s>        ( - -5.555e+04 1 0))INFO: dtree.c(1315): Comp split 9
INFO: dtree.c(1478): Final simple tree
|( QUESTION0_10_R 1 -1.889e+05 8.772e+02 9.016e+02
|    ( - -1.680e+04 1 0)
|    ( WDBNDRY_E 0 -1.712e+05 3.484e+02 8.182e+02
|        ( SILENCE 1 -5.533e+03 2.348e+02 2.700e+01
|            ( - -3.537e+03 1 0)
|            ( - -1.761e+03 1 0))
|        ( QUESTION0_8_R 1 -1.654e+05 3.445e+02 7.912e+02
|            ( SILENCE -1 -1.580e+05 2.666e+02 7.571e+02
|                ( - -7.981e+02 1 0)
|                ( WDBNDRY_B 0 -1.569e+05 4.740e+02 7.521e+02
|                    ( - 1.729e+02 1 0)
|                    ( - -1.566e+05 4 0)))
|            ( QUESTION0_15_R 1 -7.010e+03 2.581e+02 3.412e+01
|                ( - -3.213e+03 1 0)
|                ( - -3.539e+03 1 0)))))
s>    ( QUESTION0_10_R 1 -1.889e+05 8.772e+02 9.016e+02
s>        ( - -1.680e+04 1 0)
s>        ( WDBNDRY_E 0 -1.712e+05 3.484e+02 8.182e+02
s>            ( SILENCE 1 -5.533e+03 2.348e+02 2.700e+01
s>                ( - -3.537e+03 1 0)
s>                ( - -1.761e+03 1 0))
s>            ( QUESTION0_8_R 1 -1.654e+05 3.445e+02 7.912e+02
s>                ( SILENCE -1 -1.580e+05 2.666e+02 7.571e+02
s>                    ( - -7.981e+02 1 0)
s>                    ( WDBNDRY_B 0 -1.569e+05 4.740e+02 7.521e+02
s>                        ( - 1.729e+02 1 0)
s>                        ( - -1.566e+05 4 0)))
s>                ( QUESTION0_15_R 1 -7.010e+03 2.581e+02 3.412e+01
s>                    ( - -3.213e+03 1 0)
s>                    ( - -3.539e+03 1 0)))))INFO: dtree.c(1478): Final simple tree
|( QUESTION2_5_L -1 -2.216e+04 5.473e+02 9.354e+01
|    ( QUESTION0 1 -1.104e+04 2.831e+02 5.151e+01
|        ( - -5.554e+03 1 0)
|        ( - -5.205e+03 1 0))
|    ( WDBNDRY_E 0 -1.057e+04 4.938e+02 4.203e+01
|        ( - 2.426e+02 1 0)
|        ( QUESTION13 -1 -1.032e+04 4.415e+02 4.103e+01
|            ( - 1.273e+02 1 0)
|            ( QUESTION0_1_R 1 -1.001e+04 2.973e+02 4.003e+01
|                ( - -3.327e+03 2 0 QUESTION0_2_R 1 1.097e+02 1.400e+01)
|                ( QUESTION4 -1 -6.381e+03 2.206e+02 2.603e+01
|                    ( WDBNDRY_B 0 -2.423e+03 2.225e+02 1.100e+01
|                        ( - -9.065e+02 1 0)
|                        ( - -1.294e+03 1 0))
|                    ( - -3.737e+03 3 0 QUESTION0 -1 1.562e+02 1.503e+01))))))
s>    ( QUESTION2_5_L -1 -2.216e+04 5.473e+02 9.354e+01
s>        ( QUESTION0 1 -1.104e+04 2.831e+02 5.151e+01
s>            ( - -5.554e+03 1 0)
s>            ( - -5.205e+03 1 0))
s>        ( WDBNDRY_E 0 -1.057e+04 4.938e+02 4.203e+01
s>            ( - 2.426e+02 1 0)
s>            ( QUESTION13 -1 -1.032e+04 4.415e+02 4.103e+01
s>                ( - 1.273e+02 1 0)
s>                ( QUESTION0_1_R 1 -1.001e+04 2.973e+02 4.003e+01
s>                    ( - -3.327e+03 2 0 QUESTION0_2_R 1 1.097e+02 1.400e+01)
s>                    ( QUESTION4 -1 -6.381e+03 2.206e+02 2.603e+01
s>                        ( WDBNDRY_B 0 -2.423e+03 2.225e+02 1.100e+01
s>                            ( - -9.065e+02 1 0)
s>                            ( - -1.294e+03 1 0))
s>                        ( - -3.737e+03 3 0 QUESTION0 -1 1.562e+02 1.503e+01))))))INFO: dtree.c(1315): Comp split 10
INFO: dtree.c(1439): stop. leaf nodes are specific
INFO: dtree.c(1478): Final simple tree
|( QUESTION0_0_R 1 -2.526e+04 4.046e+02 1.117e+02
|    ( - -1.464e+04 1 0)
|    ( - -1.021e+04 1 0))
s>    ( QUESTION0_0_R 1 -2.526e+04 4.046e+02 1.117e+02
s>        ( - -1.464e+04 1 0)
s>        ( - -1.021e+04 1 0))INFO: dtree.c(1315): Comp split 11
INFO: dtree.c(1439): stop. leaf nodes are specific
INFO: dtree.c(1478): Final simple tree
|( WDBNDRY_E 0 -1.712e+05 3.484e+02 8.182e+02
|    ( SILENCE 1 -5.533e+03 2.348e+02 2.700e+01
|        ( - -3.537e+03 1 0)
|        ( - -1.761e+03 1 0))
|    ( QUESTION0_8_R 1 -1.654e+05 3.445e+02 7.912e+02
|        ( SILENCE -1 -1.580e+05 2.666e+02 7.571e+02
|            ( - -7.981e+02 1 0)
|            ( WDBNDRY_B 0 -1.569e+05 4.740e+02 7.521e+02
|                ( - 1.729e+02 1 0)
|                ( - -1.566e+05 4 0)))
|        ( QUESTION0_15_R 1 -7.010e+03 2.581e+02 3.412e+01
|            ( - -3.213e+03 1 0)
|            ( - -3.539e+03 1 0))))
s>    ( WDBNDRY_E 0 -1.712e+05 3.484e+02 8.182e+02
s>        ( SILENCE 1 -5.533e+03 2.348e+02 2.700e+01
s>            ( - -3.537e+03 1 0)
s>            ( - -1.761e+03 1 0))
s>        ( QUESTION0_8_R 1 -1.654e+05 3.445e+02 7.912e+02
s>            ( SILENCE -1 -1.580e+05 2.666e+02 7.571e+02
s>                ( - -7.981e+02 1 0)
s>                ( WDBNDRY_B 0 -1.569e+05 4.740e+02 7.521e+02
s>                    ( - 1.729e+02 1 0)
s>                    ( - -1.566e+05 4 0)))
s>            ( QUESTION0_15_R 1 -7.010e+03 2.581e+02 3.412e+01
s>                ( - -3.213e+03 1 0)
s>                ( - -3.539e+03 1 0))))INFO: dtree.c(1315): Comp split 12
INFO: dtree.c(1478): Final simple tree
|( QUESTION8 -1 -9.887e+04 5.003e+02 4.552e+02
|    ( - -1.031e+02 1 0)
|    ( QUESTION2_11_L -1 -9.827e+04 3.802e+02 4.542e+02
|        ( - -5.940e+03 1 0)
|        ( QUESTION3 -1 -9.195e+04 3.189e+02 4.250e+02
|            ( QUESTION4 -1 -5.327e+04 1.919e+02 2.496e+02
|                ( QUESTION2_9_L -1 -4.495e+04 1.886e+02 2.102e+02
|                    ( - -7.587e+02 1 0)
|                    ( - -4.400e+04 6 0 QUESTION2_6_L -1 1.774e+02 2.062e+02))
|                ( - -8.131e+03 1 0))
|            ( QUESTION1 -1 -3.836e+04 2.948e+02 1.754e+02
|                ( - -1.216e+04 2 0)
|                ( SILENCE -1 -2.590e+04 1.877e+02 1.190e+02
|                    ( - -1.081e+04 3 0 QUESTION0_0_R 1 1.464e+02 5.073e+01)
|                    ( - -1.491e+04 5 0))))))
s>    ( QUESTION8 -1 -9.887e+04 5.003e+02 4.552e+02
s>        ( - -1.031e+02 1 0)
s>        ( QUESTION2_11_L -1 -9.827e+04 3.802e+02 4.542e+02
s>            ( - -5.940e+03 1 0)
s>            ( QUESTION3 -1 -9.195e+04 3.189e+02 4.250e+02
s>                ( QUESTION4 -1 -5.327e+04 1.919e+02 2.496e+02
s>                    ( QUESTION2_9_L -1 -4.495e+04 1.886e+02 2.102e+02
s>                        ( - -7.587e+02 1 0)
s>                        ( - -4.400e+04 6 0 QUESTION2_6_L -1 1.774e+02 2.062e+02))
s>                    ( - -8.131e+03 1 0))
s>                ( QUESTION1 -1 -3.836e+04 2.948e+02 1.754e+02
s>                    ( - -1.216e+04 2 0)
s>                    ( SILENCE -1 -2.590e+04 1.877e+02 1.190e+02
s>                        ( - -1.081e+04 3 0 QUESTION0_0_R 1 1.464e+02 5.073e+01)
s>                        ( - -1.491e+04 5 0))))))INFO: dtree.c(1315): Comp split 13
INFO: dtree.c(1478): Final simple tree
|( QUESTION11 1 -3.180e+04 3.279e+02 1.597e+02
|    ( QUESTION0_1_R 1 -4.211e+03 1.915e+02 2.300e+01
|        ( - -2.122e+03 1 0)
|        ( - -1.897e+03 1 0))
|    ( QUESTION4 -1 -2.726e+04 2.710e+02 1.367e+02
|        ( QUESTION0_10_R 1 -7.415e+03 2.026e+02 3.700e+01
|            ( - -2.198e+03 1 0)
|            ( QUESTION0_1_R 1 -5.014e+03 1.734e+02 2.500e+01
|                ( - -3.062e+03 1 0)
|                ( - -1.779e+03 1 0)))
|        ( QUESTION0_8_R 1 -1.957e+04 1.854e+02 9.971e+01
|            ( - -2.678e+03 1 0)
|            ( QUESTION0_1_R 1 -1.671e+04 1.706e+02 8.571e+01
|                ( - -1.021e+04 2 0 QUESTION0_5_R 1 1.622e+02 5.191e+01)
|                ( - -6.330e+03 1 0)))))
s>    ( QUESTION11 1 -3.180e+04 3.279e+02 1.597e+02
s>        ( QUESTION0_1_R 1 -4.211e+03 1.915e+02 2.300e+01
s>            ( - -2.122e+03 1 0)
s>            ( - -1.897e+03 1 0))
s>        ( QUESTION4 -1 -2.726e+04 2.710e+02 1.367e+02
s>            ( QUESTION0_10_R 1 -7.415e+03 2.026e+02 3.700e+01
s>                ( - -2.198e+03 1 0)
s>                ( QUESTION0_1_R 1 -5.014e+03 1.734e+02 2.500e+01
s>                    ( - -3.062e+03 1 0)
s>                    ( - -1.779e+03 1 0)))
s>            ( QUESTION0_8_R 1 -1.957e+04 1.854e+02 9.971e+01
s>                ( - -2.678e+03 1 0)
s>                ( QUESTION0_1_R 1 -1.671e+04 1.706e+02 8.571e+01
s>                    ( - -1.021e+04 2 0 QUESTION0_5_R 1 1.622e+02 5.191e+01)
s>                    ( - -6.330e+03 1 0)))))INFO: dtree.c(1478): Final simple tree
|( QUESTION19 1 -1.202e+05 4.836e+02 5.938e+02
|    ( - 1.824e+02 1 0)
|    ( QUESTION4 1 -1.199e+05 4.761e+02 5.928e+02
|        ( QUESTION0_8_R 1 -5.038e+04 3.680e+02 2.496e+02
|            ( - -3.831e+04 3 0)
|            ( - -1.171e+04 1 0))
|        ( QUESTION0_2_R 1 -6.899e+04 4.698e+02 3.432e+02
|            ( - 2.193e+02 1 0)
|            ( SILENCE 1 -6.874e+04 3.712e+02 3.422e+02
|                ( - -1.361e+04 3 0 QUESTION2_3_L -1 2.487e+02 6.599e+01)
|                ( QUESTION2_13_L -1 -5.475e+04 3.082e+02 2.762e+02
|                    ( QUESTION2 1 -3.962e+04 2.716e+02 2.019e+02
|                        ( - -5.878e+03 1 0)
|                        ( - -3.347e+04 4 0 WDBNDRY_E 0 2.767e+02 1.700e+02))
|                    ( - -1.482e+04 2 0))))))
s>    ( QUESTION19 1 -1.202e+05 4.836e+02 5.938e+02
s>        ( - 1.824e+02 1 0)
s>        ( QUESTION4 1 -1.199e+05 4.761e+02 5.928e+02
s>            ( QUESTION0_8_R 1 -5.038e+04 3.680e+02 2.496e+02
s>                ( - -3.831e+04 3 0)
s>                ( - -1.171e+04 1 0))
s>            ( QUESTION0_2_R 1 -6.899e+04 4.698e+02 3.432e+02
s>                ( - 2.193e+02 1 0)
s>                ( SILENCE 1 -6.874e+04 3.712e+02 3.422e+02
s>                    ( - -1.361e+04 3 0 QUESTION2_3_L -1 2.487e+02 6.599e+01)
s>                    ( QUESTION2_13_L -1 -5.475e+04 3.082e+02 2.762e+02
s>                        ( QUESTION2 1 -3.962e+04 2.716e+02 2.019e+02
s>                            ( - -5.878e+03 1 0)
s>                            ( - -3.347e+04 4 0 WDBNDRY_E 0 2.767e+02 1.700e+02))
s>                        ( - -1.482e+04 2 0))))))INFO: dtree.c(1315): Comp split 14
INFO: dtree.c(1439): stop. leaf nodes are specific
INFO: dtree.c(1478): Final simple tree
|( QUESTION4 -1 -1.568e+04 1.893e+02 7.005e+01
|    ( - -7.522e+02 1 0)
|    ( - -1.474e+04 2 0))
s>    ( QUESTION4 -1 -1.568e+04 1.893e+02 7.005e+01
s>        ( - -7.522e+02 1 0)
s>        ( - -1.474e+04 2 0))INFO: dtree.c(1315): Comp split 15
INFO: dtree.c(1439): stop. leaf nodes are specific
INFO: dtree.c(1478): Final simple tree
|( QUESTION0_8_R 1 -2.895e+04 3.273e+02 1.414e+02
|    ( - -1.748e+04 1 0)
|    ( WDBNDRY_E 0 -1.114e+04 2.432e+02 5.482e+01
|        ( - -5.238e+03 1 0)
|        ( - -5.663e+03 1 0)))
s>    ( QUESTION0_8_R 1 -2.895e+04 3.273e+02 1.414e+02
s>        ( - -1.748e+04 1 0)
s>        ( WDBNDRY_E 0 -1.114e+04 2.432e+02 5.482e+01
s>            ( - -5.238e+03 1 0)
s>            ( - -5.663e+03 1 0)))INFO: dtree.c(1439): stop. leaf nodes are specific
INFO: dtree.c(1478): Final simple tree
|( QUESTION0_0_R 1 -2.081e+04 5.781e+02 9.583e+01
|    ( - -1.702e+04 1 0)
|    ( - -3.218e+03 1 0))
s>    ( QUESTION0_0_R 1 -2.081e+04 5.781e+02 9.583e+01
s>        ( - -1.702e+04 1 0)
s>        ( - -3.218e+03 1 0))INFO: dtree.c(1315): Comp split 16
INFO: dtree.c(1315): Comp split 17
INFO: dtree.c(1478): Final simple tree
|( WDBNDRY_E 0 -1.057e+04 4.938e+02 4.203e+01
|    ( - 2.426e+02 1 0)
|    ( QUESTION13 -1 -1.032e+04 4.415e+02 4.103e+01
|        ( - 1.273e+02 1 0)
|        ( QUESTION0_1_R 1 -1.001e+04 2.973e+02 4.003e+01
|            ( - -3.327e+03 2 0 QUESTION0_2_R 1 1.097e+02 1.400e+01)
|            ( QUESTION4 -1 -6.381e+03 2.206e+02 2.603e+01
|                ( WDBNDRY_B 0 -2.423e+03 2.225e+02 1.100e+01
|                    ( - -9.065e+02 1 0)
|                    ( - -1.294e+03 1 0))
|                ( QUESTION0 -1 -3.737e+03 1.562e+02 1.503e+01
|                    ( - -1.191e+03 1 0)
|                    ( QUESTION19 -1 -2.391e+03 1.176e+02 1.003e+01
|                        ( - -6.458e+02 1 0)
|                        ( - -1.627e+03 1 0)))))))
s>    ( WDBNDRY_E 0 -1.057e+04 4.938e+02 4.203e+01
s>        ( - 2.426e+02 1 0)
s>        ( QUESTION13 -1 -1.032e+04 4.415e+02 4.103e+01
s>            ( - 1.273e+02 1 0)
s>            ( QUESTION0_1_R 1 -1.001e+04 2.973e+02 4.003e+01
s>                ( - -3.327e+03 2 0 QUESTION0_2_R 1 1.097e+02 1.400e+01)
s>                ( QUESTION4 -1 -6.381e+03 2.206e+02 2.603e+01
s>                    ( WDBNDRY_B 0 -2.423e+03 2.225e+02 1.100e+01
s>                        ( - -9.065e+02 1 0)
s>                        ( - -1.294e+03 1 0))
s>                    ( QUESTION0 -1 -3.737e+03 1.562e+02 1.503e+01
s>                        ( - -1.191e+03 1 0)
s>                        ( QUESTION19 -1 -2.391e+03 1.176e+02 1.003e+01
s>                            ( - -6.458e+02 1 0)
s>                            ( - -1.627e+03 1 0)))))))INFO: dtree.c(1439): stop. leaf nodes are specific
INFO: dtree.c(1478): Final simple tree
|( QUESTION0 1 -1.104e+04 2.831e+02 5.151e+01
|    ( - -5.554e+03 1 0)
|    ( - -5.205e+03 1 0))
s>    ( QUESTION0 1 -1.104e+04 2.831e+02 5.151e+01
s>        ( - -5.554e+03 1 0)
s>        ( - -5.205e+03 1 0))INFO: dtree.c(1315): Comp split 18
INFO: dtree.c(1439): stop. leaf nodes are specific
INFO: dtree.c(1478): Final simple tree
|( QUESTION0_11_R 1 -6.684e+04 3.862e+02 3.383e+02
|    ( - -1.171e+04 1 0)
|    ( QUESTION2_13_L -1 -5.475e+04 3.082e+02 2.762e+02
|        ( QUESTION2 1 -3.962e+04 2.716e+02 2.019e+02
|            ( - -5.878e+03 1 0)
|            ( WDBNDRY_E 0 -3.347e+04 2.767e+02 1.700e+02
|                ( QUESTION0_4_R 1 -2.701e+04 1.960e+02 1.379e+02
|                    ( - -5.517e+03 1 0)
|                    ( QUESTION0_1_R 1 -2.130e+04 1.688e+02 1.089e+02
|                        ( - -2.106e+03 1 0)
|                        ( - -1.902e+04 1 0)))
|                ( - -6.185e+03 1 0)))
|        ( - -1.482e+04 2 0)))
s>    ( QUESTION0_11_R 1 -6.684e+04 3.862e+02 3.383e+02
s>        ( - -1.171e+04 1 0)
s>        ( QUESTION2_13_L -1 -5.475e+04 3.082e+02 2.762e+02
s>            ( QUESTION2 1 -3.962e+04 2.716e+02 2.019e+02
s>                ( - -5.878e+03 1 0)
s>                ( WDBNDRY_E 0 -3.347e+04 2.767e+02 1.700e+02
s>                    ( QUESTION0_4_R 1 -2.701e+04 1.960e+02 1.379e+02
s>                        ( - -5.517e+03 1 0)
s>                        ( QUESTION0_1_R 1 -2.130e+04 1.688e+02 1.089e+02
s>                            ( - -2.106e+03 1 0)
s>                            ( - -1.902e+04 1 0)))
s>                    ( - -6.185e+03 1 0)))
s>            ( - -1.482e+04 2 0)))INFO: dtree.c(1439): stop. leaf nodes are specific
INFO: dtree.c(1478): Final simple tree
|( QUESTION0_3_R 1 -5.277e+04 4.753e+02 2.556e+02
|    ( - 1.824e+02 1 0)
|    ( QUESTION0_1_R 1 -5.248e+04 4.602e+02 2.546e+02
|        ( - 2.193e+02 1 0)
|        ( SILENCE 1 -5.224e+04 3.096e+02 2.536e+02
|            ( QUESTION2_3_L -1 -1.361e+04 2.487e+02 6.599e+01
|                ( QUESTION4 -1 -7.411e+03 2.102e+02 3.698e+01
|                    ( - -1.492e+03 1 0)
|                    ( - -5.709e+03 1 0))
|                ( - -5.955e+03 1 0))
|            ( - -3.831e+04 3 0))))
s>    ( QUESTION0_3_R 1 -5.277e+04 4.753e+02 2.556e+02
s>        ( - 1.824e+02 1 0)
s>        ( QUESTION0_1_R 1 -5.248e+04 4.602e+02 2.546e+02
s>            ( - 2.193e+02 1 0)
s>            ( SILENCE 1 -5.224e+04 3.096e+02 2.536e+02
s>                ( QUESTION2_3_L -1 -1.361e+04 2.487e+02 6.599e+01
s>                    ( QUESTION4 -1 -7.411e+03 2.102e+02 3.698e+01
s>                        ( - -1.492e+03 1 0)
s>                        ( - -5.709e+03 1 0))
s>                    ( - -5.955e+03 1 0))
s>                ( - -3.831e+04 3 0))))INFO: dtree.c(1315): Comp split 19
INFO: dtree.c(1478): Final simple tree
|( QUESTION2_11_L -1 -9.827e+04 3.802e+02 4.542e+02
|    ( - -5.940e+03 1 0)
|    ( QUESTION3 -1 -9.195e+04 3.189e+02 4.250e+02
|        ( QUESTION4 -1 -5.327e+04 1.919e+02 2.496e+02
|            ( QUESTION2_9_L -1 -4.495e+04 1.886e+02 2.102e+02
|                ( - -7.587e+02 1 0)
|                ( QUESTION2_6_L -1 -4.400e+04 1.774e+02 2.062e+02
|                    ( - -1.627e+03 1 0)
|                    ( - -4.220e+04 5 0 QUESTION2_0_L -1 4.844e+02 1.972e+02)))
|            ( - -8.131e+03 1 0))
|        ( QUESTION1 -1 -3.836e+04 2.948e+02 1.754e+02
|            ( - -1.216e+04 2 0)
|            ( SILENCE -1 -2.590e+04 1.877e+02 1.190e+02
|                ( - -1.081e+04 3 0 QUESTION0_0_R 1 1.464e+02 5.073e+01)
|                ( - -1.491e+04 5 0)))))
s>    ( QUESTION2_11_L -1 -9.827e+04 3.802e+02 4.542e+02
s>        ( - -5.940e+03 1 0)
s>        ( QUESTION3 -1 -9.195e+04 3.189e+02 4.250e+02
s>            ( QUESTION4 -1 -5.327e+04 1.919e+02 2.496e+02
s>                ( QUESTION2_9_L -1 -4.495e+04 1.886e+02 2.102e+02
s>                    ( - -7.587e+02 1 0)
s>                    ( QUESTION2_6_L -1 -4.400e+04 1.774e+02 2.062e+02
s>                        ( - -1.627e+03 1 0)
s>                        ( - -4.220e+04 5 0 QUESTION2_0_L -1 4.844e+02 1.972e+02)))
s>                ( - -8.131e+03 1 0))
s>            ( QUESTION1 -1 -3.836e+04 2.948e+02 1.754e+02
s>                ( - -1.216e+04 2 0)
s>                ( SILENCE -1 -2.590e+04 1.877e+02 1.190e+02
s>                    ( - -1.081e+04 3 0 QUESTION0_0_R 1 1.464e+02 5.073e+01)
s>                    ( - -1.491e+04 5 0)))))INFO: dtree.c(1315): Comp split 20
INFO: dtree.c(1478): Final simple tree
|( QUESTION13 -1 -1.032e+04 4.415e+02 4.103e+01
|    ( - 1.273e+02 1 0)
|    ( QUESTION0_1_R 1 -1.001e+04 2.973e+02 4.003e+01
|        ( QUESTION0_2_R 1 -3.327e+03 1.097e+02 1.400e+01
|            ( - -2.339e+03 1 0)
|            ( - -8.784e+02 1 0))
|        ( QUESTION4 -1 -6.381e+03 2.206e+02 2.603e+01
|            ( WDBNDRY_B 0 -2.423e+03 2.225e+02 1.100e+01
|                ( - -9.065e+02 1 0)
|                ( - -1.294e+03 1 0))
|            ( QUESTION0 -1 -3.737e+03 1.562e+02 1.503e+01
|                ( - -1.191e+03 1 0)
|                ( QUESTION19 -1 -2.391e+03 1.176e+02 1.003e+01
|                    ( - -6.458e+02 1 0)
|                    ( - -1.627e+03 1 0))))))
s>    ( QUESTION13 -1 -1.032e+04 4.415e+02 4.103e+01
s>        ( - 1.273e+02 1 0)
s>        ( QUESTION0_1_R 1 -1.001e+04 2.973e+02 4.003e+01
s>            ( QUESTION0_2_R 1 -3.327e+03 1.097e+02 1.400e+01
s>                ( - -2.339e+03 1 0)
s>                ( - -8.784e+02 1 0))
s>            ( QUESTION4 -1 -6.381e+03 2.206e+02 2.603e+01
s>                ( WDBNDRY_B 0 -2.423e+03 2.225e+02 1.100e+01
s>                    ( - -9.065e+02 1 0)
s>                    ( - -1.294e+03 1 0))
s>                ( QUESTION0 -1 -3.737e+03 1.562e+02 1.503e+01
s>                    ( - -1.191e+03 1 0)
s>                    ( QUESTION19 -1 -2.391e+03 1.176e+02 1.003e+01
s>                        ( - -6.458e+02 1 0)
s>                        ( - -1.627e+03 1 0))))))INFO: dtree.c(1315): Comp split 21
INFO: dtree.c(1439): stop. leaf nodes are specific
INFO: dtree.c(1478): Final simple tree
|( QUESTION0_1_R 1 -5.248e+04 4.602e+02 2.546e+02
|    ( - 2.193e+02 1 0)
|    ( SILENCE 1 -5.224e+04 3.096e+02 2.536e+02
|        ( QUESTION2_3_L -1 -1.361e+04 2.487e+02 6.599e+01
|            ( QUESTION4 -1 -7.411e+03 2.102e+02 3.698e+01
|                ( - -1.492e+03 1 0)
|                ( - -5.709e+03 1 0))
|            ( - -5.955e+03 1 0))
|        ( - -3.831e+04 3 0)))
s>    ( QUESTION0_1_R 1 -5.248e+04 4.602e+02 2.546e+02
s>        ( - 2.193e+02 1 0)
s>        ( SILENCE 1 -5.224e+04 3.096e+02 2.536e+02
s>            ( QUESTION2_3_L -1 -1.361e+04 2.487e+02 6.599e+01
s>                ( QUESTION4 -1 -7.411e+03 2.102e+02 3.698e+01
s>                    ( - -1.492e+03 1 0)
s>                    ( - -5.709e+03 1 0))
s>                ( - -5.955e+03 1 0))
s>            ( - -3.831e+04 3 0)))INFO: dtree.c(1315): Comp split 22
INFO: dtree.c(1439): stop. leaf nodes are specific
INFO: dtree.c(1478): Final simple tree
|( WDBNDRY_E 0 -1.709e+05 3.483e+02 8.172e+02
|    ( SILENCE 1 -5.533e+03 2.348e+02 2.700e+01
|        ( - -3.537e+03 1 0)
|        ( - -1.761e+03 1 0))
|    ( QUESTION0_8_R 1 -1.651e+05 3.458e+02 7.902e+02
|        ( WDBNDRY_B 0 -1.577e+05 2.668e+02 7.561e+02
|            ( - -7.981e+02 1 0)
|            ( - -1.566e+05 4 0))
|        ( QUESTION0_15_R 1 -7.010e+03 2.581e+02 3.412e+01
|            ( - -3.213e+03 1 0)
|            ( - -3.539e+03 1 0))))
s>    ( WDBNDRY_E 0 -1.709e+05 3.483e+02 8.172e+02
s>        ( SILENCE 1 -5.533e+03 2.348e+02 2.700e+01
s>            ( - -3.537e+03 1 0)
s>            ( - -1.761e+03 1 0))
s>        ( QUESTION0_8_R 1 -1.651e+05 3.458e+02 7.902e+02
s>            ( WDBNDRY_B 0 -1.577e+05 2.668e+02 7.561e+02
s>                ( - -7.981e+02 1 0)
s>                ( - -1.566e+05 4 0))
s>            ( QUESTION0_15_R 1 -7.010e+03 2.581e+02 3.412e+01
s>                ( - -3.213e+03 1 0)
s>                ( - -3.539e+03 1 0))))INFO: dtree.c(1315): Comp split 23
INFO: dtree.c(1439): stop. leaf nodes are specific
INFO: dtree.c(1478): Final simple tree
|( SILENCE 1 -5.224e+04 3.096e+02 2.536e+02
|    ( QUESTION2_3_L -1 -1.361e+04 2.487e+02 6.599e+01
|        ( QUESTION4 -1 -7.411e+03 2.102e+02 3.698e+01
|            ( - -1.492e+03 1 0)
|            ( - -5.709e+03 1 0))
|        ( - -5.955e+03 1 0))
|    ( - -3.831e+04 3 0))
s>    ( SILENCE 1 -5.224e+04 3.096e+02 2.536e+02
s>        ( QUESTION2_3_L -1 -1.361e+04 2.487e+02 6.599e+01
s>            ( QUESTION4 -1 -7.411e+03 2.102e+02 3.698e+01
s>                ( - -1.492e+03 1 0)
s>                ( - -5.709e+03 1 0))
s>            ( - -5.955e+03 1 0))
s>        ( - -3.831e+04 3 0))INFO: dtree.c(1315): Comp split 24
INFO: dtree.c(1439): stop. leaf nodes are specific
INFO: dtree.c(1478): Final simple tree
|( QUESTION0_1_R 1 -1.001e+04 2.973e+02 4.003e+01
|    ( QUESTION0_2_R 1 -3.327e+03 1.097e+02 1.400e+01
|        ( - -2.339e+03 1 0)
|        ( - -8.784e+02 1 0))
|    ( QUESTION4 -1 -6.381e+03 2.206e+02 2.603e+01
|        ( WDBNDRY_B 0 -2.423e+03 2.225e+02 1.100e+01
|            ( - -9.065e+02 1 0)
|            ( - -1.294e+03 1 0))
|        ( QUESTION0 -1 -3.737e+03 1.562e+02 1.503e+01
|            ( - -1.191e+03 1 0)
|            ( QUESTION19 -1 -2.391e+03 1.176e+02 1.003e+01
|                ( - -6.458e+02 1 0)
|                ( - -1.627e+03 1 0)))))
s>    ( QUESTION0_1_R 1 -1.001e+04 2.973e+02 4.003e+01
s>        ( QUESTION0_2_R 1 -3.327e+03 1.097e+02 1.400e+01
s>            ( - -2.339e+03 1 0)
s>            ( - -8.784e+02 1 0))
s>        ( QUESTION4 -1 -6.381e+03 2.206e+02 2.603e+01
s>            ( WDBNDRY_B 0 -2.423e+03 2.225e+02 1.100e+01
s>                ( - -9.065e+02 1 0)
s>                ( - -1.294e+03 1 0))
s>            ( QUESTION0 -1 -3.737e+03 1.562e+02 1.503e+01
s>                ( - -1.191e+03 1 0)
s>                ( QUESTION19 -1 -2.391e+03 1.176e+02 1.003e+01
s>                    ( - -6.458e+02 1 0)
s>                    ( - -1.627e+03 1 0)))))INFO: dtree.c(1315): Comp split 25
INFO: dtree.c(1439): stop. leaf nodes are specific
INFO: dtree.c(1478): Final simple tree
|( QUESTION2_3_L -1 -7.731e+03 1.645e+02 3.823e+01
|    ( - -1.627e+03 1 0)
|    ( - -5.940e+03 1 0))
s>    ( QUESTION2_3_L -1 -7.731e+03 1.645e+02 3.823e+01
s>        ( - -1.627e+03 1 0)
s>        ( - -5.940e+03 1 0))INFO: dtree.c(1478): Final simple tree
|( QUESTION2_3_L -1 -9.013e+04 4.835e+02 4.160e+02
|    ( - 2.416e+02 1 0)
|    ( QUESTION3 -1 -8.989e+04 3.074e+02 4.150e+02
|        ( QUESTION2_2_L -1 -5.122e+04 1.882e+02 2.396e+02
|            ( - -7.587e+02 1 0)
|            ( QUESTION4 -1 -5.027e+04 1.892e+02 2.356e+02
|                ( - -4.195e+04 4 0)
|                ( - -8.131e+03 1 0)))
|        ( QUESTION1 -1 -3.836e+04 2.948e+02 1.754e+02
|            ( - -1.216e+04 2 0)
|            ( SILENCE -1 -2.590e+04 1.877e+02 1.190e+02
|                ( QUESTION0_0_R 1 -1.081e+04 1.464e+02 5.073e+01
|                    ( - -8.644e+03 2 0)
|                    ( - -2.017e+03 1 0))
|                ( - -1.491e+04 5 0)))))
s>    ( QUESTION2_3_L -1 -9.013e+04 4.835e+02 4.160e+02
s>        ( - 2.416e+02 1 0)
s>        ( QUESTION3 -1 -8.989e+04 3.074e+02 4.150e+02
s>            ( QUESTION2_2_L -1 -5.122e+04 1.882e+02 2.396e+02
s>                ( - -7.587e+02 1 0)
s>                ( QUESTION4 -1 -5.027e+04 1.892e+02 2.356e+02
s>                    ( - -4.195e+04 4 0)
s>                    ( - -8.131e+03 1 0)))
s>            ( QUESTION1 -1 -3.836e+04 2.948e+02 1.754e+02
s>                ( - -1.216e+04 2 0)
s>                ( SILENCE -1 -2.590e+04 1.877e+02 1.190e+02
s>                    ( QUESTION0_0_R 1 -1.081e+04 1.464e+02 5.073e+01
s>                        ( - -8.644e+03 2 0)
s>                        ( - -2.017e+03 1 0))
s>                    ( - -1.491e+04 5 0)))))INFO: dtree.c(1315): Comp split 26
INFO: dtree.c(1439): stop. leaf nodes are specific
INFO: dtree.c(1478): Final simple tree
|( QUESTION3 -1 -8.989e+04 3.074e+02 4.150e+02
|    ( QUESTION2_2_L -1 -5.122e+04 1.882e+02 2.396e+02
|        ( - -7.587e+02 1 0)
|        ( QUESTION4 -1 -5.027e+04 1.892e+02 2.356e+02
|            ( - -4.195e+04 4 0)
|            ( - -8.131e+03 1 0)))
|    ( QUESTION1 -1 -3.836e+04 2.948e+02 1.754e+02
|        ( - -1.216e+04 2 0)
|        ( SILENCE -1 -2.590e+04 1.877e+02 1.190e+02
|            ( QUESTION0_0_R 1 -1.081e+04 1.464e+02 5.073e+01
|                ( - -8.644e+03 2 0)
|                ( - -2.017e+03 1 0))
|            ( - -1.491e+04 5 0))))
s>    ( QUESTION3 -1 -8.989e+04 3.074e+02 4.150e+02
s>        ( QUESTION2_2_L -1 -5.122e+04 1.882e+02 2.396e+02
s>            ( - -7.587e+02 1 0)
s>            ( QUESTION4 -1 -5.027e+04 1.892e+02 2.356e+02
s>                ( - -4.195e+04 4 0)
s>                ( - -8.131e+03 1 0)))
s>        ( QUESTION1 -1 -3.836e+04 2.948e+02 1.754e+02
s>            ( - -1.216e+04 2 0)
s>            ( SILENCE -1 -2.590e+04 1.877e+02 1.190e+02
s>                ( QUESTION0_0_R 1 -1.081e+04 1.464e+02 5.073e+01
s>                    ( - -8.644e+03 2 0)
s>                    ( - -2.017e+03 1 0))
s>                ( - -1.491e+04 5 0))))INFO: dtree.c(1315): Comp split 27
INFO: dtree.c(1315): Comp split 28
INFO: dtree.c(1439): stop. leaf nodes are specific
INFO: dtree.c(1478): Final simple tree
|( QUESTION2_13_L -1 -5.475e+04 3.082e+02 2.762e+02
|    ( QUESTION2 1 -3.962e+04 2.716e+02 2.019e+02
|        ( - -5.878e+03 1 0)
|        ( WDBNDRY_E 0 -3.347e+04 2.767e+02 1.700e+02
|            ( QUESTION0_4_R 1 -2.701e+04 1.960e+02 1.379e+02
|                ( - -5.517e+03 1 0)
|                ( QUESTION0_1_R 1 -2.130e+04 1.688e+02 1.089e+02
|                    ( - -2.106e+03 1 0)
|                    ( - -1.902e+04 1 0)))
|            ( - -6.185e+03 1 0)))
|    ( - -1.482e+04 2 0))
s>    ( QUESTION2_13_L -1 -5.475e+04 3.082e+02 2.762e+02
s>        ( QUESTION2 1 -3.962e+04 2.716e+02 2.019e+02
s>            ( - -5.878e+03 1 0)
s>            ( WDBNDRY_E 0 -3.347e+04 2.767e+02 1.700e+02
s>                ( QUESTION0_4_R 1 -2.701e+04 1.960e+02 1.379e+02
s>                    ( - -5.517e+03 1 0)
s>                    ( QUESTION0_1_R 1 -2.130e+04 1.688e+02 1.089e+02
s>                        ( - -2.106e+03 1 0)
s>                        ( - -1.902e+04 1 0)))
s>                ( - -6.185e+03 1 0)))
s>        ( - -1.482e+04 2 0))INFO: dtree.c(1315): Comp split 29
INFO: dtree.c(1439): stop. leaf nodes are specific
INFO: dtree.c(1478): Final simple tree
|( WDBNDRY_E 0 -1.625e+05 3.461e+02 7.781e+02
|    ( SILENCE 1 -5.533e+03 2.348e+02 2.700e+01
|        ( - -3.537e+03 1 0)
|        ( - -1.761e+03 1 0))
|    ( - -1.566e+05 4 0))
s>    ( WDBNDRY_E 0 -1.625e+05 3.461e+02 7.781e+02
s>        ( SILENCE 1 -5.533e+03 2.348e+02 2.700e+01
s>            ( - -3.537e+03 1 0)
s>            ( - -1.761e+03 1 0))
s>        ( - -1.566e+05 4 0))INFO: dtree.c(1439): stop. leaf nodes are specific
INFO: dtree.c(1478): Final simple tree
|( QUESTION5 -1 -8.055e+03 2.671e+02 3.912e+01
|    ( - -3.539e+03 1 0)
|    ( WDBNDRY_B 0 -4.248e+03 2.376e+02 2.107e+01
|        ( - -7.981e+02 1 0)
|        ( - -3.213e+03 1 0)))
s>    ( QUESTION5 -1 -8.055e+03 2.671e+02 3.912e+01
s>        ( - -3.539e+03 1 0)
s>        ( WDBNDRY_B 0 -4.248e+03 2.376e+02 2.107e+01
s>            ( - -7.981e+02 1 0)
s>            ( - -3.213e+03 1 0)))INFO: dtree.c(1315): Comp split 30
INFO: dtree.c(1439): stop. leaf nodes are specific
INFO: dtree.c(1478): Final simple tree
|( QUESTION0 -1 -2.043e+04 1.342e+02 9.575e+01
|    ( - -1.216e+04 2 0)
|    ( - -8.131e+03 1 0))
s>    ( QUESTION0 -1 -2.043e+04 1.342e+02 9.575e+01
s>        ( - -1.216e+04 2 0)
s>        ( - -8.131e+03 1 0))INFO: dtree.c(1439): stop. leaf nodes are specific
INFO: dtree.c(1478): Final simple tree
|( QUESTION2_19_L -1 -6.911e+04 3.094e+02 3.192e+02
|    ( - -4.195e+04 4 0)
|    ( QUESTION0 -1 -2.685e+04 1.876e+02 1.230e+02
|        ( - -1.491e+04 5 0)
|        ( SILENCE -1 -1.175e+04 1.861e+02 5.473e+01
|            ( QUESTION0_0_R 1 -1.081e+04 1.464e+02 5.073e+01
|                ( - -8.644e+03 2 0)
|                ( - -2.017e+03 1 0))
|            ( - -7.587e+02 1 0))))
s>    ( QUESTION2_19_L -1 -6.911e+04 3.094e+02 3.192e+02
s>        ( - -4.195e+04 4 0)
s>        ( QUESTION0 -1 -2.685e+04 1.876e+02 1.230e+02
s>            ( - -1.491e+04 5 0)
s>            ( SILENCE -1 -1.175e+04 1.861e+02 5.473e+01
s>                ( QUESTION0_0_R 1 -1.081e+04 1.464e+02 5.073e+01
s>                    ( - -8.644e+03 2 0)
s>                    ( - -2.017e+03 1 0))
s>                ( - -7.587e+02 1 0))))INFO: dtree.c(1315): Comp split 31
INFO: dtree.c(1439): stop. leaf nodes are specific
INFO: dtree.c(1478): Final simple tree
|( SILENCE 1 -5.533e+03 2.348e+02 2.700e+01
|    ( - -3.537e+03 1 0)
|    ( - -1.761e+03 1 0))
s>    ( SILENCE 1 -5.533e+03 2.348e+02 2.700e+01
s>        ( - -3.537e+03 1 0)
s>        ( - -1.761e+03 1 0))INFO: dtree.c(1315): Comp split 32
INFO: dtree.c(1315): Comp split 33
INFO: dtree.c(1439): stop. leaf nodes are specific
INFO: dtree.c(1478): Final simple tree
|( QUESTION4 -1 -2.726e+04 2.710e+02 1.367e+02
|    ( QUESTION0_10_R 1 -7.415e+03 2.026e+02 3.700e+01
|        ( - -2.198e+03 1 0)
|        ( QUESTION0_1_R 1 -5.014e+03 1.734e+02 2.500e+01
|            ( - -3.062e+03 1 0)
|            ( - -1.779e+03 1 0)))
|    ( QUESTION0_8_R 1 -1.957e+04 1.854e+02 9.971e+01
|        ( - -2.678e+03 1 0)
|        ( QUESTION0_1_R 1 -1.671e+04 1.706e+02 8.571e+01
|            ( QUESTION0_5_R 1 -1.021e+04 1.622e+02 5.191e+01
|                ( - -2.636e+03 1 0)
|                ( - -7.407e+03 1 0))
|            ( - -6.330e+03 1 0))))
s>    ( QUESTION4 -1 -2.726e+04 2.710e+02 1.367e+02
s>        ( QUESTION0_10_R 1 -7.415e+03 2.026e+02 3.700e+01
s>            ( - -2.198e+03 1 0)
s>            ( QUESTION0_1_R 1 -5.014e+03 1.734e+02 2.500e+01
s>                ( - -3.062e+03 1 0)
s>                ( - -1.779e+03 1 0)))
s>        ( QUESTION0_8_R 1 -1.957e+04 1.854e+02 9.971e+01
s>            ( - -2.678e+03 1 0)
s>            ( QUESTION0_1_R 1 -1.671e+04 1.706e+02 8.571e+01
s>                ( QUESTION0_5_R 1 -1.021e+04 1.622e+02 5.191e+01
s>                    ( - -2.636e+03 1 0)
s>                    ( - -7.407e+03 1 0))
s>                ( - -6.330e+03 1 0))))INFO: dtree.c(1439): stop. leaf nodes are specific
INFO: dtree.c(1478): Final simple tree
|( QUESTION0_1_R 1 -4.211e+03 1.915e+02 2.300e+01
|    ( - -2.122e+03 1 0)
|    ( - -1.897e+03 1 0))
s>    ( QUESTION0_1_R 1 -4.211e+03 1.915e+02 2.300e+01
s>        ( - -2.122e+03 1 0)
s>        ( - -1.897e+03 1 0))INFO: dtree.c(1315): Comp split 34
INFO: dtree.c(1439): stop. leaf nodes are specific
INFO: dtree.c(1478): Final simple tree
|( WDBNDRY_E 0 -1.114e+04 2.432e+02 5.482e+01
|    ( - -5.238e+03 1 0)
|    ( - -5.663e+03 1 0))
s>    ( WDBNDRY_E 0 -1.114e+04 2.432e+02 5.482e+01
s>        ( - -5.238e+03 1 0)
s>        ( - -5.663e+03 1 0))INFO: dtree.c(1315): Comp split 35
INFO: dtree.c(1439): stop. leaf nodes are specific
INFO: dtree.c(1478): Final simple tree
|( WDBNDRY_E 0 -2.052e+04 1.733e+02 1.034e+02
|    ( - -5.517e+03 1 0)
|    ( - -1.482e+04 2 0))
s>    ( WDBNDRY_E 0 -2.052e+04 1.733e+02 1.034e+02
s>        ( - -5.517e+03 1 0)
s>        ( - -1.482e+04 2 0))INFO: dtree.c(1439): stop. leaf nodes are specific
INFO: dtree.c(1478): Final simple tree
|( WDBNDRY_E 0 -3.392e+04 2.735e+02 1.729e+02
|    ( QUESTION2 1 -2.747e+04 2.917e+02 1.408e+02
|        ( - -5.878e+03 1 0)
|        ( QUESTION0_1_R 1 -2.130e+04 1.688e+02 1.089e+02
|            ( - -2.106e+03 1 0)
|            ( - -1.902e+04 1 0)))
|    ( - -6.185e+03 1 0))
s>    ( WDBNDRY_E 0 -3.392e+04 2.735e+02 1.729e+02
s>        ( QUESTION2 1 -2.747e+04 2.917e+02 1.408e+02
s>            ( - -5.878e+03 1 0)
s>            ( QUESTION0_1_R 1 -2.130e+04 1.688e+02 1.089e+02
s>                ( - -2.106e+03 1 0)
s>                ( - -1.902e+04 1 0)))
s>        ( - -6.185e+03 1 0))INFO: dtree.c(1315): Comp split 36
INFO: dtree.c(1439): stop. leaf nodes are specific
INFO: dtree.c(1478): Final simple tree
|( QUESTION2_3_L -1 -1.361e+04 2.487e+02 6.599e+01
|    ( QUESTION4 -1 -7.411e+03 2.102e+02 3.698e+01
|        ( - -1.492e+03 1 0)
|        ( - -5.709e+03 1 0))
|    ( - -5.955e+03 1 0))
s>    ( QUESTION2_3_L -1 -1.361e+04 2.487e+02 6.599e+01
s>        ( QUESTION4 -1 -7.411e+03 2.102e+02 3.698e+01
s>            ( - -1.492e+03 1 0)
s>            ( - -5.709e+03 1 0))
s>        ( - -5.955e+03 1 0))INFO: dtree.c(1315): Comp split 37
INFO: dtree.c(1439): stop. leaf nodes are specific
INFO: dtree.c(1478): Final simple tree
|( QUESTION0 -1 -2.685e+04 1.876e+02 1.230e+02
|    ( - -1.491e+04 5 0)
|    ( SILENCE -1 -1.175e+04 1.861e+02 5.473e+01
|        ( QUESTION0_0_R 1 -1.081e+04 1.464e+02 5.073e+01
|            ( - -8.644e+03 2 0)
|            ( - -2.017e+03 1 0))
|        ( - -7.587e+02 1 0)))
s>    ( QUESTION0 -1 -2.685e+04 1.876e+02 1.230e+02
s>        ( - -1.491e+04 5 0)
s>        ( SILENCE -1 -1.175e+04 1.861e+02 5.473e+01
s>            ( QUESTION0_0_R 1 -1.081e+04 1.464e+02 5.073e+01
s>                ( - -8.644e+03 2 0)
s>                ( - -2.017e+03 1 0))
s>            ( - -7.587e+02 1 0)))INFO: dtree.c(1315): Comp split 38
INFO: dtree.c(1439): stop. leaf nodes are specific
INFO: dtree.c(1478): Final simple tree
|( QUESTION0_1_R 1 -2.130e+04 1.688e+02 1.089e+02
|    ( - -2.106e+03 1 0)
|    ( - -1.902e+04 1 0))
s>    ( QUESTION0_1_R 1 -2.130e+04 1.688e+02 1.089e+02
s>        ( - -2.106e+03 1 0)
s>        ( - -1.902e+04 1 0))INFO: dtree.c(1439): stop. leaf nodes are specific
INFO: dtree.c(1478): Final simple tree
|( WDBNDRY_E 0 -1.233e+04 2.678e+02 6.396e+01
|    ( - -5.878e+03 1 0)
|    ( - -6.185e+03 1 0))
s>    ( WDBNDRY_E 0 -1.233e+04 2.678e+02 6.396e+01
s>        ( - -5.878e+03 1 0)
s>        ( - -6.185e+03 1 0))INFO: dtree.c(1315): Comp split 39
INFO: dtree.c(1439): stop. leaf nodes are specific
INFO: dtree.c(1478): Final simple tree
|( QUESTION4 -1 -6.381e+03 2.206e+02 2.603e+01
|    ( WDBNDRY_B 0 -2.423e+03 2.225e+02 1.100e+01
|        ( - -9.065e+02 1 0)
|        ( - -1.294e+03 1 0))
|    ( QUESTION0 -1 -3.737e+03 1.562e+02 1.503e+01
|        ( - -1.191e+03 1 0)
|        ( QUESTION19 -1 -2.391e+03 1.176e+02 1.003e+01
|            ( - -6.458e+02 1 0)
|            ( - -1.627e+03 1 0))))
s>    ( QUESTION4 -1 -6.381e+03 2.206e+02 2.603e+01
s>        ( WDBNDRY_B 0 -2.423e+03 2.225e+02 1.100e+01
s>            ( - -9.065e+02 1 0)
s>            ( - -1.294e+03 1 0))
s>        ( QUESTION0 -1 -3.737e+03 1.562e+02 1.503e+01
s>            ( - -1.191e+03 1 0)
s>            ( QUESTION19 -1 -2.391e+03 1.176e+02 1.003e+01
s>                ( - -6.458e+02 1 0)
s>                ( - -1.627e+03 1 0))))INFO: dtree.c(1439): stop. leaf nodes are specific
INFO: dtree.c(1478): Final simple tree
|( QUESTION0_2_R 1 -3.327e+03 1.097e+02 1.400e+01
|    ( - -2.339e+03 1 0)
|    ( - -8.784e+02 1 0))
s>    ( QUESTION0_2_R 1 -3.327e+03 1.097e+02 1.400e+01
s>        ( - -2.339e+03 1 0)
s>        ( - -8.784e+02 1 0))INFO: dtree.c(1315): Comp split 40
INFO: dtree.c(1439): stop. leaf nodes are specific
INFO: dtree.c(1478): Final simple tree
|( QUESTION0_1_R 1 -5.014e+03 1.734e+02 2.500e+01
|    ( - -3.062e+03 1 0)
|    ( - -1.779e+03 1 0))
s>    ( QUESTION0_1_R 1 -5.014e+03 1.734e+02 2.500e+01
s>        ( - -3.062e+03 1 0)
s>        ( - -1.779e+03 1 0))INFO: dtree.c(1439): stop. leaf nodes are specific
INFO: dtree.c(1478): Final simple tree
|( QUESTION0_1_R 1 -2.196e+04 1.978e+02 1.117e+02
|    ( QUESTION0_5_R 1 -1.021e+04 1.622e+02 5.191e+01
|        ( - -2.636e+03 1 0)
|        ( - -7.407e+03 1 0))
|    ( QUESTION4 -1 -1.155e+04 1.622e+02 5.981e+01
|        ( - -2.198e+03 1 0)
|        ( QUESTION0_8_R 1 -9.192e+03 1.839e+02 4.781e+01
|            ( - -2.678e+03 1 0)
|            ( - -6.330e+03 1 0))))
s>    ( QUESTION0_1_R 1 -2.196e+04 1.978e+02 1.117e+02
s>        ( QUESTION0_5_R 1 -1.021e+04 1.622e+02 5.191e+01
s>            ( - -2.636e+03 1 0)
s>            ( - -7.407e+03 1 0))
s>        ( QUESTION4 -1 -1.155e+04 1.622e+02 5.981e+01
s>            ( - -2.198e+03 1 0)
s>            ( QUESTION0_8_R 1 -9.192e+03 1.839e+02 4.781e+01
s>                ( - -2.678e+03 1 0)
s>                ( - -6.330e+03 1 0))))INFO: dtree.c(1315): Comp split 41
INFO: dtree.c(1315): Comp split 42
INFO: dtree.c(1315): Comp split 43
INFO: dtree.c(1439): stop. leaf nodes are specific
INFO: dtree.c(1478): Final simple tree
|( WDBNDRY_B 0 -4.248e+03 2.376e+02 2.107e+01
|    ( - -7.981e+02 1 0)
|    ( - -3.213e+03 1 0))
s>    ( WDBNDRY_B 0 -4.248e+03 2.376e+02 2.107e+01
s>        ( - -7.981e+02 1 0)
s>        ( - -3.213e+03 1 0))INFO: dtree.c(1315): Comp split 44
INFO: dtree.c(1439): stop. leaf nodes are specific
INFO: dtree.c(1478): Final simple tree
|( QUESTION4 -1 -7.411e+03 2.102e+02 3.698e+01
|    ( - -1.492e+03 1 0)
|    ( - -5.709e+03 1 0))
s>    ( QUESTION4 -1 -7.411e+03 2.102e+02 3.698e+01
s>        ( - -1.492e+03 1 0)
s>        ( - -5.709e+03 1 0))INFO: dtree.c(1315): Comp split 45
INFO: dtree.c(1315): Comp split 46
INFO: dtree.c(1315): Comp split 47
INFO: dtree.c(1439): stop. leaf nodes are specific
INFO: dtree.c(1478): Final simple tree
|( WDBNDRY_B 0 -5.239e+03 2.072e+02 2.103e+01
|    ( QUESTION0 -1 -3.737e+03 1.562e+02 1.503e+01
|        ( - -1.191e+03 1 0)
|        ( QUESTION19 -1 -2.391e+03 1.176e+02 1.003e+01
|            ( - -6.458e+02 1 0)
|            ( - -1.627e+03 1 0)))
|    ( - -1.294e+03 1 0))
s>    ( WDBNDRY_B 0 -5.239e+03 2.072e+02 2.103e+01
s>        ( QUESTION0 -1 -3.737e+03 1.562e+02 1.503e+01
s>            ( - -1.191e+03 1 0)
s>            ( QUESTION19 -1 -2.391e+03 1.176e+02 1.003e+01
s>                ( - -6.458e+02 1 0)
s>                ( - -1.627e+03 1 0)))
s>        ( - -1.294e+03 1 0))INFO: dtree.c(1315): Comp split 48
INFO: dtree.c(1315): Comp split 49
INFO: dtree.c(1439): stop. leaf nodes are specific
INFO: dtree.c(1478): Final simple tree
|( QUESTION0_1_R 1 -1.671e+04 1.706e+02 8.571e+01
|    ( QUESTION0_5_R 1 -1.021e+04 1.622e+02 5.191e+01
|        ( - -2.636e+03 1 0)
|        ( - -7.407e+03 1 0))
|    ( - -6.330e+03 1 0))
s>    ( QUESTION0_1_R 1 -1.671e+04 1.706e+02 8.571e+01
s>        ( QUESTION0_5_R 1 -1.021e+04 1.622e+02 5.191e+01
s>            ( - -2.636e+03 1 0)
s>            ( - -7.407e+03 1 0))
s>        ( - -6.330e+03 1 0))INFO: dtree.c(1439): stop. leaf nodes are specific
INFO: dtree.c(1478): Final simple tree
|( QUESTION0_8_R 1 -5.019e+03 1.424e+02 2.600e+01
|    ( - -2.678e+03 1 0)
|    ( - -2.198e+03 1 0))
s>    ( QUESTION0_8_R 1 -5.019e+03 1.424e+02 2.600e+01
s>        ( - -2.678e+03 1 0)
s>        ( - -2.198e+03 1 0))INFO: dtree.c(1315): Comp split 50
INFO: dtree.c(1315): Comp split 51
INFO: dtree.c(1439): stop. leaf nodes are specific
INFO: dtree.c(1478): Final simple tree
|( QUESTION0 -1 -3.737e+03 1.562e+02 1.503e+01
|    ( - -1.191e+03 1 0)
|    ( QUESTION19 -1 -2.391e+03 1.176e+02 1.003e+01
|        ( - -6.458e+02 1 0)
|        ( - -1.627e+03 1 0)))
s>    ( QUESTION0 -1 -3.737e+03 1.562e+02 1.503e+01
s>        ( - -1.191e+03 1 0)
s>        ( QUESTION19 -1 -2.391e+03 1.176e+02 1.003e+01
s>            ( - -6.458e+02 1 0)
s>            ( - -1.627e+03 1 0)))INFO: dtree.c(1315): Comp split 52
INFO: dtree.c(1315): Comp split 53
INFO: dtree.c(1315): Comp split 54
INFO: dtree.c(1439): stop. leaf nodes are specific
INFO: dtree.c(1478): Final simple tree
|( SILENCE -1 -1.175e+04 1.861e+02 5.473e+01
|    ( QUESTION0_0_R 1 -1.081e+04 1.464e+02 5.073e+01
|        ( - -8.644e+03 2 0)
|        ( - -2.017e+03 1 0))
|    ( - -7.587e+02 1 0))
s>    ( SILENCE -1 -1.175e+04 1.861e+02 5.473e+01
s>        ( QUESTION0_0_R 1 -1.081e+04 1.464e+02 5.073e+01
s>            ( - -8.644e+03 2 0)
s>            ( - -2.017e+03 1 0))
s>        ( - -7.587e+02 1 0))INFO: dtree.c(1315): Comp split 55
INFO: dtree.c(1439): stop. leaf nodes are specific
INFO: dtree.c(1478): Final simple tree
|( QUESTION0_0_R 1 -1.081e+04 1.464e+02 5.073e+01
|    ( - -8.644e+03 2 0)
|    ( - -2.017e+03 1 0))
s>    ( QUESTION0_0_R 1 -1.081e+04 1.464e+02 5.073e+01
s>        ( - -8.644e+03 2 0)
s>        ( - -2.017e+03 1 0))INFO: dtree.c(1315): Comp split 56
INFO: dtree.c(1315): Comp split 57
INFO: dtree.c(1315): Comp split 58
INFO: dtree.c(1439): stop. leaf nodes are specific
INFO: dtree.c(1478): Final simple tree
|( QUESTION0_5_R 1 -1.021e+04 1.622e+02 5.191e+01
|    ( - -2.636e+03 1 0)
|    ( - -7.407e+03 1 0))
s>    ( QUESTION0_5_R 1 -1.021e+04 1.622e+02 5.191e+01
s>        ( - -2.636e+03 1 0)
s>        ( - -7.407e+03 1 0))INFO: dtree.c(1315): Comp split 59
INFO: dtree.c(1315): Comp split 60
INFO: dtree.c(1315): Comp split 61
INFO: dtree.c(1315): Comp split 62
INFO: dtree.c(1439): stop. leaf nodes are specific
INFO: dtree.c(1478): Final simple tree
|( QUESTION19 -1 -2.391e+03 1.176e+02 1.003e+01
|    ( - -6.458e+02 1 0)
|    ( - -1.627e+03 1 0))
s>    ( QUESTION19 -1 -2.391e+03 1.176e+02 1.003e+01
s>        ( - -6.458e+02 1 0)
s>        ( - -1.627e+03 1 0))INFO: dtree.c(1315): Comp split 63
INFO: dtree.c(1315): Comp split 64
INFO: dtree.c(1315): Comp split 65
INFO: dtree.c(1315): Comp split 66
INFO: dtree.c(1315): Comp split 67
INFO: dtree.c(1315): Comp split 68
INFO: dtree.c(1318): stop. leaf nodes are specific
Mon Jan 30 07:35:47 2017
