Current configuration:
[NAME]		[DEFLT]	[VALUE]
-allphones	no	no
-cntthresh	0.00001	1.000000e-05
-csplitmax	100	2000
-csplitmin	1	1
-csplitthr	8e-4	0.000000e+00
-example	no	no
-fullvar	no	no
-help		no	no
-meanfn			/Users/benroye/forge/cmusphinx/voiceVim/model_parameters/voiceVim.cd_cont_untied/means
-mixwfn			/Users/benroye/forge/cmusphinx/voiceVim/model_parameters/voiceVim.cd_cont_untied/mixture_weights
-moddeffn		/Users/benroye/forge/cmusphinx/voiceVim/model_architecture/voiceVim.untied.mdef
-mwfloor	1e-4	1.000000e-08
-phone			oa
-psetfn			/Users/benroye/forge/cmusphinx/voiceVim/model_architecture/voiceVim.tree_questions
-ssplitmax	5	7
-ssplitmin	1	1
-ssplitthr	8e-4	0.000000e+00
-state			0
-stwt			1.0,0.05,0.0,
-treefn			/Users/benroye/forge/cmusphinx/voiceVim/trees/voiceVim.unpruned/oa-0.dtree
-ts2cbfn	.semi.	.cont.
-varfloor	0.00001	1.000000e-05
-varfn			/Users/benroye/forge/cmusphinx/voiceVim/model_parameters/voiceVim.cd_cont_untied/variances

INFO: main.c(223): Reading: /Users/benroye/forge/cmusphinx/voiceVim/model_architecture/voiceVim.untied.mdef
INFO: model_def_io.c(573): Model definition info:
INFO: model_def_io.c(574): 2249 total models defined (39 base, 2210 tri)
INFO: model_def_io.c(575): 8996 total states
INFO: model_def_io.c(576): 6747 total tied states
INFO: model_def_io.c(577): 117 total tied CI states
INFO: model_def_io.c(578): 39 total tied transition matrices
INFO: model_def_io.c(579): 4 max state/model
INFO: model_def_io.c(580): 4 min state/model
INFO: main.c(242): Building trees for [oa SIL r b] through [oa w r i]
INFO: main.c(269): Covering states |[3588 3614]| == 27
INFO: main.c(275): Reading: /Users/benroye/forge/cmusphinx/voiceVim/model_parameters/voiceVim.cd_cont_untied/mixture_weights
INFO: s3mixw_io.c(173): Read /Users/benroye/forge/cmusphinx/voiceVim/model_parameters/voiceVim.cd_cont_untied/mixture_weights [27x1x1 array]
INFO: main.c(311): 9 of 9 models have observation count greater than 0.000010
INFO: main.c(95): nrm stwt: 0.952 0.048 0.000 
INFO: s3gau_io.c(169): Read /Users/benroye/forge/cmusphinx/voiceVim/model_parameters/voiceVim.cd_cont_untied/means [6747x1x1 array]
INFO: s3gau_io.c(169): Read /Users/benroye/forge/cmusphinx/voiceVim/model_parameters/voiceVim.cd_cont_untied/variances [6747x1x1 array]
INFO: main.c(549): Reading: /Users/benroye/forge/cmusphinx/voiceVim/model_architecture/voiceVim.tree_questions
INFO: main.c(588): 174 total simple questions (166 phone; 8 word bndry)
INFO: main.c(590): 40 Left Only questions, and 42 Right Only questions
INFO: dtree.c(1478): Final simple tree
|( QUESTION2_19_L -1 -1.879e+05 2.200e+03 7.685e+02
|    ( WDBNDRY_B 0 -8.677e+04 1.914e+02 3.702e+02
|        ( - -2.480e+03 1 0)
|        ( - -8.410e+04 1 0))
|    ( QUESTION12 -1 -9.894e+04 1.683e+03 3.983e+02
|        ( QUESTION19 -1 -3.101e+04 1.575e+03 1.282e+02
|            ( - -8.923e+03 1 0)
|            ( QUESTION13 -1 -2.051e+04 1.007e+03 9.127e+01
|                ( - -4.767e+03 1 0)
|                ( - -1.474e+04 1 0)))
|        ( QUESTION0_12_R 1 -6.624e+04 1.050e+03 2.701e+02
|            ( - -3.581e+04 1 0)
|            ( QUESTION1 -1 -2.938e+04 4.003e+02 1.195e+02
|                ( - -3.134e+03 1 0)
|                ( - -2.585e+04 2 0 WDBNDRY_B 0 1.809e+02 1.065e+02)))))
s>    ( QUESTION2_19_L -1 -1.879e+05 2.200e+03 7.685e+02
s>        ( WDBNDRY_B 0 -8.677e+04 1.914e+02 3.702e+02
s>            ( - -2.480e+03 1 0)
s>            ( - -8.410e+04 1 0))
s>        ( QUESTION12 -1 -9.894e+04 1.683e+03 3.983e+02
s>            ( QUESTION19 -1 -3.101e+04 1.575e+03 1.282e+02
s>                ( - -8.923e+03 1 0)
s>                ( QUESTION13 -1 -2.051e+04 1.007e+03 9.127e+01
s>                    ( - -4.767e+03 1 0)
s>                    ( - -1.474e+04 1 0)))
s>            ( QUESTION0_12_R 1 -6.624e+04 1.050e+03 2.701e+02
s>                ( - -3.581e+04 1 0)
s>                ( QUESTION1 -1 -2.938e+04 4.003e+02 1.195e+02
s>                    ( - -3.134e+03 1 0)
s>                    ( - -2.585e+04 2 0 WDBNDRY_B 0 1.809e+02 1.065e+02)))))INFO: dtree.c(1315): Comp split 0
INFO: dtree.c(1439): stop. leaf nodes are specific
INFO: dtree.c(1478): Final simple tree
|( QUESTION13 -1 -2.051e+04 1.007e+03 9.127e+01
|    ( - -4.767e+03 1 0)
|    ( - -1.474e+04 1 0))
s>    ( QUESTION13 -1 -2.051e+04 1.007e+03 9.127e+01
s>        ( - -4.767e+03 1 0)
s>        ( - -1.474e+04 1 0))INFO: dtree.c(1439): stop. leaf nodes are specific
INFO: dtree.c(1478): Final simple tree
|( QUESTION0_12_R 1 -1.647e+05 2.092e+03 6.772e+02
|    ( - -3.581e+04 1 0)
|    ( QUESTION2 -1 -1.268e+05 1.101e+03 5.266e+02
|        ( - -2.468e+04 1 0)
|        ( QUESTION18 -1 -1.010e+05 7.860e+02 4.250e+02
|            ( - -8.923e+03 1 0)
|            ( QUESTION0 -1 -9.133e+04 2.557e+02 3.881e+02
|                ( - -3.134e+03 1 0)
|                ( QUESTION4 -1 -8.794e+04 1.924e+02 3.752e+02
|                    ( - -2.480e+03 1 0)
|                    ( WDBNDRY_B 0 -8.527e+04 1.852e+02 3.642e+02
|                        ( - -9.860e+02 1 0)
|                        ( - -8.410e+04 1 0)))))))
s>    ( QUESTION0_12_R 1 -1.647e+05 2.092e+03 6.772e+02
s>        ( - -3.581e+04 1 0)
s>        ( QUESTION2 -1 -1.268e+05 1.101e+03 5.266e+02
s>            ( - -2.468e+04 1 0)
s>            ( QUESTION18 -1 -1.010e+05 7.860e+02 4.250e+02
s>                ( - -8.923e+03 1 0)
s>                ( QUESTION0 -1 -9.133e+04 2.557e+02 3.881e+02
s>                    ( - -3.134e+03 1 0)
s>                    ( QUESTION4 -1 -8.794e+04 1.924e+02 3.752e+02
s>                        ( - -2.480e+03 1 0)
s>                        ( WDBNDRY_B 0 -8.527e+04 1.852e+02 3.642e+02
s>                            ( - -9.860e+02 1 0)
s>                            ( - -8.410e+04 1 0)))))))INFO: dtree.c(1315): Comp split 1
INFO: dtree.c(1439): stop. leaf nodes are specific
INFO: dtree.c(1478): Final simple tree
|( QUESTION18 -1 -1.010e+05 7.860e+02 4.250e+02
|    ( - -8.923e+03 1 0)
|    ( QUESTION0 -1 -9.133e+04 2.557e+02 3.881e+02
|        ( - -3.134e+03 1 0)
|        ( QUESTION4 -1 -8.794e+04 1.924e+02 3.752e+02
|            ( - -2.480e+03 1 0)
|            ( WDBNDRY_B 0 -8.527e+04 1.852e+02 3.642e+02
|                ( - -9.860e+02 1 0)
|                ( - -8.410e+04 1 0)))))
s>    ( QUESTION18 -1 -1.010e+05 7.860e+02 4.250e+02
s>        ( - -8.923e+03 1 0)
s>        ( QUESTION0 -1 -9.133e+04 2.557e+02 3.881e+02
s>            ( - -3.134e+03 1 0)
s>            ( QUESTION4 -1 -8.794e+04 1.924e+02 3.752e+02
s>                ( - -2.480e+03 1 0)
s>                ( WDBNDRY_B 0 -8.527e+04 1.852e+02 3.642e+02
s>                    ( - -9.860e+02 1 0)
s>                    ( - -8.410e+04 1 0)))))INFO: dtree.c(1439): stop. leaf nodes are specific
INFO: dtree.c(1478): Final simple tree
|( QUESTION0_12_R 1 -6.151e+04 1.017e+03 2.522e+02
|    ( - -3.581e+04 1 0)
|    ( - -2.468e+04 1 0))
s>    ( QUESTION0_12_R 1 -6.151e+04 1.017e+03 2.522e+02
s>        ( - -3.581e+04 1 0)
s>        ( - -2.468e+04 1 0))INFO: dtree.c(1315): Comp split 2
INFO: dtree.c(1315): Comp split 3
INFO: dtree.c(1315): Comp split 4
INFO: dtree.c(1439): stop. leaf nodes are specific
INFO: dtree.c(1478): Final simple tree
|( QUESTION0 -1 -9.133e+04 2.557e+02 3.881e+02
|    ( - -3.134e+03 1 0)
|    ( QUESTION4 -1 -8.794e+04 1.924e+02 3.752e+02
|        ( - -2.480e+03 1 0)
|        ( WDBNDRY_B 0 -8.527e+04 1.852e+02 3.642e+02
|            ( - -9.860e+02 1 0)
|            ( - -8.410e+04 1 0))))
s>    ( QUESTION0 -1 -9.133e+04 2.557e+02 3.881e+02
s>        ( - -3.134e+03 1 0)
s>        ( QUESTION4 -1 -8.794e+04 1.924e+02 3.752e+02
s>            ( - -2.480e+03 1 0)
s>            ( WDBNDRY_B 0 -8.527e+04 1.852e+02 3.642e+02
s>                ( - -9.860e+02 1 0)
s>                ( - -8.410e+04 1 0))))INFO: dtree.c(1315): Comp split 5
INFO: dtree.c(1439): stop. leaf nodes are specific
INFO: dtree.c(1478): Final simple tree
|( QUESTION4 -1 -8.794e+04 1.924e+02 3.752e+02
|    ( - -2.480e+03 1 0)
|    ( WDBNDRY_B 0 -8.527e+04 1.852e+02 3.642e+02
|        ( - -9.860e+02 1 0)
|        ( - -8.410e+04 1 0)))
s>    ( QUESTION4 -1 -8.794e+04 1.924e+02 3.752e+02
s>        ( - -2.480e+03 1 0)
s>        ( WDBNDRY_B 0 -8.527e+04 1.852e+02 3.642e+02
s>            ( - -9.860e+02 1 0)
s>            ( - -8.410e+04 1 0)))INFO: dtree.c(1315): Comp split 6
INFO: dtree.c(1439): stop. leaf nodes are specific
INFO: dtree.c(1478): Final simple tree
|( WDBNDRY_B 0 -8.527e+04 1.852e+02 3.642e+02
|    ( - -9.860e+02 1 0)
|    ( - -8.410e+04 1 0))
s>    ( WDBNDRY_B 0 -8.527e+04 1.852e+02 3.642e+02
s>        ( - -9.860e+02 1 0)
s>        ( - -8.410e+04 1 0))INFO: dtree.c(1315): Comp split 7
INFO: dtree.c(1315): Comp split 8
INFO: dtree.c(1318): stop. leaf nodes are specific
Mon Jan 30 07:35:49 2017
