Current configuration:
[NAME]		[DEFLT]	[VALUE]
-allphones	no	no
-cntthresh	0.00001	1.000000e-05
-csplitmax	100	2000
-csplitmin	1	1
-csplitthr	8e-4	0.000000e+00
-example	no	no
-fullvar	no	no
-help		no	no
-meanfn			/Users/benroye/forge/cmusphinx/voiceVim/model_parameters/voiceVim.cd_cont_untied/means
-mixwfn			/Users/benroye/forge/cmusphinx/voiceVim/model_parameters/voiceVim.cd_cont_untied/mixture_weights
-moddeffn		/Users/benroye/forge/cmusphinx/voiceVim/model_architecture/voiceVim.untied.mdef
-mwfloor	1e-4	1.000000e-08
-phone			m
-psetfn			/Users/benroye/forge/cmusphinx/voiceVim/model_architecture/voiceVim.tree_questions
-ssplitmax	5	7
-ssplitmin	1	1
-ssplitthr	8e-4	0.000000e+00
-state			0
-stwt			1.0,0.05,0.0,
-treefn			/Users/benroye/forge/cmusphinx/voiceVim/trees/voiceVim.unpruned/m-0.dtree
-ts2cbfn	.semi.	.cont.
-varfloor	0.00001	1.000000e-05
-varfn			/Users/benroye/forge/cmusphinx/voiceVim/model_parameters/voiceVim.cd_cont_untied/variances

INFO: main.c(223): Reading: /Users/benroye/forge/cmusphinx/voiceVim/model_architecture/voiceVim.untied.mdef
INFO: model_def_io.c(573): Model definition info:
INFO: model_def_io.c(574): 2249 total models defined (39 base, 2210 tri)
INFO: model_def_io.c(575): 8996 total states
INFO: model_def_io.c(576): 6747 total tied states
INFO: model_def_io.c(577): 117 total tied CI states
INFO: model_def_io.c(578): 39 total tied transition matrices
INFO: model_def_io.c(579): 4 max state/model
INFO: model_def_io.c(580): 4 min state/model
INFO: main.c(242): Building trees for [m SIL aa b] through [m z ii b]
INFO: main.c(269): Covering states |[3024 3143]| == 120
INFO: main.c(275): Reading: /Users/benroye/forge/cmusphinx/voiceVim/model_parameters/voiceVim.cd_cont_untied/mixture_weights
INFO: s3mixw_io.c(173): Read /Users/benroye/forge/cmusphinx/voiceVim/model_parameters/voiceVim.cd_cont_untied/mixture_weights [120x1x1 array]
INFO: main.c(311): 40 of 40 models have observation count greater than 0.000010
INFO: main.c(95): nrm stwt: 0.952 0.048 0.000 
INFO: s3gau_io.c(169): Read /Users/benroye/forge/cmusphinx/voiceVim/model_parameters/voiceVim.cd_cont_untied/means [6747x1x1 array]
INFO: s3gau_io.c(169): Read /Users/benroye/forge/cmusphinx/voiceVim/model_parameters/voiceVim.cd_cont_untied/variances [6747x1x1 array]
INFO: main.c(549): Reading: /Users/benroye/forge/cmusphinx/voiceVim/model_architecture/voiceVim.tree_questions
INFO: main.c(588): 174 total simple questions (166 phone; 8 word bndry)
INFO: main.c(590): 40 Left Only questions, and 42 Right Only questions
INFO: dtree.c(1478): Final simple tree
|( WDBNDRY_I 0 -4.169e+05 5.553e+03 1.999e+03
|    ( QUESTION5 1 -2.378e+05 3.874e+03 1.144e+03
|        ( - -8.163e+04 1 0)
|        ( QUESTION2_3_L -1 -1.523e+05 2.107e+03 7.412e+02
|            ( QUESTION0_0_R 1 -8.515e+04 5.421e+02 4.257e+02
|                ( - -5.331e+03 1 0)
|                ( - -7.928e+04 1 0))
|            ( QUESTION0_7_R 1 -6.505e+04 1.351e+03 3.155e+02
|                ( - -3.859e+04 1 0)
|                ( - -2.511e+04 3 0 QUESTION2_10_L -1 4.400e+02 1.187e+02))))
|    ( WDBNDRY_B 0 -1.735e+05 1.159e+03 8.551e+02
|        ( - -1.226e+05 21 0 QUESTION19 -1 4.226e+02 6.080e+02)
|        ( QUESTION3 1 -4.976e+04 5.186e+02 2.471e+02
|            ( - -3.490e+04 8 0 QUESTION12 1 4.638e+02 1.777e+02)
|            ( - -1.434e+04 4 0 QUESTION0_2_R 1 3.168e+02 6.938e+01))))
s>    ( WDBNDRY_I 0 -4.169e+05 5.553e+03 1.999e+03
s>        ( QUESTION5 1 -2.378e+05 3.874e+03 1.144e+03
s>            ( - -8.163e+04 1 0)
s>            ( QUESTION2_3_L -1 -1.523e+05 2.107e+03 7.412e+02
s>                ( QUESTION0_0_R 1 -8.515e+04 5.421e+02 4.257e+02
s>                    ( - -5.331e+03 1 0)
s>                    ( - -7.928e+04 1 0))
s>                ( QUESTION0_7_R 1 -6.505e+04 1.351e+03 3.155e+02
s>                    ( - -3.859e+04 1 0)
s>                    ( - -2.511e+04 3 0 QUESTION2_10_L -1 4.400e+02 1.187e+02))))
s>        ( WDBNDRY_B 0 -1.735e+05 1.159e+03 8.551e+02
s>            ( - -1.226e+05 21 0 QUESTION19 -1 4.226e+02 6.080e+02)
s>            ( QUESTION3 1 -4.976e+04 5.186e+02 2.471e+02
s>                ( - -3.490e+04 8 0 QUESTION12 1 4.638e+02 1.777e+02)
s>                ( - -1.434e+04 4 0 QUESTION0_2_R 1 3.168e+02 6.938e+01))))INFO: dtree.c(1315): Comp split 0
INFO: dtree.c(1478): Final simple tree
|( WDBNDRY_B 0 -1.793e+05 1.174e+03 8.842e+02
|    ( QUESTION19 -1 -1.226e+05 4.226e+02 6.080e+02
|        ( QUESTION0_0_R 1 -1.339e+04 4.765e+02 6.786e+01
|            ( - 2.410e+02 1 0)
|            ( - -1.316e+04 1 0))
|        ( QUESTION0_0_R 1 -1.088e+05 3.927e+02 5.402e+02
|            ( - -1.738e+04 8 0 QUESTION0 -1 3.170e+02 8.600e+01)
|            ( - -9.103e+04 11 0 QUESTION0 -1 2.481e+02 4.542e+02)))
|    ( WDBNDRY_E 0 -5.556e+04 4.638e+02 2.761e+02
|        ( QUESTION3 1 -4.976e+04 5.186e+02 2.471e+02
|            ( QUESTION12 1 -3.490e+04 4.638e+02 1.777e+02
|                ( - 2.175e+02 1 0)
|                ( - -3.466e+04 7 0 QUESTION0_2_R 1 2.635e+02 1.767e+02))
|            ( - -1.434e+04 4 0 QUESTION0_2_R 1 3.168e+02 6.938e+01))
|        ( - -5.331e+03 1 0)))
s>    ( WDBNDRY_B 0 -1.793e+05 1.174e+03 8.842e+02
s>        ( QUESTION19 -1 -1.226e+05 4.226e+02 6.080e+02
s>            ( QUESTION0_0_R 1 -1.339e+04 4.765e+02 6.786e+01
s>                ( - 2.410e+02 1 0)
s>                ( - -1.316e+04 1 0))
s>            ( QUESTION0_0_R 1 -1.088e+05 3.927e+02 5.402e+02
s>                ( - -1.738e+04 8 0 QUESTION0 -1 3.170e+02 8.600e+01)
s>                ( - -9.103e+04 11 0 QUESTION0 -1 2.481e+02 4.542e+02)))
s>        ( WDBNDRY_E 0 -5.556e+04 4.638e+02 2.761e+02
s>            ( QUESTION3 1 -4.976e+04 5.186e+02 2.471e+02
s>                ( QUESTION12 1 -3.490e+04 4.638e+02 1.777e+02
s>                    ( - 2.175e+02 1 0)
s>                    ( - -3.466e+04 7 0 QUESTION0_2_R 1 2.635e+02 1.767e+02))
s>                ( - -1.434e+04 4 0 QUESTION0_2_R 1 3.168e+02 6.938e+01))
s>            ( - -5.331e+03 1 0)))INFO: dtree.c(1439): stop. leaf nodes are specific
INFO: dtree.c(1478): Final simple tree
|( QUESTION5 1 -2.320e+05 3.878e+03 1.115e+03
|    ( - -8.163e+04 1 0)
|    ( QUESTION2_3_L -1 -1.465e+05 2.151e+03 7.121e+02
|        ( - -7.928e+04 1 0)
|        ( QUESTION0_7_R 1 -6.505e+04 1.351e+03 3.155e+02
|            ( - -3.859e+04 1 0)
|            ( QUESTION2_10_L -1 -2.511e+04 4.400e+02 1.187e+02
|                ( - -1.818e+04 1 0)
|                ( QUESTION0_0_R 1 -6.498e+03 1.401e+02 3.098e+01
|                    ( - -2.962e+03 1 0)
|                    ( - -3.397e+03 1 0))))))
s>    ( QUESTION5 1 -2.320e+05 3.878e+03 1.115e+03
s>        ( - -8.163e+04 1 0)
s>        ( QUESTION2_3_L -1 -1.465e+05 2.151e+03 7.121e+02
s>            ( - -7.928e+04 1 0)
s>            ( QUESTION0_7_R 1 -6.505e+04 1.351e+03 3.155e+02
s>                ( - -3.859e+04 1 0)
s>                ( QUESTION2_10_L -1 -2.511e+04 4.400e+02 1.187e+02
s>                    ( - -1.818e+04 1 0)
s>                    ( QUESTION0_0_R 1 -6.498e+03 1.401e+02 3.098e+01
s>                        ( - -2.962e+03 1 0)
s>                        ( - -3.397e+03 1 0))))))INFO: dtree.c(1315): Comp split 1
INFO: dtree.c(1439): stop. leaf nodes are specific
INFO: dtree.c(1478): Final simple tree
|( QUESTION2_3_L -1 -1.465e+05 2.151e+03 7.121e+02
|    ( - -7.928e+04 1 0)
|    ( QUESTION0_7_R 1 -6.505e+04 1.351e+03 3.155e+02
|        ( - -3.859e+04 1 0)
|        ( QUESTION2_10_L -1 -2.511e+04 4.400e+02 1.187e+02
|            ( - -1.818e+04 1 0)
|            ( QUESTION0_0_R 1 -6.498e+03 1.401e+02 3.098e+01
|                ( - -2.962e+03 1 0)
|                ( - -3.397e+03 1 0)))))
s>    ( QUESTION2_3_L -1 -1.465e+05 2.151e+03 7.121e+02
s>        ( - -7.928e+04 1 0)
s>        ( QUESTION0_7_R 1 -6.505e+04 1.351e+03 3.155e+02
s>            ( - -3.859e+04 1 0)
s>            ( QUESTION2_10_L -1 -2.511e+04 4.400e+02 1.187e+02
s>                ( - -1.818e+04 1 0)
s>                ( QUESTION0_0_R 1 -6.498e+03 1.401e+02 3.098e+01
s>                    ( - -2.962e+03 1 0)
s>                    ( - -3.397e+03 1 0)))))INFO: dtree.c(1315): Comp split 2
INFO: dtree.c(1439): stop. leaf nodes are specific
INFO: dtree.c(1478): Final simple tree
|( QUESTION0_7_R 1 -6.505e+04 1.351e+03 3.155e+02
|    ( - -3.859e+04 1 0)
|    ( QUESTION2_10_L -1 -2.511e+04 4.400e+02 1.187e+02
|        ( - -1.818e+04 1 0)
|        ( QUESTION0_0_R 1 -6.498e+03 1.401e+02 3.098e+01
|            ( - -2.962e+03 1 0)
|            ( - -3.397e+03 1 0))))
s>    ( QUESTION0_7_R 1 -6.505e+04 1.351e+03 3.155e+02
s>        ( - -3.859e+04 1 0)
s>        ( QUESTION2_10_L -1 -2.511e+04 4.400e+02 1.187e+02
s>            ( - -1.818e+04 1 0)
s>            ( QUESTION0_0_R 1 -6.498e+03 1.401e+02 3.098e+01
s>                ( - -2.962e+03 1 0)
s>                ( - -3.397e+03 1 0))))INFO: dtree.c(1315): Comp split 3
INFO: dtree.c(1439): stop. leaf nodes are specific
INFO: dtree.c(1478): Final simple tree
|( QUESTION2_10_L -1 -2.511e+04 4.400e+02 1.187e+02
|    ( - -1.818e+04 1 0)
|    ( QUESTION0_0_R 1 -6.498e+03 1.401e+02 3.098e+01
|        ( - -2.962e+03 1 0)
|        ( - -3.397e+03 1 0)))
s>    ( QUESTION2_10_L -1 -2.511e+04 4.400e+02 1.187e+02
s>        ( - -1.818e+04 1 0)
s>        ( QUESTION0_0_R 1 -6.498e+03 1.401e+02 3.098e+01
s>            ( - -2.962e+03 1 0)
s>            ( - -3.397e+03 1 0)))INFO: dtree.c(1315): Comp split 4
INFO: dtree.c(1478): Final simple tree
|( WDBNDRY_E 0 -5.556e+04 4.638e+02 2.761e+02
|    ( QUESTION3 1 -4.976e+04 5.186e+02 2.471e+02
|        ( QUESTION12 1 -3.490e+04 4.638e+02 1.777e+02
|            ( - 2.175e+02 1 0)
|            ( QUESTION0_2_R 1 -3.466e+04 2.635e+02 1.767e+02
|                ( - -9.448e+03 1 0)
|                ( QUESTION0_8_R 1 -2.495e+04 2.119e+02 1.271e+02
|                    ( - -1.693e+04 4 0 QUESTION4 1 1.263e+02 8.585e+01)
|                    ( QUESTION0_1_R 1 -7.803e+03 1.848e+02 4.127e+01
|                        ( - -2.940e+03 1 0)
|                        ( - -4.677e+03 1 0)))))
|        ( QUESTION0_2_R 1 -1.434e+04 3.168e+02 6.938e+01
|            ( - -5.482e+03 1 0)
|            ( - -8.539e+03 3 0 SILENCE 1 1.811e+02 4.150e+01)))
|    ( - -5.331e+03 1 0))
s>    ( WDBNDRY_E 0 -5.556e+04 4.638e+02 2.761e+02
s>        ( QUESTION3 1 -4.976e+04 5.186e+02 2.471e+02
s>            ( QUESTION12 1 -3.490e+04 4.638e+02 1.777e+02
s>                ( - 2.175e+02 1 0)
s>                ( QUESTION0_2_R 1 -3.466e+04 2.635e+02 1.767e+02
s>                    ( - -9.448e+03 1 0)
s>                    ( QUESTION0_8_R 1 -2.495e+04 2.119e+02 1.271e+02
s>                        ( - -1.693e+04 4 0 QUESTION4 1 1.263e+02 8.585e+01)
s>                        ( QUESTION0_1_R 1 -7.803e+03 1.848e+02 4.127e+01
s>                            ( - -2.940e+03 1 0)
s>                            ( - -4.677e+03 1 0)))))
s>            ( QUESTION0_2_R 1 -1.434e+04 3.168e+02 6.938e+01
s>                ( - -5.482e+03 1 0)
s>                ( - -8.539e+03 3 0 SILENCE 1 1.811e+02 4.150e+01)))
s>        ( - -5.331e+03 1 0))INFO: dtree.c(1478): Final simple tree
|( QUESTION19 -1 -1.226e+05 4.226e+02 6.080e+02
|    ( QUESTION0_0_R 1 -1.339e+04 4.765e+02 6.786e+01
|        ( - 2.410e+02 1 0)
|        ( - -1.316e+04 1 0))
|    ( QUESTION0_0_R 1 -1.088e+05 3.927e+02 5.402e+02
|        ( QUESTION0 -1 -1.738e+04 3.170e+02 8.600e+01
|            ( - -2.977e+03 4 0 QUESTION4 1 9.584e+01 1.400e+01)
|            ( QUESTION4 1 -1.408e+04 2.167e+02 7.200e+01
|                ( - -1.329e+04 3 0 SILENCE -1 1.894e+02 6.800e+01)
|                ( - -5.806e+02 1 0)))
|        ( QUESTION0 -1 -9.103e+04 2.481e+02 4.542e+02
|            ( - -1.967e+04 3 0 QUESTION1 -1 1.410e+02 9.840e+01)
|            ( QUESTION2_2_L -1 -7.111e+04 2.115e+02 3.558e+02
|                ( - -8.887e+03 2 0 QUESTION2_3_L -1 1.168e+02 4.600e+01)
|                ( - -6.201e+04 6 0 SILENCE -1 1.924e+02 3.098e+02)))))
s>    ( QUESTION19 -1 -1.226e+05 4.226e+02 6.080e+02
s>        ( QUESTION0_0_R 1 -1.339e+04 4.765e+02 6.786e+01
s>            ( - 2.410e+02 1 0)
s>            ( - -1.316e+04 1 0))
s>        ( QUESTION0_0_R 1 -1.088e+05 3.927e+02 5.402e+02
s>            ( QUESTION0 -1 -1.738e+04 3.170e+02 8.600e+01
s>                ( - -2.977e+03 4 0 QUESTION4 1 9.584e+01 1.400e+01)
s>                ( QUESTION4 1 -1.408e+04 2.167e+02 7.200e+01
s>                    ( - -1.329e+04 3 0 SILENCE -1 1.894e+02 6.800e+01)
s>                    ( - -5.806e+02 1 0)))
s>            ( QUESTION0 -1 -9.103e+04 2.481e+02 4.542e+02
s>                ( - -1.967e+04 3 0 QUESTION1 -1 1.410e+02 9.840e+01)
s>                ( QUESTION2_2_L -1 -7.111e+04 2.115e+02 3.558e+02
s>                    ( - -8.887e+03 2 0 QUESTION2_3_L -1 1.168e+02 4.600e+01)
s>                    ( - -6.201e+04 6 0 SILENCE -1 1.924e+02 3.098e+02)))))INFO: dtree.c(1315): Comp split 5
INFO: dtree.c(1439): stop. leaf nodes are specific
INFO: dtree.c(1478): Final simple tree
|( QUESTION4 1 -3.598e+04 4.623e+02 1.819e+02
|    ( QUESTION19 -1 -3.576e+04 2.448e+02 1.809e+02
|        ( - -1.316e+04 1 0)
|        ( SILENCE -1 -2.236e+04 1.877e+02 1.140e+02
|            ( - -2.238e+02 1 0)
|            ( QUESTION0_0_R 1 -2.195e+04 1.875e+02 1.120e+02
|                ( QUESTION4 -1 -1.287e+04 1.785e+02 6.600e+01
|                    ( - -6.177e+03 1 0)
|                    ( - -6.517e+03 1 0))
|                ( QUESTION2_3_L -1 -8.887e+03 1.168e+02 4.600e+01
|                    ( - -4.367e+03 1 0)
|                    ( - -4.404e+03 1 0)))))
|    ( - 2.410e+02 1 0))
s>    ( QUESTION4 1 -3.598e+04 4.623e+02 1.819e+02
s>        ( QUESTION19 -1 -3.576e+04 2.448e+02 1.809e+02
s>            ( - -1.316e+04 1 0)
s>            ( SILENCE -1 -2.236e+04 1.877e+02 1.140e+02
s>                ( - -2.238e+02 1 0)
s>                ( QUESTION0_0_R 1 -2.195e+04 1.875e+02 1.120e+02
s>                    ( QUESTION4 -1 -1.287e+04 1.785e+02 6.600e+01
s>                        ( - -6.177e+03 1 0)
s>                        ( - -6.517e+03 1 0))
s>                    ( QUESTION2_3_L -1 -8.887e+03 1.168e+02 4.600e+01
s>                        ( - -4.367e+03 1 0)
s>                        ( - -4.404e+03 1 0)))))
s>        ( - 2.410e+02 1 0))INFO: dtree.c(1478): Final simple tree
|( QUESTION0_0_R 1 -8.607e+04 3.455e+02 4.262e+02
|    ( SILENCE -1 -3.786e+03 2.280e+02 1.800e+01
|        ( - -5.806e+02 1 0)
|        ( - -2.977e+03 4 0 QUESTION4 1 9.584e+01 1.400e+01))
|    ( QUESTION0 -1 -8.193e+04 2.529e+02 4.082e+02
|        ( QUESTION1 -1 -1.967e+04 1.410e+02 9.840e+01
|            ( - -1.450e+04 1 0)
|            ( - -5.026e+03 2 0))
|        ( SILENCE -1 -6.201e+04 1.924e+02 3.098e+02
|            ( - -5.070e+03 1 0)
|            ( QUESTION10 -1 -5.675e+04 1.570e+02 2.828e+02
|                ( - -1.544e+03 1 0)
|                ( QUESTION4 -1 -5.505e+04 1.475e+02 2.748e+02
|                    ( - -4.442e+04 3 0)
|                    ( - -1.048e+04 1 0))))))
s>    ( QUESTION0_0_R 1 -8.607e+04 3.455e+02 4.262e+02
s>        ( SILENCE -1 -3.786e+03 2.280e+02 1.800e+01
s>            ( - -5.806e+02 1 0)
s>            ( - -2.977e+03 4 0 QUESTION4 1 9.584e+01 1.400e+01))
s>        ( QUESTION0 -1 -8.193e+04 2.529e+02 4.082e+02
s>            ( QUESTION1 -1 -1.967e+04 1.410e+02 9.840e+01
s>                ( - -1.450e+04 1 0)
s>                ( - -5.026e+03 2 0))
s>            ( SILENCE -1 -6.201e+04 1.924e+02 3.098e+02
s>                ( - -5.070e+03 1 0)
s>                ( QUESTION10 -1 -5.675e+04 1.570e+02 2.828e+02
s>                    ( - -1.544e+03 1 0)
s>                    ( QUESTION4 -1 -5.505e+04 1.475e+02 2.748e+02
s>                        ( - -4.442e+04 3 0)
s>                        ( - -1.048e+04 1 0))))))INFO: dtree.c(1315): Comp split 6
INFO: dtree.c(1439): stop. leaf nodes are specific
INFO: dtree.c(1478): Final simple tree
|( QUESTION0_2_R 1 -1.434e+04 3.168e+02 6.938e+01
|    ( - -5.482e+03 1 0)
|    ( SILENCE 1 -8.539e+03 1.811e+02 4.150e+01
|        ( - -3.044e+03 1 0)
|        ( QUESTION0_1_R 1 -5.314e+03 1.354e+02 2.676e+01
|            ( - -1.994e+03 1 0)
|            ( - -3.184e+03 1 0))))
s>    ( QUESTION0_2_R 1 -1.434e+04 3.168e+02 6.938e+01
s>        ( - -5.482e+03 1 0)
s>        ( SILENCE 1 -8.539e+03 1.811e+02 4.150e+01
s>            ( - -3.044e+03 1 0)
s>            ( QUESTION0_1_R 1 -5.314e+03 1.354e+02 2.676e+01
s>                ( - -1.994e+03 1 0)
s>                ( - -3.184e+03 1 0))))INFO: dtree.c(1439): stop. leaf nodes are specific
INFO: dtree.c(1478): Final simple tree
|( QUESTION12 1 -4.068e+04 4.594e+02 2.068e+02
|    ( - 2.175e+02 1 0)
|    ( WDBNDRY_E 0 -4.044e+04 4.478e+02 2.058e+02
|        ( QUESTION0_2_R 1 -3.466e+04 2.635e+02 1.767e+02
|            ( - -9.448e+03 1 0)
|            ( QUESTION0_8_R 1 -2.495e+04 2.119e+02 1.271e+02
|                ( QUESTION4 1 -1.693e+04 1.263e+02 8.585e+01
|                    ( - -8.689e+03 2 0)
|                    ( - -8.117e+03 2 0))
|                ( QUESTION0_1_R 1 -7.803e+03 1.848e+02 4.127e+01
|                    ( - -2.940e+03 1 0)
|                    ( - -4.677e+03 1 0))))
|        ( - -5.331e+03 1 0)))
s>    ( QUESTION12 1 -4.068e+04 4.594e+02 2.068e+02
s>        ( - 2.175e+02 1 0)
s>        ( WDBNDRY_E 0 -4.044e+04 4.478e+02 2.058e+02
s>            ( QUESTION0_2_R 1 -3.466e+04 2.635e+02 1.767e+02
s>                ( - -9.448e+03 1 0)
s>                ( QUESTION0_8_R 1 -2.495e+04 2.119e+02 1.271e+02
s>                    ( QUESTION4 1 -1.693e+04 1.263e+02 8.585e+01
s>                        ( - -8.689e+03 2 0)
s>                        ( - -8.117e+03 2 0))
s>                    ( QUESTION0_1_R 1 -7.803e+03 1.848e+02 4.127e+01
s>                        ( - -2.940e+03 1 0)
s>                        ( - -4.677e+03 1 0))))
s>            ( - -5.331e+03 1 0)))INFO: dtree.c(1315): Comp split 7
INFO: dtree.c(1439): stop. leaf nodes are specific
INFO: dtree.c(1478): Final simple tree
|( QUESTION19 -1 -3.576e+04 2.448e+02 1.809e+02
|    ( - -1.316e+04 1 0)
|    ( SILENCE -1 -2.236e+04 1.877e+02 1.140e+02
|        ( - -2.238e+02 1 0)
|        ( QUESTION0_0_R 1 -2.195e+04 1.875e+02 1.120e+02
|            ( QUESTION4 -1 -1.287e+04 1.785e+02 6.600e+01
|                ( - -6.177e+03 1 0)
|                ( - -6.517e+03 1 0))
|            ( QUESTION2_3_L -1 -8.887e+03 1.168e+02 4.600e+01
|                ( - -4.367e+03 1 0)
|                ( - -4.404e+03 1 0)))))
s>    ( QUESTION19 -1 -3.576e+04 2.448e+02 1.809e+02
s>        ( - -1.316e+04 1 0)
s>        ( SILENCE -1 -2.236e+04 1.877e+02 1.140e+02
s>            ( - -2.238e+02 1 0)
s>            ( QUESTION0_0_R 1 -2.195e+04 1.875e+02 1.120e+02
s>                ( QUESTION4 -1 -1.287e+04 1.785e+02 6.600e+01
s>                    ( - -6.177e+03 1 0)
s>                    ( - -6.517e+03 1 0))
s>                ( QUESTION2_3_L -1 -8.887e+03 1.168e+02 4.600e+01
s>                    ( - -4.367e+03 1 0)
s>                    ( - -4.404e+03 1 0)))))INFO: dtree.c(1315): Comp split 8
INFO: dtree.c(1439): stop. leaf nodes are specific
INFO: dtree.c(1478): Final simple tree
|( WDBNDRY_E 0 -4.044e+04 4.478e+02 2.058e+02
|    ( QUESTION0_2_R 1 -3.466e+04 2.635e+02 1.767e+02
|        ( - -9.448e+03 1 0)
|        ( QUESTION0_8_R 1 -2.495e+04 2.119e+02 1.271e+02
|            ( QUESTION4 1 -1.693e+04 1.263e+02 8.585e+01
|                ( - -8.689e+03 2 0)
|                ( - -8.117e+03 2 0))
|            ( QUESTION0_1_R 1 -7.803e+03 1.848e+02 4.127e+01
|                ( - -2.940e+03 1 0)
|                ( - -4.677e+03 1 0))))
|    ( - -5.331e+03 1 0))
s>    ( WDBNDRY_E 0 -4.044e+04 4.478e+02 2.058e+02
s>        ( QUESTION0_2_R 1 -3.466e+04 2.635e+02 1.767e+02
s>            ( - -9.448e+03 1 0)
s>            ( QUESTION0_8_R 1 -2.495e+04 2.119e+02 1.271e+02
s>                ( QUESTION4 1 -1.693e+04 1.263e+02 8.585e+01
s>                    ( - -8.689e+03 2 0)
s>                    ( - -8.117e+03 2 0))
s>                ( QUESTION0_1_R 1 -7.803e+03 1.848e+02 4.127e+01
s>                    ( - -2.940e+03 1 0)
s>                    ( - -4.677e+03 1 0))))
s>        ( - -5.331e+03 1 0))INFO: dtree.c(1315): Comp split 9
INFO: dtree.c(1439): stop. leaf nodes are specific
INFO: dtree.c(1478): Final simple tree
|( QUESTION0_2_R 1 -3.466e+04 2.635e+02 1.767e+02
|    ( - -9.448e+03 1 0)
|    ( QUESTION0_8_R 1 -2.495e+04 2.119e+02 1.271e+02
|        ( QUESTION4 1 -1.693e+04 1.263e+02 8.585e+01
|            ( - -8.689e+03 2 0)
|            ( - -8.117e+03 2 0))
|        ( QUESTION0_1_R 1 -7.803e+03 1.848e+02 4.127e+01
|            ( - -2.940e+03 1 0)
|            ( - -4.677e+03 1 0))))
s>    ( QUESTION0_2_R 1 -3.466e+04 2.635e+02 1.767e+02
s>        ( - -9.448e+03 1 0)
s>        ( QUESTION0_8_R 1 -2.495e+04 2.119e+02 1.271e+02
s>            ( QUESTION4 1 -1.693e+04 1.263e+02 8.585e+01
s>                ( - -8.689e+03 2 0)
s>                ( - -8.117e+03 2 0))
s>            ( QUESTION0_1_R 1 -7.803e+03 1.848e+02 4.127e+01
s>                ( - -2.940e+03 1 0)
s>                ( - -4.677e+03 1 0))))INFO: dtree.c(1315): Comp split 10
INFO: dtree.c(1439): stop. leaf nodes are specific
INFO: dtree.c(1478): Final simple tree
|( QUESTION0_0_R 1 -6.498e+03 1.401e+02 3.098e+01
|    ( - -2.962e+03 1 0)
|    ( - -3.397e+03 1 0))
s>    ( QUESTION0_0_R 1 -6.498e+03 1.401e+02 3.098e+01
s>        ( - -2.962e+03 1 0)
s>        ( - -3.397e+03 1 0))INFO: dtree.c(1315): Comp split 11
INFO: dtree.c(1439): stop. leaf nodes are specific
INFO: dtree.c(1478): Final simple tree
|( QUESTION4 1 -2.977e+03 9.584e+01 1.400e+01
|    ( - -2.282e+03 3 0)
|    ( - -5.987e+02 1 0))
s>    ( QUESTION4 1 -2.977e+03 9.584e+01 1.400e+01
s>        ( - -2.282e+03 3 0)
s>        ( - -5.987e+02 1 0))INFO: dtree.c(1439): stop. leaf nodes are specific
INFO: dtree.c(1478): Final simple tree
|( QUESTION0 -1 -8.274e+04 2.541e+02 4.122e+02
|    ( QUESTION1 -1 -1.967e+04 1.410e+02 9.840e+01
|        ( - -1.450e+04 1 0)
|        ( - -5.026e+03 2 0))
|    ( QUESTION0_0_R 1 -6.282e+04 2.233e+02 3.138e+02
|        ( - -5.806e+02 1 0)
|        ( SILENCE -1 -6.201e+04 1.924e+02 3.098e+02
|            ( - -5.070e+03 1 0)
|            ( QUESTION10 -1 -5.675e+04 1.570e+02 2.828e+02
|                ( - -1.544e+03 1 0)
|                ( QUESTION4 -1 -5.505e+04 1.475e+02 2.748e+02
|                    ( - -4.442e+04 3 0)
|                    ( - -1.048e+04 1 0))))))
s>    ( QUESTION0 -1 -8.274e+04 2.541e+02 4.122e+02
s>        ( QUESTION1 -1 -1.967e+04 1.410e+02 9.840e+01
s>            ( - -1.450e+04 1 0)
s>            ( - -5.026e+03 2 0))
s>        ( QUESTION0_0_R 1 -6.282e+04 2.233e+02 3.138e+02
s>            ( - -5.806e+02 1 0)
s>            ( SILENCE -1 -6.201e+04 1.924e+02 3.098e+02
s>                ( - -5.070e+03 1 0)
s>                ( QUESTION10 -1 -5.675e+04 1.570e+02 2.828e+02
s>                    ( - -1.544e+03 1 0)
s>                    ( QUESTION4 -1 -5.505e+04 1.475e+02 2.748e+02
s>                        ( - -4.442e+04 3 0)
s>                        ( - -1.048e+04 1 0))))))INFO: dtree.c(1315): Comp split 12
INFO: dtree.c(1439): stop. leaf nodes are specific
INFO: dtree.c(1478): Final simple tree
|( SILENCE 1 -8.539e+03 1.811e+02 4.150e+01
|    ( - -3.044e+03 1 0)
|    ( QUESTION0_1_R 1 -5.314e+03 1.354e+02 2.676e+01
|        ( - -1.994e+03 1 0)
|        ( - -3.184e+03 1 0)))
s>    ( SILENCE 1 -8.539e+03 1.811e+02 4.150e+01
s>        ( - -3.044e+03 1 0)
s>        ( QUESTION0_1_R 1 -5.314e+03 1.354e+02 2.676e+01
s>            ( - -1.994e+03 1 0)
s>            ( - -3.184e+03 1 0)))INFO: dtree.c(1315): Comp split 13
INFO: dtree.c(1439): stop. leaf nodes are specific
INFO: dtree.c(1478): Final simple tree
|( QUESTION0_8_R 1 -2.495e+04 2.119e+02 1.271e+02
|    ( QUESTION4 1 -1.693e+04 1.263e+02 8.585e+01
|        ( - -8.689e+03 2 0)
|        ( - -8.117e+03 2 0))
|    ( QUESTION0_1_R 1 -7.803e+03 1.848e+02 4.127e+01
|        ( - -2.940e+03 1 0)
|        ( - -4.677e+03 1 0)))
s>    ( QUESTION0_8_R 1 -2.495e+04 2.119e+02 1.271e+02
s>        ( QUESTION4 1 -1.693e+04 1.263e+02 8.585e+01
s>            ( - -8.689e+03 2 0)
s>            ( - -8.117e+03 2 0))
s>        ( QUESTION0_1_R 1 -7.803e+03 1.848e+02 4.127e+01
s>            ( - -2.940e+03 1 0)
s>            ( - -4.677e+03 1 0)))INFO: dtree.c(1315): Comp split 14
INFO: dtree.c(1439): stop. leaf nodes are specific
INFO: dtree.c(1478): Final simple tree
|( QUESTION0_0_R 1 -6.282e+04 2.233e+02 3.138e+02
|    ( - -5.806e+02 1 0)
|    ( SILENCE -1 -6.201e+04 1.924e+02 3.098e+02
|        ( - -5.070e+03 1 0)
|        ( QUESTION10 -1 -5.675e+04 1.570e+02 2.828e+02
|            ( - -1.544e+03 1 0)
|            ( QUESTION4 -1 -5.505e+04 1.475e+02 2.748e+02
|                ( - -4.442e+04 3 0)
|                ( - -1.048e+04 1 0)))))
s>    ( QUESTION0_0_R 1 -6.282e+04 2.233e+02 3.138e+02
s>        ( - -5.806e+02 1 0)
s>        ( SILENCE -1 -6.201e+04 1.924e+02 3.098e+02
s>            ( - -5.070e+03 1 0)
s>            ( QUESTION10 -1 -5.675e+04 1.570e+02 2.828e+02
s>                ( - -1.544e+03 1 0)
s>                ( QUESTION4 -1 -5.505e+04 1.475e+02 2.748e+02
s>                    ( - -4.442e+04 3 0)
s>                    ( - -1.048e+04 1 0)))))INFO: dtree.c(1439): stop. leaf nodes are specific
INFO: dtree.c(1478): Final simple tree
|( QUESTION1 -1 -1.967e+04 1.410e+02 9.840e+01
|    ( - -1.450e+04 1 0)
|    ( - -5.026e+03 2 0))
s>    ( QUESTION1 -1 -1.967e+04 1.410e+02 9.840e+01
s>        ( - -1.450e+04 1 0)
s>        ( - -5.026e+03 2 0))INFO: dtree.c(1315): Comp split 15
INFO: dtree.c(1439): stop. leaf nodes are specific
INFO: dtree.c(1478): Final simple tree
|( SILENCE -1 -2.236e+04 1.877e+02 1.140e+02
|    ( - -2.238e+02 1 0)
|    ( QUESTION0_0_R 1 -2.195e+04 1.875e+02 1.120e+02
|        ( QUESTION4 -1 -1.287e+04 1.785e+02 6.600e+01
|            ( - -6.177e+03 1 0)
|            ( - -6.517e+03 1 0))
|        ( QUESTION2_3_L -1 -8.887e+03 1.168e+02 4.600e+01
|            ( - -4.367e+03 1 0)
|            ( - -4.404e+03 1 0))))
s>    ( SILENCE -1 -2.236e+04 1.877e+02 1.140e+02
s>        ( - -2.238e+02 1 0)
s>        ( QUESTION0_0_R 1 -2.195e+04 1.875e+02 1.120e+02
s>            ( QUESTION4 -1 -1.287e+04 1.785e+02 6.600e+01
s>                ( - -6.177e+03 1 0)
s>                ( - -6.517e+03 1 0))
s>            ( QUESTION2_3_L -1 -8.887e+03 1.168e+02 4.600e+01
s>                ( - -4.367e+03 1 0)
s>                ( - -4.404e+03 1 0))))INFO: dtree.c(1315): Comp split 16
INFO: dtree.c(1439): stop. leaf nodes are specific
INFO: dtree.c(1478): Final simple tree
|( QUESTION4 -1 -5.505e+04 1.475e+02 2.748e+02
|    ( - -4.442e+04 3 0)
|    ( - -1.048e+04 1 0))
s>    ( QUESTION4 -1 -5.505e+04 1.475e+02 2.748e+02
s>        ( - -4.442e+04 3 0)
s>        ( - -1.048e+04 1 0))INFO: dtree.c(1439): stop. leaf nodes are specific
INFO: dtree.c(1478): Final simple tree
|( QUESTION0_0_R 1 -7.542e+03 1.937e+02 3.901e+01
|    ( - -5.806e+02 1 0)
|    ( SILENCE -1 -6.768e+03 1.537e+02 3.501e+01
|        ( - -5.070e+03 1 0)
|        ( - -1.544e+03 1 0)))
s>    ( QUESTION0_0_R 1 -7.542e+03 1.937e+02 3.901e+01
s>        ( - -5.806e+02 1 0)
s>        ( SILENCE -1 -6.768e+03 1.537e+02 3.501e+01
s>            ( - -5.070e+03 1 0)
s>            ( - -1.544e+03 1 0)))INFO: dtree.c(1315): Comp split 17
INFO: dtree.c(1439): stop. leaf nodes are specific
INFO: dtree.c(1478): Final simple tree
|( QUESTION0_1_R 1 -7.803e+03 1.848e+02 4.127e+01
|    ( - -2.940e+03 1 0)
|    ( - -4.677e+03 1 0))
s>    ( QUESTION0_1_R 1 -7.803e+03 1.848e+02 4.127e+01
s>        ( - -2.940e+03 1 0)
s>        ( - -4.677e+03 1 0))INFO: dtree.c(1439): stop. leaf nodes are specific
INFO: dtree.c(1478): Final simple tree
|( QUESTION4 1 -1.693e+04 1.263e+02 8.585e+01
|    ( - -8.689e+03 2 0)
|    ( - -8.117e+03 2 0))
s>    ( QUESTION4 1 -1.693e+04 1.263e+02 8.585e+01
s>        ( - -8.689e+03 2 0)
s>        ( - -8.117e+03 2 0))INFO: dtree.c(1315): Comp split 18
INFO: dtree.c(1439): stop. leaf nodes are specific
INFO: dtree.c(1478): Final simple tree
|( SILENCE -1 -1.598e+04 1.874e+02 8.100e+01
|    ( - -2.238e+02 1 0)
|    ( QUESTION0_0_R 1 -1.557e+04 1.686e+02 7.900e+01
|        ( - -6.517e+03 1 0)
|        ( QUESTION2_3_L -1 -8.887e+03 1.168e+02 4.600e+01
|            ( - -4.367e+03 1 0)
|            ( - -4.404e+03 1 0))))
s>    ( SILENCE -1 -1.598e+04 1.874e+02 8.100e+01
s>        ( - -2.238e+02 1 0)
s>        ( QUESTION0_0_R 1 -1.557e+04 1.686e+02 7.900e+01
s>            ( - -6.517e+03 1 0)
s>            ( QUESTION2_3_L -1 -8.887e+03 1.168e+02 4.600e+01
s>                ( - -4.367e+03 1 0)
s>                ( - -4.404e+03 1 0))))INFO: dtree.c(1315): Comp split 19
INFO: dtree.c(1439): stop. leaf nodes are specific
INFO: dtree.c(1478): Final simple tree
|( SILENCE -1 -6.768e+03 1.537e+02 3.501e+01
|    ( - -5.070e+03 1 0)
|    ( - -1.544e+03 1 0))
s>    ( SILENCE -1 -6.768e+03 1.537e+02 3.501e+01
s>        ( - -5.070e+03 1 0)
s>        ( - -1.544e+03 1 0))INFO: dtree.c(1315): Comp split 20
INFO: dtree.c(1439): stop. leaf nodes are specific
INFO: dtree.c(1478): Final simple tree
|( QUESTION0_0_R 1 -1.557e+04 1.686e+02 7.900e+01
|    ( - -6.517e+03 1 0)
|    ( QUESTION2_3_L -1 -8.887e+03 1.168e+02 4.600e+01
|        ( - -4.367e+03 1 0)
|        ( - -4.404e+03 1 0)))
s>    ( QUESTION0_0_R 1 -1.557e+04 1.686e+02 7.900e+01
s>        ( - -6.517e+03 1 0)
s>        ( QUESTION2_3_L -1 -8.887e+03 1.168e+02 4.600e+01
s>            ( - -4.367e+03 1 0)
s>            ( - -4.404e+03 1 0)))INFO: dtree.c(1315): Comp split 21
INFO: dtree.c(1315): Comp split 22
INFO: dtree.c(1439): stop. leaf nodes are specific
INFO: dtree.c(1478): Final simple tree
|( QUESTION0_1_R 1 -5.314e+03 1.354e+02 2.676e+01
|    ( - -1.994e+03 1 0)
|    ( - -3.184e+03 1 0))
s>    ( QUESTION0_1_R 1 -5.314e+03 1.354e+02 2.676e+01
s>        ( - -1.994e+03 1 0)
s>        ( - -3.184e+03 1 0))INFO: dtree.c(1315): Comp split 23
INFO: dtree.c(1439): stop. leaf nodes are specific
INFO: dtree.c(1478): Final simple tree
|( QUESTION2_3_L -1 -8.887e+03 1.168e+02 4.600e+01
|    ( - -4.367e+03 1 0)
|    ( - -4.404e+03 1 0))
s>    ( QUESTION2_3_L -1 -8.887e+03 1.168e+02 4.600e+01
s>        ( - -4.367e+03 1 0)
s>        ( - -4.404e+03 1 0))INFO: dtree.c(1315): Comp split 24
INFO: dtree.c(1315): Comp split 25
INFO: dtree.c(1315): Comp split 26
INFO: dtree.c(1315): Comp split 27
INFO: dtree.c(1315): Comp split 28
INFO: dtree.c(1315): Comp split 29
INFO: dtree.c(1315): Comp split 30
INFO: dtree.c(1315): Comp split 31
INFO: dtree.c(1315): Comp split 32
INFO: dtree.c(1318): stop. leaf nodes are specific
Mon Jan 30 07:35:47 2017
