Current configuration:
[NAME]		[DEFLT]	[VALUE]
-allphones	no	no
-cntthresh	0.00001	1.000000e-05
-csplitmax	100	2000
-csplitmin	1	1
-csplitthr	8e-4	0.000000e+00
-example	no	no
-fullvar	no	no
-help		no	no
-meanfn			/Users/benroye/forge/cmusphinx/voiceVim/model_parameters/voiceVim.cd_cont_untied/means
-mixwfn			/Users/benroye/forge/cmusphinx/voiceVim/model_parameters/voiceVim.cd_cont_untied/mixture_weights
-moddeffn		/Users/benroye/forge/cmusphinx/voiceVim/model_architecture/voiceVim.untied.mdef
-mwfloor	1e-4	1.000000e-08
-phone			sh
-psetfn			/Users/benroye/forge/cmusphinx/voiceVim/model_architecture/voiceVim.tree_questions
-ssplitmax	5	7
-ssplitmin	1	1
-ssplitthr	8e-4	0.000000e+00
-state			0
-stwt			1.0,0.05,0.0,
-treefn			/Users/benroye/forge/cmusphinx/voiceVim/trees/voiceVim.unpruned/sh-0.dtree
-ts2cbfn	.semi.	.cont.
-varfloor	0.00001	1.000000e-05
-varfn			/Users/benroye/forge/cmusphinx/voiceVim/model_parameters/voiceVim.cd_cont_untied/variances

INFO: main.c(223): Reading: /Users/benroye/forge/cmusphinx/voiceVim/model_architecture/voiceVim.untied.mdef
INFO: model_def_io.c(573): Model definition info:
INFO: model_def_io.c(574): 2249 total models defined (39 base, 2210 tri)
INFO: model_def_io.c(575): 8996 total states
INFO: model_def_io.c(576): 6747 total tied states
INFO: model_def_io.c(577): 117 total tied CI states
INFO: model_def_io.c(578): 39 total tied transition matrices
INFO: model_def_io.c(579): 4 max state/model
INFO: model_def_io.c(580): 4 min state/model
INFO: main.c(242): Building trees for [sh SIL i b] through [sh uh uu b]
INFO: main.c(269): Covering states |[5004 5096]| == 93
INFO: main.c(275): Reading: /Users/benroye/forge/cmusphinx/voiceVim/model_parameters/voiceVim.cd_cont_untied/mixture_weights
INFO: s3mixw_io.c(173): Read /Users/benroye/forge/cmusphinx/voiceVim/model_parameters/voiceVim.cd_cont_untied/mixture_weights [93x1x1 array]
INFO: main.c(311): 31 of 31 models have observation count greater than 0.000010
INFO: main.c(95): nrm stwt: 0.952 0.048 0.000 
INFO: s3gau_io.c(169): Read /Users/benroye/forge/cmusphinx/voiceVim/model_parameters/voiceVim.cd_cont_untied/means [6747x1x1 array]
INFO: s3gau_io.c(169): Read /Users/benroye/forge/cmusphinx/voiceVim/model_parameters/voiceVim.cd_cont_untied/variances [6747x1x1 array]
INFO: main.c(549): Reading: /Users/benroye/forge/cmusphinx/voiceVim/model_architecture/voiceVim.tree_questions
INFO: main.c(588): 174 total simple questions (166 phone; 8 word bndry)
INFO: main.c(590): 40 Left Only questions, and 42 Right Only questions
INFO: dtree.c(1478): Final simple tree
|( QUESTION0_8_R 1 -2.070e+05 1.907e+03 9.180e+02
|    ( QUESTION2 -1 -1.507e+05 8.868e+02 6.610e+02
|        ( QUESTION4 1 -6.907e+04 4.892e+02 3.043e+02
|            ( - -6.873e+04 3 0)
|            ( - 1.507e+02 1 0))
|        ( QUESTION2_0_L -1 -8.079e+04 4.925e+02 3.567e+02
|            ( WDBNDRY_B 0 -3.264e+04 2.480e+02 1.491e+02
|                ( - -3.084e+04 8 0 QUESTION4 1 2.329e+02 1.421e+02)
|                ( - -1.554e+03 2 0 QUESTION4 1 1.452e+02 7.000e+00))
|            ( - -4.766e+04 6 0 QUESTION4 1 1.887e+02 2.076e+02)))
|    ( QUESTION0_12_R 1 -5.432e+04 5.000e+02 2.571e+02
|        ( - -2.502e+04 2 0 QUESTION0_13_R 1 9.024e+01 1.260e+02)
|        ( QUESTION11 1 -2.881e+04 4.768e+02 1.311e+02
|            ( - -2.004e+04 2 0)
|            ( - -8.287e+03 7 0 SILENCE 1 1.919e+02 3.418e+01))))
s>    ( QUESTION0_8_R 1 -2.070e+05 1.907e+03 9.180e+02
s>        ( QUESTION2 -1 -1.507e+05 8.868e+02 6.610e+02
s>            ( QUESTION4 1 -6.907e+04 4.892e+02 3.043e+02
s>                ( - -6.873e+04 3 0)
s>                ( - 1.507e+02 1 0))
s>            ( QUESTION2_0_L -1 -8.079e+04 4.925e+02 3.567e+02
s>                ( WDBNDRY_B 0 -3.264e+04 2.480e+02 1.491e+02
s>                    ( - -3.084e+04 8 0 QUESTION4 1 2.329e+02 1.421e+02)
s>                    ( - -1.554e+03 2 0 QUESTION4 1 1.452e+02 7.000e+00))
s>                ( - -4.766e+04 6 0 QUESTION4 1 1.887e+02 2.076e+02)))
s>        ( QUESTION0_12_R 1 -5.432e+04 5.000e+02 2.571e+02
s>            ( - -2.502e+04 2 0 QUESTION0_13_R 1 9.024e+01 1.260e+02)
s>            ( QUESTION11 1 -2.881e+04 4.768e+02 1.311e+02
s>                ( - -2.004e+04 2 0)
s>                ( - -8.287e+03 7 0 SILENCE 1 1.919e+02 3.418e+01))))INFO: dtree.c(1315): Comp split 0
INFO: dtree.c(1478): Final simple tree
|( QUESTION2 -1 -1.596e+05 9.613e+02 6.951e+02
|    ( QUESTION4 1 -6.907e+04 4.892e+02 3.043e+02
|        ( - -6.873e+04 3 0)
|        ( - 1.507e+02 1 0))
|    ( WDBNDRY_B 0 -8.960e+04 6.076e+02 3.909e+02
|        ( QUESTION2_0_L -1 -7.904e+04 5.428e+02 3.497e+02
|            ( QUESTION4 1 -3.084e+04 2.329e+02 1.421e+02
|                ( QUESTION11 -1 -3.028e+04 2.014e+02 1.401e+02
|                    ( - -1.013e+03 1 0)
|                    ( - -2.906e+04 6 0 QUESTION2_9_L -1 1.635e+02 1.351e+02))
|                ( - -3.287e+02 1 0))
|            ( - -4.766e+04 6 0 QUESTION4 1 1.887e+02 2.076e+02))
|        ( SILENCE 1 -9.958e+03 1.891e+02 4.118e+01
|            ( - -7.891e+02 1 0)
|            ( - -8.980e+03 8 0 QUESTION0_2_R 1 1.543e+02 3.718e+01))))
s>    ( QUESTION2 -1 -1.596e+05 9.613e+02 6.951e+02
s>        ( QUESTION4 1 -6.907e+04 4.892e+02 3.043e+02
s>            ( - -6.873e+04 3 0)
s>            ( - 1.507e+02 1 0))
s>        ( WDBNDRY_B 0 -8.960e+04 6.076e+02 3.909e+02
s>            ( QUESTION2_0_L -1 -7.904e+04 5.428e+02 3.497e+02
s>                ( QUESTION4 1 -3.084e+04 2.329e+02 1.421e+02
s>                    ( QUESTION11 -1 -3.028e+04 2.014e+02 1.401e+02
s>                        ( - -1.013e+03 1 0)
s>                        ( - -2.906e+04 6 0 QUESTION2_9_L -1 1.635e+02 1.351e+02))
s>                    ( - -3.287e+02 1 0))
s>                ( - -4.766e+04 6 0 QUESTION4 1 1.887e+02 2.076e+02))
s>            ( SILENCE 1 -9.958e+03 1.891e+02 4.118e+01
s>                ( - -7.891e+02 1 0)
s>                ( - -8.980e+03 8 0 QUESTION0_2_R 1 1.543e+02 3.718e+01))))INFO: dtree.c(1439): stop. leaf nodes are specific
INFO: dtree.c(1478): Final simple tree
|( QUESTION0_1_R 1 -4.531e+04 2.458e+02 2.229e+02
|    ( - -2.004e+04 2 0)
|    ( QUESTION0_13_R 1 -2.502e+04 9.024e+01 1.260e+02
|        ( - -8.723e+03 1 0)
|        ( - -1.621e+04 1 0)))
s>    ( QUESTION0_1_R 1 -4.531e+04 2.458e+02 2.229e+02
s>        ( - -2.004e+04 2 0)
s>        ( QUESTION0_13_R 1 -2.502e+04 9.024e+01 1.260e+02
s>            ( - -8.723e+03 1 0)
s>            ( - -1.621e+04 1 0)))INFO: dtree.c(1315): Comp split 1
INFO: dtree.c(1439): stop. leaf nodes are specific
INFO: dtree.c(1478): Final simple tree
|( QUESTION0 -1 -6.959e+04 1.882e+02 3.063e+02
|    ( QUESTION4 1 -6.907e+04 4.892e+02 3.043e+02
|        ( - -6.873e+04 3 0)
|        ( - 1.507e+02 1 0))
|    ( - -3.287e+02 1 0))
s>    ( QUESTION0 -1 -6.959e+04 1.882e+02 3.063e+02
s>        ( QUESTION4 1 -6.907e+04 4.892e+02 3.043e+02
s>            ( - -6.873e+04 3 0)
s>            ( - 1.507e+02 1 0))
s>        ( - -3.287e+02 1 0))INFO: dtree.c(1478): Final simple tree
|( WDBNDRY_B 0 -8.908e+04 6.093e+02 3.889e+02
|    ( QUESTION2_0_L -1 -7.851e+04 5.754e+02 3.477e+02
|        ( QUESTION11 -1 -3.028e+04 2.014e+02 1.401e+02
|            ( - -1.013e+03 1 0)
|            ( QUESTION2_9_L -1 -2.906e+04 1.635e+02 1.351e+02
|                ( - -2.426e+03 1 0)
|                ( - -2.647e+04 5 0 QUESTION4 -1 1.458e+02 1.231e+02)))
|        ( QUESTION4 1 -4.766e+04 1.887e+02 2.076e+02
|            ( SILENCE -1 -4.718e+04 1.651e+02 2.056e+02
|                ( - -2.804e+03 1 0)
|                ( - -4.421e+04 4 0 QUESTION4 -1 1.533e+02 1.927e+02))
|            ( - -2.902e+02 1 0)))
|    ( SILENCE 1 -9.958e+03 1.891e+02 4.118e+01
|        ( - -7.891e+02 1 0)
|        ( - -8.980e+03 8 0 QUESTION0_2_R 1 1.543e+02 3.718e+01)))
s>    ( WDBNDRY_B 0 -8.908e+04 6.093e+02 3.889e+02
s>        ( QUESTION2_0_L -1 -7.851e+04 5.754e+02 3.477e+02
s>            ( QUESTION11 -1 -3.028e+04 2.014e+02 1.401e+02
s>                ( - -1.013e+03 1 0)
s>                ( QUESTION2_9_L -1 -2.906e+04 1.635e+02 1.351e+02
s>                    ( - -2.426e+03 1 0)
s>                    ( - -2.647e+04 5 0 QUESTION4 -1 1.458e+02 1.231e+02)))
s>            ( QUESTION4 1 -4.766e+04 1.887e+02 2.076e+02
s>                ( SILENCE -1 -4.718e+04 1.651e+02 2.056e+02
s>                    ( - -2.804e+03 1 0)
s>                    ( - -4.421e+04 4 0 QUESTION4 -1 1.533e+02 1.927e+02))
s>                ( - -2.902e+02 1 0)))
s>        ( SILENCE 1 -9.958e+03 1.891e+02 4.118e+01
s>            ( - -7.891e+02 1 0)
s>            ( - -8.980e+03 8 0 QUESTION0_2_R 1 1.543e+02 3.718e+01)))INFO: dtree.c(1315): Comp split 2
INFO: dtree.c(1439): stop. leaf nodes are specific
INFO: dtree.c(1478): Final simple tree
|( QUESTION2_9_L -1 -2.906e+04 1.635e+02 1.351e+02
|    ( - -2.426e+03 1 0)
|    ( QUESTION4 -1 -2.647e+04 1.458e+02 1.231e+02
|        ( QUESTION2_4_L -1 -7.877e+03 1.244e+02 3.699e+01
|            ( - -4.775e+03 1 0)
|            ( - -2.978e+03 1 0))
|        ( QUESTION19 -1 -1.845e+04 1.302e+02 8.612e+01
|            ( - -2.641e+03 1 0)
|            ( QUESTION0 -1 -1.568e+04 1.208e+02 7.268e+01
|                ( - -8.104e+03 1 0)
|                ( - -7.454e+03 1 0)))))
s>    ( QUESTION2_9_L -1 -2.906e+04 1.635e+02 1.351e+02
s>        ( - -2.426e+03 1 0)
s>        ( QUESTION4 -1 -2.647e+04 1.458e+02 1.231e+02
s>            ( QUESTION2_4_L -1 -7.877e+03 1.244e+02 3.699e+01
s>                ( - -4.775e+03 1 0)
s>                ( - -2.978e+03 1 0))
s>            ( QUESTION19 -1 -1.845e+04 1.302e+02 8.612e+01
s>                ( - -2.641e+03 1 0)
s>                ( QUESTION0 -1 -1.568e+04 1.208e+02 7.268e+01
s>                    ( - -8.104e+03 1 0)
s>                    ( - -7.454e+03 1 0)))))INFO: dtree.c(1478): Final simple tree
|( WDBNDRY_B 0 -5.931e+04 5.131e+02 2.538e+02
|    ( QUESTION4 1 -4.884e+04 1.892e+02 2.126e+02
|        ( QUESTION5 -1 -4.836e+04 1.794e+02 2.106e+02
|            ( QUESTION11 -1 -3.399e+03 1.419e+02 1.500e+01
|                ( - -1.013e+03 1 0)
|                ( - -2.244e+03 1 0))
|            ( SILENCE -1 -4.478e+04 1.624e+02 1.956e+02
|                ( - -2.804e+03 1 0)
|                ( - -4.181e+04 3 0)))
|        ( - -2.902e+02 1 0))
|    ( SILENCE 1 -9.958e+03 1.891e+02 4.118e+01
|        ( - -7.891e+02 1 0)
|        ( QUESTION0_2_R 1 -8.980e+03 1.543e+02 3.718e+01
|            ( - -3.954e+02 1 0)
|            ( - -8.431e+03 7 0 QUESTION0_9_R 1 1.266e+02 3.518e+01))))
s>    ( WDBNDRY_B 0 -5.931e+04 5.131e+02 2.538e+02
s>        ( QUESTION4 1 -4.884e+04 1.892e+02 2.126e+02
s>            ( QUESTION5 -1 -4.836e+04 1.794e+02 2.106e+02
s>                ( QUESTION11 -1 -3.399e+03 1.419e+02 1.500e+01
s>                    ( - -1.013e+03 1 0)
s>                    ( - -2.244e+03 1 0))
s>                ( SILENCE -1 -4.478e+04 1.624e+02 1.956e+02
s>                    ( - -2.804e+03 1 0)
s>                    ( - -4.181e+04 3 0)))
s>            ( - -2.902e+02 1 0))
s>        ( SILENCE 1 -9.958e+03 1.891e+02 4.118e+01
s>            ( - -7.891e+02 1 0)
s>            ( QUESTION0_2_R 1 -8.980e+03 1.543e+02 3.718e+01
s>                ( - -3.954e+02 1 0)
s>                ( - -8.431e+03 7 0 QUESTION0_9_R 1 1.266e+02 3.518e+01))))INFO: dtree.c(1315): Comp split 3
INFO: dtree.c(1478): Final simple tree
|( QUESTION0_2_R 1 -8.980e+03 1.543e+02 3.718e+01
|    ( - -3.954e+02 1 0)
|    ( QUESTION0_9_R 1 -8.431e+03 1.266e+02 3.518e+01
|        ( - -3.785e+02 1 0)
|        ( QUESTION4 1 -7.925e+03 1.441e+02 3.318e+01
|            ( - -8.183e+02 1 0)
|            ( QUESTION15 1 -6.963e+03 1.236e+02 2.918e+01
|                ( - -6.475e+02 1 0)
|                ( QUESTION0_4_R 1 -6.192e+03 1.119e+02 2.618e+01
|                    ( - -2.566e+03 1 0)
|                    ( QUESTION0_1_R 1 -3.514e+03 1.138e+02 1.500e+01
|                        ( QUESTION0 1 -2.810e+03 7.627e+01 1.200e+01
|                            ( - -1.606e+03 1 0)
|                            ( - -1.128e+03 1 0))
|                        ( - -5.904e+02 1 0)))))))
s>    ( QUESTION0_2_R 1 -8.980e+03 1.543e+02 3.718e+01
s>        ( - -3.954e+02 1 0)
s>        ( QUESTION0_9_R 1 -8.431e+03 1.266e+02 3.518e+01
s>            ( - -3.785e+02 1 0)
s>            ( QUESTION4 1 -7.925e+03 1.441e+02 3.318e+01
s>                ( - -8.183e+02 1 0)
s>                ( QUESTION15 1 -6.963e+03 1.236e+02 2.918e+01
s>                    ( - -6.475e+02 1 0)
s>                    ( QUESTION0_4_R 1 -6.192e+03 1.119e+02 2.618e+01
s>                        ( - -2.566e+03 1 0)
s>                        ( QUESTION0_1_R 1 -3.514e+03 1.138e+02 1.500e+01
s>                            ( QUESTION0 1 -2.810e+03 7.627e+01 1.200e+01
s>                                ( - -1.606e+03 1 0)
s>                                ( - -1.128e+03 1 0))
s>                            ( - -5.904e+02 1 0)))))))INFO: dtree.c(1439): stop. leaf nodes are specific
INFO: dtree.c(1478): Final simple tree
|( QUESTION5 1 -4.977e+04 1.891e+02 2.166e+02
|    ( - -2.902e+02 1 0)
|    ( QUESTION5 -1 -4.929e+04 1.790e+02 2.146e+02
|        ( QUESTION11 -1 -3.399e+03 1.419e+02 1.500e+01
|            ( - -1.013e+03 1 0)
|            ( - -2.244e+03 1 0))
|        ( SILENCE -1 -4.571e+04 1.629e+02 1.996e+02
|            ( - -2.804e+03 1 0)
|            ( WDBNDRY_B 0 -4.275e+04 1.456e+02 1.867e+02
|                ( - -4.181e+04 3 0)
|                ( - -7.891e+02 1 0)))))
s>    ( QUESTION5 1 -4.977e+04 1.891e+02 2.166e+02
s>        ( - -2.902e+02 1 0)
s>        ( QUESTION5 -1 -4.929e+04 1.790e+02 2.146e+02
s>            ( QUESTION11 -1 -3.399e+03 1.419e+02 1.500e+01
s>                ( - -1.013e+03 1 0)
s>                ( - -2.244e+03 1 0))
s>            ( SILENCE -1 -4.571e+04 1.629e+02 1.996e+02
s>                ( - -2.804e+03 1 0)
s>                ( WDBNDRY_B 0 -4.275e+04 1.456e+02 1.867e+02
s>                    ( - -4.181e+04 3 0)
s>                    ( - -7.891e+02 1 0)))))INFO: dtree.c(1315): Comp split 4
INFO: dtree.c(1439): stop. leaf nodes are specific
INFO: dtree.c(1478): Final simple tree
|( QUESTION0 -1 -6.925e+04 1.885e+02 3.053e+02
|    ( - -6.873e+04 3 0)
|    ( - -3.287e+02 1 0))
s>    ( QUESTION0 -1 -6.925e+04 1.885e+02 3.053e+02
s>        ( - -6.873e+04 3 0)
s>        ( - -3.287e+02 1 0))INFO: dtree.c(1315): Comp split 5
INFO: dtree.c(1439): stop. leaf nodes are specific
INFO: dtree.c(1478): Final simple tree
|( QUESTION0_13_R 1 -2.502e+04 9.024e+01 1.260e+02
|    ( - -8.723e+03 1 0)
|    ( - -1.621e+04 1 0))
s>    ( QUESTION0_13_R 1 -2.502e+04 9.024e+01 1.260e+02
s>        ( - -8.723e+03 1 0)
s>        ( - -1.621e+04 1 0))INFO: dtree.c(1315): Comp split 6
INFO: dtree.c(1439): stop. leaf nodes are specific
INFO: dtree.c(1478): Final simple tree
|( QUESTION5 -1 -4.929e+04 1.790e+02 2.146e+02
|    ( QUESTION11 -1 -3.399e+03 1.419e+02 1.500e+01
|        ( - -1.013e+03 1 0)
|        ( - -2.244e+03 1 0))
|    ( SILENCE -1 -4.571e+04 1.629e+02 1.996e+02
|        ( - -2.804e+03 1 0)
|        ( WDBNDRY_B 0 -4.275e+04 1.456e+02 1.867e+02
|            ( - -4.181e+04 3 0)
|            ( - -7.891e+02 1 0))))
s>    ( QUESTION5 -1 -4.929e+04 1.790e+02 2.146e+02
s>        ( QUESTION11 -1 -3.399e+03 1.419e+02 1.500e+01
s>            ( - -1.013e+03 1 0)
s>            ( - -2.244e+03 1 0))
s>        ( SILENCE -1 -4.571e+04 1.629e+02 1.996e+02
s>            ( - -2.804e+03 1 0)
s>            ( WDBNDRY_B 0 -4.275e+04 1.456e+02 1.867e+02
s>                ( - -4.181e+04 3 0)
s>                ( - -7.891e+02 1 0))))INFO: dtree.c(1315): Comp split 7
INFO: dtree.c(1315): Comp split 8
INFO: dtree.c(1439): stop. leaf nodes are specific
INFO: dtree.c(1478): Final simple tree
|( SILENCE -1 -4.571e+04 1.629e+02 1.996e+02
|    ( - -2.804e+03 1 0)
|    ( WDBNDRY_B 0 -4.275e+04 1.456e+02 1.867e+02
|        ( - -4.181e+04 3 0)
|        ( - -7.891e+02 1 0)))
s>    ( SILENCE -1 -4.571e+04 1.629e+02 1.996e+02
s>        ( - -2.804e+03 1 0)
s>        ( WDBNDRY_B 0 -4.275e+04 1.456e+02 1.867e+02
s>            ( - -4.181e+04 3 0)
s>            ( - -7.891e+02 1 0)))INFO: dtree.c(1439): stop. leaf nodes are specific
INFO: dtree.c(1478): Final simple tree
|( QUESTION11 -1 -3.399e+03 1.419e+02 1.500e+01
|    ( - -1.013e+03 1 0)
|    ( - -2.244e+03 1 0))
s>    ( QUESTION11 -1 -3.399e+03 1.419e+02 1.500e+01
s>        ( - -1.013e+03 1 0)
s>        ( - -2.244e+03 1 0))INFO: dtree.c(1315): Comp split 9
INFO: dtree.c(1439): stop. leaf nodes are specific
INFO: dtree.c(1478): Final simple tree
|( QUESTION0 -1 -1.087e+04 1.235e+02 5.134e+01
|    ( - -8.104e+03 1 0)
|    ( - -2.641e+03 1 0))
s>    ( QUESTION0 -1 -1.087e+04 1.235e+02 5.134e+01
s>        ( - -8.104e+03 1 0)
s>        ( - -2.641e+03 1 0))INFO: dtree.c(1439): stop. leaf nodes are specific
INFO: dtree.c(1478): Final simple tree
|( QUESTION2_9_L -1 -1.802e+04 1.501e+02 8.377e+01
|    ( - -2.426e+03 1 0)
|    ( QUESTION2_5_L -1 -1.545e+04 1.330e+02 7.177e+01
|        ( - -2.978e+03 1 0)
|        ( QUESTION4 -1 -1.234e+04 1.073e+02 5.778e+01
|            ( - -4.775e+03 1 0)
|            ( - -7.454e+03 1 0))))
s>    ( QUESTION2_9_L -1 -1.802e+04 1.501e+02 8.377e+01
s>        ( - -2.426e+03 1 0)
s>        ( QUESTION2_5_L -1 -1.545e+04 1.330e+02 7.177e+01
s>            ( - -2.978e+03 1 0)
s>            ( QUESTION4 -1 -1.234e+04 1.073e+02 5.778e+01
s>                ( - -4.775e+03 1 0)
s>                ( - -7.454e+03 1 0))))INFO: dtree.c(1315): Comp split 10
INFO: dtree.c(1439): stop. leaf nodes are specific
INFO: dtree.c(1478): Final simple tree
|( WDBNDRY_B 0 -4.275e+04 1.456e+02 1.867e+02
|    ( - -4.181e+04 3 0)
|    ( - -7.891e+02 1 0))
s>    ( WDBNDRY_B 0 -4.275e+04 1.456e+02 1.867e+02
s>        ( - -4.181e+04 3 0)
s>        ( - -7.891e+02 1 0))INFO: dtree.c(1315): Comp split 11
INFO: dtree.c(1439): stop. leaf nodes are specific
INFO: dtree.c(1478): Final simple tree
|( QUESTION0_9_R 1 -8.431e+03 1.266e+02 3.518e+01
|    ( - -3.785e+02 1 0)
|    ( QUESTION4 1 -7.925e+03 1.441e+02 3.318e+01
|        ( - -8.183e+02 1 0)
|        ( QUESTION15 1 -6.963e+03 1.236e+02 2.918e+01
|            ( - -6.475e+02 1 0)
|            ( QUESTION0_4_R 1 -6.192e+03 1.119e+02 2.618e+01
|                ( - -2.566e+03 1 0)
|                ( QUESTION0_1_R 1 -3.514e+03 1.138e+02 1.500e+01
|                    ( QUESTION0 1 -2.810e+03 7.627e+01 1.200e+01
|                        ( - -1.606e+03 1 0)
|                        ( - -1.128e+03 1 0))
|                    ( - -5.904e+02 1 0))))))
s>    ( QUESTION0_9_R 1 -8.431e+03 1.266e+02 3.518e+01
s>        ( - -3.785e+02 1 0)
s>        ( QUESTION4 1 -7.925e+03 1.441e+02 3.318e+01
s>            ( - -8.183e+02 1 0)
s>            ( QUESTION15 1 -6.963e+03 1.236e+02 2.918e+01
s>                ( - -6.475e+02 1 0)
s>                ( QUESTION0_4_R 1 -6.192e+03 1.119e+02 2.618e+01
s>                    ( - -2.566e+03 1 0)
s>                    ( QUESTION0_1_R 1 -3.514e+03 1.138e+02 1.500e+01
s>                        ( QUESTION0 1 -2.810e+03 7.627e+01 1.200e+01
s>                            ( - -1.606e+03 1 0)
s>                            ( - -1.128e+03 1 0))
s>                        ( - -5.904e+02 1 0))))))INFO: dtree.c(1315): Comp split 12
INFO: dtree.c(1439): stop. leaf nodes are specific
INFO: dtree.c(1478): Final simple tree
|( QUESTION2_5_L -1 -1.545e+04 1.330e+02 7.177e+01
|    ( - -2.978e+03 1 0)
|    ( QUESTION4 -1 -1.234e+04 1.073e+02 5.778e+01
|        ( - -4.775e+03 1 0)
|        ( - -7.454e+03 1 0)))
s>    ( QUESTION2_5_L -1 -1.545e+04 1.330e+02 7.177e+01
s>        ( - -2.978e+03 1 0)
s>        ( QUESTION4 -1 -1.234e+04 1.073e+02 5.778e+01
s>            ( - -4.775e+03 1 0)
s>            ( - -7.454e+03 1 0)))INFO: dtree.c(1315): Comp split 13
INFO: dtree.c(1439): stop. leaf nodes are specific
INFO: dtree.c(1478): Final simple tree
|( QUESTION0_9_R 1 -7.466e+03 1.247e+02 3.118e+01
|    ( - -3.785e+02 1 0)
|    ( QUESTION15 1 -6.963e+03 1.236e+02 2.918e+01
|        ( - -6.475e+02 1 0)
|        ( QUESTION0_4_R 1 -6.192e+03 1.119e+02 2.618e+01
|            ( - -2.566e+03 1 0)
|            ( QUESTION0_1_R 1 -3.514e+03 1.138e+02 1.500e+01
|                ( QUESTION0 1 -2.810e+03 7.627e+01 1.200e+01
|                    ( - -1.606e+03 1 0)
|                    ( - -1.128e+03 1 0))
|                ( - -5.904e+02 1 0)))))
s>    ( QUESTION0_9_R 1 -7.466e+03 1.247e+02 3.118e+01
s>        ( - -3.785e+02 1 0)
s>        ( QUESTION15 1 -6.963e+03 1.236e+02 2.918e+01
s>            ( - -6.475e+02 1 0)
s>            ( QUESTION0_4_R 1 -6.192e+03 1.119e+02 2.618e+01
s>                ( - -2.566e+03 1 0)
s>                ( QUESTION0_1_R 1 -3.514e+03 1.138e+02 1.500e+01
s>                    ( QUESTION0 1 -2.810e+03 7.627e+01 1.200e+01
s>                        ( - -1.606e+03 1 0)
s>                        ( - -1.128e+03 1 0))
s>                    ( - -5.904e+02 1 0)))))INFO: dtree.c(1315): Comp split 14
INFO: dtree.c(1315): Comp split 15
INFO: dtree.c(1315): Comp split 16
INFO: dtree.c(1439): stop. leaf nodes are specific
INFO: dtree.c(1478): Final simple tree
|( QUESTION4 -1 -1.234e+04 1.073e+02 5.778e+01
|    ( - -4.775e+03 1 0)
|    ( - -7.454e+03 1 0))
s>    ( QUESTION4 -1 -1.234e+04 1.073e+02 5.778e+01
s>        ( - -4.775e+03 1 0)
s>        ( - -7.454e+03 1 0))INFO: dtree.c(1315): Comp split 17
INFO: dtree.c(1439): stop. leaf nodes are specific
INFO: dtree.c(1478): Final simple tree
|( QUESTION15 1 -6.963e+03 1.236e+02 2.918e+01
|    ( - -6.475e+02 1 0)
|    ( QUESTION0_4_R 1 -6.192e+03 1.119e+02 2.618e+01
|        ( - -2.566e+03 1 0)
|        ( QUESTION0_1_R 1 -3.514e+03 1.138e+02 1.500e+01
|            ( QUESTION0 1 -2.810e+03 7.627e+01 1.200e+01
|                ( - -1.606e+03 1 0)
|                ( - -1.128e+03 1 0))
|            ( - -5.904e+02 1 0))))
s>    ( QUESTION15 1 -6.963e+03 1.236e+02 2.918e+01
s>        ( - -6.475e+02 1 0)
s>        ( QUESTION0_4_R 1 -6.192e+03 1.119e+02 2.618e+01
s>            ( - -2.566e+03 1 0)
s>            ( QUESTION0_1_R 1 -3.514e+03 1.138e+02 1.500e+01
s>                ( QUESTION0 1 -2.810e+03 7.627e+01 1.200e+01
s>                    ( - -1.606e+03 1 0)
s>                    ( - -1.128e+03 1 0))
s>                ( - -5.904e+02 1 0))))INFO: dtree.c(1315): Comp split 18
INFO: dtree.c(1439): stop. leaf nodes are specific
INFO: dtree.c(1478): Final simple tree
|( QUESTION0_4_R 1 -6.192e+03 1.119e+02 2.618e+01
|    ( - -2.566e+03 1 0)
|    ( QUESTION0_1_R 1 -3.514e+03 1.138e+02 1.500e+01
|        ( QUESTION0 1 -2.810e+03 7.627e+01 1.200e+01
|            ( - -1.606e+03 1 0)
|            ( - -1.128e+03 1 0))
|        ( - -5.904e+02 1 0)))
s>    ( QUESTION0_4_R 1 -6.192e+03 1.119e+02 2.618e+01
s>        ( - -2.566e+03 1 0)
s>        ( QUESTION0_1_R 1 -3.514e+03 1.138e+02 1.500e+01
s>            ( QUESTION0 1 -2.810e+03 7.627e+01 1.200e+01
s>                ( - -1.606e+03 1 0)
s>                ( - -1.128e+03 1 0))
s>            ( - -5.904e+02 1 0)))INFO: dtree.c(1315): Comp split 19
INFO: dtree.c(1315): Comp split 20
INFO: dtree.c(1439): stop. leaf nodes are specific
INFO: dtree.c(1478): Final simple tree
|( QUESTION0_1_R 1 -3.514e+03 1.138e+02 1.500e+01
|    ( QUESTION0 1 -2.810e+03 7.627e+01 1.200e+01
|        ( - -1.606e+03 1 0)
|        ( - -1.128e+03 1 0))
|    ( - -5.904e+02 1 0))
s>    ( QUESTION0_1_R 1 -3.514e+03 1.138e+02 1.500e+01
s>        ( QUESTION0 1 -2.810e+03 7.627e+01 1.200e+01
s>            ( - -1.606e+03 1 0)
s>            ( - -1.128e+03 1 0))
s>        ( - -5.904e+02 1 0))INFO: dtree.c(1315): Comp split 21
INFO: dtree.c(1439): stop. leaf nodes are specific
INFO: dtree.c(1478): Final simple tree
|( QUESTION0 1 -2.810e+03 7.627e+01 1.200e+01
|    ( - -1.606e+03 1 0)
|    ( - -1.128e+03 1 0))
s>    ( QUESTION0 1 -2.810e+03 7.627e+01 1.200e+01
s>        ( - -1.606e+03 1 0)
s>        ( - -1.128e+03 1 0))INFO: dtree.c(1315): Comp split 22
INFO: dtree.c(1315): Comp split 23
INFO: dtree.c(1315): Comp split 24
INFO: dtree.c(1315): Comp split 25
INFO: dtree.c(1318): stop. leaf nodes are specific
Mon Jan 30 07:35:50 2017
