Current configuration:
[NAME]		[DEFLT]	[VALUE]
-allphones	no	no
-cntthresh	0.00001	1.000000e-05
-csplitmax	100	2000
-csplitmin	1	1
-csplitthr	8e-4	0.000000e+00
-example	no	no
-fullvar	no	no
-help		no	no
-meanfn			/Users/benroye/forge/cmusphinx/voiceVim/model_parameters/voiceVim.cd_cont_untied/means
-mixwfn			/Users/benroye/forge/cmusphinx/voiceVim/model_parameters/voiceVim.cd_cont_untied/mixture_weights
-moddeffn		/Users/benroye/forge/cmusphinx/voiceVim/model_architecture/voiceVim.untied.mdef
-mwfloor	1e-4	1.000000e-08
-phone			dh
-psetfn			/Users/benroye/forge/cmusphinx/voiceVim/model_architecture/voiceVim.tree_questions
-ssplitmax	5	7
-ssplitmin	1	1
-ssplitthr	8e-4	0.000000e+00
-state			2
-stwt			1.0,0.05,0.0,
-treefn			/Users/benroye/forge/cmusphinx/voiceVim/trees/voiceVim.unpruned/dh-2.dtree
-ts2cbfn	.semi.	.cont.
-varfloor	0.00001	1.000000e-05
-varfn			/Users/benroye/forge/cmusphinx/voiceVim/model_parameters/voiceVim.cd_cont_untied/variances

INFO: main.c(223): Reading: /Users/benroye/forge/cmusphinx/voiceVim/model_architecture/voiceVim.untied.mdef
INFO: model_def_io.c(573): Model definition info:
INFO: model_def_io.c(574): 2249 total models defined (39 base, 2210 tri)
INFO: model_def_io.c(575): 8996 total states
INFO: model_def_io.c(576): 6747 total tied states
INFO: model_def_io.c(577): 117 total tied CI states
INFO: model_def_io.c(578): 39 total tied transition matrices
INFO: model_def_io.c(579): 4 max state/model
INFO: model_def_io.c(580): 4 min state/model
INFO: main.c(242): Building trees for [dh SIL f b] through [dh x l b]
INFO: main.c(269): Covering states |[903 956]| == 54
INFO: main.c(275): Reading: /Users/benroye/forge/cmusphinx/voiceVim/model_parameters/voiceVim.cd_cont_untied/mixture_weights
INFO: s3mixw_io.c(173): Read /Users/benroye/forge/cmusphinx/voiceVim/model_parameters/voiceVim.cd_cont_untied/mixture_weights [54x1x1 array]
INFO: main.c(311): 18 of 18 models have observation count greater than 0.000010
INFO: main.c(95): nrm stwt: 0.000 0.048 0.952 
INFO: s3gau_io.c(169): Read /Users/benroye/forge/cmusphinx/voiceVim/model_parameters/voiceVim.cd_cont_untied/means [6747x1x1 array]
INFO: s3gau_io.c(169): Read /Users/benroye/forge/cmusphinx/voiceVim/model_parameters/voiceVim.cd_cont_untied/variances [6747x1x1 array]
INFO: main.c(549): Reading: /Users/benroye/forge/cmusphinx/voiceVim/model_architecture/voiceVim.tree_questions
INFO: main.c(588): 174 total simple questions (166 phone; 8 word bndry)
INFO: main.c(590): 40 Left Only questions, and 42 Right Only questions
INFO: dtree.c(1478): Final simple tree
|( QUESTION0_1_R 1 -3.649e+04 2.675e+02 1.601e+02
|    ( QUESTION0 -1 -2.035e+03 4.836e+02 9.000e+00
|        ( - 2.422e+02 1 0)
|        ( QUESTION5 -1 -1.793e+03 4.145e+02 8.000e+00
|            ( - 1.924e+02 1 0)
|            ( SILENCE -1 -1.571e+03 1.637e+02 7.000e+00
|                ( - -3.223e+02 1 0)
|                ( - -1.085e+03 1 0))))
|    ( QUESTION1 -1 -3.419e+04 1.734e+02 1.511e+02
|        ( - -9.877e+02 1 0)
|        ( QUESTION7 -1 -3.302e+04 1.479e+02 1.461e+02
|            ( - -7.248e+02 1 0)
|            ( QUESTION0 -1 -3.215e+04 1.393e+02 1.421e+02
|                ( - -1.187e+04 3 0)
|                ( - -2.014e+04 9 0 QUESTION6 -1 1.314e+02 8.948e+01)))))
s>    ( QUESTION0_1_R 1 -3.649e+04 2.675e+02 1.601e+02
s>        ( QUESTION0 -1 -2.035e+03 4.836e+02 9.000e+00
s>            ( - 2.422e+02 1 0)
s>            ( QUESTION5 -1 -1.793e+03 4.145e+02 8.000e+00
s>                ( - 1.924e+02 1 0)
s>                ( SILENCE -1 -1.571e+03 1.637e+02 7.000e+00
s>                    ( - -3.223e+02 1 0)
s>                    ( - -1.085e+03 1 0))))
s>        ( QUESTION1 -1 -3.419e+04 1.734e+02 1.511e+02
s>            ( - -9.877e+02 1 0)
s>            ( QUESTION7 -1 -3.302e+04 1.479e+02 1.461e+02
s>                ( - -7.248e+02 1 0)
s>                ( QUESTION0 -1 -3.215e+04 1.393e+02 1.421e+02
s>                    ( - -1.187e+04 3 0)
s>                    ( - -2.014e+04 9 0 QUESTION6 -1 1.314e+02 8.948e+01)))))INFO: dtree.c(1315): Comp split 0
INFO: dtree.c(1478): Final simple tree
|( QUESTION0_1_R 1 -3.625e+04 2.687e+02 1.591e+02
|    ( QUESTION5 -1 -1.793e+03 4.145e+02 8.000e+00
|        ( - 1.924e+02 1 0)
|        ( SILENCE -1 -1.571e+03 1.637e+02 7.000e+00
|            ( - -3.223e+02 1 0)
|            ( - -1.085e+03 1 0)))
|    ( QUESTION1 -1 -3.419e+04 1.734e+02 1.511e+02
|        ( - -9.877e+02 1 0)
|        ( QUESTION7 -1 -3.302e+04 1.479e+02 1.461e+02
|            ( - -7.248e+02 1 0)
|            ( QUESTION0 -1 -3.215e+04 1.393e+02 1.421e+02
|                ( - -1.187e+04 3 0)
|                ( QUESTION6 -1 -2.014e+04 1.314e+02 8.948e+01
|                    ( - -8.762e+02 1 0)
|                    ( - -1.914e+04 8 0 QUESTION19 -1 1.303e+02 8.548e+01))))))
s>    ( QUESTION0_1_R 1 -3.625e+04 2.687e+02 1.591e+02
s>        ( QUESTION5 -1 -1.793e+03 4.145e+02 8.000e+00
s>            ( - 1.924e+02 1 0)
s>            ( SILENCE -1 -1.571e+03 1.637e+02 7.000e+00
s>                ( - -3.223e+02 1 0)
s>                ( - -1.085e+03 1 0)))
s>        ( QUESTION1 -1 -3.419e+04 1.734e+02 1.511e+02
s>            ( - -9.877e+02 1 0)
s>            ( QUESTION7 -1 -3.302e+04 1.479e+02 1.461e+02
s>                ( - -7.248e+02 1 0)
s>                ( QUESTION0 -1 -3.215e+04 1.393e+02 1.421e+02
s>                    ( - -1.187e+04 3 0)
s>                    ( QUESTION6 -1 -2.014e+04 1.314e+02 8.948e+01
s>                        ( - -8.762e+02 1 0)
s>                        ( - -1.914e+04 8 0 QUESTION19 -1 1.303e+02 8.548e+01))))))INFO: dtree.c(1315): Comp split 1
INFO: dtree.c(1478): Final simple tree
|( QUESTION0_1_R 1 -3.599e+04 2.338e+02 1.581e+02
|    ( SILENCE -1 -1.571e+03 1.637e+02 7.000e+00
|        ( - -3.223e+02 1 0)
|        ( - -1.085e+03 1 0))
|    ( QUESTION1 -1 -3.419e+04 1.734e+02 1.511e+02
|        ( - -9.877e+02 1 0)
|        ( QUESTION7 -1 -3.302e+04 1.479e+02 1.461e+02
|            ( - -7.248e+02 1 0)
|            ( QUESTION0 -1 -3.215e+04 1.393e+02 1.421e+02
|                ( - -1.187e+04 3 0)
|                ( QUESTION6 -1 -2.014e+04 1.314e+02 8.948e+01
|                    ( - -8.762e+02 1 0)
|                    ( QUESTION19 -1 -1.914e+04 1.303e+02 8.548e+01
|                        ( - -1.985e+03 1 0)
|                        ( - -1.702e+04 7 0 QUESTION2_19_L -1 1.243e+02 7.677e+01)))))))
s>    ( QUESTION0_1_R 1 -3.599e+04 2.338e+02 1.581e+02
s>        ( SILENCE -1 -1.571e+03 1.637e+02 7.000e+00
s>            ( - -3.223e+02 1 0)
s>            ( - -1.085e+03 1 0))
s>        ( QUESTION1 -1 -3.419e+04 1.734e+02 1.511e+02
s>            ( - -9.877e+02 1 0)
s>            ( QUESTION7 -1 -3.302e+04 1.479e+02 1.461e+02
s>                ( - -7.248e+02 1 0)
s>                ( QUESTION0 -1 -3.215e+04 1.393e+02 1.421e+02
s>                    ( - -1.187e+04 3 0)
s>                    ( QUESTION6 -1 -2.014e+04 1.314e+02 8.948e+01
s>                        ( - -8.762e+02 1 0)
s>                        ( QUESTION19 -1 -1.914e+04 1.303e+02 8.548e+01
s>                            ( - -1.985e+03 1 0)
s>                            ( - -1.702e+04 7 0 QUESTION2_19_L -1 1.243e+02 7.677e+01)))))))INFO: dtree.c(1315): Comp split 2
INFO: dtree.c(1478): Final simple tree
|( QUESTION1 -1 -3.419e+04 1.734e+02 1.511e+02
|    ( - -9.877e+02 1 0)
|    ( QUESTION7 -1 -3.302e+04 1.479e+02 1.461e+02
|        ( - -7.248e+02 1 0)
|        ( QUESTION0 -1 -3.215e+04 1.393e+02 1.421e+02
|            ( - -1.187e+04 3 0)
|            ( QUESTION6 -1 -2.014e+04 1.314e+02 8.948e+01
|                ( - -8.762e+02 1 0)
|                ( QUESTION19 -1 -1.914e+04 1.303e+02 8.548e+01
|                    ( - -1.985e+03 1 0)
|                    ( QUESTION2_19_L -1 -1.702e+04 1.243e+02 7.677e+01
|                        ( - -2.876e+03 3 0)
|                        ( QUESTION2_3_L -1 -1.402e+04 1.169e+02 6.377e+01
|                            ( - -7.226e+02 1 0)
|                            ( - -1.318e+04 3 0 QUESTION4 -1 1.138e+02 5.977e+01))))))))
s>    ( QUESTION1 -1 -3.419e+04 1.734e+02 1.511e+02
s>        ( - -9.877e+02 1 0)
s>        ( QUESTION7 -1 -3.302e+04 1.479e+02 1.461e+02
s>            ( - -7.248e+02 1 0)
s>            ( QUESTION0 -1 -3.215e+04 1.393e+02 1.421e+02
s>                ( - -1.187e+04 3 0)
s>                ( QUESTION6 -1 -2.014e+04 1.314e+02 8.948e+01
s>                    ( - -8.762e+02 1 0)
s>                    ( QUESTION19 -1 -1.914e+04 1.303e+02 8.548e+01
s>                        ( - -1.985e+03 1 0)
s>                        ( QUESTION2_19_L -1 -1.702e+04 1.243e+02 7.677e+01
s>                            ( - -2.876e+03 3 0)
s>                            ( QUESTION2_3_L -1 -1.402e+04 1.169e+02 6.377e+01
s>                                ( - -7.226e+02 1 0)
s>                                ( - -1.318e+04 3 0 QUESTION4 -1 1.138e+02 5.977e+01))))))))INFO: dtree.c(1439): stop. leaf nodes are specific
INFO: dtree.c(1478): Final simple tree
|( SILENCE -1 -1.571e+03 1.637e+02 7.000e+00
|    ( - -3.223e+02 1 0)
|    ( - -1.085e+03 1 0))
s>    ( SILENCE -1 -1.571e+03 1.637e+02 7.000e+00
s>        ( - -3.223e+02 1 0)
s>        ( - -1.085e+03 1 0))INFO: dtree.c(1315): Comp split 3
INFO: dtree.c(1439): stop. leaf nodes are specific
INFO: dtree.c(1478): Final simple tree
|( QUESTION6 -1 -1.700e+04 1.409e+02 7.649e+01
|    ( - -7.248e+02 1 0)
|    ( QUESTION19 -1 -1.614e+04 1.306e+02 7.249e+01
|        ( - -1.985e+03 1 0)
|        ( QUESTION2_3_L -1 -1.402e+04 1.169e+02 6.377e+01
|            ( - -7.226e+02 1 0)
|            ( QUESTION4 -1 -1.318e+04 1.138e+02 5.977e+01
|                ( - -7.532e+02 1 0)
|                ( SILENCE -1 -1.231e+04 9.224e+01 5.577e+01
|                    ( - -1.219e+03 1 0)
|                    ( - -1.100e+04 1 0))))))
s>    ( QUESTION6 -1 -1.700e+04 1.409e+02 7.649e+01
s>        ( - -7.248e+02 1 0)
s>        ( QUESTION19 -1 -1.614e+04 1.306e+02 7.249e+01
s>            ( - -1.985e+03 1 0)
s>            ( QUESTION2_3_L -1 -1.402e+04 1.169e+02 6.377e+01
s>                ( - -7.226e+02 1 0)
s>                ( QUESTION4 -1 -1.318e+04 1.138e+02 5.977e+01
s>                    ( - -7.532e+02 1 0)
s>                    ( SILENCE -1 -1.231e+04 9.224e+01 5.577e+01
s>                        ( - -1.219e+03 1 0)
s>                        ( - -1.100e+04 1 0))))))INFO: dtree.c(1439): stop. leaf nodes are specific
INFO: dtree.c(1478): Final simple tree
|( QUESTION1 -1 -1.699e+04 1.643e+02 7.462e+01
|    ( - -9.877e+02 1 0)
|    ( QUESTION5 -1 -1.584e+04 1.210e+02 6.962e+01
|        ( - -8.762e+02 1 0)
|        ( QUESTION0 -1 -1.484e+04 9.674e+01 6.562e+01
|            ( - -1.187e+04 3 0)
|            ( - -2.876e+03 3 0))))
s>    ( QUESTION1 -1 -1.699e+04 1.643e+02 7.462e+01
s>        ( - -9.877e+02 1 0)
s>        ( QUESTION5 -1 -1.584e+04 1.210e+02 6.962e+01
s>            ( - -8.762e+02 1 0)
s>            ( QUESTION0 -1 -1.484e+04 9.674e+01 6.562e+01
s>                ( - -1.187e+04 3 0)
s>                ( - -2.876e+03 3 0))))INFO: dtree.c(1315): Comp split 4
INFO: dtree.c(1439): stop. leaf nodes are specific
INFO: dtree.c(1478): Final simple tree
|( QUESTION5 -1 -1.584e+04 1.210e+02 6.962e+01
|    ( - -8.762e+02 1 0)
|    ( QUESTION0 -1 -1.484e+04 9.674e+01 6.562e+01
|        ( - -1.187e+04 3 0)
|        ( - -2.876e+03 3 0)))
s>    ( QUESTION5 -1 -1.584e+04 1.210e+02 6.962e+01
s>        ( - -8.762e+02 1 0)
s>        ( QUESTION0 -1 -1.484e+04 9.674e+01 6.562e+01
s>            ( - -1.187e+04 3 0)
s>            ( - -2.876e+03 3 0)))INFO: dtree.c(1315): Comp split 5
INFO: dtree.c(1315): Comp split 6
INFO: dtree.c(1439): stop. leaf nodes are specific
INFO: dtree.c(1478): Final simple tree
|( QUESTION19 -1 -1.398e+04 1.310e+02 6.252e+01
|    ( - -1.985e+03 1 0)
|    ( QUESTION4 -1 -1.187e+04 1.130e+02 5.381e+01
|        ( - -7.532e+02 1 0)
|        ( - -1.100e+04 1 0)))
s>    ( QUESTION19 -1 -1.398e+04 1.310e+02 6.252e+01
s>        ( - -1.985e+03 1 0)
s>        ( QUESTION4 -1 -1.187e+04 1.130e+02 5.381e+01
s>            ( - -7.532e+02 1 0)
s>            ( - -1.100e+04 1 0)))INFO: dtree.c(1439): stop. leaf nodes are specific
INFO: dtree.c(1478): Final simple tree
|( QUESTION4 -1 -2.876e+03 1.086e+02 1.396e+01
|    ( - -7.226e+02 1 0)
|    ( SILENCE -1 -2.044e+03 1.002e+02 9.962e+00
|        ( - -1.219e+03 1 0)
|        ( - -7.248e+02 1 0)))
s>    ( QUESTION4 -1 -2.876e+03 1.086e+02 1.396e+01
s>        ( - -7.226e+02 1 0)
s>        ( SILENCE -1 -2.044e+03 1.002e+02 9.962e+00
s>            ( - -1.219e+03 1 0)
s>            ( - -7.248e+02 1 0)))INFO: dtree.c(1315): Comp split 7
INFO: dtree.c(1439): stop. leaf nodes are specific
INFO: dtree.c(1478): Final simple tree
|( QUESTION4 -1 -1.187e+04 1.130e+02 5.381e+01
|    ( - -7.532e+02 1 0)
|    ( - -1.100e+04 1 0))
s>    ( QUESTION4 -1 -1.187e+04 1.130e+02 5.381e+01
s>        ( - -7.532e+02 1 0)
s>        ( - -1.100e+04 1 0))INFO: dtree.c(1315): Comp split 8
INFO: dtree.c(1439): stop. leaf nodes are specific
INFO: dtree.c(1478): Final simple tree
|( QUESTION0 -1 -1.484e+04 9.674e+01 6.562e+01
|    ( - -1.187e+04 3 0)
|    ( - -2.876e+03 3 0))
s>    ( QUESTION0 -1 -1.484e+04 9.674e+01 6.562e+01
s>        ( - -1.187e+04 3 0)
s>        ( - -2.876e+03 3 0))INFO: dtree.c(1315): Comp split 9
INFO: dtree.c(1315): Comp split 10
INFO: dtree.c(1439): stop. leaf nodes are specific
INFO: dtree.c(1478): Final simple tree
|( SILENCE -1 -2.044e+03 1.002e+02 9.962e+00
|    ( - -1.219e+03 1 0)
|    ( - -7.248e+02 1 0))
s>    ( SILENCE -1 -2.044e+03 1.002e+02 9.962e+00
s>        ( - -1.219e+03 1 0)
s>        ( - -7.248e+02 1 0))INFO: dtree.c(1315): Comp split 11
INFO: dtree.c(1315): Comp split 12
INFO: dtree.c(1315): Comp split 13
INFO: dtree.c(1318): stop. leaf nodes are specific
Mon Jan 30 07:35:45 2017
