Current configuration:
[NAME]		[DEFLT]	[VALUE]
-allphones	no	no
-cntthresh	0.00001	1.000000e-05
-csplitmax	100	2000
-csplitmin	1	1
-csplitthr	8e-4	0.000000e+00
-example	no	no
-fullvar	no	no
-help		no	no
-meanfn			/Users/benroye/forge/cmusphinx/voiceVim/model_parameters/voiceVim.cd_cont_untied/means
-mixwfn			/Users/benroye/forge/cmusphinx/voiceVim/model_parameters/voiceVim.cd_cont_untied/mixture_weights
-moddeffn		/Users/benroye/forge/cmusphinx/voiceVim/model_architecture/voiceVim.untied.mdef
-mwfloor	1e-4	1.000000e-08
-phone			e
-psetfn			/Users/benroye/forge/cmusphinx/voiceVim/model_architecture/voiceVim.tree_questions
-ssplitmax	5	7
-ssplitmin	1	1
-ssplitthr	8e-4	0.000000e+00
-state			0
-stwt			1.0,0.05,0.0,
-treefn			/Users/benroye/forge/cmusphinx/voiceVim/trees/voiceVim.unpruned/e-0.dtree
-ts2cbfn	.semi.	.cont.
-varfloor	0.00001	1.000000e-05
-varfn			/Users/benroye/forge/cmusphinx/voiceVim/model_parameters/voiceVim.cd_cont_untied/variances

INFO: main.c(223): Reading: /Users/benroye/forge/cmusphinx/voiceVim/model_architecture/voiceVim.untied.mdef
INFO: model_def_io.c(573): Model definition info:
INFO: model_def_io.c(574): 2249 total models defined (39 base, 2210 tri)
INFO: model_def_io.c(575): 8996 total states
INFO: model_def_io.c(576): 6747 total tied states
INFO: model_def_io.c(577): 117 total tied CI states
INFO: model_def_io.c(578): 39 total tied transition matrices
INFO: model_def_io.c(579): 4 max state/model
INFO: model_def_io.c(580): 4 min state/model
INFO: main.c(242): Building trees for [e SIL k b] through [e z s b]
INFO: main.c(269): Covering states |[957 1208]| == 252
INFO: main.c(275): Reading: /Users/benroye/forge/cmusphinx/voiceVim/model_parameters/voiceVim.cd_cont_untied/mixture_weights
INFO: s3mixw_io.c(173): Read /Users/benroye/forge/cmusphinx/voiceVim/model_parameters/voiceVim.cd_cont_untied/mixture_weights [252x1x1 array]
INFO: main.c(311): 84 of 84 models have observation count greater than 0.000010
INFO: main.c(95): nrm stwt: 0.952 0.048 0.000 
INFO: s3gau_io.c(169): Read /Users/benroye/forge/cmusphinx/voiceVim/model_parameters/voiceVim.cd_cont_untied/means [6747x1x1 array]
INFO: s3gau_io.c(169): Read /Users/benroye/forge/cmusphinx/voiceVim/model_parameters/voiceVim.cd_cont_untied/variances [6747x1x1 array]
INFO: main.c(549): Reading: /Users/benroye/forge/cmusphinx/voiceVim/model_architecture/voiceVim.tree_questions
INFO: main.c(588): 174 total simple questions (166 phone; 8 word bndry)
INFO: main.c(590): 40 Left Only questions, and 42 Right Only questions
INFO: dtree.c(1478): Final simple tree
|( WDBNDRY_B 0 -1.021e+06 1.271e+04 4.453e+03
|    ( - -5.228e+05 63 0 QUESTION0_10_R 1 2.170e+03 2.329e+03)
|    ( QUESTION2_2_L -1 -4.858e+05 9.240e+03 2.125e+03
|        ( QUESTION2_3_L -1 -2.490e+05 5.981e+03 1.146e+03
|            ( - -6.812e+04 3 0 QUESTION0_1_R 1 9.412e+02 3.244e+02)
|            ( QUESTION2_10_L -1 -1.749e+05 4.687e+03 8.220e+02
|                ( QUESTION0 1 -1.035e+05 2.715e+03 5.139e+02
|                    ( - -4.076e+04 1 0)
|                    ( - -6.000e+04 1 0))
|                ( - -6.671e+04 5 0 QUESTION2 1 9.227e+02 3.081e+02)))
|        ( QUESTION0_13_R 1 -2.275e+05 2.288e+03 9.783e+02
|            ( - -7.178e+04 3 0 QUESTION0 -1 1.531e+03 3.212e+02)
|            ( QUESTION4 1 -1.535e+05 3.675e+03 6.571e+02
|                ( - -3.380e+04 1 0)
|                ( - -1.160e+05 7 0 QUESTION2 -1 1.039e+03 4.953e+02)))))
s>    ( WDBNDRY_B 0 -1.021e+06 1.271e+04 4.453e+03
s>        ( - -5.228e+05 63 0 QUESTION0_10_R 1 2.170e+03 2.329e+03)
s>        ( QUESTION2_2_L -1 -4.858e+05 9.240e+03 2.125e+03
s>            ( QUESTION2_3_L -1 -2.490e+05 5.981e+03 1.146e+03
s>                ( - -6.812e+04 3 0 QUESTION0_1_R 1 9.412e+02 3.244e+02)
s>                ( QUESTION2_10_L -1 -1.749e+05 4.687e+03 8.220e+02
s>                    ( QUESTION0 1 -1.035e+05 2.715e+03 5.139e+02
s>                        ( - -4.076e+04 1 0)
s>                        ( - -6.000e+04 1 0))
s>                    ( - -6.671e+04 5 0 QUESTION2 1 9.227e+02 3.081e+02)))
s>            ( QUESTION0_13_R 1 -2.275e+05 2.288e+03 9.783e+02
s>                ( - -7.178e+04 3 0 QUESTION0 -1 1.531e+03 3.212e+02)
s>                ( QUESTION4 1 -1.535e+05 3.675e+03 6.571e+02
s>                    ( - -3.380e+04 1 0)
s>                    ( - -1.160e+05 7 0 QUESTION2 -1 1.039e+03 4.953e+02)))))INFO: dtree.c(1315): Comp split 0
INFO: dtree.c(1478): Final simple tree
|( QUESTION2_3_L -1 -2.490e+05 5.981e+03 1.146e+03
|    ( QUESTION0_1_R 1 -6.812e+04 9.412e+02 3.244e+02
|        ( QUESTION0_2_R 1 -1.350e+04 3.200e+02 6.422e+01
|            ( - -2.814e+03 1 0)
|            ( - -1.036e+04 1 0))
|        ( - -5.368e+04 1 0))
|    ( QUESTION2_10_L -1 -1.749e+05 4.687e+03 8.220e+02
|        ( QUESTION0 1 -1.035e+05 2.715e+03 5.139e+02
|            ( - -4.076e+04 1 0)
|            ( - -6.000e+04 1 0))
|        ( QUESTION2 1 -6.671e+04 9.227e+02 3.081e+02
|            ( - -3.985e+04 2 0 QUESTION0_2_R 1 1.043e+02 1.858e+02)
|            ( QUESTION4 -1 -2.594e+04 5.669e+02 1.223e+02
|                ( - -1.974e+04 2 0 QUESTION0_1_R 1 1.367e+02 9.404e+01)
|                ( - -5.632e+03 1 0)))))
s>    ( QUESTION2_3_L -1 -2.490e+05 5.981e+03 1.146e+03
s>        ( QUESTION0_1_R 1 -6.812e+04 9.412e+02 3.244e+02
s>            ( QUESTION0_2_R 1 -1.350e+04 3.200e+02 6.422e+01
s>                ( - -2.814e+03 1 0)
s>                ( - -1.036e+04 1 0))
s>            ( - -5.368e+04 1 0))
s>        ( QUESTION2_10_L -1 -1.749e+05 4.687e+03 8.220e+02
s>            ( QUESTION0 1 -1.035e+05 2.715e+03 5.139e+02
s>                ( - -4.076e+04 1 0)
s>                ( - -6.000e+04 1 0))
s>            ( QUESTION2 1 -6.671e+04 9.227e+02 3.081e+02
s>                ( - -3.985e+04 2 0 QUESTION0_2_R 1 1.043e+02 1.858e+02)
s>                ( QUESTION4 -1 -2.594e+04 5.669e+02 1.223e+02
s>                    ( - -1.974e+04 2 0 QUESTION0_1_R 1 1.367e+02 9.404e+01)
s>                    ( - -5.632e+03 1 0)))))INFO: dtree.c(1478): Final simple tree
|( WDBNDRY_B 0 -7.577e+05 7.372e+03 3.307e+03
|    ( QUESTION0_10_R 1 -5.228e+05 2.170e+03 2.329e+03
|        ( - -7.614e+04 17 0 QUESTION2 -1 4.775e+02 3.481e+02)
|        ( QUESTION2_1_L -1 -4.445e+05 1.587e+03 1.981e+03
|            ( - -1.051e+05 18 0 QUESTION0_2_R 1 5.666e+02 4.601e+02)
|            ( - -3.378e+05 28 0 QUESTION5 1 8.945e+02 1.520e+03)))
|    ( QUESTION0_13_R 1 -2.275e+05 2.288e+03 9.783e+02
|        ( QUESTION0 -1 -7.178e+04 1.531e+03 3.212e+02
|            ( - -3.159e+04 2 0)
|            ( - -3.866e+04 1 0))
|        ( QUESTION4 1 -1.535e+05 3.675e+03 6.571e+02
|            ( - -3.380e+04 1 0)
|            ( QUESTION2 -1 -1.160e+05 1.039e+03 4.953e+02
|                ( - -8.820e+04 3 0 QUESTION0_2_R 1 1.011e+03 3.825e+02)
|                ( - -2.675e+04 4 0 QUESTION13 -1 7.359e+02 1.128e+02)))))
s>    ( WDBNDRY_B 0 -7.577e+05 7.372e+03 3.307e+03
s>        ( QUESTION0_10_R 1 -5.228e+05 2.170e+03 2.329e+03
s>            ( - -7.614e+04 17 0 QUESTION2 -1 4.775e+02 3.481e+02)
s>            ( QUESTION2_1_L -1 -4.445e+05 1.587e+03 1.981e+03
s>                ( - -1.051e+05 18 0 QUESTION0_2_R 1 5.666e+02 4.601e+02)
s>                ( - -3.378e+05 28 0 QUESTION5 1 8.945e+02 1.520e+03)))
s>        ( QUESTION0_13_R 1 -2.275e+05 2.288e+03 9.783e+02
s>            ( QUESTION0 -1 -7.178e+04 1.531e+03 3.212e+02
s>                ( - -3.159e+04 2 0)
s>                ( - -3.866e+04 1 0))
s>            ( QUESTION4 1 -1.535e+05 3.675e+03 6.571e+02
s>                ( - -3.380e+04 1 0)
s>                ( QUESTION2 -1 -1.160e+05 1.039e+03 4.953e+02
s>                    ( - -8.820e+04 3 0 QUESTION0_2_R 1 1.011e+03 3.825e+02)
s>                    ( - -2.675e+04 4 0 QUESTION13 -1 7.359e+02 1.128e+02)))))INFO: dtree.c(1315): Comp split 1
INFO: dtree.c(1478): Final simple tree
|( QUESTION0_13_R 1 -2.275e+05 2.288e+03 9.783e+02
|    ( QUESTION0 -1 -7.178e+04 1.531e+03 3.212e+02
|        ( - -3.159e+04 2 0)
|        ( - -3.866e+04 1 0))
|    ( QUESTION4 1 -1.535e+05 3.675e+03 6.571e+02
|        ( - -3.380e+04 1 0)
|        ( QUESTION2 -1 -1.160e+05 1.039e+03 4.953e+02
|            ( QUESTION0_2_R 1 -8.820e+04 1.011e+03 3.825e+02
|                ( - -7.311e+04 1 0)
|                ( - -1.408e+04 2 0 QUESTION0_1_R 1 1.397e+02 6.011e+01))
|            ( QUESTION13 -1 -2.675e+04 7.359e+02 1.128e+02
|                ( - -1.037e+04 1 0)
|                ( QUESTION0_4_R 1 -1.565e+04 3.954e+02 6.863e+01
|                    ( - -3.156e+03 1 0)
|                    ( - -1.210e+04 2 0 QUESTION0_2_R 1 2.543e+02 5.407e+01))))))
s>    ( QUESTION0_13_R 1 -2.275e+05 2.288e+03 9.783e+02
s>        ( QUESTION0 -1 -7.178e+04 1.531e+03 3.212e+02
s>            ( - -3.159e+04 2 0)
s>            ( - -3.866e+04 1 0))
s>        ( QUESTION4 1 -1.535e+05 3.675e+03 6.571e+02
s>            ( - -3.380e+04 1 0)
s>            ( QUESTION2 -1 -1.160e+05 1.039e+03 4.953e+02
s>                ( QUESTION0_2_R 1 -8.820e+04 1.011e+03 3.825e+02
s>                    ( - -7.311e+04 1 0)
s>                    ( - -1.408e+04 2 0 QUESTION0_1_R 1 1.397e+02 6.011e+01))
s>                ( QUESTION13 -1 -2.675e+04 7.359e+02 1.128e+02
s>                    ( - -1.037e+04 1 0)
s>                    ( QUESTION0_4_R 1 -1.565e+04 3.954e+02 6.863e+01
s>                        ( - -3.156e+03 1 0)
s>                        ( - -1.210e+04 2 0 QUESTION0_2_R 1 2.543e+02 5.407e+01))))))INFO: dtree.c(1478): Final simple tree
|( QUESTION0_10_R 1 -5.228e+05 2.170e+03 2.329e+03
|    ( - -7.614e+04 17 0 QUESTION2 -1 4.775e+02 3.481e+02)
|    ( QUESTION2_1_L -1 -4.445e+05 1.587e+03 1.981e+03
|        ( QUESTION0_2_R 1 -1.051e+05 5.666e+02 4.601e+02
|            ( - -6.357e+04 6 0 QUESTION0 -1 1.597e+02 2.797e+02)
|            ( - -4.095e+04 12 0 QUESTION19 -1 3.298e+02 1.805e+02))
|        ( QUESTION5 1 -3.378e+05 8.945e+02 1.520e+03
|            ( QUESTION2_0_L -1 -2.533e+05 6.862e+02 1.145e+03
|                ( QUESTION2_18_L -1 -6.015e+04 4.792e+02 2.735e+02
|                    ( - -1.959e+04 2 0)
|                    ( - -4.008e+04 3 0 QUESTION2_3_L -1 3.976e+02 1.843e+02))
|                ( - -1.924e+05 12 0 QUESTION4 -1 3.100e+02 8.720e+02))
|            ( QUESTION11 -1 -8.362e+04 9.479e+02 3.750e+02
|                ( - -2.893e+04 1 0)
|                ( - -5.374e+04 10 0 QUESTION2_5_L -1 4.693e+02 2.369e+02)))))
s>    ( QUESTION0_10_R 1 -5.228e+05 2.170e+03 2.329e+03
s>        ( - -7.614e+04 17 0 QUESTION2 -1 4.775e+02 3.481e+02)
s>        ( QUESTION2_1_L -1 -4.445e+05 1.587e+03 1.981e+03
s>            ( QUESTION0_2_R 1 -1.051e+05 5.666e+02 4.601e+02
s>                ( - -6.357e+04 6 0 QUESTION0 -1 1.597e+02 2.797e+02)
s>                ( - -4.095e+04 12 0 QUESTION19 -1 3.298e+02 1.805e+02))
s>            ( QUESTION5 1 -3.378e+05 8.945e+02 1.520e+03
s>                ( QUESTION2_0_L -1 -2.533e+05 6.862e+02 1.145e+03
s>                    ( QUESTION2_18_L -1 -6.015e+04 4.792e+02 2.735e+02
s>                        ( - -1.959e+04 2 0)
s>                        ( - -4.008e+04 3 0 QUESTION2_3_L -1 3.976e+02 1.843e+02))
s>                    ( - -1.924e+05 12 0 QUESTION4 -1 3.100e+02 8.720e+02))
s>                ( QUESTION11 -1 -8.362e+04 9.479e+02 3.750e+02
s>                    ( - -2.893e+04 1 0)
s>                    ( - -5.374e+04 10 0 QUESTION2_5_L -1 4.693e+02 2.369e+02)))))INFO: dtree.c(1315): Comp split 2
INFO: dtree.c(1439): stop. leaf nodes are specific
INFO: dtree.c(1478): Final simple tree
|( QUESTION2_10_L -1 -1.749e+05 4.687e+03 8.220e+02
|    ( QUESTION0 1 -1.035e+05 2.715e+03 5.139e+02
|        ( - -4.076e+04 1 0)
|        ( - -6.000e+04 1 0))
|    ( QUESTION2 1 -6.671e+04 9.227e+02 3.081e+02
|        ( QUESTION0_2_R 1 -3.985e+04 1.043e+02 1.858e+02
|            ( - -3.934e+04 1 0)
|            ( - -4.067e+02 1 0))
|        ( QUESTION4 -1 -2.594e+04 5.669e+02 1.223e+02
|            ( QUESTION0_1_R 1 -1.974e+04 1.367e+02 9.404e+01
|                ( - -1.884e+04 1 0)
|                ( - -7.652e+02 1 0))
|            ( - -5.632e+03 1 0))))
s>    ( QUESTION2_10_L -1 -1.749e+05 4.687e+03 8.220e+02
s>        ( QUESTION0 1 -1.035e+05 2.715e+03 5.139e+02
s>            ( - -4.076e+04 1 0)
s>            ( - -6.000e+04 1 0))
s>        ( QUESTION2 1 -6.671e+04 9.227e+02 3.081e+02
s>            ( QUESTION0_2_R 1 -3.985e+04 1.043e+02 1.858e+02
s>                ( - -3.934e+04 1 0)
s>                ( - -4.067e+02 1 0))
s>            ( QUESTION4 -1 -2.594e+04 5.669e+02 1.223e+02
s>                ( QUESTION0_1_R 1 -1.974e+04 1.367e+02 9.404e+01
s>                    ( - -1.884e+04 1 0)
s>                    ( - -7.652e+02 1 0))
s>                ( - -5.632e+03 1 0))))INFO: dtree.c(1439): stop. leaf nodes are specific
INFO: dtree.c(1478): Final simple tree
|( QUESTION0_1_R 1 -6.812e+04 9.412e+02 3.244e+02
|    ( QUESTION0_2_R 1 -1.350e+04 3.200e+02 6.422e+01
|        ( - -2.814e+03 1 0)
|        ( - -1.036e+04 1 0))
|    ( - -5.368e+04 1 0))
s>    ( QUESTION0_1_R 1 -6.812e+04 9.412e+02 3.244e+02
s>        ( QUESTION0_2_R 1 -1.350e+04 3.200e+02 6.422e+01
s>            ( - -2.814e+03 1 0)
s>            ( - -1.036e+04 1 0))
s>        ( - -5.368e+04 1 0))INFO: dtree.c(1315): Comp split 3
INFO: dtree.c(1439): stop. leaf nodes are specific
INFO: dtree.c(1478): Final simple tree
|( QUESTION2 1 -6.671e+04 9.227e+02 3.081e+02
|    ( QUESTION0_2_R 1 -3.985e+04 1.043e+02 1.858e+02
|        ( - -3.934e+04 1 0)
|        ( - -4.067e+02 1 0))
|    ( QUESTION4 -1 -2.594e+04 5.669e+02 1.223e+02
|        ( QUESTION0_1_R 1 -1.974e+04 1.367e+02 9.404e+01
|            ( - -1.884e+04 1 0)
|            ( - -7.652e+02 1 0))
|        ( - -5.632e+03 1 0)))
s>    ( QUESTION2 1 -6.671e+04 9.227e+02 3.081e+02
s>        ( QUESTION0_2_R 1 -3.985e+04 1.043e+02 1.858e+02
s>            ( - -3.934e+04 1 0)
s>            ( - -4.067e+02 1 0))
s>        ( QUESTION4 -1 -2.594e+04 5.669e+02 1.223e+02
s>            ( QUESTION0_1_R 1 -1.974e+04 1.367e+02 9.404e+01
s>                ( - -1.884e+04 1 0)
s>                ( - -7.652e+02 1 0))
s>            ( - -5.632e+03 1 0)))INFO: dtree.c(1439): stop. leaf nodes are specific
INFO: dtree.c(1478): Final simple tree
|( QUESTION0 1 -1.035e+05 2.715e+03 5.139e+02
|    ( - -4.076e+04 1 0)
|    ( - -6.000e+04 1 0))
s>    ( QUESTION0 1 -1.035e+05 2.715e+03 5.139e+02
s>        ( - -4.076e+04 1 0)
s>        ( - -6.000e+04 1 0))INFO: dtree.c(1315): Comp split 4
INFO: dtree.c(1478): Final simple tree
|( QUESTION0_13_R 1 -1.894e+05 1.616e+03 8.165e+02
|    ( QUESTION0 -1 -7.178e+04 1.531e+03 3.212e+02
|        ( - -3.159e+04 2 0)
|        ( - -3.866e+04 1 0))
|    ( QUESTION2 -1 -1.160e+05 1.039e+03 4.953e+02
|        ( QUESTION0_2_R 1 -8.820e+04 1.011e+03 3.825e+02
|            ( - -7.311e+04 1 0)
|            ( - -1.408e+04 2 0 QUESTION0_1_R 1 1.397e+02 6.011e+01))
|        ( QUESTION13 -1 -2.675e+04 7.359e+02 1.128e+02
|            ( - -1.037e+04 1 0)
|            ( QUESTION0_4_R 1 -1.565e+04 3.954e+02 6.863e+01
|                ( - -3.156e+03 1 0)
|                ( QUESTION0_2_R 1 -1.210e+04 2.543e+02 5.407e+01
|                    ( - -7.123e+03 1 0)
|                    ( - -4.721e+03 1 0))))))
s>    ( QUESTION0_13_R 1 -1.894e+05 1.616e+03 8.165e+02
s>        ( QUESTION0 -1 -7.178e+04 1.531e+03 3.212e+02
s>            ( - -3.159e+04 2 0)
s>            ( - -3.866e+04 1 0))
s>        ( QUESTION2 -1 -1.160e+05 1.039e+03 4.953e+02
s>            ( QUESTION0_2_R 1 -8.820e+04 1.011e+03 3.825e+02
s>                ( - -7.311e+04 1 0)
s>                ( - -1.408e+04 2 0 QUESTION0_1_R 1 1.397e+02 6.011e+01))
s>            ( QUESTION13 -1 -2.675e+04 7.359e+02 1.128e+02
s>                ( - -1.037e+04 1 0)
s>                ( QUESTION0_4_R 1 -1.565e+04 3.954e+02 6.863e+01
s>                    ( - -3.156e+03 1 0)
s>                    ( QUESTION0_2_R 1 -1.210e+04 2.543e+02 5.407e+01
s>                        ( - -7.123e+03 1 0)
s>                        ( - -4.721e+03 1 0))))))INFO: dtree.c(1315): Comp split 5
INFO: dtree.c(1315): Comp split 6
INFO: dtree.c(1478): Final simple tree
|( QUESTION0_2_R 1 -1.592e+05 5.477e+02 6.970e+02
|    ( QUESTION2_5_L -1 -1.170e+05 4.736e+02 5.135e+02
|        ( - 2.414e+02 1 0)
|        ( QUESTION4 -1 -1.167e+05 4.507e+02 5.125e+02
|            ( QUESTION2_0_L -1 -4.356e+04 2.364e+02 1.918e+02
|                ( - -7.531e+03 1 0)
|                ( - -3.579e+04 4 0))
|            ( - -7.272e+04 9 0 QUESTION2 -1 1.576e+02 3.207e+02)))
|    ( QUESTION19 -1 -4.167e+04 3.368e+02 1.835e+02
|        ( - -8.426e+03 2 0 QUESTION0_1_R 1 1.095e+02 3.911e+01)
|        ( QUESTION10 -1 -3.291e+04 2.700e+02 1.443e+02
|            ( - -6.945e+03 2 0 QUESTION0_1_R 1 8.632e+01 3.104e+01)
|            ( QUESTION0_13_R 1 -2.569e+04 1.993e+02 1.133e+02
|                ( - -6.444e+03 3 0 QUESTION1 -1 2.362e+02 2.870e+01)
|                ( - -1.905e+04 6 0 QUESTION0 -1 1.917e+02 8.460e+01)))))
s>    ( QUESTION0_2_R 1 -1.592e+05 5.477e+02 6.970e+02
s>        ( QUESTION2_5_L -1 -1.170e+05 4.736e+02 5.135e+02
s>            ( - 2.414e+02 1 0)
s>            ( QUESTION4 -1 -1.167e+05 4.507e+02 5.125e+02
s>                ( QUESTION2_0_L -1 -4.356e+04 2.364e+02 1.918e+02
s>                    ( - -7.531e+03 1 0)
s>                    ( - -3.579e+04 4 0))
s>                ( - -7.272e+04 9 0 QUESTION2 -1 1.576e+02 3.207e+02)))
s>        ( QUESTION19 -1 -4.167e+04 3.368e+02 1.835e+02
s>            ( - -8.426e+03 2 0 QUESTION0_1_R 1 1.095e+02 3.911e+01)
s>            ( QUESTION10 -1 -3.291e+04 2.700e+02 1.443e+02
s>                ( - -6.945e+03 2 0 QUESTION0_1_R 1 8.632e+01 3.104e+01)
s>                ( QUESTION0_13_R 1 -2.569e+04 1.993e+02 1.133e+02
s>                    ( - -6.444e+03 3 0 QUESTION1 -1 2.362e+02 2.870e+01)
s>                    ( - -1.905e+04 6 0 QUESTION0 -1 1.917e+02 8.460e+01)))))INFO: dtree.c(1478): Final simple tree
|( QUESTION0_10_R 1 -3.610e+05 1.911e+03 1.632e+03
|    ( QUESTION2 -1 -7.614e+04 4.775e+02 3.481e+02
|        ( - -2.161e+04 3 0)
|        ( - -5.405e+04 14 0 QUESTION2_18_L -1 2.797e+02 2.490e+02))
|    ( QUESTION2_0_L -1 -2.830e+05 8.876e+02 1.284e+03
|        ( QUESTION0_3_R 1 -8.964e+04 6.777e+02 4.116e+02
|            ( QUESTION2_18_L -1 -5.347e+04 4.614e+02 2.413e+02
|                ( - -1.959e+04 2 0)
|                ( QUESTION2_3_L -1 -3.342e+04 3.187e+02 1.521e+02
|                    ( - -1.513e+04 1 0)
|                    ( - -1.796e+04 1 0)))
|            ( - -3.550e+04 2 0 QUESTION0_1_R 1 1.665e+02 1.702e+02))
|        ( QUESTION4 -1 -1.924e+05 3.100e+02 8.720e+02
|            ( - -1.632e+05 8 0 QUESTION0_1_R 1 1.072e+02 7.418e+02)
|            ( - -2.894e+04 4 0 SILENCE -1 2.458e+02 1.302e+02))))
s>    ( QUESTION0_10_R 1 -3.610e+05 1.911e+03 1.632e+03
s>        ( QUESTION2 -1 -7.614e+04 4.775e+02 3.481e+02
s>            ( - -2.161e+04 3 0)
s>            ( - -5.405e+04 14 0 QUESTION2_18_L -1 2.797e+02 2.490e+02))
s>        ( QUESTION2_0_L -1 -2.830e+05 8.876e+02 1.284e+03
s>            ( QUESTION0_3_R 1 -8.964e+04 6.777e+02 4.116e+02
s>                ( QUESTION2_18_L -1 -5.347e+04 4.614e+02 2.413e+02
s>                    ( - -1.959e+04 2 0)
s>                    ( QUESTION2_3_L -1 -3.342e+04 3.187e+02 1.521e+02
s>                        ( - -1.513e+04 1 0)
s>                        ( - -1.796e+04 1 0)))
s>                ( - -3.550e+04 2 0 QUESTION0_1_R 1 1.665e+02 1.702e+02))
s>            ( QUESTION4 -1 -1.924e+05 3.100e+02 8.720e+02
s>                ( - -1.632e+05 8 0 QUESTION0_1_R 1 1.072e+02 7.418e+02)
s>                ( - -2.894e+04 4 0 SILENCE -1 2.458e+02 1.302e+02))))INFO: dtree.c(1315): Comp split 7
INFO: dtree.c(1439): stop. leaf nodes are specific
INFO: dtree.c(1478): Final simple tree
|( QUESTION0_1_R 1 -4.417e+04 4.781e+02 1.974e+02
|    ( QUESTION0_2_R 1 -1.210e+04 2.543e+02 5.407e+01
|        ( - -7.123e+03 1 0)
|        ( - -4.721e+03 1 0))
|    ( - -3.159e+04 2 0))
s>    ( QUESTION0_1_R 1 -4.417e+04 4.781e+02 1.974e+02
s>        ( QUESTION0_2_R 1 -1.210e+04 2.543e+02 5.407e+01
s>            ( - -7.123e+03 1 0)
s>            ( - -4.721e+03 1 0))
s>        ( - -3.159e+04 2 0))INFO: dtree.c(1439): stop. leaf nodes are specific
INFO: dtree.c(1478): Final simple tree
|( QUESTION0_13_R 1 -1.430e+05 1.425e+03 6.191e+02
|    ( - -3.866e+04 1 0)
|    ( QUESTION0_2_R 1 -1.029e+05 1.052e+03 4.413e+02
|        ( - -7.311e+04 1 0)
|        ( QUESTION13 -1 -2.877e+04 6.561e+02 1.188e+02
|            ( - -1.037e+04 1 0)
|            ( QUESTION0 -1 -1.774e+04 5.104e+02 7.466e+01
|                ( QUESTION0_1_R 1 -1.408e+04 1.397e+02 6.011e+01
|                    ( - -7.202e+03 1 0)
|                    ( - -6.735e+03 1 0))
|                ( - -3.156e+03 1 0)))))
s>    ( QUESTION0_13_R 1 -1.430e+05 1.425e+03 6.191e+02
s>        ( - -3.866e+04 1 0)
s>        ( QUESTION0_2_R 1 -1.029e+05 1.052e+03 4.413e+02
s>            ( - -7.311e+04 1 0)
s>            ( QUESTION13 -1 -2.877e+04 6.561e+02 1.188e+02
s>                ( - -1.037e+04 1 0)
s>                ( QUESTION0 -1 -1.774e+04 5.104e+02 7.466e+01
s>                    ( QUESTION0_1_R 1 -1.408e+04 1.397e+02 6.011e+01
s>                        ( - -7.202e+03 1 0)
s>                        ( - -6.735e+03 1 0))
s>                    ( - -3.156e+03 1 0)))))INFO: dtree.c(1315): Comp split 8
INFO: dtree.c(1478): Final simple tree
|( QUESTION2_0_L -1 -2.830e+05 8.876e+02 1.284e+03
|    ( QUESTION0_3_R 1 -8.964e+04 6.777e+02 4.116e+02
|        ( QUESTION2_18_L -1 -5.347e+04 4.614e+02 2.413e+02
|            ( - -1.959e+04 2 0)
|            ( QUESTION2_3_L -1 -3.342e+04 3.187e+02 1.521e+02
|                ( - -1.513e+04 1 0)
|                ( - -1.796e+04 1 0)))
|        ( QUESTION0_1_R 1 -3.550e+04 1.665e+02 1.702e+02
|            ( - -2.893e+04 1 0)
|            ( - -6.403e+03 1 0)))
|    ( QUESTION4 -1 -1.924e+05 3.100e+02 8.720e+02
|        ( - -1.632e+05 8 0 QUESTION0_1_R 1 1.072e+02 7.418e+02)
|        ( SILENCE -1 -2.894e+04 2.458e+02 1.302e+02
|            ( - -1.306e+04 2 0 QUESTION0_1_R 1 1.139e+02 5.977e+01)
|            ( - -1.563e+04 2 0 QUESTION0_1_R 1 1.225e+02 7.038e+01))))
s>    ( QUESTION2_0_L -1 -2.830e+05 8.876e+02 1.284e+03
s>        ( QUESTION0_3_R 1 -8.964e+04 6.777e+02 4.116e+02
s>            ( QUESTION2_18_L -1 -5.347e+04 4.614e+02 2.413e+02
s>                ( - -1.959e+04 2 0)
s>                ( QUESTION2_3_L -1 -3.342e+04 3.187e+02 1.521e+02
s>                    ( - -1.513e+04 1 0)
s>                    ( - -1.796e+04 1 0)))
s>            ( QUESTION0_1_R 1 -3.550e+04 1.665e+02 1.702e+02
s>                ( - -2.893e+04 1 0)
s>                ( - -6.403e+03 1 0)))
s>        ( QUESTION4 -1 -1.924e+05 3.100e+02 8.720e+02
s>            ( - -1.632e+05 8 0 QUESTION0_1_R 1 1.072e+02 7.418e+02)
s>            ( SILENCE -1 -2.894e+04 2.458e+02 1.302e+02
s>                ( - -1.306e+04 2 0 QUESTION0_1_R 1 1.139e+02 5.977e+01)
s>                ( - -1.563e+04 2 0 QUESTION0_1_R 1 1.225e+02 7.038e+01))))INFO: dtree.c(1478): Final simple tree
|( QUESTION2 -1 -7.614e+04 4.775e+02 3.481e+02
|    ( - -2.161e+04 3 0)
|    ( QUESTION2_18_L -1 -5.405e+04 2.797e+02 2.490e+02
|        ( - -5.153e+03 1 0)
|        ( QUESTION16 -1 -4.861e+04 2.127e+02 2.230e+02
|            ( - -1.056e+03 1 0)
|            ( QUESTION5 -1 -4.735e+04 2.099e+02 2.180e+02
|                ( QUESTION6 -1 -1.213e+04 2.053e+02 5.757e+01
|                    ( - -2.493e+02 1 0)
|                    ( - -1.168e+04 3 0 QUESTION19 -1 1.696e+02 5.557e+01))
|                ( QUESTION2_19_L -1 -3.500e+04 2.072e+02 1.605e+02
|                    ( - -2.164e+04 4 0)
|                    ( SILENCE -1 -1.315e+04 1.924e+02 5.874e+01
|                        ( - -3.099e+03 1 0)
|                        ( - -9.862e+03 3 0 QUESTION0 -1 1.583e+02 4.374e+01)))))))
s>    ( QUESTION2 -1 -7.614e+04 4.775e+02 3.481e+02
s>        ( - -2.161e+04 3 0)
s>        ( QUESTION2_18_L -1 -5.405e+04 2.797e+02 2.490e+02
s>            ( - -5.153e+03 1 0)
s>            ( QUESTION16 -1 -4.861e+04 2.127e+02 2.230e+02
s>                ( - -1.056e+03 1 0)
s>                ( QUESTION5 -1 -4.735e+04 2.099e+02 2.180e+02
s>                    ( QUESTION6 -1 -1.213e+04 2.053e+02 5.757e+01
s>                        ( - -2.493e+02 1 0)
s>                        ( - -1.168e+04 3 0 QUESTION19 -1 1.696e+02 5.557e+01))
s>                    ( QUESTION2_19_L -1 -3.500e+04 2.072e+02 1.605e+02
s>                        ( - -2.164e+04 4 0)
s>                        ( SILENCE -1 -1.315e+04 1.924e+02 5.874e+01
s>                            ( - -3.099e+03 1 0)
s>                            ( - -9.862e+03 3 0 QUESTION0 -1 1.583e+02 4.374e+01)))))))INFO: dtree.c(1315): Comp split 9
INFO: dtree.c(1439): stop. leaf nodes are specific
INFO: dtree.c(1478): Final simple tree
|( QUESTION0_2_R 1 -1.029e+05 1.052e+03 4.413e+02
|    ( - -7.311e+04 1 0)
|    ( QUESTION13 -1 -2.877e+04 6.561e+02 1.188e+02
|        ( - -1.037e+04 1 0)
|        ( QUESTION0 -1 -1.774e+04 5.104e+02 7.466e+01
|            ( QUESTION0_1_R 1 -1.408e+04 1.397e+02 6.011e+01
|                ( - -7.202e+03 1 0)
|                ( - -6.735e+03 1 0))
|            ( - -3.156e+03 1 0))))
s>    ( QUESTION0_2_R 1 -1.029e+05 1.052e+03 4.413e+02
s>        ( - -7.311e+04 1 0)
s>        ( QUESTION13 -1 -2.877e+04 6.561e+02 1.188e+02
s>            ( - -1.037e+04 1 0)
s>            ( QUESTION0 -1 -1.774e+04 5.104e+02 7.466e+01
s>                ( QUESTION0_1_R 1 -1.408e+04 1.397e+02 6.011e+01
s>                    ( - -7.202e+03 1 0)
s>                    ( - -6.735e+03 1 0))
s>                ( - -3.156e+03 1 0))))INFO: dtree.c(1315): Comp split 10
INFO: dtree.c(1439): stop. leaf nodes are specific
INFO: dtree.c(1478): Final simple tree
|( QUESTION0 -1 -2.509e+04 6.404e+02 1.043e+02
|    ( QUESTION0_1_R 1 -1.408e+04 1.397e+02 6.011e+01
|        ( - -7.202e+03 1 0)
|        ( - -6.735e+03 1 0))
|    ( - -1.037e+04 1 0))
s>    ( QUESTION0 -1 -2.509e+04 6.404e+02 1.043e+02
s>        ( QUESTION0_1_R 1 -1.408e+04 1.397e+02 6.011e+01
s>            ( - -7.202e+03 1 0)
s>            ( - -6.735e+03 1 0))
s>        ( - -1.037e+04 1 0))INFO: dtree.c(1439): stop. leaf nodes are specific
INFO: dtree.c(1478): Final simple tree
|( QUESTION0_2_R 1 -7.668e+04 4.132e+02 3.370e+02
|    ( - -7.311e+04 1 0)
|    ( - -3.156e+03 1 0))
s>    ( QUESTION0_2_R 1 -7.668e+04 4.132e+02 3.370e+02
s>        ( - -7.311e+04 1 0)
s>        ( - -3.156e+03 1 0))INFO: dtree.c(1315): Comp split 11
INFO: dtree.c(1439): stop. leaf nodes are specific
INFO: dtree.c(1478): Final simple tree
|( QUESTION2_11_L -1 -6.948e+04 5.939e+02 3.224e+02
|    ( - -1.796e+04 1 0)
|    ( QUESTION0_3_R 1 -5.093e+04 2.965e+02 2.412e+02
|        ( - -1.513e+04 1 0)
|        ( QUESTION0_1_R 1 -3.550e+04 1.665e+02 1.702e+02
|            ( - -2.893e+04 1 0)
|            ( - -6.403e+03 1 0))))
s>    ( QUESTION2_11_L -1 -6.948e+04 5.939e+02 3.224e+02
s>        ( - -1.796e+04 1 0)
s>        ( QUESTION0_3_R 1 -5.093e+04 2.965e+02 2.412e+02
s>            ( - -1.513e+04 1 0)
s>            ( QUESTION0_1_R 1 -3.550e+04 1.665e+02 1.702e+02
s>                ( - -2.893e+04 1 0)
s>                ( - -6.403e+03 1 0))))INFO: dtree.c(1439): stop. leaf nodes are specific
INFO: dtree.c(1478): Final simple tree
|( QUESTION2_0_L -1 -2.125e+05 4.670e+02 9.612e+02
|    ( - -1.959e+04 2 0)
|    ( QUESTION4 -1 -1.924e+05 3.100e+02 8.720e+02
|        ( QUESTION0_1_R 1 -1.632e+05 1.072e+02 7.418e+02
|            ( - -1.332e+05 4 0)
|            ( - -2.983e+04 4 0))
|        ( SILENCE -1 -2.894e+04 2.458e+02 1.302e+02
|            ( QUESTION0_1_R 1 -1.306e+04 1.139e+02 5.977e+01
|                ( - -1.109e+04 1 0)
|                ( - -1.858e+03 1 0))
|            ( QUESTION0_1_R 1 -1.563e+04 1.225e+02 7.038e+01
|                ( - -1.424e+04 1 0)
|                ( - -1.276e+03 1 0)))))
s>    ( QUESTION2_0_L -1 -2.125e+05 4.670e+02 9.612e+02
s>        ( - -1.959e+04 2 0)
s>        ( QUESTION4 -1 -1.924e+05 3.100e+02 8.720e+02
s>            ( QUESTION0_1_R 1 -1.632e+05 1.072e+02 7.418e+02
s>                ( - -1.332e+05 4 0)
s>                ( - -2.983e+04 4 0))
s>            ( SILENCE -1 -2.894e+04 2.458e+02 1.302e+02
s>                ( QUESTION0_1_R 1 -1.306e+04 1.139e+02 5.977e+01
s>                    ( - -1.109e+04 1 0)
s>                    ( - -1.858e+03 1 0))
s>                ( QUESTION0_1_R 1 -1.563e+04 1.225e+02 7.038e+01
s>                    ( - -1.424e+04 1 0)
s>                    ( - -1.276e+03 1 0)))))INFO: dtree.c(1315): Comp split 12
INFO: dtree.c(1439): stop. leaf nodes are specific
INFO: dtree.c(1478): Final simple tree
|( QUESTION0_2_R 1 -1.350e+04 3.200e+02 6.422e+01
|    ( - -2.814e+03 1 0)
|    ( - -1.036e+04 1 0))
s>    ( QUESTION0_2_R 1 -1.350e+04 3.200e+02 6.422e+01
s>        ( - -2.814e+03 1 0)
s>        ( - -1.036e+04 1 0))INFO: dtree.c(1315): Comp split 13
INFO: dtree.c(1439): stop. leaf nodes are specific
INFO: dtree.c(1478): Final simple tree
|( QUESTION4 -1 -2.594e+04 5.669e+02 1.223e+02
|    ( QUESTION0_1_R 1 -1.974e+04 1.367e+02 9.404e+01
|        ( - -1.884e+04 1 0)
|        ( - -7.652e+02 1 0))
|    ( - -5.632e+03 1 0))
s>    ( QUESTION4 -1 -2.594e+04 5.669e+02 1.223e+02
s>        ( QUESTION0_1_R 1 -1.974e+04 1.367e+02 9.404e+01
s>            ( - -1.884e+04 1 0)
s>            ( - -7.652e+02 1 0))
s>        ( - -5.632e+03 1 0))INFO: dtree.c(1439): stop. leaf nodes are specific
INFO: dtree.c(1478): Final simple tree
|( QUESTION0_2_R 1 -3.985e+04 1.043e+02 1.858e+02
|    ( - -3.934e+04 1 0)
|    ( - -4.067e+02 1 0))
s>    ( QUESTION0_2_R 1 -3.985e+04 1.043e+02 1.858e+02
s>        ( - -3.934e+04 1 0)
s>        ( - -4.067e+02 1 0))INFO: dtree.c(1315): Comp split 14
INFO: dtree.c(1478): Final simple tree
|( QUESTION2_5_L -1 -4.090e+04 4.732e+02 1.793e+02
|    ( - 2.414e+02 1 0)
|    ( QUESTION10 -1 -4.066e+04 2.934e+02 1.783e+02
|        ( - -6.945e+03 2 0 QUESTION0_1_R 1 8.632e+01 3.104e+01)
|        ( QUESTION0_13_R 1 -3.343e+04 2.203e+02 1.473e+02
|            ( QUESTION1 -1 -6.444e+03 2.362e+02 2.870e+01
|                ( - -2.881e+03 1 0)
|                ( - -3.327e+03 2 0 SILENCE -1 1.284e+02 1.500e+01))
|            ( QUESTION5 -1 -2.676e+04 1.947e+02 1.186e+02
|                ( QUESTION9 -1 -8.247e+03 1.688e+02 3.800e+01
|                    ( - -3.278e+03 1 0)
|                    ( - -4.800e+03 1 0))
|                ( QUESTION0_1_R 1 -1.832e+04 1.940e+02 8.060e+01
|                    ( - -1.061e+04 3 0 QUESTION0_2_R 1 1.648e+02 4.800e+01)
|                    ( - -7.517e+03 2 0 QUESTION1 -1 1.094e+02 3.260e+01))))))
s>    ( QUESTION2_5_L -1 -4.090e+04 4.732e+02 1.793e+02
s>        ( - 2.414e+02 1 0)
s>        ( QUESTION10 -1 -4.066e+04 2.934e+02 1.783e+02
s>            ( - -6.945e+03 2 0 QUESTION0_1_R 1 8.632e+01 3.104e+01)
s>            ( QUESTION0_13_R 1 -3.343e+04 2.203e+02 1.473e+02
s>                ( QUESTION1 -1 -6.444e+03 2.362e+02 2.870e+01
s>                    ( - -2.881e+03 1 0)
s>                    ( - -3.327e+03 2 0 SILENCE -1 1.284e+02 1.500e+01))
s>                ( QUESTION5 -1 -2.676e+04 1.947e+02 1.186e+02
s>                    ( QUESTION9 -1 -8.247e+03 1.688e+02 3.800e+01
s>                        ( - -3.278e+03 1 0)
s>                        ( - -4.800e+03 1 0))
s>                    ( QUESTION0_1_R 1 -1.832e+04 1.940e+02 8.060e+01
s>                        ( - -1.061e+04 3 0 QUESTION0_2_R 1 1.648e+02 4.800e+01)
s>                        ( - -7.517e+03 2 0 QUESTION1 -1 1.094e+02 3.260e+01))))))INFO: dtree.c(1478): Final simple tree
|( QUESTION2_19_L -1 -1.176e+05 4.503e+02 5.177e+02
|    ( QUESTION15 -1 -3.828e+04 1.369e+02 1.688e+02
|        ( - -1.261e+03 1 0)
|        ( QUESTION4 -1 -3.688e+04 1.352e+02 1.628e+02
|            ( - -3.579e+04 4 0)
|            ( - -9.555e+02 1 0)))
|    ( QUESTION0_3_R 1 -7.888e+04 2.759e+02 3.489e+02
|        ( - -6.384e+03 1 0)
|        ( QUESTION2 -1 -7.222e+04 1.784e+02 3.187e+02
|            ( - -4.646e+04 3 0)
|            ( SILENCE -1 -2.558e+04 1.360e+02 1.153e+02
|                ( - -6.477e+03 1 0)
|                ( QUESTION0 -1 -1.897e+04 1.197e+02 8.524e+01
|                    ( - -2.113e+03 1 0)
|                    ( - -1.674e+04 3 0 QUESTION19 -1 9.240e+01 7.530e+01))))))
s>    ( QUESTION2_19_L -1 -1.176e+05 4.503e+02 5.177e+02
s>        ( QUESTION15 -1 -3.828e+04 1.369e+02 1.688e+02
s>            ( - -1.261e+03 1 0)
s>            ( QUESTION4 -1 -3.688e+04 1.352e+02 1.628e+02
s>                ( - -3.579e+04 4 0)
s>                ( - -9.555e+02 1 0)))
s>        ( QUESTION0_3_R 1 -7.888e+04 2.759e+02 3.489e+02
s>            ( - -6.384e+03 1 0)
s>            ( QUESTION2 -1 -7.222e+04 1.784e+02 3.187e+02
s>                ( - -4.646e+04 3 0)
s>                ( SILENCE -1 -2.558e+04 1.360e+02 1.153e+02
s>                    ( - -6.477e+03 1 0)
s>                    ( QUESTION0 -1 -1.897e+04 1.197e+02 8.524e+01
s>                        ( - -2.113e+03 1 0)
s>                        ( - -1.674e+04 3 0 QUESTION19 -1 9.240e+01 7.530e+01))))))INFO: dtree.c(1315): Comp split 15
INFO: dtree.c(1439): stop. leaf nodes are specific
INFO: dtree.c(1478): Final simple tree
|( QUESTION0_1_R 1 -1.408e+04 1.397e+02 6.011e+01
|    ( - -7.202e+03 1 0)
|    ( - -6.735e+03 1 0))
s>    ( QUESTION0_1_R 1 -1.408e+04 1.397e+02 6.011e+01
s>        ( - -7.202e+03 1 0)
s>        ( - -6.735e+03 1 0))INFO: dtree.c(1315): Comp split 16
INFO: dtree.c(1439): stop. leaf nodes are specific
INFO: dtree.c(1478): Final simple tree
|( QUESTION0_3_R 1 -5.093e+04 2.965e+02 2.412e+02
|    ( - -1.513e+04 1 0)
|    ( QUESTION0_1_R 1 -3.550e+04 1.665e+02 1.702e+02
|        ( - -2.893e+04 1 0)
|        ( - -6.403e+03 1 0)))
s>    ( QUESTION0_3_R 1 -5.093e+04 2.965e+02 2.412e+02
s>        ( - -1.513e+04 1 0)
s>        ( QUESTION0_1_R 1 -3.550e+04 1.665e+02 1.702e+02
s>            ( - -2.893e+04 1 0)
s>            ( - -6.403e+03 1 0)))INFO: dtree.c(1315): Comp split 17
INFO: dtree.c(1439): stop. leaf nodes are specific
INFO: dtree.c(1478): Final simple tree
|( QUESTION3 -1 -2.607e+04 1.684e+02 1.190e+02
|    ( - -1.056e+03 1 0)
|    ( SILENCE -1 -2.484e+04 1.336e+02 1.140e+02
|        ( - -3.099e+03 1 0)
|        ( - -2.161e+04 3 0)))
s>    ( QUESTION3 -1 -2.607e+04 1.684e+02 1.190e+02
s>        ( - -1.056e+03 1 0)
s>        ( SILENCE -1 -2.484e+04 1.336e+02 1.140e+02
s>            ( - -3.099e+03 1 0)
s>            ( - -2.161e+04 3 0)))INFO: dtree.c(1478): Final simple tree
|( QUESTION2_18_L -1 -4.948e+04 2.689e+02 2.290e+02
|    ( - -5.153e+03 1 0)
|    ( QUESTION5 -1 -4.406e+04 2.214e+02 2.030e+02
|        ( QUESTION6 -1 -1.213e+04 2.053e+02 5.757e+01
|            ( - -2.493e+02 1 0)
|            ( QUESTION19 -1 -1.168e+04 1.696e+02 5.557e+01
|                ( - -3.078e+02 1 0)
|                ( - -1.120e+04 2 0 QUESTION13 -1 8.918e+01 5.357e+01)))
|        ( QUESTION2_0_L -1 -3.170e+04 1.976e+02 1.455e+02
|            ( QUESTION0 -1 -9.862e+03 1.583e+02 4.374e+01
|                ( - -4.118e+03 1 0)
|                ( QUESTION2_3_L -1 -5.585e+03 1.398e+02 2.483e+01
|                    ( - -3.774e+03 1 0)
|                    ( - -1.671e+03 1 0)))
|            ( - -2.164e+04 4 0))))
s>    ( QUESTION2_18_L -1 -4.948e+04 2.689e+02 2.290e+02
s>        ( - -5.153e+03 1 0)
s>        ( QUESTION5 -1 -4.406e+04 2.214e+02 2.030e+02
s>            ( QUESTION6 -1 -1.213e+04 2.053e+02 5.757e+01
s>                ( - -2.493e+02 1 0)
s>                ( QUESTION19 -1 -1.168e+04 1.696e+02 5.557e+01
s>                    ( - -3.078e+02 1 0)
s>                    ( - -1.120e+04 2 0 QUESTION13 -1 8.918e+01 5.357e+01)))
s>            ( QUESTION2_0_L -1 -3.170e+04 1.976e+02 1.455e+02
s>                ( QUESTION0 -1 -9.862e+03 1.583e+02 4.374e+01
s>                    ( - -4.118e+03 1 0)
s>                    ( QUESTION2_3_L -1 -5.585e+03 1.398e+02 2.483e+01
s>                        ( - -3.774e+03 1 0)
s>                        ( - -1.671e+03 1 0)))
s>                ( - -2.164e+04 4 0))))INFO: dtree.c(1315): Comp split 18
INFO: dtree.c(1439): stop. leaf nodes are specific
INFO: dtree.c(1478): Final simple tree
|( QUESTION0_1_R 1 -1.974e+04 1.367e+02 9.404e+01
|    ( - -1.884e+04 1 0)
|    ( - -7.652e+02 1 0))
s>    ( QUESTION0_1_R 1 -1.974e+04 1.367e+02 9.404e+01
s>        ( - -1.884e+04 1 0)
s>        ( - -7.652e+02 1 0))INFO: dtree.c(1315): Comp split 19
INFO: dtree.c(1439): stop. leaf nodes are specific
INFO: dtree.c(1478): Final simple tree
|( QUESTION0_2_R 1 -1.210e+04 2.543e+02 5.407e+01
|    ( - -7.123e+03 1 0)
|    ( - -4.721e+03 1 0))
s>    ( QUESTION0_2_R 1 -1.210e+04 2.543e+02 5.407e+01
s>        ( - -7.123e+03 1 0)
s>        ( - -4.721e+03 1 0))INFO: dtree.c(1315): Comp split 20
INFO: dtree.c(1478): Final simple tree
|( QUESTION10 -1 -4.066e+04 2.934e+02 1.783e+02
|    ( - -6.945e+03 2 0 QUESTION0_1_R 1 8.632e+01 3.104e+01)
|    ( QUESTION0_13_R 1 -3.343e+04 2.203e+02 1.473e+02
|        ( QUESTION1 -1 -6.444e+03 2.362e+02 2.870e+01
|            ( - -2.881e+03 1 0)
|            ( - -3.327e+03 2 0 SILENCE -1 1.284e+02 1.500e+01))
|        ( QUESTION5 -1 -2.676e+04 1.947e+02 1.186e+02
|            ( QUESTION9 -1 -8.247e+03 1.688e+02 3.800e+01
|                ( - -3.278e+03 1 0)
|                ( - -4.800e+03 1 0))
|            ( QUESTION0_1_R 1 -1.832e+04 1.940e+02 8.060e+01
|                ( QUESTION0_2_R 1 -1.061e+04 1.648e+02 4.800e+01
|                    ( - -7.531e+03 1 0)
|                    ( - -2.913e+03 2 0 QUESTION1 -1 1.537e+02 1.400e+01))
|                ( - -7.517e+03 2 0 QUESTION1 -1 1.094e+02 3.260e+01)))))
s>    ( QUESTION10 -1 -4.066e+04 2.934e+02 1.783e+02
s>        ( - -6.945e+03 2 0 QUESTION0_1_R 1 8.632e+01 3.104e+01)
s>        ( QUESTION0_13_R 1 -3.343e+04 2.203e+02 1.473e+02
s>            ( QUESTION1 -1 -6.444e+03 2.362e+02 2.870e+01
s>                ( - -2.881e+03 1 0)
s>                ( - -3.327e+03 2 0 SILENCE -1 1.284e+02 1.500e+01))
s>            ( QUESTION5 -1 -2.676e+04 1.947e+02 1.186e+02
s>                ( QUESTION9 -1 -8.247e+03 1.688e+02 3.800e+01
s>                    ( - -3.278e+03 1 0)
s>                    ( - -4.800e+03 1 0))
s>                ( QUESTION0_1_R 1 -1.832e+04 1.940e+02 8.060e+01
s>                    ( QUESTION0_2_R 1 -1.061e+04 1.648e+02 4.800e+01
s>                        ( - -7.531e+03 1 0)
s>                        ( - -2.913e+03 2 0 QUESTION1 -1 1.537e+02 1.400e+01))
s>                    ( - -7.517e+03 2 0 QUESTION1 -1 1.094e+02 3.260e+01)))))INFO: dtree.c(1315): Comp split 21
INFO: dtree.c(1439): stop. leaf nodes are specific
INFO: dtree.c(1478): Final simple tree
|( QUESTION4 -1 -1.924e+05 3.100e+02 8.720e+02
|    ( QUESTION0_1_R 1 -1.632e+05 1.072e+02 7.418e+02
|        ( - -1.332e+05 4 0)
|        ( - -2.983e+04 4 0))
|    ( SILENCE -1 -2.894e+04 2.458e+02 1.302e+02
|        ( QUESTION0_1_R 1 -1.306e+04 1.139e+02 5.977e+01
|            ( - -1.109e+04 1 0)
|            ( - -1.858e+03 1 0))
|        ( QUESTION0_1_R 1 -1.563e+04 1.225e+02 7.038e+01
|            ( - -1.424e+04 1 0)
|            ( - -1.276e+03 1 0))))
s>    ( QUESTION4 -1 -1.924e+05 3.100e+02 8.720e+02
s>        ( QUESTION0_1_R 1 -1.632e+05 1.072e+02 7.418e+02
s>            ( - -1.332e+05 4 0)
s>            ( - -2.983e+04 4 0))
s>        ( SILENCE -1 -2.894e+04 2.458e+02 1.302e+02
s>            ( QUESTION0_1_R 1 -1.306e+04 1.139e+02 5.977e+01
s>                ( - -1.109e+04 1 0)
s>                ( - -1.858e+03 1 0))
s>            ( QUESTION0_1_R 1 -1.563e+04 1.225e+02 7.038e+01
s>                ( - -1.424e+04 1 0)
s>                ( - -1.276e+03 1 0))))INFO: dtree.c(1315): Comp split 22
INFO: dtree.c(1439): stop. leaf nodes are specific
INFO: dtree.c(1478): Final simple tree
|( QUESTION0_3_R 1 -7.888e+04 2.759e+02 3.489e+02
|    ( - -6.384e+03 1 0)
|    ( QUESTION2 -1 -7.222e+04 1.784e+02 3.187e+02
|        ( - -4.646e+04 3 0)
|        ( SILENCE -1 -2.558e+04 1.360e+02 1.153e+02
|            ( - -6.477e+03 1 0)
|            ( QUESTION0 -1 -1.897e+04 1.197e+02 8.524e+01
|                ( - -2.113e+03 1 0)
|                ( QUESTION19 -1 -1.674e+04 9.240e+01 7.530e+01
|                    ( QUESTION0_1_R 1 -3.523e+03 9.747e+01 1.600e+01
|                        ( - -1.493e+03 1 0)
|                        ( - -1.933e+03 1 0))
|                    ( - -1.312e+04 1 0))))))
s>    ( QUESTION0_3_R 1 -7.888e+04 2.759e+02 3.489e+02
s>        ( - -6.384e+03 1 0)
s>        ( QUESTION2 -1 -7.222e+04 1.784e+02 3.187e+02
s>            ( - -4.646e+04 3 0)
s>            ( SILENCE -1 -2.558e+04 1.360e+02 1.153e+02
s>                ( - -6.477e+03 1 0)
s>                ( QUESTION0 -1 -1.897e+04 1.197e+02 8.524e+01
s>                    ( - -2.113e+03 1 0)
s>                    ( QUESTION19 -1 -1.674e+04 9.240e+01 7.530e+01
s>                        ( QUESTION0_1_R 1 -3.523e+03 9.747e+01 1.600e+01
s>                            ( - -1.493e+03 1 0)
s>                            ( - -1.933e+03 1 0))
s>                        ( - -1.312e+04 1 0))))))INFO: dtree.c(1439): stop. leaf nodes are specific
INFO: dtree.c(1478): Final simple tree
|( QUESTION15 -1 -3.828e+04 1.369e+02 1.688e+02
|    ( - -1.261e+03 1 0)
|    ( QUESTION4 -1 -3.688e+04 1.352e+02 1.628e+02
|        ( - -3.579e+04 4 0)
|        ( - -9.555e+02 1 0)))
s>    ( QUESTION15 -1 -3.828e+04 1.369e+02 1.688e+02
s>        ( - -1.261e+03 1 0)
s>        ( QUESTION4 -1 -3.688e+04 1.352e+02 1.628e+02
s>            ( - -3.579e+04 4 0)
s>            ( - -9.555e+02 1 0)))INFO: dtree.c(1315): Comp split 23
INFO: dtree.c(1315): Comp split 24
INFO: dtree.c(1439): stop. leaf nodes are specific
INFO: dtree.c(1478): Final simple tree
|( QUESTION0_2_R 1 -2.210e+04 2.279e+02 9.971e+01
|    ( - -7.531e+03 1 0)
|    ( QUESTION0_13_R 1 -1.434e+04 1.655e+02 6.570e+01
|        ( - -2.881e+03 1 0)
|        ( QUESTION9 -1 -1.129e+04 1.615e+02 5.200e+01
|            ( - -3.278e+03 1 0)
|            ( QUESTION1 -1 -7.851e+03 1.567e+02 3.600e+01
|                ( - -1.821e+03 1 0)
|                ( QUESTION0_1_R 1 -5.873e+03 1.346e+02 2.700e+01
|                    ( - -9.387e+02 1 0)
|                    ( - -4.800e+03 1 0))))))
s>    ( QUESTION0_2_R 1 -2.210e+04 2.279e+02 9.971e+01
s>        ( - -7.531e+03 1 0)
s>        ( QUESTION0_13_R 1 -1.434e+04 1.655e+02 6.570e+01
s>            ( - -2.881e+03 1 0)
s>            ( QUESTION9 -1 -1.129e+04 1.615e+02 5.200e+01
s>                ( - -3.278e+03 1 0)
s>                ( QUESTION1 -1 -7.851e+03 1.567e+02 3.600e+01
s>                    ( - -1.821e+03 1 0)
s>                    ( QUESTION0_1_R 1 -5.873e+03 1.346e+02 2.700e+01
s>                        ( - -9.387e+02 1 0)
s>                        ( - -4.800e+03 1 0))))))INFO: dtree.c(1439): stop. leaf nodes are specific
INFO: dtree.c(1478): Final simple tree
|( QUESTION0 -1 -1.819e+04 2.281e+02 7.864e+01
|    ( QUESTION1 -1 -1.031e+04 1.635e+02 4.460e+01
|        ( - -6.539e+03 1 0)
|        ( QUESTION0_13_R 1 -3.609e+03 9.755e+01 1.600e+01
|            ( - -2.644e+03 1 0)
|            ( - -8.681e+02 1 0)))
|    ( SILENCE -1 -7.646e+03 1.464e+02 3.404e+01
|        ( - -5.553e+02 1 0)
|        ( QUESTION0_1_R 1 -6.945e+03 8.632e+01 3.104e+01
|            ( - -3.111e+03 1 0)
|            ( - -3.747e+03 1 0))))
s>    ( QUESTION0 -1 -1.819e+04 2.281e+02 7.864e+01
s>        ( QUESTION1 -1 -1.031e+04 1.635e+02 4.460e+01
s>            ( - -6.539e+03 1 0)
s>            ( QUESTION0_13_R 1 -3.609e+03 9.755e+01 1.600e+01
s>                ( - -2.644e+03 1 0)
s>                ( - -8.681e+02 1 0)))
s>        ( SILENCE -1 -7.646e+03 1.464e+02 3.404e+01
s>            ( - -5.553e+02 1 0)
s>            ( QUESTION0_1_R 1 -6.945e+03 8.632e+01 3.104e+01
s>                ( - -3.111e+03 1 0)
s>                ( - -3.747e+03 1 0))))INFO: dtree.c(1315): Comp split 25
INFO: dtree.c(1315): Comp split 26
INFO: dtree.c(1439): stop. leaf nodes are specific
INFO: dtree.c(1478): Final simple tree
|( SILENCE -1 -2.894e+04 2.458e+02 1.302e+02
|    ( QUESTION0_1_R 1 -1.306e+04 1.139e+02 5.977e+01
|        ( - -1.109e+04 1 0)
|        ( - -1.858e+03 1 0))
|    ( QUESTION0_1_R 1 -1.563e+04 1.225e+02 7.038e+01
|        ( - -1.424e+04 1 0)
|        ( - -1.276e+03 1 0)))
s>    ( SILENCE -1 -2.894e+04 2.458e+02 1.302e+02
s>        ( QUESTION0_1_R 1 -1.306e+04 1.139e+02 5.977e+01
s>            ( - -1.109e+04 1 0)
s>            ( - -1.858e+03 1 0))
s>        ( QUESTION0_1_R 1 -1.563e+04 1.225e+02 7.038e+01
s>            ( - -1.424e+04 1 0)
s>            ( - -1.276e+03 1 0)))INFO: dtree.c(1439): stop. leaf nodes are specific
INFO: dtree.c(1478): Final simple tree
|( QUESTION0_1_R 1 -1.632e+05 1.072e+02 7.418e+02
|    ( - -1.332e+05 4 0)
|    ( - -2.983e+04 4 0))
s>    ( QUESTION0_1_R 1 -1.632e+05 1.072e+02 7.418e+02
s>        ( - -1.332e+05 4 0)
s>        ( - -2.983e+04 4 0))INFO: dtree.c(1315): Comp split 27
INFO: dtree.c(1439): stop. leaf nodes are specific
INFO: dtree.c(1478): Final simple tree
|( QUESTION0_1_R 1 -3.550e+04 1.665e+02 1.702e+02
|    ( - -2.893e+04 1 0)
|    ( - -6.403e+03 1 0))
s>    ( QUESTION0_1_R 1 -3.550e+04 1.665e+02 1.702e+02
s>        ( - -2.893e+04 1 0)
s>        ( - -6.403e+03 1 0))INFO: dtree.c(1315): Comp split 28
INFO: dtree.c(1439): stop. leaf nodes are specific
INFO: dtree.c(1478): Final simple tree
|( QUESTION2_0_L -1 -3.218e+04 2.066e+02 1.475e+02
|    ( QUESTION4 -1 -1.033e+04 1.616e+02 4.574e+01
|        ( QUESTION2_3_L -1 -5.585e+03 1.398e+02 2.483e+01
|            ( - -3.774e+03 1 0)
|            ( - -1.671e+03 1 0))
|        ( QUESTION0 -1 -4.582e+03 1.562e+02 2.090e+01
|            ( - -4.118e+03 1 0)
|            ( - -3.078e+02 1 0)))
|    ( - -2.164e+04 4 0))
s>    ( QUESTION2_0_L -1 -3.218e+04 2.066e+02 1.475e+02
s>        ( QUESTION4 -1 -1.033e+04 1.616e+02 4.574e+01
s>            ( QUESTION2_3_L -1 -5.585e+03 1.398e+02 2.483e+01
s>                ( - -3.774e+03 1 0)
s>                ( - -1.671e+03 1 0))
s>            ( QUESTION0 -1 -4.582e+03 1.562e+02 2.090e+01
s>                ( - -4.118e+03 1 0)
s>                ( - -3.078e+02 1 0)))
s>        ( - -2.164e+04 4 0))INFO: dtree.c(1439): stop. leaf nodes are specific
INFO: dtree.c(1478): Final simple tree
|( QUESTION4 -1 -1.702e+04 2.108e+02 8.157e+01
|    ( - -5.153e+03 1 0)
|    ( QUESTION6 -1 -1.165e+04 2.055e+02 5.557e+01
|        ( - -2.493e+02 1 0)
|        ( QUESTION13 -1 -1.120e+04 8.918e+01 5.357e+01
|            ( - -2.618e+03 1 0)
|            ( - -8.493e+03 1 0))))
s>    ( QUESTION4 -1 -1.702e+04 2.108e+02 8.157e+01
s>        ( - -5.153e+03 1 0)
s>        ( QUESTION6 -1 -1.165e+04 2.055e+02 5.557e+01
s>            ( - -2.493e+02 1 0)
s>            ( QUESTION13 -1 -1.120e+04 8.918e+01 5.357e+01
s>                ( - -2.618e+03 1 0)
s>                ( - -8.493e+03 1 0))))INFO: dtree.c(1315): Comp split 29
INFO: dtree.c(1439): stop. leaf nodes are specific
INFO: dtree.c(1478): Final simple tree
|( QUESTION2 -1 -7.222e+04 1.784e+02 3.187e+02
|    ( - -4.646e+04 3 0)
|    ( SILENCE -1 -2.558e+04 1.360e+02 1.153e+02
|        ( - -6.477e+03 1 0)
|        ( QUESTION0 -1 -1.897e+04 1.197e+02 8.524e+01
|            ( - -2.113e+03 1 0)
|            ( QUESTION19 -1 -1.674e+04 9.240e+01 7.530e+01
|                ( QUESTION0_1_R 1 -3.523e+03 9.747e+01 1.600e+01
|                    ( - -1.493e+03 1 0)
|                    ( - -1.933e+03 1 0))
|                ( - -1.312e+04 1 0)))))
s>    ( QUESTION2 -1 -7.222e+04 1.784e+02 3.187e+02
s>        ( - -4.646e+04 3 0)
s>        ( SILENCE -1 -2.558e+04 1.360e+02 1.153e+02
s>            ( - -6.477e+03 1 0)
s>            ( QUESTION0 -1 -1.897e+04 1.197e+02 8.524e+01
s>                ( - -2.113e+03 1 0)
s>                ( QUESTION19 -1 -1.674e+04 9.240e+01 7.530e+01
s>                    ( QUESTION0_1_R 1 -3.523e+03 9.747e+01 1.600e+01
s>                        ( - -1.493e+03 1 0)
s>                        ( - -1.933e+03 1 0))
s>                    ( - -1.312e+04 1 0)))))INFO: dtree.c(1315): Comp split 30
INFO: dtree.c(1315): Comp split 31
INFO: dtree.c(1439): stop. leaf nodes are specific
INFO: dtree.c(1478): Final simple tree
|( QUESTION0_1_R 1 -1.563e+04 1.225e+02 7.038e+01
|    ( - -1.424e+04 1 0)
|    ( - -1.276e+03 1 0))
s>    ( QUESTION0_1_R 1 -1.563e+04 1.225e+02 7.038e+01
s>        ( - -1.424e+04 1 0)
s>        ( - -1.276e+03 1 0))INFO: dtree.c(1439): stop. leaf nodes are specific
INFO: dtree.c(1478): Final simple tree
|( QUESTION0_1_R 1 -1.306e+04 1.139e+02 5.977e+01
|    ( - -1.109e+04 1 0)
|    ( - -1.858e+03 1 0))
s>    ( QUESTION0_1_R 1 -1.306e+04 1.139e+02 5.977e+01
s>        ( - -1.109e+04 1 0)
s>        ( - -1.858e+03 1 0))INFO: dtree.c(1315): Comp split 32
INFO: dtree.c(1439): stop. leaf nodes are specific
INFO: dtree.c(1478): Final simple tree
|( QUESTION0_13_R 1 -8.916e+03 1.624e+02 4.070e+01
|    ( - -2.881e+03 1 0)
|    ( QUESTION0_1_R 1 -5.873e+03 1.346e+02 2.700e+01
|        ( - -9.387e+02 1 0)
|        ( - -4.800e+03 1 0)))
s>    ( QUESTION0_13_R 1 -8.916e+03 1.624e+02 4.070e+01
s>        ( - -2.881e+03 1 0)
s>        ( QUESTION0_1_R 1 -5.873e+03 1.346e+02 2.700e+01
s>            ( - -9.387e+02 1 0)
s>            ( - -4.800e+03 1 0)))INFO: dtree.c(1439): stop. leaf nodes are specific
INFO: dtree.c(1478): Final simple tree
|( QUESTION0_2_R 1 -1.295e+04 1.668e+02 5.900e+01
|    ( - -7.531e+03 1 0)
|    ( QUESTION0_1_R 1 -5.249e+03 1.499e+02 2.500e+01
|        ( - -1.821e+03 1 0)
|        ( - -3.278e+03 1 0)))
s>    ( QUESTION0_2_R 1 -1.295e+04 1.668e+02 5.900e+01
s>        ( - -7.531e+03 1 0)
s>        ( QUESTION0_1_R 1 -5.249e+03 1.499e+02 2.500e+01
s>            ( - -1.821e+03 1 0)
s>            ( - -3.278e+03 1 0)))INFO: dtree.c(1315): Comp split 33
INFO: dtree.c(1439): stop. leaf nodes are specific
INFO: dtree.c(1478): Final simple tree
|( SILENCE -1 -7.646e+03 1.464e+02 3.404e+01
|    ( - -5.553e+02 1 0)
|    ( QUESTION0_1_R 1 -6.945e+03 8.632e+01 3.104e+01
|        ( - -3.111e+03 1 0)
|        ( - -3.747e+03 1 0)))
s>    ( SILENCE -1 -7.646e+03 1.464e+02 3.404e+01
s>        ( - -5.553e+02 1 0)
s>        ( QUESTION0_1_R 1 -6.945e+03 8.632e+01 3.104e+01
s>            ( - -3.111e+03 1 0)
s>            ( - -3.747e+03 1 0)))INFO: dtree.c(1439): stop. leaf nodes are specific
INFO: dtree.c(1478): Final simple tree
|( QUESTION1 -1 -1.031e+04 1.635e+02 4.460e+01
|    ( - -6.539e+03 1 0)
|    ( QUESTION0_13_R 1 -3.609e+03 9.755e+01 1.600e+01
|        ( - -2.644e+03 1 0)
|        ( - -8.681e+02 1 0)))
s>    ( QUESTION1 -1 -1.031e+04 1.635e+02 4.460e+01
s>        ( - -6.539e+03 1 0)
s>        ( QUESTION0_13_R 1 -3.609e+03 9.755e+01 1.600e+01
s>            ( - -2.644e+03 1 0)
s>            ( - -8.681e+02 1 0)))INFO: dtree.c(1315): Comp split 34
INFO: dtree.c(1439): stop. leaf nodes are specific
INFO: dtree.c(1478): Final simple tree
|( QUESTION6 -1 -1.165e+04 2.055e+02 5.557e+01
|    ( - -2.493e+02 1 0)
|    ( QUESTION13 -1 -1.120e+04 8.918e+01 5.357e+01
|        ( - -2.618e+03 1 0)
|        ( - -8.493e+03 1 0)))
s>    ( QUESTION6 -1 -1.165e+04 2.055e+02 5.557e+01
s>        ( - -2.493e+02 1 0)
s>        ( QUESTION13 -1 -1.120e+04 8.918e+01 5.357e+01
s>            ( - -2.618e+03 1 0)
s>            ( - -8.493e+03 1 0)))INFO: dtree.c(1315): Comp split 35
INFO: dtree.c(1439): stop. leaf nodes are specific
INFO: dtree.c(1478): Final simple tree
|( QUESTION4 -1 -1.033e+04 1.616e+02 4.574e+01
|    ( QUESTION2_3_L -1 -5.585e+03 1.398e+02 2.483e+01
|        ( - -3.774e+03 1 0)
|        ( - -1.671e+03 1 0))
|    ( QUESTION0 -1 -4.582e+03 1.562e+02 2.090e+01
|        ( - -4.118e+03 1 0)
|        ( - -3.078e+02 1 0)))
s>    ( QUESTION4 -1 -1.033e+04 1.616e+02 4.574e+01
s>        ( QUESTION2_3_L -1 -5.585e+03 1.398e+02 2.483e+01
s>            ( - -3.774e+03 1 0)
s>            ( - -1.671e+03 1 0))
s>        ( QUESTION0 -1 -4.582e+03 1.562e+02 2.090e+01
s>            ( - -4.118e+03 1 0)
s>            ( - -3.078e+02 1 0)))INFO: dtree.c(1315): Comp split 36
INFO: dtree.c(1439): stop. leaf nodes are specific
INFO: dtree.c(1478): Final simple tree
|( QUESTION13 -1 -1.120e+04 8.918e+01 5.357e+01
|    ( - -2.618e+03 1 0)
|    ( - -8.493e+03 1 0))
s>    ( QUESTION13 -1 -1.120e+04 8.918e+01 5.357e+01
s>        ( - -2.618e+03 1 0)
s>        ( - -8.493e+03 1 0))INFO: dtree.c(1315): Comp split 37
INFO: dtree.c(1439): stop. leaf nodes are specific
INFO: dtree.c(1478): Final simple tree
|( SILENCE -1 -2.558e+04 1.360e+02 1.153e+02
|    ( - -6.477e+03 1 0)
|    ( QUESTION0 -1 -1.897e+04 1.197e+02 8.524e+01
|        ( - -2.113e+03 1 0)
|        ( QUESTION19 -1 -1.674e+04 9.240e+01 7.530e+01
|            ( QUESTION0_1_R 1 -3.523e+03 9.747e+01 1.600e+01
|                ( - -1.493e+03 1 0)
|                ( - -1.933e+03 1 0))
|            ( - -1.312e+04 1 0))))
s>    ( SILENCE -1 -2.558e+04 1.360e+02 1.153e+02
s>        ( - -6.477e+03 1 0)
s>        ( QUESTION0 -1 -1.897e+04 1.197e+02 8.524e+01
s>            ( - -2.113e+03 1 0)
s>            ( QUESTION19 -1 -1.674e+04 9.240e+01 7.530e+01
s>                ( QUESTION0_1_R 1 -3.523e+03 9.747e+01 1.600e+01
s>                    ( - -1.493e+03 1 0)
s>                    ( - -1.933e+03 1 0))
s>                ( - -1.312e+04 1 0))))INFO: dtree.c(1315): Comp split 38
INFO: dtree.c(1439): stop. leaf nodes are specific
INFO: dtree.c(1478): Final simple tree
|( SILENCE -1 -2.484e+04 1.336e+02 1.140e+02
|    ( - -3.099e+03 1 0)
|    ( - -2.161e+04 3 0))
s>    ( SILENCE -1 -2.484e+04 1.336e+02 1.140e+02
s>        ( - -3.099e+03 1 0)
s>        ( - -2.161e+04 3 0))INFO: dtree.c(1315): Comp split 39
INFO: dtree.c(1439): stop. leaf nodes are specific
INFO: dtree.c(1478): Final simple tree
|( QUESTION0_1_R 1 -5.249e+03 1.499e+02 2.500e+01
|    ( - -1.821e+03 1 0)
|    ( - -3.278e+03 1 0))
s>    ( QUESTION0_1_R 1 -5.249e+03 1.499e+02 2.500e+01
s>        ( - -1.821e+03 1 0)
s>        ( - -3.278e+03 1 0))INFO: dtree.c(1315): Comp split 40
INFO: dtree.c(1315): Comp split 41
INFO: dtree.c(1439): stop. leaf nodes are specific
INFO: dtree.c(1478): Final simple tree
|( QUESTION0_13_R 1 -3.609e+03 9.755e+01 1.600e+01
|    ( - -2.644e+03 1 0)
|    ( - -8.681e+02 1 0))
s>    ( QUESTION0_13_R 1 -3.609e+03 9.755e+01 1.600e+01
s>        ( - -2.644e+03 1 0)
s>        ( - -8.681e+02 1 0))INFO: dtree.c(1315): Comp split 42
INFO: dtree.c(1439): stop. leaf nodes are specific
INFO: dtree.c(1478): Final simple tree
|( QUESTION0_1_R 1 -5.873e+03 1.346e+02 2.700e+01
|    ( - -9.387e+02 1 0)
|    ( - -4.800e+03 1 0))
s>    ( QUESTION0_1_R 1 -5.873e+03 1.346e+02 2.700e+01
s>        ( - -9.387e+02 1 0)
s>        ( - -4.800e+03 1 0))INFO: dtree.c(1315): Comp split 43
INFO: dtree.c(1439): stop. leaf nodes are specific
INFO: dtree.c(1478): Final simple tree
|( QUESTION0 -1 -4.582e+03 1.562e+02 2.090e+01
|    ( - -4.118e+03 1 0)
|    ( - -3.078e+02 1 0))
s>    ( QUESTION0 -1 -4.582e+03 1.562e+02 2.090e+01
s>        ( - -4.118e+03 1 0)
s>        ( - -3.078e+02 1 0))INFO: dtree.c(1439): stop. leaf nodes are specific
INFO: dtree.c(1478): Final simple tree
|( QUESTION2_3_L -1 -5.585e+03 1.398e+02 2.483e+01
|    ( - -3.774e+03 1 0)
|    ( - -1.671e+03 1 0))
s>    ( QUESTION2_3_L -1 -5.585e+03 1.398e+02 2.483e+01
s>        ( - -3.774e+03 1 0)
s>        ( - -1.671e+03 1 0))INFO: dtree.c(1315): Comp split 44
INFO: dtree.c(1315): Comp split 45
INFO: dtree.c(1315): Comp split 46
INFO: dtree.c(1439): stop. leaf nodes are specific
INFO: dtree.c(1478): Final simple tree
|( QUESTION0_1_R 1 -6.945e+03 8.632e+01 3.104e+01
|    ( - -3.111e+03 1 0)
|    ( - -3.747e+03 1 0))
s>    ( QUESTION0_1_R 1 -6.945e+03 8.632e+01 3.104e+01
s>        ( - -3.111e+03 1 0)
s>        ( - -3.747e+03 1 0))INFO: dtree.c(1315): Comp split 47
INFO: dtree.c(1315): Comp split 48
INFO: dtree.c(1315): Comp split 49
INFO: dtree.c(1439): stop. leaf nodes are specific
INFO: dtree.c(1478): Final simple tree
|( QUESTION4 -1 -3.688e+04 1.352e+02 1.628e+02
|    ( - -3.579e+04 4 0)
|    ( - -9.555e+02 1 0))
s>    ( QUESTION4 -1 -3.688e+04 1.352e+02 1.628e+02
s>        ( - -3.579e+04 4 0)
s>        ( - -9.555e+02 1 0))INFO: dtree.c(1315): Comp split 50
INFO: dtree.c(1315): Comp split 51
INFO: dtree.c(1439): stop. leaf nodes are specific
INFO: dtree.c(1478): Final simple tree
|( QUESTION0 -1 -1.897e+04 1.197e+02 8.524e+01
|    ( - -2.113e+03 1 0)
|    ( QUESTION19 -1 -1.674e+04 9.240e+01 7.530e+01
|        ( QUESTION0_1_R 1 -3.523e+03 9.747e+01 1.600e+01
|            ( - -1.493e+03 1 0)
|            ( - -1.933e+03 1 0))
|        ( - -1.312e+04 1 0)))
s>    ( QUESTION0 -1 -1.897e+04 1.197e+02 8.524e+01
s>        ( - -2.113e+03 1 0)
s>        ( QUESTION19 -1 -1.674e+04 9.240e+01 7.530e+01
s>            ( QUESTION0_1_R 1 -3.523e+03 9.747e+01 1.600e+01
s>                ( - -1.493e+03 1 0)
s>                ( - -1.933e+03 1 0))
s>            ( - -1.312e+04 1 0)))INFO: dtree.c(1315): Comp split 52
INFO: dtree.c(1315): Comp split 53
INFO: dtree.c(1315): Comp split 54
INFO: dtree.c(1315): Comp split 55
INFO: dtree.c(1439): stop. leaf nodes are specific
INFO: dtree.c(1478): Final simple tree
|( QUESTION19 -1 -1.471e+04 9.833e+01 6.630e+01
|    ( - -1.493e+03 1 0)
|    ( - -1.312e+04 1 0))
s>    ( QUESTION19 -1 -1.471e+04 9.833e+01 6.630e+01
s>        ( - -1.493e+03 1 0)
s>        ( - -1.312e+04 1 0))INFO: dtree.c(1439): stop. leaf nodes are specific
INFO: dtree.c(1478): Final simple tree
|( QUESTION0_1_R 1 -4.130e+03 8.500e+01 1.894e+01
|    ( - -2.113e+03 1 0)
|    ( - -1.933e+03 1 0))
s>    ( QUESTION0_1_R 1 -4.130e+03 8.500e+01 1.894e+01
s>        ( - -2.113e+03 1 0)
s>        ( - -1.933e+03 1 0))INFO: dtree.c(1315): Comp split 56
INFO: dtree.c(1315): Comp split 57
INFO: dtree.c(1315): Comp split 58
INFO: dtree.c(1315): Comp split 59
INFO: dtree.c(1315): Comp split 60
INFO: dtree.c(1315): Comp split 61
INFO: dtree.c(1315): Comp split 62
INFO: dtree.c(1315): Comp split 63
INFO: dtree.c(1315): Comp split 64
INFO: dtree.c(1315): Comp split 65
INFO: dtree.c(1318): stop. leaf nodes are specific
Mon Jan 30 07:35:45 2017
