Current configuration:
[NAME]		[DEFLT]	[VALUE]
-allphones	no	no
-cntthresh	0.00001	1.000000e-05
-csplitmax	100	2000
-csplitmin	1	1
-csplitthr	8e-4	0.000000e+00
-example	no	no
-fullvar	no	no
-help		no	no
-meanfn			/Users/benroye/forge/cmusphinx/voiceVim/model_parameters/voiceVim.cd_cont_untied/means
-mixwfn			/Users/benroye/forge/cmusphinx/voiceVim/model_parameters/voiceVim.cd_cont_untied/mixture_weights
-moddeffn		/Users/benroye/forge/cmusphinx/voiceVim/model_architecture/voiceVim.untied.mdef
-mwfloor	1e-4	1.000000e-08
-phone			j
-psetfn			/Users/benroye/forge/cmusphinx/voiceVim/model_architecture/voiceVim.tree_questions
-ssplitmax	5	7
-ssplitmin	1	1
-ssplitthr	8e-4	0.000000e+00
-state			1
-stwt			1.0,0.05,0.0,
-treefn			/Users/benroye/forge/cmusphinx/voiceVim/trees/voiceVim.unpruned/j-1.dtree
-ts2cbfn	.semi.	.cont.
-varfloor	0.00001	1.000000e-05
-varfn			/Users/benroye/forge/cmusphinx/voiceVim/model_parameters/voiceVim.cd_cont_untied/variances

INFO: main.c(223): Reading: /Users/benroye/forge/cmusphinx/voiceVim/model_architecture/voiceVim.untied.mdef
INFO: model_def_io.c(573): Model definition info:
INFO: model_def_io.c(574): 2249 total models defined (39 base, 2210 tri)
INFO: model_def_io.c(575): 8996 total states
INFO: model_def_io.c(576): 6747 total tied states
INFO: model_def_io.c(577): 117 total tied CI states
INFO: model_def_io.c(578): 39 total tied transition matrices
INFO: model_def_io.c(579): 4 max state/model
INFO: model_def_io.c(580): 4 min state/model
INFO: main.c(242): Building trees for [j SIL uu b] through [j t uu b]
INFO: main.c(269): Covering states |[2190 2231]| == 42
INFO: main.c(275): Reading: /Users/benroye/forge/cmusphinx/voiceVim/model_parameters/voiceVim.cd_cont_untied/mixture_weights
INFO: s3mixw_io.c(173): Read /Users/benroye/forge/cmusphinx/voiceVim/model_parameters/voiceVim.cd_cont_untied/mixture_weights [42x1x1 array]
INFO: main.c(311): 14 of 14 models have observation count greater than 0.000010
INFO: main.c(95): nrm stwt: 0.045 0.909 0.045 
INFO: s3gau_io.c(169): Read /Users/benroye/forge/cmusphinx/voiceVim/model_parameters/voiceVim.cd_cont_untied/means [6747x1x1 array]
INFO: s3gau_io.c(169): Read /Users/benroye/forge/cmusphinx/voiceVim/model_parameters/voiceVim.cd_cont_untied/variances [6747x1x1 array]
INFO: main.c(549): Reading: /Users/benroye/forge/cmusphinx/voiceVim/model_architecture/voiceVim.tree_questions
INFO: main.c(588): 174 total simple questions (166 phone; 8 word bndry)
INFO: main.c(590): 40 Left Only questions, and 42 Right Only questions
INFO: dtree.c(1478): Final simple tree
|( WDBNDRY_B 0 -5.609e+04 1.095e+03 2.591e+02
|    ( SILENCE -1 -1.591e+04 2.041e+02 7.152e+01
|        ( - -1.027e+03 1 0)
|        ( QUESTION4 -1 -1.468e+04 1.210e+02 6.552e+01
|            ( - -5.219e+03 2 0 QUESTION2_0_L -1 1.126e+02 2.362e+01)
|            ( - -9.342e+03 4 0 QUESTION2 -1 1.131e+02 4.190e+01)))
|    ( SILENCE 1 -3.909e+04 4.407e+02 1.876e+02
|        ( - 1.917e+02 1 0)
|        ( QUESTION2 1 -3.884e+04 2.490e+02 1.866e+02
|            ( - -1.732e+04 2 0)
|            ( QUESTION16 1 -2.127e+04 1.677e+02 1.009e+02
|                ( - -1.588e+03 1 0)
|                ( QUESTION0_8_R 1 -1.951e+04 1.440e+02 9.295e+01
|                    ( - -9.055e+03 1 0)
|                    ( - -1.031e+04 2 0 QUESTION0_1_R 1 8.571e+01 5.103e+01))))))
s>    ( WDBNDRY_B 0 -5.609e+04 1.095e+03 2.591e+02
s>        ( SILENCE -1 -1.591e+04 2.041e+02 7.152e+01
s>            ( - -1.027e+03 1 0)
s>            ( QUESTION4 -1 -1.468e+04 1.210e+02 6.552e+01
s>                ( - -5.219e+03 2 0 QUESTION2_0_L -1 1.126e+02 2.362e+01)
s>                ( - -9.342e+03 4 0 QUESTION2 -1 1.131e+02 4.190e+01)))
s>        ( SILENCE 1 -3.909e+04 4.407e+02 1.876e+02
s>            ( - 1.917e+02 1 0)
s>            ( QUESTION2 1 -3.884e+04 2.490e+02 1.866e+02
s>                ( - -1.732e+04 2 0)
s>                ( QUESTION16 1 -2.127e+04 1.677e+02 1.009e+02
s>                    ( - -1.588e+03 1 0)
s>                    ( QUESTION0_8_R 1 -1.951e+04 1.440e+02 9.295e+01
s>                        ( - -9.055e+03 1 0)
s>                        ( - -1.031e+04 2 0 QUESTION0_1_R 1 8.571e+01 5.103e+01))))))INFO: dtree.c(1315): Comp split 0
INFO: dtree.c(1439): stop. leaf nodes are specific
INFO: dtree.c(1478): Final simple tree
|( SILENCE 1 -3.909e+04 4.407e+02 1.876e+02
|    ( - 1.917e+02 1 0)
|    ( QUESTION2 1 -3.884e+04 2.490e+02 1.866e+02
|        ( - -1.732e+04 2 0)
|        ( QUESTION16 1 -2.127e+04 1.677e+02 1.009e+02
|            ( - -1.588e+03 1 0)
|            ( QUESTION0_8_R 1 -1.951e+04 1.440e+02 9.295e+01
|                ( - -9.055e+03 1 0)
|                ( QUESTION0_1_R 1 -1.031e+04 8.571e+01 5.103e+01
|                    ( - -3.769e+03 1 0)
|                    ( - -6.456e+03 1 0))))))
s>    ( SILENCE 1 -3.909e+04 4.407e+02 1.876e+02
s>        ( - 1.917e+02 1 0)
s>        ( QUESTION2 1 -3.884e+04 2.490e+02 1.866e+02
s>            ( - -1.732e+04 2 0)
s>            ( QUESTION16 1 -2.127e+04 1.677e+02 1.009e+02
s>                ( - -1.588e+03 1 0)
s>                ( QUESTION0_8_R 1 -1.951e+04 1.440e+02 9.295e+01
s>                    ( - -9.055e+03 1 0)
s>                    ( QUESTION0_1_R 1 -1.031e+04 8.571e+01 5.103e+01
s>                        ( - -3.769e+03 1 0)
s>                        ( - -6.456e+03 1 0))))))INFO: dtree.c(1439): stop. leaf nodes are specific
INFO: dtree.c(1478): Final simple tree
|( SILENCE -1 -1.591e+04 2.041e+02 7.152e+01
|    ( - -1.027e+03 1 0)
|    ( QUESTION4 -1 -1.468e+04 1.210e+02 6.552e+01
|        ( QUESTION2_0_L -1 -5.219e+03 1.126e+02 2.362e+01
|            ( - -7.305e+02 1 0)
|            ( - -4.376e+03 1 0))
|        ( QUESTION2 -1 -9.342e+03 1.131e+02 4.190e+01
|            ( - -9.460e+02 1 0)
|            ( QUESTION6 -1 -8.283e+03 1.201e+02 3.690e+01
|                ( - -1.823e+03 1 0)
|                ( QUESTION0 -1 -6.340e+03 9.594e+01 2.790e+01
|                    ( - -2.773e+03 1 0)
|                    ( - -3.471e+03 1 0))))))
s>    ( SILENCE -1 -1.591e+04 2.041e+02 7.152e+01
s>        ( - -1.027e+03 1 0)
s>        ( QUESTION4 -1 -1.468e+04 1.210e+02 6.552e+01
s>            ( QUESTION2_0_L -1 -5.219e+03 1.126e+02 2.362e+01
s>                ( - -7.305e+02 1 0)
s>                ( - -4.376e+03 1 0))
s>            ( QUESTION2 -1 -9.342e+03 1.131e+02 4.190e+01
s>                ( - -9.460e+02 1 0)
s>                ( QUESTION6 -1 -8.283e+03 1.201e+02 3.690e+01
s>                    ( - -1.823e+03 1 0)
s>                    ( QUESTION0 -1 -6.340e+03 9.594e+01 2.790e+01
s>                        ( - -2.773e+03 1 0)
s>                        ( - -3.471e+03 1 0))))))INFO: dtree.c(1315): Comp split 1
INFO: dtree.c(1439): stop. leaf nodes are specific
INFO: dtree.c(1478): Final simple tree
|( QUESTION2 1 -3.884e+04 2.490e+02 1.866e+02
|    ( - -1.732e+04 2 0)
|    ( QUESTION16 1 -2.127e+04 1.677e+02 1.009e+02
|        ( - -1.588e+03 1 0)
|        ( QUESTION0_8_R 1 -1.951e+04 1.440e+02 9.295e+01
|            ( - -9.055e+03 1 0)
|            ( QUESTION0_1_R 1 -1.031e+04 8.571e+01 5.103e+01
|                ( - -3.769e+03 1 0)
|                ( - -6.456e+03 1 0)))))
s>    ( QUESTION2 1 -3.884e+04 2.490e+02 1.866e+02
s>        ( - -1.732e+04 2 0)
s>        ( QUESTION16 1 -2.127e+04 1.677e+02 1.009e+02
s>            ( - -1.588e+03 1 0)
s>            ( QUESTION0_8_R 1 -1.951e+04 1.440e+02 9.295e+01
s>                ( - -9.055e+03 1 0)
s>                ( QUESTION0_1_R 1 -1.031e+04 8.571e+01 5.103e+01
s>                    ( - -3.769e+03 1 0)
s>                    ( - -6.456e+03 1 0)))))INFO: dtree.c(1315): Comp split 2
INFO: dtree.c(1439): stop. leaf nodes are specific
INFO: dtree.c(1478): Final simple tree
|( QUESTION16 1 -2.127e+04 1.677e+02 1.009e+02
|    ( - -1.588e+03 1 0)
|    ( QUESTION0_8_R 1 -1.951e+04 1.440e+02 9.295e+01
|        ( - -9.055e+03 1 0)
|        ( QUESTION0_1_R 1 -1.031e+04 8.571e+01 5.103e+01
|            ( - -3.769e+03 1 0)
|            ( - -6.456e+03 1 0))))
s>    ( QUESTION16 1 -2.127e+04 1.677e+02 1.009e+02
s>        ( - -1.588e+03 1 0)
s>        ( QUESTION0_8_R 1 -1.951e+04 1.440e+02 9.295e+01
s>            ( - -9.055e+03 1 0)
s>            ( QUESTION0_1_R 1 -1.031e+04 8.571e+01 5.103e+01
s>                ( - -3.769e+03 1 0)
s>                ( - -6.456e+03 1 0))))INFO: dtree.c(1315): Comp split 3
INFO: dtree.c(1439): stop. leaf nodes are specific
INFO: dtree.c(1478): Final simple tree
|( QUESTION4 -1 -1.468e+04 1.210e+02 6.552e+01
|    ( QUESTION2_0_L -1 -5.219e+03 1.126e+02 2.362e+01
|        ( - -7.305e+02 1 0)
|        ( - -4.376e+03 1 0))
|    ( QUESTION2 -1 -9.342e+03 1.131e+02 4.190e+01
|        ( - -9.460e+02 1 0)
|        ( QUESTION6 -1 -8.283e+03 1.201e+02 3.690e+01
|            ( - -1.823e+03 1 0)
|            ( QUESTION0 -1 -6.340e+03 9.594e+01 2.790e+01
|                ( - -2.773e+03 1 0)
|                ( - -3.471e+03 1 0)))))
s>    ( QUESTION4 -1 -1.468e+04 1.210e+02 6.552e+01
s>        ( QUESTION2_0_L -1 -5.219e+03 1.126e+02 2.362e+01
s>            ( - -7.305e+02 1 0)
s>            ( - -4.376e+03 1 0))
s>        ( QUESTION2 -1 -9.342e+03 1.131e+02 4.190e+01
s>            ( - -9.460e+02 1 0)
s>            ( QUESTION6 -1 -8.283e+03 1.201e+02 3.690e+01
s>                ( - -1.823e+03 1 0)
s>                ( QUESTION0 -1 -6.340e+03 9.594e+01 2.790e+01
s>                    ( - -2.773e+03 1 0)
s>                    ( - -3.471e+03 1 0)))))INFO: dtree.c(1315): Comp split 4
INFO: dtree.c(1439): stop. leaf nodes are specific
INFO: dtree.c(1478): Final simple tree
|( QUESTION0_8_R 1 -1.951e+04 1.440e+02 9.295e+01
|    ( - -9.055e+03 1 0)
|    ( QUESTION0_1_R 1 -1.031e+04 8.571e+01 5.103e+01
|        ( - -3.769e+03 1 0)
|        ( - -6.456e+03 1 0)))
s>    ( QUESTION0_8_R 1 -1.951e+04 1.440e+02 9.295e+01
s>        ( - -9.055e+03 1 0)
s>        ( QUESTION0_1_R 1 -1.031e+04 8.571e+01 5.103e+01
s>            ( - -3.769e+03 1 0)
s>            ( - -6.456e+03 1 0)))INFO: dtree.c(1315): Comp split 5
INFO: dtree.c(1439): stop. leaf nodes are specific
INFO: dtree.c(1478): Final simple tree
|( QUESTION0_1_R 1 -1.031e+04 8.571e+01 5.103e+01
|    ( - -3.769e+03 1 0)
|    ( - -6.456e+03 1 0))
s>    ( QUESTION0_1_R 1 -1.031e+04 8.571e+01 5.103e+01
s>        ( - -3.769e+03 1 0)
s>        ( - -6.456e+03 1 0))INFO: dtree.c(1315): Comp split 6
INFO: dtree.c(1439): stop. leaf nodes are specific
INFO: dtree.c(1478): Final simple tree
|( QUESTION5 -1 -1.168e+04 1.192e+02 5.152e+01
|    ( - -3.471e+03 1 0)
|    ( QUESTION2_2_L -1 -8.087e+03 1.163e+02 3.662e+01
|        ( - -7.305e+02 1 0)
|        ( QUESTION0 -1 -7.240e+03 9.116e+01 3.262e+01
|            ( - -2.773e+03 1 0)
|            ( - -4.376e+03 1 0))))
s>    ( QUESTION5 -1 -1.168e+04 1.192e+02 5.152e+01
s>        ( - -3.471e+03 1 0)
s>        ( QUESTION2_2_L -1 -8.087e+03 1.163e+02 3.662e+01
s>            ( - -7.305e+02 1 0)
s>            ( QUESTION0 -1 -7.240e+03 9.116e+01 3.262e+01
s>                ( - -2.773e+03 1 0)
s>                ( - -4.376e+03 1 0))))INFO: dtree.c(1439): stop. leaf nodes are specific
INFO: dtree.c(1478): Final simple tree
|( QUESTION0 -1 -2.874e+03 1.051e+02 1.400e+01
|    ( - -9.460e+02 1 0)
|    ( - -1.823e+03 1 0))
s>    ( QUESTION0 -1 -2.874e+03 1.051e+02 1.400e+01
s>        ( - -9.460e+02 1 0)
s>        ( - -1.823e+03 1 0))INFO: dtree.c(1315): Comp split 7
INFO: dtree.c(1439): stop. leaf nodes are specific
INFO: dtree.c(1478): Final simple tree
|( QUESTION0 -1 -7.240e+03 9.116e+01 3.262e+01
|    ( - -2.773e+03 1 0)
|    ( - -4.376e+03 1 0))
s>    ( QUESTION0 -1 -7.240e+03 9.116e+01 3.262e+01
s>        ( - -2.773e+03 1 0)
s>        ( - -4.376e+03 1 0))INFO: dtree.c(1439): stop. leaf nodes are specific
INFO: dtree.c(1478): Final simple tree
|( QUESTION4 -1 -4.317e+03 1.163e+02 1.890e+01
|    ( - -7.305e+02 1 0)
|    ( - -3.471e+03 1 0))
s>    ( QUESTION4 -1 -4.317e+03 1.163e+02 1.890e+01
s>        ( - -7.305e+02 1 0)
s>        ( - -3.471e+03 1 0))INFO: dtree.c(1315): Comp split 8
INFO: dtree.c(1315): Comp split 9
INFO: dtree.c(1315): Comp split 10
INFO: dtree.c(1315): Comp split 11
INFO: dtree.c(1315): Comp split 12
INFO: dtree.c(1318): stop. leaf nodes are specific
Mon Jan 30 07:35:46 2017
