Current configuration:
[NAME]		[DEFLT]	[VALUE]
-allphones	no	no
-cntthresh	0.00001	1.000000e-05
-csplitmax	100	2000
-csplitmin	1	1
-csplitthr	8e-4	0.000000e+00
-example	no	no
-fullvar	no	no
-help		no	no
-meanfn			/Users/benroye/forge/cmusphinx/voiceVim/model_parameters/voiceVim.cd_cont_untied/means
-mixwfn			/Users/benroye/forge/cmusphinx/voiceVim/model_parameters/voiceVim.cd_cont_untied/mixture_weights
-moddeffn		/Users/benroye/forge/cmusphinx/voiceVim/model_architecture/voiceVim.untied.mdef
-mwfloor	1e-4	1.000000e-08
-phone			f
-psetfn			/Users/benroye/forge/cmusphinx/voiceVim/model_architecture/voiceVim.tree_questions
-ssplitmax	5	7
-ssplitmin	1	1
-ssplitthr	8e-4	0.000000e+00
-state			0
-stwt			1.0,0.05,0.0,
-treefn			/Users/benroye/forge/cmusphinx/voiceVim/trees/voiceVim.unpruned/f-0.dtree
-ts2cbfn	.semi.	.cont.
-varfloor	0.00001	1.000000e-05
-varfn			/Users/benroye/forge/cmusphinx/voiceVim/model_parameters/voiceVim.cd_cont_untied/variances

INFO: main.c(223): Reading: /Users/benroye/forge/cmusphinx/voiceVim/model_architecture/voiceVim.untied.mdef
INFO: model_def_io.c(573): Model definition info:
INFO: model_def_io.c(574): 2249 total models defined (39 base, 2210 tri)
INFO: model_def_io.c(575): 8996 total states
INFO: model_def_io.c(576): 6747 total tied states
INFO: model_def_io.c(577): 117 total tied CI states
INFO: model_def_io.c(578): 39 total tied transition matrices
INFO: model_def_io.c(579): 4 max state/model
INFO: model_def_io.c(580): 4 min state/model
INFO: main.c(242): Building trees for [f SIL ah b] through [f z ah b]
INFO: main.c(269): Covering states |[1446 1622]| == 177
INFO: main.c(275): Reading: /Users/benroye/forge/cmusphinx/voiceVim/model_parameters/voiceVim.cd_cont_untied/mixture_weights
INFO: s3mixw_io.c(173): Read /Users/benroye/forge/cmusphinx/voiceVim/model_parameters/voiceVim.cd_cont_untied/mixture_weights [177x1x1 array]
INFO: main.c(311): 59 of 59 models have observation count greater than 0.000010
INFO: main.c(95): nrm stwt: 0.952 0.048 0.000 
INFO: s3gau_io.c(169): Read /Users/benroye/forge/cmusphinx/voiceVim/model_parameters/voiceVim.cd_cont_untied/means [6747x1x1 array]
INFO: s3gau_io.c(169): Read /Users/benroye/forge/cmusphinx/voiceVim/model_parameters/voiceVim.cd_cont_untied/variances [6747x1x1 array]
INFO: main.c(549): Reading: /Users/benroye/forge/cmusphinx/voiceVim/model_architecture/voiceVim.tree_questions
INFO: main.c(588): 174 total simple questions (166 phone; 8 word bndry)
INFO: main.c(590): 40 Left Only questions, and 42 Right Only questions
INFO: dtree.c(1478): Final simple tree
|( QUESTION2_18_L -1 -4.499e+05 2.814e+03 2.135e+03
|    ( QUESTION0_0_R 1 -2.345e+05 9.435e+02 1.145e+03
|        ( - -5.792e+04 9 0 QUESTION0_9_R 1 2.404e+02 2.861e+02)
|        ( - -1.757e+05 5 0 WDBNDRY_I 0 2.423e+02 8.592e+02))
|    ( QUESTION2_13_L -1 -2.125e+05 1.488e+03 9.897e+02
|        ( - -7.047e+04 1 0)
|        ( WDBNDRY_B 0 -1.406e+05 9.150e+02 6.497e+02
|            ( QUESTION1 -1 -8.454e+04 5.741e+02 3.909e+02
|                ( - -1.851e+04 3 0 QUESTION0_0_R 1 3.341e+02 9.220e+01)
|                ( QUESTION0_0_R 1 -6.545e+04 5.599e+02 2.986e+02
|                    ( - -3.459e+04 20 0 QUESTION2_4_L -1 4.504e+02 1.617e+02)
|                    ( - -3.031e+04 9 0 QUESTION3 -1 6.549e+02 1.369e+02)))
|            ( QUESTION0_16_R 1 -5.511e+04 7.161e+02 2.589e+02
|                ( - -1.879e+04 1 0)
|                ( - -3.560e+04 11 0 QUESTION0_1_R 1 2.450e+02 1.692e+02)))))
s>    ( QUESTION2_18_L -1 -4.499e+05 2.814e+03 2.135e+03
s>        ( QUESTION0_0_R 1 -2.345e+05 9.435e+02 1.145e+03
s>            ( - -5.792e+04 9 0 QUESTION0_9_R 1 2.404e+02 2.861e+02)
s>            ( - -1.757e+05 5 0 WDBNDRY_I 0 2.423e+02 8.592e+02))
s>        ( QUESTION2_13_L -1 -2.125e+05 1.488e+03 9.897e+02
s>            ( - -7.047e+04 1 0)
s>            ( WDBNDRY_B 0 -1.406e+05 9.150e+02 6.497e+02
s>                ( QUESTION1 -1 -8.454e+04 5.741e+02 3.909e+02
s>                    ( - -1.851e+04 3 0 QUESTION0_0_R 1 3.341e+02 9.220e+01)
s>                    ( QUESTION0_0_R 1 -6.545e+04 5.599e+02 2.986e+02
s>                        ( - -3.459e+04 20 0 QUESTION2_4_L -1 4.504e+02 1.617e+02)
s>                        ( - -3.031e+04 9 0 QUESTION3 -1 6.549e+02 1.369e+02)))
s>                ( QUESTION0_16_R 1 -5.511e+04 7.161e+02 2.589e+02
s>                    ( - -1.879e+04 1 0)
s>                    ( - -3.560e+04 11 0 QUESTION0_1_R 1 2.450e+02 1.692e+02)))))INFO: dtree.c(1315): Comp split 0
INFO: dtree.c(1478): Final simple tree
|( QUESTION2_13_L -1 -2.125e+05 1.488e+03 9.897e+02
|    ( - -7.047e+04 1 0)
|    ( WDBNDRY_B 0 -1.406e+05 9.150e+02 6.497e+02
|        ( QUESTION1 -1 -8.454e+04 5.741e+02 3.909e+02
|            ( - -1.851e+04 3 0 QUESTION0_0_R 1 3.341e+02 9.220e+01)
|            ( QUESTION0_0_R 1 -6.545e+04 5.599e+02 2.986e+02
|                ( QUESTION2_4_L -1 -3.459e+04 4.504e+02 1.617e+02
|                    ( - 2.180e+02 1 0)
|                    ( - -3.435e+04 19 0 QUESTION9 -1 4.485e+02 1.607e+02))
|                ( QUESTION3 -1 -3.031e+04 6.549e+02 1.369e+02
|                    ( - -1.610e+04 6 0 QUESTION2_0_L -1 2.552e+02 7.887e+01)
|                    ( - -1.355e+04 3 0 SILENCE -1 1.352e+02 5.803e+01))))
|        ( QUESTION0_16_R 1 -5.511e+04 7.161e+02 2.589e+02
|            ( - -1.879e+04 1 0)
|            ( - -3.560e+04 11 0 QUESTION0_1_R 1 2.450e+02 1.692e+02))))
s>    ( QUESTION2_13_L -1 -2.125e+05 1.488e+03 9.897e+02
s>        ( - -7.047e+04 1 0)
s>        ( WDBNDRY_B 0 -1.406e+05 9.150e+02 6.497e+02
s>            ( QUESTION1 -1 -8.454e+04 5.741e+02 3.909e+02
s>                ( - -1.851e+04 3 0 QUESTION0_0_R 1 3.341e+02 9.220e+01)
s>                ( QUESTION0_0_R 1 -6.545e+04 5.599e+02 2.986e+02
s>                    ( QUESTION2_4_L -1 -3.459e+04 4.504e+02 1.617e+02
s>                        ( - 2.180e+02 1 0)
s>                        ( - -3.435e+04 19 0 QUESTION9 -1 4.485e+02 1.607e+02))
s>                    ( QUESTION3 -1 -3.031e+04 6.549e+02 1.369e+02
s>                        ( - -1.610e+04 6 0 QUESTION2_0_L -1 2.552e+02 7.887e+01)
s>                        ( - -1.355e+04 3 0 SILENCE -1 1.352e+02 5.803e+01))))
s>            ( QUESTION0_16_R 1 -5.511e+04 7.161e+02 2.589e+02
s>                ( - -1.879e+04 1 0)
s>                ( - -3.560e+04 11 0 QUESTION0_1_R 1 2.450e+02 1.692e+02))))INFO: dtree.c(1478): Final simple tree
|( QUESTION0_0_R 1 -2.345e+05 9.435e+02 1.145e+03
|    ( QUESTION0_9_R 1 -5.792e+04 2.404e+02 2.861e+02
|        ( - -8.117e+03 2 0 QUESTION0_10_R 1 1.655e+02 3.982e+01)
|        ( QUESTION11 1 -4.956e+04 2.120e+02 2.463e+02
|            ( - -2.908e+03 1 0)
|            ( QUESTION0_5_R 1 -4.644e+04 1.732e+02 2.313e+02
|                ( - -2.889e+03 1 0)
|                ( QUESTION0_1_R 1 -4.338e+04 2.042e+02 2.163e+02
|                    ( - -1.018e+04 3 0 QUESTION0_4_R 1 1.289e+02 5.091e+01)
|                    ( - -3.299e+04 2 0 QUESTION4 1 1.677e+02 1.654e+02)))))
|    ( WDBNDRY_I 0 -1.757e+05 2.423e+02 8.592e+02
|        ( - -1.723e+05 1 0)
|        ( WDBNDRY_B 0 -3.155e+03 2.111e+02 1.518e+01
|            ( - -5.150e+02 2 0)
|            ( - -2.429e+03 2 0 SILENCE 1 1.412e+02 1.218e+01))))
s>    ( QUESTION0_0_R 1 -2.345e+05 9.435e+02 1.145e+03
s>        ( QUESTION0_9_R 1 -5.792e+04 2.404e+02 2.861e+02
s>            ( - -8.117e+03 2 0 QUESTION0_10_R 1 1.655e+02 3.982e+01)
s>            ( QUESTION11 1 -4.956e+04 2.120e+02 2.463e+02
s>                ( - -2.908e+03 1 0)
s>                ( QUESTION0_5_R 1 -4.644e+04 1.732e+02 2.313e+02
s>                    ( - -2.889e+03 1 0)
s>                    ( QUESTION0_1_R 1 -4.338e+04 2.042e+02 2.163e+02
s>                        ( - -1.018e+04 3 0 QUESTION0_4_R 1 1.289e+02 5.091e+01)
s>                        ( - -3.299e+04 2 0 QUESTION4 1 1.677e+02 1.654e+02)))))
s>        ( WDBNDRY_I 0 -1.757e+05 2.423e+02 8.592e+02
s>            ( - -1.723e+05 1 0)
s>            ( WDBNDRY_B 0 -3.155e+03 2.111e+02 1.518e+01
s>                ( - -5.150e+02 2 0)
s>                ( - -2.429e+03 2 0 SILENCE 1 1.412e+02 1.218e+01))))INFO: dtree.c(1315): Comp split 1
INFO: dtree.c(1439): stop. leaf nodes are specific
INFO: dtree.c(1478): Final simple tree
|( SILENCE -1 -1.355e+04 1.352e+02 5.803e+01
|    ( - -6.255e+03 1 0)
|    ( - -7.162e+03 2 0))
s>    ( SILENCE -1 -1.355e+04 1.352e+02 5.803e+01
s>        ( - -6.255e+03 1 0)
s>        ( - -7.162e+03 2 0))INFO: dtree.c(1478): Final simple tree
|( QUESTION2_13_L -1 -1.974e+05 1.251e+03 9.316e+02
|    ( - -7.047e+04 1 0)
|    ( WDBNDRY_B 0 -1.257e+05 7.911e+02 5.917e+02
|        ( QUESTION9 -1 -6.981e+04 4.475e+02 3.328e+02
|            ( - 2.424e+02 1 0)
|            ( QUESTION8 -1 -6.961e+04 4.697e+02 3.318e+02
|                ( - 2.200e+02 1 0)
|                ( QUESTION0_0_R 1 -6.936e+04 3.521e+02 3.308e+02
|                    ( QUESTION2_4_L -1 -4.050e+04 4.496e+02 1.900e+02
|                        ( - 2.180e+02 1 0)
|                        ( - -4.027e+04 19 0 QUESTION6 -1 3.039e+02 1.890e+02))
|                    ( - -2.850e+04 7 0 QUESTION2_0_L -1 3.553e+02 1.408e+02))))
|        ( QUESTION0_16_R 1 -5.511e+04 7.161e+02 2.589e+02
|            ( - -1.879e+04 1 0)
|            ( - -3.560e+04 11 0 QUESTION0_1_R 1 2.450e+02 1.692e+02))))
s>    ( QUESTION2_13_L -1 -1.974e+05 1.251e+03 9.316e+02
s>        ( - -7.047e+04 1 0)
s>        ( WDBNDRY_B 0 -1.257e+05 7.911e+02 5.917e+02
s>            ( QUESTION9 -1 -6.981e+04 4.475e+02 3.328e+02
s>                ( - 2.424e+02 1 0)
s>                ( QUESTION8 -1 -6.961e+04 4.697e+02 3.318e+02
s>                    ( - 2.200e+02 1 0)
s>                    ( QUESTION0_0_R 1 -6.936e+04 3.521e+02 3.308e+02
s>                        ( QUESTION2_4_L -1 -4.050e+04 4.496e+02 1.900e+02
s>                            ( - 2.180e+02 1 0)
s>                            ( - -4.027e+04 19 0 QUESTION6 -1 3.039e+02 1.890e+02))
s>                        ( - -2.850e+04 7 0 QUESTION2_0_L -1 3.553e+02 1.408e+02))))
s>            ( QUESTION0_16_R 1 -5.511e+04 7.161e+02 2.589e+02
s>                ( - -1.879e+04 1 0)
s>                ( - -3.560e+04 11 0 QUESTION0_1_R 1 2.450e+02 1.692e+02))))INFO: dtree.c(1315): Comp split 2
INFO: dtree.c(1478): Final simple tree
|( WDBNDRY_B 0 -1.257e+05 7.911e+02 5.917e+02
|    ( QUESTION9 -1 -6.981e+04 4.475e+02 3.328e+02
|        ( - 2.424e+02 1 0)
|        ( QUESTION8 -1 -6.961e+04 4.697e+02 3.318e+02
|            ( - 2.200e+02 1 0)
|            ( QUESTION0_0_R 1 -6.936e+04 3.521e+02 3.308e+02
|                ( QUESTION2_4_L -1 -4.050e+04 4.496e+02 1.900e+02
|                    ( - 2.180e+02 1 0)
|                    ( - -4.027e+04 19 0 QUESTION6 -1 3.039e+02 1.890e+02))
|                ( QUESTION2_0_L -1 -2.850e+04 3.553e+02 1.408e+02
|                    ( - -2.360e+04 5 0 QUESTION0 -1 1.946e+02 1.190e+02)
|                    ( - -4.547e+03 2 0)))))
|    ( QUESTION0_16_R 1 -5.511e+04 7.161e+02 2.589e+02
|        ( - -1.879e+04 1 0)
|        ( - -3.560e+04 11 0 QUESTION0_1_R 1 2.450e+02 1.692e+02)))
s>    ( WDBNDRY_B 0 -1.257e+05 7.911e+02 5.917e+02
s>        ( QUESTION9 -1 -6.981e+04 4.475e+02 3.328e+02
s>            ( - 2.424e+02 1 0)
s>            ( QUESTION8 -1 -6.961e+04 4.697e+02 3.318e+02
s>                ( - 2.200e+02 1 0)
s>                ( QUESTION0_0_R 1 -6.936e+04 3.521e+02 3.308e+02
s>                    ( QUESTION2_4_L -1 -4.050e+04 4.496e+02 1.900e+02
s>                        ( - 2.180e+02 1 0)
s>                        ( - -4.027e+04 19 0 QUESTION6 -1 3.039e+02 1.890e+02))
s>                    ( QUESTION2_0_L -1 -2.850e+04 3.553e+02 1.408e+02
s>                        ( - -2.360e+04 5 0 QUESTION0 -1 1.946e+02 1.190e+02)
s>                        ( - -4.547e+03 2 0)))))
s>        ( QUESTION0_16_R 1 -5.511e+04 7.161e+02 2.589e+02
s>            ( - -1.879e+04 1 0)
s>            ( - -3.560e+04 11 0 QUESTION0_1_R 1 2.450e+02 1.692e+02)))INFO: dtree.c(1315): Comp split 3
INFO: dtree.c(1478): Final simple tree
|( QUESTION0_9_R 1 -5.863e+04 2.312e+02 2.891e+02
|    ( QUESTION0_10_R 1 -8.117e+03 1.655e+02 3.982e+01
|        ( - -5.170e+03 1 0)
|        ( - -2.781e+03 1 0))
|    ( WDBNDRY_B 0 -5.028e+04 2.092e+02 2.493e+02
|        ( - -5.150e+02 2 0)
|        ( QUESTION11 1 -4.956e+04 2.120e+02 2.463e+02
|            ( - -2.908e+03 1 0)
|            ( QUESTION0_5_R 1 -4.644e+04 1.732e+02 2.313e+02
|                ( - -2.889e+03 1 0)
|                ( QUESTION0_1_R 1 -4.338e+04 2.042e+02 2.163e+02
|                    ( - -1.018e+04 3 0 QUESTION0_4_R 1 1.289e+02 5.091e+01)
|                    ( QUESTION4 1 -3.299e+04 1.677e+02 1.654e+02
|                        ( - -2.797e+04 1 0)
|                        ( - -4.853e+03 1 0)))))))
s>    ( QUESTION0_9_R 1 -5.863e+04 2.312e+02 2.891e+02
s>        ( QUESTION0_10_R 1 -8.117e+03 1.655e+02 3.982e+01
s>            ( - -5.170e+03 1 0)
s>            ( - -2.781e+03 1 0))
s>        ( WDBNDRY_B 0 -5.028e+04 2.092e+02 2.493e+02
s>            ( - -5.150e+02 2 0)
s>            ( QUESTION11 1 -4.956e+04 2.120e+02 2.463e+02
s>                ( - -2.908e+03 1 0)
s>                ( QUESTION0_5_R 1 -4.644e+04 1.732e+02 2.313e+02
s>                    ( - -2.889e+03 1 0)
s>                    ( QUESTION0_1_R 1 -4.338e+04 2.042e+02 2.163e+02
s>                        ( - -1.018e+04 3 0 QUESTION0_4_R 1 1.289e+02 5.091e+01)
s>                        ( QUESTION4 1 -3.299e+04 1.677e+02 1.654e+02
s>                            ( - -2.797e+04 1 0)
s>                            ( - -4.853e+03 1 0)))))))INFO: dtree.c(1439): stop. leaf nodes are specific
INFO: dtree.c(1478): Final simple tree
|( WDBNDRY_E 0 -1.749e+05 2.319e+02 8.562e+02
|    ( SILENCE 1 -2.429e+03 1.412e+02 1.218e+01
|        ( - -1.366e+03 1 0)
|        ( - -9.214e+02 1 0))
|    ( - -1.723e+05 1 0))
s>    ( WDBNDRY_E 0 -1.749e+05 2.319e+02 8.562e+02
s>        ( SILENCE 1 -2.429e+03 1.412e+02 1.218e+01
s>            ( - -1.366e+03 1 0)
s>            ( - -9.214e+02 1 0))
s>        ( - -1.723e+05 1 0))INFO: dtree.c(1315): Comp split 4
INFO: dtree.c(1478): Final simple tree
|( WDBNDRY_B 0 -1.061e+05 6.650e+02 5.020e+02
|    ( QUESTION9 -1 -6.981e+04 4.475e+02 3.328e+02
|        ( - 2.424e+02 1 0)
|        ( QUESTION8 -1 -6.961e+04 4.697e+02 3.318e+02
|            ( - 2.200e+02 1 0)
|            ( QUESTION0_0_R 1 -6.936e+04 3.521e+02 3.308e+02
|                ( QUESTION2_4_L -1 -4.050e+04 4.496e+02 1.900e+02
|                    ( - 2.180e+02 1 0)
|                    ( QUESTION6 -1 -4.027e+04 3.039e+02 1.890e+02
|                        ( - -3.662e+03 1 0)
|                        ( - -3.631e+04 18 0 QUESTION1 -1 3.295e+02 1.709e+02)))
|                ( QUESTION2_0_L -1 -2.850e+04 3.553e+02 1.408e+02
|                    ( - -2.360e+04 5 0 QUESTION0 -1 1.946e+02 1.190e+02)
|                    ( - -4.547e+03 2 0)))))
|    ( - -3.560e+04 11 0 QUESTION0_1_R 1 2.450e+02 1.692e+02))
s>    ( WDBNDRY_B 0 -1.061e+05 6.650e+02 5.020e+02
s>        ( QUESTION9 -1 -6.981e+04 4.475e+02 3.328e+02
s>            ( - 2.424e+02 1 0)
s>            ( QUESTION8 -1 -6.961e+04 4.697e+02 3.318e+02
s>                ( - 2.200e+02 1 0)
s>                ( QUESTION0_0_R 1 -6.936e+04 3.521e+02 3.308e+02
s>                    ( QUESTION2_4_L -1 -4.050e+04 4.496e+02 1.900e+02
s>                        ( - 2.180e+02 1 0)
s>                        ( QUESTION6 -1 -4.027e+04 3.039e+02 1.890e+02
s>                            ( - -3.662e+03 1 0)
s>                            ( - -3.631e+04 18 0 QUESTION1 -1 3.295e+02 1.709e+02)))
s>                    ( QUESTION2_0_L -1 -2.850e+04 3.553e+02 1.408e+02
s>                        ( - -2.360e+04 5 0 QUESTION0 -1 1.946e+02 1.190e+02)
s>                        ( - -4.547e+03 2 0)))))
s>        ( - -3.560e+04 11 0 QUESTION0_1_R 1 2.450e+02 1.692e+02))INFO: dtree.c(1315): Comp split 5
INFO: dtree.c(1478): Final simple tree
|( QUESTION6 -1 -3.608e+04 4.688e+02 1.712e+02
|    ( - 2.200e+02 1 0)
|    ( WDBNDRY_B 0 -3.583e+04 4.498e+02 1.702e+02
|        ( - 2.180e+02 1 0)
|        ( QUESTION0_1_R 1 -3.560e+04 2.450e+02 1.692e+02
|            ( WDBNDRY_E 0 -1.346e+04 1.683e+02 6.502e+01
|                ( QUESTION6 1 -1.039e+04 1.797e+02 5.100e+01
|                    ( - -1.917e+03 1 0)
|                    ( - -8.292e+03 3 0 QUESTION0_4_R 1 1.421e+02 4.100e+01))
|                ( - -2.908e+03 1 0))
|            ( QUESTION3 1 -2.189e+04 2.497e+02 1.041e+02
|                ( QUESTION4 -1 -1.450e+04 1.878e+02 6.972e+01
|                    ( - -1.535e+03 1 0)
|                    ( - -1.278e+04 3 0 QUESTION0_9_R 1 1.674e+02 6.206e+01))
|                ( - -7.139e+03 2 0 SILENCE 1 1.439e+02 3.443e+01)))))
s>    ( QUESTION6 -1 -3.608e+04 4.688e+02 1.712e+02
s>        ( - 2.200e+02 1 0)
s>        ( WDBNDRY_B 0 -3.583e+04 4.498e+02 1.702e+02
s>            ( - 2.180e+02 1 0)
s>            ( QUESTION0_1_R 1 -3.560e+04 2.450e+02 1.692e+02
s>                ( WDBNDRY_E 0 -1.346e+04 1.683e+02 6.502e+01
s>                    ( QUESTION6 1 -1.039e+04 1.797e+02 5.100e+01
s>                        ( - -1.917e+03 1 0)
s>                        ( - -8.292e+03 3 0 QUESTION0_4_R 1 1.421e+02 4.100e+01))
s>                    ( - -2.908e+03 1 0))
s>                ( QUESTION3 1 -2.189e+04 2.497e+02 1.041e+02
s>                    ( QUESTION4 -1 -1.450e+04 1.878e+02 6.972e+01
s>                        ( - -1.535e+03 1 0)
s>                        ( - -1.278e+04 3 0 QUESTION0_9_R 1 1.674e+02 6.206e+01))
s>                    ( - -7.139e+03 2 0 SILENCE 1 1.439e+02 3.443e+01)))))INFO: dtree.c(1478): Final simple tree
|( QUESTION8 -1 -6.933e+04 4.475e+02 3.308e+02
|    ( - 2.424e+02 1 0)
|    ( QUESTION0_0_R 1 -6.912e+04 3.515e+02 3.298e+02
|        ( QUESTION6 -1 -4.027e+04 3.039e+02 1.890e+02
|            ( - -3.662e+03 1 0)
|            ( QUESTION1 -1 -3.631e+04 3.295e+02 1.709e+02
|                ( - -6.074e+03 2 0 QUESTION0_15_R 1 1.356e+02 3.025e+01)
|                ( QUESTION4 -1 -2.990e+04 2.102e+02 1.407e+02
|                    ( QUESTION0_15_R 1 -6.721e+03 4.547e+02 3.101e+01
|                        ( - 2.413e+02 1 0)
|                        ( - -6.507e+03 4 0 QUESTION2_0_L -1 1.526e+02 3.001e+01))
|                    ( - -2.297e+04 11 0 QUESTION0 -1 1.522e+02 1.097e+02))))
|        ( QUESTION2_0_L -1 -2.850e+04 3.553e+02 1.408e+02
|            ( - -2.360e+04 5 0 QUESTION0 -1 1.946e+02 1.190e+02)
|            ( - -4.547e+03 2 0))))
s>    ( QUESTION8 -1 -6.933e+04 4.475e+02 3.308e+02
s>        ( - 2.424e+02 1 0)
s>        ( QUESTION0_0_R 1 -6.912e+04 3.515e+02 3.298e+02
s>            ( QUESTION6 -1 -4.027e+04 3.039e+02 1.890e+02
s>                ( - -3.662e+03 1 0)
s>                ( QUESTION1 -1 -3.631e+04 3.295e+02 1.709e+02
s>                    ( - -6.074e+03 2 0 QUESTION0_15_R 1 1.356e+02 3.025e+01)
s>                    ( QUESTION4 -1 -2.990e+04 2.102e+02 1.407e+02
s>                        ( QUESTION0_15_R 1 -6.721e+03 4.547e+02 3.101e+01
s>                            ( - 2.413e+02 1 0)
s>                            ( - -6.507e+03 4 0 QUESTION2_0_L -1 1.526e+02 3.001e+01))
s>                        ( - -2.297e+04 11 0 QUESTION0 -1 1.522e+02 1.097e+02))))
s>            ( QUESTION2_0_L -1 -2.850e+04 3.553e+02 1.408e+02
s>                ( - -2.360e+04 5 0 QUESTION0 -1 1.946e+02 1.190e+02)
s>                ( - -4.547e+03 2 0))))INFO: dtree.c(1315): Comp split 6
INFO: dtree.c(1439): stop. leaf nodes are specific
INFO: dtree.c(1478): Final simple tree
|( QUESTION0 -1 -9.928e+03 1.923e+02 4.830e+01
|    ( QUESTION0_15_R 1 -6.074e+03 1.356e+02 3.025e+01
|        ( - -1.727e+03 1 0)
|        ( - -4.212e+03 1 0))
|    ( - -3.662e+03 1 0))
s>    ( QUESTION0 -1 -9.928e+03 1.923e+02 4.830e+01
s>        ( QUESTION0_15_R 1 -6.074e+03 1.356e+02 3.025e+01
s>            ( - -1.727e+03 1 0)
s>            ( - -4.212e+03 1 0))
s>        ( - -3.662e+03 1 0))INFO: dtree.c(1478): Final simple tree
|( QUESTION6 -1 -5.889e+04 4.474e+02 2.825e+02
|    ( - 2.424e+02 1 0)
|    ( QUESTION1 -1 -5.869e+04 3.456e+02 2.815e+02
|        ( - -1.210e+04 1 0)
|        ( QUESTION2_4_L -1 -4.624e+04 2.696e+02 2.196e+02
|            ( - -4.076e+03 1 0)
|            ( QUESTION4 -1 -4.190e+04 2.157e+02 1.976e+02
|                ( QUESTION0_15_R 1 -1.397e+04 4.485e+02 6.489e+01
|                    ( - 2.413e+02 1 0)
|                    ( QUESTION0_0_R 1 -1.376e+04 2.433e+02 6.389e+01
|                        ( - -6.507e+03 4 0 QUESTION2_0_L -1 1.526e+02 3.001e+01)
|                        ( QUESTION2_0_L -1 -7.013e+03 1.794e+02 3.387e+01
|                            ( - -2.286e+03 1 0)
|                            ( - -4.547e+03 2 0))))
|                ( - -2.771e+04 13 0 QUESTION0 -1 1.609e+02 1.327e+02)))))
s>    ( QUESTION6 -1 -5.889e+04 4.474e+02 2.825e+02
s>        ( - 2.424e+02 1 0)
s>        ( QUESTION1 -1 -5.869e+04 3.456e+02 2.815e+02
s>            ( - -1.210e+04 1 0)
s>            ( QUESTION2_4_L -1 -4.624e+04 2.696e+02 2.196e+02
s>                ( - -4.076e+03 1 0)
s>                ( QUESTION4 -1 -4.190e+04 2.157e+02 1.976e+02
s>                    ( QUESTION0_15_R 1 -1.397e+04 4.485e+02 6.489e+01
s>                        ( - 2.413e+02 1 0)
s>                        ( QUESTION0_0_R 1 -1.376e+04 2.433e+02 6.389e+01
s>                            ( - -6.507e+03 4 0 QUESTION2_0_L -1 1.526e+02 3.001e+01)
s>                            ( QUESTION2_0_L -1 -7.013e+03 1.794e+02 3.387e+01
s>                                ( - -2.286e+03 1 0)
s>                                ( - -4.547e+03 2 0))))
s>                    ( - -2.771e+04 13 0 QUESTION0 -1 1.609e+02 1.327e+02)))))INFO: dtree.c(1315): Comp split 7
INFO: dtree.c(1478): Final simple tree
|( WDBNDRY_B 0 -3.583e+04 4.498e+02 1.702e+02
|    ( - 2.180e+02 1 0)
|    ( QUESTION0_1_R 1 -3.560e+04 2.450e+02 1.692e+02
|        ( WDBNDRY_E 0 -1.346e+04 1.683e+02 6.502e+01
|            ( QUESTION6 1 -1.039e+04 1.797e+02 5.100e+01
|                ( - -1.917e+03 1 0)
|                ( - -8.292e+03 3 0 QUESTION0_4_R 1 1.421e+02 4.100e+01))
|            ( - -2.908e+03 1 0))
|        ( QUESTION3 1 -2.189e+04 2.497e+02 1.041e+02
|            ( QUESTION4 -1 -1.450e+04 1.878e+02 6.972e+01
|                ( - -1.535e+03 1 0)
|                ( QUESTION0_9_R 1 -1.278e+04 1.674e+02 6.206e+01
|                    ( - -2.677e+02 1 0)
|                    ( - -1.234e+04 2 0 WDBNDRY_E 0 1.466e+02 6.006e+01)))
|            ( - -7.139e+03 2 0 SILENCE 1 1.439e+02 3.443e+01))))
s>    ( WDBNDRY_B 0 -3.583e+04 4.498e+02 1.702e+02
s>        ( - 2.180e+02 1 0)
s>        ( QUESTION0_1_R 1 -3.560e+04 2.450e+02 1.692e+02
s>            ( WDBNDRY_E 0 -1.346e+04 1.683e+02 6.502e+01
s>                ( QUESTION6 1 -1.039e+04 1.797e+02 5.100e+01
s>                    ( - -1.917e+03 1 0)
s>                    ( - -8.292e+03 3 0 QUESTION0_4_R 1 1.421e+02 4.100e+01))
s>                ( - -2.908e+03 1 0))
s>            ( QUESTION3 1 -2.189e+04 2.497e+02 1.041e+02
s>                ( QUESTION4 -1 -1.450e+04 1.878e+02 6.972e+01
s>                    ( - -1.535e+03 1 0)
s>                    ( QUESTION0_9_R 1 -1.278e+04 1.674e+02 6.206e+01
s>                        ( - -2.677e+02 1 0)
s>                        ( - -1.234e+04 2 0 WDBNDRY_E 0 1.466e+02 6.006e+01)))
s>                ( - -7.139e+03 2 0 SILENCE 1 1.439e+02 3.443e+01))))INFO: dtree.c(1315): Comp split 8
INFO: dtree.c(1478): Final simple tree
|( QUESTION0_1_R 1 -3.560e+04 2.450e+02 1.692e+02
|    ( WDBNDRY_E 0 -1.346e+04 1.683e+02 6.502e+01
|        ( QUESTION6 1 -1.039e+04 1.797e+02 5.100e+01
|            ( - -1.917e+03 1 0)
|            ( - -8.292e+03 3 0 QUESTION0_4_R 1 1.421e+02 4.100e+01))
|        ( - -2.908e+03 1 0))
|    ( QUESTION3 1 -2.189e+04 2.497e+02 1.041e+02
|        ( QUESTION4 -1 -1.450e+04 1.878e+02 6.972e+01
|            ( - -1.535e+03 1 0)
|            ( QUESTION0_9_R 1 -1.278e+04 1.674e+02 6.206e+01
|                ( - -2.677e+02 1 0)
|                ( WDBNDRY_E 0 -1.234e+04 1.466e+02 6.006e+01
|                    ( - -2.747e+02 1 0)
|                    ( - -1.192e+04 1 0))))
|        ( - -7.139e+03 2 0 SILENCE 1 1.439e+02 3.443e+01)))
s>    ( QUESTION0_1_R 1 -3.560e+04 2.450e+02 1.692e+02
s>        ( WDBNDRY_E 0 -1.346e+04 1.683e+02 6.502e+01
s>            ( QUESTION6 1 -1.039e+04 1.797e+02 5.100e+01
s>                ( - -1.917e+03 1 0)
s>                ( - -8.292e+03 3 0 QUESTION0_4_R 1 1.421e+02 4.100e+01))
s>            ( - -2.908e+03 1 0))
s>        ( QUESTION3 1 -2.189e+04 2.497e+02 1.041e+02
s>            ( QUESTION4 -1 -1.450e+04 1.878e+02 6.972e+01
s>                ( - -1.535e+03 1 0)
s>                ( QUESTION0_9_R 1 -1.278e+04 1.674e+02 6.206e+01
s>                    ( - -2.677e+02 1 0)
s>                    ( WDBNDRY_E 0 -1.234e+04 1.466e+02 6.006e+01
s>                        ( - -2.747e+02 1 0)
s>                        ( - -1.192e+04 1 0))))
s>            ( - -7.139e+03 2 0 SILENCE 1 1.439e+02 3.443e+01)))INFO: dtree.c(1315): Comp split 9
INFO: dtree.c(1478): Final simple tree
|( QUESTION1 -1 -5.869e+04 3.456e+02 2.815e+02
|    ( - -1.210e+04 1 0)
|    ( QUESTION2_4_L -1 -4.624e+04 2.696e+02 2.196e+02
|        ( - -4.076e+03 1 0)
|        ( QUESTION4 -1 -4.190e+04 2.157e+02 1.976e+02
|            ( QUESTION0_15_R 1 -1.397e+04 4.485e+02 6.489e+01
|                ( - 2.413e+02 1 0)
|                ( QUESTION0_0_R 1 -1.376e+04 2.433e+02 6.389e+01
|                    ( - -6.507e+03 4 0 QUESTION2_0_L -1 1.526e+02 3.001e+01)
|                    ( QUESTION2_0_L -1 -7.013e+03 1.794e+02 3.387e+01
|                        ( - -2.286e+03 1 0)
|                        ( - -4.547e+03 2 0))))
|            ( QUESTION0 -1 -2.771e+04 1.609e+02 1.327e+02
|                ( - -1.371e+04 5 0 QUESTION0_15_R 1 1.447e+02 6.665e+01)
|                ( - -1.384e+04 8 0 QUESTION2_2_L -1 1.573e+02 6.602e+01)))))
s>    ( QUESTION1 -1 -5.869e+04 3.456e+02 2.815e+02
s>        ( - -1.210e+04 1 0)
s>        ( QUESTION2_4_L -1 -4.624e+04 2.696e+02 2.196e+02
s>            ( - -4.076e+03 1 0)
s>            ( QUESTION4 -1 -4.190e+04 2.157e+02 1.976e+02
s>                ( QUESTION0_15_R 1 -1.397e+04 4.485e+02 6.489e+01
s>                    ( - 2.413e+02 1 0)
s>                    ( QUESTION0_0_R 1 -1.376e+04 2.433e+02 6.389e+01
s>                        ( - -6.507e+03 4 0 QUESTION2_0_L -1 1.526e+02 3.001e+01)
s>                        ( QUESTION2_0_L -1 -7.013e+03 1.794e+02 3.387e+01
s>                            ( - -2.286e+03 1 0)
s>                            ( - -4.547e+03 2 0))))
s>                ( QUESTION0 -1 -2.771e+04 1.609e+02 1.327e+02
s>                    ( - -1.371e+04 5 0 QUESTION0_15_R 1 1.447e+02 6.665e+01)
s>                    ( - -1.384e+04 8 0 QUESTION2_2_L -1 1.573e+02 6.602e+01)))))INFO: dtree.c(1315): Comp split 10
INFO: dtree.c(1478): Final simple tree
|( QUESTION1 -1 -5.849e+04 3.458e+02 2.805e+02
|    ( - -1.210e+04 1 0)
|    ( QUESTION2_4_L -1 -4.604e+04 2.701e+02 2.186e+02
|        ( - -4.076e+03 1 0)
|        ( QUESTION4 -1 -4.169e+04 2.190e+02 1.966e+02
|            ( QUESTION0_0_R 1 -1.376e+04 2.433e+02 6.389e+01
|                ( - -6.507e+03 4 0 QUESTION2_0_L -1 1.526e+02 3.001e+01)
|                ( QUESTION2_0_L -1 -7.013e+03 1.794e+02 3.387e+01
|                    ( - -2.286e+03 1 0)
|                    ( - -4.547e+03 2 0)))
|            ( QUESTION0 -1 -2.771e+04 1.609e+02 1.327e+02
|                ( - -1.371e+04 5 0 QUESTION0_15_R 1 1.447e+02 6.665e+01)
|                ( QUESTION2_2_L -1 -1.384e+04 1.573e+02 6.602e+01
|                    ( - -3.055e+03 1 0)
|                    ( - -1.063e+04 7 0 QUESTION0_15_R 1 1.255e+02 5.002e+01))))))
s>    ( QUESTION1 -1 -5.849e+04 3.458e+02 2.805e+02
s>        ( - -1.210e+04 1 0)
s>        ( QUESTION2_4_L -1 -4.604e+04 2.701e+02 2.186e+02
s>            ( - -4.076e+03 1 0)
s>            ( QUESTION4 -1 -4.169e+04 2.190e+02 1.966e+02
s>                ( QUESTION0_0_R 1 -1.376e+04 2.433e+02 6.389e+01
s>                    ( - -6.507e+03 4 0 QUESTION2_0_L -1 1.526e+02 3.001e+01)
s>                    ( QUESTION2_0_L -1 -7.013e+03 1.794e+02 3.387e+01
s>                        ( - -2.286e+03 1 0)
s>                        ( - -4.547e+03 2 0)))
s>                ( QUESTION0 -1 -2.771e+04 1.609e+02 1.327e+02
s>                    ( - -1.371e+04 5 0 QUESTION0_15_R 1 1.447e+02 6.665e+01)
s>                    ( QUESTION2_2_L -1 -1.384e+04 1.573e+02 6.602e+01
s>                        ( - -3.055e+03 1 0)
s>                        ( - -1.063e+04 7 0 QUESTION0_15_R 1 1.255e+02 5.002e+01))))))INFO: dtree.c(1315): Comp split 11
INFO: dtree.c(1478): Final simple tree
|( QUESTION4 -1 -4.169e+04 2.190e+02 1.966e+02
|    ( QUESTION0_0_R 1 -1.376e+04 2.433e+02 6.389e+01
|        ( QUESTION2_0_L -1 -6.507e+03 1.526e+02 3.001e+01
|            ( - -3.283e+02 1 0)
|            ( - -6.026e+03 3 0))
|        ( QUESTION2_0_L -1 -7.013e+03 1.794e+02 3.387e+01
|            ( - -2.286e+03 1 0)
|            ( - -4.547e+03 2 0)))
|    ( QUESTION0 -1 -2.771e+04 1.609e+02 1.327e+02
|        ( QUESTION0_15_R 1 -1.371e+04 1.447e+02 6.665e+01
|            ( - -5.096e+03 3 0)
|            ( - -8.468e+03 2 0))
|        ( QUESTION2_2_L -1 -1.384e+04 1.573e+02 6.602e+01
|            ( - -3.055e+03 1 0)
|            ( - -1.063e+04 7 0 QUESTION0_15_R 1 1.255e+02 5.002e+01))))
s>    ( QUESTION4 -1 -4.169e+04 2.190e+02 1.966e+02
s>        ( QUESTION0_0_R 1 -1.376e+04 2.433e+02 6.389e+01
s>            ( QUESTION2_0_L -1 -6.507e+03 1.526e+02 3.001e+01
s>                ( - -3.283e+02 1 0)
s>                ( - -6.026e+03 3 0))
s>            ( QUESTION2_0_L -1 -7.013e+03 1.794e+02 3.387e+01
s>                ( - -2.286e+03 1 0)
s>                ( - -4.547e+03 2 0)))
s>        ( QUESTION0 -1 -2.771e+04 1.609e+02 1.327e+02
s>            ( QUESTION0_15_R 1 -1.371e+04 1.447e+02 6.665e+01
s>                ( - -5.096e+03 3 0)
s>                ( - -8.468e+03 2 0))
s>            ( QUESTION2_2_L -1 -1.384e+04 1.573e+02 6.602e+01
s>                ( - -3.055e+03 1 0)
s>                ( - -1.063e+04 7 0 QUESTION0_15_R 1 1.255e+02 5.002e+01))))INFO: dtree.c(1439): stop. leaf nodes are specific
INFO: dtree.c(1478): Final simple tree
|( QUESTION0 -1 -1.636e+04 1.848e+02 8.396e+01
|    ( - -1.210e+04 1 0)
|    ( - -4.076e+03 1 0))
s>    ( QUESTION0 -1 -1.636e+04 1.848e+02 8.396e+01
s>        ( - -1.210e+04 1 0)
s>        ( - -4.076e+03 1 0))INFO: dtree.c(1315): Comp split 12
INFO: dtree.c(1439): stop. leaf nodes are specific
INFO: dtree.c(1478): Final simple tree
|( QUESTION0_9_R 1 -4.940e+04 1.832e+02 2.453e+02
|    ( - -2.781e+03 1 0)
|    ( QUESTION0_5_R 1 -4.644e+04 1.732e+02 2.313e+02
|        ( - -2.889e+03 1 0)
|        ( QUESTION0_1_R 1 -4.338e+04 2.042e+02 2.163e+02
|            ( QUESTION0_4_R 1 -1.018e+04 1.289e+02 5.091e+01
|                ( - -5.109e+03 1 0)
|                ( QUESTION0_2_R 1 -4.947e+03 1.047e+02 2.498e+01
|                    ( - -4.100e+03 1 0)
|                    ( - -7.422e+02 1 0)))
|            ( QUESTION4 1 -3.299e+04 1.677e+02 1.654e+02
|                ( - -2.797e+04 1 0)
|                ( - -4.853e+03 1 0)))))
s>    ( QUESTION0_9_R 1 -4.940e+04 1.832e+02 2.453e+02
s>        ( - -2.781e+03 1 0)
s>        ( QUESTION0_5_R 1 -4.644e+04 1.732e+02 2.313e+02
s>            ( - -2.889e+03 1 0)
s>            ( QUESTION0_1_R 1 -4.338e+04 2.042e+02 2.163e+02
s>                ( QUESTION0_4_R 1 -1.018e+04 1.289e+02 5.091e+01
s>                    ( - -5.109e+03 1 0)
s>                    ( QUESTION0_2_R 1 -4.947e+03 1.047e+02 2.498e+01
s>                        ( - -4.100e+03 1 0)
s>                        ( - -7.422e+02 1 0)))
s>                ( QUESTION4 1 -3.299e+04 1.677e+02 1.654e+02
s>                    ( - -2.797e+04 1 0)
s>                    ( - -4.853e+03 1 0)))))INFO: dtree.c(1439): stop. leaf nodes are specific
INFO: dtree.c(1478): Final simple tree
|( WDBNDRY_B 0 -8.890e+03 1.573e+02 4.384e+01
|    ( - -5.150e+02 2 0)
|    ( QUESTION0_8_R 1 -8.217e+03 1.397e+02 4.084e+01
|        ( - -2.908e+03 1 0)
|        ( - -5.170e+03 1 0)))
s>    ( WDBNDRY_B 0 -8.890e+03 1.573e+02 4.384e+01
s>        ( - -5.150e+02 2 0)
s>        ( QUESTION0_8_R 1 -8.217e+03 1.397e+02 4.084e+01
s>            ( - -2.908e+03 1 0)
s>            ( - -5.170e+03 1 0)))INFO: dtree.c(1315): Comp split 13
INFO: dtree.c(1439): stop. leaf nodes are specific
INFO: dtree.c(1478): Final simple tree
|( SILENCE 1 -7.548e+03 1.532e+02 3.643e+01
|    ( - -3.149e+03 1 0)
|    ( QUESTION0_8_R 1 -4.246e+03 1.245e+02 2.043e+01
|        ( - -2.747e+02 1 0)
|        ( - -3.846e+03 1 0)))
s>    ( SILENCE 1 -7.548e+03 1.532e+02 3.643e+01
s>        ( - -3.149e+03 1 0)
s>        ( QUESTION0_8_R 1 -4.246e+03 1.245e+02 2.043e+01
s>            ( - -2.747e+02 1 0)
s>            ( - -3.846e+03 1 0)))INFO: dtree.c(1478): Final simple tree
|( QUESTION4 1 -2.776e+04 2.205e+02 1.327e+02
|    ( WDBNDRY_E 0 -1.236e+04 1.678e+02 6.006e+01
|        ( - -2.677e+02 1 0)
|        ( - -1.192e+04 1 0))
|    ( WDBNDRY_E 0 -1.519e+04 1.876e+02 7.268e+01
|        ( QUESTION6 1 -1.039e+04 1.797e+02 5.100e+01
|            ( - -1.917e+03 1 0)
|            ( QUESTION0_4_R 1 -8.292e+03 1.421e+02 4.100e+01
|                ( - -2.876e+03 1 0)
|                ( QUESTION0 1 -5.274e+03 1.341e+02 2.600e+01
|                    ( - -2.359e+03 1 0)
|                    ( - -2.781e+03 1 0))))
|        ( QUESTION0_1_R 1 -4.609e+03 1.673e+02 2.167e+01
|            ( - -2.908e+03 1 0)
|            ( - -1.535e+03 1 0))))
s>    ( QUESTION4 1 -2.776e+04 2.205e+02 1.327e+02
s>        ( WDBNDRY_E 0 -1.236e+04 1.678e+02 6.006e+01
s>            ( - -2.677e+02 1 0)
s>            ( - -1.192e+04 1 0))
s>        ( WDBNDRY_E 0 -1.519e+04 1.876e+02 7.268e+01
s>            ( QUESTION6 1 -1.039e+04 1.797e+02 5.100e+01
s>                ( - -1.917e+03 1 0)
s>                ( QUESTION0_4_R 1 -8.292e+03 1.421e+02 4.100e+01
s>                    ( - -2.876e+03 1 0)
s>                    ( QUESTION0 1 -5.274e+03 1.341e+02 2.600e+01
s>                        ( - -2.359e+03 1 0)
s>                        ( - -2.781e+03 1 0))))
s>            ( QUESTION0_1_R 1 -4.609e+03 1.673e+02 2.167e+01
s>                ( - -2.908e+03 1 0)
s>                ( - -1.535e+03 1 0))))INFO: dtree.c(1315): Comp split 14
INFO: dtree.c(1478): Final simple tree
|( QUESTION4 -1 -2.059e+04 2.083e+02 9.634e+01
|    ( - -4.547e+03 2 0)
|    ( QUESTION0_15_R 1 -1.584e+04 1.275e+02 7.447e+01
|        ( QUESTION3 -1 -7.439e+03 2.119e+02 3.547e+01
|            ( - -2.353e+02 1 0)
|            ( SILENCE -1 -6.992e+03 1.040e+02 3.347e+01
|                ( - -1.792e+03 1 0)
|                ( - -5.096e+03 3 0)))
|        ( QUESTION0_0_R 1 -8.273e+03 1.428e+02 3.900e+01
|            ( SILENCE -1 -3.504e+03 1.005e+02 1.600e+01
|                ( - -6.226e+02 1 0)
|                ( - -2.781e+03 2 0 QUESTION13 -1 8.168e+01 1.300e+01))
|            ( QUESTION19 -1 -4.626e+03 1.478e+02 2.300e+01
|                ( - -1.049e+03 1 0)
|                ( - -3.429e+03 1 0)))))
s>    ( QUESTION4 -1 -2.059e+04 2.083e+02 9.634e+01
s>        ( - -4.547e+03 2 0)
s>        ( QUESTION0_15_R 1 -1.584e+04 1.275e+02 7.447e+01
s>            ( QUESTION3 -1 -7.439e+03 2.119e+02 3.547e+01
s>                ( - -2.353e+02 1 0)
s>                ( SILENCE -1 -6.992e+03 1.040e+02 3.347e+01
s>                    ( - -1.792e+03 1 0)
s>                    ( - -5.096e+03 3 0)))
s>            ( QUESTION0_0_R 1 -8.273e+03 1.428e+02 3.900e+01
s>                ( SILENCE -1 -3.504e+03 1.005e+02 1.600e+01
s>                    ( - -6.226e+02 1 0)
s>                    ( - -2.781e+03 2 0 QUESTION13 -1 8.168e+01 1.300e+01))
s>                ( QUESTION19 -1 -4.626e+03 1.478e+02 2.300e+01
s>                    ( - -1.049e+03 1 0)
s>                    ( - -3.429e+03 1 0)))))INFO: dtree.c(1439): stop. leaf nodes are specific
INFO: dtree.c(1478): Final simple tree
|( QUESTION4 -1 -2.084e+04 2.115e+02 1.002e+02
|    ( QUESTION0_0_R 1 -8.945e+03 1.510e+02 4.201e+01
|        ( QUESTION2_0_L -1 -6.507e+03 1.526e+02 3.001e+01
|            ( - -3.283e+02 1 0)
|            ( - -6.026e+03 3 0))
|        ( - -2.286e+03 1 0))
|    ( QUESTION0_15_R 1 -1.168e+04 1.596e+02 5.821e+01
|        ( - -3.055e+03 1 0)
|        ( - -8.468e+03 2 0)))
s>    ( QUESTION4 -1 -2.084e+04 2.115e+02 1.002e+02
s>        ( QUESTION0_0_R 1 -8.945e+03 1.510e+02 4.201e+01
s>            ( QUESTION2_0_L -1 -6.507e+03 1.526e+02 3.001e+01
s>                ( - -3.283e+02 1 0)
s>                ( - -6.026e+03 3 0))
s>            ( - -2.286e+03 1 0))
s>        ( QUESTION0_15_R 1 -1.168e+04 1.596e+02 5.821e+01
s>            ( - -3.055e+03 1 0)
s>            ( - -8.468e+03 2 0)))INFO: dtree.c(1315): Comp split 15
INFO: dtree.c(1439): stop. leaf nodes are specific
INFO: dtree.c(1478): Final simple tree
|( QUESTION0_4_R 1 -5.371e+03 1.359e+02 2.700e+01
|    ( - -2.876e+03 1 0)
|    ( - -2.359e+03 1 0))
s>    ( QUESTION0_4_R 1 -5.371e+03 1.359e+02 2.700e+01
s>        ( - -2.876e+03 1 0)
s>        ( - -2.359e+03 1 0))INFO: dtree.c(1439): stop. leaf nodes are specific
INFO: dtree.c(1478): Final simple tree
|( QUESTION4 1 -2.215e+04 1.955e+02 1.057e+02
|    ( WDBNDRY_E 0 -1.236e+04 1.678e+02 6.006e+01
|        ( - -2.677e+02 1 0)
|        ( - -1.192e+04 1 0))
|    ( QUESTION0_1_R 1 -9.594e+03 1.756e+02 4.568e+01
|        ( WDBNDRY_E 0 -7.884e+03 1.393e+02 3.802e+01
|            ( QUESTION6 1 -4.837e+03 1.382e+02 2.400e+01
|                ( - -1.917e+03 1 0)
|                ( - -2.781e+03 1 0))
|            ( - -2.908e+03 1 0))
|        ( - -1.535e+03 1 0)))
s>    ( QUESTION4 1 -2.215e+04 1.955e+02 1.057e+02
s>        ( WDBNDRY_E 0 -1.236e+04 1.678e+02 6.006e+01
s>            ( - -2.677e+02 1 0)
s>            ( - -1.192e+04 1 0))
s>        ( QUESTION0_1_R 1 -9.594e+03 1.756e+02 4.568e+01
s>            ( WDBNDRY_E 0 -7.884e+03 1.393e+02 3.802e+01
s>                ( QUESTION6 1 -4.837e+03 1.382e+02 2.400e+01
s>                    ( - -1.917e+03 1 0)
s>                    ( - -2.781e+03 1 0))
s>                ( - -2.908e+03 1 0))
s>            ( - -1.535e+03 1 0)))INFO: dtree.c(1315): Comp split 16
INFO: dtree.c(1439): stop. leaf nodes are specific
INFO: dtree.c(1478): Final simple tree
|( SILENCE 1 -2.429e+03 1.412e+02 1.218e+01
|    ( - -1.366e+03 1 0)
|    ( - -9.214e+02 1 0))
s>    ( SILENCE 1 -2.429e+03 1.412e+02 1.218e+01
s>        ( - -1.366e+03 1 0)
s>        ( - -9.214e+02 1 0))INFO: dtree.c(1315): Comp split 17
INFO: dtree.c(1439): stop. leaf nodes are specific
INFO: dtree.c(1478): Final simple tree
|( QUESTION0_0_R 1 -1.058e+04 1.574e+02 5.147e+01
|    ( SILENCE -1 -6.992e+03 1.040e+02 3.347e+01
|        ( - -1.792e+03 1 0)
|        ( - -5.096e+03 3 0))
|    ( - -3.429e+03 1 0))
s>    ( QUESTION0_0_R 1 -1.058e+04 1.574e+02 5.147e+01
s>        ( SILENCE -1 -6.992e+03 1.040e+02 3.347e+01
s>            ( - -1.792e+03 1 0)
s>            ( - -5.096e+03 3 0))
s>        ( - -3.429e+03 1 0))INFO: dtree.c(1439): stop. leaf nodes are specific
INFO: dtree.c(1478): Final simple tree
|( QUESTION0_15_R 1 -9.797e+03 2.148e+02 4.487e+01
|    ( - -2.353e+02 1 0)
|    ( QUESTION4 -1 -9.347e+03 1.531e+02 4.287e+01
|        ( - -4.547e+03 2 0)
|        ( SILENCE -1 -4.647e+03 1.033e+02 2.100e+01
|            ( - -6.226e+02 1 0)
|            ( QUESTION0_0_R 1 -3.921e+03 9.049e+01 1.800e+01
|                ( QUESTION13 -1 -2.781e+03 8.168e+01 1.300e+01
|                    ( - -9.772e+02 1 0)
|                    ( - -1.722e+03 1 0))
|                ( - -1.049e+03 1 0)))))
s>    ( QUESTION0_15_R 1 -9.797e+03 2.148e+02 4.487e+01
s>        ( - -2.353e+02 1 0)
s>        ( QUESTION4 -1 -9.347e+03 1.531e+02 4.287e+01
s>            ( - -4.547e+03 2 0)
s>            ( SILENCE -1 -4.647e+03 1.033e+02 2.100e+01
s>                ( - -6.226e+02 1 0)
s>                ( QUESTION0_0_R 1 -3.921e+03 9.049e+01 1.800e+01
s>                    ( QUESTION13 -1 -2.781e+03 8.168e+01 1.300e+01
s>                        ( - -9.772e+02 1 0)
s>                        ( - -1.722e+03 1 0))
s>                    ( - -1.049e+03 1 0)))))INFO: dtree.c(1315): Comp split 18
INFO: dtree.c(1439): stop. leaf nodes are specific
INFO: dtree.c(1478): Final simple tree
|( QUESTION0_1_R 1 -7.881e+03 1.396e+02 4.095e+01
|    ( - -2.889e+03 1 0)
|    ( - -4.853e+03 1 0))
s>    ( QUESTION0_1_R 1 -7.881e+03 1.396e+02 4.095e+01
s>        ( - -2.889e+03 1 0)
s>        ( - -4.853e+03 1 0))INFO: dtree.c(1439): stop. leaf nodes are specific
INFO: dtree.c(1478): Final simple tree
|( QUESTION0_1_R 1 -4.130e+04 2.011e+02 2.043e+02
|    ( QUESTION0_4_R 1 -1.018e+04 1.289e+02 5.091e+01
|        ( - -5.109e+03 1 0)
|        ( QUESTION0_2_R 1 -4.947e+03 1.047e+02 2.498e+01
|            ( - -4.100e+03 1 0)
|            ( - -7.422e+02 1 0)))
|    ( QUESTION0_8_R 1 -3.092e+04 1.697e+02 1.534e+02
|        ( - -2.797e+04 1 0)
|        ( - -2.781e+03 1 0)))
s>    ( QUESTION0_1_R 1 -4.130e+04 2.011e+02 2.043e+02
s>        ( QUESTION0_4_R 1 -1.018e+04 1.289e+02 5.091e+01
s>            ( - -5.109e+03 1 0)
s>            ( QUESTION0_2_R 1 -4.947e+03 1.047e+02 2.498e+01
s>                ( - -4.100e+03 1 0)
s>                ( - -7.422e+02 1 0)))
s>        ( QUESTION0_8_R 1 -3.092e+04 1.697e+02 1.534e+02
s>            ( - -2.797e+04 1 0)
s>            ( - -2.781e+03 1 0)))INFO: dtree.c(1315): Comp split 19
INFO: dtree.c(1439): stop. leaf nodes are specific
INFO: dtree.c(1478): Final simple tree
|( QUESTION4 -1 -9.347e+03 1.531e+02 4.287e+01
|    ( - -4.547e+03 2 0)
|    ( SILENCE -1 -4.647e+03 1.033e+02 2.100e+01
|        ( - -6.226e+02 1 0)
|        ( QUESTION0_0_R 1 -3.921e+03 9.049e+01 1.800e+01
|            ( QUESTION13 -1 -2.781e+03 8.168e+01 1.300e+01
|                ( - -9.772e+02 1 0)
|                ( - -1.722e+03 1 0))
|            ( - -1.049e+03 1 0))))
s>    ( QUESTION4 -1 -9.347e+03 1.531e+02 4.287e+01
s>        ( - -4.547e+03 2 0)
s>        ( SILENCE -1 -4.647e+03 1.033e+02 2.100e+01
s>            ( - -6.226e+02 1 0)
s>            ( QUESTION0_0_R 1 -3.921e+03 9.049e+01 1.800e+01
s>                ( QUESTION13 -1 -2.781e+03 8.168e+01 1.300e+01
s>                    ( - -9.772e+02 1 0)
s>                    ( - -1.722e+03 1 0))
s>                ( - -1.049e+03 1 0))))INFO: dtree.c(1315): Comp split 20
INFO: dtree.c(1439): stop. leaf nodes are specific
INFO: dtree.c(1478): Final simple tree
|( QUESTION2_0_L -1 -6.507e+03 1.526e+02 3.001e+01
|    ( - -3.283e+02 1 0)
|    ( - -6.026e+03 3 0))
s>    ( QUESTION2_0_L -1 -6.507e+03 1.526e+02 3.001e+01
s>        ( - -3.283e+02 1 0)
s>        ( - -6.026e+03 3 0))INFO: dtree.c(1439): stop. leaf nodes are specific
INFO: dtree.c(1478): Final simple tree
|( QUESTION0_15_R 1 -1.412e+04 1.545e+02 7.021e+01
|    ( - -3.055e+03 1 0)
|    ( QUESTION0_0_R 1 -1.091e+04 1.532e+02 5.421e+01
|        ( - -8.468e+03 2 0)
|        ( - -2.286e+03 1 0)))
s>    ( QUESTION0_15_R 1 -1.412e+04 1.545e+02 7.021e+01
s>        ( - -3.055e+03 1 0)
s>        ( QUESTION0_0_R 1 -1.091e+04 1.532e+02 5.421e+01
s>            ( - -8.468e+03 2 0)
s>            ( - -2.286e+03 1 0)))INFO: dtree.c(1315): Comp split 21
INFO: dtree.c(1439): stop. leaf nodes are specific
INFO: dtree.c(1478): Final simple tree
|( QUESTION0_15_R 1 -5.507e+03 1.183e+02 2.706e+01
|    ( - -1.727e+03 1 0)
|    ( - -3.662e+03 1 0))
s>    ( QUESTION0_15_R 1 -5.507e+03 1.183e+02 2.706e+01
s>        ( - -1.727e+03 1 0)
s>        ( - -3.662e+03 1 0))INFO: dtree.c(1315): Comp split 22
INFO: dtree.c(1439): stop. leaf nodes are specific
INFO: dtree.c(1478): Final simple tree
|( QUESTION0_4_R 1 -1.018e+04 1.289e+02 5.091e+01
|    ( - -5.109e+03 1 0)
|    ( QUESTION0_2_R 1 -4.947e+03 1.047e+02 2.498e+01
|        ( - -4.100e+03 1 0)
|        ( - -7.422e+02 1 0)))
s>    ( QUESTION0_4_R 1 -1.018e+04 1.289e+02 5.091e+01
s>        ( - -5.109e+03 1 0)
s>        ( QUESTION0_2_R 1 -4.947e+03 1.047e+02 2.498e+01
s>            ( - -4.100e+03 1 0)
s>            ( - -7.422e+02 1 0)))INFO: dtree.c(1439): stop. leaf nodes are specific
INFO: dtree.c(1478): Final simple tree
|( QUESTION0_8_R 1 -3.092e+04 1.697e+02 1.534e+02
|    ( - -2.797e+04 1 0)
|    ( - -2.781e+03 1 0))
s>    ( QUESTION0_8_R 1 -3.092e+04 1.697e+02 1.534e+02
s>        ( - -2.797e+04 1 0)
s>        ( - -2.781e+03 1 0))INFO: dtree.c(1315): Comp split 23
INFO: dtree.c(1439): stop. leaf nodes are specific
INFO: dtree.c(1478): Final simple tree
|( QUESTION0_1_R 1 -9.594e+03 1.756e+02 4.568e+01
|    ( WDBNDRY_E 0 -7.884e+03 1.393e+02 3.802e+01
|        ( QUESTION6 1 -4.837e+03 1.382e+02 2.400e+01
|            ( - -1.917e+03 1 0)
|            ( - -2.781e+03 1 0))
|        ( - -2.908e+03 1 0))
|    ( - -1.535e+03 1 0))
s>    ( QUESTION0_1_R 1 -9.594e+03 1.756e+02 4.568e+01
s>        ( WDBNDRY_E 0 -7.884e+03 1.393e+02 3.802e+01
s>            ( QUESTION6 1 -4.837e+03 1.382e+02 2.400e+01
s>                ( - -1.917e+03 1 0)
s>                ( - -2.781e+03 1 0))
s>            ( - -2.908e+03 1 0))
s>        ( - -1.535e+03 1 0))INFO: dtree.c(1439): stop. leaf nodes are specific
INFO: dtree.c(1478): Final simple tree
|( WDBNDRY_E 0 -1.236e+04 1.678e+02 6.006e+01
|    ( - -2.677e+02 1 0)
|    ( - -1.192e+04 1 0))
s>    ( WDBNDRY_E 0 -1.236e+04 1.678e+02 6.006e+01
s>        ( - -2.677e+02 1 0)
s>        ( - -1.192e+04 1 0))INFO: dtree.c(1315): Comp split 24
INFO: dtree.c(1315): Comp split 25
INFO: dtree.c(1439): stop. leaf nodes are specific
INFO: dtree.c(1478): Final simple tree
|( WDBNDRY_E 0 -7.884e+03 1.393e+02 3.802e+01
|    ( QUESTION6 1 -4.837e+03 1.382e+02 2.400e+01
|        ( - -1.917e+03 1 0)
|        ( - -2.781e+03 1 0))
|    ( - -2.908e+03 1 0))
s>    ( WDBNDRY_E 0 -7.884e+03 1.393e+02 3.802e+01
s>        ( QUESTION6 1 -4.837e+03 1.382e+02 2.400e+01
s>            ( - -1.917e+03 1 0)
s>            ( - -2.781e+03 1 0))
s>        ( - -2.908e+03 1 0))INFO: dtree.c(1315): Comp split 26
INFO: dtree.c(1315): Comp split 27
INFO: dtree.c(1315): Comp split 28
INFO: dtree.c(1439): stop. leaf nodes are specific
INFO: dtree.c(1478): Final simple tree
|( SILENCE -1 -6.992e+03 1.040e+02 3.347e+01
|    ( - -1.792e+03 1 0)
|    ( - -5.096e+03 3 0))
s>    ( SILENCE -1 -6.992e+03 1.040e+02 3.347e+01
s>        ( - -1.792e+03 1 0)
s>        ( - -5.096e+03 3 0))INFO: dtree.c(1315): Comp split 29
INFO: dtree.c(1439): stop. leaf nodes are specific
INFO: dtree.c(1478): Final simple tree
|( QUESTION0_8_R 1 -8.217e+03 1.397e+02 4.084e+01
|    ( - -2.908e+03 1 0)
|    ( - -5.170e+03 1 0))
s>    ( QUESTION0_8_R 1 -8.217e+03 1.397e+02 4.084e+01
s>        ( - -2.908e+03 1 0)
s>        ( - -5.170e+03 1 0))INFO: dtree.c(1315): Comp split 30
INFO: dtree.c(1439): stop. leaf nodes are specific
INFO: dtree.c(1478): Final simple tree
|( QUESTION0_0_R 1 -1.091e+04 1.532e+02 5.421e+01
|    ( - -8.468e+03 2 0)
|    ( - -2.286e+03 1 0))
s>    ( QUESTION0_0_R 1 -1.091e+04 1.532e+02 5.421e+01
s>        ( - -8.468e+03 2 0)
s>        ( - -2.286e+03 1 0))INFO: dtree.c(1315): Comp split 31
INFO: dtree.c(1439): stop. leaf nodes are specific
INFO: dtree.c(1478): Final simple tree
|( QUESTION0_8_R 1 -4.246e+03 1.245e+02 2.043e+01
|    ( - -2.747e+02 1 0)
|    ( - -3.846e+03 1 0))
s>    ( QUESTION0_8_R 1 -4.246e+03 1.245e+02 2.043e+01
s>        ( - -2.747e+02 1 0)
s>        ( - -3.846e+03 1 0))INFO: dtree.c(1315): Comp split 32
INFO: dtree.c(1315): Comp split 33
INFO: dtree.c(1439): stop. leaf nodes are specific
INFO: dtree.c(1478): Final simple tree
|( SILENCE -1 -4.647e+03 1.033e+02 2.100e+01
|    ( - -6.226e+02 1 0)
|    ( QUESTION0_0_R 1 -3.921e+03 9.049e+01 1.800e+01
|        ( QUESTION13 -1 -2.781e+03 8.168e+01 1.300e+01
|            ( - -9.772e+02 1 0)
|            ( - -1.722e+03 1 0))
|        ( - -1.049e+03 1 0)))
s>    ( SILENCE -1 -4.647e+03 1.033e+02 2.100e+01
s>        ( - -6.226e+02 1 0)
s>        ( QUESTION0_0_R 1 -3.921e+03 9.049e+01 1.800e+01
s>            ( QUESTION13 -1 -2.781e+03 8.168e+01 1.300e+01
s>                ( - -9.772e+02 1 0)
s>                ( - -1.722e+03 1 0))
s>            ( - -1.049e+03 1 0)))INFO: dtree.c(1315): Comp split 34
INFO: dtree.c(1315): Comp split 35
INFO: dtree.c(1315): Comp split 36
INFO: dtree.c(1315): Comp split 37
INFO: dtree.c(1315): Comp split 38
INFO: dtree.c(1439): stop. leaf nodes are specific
INFO: dtree.c(1478): Final simple tree
|( QUESTION6 1 -4.837e+03 1.382e+02 2.400e+01
|    ( - -1.917e+03 1 0)
|    ( - -2.781e+03 1 0))
s>    ( QUESTION6 1 -4.837e+03 1.382e+02 2.400e+01
s>        ( - -1.917e+03 1 0)
s>        ( - -2.781e+03 1 0))INFO: dtree.c(1315): Comp split 39
INFO: dtree.c(1315): Comp split 40
INFO: dtree.c(1315): Comp split 41
INFO: dtree.c(1315): Comp split 42
INFO: dtree.c(1439): stop. leaf nodes are specific
INFO: dtree.c(1478): Final simple tree
|( QUESTION0_2_R 1 -4.947e+03 1.047e+02 2.498e+01
|    ( - -4.100e+03 1 0)
|    ( - -7.422e+02 1 0))
s>    ( QUESTION0_2_R 1 -4.947e+03 1.047e+02 2.498e+01
s>        ( - -4.100e+03 1 0)
s>        ( - -7.422e+02 1 0))INFO: dtree.c(1315): Comp split 43
INFO: dtree.c(1315): Comp split 44
INFO: dtree.c(1315): Comp split 45
INFO: dtree.c(1315): Comp split 46
INFO: dtree.c(1315): Comp split 47
INFO: dtree.c(1439): stop. leaf nodes are specific
INFO: dtree.c(1478): Final simple tree
|( QUESTION0_0_R 1 -3.921e+03 9.049e+01 1.800e+01
|    ( QUESTION13 -1 -2.781e+03 8.168e+01 1.300e+01
|        ( - -9.772e+02 1 0)
|        ( - -1.722e+03 1 0))
|    ( - -1.049e+03 1 0))
s>    ( QUESTION0_0_R 1 -3.921e+03 9.049e+01 1.800e+01
s>        ( QUESTION13 -1 -2.781e+03 8.168e+01 1.300e+01
s>            ( - -9.772e+02 1 0)
s>            ( - -1.722e+03 1 0))
s>        ( - -1.049e+03 1 0))INFO: dtree.c(1315): Comp split 48
INFO: dtree.c(1439): stop. leaf nodes are specific
INFO: dtree.c(1478): Final simple tree
|( QUESTION13 -1 -2.781e+03 8.168e+01 1.300e+01
|    ( - -9.772e+02 1 0)
|    ( - -1.722e+03 1 0))
s>    ( QUESTION13 -1 -2.781e+03 8.168e+01 1.300e+01
s>        ( - -9.772e+02 1 0)
s>        ( - -1.722e+03 1 0))INFO: dtree.c(1315): Comp split 49
INFO: dtree.c(1315): Comp split 50
INFO: dtree.c(1318): stop. leaf nodes are specific
Mon Jan 30 07:35:45 2017
