Current configuration:
[NAME]		[DEFLT]	[VALUE]
-allphones	no	no
-cntthresh	0.00001	1.000000e-05
-csplitmax	100	2000
-csplitmin	1	1
-csplitthr	8e-4	0.000000e+00
-example	no	no
-fullvar	no	no
-help		no	no
-meanfn			/Users/benroye/forge/cmusphinx/voiceVim/model_parameters/voiceVim.cd_cont_untied/means
-mixwfn			/Users/benroye/forge/cmusphinx/voiceVim/model_parameters/voiceVim.cd_cont_untied/mixture_weights
-moddeffn		/Users/benroye/forge/cmusphinx/voiceVim/model_architecture/voiceVim.untied.mdef
-mwfloor	1e-4	1.000000e-08
-phone			ee
-psetfn			/Users/benroye/forge/cmusphinx/voiceVim/model_architecture/voiceVim.tree_questions
-ssplitmax	5	7
-ssplitmin	1	1
-ssplitthr	8e-4	0.000000e+00
-state			0
-stwt			1.0,0.05,0.0,
-treefn			/Users/benroye/forge/cmusphinx/voiceVim/trees/voiceVim.unpruned/ee-0.dtree
-ts2cbfn	.semi.	.cont.
-varfloor	0.00001	1.000000e-05
-varfn			/Users/benroye/forge/cmusphinx/voiceVim/model_parameters/voiceVim.cd_cont_untied/variances

INFO: main.c(223): Reading: /Users/benroye/forge/cmusphinx/voiceVim/model_architecture/voiceVim.untied.mdef
INFO: model_def_io.c(573): Model definition info:
INFO: model_def_io.c(574): 2249 total models defined (39 base, 2210 tri)
INFO: model_def_io.c(575): 8996 total states
INFO: model_def_io.c(576): 6747 total tied states
INFO: model_def_io.c(577): 117 total tied CI states
INFO: model_def_io.c(578): 39 total tied transition matrices
INFO: model_def_io.c(579): 4 max state/model
INFO: model_def_io.c(580): 4 min state/model
INFO: main.c(242): Building trees for [ee SIL g b] through [ee v uh i]
INFO: main.c(269): Covering states |[1209 1445]| == 237
INFO: main.c(275): Reading: /Users/benroye/forge/cmusphinx/voiceVim/model_parameters/voiceVim.cd_cont_untied/mixture_weights
INFO: s3mixw_io.c(173): Read /Users/benroye/forge/cmusphinx/voiceVim/model_parameters/voiceVim.cd_cont_untied/mixture_weights [237x1x1 array]
INFO: main.c(311): 79 of 79 models have observation count greater than 0.000010
INFO: main.c(95): nrm stwt: 0.952 0.048 0.000 
INFO: s3gau_io.c(169): Read /Users/benroye/forge/cmusphinx/voiceVim/model_parameters/voiceVim.cd_cont_untied/means [6747x1x1 array]
INFO: s3gau_io.c(169): Read /Users/benroye/forge/cmusphinx/voiceVim/model_parameters/voiceVim.cd_cont_untied/variances [6747x1x1 array]
INFO: main.c(549): Reading: /Users/benroye/forge/cmusphinx/voiceVim/model_architecture/voiceVim.tree_questions
INFO: main.c(588): 174 total simple questions (166 phone; 8 word bndry)
INFO: main.c(590): 40 Left Only questions, and 42 Right Only questions
INFO: dtree.c(1478): Final simple tree
|( QUESTION2_18_L -1 -6.172e+05 8.479e+03 2.615e+03
|    ( QUESTION0_20_R 1 -2.588e+05 3.846e+03 1.120e+03
|        ( - -5.693e+04 1 0)
|        ( QUESTION0_2_R 1 -1.980e+05 2.038e+03 8.579e+02
|            ( - -7.225e+04 2 0 WDBNDRY_E 0 1.789e+02 3.238e+02)
|            ( WDBNDRY_E 0 -1.237e+05 1.059e+03 5.341e+02
|                ( - -6.859e+04 14 0 QUESTION0_11_R 1 4.833e+02 3.023e+02)
|                ( - -5.409e+04 4 0 WDBNDRY_B 0 5.261e+02 2.318e+02))))
|    ( QUESTION2_1_L -1 -3.499e+05 2.053e+03 1.495e+03
|        ( QUESTION0_20_R 1 -2.963e+05 1.798e+03 1.276e+03
|            ( - -1.201e+05 2 0 WDBNDRY_E 0 2.674e+02 5.326e+02)
|            ( QUESTION1 -1 -1.744e+05 1.379e+03 7.436e+02
|                ( - -1.045e+05 3 0 WDBNDRY_B 0 9.350e+02 4.644e+02)
|                ( - -6.847e+04 26 0 WDBNDRY_E 0 7.578e+02 2.792e+02)))
|        ( - -5.162e+04 27 0 WDBNDRY_B 0 7.166e+02 2.185e+02)))
s>    ( QUESTION2_18_L -1 -6.172e+05 8.479e+03 2.615e+03
s>        ( QUESTION0_20_R 1 -2.588e+05 3.846e+03 1.120e+03
s>            ( - -5.693e+04 1 0)
s>            ( QUESTION0_2_R 1 -1.980e+05 2.038e+03 8.579e+02
s>                ( - -7.225e+04 2 0 WDBNDRY_E 0 1.789e+02 3.238e+02)
s>                ( WDBNDRY_E 0 -1.237e+05 1.059e+03 5.341e+02
s>                    ( - -6.859e+04 14 0 QUESTION0_11_R 1 4.833e+02 3.023e+02)
s>                    ( - -5.409e+04 4 0 WDBNDRY_B 0 5.261e+02 2.318e+02))))
s>        ( QUESTION2_1_L -1 -3.499e+05 2.053e+03 1.495e+03
s>            ( QUESTION0_20_R 1 -2.963e+05 1.798e+03 1.276e+03
s>                ( - -1.201e+05 2 0 WDBNDRY_E 0 2.674e+02 5.326e+02)
s>                ( QUESTION1 -1 -1.744e+05 1.379e+03 7.436e+02
s>                    ( - -1.045e+05 3 0 WDBNDRY_B 0 9.350e+02 4.644e+02)
s>                    ( - -6.847e+04 26 0 WDBNDRY_E 0 7.578e+02 2.792e+02)))
s>            ( - -5.162e+04 27 0 WDBNDRY_B 0 7.166e+02 2.185e+02)))INFO: dtree.c(1315): Comp split 0
INFO: dtree.c(1478): Final simple tree
|( QUESTION2_1_L -1 -3.499e+05 2.053e+03 1.495e+03
|    ( QUESTION0_20_R 1 -2.963e+05 1.798e+03 1.276e+03
|        ( - -1.201e+05 2 0 WDBNDRY_E 0 2.674e+02 5.326e+02)
|        ( QUESTION1 -1 -1.744e+05 1.379e+03 7.436e+02
|            ( WDBNDRY_B 0 -1.045e+05 9.350e+02 4.644e+02
|                ( - -1.145e+04 1 0)
|                ( QUESTION0_1_R 1 -9.214e+04 4.946e+02 4.140e+02
|                    ( - -9.901e+03 1 0)
|                    ( - -8.175e+04 1 0)))
|            ( WDBNDRY_E 0 -6.847e+04 7.578e+02 2.792e+02
|                ( - -4.193e+04 18 0 QUESTION0 -1 3.979e+02 1.692e+02)
|                ( - -2.579e+04 8 0 WDBNDRY_B 0 4.894e+02 1.099e+02))))
|    ( WDBNDRY_B 0 -5.162e+04 7.166e+02 2.185e+02
|        ( - -1.426e+04 12 0 QUESTION5 -1 2.379e+02 6.200e+01)
|        ( - -3.665e+04 15 0 QUESTION0_11_R 1 4.592e+02 1.565e+02)))
s>    ( QUESTION2_1_L -1 -3.499e+05 2.053e+03 1.495e+03
s>        ( QUESTION0_20_R 1 -2.963e+05 1.798e+03 1.276e+03
s>            ( - -1.201e+05 2 0 WDBNDRY_E 0 2.674e+02 5.326e+02)
s>            ( QUESTION1 -1 -1.744e+05 1.379e+03 7.436e+02
s>                ( WDBNDRY_B 0 -1.045e+05 9.350e+02 4.644e+02
s>                    ( - -1.145e+04 1 0)
s>                    ( QUESTION0_1_R 1 -9.214e+04 4.946e+02 4.140e+02
s>                        ( - -9.901e+03 1 0)
s>                        ( - -8.175e+04 1 0)))
s>                ( WDBNDRY_E 0 -6.847e+04 7.578e+02 2.792e+02
s>                    ( - -4.193e+04 18 0 QUESTION0 -1 3.979e+02 1.692e+02)
s>                    ( - -2.579e+04 8 0 WDBNDRY_B 0 4.894e+02 1.099e+02))))
s>        ( WDBNDRY_B 0 -5.162e+04 7.166e+02 2.185e+02
s>            ( - -1.426e+04 12 0 QUESTION5 -1 2.379e+02 6.200e+01)
s>            ( - -3.665e+04 15 0 QUESTION0_11_R 1 4.592e+02 1.565e+02)))INFO: dtree.c(1478): Final simple tree
|( QUESTION0_20_R 1 -2.588e+05 3.846e+03 1.120e+03
|    ( - -5.693e+04 1 0)
|    ( QUESTION0_2_R 1 -1.980e+05 2.038e+03 8.579e+02
|        ( - -7.225e+04 2 0 WDBNDRY_E 0 1.789e+02 3.238e+02)
|        ( WDBNDRY_E 0 -1.237e+05 1.059e+03 5.341e+02
|            ( QUESTION0_11_R 1 -6.859e+04 4.833e+02 3.023e+02
|                ( - -2.514e+04 4 0 QUESTION0_15_R 1 2.650e+02 1.118e+02)
|                ( SILENCE 1 -4.297e+04 2.682e+02 1.906e+02
|                    ( - -7.454e+03 1 0)
|                    ( - -3.524e+04 9 0 QUESTION11 1 2.041e+02 1.552e+02)))
|            ( WDBNDRY_B 0 -5.409e+04 5.261e+02 2.318e+02
|                ( - -2.156e+03 2 0 QUESTION0_1_R 1 1.546e+02 1.000e+01)
|                ( QUESTION0_1_R 1 -5.141e+04 4.109e+02 2.218e+02
|                    ( - -3.966e+04 1 0)
|                    ( - -1.133e+04 1 0))))))
s>    ( QUESTION0_20_R 1 -2.588e+05 3.846e+03 1.120e+03
s>        ( - -5.693e+04 1 0)
s>        ( QUESTION0_2_R 1 -1.980e+05 2.038e+03 8.579e+02
s>            ( - -7.225e+04 2 0 WDBNDRY_E 0 1.789e+02 3.238e+02)
s>            ( WDBNDRY_E 0 -1.237e+05 1.059e+03 5.341e+02
s>                ( QUESTION0_11_R 1 -6.859e+04 4.833e+02 3.023e+02
s>                    ( - -2.514e+04 4 0 QUESTION0_15_R 1 2.650e+02 1.118e+02)
s>                    ( SILENCE 1 -4.297e+04 2.682e+02 1.906e+02
s>                        ( - -7.454e+03 1 0)
s>                        ( - -3.524e+04 9 0 QUESTION11 1 2.041e+02 1.552e+02)))
s>                ( WDBNDRY_B 0 -5.409e+04 5.261e+02 2.318e+02
s>                    ( - -2.156e+03 2 0 QUESTION0_1_R 1 1.546e+02 1.000e+01)
s>                    ( QUESTION0_1_R 1 -5.141e+04 4.109e+02 2.218e+02
s>                        ( - -3.966e+04 1 0)
s>                        ( - -1.133e+04 1 0))))))INFO: dtree.c(1315): Comp split 1
INFO: dtree.c(1478): Final simple tree
|( QUESTION0_2_R 1 -1.980e+05 2.038e+03 8.579e+02
|    ( - -7.225e+04 2 0 WDBNDRY_E 0 1.789e+02 3.238e+02)
|    ( WDBNDRY_E 0 -1.237e+05 1.059e+03 5.341e+02
|        ( QUESTION0_11_R 1 -6.859e+04 4.833e+02 3.023e+02
|            ( QUESTION0_15_R 1 -2.514e+04 2.650e+02 1.118e+02
|                ( - -8.846e+02 1 0)
|                ( - -2.399e+04 3 0 QUESTION4 1 1.928e+02 1.068e+02))
|            ( SILENCE 1 -4.297e+04 2.682e+02 1.906e+02
|                ( - -7.454e+03 1 0)
|                ( - -3.524e+04 9 0 QUESTION11 1 2.041e+02 1.552e+02)))
|        ( WDBNDRY_B 0 -5.409e+04 5.261e+02 2.318e+02
|            ( - -2.156e+03 2 0 QUESTION0_1_R 1 1.546e+02 1.000e+01)
|            ( QUESTION0_1_R 1 -5.141e+04 4.109e+02 2.218e+02
|                ( - -3.966e+04 1 0)
|                ( - -1.133e+04 1 0)))))
s>    ( QUESTION0_2_R 1 -1.980e+05 2.038e+03 8.579e+02
s>        ( - -7.225e+04 2 0 WDBNDRY_E 0 1.789e+02 3.238e+02)
s>        ( WDBNDRY_E 0 -1.237e+05 1.059e+03 5.341e+02
s>            ( QUESTION0_11_R 1 -6.859e+04 4.833e+02 3.023e+02
s>                ( QUESTION0_15_R 1 -2.514e+04 2.650e+02 1.118e+02
s>                    ( - -8.846e+02 1 0)
s>                    ( - -2.399e+04 3 0 QUESTION4 1 1.928e+02 1.068e+02))
s>                ( SILENCE 1 -4.297e+04 2.682e+02 1.906e+02
s>                    ( - -7.454e+03 1 0)
s>                    ( - -3.524e+04 9 0 QUESTION11 1 2.041e+02 1.552e+02)))
s>            ( WDBNDRY_B 0 -5.409e+04 5.261e+02 2.318e+02
s>                ( - -2.156e+03 2 0 QUESTION0_1_R 1 1.546e+02 1.000e+01)
s>                ( QUESTION0_1_R 1 -5.141e+04 4.109e+02 2.218e+02
s>                    ( - -3.966e+04 1 0)
s>                    ( - -1.133e+04 1 0)))))INFO: dtree.c(1315): Comp split 2
INFO: dtree.c(1439): stop. leaf nodes are specific
INFO: dtree.c(1478): Final simple tree
|( QUESTION2 -1 -2.138e+05 1.569e+03 9.466e+02
|    ( - -1.172e+05 1 0)
|    ( QUESTION0_7_R 1 -9.495e+04 5.429e+02 4.241e+02
|        ( - -8.175e+04 1 0)
|        ( WDBNDRY_E 0 -1.266e+04 1.688e+02 5.225e+01
|            ( - -2.592e+03 1 0)
|            ( - -9.901e+03 1 0))))
s>    ( QUESTION2 -1 -2.138e+05 1.569e+03 9.466e+02
s>        ( - -1.172e+05 1 0)
s>        ( QUESTION0_7_R 1 -9.495e+04 5.429e+02 4.241e+02
s>            ( - -8.175e+04 1 0)
s>            ( WDBNDRY_E 0 -1.266e+04 1.688e+02 5.225e+01
s>                ( - -2.592e+03 1 0)
s>                ( - -9.901e+03 1 0))))INFO: dtree.c(1478): Final simple tree
|( QUESTION18 -1 -1.334e+05 1.557e+03 5.481e+02
|    ( WDBNDRY_I 0 -6.113e+04 8.455e+02 2.512e+02
|        ( - -1.918e+04 3 0 QUESTION0_11_R 1 2.659e+02 8.392e+01)
|        ( - -4.111e+04 18 0 WDBNDRY_B 0 2.270e+02 1.672e+02))
|    ( WDBNDRY_B 0 -7.071e+04 9.566e+02 2.969e+02
|        ( QUESTION2_5_L -1 -3.051e+04 4.494e+02 1.304e+02
|            ( - 2.207e+02 1 0)
|            ( QUESTION0_1_R 1 -3.028e+04 4.104e+02 1.294e+02
|                ( SILENCE -1 -1.481e+04 4.902e+02 6.545e+01
|                    ( - 2.420e+02 1 0)
|                    ( - -1.456e+04 4 0 QUESTION2_2_L -1 1.862e+02 6.445e+01))
|                ( - -1.506e+04 10 0 QUESTION0 -1 2.253e+02 6.400e+01)))
|        ( QUESTION0_11_R 1 -3.924e+04 4.603e+02 1.665e+02
|            ( - 9.123e+01 1 0)
|            ( - -3.887e+04 16 0 QUESTION11 -1 3.825e+02 1.655e+02))))
s>    ( QUESTION18 -1 -1.334e+05 1.557e+03 5.481e+02
s>        ( WDBNDRY_I 0 -6.113e+04 8.455e+02 2.512e+02
s>            ( - -1.918e+04 3 0 QUESTION0_11_R 1 2.659e+02 8.392e+01)
s>            ( - -4.111e+04 18 0 WDBNDRY_B 0 2.270e+02 1.672e+02))
s>        ( WDBNDRY_B 0 -7.071e+04 9.566e+02 2.969e+02
s>            ( QUESTION2_5_L -1 -3.051e+04 4.494e+02 1.304e+02
s>                ( - 2.207e+02 1 0)
s>                ( QUESTION0_1_R 1 -3.028e+04 4.104e+02 1.294e+02
s>                    ( SILENCE -1 -1.481e+04 4.902e+02 6.545e+01
s>                        ( - 2.420e+02 1 0)
s>                        ( - -1.456e+04 4 0 QUESTION2_2_L -1 1.862e+02 6.445e+01))
s>                    ( - -1.506e+04 10 0 QUESTION0 -1 2.253e+02 6.400e+01)))
s>            ( QUESTION0_11_R 1 -3.924e+04 4.603e+02 1.665e+02
s>                ( - 9.123e+01 1 0)
s>                ( - -3.887e+04 16 0 QUESTION11 -1 3.825e+02 1.655e+02))))INFO: dtree.c(1315): Comp split 3
INFO: dtree.c(1478): Final simple tree
|( QUESTION0_11_R 1 -7.923e+04 5.344e+02 3.501e+02
|    ( QUESTION4 1 -2.399e+04 1.928e+02 1.068e+02
|        ( - -2.306e+04 2 0 QUESTION0_12_R 1 1.434e+02 1.028e+02)
|        ( - -7.368e+02 1 0))
|    ( WDBNDRY_E 0 -5.470e+04 4.038e+02 2.433e+02
|        ( SILENCE 1 -4.297e+04 2.682e+02 1.906e+02
|            ( - -7.454e+03 1 0)
|            ( QUESTION11 1 -3.524e+04 2.041e+02 1.552e+02
|                ( - -1.657e+03 1 0)
|                ( QUESTION13 1 -3.338e+04 1.972e+02 1.472e+02
|                    ( - -8.465e+03 1 0)
|                    ( QUESTION0_6_R 1 -2.472e+04 1.783e+02 1.083e+02
|                        ( - -3.886e+03 2 0 QUESTION0 1 1.459e+02 1.809e+01)
|                        ( - -2.066e+04 5 0 QUESTION0_5_R 1 1.373e+02 9.024e+01)))))
|        ( - -1.133e+04 1 0)))
s>    ( QUESTION0_11_R 1 -7.923e+04 5.344e+02 3.501e+02
s>        ( QUESTION4 1 -2.399e+04 1.928e+02 1.068e+02
s>            ( - -2.306e+04 2 0 QUESTION0_12_R 1 1.434e+02 1.028e+02)
s>            ( - -7.368e+02 1 0))
s>        ( WDBNDRY_E 0 -5.470e+04 4.038e+02 2.433e+02
s>            ( SILENCE 1 -4.297e+04 2.682e+02 1.906e+02
s>                ( - -7.454e+03 1 0)
s>                ( QUESTION11 1 -3.524e+04 2.041e+02 1.552e+02
s>                    ( - -1.657e+03 1 0)
s>                    ( QUESTION13 1 -3.338e+04 1.972e+02 1.472e+02
s>                        ( - -8.465e+03 1 0)
s>                        ( QUESTION0_6_R 1 -2.472e+04 1.783e+02 1.083e+02
s>                            ( - -3.886e+03 2 0 QUESTION0 1 1.459e+02 1.809e+01)
s>                            ( - -2.066e+04 5 0 QUESTION0_5_R 1 1.373e+02 9.024e+01)))))
s>            ( - -1.133e+04 1 0)))INFO: dtree.c(1439): stop. leaf nodes are specific
INFO: dtree.c(1478): Final simple tree
|( QUESTION0_5_R 1 -1.166e+05 9.330e+02 5.078e+02
|    ( - -3.966e+04 1 0)
|    ( WDBNDRY_B 0 -7.601e+04 4.705e+02 3.388e+02
|        ( QUESTION0_1_R 1 -2.156e+03 1.546e+02 1.000e+01
|            ( - -1.010e+03 1 0)
|            ( - -9.915e+02 1 0))
|        ( QUESTION0_1_R 1 -7.338e+04 2.434e+02 3.288e+02
|            ( WDBNDRY_E 0 -7.225e+04 1.789e+02 3.238e+02
|                ( - -1.364e+03 1 0)
|                ( - -7.071e+04 1 0))
|            ( - -8.846e+02 1 0))))
s>    ( QUESTION0_5_R 1 -1.166e+05 9.330e+02 5.078e+02
s>        ( - -3.966e+04 1 0)
s>        ( WDBNDRY_B 0 -7.601e+04 4.705e+02 3.388e+02
s>            ( QUESTION0_1_R 1 -2.156e+03 1.546e+02 1.000e+01
s>                ( - -1.010e+03 1 0)
s>                ( - -9.915e+02 1 0))
s>            ( QUESTION0_1_R 1 -7.338e+04 2.434e+02 3.288e+02
s>                ( WDBNDRY_E 0 -7.225e+04 1.789e+02 3.238e+02
s>                    ( - -1.364e+03 1 0)
s>                    ( - -7.071e+04 1 0))
s>                ( - -8.846e+02 1 0))))INFO: dtree.c(1315): Comp split 4
INFO: dtree.c(1439): stop. leaf nodes are specific
INFO: dtree.c(1478): Final simple tree
|( QUESTION0_7_R 1 -9.495e+04 5.429e+02 4.241e+02
|    ( - -8.175e+04 1 0)
|    ( WDBNDRY_E 0 -1.266e+04 1.688e+02 5.225e+01
|        ( - -2.592e+03 1 0)
|        ( - -9.901e+03 1 0)))
s>    ( QUESTION0_7_R 1 -9.495e+04 5.429e+02 4.241e+02
s>        ( - -8.175e+04 1 0)
s>        ( WDBNDRY_E 0 -1.266e+04 1.688e+02 5.225e+01
s>            ( - -2.592e+03 1 0)
s>            ( - -9.901e+03 1 0)))INFO: dtree.c(1315): Comp split 5
INFO: dtree.c(1478): Final simple tree
|( WDBNDRY_I 0 -6.113e+04 8.455e+02 2.512e+02
|    ( QUESTION0_11_R 1 -1.918e+04 2.659e+02 8.392e+01
|        ( - -1.056e+04 1 0)
|        ( - -8.351e+03 2 0 QUESTION0_1_R 1 1.245e+02 3.600e+01))
|    ( WDBNDRY_B 0 -4.111e+04 2.270e+02 1.672e+02
|        ( QUESTION0_1_R 1 -1.698e+03 1.480e+02 8.000e+00
|            ( - -9.809e+02 1 0)
|            ( - -5.690e+02 1 0))
|        ( QUESTION0_11_R 1 -3.918e+04 2.320e+02 1.592e+02
|            ( - -9.416e+03 3 0 QUESTION0_14_R 1 1.034e+02 3.902e+01)
|            ( QUESTION6 1 -2.954e+04 1.813e+02 1.202e+02
|                ( - -5.822e+02 1 0)
|                ( QUESTION0_9_R 1 -2.877e+04 1.788e+02 1.172e+02
|                    ( - -6.091e+03 1 0)
|                    ( - -2.250e+04 11 0 QUESTION0_3_R 1 1.449e+02 9.025e+01))))))
s>    ( WDBNDRY_I 0 -6.113e+04 8.455e+02 2.512e+02
s>        ( QUESTION0_11_R 1 -1.918e+04 2.659e+02 8.392e+01
s>            ( - -1.056e+04 1 0)
s>            ( - -8.351e+03 2 0 QUESTION0_1_R 1 1.245e+02 3.600e+01))
s>        ( WDBNDRY_B 0 -4.111e+04 2.270e+02 1.672e+02
s>            ( QUESTION0_1_R 1 -1.698e+03 1.480e+02 8.000e+00
s>                ( - -9.809e+02 1 0)
s>                ( - -5.690e+02 1 0))
s>            ( QUESTION0_11_R 1 -3.918e+04 2.320e+02 1.592e+02
s>                ( - -9.416e+03 3 0 QUESTION0_14_R 1 1.034e+02 3.902e+01)
s>                ( QUESTION6 1 -2.954e+04 1.813e+02 1.202e+02
s>                    ( - -5.822e+02 1 0)
s>                    ( QUESTION0_9_R 1 -2.877e+04 1.788e+02 1.172e+02
s>                        ( - -6.091e+03 1 0)
s>                        ( - -2.250e+04 11 0 QUESTION0_3_R 1 1.449e+02 9.025e+01))))))INFO: dtree.c(1478): Final simple tree
|( WDBNDRY_B 0 -7.071e+04 9.566e+02 2.969e+02
|    ( QUESTION2_5_L -1 -3.051e+04 4.494e+02 1.304e+02
|        ( - 2.207e+02 1 0)
|        ( QUESTION0_1_R 1 -3.028e+04 4.104e+02 1.294e+02
|            ( SILENCE -1 -1.481e+04 4.902e+02 6.545e+01
|                ( - 2.420e+02 1 0)
|                ( - -1.456e+04 4 0 QUESTION2_2_L -1 1.862e+02 6.445e+01))
|            ( - -1.506e+04 10 0 QUESTION0 -1 2.253e+02 6.400e+01)))
|    ( QUESTION0_11_R 1 -3.924e+04 4.603e+02 1.665e+02
|        ( - 9.123e+01 1 0)
|        ( QUESTION11 -1 -3.887e+04 3.825e+02 1.655e+02
|            ( - -4.848e+03 1 0)
|            ( QUESTION4 -1 -3.364e+04 3.349e+02 1.423e+02
|                ( - -2.242e+04 12 0 QUESTION0_8_R 1 4.904e+02 9.462e+01)
|                ( - -1.088e+04 3 0 WDBNDRY_E 0 2.075e+02 4.773e+01)))))
s>    ( WDBNDRY_B 0 -7.071e+04 9.566e+02 2.969e+02
s>        ( QUESTION2_5_L -1 -3.051e+04 4.494e+02 1.304e+02
s>            ( - 2.207e+02 1 0)
s>            ( QUESTION0_1_R 1 -3.028e+04 4.104e+02 1.294e+02
s>                ( SILENCE -1 -1.481e+04 4.902e+02 6.545e+01
s>                    ( - 2.420e+02 1 0)
s>                    ( - -1.456e+04 4 0 QUESTION2_2_L -1 1.862e+02 6.445e+01))
s>                ( - -1.506e+04 10 0 QUESTION0 -1 2.253e+02 6.400e+01)))
s>        ( QUESTION0_11_R 1 -3.924e+04 4.603e+02 1.665e+02
s>            ( - 9.123e+01 1 0)
s>            ( QUESTION11 -1 -3.887e+04 3.825e+02 1.655e+02
s>                ( - -4.848e+03 1 0)
s>                ( QUESTION4 -1 -3.364e+04 3.349e+02 1.423e+02
s>                    ( - -2.242e+04 12 0 QUESTION0_8_R 1 4.904e+02 9.462e+01)
s>                    ( - -1.088e+04 3 0 WDBNDRY_E 0 2.075e+02 4.773e+01)))))INFO: dtree.c(1315): Comp split 6
INFO: dtree.c(1478): Final simple tree
|( QUESTION0_1_R 1 -3.005e+04 4.257e+02 1.284e+02
|    ( QUESTION2_2_L -1 -1.456e+04 1.862e+02 6.445e+01
|        ( - -2.601e+02 1 0)
|        ( QUESTION0 -1 -1.412e+04 1.717e+02 6.245e+01
|            ( - -1.145e+04 1 0)
|            ( - -2.498e+03 2 0)))
|    ( QUESTION0 -1 -1.506e+04 2.253e+02 6.400e+01
|        ( - -4.925e+03 4 0 QUESTION0_11_R 1 1.616e+02 2.100e+01)
|        ( QUESTION0_11_R 1 -9.909e+03 1.621e+02 4.300e+01
|            ( - -5.353e+02 1 0)
|            ( SILENCE -1 -9.212e+03 1.625e+02 4.000e+01
|                ( QUESTION0_8_R 1 -2.136e+03 1.978e+02 1.000e+01
|                    ( - -1.417e+03 1 0)
|                    ( - -5.212e+02 1 0))
|                ( - -6.914e+03 3 0 QUESTION0_8_R 1 1.224e+02 3.000e+01)))))
s>    ( QUESTION0_1_R 1 -3.005e+04 4.257e+02 1.284e+02
s>        ( QUESTION2_2_L -1 -1.456e+04 1.862e+02 6.445e+01
s>            ( - -2.601e+02 1 0)
s>            ( QUESTION0 -1 -1.412e+04 1.717e+02 6.245e+01
s>                ( - -1.145e+04 1 0)
s>                ( - -2.498e+03 2 0)))
s>        ( QUESTION0 -1 -1.506e+04 2.253e+02 6.400e+01
s>            ( - -4.925e+03 4 0 QUESTION0_11_R 1 1.616e+02 2.100e+01)
s>            ( QUESTION0_11_R 1 -9.909e+03 1.621e+02 4.300e+01
s>                ( - -5.353e+02 1 0)
s>                ( SILENCE -1 -9.212e+03 1.625e+02 4.000e+01
s>                    ( QUESTION0_8_R 1 -2.136e+03 1.978e+02 1.000e+01
s>                        ( - -1.417e+03 1 0)
s>                        ( - -5.212e+02 1 0))
s>                    ( - -6.914e+03 3 0 QUESTION0_8_R 1 1.224e+02 3.000e+01)))))INFO: dtree.c(1478): Final simple tree
|( SILENCE -1 -3.968e+04 4.666e+02 1.685e+02
|    ( - 2.420e+02 1 0)
|    ( QUESTION0_11_R 1 -3.946e+04 4.602e+02 1.675e+02
|        ( - 9.123e+01 1 0)
|        ( WDBNDRY_B 0 -3.909e+04 4.390e+02 1.665e+02
|            ( - 2.207e+02 1 0)
|            ( QUESTION11 -1 -3.887e+04 3.825e+02 1.655e+02
|                ( - -4.848e+03 1 0)
|                ( QUESTION4 -1 -3.364e+04 3.349e+02 1.423e+02
|                    ( QUESTION0_8_R 1 -2.242e+04 4.904e+02 9.462e+01
|                        ( - 2.424e+02 1 0)
|                        ( QUESTION0_6_R 1 -2.217e+04 4.767e+02 9.362e+01
|                            ( - -1.248e+04 4 0 QUESTION0 1 1.546e+02 5.303e+01)
|                            ( - -9.218e+03 7 0 QUESTION19 1 2.108e+02 4.059e+01)))
|                    ( - -1.088e+04 3 0 WDBNDRY_E 0 2.075e+02 4.773e+01))))))
s>    ( SILENCE -1 -3.968e+04 4.666e+02 1.685e+02
s>        ( - 2.420e+02 1 0)
s>        ( QUESTION0_11_R 1 -3.946e+04 4.602e+02 1.675e+02
s>            ( - 9.123e+01 1 0)
s>            ( WDBNDRY_B 0 -3.909e+04 4.390e+02 1.665e+02
s>                ( - 2.207e+02 1 0)
s>                ( QUESTION11 -1 -3.887e+04 3.825e+02 1.655e+02
s>                    ( - -4.848e+03 1 0)
s>                    ( QUESTION4 -1 -3.364e+04 3.349e+02 1.423e+02
s>                        ( QUESTION0_8_R 1 -2.242e+04 4.904e+02 9.462e+01
s>                            ( - 2.424e+02 1 0)
s>                            ( QUESTION0_6_R 1 -2.217e+04 4.767e+02 9.362e+01
s>                                ( - -1.248e+04 4 0 QUESTION0 1 1.546e+02 5.303e+01)
s>                                ( - -9.218e+03 7 0 QUESTION19 1 2.108e+02 4.059e+01)))
s>                        ( - -1.088e+04 3 0 WDBNDRY_E 0 2.075e+02 4.773e+01))))))INFO: dtree.c(1315): Comp split 7
INFO: dtree.c(1439): stop. leaf nodes are specific
INFO: dtree.c(1478): Final simple tree
|( WDBNDRY_E 0 -4.120e+04 1.771e+02 1.756e+02
|    ( - -1.364e+03 1 0)
|    ( - -3.966e+04 1 0))
s>    ( WDBNDRY_E 0 -4.120e+04 1.771e+02 1.756e+02
s>        ( - -1.364e+03 1 0)
s>        ( - -3.966e+04 1 0))INFO: dtree.c(1439): stop. leaf nodes are specific
INFO: dtree.c(1478): Final simple tree
|( WDBNDRY_B 0 -7.446e+04 4.681e+02 3.323e+02
|    ( QUESTION0_1_R 1 -2.156e+03 1.546e+02 1.000e+01
|        ( - -1.010e+03 1 0)
|        ( - -9.915e+02 1 0))
|    ( WDBNDRY_E 0 -7.184e+04 2.465e+02 3.223e+02
|        ( - -8.846e+02 1 0)
|        ( - -7.071e+04 1 0)))
s>    ( WDBNDRY_B 0 -7.446e+04 4.681e+02 3.323e+02
s>        ( QUESTION0_1_R 1 -2.156e+03 1.546e+02 1.000e+01
s>            ( - -1.010e+03 1 0)
s>            ( - -9.915e+02 1 0))
s>        ( WDBNDRY_E 0 -7.184e+04 2.465e+02 3.223e+02
s>            ( - -8.846e+02 1 0)
s>            ( - -7.071e+04 1 0)))INFO: dtree.c(1315): Comp split 8
INFO: dtree.c(1478): Final simple tree
|( WDBNDRY_B 0 -4.111e+04 2.270e+02 1.672e+02
|    ( QUESTION0_1_R 1 -1.698e+03 1.480e+02 8.000e+00
|        ( - -9.809e+02 1 0)
|        ( - -5.690e+02 1 0))
|    ( QUESTION0_11_R 1 -3.918e+04 2.320e+02 1.592e+02
|        ( - -9.416e+03 3 0 QUESTION0_14_R 1 1.034e+02 3.902e+01)
|        ( QUESTION6 1 -2.954e+04 1.813e+02 1.202e+02
|            ( - -5.822e+02 1 0)
|            ( QUESTION0_9_R 1 -2.877e+04 1.788e+02 1.172e+02
|                ( - -6.091e+03 1 0)
|                ( QUESTION0_3_R 1 -2.250e+04 1.449e+02 9.025e+01
|                    ( QUESTION16 1 -6.542e+03 1.942e+02 2.601e+01
|                        ( - -8.743e+02 2 0 QUESTION0_4_R 1 1.659e+02 4.000e+00)
|                        ( - -5.473e+03 4 0 QUESTION13 1 1.226e+02 2.201e+01))
|                    ( - -1.582e+04 5 0 QUESTION12 1 1.727e+02 6.425e+01))))))
s>    ( WDBNDRY_B 0 -4.111e+04 2.270e+02 1.672e+02
s>        ( QUESTION0_1_R 1 -1.698e+03 1.480e+02 8.000e+00
s>            ( - -9.809e+02 1 0)
s>            ( - -5.690e+02 1 0))
s>        ( QUESTION0_11_R 1 -3.918e+04 2.320e+02 1.592e+02
s>            ( - -9.416e+03 3 0 QUESTION0_14_R 1 1.034e+02 3.902e+01)
s>            ( QUESTION6 1 -2.954e+04 1.813e+02 1.202e+02
s>                ( - -5.822e+02 1 0)
s>                ( QUESTION0_9_R 1 -2.877e+04 1.788e+02 1.172e+02
s>                    ( - -6.091e+03 1 0)
s>                    ( QUESTION0_3_R 1 -2.250e+04 1.449e+02 9.025e+01
s>                        ( QUESTION16 1 -6.542e+03 1.942e+02 2.601e+01
s>                            ( - -8.743e+02 2 0 QUESTION0_4_R 1 1.659e+02 4.000e+00)
s>                            ( - -5.473e+03 4 0 QUESTION13 1 1.226e+02 2.201e+01))
s>                        ( - -1.582e+04 5 0 QUESTION12 1 1.727e+02 6.425e+01))))))INFO: dtree.c(1439): stop. leaf nodes are specific
INFO: dtree.c(1478): Final simple tree
|( QUESTION0_11_R 1 -1.918e+04 2.659e+02 8.392e+01
|    ( - -1.056e+04 1 0)
|    ( QUESTION0_1_R 1 -8.351e+03 1.245e+02 3.600e+01
|        ( - -3.481e+03 1 0)
|        ( - -4.745e+03 1 0)))
s>    ( QUESTION0_11_R 1 -1.918e+04 2.659e+02 8.392e+01
s>        ( - -1.056e+04 1 0)
s>        ( QUESTION0_1_R 1 -8.351e+03 1.245e+02 3.600e+01
s>            ( - -3.481e+03 1 0)
s>            ( - -4.745e+03 1 0)))INFO: dtree.c(1315): Comp split 9
INFO: dtree.c(1478): Final simple tree
|( QUESTION0_11_R 1 -1.500e+04 4.565e+02 6.572e+01
|    ( - 9.123e+01 1 0)
|    ( WDBNDRY_B 0 -1.464e+04 4.377e+02 6.472e+01
|        ( - 2.207e+02 1 0)
|        ( WDBNDRY_E 0 -1.442e+04 3.548e+02 6.372e+01
|            ( QUESTION19 1 -9.218e+03 2.108e+02 4.059e+01
|                ( - -2.423e+03 1 0)
|                ( QUESTION0_0_R 1 -6.584e+03 1.607e+02 2.952e+01
|                    ( QUESTION0_3_R 1 -3.837e+03 1.541e+02 1.758e+01
|                        ( - -5.405e+02 1 0)
|                        ( QUESTION0 1 -3.143e+03 1.333e+02 1.458e+01
|                            ( - -2.482e+03 2 0 QUESTION0_1_R 1 1.265e+02 1.158e+01)
|                            ( - -5.275e+02 1 0)))
|                    ( - -2.586e+03 2 0 SILENCE 1 1.263e+02 1.194e+01)))
|            ( - -4.848e+03 1 0))))
s>    ( QUESTION0_11_R 1 -1.500e+04 4.565e+02 6.572e+01
s>        ( - 9.123e+01 1 0)
s>        ( WDBNDRY_B 0 -1.464e+04 4.377e+02 6.472e+01
s>            ( - 2.207e+02 1 0)
s>            ( WDBNDRY_E 0 -1.442e+04 3.548e+02 6.372e+01
s>                ( QUESTION19 1 -9.218e+03 2.108e+02 4.059e+01
s>                    ( - -2.423e+03 1 0)
s>                    ( QUESTION0_0_R 1 -6.584e+03 1.607e+02 2.952e+01
s>                        ( QUESTION0_3_R 1 -3.837e+03 1.541e+02 1.758e+01
s>                            ( - -5.405e+02 1 0)
s>                            ( QUESTION0 1 -3.143e+03 1.333e+02 1.458e+01
s>                                ( - -2.482e+03 2 0 QUESTION0_1_R 1 1.265e+02 1.158e+01)
s>                                ( - -5.275e+02 1 0)))
s>                        ( - -2.586e+03 2 0 SILENCE 1 1.263e+02 1.194e+01)))
s>                ( - -4.848e+03 1 0))))INFO: dtree.c(1478): Final simple tree
|( WDBNDRY_B 0 -2.406e+04 4.664e+02 1.028e+02
|    ( - 2.420e+02 1 0)
|    ( QUESTION5 -1 -2.383e+04 2.449e+02 1.018e+02
|        ( - -8.331e+03 1 0)
|        ( QUESTION0_7_R 1 -1.526e+04 1.926e+02 6.403e+01
|            ( QUESTION0 -1 -1.677e+03 4.862e+02 7.000e+00
|                ( - -1.433e+03 1 0)
|                ( - 2.424e+02 1 0))
|            ( SILENCE 1 -1.339e+04 1.594e+02 5.703e+01
|                ( - -7.511e+02 1 0)
|                ( QUESTION0 1 -1.248e+04 1.546e+02 5.303e+01
|                    ( WDBNDRY_E 0 -8.700e+03 1.392e+02 3.801e+01
|                        ( - -1.272e+03 1 0)
|                        ( - -7.289e+03 2 0))
|                    ( - -3.624e+03 1 0))))))
s>    ( WDBNDRY_B 0 -2.406e+04 4.664e+02 1.028e+02
s>        ( - 2.420e+02 1 0)
s>        ( QUESTION5 -1 -2.383e+04 2.449e+02 1.018e+02
s>            ( - -8.331e+03 1 0)
s>            ( QUESTION0_7_R 1 -1.526e+04 1.926e+02 6.403e+01
s>                ( QUESTION0 -1 -1.677e+03 4.862e+02 7.000e+00
s>                    ( - -1.433e+03 1 0)
s>                    ( - 2.424e+02 1 0))
s>                ( SILENCE 1 -1.339e+04 1.594e+02 5.703e+01
s>                    ( - -7.511e+02 1 0)
s>                    ( QUESTION0 1 -1.248e+04 1.546e+02 5.303e+01
s>                        ( WDBNDRY_E 0 -8.700e+03 1.392e+02 3.801e+01
s>                            ( - -1.272e+03 1 0)
s>                            ( - -7.289e+03 2 0))
s>                        ( - -3.624e+03 1 0))))))INFO: dtree.c(1315): Comp split 10
INFO: dtree.c(1439): stop. leaf nodes are specific
INFO: dtree.c(1478): Final simple tree
|( QUESTION0_9_R 1 -3.950e+04 3.541e+02 1.770e+02
|    ( QUESTION0_12_R 1 -2.306e+04 1.434e+02 1.028e+02
|        ( - -1.031e+04 1 0)
|        ( - -1.261e+04 1 0))
|    ( SILENCE 1 -1.609e+04 1.676e+02 7.424e+01
|        ( - -7.454e+03 1 0)
|        ( - -8.465e+03 1 0)))
s>    ( QUESTION0_9_R 1 -3.950e+04 3.541e+02 1.770e+02
s>        ( QUESTION0_12_R 1 -2.306e+04 1.434e+02 1.028e+02
s>            ( - -1.031e+04 1 0)
s>            ( - -1.261e+04 1 0))
s>        ( SILENCE 1 -1.609e+04 1.676e+02 7.424e+01
s>            ( - -7.454e+03 1 0)
s>            ( - -8.465e+03 1 0)))INFO: dtree.c(1478): Final simple tree
|( WDBNDRY_E 0 -3.911e+04 3.109e+02 1.731e+02
|    ( QUESTION11 1 -2.747e+04 1.995e+02 1.203e+02
|        ( - -1.657e+03 1 0)
|        ( QUESTION0_6_R 1 -2.561e+04 1.764e+02 1.123e+02
|            ( QUESTION0 1 -3.886e+03 1.459e+02 1.809e+01
|                ( - -3.026e+03 1 0)
|                ( - -7.138e+02 1 0))
|            ( QUESTION0_11_R 1 -2.155e+04 1.542e+02 9.424e+01
|                ( - -7.368e+02 1 0)
|                ( QUESTION0_5_R 1 -2.066e+04 1.373e+02 9.024e+01
|                    ( - -2.907e+03 1 0)
|                    ( QUESTION0_8_R 1 -1.761e+04 1.317e+02 7.661e+01
|                        ( - -1.244e+04 2 0)
|                        ( - -5.038e+03 2 0 QUESTION0_1_R 1 1.053e+02 2.301e+01))))))
|    ( - -1.133e+04 1 0))
s>    ( WDBNDRY_E 0 -3.911e+04 3.109e+02 1.731e+02
s>        ( QUESTION11 1 -2.747e+04 1.995e+02 1.203e+02
s>            ( - -1.657e+03 1 0)
s>            ( QUESTION0_6_R 1 -2.561e+04 1.764e+02 1.123e+02
s>                ( QUESTION0 1 -3.886e+03 1.459e+02 1.809e+01
s>                    ( - -3.026e+03 1 0)
s>                    ( - -7.138e+02 1 0))
s>                ( QUESTION0_11_R 1 -2.155e+04 1.542e+02 9.424e+01
s>                    ( - -7.368e+02 1 0)
s>                    ( QUESTION0_5_R 1 -2.066e+04 1.373e+02 9.024e+01
s>                        ( - -2.907e+03 1 0)
s>                        ( QUESTION0_8_R 1 -1.761e+04 1.317e+02 7.661e+01
s>                            ( - -1.244e+04 2 0)
s>                            ( - -5.038e+03 2 0 QUESTION0_1_R 1 1.053e+02 2.301e+01))))))
s>        ( - -1.133e+04 1 0))INFO: dtree.c(1315): Comp split 11
INFO: dtree.c(1439): stop. leaf nodes are specific
INFO: dtree.c(1478): Final simple tree
|( WDBNDRY_E 0 -1.266e+04 1.688e+02 5.225e+01
|    ( - -2.592e+03 1 0)
|    ( - -9.901e+03 1 0))
s>    ( WDBNDRY_E 0 -1.266e+04 1.688e+02 5.225e+01
s>        ( - -2.592e+03 1 0)
s>        ( - -9.901e+03 1 0))INFO: dtree.c(1315): Comp split 12
INFO: dtree.c(1439): stop. leaf nodes are specific
INFO: dtree.c(1478): Final simple tree
|( WDBNDRY_B 0 -2.381e+04 4.664e+02 1.018e+02
|    ( - 2.420e+02 1 0)
|    ( QUESTION5 -1 -2.359e+04 2.430e+02 1.008e+02
|        ( - -8.331e+03 1 0)
|        ( QUESTION0_7_R 1 -1.501e+04 1.911e+02 6.303e+01
|            ( - -1.433e+03 1 0)
|            ( SILENCE 1 -1.339e+04 1.594e+02 5.703e+01
|                ( - -7.511e+02 1 0)
|                ( QUESTION0 1 -1.248e+04 1.546e+02 5.303e+01
|                    ( WDBNDRY_E 0 -8.700e+03 1.392e+02 3.801e+01
|                        ( - -1.272e+03 1 0)
|                        ( - -7.289e+03 2 0))
|                    ( - -3.624e+03 1 0))))))
s>    ( WDBNDRY_B 0 -2.381e+04 4.664e+02 1.018e+02
s>        ( - 2.420e+02 1 0)
s>        ( QUESTION5 -1 -2.359e+04 2.430e+02 1.008e+02
s>            ( - -8.331e+03 1 0)
s>            ( QUESTION0_7_R 1 -1.501e+04 1.911e+02 6.303e+01
s>                ( - -1.433e+03 1 0)
s>                ( SILENCE 1 -1.339e+04 1.594e+02 5.703e+01
s>                    ( - -7.511e+02 1 0)
s>                    ( QUESTION0 1 -1.248e+04 1.546e+02 5.303e+01
s>                        ( WDBNDRY_E 0 -8.700e+03 1.392e+02 3.801e+01
s>                            ( - -1.272e+03 1 0)
s>                            ( - -7.289e+03 2 0))
s>                        ( - -3.624e+03 1 0))))))INFO: dtree.c(1315): Comp split 13
INFO: dtree.c(1439): stop. leaf nodes are specific
INFO: dtree.c(1478): Final simple tree
|( WDBNDRY_E 0 -7.184e+04 2.465e+02 3.223e+02
|    ( - -8.846e+02 1 0)
|    ( - -7.071e+04 1 0))
s>    ( WDBNDRY_E 0 -7.184e+04 2.465e+02 3.223e+02
s>        ( - -8.846e+02 1 0)
s>        ( - -7.071e+04 1 0))INFO: dtree.c(1439): stop. leaf nodes are specific
INFO: dtree.c(1478): Final simple tree
|( QUESTION0_1_R 1 -2.156e+03 1.546e+02 1.000e+01
|    ( - -1.010e+03 1 0)
|    ( - -9.915e+02 1 0))
s>    ( QUESTION0_1_R 1 -2.156e+03 1.546e+02 1.000e+01
s>        ( - -1.010e+03 1 0)
s>        ( - -9.915e+02 1 0))INFO: dtree.c(1315): Comp split 14
INFO: dtree.c(1439): stop. leaf nodes are specific
INFO: dtree.c(1478): Final simple tree
|( QUESTION5 -1 -2.359e+04 2.430e+02 1.008e+02
|    ( - -8.331e+03 1 0)
|    ( QUESTION0_7_R 1 -1.501e+04 1.911e+02 6.303e+01
|        ( - -1.433e+03 1 0)
|        ( SILENCE 1 -1.339e+04 1.594e+02 5.703e+01
|            ( - -7.511e+02 1 0)
|            ( QUESTION0 1 -1.248e+04 1.546e+02 5.303e+01
|                ( WDBNDRY_E 0 -8.700e+03 1.392e+02 3.801e+01
|                    ( - -1.272e+03 1 0)
|                    ( - -7.289e+03 2 0))
|                ( - -3.624e+03 1 0)))))
s>    ( QUESTION5 -1 -2.359e+04 2.430e+02 1.008e+02
s>        ( - -8.331e+03 1 0)
s>        ( QUESTION0_7_R 1 -1.501e+04 1.911e+02 6.303e+01
s>            ( - -1.433e+03 1 0)
s>            ( SILENCE 1 -1.339e+04 1.594e+02 5.703e+01
s>                ( - -7.511e+02 1 0)
s>                ( QUESTION0 1 -1.248e+04 1.546e+02 5.303e+01
s>                    ( WDBNDRY_E 0 -8.700e+03 1.392e+02 3.801e+01
s>                        ( - -1.272e+03 1 0)
s>                        ( - -7.289e+03 2 0))
s>                    ( - -3.624e+03 1 0)))))INFO: dtree.c(1315): Comp split 15
INFO: dtree.c(1478): Final simple tree
|( WDBNDRY_B 0 -1.464e+04 4.377e+02 6.472e+01
|    ( - 2.207e+02 1 0)
|    ( WDBNDRY_E 0 -1.442e+04 3.548e+02 6.372e+01
|        ( QUESTION19 1 -9.218e+03 2.108e+02 4.059e+01
|            ( - -2.423e+03 1 0)
|            ( QUESTION0_0_R 1 -6.584e+03 1.607e+02 2.952e+01
|                ( QUESTION0_3_R 1 -3.837e+03 1.541e+02 1.758e+01
|                    ( - -5.405e+02 1 0)
|                    ( QUESTION0 1 -3.143e+03 1.333e+02 1.458e+01
|                        ( QUESTION0_1_R 1 -2.482e+03 1.265e+02 1.158e+01
|                            ( - -1.623e+03 1 0)
|                            ( - -7.326e+02 1 0))
|                        ( - -5.275e+02 1 0)))
|                ( - -2.586e+03 2 0 SILENCE 1 1.263e+02 1.194e+01)))
|        ( - -4.848e+03 1 0)))
s>    ( WDBNDRY_B 0 -1.464e+04 4.377e+02 6.472e+01
s>        ( - 2.207e+02 1 0)
s>        ( WDBNDRY_E 0 -1.442e+04 3.548e+02 6.372e+01
s>            ( QUESTION19 1 -9.218e+03 2.108e+02 4.059e+01
s>                ( - -2.423e+03 1 0)
s>                ( QUESTION0_0_R 1 -6.584e+03 1.607e+02 2.952e+01
s>                    ( QUESTION0_3_R 1 -3.837e+03 1.541e+02 1.758e+01
s>                        ( - -5.405e+02 1 0)
s>                        ( QUESTION0 1 -3.143e+03 1.333e+02 1.458e+01
s>                            ( QUESTION0_1_R 1 -2.482e+03 1.265e+02 1.158e+01
s>                                ( - -1.623e+03 1 0)
s>                                ( - -7.326e+02 1 0))
s>                            ( - -5.275e+02 1 0)))
s>                    ( - -2.586e+03 2 0 SILENCE 1 1.263e+02 1.194e+01)))
s>            ( - -4.848e+03 1 0)))INFO: dtree.c(1315): Comp split 16
INFO: dtree.c(1439): stop. leaf nodes are specific
INFO: dtree.c(1478): Final simple tree
|( QUESTION0_9_R 1 -1.685e+04 2.069e+02 7.445e+01
|    ( - -5.212e+02 1 0)
|    ( QUESTION2_2_L -1 -1.612e+04 1.883e+02 7.145e+01
|        ( - -2.601e+02 1 0)
|        ( QUESTION3 -1 -1.567e+04 1.669e+02 6.945e+01
|            ( - -2.498e+03 2 0)
|            ( SILENCE -1 -1.301e+04 1.420e+02 5.745e+01
|                ( - -1.417e+03 1 0)
|                ( - -1.145e+04 1 0)))))
s>    ( QUESTION0_9_R 1 -1.685e+04 2.069e+02 7.445e+01
s>        ( - -5.212e+02 1 0)
s>        ( QUESTION2_2_L -1 -1.612e+04 1.883e+02 7.145e+01
s>            ( - -2.601e+02 1 0)
s>            ( QUESTION3 -1 -1.567e+04 1.669e+02 6.945e+01
s>                ( - -2.498e+03 2 0)
s>                ( SILENCE -1 -1.301e+04 1.420e+02 5.745e+01
s>                    ( - -1.417e+03 1 0)
s>                    ( - -1.145e+04 1 0)))))INFO: dtree.c(1439): stop. leaf nodes are specific
INFO: dtree.c(1478): Final simple tree
|( QUESTION0 -1 -1.275e+04 2.168e+02 5.400e+01
|    ( QUESTION0_11_R 1 -4.925e+03 1.616e+02 2.100e+01
|        ( - -2.311e+03 1 0)
|        ( QUESTION0_8_R 1 -2.452e+03 1.351e+02 1.100e+01
|            ( - -1.448e+03 2 0)
|            ( - -8.691e+02 1 0)))
|    ( SILENCE -1 -7.608e+03 1.587e+02 3.300e+01
|        ( - -5.353e+02 1 0)
|        ( QUESTION0_8_R 1 -6.914e+03 1.224e+02 3.000e+01
|            ( - -4.079e+03 1 0)
|            ( QUESTION11 -1 -2.713e+03 8.684e+01 1.200e+01
|                ( - -1.294e+03 1 0)
|                ( - -1.332e+03 1 0)))))
s>    ( QUESTION0 -1 -1.275e+04 2.168e+02 5.400e+01
s>        ( QUESTION0_11_R 1 -4.925e+03 1.616e+02 2.100e+01
s>            ( - -2.311e+03 1 0)
s>            ( QUESTION0_8_R 1 -2.452e+03 1.351e+02 1.100e+01
s>                ( - -1.448e+03 2 0)
s>                ( - -8.691e+02 1 0)))
s>        ( SILENCE -1 -7.608e+03 1.587e+02 3.300e+01
s>            ( - -5.353e+02 1 0)
s>            ( QUESTION0_8_R 1 -6.914e+03 1.224e+02 3.000e+01
s>                ( - -4.079e+03 1 0)
s>                ( QUESTION11 -1 -2.713e+03 8.684e+01 1.200e+01
s>                    ( - -1.294e+03 1 0)
s>                    ( - -1.332e+03 1 0)))))INFO: dtree.c(1315): Comp split 17
INFO: dtree.c(1478): Final simple tree
|( WDBNDRY_E 0 -1.442e+04 3.548e+02 6.372e+01
|    ( QUESTION19 1 -9.218e+03 2.108e+02 4.059e+01
|        ( - -2.423e+03 1 0)
|        ( QUESTION0_0_R 1 -6.584e+03 1.607e+02 2.952e+01
|            ( QUESTION0_3_R 1 -3.837e+03 1.541e+02 1.758e+01
|                ( - -5.405e+02 1 0)
|                ( QUESTION0 1 -3.143e+03 1.333e+02 1.458e+01
|                    ( QUESTION0_1_R 1 -2.482e+03 1.265e+02 1.158e+01
|                        ( - -1.623e+03 1 0)
|                        ( - -7.326e+02 1 0))
|                    ( - -5.275e+02 1 0)))
|            ( SILENCE 1 -2.586e+03 1.263e+02 1.194e+01
|                ( - -1.362e+03 1 0)
|                ( - -1.098e+03 1 0))))
|    ( - -4.848e+03 1 0))
s>    ( WDBNDRY_E 0 -1.442e+04 3.548e+02 6.372e+01
s>        ( QUESTION19 1 -9.218e+03 2.108e+02 4.059e+01
s>            ( - -2.423e+03 1 0)
s>            ( QUESTION0_0_R 1 -6.584e+03 1.607e+02 2.952e+01
s>                ( QUESTION0_3_R 1 -3.837e+03 1.541e+02 1.758e+01
s>                    ( - -5.405e+02 1 0)
s>                    ( QUESTION0 1 -3.143e+03 1.333e+02 1.458e+01
s>                        ( QUESTION0_1_R 1 -2.482e+03 1.265e+02 1.158e+01
s>                            ( - -1.623e+03 1 0)
s>                            ( - -7.326e+02 1 0))
s>                        ( - -5.275e+02 1 0)))
s>                ( SILENCE 1 -2.586e+03 1.263e+02 1.194e+01
s>                    ( - -1.362e+03 1 0)
s>                    ( - -1.098e+03 1 0))))
s>        ( - -4.848e+03 1 0))INFO: dtree.c(1315): Comp split 18
INFO: dtree.c(1439): stop. leaf nodes are specific
INFO: dtree.c(1478): Final simple tree
|( QUESTION19 1 -9.218e+03 2.108e+02 4.059e+01
|    ( - -2.423e+03 1 0)
|    ( QUESTION0_0_R 1 -6.584e+03 1.607e+02 2.952e+01
|        ( QUESTION0_3_R 1 -3.837e+03 1.541e+02 1.758e+01
|            ( - -5.405e+02 1 0)
|            ( QUESTION0 1 -3.143e+03 1.333e+02 1.458e+01
|                ( QUESTION0_1_R 1 -2.482e+03 1.265e+02 1.158e+01
|                    ( - -1.623e+03 1 0)
|                    ( - -7.326e+02 1 0))
|                ( - -5.275e+02 1 0)))
|        ( SILENCE 1 -2.586e+03 1.263e+02 1.194e+01
|            ( - -1.362e+03 1 0)
|            ( - -1.098e+03 1 0))))
s>    ( QUESTION19 1 -9.218e+03 2.108e+02 4.059e+01
s>        ( - -2.423e+03 1 0)
s>        ( QUESTION0_0_R 1 -6.584e+03 1.607e+02 2.952e+01
s>            ( QUESTION0_3_R 1 -3.837e+03 1.541e+02 1.758e+01
s>                ( - -5.405e+02 1 0)
s>                ( QUESTION0 1 -3.143e+03 1.333e+02 1.458e+01
s>                    ( QUESTION0_1_R 1 -2.482e+03 1.265e+02 1.158e+01
s>                        ( - -1.623e+03 1 0)
s>                        ( - -7.326e+02 1 0))
s>                    ( - -5.275e+02 1 0)))
s>            ( SILENCE 1 -2.586e+03 1.263e+02 1.194e+01
s>                ( - -1.362e+03 1 0)
s>                ( - -1.098e+03 1 0))))INFO: dtree.c(1315): Comp split 19
INFO: dtree.c(1439): stop. leaf nodes are specific
INFO: dtree.c(1478): Final simple tree
|( SILENCE 1 -1.609e+04 1.676e+02 7.424e+01
|    ( - -7.454e+03 1 0)
|    ( - -8.465e+03 1 0))
s>    ( SILENCE 1 -1.609e+04 1.676e+02 7.424e+01
s>        ( - -7.454e+03 1 0)
s>        ( - -8.465e+03 1 0))INFO: dtree.c(1439): stop. leaf nodes are specific
INFO: dtree.c(1478): Final simple tree
|( QUESTION0_12_R 1 -2.306e+04 1.434e+02 1.028e+02
|    ( - -1.031e+04 1 0)
|    ( - -1.261e+04 1 0))
s>    ( QUESTION0_12_R 1 -2.306e+04 1.434e+02 1.028e+02
s>        ( - -1.031e+04 1 0)
s>        ( - -1.261e+04 1 0))INFO: dtree.c(1315): Comp split 20
INFO: dtree.c(1478): Final simple tree
|( QUESTION13 1 -2.773e+04 1.833e+02 1.132e+02
|    ( QUESTION0_1_R 1 -2.323e+03 1.275e+02 1.000e+01
|        ( - -1.357e+03 1 0)
|        ( - -8.380e+02 1 0))
|    ( QUESTION0_3_R 1 -2.523e+04 1.706e+02 1.032e+02
|        ( QUESTION0_5_R 1 -3.993e+03 1.002e+02 1.601e+01
|            ( - -9.702e+02 1 0)
|            ( - -2.923e+03 2 0 QUESTION0_4_R 1 9.661e+01 1.201e+01))
|        ( QUESTION0_9_R 1 -2.106e+04 1.657e+02 8.721e+01
|            ( - -6.091e+03 1 0)
|            ( SILENCE 1 -1.480e+04 1.364e+02 6.025e+01
|                ( - -4.617e+03 1 0)
|                ( QUESTION4 1 -1.005e+04 1.111e+02 4.018e+01
|                    ( - -3.008e+03 2 0 QUESTION0_1_R 1 9.103e+01 1.298e+01)
|                    ( - -6.933e+03 1 0))))))
s>    ( QUESTION13 1 -2.773e+04 1.833e+02 1.132e+02
s>        ( QUESTION0_1_R 1 -2.323e+03 1.275e+02 1.000e+01
s>            ( - -1.357e+03 1 0)
s>            ( - -8.380e+02 1 0))
s>        ( QUESTION0_3_R 1 -2.523e+04 1.706e+02 1.032e+02
s>            ( QUESTION0_5_R 1 -3.993e+03 1.002e+02 1.601e+01
s>                ( - -9.702e+02 1 0)
s>                ( - -2.923e+03 2 0 QUESTION0_4_R 1 9.661e+01 1.201e+01))
s>            ( QUESTION0_9_R 1 -2.106e+04 1.657e+02 8.721e+01
s>                ( - -6.091e+03 1 0)
s>                ( SILENCE 1 -1.480e+04 1.364e+02 6.025e+01
s>                    ( - -4.617e+03 1 0)
s>                    ( QUESTION4 1 -1.005e+04 1.111e+02 4.018e+01
s>                        ( - -3.008e+03 2 0 QUESTION0_1_R 1 9.103e+01 1.298e+01)
s>                        ( - -6.933e+03 1 0))))))INFO: dtree.c(1478): Final simple tree
|( WDBNDRY_B 0 -1.304e+04 2.154e+02 5.402e+01
|    ( QUESTION0_1_R 1 -1.698e+03 1.480e+02 8.000e+00
|        ( - -9.809e+02 1 0)
|        ( - -5.690e+02 1 0))
|    ( QUESTION17 1 -1.113e+04 1.541e+02 4.602e+01
|        ( - -3.371e+02 1 0)
|        ( QUESTION0_4_R 1 -1.064e+04 1.406e+02 4.402e+01
|            ( - -3.713e+02 1 0)
|            ( QUESTION0_1_R 1 -1.013e+04 1.291e+02 4.202e+01
|                ( - -5.822e+02 1 0)
|                ( QUESTION0_14_R 1 -9.416e+03 1.034e+02 3.902e+01
|                    ( - -1.787e+03 1 0)
|                    ( QUESTION0_12_R 1 -7.525e+03 9.113e+01 3.202e+01
|                        ( - -2.101e+03 1 0)
|                        ( - -5.333e+03 1 0)))))))
s>    ( WDBNDRY_B 0 -1.304e+04 2.154e+02 5.402e+01
s>        ( QUESTION0_1_R 1 -1.698e+03 1.480e+02 8.000e+00
s>            ( - -9.809e+02 1 0)
s>            ( - -5.690e+02 1 0))
s>        ( QUESTION17 1 -1.113e+04 1.541e+02 4.602e+01
s>            ( - -3.371e+02 1 0)
s>            ( QUESTION0_4_R 1 -1.064e+04 1.406e+02 4.402e+01
s>                ( - -3.713e+02 1 0)
s>                ( QUESTION0_1_R 1 -1.013e+04 1.291e+02 4.202e+01
s>                    ( - -5.822e+02 1 0)
s>                    ( QUESTION0_14_R 1 -9.416e+03 1.034e+02 3.902e+01
s>                        ( - -1.787e+03 1 0)
s>                        ( QUESTION0_12_R 1 -7.525e+03 9.113e+01 3.202e+01
s>                            ( - -2.101e+03 1 0)
s>                            ( - -5.333e+03 1 0)))))))INFO: dtree.c(1315): Comp split 21
INFO: dtree.c(1478): Final simple tree
|( QUESTION11 1 -2.747e+04 1.995e+02 1.203e+02
|    ( - -1.657e+03 1 0)
|    ( QUESTION0_6_R 1 -2.561e+04 1.764e+02 1.123e+02
|        ( QUESTION0 1 -3.886e+03 1.459e+02 1.809e+01
|            ( - -3.026e+03 1 0)
|            ( - -7.138e+02 1 0))
|        ( QUESTION0_11_R 1 -2.155e+04 1.542e+02 9.424e+01
|            ( - -7.368e+02 1 0)
|            ( QUESTION0_5_R 1 -2.066e+04 1.373e+02 9.024e+01
|                ( - -2.907e+03 1 0)
|                ( QUESTION0_8_R 1 -1.761e+04 1.317e+02 7.661e+01
|                    ( - -1.244e+04 2 0)
|                    ( QUESTION0_1_R 1 -5.038e+03 1.053e+02 2.301e+01
|                        ( - -3.520e+03 1 0)
|                        ( - -1.413e+03 1 0)))))))
s>    ( QUESTION11 1 -2.747e+04 1.995e+02 1.203e+02
s>        ( - -1.657e+03 1 0)
s>        ( QUESTION0_6_R 1 -2.561e+04 1.764e+02 1.123e+02
s>            ( QUESTION0 1 -3.886e+03 1.459e+02 1.809e+01
s>                ( - -3.026e+03 1 0)
s>                ( - -7.138e+02 1 0))
s>            ( QUESTION0_11_R 1 -2.155e+04 1.542e+02 9.424e+01
s>                ( - -7.368e+02 1 0)
s>                ( QUESTION0_5_R 1 -2.066e+04 1.373e+02 9.024e+01
s>                    ( - -2.907e+03 1 0)
s>                    ( QUESTION0_8_R 1 -1.761e+04 1.317e+02 7.661e+01
s>                        ( - -1.244e+04 2 0)
s>                        ( QUESTION0_1_R 1 -5.038e+03 1.053e+02 2.301e+01
s>                            ( - -3.520e+03 1 0)
s>                            ( - -1.413e+03 1 0)))))))INFO: dtree.c(1315): Comp split 22
INFO: dtree.c(1439): stop. leaf nodes are specific
INFO: dtree.c(1478): Final simple tree
|( QUESTION0_1_R 1 -8.351e+03 1.245e+02 3.600e+01
|    ( - -3.481e+03 1 0)
|    ( - -4.745e+03 1 0))
s>    ( QUESTION0_1_R 1 -8.351e+03 1.245e+02 3.600e+01
s>        ( - -3.481e+03 1 0)
s>        ( - -4.745e+03 1 0))INFO: dtree.c(1315): Comp split 23
INFO: dtree.c(1315): Comp split 24
INFO: dtree.c(1439): stop. leaf nodes are specific
INFO: dtree.c(1478): Final simple tree
|( QUESTION0_7_R 1 -1.501e+04 1.911e+02 6.303e+01
|    ( - -1.433e+03 1 0)
|    ( SILENCE 1 -1.339e+04 1.594e+02 5.703e+01
|        ( - -7.511e+02 1 0)
|        ( QUESTION0 1 -1.248e+04 1.546e+02 5.303e+01
|            ( WDBNDRY_E 0 -8.700e+03 1.392e+02 3.801e+01
|                ( - -1.272e+03 1 0)
|                ( - -7.289e+03 2 0))
|            ( - -3.624e+03 1 0))))
s>    ( QUESTION0_7_R 1 -1.501e+04 1.911e+02 6.303e+01
s>        ( - -1.433e+03 1 0)
s>        ( SILENCE 1 -1.339e+04 1.594e+02 5.703e+01
s>            ( - -7.511e+02 1 0)
s>            ( QUESTION0 1 -1.248e+04 1.546e+02 5.303e+01
s>                ( WDBNDRY_E 0 -8.700e+03 1.392e+02 3.801e+01
s>                    ( - -1.272e+03 1 0)
s>                    ( - -7.289e+03 2 0))
s>                ( - -3.624e+03 1 0))))INFO: dtree.c(1315): Comp split 25
INFO: dtree.c(1439): stop. leaf nodes are specific
INFO: dtree.c(1478): Final simple tree
|( QUESTION0_8_R 1 -1.761e+04 1.317e+02 7.661e+01
|    ( - -1.244e+04 2 0)
|    ( QUESTION0_1_R 1 -5.038e+03 1.053e+02 2.301e+01
|        ( - -3.520e+03 1 0)
|        ( - -1.413e+03 1 0)))
s>    ( QUESTION0_8_R 1 -1.761e+04 1.317e+02 7.661e+01
s>        ( - -1.244e+04 2 0)
s>        ( QUESTION0_1_R 1 -5.038e+03 1.053e+02 2.301e+01
s>            ( - -3.520e+03 1 0)
s>            ( - -1.413e+03 1 0)))INFO: dtree.c(1439): stop. leaf nodes are specific
INFO: dtree.c(1478): Final simple tree
|( QUESTION0_8_R 1 -9.613e+03 1.601e+02 4.372e+01
|    ( - -1.657e+03 1 0)
|    ( QUESTION0_1_R 1 -7.796e+03 1.463e+02 3.571e+01
|        ( QUESTION6 1 -6.913e+03 1.390e+02 3.171e+01
|            ( - -7.138e+02 1 0)
|            ( QUESTION0_4_R 1 -6.060e+03 1.266e+02 2.771e+01
|                ( - -2.907e+03 1 0)
|                ( - -3.026e+03 1 0)))
|        ( - -7.368e+02 1 0)))
s>    ( QUESTION0_8_R 1 -9.613e+03 1.601e+02 4.372e+01
s>        ( - -1.657e+03 1 0)
s>        ( QUESTION0_1_R 1 -7.796e+03 1.463e+02 3.571e+01
s>            ( QUESTION6 1 -6.913e+03 1.390e+02 3.171e+01
s>                ( - -7.138e+02 1 0)
s>                ( QUESTION0_4_R 1 -6.060e+03 1.266e+02 2.771e+01
s>                    ( - -2.907e+03 1 0)
s>                    ( - -3.026e+03 1 0)))
s>            ( - -7.368e+02 1 0)))INFO: dtree.c(1315): Comp split 26
INFO: dtree.c(1439): stop. leaf nodes are specific
INFO: dtree.c(1478): Final simple tree
|( SILENCE -1 -8.593e+03 1.628e+02 3.700e+01
|    ( - -5.353e+02 1 0)
|    ( QUESTION0_8_R 1 -7.895e+03 1.177e+02 3.400e+01
|        ( - -4.079e+03 1 0)
|        ( QUESTION0 -1 -3.698e+03 1.163e+02 1.600e+01
|            ( - -8.691e+02 1 0)
|            ( QUESTION11 -1 -2.713e+03 8.684e+01 1.200e+01
|                ( - -1.294e+03 1 0)
|                ( - -1.332e+03 1 0)))))
s>    ( SILENCE -1 -8.593e+03 1.628e+02 3.700e+01
s>        ( - -5.353e+02 1 0)
s>        ( QUESTION0_8_R 1 -7.895e+03 1.177e+02 3.400e+01
s>            ( - -4.079e+03 1 0)
s>            ( QUESTION0 -1 -3.698e+03 1.163e+02 1.600e+01
s>                ( - -8.691e+02 1 0)
s>                ( QUESTION11 -1 -2.713e+03 8.684e+01 1.200e+01
s>                    ( - -1.294e+03 1 0)
s>                    ( - -1.332e+03 1 0)))))INFO: dtree.c(1439): stop. leaf nodes are specific
INFO: dtree.c(1478): Final simple tree
|( QUESTION0_8_R 1 -3.920e+03 1.608e+02 1.700e+01
|    ( - -1.448e+03 2 0)
|    ( - -2.311e+03 1 0))
s>    ( QUESTION0_8_R 1 -3.920e+03 1.608e+02 1.700e+01
s>        ( - -1.448e+03 2 0)
s>        ( - -2.311e+03 1 0))INFO: dtree.c(1315): Comp split 27
INFO: dtree.c(1439): stop. leaf nodes are specific
INFO: dtree.c(1478): Final simple tree
|( QUESTION0_9_R 1 -2.106e+04 1.657e+02 8.721e+01
|    ( - -6.091e+03 1 0)
|    ( SILENCE 1 -1.480e+04 1.364e+02 6.025e+01
|        ( - -4.617e+03 1 0)
|        ( QUESTION4 1 -1.005e+04 1.111e+02 4.018e+01
|            ( QUESTION0_1_R 1 -3.008e+03 9.103e+01 1.298e+01
|                ( - -1.594e+03 1 0)
|                ( - -1.323e+03 1 0))
|            ( - -6.933e+03 1 0))))
s>    ( QUESTION0_9_R 1 -2.106e+04 1.657e+02 8.721e+01
s>        ( - -6.091e+03 1 0)
s>        ( SILENCE 1 -1.480e+04 1.364e+02 6.025e+01
s>            ( - -4.617e+03 1 0)
s>            ( QUESTION4 1 -1.005e+04 1.111e+02 4.018e+01
s>                ( QUESTION0_1_R 1 -3.008e+03 9.103e+01 1.298e+01
s>                    ( - -1.594e+03 1 0)
s>                    ( - -1.323e+03 1 0))
s>                ( - -6.933e+03 1 0))))INFO: dtree.c(1439): stop. leaf nodes are specific
INFO: dtree.c(1478): Final simple tree
|( QUESTION0_1_R 1 -6.444e+03 1.332e+02 2.601e+01
|    ( QUESTION13 1 -5.473e+03 1.226e+02 2.201e+01
|        ( - -1.357e+03 1 0)
|        ( QUESTION0_5_R 1 -3.993e+03 1.002e+02 1.601e+01
|            ( - -9.702e+02 1 0)
|            ( QUESTION0_4_R 1 -2.923e+03 9.661e+01 1.201e+01
|                ( - -1.957e+03 1 0)
|                ( - -8.696e+02 1 0))))
|    ( - -8.380e+02 1 0))
s>    ( QUESTION0_1_R 1 -6.444e+03 1.332e+02 2.601e+01
s>        ( QUESTION13 1 -5.473e+03 1.226e+02 2.201e+01
s>            ( - -1.357e+03 1 0)
s>            ( QUESTION0_5_R 1 -3.993e+03 1.002e+02 1.601e+01
s>                ( - -9.702e+02 1 0)
s>                ( QUESTION0_4_R 1 -2.923e+03 9.661e+01 1.201e+01
s>                    ( - -1.957e+03 1 0)
s>                    ( - -8.696e+02 1 0))))
s>        ( - -8.380e+02 1 0))INFO: dtree.c(1315): Comp split 28
INFO: dtree.c(1439): stop. leaf nodes are specific
INFO: dtree.c(1478): Final simple tree
|( QUESTION17 1 -1.113e+04 1.541e+02 4.602e+01
|    ( - -3.371e+02 1 0)
|    ( QUESTION0_4_R 1 -1.064e+04 1.406e+02 4.402e+01
|        ( - -3.713e+02 1 0)
|        ( QUESTION0_1_R 1 -1.013e+04 1.291e+02 4.202e+01
|            ( - -5.822e+02 1 0)
|            ( QUESTION0_14_R 1 -9.416e+03 1.034e+02 3.902e+01
|                ( - -1.787e+03 1 0)
|                ( QUESTION0_12_R 1 -7.525e+03 9.113e+01 3.202e+01
|                    ( - -2.101e+03 1 0)
|                    ( - -5.333e+03 1 0))))))
s>    ( QUESTION17 1 -1.113e+04 1.541e+02 4.602e+01
s>        ( - -3.371e+02 1 0)
s>        ( QUESTION0_4_R 1 -1.064e+04 1.406e+02 4.402e+01
s>            ( - -3.713e+02 1 0)
s>            ( QUESTION0_1_R 1 -1.013e+04 1.291e+02 4.202e+01
s>                ( - -5.822e+02 1 0)
s>                ( QUESTION0_14_R 1 -9.416e+03 1.034e+02 3.902e+01
s>                    ( - -1.787e+03 1 0)
s>                    ( QUESTION0_12_R 1 -7.525e+03 9.113e+01 3.202e+01
s>                        ( - -2.101e+03 1 0)
s>                        ( - -5.333e+03 1 0))))))INFO: dtree.c(1439): stop. leaf nodes are specific
INFO: dtree.c(1478): Final simple tree
|( QUESTION0_1_R 1 -1.698e+03 1.480e+02 8.000e+00
|    ( - -9.809e+02 1 0)
|    ( - -5.690e+02 1 0))
s>    ( QUESTION0_1_R 1 -1.698e+03 1.480e+02 8.000e+00
s>        ( - -9.809e+02 1 0)
s>        ( - -5.690e+02 1 0))INFO: dtree.c(1315): Comp split 29
INFO: dtree.c(1439): stop. leaf nodes are specific
INFO: dtree.c(1478): Final simple tree
|( QUESTION0_0_R 1 -6.584e+03 1.607e+02 2.952e+01
|    ( QUESTION0_3_R 1 -3.837e+03 1.541e+02 1.758e+01
|        ( - -5.405e+02 1 0)
|        ( QUESTION0 1 -3.143e+03 1.333e+02 1.458e+01
|            ( QUESTION0_1_R 1 -2.482e+03 1.265e+02 1.158e+01
|                ( - -1.623e+03 1 0)
|                ( - -7.326e+02 1 0))
|            ( - -5.275e+02 1 0)))
|    ( SILENCE 1 -2.586e+03 1.263e+02 1.194e+01
|        ( - -1.362e+03 1 0)
|        ( - -1.098e+03 1 0)))
s>    ( QUESTION0_0_R 1 -6.584e+03 1.607e+02 2.952e+01
s>        ( QUESTION0_3_R 1 -3.837e+03 1.541e+02 1.758e+01
s>            ( - -5.405e+02 1 0)
s>            ( QUESTION0 1 -3.143e+03 1.333e+02 1.458e+01
s>                ( QUESTION0_1_R 1 -2.482e+03 1.265e+02 1.158e+01
s>                    ( - -1.623e+03 1 0)
s>                    ( - -7.326e+02 1 0))
s>                ( - -5.275e+02 1 0)))
s>        ( SILENCE 1 -2.586e+03 1.263e+02 1.194e+01
s>            ( - -1.362e+03 1 0)
s>            ( - -1.098e+03 1 0)))INFO: dtree.c(1315): Comp split 30
INFO: dtree.c(1439): stop. leaf nodes are specific
INFO: dtree.c(1478): Final simple tree
|( SILENCE -1 -1.301e+04 1.420e+02 5.745e+01
|    ( - -1.417e+03 1 0)
|    ( - -1.145e+04 1 0))
s>    ( SILENCE -1 -1.301e+04 1.420e+02 5.745e+01
s>        ( - -1.417e+03 1 0)
s>        ( - -1.145e+04 1 0))INFO: dtree.c(1439): stop. leaf nodes are specific
INFO: dtree.c(1478): Final simple tree
|( SILENCE -1 -3.632e+03 1.810e+02 1.700e+01
|    ( - -5.212e+02 1 0)
|    ( QUESTION2_0_L -1 -2.930e+03 1.722e+02 1.400e+01
|        ( - -2.601e+02 1 0)
|        ( - -2.498e+03 2 0)))
s>    ( SILENCE -1 -3.632e+03 1.810e+02 1.700e+01
s>        ( - -5.212e+02 1 0)
s>        ( QUESTION2_0_L -1 -2.930e+03 1.722e+02 1.400e+01
s>            ( - -2.601e+02 1 0)
s>            ( - -2.498e+03 2 0)))INFO: dtree.c(1315): Comp split 31
INFO: dtree.c(1439): stop. leaf nodes are specific
INFO: dtree.c(1478): Final simple tree
|( QUESTION0_8_R 1 -7.491e+03 7.717e+01 3.296e+01
|    ( - -1.323e+03 1 0)
|    ( - -6.091e+03 1 0))
s>    ( QUESTION0_8_R 1 -7.491e+03 7.717e+01 3.296e+01
s>        ( - -1.323e+03 1 0)
s>        ( - -6.091e+03 1 0))INFO: dtree.c(1439): stop. leaf nodes are specific
INFO: dtree.c(1478): Final simple tree
|( SILENCE 1 -1.337e+04 1.294e+02 5.425e+01
|    ( - -4.617e+03 1 0)
|    ( QUESTION0_1_R 1 -8.627e+03 1.004e+02 3.419e+01
|        ( - -1.594e+03 1 0)
|        ( - -6.933e+03 1 0)))
s>    ( SILENCE 1 -1.337e+04 1.294e+02 5.425e+01
s>        ( - -4.617e+03 1 0)
s>        ( QUESTION0_1_R 1 -8.627e+03 1.004e+02 3.419e+01
s>            ( - -1.594e+03 1 0)
s>            ( - -6.933e+03 1 0)))INFO: dtree.c(1315): Comp split 32
INFO: dtree.c(1439): stop. leaf nodes are specific
INFO: dtree.c(1478): Final simple tree
|( SILENCE 1 -1.339e+04 1.594e+02 5.703e+01
|    ( - -7.511e+02 1 0)
|    ( QUESTION0 1 -1.248e+04 1.546e+02 5.303e+01
|        ( WDBNDRY_E 0 -8.700e+03 1.392e+02 3.801e+01
|            ( - -1.272e+03 1 0)
|            ( - -7.289e+03 2 0))
|        ( - -3.624e+03 1 0)))
s>    ( SILENCE 1 -1.339e+04 1.594e+02 5.703e+01
s>        ( - -7.511e+02 1 0)
s>        ( QUESTION0 1 -1.248e+04 1.546e+02 5.303e+01
s>            ( WDBNDRY_E 0 -8.700e+03 1.392e+02 3.801e+01
s>                ( - -1.272e+03 1 0)
s>                ( - -7.289e+03 2 0))
s>            ( - -3.624e+03 1 0)))INFO: dtree.c(1315): Comp split 33
INFO: dtree.c(1439): stop. leaf nodes are specific
INFO: dtree.c(1478): Final simple tree
|( QUESTION2_0_L -1 -2.930e+03 1.722e+02 1.400e+01
|    ( - -2.601e+02 1 0)
|    ( - -2.498e+03 2 0))
s>    ( QUESTION2_0_L -1 -2.930e+03 1.722e+02 1.400e+01
s>        ( - -2.601e+02 1 0)
s>        ( - -2.498e+03 2 0))INFO: dtree.c(1315): Comp split 34
INFO: dtree.c(1315): Comp split 35
INFO: dtree.c(1315): Comp split 36
INFO: dtree.c(1315): Comp split 37
INFO: dtree.c(1315): Comp split 38
INFO: dtree.c(1439): stop. leaf nodes are specific
INFO: dtree.c(1478): Final simple tree
|( QUESTION0_8_R 1 -7.895e+03 1.177e+02 3.400e+01
|    ( - -4.079e+03 1 0)
|    ( QUESTION0 -1 -3.698e+03 1.163e+02 1.600e+01
|        ( - -8.691e+02 1 0)
|        ( QUESTION11 -1 -2.713e+03 8.684e+01 1.200e+01
|            ( - -1.294e+03 1 0)
|            ( - -1.332e+03 1 0))))
s>    ( QUESTION0_8_R 1 -7.895e+03 1.177e+02 3.400e+01
s>        ( - -4.079e+03 1 0)
s>        ( QUESTION0 -1 -3.698e+03 1.163e+02 1.600e+01
s>            ( - -8.691e+02 1 0)
s>            ( QUESTION11 -1 -2.713e+03 8.684e+01 1.200e+01
s>                ( - -1.294e+03 1 0)
s>                ( - -1.332e+03 1 0))))INFO: dtree.c(1315): Comp split 39
INFO: dtree.c(1315): Comp split 40
INFO: dtree.c(1439): stop. leaf nodes are specific
INFO: dtree.c(1478): Final simple tree
|( QUESTION0_3_R 1 -3.837e+03 1.541e+02 1.758e+01
|    ( - -5.405e+02 1 0)
|    ( QUESTION0 1 -3.143e+03 1.333e+02 1.458e+01
|        ( QUESTION0_1_R 1 -2.482e+03 1.265e+02 1.158e+01
|            ( - -1.623e+03 1 0)
|            ( - -7.326e+02 1 0))
|        ( - -5.275e+02 1 0)))
s>    ( QUESTION0_3_R 1 -3.837e+03 1.541e+02 1.758e+01
s>        ( - -5.405e+02 1 0)
s>        ( QUESTION0 1 -3.143e+03 1.333e+02 1.458e+01
s>            ( QUESTION0_1_R 1 -2.482e+03 1.265e+02 1.158e+01
s>                ( - -1.623e+03 1 0)
s>                ( - -7.326e+02 1 0))
s>            ( - -5.275e+02 1 0)))INFO: dtree.c(1439): stop. leaf nodes are specific
INFO: dtree.c(1478): Final simple tree
|( SILENCE 1 -2.586e+03 1.263e+02 1.194e+01
|    ( - -1.362e+03 1 0)
|    ( - -1.098e+03 1 0))
s>    ( SILENCE 1 -2.586e+03 1.263e+02 1.194e+01
s>        ( - -1.362e+03 1 0)
s>        ( - -1.098e+03 1 0))INFO: dtree.c(1315): Comp split 41
INFO: dtree.c(1439): stop. leaf nodes are specific
INFO: dtree.c(1478): Final simple tree
|( QUESTION0_1_R 1 -7.796e+03 1.463e+02 3.571e+01
|    ( QUESTION6 1 -6.913e+03 1.390e+02 3.171e+01
|        ( - -7.138e+02 1 0)
|        ( QUESTION0_4_R 1 -6.060e+03 1.266e+02 2.771e+01
|            ( - -2.907e+03 1 0)
|            ( - -3.026e+03 1 0)))
|    ( - -7.368e+02 1 0))
s>    ( QUESTION0_1_R 1 -7.796e+03 1.463e+02 3.571e+01
s>        ( QUESTION6 1 -6.913e+03 1.390e+02 3.171e+01
s>            ( - -7.138e+02 1 0)
s>            ( QUESTION0_4_R 1 -6.060e+03 1.266e+02 2.771e+01
s>                ( - -2.907e+03 1 0)
s>                ( - -3.026e+03 1 0)))
s>        ( - -7.368e+02 1 0))INFO: dtree.c(1315): Comp split 42
INFO: dtree.c(1439): stop. leaf nodes are specific
INFO: dtree.c(1478): Final simple tree
|( QUESTION0 1 -1.248e+04 1.546e+02 5.303e+01
|    ( WDBNDRY_E 0 -8.700e+03 1.392e+02 3.801e+01
|        ( - -1.272e+03 1 0)
|        ( - -7.289e+03 2 0))
|    ( - -3.624e+03 1 0))
s>    ( QUESTION0 1 -1.248e+04 1.546e+02 5.303e+01
s>        ( WDBNDRY_E 0 -8.700e+03 1.392e+02 3.801e+01
s>            ( - -1.272e+03 1 0)
s>            ( - -7.289e+03 2 0))
s>        ( - -3.624e+03 1 0))INFO: dtree.c(1315): Comp split 43
INFO: dtree.c(1439): stop. leaf nodes are specific
INFO: dtree.c(1478): Final simple tree
|( WDBNDRY_E 0 -8.700e+03 1.392e+02 3.801e+01
|    ( - -1.272e+03 1 0)
|    ( - -7.289e+03 2 0))
s>    ( WDBNDRY_E 0 -8.700e+03 1.392e+02 3.801e+01
s>        ( - -1.272e+03 1 0)
s>        ( - -7.289e+03 2 0))INFO: dtree.c(1315): Comp split 44
INFO: dtree.c(1315): Comp split 45
INFO: dtree.c(1439): stop. leaf nodes are specific
INFO: dtree.c(1478): Final simple tree
|( QUESTION0 1 -3.143e+03 1.333e+02 1.458e+01
|    ( QUESTION0_1_R 1 -2.482e+03 1.265e+02 1.158e+01
|        ( - -1.623e+03 1 0)
|        ( - -7.326e+02 1 0))
|    ( - -5.275e+02 1 0))
s>    ( QUESTION0 1 -3.143e+03 1.333e+02 1.458e+01
s>        ( QUESTION0_1_R 1 -2.482e+03 1.265e+02 1.158e+01
s>            ( - -1.623e+03 1 0)
s>            ( - -7.326e+02 1 0))
s>        ( - -5.275e+02 1 0))INFO: dtree.c(1315): Comp split 46
INFO: dtree.c(1439): stop. leaf nodes are specific
INFO: dtree.c(1478): Final simple tree
|( QUESTION0_4_R 1 -1.064e+04 1.406e+02 4.402e+01
|    ( - -3.713e+02 1 0)
|    ( QUESTION0_1_R 1 -1.013e+04 1.291e+02 4.202e+01
|        ( - -5.822e+02 1 0)
|        ( QUESTION0_14_R 1 -9.416e+03 1.034e+02 3.902e+01
|            ( - -1.787e+03 1 0)
|            ( QUESTION0_12_R 1 -7.525e+03 9.113e+01 3.202e+01
|                ( - -2.101e+03 1 0)
|                ( - -5.333e+03 1 0)))))
s>    ( QUESTION0_4_R 1 -1.064e+04 1.406e+02 4.402e+01
s>        ( - -3.713e+02 1 0)
s>        ( QUESTION0_1_R 1 -1.013e+04 1.291e+02 4.202e+01
s>            ( - -5.822e+02 1 0)
s>            ( QUESTION0_14_R 1 -9.416e+03 1.034e+02 3.902e+01
s>                ( - -1.787e+03 1 0)
s>                ( QUESTION0_12_R 1 -7.525e+03 9.113e+01 3.202e+01
s>                    ( - -2.101e+03 1 0)
s>                    ( - -5.333e+03 1 0)))))INFO: dtree.c(1315): Comp split 47
INFO: dtree.c(1439): stop. leaf nodes are specific
INFO: dtree.c(1478): Final simple tree
|( QUESTION0_4_R 1 -2.923e+03 9.661e+01 1.201e+01
|    ( - -1.957e+03 1 0)
|    ( - -8.696e+02 1 0))
s>    ( QUESTION0_4_R 1 -2.923e+03 9.661e+01 1.201e+01
s>        ( - -1.957e+03 1 0)
s>        ( - -8.696e+02 1 0))INFO: dtree.c(1439): stop. leaf nodes are specific
INFO: dtree.c(1478): Final simple tree
|( QUESTION0_1_R 1 -3.369e+03 1.087e+02 1.400e+01
|    ( QUESTION0_4_R 1 -2.423e+03 9.547e+01 1.000e+01
|        ( - -9.702e+02 1 0)
|        ( - -1.357e+03 1 0))
|    ( - -8.380e+02 1 0))
s>    ( QUESTION0_1_R 1 -3.369e+03 1.087e+02 1.400e+01
s>        ( QUESTION0_4_R 1 -2.423e+03 9.547e+01 1.000e+01
s>            ( - -9.702e+02 1 0)
s>            ( - -1.357e+03 1 0))
s>        ( - -8.380e+02 1 0))INFO: dtree.c(1315): Comp split 48
INFO: dtree.c(1315): Comp split 49
INFO: dtree.c(1439): stop. leaf nodes are specific
INFO: dtree.c(1478): Final simple tree
|( QUESTION6 1 -6.913e+03 1.390e+02 3.171e+01
|    ( - -7.138e+02 1 0)
|    ( QUESTION0_4_R 1 -6.060e+03 1.266e+02 2.771e+01
|        ( - -2.907e+03 1 0)
|        ( - -3.026e+03 1 0)))
s>    ( QUESTION6 1 -6.913e+03 1.390e+02 3.171e+01
s>        ( - -7.138e+02 1 0)
s>        ( QUESTION0_4_R 1 -6.060e+03 1.266e+02 2.771e+01
s>            ( - -2.907e+03 1 0)
s>            ( - -3.026e+03 1 0)))INFO: dtree.c(1315): Comp split 50
INFO: dtree.c(1315): Comp split 51
INFO: dtree.c(1315): Comp split 52
INFO: dtree.c(1439): stop. leaf nodes are specific
INFO: dtree.c(1478): Final simple tree
|( QUESTION0_1_R 1 -1.013e+04 1.291e+02 4.202e+01
|    ( - -5.822e+02 1 0)
|    ( QUESTION0_14_R 1 -9.416e+03 1.034e+02 3.902e+01
|        ( - -1.787e+03 1 0)
|        ( QUESTION0_12_R 1 -7.525e+03 9.113e+01 3.202e+01
|            ( - -2.101e+03 1 0)
|            ( - -5.333e+03 1 0))))
s>    ( QUESTION0_1_R 1 -1.013e+04 1.291e+02 4.202e+01
s>        ( - -5.822e+02 1 0)
s>        ( QUESTION0_14_R 1 -9.416e+03 1.034e+02 3.902e+01
s>            ( - -1.787e+03 1 0)
s>            ( QUESTION0_12_R 1 -7.525e+03 9.113e+01 3.202e+01
s>                ( - -2.101e+03 1 0)
s>                ( - -5.333e+03 1 0))))INFO: dtree.c(1315): Comp split 53
INFO: dtree.c(1315): Comp split 54
INFO: dtree.c(1439): stop. leaf nodes are specific
INFO: dtree.c(1478): Final simple tree
|( QUESTION0_4_R 1 -6.060e+03 1.266e+02 2.771e+01
|    ( - -2.907e+03 1 0)
|    ( - -3.026e+03 1 0))
s>    ( QUESTION0_4_R 1 -6.060e+03 1.266e+02 2.771e+01
s>        ( - -2.907e+03 1 0)
s>        ( - -3.026e+03 1 0))INFO: dtree.c(1315): Comp split 55
INFO: dtree.c(1439): stop. leaf nodes are specific
INFO: dtree.c(1478): Final simple tree
|( QUESTION0_1_R 1 -2.482e+03 1.265e+02 1.158e+01
|    ( - -1.623e+03 1 0)
|    ( - -7.326e+02 1 0))
s>    ( QUESTION0_1_R 1 -2.482e+03 1.265e+02 1.158e+01
s>        ( - -1.623e+03 1 0)
s>        ( - -7.326e+02 1 0))INFO: dtree.c(1315): Comp split 56
INFO: dtree.c(1439): stop. leaf nodes are specific
INFO: dtree.c(1478): Final simple tree
|( QUESTION0_1_R 1 -5.038e+03 1.053e+02 2.301e+01
|    ( - -3.520e+03 1 0)
|    ( - -1.413e+03 1 0))
s>    ( QUESTION0_1_R 1 -5.038e+03 1.053e+02 2.301e+01
s>        ( - -3.520e+03 1 0)
s>        ( - -1.413e+03 1 0))INFO: dtree.c(1315): Comp split 57
INFO: dtree.c(1439): stop. leaf nodes are specific
INFO: dtree.c(1478): Final simple tree
|( QUESTION0_1_R 1 -8.627e+03 1.004e+02 3.419e+01
|    ( - -1.594e+03 1 0)
|    ( - -6.933e+03 1 0))
s>    ( QUESTION0_1_R 1 -8.627e+03 1.004e+02 3.419e+01
s>        ( - -1.594e+03 1 0)
s>        ( - -6.933e+03 1 0))INFO: dtree.c(1315): Comp split 58
INFO: dtree.c(1439): stop. leaf nodes are specific
INFO: dtree.c(1478): Final simple tree
|( QUESTION0_14_R 1 -9.416e+03 1.034e+02 3.902e+01
|    ( - -1.787e+03 1 0)
|    ( QUESTION0_12_R 1 -7.525e+03 9.113e+01 3.202e+01
|        ( - -2.101e+03 1 0)
|        ( - -5.333e+03 1 0)))
s>    ( QUESTION0_14_R 1 -9.416e+03 1.034e+02 3.902e+01
s>        ( - -1.787e+03 1 0)
s>        ( QUESTION0_12_R 1 -7.525e+03 9.113e+01 3.202e+01
s>            ( - -2.101e+03 1 0)
s>            ( - -5.333e+03 1 0)))INFO: dtree.c(1315): Comp split 59
INFO: dtree.c(1315): Comp split 60
INFO: dtree.c(1315): Comp split 61
INFO: dtree.c(1315): Comp split 62
INFO: dtree.c(1315): Comp split 63
INFO: dtree.c(1439): stop. leaf nodes are specific
INFO: dtree.c(1478): Final simple tree
|( QUESTION0 -1 -3.698e+03 1.163e+02 1.600e+01
|    ( - -8.691e+02 1 0)
|    ( QUESTION11 -1 -2.713e+03 8.684e+01 1.200e+01
|        ( - -1.294e+03 1 0)
|        ( - -1.332e+03 1 0)))
s>    ( QUESTION0 -1 -3.698e+03 1.163e+02 1.600e+01
s>        ( - -8.691e+02 1 0)
s>        ( QUESTION11 -1 -2.713e+03 8.684e+01 1.200e+01
s>            ( - -1.294e+03 1 0)
s>            ( - -1.332e+03 1 0)))INFO: dtree.c(1315): Comp split 64
INFO: dtree.c(1439): stop. leaf nodes are specific
INFO: dtree.c(1478): Final simple tree
|( QUESTION11 -1 -2.713e+03 8.684e+01 1.200e+01
|    ( - -1.294e+03 1 0)
|    ( - -1.332e+03 1 0))
s>    ( QUESTION11 -1 -2.713e+03 8.684e+01 1.200e+01
s>        ( - -1.294e+03 1 0)
s>        ( - -1.332e+03 1 0))INFO: dtree.c(1315): Comp split 65
INFO: dtree.c(1439): stop. leaf nodes are specific
INFO: dtree.c(1478): Final simple tree
|( QUESTION0_4_R 1 -2.423e+03 9.547e+01 1.000e+01
|    ( - -9.702e+02 1 0)
|    ( - -1.357e+03 1 0))
s>    ( QUESTION0_4_R 1 -2.423e+03 9.547e+01 1.000e+01
s>        ( - -9.702e+02 1 0)
s>        ( - -1.357e+03 1 0))INFO: dtree.c(1315): Comp split 66
INFO: dtree.c(1315): Comp split 67
INFO: dtree.c(1439): stop. leaf nodes are specific
INFO: dtree.c(1478): Final simple tree
|( QUESTION0_12_R 1 -7.525e+03 9.113e+01 3.202e+01
|    ( - -2.101e+03 1 0)
|    ( - -5.333e+03 1 0))
s>    ( QUESTION0_12_R 1 -7.525e+03 9.113e+01 3.202e+01
s>        ( - -2.101e+03 1 0)
s>        ( - -5.333e+03 1 0))INFO: dtree.c(1315): Comp split 68
INFO: dtree.c(1315): Comp split 69
INFO: dtree.c(1315): Comp split 70
INFO: dtree.c(1315): Comp split 71
INFO: dtree.c(1315): Comp split 72
INFO: dtree.c(1315): Comp split 73
INFO: dtree.c(1315): Comp split 74
INFO: dtree.c(1318): stop. leaf nodes are specific
Mon Jan 30 07:35:45 2017
