Current configuration:
[NAME]		[DEFLT]	[VALUE]
-allphones	no	no
-cntthresh	0.00001	1.000000e-05
-csplitmax	100	2000
-csplitmin	1	1
-csplitthr	8e-4	0.000000e+00
-example	no	no
-fullvar	no	no
-help		no	no
-meanfn			/Users/benroye/forge/cmusphinx/voiceVim/model_parameters/voiceVim.cd_cont_untied/means
-mixwfn			/Users/benroye/forge/cmusphinx/voiceVim/model_parameters/voiceVim.cd_cont_untied/mixture_weights
-moddeffn		/Users/benroye/forge/cmusphinx/voiceVim/model_architecture/voiceVim.untied.mdef
-mwfloor	1e-4	1.000000e-08
-phone			j
-psetfn			/Users/benroye/forge/cmusphinx/voiceVim/model_architecture/voiceVim.tree_questions
-ssplitmax	5	7
-ssplitmin	1	1
-ssplitthr	8e-4	0.000000e+00
-state			0
-stwt			1.0,0.05,0.0,
-treefn			/Users/benroye/forge/cmusphinx/voiceVim/trees/voiceVim.unpruned/j-0.dtree
-ts2cbfn	.semi.	.cont.
-varfloor	0.00001	1.000000e-05
-varfn			/Users/benroye/forge/cmusphinx/voiceVim/model_parameters/voiceVim.cd_cont_untied/variances

INFO: main.c(223): Reading: /Users/benroye/forge/cmusphinx/voiceVim/model_architecture/voiceVim.untied.mdef
INFO: model_def_io.c(573): Model definition info:
INFO: model_def_io.c(574): 2249 total models defined (39 base, 2210 tri)
INFO: model_def_io.c(575): 8996 total states
INFO: model_def_io.c(576): 6747 total tied states
INFO: model_def_io.c(577): 117 total tied CI states
INFO: model_def_io.c(578): 39 total tied transition matrices
INFO: model_def_io.c(579): 4 max state/model
INFO: model_def_io.c(580): 4 min state/model
INFO: main.c(242): Building trees for [j SIL uu b] through [j t uu b]
INFO: main.c(269): Covering states |[2190 2231]| == 42
INFO: main.c(275): Reading: /Users/benroye/forge/cmusphinx/voiceVim/model_parameters/voiceVim.cd_cont_untied/mixture_weights
INFO: s3mixw_io.c(173): Read /Users/benroye/forge/cmusphinx/voiceVim/model_parameters/voiceVim.cd_cont_untied/mixture_weights [42x1x1 array]
INFO: main.c(311): 14 of 14 models have observation count greater than 0.000010
INFO: main.c(95): nrm stwt: 0.952 0.048 0.000 
INFO: s3gau_io.c(169): Read /Users/benroye/forge/cmusphinx/voiceVim/model_parameters/voiceVim.cd_cont_untied/means [6747x1x1 array]
INFO: s3gau_io.c(169): Read /Users/benroye/forge/cmusphinx/voiceVim/model_parameters/voiceVim.cd_cont_untied/variances [6747x1x1 array]
INFO: main.c(549): Reading: /Users/benroye/forge/cmusphinx/voiceVim/model_architecture/voiceVim.tree_questions
INFO: main.c(588): 174 total simple questions (166 phone; 8 word bndry)
INFO: main.c(590): 40 Left Only questions, and 42 Right Only questions
INFO: dtree.c(1478): Final simple tree
|( WDBNDRY_B 0 -3.242e+04 4.709e+02 1.356e+02
|    ( SILENCE -1 -1.548e+04 4.543e+02 6.720e+01
|        ( - 1.753e+02 1 0)
|        ( QUESTION6 -1 -1.520e+04 1.158e+02 6.620e+01
|            ( - -1.694e+03 1 0)
|            ( QUESTION4 -1 -1.339e+04 1.109e+02 5.820e+01
|                ( - -7.018e+03 2 0 QUESTION2_0_L -1 9.466e+01 3.110e+01)
|                ( - -6.264e+03 3 0 QUESTION0 -1 1.031e+02 2.710e+01))))
|    ( SILENCE 1 -1.646e+04 2.384e+02 6.838e+01
|        ( - -2.026e+02 1 0)
|        ( QUESTION15 1 -1.602e+04 1.575e+02 6.638e+01
|            ( - -1.138e+03 1 0)
|            ( QUESTION5 1 -1.473e+04 1.321e+02 6.138e+01
|                ( - -1.231e+03 1 0)
|                ( - -1.336e+04 4 0 QUESTION0_1_R 1 1.058e+02 5.538e+01)))))
s>    ( WDBNDRY_B 0 -3.242e+04 4.709e+02 1.356e+02
s>        ( SILENCE -1 -1.548e+04 4.543e+02 6.720e+01
s>            ( - 1.753e+02 1 0)
s>            ( QUESTION6 -1 -1.520e+04 1.158e+02 6.620e+01
s>                ( - -1.694e+03 1 0)
s>                ( QUESTION4 -1 -1.339e+04 1.109e+02 5.820e+01
s>                    ( - -7.018e+03 2 0 QUESTION2_0_L -1 9.466e+01 3.110e+01)
s>                    ( - -6.264e+03 3 0 QUESTION0 -1 1.031e+02 2.710e+01))))
s>        ( SILENCE 1 -1.646e+04 2.384e+02 6.838e+01
s>            ( - -2.026e+02 1 0)
s>            ( QUESTION15 1 -1.602e+04 1.575e+02 6.638e+01
s>                ( - -1.138e+03 1 0)
s>                ( QUESTION5 1 -1.473e+04 1.321e+02 6.138e+01
s>                    ( - -1.231e+03 1 0)
s>                    ( - -1.336e+04 4 0 QUESTION0_1_R 1 1.058e+02 5.538e+01)))))INFO: dtree.c(1315): Comp split 0
INFO: dtree.c(1439): stop. leaf nodes are specific
INFO: dtree.c(1478): Final simple tree
|( SILENCE 1 -1.646e+04 2.384e+02 6.838e+01
|    ( - -2.026e+02 1 0)
|    ( QUESTION15 1 -1.602e+04 1.575e+02 6.638e+01
|        ( - -1.138e+03 1 0)
|        ( QUESTION5 1 -1.473e+04 1.321e+02 6.138e+01
|            ( - -1.231e+03 1 0)
|            ( QUESTION0_1_R 1 -1.336e+04 1.058e+02 5.538e+01
|                ( - -8.581e+03 2 0)
|                ( QUESTION0_8_R 1 -4.677e+03 7.484e+01 1.907e+01
|                    ( - -2.841e+03 1 0)
|                    ( - -1.761e+03 1 0))))))
s>    ( SILENCE 1 -1.646e+04 2.384e+02 6.838e+01
s>        ( - -2.026e+02 1 0)
s>        ( QUESTION15 1 -1.602e+04 1.575e+02 6.638e+01
s>            ( - -1.138e+03 1 0)
s>            ( QUESTION5 1 -1.473e+04 1.321e+02 6.138e+01
s>                ( - -1.231e+03 1 0)
s>                ( QUESTION0_1_R 1 -1.336e+04 1.058e+02 5.538e+01
s>                    ( - -8.581e+03 2 0)
s>                    ( QUESTION0_8_R 1 -4.677e+03 7.484e+01 1.907e+01
s>                        ( - -2.841e+03 1 0)
s>                        ( - -1.761e+03 1 0))))))INFO: dtree.c(1439): stop. leaf nodes are specific
INFO: dtree.c(1478): Final simple tree
|( SILENCE -1 -1.548e+04 4.543e+02 6.720e+01
|    ( - 1.753e+02 1 0)
|    ( QUESTION6 -1 -1.520e+04 1.158e+02 6.620e+01
|        ( - -1.694e+03 1 0)
|        ( QUESTION4 -1 -1.339e+04 1.109e+02 5.820e+01
|            ( QUESTION2_0_L -1 -7.018e+03 9.466e+01 3.110e+01
|                ( - -7.845e+02 1 0)
|                ( - -6.139e+03 1 0))
|            ( QUESTION0 -1 -6.264e+03 1.031e+02 2.710e+01
|                ( QUESTION1 -1 -3.371e+03 1.036e+02 1.500e+01
|                    ( - -2.466e+03 1 0)
|                    ( - -8.010e+02 1 0))
|                ( - -2.790e+03 1 0)))))
s>    ( SILENCE -1 -1.548e+04 4.543e+02 6.720e+01
s>        ( - 1.753e+02 1 0)
s>        ( QUESTION6 -1 -1.520e+04 1.158e+02 6.620e+01
s>            ( - -1.694e+03 1 0)
s>            ( QUESTION4 -1 -1.339e+04 1.109e+02 5.820e+01
s>                ( QUESTION2_0_L -1 -7.018e+03 9.466e+01 3.110e+01
s>                    ( - -7.845e+02 1 0)
s>                    ( - -6.139e+03 1 0))
s>                ( QUESTION0 -1 -6.264e+03 1.031e+02 2.710e+01
s>                    ( QUESTION1 -1 -3.371e+03 1.036e+02 1.500e+01
s>                        ( - -2.466e+03 1 0)
s>                        ( - -8.010e+02 1 0))
s>                    ( - -2.790e+03 1 0)))))INFO: dtree.c(1315): Comp split 1
INFO: dtree.c(1439): stop. leaf nodes are specific
INFO: dtree.c(1478): Final simple tree
|( QUESTION6 -1 -1.520e+04 1.158e+02 6.620e+01
|    ( - -1.694e+03 1 0)
|    ( QUESTION4 -1 -1.339e+04 1.109e+02 5.820e+01
|        ( QUESTION2_0_L -1 -7.018e+03 9.466e+01 3.110e+01
|            ( - -7.845e+02 1 0)
|            ( - -6.139e+03 1 0))
|        ( QUESTION0 -1 -6.264e+03 1.031e+02 2.710e+01
|            ( QUESTION1 -1 -3.371e+03 1.036e+02 1.500e+01
|                ( - -2.466e+03 1 0)
|                ( - -8.010e+02 1 0))
|            ( - -2.790e+03 1 0))))
s>    ( QUESTION6 -1 -1.520e+04 1.158e+02 6.620e+01
s>        ( - -1.694e+03 1 0)
s>        ( QUESTION4 -1 -1.339e+04 1.109e+02 5.820e+01
s>            ( QUESTION2_0_L -1 -7.018e+03 9.466e+01 3.110e+01
s>                ( - -7.845e+02 1 0)
s>                ( - -6.139e+03 1 0))
s>            ( QUESTION0 -1 -6.264e+03 1.031e+02 2.710e+01
s>                ( QUESTION1 -1 -3.371e+03 1.036e+02 1.500e+01
s>                    ( - -2.466e+03 1 0)
s>                    ( - -8.010e+02 1 0))
s>                ( - -2.790e+03 1 0))))INFO: dtree.c(1315): Comp split 2
INFO: dtree.c(1439): stop. leaf nodes are specific
INFO: dtree.c(1478): Final simple tree
|( QUESTION15 1 -1.602e+04 1.575e+02 6.638e+01
|    ( - -1.138e+03 1 0)
|    ( QUESTION5 1 -1.473e+04 1.321e+02 6.138e+01
|        ( - -1.231e+03 1 0)
|        ( QUESTION0_1_R 1 -1.336e+04 1.058e+02 5.538e+01
|            ( - -8.581e+03 2 0)
|            ( QUESTION0_8_R 1 -4.677e+03 7.484e+01 1.907e+01
|                ( - -2.841e+03 1 0)
|                ( - -1.761e+03 1 0)))))
s>    ( QUESTION15 1 -1.602e+04 1.575e+02 6.638e+01
s>        ( - -1.138e+03 1 0)
s>        ( QUESTION5 1 -1.473e+04 1.321e+02 6.138e+01
s>            ( - -1.231e+03 1 0)
s>            ( QUESTION0_1_R 1 -1.336e+04 1.058e+02 5.538e+01
s>                ( - -8.581e+03 2 0)
s>                ( QUESTION0_8_R 1 -4.677e+03 7.484e+01 1.907e+01
s>                    ( - -2.841e+03 1 0)
s>                    ( - -1.761e+03 1 0)))))INFO: dtree.c(1315): Comp split 3
INFO: dtree.c(1439): stop. leaf nodes are specific
INFO: dtree.c(1478): Final simple tree
|( QUESTION5 1 -1.473e+04 1.321e+02 6.138e+01
|    ( - -1.231e+03 1 0)
|    ( QUESTION0_1_R 1 -1.336e+04 1.058e+02 5.538e+01
|        ( - -8.581e+03 2 0)
|        ( QUESTION0_8_R 1 -4.677e+03 7.484e+01 1.907e+01
|            ( - -2.841e+03 1 0)
|            ( - -1.761e+03 1 0))))
s>    ( QUESTION5 1 -1.473e+04 1.321e+02 6.138e+01
s>        ( - -1.231e+03 1 0)
s>        ( QUESTION0_1_R 1 -1.336e+04 1.058e+02 5.538e+01
s>            ( - -8.581e+03 2 0)
s>            ( QUESTION0_8_R 1 -4.677e+03 7.484e+01 1.907e+01
s>                ( - -2.841e+03 1 0)
s>                ( - -1.761e+03 1 0))))INFO: dtree.c(1315): Comp split 4
INFO: dtree.c(1439): stop. leaf nodes are specific
INFO: dtree.c(1478): Final simple tree
|( QUESTION0_1_R 1 -1.336e+04 1.058e+02 5.538e+01
|    ( - -8.581e+03 2 0)
|    ( QUESTION0_8_R 1 -4.677e+03 7.484e+01 1.907e+01
|        ( - -2.841e+03 1 0)
|        ( - -1.761e+03 1 0)))
s>    ( QUESTION0_1_R 1 -1.336e+04 1.058e+02 5.538e+01
s>        ( - -8.581e+03 2 0)
s>        ( QUESTION0_8_R 1 -4.677e+03 7.484e+01 1.907e+01
s>            ( - -2.841e+03 1 0)
s>            ( - -1.761e+03 1 0)))INFO: dtree.c(1315): Comp split 5
INFO: dtree.c(1439): stop. leaf nodes are specific
INFO: dtree.c(1478): Final simple tree
|( QUESTION4 -1 -1.161e+04 1.092e+02 5.020e+01
|    ( - -6.139e+03 1 0)
|    ( QUESTION0 -1 -5.363e+03 1.068e+02 2.310e+01
|        ( - -2.466e+03 1 0)
|        ( - -2.790e+03 1 0)))
s>    ( QUESTION4 -1 -1.161e+04 1.092e+02 5.020e+01
s>        ( - -6.139e+03 1 0)
s>        ( QUESTION0 -1 -5.363e+03 1.068e+02 2.310e+01
s>            ( - -2.466e+03 1 0)
s>            ( - -2.790e+03 1 0)))INFO: dtree.c(1439): stop. leaf nodes are specific
INFO: dtree.c(1478): Final simple tree
|( QUESTION4 -1 -3.468e+03 9.271e+01 1.600e+01
|    ( - -7.845e+02 1 0)
|    ( QUESTION0 -1 -2.591e+03 9.556e+01 1.200e+01
|        ( - -8.010e+02 1 0)
|        ( - -1.694e+03 1 0)))
s>    ( QUESTION4 -1 -3.468e+03 9.271e+01 1.600e+01
s>        ( - -7.845e+02 1 0)
s>        ( QUESTION0 -1 -2.591e+03 9.556e+01 1.200e+01
s>            ( - -8.010e+02 1 0)
s>            ( - -1.694e+03 1 0)))INFO: dtree.c(1315): Comp split 6
INFO: dtree.c(1439): stop. leaf nodes are specific
INFO: dtree.c(1478): Final simple tree
|( QUESTION0 -1 -5.363e+03 1.068e+02 2.310e+01
|    ( - -2.466e+03 1 0)
|    ( - -2.790e+03 1 0))
s>    ( QUESTION0 -1 -5.363e+03 1.068e+02 2.310e+01
s>        ( - -2.466e+03 1 0)
s>        ( - -2.790e+03 1 0))INFO: dtree.c(1315): Comp split 7
INFO: dtree.c(1315): Comp split 8
INFO: dtree.c(1439): stop. leaf nodes are specific
INFO: dtree.c(1478): Final simple tree
|( QUESTION0_8_R 1 -4.677e+03 7.484e+01 1.907e+01
|    ( - -2.841e+03 1 0)
|    ( - -1.761e+03 1 0))
s>    ( QUESTION0_8_R 1 -4.677e+03 7.484e+01 1.907e+01
s>        ( - -2.841e+03 1 0)
s>        ( - -1.761e+03 1 0))INFO: dtree.c(1315): Comp split 9
INFO: dtree.c(1439): stop. leaf nodes are specific
INFO: dtree.c(1478): Final simple tree
|( QUESTION0 -1 -2.591e+03 9.556e+01 1.200e+01
|    ( - -8.010e+02 1 0)
|    ( - -1.694e+03 1 0))
s>    ( QUESTION0 -1 -2.591e+03 9.556e+01 1.200e+01
s>        ( - -8.010e+02 1 0)
s>        ( - -1.694e+03 1 0))INFO: dtree.c(1315): Comp split 10
INFO: dtree.c(1315): Comp split 11
INFO: dtree.c(1315): Comp split 12
INFO: dtree.c(1318): stop. leaf nodes are specific
Mon Jan 30 07:35:46 2017
