Current configuration:
[NAME]		[DEFLT]	[VALUE]
-allphones	no	no
-cntthresh	0.00001	1.000000e-05
-csplitmax	100	2000
-csplitmin	1	1
-csplitthr	8e-4	0.000000e+00
-example	no	no
-fullvar	no	no
-help		no	no
-meanfn			/Users/benroye/forge/cmusphinx/voiceVim/model_parameters/voiceVim.cd_cont_untied/means
-mixwfn			/Users/benroye/forge/cmusphinx/voiceVim/model_parameters/voiceVim.cd_cont_untied/mixture_weights
-moddeffn		/Users/benroye/forge/cmusphinx/voiceVim/model_architecture/voiceVim.untied.mdef
-mwfloor	1e-4	1.000000e-08
-phone			ng
-psetfn			/Users/benroye/forge/cmusphinx/voiceVim/model_architecture/voiceVim.tree_questions
-ssplitmax	5	7
-ssplitmin	1	1
-ssplitthr	8e-4	0.000000e+00
-state			1
-stwt			1.0,0.05,0.0,
-treefn			/Users/benroye/forge/cmusphinx/voiceVim/trees/voiceVim.unpruned/ng-1.dtree
-ts2cbfn	.semi.	.cont.
-varfloor	0.00001	1.000000e-05
-varfn			/Users/benroye/forge/cmusphinx/voiceVim/model_parameters/voiceVim.cd_cont_untied/variances

INFO: main.c(223): Reading: /Users/benroye/forge/cmusphinx/voiceVim/model_architecture/voiceVim.untied.mdef
INFO: model_def_io.c(573): Model definition info:
INFO: model_def_io.c(574): 2249 total models defined (39 base, 2210 tri)
INFO: model_def_io.c(575): 8996 total states
INFO: model_def_io.c(576): 6747 total tied states
INFO: model_def_io.c(577): 117 total tied CI states
INFO: model_def_io.c(578): 39 total tied transition matrices
INFO: model_def_io.c(579): 4 max state/model
INFO: model_def_io.c(580): 4 min state/model
INFO: main.c(242): Building trees for [ng ay SIL e] through [ng ay p e]
INFO: main.c(269): Covering states |[3567 3587]| == 21
INFO: main.c(275): Reading: /Users/benroye/forge/cmusphinx/voiceVim/model_parameters/voiceVim.cd_cont_untied/mixture_weights
INFO: s3mixw_io.c(173): Read /Users/benroye/forge/cmusphinx/voiceVim/model_parameters/voiceVim.cd_cont_untied/mixture_weights [21x1x1 array]
INFO: main.c(311): 7 of 7 models have observation count greater than 0.000010
INFO: main.c(95): nrm stwt: 0.045 0.909 0.045 
INFO: s3gau_io.c(169): Read /Users/benroye/forge/cmusphinx/voiceVim/model_parameters/voiceVim.cd_cont_untied/means [6747x1x1 array]
INFO: s3gau_io.c(169): Read /Users/benroye/forge/cmusphinx/voiceVim/model_parameters/voiceVim.cd_cont_untied/variances [6747x1x1 array]
INFO: main.c(549): Reading: /Users/benroye/forge/cmusphinx/voiceVim/model_architecture/voiceVim.tree_questions
INFO: main.c(588): 174 total simple questions (166 phone; 8 word bndry)
INFO: main.c(590): 40 Left Only questions, and 42 Right Only questions
INFO: dtree.c(1439): stop. leaf nodes are specific
INFO: dtree.c(1478): Final simple tree
|( QUESTION11 1 -1.076e+05 5.739e+02 5.224e+02
|    ( - -9.379e+04 1 0)
|    ( QUESTION0_7_R 1 -1.327e+04 2.645e+02 6.378e+01
|        ( QUESTION0_8_R 1 -2.920e+03 1.663e+02 1.500e+01
|            ( - -1.860e+03 2 0)
|            ( - -8.935e+02 1 0))
|        ( QUESTION0_6_R 1 -1.008e+04 2.128e+02 4.878e+01
|            ( - -7.858e+02 1 0)
|            ( WDBNDRY_E 0 -9.084e+03 1.510e+02 4.378e+01
|                ( - -4.774e+02 1 0)
|                ( - -8.456e+03 1 0)))))
s>    ( QUESTION11 1 -1.076e+05 5.739e+02 5.224e+02
s>        ( - -9.379e+04 1 0)
s>        ( QUESTION0_7_R 1 -1.327e+04 2.645e+02 6.378e+01
s>            ( QUESTION0_8_R 1 -2.920e+03 1.663e+02 1.500e+01
s>                ( - -1.860e+03 2 0)
s>                ( - -8.935e+02 1 0))
s>            ( QUESTION0_6_R 1 -1.008e+04 2.128e+02 4.878e+01
s>                ( - -7.858e+02 1 0)
s>                ( WDBNDRY_E 0 -9.084e+03 1.510e+02 4.378e+01
s>                    ( - -4.774e+02 1 0)
s>                    ( - -8.456e+03 1 0)))))INFO: dtree.c(1315): Comp split 0
INFO: dtree.c(1439): stop. leaf nodes are specific
INFO: dtree.c(1478): Final simple tree
|( QUESTION0_7_R 1 -1.327e+04 2.645e+02 6.378e+01
|    ( QUESTION0_8_R 1 -2.920e+03 1.663e+02 1.500e+01
|        ( - -1.860e+03 2 0)
|        ( - -8.935e+02 1 0))
|    ( QUESTION0_6_R 1 -1.008e+04 2.128e+02 4.878e+01
|        ( - -7.858e+02 1 0)
|        ( WDBNDRY_E 0 -9.084e+03 1.510e+02 4.378e+01
|            ( - -4.774e+02 1 0)
|            ( - -8.456e+03 1 0))))
s>    ( QUESTION0_7_R 1 -1.327e+04 2.645e+02 6.378e+01
s>        ( QUESTION0_8_R 1 -2.920e+03 1.663e+02 1.500e+01
s>            ( - -1.860e+03 2 0)
s>            ( - -8.935e+02 1 0))
s>        ( QUESTION0_6_R 1 -1.008e+04 2.128e+02 4.878e+01
s>            ( - -7.858e+02 1 0)
s>            ( WDBNDRY_E 0 -9.084e+03 1.510e+02 4.378e+01
s>                ( - -4.774e+02 1 0)
s>                ( - -8.456e+03 1 0))))INFO: dtree.c(1315): Comp split 1
INFO: dtree.c(1439): stop. leaf nodes are specific
INFO: dtree.c(1478): Final simple tree
|( WDBNDRY_E 0 -9.084e+03 1.510e+02 4.378e+01
|    ( - -4.774e+02 1 0)
|    ( - -8.456e+03 1 0))
s>    ( WDBNDRY_E 0 -9.084e+03 1.510e+02 4.378e+01
s>        ( - -4.774e+02 1 0)
s>        ( - -8.456e+03 1 0))INFO: dtree.c(1439): stop. leaf nodes are specific
INFO: dtree.c(1478): Final simple tree
|( QUESTION0_1_R 1 -3.905e+03 1.993e+02 2.000e+01
|    ( - -7.858e+02 1 0)
|    ( QUESTION0_8_R 1 -2.920e+03 1.663e+02 1.500e+01
|        ( - -1.860e+03 2 0)
|        ( - -8.935e+02 1 0)))
s>    ( QUESTION0_1_R 1 -3.905e+03 1.993e+02 2.000e+01
s>        ( - -7.858e+02 1 0)
s>        ( QUESTION0_8_R 1 -2.920e+03 1.663e+02 1.500e+01
s>            ( - -1.860e+03 2 0)
s>            ( - -8.935e+02 1 0)))INFO: dtree.c(1315): Comp split 2
INFO: dtree.c(1439): stop. leaf nodes are specific
INFO: dtree.c(1478): Final simple tree
|( QUESTION0_8_R 1 -2.920e+03 1.663e+02 1.500e+01
|    ( - -1.860e+03 2 0)
|    ( - -8.935e+02 1 0))
s>    ( QUESTION0_8_R 1 -2.920e+03 1.663e+02 1.500e+01
s>        ( - -1.860e+03 2 0)
s>        ( - -8.935e+02 1 0))INFO: dtree.c(1315): Comp split 3
INFO: dtree.c(1315): Comp split 4
INFO: dtree.c(1315): Comp split 5
INFO: dtree.c(1318): stop. leaf nodes are specific
Mon Jan 30 07:35:47 2017
