Current configuration:
[NAME]		[DEFLT]	[VALUE]
-allphones	no	no
-cntthresh	0.00001	1.000000e-05
-csplitmax	100	2000
-csplitmin	1	1
-csplitthr	8e-4	0.000000e+00
-example	no	no
-fullvar	no	no
-help		no	no
-meanfn			/Users/benroye/forge/cmusphinx/voiceVim/model_parameters/voiceVim.cd_cont_untied/means
-mixwfn			/Users/benroye/forge/cmusphinx/voiceVim/model_parameters/voiceVim.cd_cont_untied/mixture_weights
-moddeffn		/Users/benroye/forge/cmusphinx/voiceVim/model_architecture/voiceVim.untied.mdef
-mwfloor	1e-4	1.000000e-08
-phone			uu
-psetfn			/Users/benroye/forge/cmusphinx/voiceVim/model_architecture/voiceVim.tree_questions
-ssplitmax	5	7
-ssplitmin	1	1
-ssplitthr	8e-4	0.000000e+00
-state			2
-stwt			1.0,0.05,0.0,
-treefn			/Users/benroye/forge/cmusphinx/voiceVim/trees/voiceVim.unpruned/uu-2.dtree
-ts2cbfn	.semi.	.cont.
-varfloor	0.00001	1.000000e-05
-varfn			/Users/benroye/forge/cmusphinx/voiceVim/model_parameters/voiceVim.cd_cont_untied/variances

INFO: main.c(223): Reading: /Users/benroye/forge/cmusphinx/voiceVim/model_architecture/voiceVim.untied.mdef
INFO: model_def_io.c(573): Model definition info:
INFO: model_def_io.c(574): 2249 total models defined (39 base, 2210 tri)
INFO: model_def_io.c(575): 8996 total states
INFO: model_def_io.c(576): 6747 total tied states
INFO: model_def_io.c(577): 117 total tied CI states
INFO: model_def_io.c(578): 39 total tied transition matrices
INFO: model_def_io.c(579): 4 max state/model
INFO: model_def_io.c(580): 4 min state/model
INFO: main.c(242): Building trees for [uu d SIL e] through [uu z l i]
INFO: main.c(269): Covering states |[6231 6338]| == 108
INFO: main.c(275): Reading: /Users/benroye/forge/cmusphinx/voiceVim/model_parameters/voiceVim.cd_cont_untied/mixture_weights
INFO: s3mixw_io.c(173): Read /Users/benroye/forge/cmusphinx/voiceVim/model_parameters/voiceVim.cd_cont_untied/mixture_weights [108x1x1 array]
INFO: main.c(311): 36 of 36 models have observation count greater than 0.000010
INFO: main.c(95): nrm stwt: 0.000 0.048 0.952 
INFO: s3gau_io.c(169): Read /Users/benroye/forge/cmusphinx/voiceVim/model_parameters/voiceVim.cd_cont_untied/means [6747x1x1 array]
INFO: s3gau_io.c(169): Read /Users/benroye/forge/cmusphinx/voiceVim/model_parameters/voiceVim.cd_cont_untied/variances [6747x1x1 array]
INFO: main.c(549): Reading: /Users/benroye/forge/cmusphinx/voiceVim/model_architecture/voiceVim.tree_questions
INFO: main.c(588): 174 total simple questions (166 phone; 8 word bndry)
INFO: main.c(590): 40 Left Only questions, and 42 Right Only questions
INFO: dtree.c(1478): Final simple tree
|( QUESTION0_6_R 1 -5.135e+05 4.712e+03 2.487e+03
|    ( WDBNDRY_E 0 -2.513e+05 5.939e+02 1.259e+03
|        ( - -9.042e+03 6 0 QUESTION15 1 2.767e+02 4.300e+01)
|        ( - -2.417e+05 1 0))
|    ( WDBNDRY_E 0 -2.575e+05 3.265e+03 1.228e+03
|        ( QUESTION6 1 -1.922e+05 9.055e+02 9.472e+02
|            ( - -4.276e+04 2 0 QUESTION4 -1 2.473e+02 2.078e+02)
|            ( - -1.486e+05 23 0 QUESTION4 -1 3.666e+02 7.395e+02))
|        ( QUESTION2_1_L -1 -6.197e+04 1.159e+03 2.812e+02
|            ( QUESTION0 -1 -3.388e+04 5.205e+02 1.565e+02
|                ( - -1.726e+04 1 0)
|                ( - -1.610e+04 1 0))
|            ( QUESTION0_1_R 1 -2.693e+04 4.546e+02 1.246e+02
|                ( - -1.400e+04 1 0)
|                ( - -1.247e+04 1 0)))))
s>    ( QUESTION0_6_R 1 -5.135e+05 4.712e+03 2.487e+03
s>        ( WDBNDRY_E 0 -2.513e+05 5.939e+02 1.259e+03
s>            ( - -9.042e+03 6 0 QUESTION15 1 2.767e+02 4.300e+01)
s>            ( - -2.417e+05 1 0))
s>        ( WDBNDRY_E 0 -2.575e+05 3.265e+03 1.228e+03
s>            ( QUESTION6 1 -1.922e+05 9.055e+02 9.472e+02
s>                ( - -4.276e+04 2 0 QUESTION4 -1 2.473e+02 2.078e+02)
s>                ( - -1.486e+05 23 0 QUESTION4 -1 3.666e+02 7.395e+02))
s>            ( QUESTION2_1_L -1 -6.197e+04 1.159e+03 2.812e+02
s>                ( QUESTION0 -1 -3.388e+04 5.205e+02 1.565e+02
s>                    ( - -1.726e+04 1 0)
s>                    ( - -1.610e+04 1 0))
s>                ( QUESTION0_1_R 1 -2.693e+04 4.546e+02 1.246e+02
s>                    ( - -1.400e+04 1 0)
s>                    ( - -1.247e+04 1 0)))))INFO: dtree.c(1315): Comp split 0
INFO: dtree.c(1478): Final simple tree
|( WDBNDRY_E 0 -2.667e+05 3.169e+03 1.271e+03
|    ( QUESTION6 1 -2.016e+05 9.285e+02 9.902e+02
|        ( - -4.276e+04 2 0 QUESTION4 -1 2.473e+02 2.078e+02)
|        ( QUESTION4 -1 -1.579e+05 3.870e+02 7.825e+02
|            ( - -4.588e+04 10 0 QUESTION2 1 2.640e+02 2.259e+02)
|            ( QUESTION15 1 -1.116e+05 3.425e+02 5.565e+02
|                ( - -2.317e+03 1 0)
|                ( - -1.090e+05 18 0 QUESTION0_0_R 1 3.414e+02 5.445e+02))))
|    ( QUESTION2_1_L -1 -6.197e+04 1.159e+03 2.812e+02
|        ( QUESTION0 -1 -3.388e+04 5.205e+02 1.565e+02
|            ( - -1.726e+04 1 0)
|            ( - -1.610e+04 1 0))
|        ( QUESTION0_1_R 1 -2.693e+04 4.546e+02 1.246e+02
|            ( - -1.400e+04 1 0)
|            ( - -1.247e+04 1 0))))
s>    ( WDBNDRY_E 0 -2.667e+05 3.169e+03 1.271e+03
s>        ( QUESTION6 1 -2.016e+05 9.285e+02 9.902e+02
s>            ( - -4.276e+04 2 0 QUESTION4 -1 2.473e+02 2.078e+02)
s>            ( QUESTION4 -1 -1.579e+05 3.870e+02 7.825e+02
s>                ( - -4.588e+04 10 0 QUESTION2 1 2.640e+02 2.259e+02)
s>                ( QUESTION15 1 -1.116e+05 3.425e+02 5.565e+02
s>                    ( - -2.317e+03 1 0)
s>                    ( - -1.090e+05 18 0 QUESTION0_0_R 1 3.414e+02 5.445e+02))))
s>        ( QUESTION2_1_L -1 -6.197e+04 1.159e+03 2.812e+02
s>            ( QUESTION0 -1 -3.388e+04 5.205e+02 1.565e+02
s>                ( - -1.726e+04 1 0)
s>                ( - -1.610e+04 1 0))
s>            ( QUESTION0_1_R 1 -2.693e+04 4.546e+02 1.246e+02
s>                ( - -1.400e+04 1 0)
s>                ( - -1.247e+04 1 0))))INFO: dtree.c(1315): Comp split 1
INFO: dtree.c(1439): stop. leaf nodes are specific
INFO: dtree.c(1478): Final simple tree
|( QUESTION2_1_L -1 -6.197e+04 1.159e+03 2.812e+02
|    ( QUESTION0 -1 -3.388e+04 5.205e+02 1.565e+02
|        ( - -1.726e+04 1 0)
|        ( - -1.610e+04 1 0))
|    ( QUESTION0_1_R 1 -2.693e+04 4.546e+02 1.246e+02
|        ( - -1.400e+04 1 0)
|        ( - -1.247e+04 1 0)))
s>    ( QUESTION2_1_L -1 -6.197e+04 1.159e+03 2.812e+02
s>        ( QUESTION0 -1 -3.388e+04 5.205e+02 1.565e+02
s>            ( - -1.726e+04 1 0)
s>            ( - -1.610e+04 1 0))
s>        ( QUESTION0_1_R 1 -2.693e+04 4.546e+02 1.246e+02
s>            ( - -1.400e+04 1 0)
s>            ( - -1.247e+04 1 0)))INFO: dtree.c(1478): Final simple tree
|( QUESTION6 1 -2.016e+05 9.285e+02 9.902e+02
|    ( - -4.276e+04 2 0 QUESTION4 -1 2.473e+02 2.078e+02)
|    ( QUESTION4 -1 -1.579e+05 3.870e+02 7.825e+02
|        ( QUESTION2 1 -4.588e+04 2.640e+02 2.259e+02
|            ( - -1.940e+03 1 0)
|            ( QUESTION2_10_L -1 -4.368e+04 2.698e+02 2.159e+02
|                ( - -1.063e+04 2 0 SILENCE 1 1.578e+02 5.296e+01)
|                ( - -3.278e+04 7 0 QUESTION0_9_R 1 2.421e+02 1.630e+02)))
|        ( QUESTION15 1 -1.116e+05 3.425e+02 5.565e+02
|            ( - -2.317e+03 1 0)
|            ( QUESTION0_0_R 1 -1.090e+05 3.414e+02 5.445e+02
|                ( QUESTION0_10_R 1 -9.917e+04 2.833e+02 4.994e+02
|                    ( - -2.513e+04 1 0)
|                    ( - -7.375e+04 13 0 QUESTION0_8_R 1 2.315e+02 3.734e+02))
|                ( - -9.482e+03 4 0 SILENCE 1 2.403e+02 4.511e+01)))))
s>    ( QUESTION6 1 -2.016e+05 9.285e+02 9.902e+02
s>        ( - -4.276e+04 2 0 QUESTION4 -1 2.473e+02 2.078e+02)
s>        ( QUESTION4 -1 -1.579e+05 3.870e+02 7.825e+02
s>            ( QUESTION2 1 -4.588e+04 2.640e+02 2.259e+02
s>                ( - -1.940e+03 1 0)
s>                ( QUESTION2_10_L -1 -4.368e+04 2.698e+02 2.159e+02
s>                    ( - -1.063e+04 2 0 SILENCE 1 1.578e+02 5.296e+01)
s>                    ( - -3.278e+04 7 0 QUESTION0_9_R 1 2.421e+02 1.630e+02)))
s>            ( QUESTION15 1 -1.116e+05 3.425e+02 5.565e+02
s>                ( - -2.317e+03 1 0)
s>                ( QUESTION0_0_R 1 -1.090e+05 3.414e+02 5.445e+02
s>                    ( QUESTION0_10_R 1 -9.917e+04 2.833e+02 4.994e+02
s>                        ( - -2.513e+04 1 0)
s>                        ( - -7.375e+04 13 0 QUESTION0_8_R 1 2.315e+02 3.734e+02))
s>                    ( - -9.482e+03 4 0 SILENCE 1 2.403e+02 4.511e+01)))))INFO: dtree.c(1315): Comp split 2
INFO: dtree.c(1439): stop. leaf nodes are specific
INFO: dtree.c(1478): Final simple tree
|( QUESTION0_1_R 1 -2.693e+04 4.546e+02 1.246e+02
|    ( - -1.400e+04 1 0)
|    ( - -1.247e+04 1 0))
s>    ( QUESTION0_1_R 1 -2.693e+04 4.546e+02 1.246e+02
s>        ( - -1.400e+04 1 0)
s>        ( - -1.247e+04 1 0))INFO: dtree.c(1439): stop. leaf nodes are specific
INFO: dtree.c(1478): Final simple tree
|( QUESTION0 -1 -3.388e+04 5.205e+02 1.565e+02
|    ( - -1.726e+04 1 0)
|    ( - -1.610e+04 1 0))
s>    ( QUESTION0 -1 -3.388e+04 5.205e+02 1.565e+02
s>        ( - -1.726e+04 1 0)
s>        ( - -1.610e+04 1 0))INFO: dtree.c(1315): Comp split 3
INFO: dtree.c(1439): stop. leaf nodes are specific
INFO: dtree.c(1478): Final simple tree
|( QUESTION4 -1 -5.251e+04 3.325e+02 2.529e+02
|    ( - -3.759e+04 1 0)
|    ( SILENCE 1 -1.459e+04 2.778e+02 7.011e+01
|        ( QUESTION0 -1 -4.658e+03 1.282e+02 2.311e+01
|            ( - -1.617e+03 1 0)
|            ( - -2.913e+03 1 0))
|        ( QUESTION0 -1 -9.659e+03 2.096e+02 4.700e+01
|            ( - -2.436e+02 1 0)
|            ( QUESTION0_0_R 1 -9.206e+03 1.541e+02 4.500e+01
|                ( - -4.921e+03 1 0)
|                ( - -4.130e+03 1 0)))))
s>    ( QUESTION4 -1 -5.251e+04 3.325e+02 2.529e+02
s>        ( - -3.759e+04 1 0)
s>        ( SILENCE 1 -1.459e+04 2.778e+02 7.011e+01
s>            ( QUESTION0 -1 -4.658e+03 1.282e+02 2.311e+01
s>                ( - -1.617e+03 1 0)
s>                ( - -2.913e+03 1 0))
s>            ( QUESTION0 -1 -9.659e+03 2.096e+02 4.700e+01
s>                ( - -2.436e+02 1 0)
s>                ( QUESTION0_0_R 1 -9.206e+03 1.541e+02 4.500e+01
s>                    ( - -4.921e+03 1 0)
s>                    ( - -4.130e+03 1 0)))))INFO: dtree.c(1478): Final simple tree
|( QUESTION4 -1 -1.481e+05 4.080e+02 7.374e+02
|    ( QUESTION2 1 -4.588e+04 2.640e+02 2.259e+02
|        ( - -1.940e+03 1 0)
|        ( QUESTION2_10_L -1 -4.368e+04 2.698e+02 2.159e+02
|            ( - -1.063e+04 2 0 SILENCE 1 1.578e+02 5.296e+01)
|            ( QUESTION0_9_R 1 -3.278e+04 2.421e+02 1.630e+02
|                ( - -1.095e+04 1 0)
|                ( - -2.159e+04 6 0 QUESTION11 1 2.144e+02 1.070e+02))))
|    ( QUESTION15 1 -1.018e+05 3.454e+02 5.114e+02
|        ( - -2.317e+03 1 0)
|        ( QUESTION0_10_R 1 -9.917e+04 2.833e+02 4.994e+02
|            ( - -2.513e+04 1 0)
|            ( QUESTION0_8_R 1 -7.375e+04 2.315e+02 3.734e+02
|                ( - -3.118e+04 4 0 QUESTION0 -1 6.334e+02 1.585e+02)
|                ( - -4.234e+04 9 0 QUESTION4 1 2.154e+02 2.150e+02)))))
s>    ( QUESTION4 -1 -1.481e+05 4.080e+02 7.374e+02
s>        ( QUESTION2 1 -4.588e+04 2.640e+02 2.259e+02
s>            ( - -1.940e+03 1 0)
s>            ( QUESTION2_10_L -1 -4.368e+04 2.698e+02 2.159e+02
s>                ( - -1.063e+04 2 0 SILENCE 1 1.578e+02 5.296e+01)
s>                ( QUESTION0_9_R 1 -3.278e+04 2.421e+02 1.630e+02
s>                    ( - -1.095e+04 1 0)
s>                    ( - -2.159e+04 6 0 QUESTION11 1 2.144e+02 1.070e+02))))
s>        ( QUESTION15 1 -1.018e+05 3.454e+02 5.114e+02
s>            ( - -2.317e+03 1 0)
s>            ( QUESTION0_10_R 1 -9.917e+04 2.833e+02 4.994e+02
s>                ( - -2.513e+04 1 0)
s>                ( QUESTION0_8_R 1 -7.375e+04 2.315e+02 3.734e+02
s>                    ( - -3.118e+04 4 0 QUESTION0 -1 6.334e+02 1.585e+02)
s>                    ( - -4.234e+04 9 0 QUESTION4 1 2.154e+02 2.150e+02)))))INFO: dtree.c(1315): Comp split 4
INFO: dtree.c(1315): Comp split 5
INFO: dtree.c(1478): Final simple tree
|( QUESTION4 -1 -1.211e+05 3.068e+02 6.064e+02
|    ( QUESTION11 1 -2.159e+04 2.144e+02 1.070e+02
|        ( - -4.249e+03 1 0)
|        ( - -1.712e+04 5 0 SILENCE 1 1.609e+02 8.398e+01))
|    ( QUESTION0_10_R 1 -9.917e+04 2.833e+02 4.994e+02
|        ( - -2.513e+04 1 0)
|        ( QUESTION0_8_R 1 -7.375e+04 2.315e+02 3.734e+02
|            ( QUESTION0 -1 -3.118e+04 6.334e+02 1.585e+02
|                ( - 2.410e+02 1 0)
|                ( - -3.078e+04 3 0 QUESTION4 1 1.680e+02 1.575e+02))
|            ( QUESTION4 1 -4.234e+04 2.154e+02 2.150e+02
|                ( QUESTION0_12_R 1 -1.583e+04 2.593e+02 8.294e+01
|                    ( - -8.250e+03 1 0)
|                    ( - -7.320e+03 1 0))
|                ( - -2.630e+04 7 0 QUESTION0_6_R 1 1.952e+02 1.320e+02)))))
s>    ( QUESTION4 -1 -1.211e+05 3.068e+02 6.064e+02
s>        ( QUESTION11 1 -2.159e+04 2.144e+02 1.070e+02
s>            ( - -4.249e+03 1 0)
s>            ( - -1.712e+04 5 0 SILENCE 1 1.609e+02 8.398e+01))
s>        ( QUESTION0_10_R 1 -9.917e+04 2.833e+02 4.994e+02
s>            ( - -2.513e+04 1 0)
s>            ( QUESTION0_8_R 1 -7.375e+04 2.315e+02 3.734e+02
s>                ( QUESTION0 -1 -3.118e+04 6.334e+02 1.585e+02
s>                    ( - 2.410e+02 1 0)
s>                    ( - -3.078e+04 3 0 QUESTION4 1 1.680e+02 1.575e+02))
s>                ( QUESTION4 1 -4.234e+04 2.154e+02 2.150e+02
s>                    ( QUESTION0_12_R 1 -1.583e+04 2.593e+02 8.294e+01
s>                        ( - -8.250e+03 1 0)
s>                        ( - -7.320e+03 1 0))
s>                    ( - -2.630e+04 7 0 QUESTION0_6_R 1 1.952e+02 1.320e+02)))))INFO: dtree.c(1439): stop. leaf nodes are specific
INFO: dtree.c(1478): Final simple tree
|( QUESTION4 -1 -2.659e+04 3.099e+02 1.310e+02
|    ( QUESTION0_9_R 1 -2.397e+04 2.395e+02 1.190e+02
|        ( - -1.095e+04 1 0)
|        ( QUESTION0_1_R 1 -1.277e+04 2.027e+02 6.296e+01
|            ( - -1.940e+03 1 0)
|            ( SILENCE 1 -1.063e+04 1.578e+02 5.296e+01
|                ( - -1.621e+03 1 0)
|                ( - -8.851e+03 1 0))))
|    ( - -2.317e+03 1 0))
s>    ( QUESTION4 -1 -2.659e+04 3.099e+02 1.310e+02
s>        ( QUESTION0_9_R 1 -2.397e+04 2.395e+02 1.190e+02
s>            ( - -1.095e+04 1 0)
s>            ( QUESTION0_1_R 1 -1.277e+04 2.027e+02 6.296e+01
s>                ( - -1.940e+03 1 0)
s>                ( SILENCE 1 -1.063e+04 1.578e+02 5.296e+01
s>                    ( - -1.621e+03 1 0)
s>                    ( - -8.851e+03 1 0))))
s>        ( - -2.317e+03 1 0))INFO: dtree.c(1315): Comp split 6
INFO: dtree.c(1478): Final simple tree
|( QUESTION4 -1 -1.207e+05 3.104e+02 6.054e+02
|    ( QUESTION11 1 -2.159e+04 2.144e+02 1.070e+02
|        ( - -4.249e+03 1 0)
|        ( - -1.712e+04 5 0 SILENCE 1 1.609e+02 8.398e+01))
|    ( QUESTION0_10_R 1 -9.878e+04 2.782e+02 4.984e+02
|        ( - -2.513e+04 1 0)
|        ( QUESTION0_8_R 1 -7.337e+04 2.478e+02 3.724e+02
|            ( - -3.078e+04 3 0 QUESTION4 1 1.680e+02 1.575e+02)
|            ( QUESTION4 1 -4.234e+04 2.154e+02 2.150e+02
|                ( QUESTION0_12_R 1 -1.583e+04 2.593e+02 8.294e+01
|                    ( - -8.250e+03 1 0)
|                    ( - -7.320e+03 1 0))
|                ( QUESTION0_6_R 1 -2.630e+04 1.952e+02 1.320e+02
|                    ( - -3.412e+03 3 0 QUESTION0 1 1.632e+02 1.700e+01)
|                    ( - -2.269e+04 4 0 QUESTION0_3_R 1 1.624e+02 1.150e+02))))))
s>    ( QUESTION4 -1 -1.207e+05 3.104e+02 6.054e+02
s>        ( QUESTION11 1 -2.159e+04 2.144e+02 1.070e+02
s>            ( - -4.249e+03 1 0)
s>            ( - -1.712e+04 5 0 SILENCE 1 1.609e+02 8.398e+01))
s>        ( QUESTION0_10_R 1 -9.878e+04 2.782e+02 4.984e+02
s>            ( - -2.513e+04 1 0)
s>            ( QUESTION0_8_R 1 -7.337e+04 2.478e+02 3.724e+02
s>                ( - -3.078e+04 3 0 QUESTION4 1 1.680e+02 1.575e+02)
s>                ( QUESTION4 1 -4.234e+04 2.154e+02 2.150e+02
s>                    ( QUESTION0_12_R 1 -1.583e+04 2.593e+02 8.294e+01
s>                        ( - -8.250e+03 1 0)
s>                        ( - -7.320e+03 1 0))
s>                    ( QUESTION0_6_R 1 -2.630e+04 1.952e+02 1.320e+02
s>                        ( - -3.412e+03 3 0 QUESTION0 1 1.632e+02 1.700e+01)
s>                        ( - -2.269e+04 4 0 QUESTION0_3_R 1 1.624e+02 1.150e+02))))))INFO: dtree.c(1315): Comp split 7
INFO: dtree.c(1315): Comp split 8
INFO: dtree.c(1439): stop. leaf nodes are specific
INFO: dtree.c(1478): Final simple tree
|( QUESTION4 1 -3.871e+04 1.970e+02 1.980e+02
|    ( QUESTION0_12_R 1 -1.583e+04 2.593e+02 8.294e+01
|        ( - -8.250e+03 1 0)
|        ( - -7.320e+03 1 0))
|    ( QUESTION0_3_R 1 -2.269e+04 1.624e+02 1.150e+02
|        ( - -9.856e+03 1 0)
|        ( QUESTION0 -1 -1.267e+04 1.482e+02 6.398e+01
|            ( - -3.919e+03 1 0)
|            ( QUESTION0_1_R 1 -8.604e+03 1.449e+02 4.298e+01
|                ( - -1.115e+03 1 0)
|                ( - -7.344e+03 1 0)))))
s>    ( QUESTION4 1 -3.871e+04 1.970e+02 1.980e+02
s>        ( QUESTION0_12_R 1 -1.583e+04 2.593e+02 8.294e+01
s>            ( - -8.250e+03 1 0)
s>            ( - -7.320e+03 1 0))
s>        ( QUESTION0_3_R 1 -2.269e+04 1.624e+02 1.150e+02
s>            ( - -9.856e+03 1 0)
s>            ( QUESTION0 -1 -1.267e+04 1.482e+02 6.398e+01
s>                ( - -3.919e+03 1 0)
s>                ( QUESTION0_1_R 1 -8.604e+03 1.449e+02 4.298e+01
s>                    ( - -1.115e+03 1 0)
s>                    ( - -7.344e+03 1 0)))))INFO: dtree.c(1478): Final simple tree
|( QUESTION5 -1 -8.162e+04 2.684e+02 4.074e+02
|    ( QUESTION0_9_R 1 -5.815e+04 2.392e+02 2.924e+02
|        ( - -2.513e+04 1 0)
|        ( QUESTION0_1_R 1 -3.278e+04 1.784e+02 1.665e+02
|            ( QUESTION0 1 -1.817e+03 1.826e+02 9.000e+00
|                ( - -9.389e+02 1 0)
|                ( - -6.956e+02 1 0))
|            ( QUESTION4 1 -3.078e+04 1.680e+02 1.575e+02
|                ( - -2.565e+04 2 0)
|                ( - -4.965e+03 1 0))))
|    ( QUESTION11 1 -2.320e+04 2.132e+02 1.150e+02
|        ( - -4.249e+03 1 0)
|        ( QUESTION3 1 -1.874e+04 1.867e+02 9.198e+01
|            ( - -1.515e+04 4 0 QUESTION0_0_R 1 1.539e+02 7.398e+01)
|            ( - -3.394e+03 2 0 SILENCE 1 1.547e+02 1.800e+01))))
s>    ( QUESTION5 -1 -8.162e+04 2.684e+02 4.074e+02
s>        ( QUESTION0_9_R 1 -5.815e+04 2.392e+02 2.924e+02
s>            ( - -2.513e+04 1 0)
s>            ( QUESTION0_1_R 1 -3.278e+04 1.784e+02 1.665e+02
s>                ( QUESTION0 1 -1.817e+03 1.826e+02 9.000e+00
s>                    ( - -9.389e+02 1 0)
s>                    ( - -6.956e+02 1 0))
s>                ( QUESTION4 1 -3.078e+04 1.680e+02 1.575e+02
s>                    ( - -2.565e+04 2 0)
s>                    ( - -4.965e+03 1 0))))
s>        ( QUESTION11 1 -2.320e+04 2.132e+02 1.150e+02
s>            ( - -4.249e+03 1 0)
s>            ( QUESTION3 1 -1.874e+04 1.867e+02 9.198e+01
s>                ( - -1.515e+04 4 0 QUESTION0_0_R 1 1.539e+02 7.398e+01)
s>                ( - -3.394e+03 2 0 SILENCE 1 1.547e+02 1.800e+01))))INFO: dtree.c(1315): Comp split 9
INFO: dtree.c(1439): stop. leaf nodes are specific
INFO: dtree.c(1478): Final simple tree
|( SILENCE 1 -1.415e+04 2.814e+02 6.811e+01
|    ( QUESTION0 -1 -4.658e+03 1.282e+02 2.311e+01
|        ( - -1.617e+03 1 0)
|        ( - -2.913e+03 1 0))
|    ( QUESTION0_0_R 1 -9.206e+03 1.541e+02 4.500e+01
|        ( - -4.921e+03 1 0)
|        ( - -4.130e+03 1 0)))
s>    ( SILENCE 1 -1.415e+04 2.814e+02 6.811e+01
s>        ( QUESTION0 -1 -4.658e+03 1.282e+02 2.311e+01
s>            ( - -1.617e+03 1 0)
s>            ( - -2.913e+03 1 0))
s>        ( QUESTION0_0_R 1 -9.206e+03 1.541e+02 4.500e+01
s>            ( - -4.921e+03 1 0)
s>            ( - -4.130e+03 1 0)))INFO: dtree.c(1439): stop. leaf nodes are specific
INFO: dtree.c(1478): Final simple tree
|( QUESTION0_0_R 1 -3.803e+04 2.013e+02 1.848e+02
|    ( - -3.759e+04 1 0)
|    ( - -2.436e+02 1 0))
s>    ( QUESTION0_0_R 1 -3.803e+04 2.013e+02 1.848e+02
s>        ( - -3.759e+04 1 0)
s>        ( - -2.436e+02 1 0))INFO: dtree.c(1315): Comp split 10
INFO: dtree.c(1439): stop. leaf nodes are specific
INFO: dtree.c(1478): Final simple tree
|( QUESTION0_9_R 1 -2.397e+04 2.395e+02 1.190e+02
|    ( - -1.095e+04 1 0)
|    ( QUESTION0_1_R 1 -1.277e+04 2.027e+02 6.296e+01
|        ( - -1.940e+03 1 0)
|        ( SILENCE 1 -1.063e+04 1.578e+02 5.296e+01
|            ( - -1.621e+03 1 0)
|            ( - -8.851e+03 1 0))))
s>    ( QUESTION0_9_R 1 -2.397e+04 2.395e+02 1.190e+02
s>        ( - -1.095e+04 1 0)
s>        ( QUESTION0_1_R 1 -1.277e+04 2.027e+02 6.296e+01
s>            ( - -1.940e+03 1 0)
s>            ( SILENCE 1 -1.063e+04 1.578e+02 5.296e+01
s>                ( - -1.621e+03 1 0)
s>                ( - -8.851e+03 1 0))))INFO: dtree.c(1315): Comp split 11
INFO: dtree.c(1439): stop. leaf nodes are specific
INFO: dtree.c(1478): Final simple tree
|( QUESTION5 1 -3.110e+04 1.705e+02 1.570e+02
|    ( QUESTION0_1_R 1 -1.734e+04 1.429e+02 8.904e+01
|        ( - -9.856e+03 1 0)
|        ( - -7.344e+03 1 0))
|    ( QUESTION0 -1 -1.359e+04 1.655e+02 6.794e+01
|        ( QUESTION0_1_R 1 -1.231e+04 1.374e+02 6.294e+01
|            ( - -3.919e+03 1 0)
|            ( - -8.250e+03 1 0))
|        ( - -1.115e+03 1 0)))
s>    ( QUESTION5 1 -3.110e+04 1.705e+02 1.570e+02
s>        ( QUESTION0_1_R 1 -1.734e+04 1.429e+02 8.904e+01
s>            ( - -9.856e+03 1 0)
s>            ( - -7.344e+03 1 0))
s>        ( QUESTION0 -1 -1.359e+04 1.655e+02 6.794e+01
s>            ( QUESTION0_1_R 1 -1.231e+04 1.374e+02 6.294e+01
s>                ( - -3.919e+03 1 0)
s>                ( - -8.250e+03 1 0))
s>            ( - -1.115e+03 1 0)))INFO: dtree.c(1315): Comp split 12
INFO: dtree.c(1439): stop. leaf nodes are specific
INFO: dtree.c(1478): Final simple tree
|( QUESTION4 -1 -2.071e+04 1.778e+02 1.010e+02
|    ( SILENCE 1 -1.712e+04 1.609e+02 8.398e+01
|        ( - -1.807e+03 1 0)
|        ( QUESTION0_0_R 1 -1.515e+04 1.539e+02 7.398e+01
|            ( QUESTION0_1_R 1 -1.229e+04 1.406e+02 5.998e+01
|                ( - -7.227e+02 1 0)
|                ( - -1.143e+04 2 0))
|            ( - -2.711e+03 1 0)))
|    ( QUESTION0 1 -3.412e+03 1.632e+02 1.700e+01
|        ( QUESTION0 -1 -2.553e+03 1.814e+02 1.300e+01
|            ( - -1.433e+03 1 0)
|            ( - -9.389e+02 1 0))
|        ( - -6.956e+02 1 0)))
s>    ( QUESTION4 -1 -2.071e+04 1.778e+02 1.010e+02
s>        ( SILENCE 1 -1.712e+04 1.609e+02 8.398e+01
s>            ( - -1.807e+03 1 0)
s>            ( QUESTION0_0_R 1 -1.515e+04 1.539e+02 7.398e+01
s>                ( QUESTION0_1_R 1 -1.229e+04 1.406e+02 5.998e+01
s>                    ( - -7.227e+02 1 0)
s>                    ( - -1.143e+04 2 0))
s>                ( - -2.711e+03 1 0)))
s>        ( QUESTION0 1 -3.412e+03 1.632e+02 1.700e+01
s>            ( QUESTION0 -1 -2.553e+03 1.814e+02 1.300e+01
s>                ( - -1.433e+03 1 0)
s>                ( - -9.389e+02 1 0))
s>            ( - -6.956e+02 1 0)))INFO: dtree.c(1439): stop. leaf nodes are specific
INFO: dtree.c(1478): Final simple tree
|( QUESTION0_8_R 1 -6.062e+04 2.260e+02 3.064e+02
|    ( QUESTION4 -1 -3.526e+04 2.274e+02 1.805e+02
|        ( - -4.249e+03 1 0)
|        ( QUESTION4 1 -3.078e+04 1.680e+02 1.575e+02
|            ( - -2.565e+04 2 0)
|            ( - -4.965e+03 1 0)))
|    ( - -2.513e+04 1 0))
s>    ( QUESTION0_8_R 1 -6.062e+04 2.260e+02 3.064e+02
s>        ( QUESTION4 -1 -3.526e+04 2.274e+02 1.805e+02
s>            ( - -4.249e+03 1 0)
s>            ( QUESTION4 1 -3.078e+04 1.680e+02 1.575e+02
s>                ( - -2.565e+04 2 0)
s>                ( - -4.965e+03 1 0)))
s>        ( - -2.513e+04 1 0))INFO: dtree.c(1315): Comp split 13
INFO: dtree.c(1439): stop. leaf nodes are specific
INFO: dtree.c(1478): Final simple tree
|( QUESTION0_0_R 1 -9.206e+03 1.541e+02 4.500e+01
|    ( - -4.921e+03 1 0)
|    ( - -4.130e+03 1 0))
s>    ( QUESTION0_0_R 1 -9.206e+03 1.541e+02 4.500e+01
s>        ( - -4.921e+03 1 0)
s>        ( - -4.130e+03 1 0))INFO: dtree.c(1439): stop. leaf nodes are specific
INFO: dtree.c(1478): Final simple tree
|( QUESTION0 -1 -4.658e+03 1.282e+02 2.311e+01
|    ( - -1.617e+03 1 0)
|    ( - -2.913e+03 1 0))
s>    ( QUESTION0 -1 -4.658e+03 1.282e+02 2.311e+01
s>        ( - -1.617e+03 1 0)
s>        ( - -2.913e+03 1 0))INFO: dtree.c(1315): Comp split 14
INFO: dtree.c(1439): stop. leaf nodes are specific
INFO: dtree.c(1478): Final simple tree
|( QUESTION0_1_R 1 -1.277e+04 2.027e+02 6.296e+01
|    ( - -1.940e+03 1 0)
|    ( SILENCE 1 -1.063e+04 1.578e+02 5.296e+01
|        ( - -1.621e+03 1 0)
|        ( - -8.851e+03 1 0)))
s>    ( QUESTION0_1_R 1 -1.277e+04 2.027e+02 6.296e+01
s>        ( - -1.940e+03 1 0)
s>        ( SILENCE 1 -1.063e+04 1.578e+02 5.296e+01
s>            ( - -1.621e+03 1 0)
s>            ( - -8.851e+03 1 0)))INFO: dtree.c(1315): Comp split 15
INFO: dtree.c(1439): stop. leaf nodes are specific
INFO: dtree.c(1478): Final simple tree
|( QUESTION4 -1 -3.526e+04 2.274e+02 1.805e+02
|    ( - -4.249e+03 1 0)
|    ( QUESTION4 1 -3.078e+04 1.680e+02 1.575e+02
|        ( - -2.565e+04 2 0)
|        ( - -4.965e+03 1 0)))
s>    ( QUESTION4 -1 -3.526e+04 2.274e+02 1.805e+02
s>        ( - -4.249e+03 1 0)
s>        ( QUESTION4 1 -3.078e+04 1.680e+02 1.575e+02
s>            ( - -2.565e+04 2 0)
s>            ( - -4.965e+03 1 0)))INFO: dtree.c(1315): Comp split 16
INFO: dtree.c(1439): stop. leaf nodes are specific
INFO: dtree.c(1478): Final simple tree
|( QUESTION4 1 -3.078e+04 1.680e+02 1.575e+02
|    ( - -2.565e+04 2 0)
|    ( - -4.965e+03 1 0))
s>    ( QUESTION4 1 -3.078e+04 1.680e+02 1.575e+02
s>        ( - -2.565e+04 2 0)
s>        ( - -4.965e+03 1 0))INFO: dtree.c(1315): Comp split 17
INFO: dtree.c(1439): stop. leaf nodes are specific
INFO: dtree.c(1478): Final simple tree
|( SILENCE 1 -1.063e+04 1.578e+02 5.296e+01
|    ( - -1.621e+03 1 0)
|    ( - -8.851e+03 1 0))
s>    ( SILENCE 1 -1.063e+04 1.578e+02 5.296e+01
s>        ( - -1.621e+03 1 0)
s>        ( - -8.851e+03 1 0))INFO: dtree.c(1315): Comp split 18
INFO: dtree.c(1315): Comp split 19
INFO: dtree.c(1439): stop. leaf nodes are specific
INFO: dtree.c(1478): Final simple tree
|( QUESTION0 -1 -1.983e+04 1.779e+02 9.698e+01
|    ( - -1.433e+03 1 0)
|    ( QUESTION0 1 -1.822e+04 1.575e+02 8.898e+01
|        ( - -9.389e+02 1 0)
|        ( SILENCE 1 -1.712e+04 1.609e+02 8.398e+01
|            ( - -1.807e+03 1 0)
|            ( QUESTION0_0_R 1 -1.515e+04 1.539e+02 7.398e+01
|                ( QUESTION0_1_R 1 -1.229e+04 1.406e+02 5.998e+01
|                    ( - -7.227e+02 1 0)
|                    ( - -1.143e+04 2 0))
|                ( - -2.711e+03 1 0)))))
s>    ( QUESTION0 -1 -1.983e+04 1.779e+02 9.698e+01
s>        ( - -1.433e+03 1 0)
s>        ( QUESTION0 1 -1.822e+04 1.575e+02 8.898e+01
s>            ( - -9.389e+02 1 0)
s>            ( SILENCE 1 -1.712e+04 1.609e+02 8.398e+01
s>                ( - -1.807e+03 1 0)
s>                ( QUESTION0_0_R 1 -1.515e+04 1.539e+02 7.398e+01
s>                    ( QUESTION0_1_R 1 -1.229e+04 1.406e+02 5.998e+01
s>                        ( - -7.227e+02 1 0)
s>                        ( - -1.143e+04 2 0))
s>                    ( - -2.711e+03 1 0)))))INFO: dtree.c(1315): Comp split 20
INFO: dtree.c(1439): stop. leaf nodes are specific
INFO: dtree.c(1478): Final simple tree
|( QUESTION0_1_R 1 -9.515e+03 1.502e+02 4.694e+01
|    ( - -1.115e+03 1 0)
|    ( - -8.250e+03 1 0))
s>    ( QUESTION0_1_R 1 -9.515e+03 1.502e+02 4.694e+01
s>        ( - -1.115e+03 1 0)
s>        ( - -8.250e+03 1 0))INFO: dtree.c(1439): stop. leaf nodes are specific
INFO: dtree.c(1478): Final simple tree
|( QUESTION0_3_R 1 -2.140e+04 1.503e+02 1.100e+02
|    ( - -9.856e+03 1 0)
|    ( QUESTION0_1_R 1 -1.140e+04 1.343e+02 5.898e+01
|        ( - -3.919e+03 1 0)
|        ( - -7.344e+03 1 0)))
s>    ( QUESTION0_3_R 1 -2.140e+04 1.503e+02 1.100e+02
s>        ( - -9.856e+03 1 0)
s>        ( QUESTION0_1_R 1 -1.140e+04 1.343e+02 5.898e+01
s>            ( - -3.919e+03 1 0)
s>            ( - -7.344e+03 1 0)))INFO: dtree.c(1315): Comp split 21
INFO: dtree.c(1439): stop. leaf nodes are specific
INFO: dtree.c(1478): Final simple tree
|( QUESTION0 1 -1.625e+04 1.613e+02 7.898e+01
|    ( - -9.389e+02 1 0)
|    ( QUESTION0_0_R 1 -1.515e+04 1.539e+02 7.398e+01
|        ( QUESTION0_1_R 1 -1.229e+04 1.406e+02 5.998e+01
|            ( - -7.227e+02 1 0)
|            ( - -1.143e+04 2 0))
|        ( - -2.711e+03 1 0)))
s>    ( QUESTION0 1 -1.625e+04 1.613e+02 7.898e+01
s>        ( - -9.389e+02 1 0)
s>        ( QUESTION0_0_R 1 -1.515e+04 1.539e+02 7.398e+01
s>            ( QUESTION0_1_R 1 -1.229e+04 1.406e+02 5.998e+01
s>                ( - -7.227e+02 1 0)
s>                ( - -1.143e+04 2 0))
s>            ( - -2.711e+03 1 0)))INFO: dtree.c(1439): stop. leaf nodes are specific
INFO: dtree.c(1478): Final simple tree
|( SILENCE 1 -3.394e+03 1.547e+02 1.800e+01
|    ( - -1.807e+03 1 0)
|    ( - -1.433e+03 1 0))
s>    ( SILENCE 1 -3.394e+03 1.547e+02 1.800e+01
s>        ( - -1.807e+03 1 0)
s>        ( - -1.433e+03 1 0))INFO: dtree.c(1315): Comp split 22
INFO: dtree.c(1439): stop. leaf nodes are specific
INFO: dtree.c(1478): Final simple tree
|( QUESTION0_1_R 1 -1.229e+04 1.406e+02 5.998e+01
|    ( - -7.227e+02 1 0)
|    ( - -1.143e+04 2 0))
s>    ( QUESTION0_1_R 1 -1.229e+04 1.406e+02 5.998e+01
s>        ( - -7.227e+02 1 0)
s>        ( - -1.143e+04 2 0))INFO: dtree.c(1439): stop. leaf nodes are specific
INFO: dtree.c(1478): Final simple tree
|( QUESTION0_0_R 1 -3.789e+03 1.388e+02 1.900e+01
|    ( - -9.389e+02 1 0)
|    ( - -2.711e+03 1 0))
s>    ( QUESTION0_0_R 1 -3.789e+03 1.388e+02 1.900e+01
s>        ( - -9.389e+02 1 0)
s>        ( - -2.711e+03 1 0))INFO: dtree.c(1315): Comp split 23
INFO: dtree.c(1315): Comp split 24
INFO: dtree.c(1315): Comp split 25
INFO: dtree.c(1315): Comp split 26
INFO: dtree.c(1315): Comp split 27
INFO: dtree.c(1439): stop. leaf nodes are specific
INFO: dtree.c(1478): Final simple tree
|( QUESTION0_1_R 1 -1.140e+04 1.343e+02 5.898e+01
|    ( - -3.919e+03 1 0)
|    ( - -7.344e+03 1 0))
s>    ( QUESTION0_1_R 1 -1.140e+04 1.343e+02 5.898e+01
s>        ( - -3.919e+03 1 0)
s>        ( - -7.344e+03 1 0))INFO: dtree.c(1315): Comp split 28
INFO: dtree.c(1315): Comp split 29
INFO: dtree.c(1315): Comp split 30
INFO: dtree.c(1315): Comp split 31
INFO: dtree.c(1315): Comp split 32
INFO: dtree.c(1315): Comp split 33
INFO: dtree.c(1318): stop. leaf nodes are specific
Mon Jan 30 07:35:51 2017
