Current configuration:
[NAME]		[DEFLT]	[VALUE]
-allphones	no	no
-cntthresh	0.00001	1.000000e-05
-csplitmax	100	2000
-csplitmin	1	1
-csplitthr	8e-4	0.000000e+00
-example	no	no
-fullvar	no	no
-help		no	no
-meanfn			/Users/benroye/forge/cmusphinx/voiceVim/model_parameters/voiceVim.cd_cont_untied/means
-mixwfn			/Users/benroye/forge/cmusphinx/voiceVim/model_parameters/voiceVim.cd_cont_untied/mixture_weights
-moddeffn		/Users/benroye/forge/cmusphinx/voiceVim/model_architecture/voiceVim.untied.mdef
-mwfloor	1e-4	1.000000e-08
-phone			x
-psetfn			/Users/benroye/forge/cmusphinx/voiceVim/model_architecture/voiceVim.tree_questions
-ssplitmax	5	7
-ssplitmin	1	1
-ssplitthr	8e-4	0.000000e+00
-state			1
-stwt			1.0,0.05,0.0,
-treefn			/Users/benroye/forge/cmusphinx/voiceVim/trees/voiceVim.unpruned/x-1.dtree
-ts2cbfn	.semi.	.cont.
-varfloor	0.00001	1.000000e-05
-varfn			/Users/benroye/forge/cmusphinx/voiceVim/model_parameters/voiceVim.cd_cont_untied/variances

INFO: main.c(223): Reading: /Users/benroye/forge/cmusphinx/voiceVim/model_architecture/voiceVim.untied.mdef
INFO: model_def_io.c(573): Model definition info:
INFO: model_def_io.c(574): 2249 total models defined (39 base, 2210 tri)
INFO: model_def_io.c(575): 8996 total states
INFO: model_def_io.c(576): 6747 total tied states
INFO: model_def_io.c(577): 117 total tied CI states
INFO: model_def_io.c(578): 39 total tied transition matrices
INFO: model_def_io.c(579): 4 max state/model
INFO: model_def_io.c(580): 4 min state/model
INFO: main.c(242): Building trees for [x ah t i] through [x i w e]
INFO: main.c(269): Covering states |[6573 6602]| == 30
INFO: main.c(275): Reading: /Users/benroye/forge/cmusphinx/voiceVim/model_parameters/voiceVim.cd_cont_untied/mixture_weights
INFO: s3mixw_io.c(173): Read /Users/benroye/forge/cmusphinx/voiceVim/model_parameters/voiceVim.cd_cont_untied/mixture_weights [30x1x1 array]
INFO: main.c(311): 10 of 10 models have observation count greater than 0.000010
INFO: main.c(95): nrm stwt: 0.045 0.909 0.045 
INFO: s3gau_io.c(169): Read /Users/benroye/forge/cmusphinx/voiceVim/model_parameters/voiceVim.cd_cont_untied/means [6747x1x1 array]
INFO: s3gau_io.c(169): Read /Users/benroye/forge/cmusphinx/voiceVim/model_parameters/voiceVim.cd_cont_untied/variances [6747x1x1 array]
INFO: main.c(549): Reading: /Users/benroye/forge/cmusphinx/voiceVim/model_architecture/voiceVim.tree_questions
INFO: main.c(588): 174 total simple questions (166 phone; 8 word bndry)
INFO: main.c(590): 40 Left Only questions, and 42 Right Only questions
INFO: dtree.c(1478): Final simple tree
|( QUESTION2_14_L -1 -1.825e+05 1.007e+03 8.443e+02
|    ( - -7.543e+04 1 0)
|    ( QUESTION0_9_R 1 -1.061e+05 1.264e+03 4.929e+02
|        ( WDBNDRY_E 0 -6.585e+04 1.515e+02 3.016e+02
|            ( QUESTION0_10_R 1 -2.376e+03 1.494e+02 1.100e+01
|                ( - -1.205e+03 1 0)
|                ( - -1.022e+03 1 0))
|            ( - -6.332e+04 1 0))
|        ( WDBNDRY_E 0 -3.896e+04 2.978e+02 1.913e+02
|            ( QUESTION0_6_R 1 -1.350e+04 2.404e+02 6.700e+01
|                ( - -3.595e+03 1 0)
|                ( QUESTION0_7_R 1 -9.669e+03 2.671e+02 4.900e+01
|                    ( - -3.576e+03 1 0)
|                    ( - -5.826e+03 3 0 QUESTION0_2_R 1 1.480e+02 3.000e+01)))
|            ( - -2.516e+04 1 0))))
s>    ( QUESTION2_14_L -1 -1.825e+05 1.007e+03 8.443e+02
s>        ( - -7.543e+04 1 0)
s>        ( QUESTION0_9_R 1 -1.061e+05 1.264e+03 4.929e+02
s>            ( WDBNDRY_E 0 -6.585e+04 1.515e+02 3.016e+02
s>                ( QUESTION0_10_R 1 -2.376e+03 1.494e+02 1.100e+01
s>                    ( - -1.205e+03 1 0)
s>                    ( - -1.022e+03 1 0))
s>                ( - -6.332e+04 1 0))
s>            ( WDBNDRY_E 0 -3.896e+04 2.978e+02 1.913e+02
s>                ( QUESTION0_6_R 1 -1.350e+04 2.404e+02 6.700e+01
s>                    ( - -3.595e+03 1 0)
s>                    ( QUESTION0_7_R 1 -9.669e+03 2.671e+02 4.900e+01
s>                        ( - -3.576e+03 1 0)
s>                        ( - -5.826e+03 3 0 QUESTION0_2_R 1 1.480e+02 3.000e+01)))
s>                ( - -2.516e+04 1 0))))INFO: dtree.c(1315): Comp split 0
INFO: dtree.c(1439): stop. leaf nodes are specific
INFO: dtree.c(1478): Final simple tree
|( WDBNDRY_E 0 -3.896e+04 2.978e+02 1.913e+02
|    ( QUESTION0_6_R 1 -1.350e+04 2.404e+02 6.700e+01
|        ( - -3.595e+03 1 0)
|        ( QUESTION0_7_R 1 -9.669e+03 2.671e+02 4.900e+01
|            ( - -3.576e+03 1 0)
|            ( QUESTION0_2_R 1 -5.826e+03 1.480e+02 3.000e+01
|                ( - -2.355e+03 1 0)
|                ( SILENCE 1 -3.323e+03 1.535e+02 1.700e+01
|                    ( - -1.199e+03 1 0)
|                    ( - -1.970e+03 1 0)))))
|    ( - -2.516e+04 1 0))
s>    ( WDBNDRY_E 0 -3.896e+04 2.978e+02 1.913e+02
s>        ( QUESTION0_6_R 1 -1.350e+04 2.404e+02 6.700e+01
s>            ( - -3.595e+03 1 0)
s>            ( QUESTION0_7_R 1 -9.669e+03 2.671e+02 4.900e+01
s>                ( - -3.576e+03 1 0)
s>                ( QUESTION0_2_R 1 -5.826e+03 1.480e+02 3.000e+01
s>                    ( - -2.355e+03 1 0)
s>                    ( SILENCE 1 -3.323e+03 1.535e+02 1.700e+01
s>                        ( - -1.199e+03 1 0)
s>                        ( - -1.970e+03 1 0)))))
s>        ( - -2.516e+04 1 0))INFO: dtree.c(1439): stop. leaf nodes are specific
INFO: dtree.c(1478): Final simple tree
|( QUESTION0_11_R 1 -1.419e+05 6.455e+02 6.530e+02
|    ( WDBNDRY_E 0 -6.449e+04 1.513e+02 2.956e+02
|        ( - -1.022e+03 1 0)
|        ( - -6.332e+04 1 0))
|    ( WDBNDRY_E 0 -7.678e+04 1.379e+02 3.574e+02
|        ( - -1.205e+03 1 0)
|        ( - -7.543e+04 1 0)))
s>    ( QUESTION0_11_R 1 -1.419e+05 6.455e+02 6.530e+02
s>        ( WDBNDRY_E 0 -6.449e+04 1.513e+02 2.956e+02
s>            ( - -1.022e+03 1 0)
s>            ( - -6.332e+04 1 0))
s>        ( WDBNDRY_E 0 -7.678e+04 1.379e+02 3.574e+02
s>            ( - -1.205e+03 1 0)
s>            ( - -7.543e+04 1 0)))INFO: dtree.c(1315): Comp split 1
INFO: dtree.c(1439): stop. leaf nodes are specific
INFO: dtree.c(1478): Final simple tree
|( WDBNDRY_E 0 -7.678e+04 1.379e+02 3.574e+02
|    ( - -1.205e+03 1 0)
|    ( - -7.543e+04 1 0))
s>    ( WDBNDRY_E 0 -7.678e+04 1.379e+02 3.574e+02
s>        ( - -1.205e+03 1 0)
s>        ( - -7.543e+04 1 0))INFO: dtree.c(1439): stop. leaf nodes are specific
INFO: dtree.c(1478): Final simple tree
|( WDBNDRY_E 0 -6.449e+04 1.513e+02 2.956e+02
|    ( - -1.022e+03 1 0)
|    ( - -6.332e+04 1 0))
s>    ( WDBNDRY_E 0 -6.449e+04 1.513e+02 2.956e+02
s>        ( - -1.022e+03 1 0)
s>        ( - -6.332e+04 1 0))INFO: dtree.c(1315): Comp split 2
INFO: dtree.c(1439): stop. leaf nodes are specific
INFO: dtree.c(1478): Final simple tree
|( QUESTION0_2_R 1 -5.826e+03 1.480e+02 3.000e+01
|    ( - -2.355e+03 1 0)
|    ( SILENCE 1 -3.323e+03 1.535e+02 1.700e+01
|        ( - -1.199e+03 1 0)
|        ( - -1.970e+03 1 0)))
s>    ( QUESTION0_2_R 1 -5.826e+03 1.480e+02 3.000e+01
s>        ( - -2.355e+03 1 0)
s>        ( SILENCE 1 -3.323e+03 1.535e+02 1.700e+01
s>            ( - -1.199e+03 1 0)
s>            ( - -1.970e+03 1 0)))INFO: dtree.c(1439): stop. leaf nodes are specific
INFO: dtree.c(1478): Final simple tree
|( WDBNDRY_E 0 -3.277e+04 2.326e+02 1.613e+02
|    ( QUESTION0_1_R 1 -7.377e+03 2.060e+02 3.700e+01
|        ( - -3.595e+03 1 0)
|        ( - -3.576e+03 1 0))
|    ( - -2.516e+04 1 0))
s>    ( WDBNDRY_E 0 -3.277e+04 2.326e+02 1.613e+02
s>        ( QUESTION0_1_R 1 -7.377e+03 2.060e+02 3.700e+01
s>            ( - -3.595e+03 1 0)
s>            ( - -3.576e+03 1 0))
s>        ( - -2.516e+04 1 0))INFO: dtree.c(1315): Comp split 3
INFO: dtree.c(1439): stop. leaf nodes are specific
INFO: dtree.c(1478): Final simple tree
|( QUESTION0_1_R 1 -7.377e+03 2.060e+02 3.700e+01
|    ( - -3.595e+03 1 0)
|    ( - -3.576e+03 1 0))
s>    ( QUESTION0_1_R 1 -7.377e+03 2.060e+02 3.700e+01
s>        ( - -3.595e+03 1 0)
s>        ( - -3.576e+03 1 0))INFO: dtree.c(1315): Comp split 4
INFO: dtree.c(1315): Comp split 5
INFO: dtree.c(1315): Comp split 6
INFO: dtree.c(1439): stop. leaf nodes are specific
INFO: dtree.c(1478): Final simple tree
|( SILENCE 1 -3.323e+03 1.535e+02 1.700e+01
|    ( - -1.199e+03 1 0)
|    ( - -1.970e+03 1 0))
s>    ( SILENCE 1 -3.323e+03 1.535e+02 1.700e+01
s>        ( - -1.199e+03 1 0)
s>        ( - -1.970e+03 1 0))INFO: dtree.c(1315): Comp split 7
INFO: dtree.c(1315): Comp split 8
INFO: dtree.c(1315): Comp split 9
INFO: dtree.c(1318): stop. leaf nodes are specific
Mon Jan 30 07:35:52 2017
