Current configuration:
[NAME]		[DEFLT]	[VALUE]
-allphones	no	no
-cntthresh	0.00001	1.000000e-05
-csplitmax	100	2000
-csplitmin	1	1
-csplitthr	8e-4	0.000000e+00
-example	no	no
-fullvar	no	no
-help		no	no
-meanfn			/Users/benroye/forge/cmusphinx/voiceVim/model_parameters/voiceVim.cd_cont_untied/means
-mixwfn			/Users/benroye/forge/cmusphinx/voiceVim/model_parameters/voiceVim.cd_cont_untied/mixture_weights
-moddeffn		/Users/benroye/forge/cmusphinx/voiceVim/model_architecture/voiceVim.untied.mdef
-mwfloor	1e-4	1.000000e-08
-phone			oh
-psetfn			/Users/benroye/forge/cmusphinx/voiceVim/model_architecture/voiceVim.tree_questions
-ssplitmax	5	7
-ssplitmin	1	1
-ssplitthr	8e-4	0.000000e+00
-state			1
-stwt			1.0,0.05,0.0,
-treefn			/Users/benroye/forge/cmusphinx/voiceVim/trees/voiceVim.unpruned/oh-1.dtree
-ts2cbfn	.semi.	.cont.
-varfloor	0.00001	1.000000e-05
-varfn			/Users/benroye/forge/cmusphinx/voiceVim/model_parameters/voiceVim.cd_cont_untied/variances

INFO: main.c(223): Reading: /Users/benroye/forge/cmusphinx/voiceVim/model_architecture/voiceVim.untied.mdef
INFO: model_def_io.c(573): Model definition info:
INFO: model_def_io.c(574): 2249 total models defined (39 base, 2210 tri)
INFO: model_def_io.c(575): 8996 total states
INFO: model_def_io.c(576): 6747 total tied states
INFO: model_def_io.c(577): 117 total tied CI states
INFO: model_def_io.c(578): 39 total tied transition matrices
INFO: model_def_io.c(579): 4 max state/model
INFO: model_def_io.c(580): 4 min state/model
INFO: main.c(242): Building trees for [oh ee SIL e] through [oh w t i]
INFO: main.c(269): Covering states |[3615 3884]| == 270
INFO: main.c(275): Reading: /Users/benroye/forge/cmusphinx/voiceVim/model_parameters/voiceVim.cd_cont_untied/mixture_weights
INFO: s3mixw_io.c(173): Read /Users/benroye/forge/cmusphinx/voiceVim/model_parameters/voiceVim.cd_cont_untied/mixture_weights [270x1x1 array]
INFO: main.c(311): 90 of 90 models have observation count greater than 0.000010
INFO: main.c(95): nrm stwt: 0.045 0.909 0.045 
INFO: s3gau_io.c(169): Read /Users/benroye/forge/cmusphinx/voiceVim/model_parameters/voiceVim.cd_cont_untied/means [6747x1x1 array]
INFO: s3gau_io.c(169): Read /Users/benroye/forge/cmusphinx/voiceVim/model_parameters/voiceVim.cd_cont_untied/variances [6747x1x1 array]
INFO: main.c(549): Reading: /Users/benroye/forge/cmusphinx/voiceVim/model_architecture/voiceVim.tree_questions
INFO: main.c(588): 174 total simple questions (166 phone; 8 word bndry)
INFO: main.c(590): 40 Left Only questions, and 42 Right Only questions
INFO: dtree.c(1478): Final simple tree
|( WDBNDRY_E 0 -1.166e+06 4.532e+03 5.499e+03
|    ( QUESTION2_9_L -1 -8.452e+05 2.008e+03 4.033e+03
|        ( - -1.309e+05 30 0 QUESTION2_11_L -1 5.322e+02 6.123e+02)
|        ( QUESTION0_8_R 1 -7.123e+05 1.127e+03 3.421e+03
|            ( - -2.464e+05 11 0 QUESTION12 1 4.656e+02 1.184e+03)
|            ( - -4.648e+05 42 0 SILENCE 1 8.676e+02 2.237e+03)))
|    ( QUESTION5 -1 -3.165e+05 5.079e+03 1.466e+03
|        ( QUESTION2_18_L -1 -1.601e+05 2.463e+03 7.241e+02
|            ( - -1.029e+05 1 0)
|            ( QUESTION0_1_R 1 -5.473e+04 1.165e+03 2.359e+02
|                ( - -3.764e+04 2 0 QUESTION11 -1 3.914e+02 1.738e+02)
|                ( - -1.593e+04 1 0)))
|        ( QUESTION0_2_R 1 -1.513e+05 2.836e+03 7.415e+02
|            ( - -5.618e+04 1 0)
|            ( - -9.231e+04 2 0 QUESTION0 -1 3.757e+02 4.535e+02))))
s>    ( WDBNDRY_E 0 -1.166e+06 4.532e+03 5.499e+03
s>        ( QUESTION2_9_L -1 -8.452e+05 2.008e+03 4.033e+03
s>            ( - -1.309e+05 30 0 QUESTION2_11_L -1 5.322e+02 6.123e+02)
s>            ( QUESTION0_8_R 1 -7.123e+05 1.127e+03 3.421e+03
s>                ( - -2.464e+05 11 0 QUESTION12 1 4.656e+02 1.184e+03)
s>                ( - -4.648e+05 42 0 SILENCE 1 8.676e+02 2.237e+03)))
s>        ( QUESTION5 -1 -3.165e+05 5.079e+03 1.466e+03
s>            ( QUESTION2_18_L -1 -1.601e+05 2.463e+03 7.241e+02
s>                ( - -1.029e+05 1 0)
s>                ( QUESTION0_1_R 1 -5.473e+04 1.165e+03 2.359e+02
s>                    ( - -3.764e+04 2 0 QUESTION11 -1 3.914e+02 1.738e+02)
s>                    ( - -1.593e+04 1 0)))
s>            ( QUESTION0_2_R 1 -1.513e+05 2.836e+03 7.415e+02
s>                ( - -5.618e+04 1 0)
s>                ( - -9.231e+04 2 0 QUESTION0 -1 3.757e+02 4.535e+02))))INFO: dtree.c(1315): Comp split 0
INFO: dtree.c(1478): Final simple tree
|( WDBNDRY_E 0 -8.678e+05 4.096e+03 4.163e+03
|    ( QUESTION0_8_R 1 -7.123e+05 1.127e+03 3.421e+03
|        ( - -2.464e+05 11 0 QUESTION12 1 4.656e+02 1.184e+03)
|        ( SILENCE 1 -4.648e+05 8.676e+02 2.237e+03
|            ( - -3.117e+04 3 0 QUESTION4 -1 1.976e+02 1.479e+02)
|            ( QUESTION4 1 -4.328e+05 8.005e+02 2.089e+03
|                ( - -9.650e+04 11 0 QUESTION4 -1 4.022e+02 4.597e+02)
|                ( QUESTION11 -1 -3.355e+05 5.761e+02 1.629e+03
|                    ( - -9.327e+04 11 0 QUESTION0_10_R 1 2.614e+02 4.528e+02)
|                    ( QUESTION4 -1 -2.416e+05 5.042e+02 1.177e+03
|                        ( - -3.104e+04 6 0 QUESTION0_5_R 1 2.168e+02 1.508e+02)
|                        ( - -2.101e+05 11 0 QUESTION0_5_R 1 5.079e+02 1.026e+03))))))
|    ( QUESTION0_2_R 1 -1.513e+05 2.836e+03 7.415e+02
|        ( - -5.618e+04 1 0)
|        ( - -9.231e+04 2 0 QUESTION0 -1 3.757e+02 4.535e+02)))
s>    ( WDBNDRY_E 0 -8.678e+05 4.096e+03 4.163e+03
s>        ( QUESTION0_8_R 1 -7.123e+05 1.127e+03 3.421e+03
s>            ( - -2.464e+05 11 0 QUESTION12 1 4.656e+02 1.184e+03)
s>            ( SILENCE 1 -4.648e+05 8.676e+02 2.237e+03
s>                ( - -3.117e+04 3 0 QUESTION4 -1 1.976e+02 1.479e+02)
s>                ( QUESTION4 1 -4.328e+05 8.005e+02 2.089e+03
s>                    ( - -9.650e+04 11 0 QUESTION4 -1 4.022e+02 4.597e+02)
s>                    ( QUESTION11 -1 -3.355e+05 5.761e+02 1.629e+03
s>                        ( - -9.327e+04 11 0 QUESTION0_10_R 1 2.614e+02 4.528e+02)
s>                        ( QUESTION4 -1 -2.416e+05 5.042e+02 1.177e+03
s>                            ( - -3.104e+04 6 0 QUESTION0_5_R 1 2.168e+02 1.508e+02)
s>                            ( - -2.101e+05 11 0 QUESTION0_5_R 1 5.079e+02 1.026e+03))))))
s>        ( QUESTION0_2_R 1 -1.513e+05 2.836e+03 7.415e+02
s>            ( - -5.618e+04 1 0)
s>            ( - -9.231e+04 2 0 QUESTION0 -1 3.757e+02 4.535e+02)))INFO: dtree.c(1478): Final simple tree
|( QUESTION14 -1 -2.930e+05 2.379e+03 1.336e+03
|    ( - -2.626e+04 1 0)
|    ( QUESTION2_9_L -1 -2.644e+05 1.564e+03 1.214e+03
|        ( WDBNDRY_E 0 -2.353e+05 1.489e+03 1.100e+03
|            ( QUESTION2_11_L -1 -1.309e+05 5.322e+02 6.123e+02
|                ( - -4.009e+04 10 0 QUESTION0_6_R 1 2.663e+02 1.872e+02)
|                ( SILENCE 1 -9.023e+04 3.386e+02 4.252e+02
|                    ( QUESTION4 -1 -2.942e+03 4.495e+02 1.502e+01
|                        ( - -2.690e+03 1 0)
|                        ( - 1.975e+02 1 0))
|                    ( - -8.695e+04 18 0 QUESTION0_5_R 1 2.808e+02 4.101e+02)))
|            ( - -1.029e+05 1 0))
|        ( QUESTION0_1_R 1 -2.754e+04 6.287e+02 1.139e+02
|            ( - -1.099e+04 1 0)
|            ( - -1.593e+04 1 0))))
s>    ( QUESTION14 -1 -2.930e+05 2.379e+03 1.336e+03
s>        ( - -2.626e+04 1 0)
s>        ( QUESTION2_9_L -1 -2.644e+05 1.564e+03 1.214e+03
s>            ( WDBNDRY_E 0 -2.353e+05 1.489e+03 1.100e+03
s>                ( QUESTION2_11_L -1 -1.309e+05 5.322e+02 6.123e+02
s>                    ( - -4.009e+04 10 0 QUESTION0_6_R 1 2.663e+02 1.872e+02)
s>                    ( SILENCE 1 -9.023e+04 3.386e+02 4.252e+02
s>                        ( QUESTION4 -1 -2.942e+03 4.495e+02 1.502e+01
s>                            ( - -2.690e+03 1 0)
s>                            ( - 1.975e+02 1 0))
s>                        ( - -8.695e+04 18 0 QUESTION0_5_R 1 2.808e+02 4.101e+02)))
s>                ( - -1.029e+05 1 0))
s>            ( QUESTION0_1_R 1 -2.754e+04 6.287e+02 1.139e+02
s>                ( - -1.099e+04 1 0)
s>                ( - -1.593e+04 1 0))))INFO: dtree.c(1315): Comp split 1
INFO: dtree.c(1439): stop. leaf nodes are specific
INFO: dtree.c(1478): Final simple tree
|( QUESTION0_2_R 1 -1.513e+05 2.836e+03 7.415e+02
|    ( - -5.618e+04 1 0)
|    ( QUESTION0 -1 -9.231e+04 3.757e+02 4.535e+02
|        ( - -8.950e+04 1 0)
|        ( - -2.432e+03 1 0)))
s>    ( QUESTION0_2_R 1 -1.513e+05 2.836e+03 7.415e+02
s>        ( - -5.618e+04 1 0)
s>        ( QUESTION0 -1 -9.231e+04 3.757e+02 4.535e+02
s>            ( - -8.950e+04 1 0)
s>            ( - -2.432e+03 1 0)))INFO: dtree.c(1478): Final simple tree
|( QUESTION0_8_R 1 -7.123e+05 1.127e+03 3.421e+03
|    ( - -2.464e+05 11 0 QUESTION12 1 4.656e+02 1.184e+03)
|    ( SILENCE 1 -4.648e+05 8.676e+02 2.237e+03
|        ( - -3.117e+04 3 0 QUESTION4 -1 1.976e+02 1.479e+02)
|        ( QUESTION4 1 -4.328e+05 8.005e+02 2.089e+03
|            ( - -9.650e+04 11 0 QUESTION4 -1 4.022e+02 4.597e+02)
|            ( QUESTION11 -1 -3.355e+05 5.761e+02 1.629e+03
|                ( - -9.327e+04 11 0 QUESTION0_10_R 1 2.614e+02 4.528e+02)
|                ( QUESTION4 -1 -2.416e+05 5.042e+02 1.177e+03
|                    ( - -3.104e+04 6 0 QUESTION0_5_R 1 2.168e+02 1.508e+02)
|                    ( QUESTION0_5_R 1 -2.101e+05 5.079e+02 1.026e+03
|                        ( - -3.014e+04 1 0)
|                        ( QUESTION6 1 -1.794e+05 4.794e+02 8.814e+02
|                            ( - -8.920e+03 2 0 QUESTION0_1_R 1 1.833e+02 4.400e+01)
|                            ( - -1.700e+05 8 0 QUESTION16 1 4.093e+02 8.374e+02))))))))
s>    ( QUESTION0_8_R 1 -7.123e+05 1.127e+03 3.421e+03
s>        ( - -2.464e+05 11 0 QUESTION12 1 4.656e+02 1.184e+03)
s>        ( SILENCE 1 -4.648e+05 8.676e+02 2.237e+03
s>            ( - -3.117e+04 3 0 QUESTION4 -1 1.976e+02 1.479e+02)
s>            ( QUESTION4 1 -4.328e+05 8.005e+02 2.089e+03
s>                ( - -9.650e+04 11 0 QUESTION4 -1 4.022e+02 4.597e+02)
s>                ( QUESTION11 -1 -3.355e+05 5.761e+02 1.629e+03
s>                    ( - -9.327e+04 11 0 QUESTION0_10_R 1 2.614e+02 4.528e+02)
s>                    ( QUESTION4 -1 -2.416e+05 5.042e+02 1.177e+03
s>                        ( - -3.104e+04 6 0 QUESTION0_5_R 1 2.168e+02 1.508e+02)
s>                        ( QUESTION0_5_R 1 -2.101e+05 5.079e+02 1.026e+03
s>                            ( - -3.014e+04 1 0)
s>                            ( QUESTION6 1 -1.794e+05 4.794e+02 8.814e+02
s>                                ( - -8.920e+03 2 0 QUESTION0_1_R 1 1.833e+02 4.400e+01)
s>                                ( - -1.700e+05 8 0 QUESTION16 1 4.093e+02 8.374e+02))))))))INFO: dtree.c(1315): Comp split 2
INFO: dtree.c(1478): Final simple tree
|( WDBNDRY_E 0 -2.353e+05 1.489e+03 1.100e+03
|    ( QUESTION2_11_L -1 -1.309e+05 5.322e+02 6.123e+02
|        ( QUESTION0_6_R 1 -4.009e+04 2.663e+02 1.872e+02
|            ( - -8.835e+03 2 0 QUESTION0 1 8.893e+01 4.394e+01)
|            ( - -3.099e+04 8 0 QUESTION0_5_R 1 2.071e+02 1.433e+02))
|        ( SILENCE 1 -9.023e+04 3.386e+02 4.252e+02
|            ( QUESTION4 -1 -2.942e+03 4.495e+02 1.502e+01
|                ( - -2.690e+03 1 0)
|                ( - 1.975e+02 1 0))
|            ( QUESTION0_5_R 1 -8.695e+04 2.808e+02 4.101e+02
|                ( - -5.678e+03 2 0 QUESTION13 1 1.865e+02 2.900e+01)
|                ( QUESTION0_11_R 1 -8.100e+04 2.473e+02 3.811e+02
|                    ( - -6.513e+03 1 0)
|                    ( - -7.424e+04 15 0 QUESTION0_6_R 1 2.588e+02 3.522e+02)))))
|    ( - -1.029e+05 1 0))
s>    ( WDBNDRY_E 0 -2.353e+05 1.489e+03 1.100e+03
s>        ( QUESTION2_11_L -1 -1.309e+05 5.322e+02 6.123e+02
s>            ( QUESTION0_6_R 1 -4.009e+04 2.663e+02 1.872e+02
s>                ( - -8.835e+03 2 0 QUESTION0 1 8.893e+01 4.394e+01)
s>                ( - -3.099e+04 8 0 QUESTION0_5_R 1 2.071e+02 1.433e+02))
s>            ( SILENCE 1 -9.023e+04 3.386e+02 4.252e+02
s>                ( QUESTION4 -1 -2.942e+03 4.495e+02 1.502e+01
s>                    ( - -2.690e+03 1 0)
s>                    ( - 1.975e+02 1 0))
s>                ( QUESTION0_5_R 1 -8.695e+04 2.808e+02 4.101e+02
s>                    ( - -5.678e+03 2 0 QUESTION13 1 1.865e+02 2.900e+01)
s>                    ( QUESTION0_11_R 1 -8.100e+04 2.473e+02 3.811e+02
s>                        ( - -6.513e+03 1 0)
s>                        ( - -7.424e+04 15 0 QUESTION0_6_R 1 2.588e+02 3.522e+02)))))
s>        ( - -1.029e+05 1 0))INFO: dtree.c(1439): stop. leaf nodes are specific
INFO: dtree.c(1478): Final simple tree
|( QUESTION0_1_R 1 -5.473e+04 1.165e+03 2.359e+02
|    ( QUESTION11 -1 -3.764e+04 3.914e+02 1.738e+02
|        ( - -1.099e+04 1 0)
|        ( - -2.626e+04 1 0))
|    ( - -1.593e+04 1 0))
s>    ( QUESTION0_1_R 1 -5.473e+04 1.165e+03 2.359e+02
s>        ( QUESTION11 -1 -3.764e+04 3.914e+02 1.738e+02
s>            ( - -1.099e+04 1 0)
s>            ( - -2.626e+04 1 0))
s>        ( - -1.593e+04 1 0))INFO: dtree.c(1315): Comp split 3
INFO: dtree.c(1439): stop. leaf nodes are specific
INFO: dtree.c(1478): Final simple tree
|( QUESTION0 -1 -9.231e+04 3.757e+02 4.535e+02
|    ( - -8.950e+04 1 0)
|    ( - -2.432e+03 1 0))
s>    ( QUESTION0 -1 -9.231e+04 3.757e+02 4.535e+02
s>        ( - -8.950e+04 1 0)
s>        ( - -2.432e+03 1 0))INFO: dtree.c(1315): Comp split 4
INFO: dtree.c(1478): Final simple tree
|( SILENCE 1 -3.675e+05 8.468e+02 1.777e+03
|    ( - -3.117e+04 3 0 QUESTION4 -1 1.976e+02 1.479e+02)
|    ( QUESTION11 -1 -3.355e+05 5.761e+02 1.629e+03
|        ( - -9.327e+04 11 0 QUESTION0_10_R 1 2.614e+02 4.528e+02)
|        ( QUESTION4 -1 -2.416e+05 5.042e+02 1.177e+03
|            ( - -3.104e+04 6 0 QUESTION0_5_R 1 2.168e+02 1.508e+02)
|            ( QUESTION0_5_R 1 -2.101e+05 5.079e+02 1.026e+03
|                ( - -3.014e+04 1 0)
|                ( QUESTION6 1 -1.794e+05 4.794e+02 8.814e+02
|                    ( - -8.920e+03 2 0 QUESTION0_1_R 1 1.833e+02 4.400e+01)
|                    ( QUESTION16 1 -1.700e+05 4.093e+02 8.374e+02
|                        ( - -4.819e+03 1 0)
|                        ( QUESTION0_6_R 1 -1.648e+05 3.601e+02 8.144e+02
|                            ( - -2.986e+04 4 0 QUESTION11 1 1.736e+02 1.490e+02)
|                            ( - -1.346e+05 3 0 QUESTION0_3_R 1 2.540e+02 6.654e+02))))))))
s>    ( SILENCE 1 -3.675e+05 8.468e+02 1.777e+03
s>        ( - -3.117e+04 3 0 QUESTION4 -1 1.976e+02 1.479e+02)
s>        ( QUESTION11 -1 -3.355e+05 5.761e+02 1.629e+03
s>            ( - -9.327e+04 11 0 QUESTION0_10_R 1 2.614e+02 4.528e+02)
s>            ( QUESTION4 -1 -2.416e+05 5.042e+02 1.177e+03
s>                ( - -3.104e+04 6 0 QUESTION0_5_R 1 2.168e+02 1.508e+02)
s>                ( QUESTION0_5_R 1 -2.101e+05 5.079e+02 1.026e+03
s>                    ( - -3.014e+04 1 0)
s>                    ( QUESTION6 1 -1.794e+05 4.794e+02 8.814e+02
s>                        ( - -8.920e+03 2 0 QUESTION0_1_R 1 1.833e+02 4.400e+01)
s>                        ( QUESTION16 1 -1.700e+05 4.093e+02 8.374e+02
s>                            ( - -4.819e+03 1 0)
s>                            ( QUESTION0_6_R 1 -1.648e+05 3.601e+02 8.144e+02
s>                                ( - -2.986e+04 4 0 QUESTION11 1 1.736e+02 1.490e+02)
s>                                ( - -1.346e+05 3 0 QUESTION0_3_R 1 2.540e+02 6.654e+02))))))))INFO: dtree.c(1478): Final simple tree
|( QUESTION4 -1 -3.433e+05 5.245e+02 1.644e+03
|    ( QUESTION0_12_R 1 -1.240e+05 3.819e+02 5.981e+02
|        ( - -2.093e+04 1 0)
|        ( QUESTION4 1 -1.027e+05 3.215e+02 4.960e+02
|            ( QUESTION0_8_R 1 -5.177e+04 3.106e+02 2.523e+02
|                ( - -4.439e+04 2 0)
|                ( - -7.073e+03 2 0 QUESTION0_1_R 1 2.490e+02 3.601e+01))
|            ( - -5.064e+04 2 0)))
|    ( QUESTION12 1 -2.187e+05 3.750e+02 1.046e+03
|        ( - -3.980e+04 1 0)
|        ( QUESTION0_9_R 1 -1.785e+05 3.612e+02 8.549e+02
|            ( - -4.679e+04 5 0 QUESTION11 -1 2.488e+02 2.204e+02)
|            ( QUESTION0_1_R 1 -1.314e+05 3.769e+02 6.345e+02
|                ( - -6.839e+03 1 0)
|                ( - -1.242e+05 8 0 QUESTION11 -1 2.072e+02 6.005e+02)))))
s>    ( QUESTION4 -1 -3.433e+05 5.245e+02 1.644e+03
s>        ( QUESTION0_12_R 1 -1.240e+05 3.819e+02 5.981e+02
s>            ( - -2.093e+04 1 0)
s>            ( QUESTION4 1 -1.027e+05 3.215e+02 4.960e+02
s>                ( QUESTION0_8_R 1 -5.177e+04 3.106e+02 2.523e+02
s>                    ( - -4.439e+04 2 0)
s>                    ( - -7.073e+03 2 0 QUESTION0_1_R 1 2.490e+02 3.601e+01))
s>                ( - -5.064e+04 2 0)))
s>        ( QUESTION12 1 -2.187e+05 3.750e+02 1.046e+03
s>            ( - -3.980e+04 1 0)
s>            ( QUESTION0_9_R 1 -1.785e+05 3.612e+02 8.549e+02
s>                ( - -4.679e+04 5 0 QUESTION11 -1 2.488e+02 2.204e+02)
s>                ( QUESTION0_1_R 1 -1.314e+05 3.769e+02 6.345e+02
s>                    ( - -6.839e+03 1 0)
s>                    ( - -1.242e+05 8 0 QUESTION11 -1 2.072e+02 6.005e+02)))))INFO: dtree.c(1315): Comp split 5
INFO: dtree.c(1478): Final simple tree
|( QUESTION2_11_L -1 -1.309e+05 5.322e+02 6.123e+02
|    ( QUESTION0_6_R 1 -4.009e+04 2.663e+02 1.872e+02
|        ( - -8.835e+03 2 0 QUESTION0 1 8.893e+01 4.394e+01)
|        ( - -3.099e+04 8 0 QUESTION0_5_R 1 2.071e+02 1.433e+02))
|    ( SILENCE 1 -9.023e+04 3.386e+02 4.252e+02
|        ( QUESTION4 -1 -2.942e+03 4.495e+02 1.502e+01
|            ( - -2.690e+03 1 0)
|            ( - 1.975e+02 1 0))
|        ( QUESTION0_5_R 1 -8.695e+04 2.808e+02 4.101e+02
|            ( - -5.678e+03 2 0 QUESTION13 1 1.865e+02 2.900e+01)
|            ( QUESTION0_11_R 1 -8.100e+04 2.473e+02 3.811e+02
|                ( - -6.513e+03 1 0)
|                ( QUESTION0_6_R 1 -7.424e+04 2.588e+02 3.522e+02
|                    ( - -2.261e+04 4 0 QUESTION4 -1 1.994e+02 1.095e+02)
|                    ( - -5.137e+04 11 0 QUESTION11 1 2.386e+02 2.427e+02))))))
s>    ( QUESTION2_11_L -1 -1.309e+05 5.322e+02 6.123e+02
s>        ( QUESTION0_6_R 1 -4.009e+04 2.663e+02 1.872e+02
s>            ( - -8.835e+03 2 0 QUESTION0 1 8.893e+01 4.394e+01)
s>            ( - -3.099e+04 8 0 QUESTION0_5_R 1 2.071e+02 1.433e+02))
s>        ( SILENCE 1 -9.023e+04 3.386e+02 4.252e+02
s>            ( QUESTION4 -1 -2.942e+03 4.495e+02 1.502e+01
s>                ( - -2.690e+03 1 0)
s>                ( - 1.975e+02 1 0))
s>            ( QUESTION0_5_R 1 -8.695e+04 2.808e+02 4.101e+02
s>                ( - -5.678e+03 2 0 QUESTION13 1 1.865e+02 2.900e+01)
s>                ( QUESTION0_11_R 1 -8.100e+04 2.473e+02 3.811e+02
s>                    ( - -6.513e+03 1 0)
s>                    ( QUESTION0_6_R 1 -7.424e+04 2.588e+02 3.522e+02
s>                        ( - -2.261e+04 4 0 QUESTION4 -1 1.994e+02 1.095e+02)
s>                        ( - -5.137e+04 11 0 QUESTION11 1 2.386e+02 2.427e+02))))))INFO: dtree.c(1315): Comp split 6
INFO: dtree.c(1439): stop. leaf nodes are specific
INFO: dtree.c(1478): Final simple tree
|( QUESTION11 -1 -3.764e+04 3.914e+02 1.738e+02
|    ( - -1.099e+04 1 0)
|    ( - -2.626e+04 1 0))
s>    ( QUESTION11 -1 -3.764e+04 3.914e+02 1.738e+02
s>        ( - -1.099e+04 1 0)
s>        ( - -2.626e+04 1 0))INFO: dtree.c(1315): Comp split 7
INFO: dtree.c(1478): Final simple tree
|( QUESTION11 -1 -2.902e+05 5.980e+02 1.418e+03
|    ( QUESTION0_10_R 1 -9.327e+04 2.614e+02 4.528e+02
|        ( - -2.133e+04 1 0)
|        ( QUESTION0_4_R 1 -7.168e+04 2.550e+02 3.454e+02
|            ( - -2.361e+04 2 0 QUESTION0_5_R 1 9.665e+01 1.141e+02)
|            ( QUESTION0_13_R 1 -4.782e+04 2.367e+02 2.314e+02
|                ( - -1.211e+03 1 0)
|                ( - -4.637e+04 7 0 QUESTION11 1 1.845e+02 2.244e+02))))
|    ( QUESTION4 -1 -1.963e+05 4.740e+02 9.652e+02
|        ( - -3.104e+04 6 0 QUESTION0_5_R 1 2.168e+02 1.508e+02)
|        ( QUESTION0_6_R 1 -1.648e+05 3.601e+02 8.144e+02
|            ( - -2.986e+04 4 0 QUESTION11 1 1.736e+02 1.490e+02)
|            ( QUESTION0_3_R 1 -1.346e+05 2.540e+02 6.654e+02
|                ( - -3.000e+04 1 0)
|                ( - -1.043e+05 2 0 QUESTION0_1_R 1 2.202e+02 5.176e+02)))))
s>    ( QUESTION11 -1 -2.902e+05 5.980e+02 1.418e+03
s>        ( QUESTION0_10_R 1 -9.327e+04 2.614e+02 4.528e+02
s>            ( - -2.133e+04 1 0)
s>            ( QUESTION0_4_R 1 -7.168e+04 2.550e+02 3.454e+02
s>                ( - -2.361e+04 2 0 QUESTION0_5_R 1 9.665e+01 1.141e+02)
s>                ( QUESTION0_13_R 1 -4.782e+04 2.367e+02 2.314e+02
s>                    ( - -1.211e+03 1 0)
s>                    ( - -4.637e+04 7 0 QUESTION11 1 1.845e+02 2.244e+02))))
s>        ( QUESTION4 -1 -1.963e+05 4.740e+02 9.652e+02
s>            ( - -3.104e+04 6 0 QUESTION0_5_R 1 2.168e+02 1.508e+02)
s>            ( QUESTION0_6_R 1 -1.648e+05 3.601e+02 8.144e+02
s>                ( - -2.986e+04 4 0 QUESTION11 1 1.736e+02 1.490e+02)
s>                ( QUESTION0_3_R 1 -1.346e+05 2.540e+02 6.654e+02
s>                    ( - -3.000e+04 1 0)
s>                    ( - -1.043e+05 2 0 QUESTION0_1_R 1 2.202e+02 5.176e+02)))))INFO: dtree.c(1439): stop. leaf nodes are specific
INFO: dtree.c(1478): Final simple tree
|( SILENCE 1 -7.619e+04 6.082e+02 3.593e+02
|    ( QUESTION4 -1 -3.117e+04 1.976e+02 1.479e+02
|        ( - -6.608e+03 1 0)
|        ( QUESTION11 -1 -2.436e+04 1.466e+02 1.150e+02
|            ( - -4.872e+03 1 0)
|            ( - -1.935e+04 1 0)))
|    ( QUESTION0_1_R 1 -4.441e+04 2.973e+02 2.114e+02
|        ( QUESTION13 1 -3.727e+04 2.639e+02 1.774e+02
|            ( - -4.819e+03 1 0)
|            ( QUESTION0_4_R 1 -3.219e+04 1.589e+02 1.544e+02
|                ( - -3.014e+04 1 0)
|                ( - -1.896e+03 1 0)))
|        ( - -6.841e+03 1 0)))
s>    ( SILENCE 1 -7.619e+04 6.082e+02 3.593e+02
s>        ( QUESTION4 -1 -3.117e+04 1.976e+02 1.479e+02
s>            ( - -6.608e+03 1 0)
s>            ( QUESTION11 -1 -2.436e+04 1.466e+02 1.150e+02
s>                ( - -4.872e+03 1 0)
s>                ( - -1.935e+04 1 0)))
s>        ( QUESTION0_1_R 1 -4.441e+04 2.973e+02 2.114e+02
s>            ( QUESTION13 1 -3.727e+04 2.639e+02 1.774e+02
s>                ( - -4.819e+03 1 0)
s>                ( QUESTION0_4_R 1 -3.219e+04 1.589e+02 1.544e+02
s>                    ( - -3.014e+04 1 0)
s>                    ( - -1.896e+03 1 0)))
s>            ( - -6.841e+03 1 0)))INFO: dtree.c(1315): Comp split 8
INFO: dtree.c(1478): Final simple tree
|( QUESTION0_5_R 1 -8.020e+04 2.826e+02 3.812e+02
|    ( QUESTION13 1 -5.678e+03 1.865e+02 2.900e+01
|        ( - -2.756e+03 1 0)
|        ( - -2.735e+03 1 0))
|    ( QUESTION0_6_R 1 -7.424e+04 2.588e+02 3.522e+02
|        ( QUESTION4 -1 -2.261e+04 1.994e+02 1.095e+02
|            ( - -1.150e+04 2 0)
|            ( - -1.090e+04 2 0 QUESTION0 1 1.378e+02 5.392e+01))
|        ( QUESTION11 1 -5.137e+04 2.386e+02 2.427e+02
|            ( QUESTION4 -1 -8.637e+03 1.756e+02 4.110e+01
|                ( - -6.542e+03 1 0)
|                ( - -1.920e+03 1 0))
|            ( QUESTION4 -1 -4.249e+04 1.694e+02 2.016e+02
|                ( - -2.274e+04 5 0 QUESTION0_8_R 1 2.229e+02 1.096e+02)
|                ( - -1.959e+04 4 0 QUESTION0_1_R 1 1.738e+02 9.202e+01)))))
s>    ( QUESTION0_5_R 1 -8.020e+04 2.826e+02 3.812e+02
s>        ( QUESTION13 1 -5.678e+03 1.865e+02 2.900e+01
s>            ( - -2.756e+03 1 0)
s>            ( - -2.735e+03 1 0))
s>        ( QUESTION0_6_R 1 -7.424e+04 2.588e+02 3.522e+02
s>            ( QUESTION4 -1 -2.261e+04 1.994e+02 1.095e+02
s>                ( - -1.150e+04 2 0)
s>                ( - -1.090e+04 2 0 QUESTION0 1 1.378e+02 5.392e+01))
s>            ( QUESTION11 1 -5.137e+04 2.386e+02 2.427e+02
s>                ( QUESTION4 -1 -8.637e+03 1.756e+02 4.110e+01
s>                    ( - -6.542e+03 1 0)
s>                    ( - -1.920e+03 1 0))
s>                ( QUESTION4 -1 -4.249e+04 1.694e+02 2.016e+02
s>                    ( - -2.274e+04 5 0 QUESTION0_8_R 1 2.229e+02 1.096e+02)
s>                    ( - -1.959e+04 4 0 QUESTION0_1_R 1 1.738e+02 9.202e+01)))))INFO: dtree.c(1478): Final simple tree
|( QUESTION2_10_L -1 -5.003e+04 3.040e+02 2.311e+02
|    ( QUESTION0_6_R 1 -4.703e+04 2.937e+02 2.171e+02
|        ( - -8.835e+03 2 0 QUESTION0 1 8.893e+01 4.394e+01)
|        ( QUESTION0_5_R 1 -3.791e+04 2.146e+02 1.732e+02
|            ( - -1.826e+03 1 0)
|            ( QUESTION0_2_R 1 -3.586e+04 2.158e+02 1.632e+02
|                ( - -2.677e+03 1 0)
|                ( QUESTION11 1 -3.297e+04 2.212e+02 1.499e+02
|                    ( - -4.963e+03 1 0)
|                    ( QUESTION6 1 -2.779e+04 1.777e+02 1.255e+02
|                        ( - -1.881e+03 1 0)
|                        ( QUESTION0_1_R 1 -2.573e+04 1.413e+02 1.165e+02
|                            ( - -5.042e+03 1 0)
|                            ( - -2.055e+04 5 0 QUESTION0_11_R 1 1.434e+02 9.422e+01)))))))
|    ( - -2.690e+03 1 0))
s>    ( QUESTION2_10_L -1 -5.003e+04 3.040e+02 2.311e+02
s>        ( QUESTION0_6_R 1 -4.703e+04 2.937e+02 2.171e+02
s>            ( - -8.835e+03 2 0 QUESTION0 1 8.893e+01 4.394e+01)
s>            ( QUESTION0_5_R 1 -3.791e+04 2.146e+02 1.732e+02
s>                ( - -1.826e+03 1 0)
s>                ( QUESTION0_2_R 1 -3.586e+04 2.158e+02 1.632e+02
s>                    ( - -2.677e+03 1 0)
s>                    ( QUESTION11 1 -3.297e+04 2.212e+02 1.499e+02
s>                        ( - -4.963e+03 1 0)
s>                        ( QUESTION6 1 -2.779e+04 1.777e+02 1.255e+02
s>                            ( - -1.881e+03 1 0)
s>                            ( QUESTION0_1_R 1 -2.573e+04 1.413e+02 1.165e+02
s>                                ( - -5.042e+03 1 0)
s>                                ( - -2.055e+04 5 0 QUESTION0_11_R 1 1.434e+02 9.422e+01)))))))
s>        ( - -2.690e+03 1 0))INFO: dtree.c(1315): Comp split 9
INFO: dtree.c(1478): Final simple tree
|( QUESTION4 -1 -2.273e+05 4.258e+02 1.096e+03
|    ( QUESTION4 1 -1.027e+05 3.215e+02 4.960e+02
|        ( QUESTION0_8_R 1 -5.177e+04 3.106e+02 2.523e+02
|            ( - -4.439e+04 2 0)
|            ( QUESTION0_1_R 1 -7.073e+03 2.490e+02 3.601e+01
|                ( - -3.930e+03 1 0)
|                ( - -2.894e+03 1 0)))
|        ( - -5.064e+04 2 0))
|    ( QUESTION11 -1 -1.242e+05 2.072e+02 6.005e+02
|        ( QUESTION0_0_R 1 -5.666e+04 2.162e+02 2.781e+02
|            ( QUESTION4 1 -5.005e+04 2.094e+02 2.469e+02
|                ( - -4.686e+04 2 0)
|                ( - -2.979e+03 1 0))
|            ( - -6.395e+03 1 0))
|        ( - -6.731e+04 4 0 QUESTION4 1 1.845e+02 3.224e+02)))
s>    ( QUESTION4 -1 -2.273e+05 4.258e+02 1.096e+03
s>        ( QUESTION4 1 -1.027e+05 3.215e+02 4.960e+02
s>            ( QUESTION0_8_R 1 -5.177e+04 3.106e+02 2.523e+02
s>                ( - -4.439e+04 2 0)
s>                ( QUESTION0_1_R 1 -7.073e+03 2.490e+02 3.601e+01
s>                    ( - -3.930e+03 1 0)
s>                    ( - -2.894e+03 1 0)))
s>            ( - -5.064e+04 2 0))
s>        ( QUESTION11 -1 -1.242e+05 2.072e+02 6.005e+02
s>            ( QUESTION0_0_R 1 -5.666e+04 2.162e+02 2.781e+02
s>                ( QUESTION4 1 -5.005e+04 2.094e+02 2.469e+02
s>                    ( - -4.686e+04 2 0)
s>                    ( - -2.979e+03 1 0))
s>                ( - -6.395e+03 1 0))
s>            ( - -6.731e+04 4 0 QUESTION4 1 1.845e+02 3.224e+02)))INFO: dtree.c(1478): Final simple tree
|( QUESTION4 -1 -1.153e+05 3.705e+02 5.472e+02
|    ( - -2.093e+04 1 0)
|    ( QUESTION0_8_R 1 -9.404e+04 3.554e+02 4.451e+02
|        ( - -3.980e+04 1 0)
|        ( QUESTION11 -1 -5.388e+04 2.864e+02 2.544e+02
|            ( QUESTION0_15_R 1 -2.363e+04 2.389e+02 1.120e+02
|                ( - -3.036e+03 1 0)
|                ( QUESTION0_12_R 1 -2.036e+04 1.637e+02 9.740e+01
|                    ( - -1.632e+04 1 0)
|                    ( - -3.875e+03 1 0)))
|            ( QUESTION0_1_R 1 -2.997e+04 2.217e+02 1.424e+02
|                ( - -6.839e+03 1 0)
|                ( QUESTION0_12_R 1 -2.290e+04 1.503e+02 1.084e+02
|                    ( - -9.927e+03 1 0)
|                    ( - -1.283e+04 1 0))))))
s>    ( QUESTION4 -1 -1.153e+05 3.705e+02 5.472e+02
s>        ( - -2.093e+04 1 0)
s>        ( QUESTION0_8_R 1 -9.404e+04 3.554e+02 4.451e+02
s>            ( - -3.980e+04 1 0)
s>            ( QUESTION11 -1 -5.388e+04 2.864e+02 2.544e+02
s>                ( QUESTION0_15_R 1 -2.363e+04 2.389e+02 1.120e+02
s>                    ( - -3.036e+03 1 0)
s>                    ( QUESTION0_12_R 1 -2.036e+04 1.637e+02 9.740e+01
s>                        ( - -1.632e+04 1 0)
s>                        ( - -3.875e+03 1 0)))
s>                ( QUESTION0_1_R 1 -2.997e+04 2.217e+02 1.424e+02
s>                    ( - -6.839e+03 1 0)
s>                    ( QUESTION0_12_R 1 -2.290e+04 1.503e+02 1.084e+02
s>                        ( - -9.927e+03 1 0)
s>                        ( - -1.283e+04 1 0))))))INFO: dtree.c(1315): Comp split 10
INFO: dtree.c(1478): Final simple tree
|( QUESTION0_10_R 1 -1.235e+05 2.573e+02 6.005e+02
|    ( - -2.133e+04 1 0)
|    ( QUESTION11 -1 -1.019e+05 2.377e+02 4.932e+02
|        ( QUESTION0_4_R 1 -7.168e+04 2.550e+02 3.454e+02
|            ( - -2.361e+04 2 0 QUESTION0_5_R 1 9.665e+01 1.141e+02)
|            ( QUESTION0_13_R 1 -4.782e+04 2.367e+02 2.314e+02
|                ( - -1.211e+03 1 0)
|                ( QUESTION11 1 -4.637e+04 1.845e+02 2.244e+02
|                    ( - -1.175e+03 1 0)
|                    ( QUESTION0_1_R 1 -4.501e+04 1.596e+02 2.184e+02
|                        ( QUESTION0 1 -4.118e+04 1.427e+02 2.014e+02
|                            ( - -2.448e+04 3 0 QUESTION0_2_R 1 1.063e+02 1.195e+02)
|                            ( - -1.656e+04 2 0 QUESTION6 1 1.063e+02 8.194e+01))
|                        ( - -3.669e+03 1 0)))))
|        ( - -3.000e+04 1 0)))
s>    ( QUESTION0_10_R 1 -1.235e+05 2.573e+02 6.005e+02
s>        ( - -2.133e+04 1 0)
s>        ( QUESTION11 -1 -1.019e+05 2.377e+02 4.932e+02
s>            ( QUESTION0_4_R 1 -7.168e+04 2.550e+02 3.454e+02
s>                ( - -2.361e+04 2 0 QUESTION0_5_R 1 9.665e+01 1.141e+02)
s>                ( QUESTION0_13_R 1 -4.782e+04 2.367e+02 2.314e+02
s>                    ( - -1.211e+03 1 0)
s>                    ( QUESTION11 1 -4.637e+04 1.845e+02 2.244e+02
s>                        ( - -1.175e+03 1 0)
s>                        ( QUESTION0_1_R 1 -4.501e+04 1.596e+02 2.184e+02
s>                            ( QUESTION0 1 -4.118e+04 1.427e+02 2.014e+02
s>                                ( - -2.448e+04 3 0 QUESTION0_2_R 1 1.063e+02 1.195e+02)
s>                                ( - -1.656e+04 2 0 QUESTION6 1 1.063e+02 8.194e+01))
s>                            ( - -3.669e+03 1 0)))))
s>            ( - -3.000e+04 1 0)))INFO: dtree.c(1478): Final simple tree
|( QUESTION4 -1 -1.661e+05 4.705e+02 8.174e+02
|    ( QUESTION0_5_R 1 -3.104e+04 2.168e+02 1.508e+02
|        ( - -1.595e+04 1 0)
|        ( QUESTION0_10_R 1 -1.487e+04 1.827e+02 7.297e+01
|            ( - -5.440e+03 1 0)
|            ( QUESTION0_4_R 1 -9.247e+03 1.904e+02 4.500e+01
|                ( - -2.601e+03 1 0)
|                ( - -6.455e+03 3 0 QUESTION0_1_R 1 1.282e+02 3.300e+01))))
|    ( QUESTION0_3_R 1 -1.346e+05 3.737e+02 6.666e+02
|        ( QUESTION11 1 -2.986e+04 1.736e+02 1.490e+02
|            ( - -6.506e+03 1 0)
|            ( - -2.318e+04 3 0 QUESTION0 1 1.269e+02 1.156e+02))
|        ( QUESTION0_1_R 1 -1.043e+05 2.202e+02 5.176e+02
|            ( - -6.086e+04 1 0)
|            ( - -4.325e+04 1 0))))
s>    ( QUESTION4 -1 -1.661e+05 4.705e+02 8.174e+02
s>        ( QUESTION0_5_R 1 -3.104e+04 2.168e+02 1.508e+02
s>            ( - -1.595e+04 1 0)
s>            ( QUESTION0_10_R 1 -1.487e+04 1.827e+02 7.297e+01
s>                ( - -5.440e+03 1 0)
s>                ( QUESTION0_4_R 1 -9.247e+03 1.904e+02 4.500e+01
s>                    ( - -2.601e+03 1 0)
s>                    ( - -6.455e+03 3 0 QUESTION0_1_R 1 1.282e+02 3.300e+01))))
s>        ( QUESTION0_3_R 1 -1.346e+05 3.737e+02 6.666e+02
s>            ( QUESTION11 1 -2.986e+04 1.736e+02 1.490e+02
s>                ( - -6.506e+03 1 0)
s>                ( - -2.318e+04 3 0 QUESTION0 1 1.269e+02 1.156e+02))
s>            ( QUESTION0_1_R 1 -1.043e+05 2.202e+02 5.176e+02
s>                ( - -6.086e+04 1 0)
s>                ( - -4.325e+04 1 0))))INFO: dtree.c(1315): Comp split 11
INFO: dtree.c(1439): stop. leaf nodes are specific
INFO: dtree.c(1478): Final simple tree
|( QUESTION0_1_R 1 -4.441e+04 2.973e+02 2.114e+02
|    ( QUESTION13 1 -3.727e+04 2.639e+02 1.774e+02
|        ( - -4.819e+03 1 0)
|        ( QUESTION0_4_R 1 -3.219e+04 1.589e+02 1.544e+02
|            ( - -3.014e+04 1 0)
|            ( - -1.896e+03 1 0)))
|    ( - -6.841e+03 1 0))
s>    ( QUESTION0_1_R 1 -4.441e+04 2.973e+02 2.114e+02
s>        ( QUESTION13 1 -3.727e+04 2.639e+02 1.774e+02
s>            ( - -4.819e+03 1 0)
s>            ( QUESTION0_4_R 1 -3.219e+04 1.589e+02 1.544e+02
s>                ( - -3.014e+04 1 0)
s>                ( - -1.896e+03 1 0)))
s>        ( - -6.841e+03 1 0))INFO: dtree.c(1439): stop. leaf nodes are specific
INFO: dtree.c(1478): Final simple tree
|( QUESTION4 -1 -3.117e+04 1.976e+02 1.479e+02
|    ( - -6.608e+03 1 0)
|    ( QUESTION11 -1 -2.436e+04 1.466e+02 1.150e+02
|        ( - -4.872e+03 1 0)
|        ( - -1.935e+04 1 0)))
s>    ( QUESTION4 -1 -3.117e+04 1.976e+02 1.479e+02
s>        ( - -6.608e+03 1 0)
s>        ( QUESTION11 -1 -2.436e+04 1.466e+02 1.150e+02
s>            ( - -4.872e+03 1 0)
s>            ( - -1.935e+04 1 0)))INFO: dtree.c(1315): Comp split 12
INFO: dtree.c(1439): stop. leaf nodes are specific
INFO: dtree.c(1478): Final simple tree
|( QUESTION0_3_R 1 -1.412e+05 3.953e+02 6.996e+02
|    ( QUESTION0 1 -3.480e+04 1.676e+02 1.740e+02
|        ( QUESTION4 -1 -2.593e+04 1.508e+02 1.295e+02
|            ( - -4.787e+03 2 0)
|            ( - -2.099e+04 2 0))
|        ( QUESTION11 1 -8.698e+03 1.289e+02 4.454e+01
|            ( - -6.506e+03 1 0)
|            ( - -2.064e+03 1 0)))
|    ( QUESTION0_10_R 1 -1.060e+05 2.281e+02 5.256e+02
|        ( - -4.325e+04 1 0)
|        ( QUESTION0_1_R 1 -6.255e+04 1.422e+02 3.082e+02
|            ( - -6.086e+04 1 0)
|            ( - -1.539e+03 1 0))))
s>    ( QUESTION0_3_R 1 -1.412e+05 3.953e+02 6.996e+02
s>        ( QUESTION0 1 -3.480e+04 1.676e+02 1.740e+02
s>            ( QUESTION4 -1 -2.593e+04 1.508e+02 1.295e+02
s>                ( - -4.787e+03 2 0)
s>                ( - -2.099e+04 2 0))
s>            ( QUESTION11 1 -8.698e+03 1.289e+02 4.454e+01
s>                ( - -6.506e+03 1 0)
s>                ( - -2.064e+03 1 0)))
s>        ( QUESTION0_10_R 1 -1.060e+05 2.281e+02 5.256e+02
s>            ( - -4.325e+04 1 0)
s>            ( QUESTION0_1_R 1 -6.255e+04 1.422e+02 3.082e+02
s>                ( - -6.086e+04 1 0)
s>                ( - -1.539e+03 1 0))))INFO: dtree.c(1439): stop. leaf nodes are specific
INFO: dtree.c(1478): Final simple tree
|( QUESTION0_5_R 1 -2.434e+04 1.946e+02 1.178e+02
|    ( - -1.595e+04 1 0)
|    ( QUESTION0_1_R 1 -8.196e+03 1.540e+02 3.997e+01
|        ( - -2.601e+03 1 0)
|        ( - -5.440e+03 1 0)))
s>    ( QUESTION0_5_R 1 -2.434e+04 1.946e+02 1.178e+02
s>        ( - -1.595e+04 1 0)
s>        ( QUESTION0_1_R 1 -8.196e+03 1.540e+02 3.997e+01
s>            ( - -2.601e+03 1 0)
s>            ( - -5.440e+03 1 0)))INFO: dtree.c(1315): Comp split 13
INFO: dtree.c(1439): stop. leaf nodes are specific
INFO: dtree.c(1478): Final simple tree
|( QUESTION0_0_R 1 -5.101e+04 2.272e+02 2.476e+02
|    ( - -4.439e+04 2 0)
|    ( - -6.395e+03 1 0))
s>    ( QUESTION0_0_R 1 -5.101e+04 2.272e+02 2.476e+02
s>        ( - -4.439e+04 2 0)
s>        ( - -6.395e+03 1 0))INFO: dtree.c(1478): Final simple tree
|( QUESTION4 -1 -1.759e+05 3.803e+02 8.489e+02
|    ( QUESTION0_9_R 1 -5.792e+04 2.652e+02 2.796e+02
|        ( - -2.894e+03 1 0)
|        ( QUESTION0_1_R 1 -5.476e+04 1.957e+02 2.636e+02
|            ( - -3.930e+03 1 0)
|            ( - -5.064e+04 2 0)))
|    ( QUESTION11 -1 -1.176e+05 2.075e+02 5.693e+02
|        ( QUESTION4 1 -5.005e+04 2.094e+02 2.469e+02
|            ( - -4.686e+04 2 0)
|            ( - -2.979e+03 1 0))
|        ( QUESTION4 1 -6.731e+04 1.845e+02 3.224e+02
|            ( QUESTION0_0_R 1 -6.095e+04 1.613e+02 2.933e+02
|                ( - -5.372e+04 2 0)
|                ( - -7.078e+03 1 0))
|            ( - -6.169e+03 1 0))))
s>    ( QUESTION4 -1 -1.759e+05 3.803e+02 8.489e+02
s>        ( QUESTION0_9_R 1 -5.792e+04 2.652e+02 2.796e+02
s>            ( - -2.894e+03 1 0)
s>            ( QUESTION0_1_R 1 -5.476e+04 1.957e+02 2.636e+02
s>                ( - -3.930e+03 1 0)
s>                ( - -5.064e+04 2 0)))
s>        ( QUESTION11 -1 -1.176e+05 2.075e+02 5.693e+02
s>            ( QUESTION4 1 -5.005e+04 2.094e+02 2.469e+02
s>                ( - -4.686e+04 2 0)
s>                ( - -2.979e+03 1 0))
s>            ( QUESTION4 1 -6.731e+04 1.845e+02 3.224e+02
s>                ( QUESTION0_0_R 1 -6.095e+04 1.613e+02 2.933e+02
s>                    ( - -5.372e+04 2 0)
s>                    ( - -7.078e+03 1 0))
s>                ( - -6.169e+03 1 0))))INFO: dtree.c(1315): Comp split 14
INFO: dtree.c(1439): stop. leaf nodes are specific
INFO: dtree.c(1478): Final simple tree
|( QUESTION0_1_R 1 -3.729e+04 2.201e+02 1.750e+02
|    ( - -6.839e+03 1 0)
|    ( QUESTION11 -1 -3.023e+04 2.017e+02 1.410e+02
|        ( QUESTION0_12_R 1 -7.125e+03 2.145e+02 3.261e+01
|            ( - -3.036e+03 1 0)
|            ( - -3.875e+03 1 0))
|        ( QUESTION0_12_R 1 -2.290e+04 1.503e+02 1.084e+02
|            ( - -9.927e+03 1 0)
|            ( - -1.283e+04 1 0))))
s>    ( QUESTION0_1_R 1 -3.729e+04 2.201e+02 1.750e+02
s>        ( - -6.839e+03 1 0)
s>        ( QUESTION11 -1 -3.023e+04 2.017e+02 1.410e+02
s>            ( QUESTION0_12_R 1 -7.125e+03 2.145e+02 3.261e+01
s>                ( - -3.036e+03 1 0)
s>                ( - -3.875e+03 1 0))
s>            ( QUESTION0_12_R 1 -2.290e+04 1.503e+02 1.084e+02
s>                ( - -9.927e+03 1 0)
s>                ( - -1.283e+04 1 0))))INFO: dtree.c(1439): stop. leaf nodes are specific
INFO: dtree.c(1478): Final simple tree
|( QUESTION0_8_R 1 -7.760e+04 3.576e+02 3.722e+02
|    ( - -3.980e+04 1 0)
|    ( QUESTION4 -1 -3.745e+04 1.960e+02 1.815e+02
|        ( - -2.093e+04 1 0)
|        ( - -1.632e+04 1 0)))
s>    ( QUESTION0_8_R 1 -7.760e+04 3.576e+02 3.722e+02
s>        ( - -3.980e+04 1 0)
s>        ( QUESTION4 -1 -3.745e+04 1.960e+02 1.815e+02
s>            ( - -2.093e+04 1 0)
s>            ( - -1.632e+04 1 0)))INFO: dtree.c(1315): Comp split 15
INFO: dtree.c(1439): stop. leaf nodes are specific
INFO: dtree.c(1478): Final simple tree
|( QUESTION4 1 -1.112e+05 2.095e+02 5.402e+02
|    ( QUESTION11 -1 -1.080e+05 2.028e+02 5.242e+02
|        ( - -4.686e+04 2 0)
|        ( QUESTION0_0_R 1 -6.095e+04 1.613e+02 2.933e+02
|            ( - -5.372e+04 2 0)
|            ( - -7.078e+03 1 0)))
|    ( - -2.979e+03 1 0))
s>    ( QUESTION4 1 -1.112e+05 2.095e+02 5.402e+02
s>        ( QUESTION11 -1 -1.080e+05 2.028e+02 5.242e+02
s>            ( - -4.686e+04 2 0)
s>            ( QUESTION0_0_R 1 -6.095e+04 1.613e+02 2.933e+02
s>                ( - -5.372e+04 2 0)
s>                ( - -7.078e+03 1 0)))
s>        ( - -2.979e+03 1 0))INFO: dtree.c(1439): stop. leaf nodes are specific
INFO: dtree.c(1478): Final simple tree
|( QUESTION0_9_R 1 -6.425e+04 2.606e+02 3.087e+02
|    ( - -2.894e+03 1 0)
|    ( QUESTION0_1_R 1 -6.109e+04 2.011e+02 2.927e+02
|        ( - -3.930e+03 1 0)
|        ( QUESTION4 -1 -5.696e+04 1.550e+02 2.727e+02
|            ( - -5.064e+04 2 0)
|            ( - -6.169e+03 1 0))))
s>    ( QUESTION0_9_R 1 -6.425e+04 2.606e+02 3.087e+02
s>        ( - -2.894e+03 1 0)
s>        ( QUESTION0_1_R 1 -6.109e+04 2.011e+02 2.927e+02
s>            ( - -3.930e+03 1 0)
s>            ( QUESTION4 -1 -5.696e+04 1.550e+02 2.727e+02
s>                ( - -5.064e+04 2 0)
s>                ( - -6.169e+03 1 0))))INFO: dtree.c(1315): Comp split 16
INFO: dtree.c(1439): stop. leaf nodes are specific
INFO: dtree.c(1478): Final simple tree
|( QUESTION10 1 -3.648e+04 1.690e+02 1.820e+02
|    ( QUESTION11 1 -8.698e+03 1.289e+02 4.454e+01
|        ( - -6.506e+03 1 0)
|        ( - -2.064e+03 1 0))
|    ( QUESTION4 -1 -2.762e+04 1.671e+02 1.375e+02
|        ( QUESTION0_1_R 1 -6.455e+03 1.282e+02 3.300e+01
|            ( - -4.787e+03 2 0)
|            ( - -1.539e+03 1 0))
|        ( - -2.099e+04 2 0)))
s>    ( QUESTION10 1 -3.648e+04 1.690e+02 1.820e+02
s>        ( QUESTION11 1 -8.698e+03 1.289e+02 4.454e+01
s>            ( - -6.506e+03 1 0)
s>            ( - -2.064e+03 1 0))
s>        ( QUESTION4 -1 -2.762e+04 1.671e+02 1.375e+02
s>            ( QUESTION0_1_R 1 -6.455e+03 1.282e+02 3.300e+01
s>                ( - -4.787e+03 2 0)
s>                ( - -1.539e+03 1 0))
s>            ( - -2.099e+04 2 0)))INFO: dtree.c(1439): stop. leaf nodes are specific
INFO: dtree.c(1478): Final simple tree
|( QUESTION0_1_R 1 -1.043e+05 2.202e+02 5.176e+02
|    ( - -6.086e+04 1 0)
|    ( - -4.325e+04 1 0))
s>    ( QUESTION0_1_R 1 -1.043e+05 2.202e+02 5.176e+02
s>        ( - -6.086e+04 1 0)
s>        ( - -4.325e+04 1 0))INFO: dtree.c(1315): Comp split 17
INFO: dtree.c(1315): Comp split 18
INFO: dtree.c(1315): Comp split 19
INFO: dtree.c(1439): stop. leaf nodes are specific
INFO: dtree.c(1478): Final simple tree
|( QUESTION4 -1 -3.745e+04 1.960e+02 1.815e+02
|    ( - -2.093e+04 1 0)
|    ( - -1.632e+04 1 0))
s>    ( QUESTION4 -1 -3.745e+04 1.960e+02 1.815e+02
s>        ( - -2.093e+04 1 0)
s>        ( - -1.632e+04 1 0))INFO: dtree.c(1315): Comp split 20
INFO: dtree.c(1478): Final simple tree
|( QUESTION4 -1 -4.249e+04 1.694e+02 2.016e+02
|    ( QUESTION0_8_R 1 -2.274e+04 2.229e+02 1.096e+02
|        ( - -2.685e+03 2 0)
|        ( QUESTION0_2_R 1 -1.983e+04 1.363e+02 9.560e+01
|            ( - -2.265e+03 1 0)
|            ( QUESTION0_1_R 1 -1.743e+04 9.391e+01 8.460e+01
|                ( - -2.219e+03 1 0)
|                ( - -1.511e+04 1 0))))
|    ( QUESTION0_1_R 1 -1.959e+04 1.738e+02 9.202e+01
|        ( QUESTION0_2_R 1 -7.701e+03 1.241e+02 3.591e+01
|            ( - -5.017e+03 1 0)
|            ( - -2.560e+03 1 0))
|        ( QUESTION0_8_R 1 -1.172e+04 1.244e+02 5.610e+01
|            ( - -5.239e+03 1 0)
|            ( - -6.351e+03 1 0))))
s>    ( QUESTION4 -1 -4.249e+04 1.694e+02 2.016e+02
s>        ( QUESTION0_8_R 1 -2.274e+04 2.229e+02 1.096e+02
s>            ( - -2.685e+03 2 0)
s>            ( QUESTION0_2_R 1 -1.983e+04 1.363e+02 9.560e+01
s>                ( - -2.265e+03 1 0)
s>                ( QUESTION0_1_R 1 -1.743e+04 9.391e+01 8.460e+01
s>                    ( - -2.219e+03 1 0)
s>                    ( - -1.511e+04 1 0))))
s>        ( QUESTION0_1_R 1 -1.959e+04 1.738e+02 9.202e+01
s>            ( QUESTION0_2_R 1 -7.701e+03 1.241e+02 3.591e+01
s>                ( - -5.017e+03 1 0)
s>                ( - -2.560e+03 1 0))
s>            ( QUESTION0_8_R 1 -1.172e+04 1.244e+02 5.610e+01
s>                ( - -5.239e+03 1 0)
s>                ( - -6.351e+03 1 0))))INFO: dtree.c(1439): stop. leaf nodes are specific
INFO: dtree.c(1478): Final simple tree
|( QUESTION0_4_R 1 -3.736e+04 2.843e+02 1.796e+02
|    ( QUESTION13 1 -5.678e+03 1.865e+02 2.900e+01
|        ( - -2.756e+03 1 0)
|        ( - -2.735e+03 1 0))
|    ( QUESTION4 -1 -3.140e+04 2.054e+02 1.506e+02
|        ( QUESTION0_1_R 1 -1.822e+04 1.749e+02 8.667e+01
|            ( - -1.150e+04 2 0)
|            ( - -6.542e+03 1 0))
|        ( QUESTION0 1 -1.297e+04 1.574e+02 6.392e+01
|            ( - -6.117e+03 1 0)
|            ( QUESTION0_1_R 1 -6.700e+03 1.303e+02 3.307e+01
|                ( - -4.650e+03 1 0)
|                ( - -1.920e+03 1 0)))))
s>    ( QUESTION0_4_R 1 -3.736e+04 2.843e+02 1.796e+02
s>        ( QUESTION13 1 -5.678e+03 1.865e+02 2.900e+01
s>            ( - -2.756e+03 1 0)
s>            ( - -2.735e+03 1 0))
s>        ( QUESTION4 -1 -3.140e+04 2.054e+02 1.506e+02
s>            ( QUESTION0_1_R 1 -1.822e+04 1.749e+02 8.667e+01
s>                ( - -1.150e+04 2 0)
s>                ( - -6.542e+03 1 0))
s>            ( QUESTION0 1 -1.297e+04 1.574e+02 6.392e+01
s>                ( - -6.117e+03 1 0)
s>                ( QUESTION0_1_R 1 -6.700e+03 1.303e+02 3.307e+01
s>                    ( - -4.650e+03 1 0)
s>                    ( - -1.920e+03 1 0)))))INFO: dtree.c(1315): Comp split 21
INFO: dtree.c(1439): stop. leaf nodes are specific
INFO: dtree.c(1478): Final simple tree
|( QUESTION0_4_R 1 -7.522e+04 2.159e+02 3.662e+02
|    ( - -3.000e+04 1 0)
|    ( QUESTION0_1_R 1 -4.501e+04 1.596e+02 2.184e+02
|        ( QUESTION0 1 -4.118e+04 1.427e+02 2.014e+02
|            ( QUESTION0_2_R 1 -2.448e+04 1.063e+02 1.195e+02
|                ( - -1.300e+04 1 0)
|                ( - -1.138e+04 2 0))
|            ( QUESTION6 1 -1.656e+04 1.063e+02 8.194e+01
|                ( - -1.141e+04 1 0)
|                ( - -5.035e+03 1 0)))
|        ( - -3.669e+03 1 0)))
s>    ( QUESTION0_4_R 1 -7.522e+04 2.159e+02 3.662e+02
s>        ( - -3.000e+04 1 0)
s>        ( QUESTION0_1_R 1 -4.501e+04 1.596e+02 2.184e+02
s>            ( QUESTION0 1 -4.118e+04 1.427e+02 2.014e+02
s>                ( QUESTION0_2_R 1 -2.448e+04 1.063e+02 1.195e+02
s>                    ( - -1.300e+04 1 0)
s>                    ( - -1.138e+04 2 0))
s>                ( QUESTION6 1 -1.656e+04 1.063e+02 8.194e+01
s>                    ( - -1.141e+04 1 0)
s>                    ( - -5.035e+03 1 0)))
s>            ( - -3.669e+03 1 0)))INFO: dtree.c(1439): stop. leaf nodes are specific
INFO: dtree.c(1478): Final simple tree
|( QUESTION0_4_R 1 -4.797e+04 2.464e+02 2.344e+02
|    ( QUESTION0_5_R 1 -2.361e+04 9.665e+01 1.141e+02
|        ( - -3.489e+03 1 0)
|        ( - -2.002e+04 1 0))
|    ( QUESTION0_10_R 1 -2.411e+04 2.104e+02 1.203e+02
|        ( - -2.133e+04 1 0)
|        ( QUESTION0_1_R 1 -2.572e+03 1.862e+02 1.300e+01
|            ( - -1.175e+03 1 0)
|            ( - -1.211e+03 1 0))))
s>    ( QUESTION0_4_R 1 -4.797e+04 2.464e+02 2.344e+02
s>        ( QUESTION0_5_R 1 -2.361e+04 9.665e+01 1.141e+02
s>            ( - -3.489e+03 1 0)
s>            ( - -2.002e+04 1 0))
s>        ( QUESTION0_10_R 1 -2.411e+04 2.104e+02 1.203e+02
s>            ( - -2.133e+04 1 0)
s>            ( QUESTION0_1_R 1 -2.572e+03 1.862e+02 1.300e+01
s>                ( - -1.175e+03 1 0)
s>                ( - -1.211e+03 1 0))))INFO: dtree.c(1315): Comp split 22
INFO: dtree.c(1478): Final simple tree
|( QUESTION2_10_L -1 -3.078e+04 3.021e+02 1.395e+02
|    ( QUESTION6 1 -2.779e+04 1.777e+02 1.255e+02
|        ( - -1.881e+03 1 0)
|        ( QUESTION0_1_R 1 -2.573e+04 1.413e+02 1.165e+02
|            ( - -5.042e+03 1 0)
|            ( QUESTION0_11_R 1 -2.055e+04 1.434e+02 9.422e+01
|                ( - -6.513e+03 1 0)
|                ( QUESTION4 -1 -1.389e+04 4.379e+02 6.529e+01
|                    ( SILENCE 1 -1.365e+04 1.341e+02 6.429e+01
|                        ( - -4.072e+03 1 0)
|                        ( QUESTION0_8_R 1 -9.442e+03 1.102e+02 4.432e+01
|                            ( - -8.134e+03 1 0)
|                            ( - -1.198e+03 1 0)))
|                    ( - 1.975e+02 1 0)))))
|    ( - -2.690e+03 1 0))
s>    ( QUESTION2_10_L -1 -3.078e+04 3.021e+02 1.395e+02
s>        ( QUESTION6 1 -2.779e+04 1.777e+02 1.255e+02
s>            ( - -1.881e+03 1 0)
s>            ( QUESTION0_1_R 1 -2.573e+04 1.413e+02 1.165e+02
s>                ( - -5.042e+03 1 0)
s>                ( QUESTION0_11_R 1 -2.055e+04 1.434e+02 9.422e+01
s>                    ( - -6.513e+03 1 0)
s>                    ( QUESTION4 -1 -1.389e+04 4.379e+02 6.529e+01
s>                        ( SILENCE 1 -1.365e+04 1.341e+02 6.429e+01
s>                            ( - -4.072e+03 1 0)
s>                            ( QUESTION0_8_R 1 -9.442e+03 1.102e+02 4.432e+01
s>                                ( - -8.134e+03 1 0)
s>                                ( - -1.198e+03 1 0)))
s>                        ( - 1.975e+02 1 0)))))
s>        ( - -2.690e+03 1 0))INFO: dtree.c(1439): stop. leaf nodes are specific
INFO: dtree.c(1478): Final simple tree
|( QUESTION0_6_R 1 -1.894e+04 2.735e+02 9.163e+01
|    ( QUESTION0 1 -8.835e+03 8.893e+01 4.394e+01
|        ( - -6.784e+03 1 0)
|        ( - -1.961e+03 1 0))
|    ( QUESTION0_3_R 1 -9.829e+03 1.992e+02 4.769e+01
|        ( - -1.826e+03 1 0)
|        ( QUESTION0_1_R 1 -7.803e+03 1.634e+02 3.769e+01
|            ( - -2.677e+03 1 0)
|            ( - -4.963e+03 1 0))))
s>    ( QUESTION0_6_R 1 -1.894e+04 2.735e+02 9.163e+01
s>        ( QUESTION0 1 -8.835e+03 8.893e+01 4.394e+01
s>            ( - -6.784e+03 1 0)
s>            ( - -1.961e+03 1 0))
s>        ( QUESTION0_3_R 1 -9.829e+03 1.992e+02 4.769e+01
s>            ( - -1.826e+03 1 0)
s>            ( QUESTION0_1_R 1 -7.803e+03 1.634e+02 3.769e+01
s>                ( - -2.677e+03 1 0)
s>                ( - -4.963e+03 1 0))))INFO: dtree.c(1315): Comp split 23
INFO: dtree.c(1439): stop. leaf nodes are specific
INFO: dtree.c(1478): Final simple tree
|( QUESTION2_10_L -1 -3.054e+04 3.036e+02 1.385e+02
|    ( QUESTION6 1 -2.755e+04 1.772e+02 1.245e+02
|        ( - -1.881e+03 1 0)
|        ( QUESTION0_8_R 1 -2.549e+04 1.421e+02 1.155e+02
|            ( - -8.134e+03 1 0)
|            ( QUESTION0_11_R 1 -1.721e+04 1.376e+02 7.718e+01
|                ( - -6.513e+03 1 0)
|                ( SILENCE 1 -1.056e+04 1.408e+02 4.825e+01
|                    ( - -4.072e+03 1 0)
|                    ( QUESTION0_1_R 1 -6.347e+03 1.072e+02 2.827e+01
|                        ( - -5.042e+03 1 0)
|                        ( - -1.198e+03 1 0))))))
|    ( - -2.690e+03 1 0))
s>    ( QUESTION2_10_L -1 -3.054e+04 3.036e+02 1.385e+02
s>        ( QUESTION6 1 -2.755e+04 1.772e+02 1.245e+02
s>            ( - -1.881e+03 1 0)
s>            ( QUESTION0_8_R 1 -2.549e+04 1.421e+02 1.155e+02
s>                ( - -8.134e+03 1 0)
s>                ( QUESTION0_11_R 1 -1.721e+04 1.376e+02 7.718e+01
s>                    ( - -6.513e+03 1 0)
s>                    ( SILENCE 1 -1.056e+04 1.408e+02 4.825e+01
s>                        ( - -4.072e+03 1 0)
s>                        ( QUESTION0_1_R 1 -6.347e+03 1.072e+02 2.827e+01
s>                            ( - -5.042e+03 1 0)
s>                            ( - -1.198e+03 1 0))))))
s>        ( - -2.690e+03 1 0))INFO: dtree.c(1315): Comp split 24
INFO: dtree.c(1439): stop. leaf nodes are specific
INFO: dtree.c(1478): Final simple tree
|( QUESTION6 1 -2.755e+04 1.772e+02 1.245e+02
|    ( - -1.881e+03 1 0)
|    ( QUESTION0_8_R 1 -2.549e+04 1.421e+02 1.155e+02
|        ( - -8.134e+03 1 0)
|        ( QUESTION0_11_R 1 -1.721e+04 1.376e+02 7.718e+01
|            ( - -6.513e+03 1 0)
|            ( SILENCE 1 -1.056e+04 1.408e+02 4.825e+01
|                ( - -4.072e+03 1 0)
|                ( QUESTION0_1_R 1 -6.347e+03 1.072e+02 2.827e+01
|                    ( - -5.042e+03 1 0)
|                    ( - -1.198e+03 1 0))))))
s>    ( QUESTION6 1 -2.755e+04 1.772e+02 1.245e+02
s>        ( - -1.881e+03 1 0)
s>        ( QUESTION0_8_R 1 -2.549e+04 1.421e+02 1.155e+02
s>            ( - -8.134e+03 1 0)
s>            ( QUESTION0_11_R 1 -1.721e+04 1.376e+02 7.718e+01
s>                ( - -6.513e+03 1 0)
s>                ( SILENCE 1 -1.056e+04 1.408e+02 4.825e+01
s>                    ( - -4.072e+03 1 0)
s>                    ( QUESTION0_1_R 1 -6.347e+03 1.072e+02 2.827e+01
s>                        ( - -5.042e+03 1 0)
s>                        ( - -1.198e+03 1 0))))))INFO: dtree.c(1315): Comp split 25
INFO: dtree.c(1439): stop. leaf nodes are specific
INFO: dtree.c(1478): Final simple tree
|( QUESTION13 1 -3.727e+04 2.639e+02 1.774e+02
|    ( - -4.819e+03 1 0)
|    ( QUESTION0_4_R 1 -3.219e+04 1.589e+02 1.544e+02
|        ( - -3.014e+04 1 0)
|        ( - -1.896e+03 1 0)))
s>    ( QUESTION13 1 -3.727e+04 2.639e+02 1.774e+02
s>        ( - -4.819e+03 1 0)
s>        ( QUESTION0_4_R 1 -3.219e+04 1.589e+02 1.544e+02
s>            ( - -3.014e+04 1 0)
s>            ( - -1.896e+03 1 0)))INFO: dtree.c(1315): Comp split 26
INFO: dtree.c(1439): stop. leaf nodes are specific
INFO: dtree.c(1478): Final simple tree
|( QUESTION4 -1 -3.140e+04 2.054e+02 1.506e+02
|    ( QUESTION0_1_R 1 -1.822e+04 1.749e+02 8.667e+01
|        ( - -1.150e+04 2 0)
|        ( - -6.542e+03 1 0))
|    ( QUESTION0 1 -1.297e+04 1.574e+02 6.392e+01
|        ( - -6.117e+03 1 0)
|        ( QUESTION0_1_R 1 -6.700e+03 1.303e+02 3.307e+01
|            ( - -4.650e+03 1 0)
|            ( - -1.920e+03 1 0))))
s>    ( QUESTION4 -1 -3.140e+04 2.054e+02 1.506e+02
s>        ( QUESTION0_1_R 1 -1.822e+04 1.749e+02 8.667e+01
s>            ( - -1.150e+04 2 0)
s>            ( - -6.542e+03 1 0))
s>        ( QUESTION0 1 -1.297e+04 1.574e+02 6.392e+01
s>            ( - -6.117e+03 1 0)
s>            ( QUESTION0_1_R 1 -6.700e+03 1.303e+02 3.307e+01
s>                ( - -4.650e+03 1 0)
s>                ( - -1.920e+03 1 0))))INFO: dtree.c(1439): stop. leaf nodes are specific
INFO: dtree.c(1478): Final simple tree
|( QUESTION13 1 -5.678e+03 1.865e+02 2.900e+01
|    ( - -2.756e+03 1 0)
|    ( - -2.735e+03 1 0))
s>    ( QUESTION13 1 -5.678e+03 1.865e+02 2.900e+01
s>        ( - -2.756e+03 1 0)
s>        ( - -2.735e+03 1 0))INFO: dtree.c(1315): Comp split 27
INFO: dtree.c(1439): stop. leaf nodes are specific
INFO: dtree.c(1478): Final simple tree
|( QUESTION0_3_R 1 -9.829e+03 1.992e+02 4.769e+01
|    ( - -1.826e+03 1 0)
|    ( QUESTION0_1_R 1 -7.803e+03 1.634e+02 3.769e+01
|        ( - -2.677e+03 1 0)
|        ( - -4.963e+03 1 0)))
s>    ( QUESTION0_3_R 1 -9.829e+03 1.992e+02 4.769e+01
s>        ( - -1.826e+03 1 0)
s>        ( QUESTION0_1_R 1 -7.803e+03 1.634e+02 3.769e+01
s>            ( - -2.677e+03 1 0)
s>            ( - -4.963e+03 1 0)))INFO: dtree.c(1439): stop. leaf nodes are specific
INFO: dtree.c(1478): Final simple tree
|( QUESTION0 1 -8.835e+03 8.893e+01 4.394e+01
|    ( - -6.784e+03 1 0)
|    ( - -1.961e+03 1 0))
s>    ( QUESTION0 1 -8.835e+03 8.893e+01 4.394e+01
s>        ( - -6.784e+03 1 0)
s>        ( - -1.961e+03 1 0))INFO: dtree.c(1315): Comp split 28
INFO: dtree.c(1439): stop. leaf nodes are specific
INFO: dtree.c(1478): Final simple tree
|( QUESTION0_4_R 1 -3.219e+04 1.589e+02 1.544e+02
|    ( - -3.014e+04 1 0)
|    ( - -1.896e+03 1 0))
s>    ( QUESTION0_4_R 1 -3.219e+04 1.589e+02 1.544e+02
s>        ( - -3.014e+04 1 0)
s>        ( - -1.896e+03 1 0))INFO: dtree.c(1315): Comp split 29
INFO: dtree.c(1439): stop. leaf nodes are specific
INFO: dtree.c(1478): Final simple tree
|( QUESTION0_1_R 1 -6.109e+04 2.011e+02 2.927e+02
|    ( - -3.930e+03 1 0)
|    ( QUESTION4 -1 -5.696e+04 1.550e+02 2.727e+02
|        ( - -5.064e+04 2 0)
|        ( - -6.169e+03 1 0)))
s>    ( QUESTION0_1_R 1 -6.109e+04 2.011e+02 2.927e+02
s>        ( - -3.930e+03 1 0)
s>        ( QUESTION4 -1 -5.696e+04 1.550e+02 2.727e+02
s>            ( - -5.064e+04 2 0)
s>            ( - -6.169e+03 1 0)))INFO: dtree.c(1315): Comp split 30
INFO: dtree.c(1439): stop. leaf nodes are specific
INFO: dtree.c(1478): Final simple tree
|( QUESTION0_10_R 1 -2.411e+04 2.104e+02 1.203e+02
|    ( - -2.133e+04 1 0)
|    ( QUESTION0_1_R 1 -2.572e+03 1.862e+02 1.300e+01
|        ( - -1.175e+03 1 0)
|        ( - -1.211e+03 1 0)))
s>    ( QUESTION0_10_R 1 -2.411e+04 2.104e+02 1.203e+02
s>        ( - -2.133e+04 1 0)
s>        ( QUESTION0_1_R 1 -2.572e+03 1.862e+02 1.300e+01
s>            ( - -1.175e+03 1 0)
s>            ( - -1.211e+03 1 0)))INFO: dtree.c(1439): stop. leaf nodes are specific
INFO: dtree.c(1478): Final simple tree
|( QUESTION0_5_R 1 -2.361e+04 9.665e+01 1.141e+02
|    ( - -3.489e+03 1 0)
|    ( - -2.002e+04 1 0))
s>    ( QUESTION0_5_R 1 -2.361e+04 9.665e+01 1.141e+02
s>        ( - -3.489e+03 1 0)
s>        ( - -2.002e+04 1 0))INFO: dtree.c(1315): Comp split 31
INFO: dtree.c(1439): stop. leaf nodes are specific
INFO: dtree.c(1478): Final simple tree
|( QUESTION4 1 -5.690e+04 2.061e+02 2.733e+02
|    ( - -5.372e+04 2 0)
|    ( - -2.979e+03 1 0))
s>    ( QUESTION4 1 -5.690e+04 2.061e+02 2.733e+02
s>        ( - -5.372e+04 2 0)
s>        ( - -2.979e+03 1 0))INFO: dtree.c(1439): stop. leaf nodes are specific
INFO: dtree.c(1478): Final simple tree
|( QUESTION0_0_R 1 -5.406e+04 1.251e+02 2.669e+02
|    ( - -4.686e+04 2 0)
|    ( - -7.078e+03 1 0))
s>    ( QUESTION0_0_R 1 -5.406e+04 1.251e+02 2.669e+02
s>        ( - -4.686e+04 2 0)
s>        ( - -7.078e+03 1 0))INFO: dtree.c(1315): Comp split 32
INFO: dtree.c(1439): stop. leaf nodes are specific
INFO: dtree.c(1478): Final simple tree
|( QUESTION11 -1 -2.616e+04 2.183e+02 1.230e+02
|    ( - -3.036e+03 1 0)
|    ( QUESTION0_12_R 1 -2.290e+04 1.503e+02 1.084e+02
|        ( - -9.927e+03 1 0)
|        ( - -1.283e+04 1 0)))
s>    ( QUESTION11 -1 -2.616e+04 2.183e+02 1.230e+02
s>        ( - -3.036e+03 1 0)
s>        ( QUESTION0_12_R 1 -2.290e+04 1.503e+02 1.084e+02
s>            ( - -9.927e+03 1 0)
s>            ( - -1.283e+04 1 0)))INFO: dtree.c(1439): stop. leaf nodes are specific
INFO: dtree.c(1478): Final simple tree
|( QUESTION0_1_R 1 -1.089e+04 1.794e+02 5.200e+01
|    ( - -6.839e+03 1 0)
|    ( - -3.875e+03 1 0))
s>    ( QUESTION0_1_R 1 -1.089e+04 1.794e+02 5.200e+01
s>        ( - -6.839e+03 1 0)
s>        ( - -3.875e+03 1 0))INFO: dtree.c(1315): Comp split 33
INFO: dtree.c(1315): Comp split 34
INFO: dtree.c(1439): stop. leaf nodes are specific
INFO: dtree.c(1478): Final simple tree
|( QUESTION13 1 -4.668e+04 1.416e+02 2.283e+02
|    ( - -5.035e+03 1 0)
|    ( QUESTION0_4_R 1 -4.150e+04 1.274e+02 2.043e+02
|        ( - -3.000e+04 1 0)
|        ( - -1.138e+04 2 0)))
s>    ( QUESTION13 1 -4.668e+04 1.416e+02 2.283e+02
s>        ( - -5.035e+03 1 0)
s>        ( QUESTION0_4_R 1 -4.150e+04 1.274e+02 2.043e+02
s>            ( - -3.000e+04 1 0)
s>            ( - -1.138e+04 2 0)))INFO: dtree.c(1439): stop. leaf nodes are specific
INFO: dtree.c(1478): Final simple tree
|( QUESTION0_1_R 1 -2.832e+04 1.456e+02 1.379e+02
|    ( QUESTION0_2_R 1 -2.451e+04 9.216e+01 1.209e+02
|        ( - -1.300e+04 1 0)
|        ( - -1.141e+04 1 0))
|    ( - -3.669e+03 1 0))
s>    ( QUESTION0_1_R 1 -2.832e+04 1.456e+02 1.379e+02
s>        ( QUESTION0_2_R 1 -2.451e+04 9.216e+01 1.209e+02
s>            ( - -1.300e+04 1 0)
s>            ( - -1.141e+04 1 0))
s>        ( - -3.669e+03 1 0))INFO: dtree.c(1315): Comp split 35
INFO: dtree.c(1315): Comp split 36
INFO: dtree.c(1439): stop. leaf nodes are specific
INFO: dtree.c(1478): Final simple tree
|( QUESTION4 -1 -3.959e+04 1.731e+02 1.876e+02
|    ( QUESTION0_2_R 1 -1.983e+04 1.363e+02 9.560e+01
|        ( - -2.265e+03 1 0)
|        ( QUESTION0_1_R 1 -1.743e+04 9.391e+01 8.460e+01
|            ( - -2.219e+03 1 0)
|            ( - -1.511e+04 1 0)))
|    ( QUESTION0_1_R 1 -1.959e+04 1.738e+02 9.202e+01
|        ( QUESTION0_2_R 1 -7.701e+03 1.241e+02 3.591e+01
|            ( - -5.017e+03 1 0)
|            ( - -2.560e+03 1 0))
|        ( QUESTION0_8_R 1 -1.172e+04 1.244e+02 5.610e+01
|            ( - -5.239e+03 1 0)
|            ( - -6.351e+03 1 0))))
s>    ( QUESTION4 -1 -3.959e+04 1.731e+02 1.876e+02
s>        ( QUESTION0_2_R 1 -1.983e+04 1.363e+02 9.560e+01
s>            ( - -2.265e+03 1 0)
s>            ( QUESTION0_1_R 1 -1.743e+04 9.391e+01 8.460e+01
s>                ( - -2.219e+03 1 0)
s>                ( - -1.511e+04 1 0)))
s>        ( QUESTION0_1_R 1 -1.959e+04 1.738e+02 9.202e+01
s>            ( QUESTION0_2_R 1 -7.701e+03 1.241e+02 3.591e+01
s>                ( - -5.017e+03 1 0)
s>                ( - -2.560e+03 1 0))
s>            ( QUESTION0_8_R 1 -1.172e+04 1.244e+02 5.610e+01
s>                ( - -5.239e+03 1 0)
s>                ( - -6.351e+03 1 0))))INFO: dtree.c(1315): Comp split 37
INFO: dtree.c(1439): stop. leaf nodes are specific
INFO: dtree.c(1478): Final simple tree
|( QUESTION0_12_R 1 -2.290e+04 1.503e+02 1.084e+02
|    ( - -9.927e+03 1 0)
|    ( - -1.283e+04 1 0))
s>    ( QUESTION0_12_R 1 -2.290e+04 1.503e+02 1.084e+02
s>        ( - -9.927e+03 1 0)
s>        ( - -1.283e+04 1 0))INFO: dtree.c(1315): Comp split 38
INFO: dtree.c(1439): stop. leaf nodes are specific
INFO: dtree.c(1478): Final simple tree
|( QUESTION0_1_R 1 -2.572e+03 1.862e+02 1.300e+01
|    ( - -1.175e+03 1 0)
|    ( - -1.211e+03 1 0))
s>    ( QUESTION0_1_R 1 -2.572e+03 1.862e+02 1.300e+01
s>        ( - -1.175e+03 1 0)
s>        ( - -1.211e+03 1 0))INFO: dtree.c(1315): Comp split 39
INFO: dtree.c(1315): Comp split 40
INFO: dtree.c(1439): stop. leaf nodes are specific
INFO: dtree.c(1478): Final simple tree
|( QUESTION0 1 -1.297e+04 1.574e+02 6.392e+01
|    ( - -6.117e+03 1 0)
|    ( QUESTION0_1_R 1 -6.700e+03 1.303e+02 3.307e+01
|        ( - -4.650e+03 1 0)
|        ( - -1.920e+03 1 0)))
s>    ( QUESTION0 1 -1.297e+04 1.574e+02 6.392e+01
s>        ( - -6.117e+03 1 0)
s>        ( QUESTION0_1_R 1 -6.700e+03 1.303e+02 3.307e+01
s>            ( - -4.650e+03 1 0)
s>            ( - -1.920e+03 1 0)))INFO: dtree.c(1439): stop. leaf nodes are specific
INFO: dtree.c(1478): Final simple tree
|( QUESTION0_1_R 1 -1.822e+04 1.749e+02 8.667e+01
|    ( - -1.150e+04 2 0)
|    ( - -6.542e+03 1 0))
s>    ( QUESTION0_1_R 1 -1.822e+04 1.749e+02 8.667e+01
s>        ( - -1.150e+04 2 0)
s>        ( - -6.542e+03 1 0))INFO: dtree.c(1315): Comp split 41
INFO: dtree.c(1439): stop. leaf nodes are specific
INFO: dtree.c(1478): Final simple tree
|( QUESTION4 -1 -5.696e+04 1.550e+02 2.727e+02
|    ( - -5.064e+04 2 0)
|    ( - -6.169e+03 1 0))
s>    ( QUESTION4 -1 -5.696e+04 1.550e+02 2.727e+02
s>        ( - -5.064e+04 2 0)
s>        ( - -6.169e+03 1 0))INFO: dtree.c(1315): Comp split 42
INFO: dtree.c(1439): stop. leaf nodes are specific
INFO: dtree.c(1478): Final simple tree
|( QUESTION0_1_R 1 -7.803e+03 1.634e+02 3.769e+01
|    ( - -2.677e+03 1 0)
|    ( - -4.963e+03 1 0))
s>    ( QUESTION0_1_R 1 -7.803e+03 1.634e+02 3.769e+01
s>        ( - -2.677e+03 1 0)
s>        ( - -4.963e+03 1 0))INFO: dtree.c(1315): Comp split 43
INFO: dtree.c(1439): stop. leaf nodes are specific
INFO: dtree.c(1478): Final simple tree
|( QUESTION11 -1 -2.436e+04 1.466e+02 1.150e+02
|    ( - -4.872e+03 1 0)
|    ( - -1.935e+04 1 0))
s>    ( QUESTION11 -1 -2.436e+04 1.466e+02 1.150e+02
s>        ( - -4.872e+03 1 0)
s>        ( - -1.935e+04 1 0))INFO: dtree.c(1315): Comp split 44
INFO: dtree.c(1315): Comp split 45
INFO: dtree.c(1439): stop. leaf nodes are specific
INFO: dtree.c(1478): Final simple tree
|( QUESTION0_1_R 1 -8.196e+03 1.540e+02 3.997e+01
|    ( - -2.601e+03 1 0)
|    ( - -5.440e+03 1 0))
s>    ( QUESTION0_1_R 1 -8.196e+03 1.540e+02 3.997e+01
s>        ( - -2.601e+03 1 0)
s>        ( - -5.440e+03 1 0))INFO: dtree.c(1315): Comp split 46
INFO: dtree.c(1439): stop. leaf nodes are specific
INFO: dtree.c(1478): Final simple tree
|( QUESTION0_8_R 1 -1.172e+04 1.244e+02 5.610e+01
|    ( - -5.239e+03 1 0)
|    ( - -6.351e+03 1 0))
s>    ( QUESTION0_8_R 1 -1.172e+04 1.244e+02 5.610e+01
s>        ( - -5.239e+03 1 0)
s>        ( - -6.351e+03 1 0))INFO: dtree.c(1439): stop. leaf nodes are specific
INFO: dtree.c(1478): Final simple tree
|( QUESTION4 -1 -2.769e+04 1.575e+02 1.315e+02
|    ( QUESTION0_2_R 1 -1.983e+04 1.363e+02 9.560e+01
|        ( - -2.265e+03 1 0)
|        ( QUESTION0_1_R 1 -1.743e+04 9.391e+01 8.460e+01
|            ( - -2.219e+03 1 0)
|            ( - -1.511e+04 1 0)))
|    ( QUESTION0_2_R 1 -7.701e+03 1.241e+02 3.591e+01
|        ( - -5.017e+03 1 0)
|        ( - -2.560e+03 1 0)))
s>    ( QUESTION4 -1 -2.769e+04 1.575e+02 1.315e+02
s>        ( QUESTION0_2_R 1 -1.983e+04 1.363e+02 9.560e+01
s>            ( - -2.265e+03 1 0)
s>            ( QUESTION0_1_R 1 -1.743e+04 9.391e+01 8.460e+01
s>                ( - -2.219e+03 1 0)
s>                ( - -1.511e+04 1 0)))
s>        ( QUESTION0_2_R 1 -7.701e+03 1.241e+02 3.591e+01
s>            ( - -5.017e+03 1 0)
s>            ( - -2.560e+03 1 0)))INFO: dtree.c(1315): Comp split 47
INFO: dtree.c(1315): Comp split 48
INFO: dtree.c(1315): Comp split 49
INFO: dtree.c(1439): stop. leaf nodes are specific
INFO: dtree.c(1478): Final simple tree
|( QUESTION4 -1 -1.311e+04 1.530e+02 6.646e+01
|    ( QUESTION0_1_R 1 -6.455e+03 1.282e+02 3.300e+01
|        ( - -4.787e+03 2 0)
|        ( - -1.539e+03 1 0))
|    ( - -6.506e+03 1 0))
s>    ( QUESTION4 -1 -1.311e+04 1.530e+02 6.646e+01
s>        ( QUESTION0_1_R 1 -6.455e+03 1.282e+02 3.300e+01
s>            ( - -4.787e+03 2 0)
s>            ( - -1.539e+03 1 0))
s>        ( - -6.506e+03 1 0))INFO: dtree.c(1439): stop. leaf nodes are specific
INFO: dtree.c(1478): Final simple tree
|( QUESTION0 1 -2.318e+04 1.269e+02 1.156e+02
|    ( - -2.099e+04 2 0)
|    ( - -2.064e+03 1 0))
s>    ( QUESTION0 1 -2.318e+04 1.269e+02 1.156e+02
s>        ( - -2.099e+04 2 0)
s>        ( - -2.064e+03 1 0))INFO: dtree.c(1315): Comp split 50
INFO: dtree.c(1315): Comp split 51
INFO: dtree.c(1439): stop. leaf nodes are specific
INFO: dtree.c(1478): Final simple tree
|( QUESTION0_8_R 1 -2.549e+04 1.421e+02 1.155e+02
|    ( - -8.134e+03 1 0)
|    ( QUESTION0_11_R 1 -1.721e+04 1.376e+02 7.718e+01
|        ( - -6.513e+03 1 0)
|        ( SILENCE 1 -1.056e+04 1.408e+02 4.825e+01
|            ( - -4.072e+03 1 0)
|            ( QUESTION0_1_R 1 -6.347e+03 1.072e+02 2.827e+01
|                ( - -5.042e+03 1 0)
|                ( - -1.198e+03 1 0)))))
s>    ( QUESTION0_8_R 1 -2.549e+04 1.421e+02 1.155e+02
s>        ( - -8.134e+03 1 0)
s>        ( QUESTION0_11_R 1 -1.721e+04 1.376e+02 7.718e+01
s>            ( - -6.513e+03 1 0)
s>            ( SILENCE 1 -1.056e+04 1.408e+02 4.825e+01
s>                ( - -4.072e+03 1 0)
s>                ( QUESTION0_1_R 1 -6.347e+03 1.072e+02 2.827e+01
s>                    ( - -5.042e+03 1 0)
s>                    ( - -1.198e+03 1 0)))))INFO: dtree.c(1315): Comp split 52
INFO: dtree.c(1315): Comp split 53
INFO: dtree.c(1315): Comp split 54
INFO: dtree.c(1315): Comp split 55
INFO: dtree.c(1439): stop. leaf nodes are specific
INFO: dtree.c(1478): Final simple tree
|( QUESTION0_2_R 1 -1.983e+04 1.363e+02 9.560e+01
|    ( - -2.265e+03 1 0)
|    ( QUESTION0_1_R 1 -1.743e+04 9.391e+01 8.460e+01
|        ( - -2.219e+03 1 0)
|        ( - -1.511e+04 1 0)))
s>    ( QUESTION0_2_R 1 -1.983e+04 1.363e+02 9.560e+01
s>        ( - -2.265e+03 1 0)
s>        ( QUESTION0_1_R 1 -1.743e+04 9.391e+01 8.460e+01
s>            ( - -2.219e+03 1 0)
s>            ( - -1.511e+04 1 0)))INFO: dtree.c(1439): stop. leaf nodes are specific
INFO: dtree.c(1478): Final simple tree
|( QUESTION0_2_R 1 -7.701e+03 1.241e+02 3.591e+01
|    ( - -5.017e+03 1 0)
|    ( - -2.560e+03 1 0))
s>    ( QUESTION0_2_R 1 -7.701e+03 1.241e+02 3.591e+01
s>        ( - -5.017e+03 1 0)
s>        ( - -2.560e+03 1 0))INFO: dtree.c(1315): Comp split 56
INFO: dtree.c(1439): stop. leaf nodes are specific
INFO: dtree.c(1478): Final simple tree
|( QUESTION0_1_R 1 -6.700e+03 1.303e+02 3.307e+01
|    ( - -4.650e+03 1 0)
|    ( - -1.920e+03 1 0))
s>    ( QUESTION0_1_R 1 -6.700e+03 1.303e+02 3.307e+01
s>        ( - -4.650e+03 1 0)
s>        ( - -1.920e+03 1 0))INFO: dtree.c(1315): Comp split 57
INFO: dtree.c(1315): Comp split 58
INFO: dtree.c(1315): Comp split 59
INFO: dtree.c(1439): stop. leaf nodes are specific
INFO: dtree.c(1478): Final simple tree
|( QUESTION0_1_R 1 -6.455e+03 1.282e+02 3.300e+01
|    ( - -4.787e+03 2 0)
|    ( - -1.539e+03 1 0))
s>    ( QUESTION0_1_R 1 -6.455e+03 1.282e+02 3.300e+01
s>        ( - -4.787e+03 2 0)
s>        ( - -1.539e+03 1 0))INFO: dtree.c(1315): Comp split 60
INFO: dtree.c(1315): Comp split 61
INFO: dtree.c(1439): stop. leaf nodes are specific
INFO: dtree.c(1478): Final simple tree
|( QUESTION0_1_R 1 -1.169e+04 1.335e+02 5.121e+01
|    ( - -5.042e+03 1 0)
|    ( - -6.513e+03 1 0))
s>    ( QUESTION0_1_R 1 -1.169e+04 1.335e+02 5.121e+01
s>        ( - -5.042e+03 1 0)
s>        ( - -6.513e+03 1 0))INFO: dtree.c(1439): stop. leaf nodes are specific
INFO: dtree.c(1478): Final simple tree
|( SILENCE 1 -1.365e+04 1.341e+02 6.429e+01
|    ( - -4.072e+03 1 0)
|    ( QUESTION0_8_R 1 -9.442e+03 1.102e+02 4.432e+01
|        ( - -8.134e+03 1 0)
|        ( - -1.198e+03 1 0)))
s>    ( SILENCE 1 -1.365e+04 1.341e+02 6.429e+01
s>        ( - -4.072e+03 1 0)
s>        ( QUESTION0_8_R 1 -9.442e+03 1.102e+02 4.432e+01
s>            ( - -8.134e+03 1 0)
s>            ( - -1.198e+03 1 0)))INFO: dtree.c(1315): Comp split 62
INFO: dtree.c(1315): Comp split 63
INFO: dtree.c(1439): stop. leaf nodes are specific
INFO: dtree.c(1478): Final simple tree
|( QUESTION0_2_R 1 -2.451e+04 9.216e+01 1.209e+02
|    ( - -1.300e+04 1 0)
|    ( - -1.141e+04 1 0))
s>    ( QUESTION0_2_R 1 -2.451e+04 9.216e+01 1.209e+02
s>        ( - -1.300e+04 1 0)
s>        ( - -1.141e+04 1 0))INFO: dtree.c(1315): Comp split 64
INFO: dtree.c(1439): stop. leaf nodes are specific
INFO: dtree.c(1478): Final simple tree
|( QUESTION0_4_R 1 -4.150e+04 1.274e+02 2.043e+02
|    ( - -3.000e+04 1 0)
|    ( - -1.138e+04 2 0))
s>    ( QUESTION0_4_R 1 -4.150e+04 1.274e+02 2.043e+02
s>        ( - -3.000e+04 1 0)
s>        ( - -1.138e+04 2 0))INFO: dtree.c(1315): Comp split 65
INFO: dtree.c(1439): stop. leaf nodes are specific
INFO: dtree.c(1478): Final simple tree
|( QUESTION0_1_R 1 -1.743e+04 9.391e+01 8.460e+01
|    ( - -2.219e+03 1 0)
|    ( - -1.511e+04 1 0))
s>    ( QUESTION0_1_R 1 -1.743e+04 9.391e+01 8.460e+01
s>        ( - -2.219e+03 1 0)
s>        ( - -1.511e+04 1 0))INFO: dtree.c(1315): Comp split 66
INFO: dtree.c(1439): stop. leaf nodes are specific
INFO: dtree.c(1478): Final simple tree
|( QUESTION0_8_R 1 -9.442e+03 1.102e+02 4.432e+01
|    ( - -8.134e+03 1 0)
|    ( - -1.198e+03 1 0))
s>    ( QUESTION0_8_R 1 -9.442e+03 1.102e+02 4.432e+01
s>        ( - -8.134e+03 1 0)
s>        ( - -1.198e+03 1 0))INFO: dtree.c(1315): Comp split 67
INFO: dtree.c(1315): Comp split 68
INFO: dtree.c(1315): Comp split 69
INFO: dtree.c(1315): Comp split 70
INFO: dtree.c(1315): Comp split 71
INFO: dtree.c(1315): Comp split 72
INFO: dtree.c(1315): Comp split 73
INFO: dtree.c(1315): Comp split 74
INFO: dtree.c(1315): Comp split 75
INFO: dtree.c(1315): Comp split 76
INFO: dtree.c(1315): Comp split 77
INFO: dtree.c(1315): Comp split 78
INFO: dtree.c(1315): Comp split 79
INFO: dtree.c(1315): Comp split 80
INFO: dtree.c(1318): stop. leaf nodes are specific
Mon Jan 30 07:35:49 2017
