Current configuration:
[NAME]		[DEFLT]	[VALUE]
-allphones	no	no
-cntthresh	0.00001	1.000000e-05
-csplitmax	100	2000
-csplitmin	1	1
-csplitthr	8e-4	0.000000e+00
-example	no	no
-fullvar	no	no
-help		no	no
-meanfn			/Users/benroye/forge/cmusphinx/voiceVim/model_parameters/voiceVim.cd_cont_untied/means
-mixwfn			/Users/benroye/forge/cmusphinx/voiceVim/model_parameters/voiceVim.cd_cont_untied/mixture_weights
-moddeffn		/Users/benroye/forge/cmusphinx/voiceVim/model_architecture/voiceVim.untied.mdef
-mwfloor	1e-4	1.000000e-08
-phone			n
-psetfn			/Users/benroye/forge/cmusphinx/voiceVim/model_architecture/voiceVim.tree_questions
-ssplitmax	5	7
-ssplitmin	1	1
-ssplitthr	8e-4	0.000000e+00
-state			2
-stwt			1.0,0.05,0.0,
-treefn			/Users/benroye/forge/cmusphinx/voiceVim/trees/voiceVim.unpruned/n-2.dtree
-ts2cbfn	.semi.	.cont.
-varfloor	0.00001	1.000000e-05
-varfn			/Users/benroye/forge/cmusphinx/voiceVim/model_parameters/voiceVim.cd_cont_untied/variances

INFO: main.c(223): Reading: /Users/benroye/forge/cmusphinx/voiceVim/model_architecture/voiceVim.untied.mdef
INFO: model_def_io.c(573): Model definition info:
INFO: model_def_io.c(574): 2249 total models defined (39 base, 2210 tri)
INFO: model_def_io.c(575): 8996 total states
INFO: model_def_io.c(576): 6747 total tied states
INFO: model_def_io.c(577): 117 total tied CI states
INFO: model_def_io.c(578): 39 total tied transition matrices
INFO: model_def_io.c(579): 4 max state/model
INFO: model_def_io.c(580): 4 min state/model
INFO: main.c(242): Building trees for [n SIL e b] through [n x uu b]
INFO: main.c(269): Covering states |[3144 3566]| == 423
INFO: main.c(275): Reading: /Users/benroye/forge/cmusphinx/voiceVim/model_parameters/voiceVim.cd_cont_untied/mixture_weights
INFO: s3mixw_io.c(173): Read /Users/benroye/forge/cmusphinx/voiceVim/model_parameters/voiceVim.cd_cont_untied/mixture_weights [423x1x1 array]
INFO: main.c(311): 141 of 141 models have observation count greater than 0.000010
INFO: main.c(95): nrm stwt: 0.000 0.048 0.952 
INFO: s3gau_io.c(169): Read /Users/benroye/forge/cmusphinx/voiceVim/model_parameters/voiceVim.cd_cont_untied/means [6747x1x1 array]
INFO: s3gau_io.c(169): Read /Users/benroye/forge/cmusphinx/voiceVim/model_parameters/voiceVim.cd_cont_untied/variances [6747x1x1 array]
INFO: main.c(549): Reading: /Users/benroye/forge/cmusphinx/voiceVim/model_architecture/voiceVim.tree_questions
INFO: main.c(588): 174 total simple questions (166 phone; 8 word bndry)
INFO: main.c(590): 40 Left Only questions, and 42 Right Only questions
INFO: dtree.c(1478): Final simple tree
|( WDBNDRY_B 0 -9.147e+05 4.535e+03 3.812e+03
|    ( QUESTION0_0_R 1 -3.380e+05 2.780e+03 1.455e+03
|        ( - -1.678e+05 27 0 QUESTION4 -1 4.069e+02 7.208e+02)
|        ( - -1.674e+05 18 0 QUESTION2_19_L -1 9.137e+02 7.344e+02))
|    ( QUESTION5 -1 -5.722e+05 4.330e+03 2.357e+03
|        ( QUESTION0_7_R 1 -1.494e+05 1.329e+03 6.380e+02
|            ( - -9.595e+04 3 0 QUESTION0_10_R 1 4.678e+02 4.008e+02)
|            ( - -5.207e+04 2 0 WDBNDRY_E 0 1.802e+02 2.372e+02))
|        ( WDBNDRY_E 0 -4.185e+05 2.389e+03 1.719e+03
|            ( QUESTION4 1 -2.550e+05 9.380e+02 1.031e+03
|                ( - -6.957e+04 18 0 QUESTION2_0_L -1 9.501e+02 2.798e+02)
|                ( - -1.845e+05 66 0 QUESTION2 1 7.556e+02 7.514e+02))
|            ( QUESTION0_4_R 1 -1.611e+05 1.331e+03 6.876e+02
|                ( - -5.971e+04 1 0)
|                ( - -1.001e+05 6 0 QUESTION2_9_L -1 8.597e+02 4.290e+02)))))
s>    ( WDBNDRY_B 0 -9.147e+05 4.535e+03 3.812e+03
s>        ( QUESTION0_0_R 1 -3.380e+05 2.780e+03 1.455e+03
s>            ( - -1.678e+05 27 0 QUESTION4 -1 4.069e+02 7.208e+02)
s>            ( - -1.674e+05 18 0 QUESTION2_19_L -1 9.137e+02 7.344e+02))
s>        ( QUESTION5 -1 -5.722e+05 4.330e+03 2.357e+03
s>            ( QUESTION0_7_R 1 -1.494e+05 1.329e+03 6.380e+02
s>                ( - -9.595e+04 3 0 QUESTION0_10_R 1 4.678e+02 4.008e+02)
s>                ( - -5.207e+04 2 0 WDBNDRY_E 0 1.802e+02 2.372e+02))
s>            ( WDBNDRY_E 0 -4.185e+05 2.389e+03 1.719e+03
s>                ( QUESTION4 1 -2.550e+05 9.380e+02 1.031e+03
s>                    ( - -6.957e+04 18 0 QUESTION2_0_L -1 9.501e+02 2.798e+02)
s>                    ( - -1.845e+05 66 0 QUESTION2 1 7.556e+02 7.514e+02))
s>                ( QUESTION0_4_R 1 -1.611e+05 1.331e+03 6.876e+02
s>                    ( - -5.971e+04 1 0)
s>                    ( - -1.001e+05 6 0 QUESTION2_9_L -1 8.597e+02 4.290e+02)))))INFO: dtree.c(1315): Comp split 0
INFO: dtree.c(1478): Final simple tree
|( WDBNDRY_E 0 -4.185e+05 2.389e+03 1.719e+03
|    ( QUESTION4 1 -2.550e+05 9.380e+02 1.031e+03
|        ( QUESTION2_0_L -1 -6.957e+04 9.501e+02 2.798e+02
|            ( - -5.062e+04 11 0 QUESTION0_8_R 1 6.065e+02 2.088e+02)
|            ( - -1.800e+04 7 0 QUESTION0_8_R 1 2.646e+02 7.100e+01))
|        ( QUESTION2 1 -1.845e+05 7.556e+02 7.514e+02
|            ( - -2.811e+04 11 0 QUESTION0_2_R 1 5.203e+02 1.249e+02)
|            ( SILENCE 1 -1.557e+05 6.733e+02 6.265e+02
|                ( - -2.082e+04 5 0 QUESTION2_3_L -1 2.192e+02 9.367e+01)
|                ( - -1.342e+05 50 0 QUESTION0_10_R 1 4.727e+02 5.329e+02))))
|    ( QUESTION0_4_R 1 -1.611e+05 1.331e+03 6.876e+02
|        ( - -5.971e+04 1 0)
|        ( QUESTION2_9_L -1 -1.001e+05 8.597e+02 4.290e+02
|            ( - -7.398e+04 2 0 QUESTION2_13_L -1 9.730e+01 3.206e+02)
|            ( - -2.522e+04 4 0 QUESTION0_0_R 1 4.960e+02 1.085e+02))))
s>    ( WDBNDRY_E 0 -4.185e+05 2.389e+03 1.719e+03
s>        ( QUESTION4 1 -2.550e+05 9.380e+02 1.031e+03
s>            ( QUESTION2_0_L -1 -6.957e+04 9.501e+02 2.798e+02
s>                ( - -5.062e+04 11 0 QUESTION0_8_R 1 6.065e+02 2.088e+02)
s>                ( - -1.800e+04 7 0 QUESTION0_8_R 1 2.646e+02 7.100e+01))
s>            ( QUESTION2 1 -1.845e+05 7.556e+02 7.514e+02
s>                ( - -2.811e+04 11 0 QUESTION0_2_R 1 5.203e+02 1.249e+02)
s>                ( SILENCE 1 -1.557e+05 6.733e+02 6.265e+02
s>                    ( - -2.082e+04 5 0 QUESTION2_3_L -1 2.192e+02 9.367e+01)
s>                    ( - -1.342e+05 50 0 QUESTION0_10_R 1 4.727e+02 5.329e+02))))
s>        ( QUESTION0_4_R 1 -1.611e+05 1.331e+03 6.876e+02
s>            ( - -5.971e+04 1 0)
s>            ( QUESTION2_9_L -1 -1.001e+05 8.597e+02 4.290e+02
s>                ( - -7.398e+04 2 0 QUESTION2_13_L -1 9.730e+01 3.206e+02)
s>                ( - -2.522e+04 4 0 QUESTION0_0_R 1 4.960e+02 1.085e+02))))INFO: dtree.c(1478): Final simple tree
|( QUESTION0_20_R 1 -4.902e+05 3.545e+03 2.093e+03
|    ( QUESTION2_19_L -1 -1.674e+05 9.137e+02 7.344e+02
|        ( - -9.912e+04 5 0)
|        ( - -6.741e+04 13 0 QUESTION1 -1 2.797e+02 2.886e+02))
|    ( WDBNDRY_I 0 -3.192e+05 2.110e+03 1.359e+03
|        ( QUESTION0_1_R 1 -1.456e+05 1.279e+03 6.260e+02
|            ( - -5.133e+04 1 0)
|            ( - -9.303e+04 1 0))
|        ( QUESTION5 1 -1.715e+05 4.686e+02 7.328e+02
|            ( - 1.753e+01 1 0)
|            ( QUESTION4 -1 -1.710e+05 4.102e+02 7.318e+02
|                ( - -4.739e+04 9 0 QUESTION2_10_L -1 1.563e+02 2.086e+02)
|                ( QUESTION3 -1 -1.232e+05 2.947e+02 5.232e+02
|                    ( - -5.231e+04 9 0 QUESTION0_10_R 1 2.936e+02 2.246e+02)
|                    ( - -7.060e+04 11 0 QUESTION1 -1 2.225e+02 2.986e+02))))))
s>    ( QUESTION0_20_R 1 -4.902e+05 3.545e+03 2.093e+03
s>        ( QUESTION2_19_L -1 -1.674e+05 9.137e+02 7.344e+02
s>            ( - -9.912e+04 5 0)
s>            ( - -6.741e+04 13 0 QUESTION1 -1 2.797e+02 2.886e+02))
s>        ( WDBNDRY_I 0 -3.192e+05 2.110e+03 1.359e+03
s>            ( QUESTION0_1_R 1 -1.456e+05 1.279e+03 6.260e+02
s>                ( - -5.133e+04 1 0)
s>                ( - -9.303e+04 1 0))
s>            ( QUESTION5 1 -1.715e+05 4.686e+02 7.328e+02
s>                ( - 1.753e+01 1 0)
s>                ( QUESTION4 -1 -1.710e+05 4.102e+02 7.318e+02
s>                    ( - -4.739e+04 9 0 QUESTION2_10_L -1 1.563e+02 2.086e+02)
s>                    ( QUESTION3 -1 -1.232e+05 2.947e+02 5.232e+02
s>                        ( - -5.231e+04 9 0 QUESTION0_10_R 1 2.936e+02 2.246e+02)
s>                        ( - -7.060e+04 11 0 QUESTION1 -1 2.225e+02 2.986e+02))))))INFO: dtree.c(1315): Comp split 1
INFO: dtree.c(1478): Final simple tree
|( WDBNDRY_I 0 -3.192e+05 2.110e+03 1.359e+03
|    ( QUESTION0_1_R 1 -1.456e+05 1.279e+03 6.260e+02
|        ( - -5.133e+04 1 0)
|        ( - -9.303e+04 1 0))
|    ( QUESTION5 1 -1.715e+05 4.686e+02 7.328e+02
|        ( - 1.753e+01 1 0)
|        ( QUESTION4 -1 -1.710e+05 4.102e+02 7.318e+02
|            ( - -4.739e+04 9 0 QUESTION2_10_L -1 1.563e+02 2.086e+02)
|            ( QUESTION3 -1 -1.232e+05 2.947e+02 5.232e+02
|                ( QUESTION0_10_R 1 -5.231e+04 2.936e+02 2.246e+02
|                    ( - -2.200e+03 1 0)
|                    ( - -4.981e+04 8 0 QUESTION19 -1 2.037e+02 2.166e+02))
|                ( QUESTION1 -1 -7.060e+04 2.225e+02 2.986e+02
|                    ( - -1.119e+04 2 0)
|                    ( - -5.919e+04 9 0 SILENCE -1 1.991e+02 2.497e+02))))))
s>    ( WDBNDRY_I 0 -3.192e+05 2.110e+03 1.359e+03
s>        ( QUESTION0_1_R 1 -1.456e+05 1.279e+03 6.260e+02
s>            ( - -5.133e+04 1 0)
s>            ( - -9.303e+04 1 0))
s>        ( QUESTION5 1 -1.715e+05 4.686e+02 7.328e+02
s>            ( - 1.753e+01 1 0)
s>            ( QUESTION4 -1 -1.710e+05 4.102e+02 7.318e+02
s>                ( - -4.739e+04 9 0 QUESTION2_10_L -1 1.563e+02 2.086e+02)
s>                ( QUESTION3 -1 -1.232e+05 2.947e+02 5.232e+02
s>                    ( QUESTION0_10_R 1 -5.231e+04 2.936e+02 2.246e+02
s>                        ( - -2.200e+03 1 0)
s>                        ( - -4.981e+04 8 0 QUESTION19 -1 2.037e+02 2.166e+02))
s>                    ( QUESTION1 -1 -7.060e+04 2.225e+02 2.986e+02
s>                        ( - -1.119e+04 2 0)
s>                        ( - -5.919e+04 9 0 SILENCE -1 1.991e+02 2.497e+02))))))INFO: dtree.c(1478): Final simple tree
|( QUESTION2_19_L -1 -1.674e+05 9.137e+02 7.344e+02
|    ( - -9.912e+04 5 0)
|    ( QUESTION1 -1 -6.741e+04 2.797e+02 2.886e+02
|        ( - -1.836e+04 1 0)
|        ( QUESTION6 -1 -4.877e+04 2.209e+02 2.116e+02
|            ( - -1.848e+03 1 0)
|            ( QUESTION2_18_L -1 -4.670e+04 2.089e+02 2.026e+02
|                ( - -1.950e+04 1 0)
|                ( QUESTION11 -1 -2.699e+04 2.025e+02 1.177e+02
|                    ( - -1.197e+03 1 0)
|                    ( QUESTION5 -1 -2.559e+04 1.281e+02 1.117e+02
|                        ( - -7.302e+03 2 0)
|                        ( QUESTION3 -1 -1.816e+04 1.157e+02 8.110e+01
|                            ( - -4.177e+03 1 0)
|                            ( - -1.387e+04 6 0 SILENCE -1 1.178e+02 6.205e+01))))))))
s>    ( QUESTION2_19_L -1 -1.674e+05 9.137e+02 7.344e+02
s>        ( - -9.912e+04 5 0)
s>        ( QUESTION1 -1 -6.741e+04 2.797e+02 2.886e+02
s>            ( - -1.836e+04 1 0)
s>            ( QUESTION6 -1 -4.877e+04 2.209e+02 2.116e+02
s>                ( - -1.848e+03 1 0)
s>                ( QUESTION2_18_L -1 -4.670e+04 2.089e+02 2.026e+02
s>                    ( - -1.950e+04 1 0)
s>                    ( QUESTION11 -1 -2.699e+04 2.025e+02 1.177e+02
s>                        ( - -1.197e+03 1 0)
s>                        ( QUESTION5 -1 -2.559e+04 1.281e+02 1.117e+02
s>                            ( - -7.302e+03 2 0)
s>                            ( QUESTION3 -1 -1.816e+04 1.157e+02 8.110e+01
s>                                ( - -4.177e+03 1 0)
s>                                ( - -1.387e+04 6 0 SILENCE -1 1.178e+02 6.205e+01))))))))INFO: dtree.c(1315): Comp split 2
INFO: dtree.c(1478): Final simple tree
|( QUESTION0_6_R 1 -1.800e+05 1.373e+03 7.586e+02
|    ( - -7.558e+04 3 0 QUESTION2_0_L -1 1.729e+02 3.276e+02)
|    ( QUESTION0_1_R 1 -1.030e+05 1.152e+03 4.310e+02
|        ( - -5.971e+04 1 0)
|        ( WDBNDRY_E 0 -4.217e+04 5.416e+02 1.725e+02
|            ( QUESTION0_8_R 1 -1.800e+04 2.646e+02 7.100e+01
|                ( - -5.445e+03 3 0)
|                ( QUESTION0_0_R 1 -1.229e+04 2.105e+02 5.000e+01
|                    ( - -2.136e+03 2 0 QUESTION0_12_R 1 1.162e+02 8.000e+00)
|                    ( - -9.945e+03 2 0)))
|            ( QUESTION0_0_R 1 -2.363e+04 4.964e+02 1.015e+02
|                ( QUESTION0_8_R 1 -1.889e+04 3.872e+02 7.972e+01
|                    ( - -1.121e+04 1 0)
|                    ( - -7.287e+03 1 0))
|                ( - -4.245e+03 1 0)))))
s>    ( QUESTION0_6_R 1 -1.800e+05 1.373e+03 7.586e+02
s>        ( - -7.558e+04 3 0 QUESTION2_0_L -1 1.729e+02 3.276e+02)
s>        ( QUESTION0_1_R 1 -1.030e+05 1.152e+03 4.310e+02
s>            ( - -5.971e+04 1 0)
s>            ( WDBNDRY_E 0 -4.217e+04 5.416e+02 1.725e+02
s>                ( QUESTION0_8_R 1 -1.800e+04 2.646e+02 7.100e+01
s>                    ( - -5.445e+03 3 0)
s>                    ( QUESTION0_0_R 1 -1.229e+04 2.105e+02 5.000e+01
s>                        ( - -2.136e+03 2 0 QUESTION0_12_R 1 1.162e+02 8.000e+00)
s>                        ( - -9.945e+03 2 0)))
s>                ( QUESTION0_0_R 1 -2.363e+04 4.964e+02 1.015e+02
s>                    ( QUESTION0_8_R 1 -1.889e+04 3.872e+02 7.972e+01
s>                        ( - -1.121e+04 1 0)
s>                        ( - -7.287e+03 1 0))
s>                    ( - -4.245e+03 1 0)))))INFO: dtree.c(1478): Final simple tree
|( QUESTION4 1 -2.360e+05 8.343e+02 9.602e+02
|    ( QUESTION0_8_R 1 -5.062e+04 6.065e+02 2.088e+02
|        ( - -2.599e+04 3 0 QUESTION2_3_L -1 2.996e+02 1.053e+02)
|        ( - -2.402e+04 8 0 QUESTION0_7_R 1 2.066e+02 1.035e+02))
|    ( QUESTION2 1 -1.845e+05 7.556e+02 7.514e+02
|        ( QUESTION0_2_R 1 -2.811e+04 5.203e+02 1.249e+02
|            ( - -1.576e+04 5 0 QUESTION2_3_L -1 1.458e+02 6.992e+01)
|            ( - -1.182e+04 6 0 QUESTION2_0_L -1 1.127e+02 5.497e+01))
|        ( SILENCE 1 -1.557e+05 6.733e+02 6.265e+02
|            ( - -2.082e+04 5 0 QUESTION2_3_L -1 2.192e+02 9.367e+01)
|            ( QUESTION0_10_R 1 -1.342e+05 4.727e+02 5.329e+02
|                ( - -3.721e+04 8 0 QUESTION2_3_L -1 2.154e+02 1.538e+02)
|                ( QUESTION2_0_L -1 -9.649e+04 3.229e+02 3.791e+02
|                    ( - -7.391e+04 24 0 QUESTION19 1 3.421e+02 2.911e+02)
|                    ( - -2.225e+04 18 0 QUESTION17 1 4.518e+02 8.797e+01))))))
s>    ( QUESTION4 1 -2.360e+05 8.343e+02 9.602e+02
s>        ( QUESTION0_8_R 1 -5.062e+04 6.065e+02 2.088e+02
s>            ( - -2.599e+04 3 0 QUESTION2_3_L -1 2.996e+02 1.053e+02)
s>            ( - -2.402e+04 8 0 QUESTION0_7_R 1 2.066e+02 1.035e+02))
s>        ( QUESTION2 1 -1.845e+05 7.556e+02 7.514e+02
s>            ( QUESTION0_2_R 1 -2.811e+04 5.203e+02 1.249e+02
s>                ( - -1.576e+04 5 0 QUESTION2_3_L -1 1.458e+02 6.992e+01)
s>                ( - -1.182e+04 6 0 QUESTION2_0_L -1 1.127e+02 5.497e+01))
s>            ( SILENCE 1 -1.557e+05 6.733e+02 6.265e+02
s>                ( - -2.082e+04 5 0 QUESTION2_3_L -1 2.192e+02 9.367e+01)
s>                ( QUESTION0_10_R 1 -1.342e+05 4.727e+02 5.329e+02
s>                    ( - -3.721e+04 8 0 QUESTION2_3_L -1 2.154e+02 1.538e+02)
s>                    ( QUESTION2_0_L -1 -9.649e+04 3.229e+02 3.791e+02
s>                        ( - -7.391e+04 24 0 QUESTION19 1 3.421e+02 2.911e+02)
s>                        ( - -2.225e+04 18 0 QUESTION17 1 4.518e+02 8.797e+01))))))INFO: dtree.c(1315): Comp split 3
INFO: dtree.c(1478): Final simple tree
|( QUESTION5 1 -1.715e+05 4.686e+02 7.328e+02
|    ( - 1.753e+01 1 0)
|    ( QUESTION4 -1 -1.710e+05 4.102e+02 7.318e+02
|        ( - -4.739e+04 9 0 QUESTION2_10_L -1 1.563e+02 2.086e+02)
|        ( QUESTION3 -1 -1.232e+05 2.947e+02 5.232e+02
|            ( QUESTION0_10_R 1 -5.231e+04 2.936e+02 2.246e+02
|                ( - -2.200e+03 1 0)
|                ( QUESTION19 -1 -4.981e+04 2.037e+02 2.166e+02
|                    ( - -1.234e+04 2 0 QUESTION0_8_R 1 1.349e+02 5.238e+01)
|                    ( - -3.727e+04 6 0 WDBNDRY_B 0 1.873e+02 1.643e+02)))
|            ( QUESTION1 -1 -7.060e+04 2.225e+02 2.986e+02
|                ( - -1.119e+04 2 0)
|                ( SILENCE -1 -5.919e+04 1.991e+02 2.497e+02
|                    ( - -7.628e+03 3 0 QUESTION0_8_R 1 1.552e+02 3.301e+01)
|                    ( - -5.136e+04 6 0))))))
s>    ( QUESTION5 1 -1.715e+05 4.686e+02 7.328e+02
s>        ( - 1.753e+01 1 0)
s>        ( QUESTION4 -1 -1.710e+05 4.102e+02 7.318e+02
s>            ( - -4.739e+04 9 0 QUESTION2_10_L -1 1.563e+02 2.086e+02)
s>            ( QUESTION3 -1 -1.232e+05 2.947e+02 5.232e+02
s>                ( QUESTION0_10_R 1 -5.231e+04 2.936e+02 2.246e+02
s>                    ( - -2.200e+03 1 0)
s>                    ( QUESTION19 -1 -4.981e+04 2.037e+02 2.166e+02
s>                        ( - -1.234e+04 2 0 QUESTION0_8_R 1 1.349e+02 5.238e+01)
s>                        ( - -3.727e+04 6 0 WDBNDRY_B 0 1.873e+02 1.643e+02)))
s>                ( QUESTION1 -1 -7.060e+04 2.225e+02 2.986e+02
s>                    ( - -1.119e+04 2 0)
s>                    ( SILENCE -1 -5.919e+04 1.991e+02 2.497e+02
s>                        ( - -7.628e+03 3 0 QUESTION0_8_R 1 1.552e+02 3.301e+01)
s>                        ( - -5.136e+04 6 0))))))INFO: dtree.c(1439): stop. leaf nodes are specific
INFO: dtree.c(1478): Final simple tree
|( QUESTION0_1_R 1 -1.456e+05 1.279e+03 6.260e+02
|    ( - -5.133e+04 1 0)
|    ( - -9.303e+04 1 0))
s>    ( QUESTION0_1_R 1 -1.456e+05 1.279e+03 6.260e+02
s>        ( - -5.133e+04 1 0)
s>        ( - -9.303e+04 1 0))INFO: dtree.c(1315): Comp split 4
INFO: dtree.c(1478): Final simple tree
|( QUESTION0_1_R 1 -1.030e+05 1.152e+03 4.310e+02
|    ( - -5.971e+04 1 0)
|    ( WDBNDRY_E 0 -4.217e+04 5.416e+02 1.725e+02
|        ( QUESTION0_8_R 1 -1.800e+04 2.646e+02 7.100e+01
|            ( - -5.445e+03 3 0)
|            ( QUESTION0_0_R 1 -1.229e+04 2.105e+02 5.000e+01
|                ( QUESTION0_12_R 1 -2.136e+03 1.162e+02 8.000e+00
|                    ( - -8.680e+02 1 0)
|                    ( - -1.152e+03 1 0))
|                ( - -9.945e+03 2 0)))
|        ( QUESTION0_0_R 1 -2.363e+04 4.964e+02 1.015e+02
|            ( QUESTION0_8_R 1 -1.889e+04 3.872e+02 7.972e+01
|                ( - -1.121e+04 1 0)
|                ( - -7.287e+03 1 0))
|            ( - -4.245e+03 1 0))))
s>    ( QUESTION0_1_R 1 -1.030e+05 1.152e+03 4.310e+02
s>        ( - -5.971e+04 1 0)
s>        ( WDBNDRY_E 0 -4.217e+04 5.416e+02 1.725e+02
s>            ( QUESTION0_8_R 1 -1.800e+04 2.646e+02 7.100e+01
s>                ( - -5.445e+03 3 0)
s>                ( QUESTION0_0_R 1 -1.229e+04 2.105e+02 5.000e+01
s>                    ( QUESTION0_12_R 1 -2.136e+03 1.162e+02 8.000e+00
s>                        ( - -8.680e+02 1 0)
s>                        ( - -1.152e+03 1 0))
s>                    ( - -9.945e+03 2 0)))
s>            ( QUESTION0_0_R 1 -2.363e+04 4.964e+02 1.015e+02
s>                ( QUESTION0_8_R 1 -1.889e+04 3.872e+02 7.972e+01
s>                    ( - -1.121e+04 1 0)
s>                    ( - -7.287e+03 1 0))
s>                ( - -4.245e+03 1 0))))INFO: dtree.c(1439): stop. leaf nodes are specific
INFO: dtree.c(1478): Final simple tree
|( QUESTION2_0_L -1 -7.558e+04 1.729e+02 3.276e+02
|    ( QUESTION2_13_L -1 -7.398e+04 9.730e+01 3.206e+02
|        ( - -6.854e+04 1 0)
|        ( - -5.345e+03 1 0))
|    ( - -1.430e+03 1 0))
s>    ( QUESTION2_0_L -1 -7.558e+04 1.729e+02 3.276e+02
s>        ( QUESTION2_13_L -1 -7.398e+04 9.730e+01 3.206e+02
s>            ( - -6.854e+04 1 0)
s>            ( - -5.345e+03 1 0))
s>        ( - -1.430e+03 1 0))INFO: dtree.c(1315): Comp split 5
INFO: dtree.c(1315): Comp split 6
INFO: dtree.c(1478): Final simple tree
|( QUESTION4 1 -1.855e+05 7.160e+02 7.417e+02
|    ( QUESTION0_8_R 1 -5.062e+04 6.065e+02 2.088e+02
|        ( QUESTION2_3_L -1 -2.599e+04 2.996e+02 1.053e+02
|            ( - -4.447e+03 1 0)
|            ( - -2.125e+04 2 0))
|        ( - -2.402e+04 8 0 QUESTION0_7_R 1 2.066e+02 1.035e+02))
|    ( QUESTION0_10_R 1 -1.342e+05 4.727e+02 5.329e+02
|        ( - -3.721e+04 8 0 QUESTION2_3_L -1 2.154e+02 1.538e+02)
|        ( QUESTION2_0_L -1 -9.649e+04 3.229e+02 3.791e+02
|            ( QUESTION19 1 -7.391e+04 3.421e+02 2.911e+02
|                ( - -9.442e+03 3 0 QUESTION0_1_R 1 1.976e+02 3.648e+01)
|                ( - -6.413e+04 21 0 QUESTION6 1 2.154e+02 2.547e+02))
|            ( QUESTION17 1 -2.225e+04 4.518e+02 8.797e+01
|                ( - 2.414e+02 1 0)
|                ( - -2.204e+04 17 0 QUESTION6 1 2.217e+02 8.697e+01)))))
s>    ( QUESTION4 1 -1.855e+05 7.160e+02 7.417e+02
s>        ( QUESTION0_8_R 1 -5.062e+04 6.065e+02 2.088e+02
s>            ( QUESTION2_3_L -1 -2.599e+04 2.996e+02 1.053e+02
s>                ( - -4.447e+03 1 0)
s>                ( - -2.125e+04 2 0))
s>            ( - -2.402e+04 8 0 QUESTION0_7_R 1 2.066e+02 1.035e+02))
s>        ( QUESTION0_10_R 1 -1.342e+05 4.727e+02 5.329e+02
s>            ( - -3.721e+04 8 0 QUESTION2_3_L -1 2.154e+02 1.538e+02)
s>            ( QUESTION2_0_L -1 -9.649e+04 3.229e+02 3.791e+02
s>                ( QUESTION19 1 -7.391e+04 3.421e+02 2.911e+02
s>                    ( - -9.442e+03 3 0 QUESTION0_1_R 1 1.976e+02 3.648e+01)
s>                    ( - -6.413e+04 21 0 QUESTION6 1 2.154e+02 2.547e+02))
s>                ( QUESTION17 1 -2.225e+04 4.518e+02 8.797e+01
s>                    ( - 2.414e+02 1 0)
s>                    ( - -2.204e+04 17 0 QUESTION6 1 2.217e+02 8.697e+01)))))INFO: dtree.c(1478): Final simple tree
|( QUESTION0_2_R 1 -4.920e+04 4.827e+02 2.186e+02
|    ( QUESTION2_3_L -1 -1.576e+04 1.458e+02 6.992e+01
|        ( - -5.006e+02 1 0)
|        ( QUESTION2_0_L -1 -1.512e+04 1.377e+02 6.692e+01
|            ( - -3.664e+03 1 0)
|            ( - -1.132e+04 3 0)))
|    ( QUESTION2_0_L -1 -3.295e+04 3.688e+02 1.486e+02
|        ( QUESTION2_3_L -1 -1.881e+04 1.859e+02 8.379e+01
|            ( SILENCE 1 -7.102e+03 1.178e+02 3.162e+01
|                ( - -5.928e+03 1 0)
|                ( - -1.056e+03 2 0))
|            ( - -1.152e+04 2 0 SILENCE 1 7.349e+01 5.217e+01))
|        ( SILENCE 1 -1.377e+04 1.733e+02 6.485e+01
|            ( - -3.503e+03 3 0)
|            ( - -1.010e+04 3 0))))
s>    ( QUESTION0_2_R 1 -4.920e+04 4.827e+02 2.186e+02
s>        ( QUESTION2_3_L -1 -1.576e+04 1.458e+02 6.992e+01
s>            ( - -5.006e+02 1 0)
s>            ( QUESTION2_0_L -1 -1.512e+04 1.377e+02 6.692e+01
s>                ( - -3.664e+03 1 0)
s>                ( - -1.132e+04 3 0)))
s>        ( QUESTION2_0_L -1 -3.295e+04 3.688e+02 1.486e+02
s>            ( QUESTION2_3_L -1 -1.881e+04 1.859e+02 8.379e+01
s>                ( SILENCE 1 -7.102e+03 1.178e+02 3.162e+01
s>                    ( - -5.928e+03 1 0)
s>                    ( - -1.056e+03 2 0))
s>                ( - -1.152e+04 2 0 SILENCE 1 7.349e+01 5.217e+01))
s>            ( SILENCE 1 -1.377e+04 1.733e+02 6.485e+01
s>                ( - -3.503e+03 3 0)
s>                ( - -1.010e+04 3 0))))INFO: dtree.c(1315): Comp split 7
INFO: dtree.c(1439): stop. leaf nodes are specific
INFO: dtree.c(1478): Final simple tree
|( WDBNDRY_E 0 -4.217e+04 5.416e+02 1.725e+02
|    ( QUESTION0_8_R 1 -1.800e+04 2.646e+02 7.100e+01
|        ( - -5.445e+03 3 0)
|        ( QUESTION0_0_R 1 -1.229e+04 2.105e+02 5.000e+01
|            ( QUESTION0_12_R 1 -2.136e+03 1.162e+02 8.000e+00
|                ( - -8.680e+02 1 0)
|                ( - -1.152e+03 1 0))
|            ( - -9.945e+03 2 0)))
|    ( QUESTION0_0_R 1 -2.363e+04 4.964e+02 1.015e+02
|        ( QUESTION0_8_R 1 -1.889e+04 3.872e+02 7.972e+01
|            ( - -1.121e+04 1 0)
|            ( - -7.287e+03 1 0))
|        ( - -4.245e+03 1 0)))
s>    ( WDBNDRY_E 0 -4.217e+04 5.416e+02 1.725e+02
s>        ( QUESTION0_8_R 1 -1.800e+04 2.646e+02 7.100e+01
s>            ( - -5.445e+03 3 0)
s>            ( QUESTION0_0_R 1 -1.229e+04 2.105e+02 5.000e+01
s>                ( QUESTION0_12_R 1 -2.136e+03 1.162e+02 8.000e+00
s>                    ( - -8.680e+02 1 0)
s>                    ( - -1.152e+03 1 0))
s>                ( - -9.945e+03 2 0)))
s>        ( QUESTION0_0_R 1 -2.363e+04 4.964e+02 1.015e+02
s>            ( QUESTION0_8_R 1 -1.889e+04 3.872e+02 7.972e+01
s>                ( - -1.121e+04 1 0)
s>                ( - -7.287e+03 1 0))
s>            ( - -4.245e+03 1 0)))INFO: dtree.c(1315): Comp split 8
INFO: dtree.c(1439): stop. leaf nodes are specific
INFO: dtree.c(1478): Final simple tree
|( QUESTION4 -1 -1.005e+05 2.166e+02 4.518e+02
|    ( - -9.912e+04 5 0)
|    ( - -1.197e+03 1 0))
s>    ( QUESTION4 -1 -1.005e+05 2.166e+02 4.518e+02
s>        ( - -9.912e+04 5 0)
s>        ( - -1.197e+03 1 0))INFO: dtree.c(1439): stop. leaf nodes are specific
INFO: dtree.c(1478): Final simple tree
|( QUESTION1 -1 -6.599e+04 2.643e+02 2.826e+02
|    ( - -1.836e+04 1 0)
|    ( QUESTION6 -1 -4.737e+04 2.267e+02 2.056e+02
|        ( - -1.848e+03 1 0)
|        ( QUESTION2_9_L -1 -4.529e+04 2.027e+02 1.966e+02
|            ( - -1.950e+04 1 0)
|            ( QUESTION5 -1 -2.559e+04 1.281e+02 1.117e+02
|                ( - -7.302e+03 2 0)
|                ( QUESTION3 -1 -1.816e+04 1.157e+02 8.110e+01
|                    ( - -4.177e+03 1 0)
|                    ( SILENCE -1 -1.387e+04 1.178e+02 6.205e+01
|                        ( - -5.672e+03 2 0)
|                        ( - -8.077e+03 4 0)))))))
s>    ( QUESTION1 -1 -6.599e+04 2.643e+02 2.826e+02
s>        ( - -1.836e+04 1 0)
s>        ( QUESTION6 -1 -4.737e+04 2.267e+02 2.056e+02
s>            ( - -1.848e+03 1 0)
s>            ( QUESTION2_9_L -1 -4.529e+04 2.027e+02 1.966e+02
s>                ( - -1.950e+04 1 0)
s>                ( QUESTION5 -1 -2.559e+04 1.281e+02 1.117e+02
s>                    ( - -7.302e+03 2 0)
s>                    ( QUESTION3 -1 -1.816e+04 1.157e+02 8.110e+01
s>                        ( - -4.177e+03 1 0)
s>                        ( SILENCE -1 -1.387e+04 1.178e+02 6.205e+01
s>                            ( - -5.672e+03 2 0)
s>                            ( - -8.077e+03 4 0)))))))INFO: dtree.c(1315): Comp split 9
INFO: dtree.c(1439): stop. leaf nodes are specific
INFO: dtree.c(1478): Final simple tree
|( QUESTION2_3_L -1 -2.599e+04 2.996e+02 1.053e+02
|    ( - -4.447e+03 1 0)
|    ( - -2.125e+04 2 0))
s>    ( QUESTION2_3_L -1 -2.599e+04 2.996e+02 1.053e+02
s>        ( - -4.447e+03 1 0)
s>        ( - -2.125e+04 2 0))INFO: dtree.c(1478): Final simple tree
|( QUESTION0_10_R 1 -1.586e+05 5.078e+02 6.364e+02
|    ( - -3.721e+04 8 0 QUESTION2_3_L -1 2.154e+02 1.538e+02)
|    ( QUESTION4 1 -1.209e+05 4.177e+02 4.826e+02
|        ( - -2.402e+04 8 0 QUESTION0_7_R 1 2.066e+02 1.035e+02)
|        ( QUESTION2_0_L -1 -9.649e+04 3.229e+02 3.791e+02
|            ( QUESTION19 1 -7.391e+04 3.421e+02 2.911e+02
|                ( - -9.442e+03 3 0 QUESTION0_1_R 1 1.976e+02 3.648e+01)
|                ( QUESTION6 1 -6.413e+04 2.154e+02 2.547e+02
|                    ( - -5.835e+03 5 0 QUESTION2_3_L -1 1.539e+02 2.102e+01)
|                    ( - -5.808e+04 16 0 QUESTION15 1 2.071e+02 2.336e+02)))
|            ( QUESTION17 1 -2.225e+04 4.518e+02 8.797e+01
|                ( - 2.414e+02 1 0)
|                ( QUESTION6 1 -2.204e+04 2.217e+02 8.697e+01
|                    ( - -1.242e+03 1 0)
|                    ( - -2.058e+04 16 0 QUESTION18 1 1.601e+02 8.097e+01))))))
s>    ( QUESTION0_10_R 1 -1.586e+05 5.078e+02 6.364e+02
s>        ( - -3.721e+04 8 0 QUESTION2_3_L -1 2.154e+02 1.538e+02)
s>        ( QUESTION4 1 -1.209e+05 4.177e+02 4.826e+02
s>            ( - -2.402e+04 8 0 QUESTION0_7_R 1 2.066e+02 1.035e+02)
s>            ( QUESTION2_0_L -1 -9.649e+04 3.229e+02 3.791e+02
s>                ( QUESTION19 1 -7.391e+04 3.421e+02 2.911e+02
s>                    ( - -9.442e+03 3 0 QUESTION0_1_R 1 1.976e+02 3.648e+01)
s>                    ( QUESTION6 1 -6.413e+04 2.154e+02 2.547e+02
s>                        ( - -5.835e+03 5 0 QUESTION2_3_L -1 1.539e+02 2.102e+01)
s>                        ( - -5.808e+04 16 0 QUESTION15 1 2.071e+02 2.336e+02)))
s>                ( QUESTION17 1 -2.225e+04 4.518e+02 8.797e+01
s>                    ( - 2.414e+02 1 0)
s>                    ( QUESTION6 1 -2.204e+04 2.217e+02 8.697e+01
s>                        ( - -1.242e+03 1 0)
s>                        ( - -2.058e+04 16 0 QUESTION18 1 1.601e+02 8.097e+01))))))INFO: dtree.c(1315): Comp split 10
INFO: dtree.c(1439): stop. leaf nodes are specific
INFO: dtree.c(1478): Final simple tree
|( QUESTION0_9_R 1 -2.561e+04 3.277e+02 1.010e+02
|    ( WDBNDRY_E 0 -9.638e+03 2.145e+02 3.798e+01
|        ( QUESTION0_12_R 1 -2.136e+03 1.162e+02 8.000e+00
|            ( - -8.680e+02 1 0)
|            ( - -1.152e+03 1 0))
|        ( - -7.287e+03 1 0))
|    ( QUESTION0_0_R 1 -1.565e+04 2.588e+02 6.300e+01
|        ( - -5.445e+03 3 0)
|        ( - -9.945e+03 2 0)))
s>    ( QUESTION0_9_R 1 -2.561e+04 3.277e+02 1.010e+02
s>        ( WDBNDRY_E 0 -9.638e+03 2.145e+02 3.798e+01
s>            ( QUESTION0_12_R 1 -2.136e+03 1.162e+02 8.000e+00
s>                ( - -8.680e+02 1 0)
s>                ( - -1.152e+03 1 0))
s>            ( - -7.287e+03 1 0))
s>        ( QUESTION0_0_R 1 -1.565e+04 2.588e+02 6.300e+01
s>            ( - -5.445e+03 3 0)
s>            ( - -9.945e+03 2 0)))INFO: dtree.c(1439): stop. leaf nodes are specific
INFO: dtree.c(1478): Final simple tree
|( QUESTION0_0_R 1 -1.590e+04 4.405e+02 7.149e+01
|    ( - -1.121e+04 1 0)
|    ( - -4.245e+03 1 0))
s>    ( QUESTION0_0_R 1 -1.590e+04 4.405e+02 7.149e+01
s>        ( - -1.121e+04 1 0)
s>        ( - -4.245e+03 1 0))INFO: dtree.c(1315): Comp split 11
INFO: dtree.c(1478): Final simple tree
|( QUESTION0_4_R 1 -4.844e+04 3.534e+02 1.962e+02
|    ( - -8.457e+03 2 0 QUESTION2_3_L -1 1.511e+02 3.348e+01)
|    ( QUESTION0_1_R 1 -3.963e+04 2.466e+02 1.628e+02
|        ( - -1.242e+03 1 0)
|        ( QUESTION2_3_L -1 -3.814e+04 2.021e+02 1.568e+02
|            ( QUESTION6 1 -7.513e+03 2.005e+02 2.951e+01
|                ( - -2.735e+03 1 0)
|                ( QUESTION0_10_R 1 -4.577e+03 1.521e+02 1.751e+01
|                    ( - -3.638e+03 1 0)
|                    ( - -7.875e+02 1 0)))
|            ( QUESTION2_0_L -1 -3.043e+04 1.707e+02 1.272e+02
|                ( QUESTION0 1 -2.224e+04 1.841e+02 9.431e+01
|                    ( - -2.156e+04 1 0)
|                    ( - -4.876e+02 1 0))
|                ( - -8.021e+03 4 0 QUESTION0 1 1.310e+02 3.293e+01)))))
s>    ( QUESTION0_4_R 1 -4.844e+04 3.534e+02 1.962e+02
s>        ( - -8.457e+03 2 0 QUESTION2_3_L -1 1.511e+02 3.348e+01)
s>        ( QUESTION0_1_R 1 -3.963e+04 2.466e+02 1.628e+02
s>            ( - -1.242e+03 1 0)
s>            ( QUESTION2_3_L -1 -3.814e+04 2.021e+02 1.568e+02
s>                ( QUESTION6 1 -7.513e+03 2.005e+02 2.951e+01
s>                    ( - -2.735e+03 1 0)
s>                    ( QUESTION0_10_R 1 -4.577e+03 1.521e+02 1.751e+01
s>                        ( - -3.638e+03 1 0)
s>                        ( - -7.875e+02 1 0)))
s>                ( QUESTION2_0_L -1 -3.043e+04 1.707e+02 1.272e+02
s>                    ( QUESTION0 1 -2.224e+04 1.841e+02 9.431e+01
s>                        ( - -2.156e+04 1 0)
s>                        ( - -4.876e+02 1 0))
s>                    ( - -8.021e+03 4 0 QUESTION0 1 1.310e+02 3.293e+01)))))INFO: dtree.c(1478): Final simple tree
|( QUESTION0_17_R 1 -1.096e+05 3.718e+02 4.401e+02
|    ( - -1.363e+04 2 0 QUESTION2_3_L -1 8.773e+01 6.194e+01)
|    ( QUESTION2_0_L -1 -9.558e+04 2.824e+02 3.782e+02
|        ( QUESTION0_14_R 1 -7.451e+04 4.466e+02 2.962e+02
|            ( - 1.703e+02 1 0)
|            ( QUESTION6 1 -7.423e+04 2.208e+02 2.952e+02
|                ( - -5.835e+03 5 0 QUESTION2_3_L -1 1.539e+02 2.102e+01)
|                ( QUESTION15 1 -6.817e+04 2.131e+02 2.742e+02
|                    ( - -8.263e+03 2 0 QUESTION2_3_L -1 1.959e+02 3.317e+01)
|                    ( QUESTION0_9_R 1 -5.970e+04 2.211e+02 2.410e+02
|                        ( - -2.387e+04 4 0 QUESTION2_3_L -1 2.494e+02 1.046e+02)
|                        ( - -3.560e+04 15 0 QUESTION2_3_L -1 1.865e+02 1.364e+02)))))
|        ( QUESTION17 1 -2.079e+04 4.503e+02 8.197e+01
|            ( - 2.414e+02 1 0)
|            ( - -2.058e+04 16 0 QUESTION18 1 1.601e+02 8.097e+01))))
s>    ( QUESTION0_17_R 1 -1.096e+05 3.718e+02 4.401e+02
s>        ( - -1.363e+04 2 0 QUESTION2_3_L -1 8.773e+01 6.194e+01)
s>        ( QUESTION2_0_L -1 -9.558e+04 2.824e+02 3.782e+02
s>            ( QUESTION0_14_R 1 -7.451e+04 4.466e+02 2.962e+02
s>                ( - 1.703e+02 1 0)
s>                ( QUESTION6 1 -7.423e+04 2.208e+02 2.952e+02
s>                    ( - -5.835e+03 5 0 QUESTION2_3_L -1 1.539e+02 2.102e+01)
s>                    ( QUESTION15 1 -6.817e+04 2.131e+02 2.742e+02
s>                        ( - -8.263e+03 2 0 QUESTION2_3_L -1 1.959e+02 3.317e+01)
s>                        ( QUESTION0_9_R 1 -5.970e+04 2.211e+02 2.410e+02
s>                            ( - -2.387e+04 4 0 QUESTION2_3_L -1 2.494e+02 1.046e+02)
s>                            ( - -3.560e+04 15 0 QUESTION2_3_L -1 1.865e+02 1.364e+02)))))
s>            ( QUESTION17 1 -2.079e+04 4.503e+02 8.197e+01
s>                ( - 2.414e+02 1 0)
s>                ( - -2.058e+04 16 0 QUESTION18 1 1.601e+02 8.097e+01))))INFO: dtree.c(1315): Comp split 12
INFO: dtree.c(1439): stop. leaf nodes are specific
INFO: dtree.c(1478): Final simple tree
|( SILENCE 1 -1.377e+04 1.733e+02 6.485e+01
|    ( - -3.503e+03 3 0)
|    ( - -1.010e+04 3 0))
s>    ( SILENCE 1 -1.377e+04 1.733e+02 6.485e+01
s>        ( - -3.503e+03 3 0)
s>        ( - -1.010e+04 3 0))INFO: dtree.c(1439): stop. leaf nodes are specific
INFO: dtree.c(1478): Final simple tree
|( QUESTION0_2_R 1 -3.488e+04 3.041e+02 1.537e+02
|    ( QUESTION2_3_L -1 -1.576e+04 1.458e+02 6.992e+01
|        ( - -5.006e+02 1 0)
|        ( QUESTION2_0_L -1 -1.512e+04 1.377e+02 6.692e+01
|            ( - -3.664e+03 1 0)
|            ( - -1.132e+04 3 0)))
|    ( QUESTION2_3_L -1 -1.881e+04 1.859e+02 8.379e+01
|        ( SILENCE 1 -7.102e+03 1.178e+02 3.162e+01
|            ( - -5.928e+03 1 0)
|            ( - -1.056e+03 2 0))
|        ( SILENCE 1 -1.152e+04 7.349e+01 5.217e+01
|            ( - -1.098e+04 1 0)
|            ( - -4.701e+02 1 0))))
s>    ( QUESTION0_2_R 1 -3.488e+04 3.041e+02 1.537e+02
s>        ( QUESTION2_3_L -1 -1.576e+04 1.458e+02 6.992e+01
s>            ( - -5.006e+02 1 0)
s>            ( QUESTION2_0_L -1 -1.512e+04 1.377e+02 6.692e+01
s>                ( - -3.664e+03 1 0)
s>                ( - -1.132e+04 3 0)))
s>        ( QUESTION2_3_L -1 -1.881e+04 1.859e+02 8.379e+01
s>            ( SILENCE 1 -7.102e+03 1.178e+02 3.162e+01
s>                ( - -5.928e+03 1 0)
s>                ( - -1.056e+03 2 0))
s>            ( SILENCE 1 -1.152e+04 7.349e+01 5.217e+01
s>                ( - -1.098e+04 1 0)
s>                ( - -4.701e+02 1 0))))INFO: dtree.c(1315): Comp split 13
INFO: dtree.c(1478): Final simple tree
|( QUESTION19 -1 -6.113e+04 2.232e+02 2.655e+02
|    ( QUESTION0_8_R 1 -1.234e+04 1.349e+02 5.238e+01
|        ( - -1.051e+04 1 0)
|        ( - -1.698e+03 1 0))
|    ( WDBNDRY_B 0 -4.856e+04 1.856e+02 2.132e+02
|        ( QUESTION13 -1 -4.782e+04 1.808e+02 2.102e+02
|            ( - -2.737e+03 1 0)
|            ( QUESTION0_8_R 1 -4.490e+04 1.405e+02 1.982e+02
|                ( QUESTION10 -1 -4.268e+04 1.229e+02 1.882e+02
|                    ( - -2.942e+04 2 0)
|                    ( QUESTION0 -1 -1.314e+04 1.006e+02 5.791e+01
|                        ( - -1.119e+04 2 0)
|                        ( - -1.854e+03 1 0)))
|                ( - -2.082e+03 1 0)))
|        ( - -5.555e+02 1 0)))
s>    ( QUESTION19 -1 -6.113e+04 2.232e+02 2.655e+02
s>        ( QUESTION0_8_R 1 -1.234e+04 1.349e+02 5.238e+01
s>            ( - -1.051e+04 1 0)
s>            ( - -1.698e+03 1 0))
s>        ( WDBNDRY_B 0 -4.856e+04 1.856e+02 2.132e+02
s>            ( QUESTION13 -1 -4.782e+04 1.808e+02 2.102e+02
s>                ( - -2.737e+03 1 0)
s>                ( QUESTION0_8_R 1 -4.490e+04 1.405e+02 1.982e+02
s>                    ( QUESTION10 -1 -4.268e+04 1.229e+02 1.882e+02
s>                        ( - -2.942e+04 2 0)
s>                        ( QUESTION0 -1 -1.314e+04 1.006e+02 5.791e+01
s>                            ( - -1.119e+04 2 0)
s>                            ( - -1.854e+03 1 0)))
s>                    ( - -2.082e+03 1 0)))
s>            ( - -5.555e+02 1 0)))INFO: dtree.c(1478): Final simple tree
|( QUESTION5 1 -1.098e+05 4.691e+02 4.672e+02
|    ( - 1.753e+01 1 0)
|    ( QUESTION4 -1 -1.094e+05 2.991e+02 4.662e+02
|        ( QUESTION2_10_L -1 -4.739e+04 1.563e+02 2.086e+02
|            ( - -4.020e+03 1 0)
|            ( QUESTION2_9_L -1 -4.322e+04 1.456e+02 1.916e+02
|                ( - -9.714e+02 1 0)
|                ( - -4.210e+04 7 0 QUESTION0_8_R 1 1.185e+02 1.866e+02)))
|        ( WDBNDRY_B 0 -6.167e+04 2.824e+02 2.577e+02
|            ( SILENCE -1 -5.919e+04 1.991e+02 2.497e+02
|                ( QUESTION0_8_R 1 -7.628e+03 1.552e+02 3.301e+01
|                    ( - -6.721e+03 2 0)
|                    ( - -7.520e+02 1 0))
|                ( - -5.136e+04 6 0))
|            ( - -2.200e+03 1 0))))
s>    ( QUESTION5 1 -1.098e+05 4.691e+02 4.672e+02
s>        ( - 1.753e+01 1 0)
s>        ( QUESTION4 -1 -1.094e+05 2.991e+02 4.662e+02
s>            ( QUESTION2_10_L -1 -4.739e+04 1.563e+02 2.086e+02
s>                ( - -4.020e+03 1 0)
s>                ( QUESTION2_9_L -1 -4.322e+04 1.456e+02 1.916e+02
s>                    ( - -9.714e+02 1 0)
s>                    ( - -4.210e+04 7 0 QUESTION0_8_R 1 1.185e+02 1.866e+02)))
s>            ( WDBNDRY_B 0 -6.167e+04 2.824e+02 2.577e+02
s>                ( SILENCE -1 -5.919e+04 1.991e+02 2.497e+02
s>                    ( QUESTION0_8_R 1 -7.628e+03 1.552e+02 3.301e+01
s>                        ( - -6.721e+03 2 0)
s>                        ( - -7.520e+02 1 0))
s>                    ( - -5.136e+04 6 0))
s>                ( - -2.200e+03 1 0))))INFO: dtree.c(1315): Comp split 14
INFO: dtree.c(1478): Final simple tree
|( QUESTION4 -1 -1.094e+05 2.991e+02 4.662e+02
|    ( QUESTION2_10_L -1 -4.739e+04 1.563e+02 2.086e+02
|        ( - -4.020e+03 1 0)
|        ( QUESTION2_9_L -1 -4.322e+04 1.456e+02 1.916e+02
|            ( - -9.714e+02 1 0)
|            ( QUESTION0_8_R 1 -4.210e+04 1.185e+02 1.866e+02
|                ( - -4.016e+04 6 0 QUESTION2_0_L -1 9.624e+01 1.786e+02)
|                ( - -1.822e+03 1 0))))
|    ( WDBNDRY_B 0 -6.167e+04 2.824e+02 2.577e+02
|        ( SILENCE -1 -5.919e+04 1.991e+02 2.497e+02
|            ( QUESTION0_8_R 1 -7.628e+03 1.552e+02 3.301e+01
|                ( - -6.721e+03 2 0)
|                ( - -7.520e+02 1 0))
|            ( - -5.136e+04 6 0))
|        ( - -2.200e+03 1 0)))
s>    ( QUESTION4 -1 -1.094e+05 2.991e+02 4.662e+02
s>        ( QUESTION2_10_L -1 -4.739e+04 1.563e+02 2.086e+02
s>            ( - -4.020e+03 1 0)
s>            ( QUESTION2_9_L -1 -4.322e+04 1.456e+02 1.916e+02
s>                ( - -9.714e+02 1 0)
s>                ( QUESTION0_8_R 1 -4.210e+04 1.185e+02 1.866e+02
s>                    ( - -4.016e+04 6 0 QUESTION2_0_L -1 9.624e+01 1.786e+02)
s>                    ( - -1.822e+03 1 0))))
s>        ( WDBNDRY_B 0 -6.167e+04 2.824e+02 2.577e+02
s>            ( SILENCE -1 -5.919e+04 1.991e+02 2.497e+02
s>                ( QUESTION0_8_R 1 -7.628e+03 1.552e+02 3.301e+01
s>                    ( - -6.721e+03 2 0)
s>                    ( - -7.520e+02 1 0))
s>                ( - -5.136e+04 6 0))
s>            ( - -2.200e+03 1 0)))INFO: dtree.c(1315): Comp split 15
INFO: dtree.c(1478): Final simple tree
|( QUESTION0_17_R 1 -1.094e+05 3.712e+02 4.391e+02
|    ( - -1.363e+04 2 0 QUESTION2_3_L -1 8.773e+01 6.194e+01)
|    ( QUESTION2_0_L -1 -9.537e+04 2.817e+02 3.772e+02
|        ( QUESTION0_14_R 1 -7.451e+04 4.466e+02 2.962e+02
|            ( - 1.703e+02 1 0)
|            ( QUESTION6 1 -7.423e+04 2.208e+02 2.952e+02
|                ( - -5.835e+03 5 0 QUESTION2_3_L -1 1.539e+02 2.102e+01)
|                ( QUESTION15 1 -6.817e+04 2.131e+02 2.742e+02
|                    ( - -8.263e+03 2 0 QUESTION2_3_L -1 1.959e+02 3.317e+01)
|                    ( QUESTION0_9_R 1 -5.970e+04 2.211e+02 2.410e+02
|                        ( QUESTION2_3_L -1 -2.387e+04 2.494e+02 1.046e+02
|                            ( - -8.038e+03 2 0 QUESTION0_12_R 1 4.713e+02 3.201e+01)
|                            ( - -1.559e+04 2 0 QUESTION0_12_R 1 1.192e+02 7.259e+01))
|                        ( - -3.560e+04 15 0 QUESTION2_3_L -1 1.865e+02 1.364e+02)))))
|        ( - -2.058e+04 16 0 QUESTION18 1 1.601e+02 8.097e+01)))
s>    ( QUESTION0_17_R 1 -1.094e+05 3.712e+02 4.391e+02
s>        ( - -1.363e+04 2 0 QUESTION2_3_L -1 8.773e+01 6.194e+01)
s>        ( QUESTION2_0_L -1 -9.537e+04 2.817e+02 3.772e+02
s>            ( QUESTION0_14_R 1 -7.451e+04 4.466e+02 2.962e+02
s>                ( - 1.703e+02 1 0)
s>                ( QUESTION6 1 -7.423e+04 2.208e+02 2.952e+02
s>                    ( - -5.835e+03 5 0 QUESTION2_3_L -1 1.539e+02 2.102e+01)
s>                    ( QUESTION15 1 -6.817e+04 2.131e+02 2.742e+02
s>                        ( - -8.263e+03 2 0 QUESTION2_3_L -1 1.959e+02 3.317e+01)
s>                        ( QUESTION0_9_R 1 -5.970e+04 2.211e+02 2.410e+02
s>                            ( QUESTION2_3_L -1 -2.387e+04 2.494e+02 1.046e+02
s>                                ( - -8.038e+03 2 0 QUESTION0_12_R 1 4.713e+02 3.201e+01)
s>                                ( - -1.559e+04 2 0 QUESTION0_12_R 1 1.192e+02 7.259e+01))
s>                            ( - -3.560e+04 15 0 QUESTION2_3_L -1 1.865e+02 1.364e+02)))))
s>            ( - -2.058e+04 16 0 QUESTION18 1 1.601e+02 8.097e+01)))INFO: dtree.c(1315): Comp split 16
INFO: dtree.c(1478): Final simple tree
|( QUESTION12 1 -6.465e+04 2.496e+02 2.494e+02
|    ( QUESTION13 1 -3.300e+04 2.250e+02 1.240e+02
|        ( QUESTION0_8_R 1 -1.701e+04 1.772e+02 6.601e+01
|            ( - -4.746e+02 1 0)
|            ( - -1.636e+04 9 0 QUESTION0_4_R 1 1.481e+02 6.401e+01))
|        ( - -1.577e+04 8 0 QUESTION0_1_R 1 1.587e+02 5.797e+01))
|    ( QUESTION0_9_R 1 -3.140e+04 4.614e+02 1.254e+02
|        ( - 1.262e+02 1 0)
|        ( QUESTION2_9_L -1 -3.106e+04 1.877e+02 1.244e+02
|            ( - -1.116e+04 6 0 QUESTION0_7_R 1 1.680e+02 4.253e+01)
|            ( QUESTION0_1_R 1 -1.972e+04 1.703e+02 8.190e+01
|                ( QUESTION2_0_L -1 -5.469e+03 1.733e+02 2.202e+01
|                    ( - -4.692e+03 2 0 QUESTION0_2_R 1 1.495e+02 1.902e+01)
|                    ( - -6.033e+02 1 0))
|                ( - -1.408e+04 5 0 QUESTION2_0_L -1 1.355e+02 5.988e+01)))))
s>    ( QUESTION12 1 -6.465e+04 2.496e+02 2.494e+02
s>        ( QUESTION13 1 -3.300e+04 2.250e+02 1.240e+02
s>            ( QUESTION0_8_R 1 -1.701e+04 1.772e+02 6.601e+01
s>                ( - -4.746e+02 1 0)
s>                ( - -1.636e+04 9 0 QUESTION0_4_R 1 1.481e+02 6.401e+01))
s>            ( - -1.577e+04 8 0 QUESTION0_1_R 1 1.587e+02 5.797e+01))
s>        ( QUESTION0_9_R 1 -3.140e+04 4.614e+02 1.254e+02
s>            ( - 1.262e+02 1 0)
s>            ( QUESTION2_9_L -1 -3.106e+04 1.877e+02 1.244e+02
s>                ( - -1.116e+04 6 0 QUESTION0_7_R 1 1.680e+02 4.253e+01)
s>                ( QUESTION0_1_R 1 -1.972e+04 1.703e+02 8.190e+01
s>                    ( QUESTION2_0_L -1 -5.469e+03 1.733e+02 2.202e+01
s>                        ( - -4.692e+03 2 0 QUESTION0_2_R 1 1.495e+02 1.902e+01)
s>                        ( - -6.033e+02 1 0))
s>                    ( - -1.408e+04 5 0 QUESTION2_0_L -1 1.355e+02 5.988e+01)))))INFO: dtree.c(1478): Final simple tree
|( QUESTION4 1 -4.425e+04 3.144e+02 1.897e+02
|    ( QUESTION0_12_R 1 -1.502e+04 1.189e+02 6.694e+01
|        ( - -1.390e+04 3 0 QUESTION0_15_R 1 4.424e+02 6.294e+01)
|        ( - -1.002e+03 1 0))
|    ( QUESTION6 1 -2.892e+04 1.835e+02 1.228e+02
|        ( QUESTION2_3_L -1 -5.835e+03 1.539e+02 2.102e+01
|            ( - -3.963e+03 3 0 QUESTION0_1_R 1 1.078e+02 1.502e+01)
|            ( QUESTION0_1_R 1 -1.718e+03 4.391e+02 6.000e+00
|                ( - -1.410e+03 1 0)
|                ( - 1.311e+02 1 0)))
|        ( QUESTION2_3_L -1 -2.290e+04 1.883e+02 1.018e+02
|            ( - -5.274e+03 1 0)
|            ( QUESTION0_1_R 1 -1.744e+04 1.780e+02 8.165e+01
|                ( - -2.793e+03 1 0)
|                ( - -1.447e+04 1 0)))))
s>    ( QUESTION4 1 -4.425e+04 3.144e+02 1.897e+02
s>        ( QUESTION0_12_R 1 -1.502e+04 1.189e+02 6.694e+01
s>            ( - -1.390e+04 3 0 QUESTION0_15_R 1 4.424e+02 6.294e+01)
s>            ( - -1.002e+03 1 0))
s>        ( QUESTION6 1 -2.892e+04 1.835e+02 1.228e+02
s>            ( QUESTION2_3_L -1 -5.835e+03 1.539e+02 2.102e+01
s>                ( - -3.963e+03 3 0 QUESTION0_1_R 1 1.078e+02 1.502e+01)
s>                ( QUESTION0_1_R 1 -1.718e+03 4.391e+02 6.000e+00
s>                    ( - -1.410e+03 1 0)
s>                    ( - 1.311e+02 1 0)))
s>            ( QUESTION2_3_L -1 -2.290e+04 1.883e+02 1.018e+02
s>                ( - -5.274e+03 1 0)
s>                ( QUESTION0_1_R 1 -1.744e+04 1.780e+02 8.165e+01
s>                    ( - -2.793e+03 1 0)
s>                    ( - -1.447e+04 1 0)))))INFO: dtree.c(1315): Comp split 17
INFO: dtree.c(1478): Final simple tree
|( QUESTION12 1 -6.432e+04 2.510e+02 2.484e+02
|    ( QUESTION13 1 -3.300e+04 2.250e+02 1.240e+02
|        ( QUESTION0_8_R 1 -1.701e+04 1.772e+02 6.601e+01
|            ( - -4.746e+02 1 0)
|            ( - -1.636e+04 9 0 QUESTION0_4_R 1 1.481e+02 6.401e+01))
|        ( - -1.577e+04 8 0 QUESTION0_1_R 1 1.587e+02 5.797e+01))
|    ( QUESTION2_9_L -1 -3.106e+04 1.877e+02 1.244e+02
|        ( QUESTION0_7_R 1 -1.116e+04 1.680e+02 4.253e+01
|            ( - -3.266e+03 2 0)
|            ( - -7.727e+03 4 0 QUESTION0_3_R 1 1.443e+02 3.153e+01))
|        ( QUESTION0_1_R 1 -1.972e+04 1.703e+02 8.190e+01
|            ( QUESTION2_0_L -1 -5.469e+03 1.733e+02 2.202e+01
|                ( - -4.692e+03 2 0 QUESTION0_2_R 1 1.495e+02 1.902e+01)
|                ( - -6.033e+02 1 0))
|            ( - -1.408e+04 5 0 QUESTION2_0_L -1 1.355e+02 5.988e+01))))
s>    ( QUESTION12 1 -6.432e+04 2.510e+02 2.484e+02
s>        ( QUESTION13 1 -3.300e+04 2.250e+02 1.240e+02
s>            ( QUESTION0_8_R 1 -1.701e+04 1.772e+02 6.601e+01
s>                ( - -4.746e+02 1 0)
s>                ( - -1.636e+04 9 0 QUESTION0_4_R 1 1.481e+02 6.401e+01))
s>            ( - -1.577e+04 8 0 QUESTION0_1_R 1 1.587e+02 5.797e+01))
s>        ( QUESTION2_9_L -1 -3.106e+04 1.877e+02 1.244e+02
s>            ( QUESTION0_7_R 1 -1.116e+04 1.680e+02 4.253e+01
s>                ( - -3.266e+03 2 0)
s>                ( - -7.727e+03 4 0 QUESTION0_3_R 1 1.443e+02 3.153e+01))
s>            ( QUESTION0_1_R 1 -1.972e+04 1.703e+02 8.190e+01
s>                ( QUESTION2_0_L -1 -5.469e+03 1.733e+02 2.202e+01
s>                    ( - -4.692e+03 2 0 QUESTION0_2_R 1 1.495e+02 1.902e+01)
s>                    ( - -6.033e+02 1 0))
s>                ( - -1.408e+04 5 0 QUESTION2_0_L -1 1.355e+02 5.988e+01))))INFO: dtree.c(1315): Comp split 18
INFO: dtree.c(1478): Final simple tree
|( QUESTION4 1 -4.394e+04 3.123e+02 1.887e+02
|    ( QUESTION0_12_R 1 -1.502e+04 1.189e+02 6.694e+01
|        ( QUESTION0_15_R 1 -1.390e+04 4.424e+02 6.294e+01
|            ( - -1.363e+04 2 0 QUESTION2_3_L -1 8.773e+01 6.194e+01)
|            ( - 1.703e+02 1 0))
|        ( - -1.002e+03 1 0))
|    ( QUESTION6 1 -2.861e+04 1.795e+02 1.218e+02
|        ( QUESTION2_3_L -1 -5.529e+03 1.563e+02 2.002e+01
|            ( - -3.963e+03 3 0 QUESTION0_1_R 1 1.078e+02 1.502e+01)
|            ( - -1.410e+03 1 0))
|        ( QUESTION2_3_L -1 -2.290e+04 1.883e+02 1.018e+02
|            ( - -5.274e+03 1 0)
|            ( QUESTION0_1_R 1 -1.744e+04 1.780e+02 8.165e+01
|                ( - -2.793e+03 1 0)
|                ( - -1.447e+04 1 0)))))
s>    ( QUESTION4 1 -4.394e+04 3.123e+02 1.887e+02
s>        ( QUESTION0_12_R 1 -1.502e+04 1.189e+02 6.694e+01
s>            ( QUESTION0_15_R 1 -1.390e+04 4.424e+02 6.294e+01
s>                ( - -1.363e+04 2 0 QUESTION2_3_L -1 8.773e+01 6.194e+01)
s>                ( - 1.703e+02 1 0))
s>            ( - -1.002e+03 1 0))
s>        ( QUESTION6 1 -2.861e+04 1.795e+02 1.218e+02
s>            ( QUESTION2_3_L -1 -5.529e+03 1.563e+02 2.002e+01
s>                ( - -3.963e+03 3 0 QUESTION0_1_R 1 1.078e+02 1.502e+01)
s>                ( - -1.410e+03 1 0))
s>            ( QUESTION2_3_L -1 -2.290e+04 1.883e+02 1.018e+02
s>                ( - -5.274e+03 1 0)
s>                ( QUESTION0_1_R 1 -1.744e+04 1.780e+02 8.165e+01
s>                    ( - -2.793e+03 1 0)
s>                    ( - -1.447e+04 1 0)))))INFO: dtree.c(1315): Comp split 19
INFO: dtree.c(1478): Final simple tree
|( QUESTION4 1 -4.366e+04 3.096e+02 1.877e+02
|    ( QUESTION0_12_R 1 -1.475e+04 1.184e+02 6.594e+01
|        ( - -1.363e+04 2 0 QUESTION2_3_L -1 8.773e+01 6.194e+01)
|        ( - -1.002e+03 1 0))
|    ( QUESTION6 1 -2.861e+04 1.795e+02 1.218e+02
|        ( QUESTION2_3_L -1 -5.529e+03 1.563e+02 2.002e+01
|            ( QUESTION0_1_R 1 -3.963e+03 1.078e+02 1.502e+01
|                ( - -3.035e+03 1 0)
|                ( - -8.199e+02 2 0))
|            ( - -1.410e+03 1 0))
|        ( QUESTION2_3_L -1 -2.290e+04 1.883e+02 1.018e+02
|            ( - -5.274e+03 1 0)
|            ( QUESTION0_1_R 1 -1.744e+04 1.780e+02 8.165e+01
|                ( - -2.793e+03 1 0)
|                ( - -1.447e+04 1 0)))))
s>    ( QUESTION4 1 -4.366e+04 3.096e+02 1.877e+02
s>        ( QUESTION0_12_R 1 -1.475e+04 1.184e+02 6.594e+01
s>            ( - -1.363e+04 2 0 QUESTION2_3_L -1 8.773e+01 6.194e+01)
s>            ( - -1.002e+03 1 0))
s>        ( QUESTION6 1 -2.861e+04 1.795e+02 1.218e+02
s>            ( QUESTION2_3_L -1 -5.529e+03 1.563e+02 2.002e+01
s>                ( QUESTION0_1_R 1 -3.963e+03 1.078e+02 1.502e+01
s>                    ( - -3.035e+03 1 0)
s>                    ( - -8.199e+02 2 0))
s>                ( - -1.410e+03 1 0))
s>            ( QUESTION2_3_L -1 -2.290e+04 1.883e+02 1.018e+02
s>                ( - -5.274e+03 1 0)
s>                ( QUESTION0_1_R 1 -1.744e+04 1.780e+02 8.165e+01
s>                    ( - -2.793e+03 1 0)
s>                    ( - -1.447e+04 1 0)))))INFO: dtree.c(1315): Comp split 20
INFO: dtree.c(1315): Comp split 21
INFO: dtree.c(1478): Final simple tree
|( QUESTION0_1_R 1 -3.963e+04 2.466e+02 1.628e+02
|    ( - -1.242e+03 1 0)
|    ( QUESTION2_3_L -1 -3.814e+04 2.021e+02 1.568e+02
|        ( QUESTION6 1 -7.513e+03 2.005e+02 2.951e+01
|            ( - -2.735e+03 1 0)
|            ( QUESTION0_10_R 1 -4.577e+03 1.521e+02 1.751e+01
|                ( - -3.638e+03 1 0)
|                ( - -7.875e+02 1 0)))
|        ( QUESTION2_0_L -1 -3.043e+04 1.707e+02 1.272e+02
|            ( QUESTION0 1 -2.224e+04 1.841e+02 9.431e+01
|                ( - -2.156e+04 1 0)
|                ( - -4.876e+02 1 0))
|            ( QUESTION0 1 -8.021e+03 1.310e+02 3.293e+01
|                ( - -5.499e+03 3 0)
|                ( - -2.391e+03 1 0)))))
s>    ( QUESTION0_1_R 1 -3.963e+04 2.466e+02 1.628e+02
s>        ( - -1.242e+03 1 0)
s>        ( QUESTION2_3_L -1 -3.814e+04 2.021e+02 1.568e+02
s>            ( QUESTION6 1 -7.513e+03 2.005e+02 2.951e+01
s>                ( - -2.735e+03 1 0)
s>                ( QUESTION0_10_R 1 -4.577e+03 1.521e+02 1.751e+01
s>                    ( - -3.638e+03 1 0)
s>                    ( - -7.875e+02 1 0)))
s>            ( QUESTION2_0_L -1 -3.043e+04 1.707e+02 1.272e+02
s>                ( QUESTION0 1 -2.224e+04 1.841e+02 9.431e+01
s>                    ( - -2.156e+04 1 0)
s>                    ( - -4.876e+02 1 0))
s>                ( QUESTION0 1 -8.021e+03 1.310e+02 3.293e+01
s>                    ( - -5.499e+03 3 0)
s>                    ( - -2.391e+03 1 0)))))INFO: dtree.c(1439): stop. leaf nodes are specific
INFO: dtree.c(1478): Final simple tree
|( QUESTION2_3_L -1 -8.457e+03 1.511e+02 3.348e+01
|    ( - -6.256e+03 1 0)
|    ( - -2.050e+03 1 0))
s>    ( QUESTION2_3_L -1 -8.457e+03 1.511e+02 3.348e+01
s>        ( - -6.256e+03 1 0)
s>        ( - -2.050e+03 1 0))INFO: dtree.c(1315): Comp split 22
INFO: dtree.c(1439): stop. leaf nodes are specific
INFO: dtree.c(1478): Final simple tree
|( WDBNDRY_E 0 -9.638e+03 2.145e+02 3.798e+01
|    ( QUESTION0_12_R 1 -2.136e+03 1.162e+02 8.000e+00
|        ( - -8.680e+02 1 0)
|        ( - -1.152e+03 1 0))
|    ( - -7.287e+03 1 0))
s>    ( WDBNDRY_E 0 -9.638e+03 2.145e+02 3.798e+01
s>        ( QUESTION0_12_R 1 -2.136e+03 1.162e+02 8.000e+00
s>            ( - -8.680e+02 1 0)
s>            ( - -1.152e+03 1 0))
s>        ( - -7.287e+03 1 0))INFO: dtree.c(1439): stop. leaf nodes are specific
INFO: dtree.c(1478): Final simple tree
|( QUESTION0_0_R 1 -1.565e+04 2.588e+02 6.300e+01
|    ( - -5.445e+03 3 0)
|    ( - -9.945e+03 2 0))
s>    ( QUESTION0_0_R 1 -1.565e+04 2.588e+02 6.300e+01
s>        ( - -5.445e+03 3 0)
s>        ( - -9.945e+03 2 0))INFO: dtree.c(1315): Comp split 23
INFO: dtree.c(1439): stop. leaf nodes are specific
INFO: dtree.c(1478): Final simple tree
|( QUESTION0_8_R 1 -4.718e+04 1.655e+02 2.076e+02
|    ( QUESTION2_9_L -1 -4.434e+04 1.583e+02 1.956e+02
|        ( - -4.020e+03 1 0)
|        ( QUESTION2_0_L -1 -4.016e+04 9.624e+01 1.786e+02
|            ( - -2.014e+03 1 0)
|            ( - -3.805e+04 5 0)))
|    ( SILENCE -1 -2.672e+03 9.783e+01 1.200e+01
|        ( - -7.520e+02 1 0)
|        ( - -1.822e+03 1 0)))
s>    ( QUESTION0_8_R 1 -4.718e+04 1.655e+02 2.076e+02
s>        ( QUESTION2_9_L -1 -4.434e+04 1.583e+02 1.956e+02
s>            ( - -4.020e+03 1 0)
s>            ( QUESTION2_0_L -1 -4.016e+04 9.624e+01 1.786e+02
s>                ( - -2.014e+03 1 0)
s>                ( - -3.805e+04 5 0)))
s>        ( SILENCE -1 -2.672e+03 9.783e+01 1.200e+01
s>            ( - -7.520e+02 1 0)
s>            ( - -1.822e+03 1 0)))INFO: dtree.c(1439): stop. leaf nodes are specific
INFO: dtree.c(1478): Final simple tree
|( WDBNDRY_B 0 -6.187e+04 2.835e+02 2.586e+02
|    ( QUESTION0 -1 -5.939e+04 1.957e+02 2.506e+02
|        ( - -5.136e+04 6 0)
|        ( SILENCE -1 -7.834e+03 1.410e+02 3.395e+01
|            ( - -6.721e+03 2 0)
|            ( - -9.714e+02 1 0)))
|    ( - -2.200e+03 1 0))
s>    ( WDBNDRY_B 0 -6.187e+04 2.835e+02 2.586e+02
s>        ( QUESTION0 -1 -5.939e+04 1.957e+02 2.506e+02
s>            ( - -5.136e+04 6 0)
s>            ( SILENCE -1 -7.834e+03 1.410e+02 3.395e+01
s>                ( - -6.721e+03 2 0)
s>                ( - -9.714e+02 1 0)))
s>        ( - -2.200e+03 1 0))INFO: dtree.c(1315): Comp split 24
INFO: dtree.c(1439): stop. leaf nodes are specific
INFO: dtree.c(1478): Final simple tree
|( QUESTION6 1 -2.861e+04 1.795e+02 1.218e+02
|    ( QUESTION2_3_L -1 -5.529e+03 1.563e+02 2.002e+01
|        ( QUESTION0_1_R 1 -3.963e+03 1.078e+02 1.502e+01
|            ( - -3.035e+03 1 0)
|            ( - -8.199e+02 2 0))
|        ( - -1.410e+03 1 0))
|    ( QUESTION2_3_L -1 -2.290e+04 1.883e+02 1.018e+02
|        ( - -5.274e+03 1 0)
|        ( QUESTION0_1_R 1 -1.744e+04 1.780e+02 8.165e+01
|            ( - -2.793e+03 1 0)
|            ( - -1.447e+04 1 0))))
s>    ( QUESTION6 1 -2.861e+04 1.795e+02 1.218e+02
s>        ( QUESTION2_3_L -1 -5.529e+03 1.563e+02 2.002e+01
s>            ( QUESTION0_1_R 1 -3.963e+03 1.078e+02 1.502e+01
s>                ( - -3.035e+03 1 0)
s>                ( - -8.199e+02 2 0))
s>            ( - -1.410e+03 1 0))
s>        ( QUESTION2_3_L -1 -2.290e+04 1.883e+02 1.018e+02
s>            ( - -5.274e+03 1 0)
s>            ( QUESTION0_1_R 1 -1.744e+04 1.780e+02 8.165e+01
s>                ( - -2.793e+03 1 0)
s>                ( - -1.447e+04 1 0))))INFO: dtree.c(1439): stop. leaf nodes are specific
INFO: dtree.c(1478): Final simple tree
|( QUESTION0_12_R 1 -1.475e+04 1.184e+02 6.594e+01
|    ( QUESTION2_3_L -1 -1.363e+04 8.773e+01 6.194e+01
|        ( - -4.705e+03 1 0)
|        ( - -8.835e+03 1 0))
|    ( - -1.002e+03 1 0))
s>    ( QUESTION0_12_R 1 -1.475e+04 1.184e+02 6.594e+01
s>        ( QUESTION2_3_L -1 -1.363e+04 8.773e+01 6.194e+01
s>            ( - -4.705e+03 1 0)
s>            ( - -8.835e+03 1 0))
s>        ( - -1.002e+03 1 0))INFO: dtree.c(1315): Comp split 25
INFO: dtree.c(1439): stop. leaf nodes are specific
INFO: dtree.c(1478): Final simple tree
|( QUESTION2_0_L -1 -1.692e+04 1.362e+02 7.492e+01
|    ( QUESTION2_3_L -1 -5.468e+03 1.231e+02 2.492e+01
|        ( QUESTION0_2_R 1 -1.681e+03 1.239e+02 8.000e+00
|            ( - -5.006e+02 1 0)
|            ( - -1.056e+03 2 0))
|        ( - -3.664e+03 1 0))
|    ( - -1.132e+04 3 0))
s>    ( QUESTION2_0_L -1 -1.692e+04 1.362e+02 7.492e+01
s>        ( QUESTION2_3_L -1 -5.468e+03 1.231e+02 2.492e+01
s>            ( QUESTION0_2_R 1 -1.681e+03 1.239e+02 8.000e+00
s>                ( - -5.006e+02 1 0)
s>                ( - -1.056e+03 2 0))
s>            ( - -3.664e+03 1 0))
s>        ( - -1.132e+04 3 0))INFO: dtree.c(1439): stop. leaf nodes are specific
INFO: dtree.c(1478): Final simple tree
|( QUESTION2_3_L -1 -1.765e+04 2.037e+02 7.879e+01
|    ( - -5.928e+03 1 0)
|    ( SILENCE 1 -1.152e+04 7.349e+01 5.217e+01
|        ( - -1.098e+04 1 0)
|        ( - -4.701e+02 1 0)))
s>    ( QUESTION2_3_L -1 -1.765e+04 2.037e+02 7.879e+01
s>        ( - -5.928e+03 1 0)
s>        ( SILENCE 1 -1.152e+04 7.349e+01 5.217e+01
s>            ( - -1.098e+04 1 0)
s>            ( - -4.701e+02 1 0)))INFO: dtree.c(1315): Comp split 26
INFO: dtree.c(1315): Comp split 27
INFO: dtree.c(1478): Final simple tree
|( QUESTION13 1 -3.717e+04 2.153e+02 1.380e+02
|    ( QUESTION0_8_R 1 -1.701e+04 1.772e+02 6.601e+01
|        ( - -4.746e+02 1 0)
|        ( QUESTION0_4_R 1 -1.636e+04 1.481e+02 6.401e+01
|            ( - -1.648e+03 2 0)
|            ( QUESTION15 1 -1.457e+04 1.465e+02 5.801e+01
|                ( - -6.898e+02 2 0)
|                ( - -1.373e+04 5 0 QUESTION2_0_L -1 1.428e+02 5.501e+01))))
|    ( QUESTION0_6_R 1 -1.994e+04 1.661e+02 7.197e+01
|        ( - -6.033e+02 1 0)
|        ( QUESTION0_1_R 1 -1.917e+04 1.570e+02 6.897e+01
|            ( - -1.221e+04 6 0 QUESTION0_5_R 1 1.359e+02 4.398e+01)
|            ( QUESTION0_8_R 1 -6.806e+03 1.453e+02 2.499e+01
|                ( - -3.266e+03 2 0)
|                ( - -3.395e+03 2 0)))))
s>    ( QUESTION13 1 -3.717e+04 2.153e+02 1.380e+02
s>        ( QUESTION0_8_R 1 -1.701e+04 1.772e+02 6.601e+01
s>            ( - -4.746e+02 1 0)
s>            ( QUESTION0_4_R 1 -1.636e+04 1.481e+02 6.401e+01
s>                ( - -1.648e+03 2 0)
s>                ( QUESTION15 1 -1.457e+04 1.465e+02 5.801e+01
s>                    ( - -6.898e+02 2 0)
s>                    ( - -1.373e+04 5 0 QUESTION2_0_L -1 1.428e+02 5.501e+01))))
s>        ( QUESTION0_6_R 1 -1.994e+04 1.661e+02 7.197e+01
s>            ( - -6.033e+02 1 0)
s>            ( QUESTION0_1_R 1 -1.917e+04 1.570e+02 6.897e+01
s>                ( - -1.221e+04 6 0 QUESTION0_5_R 1 1.359e+02 4.398e+01)
s>                ( QUESTION0_8_R 1 -6.806e+03 1.453e+02 2.499e+01
s>                    ( - -3.266e+03 2 0)
s>                    ( - -3.395e+03 2 0)))))INFO: dtree.c(1439): stop. leaf nodes are specific
INFO: dtree.c(1478): Final simple tree
|( QUESTION2_9_L -1 -2.686e+04 1.885e+02 1.104e+02
|    ( QUESTION0_3_R 1 -7.727e+03 1.443e+02 3.153e+01
|        ( - -1.505e+03 2 0)
|        ( QUESTION0_0_R 1 -6.077e+03 1.431e+02 2.653e+01
|            ( - -5.369e+03 1 0)
|            ( - -5.651e+02 1 0)))
|    ( QUESTION0_1_R 1 -1.894e+04 1.718e+02 7.890e+01
|        ( QUESTION0_2_R 1 -4.692e+03 1.495e+02 1.902e+01
|            ( - -2.233e+03 1 0)
|            ( - -2.309e+03 1 0))
|        ( QUESTION2_0_L -1 -1.408e+04 1.355e+02 5.988e+01
|            ( - -1.270e+04 2 0)
|            ( - -1.245e+03 3 0))))
s>    ( QUESTION2_9_L -1 -2.686e+04 1.885e+02 1.104e+02
s>        ( QUESTION0_3_R 1 -7.727e+03 1.443e+02 3.153e+01
s>            ( - -1.505e+03 2 0)
s>            ( QUESTION0_0_R 1 -6.077e+03 1.431e+02 2.653e+01
s>                ( - -5.369e+03 1 0)
s>                ( - -5.651e+02 1 0)))
s>        ( QUESTION0_1_R 1 -1.894e+04 1.718e+02 7.890e+01
s>            ( QUESTION0_2_R 1 -4.692e+03 1.495e+02 1.902e+01
s>                ( - -2.233e+03 1 0)
s>                ( - -2.309e+03 1 0))
s>            ( QUESTION2_0_L -1 -1.408e+04 1.355e+02 5.988e+01
s>                ( - -1.270e+04 2 0)
s>                ( - -1.245e+03 3 0))))INFO: dtree.c(1315): Comp split 28
INFO: dtree.c(1439): stop. leaf nodes are specific
INFO: dtree.c(1478): Final simple tree
|( QUESTION0 -1 -5.939e+04 1.957e+02 2.506e+02
|    ( - -5.136e+04 6 0)
|    ( SILENCE -1 -7.834e+03 1.410e+02 3.395e+01
|        ( - -6.721e+03 2 0)
|        ( - -9.714e+02 1 0)))
s>    ( QUESTION0 -1 -5.939e+04 1.957e+02 2.506e+02
s>        ( - -5.136e+04 6 0)
s>        ( SILENCE -1 -7.834e+03 1.410e+02 3.395e+01
s>            ( - -6.721e+03 2 0)
s>            ( - -9.714e+02 1 0)))INFO: dtree.c(1315): Comp split 29
INFO: dtree.c(1439): stop. leaf nodes are specific
INFO: dtree.c(1478): Final simple tree
|( QUESTION2_9_L -1 -3.786e+04 2.004e+02 1.660e+02
|    ( - -1.950e+04 1 0)
|    ( QUESTION3 -1 -1.816e+04 1.157e+02 8.110e+01
|        ( - -4.177e+03 1 0)
|        ( SILENCE -1 -1.387e+04 1.178e+02 6.205e+01
|            ( - -5.672e+03 2 0)
|            ( - -8.077e+03 4 0))))
s>    ( QUESTION2_9_L -1 -3.786e+04 2.004e+02 1.660e+02
s>        ( - -1.950e+04 1 0)
s>        ( QUESTION3 -1 -1.816e+04 1.157e+02 8.110e+01
s>            ( - -4.177e+03 1 0)
s>            ( SILENCE -1 -1.387e+04 1.178e+02 6.205e+01
s>                ( - -5.672e+03 2 0)
s>                ( - -8.077e+03 4 0))))INFO: dtree.c(1439): stop. leaf nodes are specific
INFO: dtree.c(1478): Final simple tree
|( QUESTION6 -1 -2.787e+04 2.247e+02 1.167e+02
|    ( - -1.848e+03 1 0)
|    ( QUESTION0 -1 -2.579e+04 1.290e+02 1.077e+02
|        ( - -1.836e+04 1 0)
|        ( - -7.302e+03 2 0)))
s>    ( QUESTION6 -1 -2.787e+04 2.247e+02 1.167e+02
s>        ( - -1.848e+03 1 0)
s>        ( QUESTION0 -1 -2.579e+04 1.290e+02 1.077e+02
s>            ( - -1.836e+04 1 0)
s>            ( - -7.302e+03 2 0)))INFO: dtree.c(1315): Comp split 30
INFO: dtree.c(1439): stop. leaf nodes are specific
INFO: dtree.c(1478): Final simple tree
|( QUESTION13 -1 -1.522e+04 1.408e+02 6.433e+01
|    ( - -2.737e+03 1 0)
|    ( QUESTION0_8_R 1 -1.234e+04 1.349e+02 5.238e+01
|        ( - -1.051e+04 1 0)
|        ( - -1.698e+03 1 0)))
s>    ( QUESTION13 -1 -1.522e+04 1.408e+02 6.433e+01
s>        ( - -2.737e+03 1 0)
s>        ( QUESTION0_8_R 1 -1.234e+04 1.349e+02 5.238e+01
s>            ( - -1.051e+04 1 0)
s>            ( - -1.698e+03 1 0)))INFO: dtree.c(1439): stop. leaf nodes are specific
INFO: dtree.c(1478): Final simple tree
|( WDBNDRY_B 0 -4.565e+04 1.851e+02 2.012e+02
|    ( QUESTION0_8_R 1 -4.490e+04 1.405e+02 1.982e+02
|        ( QUESTION10 -1 -4.268e+04 1.229e+02 1.882e+02
|            ( - -2.942e+04 2 0)
|            ( QUESTION0 -1 -1.314e+04 1.006e+02 5.791e+01
|                ( - -1.119e+04 2 0)
|                ( - -1.854e+03 1 0)))
|        ( - -2.082e+03 1 0))
|    ( - -5.555e+02 1 0))
s>    ( WDBNDRY_B 0 -4.565e+04 1.851e+02 2.012e+02
s>        ( QUESTION0_8_R 1 -4.490e+04 1.405e+02 1.982e+02
s>            ( QUESTION10 -1 -4.268e+04 1.229e+02 1.882e+02
s>                ( - -2.942e+04 2 0)
s>                ( QUESTION0 -1 -1.314e+04 1.006e+02 5.791e+01
s>                    ( - -1.119e+04 2 0)
s>                    ( - -1.854e+03 1 0)))
s>            ( - -2.082e+03 1 0))
s>        ( - -5.555e+02 1 0))INFO: dtree.c(1315): Comp split 31
INFO: dtree.c(1315): Comp split 32
INFO: dtree.c(1439): stop. leaf nodes are specific
INFO: dtree.c(1478): Final simple tree
|( QUESTION0_1_R 1 -3.664e+04 2.475e+02 1.508e+02
|    ( - -1.242e+03 1 0)
|    ( QUESTION2_9_L -1 -3.515e+04 1.723e+02 1.448e+02
|        ( QUESTION0 1 -2.224e+04 1.841e+02 9.431e+01
|            ( - -2.156e+04 1 0)
|            ( - -4.876e+02 1 0))
|        ( QUESTION0_10_R 1 -1.274e+04 1.456e+02 5.044e+01
|            ( QUESTION2_0_L -1 -1.181e+04 1.481e+02 4.744e+01
|                ( - -3.638e+03 1 0)
|                ( QUESTION0 1 -8.021e+03 1.310e+02 3.293e+01
|                    ( - -5.499e+03 3 0)
|                    ( - -2.391e+03 1 0)))
|            ( - -7.875e+02 1 0))))
s>    ( QUESTION0_1_R 1 -3.664e+04 2.475e+02 1.508e+02
s>        ( - -1.242e+03 1 0)
s>        ( QUESTION2_9_L -1 -3.515e+04 1.723e+02 1.448e+02
s>            ( QUESTION0 1 -2.224e+04 1.841e+02 9.431e+01
s>                ( - -2.156e+04 1 0)
s>                ( - -4.876e+02 1 0))
s>            ( QUESTION0_10_R 1 -1.274e+04 1.456e+02 5.044e+01
s>                ( QUESTION2_0_L -1 -1.181e+04 1.481e+02 4.744e+01
s>                    ( - -3.638e+03 1 0)
s>                    ( QUESTION0 1 -8.021e+03 1.310e+02 3.293e+01
s>                        ( - -5.499e+03 3 0)
s>                        ( - -2.391e+03 1 0)))
s>                ( - -7.875e+02 1 0))))INFO: dtree.c(1315): Comp split 33
INFO: dtree.c(1439): stop. leaf nodes are specific
INFO: dtree.c(1478): Final simple tree
|( QUESTION2_9_L -1 -3.515e+04 1.723e+02 1.448e+02
|    ( QUESTION0 1 -2.224e+04 1.841e+02 9.431e+01
|        ( - -2.156e+04 1 0)
|        ( - -4.876e+02 1 0))
|    ( QUESTION0_10_R 1 -1.274e+04 1.456e+02 5.044e+01
|        ( QUESTION2_0_L -1 -1.181e+04 1.481e+02 4.744e+01
|            ( - -3.638e+03 1 0)
|            ( QUESTION0 1 -8.021e+03 1.310e+02 3.293e+01
|                ( - -5.499e+03 3 0)
|                ( - -2.391e+03 1 0)))
|        ( - -7.875e+02 1 0)))
s>    ( QUESTION2_9_L -1 -3.515e+04 1.723e+02 1.448e+02
s>        ( QUESTION0 1 -2.224e+04 1.841e+02 9.431e+01
s>            ( - -2.156e+04 1 0)
s>            ( - -4.876e+02 1 0))
s>        ( QUESTION0_10_R 1 -1.274e+04 1.456e+02 5.044e+01
s>            ( QUESTION2_0_L -1 -1.181e+04 1.481e+02 4.744e+01
s>                ( - -3.638e+03 1 0)
s>                ( QUESTION0 1 -8.021e+03 1.310e+02 3.293e+01
s>                    ( - -5.499e+03 3 0)
s>                    ( - -2.391e+03 1 0)))
s>            ( - -7.875e+02 1 0)))INFO: dtree.c(1315): Comp split 34
INFO: dtree.c(1439): stop. leaf nodes are specific
INFO: dtree.c(1478): Final simple tree
|( QUESTION2_3_L -1 -1.779e+04 1.497e+02 6.800e+01
|    ( QUESTION0_1_R 1 -8.585e+03 1.213e+02 3.301e+01
|        ( - -7.710e+02 1 0)
|        ( - -7.693e+03 1 0))
|    ( QUESTION0_1_R 1 -9.058e+03 1.412e+02 3.500e+01
|        ( - -4.455e+02 1 0)
|        ( QUESTION14 1 -8.471e+03 1.903e+02 3.300e+01
|            ( - -4.746e+02 1 0)
|            ( QUESTION0_8_R 1 -7.806e+03 1.235e+02 3.100e+01
|                ( - -3.266e+03 2 0)
|                ( - -4.417e+03 2 0)))))
s>    ( QUESTION2_3_L -1 -1.779e+04 1.497e+02 6.800e+01
s>        ( QUESTION0_1_R 1 -8.585e+03 1.213e+02 3.301e+01
s>            ( - -7.710e+02 1 0)
s>            ( - -7.693e+03 1 0))
s>        ( QUESTION0_1_R 1 -9.058e+03 1.412e+02 3.500e+01
s>            ( - -4.455e+02 1 0)
s>            ( QUESTION14 1 -8.471e+03 1.903e+02 3.300e+01
s>                ( - -4.746e+02 1 0)
s>                ( QUESTION0_8_R 1 -7.806e+03 1.235e+02 3.100e+01
s>                    ( - -3.266e+03 2 0)
s>                    ( - -4.417e+03 2 0)))))INFO: dtree.c(1478): Final simple tree
|( QUESTION11 1 -1.914e+04 1.643e+02 6.997e+01
|    ( - -6.033e+02 1 0)
|    ( QUESTION0_1_R 1 -1.837e+04 1.525e+02 6.697e+01
|        ( QUESTION0_5_R 1 -1.482e+04 1.414e+02 5.298e+01
|            ( QUESTION2_0_L -1 -8.578e+03 1.612e+02 2.800e+01
|                ( QUESTION2_3_L -1 -4.423e+03 1.204e+02 1.400e+01
|                    ( - -2.440e+03 1 0)
|                    ( - -1.863e+03 1 0))
|                ( QUESTION13 1 -3.993e+03 1.054e+02 1.400e+01
|                    ( - -1.648e+03 2 0)
|                    ( - -2.239e+03 2 0)))
|            ( QUESTION0_4_R 1 -6.105e+03 1.405e+02 2.497e+01
|                ( - -5.275e+03 2 0)
|                ( - -6.898e+02 2 0)))
|        ( - -3.395e+03 2 0)))
s>    ( QUESTION11 1 -1.914e+04 1.643e+02 6.997e+01
s>        ( - -6.033e+02 1 0)
s>        ( QUESTION0_1_R 1 -1.837e+04 1.525e+02 6.697e+01
s>            ( QUESTION0_5_R 1 -1.482e+04 1.414e+02 5.298e+01
s>                ( QUESTION2_0_L -1 -8.578e+03 1.612e+02 2.800e+01
s>                    ( QUESTION2_3_L -1 -4.423e+03 1.204e+02 1.400e+01
s>                        ( - -2.440e+03 1 0)
s>                        ( - -1.863e+03 1 0))
s>                    ( QUESTION13 1 -3.993e+03 1.054e+02 1.400e+01
s>                        ( - -1.648e+03 2 0)
s>                        ( - -2.239e+03 2 0)))
s>                ( QUESTION0_4_R 1 -6.105e+03 1.405e+02 2.497e+01
s>                    ( - -5.275e+03 2 0)
s>                    ( - -6.898e+02 2 0)))
s>            ( - -3.395e+03 2 0)))INFO: dtree.c(1315): Comp split 35
INFO: dtree.c(1439): stop. leaf nodes are specific
INFO: dtree.c(1478): Final simple tree
|( QUESTION0_4_R 1 -1.065e+04 1.409e+02 3.898e+01
|    ( QUESTION0_5_R 1 -9.821e+03 1.219e+02 3.598e+01
|        ( QUESTION2_3_L -1 -4.423e+03 1.204e+02 1.400e+01
|            ( - -2.440e+03 1 0)
|            ( - -1.863e+03 1 0))
|        ( - -5.275e+03 2 0))
|    ( - -6.898e+02 2 0))
s>    ( QUESTION0_4_R 1 -1.065e+04 1.409e+02 3.898e+01
s>        ( QUESTION0_5_R 1 -9.821e+03 1.219e+02 3.598e+01
s>            ( QUESTION2_3_L -1 -4.423e+03 1.204e+02 1.400e+01
s>                ( - -2.440e+03 1 0)
s>                ( - -1.863e+03 1 0))
s>            ( - -5.275e+03 2 0))
s>        ( - -6.898e+02 2 0))INFO: dtree.c(1439): stop. leaf nodes are specific
INFO: dtree.c(1478): Final simple tree
|( QUESTION0_6_R 1 -8.252e+03 1.562e+02 3.100e+01
|    ( - -6.033e+02 1 0)
|    ( QUESTION13 1 -7.492e+03 1.190e+02 2.800e+01
|        ( - -1.648e+03 2 0)
|        ( QUESTION0_1_R 1 -5.725e+03 9.060e+01 2.200e+01
|            ( - -2.239e+03 2 0)
|            ( - -3.395e+03 2 0))))
s>    ( QUESTION0_6_R 1 -8.252e+03 1.562e+02 3.100e+01
s>        ( - -6.033e+02 1 0)
s>        ( QUESTION13 1 -7.492e+03 1.190e+02 2.800e+01
s>            ( - -1.648e+03 2 0)
s>            ( QUESTION0_1_R 1 -5.725e+03 9.060e+01 2.200e+01
s>                ( - -2.239e+03 2 0)
s>                ( - -3.395e+03 2 0))))INFO: dtree.c(1315): Comp split 36
INFO: dtree.c(1439): stop. leaf nodes are specific
INFO: dtree.c(1478): Final simple tree
|( QUESTION0 -1 -2.579e+04 1.290e+02 1.077e+02
|    ( - -1.836e+04 1 0)
|    ( - -7.302e+03 2 0))
s>    ( QUESTION0 -1 -2.579e+04 1.290e+02 1.077e+02
s>        ( - -1.836e+04 1 0)
s>        ( - -7.302e+03 2 0))INFO: dtree.c(1315): Comp split 37
INFO: dtree.c(1315): Comp split 38
INFO: dtree.c(1439): stop. leaf nodes are specific
INFO: dtree.c(1478): Final simple tree
|( QUESTION0_12_R 1 -2.136e+03 1.162e+02 8.000e+00
|    ( - -8.680e+02 1 0)
|    ( - -1.152e+03 1 0))
s>    ( QUESTION0_12_R 1 -2.136e+03 1.162e+02 8.000e+00
s>        ( - -8.680e+02 1 0)
s>        ( - -1.152e+03 1 0))INFO: dtree.c(1315): Comp split 39
INFO: dtree.c(1439): stop. leaf nodes are specific
INFO: dtree.c(1478): Final simple tree
|( SILENCE 1 -1.152e+04 7.349e+01 5.217e+01
|    ( - -1.098e+04 1 0)
|    ( - -4.701e+02 1 0))
s>    ( SILENCE 1 -1.152e+04 7.349e+01 5.217e+01
s>        ( - -1.098e+04 1 0)
s>        ( - -4.701e+02 1 0))INFO: dtree.c(1315): Comp split 40
INFO: dtree.c(1439): stop. leaf nodes are specific
INFO: dtree.c(1478): Final simple tree
|( QUESTION3 -1 -1.816e+04 1.157e+02 8.110e+01
|    ( - -4.177e+03 1 0)
|    ( SILENCE -1 -1.387e+04 1.178e+02 6.205e+01
|        ( - -5.672e+03 2 0)
|        ( - -8.077e+03 4 0)))
s>    ( QUESTION3 -1 -1.816e+04 1.157e+02 8.110e+01
s>        ( - -4.177e+03 1 0)
s>        ( SILENCE -1 -1.387e+04 1.178e+02 6.205e+01
s>            ( - -5.672e+03 2 0)
s>            ( - -8.077e+03 4 0)))INFO: dtree.c(1315): Comp split 41
INFO: dtree.c(1439): stop. leaf nodes are specific
INFO: dtree.c(1478): Final simple tree
|( QUESTION0_1_R 1 -3.963e+03 1.078e+02 1.502e+01
|    ( - -3.035e+03 1 0)
|    ( - -8.199e+02 2 0))
s>    ( QUESTION0_1_R 1 -3.963e+03 1.078e+02 1.502e+01
s>        ( - -3.035e+03 1 0)
s>        ( - -8.199e+02 2 0))INFO: dtree.c(1439): stop. leaf nodes are specific
INFO: dtree.c(1478): Final simple tree
|( QUESTION2_3_L -1 -2.444e+04 1.853e+02 1.068e+02
|    ( - -5.274e+03 1 0)
|    ( QUESTION14 1 -1.899e+04 1.757e+02 8.665e+01
|        ( - -2.793e+03 1 0)
|        ( QUESTION0_1_R 1 -1.602e+04 1.412e+02 7.359e+01
|            ( - -1.410e+03 1 0)
|            ( - -1.447e+04 1 0))))
s>    ( QUESTION2_3_L -1 -2.444e+04 1.853e+02 1.068e+02
s>        ( - -5.274e+03 1 0)
s>        ( QUESTION14 1 -1.899e+04 1.757e+02 8.665e+01
s>            ( - -2.793e+03 1 0)
s>            ( QUESTION0_1_R 1 -1.602e+04 1.412e+02 7.359e+01
s>                ( - -1.410e+03 1 0)
s>                ( - -1.447e+04 1 0))))INFO: dtree.c(1315): Comp split 42
INFO: dtree.c(1439): stop. leaf nodes are specific
INFO: dtree.c(1478): Final simple tree
|( SILENCE -1 -7.834e+03 1.410e+02 3.395e+01
|    ( - -6.721e+03 2 0)
|    ( - -9.714e+02 1 0))
s>    ( SILENCE -1 -7.834e+03 1.410e+02 3.395e+01
s>        ( - -6.721e+03 2 0)
s>        ( - -9.714e+02 1 0))INFO: dtree.c(1315): Comp split 43
INFO: dtree.c(1439): stop. leaf nodes are specific
INFO: dtree.c(1478): Final simple tree
|( QUESTION0_1_R 1 -1.744e+04 1.780e+02 8.165e+01
|    ( - -2.793e+03 1 0)
|    ( - -1.447e+04 1 0))
s>    ( QUESTION0_1_R 1 -1.744e+04 1.780e+02 8.165e+01
s>        ( - -2.793e+03 1 0)
s>        ( - -1.447e+04 1 0))INFO: dtree.c(1439): stop. leaf nodes are specific
INFO: dtree.c(1478): Final simple tree
|( QUESTION6 1 -6.815e+03 1.304e+02 2.512e+01
|    ( - -1.410e+03 1 0)
|    ( - -5.274e+03 1 0))
s>    ( QUESTION6 1 -6.815e+03 1.304e+02 2.512e+01
s>        ( - -1.410e+03 1 0)
s>        ( - -5.274e+03 1 0))INFO: dtree.c(1315): Comp split 44
INFO: dtree.c(1439): stop. leaf nodes are specific
INFO: dtree.c(1478): Final simple tree
|( QUESTION0_1_R 1 -1.894e+04 1.718e+02 7.890e+01
|    ( QUESTION0_2_R 1 -4.692e+03 1.495e+02 1.902e+01
|        ( - -2.233e+03 1 0)
|        ( - -2.309e+03 1 0))
|    ( QUESTION2_0_L -1 -1.408e+04 1.355e+02 5.988e+01
|        ( - -1.270e+04 2 0)
|        ( - -1.245e+03 3 0)))
s>    ( QUESTION0_1_R 1 -1.894e+04 1.718e+02 7.890e+01
s>        ( QUESTION0_2_R 1 -4.692e+03 1.495e+02 1.902e+01
s>            ( - -2.233e+03 1 0)
s>            ( - -2.309e+03 1 0))
s>        ( QUESTION2_0_L -1 -1.408e+04 1.355e+02 5.988e+01
s>            ( - -1.270e+04 2 0)
s>            ( - -1.245e+03 3 0)))INFO: dtree.c(1439): stop. leaf nodes are specific
INFO: dtree.c(1478): Final simple tree
|( QUESTION0_3_R 1 -7.727e+03 1.443e+02 3.153e+01
|    ( - -1.505e+03 2 0)
|    ( QUESTION0_0_R 1 -6.077e+03 1.431e+02 2.653e+01
|        ( - -5.369e+03 1 0)
|        ( - -5.651e+02 1 0)))
s>    ( QUESTION0_3_R 1 -7.727e+03 1.443e+02 3.153e+01
s>        ( - -1.505e+03 2 0)
s>        ( QUESTION0_0_R 1 -6.077e+03 1.431e+02 2.653e+01
s>            ( - -5.369e+03 1 0)
s>            ( - -5.651e+02 1 0)))INFO: dtree.c(1315): Comp split 45
INFO: dtree.c(1439): stop. leaf nodes are specific
INFO: dtree.c(1478): Final simple tree
|( QUESTION2_0_L -1 -3.448e+04 1.720e+02 1.418e+02
|    ( QUESTION0_10_R 1 -2.628e+04 1.467e+02 1.088e+02
|        ( QUESTION2_3_L -1 -2.535e+04 1.462e+02 1.058e+02
|            ( - -3.638e+03 1 0)
|            ( - -2.156e+04 1 0))
|        ( - -7.875e+02 1 0))
|    ( QUESTION0 1 -8.021e+03 1.310e+02 3.293e+01
|        ( - -5.499e+03 3 0)
|        ( - -2.391e+03 1 0)))
s>    ( QUESTION2_0_L -1 -3.448e+04 1.720e+02 1.418e+02
s>        ( QUESTION0_10_R 1 -2.628e+04 1.467e+02 1.088e+02
s>            ( QUESTION2_3_L -1 -2.535e+04 1.462e+02 1.058e+02
s>                ( - -3.638e+03 1 0)
s>                ( - -2.156e+04 1 0))
s>            ( - -7.875e+02 1 0))
s>        ( QUESTION0 1 -8.021e+03 1.310e+02 3.293e+01
s>            ( - -5.499e+03 3 0)
s>            ( - -2.391e+03 1 0)))INFO: dtree.c(1315): Comp split 46
INFO: dtree.c(1439): stop. leaf nodes are specific
INFO: dtree.c(1478): Final simple tree
|( QUESTION0_8_R 1 -4.490e+04 1.405e+02 1.982e+02
|    ( QUESTION10 -1 -4.268e+04 1.229e+02 1.882e+02
|        ( - -2.942e+04 2 0)
|        ( QUESTION0 -1 -1.314e+04 1.006e+02 5.791e+01
|            ( - -1.119e+04 2 0)
|            ( - -1.854e+03 1 0)))
|    ( - -2.082e+03 1 0))
s>    ( QUESTION0_8_R 1 -4.490e+04 1.405e+02 1.982e+02
s>        ( QUESTION10 -1 -4.268e+04 1.229e+02 1.882e+02
s>            ( - -2.942e+04 2 0)
s>            ( QUESTION0 -1 -1.314e+04 1.006e+02 5.791e+01
s>                ( - -1.119e+04 2 0)
s>                ( - -1.854e+03 1 0)))
s>        ( - -2.082e+03 1 0))INFO: dtree.c(1315): Comp split 47
INFO: dtree.c(1439): stop. leaf nodes are specific
INFO: dtree.c(1478): Final simple tree
|( QUESTION2_3_L -1 -1.714e+04 1.572e+02 6.600e+01
|    ( QUESTION0_1_R 1 -8.585e+03 1.213e+02 3.301e+01
|        ( - -7.710e+02 1 0)
|        ( - -7.693e+03 1 0))
|    ( QUESTION0_1_R 1 -8.396e+03 1.439e+02 3.300e+01
|        ( - -4.455e+02 1 0)
|        ( QUESTION0_8_R 1 -7.806e+03 1.235e+02 3.100e+01
|            ( - -3.266e+03 2 0)
|            ( - -4.417e+03 2 0))))
s>    ( QUESTION2_3_L -1 -1.714e+04 1.572e+02 6.600e+01
s>        ( QUESTION0_1_R 1 -8.585e+03 1.213e+02 3.301e+01
s>            ( - -7.710e+02 1 0)
s>            ( - -7.693e+03 1 0))
s>        ( QUESTION0_1_R 1 -8.396e+03 1.439e+02 3.300e+01
s>            ( - -4.455e+02 1 0)
s>            ( QUESTION0_8_R 1 -7.806e+03 1.235e+02 3.100e+01
s>                ( - -3.266e+03 2 0)
s>                ( - -4.417e+03 2 0))))INFO: dtree.c(1315): Comp split 48
INFO: dtree.c(1315): Comp split 49
INFO: dtree.c(1439): stop. leaf nodes are specific
INFO: dtree.c(1478): Final simple tree
|( QUESTION2_0_L -1 -4.016e+04 9.624e+01 1.786e+02
|    ( - -2.014e+03 1 0)
|    ( - -3.805e+04 5 0))
s>    ( QUESTION2_0_L -1 -4.016e+04 9.624e+01 1.786e+02
s>        ( - -2.014e+03 1 0)
s>        ( - -3.805e+04 5 0))INFO: dtree.c(1439): stop. leaf nodes are specific
INFO: dtree.c(1478): Final simple tree
|( QUESTION0_8_R 1 -6.841e+03 1.497e+02 2.898e+01
|    ( - -4.020e+03 1 0)
|    ( SILENCE -1 -2.672e+03 9.783e+01 1.200e+01
|        ( - -7.520e+02 1 0)
|        ( - -1.822e+03 1 0)))
s>    ( QUESTION0_8_R 1 -6.841e+03 1.497e+02 2.898e+01
s>        ( - -4.020e+03 1 0)
s>        ( SILENCE -1 -2.672e+03 9.783e+01 1.200e+01
s>            ( - -7.520e+02 1 0)
s>            ( - -1.822e+03 1 0)))INFO: dtree.c(1315): Comp split 50
INFO: dtree.c(1315): Comp split 51
INFO: dtree.c(1439): stop. leaf nodes are specific
INFO: dtree.c(1478): Final simple tree
|( QUESTION2_13_L -1 -7.398e+04 9.730e+01 3.206e+02
|    ( - -6.854e+04 1 0)
|    ( - -5.345e+03 1 0))
s>    ( QUESTION2_13_L -1 -7.398e+04 9.730e+01 3.206e+02
s>        ( - -6.854e+04 1 0)
s>        ( - -5.345e+03 1 0))INFO: dtree.c(1315): Comp split 52
INFO: dtree.c(1439): stop. leaf nodes are specific
INFO: dtree.c(1478): Final simple tree
|( QUESTION2_3_L -1 -2.535e+04 1.462e+02 1.058e+02
|    ( - -3.638e+03 1 0)
|    ( - -2.156e+04 1 0))
s>    ( QUESTION2_3_L -1 -2.535e+04 1.462e+02 1.058e+02
s>        ( - -3.638e+03 1 0)
s>        ( - -2.156e+04 1 0))INFO: dtree.c(1439): stop. leaf nodes are specific
INFO: dtree.c(1478): Final simple tree
|( QUESTION0_10_R 1 -8.955e+03 1.465e+02 3.593e+01
|    ( QUESTION0 1 -8.021e+03 1.310e+02 3.293e+01
|        ( - -5.499e+03 3 0)
|        ( - -2.391e+03 1 0))
|    ( - -7.875e+02 1 0))
s>    ( QUESTION0_10_R 1 -8.955e+03 1.465e+02 3.593e+01
s>        ( QUESTION0 1 -8.021e+03 1.310e+02 3.293e+01
s>            ( - -5.499e+03 3 0)
s>            ( - -2.391e+03 1 0))
s>        ( - -7.875e+02 1 0))INFO: dtree.c(1315): Comp split 53
INFO: dtree.c(1439): stop. leaf nodes are specific
INFO: dtree.c(1478): Final simple tree
|( QUESTION2_0_L -1 -1.408e+04 1.355e+02 5.988e+01
|    ( - -1.270e+04 2 0)
|    ( - -1.245e+03 3 0))
s>    ( QUESTION2_0_L -1 -1.408e+04 1.355e+02 5.988e+01
s>        ( - -1.270e+04 2 0)
s>        ( - -1.245e+03 3 0))INFO: dtree.c(1439): stop. leaf nodes are specific
INFO: dtree.c(1478): Final simple tree
|( QUESTION0_2_R 1 -4.692e+03 1.495e+02 1.902e+01
|    ( - -2.233e+03 1 0)
|    ( - -2.309e+03 1 0))
s>    ( QUESTION0_2_R 1 -4.692e+03 1.495e+02 1.902e+01
s>        ( - -2.233e+03 1 0)
s>        ( - -2.309e+03 1 0))INFO: dtree.c(1315): Comp split 54
INFO: dtree.c(1439): stop. leaf nodes are specific
INFO: dtree.c(1478): Final simple tree
|( QUESTION0_9_R 1 -8.693e+03 1.257e+02 3.300e+01
|    ( - -4.417e+03 2 0)
|    ( QUESTION0_1_R 1 -4.151e+03 1.141e+02 1.299e+01
|        ( - -7.710e+02 1 0)
|        ( - -3.266e+03 2 0)))
s>    ( QUESTION0_9_R 1 -8.693e+03 1.257e+02 3.300e+01
s>        ( - -4.417e+03 2 0)
s>        ( QUESTION0_1_R 1 -4.151e+03 1.141e+02 1.299e+01
s>            ( - -7.710e+02 1 0)
s>            ( - -3.266e+03 2 0)))INFO: dtree.c(1439): stop. leaf nodes are specific
INFO: dtree.c(1478): Final simple tree
|( QUESTION0_1_R 1 -8.280e+03 1.420e+02 3.301e+01
|    ( - -4.455e+02 1 0)
|    ( - -7.693e+03 1 0))
s>    ( QUESTION0_1_R 1 -8.280e+03 1.420e+02 3.301e+01
s>        ( - -4.455e+02 1 0)
s>        ( - -7.693e+03 1 0))INFO: dtree.c(1315): Comp split 55
INFO: dtree.c(1439): stop. leaf nodes are specific
INFO: dtree.c(1478): Final simple tree
|( QUESTION13 1 -7.492e+03 1.190e+02 2.800e+01
|    ( - -1.648e+03 2 0)
|    ( QUESTION0_1_R 1 -5.725e+03 9.060e+01 2.200e+01
|        ( - -2.239e+03 2 0)
|        ( - -3.395e+03 2 0)))
s>    ( QUESTION13 1 -7.492e+03 1.190e+02 2.800e+01
s>        ( - -1.648e+03 2 0)
s>        ( QUESTION0_1_R 1 -5.725e+03 9.060e+01 2.200e+01
s>            ( - -2.239e+03 2 0)
s>            ( - -3.395e+03 2 0)))INFO: dtree.c(1315): Comp split 56
INFO: dtree.c(1315): Comp split 57
INFO: dtree.c(1439): stop. leaf nodes are specific
INFO: dtree.c(1478): Final simple tree
|( SILENCE -1 -2.672e+03 9.783e+01 1.200e+01
|    ( - -7.520e+02 1 0)
|    ( - -1.822e+03 1 0))
s>    ( SILENCE -1 -2.672e+03 9.783e+01 1.200e+01
s>        ( - -7.520e+02 1 0)
s>        ( - -1.822e+03 1 0))INFO: dtree.c(1315): Comp split 58
INFO: dtree.c(1315): Comp split 59
INFO: dtree.c(1439): stop. leaf nodes are specific
INFO: dtree.c(1478): Final simple tree
|( QUESTION0 1 -8.021e+03 1.310e+02 3.293e+01
|    ( - -5.499e+03 3 0)
|    ( - -2.391e+03 1 0))
s>    ( QUESTION0 1 -8.021e+03 1.310e+02 3.293e+01
s>        ( - -5.499e+03 3 0)
s>        ( - -2.391e+03 1 0))INFO: dtree.c(1315): Comp split 60
INFO: dtree.c(1315): Comp split 61
INFO: dtree.c(1439): stop. leaf nodes are specific
INFO: dtree.c(1478): Final simple tree
|( QUESTION0_0_R 1 -6.077e+03 1.431e+02 2.653e+01
|    ( - -5.369e+03 1 0)
|    ( - -5.651e+02 1 0))
s>    ( QUESTION0_0_R 1 -6.077e+03 1.431e+02 2.653e+01
s>        ( - -5.369e+03 1 0)
s>        ( - -5.651e+02 1 0))INFO: dtree.c(1315): Comp split 62
INFO: dtree.c(1439): stop. leaf nodes are specific
INFO: dtree.c(1478): Final simple tree
|( QUESTION2_9_L -1 -1.628e+04 1.372e+02 7.192e+01
|    ( - -3.664e+03 1 0)
|    ( QUESTION0_2_R 1 -1.247e+04 1.018e+02 5.501e+01
|        ( - -1.132e+04 3 0)
|        ( - -1.056e+03 2 0)))
s>    ( QUESTION2_9_L -1 -1.628e+04 1.372e+02 7.192e+01
s>        ( - -3.664e+03 1 0)
s>        ( QUESTION0_2_R 1 -1.247e+04 1.018e+02 5.501e+01
s>            ( - -1.132e+04 3 0)
s>            ( - -1.056e+03 2 0)))INFO: dtree.c(1315): Comp split 63
INFO: dtree.c(1315): Comp split 64
INFO: dtree.c(1315): Comp split 65
INFO: dtree.c(1315): Comp split 66
INFO: dtree.c(1439): stop. leaf nodes are specific
INFO: dtree.c(1478): Final simple tree
|( QUESTION0_5_R 1 -9.821e+03 1.219e+02 3.598e+01
|    ( QUESTION2_3_L -1 -4.423e+03 1.204e+02 1.400e+01
|        ( - -2.440e+03 1 0)
|        ( - -1.863e+03 1 0))
|    ( - -5.275e+03 2 0))
s>    ( QUESTION0_5_R 1 -9.821e+03 1.219e+02 3.598e+01
s>        ( QUESTION2_3_L -1 -4.423e+03 1.204e+02 1.400e+01
s>            ( - -2.440e+03 1 0)
s>            ( - -1.863e+03 1 0))
s>        ( - -5.275e+03 2 0))INFO: dtree.c(1315): Comp split 67
INFO: dtree.c(1439): stop. leaf nodes are specific
INFO: dtree.c(1478): Final simple tree
|( QUESTION0_8_R 1 -1.234e+04 1.349e+02 5.238e+01
|    ( - -1.051e+04 1 0)
|    ( - -1.698e+03 1 0))
s>    ( QUESTION0_8_R 1 -1.234e+04 1.349e+02 5.238e+01
s>        ( - -1.051e+04 1 0)
s>        ( - -1.698e+03 1 0))INFO: dtree.c(1315): Comp split 68
INFO: dtree.c(1439): stop. leaf nodes are specific
INFO: dtree.c(1478): Final simple tree
|( QUESTION10 -1 -4.268e+04 1.229e+02 1.882e+02
|    ( - -2.942e+04 2 0)
|    ( QUESTION0 -1 -1.314e+04 1.006e+02 5.791e+01
|        ( - -1.119e+04 2 0)
|        ( - -1.854e+03 1 0)))
s>    ( QUESTION10 -1 -4.268e+04 1.229e+02 1.882e+02
s>        ( - -2.942e+04 2 0)
s>        ( QUESTION0 -1 -1.314e+04 1.006e+02 5.791e+01
s>            ( - -1.119e+04 2 0)
s>            ( - -1.854e+03 1 0)))INFO: dtree.c(1315): Comp split 69
INFO: dtree.c(1439): stop. leaf nodes are specific
INFO: dtree.c(1478): Final simple tree
|( QUESTION0_2_R 1 -1.247e+04 1.018e+02 5.501e+01
|    ( - -1.132e+04 3 0)
|    ( - -1.056e+03 2 0))
s>    ( QUESTION0_2_R 1 -1.247e+04 1.018e+02 5.501e+01
s>        ( - -1.132e+04 3 0)
s>        ( - -1.056e+03 2 0))INFO: dtree.c(1315): Comp split 70
INFO: dtree.c(1315): Comp split 71
INFO: dtree.c(1315): Comp split 72
INFO: dtree.c(1315): Comp split 73
INFO: dtree.c(1315): Comp split 74
INFO: dtree.c(1315): Comp split 75
INFO: dtree.c(1439): stop. leaf nodes are specific
INFO: dtree.c(1478): Final simple tree
|( QUESTION0_1_R 1 -4.151e+03 1.141e+02 1.299e+01
|    ( - -7.710e+02 1 0)
|    ( - -3.266e+03 2 0))
s>    ( QUESTION0_1_R 1 -4.151e+03 1.141e+02 1.299e+01
s>        ( - -7.710e+02 1 0)
s>        ( - -3.266e+03 2 0))INFO: dtree.c(1315): Comp split 76
INFO: dtree.c(1439): stop. leaf nodes are specific
INFO: dtree.c(1478): Final simple tree
|( QUESTION0 -1 -1.314e+04 1.006e+02 5.791e+01
|    ( - -1.119e+04 2 0)
|    ( - -1.854e+03 1 0))
s>    ( QUESTION0 -1 -1.314e+04 1.006e+02 5.791e+01
s>        ( - -1.119e+04 2 0)
s>        ( - -1.854e+03 1 0))INFO: dtree.c(1315): Comp split 77
INFO: dtree.c(1439): stop. leaf nodes are specific
INFO: dtree.c(1478): Final simple tree
|( QUESTION2_3_L -1 -4.423e+03 1.204e+02 1.400e+01
|    ( - -2.440e+03 1 0)
|    ( - -1.863e+03 1 0))
s>    ( QUESTION2_3_L -1 -4.423e+03 1.204e+02 1.400e+01
s>        ( - -2.440e+03 1 0)
s>        ( - -1.863e+03 1 0))INFO: dtree.c(1315): Comp split 78
INFO: dtree.c(1315): Comp split 79
INFO: dtree.c(1439): stop. leaf nodes are specific
INFO: dtree.c(1478): Final simple tree
|( QUESTION0_1_R 1 -5.725e+03 9.060e+01 2.200e+01
|    ( - -2.239e+03 2 0)
|    ( - -3.395e+03 2 0))
s>    ( QUESTION0_1_R 1 -5.725e+03 9.060e+01 2.200e+01
s>        ( - -2.239e+03 2 0)
s>        ( - -3.395e+03 2 0))INFO: dtree.c(1315): Comp split 80
INFO: dtree.c(1439): stop. leaf nodes are specific
INFO: dtree.c(1478): Final simple tree
|( QUESTION2_3_L -1 -1.363e+04 8.773e+01 6.194e+01
|    ( - -4.705e+03 1 0)
|    ( - -8.835e+03 1 0))
s>    ( QUESTION2_3_L -1 -1.363e+04 8.773e+01 6.194e+01
s>        ( - -4.705e+03 1 0)
s>        ( - -8.835e+03 1 0))INFO: dtree.c(1315): Comp split 81
INFO: dtree.c(1315): Comp split 82
INFO: dtree.c(1439): stop. leaf nodes are specific
INFO: dtree.c(1478): Final simple tree
|( SILENCE -1 -1.387e+04 1.178e+02 6.205e+01
|    ( - -5.672e+03 2 0)
|    ( - -8.077e+03 4 0))
s>    ( SILENCE -1 -1.387e+04 1.178e+02 6.205e+01
s>        ( - -5.672e+03 2 0)
s>        ( - -8.077e+03 4 0))INFO: dtree.c(1315): Comp split 83
INFO: dtree.c(1315): Comp split 84
INFO: dtree.c(1315): Comp split 85
INFO: dtree.c(1315): Comp split 86
INFO: dtree.c(1315): Comp split 87
INFO: dtree.c(1315): Comp split 88
INFO: dtree.c(1315): Comp split 89
INFO: dtree.c(1315): Comp split 90
INFO: dtree.c(1315): Comp split 91
INFO: dtree.c(1315): Comp split 92
INFO: dtree.c(1315): Comp split 93
INFO: dtree.c(1315): Comp split 94
INFO: dtree.c(1318): stop. leaf nodes are specific
Mon Jan 30 07:35:48 2017
