Current configuration:
[NAME]		[DEFLT]	[VALUE]
-allphones	no	no
-cntthresh	0.00001	1.000000e-05
-csplitmax	100	2000
-csplitmin	1	1
-csplitthr	8e-4	0.000000e+00
-example	no	no
-fullvar	no	no
-help		no	no
-meanfn			/Users/benroye/forge/cmusphinx/voiceVim/model_parameters/voiceVim.cd_cont_untied/means
-mixwfn			/Users/benroye/forge/cmusphinx/voiceVim/model_parameters/voiceVim.cd_cont_untied/mixture_weights
-moddeffn		/Users/benroye/forge/cmusphinx/voiceVim/model_architecture/voiceVim.untied.mdef
-mwfloor	1e-4	1.000000e-08
-phone			uu
-psetfn			/Users/benroye/forge/cmusphinx/voiceVim/model_architecture/voiceVim.tree_questions
-ssplitmax	5	7
-ssplitmin	1	1
-ssplitthr	8e-4	0.000000e+00
-state			0
-stwt			1.0,0.05,0.0,
-treefn			/Users/benroye/forge/cmusphinx/voiceVim/trees/voiceVim.unpruned/uu-0.dtree
-ts2cbfn	.semi.	.cont.
-varfloor	0.00001	1.000000e-05
-varfn			/Users/benroye/forge/cmusphinx/voiceVim/model_parameters/voiceVim.cd_cont_untied/variances

INFO: main.c(223): Reading: /Users/benroye/forge/cmusphinx/voiceVim/model_architecture/voiceVim.untied.mdef
INFO: model_def_io.c(573): Model definition info:
INFO: model_def_io.c(574): 2249 total models defined (39 base, 2210 tri)
INFO: model_def_io.c(575): 8996 total states
INFO: model_def_io.c(576): 6747 total tied states
INFO: model_def_io.c(577): 117 total tied CI states
INFO: model_def_io.c(578): 39 total tied transition matrices
INFO: model_def_io.c(579): 4 max state/model
INFO: model_def_io.c(580): 4 min state/model
INFO: main.c(242): Building trees for [uu d SIL e] through [uu z l i]
INFO: main.c(269): Covering states |[6231 6338]| == 108
INFO: main.c(275): Reading: /Users/benroye/forge/cmusphinx/voiceVim/model_parameters/voiceVim.cd_cont_untied/mixture_weights
INFO: s3mixw_io.c(173): Read /Users/benroye/forge/cmusphinx/voiceVim/model_parameters/voiceVim.cd_cont_untied/mixture_weights [108x1x1 array]
INFO: main.c(311): 36 of 36 models have observation count greater than 0.000010
INFO: main.c(95): nrm stwt: 0.952 0.048 0.000 
INFO: s3gau_io.c(169): Read /Users/benroye/forge/cmusphinx/voiceVim/model_parameters/voiceVim.cd_cont_untied/means [6747x1x1 array]
INFO: s3gau_io.c(169): Read /Users/benroye/forge/cmusphinx/voiceVim/model_parameters/voiceVim.cd_cont_untied/variances [6747x1x1 array]
INFO: main.c(549): Reading: /Users/benroye/forge/cmusphinx/voiceVim/model_architecture/voiceVim.tree_questions
INFO: main.c(588): 174 total simple questions (166 phone; 8 word bndry)
INFO: main.c(590): 40 Left Only questions, and 42 Right Only questions
INFO: dtree.c(1478): Final simple tree
|( WDBNDRY_E 0 -3.703e+05 3.577e+03 1.740e+03
|    ( QUESTION2_18_L -1 -1.365e+05 1.492e+03 6.643e+02
|        ( QUESTION6 1 -3.802e+04 9.108e+02 1.891e+02
|            ( - -2.021e+04 1 0)
|            ( - -1.690e+04 8 0 SILENCE 1 4.715e+02 8.305e+01))
|        ( - -9.694e+04 22 0 QUESTION0 -1 5.170e+02 4.753e+02))
|    ( QUESTION0_3_R 1 -2.303e+05 3.212e+03 1.076e+03
|        ( - -1.522e+05 1 0)
|        ( QUESTION6 -1 -7.491e+04 1.427e+03 3.406e+02
|            ( QUESTION7 -1 -3.147e+04 8.349e+02 1.427e+02
|                ( - -1.895e+04 1 0)
|                ( - -1.168e+04 1 0))
|            ( QUESTION0_1_R 1 -4.202e+04 8.735e+02 1.979e+02
|                ( - -1.130e+04 1 0)
|                ( - -2.985e+04 1 0)))))
s>    ( WDBNDRY_E 0 -3.703e+05 3.577e+03 1.740e+03
s>        ( QUESTION2_18_L -1 -1.365e+05 1.492e+03 6.643e+02
s>            ( QUESTION6 1 -3.802e+04 9.108e+02 1.891e+02
s>                ( - -2.021e+04 1 0)
s>                ( - -1.690e+04 8 0 SILENCE 1 4.715e+02 8.305e+01))
s>            ( - -9.694e+04 22 0 QUESTION0 -1 5.170e+02 4.753e+02))
s>        ( QUESTION0_3_R 1 -2.303e+05 3.212e+03 1.076e+03
s>            ( - -1.522e+05 1 0)
s>            ( QUESTION6 -1 -7.491e+04 1.427e+03 3.406e+02
s>                ( QUESTION7 -1 -3.147e+04 8.349e+02 1.427e+02
s>                    ( - -1.895e+04 1 0)
s>                    ( - -1.168e+04 1 0))
s>                ( QUESTION0_1_R 1 -4.202e+04 8.735e+02 1.979e+02
s>                    ( - -1.130e+04 1 0)
s>                    ( - -2.985e+04 1 0)))))INFO: dtree.c(1315): Comp split 0
INFO: dtree.c(1439): stop. leaf nodes are specific
INFO: dtree.c(1478): Final simple tree
|( QUESTION0_3_R 1 -2.303e+05 3.212e+03 1.076e+03
|    ( - -1.522e+05 1 0)
|    ( QUESTION6 -1 -7.491e+04 1.427e+03 3.406e+02
|        ( QUESTION7 -1 -3.147e+04 8.349e+02 1.427e+02
|            ( - -1.895e+04 1 0)
|            ( - -1.168e+04 1 0))
|        ( QUESTION0_1_R 1 -4.202e+04 8.735e+02 1.979e+02
|            ( - -1.130e+04 1 0)
|            ( - -2.985e+04 1 0))))
s>    ( QUESTION0_3_R 1 -2.303e+05 3.212e+03 1.076e+03
s>        ( - -1.522e+05 1 0)
s>        ( QUESTION6 -1 -7.491e+04 1.427e+03 3.406e+02
s>            ( QUESTION7 -1 -3.147e+04 8.349e+02 1.427e+02
s>                ( - -1.895e+04 1 0)
s>                ( - -1.168e+04 1 0))
s>            ( QUESTION0_1_R 1 -4.202e+04 8.735e+02 1.979e+02
s>                ( - -1.130e+04 1 0)
s>                ( - -2.985e+04 1 0))))INFO: dtree.c(1478): Final simple tree
|( QUESTION2_18_L -1 -1.365e+05 1.492e+03 6.643e+02
|    ( QUESTION6 1 -3.802e+04 9.108e+02 1.891e+02
|        ( - -2.021e+04 1 0)
|        ( SILENCE 1 -1.690e+04 4.715e+02 8.305e+01
|            ( - 2.205e+02 1 0)
|            ( - -1.665e+04 7 0 QUESTION0 1 3.123e+02 8.205e+01)))
|    ( QUESTION0 -1 -9.694e+04 5.170e+02 4.753e+02
|        ( QUESTION0_8_R 1 -2.011e+04 7.064e+02 1.007e+02
|            ( - 2.430e+02 1 0)
|            ( SILENCE 1 -1.965e+04 3.946e+02 9.974e+01
|                ( - -4.339e+03 1 0)
|                ( - -1.491e+04 5 0 QUESTION0_2_R 1 3.344e+02 7.574e+01)))
|        ( QUESTION0_6_R 1 -7.632e+04 4.083e+02 3.745e+02
|            ( - -4.053e+03 3 0 QUESTION15 1 2.091e+02 1.900e+01)
|            ( - -7.186e+04 12 0 QUESTION10 1 3.438e+02 3.555e+02))))
s>    ( QUESTION2_18_L -1 -1.365e+05 1.492e+03 6.643e+02
s>        ( QUESTION6 1 -3.802e+04 9.108e+02 1.891e+02
s>            ( - -2.021e+04 1 0)
s>            ( SILENCE 1 -1.690e+04 4.715e+02 8.305e+01
s>                ( - 2.205e+02 1 0)
s>                ( - -1.665e+04 7 0 QUESTION0 1 3.123e+02 8.205e+01)))
s>        ( QUESTION0 -1 -9.694e+04 5.170e+02 4.753e+02
s>            ( QUESTION0_8_R 1 -2.011e+04 7.064e+02 1.007e+02
s>                ( - 2.430e+02 1 0)
s>                ( SILENCE 1 -1.965e+04 3.946e+02 9.974e+01
s>                    ( - -4.339e+03 1 0)
s>                    ( - -1.491e+04 5 0 QUESTION0_2_R 1 3.344e+02 7.574e+01)))
s>            ( QUESTION0_6_R 1 -7.632e+04 4.083e+02 3.745e+02
s>                ( - -4.053e+03 3 0 QUESTION15 1 2.091e+02 1.900e+01)
s>                ( - -7.186e+04 12 0 QUESTION10 1 3.438e+02 3.555e+02))))INFO: dtree.c(1315): Comp split 1
INFO: dtree.c(1439): stop. leaf nodes are specific
INFO: dtree.c(1478): Final simple tree
|( QUESTION6 -1 -7.491e+04 1.427e+03 3.406e+02
|    ( QUESTION7 -1 -3.147e+04 8.349e+02 1.427e+02
|        ( - -1.895e+04 1 0)
|        ( - -1.168e+04 1 0))
|    ( QUESTION0_1_R 1 -4.202e+04 8.735e+02 1.979e+02
|        ( - -1.130e+04 1 0)
|        ( - -2.985e+04 1 0)))
s>    ( QUESTION6 -1 -7.491e+04 1.427e+03 3.406e+02
s>        ( QUESTION7 -1 -3.147e+04 8.349e+02 1.427e+02
s>            ( - -1.895e+04 1 0)
s>            ( - -1.168e+04 1 0))
s>        ( QUESTION0_1_R 1 -4.202e+04 8.735e+02 1.979e+02
s>            ( - -1.130e+04 1 0)
s>            ( - -2.985e+04 1 0)))INFO: dtree.c(1315): Comp split 2
INFO: dtree.c(1478): Final simple tree
|( QUESTION0 -1 -9.694e+04 5.170e+02 4.753e+02
|    ( QUESTION0_8_R 1 -2.011e+04 7.064e+02 1.007e+02
|        ( - 2.430e+02 1 0)
|        ( SILENCE 1 -1.965e+04 3.946e+02 9.974e+01
|            ( - -4.339e+03 1 0)
|            ( QUESTION0_2_R 1 -1.491e+04 3.344e+02 7.574e+01
|                ( - -2.749e+03 1 0)
|                ( QUESTION0_7_R 1 -1.183e+04 2.731e+02 6.074e+01
|                    ( - -7.158e+03 2 0 QUESTION0_12_R 1 1.610e+02 3.574e+01)
|                    ( - -4.397e+03 2 0 QUESTION0_0_R 1 6.637e+01 2.500e+01)))))
|    ( QUESTION0_6_R 1 -7.632e+04 4.083e+02 3.745e+02
|        ( - -4.053e+03 3 0 QUESTION15 1 2.091e+02 1.900e+01)
|        ( QUESTION10 1 -7.186e+04 3.438e+02 3.555e+02
|            ( - -1.641e+04 3 0 QUESTION0_8_R 1 1.943e+02 8.271e+01)
|            ( - -5.510e+04 9 0 QUESTION0_0_R 1 2.416e+02 2.728e+02))))
s>    ( QUESTION0 -1 -9.694e+04 5.170e+02 4.753e+02
s>        ( QUESTION0_8_R 1 -2.011e+04 7.064e+02 1.007e+02
s>            ( - 2.430e+02 1 0)
s>            ( SILENCE 1 -1.965e+04 3.946e+02 9.974e+01
s>                ( - -4.339e+03 1 0)
s>                ( QUESTION0_2_R 1 -1.491e+04 3.344e+02 7.574e+01
s>                    ( - -2.749e+03 1 0)
s>                    ( QUESTION0_7_R 1 -1.183e+04 2.731e+02 6.074e+01
s>                        ( - -7.158e+03 2 0 QUESTION0_12_R 1 1.610e+02 3.574e+01)
s>                        ( - -4.397e+03 2 0 QUESTION0_0_R 1 6.637e+01 2.500e+01)))))
s>        ( QUESTION0_6_R 1 -7.632e+04 4.083e+02 3.745e+02
s>            ( - -4.053e+03 3 0 QUESTION15 1 2.091e+02 1.900e+01)
s>            ( QUESTION10 1 -7.186e+04 3.438e+02 3.555e+02
s>                ( - -1.641e+04 3 0 QUESTION0_8_R 1 1.943e+02 8.271e+01)
s>                ( - -5.510e+04 9 0 QUESTION0_0_R 1 2.416e+02 2.728e+02))))INFO: dtree.c(1478): Final simple tree
|( QUESTION6 1 -3.802e+04 9.108e+02 1.891e+02
|    ( - -2.021e+04 1 0)
|    ( SILENCE 1 -1.690e+04 4.715e+02 8.305e+01
|        ( - 2.205e+02 1 0)
|        ( QUESTION0 1 -1.665e+04 3.123e+02 8.205e+01
|            ( QUESTION0_1_R 1 -3.795e+03 2.139e+02 1.899e+01
|                ( - -1.277e+03 1 0)
|                ( - -2.304e+03 1 0))
|            ( QUESTION11 1 -1.255e+04 3.014e+02 6.306e+01
|                ( - -8.110e+02 1 0)
|                ( QUESTION0_0_R 1 -1.143e+04 2.129e+02 5.806e+01
|                    ( QUESTION0_1_R 1 -9.989e+03 1.527e+02 5.106e+01
|                        ( - -1.107e+03 1 0)
|                        ( - -8.729e+03 2 0))
|                    ( - -1.232e+03 1 0))))))
s>    ( QUESTION6 1 -3.802e+04 9.108e+02 1.891e+02
s>        ( - -2.021e+04 1 0)
s>        ( SILENCE 1 -1.690e+04 4.715e+02 8.305e+01
s>            ( - 2.205e+02 1 0)
s>            ( QUESTION0 1 -1.665e+04 3.123e+02 8.205e+01
s>                ( QUESTION0_1_R 1 -3.795e+03 2.139e+02 1.899e+01
s>                    ( - -1.277e+03 1 0)
s>                    ( - -2.304e+03 1 0))
s>                ( QUESTION11 1 -1.255e+04 3.014e+02 6.306e+01
s>                    ( - -8.110e+02 1 0)
s>                    ( QUESTION0_0_R 1 -1.143e+04 2.129e+02 5.806e+01
s>                        ( QUESTION0_1_R 1 -9.989e+03 1.527e+02 5.106e+01
s>                            ( - -1.107e+03 1 0)
s>                            ( - -8.729e+03 2 0))
s>                        ( - -1.232e+03 1 0))))))INFO: dtree.c(1315): Comp split 3
INFO: dtree.c(1439): stop. leaf nodes are specific
INFO: dtree.c(1478): Final simple tree
|( QUESTION0_1_R 1 -4.202e+04 8.735e+02 1.979e+02
|    ( - -1.130e+04 1 0)
|    ( - -2.985e+04 1 0))
s>    ( QUESTION0_1_R 1 -4.202e+04 8.735e+02 1.979e+02
s>        ( - -1.130e+04 1 0)
s>        ( - -2.985e+04 1 0))INFO: dtree.c(1439): stop. leaf nodes are specific
INFO: dtree.c(1478): Final simple tree
|( QUESTION7 -1 -3.147e+04 8.349e+02 1.427e+02
|    ( - -1.895e+04 1 0)
|    ( - -1.168e+04 1 0))
s>    ( QUESTION7 -1 -3.147e+04 8.349e+02 1.427e+02
s>        ( - -1.895e+04 1 0)
s>        ( - -1.168e+04 1 0))INFO: dtree.c(1315): Comp split 4
INFO: dtree.c(1439): stop. leaf nodes are specific
INFO: dtree.c(1478): Final simple tree
|( QUESTION0 1 -1.519e+04 3.056e+02 7.505e+01
|    ( QUESTION0_1_R 1 -3.795e+03 2.139e+02 1.899e+01
|        ( - -1.277e+03 1 0)
|        ( - -2.304e+03 1 0))
|    ( QUESTION11 1 -1.109e+04 2.913e+02 5.606e+01
|        ( - -8.110e+02 1 0)
|        ( QUESTION0_1_R 1 -9.989e+03 1.527e+02 5.106e+01
|            ( - -1.107e+03 1 0)
|            ( - -8.729e+03 2 0))))
s>    ( QUESTION0 1 -1.519e+04 3.056e+02 7.505e+01
s>        ( QUESTION0_1_R 1 -3.795e+03 2.139e+02 1.899e+01
s>            ( - -1.277e+03 1 0)
s>            ( - -2.304e+03 1 0))
s>        ( QUESTION11 1 -1.109e+04 2.913e+02 5.606e+01
s>            ( - -8.110e+02 1 0)
s>            ( QUESTION0_1_R 1 -9.989e+03 1.527e+02 5.106e+01
s>                ( - -1.107e+03 1 0)
s>                ( - -8.729e+03 2 0))))INFO: dtree.c(1439): stop. leaf nodes are specific
INFO: dtree.c(1478): Final simple tree
|( SILENCE 1 -2.178e+04 4.674e+02 1.140e+02
|    ( - 2.205e+02 1 0)
|    ( QUESTION0_0_R 1 -2.153e+04 9.553e+01 1.130e+02
|        ( - -2.021e+04 1 0)
|        ( - -1.232e+03 1 0)))
s>    ( SILENCE 1 -2.178e+04 4.674e+02 1.140e+02
s>        ( - 2.205e+02 1 0)
s>        ( QUESTION0_0_R 1 -2.153e+04 9.553e+01 1.130e+02
s>            ( - -2.021e+04 1 0)
s>            ( - -1.232e+03 1 0)))INFO: dtree.c(1315): Comp split 5
INFO: dtree.c(1315): Comp split 6
INFO: dtree.c(1315): Comp split 7
INFO: dtree.c(1478): Final simple tree
|( QUESTION0 -1 -9.648e+04 5.210e+02 4.743e+02
|    ( SILENCE 1 -1.965e+04 3.946e+02 9.974e+01
|        ( - -4.339e+03 1 0)
|        ( QUESTION0_2_R 1 -1.491e+04 3.344e+02 7.574e+01
|            ( - -2.749e+03 1 0)
|            ( QUESTION0_7_R 1 -1.183e+04 2.731e+02 6.074e+01
|                ( - -7.158e+03 2 0 QUESTION0_12_R 1 1.610e+02 3.574e+01)
|                ( - -4.397e+03 2 0 QUESTION0_0_R 1 6.637e+01 2.500e+01))))
|    ( QUESTION0_6_R 1 -7.632e+04 4.083e+02 3.745e+02
|        ( - -4.053e+03 3 0 QUESTION15 1 2.091e+02 1.900e+01)
|        ( QUESTION10 1 -7.186e+04 3.438e+02 3.555e+02
|            ( - -1.641e+04 3 0 QUESTION0_8_R 1 1.943e+02 8.271e+01)
|            ( QUESTION0_0_R 1 -5.510e+04 2.416e+02 2.728e+02
|                ( - -4.450e+04 6 0 QUESTION4 -1 2.186e+02 2.215e+02)
|                ( - -1.036e+04 3 0 QUESTION4 -1 2.084e+02 5.134e+01)))))
s>    ( QUESTION0 -1 -9.648e+04 5.210e+02 4.743e+02
s>        ( SILENCE 1 -1.965e+04 3.946e+02 9.974e+01
s>            ( - -4.339e+03 1 0)
s>            ( QUESTION0_2_R 1 -1.491e+04 3.344e+02 7.574e+01
s>                ( - -2.749e+03 1 0)
s>                ( QUESTION0_7_R 1 -1.183e+04 2.731e+02 6.074e+01
s>                    ( - -7.158e+03 2 0 QUESTION0_12_R 1 1.610e+02 3.574e+01)
s>                    ( - -4.397e+03 2 0 QUESTION0_0_R 1 6.637e+01 2.500e+01))))
s>        ( QUESTION0_6_R 1 -7.632e+04 4.083e+02 3.745e+02
s>            ( - -4.053e+03 3 0 QUESTION15 1 2.091e+02 1.900e+01)
s>            ( QUESTION10 1 -7.186e+04 3.438e+02 3.555e+02
s>                ( - -1.641e+04 3 0 QUESTION0_8_R 1 1.943e+02 8.271e+01)
s>                ( QUESTION0_0_R 1 -5.510e+04 2.416e+02 2.728e+02
s>                    ( - -4.450e+04 6 0 QUESTION4 -1 2.186e+02 2.215e+02)
s>                    ( - -1.036e+04 3 0 QUESTION4 -1 2.084e+02 5.134e+01)))))INFO: dtree.c(1315): Comp split 8
INFO: dtree.c(1439): stop. leaf nodes are specific
INFO: dtree.c(1478): Final simple tree
|( QUESTION0 -1 -2.857e+04 3.262e+02 1.434e+02
|    ( QUESTION0_7_R 1 -1.183e+04 2.731e+02 6.074e+01
|        ( QUESTION0_12_R 1 -7.158e+03 1.610e+02 3.574e+01
|            ( - -4.726e+03 1 0)
|            ( - -2.272e+03 1 0))
|        ( QUESTION0_0_R 1 -4.397e+03 6.637e+01 2.500e+01
|            ( - -2.088e+03 1 0)
|            ( - -2.242e+03 1 0)))
|    ( QUESTION0_8_R 1 -1.641e+04 1.943e+02 8.271e+01
|        ( - -1.625e+03 1 0)
|        ( QUESTION0_1_R 1 -1.459e+04 1.060e+02 7.371e+01
|            ( - -7.127e+03 1 0)
|            ( - -7.359e+03 1 0))))
s>    ( QUESTION0 -1 -2.857e+04 3.262e+02 1.434e+02
s>        ( QUESTION0_7_R 1 -1.183e+04 2.731e+02 6.074e+01
s>            ( QUESTION0_12_R 1 -7.158e+03 1.610e+02 3.574e+01
s>                ( - -4.726e+03 1 0)
s>                ( - -2.272e+03 1 0))
s>            ( QUESTION0_0_R 1 -4.397e+03 6.637e+01 2.500e+01
s>                ( - -2.088e+03 1 0)
s>                ( - -2.242e+03 1 0)))
s>        ( QUESTION0_8_R 1 -1.641e+04 1.943e+02 8.271e+01
s>            ( - -1.625e+03 1 0)
s>            ( QUESTION0_1_R 1 -1.459e+04 1.060e+02 7.371e+01
s>                ( - -7.127e+03 1 0)
s>                ( - -7.359e+03 1 0))))INFO: dtree.c(1478): Final simple tree
|( QUESTION0 -1 -6.739e+04 4.827e+02 3.308e+02
|    ( SILENCE 1 -7.381e+03 2.928e+02 3.900e+01
|        ( - -4.339e+03 1 0)
|        ( - -2.749e+03 1 0))
|    ( QUESTION0_1_R 1 -5.953e+04 3.928e+02 2.918e+02
|        ( QUESTION15 1 -9.351e+03 2.161e+02 4.496e+01
|            ( - -1.930e+03 1 0)
|            ( - -7.205e+03 3 0 QUESTION0 1 2.032e+02 3.496e+01))
|        ( QUESTION0_0_R 1 -4.978e+04 2.430e+02 2.468e+02
|            ( QUESTION4 -1 -3.919e+04 2.257e+02 1.955e+02
|                ( - -3.109e+03 1 0)
|                ( - -3.585e+04 4 0 QUESTION5 1 1.960e+02 1.794e+02))
|            ( QUESTION4 -1 -1.036e+04 2.084e+02 5.134e+01
|                ( - -2.075e+03 1 0)
|                ( - -8.072e+03 2 0 SILENCE 1 1.773e+02 4.134e+01)))))
s>    ( QUESTION0 -1 -6.739e+04 4.827e+02 3.308e+02
s>        ( SILENCE 1 -7.381e+03 2.928e+02 3.900e+01
s>            ( - -4.339e+03 1 0)
s>            ( - -2.749e+03 1 0))
s>        ( QUESTION0_1_R 1 -5.953e+04 3.928e+02 2.918e+02
s>            ( QUESTION15 1 -9.351e+03 2.161e+02 4.496e+01
s>                ( - -1.930e+03 1 0)
s>                ( - -7.205e+03 3 0 QUESTION0 1 2.032e+02 3.496e+01))
s>            ( QUESTION0_0_R 1 -4.978e+04 2.430e+02 2.468e+02
s>                ( QUESTION4 -1 -3.919e+04 2.257e+02 1.955e+02
s>                    ( - -3.109e+03 1 0)
s>                    ( - -3.585e+04 4 0 QUESTION5 1 1.960e+02 1.794e+02))
s>                ( QUESTION4 -1 -1.036e+04 2.084e+02 5.134e+01
s>                    ( - -2.075e+03 1 0)
s>                    ( - -8.072e+03 2 0 SILENCE 1 1.773e+02 4.134e+01)))))INFO: dtree.c(1315): Comp split 9
INFO: dtree.c(1478): Final simple tree
|( QUESTION0_1_R 1 -6.256e+04 4.247e+02 3.068e+02
|    ( QUESTION0 -1 -1.235e+04 2.523e+02 5.996e+01
|        ( - -2.749e+03 1 0)
|        ( QUESTION15 1 -9.351e+03 2.161e+02 4.496e+01
|            ( - -1.930e+03 1 0)
|            ( QUESTION0 1 -7.205e+03 2.032e+02 3.496e+01
|                ( - -5.851e+03 2 0 QUESTION0_2_R 1 1.320e+02 2.896e+01)
|                ( - -1.151e+03 1 0))))
|    ( QUESTION0_0_R 1 -4.978e+04 2.430e+02 2.468e+02
|        ( QUESTION4 -1 -3.919e+04 2.257e+02 1.955e+02
|            ( - -3.109e+03 1 0)
|            ( - -3.585e+04 4 0 QUESTION5 1 1.960e+02 1.794e+02))
|        ( QUESTION4 -1 -1.036e+04 2.084e+02 5.134e+01
|            ( - -2.075e+03 1 0)
|            ( - -8.072e+03 2 0 SILENCE 1 1.773e+02 4.134e+01))))
s>    ( QUESTION0_1_R 1 -6.256e+04 4.247e+02 3.068e+02
s>        ( QUESTION0 -1 -1.235e+04 2.523e+02 5.996e+01
s>            ( - -2.749e+03 1 0)
s>            ( QUESTION15 1 -9.351e+03 2.161e+02 4.496e+01
s>                ( - -1.930e+03 1 0)
s>                ( QUESTION0 1 -7.205e+03 2.032e+02 3.496e+01
s>                    ( - -5.851e+03 2 0 QUESTION0_2_R 1 1.320e+02 2.896e+01)
s>                    ( - -1.151e+03 1 0))))
s>        ( QUESTION0_0_R 1 -4.978e+04 2.430e+02 2.468e+02
s>            ( QUESTION4 -1 -3.919e+04 2.257e+02 1.955e+02
s>                ( - -3.109e+03 1 0)
s>                ( - -3.585e+04 4 0 QUESTION5 1 1.960e+02 1.794e+02))
s>            ( QUESTION4 -1 -1.036e+04 2.084e+02 5.134e+01
s>                ( - -2.075e+03 1 0)
s>                ( - -8.072e+03 2 0 SILENCE 1 1.773e+02 4.134e+01))))INFO: dtree.c(1315): Comp split 10
INFO: dtree.c(1439): stop. leaf nodes are specific
INFO: dtree.c(1478): Final simple tree
|( QUESTION0_0_R 1 -2.153e+04 9.553e+01 1.130e+02
|    ( - -2.021e+04 1 0)
|    ( - -1.232e+03 1 0))
s>    ( QUESTION0_0_R 1 -2.153e+04 9.553e+01 1.130e+02
s>        ( - -2.021e+04 1 0)
s>        ( - -1.232e+03 1 0))INFO: dtree.c(1315): Comp split 11
INFO: dtree.c(1439): stop. leaf nodes are specific
INFO: dtree.c(1478): Final simple tree
|( QUESTION0_0_R 1 -4.978e+04 2.430e+02 2.468e+02
|    ( QUESTION4 -1 -3.919e+04 2.257e+02 1.955e+02
|        ( - -3.109e+03 1 0)
|        ( QUESTION5 1 -3.585e+04 1.960e+02 1.794e+02
|            ( - -3.588e+03 1 0)
|            ( QUESTION0_8_R 1 -3.207e+04 1.699e+02 1.604e+02
|                ( - -1.372e+04 2 0)
|                ( - -1.818e+04 1 0))))
|    ( QUESTION4 -1 -1.036e+04 2.084e+02 5.134e+01
|        ( - -2.075e+03 1 0)
|        ( SILENCE 1 -8.072e+03 1.773e+02 4.134e+01
|            ( - -3.343e+03 1 0)
|            ( - -4.553e+03 1 0))))
s>    ( QUESTION0_0_R 1 -4.978e+04 2.430e+02 2.468e+02
s>        ( QUESTION4 -1 -3.919e+04 2.257e+02 1.955e+02
s>            ( - -3.109e+03 1 0)
s>            ( QUESTION5 1 -3.585e+04 1.960e+02 1.794e+02
s>                ( - -3.588e+03 1 0)
s>                ( QUESTION0_8_R 1 -3.207e+04 1.699e+02 1.604e+02
s>                    ( - -1.372e+04 2 0)
s>                    ( - -1.818e+04 1 0))))
s>        ( QUESTION4 -1 -1.036e+04 2.084e+02 5.134e+01
s>            ( - -2.075e+03 1 0)
s>            ( SILENCE 1 -8.072e+03 1.773e+02 4.134e+01
s>                ( - -3.343e+03 1 0)
s>                ( - -4.553e+03 1 0))))INFO: dtree.c(1439): stop. leaf nodes are specific
INFO: dtree.c(1478): Final simple tree
|( QUESTION0 -1 -1.235e+04 2.523e+02 5.996e+01
|    ( - -2.749e+03 1 0)
|    ( QUESTION15 1 -9.351e+03 2.161e+02 4.496e+01
|        ( - -1.930e+03 1 0)
|        ( QUESTION0 1 -7.205e+03 2.032e+02 3.496e+01
|            ( QUESTION0_2_R 1 -5.851e+03 1.320e+02 2.896e+01
|                ( - -5.128e+03 1 0)
|                ( - -5.908e+02 1 0))
|            ( - -1.151e+03 1 0))))
s>    ( QUESTION0 -1 -1.235e+04 2.523e+02 5.996e+01
s>        ( - -2.749e+03 1 0)
s>        ( QUESTION15 1 -9.351e+03 2.161e+02 4.496e+01
s>            ( - -1.930e+03 1 0)
s>            ( QUESTION0 1 -7.205e+03 2.032e+02 3.496e+01
s>                ( QUESTION0_2_R 1 -5.851e+03 1.320e+02 2.896e+01
s>                    ( - -5.128e+03 1 0)
s>                    ( - -5.908e+02 1 0))
s>                ( - -1.151e+03 1 0))))INFO: dtree.c(1315): Comp split 12
INFO: dtree.c(1439): stop. leaf nodes are specific
INFO: dtree.c(1478): Final simple tree
|( QUESTION0_0_R 1 -4.397e+03 6.637e+01 2.500e+01
|    ( - -2.088e+03 1 0)
|    ( - -2.242e+03 1 0))
s>    ( QUESTION0_0_R 1 -4.397e+03 6.637e+01 2.500e+01
s>        ( - -2.088e+03 1 0)
s>        ( - -2.242e+03 1 0))INFO: dtree.c(1439): stop. leaf nodes are specific
INFO: dtree.c(1478): Final simple tree
|( QUESTION0 -1 -2.382e+04 2.532e+02 1.184e+02
|    ( QUESTION0_12_R 1 -7.158e+03 1.610e+02 3.574e+01
|        ( - -4.726e+03 1 0)
|        ( - -2.272e+03 1 0))
|    ( QUESTION0_8_R 1 -1.641e+04 1.943e+02 8.271e+01
|        ( - -1.625e+03 1 0)
|        ( QUESTION0_1_R 1 -1.459e+04 1.060e+02 7.371e+01
|            ( - -7.127e+03 1 0)
|            ( - -7.359e+03 1 0))))
s>    ( QUESTION0 -1 -2.382e+04 2.532e+02 1.184e+02
s>        ( QUESTION0_12_R 1 -7.158e+03 1.610e+02 3.574e+01
s>            ( - -4.726e+03 1 0)
s>            ( - -2.272e+03 1 0))
s>        ( QUESTION0_8_R 1 -1.641e+04 1.943e+02 8.271e+01
s>            ( - -1.625e+03 1 0)
s>            ( QUESTION0_1_R 1 -1.459e+04 1.060e+02 7.371e+01
s>                ( - -7.127e+03 1 0)
s>                ( - -7.359e+03 1 0))))INFO: dtree.c(1315): Comp split 13
INFO: dtree.c(1439): stop. leaf nodes are specific
INFO: dtree.c(1478): Final simple tree
|( QUESTION0_1_R 1 -9.989e+03 1.527e+02 5.106e+01
|    ( - -1.107e+03 1 0)
|    ( - -8.729e+03 2 0))
s>    ( QUESTION0_1_R 1 -9.989e+03 1.527e+02 5.106e+01
s>        ( - -1.107e+03 1 0)
s>        ( - -8.729e+03 2 0))INFO: dtree.c(1439): stop. leaf nodes are specific
INFO: dtree.c(1478): Final simple tree
|( QUESTION0_8_R 1 -4.895e+03 2.892e+02 2.399e+01
|    ( - -8.110e+02 1 0)
|    ( QUESTION0_1_R 1 -3.795e+03 2.139e+02 1.899e+01
|        ( - -1.277e+03 1 0)
|        ( - -2.304e+03 1 0)))
s>    ( QUESTION0_8_R 1 -4.895e+03 2.892e+02 2.399e+01
s>        ( - -8.110e+02 1 0)
s>        ( QUESTION0_1_R 1 -3.795e+03 2.139e+02 1.899e+01
s>            ( - -1.277e+03 1 0)
s>            ( - -2.304e+03 1 0)))INFO: dtree.c(1315): Comp split 14
INFO: dtree.c(1439): stop. leaf nodes are specific
INFO: dtree.c(1478): Final simple tree
|( QUESTION0_1_R 1 -3.795e+03 2.139e+02 1.899e+01
|    ( - -1.277e+03 1 0)
|    ( - -2.304e+03 1 0))
s>    ( QUESTION0_1_R 1 -3.795e+03 2.139e+02 1.899e+01
s>        ( - -1.277e+03 1 0)
s>        ( - -2.304e+03 1 0))INFO: dtree.c(1315): Comp split 15
INFO: dtree.c(1439): stop. leaf nodes are specific
INFO: dtree.c(1478): Final simple tree
|( QUESTION0_20_R 1 -1.183e+04 1.711e+02 6.030e+01
|    ( - -4.553e+03 1 0)
|    ( SILENCE 1 -7.104e+03 1.739e+02 3.732e+01
|        ( - -3.343e+03 1 0)
|        ( - -3.588e+03 1 0)))
s>    ( QUESTION0_20_R 1 -1.183e+04 1.711e+02 6.030e+01
s>        ( - -4.553e+03 1 0)
s>        ( SILENCE 1 -7.104e+03 1.739e+02 3.732e+01
s>            ( - -3.343e+03 1 0)
s>            ( - -3.588e+03 1 0)))INFO: dtree.c(1439): stop. leaf nodes are specific
INFO: dtree.c(1478): Final simple tree
|( QUESTION4 -1 -3.768e+04 2.239e+02 1.865e+02
|    ( SILENCE 1 -5.393e+03 2.087e+02 2.614e+01
|        ( - -2.075e+03 1 0)
|        ( - -3.109e+03 1 0))
|    ( QUESTION0_8_R 1 -3.207e+04 1.699e+02 1.604e+02
|        ( - -1.372e+04 2 0)
|        ( - -1.818e+04 1 0)))
s>    ( QUESTION4 -1 -3.768e+04 2.239e+02 1.865e+02
s>        ( SILENCE 1 -5.393e+03 2.087e+02 2.614e+01
s>            ( - -2.075e+03 1 0)
s>            ( - -3.109e+03 1 0))
s>        ( QUESTION0_8_R 1 -3.207e+04 1.699e+02 1.604e+02
s>            ( - -1.372e+04 2 0)
s>            ( - -1.818e+04 1 0)))INFO: dtree.c(1315): Comp split 16
INFO: dtree.c(1439): stop. leaf nodes are specific
INFO: dtree.c(1478): Final simple tree
|( QUESTION0_8_R 1 -1.641e+04 1.943e+02 8.271e+01
|    ( - -1.625e+03 1 0)
|    ( QUESTION0_1_R 1 -1.459e+04 1.060e+02 7.371e+01
|        ( - -7.127e+03 1 0)
|        ( - -7.359e+03 1 0)))
s>    ( QUESTION0_8_R 1 -1.641e+04 1.943e+02 8.271e+01
s>        ( - -1.625e+03 1 0)
s>        ( QUESTION0_1_R 1 -1.459e+04 1.060e+02 7.371e+01
s>            ( - -7.127e+03 1 0)
s>            ( - -7.359e+03 1 0)))INFO: dtree.c(1439): stop. leaf nodes are specific
INFO: dtree.c(1478): Final simple tree
|( QUESTION0_12_R 1 -7.158e+03 1.610e+02 3.574e+01
|    ( - -4.726e+03 1 0)
|    ( - -2.272e+03 1 0))
s>    ( QUESTION0_12_R 1 -7.158e+03 1.610e+02 3.574e+01
s>        ( - -4.726e+03 1 0)
s>        ( - -2.272e+03 1 0))INFO: dtree.c(1315): Comp split 17
INFO: dtree.c(1439): stop. leaf nodes are specific
INFO: dtree.c(1478): Final simple tree
|( QUESTION15 1 -9.351e+03 2.161e+02 4.496e+01
|    ( - -1.930e+03 1 0)
|    ( QUESTION0 1 -7.205e+03 2.032e+02 3.496e+01
|        ( QUESTION0_2_R 1 -5.851e+03 1.320e+02 2.896e+01
|            ( - -5.128e+03 1 0)
|            ( - -5.908e+02 1 0))
|        ( - -1.151e+03 1 0)))
s>    ( QUESTION15 1 -9.351e+03 2.161e+02 4.496e+01
s>        ( - -1.930e+03 1 0)
s>        ( QUESTION0 1 -7.205e+03 2.032e+02 3.496e+01
s>            ( QUESTION0_2_R 1 -5.851e+03 1.320e+02 2.896e+01
s>                ( - -5.128e+03 1 0)
s>                ( - -5.908e+02 1 0))
s>            ( - -1.151e+03 1 0)))INFO: dtree.c(1315): Comp split 18
INFO: dtree.c(1439): stop. leaf nodes are specific
INFO: dtree.c(1478): Final simple tree
|( SILENCE 1 -2.374e+04 1.874e+02 1.167e+02
|    ( - -2.075e+03 1 0)
|    ( QUESTION0_8_R 1 -2.148e+04 1.856e+02 1.067e+02
|        ( - -3.109e+03 1 0)
|        ( - -1.818e+04 1 0)))
s>    ( SILENCE 1 -2.374e+04 1.874e+02 1.167e+02
s>        ( - -2.075e+03 1 0)
s>        ( QUESTION0_8_R 1 -2.148e+04 1.856e+02 1.067e+02
s>            ( - -3.109e+03 1 0)
s>            ( - -1.818e+04 1 0)))INFO: dtree.c(1315): Comp split 19
INFO: dtree.c(1439): stop. leaf nodes are specific
INFO: dtree.c(1478): Final simple tree
|( QUESTION0 1 -7.205e+03 2.032e+02 3.496e+01
|    ( QUESTION0_2_R 1 -5.851e+03 1.320e+02 2.896e+01
|        ( - -5.128e+03 1 0)
|        ( - -5.908e+02 1 0))
|    ( - -1.151e+03 1 0))
s>    ( QUESTION0 1 -7.205e+03 2.032e+02 3.496e+01
s>        ( QUESTION0_2_R 1 -5.851e+03 1.320e+02 2.896e+01
s>            ( - -5.128e+03 1 0)
s>            ( - -5.908e+02 1 0))
s>        ( - -1.151e+03 1 0))INFO: dtree.c(1315): Comp split 20
INFO: dtree.c(1315): Comp split 21
INFO: dtree.c(1439): stop. leaf nodes are specific
INFO: dtree.c(1478): Final simple tree
|( QUESTION0_2_R 1 -5.851e+03 1.320e+02 2.896e+01
|    ( - -5.128e+03 1 0)
|    ( - -5.908e+02 1 0))
s>    ( QUESTION0_2_R 1 -5.851e+03 1.320e+02 2.896e+01
s>        ( - -5.128e+03 1 0)
s>        ( - -5.908e+02 1 0))INFO: dtree.c(1315): Comp split 22
INFO: dtree.c(1439): stop. leaf nodes are specific
INFO: dtree.c(1478): Final simple tree
|( QUESTION0_1_R 1 -1.459e+04 1.060e+02 7.371e+01
|    ( - -7.127e+03 1 0)
|    ( - -7.359e+03 1 0))
s>    ( QUESTION0_1_R 1 -1.459e+04 1.060e+02 7.371e+01
s>        ( - -7.127e+03 1 0)
s>        ( - -7.359e+03 1 0))INFO: dtree.c(1315): Comp split 23
INFO: dtree.c(1439): stop. leaf nodes are specific
INFO: dtree.c(1478): Final simple tree
|( QUESTION0_8_R 1 -2.148e+04 1.856e+02 1.067e+02
|    ( - -3.109e+03 1 0)
|    ( - -1.818e+04 1 0))
s>    ( QUESTION0_8_R 1 -2.148e+04 1.856e+02 1.067e+02
s>        ( - -3.109e+03 1 0)
s>        ( - -1.818e+04 1 0))INFO: dtree.c(1315): Comp split 24
INFO: dtree.c(1315): Comp split 25
INFO: dtree.c(1439): stop. leaf nodes are specific
INFO: dtree.c(1478): Final simple tree
|( SILENCE 1 -7.104e+03 1.739e+02 3.732e+01
|    ( - -3.343e+03 1 0)
|    ( - -3.588e+03 1 0))
s>    ( SILENCE 1 -7.104e+03 1.739e+02 3.732e+01
s>        ( - -3.343e+03 1 0)
s>        ( - -3.588e+03 1 0))INFO: dtree.c(1315): Comp split 26
INFO: dtree.c(1315): Comp split 27
INFO: dtree.c(1315): Comp split 28
INFO: dtree.c(1315): Comp split 29
INFO: dtree.c(1315): Comp split 30
INFO: dtree.c(1315): Comp split 31
INFO: dtree.c(1315): Comp split 32
INFO: dtree.c(1315): Comp split 33
INFO: dtree.c(1318): stop. leaf nodes are specific
Mon Jan 30 07:35:51 2017
