Current configuration:
[NAME]		[DEFLT]	[VALUE]
-allphones	no	no
-cntthresh	0.00001	1.000000e-05
-csplitmax	100	2000
-csplitmin	1	1
-csplitthr	8e-4	0.000000e+00
-example	no	no
-fullvar	no	no
-help		no	no
-meanfn			/Users/benroye/forge/cmusphinx/voiceVim/model_parameters/voiceVim.cd_cont_untied/means
-mixwfn			/Users/benroye/forge/cmusphinx/voiceVim/model_parameters/voiceVim.cd_cont_untied/mixture_weights
-moddeffn		/Users/benroye/forge/cmusphinx/voiceVim/model_architecture/voiceVim.untied.mdef
-mwfloor	1e-4	1.000000e-08
-phone			ah
-psetfn			/Users/benroye/forge/cmusphinx/voiceVim/model_architecture/voiceVim.tree_questions
-ssplitmax	5	7
-ssplitmin	1	1
-ssplitthr	8e-4	0.000000e+00
-state			1
-stwt			1.0,0.05,0.0,
-treefn			/Users/benroye/forge/cmusphinx/voiceVim/trees/voiceVim.unpruned/ah-1.dtree
-ts2cbfn	.semi.	.cont.
-varfloor	0.00001	1.000000e-05
-varfn			/Users/benroye/forge/cmusphinx/voiceVim/model_parameters/voiceVim.cd_cont_untied/variances

INFO: main.c(223): Reading: /Users/benroye/forge/cmusphinx/voiceVim/model_architecture/voiceVim.untied.mdef
INFO: model_def_io.c(573): Model definition info:
INFO: model_def_io.c(574): 2249 total models defined (39 base, 2210 tri)
INFO: model_def_io.c(575): 8996 total states
INFO: model_def_io.c(576): 6747 total tied states
INFO: model_def_io.c(577): 117 total tied CI states
INFO: model_def_io.c(578): 39 total tied transition matrices
INFO: model_def_io.c(579): 4 max state/model
INFO: model_def_io.c(580): 4 min state/model
INFO: main.c(242): Building trees for [ah SIL s b] through [ah z s b]
INFO: main.c(269): Covering states |[234 302]| == 69
INFO: main.c(275): Reading: /Users/benroye/forge/cmusphinx/voiceVim/model_parameters/voiceVim.cd_cont_untied/mixture_weights
INFO: s3mixw_io.c(173): Read /Users/benroye/forge/cmusphinx/voiceVim/model_parameters/voiceVim.cd_cont_untied/mixture_weights [69x1x1 array]
INFO: main.c(311): 23 of 23 models have observation count greater than 0.000010
INFO: main.c(95): nrm stwt: 0.045 0.909 0.045 
INFO: s3gau_io.c(169): Read /Users/benroye/forge/cmusphinx/voiceVim/model_parameters/voiceVim.cd_cont_untied/means [6747x1x1 array]
INFO: s3gau_io.c(169): Read /Users/benroye/forge/cmusphinx/voiceVim/model_parameters/voiceVim.cd_cont_untied/variances [6747x1x1 array]
INFO: main.c(549): Reading: /Users/benroye/forge/cmusphinx/voiceVim/model_architecture/voiceVim.tree_questions
INFO: main.c(588): 174 total simple questions (166 phone; 8 word bndry)
INFO: main.c(590): 40 Left Only questions, and 42 Right Only questions
INFO: dtree.c(1478): Final simple tree
|( QUESTION0_5_R 1 -3.710e+05 2.779e+03 1.839e+03
|    ( - -5.044e+04 1 0)
|    ( WDBNDRY_B 0 -3.178e+05 2.451e+03 1.589e+03
|        ( QUESTION2_10_L -1 -1.665e+05 4.646e+02 8.482e+02
|            ( - -4.702e+03 1 0)
|            ( - -1.614e+05 14 0 QUESTION2_9_L -1 4.440e+02 8.258e+02))
|        ( QUESTION0_18_R 1 -1.488e+05 1.960e+03 7.407e+02
|            ( - -6.217e+04 1 0)
|            ( QUESTION0_2_R 1 -8.466e+04 7.167e+02 4.294e+02
|                ( - -3.927e+04 1 0)
|                ( QUESTION11 1 -4.467e+04 6.249e+02 2.251e+02
|                    ( - -1.473e+04 1 0)
|                    ( QUESTION18 -1 -2.932e+04 6.271e+02 1.505e+02
|                        ( - -1.628e+04 2 0 QUESTION0_1_R 1 2.752e+02 8.454e+01)
|                        ( - -1.241e+04 2 0 QUESTION0_1_R 1 3.987e+02 6.591e+01)))))))
s>    ( QUESTION0_5_R 1 -3.710e+05 2.779e+03 1.839e+03
s>        ( - -5.044e+04 1 0)
s>        ( WDBNDRY_B 0 -3.178e+05 2.451e+03 1.589e+03
s>            ( QUESTION2_10_L -1 -1.665e+05 4.646e+02 8.482e+02
s>                ( - -4.702e+03 1 0)
s>                ( - -1.614e+05 14 0 QUESTION2_9_L -1 4.440e+02 8.258e+02))
s>            ( QUESTION0_18_R 1 -1.488e+05 1.960e+03 7.407e+02
s>                ( - -6.217e+04 1 0)
s>                ( QUESTION0_2_R 1 -8.466e+04 7.167e+02 4.294e+02
s>                    ( - -3.927e+04 1 0)
s>                    ( QUESTION11 1 -4.467e+04 6.249e+02 2.251e+02
s>                        ( - -1.473e+04 1 0)
s>                        ( QUESTION18 -1 -2.932e+04 6.271e+02 1.505e+02
s>                            ( - -1.628e+04 2 0 QUESTION0_1_R 1 2.752e+02 8.454e+01)
s>                            ( - -1.241e+04 2 0 QUESTION0_1_R 1 3.987e+02 6.591e+01)))))))INFO: dtree.c(1315): Comp split 0
INFO: dtree.c(1478): Final simple tree
|( QUESTION0_18_R 1 -2.436e+05 1.994e+03 1.225e+03
|    ( - -6.217e+04 1 0)
|    ( QUESTION2_18_L -1 -1.794e+05 5.934e+02 9.141e+02
|        ( - -1.623e+04 2 0 WDBNDRY_B 0 3.245e+02 8.305e+01)
|        ( QUESTION2_9_L -1 -1.626e+05 4.716e+02 8.311e+02
|            ( - -4.702e+03 1 0)
|            ( QUESTION2_2_L -1 -1.574e+05 4.065e+02 8.086e+02
|                ( - -2.806e+04 1 0)
|                ( QUESTION13 -1 -1.289e+05 3.953e+02 6.604e+02
|                    ( - -7.261e+03 2 0 WDBNDRY_B 0 2.286e+02 3.898e+01)
|                    ( QUESTION6 -1 -1.213e+05 3.988e+02 6.214e+02
|                        ( - -8.279e+03 1 0)
|                        ( QUESTION5 -1 -1.126e+05 3.299e+02 5.774e+02
|                            ( - -1.439e+04 2 0 QUESTION19 -1 1.741e+02 7.457e+01)
|                            ( - -9.787e+04 8 0 QUESTION1 -1 2.555e+02 5.029e+02))))))))
s>    ( QUESTION0_18_R 1 -2.436e+05 1.994e+03 1.225e+03
s>        ( - -6.217e+04 1 0)
s>        ( QUESTION2_18_L -1 -1.794e+05 5.934e+02 9.141e+02
s>            ( - -1.623e+04 2 0 WDBNDRY_B 0 3.245e+02 8.305e+01)
s>            ( QUESTION2_9_L -1 -1.626e+05 4.716e+02 8.311e+02
s>                ( - -4.702e+03 1 0)
s>                ( QUESTION2_2_L -1 -1.574e+05 4.065e+02 8.086e+02
s>                    ( - -2.806e+04 1 0)
s>                    ( QUESTION13 -1 -1.289e+05 3.953e+02 6.604e+02
s>                        ( - -7.261e+03 2 0 WDBNDRY_B 0 2.286e+02 3.898e+01)
s>                        ( QUESTION6 -1 -1.213e+05 3.988e+02 6.214e+02
s>                            ( - -8.279e+03 1 0)
s>                            ( QUESTION5 -1 -1.126e+05 3.299e+02 5.774e+02
s>                                ( - -1.439e+04 2 0 QUESTION19 -1 1.741e+02 7.457e+01)
s>                                ( - -9.787e+04 8 0 QUESTION1 -1 2.555e+02 5.029e+02))))))))INFO: dtree.c(1439): stop. leaf nodes are specific
INFO: dtree.c(1478): Final simple tree
|( QUESTION0_4_R 1 -1.243e+05 2.198e+03 6.139e+02
|    ( - -5.044e+04 1 0)
|    ( QUESTION0_2_R 1 -7.164e+04 7.729e+02 3.635e+02
|        ( - -3.927e+04 1 0)
|        ( QUESTION0_1_R 1 -3.159e+04 6.153e+02 1.592e+02
|            ( QUESTION0 1 -1.745e+04 2.393e+02 8.765e+01
|                ( - -2.484e+03 1 0)
|                ( - -1.473e+04 1 0))
|            ( - -1.352e+04 1 0))))
s>    ( QUESTION0_4_R 1 -1.243e+05 2.198e+03 6.139e+02
s>        ( - -5.044e+04 1 0)
s>        ( QUESTION0_2_R 1 -7.164e+04 7.729e+02 3.635e+02
s>            ( - -3.927e+04 1 0)
s>            ( QUESTION0_1_R 1 -3.159e+04 6.153e+02 1.592e+02
s>                ( QUESTION0 1 -1.745e+04 2.393e+02 8.765e+01
s>                    ( - -2.484e+03 1 0)
s>                    ( - -1.473e+04 1 0))
s>                ( - -1.352e+04 1 0))))INFO: dtree.c(1315): Comp split 1
INFO: dtree.c(1439): stop. leaf nodes are specific
INFO: dtree.c(1478): Final simple tree
|( QUESTION0_2_R 1 -7.164e+04 7.729e+02 3.635e+02
|    ( - -3.927e+04 1 0)
|    ( QUESTION0_1_R 1 -3.159e+04 6.153e+02 1.592e+02
|        ( QUESTION0 1 -1.745e+04 2.393e+02 8.765e+01
|            ( - -2.484e+03 1 0)
|            ( - -1.473e+04 1 0))
|        ( - -1.352e+04 1 0)))
s>    ( QUESTION0_2_R 1 -7.164e+04 7.729e+02 3.635e+02
s>        ( - -3.927e+04 1 0)
s>        ( QUESTION0_1_R 1 -3.159e+04 6.153e+02 1.592e+02
s>            ( QUESTION0 1 -1.745e+04 2.393e+02 8.765e+01
s>                ( - -2.484e+03 1 0)
s>                ( - -1.473e+04 1 0))
s>            ( - -1.352e+04 1 0)))INFO: dtree.c(1315): Comp split 2
INFO: dtree.c(1478): Final simple tree
|( QUESTION2_18_L -1 -1.794e+05 5.934e+02 9.141e+02
|    ( WDBNDRY_B 0 -1.623e+04 3.245e+02 8.305e+01
|        ( - -9.913e+03 1 0)
|        ( - -5.995e+03 1 0))
|    ( QUESTION2_9_L -1 -1.626e+05 4.716e+02 8.311e+02
|        ( - -4.702e+03 1 0)
|        ( QUESTION2_2_L -1 -1.574e+05 4.065e+02 8.086e+02
|            ( - -2.806e+04 1 0)
|            ( QUESTION13 -1 -1.289e+05 3.953e+02 6.604e+02
|                ( - -7.261e+03 2 0 WDBNDRY_B 0 2.286e+02 3.898e+01)
|                ( QUESTION6 -1 -1.213e+05 3.988e+02 6.214e+02
|                    ( - -8.279e+03 1 0)
|                    ( QUESTION5 -1 -1.126e+05 3.299e+02 5.774e+02
|                        ( - -1.439e+04 2 0 QUESTION19 -1 1.741e+02 7.457e+01)
|                        ( - -9.787e+04 8 0 QUESTION1 -1 2.555e+02 5.029e+02)))))))
s>    ( QUESTION2_18_L -1 -1.794e+05 5.934e+02 9.141e+02
s>        ( WDBNDRY_B 0 -1.623e+04 3.245e+02 8.305e+01
s>            ( - -9.913e+03 1 0)
s>            ( - -5.995e+03 1 0))
s>        ( QUESTION2_9_L -1 -1.626e+05 4.716e+02 8.311e+02
s>            ( - -4.702e+03 1 0)
s>            ( QUESTION2_2_L -1 -1.574e+05 4.065e+02 8.086e+02
s>                ( - -2.806e+04 1 0)
s>                ( QUESTION13 -1 -1.289e+05 3.953e+02 6.604e+02
s>                    ( - -7.261e+03 2 0 WDBNDRY_B 0 2.286e+02 3.898e+01)
s>                    ( QUESTION6 -1 -1.213e+05 3.988e+02 6.214e+02
s>                        ( - -8.279e+03 1 0)
s>                        ( QUESTION5 -1 -1.126e+05 3.299e+02 5.774e+02
s>                            ( - -1.439e+04 2 0 QUESTION19 -1 1.741e+02 7.457e+01)
s>                            ( - -9.787e+04 8 0 QUESTION1 -1 2.555e+02 5.029e+02)))))))INFO: dtree.c(1315): Comp split 3
INFO: dtree.c(1439): stop. leaf nodes are specific
INFO: dtree.c(1478): Final simple tree
|( QUESTION0_1_R 1 -3.159e+04 6.153e+02 1.592e+02
|    ( QUESTION0 1 -1.745e+04 2.393e+02 8.765e+01
|        ( - -2.484e+03 1 0)
|        ( - -1.473e+04 1 0))
|    ( - -1.352e+04 1 0))
s>    ( QUESTION0_1_R 1 -3.159e+04 6.153e+02 1.592e+02
s>        ( QUESTION0 1 -1.745e+04 2.393e+02 8.765e+01
s>            ( - -2.484e+03 1 0)
s>            ( - -1.473e+04 1 0))
s>        ( - -1.352e+04 1 0))INFO: dtree.c(1315): Comp split 4
INFO: dtree.c(1439): stop. leaf nodes are specific
INFO: dtree.c(1478): Final simple tree
|( QUESTION4 -1 -3.653e+04 1.894e+02 1.922e+02
|    ( - -2.806e+04 1 0)
|    ( - -8.279e+03 1 0))
s>    ( QUESTION4 -1 -3.653e+04 1.894e+02 1.922e+02
s>        ( - -2.806e+04 1 0)
s>        ( - -8.279e+03 1 0))INFO: dtree.c(1478): Final simple tree
|( QUESTION2_18_L -1 -1.422e+05 5.564e+02 7.219e+02
|    ( WDBNDRY_B 0 -1.623e+04 3.245e+02 8.305e+01
|        ( - -9.913e+03 1 0)
|        ( - -5.995e+03 1 0))
|    ( QUESTION2_2_L -1 -1.254e+05 4.324e+02 6.388e+02
|        ( - -4.702e+03 1 0)
|        ( QUESTION13 -1 -1.203e+05 4.028e+02 6.164e+02
|            ( - -7.261e+03 2 0 WDBNDRY_B 0 2.286e+02 3.898e+01)
|            ( QUESTION5 -1 -1.126e+05 3.299e+02 5.774e+02
|                ( - -1.439e+04 2 0 QUESTION19 -1 1.741e+02 7.457e+01)
|                ( QUESTION1 -1 -9.787e+04 2.555e+02 5.029e+02
|                    ( - -1.072e+04 1 0)
|                    ( SILENCE -1 -8.689e+04 2.312e+02 4.468e+02
|                        ( - -8.267e+03 1 0)
|                        ( - -7.839e+04 6 0 QUESTION0 -1 1.758e+02 4.018e+02)))))))
s>    ( QUESTION2_18_L -1 -1.422e+05 5.564e+02 7.219e+02
s>        ( WDBNDRY_B 0 -1.623e+04 3.245e+02 8.305e+01
s>            ( - -9.913e+03 1 0)
s>            ( - -5.995e+03 1 0))
s>        ( QUESTION2_2_L -1 -1.254e+05 4.324e+02 6.388e+02
s>            ( - -4.702e+03 1 0)
s>            ( QUESTION13 -1 -1.203e+05 4.028e+02 6.164e+02
s>                ( - -7.261e+03 2 0 WDBNDRY_B 0 2.286e+02 3.898e+01)
s>                ( QUESTION5 -1 -1.126e+05 3.299e+02 5.774e+02
s>                    ( - -1.439e+04 2 0 QUESTION19 -1 1.741e+02 7.457e+01)
s>                    ( QUESTION1 -1 -9.787e+04 2.555e+02 5.029e+02
s>                        ( - -1.072e+04 1 0)
s>                        ( SILENCE -1 -8.689e+04 2.312e+02 4.468e+02
s>                            ( - -8.267e+03 1 0)
s>                            ( - -7.839e+04 6 0 QUESTION0 -1 1.758e+02 4.018e+02)))))))INFO: dtree.c(1315): Comp split 5
INFO: dtree.c(1439): stop. leaf nodes are specific
INFO: dtree.c(1478): Final simple tree
|( QUESTION0 1 -1.745e+04 2.393e+02 8.765e+01
|    ( - -2.484e+03 1 0)
|    ( - -1.473e+04 1 0))
s>    ( QUESTION0 1 -1.745e+04 2.393e+02 8.765e+01
s>        ( - -2.484e+03 1 0)
s>        ( - -1.473e+04 1 0))INFO: dtree.c(1315): Comp split 6
INFO: dtree.c(1478): Final simple tree
|( QUESTION2_2_L -1 -1.254e+05 4.324e+02 6.388e+02
|    ( - -4.702e+03 1 0)
|    ( QUESTION13 -1 -1.203e+05 4.028e+02 6.164e+02
|        ( WDBNDRY_B 0 -7.261e+03 2.286e+02 3.898e+01
|            ( - -1.014e+03 1 0)
|            ( - -6.018e+03 1 0))
|        ( QUESTION5 -1 -1.126e+05 3.299e+02 5.774e+02
|            ( - -1.439e+04 2 0 QUESTION19 -1 1.741e+02 7.457e+01)
|            ( QUESTION1 -1 -9.787e+04 2.555e+02 5.029e+02
|                ( - -1.072e+04 1 0)
|                ( SILENCE -1 -8.689e+04 2.312e+02 4.468e+02
|                    ( - -8.267e+03 1 0)
|                    ( QUESTION0 -1 -7.839e+04 1.758e+02 4.018e+02
|                        ( - -4.408e+03 3 0)
|                        ( - -7.381e+04 3 0)))))))
s>    ( QUESTION2_2_L -1 -1.254e+05 4.324e+02 6.388e+02
s>        ( - -4.702e+03 1 0)
s>        ( QUESTION13 -1 -1.203e+05 4.028e+02 6.164e+02
s>            ( WDBNDRY_B 0 -7.261e+03 2.286e+02 3.898e+01
s>                ( - -1.014e+03 1 0)
s>                ( - -6.018e+03 1 0))
s>            ( QUESTION5 -1 -1.126e+05 3.299e+02 5.774e+02
s>                ( - -1.439e+04 2 0 QUESTION19 -1 1.741e+02 7.457e+01)
s>                ( QUESTION1 -1 -9.787e+04 2.555e+02 5.029e+02
s>                    ( - -1.072e+04 1 0)
s>                    ( SILENCE -1 -8.689e+04 2.312e+02 4.468e+02
s>                        ( - -8.267e+03 1 0)
s>                        ( QUESTION0 -1 -7.839e+04 1.758e+02 4.018e+02
s>                            ( - -4.408e+03 3 0)
s>                            ( - -7.381e+04 3 0)))))))INFO: dtree.c(1439): stop. leaf nodes are specific
INFO: dtree.c(1478): Final simple tree
|( WDBNDRY_B 0 -1.623e+04 3.245e+02 8.305e+01
|    ( - -9.913e+03 1 0)
|    ( - -5.995e+03 1 0))
s>    ( WDBNDRY_B 0 -1.623e+04 3.245e+02 8.305e+01
s>        ( - -9.913e+03 1 0)
s>        ( - -5.995e+03 1 0))INFO: dtree.c(1315): Comp split 7
INFO: dtree.c(1439): stop. leaf nodes are specific
INFO: dtree.c(1478): Final simple tree
|( QUESTION4 -1 -2.392e+04 2.784e+02 1.200e+02
|    ( - -4.702e+03 1 0)
|    ( QUESTION19 -1 -1.894e+04 1.858e+02 9.757e+01
|        ( - -6.145e+03 1 0)
|        ( QUESTION0 -1 -1.261e+04 1.255e+02 6.465e+01
|            ( - -4.408e+03 3 0)
|            ( - -8.074e+03 1 0))))
s>    ( QUESTION4 -1 -2.392e+04 2.784e+02 1.200e+02
s>        ( - -4.702e+03 1 0)
s>        ( QUESTION19 -1 -1.894e+04 1.858e+02 9.757e+01
s>            ( - -6.145e+03 1 0)
s>            ( QUESTION0 -1 -1.261e+04 1.255e+02 6.465e+01
s>                ( - -4.408e+03 3 0)
s>                ( - -8.074e+03 1 0))))INFO: dtree.c(1439): stop. leaf nodes are specific
INFO: dtree.c(1478): Final simple tree
|( QUESTION5 -1 -1.009e+05 3.875e+02 5.188e+02
|    ( WDBNDRY_B 0 -7.261e+03 2.286e+02 3.898e+01
|        ( - -1.014e+03 1 0)
|        ( - -6.018e+03 1 0))
|    ( QUESTION3 -1 -9.328e+04 2.672e+02 4.799e+02
|        ( - -7.381e+04 3 0)
|        ( SILENCE -1 -1.921e+04 2.164e+02 1.010e+02
|            ( - -8.267e+03 1 0)
|            ( - -1.072e+04 1 0))))
s>    ( QUESTION5 -1 -1.009e+05 3.875e+02 5.188e+02
s>        ( WDBNDRY_B 0 -7.261e+03 2.286e+02 3.898e+01
s>            ( - -1.014e+03 1 0)
s>            ( - -6.018e+03 1 0))
s>        ( QUESTION3 -1 -9.328e+04 2.672e+02 4.799e+02
s>            ( - -7.381e+04 3 0)
s>            ( SILENCE -1 -1.921e+04 2.164e+02 1.010e+02
s>                ( - -8.267e+03 1 0)
s>                ( - -1.072e+04 1 0))))INFO: dtree.c(1315): Comp split 8
INFO: dtree.c(1439): stop. leaf nodes are specific
INFO: dtree.c(1478): Final simple tree
|( WDBNDRY_B 0 -7.261e+03 2.286e+02 3.898e+01
|    ( - -1.014e+03 1 0)
|    ( - -6.018e+03 1 0))
s>    ( WDBNDRY_B 0 -7.261e+03 2.286e+02 3.898e+01
s>        ( - -1.014e+03 1 0)
s>        ( - -6.018e+03 1 0))INFO: dtree.c(1439): stop. leaf nodes are specific
INFO: dtree.c(1478): Final simple tree
|( QUESTION3 -1 -9.328e+04 2.672e+02 4.799e+02
|    ( - -7.381e+04 3 0)
|    ( SILENCE -1 -1.921e+04 2.164e+02 1.010e+02
|        ( - -8.267e+03 1 0)
|        ( - -1.072e+04 1 0)))
s>    ( QUESTION3 -1 -9.328e+04 2.672e+02 4.799e+02
s>        ( - -7.381e+04 3 0)
s>        ( SILENCE -1 -1.921e+04 2.164e+02 1.010e+02
s>            ( - -8.267e+03 1 0)
s>            ( - -1.072e+04 1 0)))INFO: dtree.c(1315): Comp split 9
INFO: dtree.c(1315): Comp split 10
INFO: dtree.c(1439): stop. leaf nodes are specific
INFO: dtree.c(1478): Final simple tree
|( QUESTION19 -1 -1.894e+04 1.858e+02 9.757e+01
|    ( - -6.145e+03 1 0)
|    ( QUESTION0 -1 -1.261e+04 1.255e+02 6.465e+01
|        ( - -4.408e+03 3 0)
|        ( - -8.074e+03 1 0)))
s>    ( QUESTION19 -1 -1.894e+04 1.858e+02 9.757e+01
s>        ( - -6.145e+03 1 0)
s>        ( QUESTION0 -1 -1.261e+04 1.255e+02 6.465e+01
s>            ( - -4.408e+03 3 0)
s>            ( - -8.074e+03 1 0)))INFO: dtree.c(1315): Comp split 11
INFO: dtree.c(1439): stop. leaf nodes are specific
INFO: dtree.c(1478): Final simple tree
|( SILENCE -1 -1.921e+04 2.164e+02 1.010e+02
|    ( - -8.267e+03 1 0)
|    ( - -1.072e+04 1 0))
s>    ( SILENCE -1 -1.921e+04 2.164e+02 1.010e+02
s>        ( - -8.267e+03 1 0)
s>        ( - -1.072e+04 1 0))INFO: dtree.c(1315): Comp split 12
INFO: dtree.c(1315): Comp split 13
INFO: dtree.c(1315): Comp split 14
INFO: dtree.c(1315): Comp split 15
INFO: dtree.c(1315): Comp split 16
INFO: dtree.c(1439): stop. leaf nodes are specific
INFO: dtree.c(1478): Final simple tree
|( QUESTION0 -1 -1.261e+04 1.255e+02 6.465e+01
|    ( - -4.408e+03 3 0)
|    ( - -8.074e+03 1 0))
s>    ( QUESTION0 -1 -1.261e+04 1.255e+02 6.465e+01
s>        ( - -4.408e+03 3 0)
s>        ( - -8.074e+03 1 0))INFO: dtree.c(1315): Comp split 17
INFO: dtree.c(1315): Comp split 18
INFO: dtree.c(1318): stop. leaf nodes are specific
Mon Jan 30 07:35:45 2017
