Current configuration:
[NAME]		[DEFLT]	[VALUE]
-allphones	no	no
-cntthresh	0.00001	1.000000e-05
-csplitmax	100	2000
-csplitmin	1	1
-csplitthr	8e-4	0.000000e+00
-example	no	no
-fullvar	no	no
-help		no	no
-meanfn			/Users/benroye/forge/cmusphinx/voiceVim/model_parameters/voiceVim.cd_cont_untied/means
-mixwfn			/Users/benroye/forge/cmusphinx/voiceVim/model_parameters/voiceVim.cd_cont_untied/mixture_weights
-moddeffn		/Users/benroye/forge/cmusphinx/voiceVim/model_architecture/voiceVim.untied.mdef
-mwfloor	1e-4	1.000000e-08
-phone			th
-psetfn			/Users/benroye/forge/cmusphinx/voiceVim/model_architecture/voiceVim.tree_questions
-ssplitmax	5	7
-ssplitmin	1	1
-ssplitthr	8e-4	0.000000e+00
-state			2
-stwt			1.0,0.05,0.0,
-treefn			/Users/benroye/forge/cmusphinx/voiceVim/trees/voiceVim.unpruned/th-2.dtree
-ts2cbfn	.semi.	.cont.
-varfloor	0.00001	1.000000e-05
-varfn			/Users/benroye/forge/cmusphinx/voiceVim/model_parameters/voiceVim.cd_cont_untied/variances

INFO: main.c(223): Reading: /Users/benroye/forge/cmusphinx/voiceVim/model_architecture/voiceVim.untied.mdef
INFO: model_def_io.c(573): Model definition info:
INFO: model_def_io.c(574): 2249 total models defined (39 base, 2210 tri)
INFO: model_def_io.c(575): 8996 total states
INFO: model_def_io.c(576): 6747 total tied states
INFO: model_def_io.c(577): 117 total tied CI states
INFO: model_def_io.c(578): 39 total tied transition matrices
INFO: model_def_io.c(579): 4 max state/model
INFO: model_def_io.c(580): 4 min state/model
INFO: main.c(242): Building trees for [th SIL r b] through [th s r b]
INFO: main.c(269): Covering states |[5733 5777]| == 45
INFO: main.c(275): Reading: /Users/benroye/forge/cmusphinx/voiceVim/model_parameters/voiceVim.cd_cont_untied/mixture_weights
INFO: s3mixw_io.c(173): Read /Users/benroye/forge/cmusphinx/voiceVim/model_parameters/voiceVim.cd_cont_untied/mixture_weights [45x1x1 array]
INFO: main.c(311): 15 of 15 models have observation count greater than 0.000010
INFO: main.c(95): nrm stwt: 0.000 0.048 0.952 
INFO: s3gau_io.c(169): Read /Users/benroye/forge/cmusphinx/voiceVim/model_parameters/voiceVim.cd_cont_untied/means [6747x1x1 array]
INFO: s3gau_io.c(169): Read /Users/benroye/forge/cmusphinx/voiceVim/model_parameters/voiceVim.cd_cont_untied/variances [6747x1x1 array]
INFO: main.c(549): Reading: /Users/benroye/forge/cmusphinx/voiceVim/model_architecture/voiceVim.tree_questions
INFO: main.c(588): 174 total simple questions (166 phone; 8 word bndry)
INFO: main.c(590): 40 Left Only questions, and 42 Right Only questions
INFO: dtree.c(1478): Final simple tree
|( QUESTION0_8_R 1 -2.461e+04 4.846e+02 1.112e+02
|    ( - 2.418e+02 1 0)
|    ( WDBNDRY_B 0 -2.436e+04 4.713e+02 1.102e+02
|        ( - -6.867e+03 5 0 QUESTION1 -1 1.090e+02 3.012e+01)
|        ( QUESTION0_11_R 1 -1.702e+04 3.635e+02 8.004e+01
|            ( - -6.002e+03 1 0)
|            ( QUESTION0_5_R 1 -1.066e+04 2.052e+02 4.904e+01
|                ( - -2.402e+02 1 0)
|                ( QUESTION0_7_R 1 -1.021e+04 1.931e+02 4.704e+01
|                    ( - -3.468e+03 1 0)
|                    ( QUESTION0_6_R 1 -6.553e+03 1.791e+02 3.097e+01
|                        ( - -2.639e+02 1 0)
|                        ( QUESTION0_2_R 1 -6.110e+03 1.808e+02 2.897e+01
|                            ( - -6.767e+02 1 0)
|                            ( - -5.253e+03 4 0 SILENCE 1 1.537e+02 2.497e+01))))))))
s>    ( QUESTION0_8_R 1 -2.461e+04 4.846e+02 1.112e+02
s>        ( - 2.418e+02 1 0)
s>        ( WDBNDRY_B 0 -2.436e+04 4.713e+02 1.102e+02
s>            ( - -6.867e+03 5 0 QUESTION1 -1 1.090e+02 3.012e+01)
s>            ( QUESTION0_11_R 1 -1.702e+04 3.635e+02 8.004e+01
s>                ( - -6.002e+03 1 0)
s>                ( QUESTION0_5_R 1 -1.066e+04 2.052e+02 4.904e+01
s>                    ( - -2.402e+02 1 0)
s>                    ( QUESTION0_7_R 1 -1.021e+04 1.931e+02 4.704e+01
s>                        ( - -3.468e+03 1 0)
s>                        ( QUESTION0_6_R 1 -6.553e+03 1.791e+02 3.097e+01
s>                            ( - -2.639e+02 1 0)
s>                            ( QUESTION0_2_R 1 -6.110e+03 1.808e+02 2.897e+01
s>                                ( - -6.767e+02 1 0)
s>                                ( - -5.253e+03 4 0 SILENCE 1 1.537e+02 2.497e+01))))))))INFO: dtree.c(1315): Comp split 0
INFO: dtree.c(1478): Final simple tree
|( WDBNDRY_B 0 -2.436e+04 4.713e+02 1.102e+02
|    ( - -6.867e+03 5 0 QUESTION1 -1 1.090e+02 3.012e+01)
|    ( QUESTION0_11_R 1 -1.702e+04 3.635e+02 8.004e+01
|        ( - -6.002e+03 1 0)
|        ( QUESTION0_5_R 1 -1.066e+04 2.052e+02 4.904e+01
|            ( - -2.402e+02 1 0)
|            ( QUESTION0_7_R 1 -1.021e+04 1.931e+02 4.704e+01
|                ( - -3.468e+03 1 0)
|                ( QUESTION0_6_R 1 -6.553e+03 1.791e+02 3.097e+01
|                    ( - -2.639e+02 1 0)
|                    ( QUESTION0_2_R 1 -6.110e+03 1.808e+02 2.897e+01
|                        ( - -6.767e+02 1 0)
|                        ( SILENCE 1 -5.253e+03 1.537e+02 2.497e+01
|                            ( - -1.496e+03 2 0 QUESTION2_0_L -1 2.083e+02 8.000e+00)
|                            ( - -3.603e+03 2 0 QUESTION2_0_L -1 4.747e+02 1.697e+01))))))))
s>    ( WDBNDRY_B 0 -2.436e+04 4.713e+02 1.102e+02
s>        ( - -6.867e+03 5 0 QUESTION1 -1 1.090e+02 3.012e+01)
s>        ( QUESTION0_11_R 1 -1.702e+04 3.635e+02 8.004e+01
s>            ( - -6.002e+03 1 0)
s>            ( QUESTION0_5_R 1 -1.066e+04 2.052e+02 4.904e+01
s>                ( - -2.402e+02 1 0)
s>                ( QUESTION0_7_R 1 -1.021e+04 1.931e+02 4.704e+01
s>                    ( - -3.468e+03 1 0)
s>                    ( QUESTION0_6_R 1 -6.553e+03 1.791e+02 3.097e+01
s>                        ( - -2.639e+02 1 0)
s>                        ( QUESTION0_2_R 1 -6.110e+03 1.808e+02 2.897e+01
s>                            ( - -6.767e+02 1 0)
s>                            ( SILENCE 1 -5.253e+03 1.537e+02 2.497e+01
s>                                ( - -1.496e+03 2 0 QUESTION2_0_L -1 2.083e+02 8.000e+00)
s>                                ( - -3.603e+03 2 0 QUESTION2_0_L -1 4.747e+02 1.697e+01))))))))INFO: dtree.c(1315): Comp split 1
INFO: dtree.c(1439): stop. leaf nodes are specific
INFO: dtree.c(1478): Final simple tree
|( QUESTION1 -1 -6.867e+03 1.090e+02 3.012e+01
|    ( - -1.251e+03 1 0)
|    ( SILENCE -1 -5.508e+03 8.519e+01 2.402e+01
|        ( - -2.624e+03 1 0)
|        ( - -2.799e+03 3 0)))
s>    ( QUESTION1 -1 -6.867e+03 1.090e+02 3.012e+01
s>        ( - -1.251e+03 1 0)
s>        ( SILENCE -1 -5.508e+03 8.519e+01 2.402e+01
s>            ( - -2.624e+03 1 0)
s>            ( - -2.799e+03 3 0)))INFO: dtree.c(1478): Final simple tree
|( QUESTION0_11_R 1 -1.702e+04 3.635e+02 8.004e+01
|    ( - -6.002e+03 1 0)
|    ( QUESTION0_5_R 1 -1.066e+04 2.052e+02 4.904e+01
|        ( - -2.402e+02 1 0)
|        ( QUESTION0_7_R 1 -1.021e+04 1.931e+02 4.704e+01
|            ( - -3.468e+03 1 0)
|            ( QUESTION0_6_R 1 -6.553e+03 1.791e+02 3.097e+01
|                ( - -2.639e+02 1 0)
|                ( QUESTION0_2_R 1 -6.110e+03 1.808e+02 2.897e+01
|                    ( - -6.767e+02 1 0)
|                    ( SILENCE 1 -5.253e+03 1.537e+02 2.497e+01
|                        ( - -1.496e+03 2 0 QUESTION2_0_L -1 2.083e+02 8.000e+00)
|                        ( QUESTION2_0_L -1 -3.603e+03 4.747e+02 1.697e+01
|                            ( - 2.419e+02 1 0)
|                            ( - -3.370e+03 1 0))))))))
s>    ( QUESTION0_11_R 1 -1.702e+04 3.635e+02 8.004e+01
s>        ( - -6.002e+03 1 0)
s>        ( QUESTION0_5_R 1 -1.066e+04 2.052e+02 4.904e+01
s>            ( - -2.402e+02 1 0)
s>            ( QUESTION0_7_R 1 -1.021e+04 1.931e+02 4.704e+01
s>                ( - -3.468e+03 1 0)
s>                ( QUESTION0_6_R 1 -6.553e+03 1.791e+02 3.097e+01
s>                    ( - -2.639e+02 1 0)
s>                    ( QUESTION0_2_R 1 -6.110e+03 1.808e+02 2.897e+01
s>                        ( - -6.767e+02 1 0)
s>                        ( SILENCE 1 -5.253e+03 1.537e+02 2.497e+01
s>                            ( - -1.496e+03 2 0 QUESTION2_0_L -1 2.083e+02 8.000e+00)
s>                            ( QUESTION2_0_L -1 -3.603e+03 4.747e+02 1.697e+01
s>                                ( - 2.419e+02 1 0)
s>                                ( - -3.370e+03 1 0))))))))INFO: dtree.c(1315): Comp split 2
INFO: dtree.c(1478): Final simple tree
|( QUESTION0_11_R 1 -1.679e+04 3.629e+02 7.904e+01
|    ( - -6.002e+03 1 0)
|    ( QUESTION0_5_R 1 -1.043e+04 2.054e+02 4.804e+01
|        ( - -2.402e+02 1 0)
|        ( QUESTION0_7_R 1 -9.981e+03 1.903e+02 4.604e+01
|            ( - -3.468e+03 1 0)
|            ( QUESTION0_6_R 1 -6.323e+03 1.801e+02 2.997e+01
|                ( - -2.639e+02 1 0)
|                ( QUESTION0_2_R 1 -5.879e+03 1.821e+02 2.797e+01
|                    ( - -6.767e+02 1 0)
|                    ( QUESTION2_0_L -1 -5.020e+03 1.748e+02 2.397e+01
|                        ( - -4.332e+02 1 0)
|                        ( SILENCE 1 -4.412e+03 1.871e+02 2.097e+01
|                            ( - -8.541e+02 1 0)
|                            ( - -3.370e+03 1 0))))))))
s>    ( QUESTION0_11_R 1 -1.679e+04 3.629e+02 7.904e+01
s>        ( - -6.002e+03 1 0)
s>        ( QUESTION0_5_R 1 -1.043e+04 2.054e+02 4.804e+01
s>            ( - -2.402e+02 1 0)
s>            ( QUESTION0_7_R 1 -9.981e+03 1.903e+02 4.604e+01
s>                ( - -3.468e+03 1 0)
s>                ( QUESTION0_6_R 1 -6.323e+03 1.801e+02 2.997e+01
s>                    ( - -2.639e+02 1 0)
s>                    ( QUESTION0_2_R 1 -5.879e+03 1.821e+02 2.797e+01
s>                        ( - -6.767e+02 1 0)
s>                        ( QUESTION2_0_L -1 -5.020e+03 1.748e+02 2.397e+01
s>                            ( - -4.332e+02 1 0)
s>                            ( SILENCE 1 -4.412e+03 1.871e+02 2.097e+01
s>                                ( - -8.541e+02 1 0)
s>                                ( - -3.370e+03 1 0))))))))INFO: dtree.c(1315): Comp split 3
INFO: dtree.c(1439): stop. leaf nodes are specific
INFO: dtree.c(1478): Final simple tree
|( QUESTION0_5_R 1 -1.043e+04 2.054e+02 4.804e+01
|    ( - -2.402e+02 1 0)
|    ( QUESTION0_7_R 1 -9.981e+03 1.903e+02 4.604e+01
|        ( - -3.468e+03 1 0)
|        ( QUESTION0_6_R 1 -6.323e+03 1.801e+02 2.997e+01
|            ( - -2.639e+02 1 0)
|            ( QUESTION0_2_R 1 -5.879e+03 1.821e+02 2.797e+01
|                ( - -6.767e+02 1 0)
|                ( QUESTION2_0_L -1 -5.020e+03 1.748e+02 2.397e+01
|                    ( - -4.332e+02 1 0)
|                    ( SILENCE 1 -4.412e+03 1.871e+02 2.097e+01
|                        ( - -8.541e+02 1 0)
|                        ( - -3.370e+03 1 0)))))))
s>    ( QUESTION0_5_R 1 -1.043e+04 2.054e+02 4.804e+01
s>        ( - -2.402e+02 1 0)
s>        ( QUESTION0_7_R 1 -9.981e+03 1.903e+02 4.604e+01
s>            ( - -3.468e+03 1 0)
s>            ( QUESTION0_6_R 1 -6.323e+03 1.801e+02 2.997e+01
s>                ( - -2.639e+02 1 0)
s>                ( QUESTION0_2_R 1 -5.879e+03 1.821e+02 2.797e+01
s>                    ( - -6.767e+02 1 0)
s>                    ( QUESTION2_0_L -1 -5.020e+03 1.748e+02 2.397e+01
s>                        ( - -4.332e+02 1 0)
s>                        ( SILENCE 1 -4.412e+03 1.871e+02 2.097e+01
s>                            ( - -8.541e+02 1 0)
s>                            ( - -3.370e+03 1 0)))))))INFO: dtree.c(1315): Comp split 4
INFO: dtree.c(1439): stop. leaf nodes are specific
INFO: dtree.c(1478): Final simple tree
|( QUESTION0_7_R 1 -9.981e+03 1.903e+02 4.604e+01
|    ( - -3.468e+03 1 0)
|    ( QUESTION0_6_R 1 -6.323e+03 1.801e+02 2.997e+01
|        ( - -2.639e+02 1 0)
|        ( QUESTION0_2_R 1 -5.879e+03 1.821e+02 2.797e+01
|            ( - -6.767e+02 1 0)
|            ( QUESTION2_0_L -1 -5.020e+03 1.748e+02 2.397e+01
|                ( - -4.332e+02 1 0)
|                ( SILENCE 1 -4.412e+03 1.871e+02 2.097e+01
|                    ( - -8.541e+02 1 0)
|                    ( - -3.370e+03 1 0))))))
s>    ( QUESTION0_7_R 1 -9.981e+03 1.903e+02 4.604e+01
s>        ( - -3.468e+03 1 0)
s>        ( QUESTION0_6_R 1 -6.323e+03 1.801e+02 2.997e+01
s>            ( - -2.639e+02 1 0)
s>            ( QUESTION0_2_R 1 -5.879e+03 1.821e+02 2.797e+01
s>                ( - -6.767e+02 1 0)
s>                ( QUESTION2_0_L -1 -5.020e+03 1.748e+02 2.397e+01
s>                    ( - -4.332e+02 1 0)
s>                    ( SILENCE 1 -4.412e+03 1.871e+02 2.097e+01
s>                        ( - -8.541e+02 1 0)
s>                        ( - -3.370e+03 1 0))))))INFO: dtree.c(1315): Comp split 5
INFO: dtree.c(1439): stop. leaf nodes are specific
INFO: dtree.c(1478): Final simple tree
|( SILENCE 1 -8.929e+03 1.841e+02 4.104e+01
|    ( - -4.332e+02 1 0)
|    ( QUESTION0_6_R 1 -8.312e+03 1.797e+02 3.804e+01
|        ( - -2.639e+02 1 0)
|        ( QUESTION0_2_R 1 -7.868e+03 1.803e+02 3.604e+01
|            ( - -6.767e+02 1 0)
|            ( QUESTION0_1_R 1 -7.011e+03 1.730e+02 3.204e+01
|                ( - -3.370e+03 1 0)
|                ( - -3.468e+03 1 0)))))
s>    ( SILENCE 1 -8.929e+03 1.841e+02 4.104e+01
s>        ( - -4.332e+02 1 0)
s>        ( QUESTION0_6_R 1 -8.312e+03 1.797e+02 3.804e+01
s>            ( - -2.639e+02 1 0)
s>            ( QUESTION0_2_R 1 -7.868e+03 1.803e+02 3.604e+01
s>                ( - -6.767e+02 1 0)
s>                ( QUESTION0_1_R 1 -7.011e+03 1.730e+02 3.204e+01
s>                    ( - -3.370e+03 1 0)
s>                    ( - -3.468e+03 1 0)))))INFO: dtree.c(1315): Comp split 6
INFO: dtree.c(1439): stop. leaf nodes are specific
INFO: dtree.c(1478): Final simple tree
|( QUESTION0_6_R 1 -8.312e+03 1.797e+02 3.804e+01
|    ( - -2.639e+02 1 0)
|    ( QUESTION0_2_R 1 -7.868e+03 1.803e+02 3.604e+01
|        ( - -6.767e+02 1 0)
|        ( QUESTION0_1_R 1 -7.011e+03 1.730e+02 3.204e+01
|            ( - -3.370e+03 1 0)
|            ( - -3.468e+03 1 0))))
s>    ( QUESTION0_6_R 1 -8.312e+03 1.797e+02 3.804e+01
s>        ( - -2.639e+02 1 0)
s>        ( QUESTION0_2_R 1 -7.868e+03 1.803e+02 3.604e+01
s>            ( - -6.767e+02 1 0)
s>            ( QUESTION0_1_R 1 -7.011e+03 1.730e+02 3.204e+01
s>                ( - -3.370e+03 1 0)
s>                ( - -3.468e+03 1 0))))INFO: dtree.c(1315): Comp split 7
INFO: dtree.c(1439): stop. leaf nodes are specific
INFO: dtree.c(1478): Final simple tree
|( QUESTION0_2_R 1 -7.868e+03 1.803e+02 3.604e+01
|    ( - -6.767e+02 1 0)
|    ( QUESTION0_1_R 1 -7.011e+03 1.730e+02 3.204e+01
|        ( - -3.370e+03 1 0)
|        ( - -3.468e+03 1 0)))
s>    ( QUESTION0_2_R 1 -7.868e+03 1.803e+02 3.604e+01
s>        ( - -6.767e+02 1 0)
s>        ( QUESTION0_1_R 1 -7.011e+03 1.730e+02 3.204e+01
s>            ( - -3.370e+03 1 0)
s>            ( - -3.468e+03 1 0)))INFO: dtree.c(1315): Comp split 8
INFO: dtree.c(1439): stop. leaf nodes are specific
INFO: dtree.c(1478): Final simple tree
|( QUESTION0_1_R 1 -7.011e+03 1.730e+02 3.204e+01
|    ( - -3.370e+03 1 0)
|    ( - -3.468e+03 1 0))
s>    ( QUESTION0_1_R 1 -7.011e+03 1.730e+02 3.204e+01
s>        ( - -3.370e+03 1 0)
s>        ( - -3.468e+03 1 0))INFO: dtree.c(1315): Comp split 9
INFO: dtree.c(1315): Comp split 10
INFO: dtree.c(1439): stop. leaf nodes are specific
INFO: dtree.c(1478): Final simple tree
|( SILENCE -1 -5.508e+03 8.519e+01 2.402e+01
|    ( - -2.624e+03 1 0)
|    ( - -2.799e+03 3 0))
s>    ( SILENCE -1 -5.508e+03 8.519e+01 2.402e+01
s>        ( - -2.624e+03 1 0)
s>        ( - -2.799e+03 3 0))INFO: dtree.c(1315): Comp split 11
INFO: dtree.c(1315): Comp split 12
INFO: dtree.c(1318): stop. leaf nodes are specific
Mon Jan 30 07:35:50 2017
