Current configuration:
[NAME]		[DEFLT]	[VALUE]
-allphones	no	no
-cntthresh	0.00001	1.000000e-05
-csplitmax	100	2000
-csplitmin	1	1
-csplitthr	8e-4	0.000000e+00
-example	no	no
-fullvar	no	no
-help		no	no
-meanfn			/Users/benroye/forge/cmusphinx/voiceVim/model_parameters/voiceVim.cd_cont_untied/means
-mixwfn			/Users/benroye/forge/cmusphinx/voiceVim/model_parameters/voiceVim.cd_cont_untied/mixture_weights
-moddeffn		/Users/benroye/forge/cmusphinx/voiceVim/model_architecture/voiceVim.untied.mdef
-mwfloor	1e-4	1.000000e-08
-phone			sh
-psetfn			/Users/benroye/forge/cmusphinx/voiceVim/model_architecture/voiceVim.tree_questions
-ssplitmax	5	7
-ssplitmin	1	1
-ssplitthr	8e-4	0.000000e+00
-state			2
-stwt			1.0,0.05,0.0,
-treefn			/Users/benroye/forge/cmusphinx/voiceVim/trees/voiceVim.unpruned/sh-2.dtree
-ts2cbfn	.semi.	.cont.
-varfloor	0.00001	1.000000e-05
-varfn			/Users/benroye/forge/cmusphinx/voiceVim/model_parameters/voiceVim.cd_cont_untied/variances

INFO: main.c(223): Reading: /Users/benroye/forge/cmusphinx/voiceVim/model_architecture/voiceVim.untied.mdef
INFO: model_def_io.c(573): Model definition info:
INFO: model_def_io.c(574): 2249 total models defined (39 base, 2210 tri)
INFO: model_def_io.c(575): 8996 total states
INFO: model_def_io.c(576): 6747 total tied states
INFO: model_def_io.c(577): 117 total tied CI states
INFO: model_def_io.c(578): 39 total tied transition matrices
INFO: model_def_io.c(579): 4 max state/model
INFO: model_def_io.c(580): 4 min state/model
INFO: main.c(242): Building trees for [sh SIL i b] through [sh uh uu b]
INFO: main.c(269): Covering states |[5004 5096]| == 93
INFO: main.c(275): Reading: /Users/benroye/forge/cmusphinx/voiceVim/model_parameters/voiceVim.cd_cont_untied/mixture_weights
INFO: s3mixw_io.c(173): Read /Users/benroye/forge/cmusphinx/voiceVim/model_parameters/voiceVim.cd_cont_untied/mixture_weights [93x1x1 array]
INFO: main.c(311): 31 of 31 models have observation count greater than 0.000010
INFO: main.c(95): nrm stwt: 0.000 0.048 0.952 
INFO: s3gau_io.c(169): Read /Users/benroye/forge/cmusphinx/voiceVim/model_parameters/voiceVim.cd_cont_untied/means [6747x1x1 array]
INFO: s3gau_io.c(169): Read /Users/benroye/forge/cmusphinx/voiceVim/model_parameters/voiceVim.cd_cont_untied/variances [6747x1x1 array]
INFO: main.c(549): Reading: /Users/benroye/forge/cmusphinx/voiceVim/model_architecture/voiceVim.tree_questions
INFO: main.c(588): 174 total simple questions (166 phone; 8 word bndry)
INFO: main.c(590): 40 Left Only questions, and 42 Right Only questions
INFO: dtree.c(1478): Final simple tree
|( WDBNDRY_B 0 -2.035e+05 1.113e+03 8.928e+02
|    ( QUESTION2_1_L -1 -1.890e+05 3.821e+02 8.377e+02
|        ( - -1.305e+05 8 0 QUESTION1 -1 1.861e+02 5.852e+02)
|        ( - -5.813e+04 10 0 QUESTION4 1 1.466e+02 2.525e+02))
|    ( QUESTION0_13_R 1 -1.336e+04 5.206e+02 5.517e+01
|        ( - 2.421e+02 1 0)
|        ( SILENCE 1 -1.308e+04 4.352e+02 5.417e+01
|            ( - 1.304e+02 1 0)
|            ( QUESTION0_12_R 1 -1.278e+04 2.189e+02 5.317e+01
|                ( - -2.634e+02 1 0)
|                ( QUESTION0_9_R 1 -1.230e+04 2.450e+02 5.117e+01
|                    ( - -7.284e+02 1 0)
|                    ( QUESTION4 1 -1.132e+04 4.340e+02 4.717e+01
|                        ( - 1.102e+02 1 0)
|                        ( - -1.100e+04 8 0 QUESTION15 1 1.471e+02 4.617e+01)))))))
s>    ( WDBNDRY_B 0 -2.035e+05 1.113e+03 8.928e+02
s>        ( QUESTION2_1_L -1 -1.890e+05 3.821e+02 8.377e+02
s>            ( - -1.305e+05 8 0 QUESTION1 -1 1.861e+02 5.852e+02)
s>            ( - -5.813e+04 10 0 QUESTION4 1 1.466e+02 2.525e+02))
s>        ( QUESTION0_13_R 1 -1.336e+04 5.206e+02 5.517e+01
s>            ( - 2.421e+02 1 0)
s>            ( SILENCE 1 -1.308e+04 4.352e+02 5.417e+01
s>                ( - 1.304e+02 1 0)
s>                ( QUESTION0_12_R 1 -1.278e+04 2.189e+02 5.317e+01
s>                    ( - -2.634e+02 1 0)
s>                    ( QUESTION0_9_R 1 -1.230e+04 2.450e+02 5.117e+01
s>                        ( - -7.284e+02 1 0)
s>                        ( QUESTION4 1 -1.132e+04 4.340e+02 4.717e+01
s>                            ( - 1.102e+02 1 0)
s>                            ( - -1.100e+04 8 0 QUESTION15 1 1.471e+02 4.617e+01)))))))INFO: dtree.c(1315): Comp split 0
INFO: dtree.c(1478): Final simple tree
|( QUESTION0_13_R 1 -1.336e+04 5.206e+02 5.517e+01
|    ( - 2.421e+02 1 0)
|    ( SILENCE 1 -1.308e+04 4.352e+02 5.417e+01
|        ( - 1.304e+02 1 0)
|        ( QUESTION0_12_R 1 -1.278e+04 2.189e+02 5.317e+01
|            ( - -2.634e+02 1 0)
|            ( QUESTION0_9_R 1 -1.230e+04 2.450e+02 5.117e+01
|                ( - -7.284e+02 1 0)
|                ( QUESTION4 1 -1.132e+04 4.340e+02 4.717e+01
|                    ( - 1.102e+02 1 0)
|                    ( QUESTION15 1 -1.100e+04 1.471e+02 4.617e+01
|                        ( - -6.085e+02 1 0)
|                        ( QUESTION0_2_R 1 -1.024e+04 1.393e+02 4.317e+01
|                            ( - -3.977e+02 1 0)
|                            ( - -9.705e+03 6 0 QUESTION0 1 1.345e+02 4.117e+01))))))))
s>    ( QUESTION0_13_R 1 -1.336e+04 5.206e+02 5.517e+01
s>        ( - 2.421e+02 1 0)
s>        ( SILENCE 1 -1.308e+04 4.352e+02 5.417e+01
s>            ( - 1.304e+02 1 0)
s>            ( QUESTION0_12_R 1 -1.278e+04 2.189e+02 5.317e+01
s>                ( - -2.634e+02 1 0)
s>                ( QUESTION0_9_R 1 -1.230e+04 2.450e+02 5.117e+01
s>                    ( - -7.284e+02 1 0)
s>                    ( QUESTION4 1 -1.132e+04 4.340e+02 4.717e+01
s>                        ( - 1.102e+02 1 0)
s>                        ( QUESTION15 1 -1.100e+04 1.471e+02 4.617e+01
s>                            ( - -6.085e+02 1 0)
s>                            ( QUESTION0_2_R 1 -1.024e+04 1.393e+02 4.317e+01
s>                                ( - -3.977e+02 1 0)
s>                                ( - -9.705e+03 6 0 QUESTION0 1 1.345e+02 4.117e+01))))))))INFO: dtree.c(1478): Final simple tree
|( QUESTION2_1_L -1 -1.890e+05 3.821e+02 8.377e+02
|    ( QUESTION1 -1 -1.305e+05 1.861e+02 5.852e+02
|        ( - -8.887e+03 1 0)
|        ( QUESTION0 -1 -1.215e+05 1.615e+02 5.440e+02
|            ( QUESTION4 1 -1.103e+05 1.354e+02 4.946e+02
|                ( - -1.093e+05 3 0)
|                ( - -8.397e+02 1 0))
|            ( - -1.103e+04 3 0 QUESTION4 1 1.170e+02 4.949e+01)))
|    ( QUESTION4 1 -5.813e+04 1.466e+02 2.525e+02
|        ( QUESTION2_5_L -1 -5.721e+04 1.296e+02 2.485e+02
|            ( - -1.983e+03 1 0)
|            ( QUESTION5 -1 -5.509e+04 1.182e+02 2.395e+02
|                ( - -3.442e+03 2 0 QUESTION11 -1 9.245e+01 1.519e+01)
|                ( - -5.154e+04 6 0 QUESTION2_3_L -1 1.155e+02 2.243e+02)))
|        ( - -7.725e+02 1 0)))
s>    ( QUESTION2_1_L -1 -1.890e+05 3.821e+02 8.377e+02
s>        ( QUESTION1 -1 -1.305e+05 1.861e+02 5.852e+02
s>            ( - -8.887e+03 1 0)
s>            ( QUESTION0 -1 -1.215e+05 1.615e+02 5.440e+02
s>                ( QUESTION4 1 -1.103e+05 1.354e+02 4.946e+02
s>                    ( - -1.093e+05 3 0)
s>                    ( - -8.397e+02 1 0))
s>                ( - -1.103e+04 3 0 QUESTION4 1 1.170e+02 4.949e+01)))
s>        ( QUESTION4 1 -5.813e+04 1.466e+02 2.525e+02
s>            ( QUESTION2_5_L -1 -5.721e+04 1.296e+02 2.485e+02
s>                ( - -1.983e+03 1 0)
s>                ( QUESTION5 -1 -5.509e+04 1.182e+02 2.395e+02
s>                    ( - -3.442e+03 2 0 QUESTION11 -1 9.245e+01 1.519e+01)
s>                    ( - -5.154e+04 6 0 QUESTION2_3_L -1 1.155e+02 2.243e+02)))
s>            ( - -7.725e+02 1 0)))INFO: dtree.c(1315): Comp split 1
INFO: dtree.c(1478): Final simple tree
|( SILENCE 1 -1.308e+04 4.352e+02 5.417e+01
|    ( - 1.304e+02 1 0)
|    ( QUESTION0_12_R 1 -1.278e+04 2.189e+02 5.317e+01
|        ( - -2.634e+02 1 0)
|        ( QUESTION0_9_R 1 -1.230e+04 2.450e+02 5.117e+01
|            ( - -7.284e+02 1 0)
|            ( QUESTION4 1 -1.132e+04 4.340e+02 4.717e+01
|                ( - 1.102e+02 1 0)
|                ( QUESTION15 1 -1.100e+04 1.471e+02 4.617e+01
|                    ( - -6.085e+02 1 0)
|                    ( QUESTION0_2_R 1 -1.024e+04 1.393e+02 4.317e+01
|                        ( - -3.977e+02 1 0)
|                        ( QUESTION0 1 -9.705e+03 1.345e+02 4.117e+01
|                            ( - -9.255e+02 1 0)
|                            ( - -8.645e+03 5 0 QUESTION11 1 1.294e+02 3.717e+01))))))))
s>    ( SILENCE 1 -1.308e+04 4.352e+02 5.417e+01
s>        ( - 1.304e+02 1 0)
s>        ( QUESTION0_12_R 1 -1.278e+04 2.189e+02 5.317e+01
s>            ( - -2.634e+02 1 0)
s>            ( QUESTION0_9_R 1 -1.230e+04 2.450e+02 5.117e+01
s>                ( - -7.284e+02 1 0)
s>                ( QUESTION4 1 -1.132e+04 4.340e+02 4.717e+01
s>                    ( - 1.102e+02 1 0)
s>                    ( QUESTION15 1 -1.100e+04 1.471e+02 4.617e+01
s>                        ( - -6.085e+02 1 0)
s>                        ( QUESTION0_2_R 1 -1.024e+04 1.393e+02 4.317e+01
s>                            ( - -3.977e+02 1 0)
s>                            ( QUESTION0 1 -9.705e+03 1.345e+02 4.117e+01
s>                                ( - -9.255e+02 1 0)
s>                                ( - -8.645e+03 5 0 QUESTION11 1 1.294e+02 3.717e+01))))))))INFO: dtree.c(1315): Comp split 2
INFO: dtree.c(1478): Final simple tree
|( QUESTION0_12_R 1 -1.278e+04 2.189e+02 5.317e+01
|    ( - -2.634e+02 1 0)
|    ( QUESTION0_9_R 1 -1.230e+04 2.450e+02 5.117e+01
|        ( - -7.284e+02 1 0)
|        ( QUESTION4 1 -1.132e+04 4.340e+02 4.717e+01
|            ( - 1.102e+02 1 0)
|            ( QUESTION15 1 -1.100e+04 1.471e+02 4.617e+01
|                ( - -6.085e+02 1 0)
|                ( QUESTION0_2_R 1 -1.024e+04 1.393e+02 4.317e+01
|                    ( - -3.977e+02 1 0)
|                    ( QUESTION0 1 -9.705e+03 1.345e+02 4.117e+01
|                        ( - -9.255e+02 1 0)
|                        ( QUESTION11 1 -8.645e+03 1.294e+02 3.717e+01
|                            ( - -4.543e+03 2 0)
|                            ( - -3.973e+03 3 0 QUESTION0_1_R 1 1.088e+02 1.742e+01))))))))
s>    ( QUESTION0_12_R 1 -1.278e+04 2.189e+02 5.317e+01
s>        ( - -2.634e+02 1 0)
s>        ( QUESTION0_9_R 1 -1.230e+04 2.450e+02 5.117e+01
s>            ( - -7.284e+02 1 0)
s>            ( QUESTION4 1 -1.132e+04 4.340e+02 4.717e+01
s>                ( - 1.102e+02 1 0)
s>                ( QUESTION15 1 -1.100e+04 1.471e+02 4.617e+01
s>                    ( - -6.085e+02 1 0)
s>                    ( QUESTION0_2_R 1 -1.024e+04 1.393e+02 4.317e+01
s>                        ( - -3.977e+02 1 0)
s>                        ( QUESTION0 1 -9.705e+03 1.345e+02 4.117e+01
s>                            ( - -9.255e+02 1 0)
s>                            ( QUESTION11 1 -8.645e+03 1.294e+02 3.717e+01
s>                                ( - -4.543e+03 2 0)
s>                                ( - -3.973e+03 3 0 QUESTION0_1_R 1 1.088e+02 1.742e+01))))))))INFO: dtree.c(1315): Comp split 3
INFO: dtree.c(1478): Final simple tree
|( QUESTION4 1 -1.245e+04 2.418e+02 5.217e+01
|    ( - -7.284e+02 1 0)
|    ( QUESTION0_9_R 1 -1.148e+04 2.210e+02 4.817e+01
|        ( - -2.634e+02 1 0)
|        ( QUESTION15 1 -1.100e+04 1.471e+02 4.617e+01
|            ( - -6.085e+02 1 0)
|            ( QUESTION0_2_R 1 -1.024e+04 1.393e+02 4.317e+01
|                ( - -3.977e+02 1 0)
|                ( QUESTION0 1 -9.705e+03 1.345e+02 4.117e+01
|                    ( - -9.255e+02 1 0)
|                    ( QUESTION11 1 -8.645e+03 1.294e+02 3.717e+01
|                        ( - -4.543e+03 2 0)
|                        ( QUESTION0_1_R 1 -3.973e+03 1.088e+02 1.742e+01
|                            ( - -3.295e+03 2 0 QUESTION0_4_R 1 8.586e+01 1.442e+01)
|                            ( - -5.689e+02 1 0))))))))
s>    ( QUESTION4 1 -1.245e+04 2.418e+02 5.217e+01
s>        ( - -7.284e+02 1 0)
s>        ( QUESTION0_9_R 1 -1.148e+04 2.210e+02 4.817e+01
s>            ( - -2.634e+02 1 0)
s>            ( QUESTION15 1 -1.100e+04 1.471e+02 4.617e+01
s>                ( - -6.085e+02 1 0)
s>                ( QUESTION0_2_R 1 -1.024e+04 1.393e+02 4.317e+01
s>                    ( - -3.977e+02 1 0)
s>                    ( QUESTION0 1 -9.705e+03 1.345e+02 4.117e+01
s>                        ( - -9.255e+02 1 0)
s>                        ( QUESTION11 1 -8.645e+03 1.294e+02 3.717e+01
s>                            ( - -4.543e+03 2 0)
s>                            ( QUESTION0_1_R 1 -3.973e+03 1.088e+02 1.742e+01
s>                                ( - -3.295e+03 2 0 QUESTION0_4_R 1 8.586e+01 1.442e+01)
s>                                ( - -5.689e+02 1 0))))))))INFO: dtree.c(1315): Comp split 4
INFO: dtree.c(1478): Final simple tree
|( QUESTION2_5_L -1 -5.816e+04 1.306e+02 2.525e+02
|    ( - -1.983e+03 1 0)
|    ( QUESTION5 -1 -5.605e+04 1.177e+02 2.435e+02
|        ( QUESTION11 -1 -3.442e+03 9.245e+01 1.519e+01
|            ( - -1.105e+03 1 0)
|            ( - -2.244e+03 1 0))
|        ( QUESTION2_0_L -1 -5.249e+04 1.272e+02 2.283e+02
|            ( QUESTION2_9_L -1 -4.288e+03 1.105e+02 1.901e+01
|                ( - -1.031e+03 1 0)
|                ( QUESTION0 -1 -3.147e+03 1.050e+02 1.401e+01
|                    ( - -8.397e+02 1 0)
|                    ( - -2.202e+03 1 0)))
|            ( SILENCE -1 -4.807e+04 9.269e+01 2.093e+02
|                ( - -5.400e+03 1 0)
|                ( - -4.258e+04 3 0)))))
s>    ( QUESTION2_5_L -1 -5.816e+04 1.306e+02 2.525e+02
s>        ( - -1.983e+03 1 0)
s>        ( QUESTION5 -1 -5.605e+04 1.177e+02 2.435e+02
s>            ( QUESTION11 -1 -3.442e+03 9.245e+01 1.519e+01
s>                ( - -1.105e+03 1 0)
s>                ( - -2.244e+03 1 0))
s>            ( QUESTION2_0_L -1 -5.249e+04 1.272e+02 2.283e+02
s>                ( QUESTION2_9_L -1 -4.288e+03 1.105e+02 1.901e+01
s>                    ( - -1.031e+03 1 0)
s>                    ( QUESTION0 -1 -3.147e+03 1.050e+02 1.401e+01
s>                        ( - -8.397e+02 1 0)
s>                        ( - -2.202e+03 1 0)))
s>                ( SILENCE -1 -4.807e+04 9.269e+01 2.093e+02
s>                    ( - -5.400e+03 1 0)
s>                    ( - -4.258e+04 3 0)))))INFO: dtree.c(1439): stop. leaf nodes are specific
INFO: dtree.c(1478): Final simple tree
|( QUESTION2 -1 -1.305e+05 1.852e+02 5.852e+02
|    ( - -1.093e+05 3 0)
|    ( QUESTION3 -1 -2.100e+04 1.740e+02 9.464e+01
|        ( QUESTION4 1 -1.103e+04 1.170e+02 4.949e+01
|            ( QUESTION19 -1 -9.872e+03 1.053e+02 4.449e+01
|                ( - -1.045e+03 1 0)
|                ( - -8.722e+03 1 0))
|            ( - -1.046e+03 1 0))
|        ( SILENCE -1 -9.791e+03 1.306e+02 4.515e+01
|            ( - -7.725e+02 1 0)
|            ( - -8.887e+03 1 0))))
s>    ( QUESTION2 -1 -1.305e+05 1.852e+02 5.852e+02
s>        ( - -1.093e+05 3 0)
s>        ( QUESTION3 -1 -2.100e+04 1.740e+02 9.464e+01
s>            ( QUESTION4 1 -1.103e+04 1.170e+02 4.949e+01
s>                ( QUESTION19 -1 -9.872e+03 1.053e+02 4.449e+01
s>                    ( - -1.045e+03 1 0)
s>                    ( - -8.722e+03 1 0))
s>                ( - -1.046e+03 1 0))
s>            ( SILENCE -1 -9.791e+03 1.306e+02 4.515e+01
s>                ( - -7.725e+02 1 0)
s>                ( - -8.887e+03 1 0))))INFO: dtree.c(1315): Comp split 5
INFO: dtree.c(1478): Final simple tree
|( QUESTION0_9_R 1 -1.148e+04 2.210e+02 4.817e+01
|    ( - -2.634e+02 1 0)
|    ( QUESTION15 1 -1.100e+04 1.471e+02 4.617e+01
|        ( - -6.085e+02 1 0)
|        ( QUESTION0_2_R 1 -1.024e+04 1.393e+02 4.317e+01
|            ( - -3.977e+02 1 0)
|            ( QUESTION0 1 -9.705e+03 1.345e+02 4.117e+01
|                ( - -9.255e+02 1 0)
|                ( QUESTION11 1 -8.645e+03 1.294e+02 3.717e+01
|                    ( - -4.543e+03 2 0)
|                    ( QUESTION0_1_R 1 -3.973e+03 1.088e+02 1.742e+01
|                        ( QUESTION0_4_R 1 -3.295e+03 8.586e+01 1.442e+01
|                            ( - -2.142e+03 1 0)
|                            ( - -1.068e+03 1 0))
|                        ( - -5.689e+02 1 0)))))))
s>    ( QUESTION0_9_R 1 -1.148e+04 2.210e+02 4.817e+01
s>        ( - -2.634e+02 1 0)
s>        ( QUESTION15 1 -1.100e+04 1.471e+02 4.617e+01
s>            ( - -6.085e+02 1 0)
s>            ( QUESTION0_2_R 1 -1.024e+04 1.393e+02 4.317e+01
s>                ( - -3.977e+02 1 0)
s>                ( QUESTION0 1 -9.705e+03 1.345e+02 4.117e+01
s>                    ( - -9.255e+02 1 0)
s>                    ( QUESTION11 1 -8.645e+03 1.294e+02 3.717e+01
s>                        ( - -4.543e+03 2 0)
s>                        ( QUESTION0_1_R 1 -3.973e+03 1.088e+02 1.742e+01
s>                            ( QUESTION0_4_R 1 -3.295e+03 8.586e+01 1.442e+01
s>                                ( - -2.142e+03 1 0)
s>                                ( - -1.068e+03 1 0))
s>                            ( - -5.689e+02 1 0)))))))INFO: dtree.c(1315): Comp split 6
INFO: dtree.c(1439): stop. leaf nodes are specific
INFO: dtree.c(1478): Final simple tree
|( QUESTION15 1 -1.100e+04 1.471e+02 4.617e+01
|    ( - -6.085e+02 1 0)
|    ( QUESTION0_2_R 1 -1.024e+04 1.393e+02 4.317e+01
|        ( - -3.977e+02 1 0)
|        ( QUESTION0 1 -9.705e+03 1.345e+02 4.117e+01
|            ( - -9.255e+02 1 0)
|            ( QUESTION11 1 -8.645e+03 1.294e+02 3.717e+01
|                ( - -4.543e+03 2 0)
|                ( QUESTION0_1_R 1 -3.973e+03 1.088e+02 1.742e+01
|                    ( QUESTION0_4_R 1 -3.295e+03 8.586e+01 1.442e+01
|                        ( - -2.142e+03 1 0)
|                        ( - -1.068e+03 1 0))
|                    ( - -5.689e+02 1 0))))))
s>    ( QUESTION15 1 -1.100e+04 1.471e+02 4.617e+01
s>        ( - -6.085e+02 1 0)
s>        ( QUESTION0_2_R 1 -1.024e+04 1.393e+02 4.317e+01
s>            ( - -3.977e+02 1 0)
s>            ( QUESTION0 1 -9.705e+03 1.345e+02 4.117e+01
s>                ( - -9.255e+02 1 0)
s>                ( QUESTION11 1 -8.645e+03 1.294e+02 3.717e+01
s>                    ( - -4.543e+03 2 0)
s>                    ( QUESTION0_1_R 1 -3.973e+03 1.088e+02 1.742e+01
s>                        ( QUESTION0_4_R 1 -3.295e+03 8.586e+01 1.442e+01
s>                            ( - -2.142e+03 1 0)
s>                            ( - -1.068e+03 1 0))
s>                        ( - -5.689e+02 1 0))))))INFO: dtree.c(1315): Comp split 7
INFO: dtree.c(1439): stop. leaf nodes are specific
INFO: dtree.c(1478): Final simple tree
|( SILENCE -1 -1.093e+04 1.294e+02 5.015e+01
|    ( - -7.725e+02 1 0)
|    ( QUESTION0 -1 -1.003e+04 1.001e+02 4.615e+01
|        ( - -8.887e+03 1 0)
|        ( - -1.045e+03 1 0)))
s>    ( SILENCE -1 -1.093e+04 1.294e+02 5.015e+01
s>        ( - -7.725e+02 1 0)
s>        ( QUESTION0 -1 -1.003e+04 1.001e+02 4.615e+01
s>            ( - -8.887e+03 1 0)
s>            ( - -1.045e+03 1 0)))INFO: dtree.c(1439): stop. leaf nodes are specific
INFO: dtree.c(1478): Final simple tree
|( QUESTION0 -1 -1.193e+05 1.632e+02 5.350e+02
|    ( - -1.093e+05 3 0)
|    ( QUESTION4 1 -9.883e+03 1.157e+02 4.449e+01
|        ( - -8.722e+03 1 0)
|        ( - -1.046e+03 1 0)))
s>    ( QUESTION0 -1 -1.193e+05 1.632e+02 5.350e+02
s>        ( - -1.093e+05 3 0)
s>        ( QUESTION4 1 -9.883e+03 1.157e+02 4.449e+01
s>            ( - -8.722e+03 1 0)
s>            ( - -1.046e+03 1 0)))INFO: dtree.c(1315): Comp split 8
INFO: dtree.c(1439): stop. leaf nodes are specific
INFO: dtree.c(1478): Final simple tree
|( QUESTION0 1 -1.653e+03 1.190e+02 7.000e+00
|    ( - -9.255e+02 1 0)
|    ( - -6.085e+02 1 0))
s>    ( QUESTION0 1 -1.653e+03 1.190e+02 7.000e+00
s>        ( - -9.255e+02 1 0)
s>        ( - -6.085e+02 1 0))INFO: dtree.c(1439): stop. leaf nodes are specific
INFO: dtree.c(1478): Final simple tree
|( QUESTION11 1 -9.181e+03 1.401e+02 3.917e+01
|    ( - -4.543e+03 2 0)
|    ( QUESTION0_2_R 1 -4.498e+03 1.271e+02 1.942e+01
|        ( - -3.977e+02 1 0)
|        ( QUESTION0_1_R 1 -3.973e+03 1.088e+02 1.742e+01
|            ( QUESTION0_4_R 1 -3.295e+03 8.586e+01 1.442e+01
|                ( - -2.142e+03 1 0)
|                ( - -1.068e+03 1 0))
|            ( - -5.689e+02 1 0))))
s>    ( QUESTION11 1 -9.181e+03 1.401e+02 3.917e+01
s>        ( - -4.543e+03 2 0)
s>        ( QUESTION0_2_R 1 -4.498e+03 1.271e+02 1.942e+01
s>            ( - -3.977e+02 1 0)
s>            ( QUESTION0_1_R 1 -3.973e+03 1.088e+02 1.742e+01
s>                ( QUESTION0_4_R 1 -3.295e+03 8.586e+01 1.442e+01
s>                    ( - -2.142e+03 1 0)
s>                    ( - -1.068e+03 1 0))
s>                ( - -5.689e+02 1 0))))INFO: dtree.c(1315): Comp split 9
INFO: dtree.c(1439): stop. leaf nodes are specific
INFO: dtree.c(1478): Final simple tree
|( QUESTION4 1 -9.883e+03 1.157e+02 4.449e+01
|    ( - -8.722e+03 1 0)
|    ( - -1.046e+03 1 0))
s>    ( QUESTION4 1 -9.883e+03 1.157e+02 4.449e+01
s>        ( - -8.722e+03 1 0)
s>        ( - -1.046e+03 1 0))INFO: dtree.c(1315): Comp split 10
INFO: dtree.c(1439): stop. leaf nodes are specific
INFO: dtree.c(1478): Final simple tree
|( QUESTION2_4_L -1 -4.274e+03 8.894e+01 1.901e+01
|    ( - -2.202e+03 1 0)
|    ( - -1.983e+03 1 0))
s>    ( QUESTION2_4_L -1 -4.274e+03 8.894e+01 1.901e+01
s>        ( - -2.202e+03 1 0)
s>        ( - -1.983e+03 1 0))INFO: dtree.c(1439): stop. leaf nodes are specific
INFO: dtree.c(1478): Final simple tree
|( QUESTION5 -1 -5.373e+04 1.172e+02 2.335e+02
|    ( QUESTION11 -1 -3.442e+03 9.245e+01 1.519e+01
|        ( - -1.105e+03 1 0)
|        ( - -2.244e+03 1 0))
|    ( QUESTION0 -1 -5.017e+04 1.156e+02 2.183e+02
|        ( - -8.397e+02 1 0)
|        ( QUESTION2_0_L -1 -4.922e+04 1.122e+02 2.143e+02
|            ( - -1.031e+03 1 0)
|            ( SILENCE -1 -4.807e+04 9.269e+01 2.093e+02
|                ( - -5.400e+03 1 0)
|                ( - -4.258e+04 3 0)))))
s>    ( QUESTION5 -1 -5.373e+04 1.172e+02 2.335e+02
s>        ( QUESTION11 -1 -3.442e+03 9.245e+01 1.519e+01
s>            ( - -1.105e+03 1 0)
s>            ( - -2.244e+03 1 0))
s>        ( QUESTION0 -1 -5.017e+04 1.156e+02 2.183e+02
s>            ( - -8.397e+02 1 0)
s>            ( QUESTION2_0_L -1 -4.922e+04 1.122e+02 2.143e+02
s>                ( - -1.031e+03 1 0)
s>                ( SILENCE -1 -4.807e+04 9.269e+01 2.093e+02
s>                    ( - -5.400e+03 1 0)
s>                    ( - -4.258e+04 3 0)))))INFO: dtree.c(1315): Comp split 11
INFO: dtree.c(1439): stop. leaf nodes are specific
INFO: dtree.c(1478): Final simple tree
|( QUESTION0_2_R 1 -4.498e+03 1.271e+02 1.942e+01
|    ( - -3.977e+02 1 0)
|    ( QUESTION0_1_R 1 -3.973e+03 1.088e+02 1.742e+01
|        ( QUESTION0_4_R 1 -3.295e+03 8.586e+01 1.442e+01
|            ( - -2.142e+03 1 0)
|            ( - -1.068e+03 1 0))
|        ( - -5.689e+02 1 0)))
s>    ( QUESTION0_2_R 1 -4.498e+03 1.271e+02 1.942e+01
s>        ( - -3.977e+02 1 0)
s>        ( QUESTION0_1_R 1 -3.973e+03 1.088e+02 1.742e+01
s>            ( QUESTION0_4_R 1 -3.295e+03 8.586e+01 1.442e+01
s>                ( - -2.142e+03 1 0)
s>                ( - -1.068e+03 1 0))
s>            ( - -5.689e+02 1 0)))INFO: dtree.c(1315): Comp split 12
INFO: dtree.c(1439): stop. leaf nodes are specific
INFO: dtree.c(1478): Final simple tree
|( QUESTION0 -1 -1.003e+04 1.001e+02 4.615e+01
|    ( - -8.887e+03 1 0)
|    ( - -1.045e+03 1 0))
s>    ( QUESTION0 -1 -1.003e+04 1.001e+02 4.615e+01
s>        ( - -8.887e+03 1 0)
s>        ( - -1.045e+03 1 0))INFO: dtree.c(1315): Comp split 13
INFO: dtree.c(1439): stop. leaf nodes are specific
INFO: dtree.c(1478): Final simple tree
|( QUESTION0_1_R 1 -3.973e+03 1.088e+02 1.742e+01
|    ( QUESTION0_4_R 1 -3.295e+03 8.586e+01 1.442e+01
|        ( - -2.142e+03 1 0)
|        ( - -1.068e+03 1 0))
|    ( - -5.689e+02 1 0))
s>    ( QUESTION0_1_R 1 -3.973e+03 1.088e+02 1.742e+01
s>        ( QUESTION0_4_R 1 -3.295e+03 8.586e+01 1.442e+01
s>            ( - -2.142e+03 1 0)
s>            ( - -1.068e+03 1 0))
s>        ( - -5.689e+02 1 0))INFO: dtree.c(1315): Comp split 14
INFO: dtree.c(1315): Comp split 15
INFO: dtree.c(1439): stop. leaf nodes are specific
INFO: dtree.c(1478): Final simple tree
|( QUESTION0 -1 -5.017e+04 1.156e+02 2.183e+02
|    ( - -8.397e+02 1 0)
|    ( QUESTION2_0_L -1 -4.922e+04 1.122e+02 2.143e+02
|        ( - -1.031e+03 1 0)
|        ( SILENCE -1 -4.807e+04 9.269e+01 2.093e+02
|            ( - -5.400e+03 1 0)
|            ( - -4.258e+04 3 0))))
s>    ( QUESTION0 -1 -5.017e+04 1.156e+02 2.183e+02
s>        ( - -8.397e+02 1 0)
s>        ( QUESTION2_0_L -1 -4.922e+04 1.122e+02 2.143e+02
s>            ( - -1.031e+03 1 0)
s>            ( SILENCE -1 -4.807e+04 9.269e+01 2.093e+02
s>                ( - -5.400e+03 1 0)
s>                ( - -4.258e+04 3 0))))INFO: dtree.c(1439): stop. leaf nodes are specific
INFO: dtree.c(1478): Final simple tree
|( QUESTION11 -1 -3.442e+03 9.245e+01 1.519e+01
|    ( - -1.105e+03 1 0)
|    ( - -2.244e+03 1 0))
s>    ( QUESTION11 -1 -3.442e+03 9.245e+01 1.519e+01
s>        ( - -1.105e+03 1 0)
s>        ( - -2.244e+03 1 0))INFO: dtree.c(1315): Comp split 16
INFO: dtree.c(1315): Comp split 17
INFO: dtree.c(1439): stop. leaf nodes are specific
INFO: dtree.c(1478): Final simple tree
|( QUESTION2_0_L -1 -4.922e+04 1.122e+02 2.143e+02
|    ( - -1.031e+03 1 0)
|    ( SILENCE -1 -4.807e+04 9.269e+01 2.093e+02
|        ( - -5.400e+03 1 0)
|        ( - -4.258e+04 3 0)))
s>    ( QUESTION2_0_L -1 -4.922e+04 1.122e+02 2.143e+02
s>        ( - -1.031e+03 1 0)
s>        ( SILENCE -1 -4.807e+04 9.269e+01 2.093e+02
s>            ( - -5.400e+03 1 0)
s>            ( - -4.258e+04 3 0)))INFO: dtree.c(1315): Comp split 18
INFO: dtree.c(1439): stop. leaf nodes are specific
INFO: dtree.c(1478): Final simple tree
|( SILENCE -1 -4.807e+04 9.269e+01 2.093e+02
|    ( - -5.400e+03 1 0)
|    ( - -4.258e+04 3 0))
s>    ( SILENCE -1 -4.807e+04 9.269e+01 2.093e+02
s>        ( - -5.400e+03 1 0)
s>        ( - -4.258e+04 3 0))INFO: dtree.c(1315): Comp split 19
INFO: dtree.c(1439): stop. leaf nodes are specific
INFO: dtree.c(1478): Final simple tree
|( QUESTION0_4_R 1 -3.295e+03 8.586e+01 1.442e+01
|    ( - -2.142e+03 1 0)
|    ( - -1.068e+03 1 0))
s>    ( QUESTION0_4_R 1 -3.295e+03 8.586e+01 1.442e+01
s>        ( - -2.142e+03 1 0)
s>        ( - -1.068e+03 1 0))INFO: dtree.c(1315): Comp split 20
INFO: dtree.c(1315): Comp split 21
INFO: dtree.c(1315): Comp split 22
INFO: dtree.c(1315): Comp split 23
INFO: dtree.c(1315): Comp split 24
INFO: dtree.c(1315): Comp split 25
INFO: dtree.c(1318): stop. leaf nodes are specific
Mon Jan 30 07:35:50 2017
