Current configuration:
[NAME]		[DEFLT]	[VALUE]
-allphones	no	no
-cntthresh	0.00001	1.000000e-05
-csplitmax	100	2000
-csplitmin	1	1
-csplitthr	8e-4	0.000000e+00
-example	no	no
-fullvar	no	no
-help		no	no
-meanfn			/Users/benroye/forge/cmusphinx/voiceVim/model_parameters/voiceVim.cd_cont_untied/means
-mixwfn			/Users/benroye/forge/cmusphinx/voiceVim/model_parameters/voiceVim.cd_cont_untied/mixture_weights
-moddeffn		/Users/benroye/forge/cmusphinx/voiceVim/model_architecture/voiceVim.untied.mdef
-mwfloor	1e-4	1.000000e-08
-phone			g
-psetfn			/Users/benroye/forge/cmusphinx/voiceVim/model_architecture/voiceVim.tree_questions
-ssplitmax	5	7
-ssplitmin	1	1
-ssplitthr	8e-4	0.000000e+00
-state			0
-stwt			1.0,0.05,0.0,
-treefn			/Users/benroye/forge/cmusphinx/voiceVim/trees/voiceVim.unpruned/g-0.dtree
-ts2cbfn	.semi.	.cont.
-varfloor	0.00001	1.000000e-05
-varfn			/Users/benroye/forge/cmusphinx/voiceVim/model_parameters/voiceVim.cd_cont_untied/variances

INFO: main.c(223): Reading: /Users/benroye/forge/cmusphinx/voiceVim/model_architecture/voiceVim.untied.mdef
INFO: model_def_io.c(573): Model definition info:
INFO: model_def_io.c(574): 2249 total models defined (39 base, 2210 tri)
INFO: model_def_io.c(575): 8996 total states
INFO: model_def_io.c(576): 6747 total tied states
INFO: model_def_io.c(577): 117 total tied CI states
INFO: model_def_io.c(578): 39 total tied transition matrices
INFO: model_def_io.c(579): 4 max state/model
INFO: model_def_io.c(580): 4 min state/model
INFO: main.c(242): Building trees for [g SIL oa b] through [g x oh b]
INFO: main.c(269): Covering states |[1623 1706]| == 84
INFO: main.c(275): Reading: /Users/benroye/forge/cmusphinx/voiceVim/model_parameters/voiceVim.cd_cont_untied/mixture_weights
INFO: s3mixw_io.c(173): Read /Users/benroye/forge/cmusphinx/voiceVim/model_parameters/voiceVim.cd_cont_untied/mixture_weights [84x1x1 array]
INFO: main.c(311): 28 of 28 models have observation count greater than 0.000010
INFO: main.c(95): nrm stwt: 0.952 0.048 0.000 
INFO: s3gau_io.c(169): Read /Users/benroye/forge/cmusphinx/voiceVim/model_parameters/voiceVim.cd_cont_untied/means [6747x1x1 array]
INFO: s3gau_io.c(169): Read /Users/benroye/forge/cmusphinx/voiceVim/model_parameters/voiceVim.cd_cont_untied/variances [6747x1x1 array]
INFO: main.c(549): Reading: /Users/benroye/forge/cmusphinx/voiceVim/model_architecture/voiceVim.tree_questions
INFO: main.c(588): 174 total simple questions (166 phone; 8 word bndry)
INFO: main.c(590): 40 Left Only questions, and 42 Right Only questions
INFO: dtree.c(1478): Final simple tree
|( QUESTION2_5_L -1 -1.725e+05 2.540e+03 7.622e+02
|    ( QUESTION0_0_R 1 -1.113e+05 1.132e+03 5.119e+02
|        ( - -1.041e+04 2 0 QUESTION0_1_R 1 1.792e+02 5.034e+01)
|        ( - -9.976e+04 1 0))
|    ( QUESTION0_9_R 1 -5.868e+04 6.665e+02 2.504e+02
|        ( QUESTION19 -1 -1.596e+04 4.607e+02 7.158e+01
|            ( - 2.411e+02 1 0)
|            ( - -1.574e+04 10 0 QUESTION3 -1 2.607e+02 7.058e+01))
|        ( QUESTION6 -1 -4.205e+04 4.752e+02 1.788e+02
|            ( - 2.430e+02 1 0)
|            ( QUESTION0_6_R 1 -4.182e+04 4.723e+02 1.778e+02
|                ( - 2.419e+02 1 0)
|                ( QUESTION0_1_R 1 -4.159e+04 4.709e+02 1.768e+02
|                    ( - 2.424e+02 1 0)
|                    ( - -4.136e+04 11 0 SILENCE -1 4.577e+02 1.758e+02))))))
s>    ( QUESTION2_5_L -1 -1.725e+05 2.540e+03 7.622e+02
s>        ( QUESTION0_0_R 1 -1.113e+05 1.132e+03 5.119e+02
s>            ( - -1.041e+04 2 0 QUESTION0_1_R 1 1.792e+02 5.034e+01)
s>            ( - -9.976e+04 1 0))
s>        ( QUESTION0_9_R 1 -5.868e+04 6.665e+02 2.504e+02
s>            ( QUESTION19 -1 -1.596e+04 4.607e+02 7.158e+01
s>                ( - 2.411e+02 1 0)
s>                ( - -1.574e+04 10 0 QUESTION3 -1 2.607e+02 7.058e+01))
s>            ( QUESTION6 -1 -4.205e+04 4.752e+02 1.788e+02
s>                ( - 2.430e+02 1 0)
s>                ( QUESTION0_6_R 1 -4.182e+04 4.723e+02 1.778e+02
s>                    ( - 2.419e+02 1 0)
s>                    ( QUESTION0_1_R 1 -4.159e+04 4.709e+02 1.768e+02
s>                        ( - 2.424e+02 1 0)
s>                        ( - -4.136e+04 11 0 SILENCE -1 4.577e+02 1.758e+02))))))INFO: dtree.c(1315): Comp split 0
INFO: dtree.c(1478): Final simple tree
|( QUESTION13 1 -7.010e+04 1.012e+03 3.007e+02
|    ( - -1.041e+04 2 0 QUESTION0_1_R 1 1.792e+02 5.034e+01)
|    ( QUESTION0_9_R 1 -5.868e+04 6.665e+02 2.504e+02
|        ( QUESTION19 -1 -1.596e+04 4.607e+02 7.158e+01
|            ( - 2.411e+02 1 0)
|            ( - -1.574e+04 10 0 QUESTION3 -1 2.607e+02 7.058e+01))
|        ( QUESTION6 -1 -4.205e+04 4.752e+02 1.788e+02
|            ( - 2.430e+02 1 0)
|            ( QUESTION0_6_R 1 -4.182e+04 4.723e+02 1.778e+02
|                ( - 2.419e+02 1 0)
|                ( QUESTION0_1_R 1 -4.159e+04 4.709e+02 1.768e+02
|                    ( - 2.424e+02 1 0)
|                    ( SILENCE -1 -4.136e+04 4.577e+02 1.758e+02
|                        ( - 2.196e+02 1 0)
|                        ( - -4.112e+04 10 0 QUESTION4 -1 3.673e+02 1.748e+02)))))))
s>    ( QUESTION13 1 -7.010e+04 1.012e+03 3.007e+02
s>        ( - -1.041e+04 2 0 QUESTION0_1_R 1 1.792e+02 5.034e+01)
s>        ( QUESTION0_9_R 1 -5.868e+04 6.665e+02 2.504e+02
s>            ( QUESTION19 -1 -1.596e+04 4.607e+02 7.158e+01
s>                ( - 2.411e+02 1 0)
s>                ( - -1.574e+04 10 0 QUESTION3 -1 2.607e+02 7.058e+01))
s>            ( QUESTION6 -1 -4.205e+04 4.752e+02 1.788e+02
s>                ( - 2.430e+02 1 0)
s>                ( QUESTION0_6_R 1 -4.182e+04 4.723e+02 1.778e+02
s>                    ( - 2.419e+02 1 0)
s>                    ( QUESTION0_1_R 1 -4.159e+04 4.709e+02 1.768e+02
s>                        ( - 2.424e+02 1 0)
s>                        ( SILENCE -1 -4.136e+04 4.577e+02 1.758e+02
s>                            ( - 2.196e+02 1 0)
s>                            ( - -4.112e+04 10 0 QUESTION4 -1 3.673e+02 1.748e+02)))))))INFO: dtree.c(1315): Comp split 1
INFO: dtree.c(1478): Final simple tree
|( QUESTION0_9_R 1 -5.868e+04 6.665e+02 2.504e+02
|    ( QUESTION19 -1 -1.596e+04 4.607e+02 7.158e+01
|        ( - 2.411e+02 1 0)
|        ( - -1.574e+04 10 0 QUESTION3 -1 2.607e+02 7.058e+01))
|    ( QUESTION6 -1 -4.205e+04 4.752e+02 1.788e+02
|        ( - 2.430e+02 1 0)
|        ( QUESTION0_6_R 1 -4.182e+04 4.723e+02 1.778e+02
|            ( - 2.419e+02 1 0)
|            ( QUESTION0_1_R 1 -4.159e+04 4.709e+02 1.768e+02
|                ( - 2.424e+02 1 0)
|                ( SILENCE -1 -4.136e+04 4.577e+02 1.758e+02
|                    ( - 2.196e+02 1 0)
|                    ( QUESTION4 -1 -4.112e+04 3.673e+02 1.748e+02
|                        ( - -3.267e+04 6 0 QUESTION2_0_L -1 2.380e+02 1.398e+02)
|                        ( - -8.087e+03 4 0 QUESTION0 -1 1.885e+02 3.500e+01)))))))
s>    ( QUESTION0_9_R 1 -5.868e+04 6.665e+02 2.504e+02
s>        ( QUESTION19 -1 -1.596e+04 4.607e+02 7.158e+01
s>            ( - 2.411e+02 1 0)
s>            ( - -1.574e+04 10 0 QUESTION3 -1 2.607e+02 7.058e+01))
s>        ( QUESTION6 -1 -4.205e+04 4.752e+02 1.788e+02
s>            ( - 2.430e+02 1 0)
s>            ( QUESTION0_6_R 1 -4.182e+04 4.723e+02 1.778e+02
s>                ( - 2.419e+02 1 0)
s>                ( QUESTION0_1_R 1 -4.159e+04 4.709e+02 1.768e+02
s>                    ( - 2.424e+02 1 0)
s>                    ( SILENCE -1 -4.136e+04 4.577e+02 1.758e+02
s>                        ( - 2.196e+02 1 0)
s>                        ( QUESTION4 -1 -4.112e+04 3.673e+02 1.748e+02
s>                            ( - -3.267e+04 6 0 QUESTION2_0_L -1 2.380e+02 1.398e+02)
s>                            ( - -8.087e+03 4 0 QUESTION0 -1 1.885e+02 3.500e+01)))))))INFO: dtree.c(1439): stop. leaf nodes are specific
INFO: dtree.c(1478): Final simple tree
|( QUESTION0_1_R 1 -1.041e+04 1.792e+02 5.034e+01
|    ( - -5.033e+03 1 0)
|    ( - -5.202e+03 1 0))
s>    ( QUESTION0_1_R 1 -1.041e+04 1.792e+02 5.034e+01
s>        ( - -5.033e+03 1 0)
s>        ( - -5.202e+03 1 0))INFO: dtree.c(1315): Comp split 2
INFO: dtree.c(1478): Final simple tree
|( SILENCE -1 -4.136e+04 4.577e+02 1.758e+02
|    ( - 2.196e+02 1 0)
|    ( QUESTION4 -1 -4.112e+04 3.673e+02 1.748e+02
|        ( QUESTION2_0_L -1 -3.267e+04 2.380e+02 1.398e+02
|            ( QUESTION4 1 -1.500e+04 2.293e+02 6.501e+01
|                ( - -1.180e+04 2 0 WDBNDRY_B 0 1.441e+02 5.100e+01)
|                ( - -2.970e+03 1 0))
|            ( SILENCE 1 -1.744e+04 2.284e+02 7.477e+01
|                ( - -9.230e+02 1 0)
|                ( WDBNDRY_E 0 -1.628e+04 4.725e+02 6.977e+01
|                    ( - 2.422e+02 1 0)
|                    ( - -1.605e+04 1 0))))
|        ( QUESTION0 -1 -8.087e+03 1.885e+02 3.500e+01
|            ( - -5.067e+03 2 0)
|            ( - -2.832e+03 2 0 QUESTION11 -1 1.471e+02 1.300e+01))))
s>    ( SILENCE -1 -4.136e+04 4.577e+02 1.758e+02
s>        ( - 2.196e+02 1 0)
s>        ( QUESTION4 -1 -4.112e+04 3.673e+02 1.748e+02
s>            ( QUESTION2_0_L -1 -3.267e+04 2.380e+02 1.398e+02
s>                ( QUESTION4 1 -1.500e+04 2.293e+02 6.501e+01
s>                    ( - -1.180e+04 2 0 WDBNDRY_B 0 1.441e+02 5.100e+01)
s>                    ( - -2.970e+03 1 0))
s>                ( SILENCE 1 -1.744e+04 2.284e+02 7.477e+01
s>                    ( - -9.230e+02 1 0)
s>                    ( WDBNDRY_E 0 -1.628e+04 4.725e+02 6.977e+01
s>                        ( - 2.422e+02 1 0)
s>                        ( - -1.605e+04 1 0))))
s>            ( QUESTION0 -1 -8.087e+03 1.885e+02 3.500e+01
s>                ( - -5.067e+03 2 0)
s>                ( - -2.832e+03 2 0 QUESTION11 -1 1.471e+02 1.300e+01))))INFO: dtree.c(1478): Final simple tree
|( QUESTION0_0_R 1 -1.664e+04 4.725e+02 7.458e+01
|    ( QUESTION0_6_R 1 -1.641e+04 4.723e+02 7.358e+01
|        ( - 2.419e+02 1 0)
|        ( WDBNDRY_B 0 -1.618e+04 4.604e+02 7.258e+01
|            ( QUESTION19 -1 -1.596e+04 4.607e+02 7.158e+01
|                ( - 2.411e+02 1 0)
|                ( QUESTION3 -1 -1.574e+04 2.607e+02 7.058e+01
|                    ( QUESTION4 -1 -1.068e+04 1.789e+02 4.955e+01
|                        ( QUESTION2_0_L -1 -1.022e+04 1.219e+02 4.755e+01
|                            ( - -3.999e+02 1 0)
|                            ( - -9.700e+03 3 0))
|                        ( - -2.778e+02 1 0))
|                    ( - -4.798e+03 5 0 QUESTION1 -1 1.201e+02 2.103e+01)))
|            ( - 2.424e+02 1 0)))
|    ( - 2.430e+02 1 0))
s>    ( QUESTION0_0_R 1 -1.664e+04 4.725e+02 7.458e+01
s>        ( QUESTION0_6_R 1 -1.641e+04 4.723e+02 7.358e+01
s>            ( - 2.419e+02 1 0)
s>            ( WDBNDRY_B 0 -1.618e+04 4.604e+02 7.258e+01
s>                ( QUESTION19 -1 -1.596e+04 4.607e+02 7.158e+01
s>                    ( - 2.411e+02 1 0)
s>                    ( QUESTION3 -1 -1.574e+04 2.607e+02 7.058e+01
s>                        ( QUESTION4 -1 -1.068e+04 1.789e+02 4.955e+01
s>                            ( QUESTION2_0_L -1 -1.022e+04 1.219e+02 4.755e+01
s>                                ( - -3.999e+02 1 0)
s>                                ( - -9.700e+03 3 0))
s>                            ( - -2.778e+02 1 0))
s>                        ( - -4.798e+03 5 0 QUESTION1 -1 1.201e+02 2.103e+01)))
s>                ( - 2.424e+02 1 0)))
s>        ( - 2.430e+02 1 0))INFO: dtree.c(1315): Comp split 3
INFO: dtree.c(1478): Final simple tree
|( QUESTION0_6_R 1 -1.641e+04 4.723e+02 7.358e+01
|    ( - 2.419e+02 1 0)
|    ( WDBNDRY_B 0 -1.618e+04 4.604e+02 7.258e+01
|        ( QUESTION19 -1 -1.596e+04 4.607e+02 7.158e+01
|            ( - 2.411e+02 1 0)
|            ( QUESTION3 -1 -1.574e+04 2.607e+02 7.058e+01
|                ( QUESTION4 -1 -1.068e+04 1.789e+02 4.955e+01
|                    ( QUESTION2_0_L -1 -1.022e+04 1.219e+02 4.755e+01
|                        ( - -3.999e+02 1 0)
|                        ( - -9.700e+03 3 0))
|                    ( - -2.778e+02 1 0))
|                ( QUESTION1 -1 -4.798e+03 1.201e+02 2.103e+01
|                    ( - -1.333e+03 1 0)
|                    ( - -3.345e+03 4 0 SILENCE -1 9.234e+01 1.503e+01))))
|        ( - 2.424e+02 1 0)))
s>    ( QUESTION0_6_R 1 -1.641e+04 4.723e+02 7.358e+01
s>        ( - 2.419e+02 1 0)
s>        ( WDBNDRY_B 0 -1.618e+04 4.604e+02 7.258e+01
s>            ( QUESTION19 -1 -1.596e+04 4.607e+02 7.158e+01
s>                ( - 2.411e+02 1 0)
s>                ( QUESTION3 -1 -1.574e+04 2.607e+02 7.058e+01
s>                    ( QUESTION4 -1 -1.068e+04 1.789e+02 4.955e+01
s>                        ( QUESTION2_0_L -1 -1.022e+04 1.219e+02 4.755e+01
s>                            ( - -3.999e+02 1 0)
s>                            ( - -9.700e+03 3 0))
s>                        ( - -2.778e+02 1 0))
s>                    ( QUESTION1 -1 -4.798e+03 1.201e+02 2.103e+01
s>                        ( - -1.333e+03 1 0)
s>                        ( - -3.345e+03 4 0 SILENCE -1 9.234e+01 1.503e+01))))
s>            ( - 2.424e+02 1 0)))INFO: dtree.c(1315): Comp split 4
INFO: dtree.c(1478): Final simple tree
|( WDBNDRY_B 0 -1.618e+04 4.604e+02 7.258e+01
|    ( QUESTION19 -1 -1.596e+04 4.607e+02 7.158e+01
|        ( - 2.411e+02 1 0)
|        ( QUESTION3 -1 -1.574e+04 2.607e+02 7.058e+01
|            ( QUESTION4 -1 -1.068e+04 1.789e+02 4.955e+01
|                ( QUESTION2_0_L -1 -1.022e+04 1.219e+02 4.755e+01
|                    ( - -3.999e+02 1 0)
|                    ( - -9.700e+03 3 0))
|                ( - -2.778e+02 1 0))
|            ( QUESTION1 -1 -4.798e+03 1.201e+02 2.103e+01
|                ( - -1.333e+03 1 0)
|                ( SILENCE -1 -3.345e+03 9.234e+01 1.503e+01
|                    ( - -8.596e+02 2 0 QUESTION0_12_R 1 4.674e+02 4.000e+00)
|                    ( - -2.393e+03 2 0 QUESTION0_12_R 1 1.025e+02 1.103e+01)))))
|    ( - 2.424e+02 1 0))
s>    ( WDBNDRY_B 0 -1.618e+04 4.604e+02 7.258e+01
s>        ( QUESTION19 -1 -1.596e+04 4.607e+02 7.158e+01
s>            ( - 2.411e+02 1 0)
s>            ( QUESTION3 -1 -1.574e+04 2.607e+02 7.058e+01
s>                ( QUESTION4 -1 -1.068e+04 1.789e+02 4.955e+01
s>                    ( QUESTION2_0_L -1 -1.022e+04 1.219e+02 4.755e+01
s>                        ( - -3.999e+02 1 0)
s>                        ( - -9.700e+03 3 0))
s>                    ( - -2.778e+02 1 0))
s>                ( QUESTION1 -1 -4.798e+03 1.201e+02 2.103e+01
s>                    ( - -1.333e+03 1 0)
s>                    ( SILENCE -1 -3.345e+03 9.234e+01 1.503e+01
s>                        ( - -8.596e+02 2 0 QUESTION0_12_R 1 4.674e+02 4.000e+00)
s>                        ( - -2.393e+03 2 0 QUESTION0_12_R 1 1.025e+02 1.103e+01)))))
s>        ( - 2.424e+02 1 0))INFO: dtree.c(1315): Comp split 5
INFO: dtree.c(1478): Final simple tree
|( SILENCE -1 -4.113e+04 4.577e+02 1.748e+02
|    ( - 2.196e+02 1 0)
|    ( QUESTION4 -1 -4.089e+04 3.661e+02 1.738e+02
|        ( QUESTION2_0_L -1 -3.244e+04 2.374e+02 1.388e+02
|            ( QUESTION4 1 -1.500e+04 2.293e+02 6.501e+01
|                ( - -1.180e+04 2 0 WDBNDRY_B 0 1.441e+02 5.100e+01)
|                ( - -2.970e+03 1 0))
|            ( WDBNDRY_E 0 -1.721e+04 2.312e+02 7.377e+01
|                ( - -9.230e+02 1 0)
|                ( - -1.605e+04 1 0)))
|        ( QUESTION0 -1 -8.087e+03 1.885e+02 3.500e+01
|            ( - -5.067e+03 2 0)
|            ( QUESTION11 -1 -2.832e+03 1.471e+02 1.300e+01
|                ( - -1.257e+03 1 0)
|                ( - -1.427e+03 1 0)))))
s>    ( SILENCE -1 -4.113e+04 4.577e+02 1.748e+02
s>        ( - 2.196e+02 1 0)
s>        ( QUESTION4 -1 -4.089e+04 3.661e+02 1.738e+02
s>            ( QUESTION2_0_L -1 -3.244e+04 2.374e+02 1.388e+02
s>                ( QUESTION4 1 -1.500e+04 2.293e+02 6.501e+01
s>                    ( - -1.180e+04 2 0 WDBNDRY_B 0 1.441e+02 5.100e+01)
s>                    ( - -2.970e+03 1 0))
s>                ( WDBNDRY_E 0 -1.721e+04 2.312e+02 7.377e+01
s>                    ( - -9.230e+02 1 0)
s>                    ( - -1.605e+04 1 0)))
s>            ( QUESTION0 -1 -8.087e+03 1.885e+02 3.500e+01
s>                ( - -5.067e+03 2 0)
s>                ( QUESTION11 -1 -2.832e+03 1.471e+02 1.300e+01
s>                    ( - -1.257e+03 1 0)
s>                    ( - -1.427e+03 1 0)))))INFO: dtree.c(1315): Comp split 6
INFO: dtree.c(1478): Final simple tree
|( QUESTION19 -1 -1.596e+04 4.607e+02 7.158e+01
|    ( - 2.411e+02 1 0)
|    ( QUESTION3 -1 -1.574e+04 2.607e+02 7.058e+01
|        ( QUESTION4 -1 -1.068e+04 1.789e+02 4.955e+01
|            ( QUESTION2_0_L -1 -1.022e+04 1.219e+02 4.755e+01
|                ( - -3.999e+02 1 0)
|                ( - -9.700e+03 3 0))
|            ( - -2.778e+02 1 0))
|        ( QUESTION1 -1 -4.798e+03 1.201e+02 2.103e+01
|            ( - -1.333e+03 1 0)
|            ( SILENCE -1 -3.345e+03 9.234e+01 1.503e+01
|                ( QUESTION0_12_R 1 -8.596e+02 4.674e+02 4.000e+00
|                    ( - -6.340e+02 1 0)
|                    ( - 2.419e+02 1 0))
|                ( - -2.393e+03 2 0 QUESTION0_12_R 1 1.025e+02 1.103e+01)))))
s>    ( QUESTION19 -1 -1.596e+04 4.607e+02 7.158e+01
s>        ( - 2.411e+02 1 0)
s>        ( QUESTION3 -1 -1.574e+04 2.607e+02 7.058e+01
s>            ( QUESTION4 -1 -1.068e+04 1.789e+02 4.955e+01
s>                ( QUESTION2_0_L -1 -1.022e+04 1.219e+02 4.755e+01
s>                    ( - -3.999e+02 1 0)
s>                    ( - -9.700e+03 3 0))
s>                ( - -2.778e+02 1 0))
s>            ( QUESTION1 -1 -4.798e+03 1.201e+02 2.103e+01
s>                ( - -1.333e+03 1 0)
s>                ( SILENCE -1 -3.345e+03 9.234e+01 1.503e+01
s>                    ( QUESTION0_12_R 1 -8.596e+02 4.674e+02 4.000e+00
s>                        ( - -6.340e+02 1 0)
s>                        ( - 2.419e+02 1 0))
s>                    ( - -2.393e+03 2 0 QUESTION0_12_R 1 1.025e+02 1.103e+01)))))INFO: dtree.c(1315): Comp split 7
INFO: dtree.c(1478): Final simple tree
|( QUESTION19 -1 -1.573e+04 4.606e+02 7.058e+01
|    ( - 2.411e+02 1 0)
|    ( QUESTION3 -1 -1.551e+04 2.554e+02 6.958e+01
|        ( QUESTION4 -1 -1.068e+04 1.789e+02 4.955e+01
|            ( QUESTION2_0_L -1 -1.022e+04 1.219e+02 4.755e+01
|                ( - -3.999e+02 1 0)
|                ( - -9.700e+03 3 0))
|            ( - -2.778e+02 1 0))
|        ( QUESTION1 -1 -4.571e+03 1.235e+02 2.003e+01
|            ( - -1.333e+03 1 0)
|            ( QUESTION0_12_R 1 -3.115e+03 9.626e+01 1.403e+01
|                ( SILENCE -1 -2.660e+03 9.395e+01 1.203e+01
|                    ( - -6.340e+02 1 0)
|                    ( - -1.932e+03 1 0))
|                ( - -3.581e+02 1 0)))))
s>    ( QUESTION19 -1 -1.573e+04 4.606e+02 7.058e+01
s>        ( - 2.411e+02 1 0)
s>        ( QUESTION3 -1 -1.551e+04 2.554e+02 6.958e+01
s>            ( QUESTION4 -1 -1.068e+04 1.789e+02 4.955e+01
s>                ( QUESTION2_0_L -1 -1.022e+04 1.219e+02 4.755e+01
s>                    ( - -3.999e+02 1 0)
s>                    ( - -9.700e+03 3 0))
s>                ( - -2.778e+02 1 0))
s>            ( QUESTION1 -1 -4.571e+03 1.235e+02 2.003e+01
s>                ( - -1.333e+03 1 0)
s>                ( QUESTION0_12_R 1 -3.115e+03 9.626e+01 1.403e+01
s>                    ( SILENCE -1 -2.660e+03 9.395e+01 1.203e+01
s>                        ( - -6.340e+02 1 0)
s>                        ( - -1.932e+03 1 0))
s>                    ( - -3.581e+02 1 0)))))INFO: dtree.c(1315): Comp split 8
INFO: dtree.c(1439): stop. leaf nodes are specific
INFO: dtree.c(1478): Final simple tree
|( QUESTION3 -1 -1.551e+04 2.554e+02 6.958e+01
|    ( QUESTION4 -1 -1.068e+04 1.789e+02 4.955e+01
|        ( QUESTION2_0_L -1 -1.022e+04 1.219e+02 4.755e+01
|            ( - -3.999e+02 1 0)
|            ( - -9.700e+03 3 0))
|        ( - -2.778e+02 1 0))
|    ( QUESTION1 -1 -4.571e+03 1.235e+02 2.003e+01
|        ( - -1.333e+03 1 0)
|        ( QUESTION0_12_R 1 -3.115e+03 9.626e+01 1.403e+01
|            ( SILENCE -1 -2.660e+03 9.395e+01 1.203e+01
|                ( - -6.340e+02 1 0)
|                ( - -1.932e+03 1 0))
|            ( - -3.581e+02 1 0))))
s>    ( QUESTION3 -1 -1.551e+04 2.554e+02 6.958e+01
s>        ( QUESTION4 -1 -1.068e+04 1.789e+02 4.955e+01
s>            ( QUESTION2_0_L -1 -1.022e+04 1.219e+02 4.755e+01
s>                ( - -3.999e+02 1 0)
s>                ( - -9.700e+03 3 0))
s>            ( - -2.778e+02 1 0))
s>        ( QUESTION1 -1 -4.571e+03 1.235e+02 2.003e+01
s>            ( - -1.333e+03 1 0)
s>            ( QUESTION0_12_R 1 -3.115e+03 9.626e+01 1.403e+01
s>                ( SILENCE -1 -2.660e+03 9.395e+01 1.203e+01
s>                    ( - -6.340e+02 1 0)
s>                    ( - -1.932e+03 1 0))
s>                ( - -3.581e+02 1 0))))INFO: dtree.c(1315): Comp split 9
INFO: dtree.c(1478): Final simple tree
|( QUESTION4 -1 -4.089e+04 3.661e+02 1.738e+02
|    ( QUESTION2_0_L -1 -3.244e+04 2.374e+02 1.388e+02
|        ( QUESTION4 1 -1.500e+04 2.293e+02 6.501e+01
|            ( WDBNDRY_B 0 -1.180e+04 1.441e+02 5.100e+01
|                ( - -1.055e+03 1 0)
|                ( - -1.060e+04 1 0))
|            ( - -2.970e+03 1 0))
|        ( WDBNDRY_E 0 -1.721e+04 2.312e+02 7.377e+01
|            ( - -9.230e+02 1 0)
|            ( - -1.605e+04 1 0)))
|    ( QUESTION0 -1 -8.087e+03 1.885e+02 3.500e+01
|        ( - -5.067e+03 2 0)
|        ( QUESTION11 -1 -2.832e+03 1.471e+02 1.300e+01
|            ( - -1.257e+03 1 0)
|            ( - -1.427e+03 1 0))))
s>    ( QUESTION4 -1 -4.089e+04 3.661e+02 1.738e+02
s>        ( QUESTION2_0_L -1 -3.244e+04 2.374e+02 1.388e+02
s>            ( QUESTION4 1 -1.500e+04 2.293e+02 6.501e+01
s>                ( WDBNDRY_B 0 -1.180e+04 1.441e+02 5.100e+01
s>                    ( - -1.055e+03 1 0)
s>                    ( - -1.060e+04 1 0))
s>                ( - -2.970e+03 1 0))
s>            ( WDBNDRY_E 0 -1.721e+04 2.312e+02 7.377e+01
s>                ( - -9.230e+02 1 0)
s>                ( - -1.605e+04 1 0)))
s>        ( QUESTION0 -1 -8.087e+03 1.885e+02 3.500e+01
s>            ( - -5.067e+03 2 0)
s>            ( QUESTION11 -1 -2.832e+03 1.471e+02 1.300e+01
s>                ( - -1.257e+03 1 0)
s>                ( - -1.427e+03 1 0))))INFO: dtree.c(1315): Comp split 10
INFO: dtree.c(1439): stop. leaf nodes are specific
INFO: dtree.c(1478): Final simple tree
|( QUESTION0 -1 -9.210e+03 2.106e+02 4.000e+01
|    ( - -5.067e+03 2 0)
|    ( WDBNDRY_B 0 -3.933e+03 1.781e+02 1.800e+01
|        ( QUESTION11 -1 -2.832e+03 1.471e+02 1.300e+01
|            ( - -1.257e+03 1 0)
|            ( - -1.427e+03 1 0))
|        ( - -9.230e+02 1 0)))
s>    ( QUESTION0 -1 -9.210e+03 2.106e+02 4.000e+01
s>        ( - -5.067e+03 2 0)
s>        ( WDBNDRY_B 0 -3.933e+03 1.781e+02 1.800e+01
s>            ( QUESTION11 -1 -2.832e+03 1.471e+02 1.300e+01
s>                ( - -1.257e+03 1 0)
s>                ( - -1.427e+03 1 0))
s>            ( - -9.230e+02 1 0)))INFO: dtree.c(1439): stop. leaf nodes are specific
INFO: dtree.c(1478): Final simple tree
|( QUESTION2_0_L -1 -3.130e+04 2.484e+02 1.338e+02
|    ( QUESTION4 1 -1.500e+04 2.293e+02 6.501e+01
|        ( WDBNDRY_B 0 -1.180e+04 1.441e+02 5.100e+01
|            ( - -1.055e+03 1 0)
|            ( - -1.060e+04 1 0))
|        ( - -2.970e+03 1 0))
|    ( - -1.605e+04 1 0))
s>    ( QUESTION2_0_L -1 -3.130e+04 2.484e+02 1.338e+02
s>        ( QUESTION4 1 -1.500e+04 2.293e+02 6.501e+01
s>            ( WDBNDRY_B 0 -1.180e+04 1.441e+02 5.100e+01
s>                ( - -1.055e+03 1 0)
s>                ( - -1.060e+04 1 0))
s>            ( - -2.970e+03 1 0))
s>        ( - -1.605e+04 1 0))INFO: dtree.c(1315): Comp split 11
INFO: dtree.c(1439): stop. leaf nodes are specific
INFO: dtree.c(1478): Final simple tree
|( QUESTION4 1 -2.042e+04 2.061e+02 8.777e+01
|    ( WDBNDRY_B 0 -1.724e+04 1.301e+02 7.377e+01
|        ( - -1.055e+03 1 0)
|        ( - -1.605e+04 1 0))
|    ( - -2.970e+03 1 0))
s>    ( QUESTION4 1 -2.042e+04 2.061e+02 8.777e+01
s>        ( WDBNDRY_B 0 -1.724e+04 1.301e+02 7.377e+01
s>            ( - -1.055e+03 1 0)
s>            ( - -1.605e+04 1 0))
s>        ( - -2.970e+03 1 0))INFO: dtree.c(1315): Comp split 12
INFO: dtree.c(1439): stop. leaf nodes are specific
INFO: dtree.c(1478): Final simple tree
|( QUESTION5 -1 -1.112e+04 1.774e+02 5.155e+01
|    ( - -2.778e+02 1 0)
|    ( QUESTION2_2_L -1 -1.067e+04 1.199e+02 4.955e+01
|        ( - -3.999e+02 1 0)
|        ( QUESTION0_12_R 1 -1.015e+04 8.821e+01 4.755e+01
|            ( - -9.700e+03 3 0)
|            ( - -3.581e+02 1 0))))
s>    ( QUESTION5 -1 -1.112e+04 1.774e+02 5.155e+01
s>        ( - -2.778e+02 1 0)
s>        ( QUESTION2_2_L -1 -1.067e+04 1.199e+02 4.955e+01
s>            ( - -3.999e+02 1 0)
s>            ( QUESTION0_12_R 1 -1.015e+04 8.821e+01 4.755e+01
s>                ( - -9.700e+03 3 0)
s>                ( - -3.581e+02 1 0))))INFO: dtree.c(1439): stop. leaf nodes are specific
INFO: dtree.c(1478): Final simple tree
|( QUESTION1 -1 -4.110e+03 1.165e+02 1.803e+01
|    ( - -1.333e+03 1 0)
|    ( SILENCE -1 -2.660e+03 9.395e+01 1.203e+01
|        ( - -6.340e+02 1 0)
|        ( - -1.932e+03 1 0)))
s>    ( QUESTION1 -1 -4.110e+03 1.165e+02 1.803e+01
s>        ( - -1.333e+03 1 0)
s>        ( SILENCE -1 -2.660e+03 9.395e+01 1.203e+01
s>            ( - -6.340e+02 1 0)
s>            ( - -1.932e+03 1 0)))INFO: dtree.c(1315): Comp split 13
INFO: dtree.c(1439): stop. leaf nodes are specific
INFO: dtree.c(1478): Final simple tree
|( WDBNDRY_B 0 -3.933e+03 1.781e+02 1.800e+01
|    ( QUESTION11 -1 -2.832e+03 1.471e+02 1.300e+01
|        ( - -1.257e+03 1 0)
|        ( - -1.427e+03 1 0))
|    ( - -9.230e+02 1 0))
s>    ( WDBNDRY_B 0 -3.933e+03 1.781e+02 1.800e+01
s>        ( QUESTION11 -1 -2.832e+03 1.471e+02 1.300e+01
s>            ( - -1.257e+03 1 0)
s>            ( - -1.427e+03 1 0))
s>        ( - -9.230e+02 1 0))INFO: dtree.c(1315): Comp split 14
INFO: dtree.c(1439): stop. leaf nodes are specific
INFO: dtree.c(1478): Final simple tree
|( WDBNDRY_B 0 -1.724e+04 1.301e+02 7.377e+01
|    ( - -1.055e+03 1 0)
|    ( - -1.605e+04 1 0))
s>    ( WDBNDRY_B 0 -1.724e+04 1.301e+02 7.377e+01
s>        ( - -1.055e+03 1 0)
s>        ( - -1.605e+04 1 0))INFO: dtree.c(1315): Comp split 15
INFO: dtree.c(1315): Comp split 16
INFO: dtree.c(1439): stop. leaf nodes are specific
INFO: dtree.c(1478): Final simple tree
|( QUESTION11 -1 -2.832e+03 1.471e+02 1.300e+01
|    ( - -1.257e+03 1 0)
|    ( - -1.427e+03 1 0))
s>    ( QUESTION11 -1 -2.832e+03 1.471e+02 1.300e+01
s>        ( - -1.257e+03 1 0)
s>        ( - -1.427e+03 1 0))INFO: dtree.c(1315): Comp split 17
INFO: dtree.c(1439): stop. leaf nodes are specific
INFO: dtree.c(1478): Final simple tree
|( QUESTION2_2_L -1 -1.067e+04 1.199e+02 4.955e+01
|    ( - -3.999e+02 1 0)
|    ( QUESTION0_12_R 1 -1.015e+04 8.821e+01 4.755e+01
|        ( - -9.700e+03 3 0)
|        ( - -3.581e+02 1 0)))
s>    ( QUESTION2_2_L -1 -1.067e+04 1.199e+02 4.955e+01
s>        ( - -3.999e+02 1 0)
s>        ( QUESTION0_12_R 1 -1.015e+04 8.821e+01 4.755e+01
s>            ( - -9.700e+03 3 0)
s>            ( - -3.581e+02 1 0)))INFO: dtree.c(1315): Comp split 18
INFO: dtree.c(1315): Comp split 19
INFO: dtree.c(1315): Comp split 20
INFO: dtree.c(1439): stop. leaf nodes are specific
INFO: dtree.c(1478): Final simple tree
|( QUESTION0_12_R 1 -1.015e+04 8.821e+01 4.755e+01
|    ( - -9.700e+03 3 0)
|    ( - -3.581e+02 1 0))
s>    ( QUESTION0_12_R 1 -1.015e+04 8.821e+01 4.755e+01
s>        ( - -9.700e+03 3 0)
s>        ( - -3.581e+02 1 0))INFO: dtree.c(1315): Comp split 21
INFO: dtree.c(1439): stop. leaf nodes are specific
INFO: dtree.c(1478): Final simple tree
|( SILENCE -1 -2.660e+03 9.395e+01 1.203e+01
|    ( - -6.340e+02 1 0)
|    ( - -1.932e+03 1 0))
s>    ( SILENCE -1 -2.660e+03 9.395e+01 1.203e+01
s>        ( - -6.340e+02 1 0)
s>        ( - -1.932e+03 1 0))INFO: dtree.c(1315): Comp split 22
INFO: dtree.c(1315): Comp split 23
INFO: dtree.c(1315): Comp split 24
INFO: dtree.c(1318): stop. leaf nodes are specific
Mon Jan 30 07:35:46 2017
