Current configuration:
[NAME]		[DEFLT]	[VALUE]
-allphones	no	no
-cntthresh	0.00001	1.000000e-05
-csplitmax	100	2000
-csplitmin	1	1
-csplitthr	8e-4	0.000000e+00
-example	no	no
-fullvar	no	no
-help		no	no
-meanfn			/Users/benroye/forge/cmusphinx/voiceVim/model_parameters/voiceVim.cd_cont_untied/means
-mixwfn			/Users/benroye/forge/cmusphinx/voiceVim/model_parameters/voiceVim.cd_cont_untied/mixture_weights
-moddeffn		/Users/benroye/forge/cmusphinx/voiceVim/model_architecture/voiceVim.untied.mdef
-mwfloor	1e-4	1.000000e-08
-phone			hh
-psetfn			/Users/benroye/forge/cmusphinx/voiceVim/model_architecture/voiceVim.tree_questions
-ssplitmax	5	7
-ssplitmin	1	1
-ssplitthr	8e-4	0.000000e+00
-state			1
-stwt			1.0,0.05,0.0,
-treefn			/Users/benroye/forge/cmusphinx/voiceVim/trees/voiceVim.unpruned/hh-1.dtree
-ts2cbfn	.semi.	.cont.
-varfloor	0.00001	1.000000e-05
-varfn			/Users/benroye/forge/cmusphinx/voiceVim/model_parameters/voiceVim.cd_cont_untied/variances

INFO: main.c(223): Reading: /Users/benroye/forge/cmusphinx/voiceVim/model_architecture/voiceVim.untied.mdef
INFO: model_def_io.c(573): Model definition info:
INFO: model_def_io.c(574): 2249 total models defined (39 base, 2210 tri)
INFO: model_def_io.c(575): 8996 total states
INFO: model_def_io.c(576): 6747 total tied states
INFO: model_def_io.c(577): 117 total tied CI states
INFO: model_def_io.c(578): 39 total tied transition matrices
INFO: model_def_io.c(579): 4 max state/model
INFO: model_def_io.c(580): 4 min state/model
INFO: main.c(242): Building trees for [hh SIL ii b] through [hh uu uh b]
INFO: main.c(269): Covering states |[1707 1760]| == 54
INFO: main.c(275): Reading: /Users/benroye/forge/cmusphinx/voiceVim/model_parameters/voiceVim.cd_cont_untied/mixture_weights
INFO: s3mixw_io.c(173): Read /Users/benroye/forge/cmusphinx/voiceVim/model_parameters/voiceVim.cd_cont_untied/mixture_weights [54x1x1 array]
INFO: main.c(311): 18 of 18 models have observation count greater than 0.000010
INFO: main.c(95): nrm stwt: 0.045 0.909 0.045 
INFO: s3gau_io.c(169): Read /Users/benroye/forge/cmusphinx/voiceVim/model_parameters/voiceVim.cd_cont_untied/means [6747x1x1 array]
INFO: s3gau_io.c(169): Read /Users/benroye/forge/cmusphinx/voiceVim/model_parameters/voiceVim.cd_cont_untied/variances [6747x1x1 array]
INFO: main.c(549): Reading: /Users/benroye/forge/cmusphinx/voiceVim/model_architecture/voiceVim.tree_questions
INFO: main.c(588): 174 total simple questions (166 phone; 8 word bndry)
INFO: main.c(590): 40 Left Only questions, and 42 Right Only questions
INFO: dtree.c(1478): Final simple tree
|( QUESTION2_1_L -1 -6.800e+04 9.023e+02 2.939e+02
|    ( QUESTION6 -1 -3.315e+04 2.625e+02 1.440e+02
|        ( - -1.154e+03 1 0)
|        ( QUESTION19 -1 -3.173e+04 1.131e+02 1.380e+02
|            ( - -6.064e+03 1 0)
|            ( QUESTION0 -1 -2.555e+04 1.328e+02 1.110e+02
|                ( - -1.294e+04 5 0 QUESTION1 -1 9.065e+01 5.500e+01)
|                ( - -1.248e+04 2 0))))
|    ( QUESTION2_0_L -1 -3.395e+04 3.971e+02 1.499e+02
|        ( - -1.025e+04 1 0)
|        ( SILENCE -1 -2.330e+04 2.320e+02 1.042e+02
|            ( - -3.067e+03 3 0)
|            ( QUESTION4 -1 -2.000e+04 9.177e+01 9.018e+01
|                ( - -1.871e+04 4 0)
|                ( - -1.204e+03 1 0)))))
s>    ( QUESTION2_1_L -1 -6.800e+04 9.023e+02 2.939e+02
s>        ( QUESTION6 -1 -3.315e+04 2.625e+02 1.440e+02
s>            ( - -1.154e+03 1 0)
s>            ( QUESTION19 -1 -3.173e+04 1.131e+02 1.380e+02
s>                ( - -6.064e+03 1 0)
s>                ( QUESTION0 -1 -2.555e+04 1.328e+02 1.110e+02
s>                    ( - -1.294e+04 5 0 QUESTION1 -1 9.065e+01 5.500e+01)
s>                    ( - -1.248e+04 2 0))))
s>        ( QUESTION2_0_L -1 -3.395e+04 3.971e+02 1.499e+02
s>            ( - -1.025e+04 1 0)
s>            ( SILENCE -1 -2.330e+04 2.320e+02 1.042e+02
s>                ( - -3.067e+03 3 0)
s>                ( QUESTION4 -1 -2.000e+04 9.177e+01 9.018e+01
s>                    ( - -1.871e+04 4 0)
s>                    ( - -1.204e+03 1 0)))))INFO: dtree.c(1315): Comp split 0
INFO: dtree.c(1439): stop. leaf nodes are specific
INFO: dtree.c(1478): Final simple tree
|( SILENCE -1 -3.501e+04 2.078e+02 1.520e+02
|    ( - -3.067e+03 3 0)
|    ( QUESTION19 -1 -3.173e+04 1.131e+02 1.380e+02
|        ( - -6.064e+03 1 0)
|        ( QUESTION0 -1 -2.555e+04 1.328e+02 1.110e+02
|            ( QUESTION1 -1 -1.294e+04 9.065e+01 5.500e+01
|                ( - -5.477e+03 1 0)
|                ( - -7.373e+03 4 0))
|            ( - -1.248e+04 2 0))))
s>    ( SILENCE -1 -3.501e+04 2.078e+02 1.520e+02
s>        ( - -3.067e+03 3 0)
s>        ( QUESTION19 -1 -3.173e+04 1.131e+02 1.380e+02
s>            ( - -6.064e+03 1 0)
s>            ( QUESTION0 -1 -2.555e+04 1.328e+02 1.110e+02
s>                ( QUESTION1 -1 -1.294e+04 9.065e+01 5.500e+01
s>                    ( - -5.477e+03 1 0)
s>                    ( - -7.373e+03 4 0))
s>                ( - -1.248e+04 2 0))))INFO: dtree.c(1439): stop. leaf nodes are specific
INFO: dtree.c(1478): Final simple tree
|( QUESTION2_2_L -1 -3.205e+04 4.027e+02 1.419e+02
|    ( - -1.025e+04 1 0)
|    ( QUESTION6 -1 -2.140e+04 2.371e+02 9.618e+01
|        ( - -1.154e+03 1 0)
|        ( QUESTION4 -1 -2.000e+04 9.177e+01 9.018e+01
|            ( - -1.871e+04 4 0)
|            ( - -1.204e+03 1 0))))
s>    ( QUESTION2_2_L -1 -3.205e+04 4.027e+02 1.419e+02
s>        ( - -1.025e+04 1 0)
s>        ( QUESTION6 -1 -2.140e+04 2.371e+02 9.618e+01
s>            ( - -1.154e+03 1 0)
s>            ( QUESTION4 -1 -2.000e+04 9.177e+01 9.018e+01
s>                ( - -1.871e+04 4 0)
s>                ( - -1.204e+03 1 0))))INFO: dtree.c(1315): Comp split 1
INFO: dtree.c(1439): stop. leaf nodes are specific
INFO: dtree.c(1478): Final simple tree
|( QUESTION6 -1 -2.140e+04 2.371e+02 9.618e+01
|    ( - -1.154e+03 1 0)
|    ( QUESTION4 -1 -2.000e+04 9.177e+01 9.018e+01
|        ( - -1.871e+04 4 0)
|        ( - -1.204e+03 1 0)))
s>    ( QUESTION6 -1 -2.140e+04 2.371e+02 9.618e+01
s>        ( - -1.154e+03 1 0)
s>        ( QUESTION4 -1 -2.000e+04 9.177e+01 9.018e+01
s>            ( - -1.871e+04 4 0)
s>            ( - -1.204e+03 1 0)))INFO: dtree.c(1315): Comp split 2
INFO: dtree.c(1439): stop. leaf nodes are specific
INFO: dtree.c(1478): Final simple tree
|( QUESTION4 -1 -2.000e+04 9.177e+01 9.018e+01
|    ( - -1.871e+04 4 0)
|    ( - -1.204e+03 1 0))
s>    ( QUESTION4 -1 -2.000e+04 9.177e+01 9.018e+01
s>        ( - -1.871e+04 4 0)
s>        ( - -1.204e+03 1 0))INFO: dtree.c(1315): Comp split 3
INFO: dtree.c(1439): stop. leaf nodes are specific
INFO: dtree.c(1478): Final simple tree
|( QUESTION19 -1 -3.173e+04 1.131e+02 1.380e+02
|    ( - -6.064e+03 1 0)
|    ( QUESTION0 -1 -2.555e+04 1.328e+02 1.110e+02
|        ( QUESTION1 -1 -1.294e+04 9.065e+01 5.500e+01
|            ( - -5.477e+03 1 0)
|            ( - -7.373e+03 4 0))
|        ( - -1.248e+04 2 0)))
s>    ( QUESTION19 -1 -3.173e+04 1.131e+02 1.380e+02
s>        ( - -6.064e+03 1 0)
s>        ( QUESTION0 -1 -2.555e+04 1.328e+02 1.110e+02
s>            ( QUESTION1 -1 -1.294e+04 9.065e+01 5.500e+01
s>                ( - -5.477e+03 1 0)
s>                ( - -7.373e+03 4 0))
s>            ( - -1.248e+04 2 0)))INFO: dtree.c(1315): Comp split 4
INFO: dtree.c(1439): stop. leaf nodes are specific
INFO: dtree.c(1478): Final simple tree
|( QUESTION1 -1 -1.909e+04 8.732e+01 8.201e+01
|    ( - -5.477e+03 1 0)
|    ( QUESTION0 -1 -1.352e+04 8.664e+01 5.801e+01
|        ( - -7.373e+03 4 0)
|        ( - -6.064e+03 1 0)))
s>    ( QUESTION1 -1 -1.909e+04 8.732e+01 8.201e+01
s>        ( - -5.477e+03 1 0)
s>        ( QUESTION0 -1 -1.352e+04 8.664e+01 5.801e+01
s>            ( - -7.373e+03 4 0)
s>            ( - -6.064e+03 1 0)))INFO: dtree.c(1315): Comp split 5
INFO: dtree.c(1315): Comp split 6
INFO: dtree.c(1439): stop. leaf nodes are specific
INFO: dtree.c(1478): Final simple tree
|( QUESTION0 -1 -1.352e+04 8.664e+01 5.801e+01
|    ( - -7.373e+03 4 0)
|    ( - -6.064e+03 1 0))
s>    ( QUESTION0 -1 -1.352e+04 8.664e+01 5.801e+01
s>        ( - -7.373e+03 4 0)
s>        ( - -6.064e+03 1 0))INFO: dtree.c(1315): Comp split 7
INFO: dtree.c(1315): Comp split 8
INFO: dtree.c(1318): stop. leaf nodes are specific
Mon Jan 30 07:35:46 2017
