Current configuration:
[NAME]		[DEFLT]	[VALUE]
-allphones	no	no
-cntthresh	0.00001	1.000000e-05
-csplitmax	100	2000
-csplitmin	1	1
-csplitthr	8e-4	0.000000e+00
-example	no	no
-fullvar	no	no
-help		no	no
-meanfn			/Users/benroye/forge/cmusphinx/voiceVim/model_parameters/voiceVim.cd_cont_untied/means
-mixwfn			/Users/benroye/forge/cmusphinx/voiceVim/model_parameters/voiceVim.cd_cont_untied/mixture_weights
-moddeffn		/Users/benroye/forge/cmusphinx/voiceVim/model_architecture/voiceVim.untied.mdef
-mwfloor	1e-4	1.000000e-08
-phone			g
-psetfn			/Users/benroye/forge/cmusphinx/voiceVim/model_architecture/voiceVim.tree_questions
-ssplitmax	5	7
-ssplitmin	1	1
-ssplitthr	8e-4	0.000000e+00
-state			2
-stwt			1.0,0.05,0.0,
-treefn			/Users/benroye/forge/cmusphinx/voiceVim/trees/voiceVim.unpruned/g-2.dtree
-ts2cbfn	.semi.	.cont.
-varfloor	0.00001	1.000000e-05
-varfn			/Users/benroye/forge/cmusphinx/voiceVim/model_parameters/voiceVim.cd_cont_untied/variances

INFO: main.c(223): Reading: /Users/benroye/forge/cmusphinx/voiceVim/model_architecture/voiceVim.untied.mdef
INFO: model_def_io.c(573): Model definition info:
INFO: model_def_io.c(574): 2249 total models defined (39 base, 2210 tri)
INFO: model_def_io.c(575): 8996 total states
INFO: model_def_io.c(576): 6747 total tied states
INFO: model_def_io.c(577): 117 total tied CI states
INFO: model_def_io.c(578): 39 total tied transition matrices
INFO: model_def_io.c(579): 4 max state/model
INFO: model_def_io.c(580): 4 min state/model
INFO: main.c(242): Building trees for [g SIL oa b] through [g x oh b]
INFO: main.c(269): Covering states |[1623 1706]| == 84
INFO: main.c(275): Reading: /Users/benroye/forge/cmusphinx/voiceVim/model_parameters/voiceVim.cd_cont_untied/mixture_weights
INFO: s3mixw_io.c(173): Read /Users/benroye/forge/cmusphinx/voiceVim/model_parameters/voiceVim.cd_cont_untied/mixture_weights [84x1x1 array]
INFO: main.c(311): 28 of 28 models have observation count greater than 0.000010
INFO: main.c(95): nrm stwt: 0.000 0.048 0.952 
INFO: s3gau_io.c(169): Read /Users/benroye/forge/cmusphinx/voiceVim/model_parameters/voiceVim.cd_cont_untied/means [6747x1x1 array]
INFO: s3gau_io.c(169): Read /Users/benroye/forge/cmusphinx/voiceVim/model_parameters/voiceVim.cd_cont_untied/variances [6747x1x1 array]
INFO: main.c(549): Reading: /Users/benroye/forge/cmusphinx/voiceVim/model_architecture/voiceVim.tree_questions
INFO: main.c(588): 174 total simple questions (166 phone; 8 word bndry)
INFO: main.c(590): 40 Left Only questions, and 42 Right Only questions
INFO: dtree.c(1478): Final simple tree
|( QUESTION0_20_R 1 -1.732e+05 6.058e+03 8.288e+02
|    ( WDBNDRY_B 0 -1.210e+05 7.128e+02 6.261e+02
|        ( QUESTION6 -1 -8.761e+03 5.483e+02 4.358e+01
|            ( - 2.414e+02 1 0)
|            ( - -8.454e+03 6 0 QUESTION4 -1 1.983e+02 4.258e+01))
|        ( - -1.116e+05 1 0))
|    ( WDBNDRY_B 0 -4.608e+04 1.809e+03 2.027e+02
|        ( QUESTION19 -1 -1.706e+04 4.818e+02 7.468e+01
|            ( - 2.420e+02 1 0)
|            ( - -1.682e+04 10 0 QUESTION5 -1 4.859e+02 7.368e+01))
|        ( QUESTION0_8_R 1 -2.721e+04 9.869e+02 1.281e+02
|            ( WDBNDRY_E 0 -1.401e+04 5.266e+02 6.810e+01
|                ( - 2.419e+02 1 0)
|                ( - -1.373e+04 3 0 QUESTION2_0_L -1 3.638e+02 6.710e+01))
|            ( - -1.222e+04 5 0 SILENCE 1 4.657e+02 5.997e+01))))
s>    ( QUESTION0_20_R 1 -1.732e+05 6.058e+03 8.288e+02
s>        ( WDBNDRY_B 0 -1.210e+05 7.128e+02 6.261e+02
s>            ( QUESTION6 -1 -8.761e+03 5.483e+02 4.358e+01
s>                ( - 2.414e+02 1 0)
s>                ( - -8.454e+03 6 0 QUESTION4 -1 1.983e+02 4.258e+01))
s>            ( - -1.116e+05 1 0))
s>        ( WDBNDRY_B 0 -4.608e+04 1.809e+03 2.027e+02
s>            ( QUESTION19 -1 -1.706e+04 4.818e+02 7.468e+01
s>                ( - 2.420e+02 1 0)
s>                ( - -1.682e+04 10 0 QUESTION5 -1 4.859e+02 7.368e+01))
s>            ( QUESTION0_8_R 1 -2.721e+04 9.869e+02 1.281e+02
s>                ( WDBNDRY_E 0 -1.401e+04 5.266e+02 6.810e+01
s>                    ( - 2.419e+02 1 0)
s>                    ( - -1.373e+04 3 0 QUESTION2_0_L -1 3.638e+02 6.710e+01))
s>                ( - -1.222e+04 5 0 SILENCE 1 4.657e+02 5.997e+01))))INFO: dtree.c(1315): Comp split 0
INFO: dtree.c(1478): Final simple tree
|( WDBNDRY_B 0 -4.631e+04 1.796e+03 2.037e+02
|    ( QUESTION19 -1 -1.730e+04 4.808e+02 7.568e+01
|        ( - 2.420e+02 1 0)
|        ( QUESTION10 -1 -1.706e+04 4.861e+02 7.468e+01
|            ( - 2.432e+02 1 0)
|            ( QUESTION0_0_R 1 -1.681e+04 4.795e+02 7.368e+01
|                ( - -1.658e+04 9 0 QUESTION1 -1 2.669e+02 7.268e+01)
|                ( - 2.414e+02 1 0))))
|    ( QUESTION0_8_R 1 -2.721e+04 9.869e+02 1.281e+02
|        ( WDBNDRY_E 0 -1.401e+04 5.266e+02 6.810e+01
|            ( - 2.419e+02 1 0)
|            ( - -1.373e+04 3 0 QUESTION2_0_L -1 3.638e+02 6.710e+01))
|        ( SILENCE 1 -1.222e+04 4.657e+02 5.997e+01
|            ( - 1.859e+02 1 0)
|            ( - -1.194e+04 4 0 QUESTION6 1 4.620e+02 5.897e+01))))
s>    ( WDBNDRY_B 0 -4.631e+04 1.796e+03 2.037e+02
s>        ( QUESTION19 -1 -1.730e+04 4.808e+02 7.568e+01
s>            ( - 2.420e+02 1 0)
s>            ( QUESTION10 -1 -1.706e+04 4.861e+02 7.468e+01
s>                ( - 2.432e+02 1 0)
s>                ( QUESTION0_0_R 1 -1.681e+04 4.795e+02 7.368e+01
s>                    ( - -1.658e+04 9 0 QUESTION1 -1 2.669e+02 7.268e+01)
s>                    ( - 2.414e+02 1 0))))
s>        ( QUESTION0_8_R 1 -2.721e+04 9.869e+02 1.281e+02
s>            ( WDBNDRY_E 0 -1.401e+04 5.266e+02 6.810e+01
s>                ( - 2.419e+02 1 0)
s>                ( - -1.373e+04 3 0 QUESTION2_0_L -1 3.638e+02 6.710e+01))
s>            ( SILENCE 1 -1.222e+04 4.657e+02 5.997e+01
s>                ( - 1.859e+02 1 0)
s>                ( - -1.194e+04 4 0 QUESTION6 1 4.620e+02 5.897e+01))))INFO: dtree.c(1439): stop. leaf nodes are specific
INFO: dtree.c(1478): Final simple tree
|( WDBNDRY_B 0 -1.208e+05 7.419e+02 6.251e+02
|    ( QUESTION4 -1 -8.454e+03 1.983e+02 4.258e+01
|        ( - -8.592e+02 1 0)
|        ( QUESTION11 -1 -7.396e+03 1.630e+02 3.758e+01
|            ( - -2.426e+02 1 0)
|            ( SILENCE -1 -6.991e+03 1.459e+02 3.558e+01
|                ( - -4.292e+02 1 0)
|                ( QUESTION0 -1 -6.416e+03 1.227e+02 3.258e+01
|                    ( - -3.676e+03 2 0)
|                    ( - -2.617e+03 1 0)))))
|    ( - -1.116e+05 1 0))
s>    ( WDBNDRY_B 0 -1.208e+05 7.419e+02 6.251e+02
s>        ( QUESTION4 -1 -8.454e+03 1.983e+02 4.258e+01
s>            ( - -8.592e+02 1 0)
s>            ( QUESTION11 -1 -7.396e+03 1.630e+02 3.758e+01
s>                ( - -2.426e+02 1 0)
s>                ( SILENCE -1 -6.991e+03 1.459e+02 3.558e+01
s>                    ( - -4.292e+02 1 0)
s>                    ( QUESTION0 -1 -6.416e+03 1.227e+02 3.258e+01
s>                        ( - -3.676e+03 2 0)
s>                        ( - -2.617e+03 1 0)))))
s>        ( - -1.116e+05 1 0))INFO: dtree.c(1315): Comp split 1
INFO: dtree.c(1478): Final simple tree
|( QUESTION5 -1 -1.682e+04 4.859e+02 7.368e+01
|    ( - 2.432e+02 1 0)
|    ( QUESTION1 -1 -1.658e+04 2.669e+02 7.268e+01
|        ( - -1.189e+03 1 0)
|        ( QUESTION2_19_L -1 -1.512e+04 1.881e+02 6.668e+01
|            ( - -1.054e+04 3 0)
|            ( QUESTION3 -1 -4.389e+03 1.392e+02 1.857e+01
|                ( - -3.786e+02 1 0)
|                ( QUESTION0_12_R 1 -3.871e+03 1.380e+02 1.657e+01
|                    ( SILENCE -1 -2.936e+03 1.159e+02 1.257e+01
|                        ( - -3.734e+02 1 0)
|                        ( - -2.447e+03 1 0))
|                    ( SILENCE -1 -7.964e+02 4.950e+02 4.000e+00
|                        ( - 2.427e+02 1 0)
|                        ( - -5.440e+02 1 0)))))))
s>    ( QUESTION5 -1 -1.682e+04 4.859e+02 7.368e+01
s>        ( - 2.432e+02 1 0)
s>        ( QUESTION1 -1 -1.658e+04 2.669e+02 7.268e+01
s>            ( - -1.189e+03 1 0)
s>            ( QUESTION2_19_L -1 -1.512e+04 1.881e+02 6.668e+01
s>                ( - -1.054e+04 3 0)
s>                ( QUESTION3 -1 -4.389e+03 1.392e+02 1.857e+01
s>                    ( - -3.786e+02 1 0)
s>                    ( QUESTION0_12_R 1 -3.871e+03 1.380e+02 1.657e+01
s>                        ( SILENCE -1 -2.936e+03 1.159e+02 1.257e+01
s>                            ( - -3.734e+02 1 0)
s>                            ( - -2.447e+03 1 0))
s>                        ( SILENCE -1 -7.964e+02 4.950e+02 4.000e+00
s>                            ( - 2.427e+02 1 0)
s>                            ( - -5.440e+02 1 0)))))))INFO: dtree.c(1478): Final simple tree
|( QUESTION0_8_R 1 -2.766e+04 9.778e+02 1.301e+02
|    ( WDBNDRY_E 0 -1.401e+04 5.266e+02 6.810e+01
|        ( - 2.419e+02 1 0)
|        ( - -1.373e+04 3 0 QUESTION2_0_L -1 3.638e+02 6.710e+01))
|    ( QUESTION0_14_R 1 -1.267e+04 4.737e+02 6.197e+01
|        ( - 2.420e+02 1 0)
|        ( WDBNDRY_B 0 -1.244e+04 4.691e+02 6.097e+01
|            ( - 2.414e+02 1 0)
|            ( SILENCE 1 -1.222e+04 4.657e+02 5.997e+01
|                ( - 1.859e+02 1 0)
|                ( QUESTION6 1 -1.194e+04 4.620e+02 5.897e+01
|                    ( - 2.425e+02 1 0)
|                    ( WDBNDRY_E 0 -1.172e+04 4.560e+02 5.797e+01
|                        ( - 2.412e+02 1 0)
|                        ( - -1.150e+04 2 0 QUESTION0_1_R 1 4.236e+02 5.697e+01)))))))
s>    ( QUESTION0_8_R 1 -2.766e+04 9.778e+02 1.301e+02
s>        ( WDBNDRY_E 0 -1.401e+04 5.266e+02 6.810e+01
s>            ( - 2.419e+02 1 0)
s>            ( - -1.373e+04 3 0 QUESTION2_0_L -1 3.638e+02 6.710e+01))
s>        ( QUESTION0_14_R 1 -1.267e+04 4.737e+02 6.197e+01
s>            ( - 2.420e+02 1 0)
s>            ( WDBNDRY_B 0 -1.244e+04 4.691e+02 6.097e+01
s>                ( - 2.414e+02 1 0)
s>                ( SILENCE 1 -1.222e+04 4.657e+02 5.997e+01
s>                    ( - 1.859e+02 1 0)
s>                    ( QUESTION6 1 -1.194e+04 4.620e+02 5.897e+01
s>                        ( - 2.425e+02 1 0)
s>                        ( WDBNDRY_E 0 -1.172e+04 4.560e+02 5.797e+01
s>                            ( - 2.412e+02 1 0)
s>                            ( - -1.150e+04 2 0 QUESTION0_1_R 1 4.236e+02 5.697e+01)))))))INFO: dtree.c(1315): Comp split 2
INFO: dtree.c(1439): stop. leaf nodes are specific
INFO: dtree.c(1478): Final simple tree
|( QUESTION2_0_L -1 -1.373e+04 3.638e+02 6.710e+01
|    ( QUESTION4 1 -9.388e+03 2.582e+02 4.609e+01
|        ( - -6.632e+03 1 0)
|        ( - -2.498e+03 1 0))
|    ( - -3.976e+03 1 0))
s>    ( QUESTION2_0_L -1 -1.373e+04 3.638e+02 6.710e+01
s>        ( QUESTION4 1 -9.388e+03 2.582e+02 4.609e+01
s>            ( - -6.632e+03 1 0)
s>            ( - -2.498e+03 1 0))
s>        ( - -3.976e+03 1 0))INFO: dtree.c(1478): Final simple tree
|( QUESTION0_8_R 1 -1.291e+04 4.800e+02 6.297e+01
|    ( - 2.419e+02 1 0)
|    ( QUESTION0_14_R 1 -1.267e+04 4.737e+02 6.197e+01
|        ( - 2.420e+02 1 0)
|        ( WDBNDRY_B 0 -1.244e+04 4.691e+02 6.097e+01
|            ( - 2.414e+02 1 0)
|            ( SILENCE 1 -1.222e+04 4.657e+02 5.997e+01
|                ( - 1.859e+02 1 0)
|                ( QUESTION6 1 -1.194e+04 4.620e+02 5.897e+01
|                    ( - 2.425e+02 1 0)
|                    ( WDBNDRY_E 0 -1.172e+04 4.560e+02 5.797e+01
|                        ( - 2.412e+02 1 0)
|                        ( QUESTION0_1_R 1 -1.150e+04 4.236e+02 5.697e+01
|                            ( - -7.697e+03 1 0)
|                            ( - -3.381e+03 1 0))))))))
s>    ( QUESTION0_8_R 1 -1.291e+04 4.800e+02 6.297e+01
s>        ( - 2.419e+02 1 0)
s>        ( QUESTION0_14_R 1 -1.267e+04 4.737e+02 6.197e+01
s>            ( - 2.420e+02 1 0)
s>            ( WDBNDRY_B 0 -1.244e+04 4.691e+02 6.097e+01
s>                ( - 2.414e+02 1 0)
s>                ( SILENCE 1 -1.222e+04 4.657e+02 5.997e+01
s>                    ( - 1.859e+02 1 0)
s>                    ( QUESTION6 1 -1.194e+04 4.620e+02 5.897e+01
s>                        ( - 2.425e+02 1 0)
s>                        ( WDBNDRY_E 0 -1.172e+04 4.560e+02 5.797e+01
s>                            ( - 2.412e+02 1 0)
s>                            ( QUESTION0_1_R 1 -1.150e+04 4.236e+02 5.697e+01
s>                                ( - -7.697e+03 1 0)
s>                                ( - -3.381e+03 1 0))))))))INFO: dtree.c(1315): Comp split 3
INFO: dtree.c(1439): stop. leaf nodes are specific
INFO: dtree.c(1478): Final simple tree
|( QUESTION4 -1 -8.454e+03 1.983e+02 4.258e+01
|    ( - -8.592e+02 1 0)
|    ( QUESTION11 -1 -7.396e+03 1.630e+02 3.758e+01
|        ( - -2.426e+02 1 0)
|        ( SILENCE -1 -6.991e+03 1.459e+02 3.558e+01
|            ( - -4.292e+02 1 0)
|            ( QUESTION0 -1 -6.416e+03 1.227e+02 3.258e+01
|                ( - -3.676e+03 2 0)
|                ( - -2.617e+03 1 0)))))
s>    ( QUESTION4 -1 -8.454e+03 1.983e+02 4.258e+01
s>        ( - -8.592e+02 1 0)
s>        ( QUESTION11 -1 -7.396e+03 1.630e+02 3.758e+01
s>            ( - -2.426e+02 1 0)
s>            ( SILENCE -1 -6.991e+03 1.459e+02 3.558e+01
s>                ( - -4.292e+02 1 0)
s>                ( QUESTION0 -1 -6.416e+03 1.227e+02 3.258e+01
s>                    ( - -3.676e+03 2 0)
s>                    ( - -2.617e+03 1 0)))))INFO: dtree.c(1315): Comp split 4
INFO: dtree.c(1439): stop. leaf nodes are specific
INFO: dtree.c(1478): Final simple tree
|( QUESTION1 -1 -1.658e+04 2.669e+02 7.268e+01
|    ( - -1.189e+03 1 0)
|    ( QUESTION2_19_L -1 -1.512e+04 1.881e+02 6.668e+01
|        ( - -1.054e+04 3 0)
|        ( QUESTION3 -1 -4.389e+03 1.392e+02 1.857e+01
|            ( - -3.786e+02 1 0)
|            ( QUESTION0_12_R 1 -3.871e+03 1.380e+02 1.657e+01
|                ( SILENCE -1 -2.936e+03 1.159e+02 1.257e+01
|                    ( - -3.734e+02 1 0)
|                    ( - -2.447e+03 1 0))
|                ( SILENCE -1 -7.964e+02 4.950e+02 4.000e+00
|                    ( - 2.427e+02 1 0)
|                    ( - -5.440e+02 1 0))))))
s>    ( QUESTION1 -1 -1.658e+04 2.669e+02 7.268e+01
s>        ( - -1.189e+03 1 0)
s>        ( QUESTION2_19_L -1 -1.512e+04 1.881e+02 6.668e+01
s>            ( - -1.054e+04 3 0)
s>            ( QUESTION3 -1 -4.389e+03 1.392e+02 1.857e+01
s>                ( - -3.786e+02 1 0)
s>                ( QUESTION0_12_R 1 -3.871e+03 1.380e+02 1.657e+01
s>                    ( SILENCE -1 -2.936e+03 1.159e+02 1.257e+01
s>                        ( - -3.734e+02 1 0)
s>                        ( - -2.447e+03 1 0))
s>                    ( SILENCE -1 -7.964e+02 4.950e+02 4.000e+00
s>                        ( - 2.427e+02 1 0)
s>                        ( - -5.440e+02 1 0))))))INFO: dtree.c(1315): Comp split 5
INFO: dtree.c(1439): stop. leaf nodes are specific
INFO: dtree.c(1478): Final simple tree
|( QUESTION0_14_R 1 -1.267e+04 4.737e+02 6.197e+01
|    ( - 2.420e+02 1 0)
|    ( WDBNDRY_B 0 -1.244e+04 4.691e+02 6.097e+01
|        ( - 2.414e+02 1 0)
|        ( SILENCE 1 -1.222e+04 4.657e+02 5.997e+01
|            ( - 1.859e+02 1 0)
|            ( QUESTION6 1 -1.194e+04 4.620e+02 5.897e+01
|                ( - 2.425e+02 1 0)
|                ( WDBNDRY_E 0 -1.172e+04 4.560e+02 5.797e+01
|                    ( - 2.412e+02 1 0)
|                    ( QUESTION0_1_R 1 -1.150e+04 4.236e+02 5.697e+01
|                        ( - -7.697e+03 1 0)
|                        ( - -3.381e+03 1 0)))))))
s>    ( QUESTION0_14_R 1 -1.267e+04 4.737e+02 6.197e+01
s>        ( - 2.420e+02 1 0)
s>        ( WDBNDRY_B 0 -1.244e+04 4.691e+02 6.097e+01
s>            ( - 2.414e+02 1 0)
s>            ( SILENCE 1 -1.222e+04 4.657e+02 5.997e+01
s>                ( - 1.859e+02 1 0)
s>                ( QUESTION6 1 -1.194e+04 4.620e+02 5.897e+01
s>                    ( - 2.425e+02 1 0)
s>                    ( WDBNDRY_E 0 -1.172e+04 4.560e+02 5.797e+01
s>                        ( - 2.412e+02 1 0)
s>                        ( QUESTION0_1_R 1 -1.150e+04 4.236e+02 5.697e+01
s>                            ( - -7.697e+03 1 0)
s>                            ( - -3.381e+03 1 0)))))))INFO: dtree.c(1315): Comp split 6
INFO: dtree.c(1439): stop. leaf nodes are specific
INFO: dtree.c(1478): Final simple tree
|( WDBNDRY_B 0 -1.244e+04 4.691e+02 6.097e+01
|    ( - 2.414e+02 1 0)
|    ( SILENCE 1 -1.222e+04 4.657e+02 5.997e+01
|        ( - 1.859e+02 1 0)
|        ( QUESTION6 1 -1.194e+04 4.620e+02 5.897e+01
|            ( - 2.425e+02 1 0)
|            ( WDBNDRY_E 0 -1.172e+04 4.560e+02 5.797e+01
|                ( - 2.412e+02 1 0)
|                ( QUESTION0_1_R 1 -1.150e+04 4.236e+02 5.697e+01
|                    ( - -7.697e+03 1 0)
|                    ( - -3.381e+03 1 0))))))
s>    ( WDBNDRY_B 0 -1.244e+04 4.691e+02 6.097e+01
s>        ( - 2.414e+02 1 0)
s>        ( SILENCE 1 -1.222e+04 4.657e+02 5.997e+01
s>            ( - 1.859e+02 1 0)
s>            ( QUESTION6 1 -1.194e+04 4.620e+02 5.897e+01
s>                ( - 2.425e+02 1 0)
s>                ( WDBNDRY_E 0 -1.172e+04 4.560e+02 5.797e+01
s>                    ( - 2.412e+02 1 0)
s>                    ( QUESTION0_1_R 1 -1.150e+04 4.236e+02 5.697e+01
s>                        ( - -7.697e+03 1 0)
s>                        ( - -3.381e+03 1 0))))))INFO: dtree.c(1315): Comp split 7
INFO: dtree.c(1439): stop. leaf nodes are specific
INFO: dtree.c(1478): Final simple tree
|( QUESTION1 -1 -1.635e+04 2.690e+02 7.168e+01
|    ( - -1.189e+03 1 0)
|    ( QUESTION0_12_R 1 -1.489e+04 2.029e+02 6.568e+01
|        ( QUESTION2_2_L -1 -1.414e+04 1.604e+02 6.268e+01
|            ( - -3.786e+02 1 0)
|            ( QUESTION3 -1 -1.360e+04 1.250e+02 6.068e+01
|                ( - -1.054e+04 3 0)
|                ( SILENCE -1 -2.936e+03 1.159e+02 1.257e+01
|                    ( - -3.734e+02 1 0)
|                    ( - -2.447e+03 1 0))))
|        ( - -5.440e+02 1 0)))
s>    ( QUESTION1 -1 -1.635e+04 2.690e+02 7.168e+01
s>        ( - -1.189e+03 1 0)
s>        ( QUESTION0_12_R 1 -1.489e+04 2.029e+02 6.568e+01
s>            ( QUESTION2_2_L -1 -1.414e+04 1.604e+02 6.268e+01
s>                ( - -3.786e+02 1 0)
s>                ( QUESTION3 -1 -1.360e+04 1.250e+02 6.068e+01
s>                    ( - -1.054e+04 3 0)
s>                    ( SILENCE -1 -2.936e+03 1.159e+02 1.257e+01
s>                        ( - -3.734e+02 1 0)
s>                        ( - -2.447e+03 1 0))))
s>            ( - -5.440e+02 1 0)))INFO: dtree.c(1315): Comp split 8
INFO: dtree.c(1439): stop. leaf nodes are specific
INFO: dtree.c(1478): Final simple tree
|( SILENCE 1 -1.222e+04 4.657e+02 5.997e+01
|    ( - 1.859e+02 1 0)
|    ( QUESTION6 1 -1.194e+04 4.620e+02 5.897e+01
|        ( - 2.425e+02 1 0)
|        ( WDBNDRY_E 0 -1.172e+04 4.560e+02 5.797e+01
|            ( - 2.412e+02 1 0)
|            ( QUESTION0_1_R 1 -1.150e+04 4.236e+02 5.697e+01
|                ( - -7.697e+03 1 0)
|                ( - -3.381e+03 1 0)))))
s>    ( SILENCE 1 -1.222e+04 4.657e+02 5.997e+01
s>        ( - 1.859e+02 1 0)
s>        ( QUESTION6 1 -1.194e+04 4.620e+02 5.897e+01
s>            ( - 2.425e+02 1 0)
s>            ( WDBNDRY_E 0 -1.172e+04 4.560e+02 5.797e+01
s>                ( - 2.412e+02 1 0)
s>                ( QUESTION0_1_R 1 -1.150e+04 4.236e+02 5.697e+01
s>                    ( - -7.697e+03 1 0)
s>                    ( - -3.381e+03 1 0)))))INFO: dtree.c(1315): Comp split 9
INFO: dtree.c(1439): stop. leaf nodes are specific
INFO: dtree.c(1478): Final simple tree
|( QUESTION6 1 -1.194e+04 4.620e+02 5.897e+01
|    ( - 2.425e+02 1 0)
|    ( WDBNDRY_E 0 -1.172e+04 4.560e+02 5.797e+01
|        ( - 2.412e+02 1 0)
|        ( QUESTION0_1_R 1 -1.150e+04 4.236e+02 5.697e+01
|            ( - -7.697e+03 1 0)
|            ( - -3.381e+03 1 0))))
s>    ( QUESTION6 1 -1.194e+04 4.620e+02 5.897e+01
s>        ( - 2.425e+02 1 0)
s>        ( WDBNDRY_E 0 -1.172e+04 4.560e+02 5.797e+01
s>            ( - 2.412e+02 1 0)
s>            ( QUESTION0_1_R 1 -1.150e+04 4.236e+02 5.697e+01
s>                ( - -7.697e+03 1 0)
s>                ( - -3.381e+03 1 0))))INFO: dtree.c(1315): Comp split 10
INFO: dtree.c(1439): stop. leaf nodes are specific
INFO: dtree.c(1478): Final simple tree
|( WDBNDRY_E 0 -1.172e+04 4.560e+02 5.797e+01
|    ( - 2.412e+02 1 0)
|    ( QUESTION0_1_R 1 -1.150e+04 4.236e+02 5.697e+01
|        ( - -7.697e+03 1 0)
|        ( - -3.381e+03 1 0)))
s>    ( WDBNDRY_E 0 -1.172e+04 4.560e+02 5.797e+01
s>        ( - 2.412e+02 1 0)
s>        ( QUESTION0_1_R 1 -1.150e+04 4.236e+02 5.697e+01
s>            ( - -7.697e+03 1 0)
s>            ( - -3.381e+03 1 0)))INFO: dtree.c(1315): Comp split 11
INFO: dtree.c(1439): stop. leaf nodes are specific
INFO: dtree.c(1478): Final simple tree
|( QUESTION0_1_R 1 -1.150e+04 4.236e+02 5.697e+01
|    ( - -7.697e+03 1 0)
|    ( - -3.381e+03 1 0))
s>    ( QUESTION0_1_R 1 -1.150e+04 4.236e+02 5.697e+01
s>        ( - -7.697e+03 1 0)
s>        ( - -3.381e+03 1 0))INFO: dtree.c(1315): Comp split 12
INFO: dtree.c(1315): Comp split 13
INFO: dtree.c(1439): stop. leaf nodes are specific
INFO: dtree.c(1478): Final simple tree
|( QUESTION4 1 -9.388e+03 2.582e+02 4.609e+01
|    ( - -6.632e+03 1 0)
|    ( - -2.498e+03 1 0))
s>    ( QUESTION4 1 -9.388e+03 2.582e+02 4.609e+01
s>        ( - -6.632e+03 1 0)
s>        ( - -2.498e+03 1 0))INFO: dtree.c(1315): Comp split 14
INFO: dtree.c(1439): stop. leaf nodes are specific
INFO: dtree.c(1478): Final simple tree
|( QUESTION2_2_L -1 -1.365e+04 1.621e+02 6.068e+01
|    ( - -3.786e+02 1 0)
|    ( QUESTION0 -1 -1.311e+04 1.216e+02 5.868e+01
|        ( - -2.447e+03 1 0)
|        ( - -1.054e+04 3 0)))
s>    ( QUESTION2_2_L -1 -1.365e+04 1.621e+02 6.068e+01
s>        ( - -3.786e+02 1 0)
s>        ( QUESTION0 -1 -1.311e+04 1.216e+02 5.868e+01
s>            ( - -2.447e+03 1 0)
s>            ( - -1.054e+04 3 0)))INFO: dtree.c(1439): stop. leaf nodes are specific
INFO: dtree.c(1478): Final simple tree
|( QUESTION0_12_R 1 -2.407e+03 1.600e+02 1.100e+01
|    ( SILENCE -1 -1.703e+03 1.407e+02 8.000e+00
|        ( - -3.734e+02 1 0)
|        ( - -1.189e+03 1 0))
|    ( - -5.440e+02 1 0))
s>    ( QUESTION0_12_R 1 -2.407e+03 1.600e+02 1.100e+01
s>        ( SILENCE -1 -1.703e+03 1.407e+02 8.000e+00
s>            ( - -3.734e+02 1 0)
s>            ( - -1.189e+03 1 0))
s>        ( - -5.440e+02 1 0))INFO: dtree.c(1315): Comp split 15
INFO: dtree.c(1315): Comp split 16
INFO: dtree.c(1439): stop. leaf nodes are specific
INFO: dtree.c(1478): Final simple tree
|( QUESTION11 -1 -7.396e+03 1.630e+02 3.758e+01
|    ( - -2.426e+02 1 0)
|    ( SILENCE -1 -6.991e+03 1.459e+02 3.558e+01
|        ( - -4.292e+02 1 0)
|        ( QUESTION0 -1 -6.416e+03 1.227e+02 3.258e+01
|            ( - -3.676e+03 2 0)
|            ( - -2.617e+03 1 0))))
s>    ( QUESTION11 -1 -7.396e+03 1.630e+02 3.758e+01
s>        ( - -2.426e+02 1 0)
s>        ( SILENCE -1 -6.991e+03 1.459e+02 3.558e+01
s>            ( - -4.292e+02 1 0)
s>            ( QUESTION0 -1 -6.416e+03 1.227e+02 3.258e+01
s>                ( - -3.676e+03 2 0)
s>                ( - -2.617e+03 1 0))))INFO: dtree.c(1315): Comp split 17
INFO: dtree.c(1439): stop. leaf nodes are specific
INFO: dtree.c(1478): Final simple tree
|( SILENCE -1 -6.991e+03 1.459e+02 3.558e+01
|    ( - -4.292e+02 1 0)
|    ( QUESTION0 -1 -6.416e+03 1.227e+02 3.258e+01
|        ( - -3.676e+03 2 0)
|        ( - -2.617e+03 1 0)))
s>    ( SILENCE -1 -6.991e+03 1.459e+02 3.558e+01
s>        ( - -4.292e+02 1 0)
s>        ( QUESTION0 -1 -6.416e+03 1.227e+02 3.258e+01
s>            ( - -3.676e+03 2 0)
s>            ( - -2.617e+03 1 0)))INFO: dtree.c(1315): Comp split 18
INFO: dtree.c(1439): stop. leaf nodes are specific
INFO: dtree.c(1478): Final simple tree
|( QUESTION0 -1 -1.311e+04 1.216e+02 5.868e+01
|    ( - -2.447e+03 1 0)
|    ( - -1.054e+04 3 0))
s>    ( QUESTION0 -1 -1.311e+04 1.216e+02 5.868e+01
s>        ( - -2.447e+03 1 0)
s>        ( - -1.054e+04 3 0))INFO: dtree.c(1315): Comp split 19
INFO: dtree.c(1439): stop. leaf nodes are specific
INFO: dtree.c(1478): Final simple tree
|( SILENCE -1 -1.703e+03 1.407e+02 8.000e+00
|    ( - -3.734e+02 1 0)
|    ( - -1.189e+03 1 0))
s>    ( SILENCE -1 -1.703e+03 1.407e+02 8.000e+00
s>        ( - -3.734e+02 1 0)
s>        ( - -1.189e+03 1 0))INFO: dtree.c(1315): Comp split 20
INFO: dtree.c(1439): stop. leaf nodes are specific
INFO: dtree.c(1478): Final simple tree
|( QUESTION0 -1 -6.416e+03 1.227e+02 3.258e+01
|    ( - -3.676e+03 2 0)
|    ( - -2.617e+03 1 0))
s>    ( QUESTION0 -1 -6.416e+03 1.227e+02 3.258e+01
s>        ( - -3.676e+03 2 0)
s>        ( - -2.617e+03 1 0))INFO: dtree.c(1315): Comp split 21
INFO: dtree.c(1315): Comp split 22
INFO: dtree.c(1315): Comp split 23
INFO: dtree.c(1315): Comp split 24
INFO: dtree.c(1318): stop. leaf nodes are specific
Mon Jan 30 07:35:46 2017
