Current configuration:
[NAME]		[DEFLT]	[VALUE]
-allphones	no	no
-cntthresh	0.00001	1.000000e-05
-csplitmax	100	2000
-csplitmin	1	1
-csplitthr	8e-4	0.000000e+00
-example	no	no
-fullvar	no	no
-help		no	no
-meanfn			/Users/benroye/forge/cmusphinx/voiceVim/model_parameters/voiceVim.cd_cont_untied/means
-mixwfn			/Users/benroye/forge/cmusphinx/voiceVim/model_parameters/voiceVim.cd_cont_untied/mixture_weights
-moddeffn		/Users/benroye/forge/cmusphinx/voiceVim/model_architecture/voiceVim.untied.mdef
-mwfloor	1e-4	1.000000e-08
-phone			ii
-psetfn			/Users/benroye/forge/cmusphinx/voiceVim/model_architecture/voiceVim.tree_questions
-ssplitmax	5	7
-ssplitmin	1	1
-ssplitthr	8e-4	0.000000e+00
-state			1
-stwt			1.0,0.05,0.0,
-treefn			/Users/benroye/forge/cmusphinx/voiceVim/trees/voiceVim.unpruned/ii-1.dtree
-ts2cbfn	.semi.	.cont.
-varfloor	0.00001	1.000000e-05
-varfn			/Users/benroye/forge/cmusphinx/voiceVim/model_parameters/voiceVim.cd_cont_untied/variances

INFO: main.c(223): Reading: /Users/benroye/forge/cmusphinx/voiceVim/model_architecture/voiceVim.untied.mdef
INFO: model_def_io.c(573): Model definition info:
INFO: model_def_io.c(574): 2249 total models defined (39 base, 2210 tri)
INFO: model_def_io.c(575): 8996 total states
INFO: model_def_io.c(576): 6747 total tied states
INFO: model_def_io.c(577): 117 total tied CI states
INFO: model_def_io.c(578): 39 total tied transition matrices
INFO: model_def_io.c(579): 4 max state/model
INFO: model_def_io.c(580): 4 min state/model
INFO: main.c(242): Building trees for [ii f l i] through [ii w l i]
INFO: main.c(269): Covering states |[2145 2189]| == 45
INFO: main.c(275): Reading: /Users/benroye/forge/cmusphinx/voiceVim/model_parameters/voiceVim.cd_cont_untied/mixture_weights
INFO: s3mixw_io.c(173): Read /Users/benroye/forge/cmusphinx/voiceVim/model_parameters/voiceVim.cd_cont_untied/mixture_weights [45x1x1 array]
INFO: main.c(311): 15 of 15 models have observation count greater than 0.000010
INFO: main.c(95): nrm stwt: 0.045 0.909 0.045 
INFO: s3gau_io.c(169): Read /Users/benroye/forge/cmusphinx/voiceVim/model_parameters/voiceVim.cd_cont_untied/means [6747x1x1 array]
INFO: s3gau_io.c(169): Read /Users/benroye/forge/cmusphinx/voiceVim/model_parameters/voiceVim.cd_cont_untied/variances [6747x1x1 array]
INFO: main.c(549): Reading: /Users/benroye/forge/cmusphinx/voiceVim/model_architecture/voiceVim.tree_questions
INFO: main.c(588): 174 total simple questions (166 phone; 8 word bndry)
INFO: main.c(590): 40 Left Only questions, and 42 Right Only questions
INFO: dtree.c(1478): Final simple tree
|( QUESTION0_4_R 1 -3.893e+05 4.340e+03 1.844e+03
|    ( QUESTION0_5_R 1 -1.334e+05 1.109e+03 6.361e+02
|        ( - -4.950e+04 1 0)
|        ( - -8.278e+04 1 0))
|    ( QUESTION0_2_R 1 -2.516e+05 2.482e+03 1.208e+03
|        ( QUESTION4 -1 -1.388e+05 5.797e+02 6.715e+02
|            ( - -6.425e+04 2 0)
|            ( QUESTION1 -1 -7.397e+04 3.787e+02 3.555e+02
|                ( - -4.319e+04 1 0)
|                ( - -3.040e+04 3 0 QUESTION0 1 3.113e+02 1.481e+02)))
|        ( QUESTION0_11_R 1 -1.103e+05 1.801e+03 5.361e+02
|            ( - -2.175e+04 2 0 QUESTION14 -1 2.866e+02 1.123e+02)
|            ( QUESTION0_7_R 1 -8.678e+04 8.828e+02 4.237e+02
|                ( - -6.070e+04 1 0)
|                ( - -2.519e+04 4 0 WDBNDRY_E 0 2.963e+02 1.156e+02)))))
s>    ( QUESTION0_4_R 1 -3.893e+05 4.340e+03 1.844e+03
s>        ( QUESTION0_5_R 1 -1.334e+05 1.109e+03 6.361e+02
s>            ( - -4.950e+04 1 0)
s>            ( - -8.278e+04 1 0))
s>        ( QUESTION0_2_R 1 -2.516e+05 2.482e+03 1.208e+03
s>            ( QUESTION4 -1 -1.388e+05 5.797e+02 6.715e+02
s>                ( - -6.425e+04 2 0)
s>                ( QUESTION1 -1 -7.397e+04 3.787e+02 3.555e+02
s>                    ( - -4.319e+04 1 0)
s>                    ( - -3.040e+04 3 0 QUESTION0 1 3.113e+02 1.481e+02)))
s>            ( QUESTION0_11_R 1 -1.103e+05 1.801e+03 5.361e+02
s>                ( - -2.175e+04 2 0 QUESTION14 -1 2.866e+02 1.123e+02)
s>                ( QUESTION0_7_R 1 -8.678e+04 8.828e+02 4.237e+02
s>                    ( - -6.070e+04 1 0)
s>                    ( - -2.519e+04 4 0 WDBNDRY_E 0 2.963e+02 1.156e+02)))))INFO: dtree.c(1315): Comp split 0
INFO: dtree.c(1478): Final simple tree
|( QUESTION0_2_R 1 -2.516e+05 2.482e+03 1.208e+03
|    ( QUESTION4 -1 -1.388e+05 5.797e+02 6.715e+02
|        ( - -6.425e+04 2 0)
|        ( QUESTION1 -1 -7.397e+04 3.787e+02 3.555e+02
|            ( - -4.319e+04 1 0)
|            ( QUESTION0 1 -3.040e+04 3.113e+02 1.481e+02
|                ( - -2.406e+04 2 0 QUESTION0 -1 2.287e+02 1.170e+02)
|                ( - -6.024e+03 1 0))))
|    ( QUESTION0_11_R 1 -1.103e+05 1.801e+03 5.361e+02
|        ( - -2.175e+04 2 0 QUESTION14 -1 2.866e+02 1.123e+02)
|        ( QUESTION0_7_R 1 -8.678e+04 8.828e+02 4.237e+02
|            ( - -6.070e+04 1 0)
|            ( WDBNDRY_E 0 -2.519e+04 2.963e+02 1.156e+02
|                ( - -8.409e+03 3 0 SILENCE 1 2.725e+02 3.734e+01)
|                ( - -1.649e+04 1 0)))))
s>    ( QUESTION0_2_R 1 -2.516e+05 2.482e+03 1.208e+03
s>        ( QUESTION4 -1 -1.388e+05 5.797e+02 6.715e+02
s>            ( - -6.425e+04 2 0)
s>            ( QUESTION1 -1 -7.397e+04 3.787e+02 3.555e+02
s>                ( - -4.319e+04 1 0)
s>                ( QUESTION0 1 -3.040e+04 3.113e+02 1.481e+02
s>                    ( - -2.406e+04 2 0 QUESTION0 -1 2.287e+02 1.170e+02)
s>                    ( - -6.024e+03 1 0))))
s>        ( QUESTION0_11_R 1 -1.103e+05 1.801e+03 5.361e+02
s>            ( - -2.175e+04 2 0 QUESTION14 -1 2.866e+02 1.123e+02)
s>            ( QUESTION0_7_R 1 -8.678e+04 8.828e+02 4.237e+02
s>                ( - -6.070e+04 1 0)
s>                ( WDBNDRY_E 0 -2.519e+04 2.963e+02 1.156e+02
s>                    ( - -8.409e+03 3 0 SILENCE 1 2.725e+02 3.734e+01)
s>                    ( - -1.649e+04 1 0)))))INFO: dtree.c(1439): stop. leaf nodes are specific
INFO: dtree.c(1478): Final simple tree
|( QUESTION0_5_R 1 -1.334e+05 1.109e+03 6.361e+02
|    ( - -4.950e+04 1 0)
|    ( - -8.278e+04 1 0))
s>    ( QUESTION0_5_R 1 -1.334e+05 1.109e+03 6.361e+02
s>        ( - -4.950e+04 1 0)
s>        ( - -8.278e+04 1 0))INFO: dtree.c(1315): Comp split 1
INFO: dtree.c(1478): Final simple tree
|( QUESTION1 -1 -1.476e+05 6.217e+02 7.088e+02
|    ( - -4.319e+04 1 0)
|    ( QUESTION4 -1 -1.038e+05 4.620e+02 5.014e+02
|        ( - -6.425e+04 2 0)
|        ( QUESTION4 1 -3.906e+04 3.359e+02 1.855e+02
|            ( - -6.024e+03 1 0)
|            ( QUESTION3 1 -3.270e+04 2.778e+02 1.543e+02
|                ( - -3.222e+03 1 0)
|                ( SILENCE 1 -2.920e+04 2.509e+02 1.400e+02
|                    ( - -1.548e+03 1 0)
|                    ( QUESTION15 -1 -2.740e+04 2.282e+02 1.320e+02
|                        ( - -9.065e+03 1 0)
|                        ( WDBNDRY_E 0 -1.810e+04 1.729e+02 8.621e+01
|                            ( - -3.161e+03 1 0)
|                            ( - -1.477e+04 1 0))))))))
s>    ( QUESTION1 -1 -1.476e+05 6.217e+02 7.088e+02
s>        ( - -4.319e+04 1 0)
s>        ( QUESTION4 -1 -1.038e+05 4.620e+02 5.014e+02
s>            ( - -6.425e+04 2 0)
s>            ( QUESTION4 1 -3.906e+04 3.359e+02 1.855e+02
s>                ( - -6.024e+03 1 0)
s>                ( QUESTION3 1 -3.270e+04 2.778e+02 1.543e+02
s>                    ( - -3.222e+03 1 0)
s>                    ( SILENCE 1 -2.920e+04 2.509e+02 1.400e+02
s>                        ( - -1.548e+03 1 0)
s>                        ( QUESTION15 -1 -2.740e+04 2.282e+02 1.320e+02
s>                            ( - -9.065e+03 1 0)
s>                            ( WDBNDRY_E 0 -1.810e+04 1.729e+02 8.621e+01
s>                                ( - -3.161e+03 1 0)
s>                                ( - -1.477e+04 1 0))))))))INFO: dtree.c(1439): stop. leaf nodes are specific
INFO: dtree.c(1478): Final simple tree
|( QUESTION0_11_R 1 -1.014e+05 1.861e+03 4.987e+02
|    ( QUESTION14 -1 -2.175e+04 2.866e+02 1.123e+02
|        ( - -1.614e+04 1 0)
|        ( - -5.325e+03 1 0))
|    ( QUESTION0_1_R 1 -7.778e+04 5.914e+02 3.864e+02
|        ( - -1.649e+04 1 0)
|        ( - -6.070e+04 1 0)))
s>    ( QUESTION0_11_R 1 -1.014e+05 1.861e+03 4.987e+02
s>        ( QUESTION14 -1 -2.175e+04 2.866e+02 1.123e+02
s>            ( - -1.614e+04 1 0)
s>            ( - -5.325e+03 1 0))
s>        ( QUESTION0_1_R 1 -7.778e+04 5.914e+02 3.864e+02
s>            ( - -1.649e+04 1 0)
s>            ( - -6.070e+04 1 0)))INFO: dtree.c(1315): Comp split 2
INFO: dtree.c(1439): stop. leaf nodes are specific
INFO: dtree.c(1478): Final simple tree
|( QUESTION14 -1 -2.175e+04 2.866e+02 1.123e+02
|    ( - -1.614e+04 1 0)
|    ( - -5.325e+03 1 0))
s>    ( QUESTION14 -1 -2.175e+04 2.866e+02 1.123e+02
s>        ( - -1.614e+04 1 0)
s>        ( - -5.325e+03 1 0))INFO: dtree.c(1439): stop. leaf nodes are specific
INFO: dtree.c(1478): Final simple tree
|( QUESTION0_1_R 1 -7.778e+04 5.914e+02 3.864e+02
|    ( - -1.649e+04 1 0)
|    ( - -6.070e+04 1 0))
s>    ( QUESTION0_1_R 1 -7.778e+04 5.914e+02 3.864e+02
s>        ( - -1.649e+04 1 0)
s>        ( - -6.070e+04 1 0))INFO: dtree.c(1315): Comp split 3
INFO: dtree.c(1315): Comp split 4
INFO: dtree.c(1439): stop. leaf nodes are specific
INFO: dtree.c(1478): Final simple tree
|( QUESTION0 1 -5.892e+04 3.870e+02 2.843e+02
|    ( QUESTION0 -1 -5.251e+04 2.499e+02 2.532e+02
|        ( - -4.319e+04 1 0)
|        ( - -9.065e+03 1 0))
|    ( - -6.024e+03 1 0))
s>    ( QUESTION0 1 -5.892e+04 3.870e+02 2.843e+02
s>        ( QUESTION0 -1 -5.251e+04 2.499e+02 2.532e+02
s>            ( - -4.319e+04 1 0)
s>            ( - -9.065e+03 1 0))
s>        ( - -6.024e+03 1 0))INFO: dtree.c(1439): stop. leaf nodes are specific
INFO: dtree.c(1478): Final simple tree
|( QUESTION4 -1 -8.803e+04 3.860e+02 4.245e+02
|    ( - -6.425e+04 2 0)
|    ( QUESTION3 1 -2.339e+04 2.693e+02 1.086e+02
|        ( - -3.222e+03 1 0)
|        ( SILENCE 1 -1.990e+04 2.460e+02 9.421e+01
|            ( - -1.548e+03 1 0)
|            ( WDBNDRY_E 0 -1.810e+04 1.729e+02 8.621e+01
|                ( - -3.161e+03 1 0)
|                ( - -1.477e+04 1 0)))))
s>    ( QUESTION4 -1 -8.803e+04 3.860e+02 4.245e+02
s>        ( - -6.425e+04 2 0)
s>        ( QUESTION3 1 -2.339e+04 2.693e+02 1.086e+02
s>            ( - -3.222e+03 1 0)
s>            ( SILENCE 1 -1.990e+04 2.460e+02 9.421e+01
s>                ( - -1.548e+03 1 0)
s>                ( WDBNDRY_E 0 -1.810e+04 1.729e+02 8.621e+01
s>                    ( - -3.161e+03 1 0)
s>                    ( - -1.477e+04 1 0)))))INFO: dtree.c(1315): Comp split 5
INFO: dtree.c(1315): Comp split 6
INFO: dtree.c(1439): stop. leaf nodes are specific
INFO: dtree.c(1478): Final simple tree
|( QUESTION0 -1 -5.251e+04 2.499e+02 2.532e+02
|    ( - -4.319e+04 1 0)
|    ( - -9.065e+03 1 0))
s>    ( QUESTION0 -1 -5.251e+04 2.499e+02 2.532e+02
s>        ( - -4.319e+04 1 0)
s>        ( - -9.065e+03 1 0))INFO: dtree.c(1315): Comp split 7
INFO: dtree.c(1439): stop. leaf nodes are specific
INFO: dtree.c(1478): Final simple tree
|( QUESTION3 1 -2.339e+04 2.693e+02 1.086e+02
|    ( - -3.222e+03 1 0)
|    ( SILENCE 1 -1.990e+04 2.460e+02 9.421e+01
|        ( - -1.548e+03 1 0)
|        ( WDBNDRY_E 0 -1.810e+04 1.729e+02 8.621e+01
|            ( - -3.161e+03 1 0)
|            ( - -1.477e+04 1 0))))
s>    ( QUESTION3 1 -2.339e+04 2.693e+02 1.086e+02
s>        ( - -3.222e+03 1 0)
s>        ( SILENCE 1 -1.990e+04 2.460e+02 9.421e+01
s>            ( - -1.548e+03 1 0)
s>            ( WDBNDRY_E 0 -1.810e+04 1.729e+02 8.621e+01
s>                ( - -3.161e+03 1 0)
s>                ( - -1.477e+04 1 0))))INFO: dtree.c(1315): Comp split 8
INFO: dtree.c(1315): Comp split 9
INFO: dtree.c(1439): stop. leaf nodes are specific
INFO: dtree.c(1478): Final simple tree
|( SILENCE 1 -1.990e+04 2.460e+02 9.421e+01
|    ( - -1.548e+03 1 0)
|    ( WDBNDRY_E 0 -1.810e+04 1.729e+02 8.621e+01
|        ( - -3.161e+03 1 0)
|        ( - -1.477e+04 1 0)))
s>    ( SILENCE 1 -1.990e+04 2.460e+02 9.421e+01
s>        ( - -1.548e+03 1 0)
s>        ( WDBNDRY_E 0 -1.810e+04 1.729e+02 8.621e+01
s>            ( - -3.161e+03 1 0)
s>            ( - -1.477e+04 1 0)))INFO: dtree.c(1315): Comp split 10
INFO: dtree.c(1315): Comp split 11
INFO: dtree.c(1439): stop. leaf nodes are specific
INFO: dtree.c(1478): Final simple tree
|( WDBNDRY_E 0 -1.810e+04 1.729e+02 8.621e+01
|    ( - -3.161e+03 1 0)
|    ( - -1.477e+04 1 0))
s>    ( WDBNDRY_E 0 -1.810e+04 1.729e+02 8.621e+01
s>        ( - -3.161e+03 1 0)
s>        ( - -1.477e+04 1 0))INFO: dtree.c(1315): Comp split 12
INFO: dtree.c(1315): Comp split 13
INFO: dtree.c(1318): stop. leaf nodes are specific
Mon Jan 30 07:35:46 2017
