Current configuration:
[NAME]		[DEFLT]	[VALUE]
-allphones	no	no
-cntthresh	0.00001	1.000000e-05
-csplitmax	100	2000
-csplitmin	1	1
-csplitthr	8e-4	0.000000e+00
-example	no	no
-fullvar	no	no
-help		no	no
-meanfn			/Users/benroye/forge/cmusphinx/voiceVim/model_parameters/voiceVim.cd_cont_untied/means
-mixwfn			/Users/benroye/forge/cmusphinx/voiceVim/model_parameters/voiceVim.cd_cont_untied/mixture_weights
-moddeffn		/Users/benroye/forge/cmusphinx/voiceVim/model_architecture/voiceVim.untied.mdef
-mwfloor	1e-4	1.000000e-08
-phone			ch
-psetfn			/Users/benroye/forge/cmusphinx/voiceVim/model_architecture/voiceVim.tree_questions
-ssplitmax	5	7
-ssplitmin	1	1
-ssplitthr	8e-4	0.000000e+00
-state			2
-stwt			1.0,0.05,0.0,
-treefn			/Users/benroye/forge/cmusphinx/voiceVim/trees/voiceVim.unpruned/ch-2.dtree
-ts2cbfn	.semi.	.cont.
-varfloor	0.00001	1.000000e-05
-varfn			/Users/benroye/forge/cmusphinx/voiceVim/model_parameters/voiceVim.cd_cont_untied/variances

INFO: main.c(223): Reading: /Users/benroye/forge/cmusphinx/voiceVim/model_architecture/voiceVim.untied.mdef
INFO: model_def_io.c(573): Model definition info:
INFO: model_def_io.c(574): 2249 total models defined (39 base, 2210 tri)
INFO: model_def_io.c(575): 8996 total states
INFO: model_def_io.c(576): 6747 total tied states
INFO: model_def_io.c(577): 117 total tied CI states
INFO: model_def_io.c(578): 39 total tied transition matrices
INFO: model_def_io.c(579): 4 max state/model
INFO: model_def_io.c(580): 4 min state/model
INFO: main.c(242): Building trees for [ch SIL aa b] through [ch z aa b]
INFO: main.c(269): Covering states |[555 623]| == 69
INFO: main.c(275): Reading: /Users/benroye/forge/cmusphinx/voiceVim/model_parameters/voiceVim.cd_cont_untied/mixture_weights
INFO: s3mixw_io.c(173): Read /Users/benroye/forge/cmusphinx/voiceVim/model_parameters/voiceVim.cd_cont_untied/mixture_weights [69x1x1 array]
INFO: main.c(311): 23 of 23 models have observation count greater than 0.000010
INFO: main.c(95): nrm stwt: 0.000 0.048 0.952 
INFO: s3gau_io.c(169): Read /Users/benroye/forge/cmusphinx/voiceVim/model_parameters/voiceVim.cd_cont_untied/means [6747x1x1 array]
INFO: s3gau_io.c(169): Read /Users/benroye/forge/cmusphinx/voiceVim/model_parameters/voiceVim.cd_cont_untied/variances [6747x1x1 array]
INFO: main.c(549): Reading: /Users/benroye/forge/cmusphinx/voiceVim/model_architecture/voiceVim.tree_questions
INFO: main.c(588): 174 total simple questions (166 phone; 8 word bndry)
INFO: main.c(590): 40 Left Only questions, and 42 Right Only questions
INFO: dtree.c(1478): Final simple tree
|( WDBNDRY_B 0 -6.122e+04 1.050e+03 2.621e+02
|    ( QUESTION2_0_L -1 -4.991e+04 1.697e+02 2.211e+02
|        ( - -2.111e+04 9 0 QUESTION19 -1 1.112e+02 9.300e+01)
|        ( - -2.864e+04 4 0 SILENCE -1 5.834e+01 1.281e+02))
|    ( QUESTION0_11_R 1 -1.026e+04 4.430e+02 4.101e+01
|        ( - 9.973e+01 1 0)
|        ( QUESTION0_4_R 1 -9.913e+03 4.389e+02 4.001e+01
|            ( - 7.984e+01 1 0)
|            ( QUESTION0 -1 -9.554e+03 4.026e+02 3.901e+01
|                ( - -2.261e+03 1 0)
|                ( QUESTION0_9_R 1 -6.890e+03 3.194e+02 2.801e+01
|                    ( WDBNDRY_E 0 -2.613e+03 4.652e+02 1.201e+01
|                        ( - 1.978e+02 1 0)
|                        ( - -2.346e+03 1 0))
|                    ( - -3.958e+03 5 0 SILENCE 1 1.539e+02 1.600e+01))))))
s>    ( WDBNDRY_B 0 -6.122e+04 1.050e+03 2.621e+02
s>        ( QUESTION2_0_L -1 -4.991e+04 1.697e+02 2.211e+02
s>            ( - -2.111e+04 9 0 QUESTION19 -1 1.112e+02 9.300e+01)
s>            ( - -2.864e+04 4 0 SILENCE -1 5.834e+01 1.281e+02))
s>        ( QUESTION0_11_R 1 -1.026e+04 4.430e+02 4.101e+01
s>            ( - 9.973e+01 1 0)
s>            ( QUESTION0_4_R 1 -9.913e+03 4.389e+02 4.001e+01
s>                ( - 7.984e+01 1 0)
s>                ( QUESTION0 -1 -9.554e+03 4.026e+02 3.901e+01
s>                    ( - -2.261e+03 1 0)
s>                    ( QUESTION0_9_R 1 -6.890e+03 3.194e+02 2.801e+01
s>                        ( WDBNDRY_E 0 -2.613e+03 4.652e+02 1.201e+01
s>                            ( - 1.978e+02 1 0)
s>                            ( - -2.346e+03 1 0))
s>                        ( - -3.958e+03 5 0 SILENCE 1 1.539e+02 1.600e+01))))))INFO: dtree.c(1315): Comp split 0
INFO: dtree.c(1478): Final simple tree
|( QUESTION0_11_R 1 -1.026e+04 4.430e+02 4.101e+01
|    ( - 9.973e+01 1 0)
|    ( QUESTION0_4_R 1 -9.913e+03 4.389e+02 4.001e+01
|        ( - 7.984e+01 1 0)
|        ( QUESTION0 -1 -9.554e+03 4.026e+02 3.901e+01
|            ( - -2.261e+03 1 0)
|            ( QUESTION0_9_R 1 -6.890e+03 3.194e+02 2.801e+01
|                ( WDBNDRY_E 0 -2.613e+03 4.652e+02 1.201e+01
|                    ( - 1.978e+02 1 0)
|                    ( - -2.346e+03 1 0))
|                ( SILENCE 1 -3.958e+03 1.539e+02 1.600e+01
|                    ( - -3.011e+02 1 0)
|                    ( QUESTION0_1_R 1 -3.503e+03 1.467e+02 1.400e+01
|                        ( - -3.518e+02 1 0)
|                        ( - -3.004e+03 3 0 QUESTION0_0_R 1 1.382e+02 1.200e+01)))))))
s>    ( QUESTION0_11_R 1 -1.026e+04 4.430e+02 4.101e+01
s>        ( - 9.973e+01 1 0)
s>        ( QUESTION0_4_R 1 -9.913e+03 4.389e+02 4.001e+01
s>            ( - 7.984e+01 1 0)
s>            ( QUESTION0 -1 -9.554e+03 4.026e+02 3.901e+01
s>                ( - -2.261e+03 1 0)
s>                ( QUESTION0_9_R 1 -6.890e+03 3.194e+02 2.801e+01
s>                    ( WDBNDRY_E 0 -2.613e+03 4.652e+02 1.201e+01
s>                        ( - 1.978e+02 1 0)
s>                        ( - -2.346e+03 1 0))
s>                    ( SILENCE 1 -3.958e+03 1.539e+02 1.600e+01
s>                        ( - -3.011e+02 1 0)
s>                        ( QUESTION0_1_R 1 -3.503e+03 1.467e+02 1.400e+01
s>                            ( - -3.518e+02 1 0)
s>                            ( - -3.004e+03 3 0 QUESTION0_0_R 1 1.382e+02 1.200e+01)))))))INFO: dtree.c(1478): Final simple tree
|( QUESTION2_0_L -1 -4.991e+04 1.697e+02 2.211e+02
|    ( QUESTION19 -1 -2.111e+04 1.112e+02 9.300e+01
|        ( - -7.764e+02 1 0)
|        ( QUESTION2_10_L -1 -2.022e+04 1.082e+02 8.900e+01
|            ( - -2.788e+03 1 0)
|            ( QUESTION2 -1 -1.732e+04 1.067e+02 7.679e+01
|                ( - -1.897e+03 2 0)
|                ( QUESTION10 -1 -1.532e+04 8.578e+01 6.782e+01
|                    ( - -1.685e+03 1 0)
|                    ( QUESTION5 -1 -1.355e+04 7.576e+01 5.982e+01
|                        ( - -1.951e+03 1 0)
|                        ( QUESTION0 -1 -1.152e+04 6.929e+01 5.082e+01
|                            ( - -1.014e+04 1 0)
|                            ( - -1.312e+03 2 0)))))))
|    ( - -2.864e+04 4 0 SILENCE -1 5.834e+01 1.281e+02))
s>    ( QUESTION2_0_L -1 -4.991e+04 1.697e+02 2.211e+02
s>        ( QUESTION19 -1 -2.111e+04 1.112e+02 9.300e+01
s>            ( - -7.764e+02 1 0)
s>            ( QUESTION2_10_L -1 -2.022e+04 1.082e+02 8.900e+01
s>                ( - -2.788e+03 1 0)
s>                ( QUESTION2 -1 -1.732e+04 1.067e+02 7.679e+01
s>                    ( - -1.897e+03 2 0)
s>                    ( QUESTION10 -1 -1.532e+04 8.578e+01 6.782e+01
s>                        ( - -1.685e+03 1 0)
s>                        ( QUESTION5 -1 -1.355e+04 7.576e+01 5.982e+01
s>                            ( - -1.951e+03 1 0)
s>                            ( QUESTION0 -1 -1.152e+04 6.929e+01 5.082e+01
s>                                ( - -1.014e+04 1 0)
s>                                ( - -1.312e+03 2 0)))))))
s>        ( - -2.864e+04 4 0 SILENCE -1 5.834e+01 1.281e+02))INFO: dtree.c(1315): Comp split 1
INFO: dtree.c(1478): Final simple tree
|( QUESTION0_11_R 1 -9.996e+03 4.428e+02 4.001e+01
|    ( - 9.973e+01 1 0)
|    ( QUESTION0_4_R 1 -9.653e+03 4.390e+02 3.901e+01
|        ( - 7.984e+01 1 0)
|        ( QUESTION0 -1 -9.294e+03 4.031e+02 3.801e+01
|            ( - -2.261e+03 1 0)
|            ( WDBNDRY_E 0 -6.630e+03 3.265e+02 2.701e+01
|                ( SILENCE 1 -3.958e+03 1.539e+02 1.600e+01
|                    ( - -3.011e+02 1 0)
|                    ( QUESTION0_1_R 1 -3.503e+03 1.467e+02 1.400e+01
|                        ( - -3.518e+02 1 0)
|                        ( QUESTION0_0_R 1 -3.004e+03 1.382e+02 1.200e+01
|                            ( - -1.653e+03 2 0 QUESTION4 1 1.648e+02 7.000e+00)
|                            ( - -1.213e+03 1 0))))
|                ( - -2.346e+03 1 0)))))
s>    ( QUESTION0_11_R 1 -9.996e+03 4.428e+02 4.001e+01
s>        ( - 9.973e+01 1 0)
s>        ( QUESTION0_4_R 1 -9.653e+03 4.390e+02 3.901e+01
s>            ( - 7.984e+01 1 0)
s>            ( QUESTION0 -1 -9.294e+03 4.031e+02 3.801e+01
s>                ( - -2.261e+03 1 0)
s>                ( WDBNDRY_E 0 -6.630e+03 3.265e+02 2.701e+01
s>                    ( SILENCE 1 -3.958e+03 1.539e+02 1.600e+01
s>                        ( - -3.011e+02 1 0)
s>                        ( QUESTION0_1_R 1 -3.503e+03 1.467e+02 1.400e+01
s>                            ( - -3.518e+02 1 0)
s>                            ( QUESTION0_0_R 1 -3.004e+03 1.382e+02 1.200e+01
s>                                ( - -1.653e+03 2 0 QUESTION4 1 1.648e+02 7.000e+00)
s>                                ( - -1.213e+03 1 0))))
s>                    ( - -2.346e+03 1 0)))))INFO: dtree.c(1315): Comp split 2
INFO: dtree.c(1478): Final simple tree
|( QUESTION0_4_R 1 -9.653e+03 4.390e+02 3.901e+01
|    ( - 7.984e+01 1 0)
|    ( QUESTION0 -1 -9.294e+03 4.031e+02 3.801e+01
|        ( - -2.261e+03 1 0)
|        ( WDBNDRY_E 0 -6.630e+03 3.265e+02 2.701e+01
|            ( SILENCE 1 -3.958e+03 1.539e+02 1.600e+01
|                ( - -3.011e+02 1 0)
|                ( QUESTION0_1_R 1 -3.503e+03 1.467e+02 1.400e+01
|                    ( - -3.518e+02 1 0)
|                    ( QUESTION0_0_R 1 -3.004e+03 1.382e+02 1.200e+01
|                        ( QUESTION4 1 -1.653e+03 1.648e+02 7.000e+00
|                            ( - -4.164e+02 1 0)
|                            ( - -1.072e+03 1 0))
|                        ( - -1.213e+03 1 0))))
|            ( - -2.346e+03 1 0))))
s>    ( QUESTION0_4_R 1 -9.653e+03 4.390e+02 3.901e+01
s>        ( - 7.984e+01 1 0)
s>        ( QUESTION0 -1 -9.294e+03 4.031e+02 3.801e+01
s>            ( - -2.261e+03 1 0)
s>            ( WDBNDRY_E 0 -6.630e+03 3.265e+02 2.701e+01
s>                ( SILENCE 1 -3.958e+03 1.539e+02 1.600e+01
s>                    ( - -3.011e+02 1 0)
s>                    ( QUESTION0_1_R 1 -3.503e+03 1.467e+02 1.400e+01
s>                        ( - -3.518e+02 1 0)
s>                        ( QUESTION0_0_R 1 -3.004e+03 1.382e+02 1.200e+01
s>                            ( QUESTION4 1 -1.653e+03 1.648e+02 7.000e+00
s>                                ( - -4.164e+02 1 0)
s>                                ( - -1.072e+03 1 0))
s>                            ( - -1.213e+03 1 0))))
s>                ( - -2.346e+03 1 0))))INFO: dtree.c(1315): Comp split 3
INFO: dtree.c(1439): stop. leaf nodes are specific
INFO: dtree.c(1478): Final simple tree
|( QUESTION0 -1 -9.294e+03 4.031e+02 3.801e+01
|    ( - -2.261e+03 1 0)
|    ( WDBNDRY_E 0 -6.630e+03 3.265e+02 2.701e+01
|        ( SILENCE 1 -3.958e+03 1.539e+02 1.600e+01
|            ( - -3.011e+02 1 0)
|            ( QUESTION0_1_R 1 -3.503e+03 1.467e+02 1.400e+01
|                ( - -3.518e+02 1 0)
|                ( QUESTION0_0_R 1 -3.004e+03 1.382e+02 1.200e+01
|                    ( QUESTION4 1 -1.653e+03 1.648e+02 7.000e+00
|                        ( - -4.164e+02 1 0)
|                        ( - -1.072e+03 1 0))
|                    ( - -1.213e+03 1 0))))
|        ( - -2.346e+03 1 0)))
s>    ( QUESTION0 -1 -9.294e+03 4.031e+02 3.801e+01
s>        ( - -2.261e+03 1 0)
s>        ( WDBNDRY_E 0 -6.630e+03 3.265e+02 2.701e+01
s>            ( SILENCE 1 -3.958e+03 1.539e+02 1.600e+01
s>                ( - -3.011e+02 1 0)
s>                ( QUESTION0_1_R 1 -3.503e+03 1.467e+02 1.400e+01
s>                    ( - -3.518e+02 1 0)
s>                    ( QUESTION0_0_R 1 -3.004e+03 1.382e+02 1.200e+01
s>                        ( QUESTION4 1 -1.653e+03 1.648e+02 7.000e+00
s>                            ( - -4.164e+02 1 0)
s>                            ( - -1.072e+03 1 0))
s>                        ( - -1.213e+03 1 0))))
s>            ( - -2.346e+03 1 0)))INFO: dtree.c(1315): Comp split 4
INFO: dtree.c(1439): stop. leaf nodes are specific
INFO: dtree.c(1478): Final simple tree
|( WDBNDRY_E 0 -6.630e+03 3.265e+02 2.701e+01
|    ( SILENCE 1 -3.958e+03 1.539e+02 1.600e+01
|        ( - -3.011e+02 1 0)
|        ( QUESTION0_1_R 1 -3.503e+03 1.467e+02 1.400e+01
|            ( - -3.518e+02 1 0)
|            ( QUESTION0_0_R 1 -3.004e+03 1.382e+02 1.200e+01
|                ( QUESTION4 1 -1.653e+03 1.648e+02 7.000e+00
|                    ( - -4.164e+02 1 0)
|                    ( - -1.072e+03 1 0))
|                ( - -1.213e+03 1 0))))
|    ( - -2.346e+03 1 0))
s>    ( WDBNDRY_E 0 -6.630e+03 3.265e+02 2.701e+01
s>        ( SILENCE 1 -3.958e+03 1.539e+02 1.600e+01
s>            ( - -3.011e+02 1 0)
s>            ( QUESTION0_1_R 1 -3.503e+03 1.467e+02 1.400e+01
s>                ( - -3.518e+02 1 0)
s>                ( QUESTION0_0_R 1 -3.004e+03 1.382e+02 1.200e+01
s>                    ( QUESTION4 1 -1.653e+03 1.648e+02 7.000e+00
s>                        ( - -4.164e+02 1 0)
s>                        ( - -1.072e+03 1 0))
s>                    ( - -1.213e+03 1 0))))
s>        ( - -2.346e+03 1 0))INFO: dtree.c(1315): Comp split 5
INFO: dtree.c(1439): stop. leaf nodes are specific
INFO: dtree.c(1478): Final simple tree
|( SILENCE 1 -3.958e+03 1.539e+02 1.600e+01
|    ( - -3.011e+02 1 0)
|    ( QUESTION0_1_R 1 -3.503e+03 1.467e+02 1.400e+01
|        ( - -3.518e+02 1 0)
|        ( QUESTION0_0_R 1 -3.004e+03 1.382e+02 1.200e+01
|            ( QUESTION4 1 -1.653e+03 1.648e+02 7.000e+00
|                ( - -4.164e+02 1 0)
|                ( - -1.072e+03 1 0))
|            ( - -1.213e+03 1 0))))
s>    ( SILENCE 1 -3.958e+03 1.539e+02 1.600e+01
s>        ( - -3.011e+02 1 0)
s>        ( QUESTION0_1_R 1 -3.503e+03 1.467e+02 1.400e+01
s>            ( - -3.518e+02 1 0)
s>            ( QUESTION0_0_R 1 -3.004e+03 1.382e+02 1.200e+01
s>                ( QUESTION4 1 -1.653e+03 1.648e+02 7.000e+00
s>                    ( - -4.164e+02 1 0)
s>                    ( - -1.072e+03 1 0))
s>                ( - -1.213e+03 1 0))))INFO: dtree.c(1315): Comp split 6
INFO: dtree.c(1439): stop. leaf nodes are specific
INFO: dtree.c(1478): Final simple tree
|( QUESTION10 -1 -3.153e+04 9.440e+01 1.411e+02
|    ( - -7.764e+02 1 0)
|    ( QUESTION5 -1 -3.066e+04 7.184e+01 1.371e+02
|        ( - -1.951e+03 1 0)
|        ( SILENCE -1 -2.864e+04 5.834e+01 1.281e+02
|            ( - -2.534e+03 1 0)
|            ( - -2.605e+04 3 0))))
s>    ( QUESTION10 -1 -3.153e+04 9.440e+01 1.411e+02
s>        ( - -7.764e+02 1 0)
s>        ( QUESTION5 -1 -3.066e+04 7.184e+01 1.371e+02
s>            ( - -1.951e+03 1 0)
s>            ( SILENCE -1 -2.864e+04 5.834e+01 1.281e+02
s>                ( - -2.534e+03 1 0)
s>                ( - -2.605e+04 3 0))))INFO: dtree.c(1439): stop. leaf nodes are specific
INFO: dtree.c(1478): Final simple tree
|( QUESTION2 -1 -1.819e+04 1.084e+02 8.000e+01
|    ( - -1.897e+03 2 0)
|    ( QUESTION2_10_L -1 -1.619e+04 1.069e+02 7.103e+01
|        ( - -2.788e+03 1 0)
|        ( QUESTION5 -1 -1.329e+04 8.583e+01 5.882e+01
|            ( - -1.685e+03 1 0)
|            ( QUESTION0 -1 -1.152e+04 6.929e+01 5.082e+01
|                ( - -1.014e+04 1 0)
|                ( - -1.312e+03 2 0)))))
s>    ( QUESTION2 -1 -1.819e+04 1.084e+02 8.000e+01
s>        ( - -1.897e+03 2 0)
s>        ( QUESTION2_10_L -1 -1.619e+04 1.069e+02 7.103e+01
s>            ( - -2.788e+03 1 0)
s>            ( QUESTION5 -1 -1.329e+04 8.583e+01 5.882e+01
s>                ( - -1.685e+03 1 0)
s>                ( QUESTION0 -1 -1.152e+04 6.929e+01 5.082e+01
s>                    ( - -1.014e+04 1 0)
s>                    ( - -1.312e+03 2 0)))))INFO: dtree.c(1315): Comp split 7
INFO: dtree.c(1439): stop. leaf nodes are specific
INFO: dtree.c(1478): Final simple tree
|( QUESTION0_1_R 1 -3.503e+03 1.467e+02 1.400e+01
|    ( - -3.518e+02 1 0)
|    ( QUESTION0_0_R 1 -3.004e+03 1.382e+02 1.200e+01
|        ( QUESTION4 1 -1.653e+03 1.648e+02 7.000e+00
|            ( - -4.164e+02 1 0)
|            ( - -1.072e+03 1 0))
|        ( - -1.213e+03 1 0)))
s>    ( QUESTION0_1_R 1 -3.503e+03 1.467e+02 1.400e+01
s>        ( - -3.518e+02 1 0)
s>        ( QUESTION0_0_R 1 -3.004e+03 1.382e+02 1.200e+01
s>            ( QUESTION4 1 -1.653e+03 1.648e+02 7.000e+00
s>                ( - -4.164e+02 1 0)
s>                ( - -1.072e+03 1 0))
s>            ( - -1.213e+03 1 0)))INFO: dtree.c(1315): Comp split 8
INFO: dtree.c(1439): stop. leaf nodes are specific
INFO: dtree.c(1478): Final simple tree
|( QUESTION0_1_R 1 -2.932e+03 1.494e+02 1.200e+01
|    ( - -3.518e+02 1 0)
|    ( QUESTION0_0_R 1 -2.431e+03 1.460e+02 1.000e+01
|        ( - -1.072e+03 1 0)
|        ( - -1.213e+03 1 0)))
s>    ( QUESTION0_1_R 1 -2.932e+03 1.494e+02 1.200e+01
s>        ( - -3.518e+02 1 0)
s>        ( QUESTION0_0_R 1 -2.431e+03 1.460e+02 1.000e+01
s>            ( - -1.072e+03 1 0)
s>            ( - -1.213e+03 1 0)))INFO: dtree.c(1315): Comp split 9
INFO: dtree.c(1439): stop. leaf nodes are specific
INFO: dtree.c(1478): Final simple tree
|( QUESTION0_0_R 1 -2.431e+03 1.460e+02 1.000e+01
|    ( - -1.072e+03 1 0)
|    ( - -1.213e+03 1 0))
s>    ( QUESTION0_0_R 1 -2.431e+03 1.460e+02 1.000e+01
s>        ( - -1.072e+03 1 0)
s>        ( - -1.213e+03 1 0))INFO: dtree.c(1315): Comp split 10
INFO: dtree.c(1315): Comp split 11
INFO: dtree.c(1439): stop. leaf nodes are specific
INFO: dtree.c(1478): Final simple tree
|( QUESTION2_10_L -1 -1.619e+04 1.069e+02 7.103e+01
|    ( - -2.788e+03 1 0)
|    ( QUESTION5 -1 -1.329e+04 8.583e+01 5.882e+01
|        ( - -1.685e+03 1 0)
|        ( QUESTION0 -1 -1.152e+04 6.929e+01 5.082e+01
|            ( - -1.014e+04 1 0)
|            ( - -1.312e+03 2 0))))
s>    ( QUESTION2_10_L -1 -1.619e+04 1.069e+02 7.103e+01
s>        ( - -2.788e+03 1 0)
s>        ( QUESTION5 -1 -1.329e+04 8.583e+01 5.882e+01
s>            ( - -1.685e+03 1 0)
s>            ( QUESTION0 -1 -1.152e+04 6.929e+01 5.082e+01
s>                ( - -1.014e+04 1 0)
s>                ( - -1.312e+03 2 0))))INFO: dtree.c(1315): Comp split 12
INFO: dtree.c(1439): stop. leaf nodes are specific
INFO: dtree.c(1478): Final simple tree
|( QUESTION5 -1 -1.329e+04 8.583e+01 5.882e+01
|    ( - -1.685e+03 1 0)
|    ( QUESTION0 -1 -1.152e+04 6.929e+01 5.082e+01
|        ( - -1.014e+04 1 0)
|        ( - -1.312e+03 2 0)))
s>    ( QUESTION5 -1 -1.329e+04 8.583e+01 5.882e+01
s>        ( - -1.685e+03 1 0)
s>        ( QUESTION0 -1 -1.152e+04 6.929e+01 5.082e+01
s>            ( - -1.014e+04 1 0)
s>            ( - -1.312e+03 2 0)))INFO: dtree.c(1315): Comp split 13
INFO: dtree.c(1439): stop. leaf nodes are specific
INFO: dtree.c(1478): Final simple tree
|( QUESTION5 -1 -3.066e+04 7.184e+01 1.371e+02
|    ( - -1.951e+03 1 0)
|    ( SILENCE -1 -2.864e+04 5.834e+01 1.281e+02
|        ( - -2.534e+03 1 0)
|        ( - -2.605e+04 3 0)))
s>    ( QUESTION5 -1 -3.066e+04 7.184e+01 1.371e+02
s>        ( - -1.951e+03 1 0)
s>        ( SILENCE -1 -2.864e+04 5.834e+01 1.281e+02
s>            ( - -2.534e+03 1 0)
s>            ( - -2.605e+04 3 0)))INFO: dtree.c(1315): Comp split 14
INFO: dtree.c(1439): stop. leaf nodes are specific
INFO: dtree.c(1478): Final simple tree
|( QUESTION0 -1 -1.152e+04 6.929e+01 5.082e+01
|    ( - -1.014e+04 1 0)
|    ( - -1.312e+03 2 0))
s>    ( QUESTION0 -1 -1.152e+04 6.929e+01 5.082e+01
s>        ( - -1.014e+04 1 0)
s>        ( - -1.312e+03 2 0))INFO: dtree.c(1315): Comp split 15
INFO: dtree.c(1439): stop. leaf nodes are specific
INFO: dtree.c(1478): Final simple tree
|( SILENCE -1 -2.864e+04 5.834e+01 1.281e+02
|    ( - -2.534e+03 1 0)
|    ( - -2.605e+04 3 0))
s>    ( SILENCE -1 -2.864e+04 5.834e+01 1.281e+02
s>        ( - -2.534e+03 1 0)
s>        ( - -2.605e+04 3 0))INFO: dtree.c(1315): Comp split 16
INFO: dtree.c(1315): Comp split 17
INFO: dtree.c(1315): Comp split 18
INFO: dtree.c(1318): stop. leaf nodes are specific
Mon Jan 30 07:35:45 2017
