Current configuration:
[NAME]		[DEFLT]	[VALUE]
-allphones	no	no
-cntthresh	0.00001	1.000000e-05
-csplitmax	100	2000
-csplitmin	1	1
-csplitthr	8e-4	0.000000e+00
-example	no	no
-fullvar	no	no
-help		no	no
-meanfn			/Users/benroye/forge/cmusphinx/voiceVim/model_parameters/voiceVim.cd_cont_untied/means
-mixwfn			/Users/benroye/forge/cmusphinx/voiceVim/model_parameters/voiceVim.cd_cont_untied/mixture_weights
-moddeffn		/Users/benroye/forge/cmusphinx/voiceVim/model_architecture/voiceVim.untied.mdef
-mwfloor	1e-4	1.000000e-08
-phone			l
-psetfn			/Users/benroye/forge/cmusphinx/voiceVim/model_architecture/voiceVim.tree_questions
-ssplitmax	5	7
-ssplitmin	1	1
-ssplitthr	8e-4	0.000000e+00
-state			2
-stwt			1.0,0.05,0.0,
-treefn			/Users/benroye/forge/cmusphinx/voiceVim/trees/voiceVim.unpruned/l-2.dtree
-ts2cbfn	.semi.	.cont.
-varfloor	0.00001	1.000000e-05
-varfn			/Users/benroye/forge/cmusphinx/voiceVim/model_parameters/voiceVim.cd_cont_untied/variances

INFO: main.c(223): Reading: /Users/benroye/forge/cmusphinx/voiceVim/model_architecture/voiceVim.untied.mdef
INFO: model_def_io.c(573): Model definition info:
INFO: model_def_io.c(574): 2249 total models defined (39 base, 2210 tri)
INFO: model_def_io.c(575): 8996 total states
INFO: model_def_io.c(576): 6747 total tied states
INFO: model_def_io.c(577): 117 total tied CI states
INFO: model_def_io.c(578): 39 total tied transition matrices
INFO: model_def_io.c(579): 4 max state/model
INFO: model_def_io.c(580): 4 min state/model
INFO: main.c(242): Building trees for [l SIL e b] through [l z ee b]
INFO: main.c(269): Covering states |[2763 3023]| == 261
INFO: main.c(275): Reading: /Users/benroye/forge/cmusphinx/voiceVim/model_parameters/voiceVim.cd_cont_untied/mixture_weights
INFO: s3mixw_io.c(173): Read /Users/benroye/forge/cmusphinx/voiceVim/model_parameters/voiceVim.cd_cont_untied/mixture_weights [261x1x1 array]
INFO: main.c(311): 87 of 87 models have observation count greater than 0.000010
INFO: main.c(95): nrm stwt: 0.000 0.048 0.952 
INFO: s3gau_io.c(169): Read /Users/benroye/forge/cmusphinx/voiceVim/model_parameters/voiceVim.cd_cont_untied/means [6747x1x1 array]
INFO: s3gau_io.c(169): Read /Users/benroye/forge/cmusphinx/voiceVim/model_parameters/voiceVim.cd_cont_untied/variances [6747x1x1 array]
INFO: main.c(549): Reading: /Users/benroye/forge/cmusphinx/voiceVim/model_architecture/voiceVim.tree_questions
INFO: main.c(588): 174 total simple questions (166 phone; 8 word bndry)
INFO: main.c(590): 40 Left Only questions, and 42 Right Only questions
INFO: dtree.c(1478): Final simple tree
|( QUESTION4 1 -7.278e+05 8.555e+03 3.117e+03
|    ( QUESTION0_0_R 1 -4.947e+05 5.599e+03 2.119e+03
|        ( WDBNDRY_E 0 -3.861e+05 2.861e+03 1.631e+03
|            ( - -4.108e+04 5 0 QUESTION0_8_R 1 3.283e+02 1.841e+02)
|            ( QUESTION2_11_L -1 -3.421e+05 2.382e+03 1.447e+03
|                ( - -5.571e+04 2 0 WDBNDRY_B 0 4.955e+02 2.498e+02)
|                ( WDBNDRY_B 0 -2.840e+05 1.534e+03 1.197e+03
|                    ( - -9.480e+04 21 0 QUESTION10 -1 9.755e+02 4.091e+02)
|                    ( - -1.877e+05 14 0 QUESTION2_16_L -1 2.130e+03 7.880e+02))))
|        ( QUESTION2_3_L -1 -1.030e+05 1.688e+03 4.878e+02
|            ( - -1.548e+04 1 0)
|            ( - -8.584e+04 6 0 QUESTION2_2_L -1 6.241e+02 4.145e+02)))
|    ( QUESTION11 1 -2.246e+05 2.454e+03 9.980e+02
|        ( - -1.410e+04 11 0 QUESTION2 -1 5.027e+02 6.188e+01)
|        ( - -2.080e+05 27 0 QUESTION15 1 1.354e+03 9.361e+02)))
s>    ( QUESTION4 1 -7.278e+05 8.555e+03 3.117e+03
s>        ( QUESTION0_0_R 1 -4.947e+05 5.599e+03 2.119e+03
s>            ( WDBNDRY_E 0 -3.861e+05 2.861e+03 1.631e+03
s>                ( - -4.108e+04 5 0 QUESTION0_8_R 1 3.283e+02 1.841e+02)
s>                ( QUESTION2_11_L -1 -3.421e+05 2.382e+03 1.447e+03
s>                    ( - -5.571e+04 2 0 WDBNDRY_B 0 4.955e+02 2.498e+02)
s>                    ( WDBNDRY_B 0 -2.840e+05 1.534e+03 1.197e+03
s>                        ( - -9.480e+04 21 0 QUESTION10 -1 9.755e+02 4.091e+02)
s>                        ( - -1.877e+05 14 0 QUESTION2_16_L -1 2.130e+03 7.880e+02))))
s>            ( QUESTION2_3_L -1 -1.030e+05 1.688e+03 4.878e+02
s>                ( - -1.548e+04 1 0)
s>                ( - -8.584e+04 6 0 QUESTION2_2_L -1 6.241e+02 4.145e+02)))
s>        ( QUESTION11 1 -2.246e+05 2.454e+03 9.980e+02
s>            ( - -1.410e+04 11 0 QUESTION2 -1 5.027e+02 6.188e+01)
s>            ( - -2.080e+05 27 0 QUESTION15 1 1.354e+03 9.361e+02)))INFO: dtree.c(1315): Comp split 0
INFO: dtree.c(1478): Final simple tree
|( QUESTION15 1 -2.503e+05 1.602e+03 1.120e+03
|    ( - -9.274e+04 3 0 QUESTION2_11_L -1 2.340e+02 4.348e+02)
|    ( WDBNDRY_E 0 -1.559e+05 1.303e+03 6.854e+02
|        ( QUESTION0_8_R 1 -7.805e+04 6.254e+02 3.454e+02
|            ( - -3.318e+04 4 0 QUESTION4 -1 1.858e+02 1.479e+02)
|            ( QUESTION0_2_R 1 -4.425e+04 4.735e+02 1.975e+02
|                ( - 2.419e+02 1 0)
|                ( QUESTION2_9_L -1 -4.401e+04 3.927e+02 1.965e+02
|                    ( - -3.025e+04 7 0 QUESTION0 1 2.925e+02 1.380e+02)
|                    ( - -1.337e+04 9 0 QUESTION0_10_R 1 1.992e+02 5.849e+01))))
|        ( QUESTION0_4_R 1 -7.659e+04 1.114e+03 3.400e+02
|            ( - -3.632e+04 1 0)
|            ( QUESTION0_1_R 1 -3.916e+04 6.474e+02 1.684e+02
|                ( - -1.051e+04 3 0 QUESTION0 1 1.971e+02 4.482e+01)
|                ( - -2.800e+04 4 0 QUESTION2_0_L -1 3.269e+02 1.236e+02)))))
s>    ( QUESTION15 1 -2.503e+05 1.602e+03 1.120e+03
s>        ( - -9.274e+04 3 0 QUESTION2_11_L -1 2.340e+02 4.348e+02)
s>        ( WDBNDRY_E 0 -1.559e+05 1.303e+03 6.854e+02
s>            ( QUESTION0_8_R 1 -7.805e+04 6.254e+02 3.454e+02
s>                ( - -3.318e+04 4 0 QUESTION4 -1 1.858e+02 1.479e+02)
s>                ( QUESTION0_2_R 1 -4.425e+04 4.735e+02 1.975e+02
s>                    ( - 2.419e+02 1 0)
s>                    ( QUESTION2_9_L -1 -4.401e+04 3.927e+02 1.965e+02
s>                        ( - -3.025e+04 7 0 QUESTION0 1 2.925e+02 1.380e+02)
s>                        ( - -1.337e+04 9 0 QUESTION0_10_R 1 1.992e+02 5.849e+01))))
s>            ( QUESTION0_4_R 1 -7.659e+04 1.114e+03 3.400e+02
s>                ( - -3.632e+04 1 0)
s>                ( QUESTION0_1_R 1 -3.916e+04 6.474e+02 1.684e+02
s>                    ( - -1.051e+04 3 0 QUESTION0 1 1.971e+02 4.482e+01)
s>                    ( - -2.800e+04 4 0 QUESTION2_0_L -1 3.269e+02 1.236e+02)))))INFO: dtree.c(1478): Final simple tree
|( QUESTION0_0_R 1 -4.654e+05 5.765e+03 1.997e+03
|    ( QUESTION2_11_L -1 -3.566e+05 2.378e+03 1.509e+03
|        ( - -5.571e+04 2 0 WDBNDRY_B 0 4.955e+02 2.498e+02)
|        ( QUESTION2_16_L -1 -2.986e+05 1.492e+03 1.259e+03
|            ( - -3.164e+04 1 0)
|            ( WDBNDRY_B 0 -2.654e+05 2.050e+03 1.117e+03
|                ( QUESTION10 -1 -1.044e+05 1.012e+03 4.499e+02
|                    ( - -1.876e+04 5 0 QUESTION4 1 4.034e+02 8.306e+01)
|                    ( - -8.466e+04 23 0 QUESTION4 1 3.884e+02 3.669e+02))
|                ( QUESTION0 -1 -1.589e+05 1.311e+03 6.670e+02
|                    ( - -2.988e+04 4 0 QUESTION1 -1 8.586e+02 1.296e+02)
|                    ( - -1.278e+05 13 0 QUESTION2_14_L -1 7.078e+02 5.375e+02)))))
|    ( QUESTION2_3_L -1 -1.030e+05 1.688e+03 4.878e+02
|        ( - -1.548e+04 1 0)
|        ( - -8.584e+04 6 0 QUESTION2_2_L -1 6.241e+02 4.145e+02)))
s>    ( QUESTION0_0_R 1 -4.654e+05 5.765e+03 1.997e+03
s>        ( QUESTION2_11_L -1 -3.566e+05 2.378e+03 1.509e+03
s>            ( - -5.571e+04 2 0 WDBNDRY_B 0 4.955e+02 2.498e+02)
s>            ( QUESTION2_16_L -1 -2.986e+05 1.492e+03 1.259e+03
s>                ( - -3.164e+04 1 0)
s>                ( WDBNDRY_B 0 -2.654e+05 2.050e+03 1.117e+03
s>                    ( QUESTION10 -1 -1.044e+05 1.012e+03 4.499e+02
s>                        ( - -1.876e+04 5 0 QUESTION4 1 4.034e+02 8.306e+01)
s>                        ( - -8.466e+04 23 0 QUESTION4 1 3.884e+02 3.669e+02))
s>                    ( QUESTION0 -1 -1.589e+05 1.311e+03 6.670e+02
s>                        ( - -2.988e+04 4 0 QUESTION1 -1 8.586e+02 1.296e+02)
s>                        ( - -1.278e+05 13 0 QUESTION2_14_L -1 7.078e+02 5.375e+02)))))
s>        ( QUESTION2_3_L -1 -1.030e+05 1.688e+03 4.878e+02
s>            ( - -1.548e+04 1 0)
s>            ( - -8.584e+04 6 0 QUESTION2_2_L -1 6.241e+02 4.145e+02)))INFO: dtree.c(1315): Comp split 1
INFO: dtree.c(1478): Final simple tree
|( QUESTION0_0_R 1 -2.849e+05 3.377e+03 1.238e+03
|    ( QUESTION2_1_L -1 -1.785e+05 1.488e+03 7.501e+02
|        ( QUESTION2 -1 -4.838e+04 7.897e+02 2.086e+02
|            ( - -1.714e+04 3 0 WDBNDRY_E 0 5.211e+02 7.465e+01)
|            ( WDBNDRY_B 0 -3.045e+04 6.718e+02 1.340e+02
|                ( - -1.790e+04 4 0 QUESTION4 1 4.025e+02 7.906e+01)
|                ( - -1.188e+04 1 0)))
|        ( QUESTION2_14_L -1 -1.287e+05 7.064e+02 5.415e+02
|            ( - -1.397e+04 1 0)
|            ( QUESTION2_5_L -1 -1.140e+05 6.623e+02 4.762e+02
|                ( - -1.771e+04 2 0 QUESTION0_8_R 1 6.752e+02 7.794e+01)
|                ( - -9.561e+04 11 0 QUESTION0_9_R 1 3.836e+02 3.983e+02))))
|    ( QUESTION2_3_L -1 -1.030e+05 1.688e+03 4.878e+02
|        ( - -1.548e+04 1 0)
|        ( - -8.584e+04 6 0 QUESTION2_2_L -1 6.241e+02 4.145e+02)))
s>    ( QUESTION0_0_R 1 -2.849e+05 3.377e+03 1.238e+03
s>        ( QUESTION2_1_L -1 -1.785e+05 1.488e+03 7.501e+02
s>            ( QUESTION2 -1 -4.838e+04 7.897e+02 2.086e+02
s>                ( - -1.714e+04 3 0 WDBNDRY_E 0 5.211e+02 7.465e+01)
s>                ( WDBNDRY_B 0 -3.045e+04 6.718e+02 1.340e+02
s>                    ( - -1.790e+04 4 0 QUESTION4 1 4.025e+02 7.906e+01)
s>                    ( - -1.188e+04 1 0)))
s>            ( QUESTION2_14_L -1 -1.287e+05 7.064e+02 5.415e+02
s>                ( - -1.397e+04 1 0)
s>                ( QUESTION2_5_L -1 -1.140e+05 6.623e+02 4.762e+02
s>                    ( - -1.771e+04 2 0 QUESTION0_8_R 1 6.752e+02 7.794e+01)
s>                    ( - -9.561e+04 11 0 QUESTION0_9_R 1 3.836e+02 3.983e+02))))
s>        ( QUESTION2_3_L -1 -1.030e+05 1.688e+03 4.878e+02
s>            ( - -1.548e+04 1 0)
s>            ( - -8.584e+04 6 0 QUESTION2_2_L -1 6.241e+02 4.145e+02)))INFO: dtree.c(1478): Final simple tree
|( QUESTION2_11_L -1 -1.744e+05 1.787e+03 7.587e+02
|    ( WDBNDRY_B 0 -5.571e+04 4.955e+02 2.498e+02
|        ( - -3.703e+03 1 0)
|        ( - -5.151e+04 1 0))
|    ( WDBNDRY_B 0 -1.169e+05 6.059e+02 5.089e+02
|        ( QUESTION4 1 -8.466e+04 3.884e+02 3.669e+02
|            ( QUESTION2_2_L -1 -7.968e+04 3.747e+02 3.459e+02
|                ( - -3.212e+03 4 0 QUESTION2_4_L -1 1.385e+02 1.400e+01)
|                ( SILENCE -1 -7.609e+04 2.752e+02 3.319e+02
|                    ( - -8.164e+03 2 0)
|                    ( QUESTION8 -1 -6.765e+04 2.640e+02 2.958e+02
|                        ( - -7.466e+02 1 0)
|                        ( - -6.664e+04 12 0 QUESTION2 -1 2.501e+02 2.918e+02))))
|            ( - -4.596e+03 4 0 QUESTION2_19_L -1 2.160e+02 2.097e+01))
|        ( - -3.164e+04 1 0)))
s>    ( QUESTION2_11_L -1 -1.744e+05 1.787e+03 7.587e+02
s>        ( WDBNDRY_B 0 -5.571e+04 4.955e+02 2.498e+02
s>            ( - -3.703e+03 1 0)
s>            ( - -5.151e+04 1 0))
s>        ( WDBNDRY_B 0 -1.169e+05 6.059e+02 5.089e+02
s>            ( QUESTION4 1 -8.466e+04 3.884e+02 3.669e+02
s>                ( QUESTION2_2_L -1 -7.968e+04 3.747e+02 3.459e+02
s>                    ( - -3.212e+03 4 0 QUESTION2_4_L -1 1.385e+02 1.400e+01)
s>                    ( SILENCE -1 -7.609e+04 2.752e+02 3.319e+02
s>                        ( - -8.164e+03 2 0)
s>                        ( QUESTION8 -1 -6.765e+04 2.640e+02 2.958e+02
s>                            ( - -7.466e+02 1 0)
s>                            ( - -6.664e+04 12 0 QUESTION2 -1 2.501e+02 2.918e+02))))
s>                ( - -4.596e+03 4 0 QUESTION2_19_L -1 2.160e+02 2.097e+01))
s>            ( - -3.164e+04 1 0)))INFO: dtree.c(1315): Comp split 2
INFO: dtree.c(1439): stop. leaf nodes are specific
INFO: dtree.c(1478): Final simple tree
|( QUESTION2_19_L -1 -1.129e+05 7.936e+02 5.346e+02
|    ( - -6.372e+04 2 0)
|    ( QUESTION2_10_L -1 -4.837e+04 5.781e+02 2.222e+02
|        ( WDBNDRY_E 0 -1.625e+04 2.968e+02 7.425e+01
|            ( - -1.976e+03 1 0)
|            ( - -1.397e+04 1 0))
|        ( QUESTION0_0_R 1 -3.155e+04 5.218e+02 1.480e+02
|            ( - -1.188e+04 1 0)
|            ( QUESTION3 -1 -1.915e+04 4.298e+02 9.309e+01
|                ( - -6.814e+03 1 0)
|                ( WDBNDRY_B 0 -1.191e+04 2.423e+02 5.814e+01
|                    ( - -1.231e+03 1 0)
|                    ( - -1.043e+04 1 0))))))
s>    ( QUESTION2_19_L -1 -1.129e+05 7.936e+02 5.346e+02
s>        ( - -6.372e+04 2 0)
s>        ( QUESTION2_10_L -1 -4.837e+04 5.781e+02 2.222e+02
s>            ( WDBNDRY_E 0 -1.625e+04 2.968e+02 7.425e+01
s>                ( - -1.976e+03 1 0)
s>                ( - -1.397e+04 1 0))
s>            ( QUESTION0_0_R 1 -3.155e+04 5.218e+02 1.480e+02
s>                ( - -1.188e+04 1 0)
s>                ( QUESTION3 -1 -1.915e+04 4.298e+02 9.309e+01
s>                    ( - -6.814e+03 1 0)
s>                    ( WDBNDRY_B 0 -1.191e+04 2.423e+02 5.814e+01
s>                        ( - -1.231e+03 1 0)
s>                        ( - -1.043e+04 1 0))))))INFO: dtree.c(1478): Final simple tree
|( QUESTION2_0_L -1 -1.678e+05 1.430e+03 7.033e+02
|    ( QUESTION0_0_R 1 -7.549e+04 9.894e+02 3.250e+02
|        ( QUESTION2_1_L -1 -5.902e+04 7.754e+02 2.517e+02
|            ( WDBNDRY_B 0 -3.572e+04 6.723e+02 1.537e+02
|                ( QUESTION4 1 -1.790e+04 4.025e+02 7.906e+01
|                    ( - -1.415e+04 2 0)
|                    ( - -3.353e+03 2 0 QUESTION19 -1 1.028e+02 1.591e+01))
|                ( WDBNDRY_E 0 -1.714e+04 5.211e+02 7.465e+01
|                    ( - 2.421e+02 1 0)
|                    ( - -1.686e+04 2 0)))
|            ( QUESTION0_9_R 1 -2.253e+04 5.489e+02 9.794e+01
|                ( - -4.216e+03 1 0)
|                ( - -1.776e+04 4 0 QUESTION4 1 3.906e+02 7.895e+01)))
|        ( - -1.548e+04 1 0))
|    ( - -9.085e+04 8 0 QUESTION0_9_R 1 3.735e+02 3.783e+02))
s>    ( QUESTION2_0_L -1 -1.678e+05 1.430e+03 7.033e+02
s>        ( QUESTION0_0_R 1 -7.549e+04 9.894e+02 3.250e+02
s>            ( QUESTION2_1_L -1 -5.902e+04 7.754e+02 2.517e+02
s>                ( WDBNDRY_B 0 -3.572e+04 6.723e+02 1.537e+02
s>                    ( QUESTION4 1 -1.790e+04 4.025e+02 7.906e+01
s>                        ( - -1.415e+04 2 0)
s>                        ( - -3.353e+03 2 0 QUESTION19 -1 1.028e+02 1.591e+01))
s>                    ( WDBNDRY_E 0 -1.714e+04 5.211e+02 7.465e+01
s>                        ( - 2.421e+02 1 0)
s>                        ( - -1.686e+04 2 0)))
s>                ( QUESTION0_9_R 1 -2.253e+04 5.489e+02 9.794e+01
s>                    ( - -4.216e+03 1 0)
s>                    ( - -1.776e+04 4 0 QUESTION4 1 3.906e+02 7.895e+01)))
s>            ( - -1.548e+04 1 0))
s>        ( - -9.085e+04 8 0 QUESTION0_9_R 1 3.735e+02 3.783e+02))INFO: dtree.c(1315): Comp split 3
INFO: dtree.c(1478): Final simple tree
|( WDBNDRY_B 0 -1.208e+05 6.157e+02 5.259e+02
|    ( QUESTION4 1 -8.858e+04 3.906e+02 3.839e+02
|        ( QUESTION7 -1 -8.359e+04 2.551e+02 3.629e+02
|            ( - -8.604e+03 1 0)
|            ( QUESTION2_19_L -1 -7.474e+04 2.899e+02 3.236e+02
|                ( - -3.323e+04 4 0)
|                ( QUESTION1 -1 -4.121e+04 3.359e+02 1.797e+02
|                    ( - -1.106e+04 2 0)
|                    ( QUESTION2_11_L -1 -2.982e+04 2.876e+02 1.286e+02
|                        ( - -3.703e+03 1 0)
|                        ( QUESTION0 -1 -2.583e+04 2.912e+02 1.117e+02
|                            ( - -1.309e+04 5 0)
|                            ( - -1.244e+04 7 0 SILENCE -1 1.745e+02 5.407e+01))))))
|        ( - -4.596e+03 4 0 QUESTION2_19_L -1 2.160e+02 2.097e+01))
|    ( - -3.164e+04 1 0))
s>    ( WDBNDRY_B 0 -1.208e+05 6.157e+02 5.259e+02
s>        ( QUESTION4 1 -8.858e+04 3.906e+02 3.839e+02
s>            ( QUESTION7 -1 -8.359e+04 2.551e+02 3.629e+02
s>                ( - -8.604e+03 1 0)
s>                ( QUESTION2_19_L -1 -7.474e+04 2.899e+02 3.236e+02
s>                    ( - -3.323e+04 4 0)
s>                    ( QUESTION1 -1 -4.121e+04 3.359e+02 1.797e+02
s>                        ( - -1.106e+04 2 0)
s>                        ( QUESTION2_11_L -1 -2.982e+04 2.876e+02 1.286e+02
s>                            ( - -3.703e+03 1 0)
s>                            ( QUESTION0 -1 -2.583e+04 2.912e+02 1.117e+02
s>                                ( - -1.309e+04 5 0)
s>                                ( - -1.244e+04 7 0 SILENCE -1 1.745e+02 5.407e+01))))))
s>            ( - -4.596e+03 4 0 QUESTION2_19_L -1 2.160e+02 2.097e+01))
s>        ( - -3.164e+04 1 0))INFO: dtree.c(1315): Comp split 4
INFO: dtree.c(1478): Final simple tree
|( QUESTION0_9_R 1 -7.360e+04 1.147e+03 3.173e+02
|    ( QUESTION2_0_L -1 -2.800e+04 3.269e+02 1.236e+02
|        ( - -1.227e+04 3 0 QUESTION2_13_L -1 1.740e+02 5.303e+01)
|        ( - -1.540e+04 1 0))
|    ( WDBNDRY_E 0 -4.445e+04 5.453e+02 1.938e+02
|        ( QUESTION0_1_R 1 -3.340e+04 4.601e+02 1.489e+02
|            ( - 2.419e+02 1 0)
|            ( QUESTION4 -1 -3.318e+04 1.858e+02 1.479e+02
|                ( - -3.224e+04 3 0)
|                ( - -7.534e+02 1 0)))
|        ( QUESTION0 1 -1.051e+04 1.971e+02 4.482e+01
|            ( - -5.776e+03 1 0)
|            ( QUESTION2_0_L -1 -4.537e+03 2.354e+02 1.983e+01
|                ( - -3.469e+03 1 0)
|                ( - -8.322e+02 1 0)))))
s>    ( QUESTION0_9_R 1 -7.360e+04 1.147e+03 3.173e+02
s>        ( QUESTION2_0_L -1 -2.800e+04 3.269e+02 1.236e+02
s>            ( - -1.227e+04 3 0 QUESTION2_13_L -1 1.740e+02 5.303e+01)
s>            ( - -1.540e+04 1 0))
s>        ( WDBNDRY_E 0 -4.445e+04 5.453e+02 1.938e+02
s>            ( QUESTION0_1_R 1 -3.340e+04 4.601e+02 1.489e+02
s>                ( - 2.419e+02 1 0)
s>                ( QUESTION4 -1 -3.318e+04 1.858e+02 1.479e+02
s>                    ( - -3.224e+04 3 0)
s>                    ( - -7.534e+02 1 0)))
s>            ( QUESTION0 1 -1.051e+04 1.971e+02 4.482e+01
s>                ( - -5.776e+03 1 0)
s>                ( QUESTION2_0_L -1 -4.537e+03 2.354e+02 1.983e+01
s>                    ( - -3.469e+03 1 0)
s>                    ( - -8.322e+02 1 0)))))INFO: dtree.c(1478): Final simple tree
|( QUESTION13 1 -1.750e+05 1.089e+03 8.029e+02
|    ( QUESTION2_11_L -1 -9.274e+04 2.340e+02 4.348e+02
|        ( - -1.892e+04 1 0)
|        ( - -7.359e+04 2 0 WDBNDRY_E 0 2.038e+02 3.458e+02))
|    ( WDBNDRY_E 0 -8.116e+04 8.225e+02 3.680e+02
|        ( QUESTION2_9_L -1 -4.401e+04 3.927e+02 1.965e+02
|            ( QUESTION0 1 -3.025e+04 2.925e+02 1.380e+02
|                ( QUESTION0_1_R 1 -1.408e+04 2.094e+02 6.484e+01
|                    ( - -1.907e+03 1 0)
|                    ( - -1.197e+04 1 0))
|                ( QUESTION19 1 -1.588e+04 2.642e+02 7.312e+01
|                    ( - -5.493e+02 1 0)
|                    ( - -1.506e+04 4 0 QUESTION0_6_R 1 1.768e+02 7.012e+01)))
|            ( - -1.337e+04 9 0 QUESTION0_10_R 1 1.992e+02 5.849e+01))
|        ( - -3.632e+04 1 0)))
s>    ( QUESTION13 1 -1.750e+05 1.089e+03 8.029e+02
s>        ( QUESTION2_11_L -1 -9.274e+04 2.340e+02 4.348e+02
s>            ( - -1.892e+04 1 0)
s>            ( - -7.359e+04 2 0 WDBNDRY_E 0 2.038e+02 3.458e+02))
s>        ( WDBNDRY_E 0 -8.116e+04 8.225e+02 3.680e+02
s>            ( QUESTION2_9_L -1 -4.401e+04 3.927e+02 1.965e+02
s>                ( QUESTION0 1 -3.025e+04 2.925e+02 1.380e+02
s>                    ( QUESTION0_1_R 1 -1.408e+04 2.094e+02 6.484e+01
s>                        ( - -1.907e+03 1 0)
s>                        ( - -1.197e+04 1 0))
s>                    ( QUESTION19 1 -1.588e+04 2.642e+02 7.312e+01
s>                        ( - -5.493e+02 1 0)
s>                        ( - -1.506e+04 4 0 QUESTION0_6_R 1 1.768e+02 7.012e+01)))
s>                ( - -1.337e+04 9 0 QUESTION0_10_R 1 1.992e+02 5.849e+01))
s>            ( - -3.632e+04 1 0)))INFO: dtree.c(1315): Comp split 5
INFO: dtree.c(1478): Final simple tree
|( QUESTION2_5_L -1 -1.142e+05 6.617e+02 4.772e+02
|    ( QUESTION0_8_R 1 -1.771e+04 6.752e+02 7.794e+01
|        ( - -1.282e+04 1 0)
|        ( - -4.216e+03 1 0))
|    ( QUESTION0 -1 -9.586e+04 4.966e+02 3.993e+02
|        ( - 2.421e+02 1 0)
|        ( QUESTION0_9_R 1 -9.561e+04 3.836e+02 3.983e+02
|            ( QUESTION0_15_R 1 -4.782e+03 2.954e+02 2.195e+01
|                ( - -2.448e+03 1 0)
|                ( - -2.038e+03 1 0))
|            ( QUESTION0_2_R 1 -9.044e+04 2.849e+02 3.764e+02
|                ( - -2.504e+03 1 0)
|                ( QUESTION2_3_L -1 -8.766e+04 2.354e+02 3.644e+02
|                    ( - -1.822e+03 1 0)
|                    ( - -8.560e+04 7 0 WDBNDRY_E 0 2.132e+02 3.554e+02))))))
s>    ( QUESTION2_5_L -1 -1.142e+05 6.617e+02 4.772e+02
s>        ( QUESTION0_8_R 1 -1.771e+04 6.752e+02 7.794e+01
s>            ( - -1.282e+04 1 0)
s>            ( - -4.216e+03 1 0))
s>        ( QUESTION0 -1 -9.586e+04 4.966e+02 3.993e+02
s>            ( - 2.421e+02 1 0)
s>            ( QUESTION0_9_R 1 -9.561e+04 3.836e+02 3.983e+02
s>                ( QUESTION0_15_R 1 -4.782e+03 2.954e+02 2.195e+01
s>                    ( - -2.448e+03 1 0)
s>                    ( - -2.038e+03 1 0))
s>                ( QUESTION0_2_R 1 -9.044e+04 2.849e+02 3.764e+02
s>                    ( - -2.504e+03 1 0)
s>                    ( QUESTION2_3_L -1 -8.766e+04 2.354e+02 3.644e+02
s>                        ( - -1.822e+03 1 0)
s>                        ( - -8.560e+04 7 0 WDBNDRY_E 0 2.132e+02 3.554e+02))))))INFO: dtree.c(1439): stop. leaf nodes are specific
INFO: dtree.c(1478): Final simple tree
|( QUESTION0_0_R 1 -5.187e+04 9.409e+02 2.261e+02
|    ( WDBNDRY_B 0 -3.545e+04 6.801e+02 1.527e+02
|        ( QUESTION4 1 -1.790e+04 4.025e+02 7.906e+01
|            ( - -1.415e+04 2 0)
|            ( QUESTION19 -1 -3.353e+03 1.028e+02 1.591e+01
|                ( - -9.836e+02 1 0)
|                ( - -2.266e+03 1 0)))
|        ( - -1.686e+04 2 0))
|    ( - -1.548e+04 1 0))
s>    ( QUESTION0_0_R 1 -5.187e+04 9.409e+02 2.261e+02
s>        ( WDBNDRY_B 0 -3.545e+04 6.801e+02 1.527e+02
s>            ( QUESTION4 1 -1.790e+04 4.025e+02 7.906e+01
s>                ( - -1.415e+04 2 0)
s>                ( QUESTION19 -1 -3.353e+03 1.028e+02 1.591e+01
s>                    ( - -9.836e+02 1 0)
s>                    ( - -2.266e+03 1 0)))
s>            ( - -1.686e+04 2 0))
s>        ( - -1.548e+04 1 0))INFO: dtree.c(1315): Comp split 6
INFO: dtree.c(1439): stop. leaf nodes are specific
INFO: dtree.c(1478): Final simple tree
|( WDBNDRY_E 0 -4.445e+04 5.453e+02 1.938e+02
|    ( QUESTION0_1_R 1 -3.340e+04 4.601e+02 1.489e+02
|        ( - 2.419e+02 1 0)
|        ( QUESTION4 -1 -3.318e+04 1.858e+02 1.479e+02
|            ( - -3.224e+04 3 0)
|            ( - -7.534e+02 1 0)))
|    ( QUESTION0 1 -1.051e+04 1.971e+02 4.482e+01
|        ( - -5.776e+03 1 0)
|        ( QUESTION2_0_L -1 -4.537e+03 2.354e+02 1.983e+01
|            ( - -3.469e+03 1 0)
|            ( - -8.322e+02 1 0))))
s>    ( WDBNDRY_E 0 -4.445e+04 5.453e+02 1.938e+02
s>        ( QUESTION0_1_R 1 -3.340e+04 4.601e+02 1.489e+02
s>            ( - 2.419e+02 1 0)
s>            ( QUESTION4 -1 -3.318e+04 1.858e+02 1.479e+02
s>                ( - -3.224e+04 3 0)
s>                ( - -7.534e+02 1 0)))
s>        ( QUESTION0 1 -1.051e+04 1.971e+02 4.482e+01
s>            ( - -5.776e+03 1 0)
s>            ( QUESTION2_0_L -1 -4.537e+03 2.354e+02 1.983e+01
s>                ( - -3.469e+03 1 0)
s>                ( - -8.322e+02 1 0))))INFO: dtree.c(1439): stop. leaf nodes are specific
INFO: dtree.c(1478): Final simple tree
|( QUESTION2_0_L -1 -2.800e+04 3.269e+02 1.236e+02
|    ( QUESTION2_13_L -1 -1.227e+04 1.740e+02 5.303e+01
|        ( - -4.041e+03 1 0)
|        ( - -8.057e+03 2 0))
|    ( - -1.540e+04 1 0))
s>    ( QUESTION2_0_L -1 -2.800e+04 3.269e+02 1.236e+02
s>        ( QUESTION2_13_L -1 -1.227e+04 1.740e+02 5.303e+01
s>            ( - -4.041e+03 1 0)
s>            ( - -8.057e+03 2 0))
s>        ( - -1.540e+04 1 0))INFO: dtree.c(1315): Comp split 7
INFO: dtree.c(1478): Final simple tree
|( WDBNDRY_E 0 -8.116e+04 8.225e+02 3.680e+02
|    ( QUESTION2_9_L -1 -4.401e+04 3.927e+02 1.965e+02
|        ( QUESTION0 1 -3.025e+04 2.925e+02 1.380e+02
|            ( QUESTION0_1_R 1 -1.408e+04 2.094e+02 6.484e+01
|                ( - -1.907e+03 1 0)
|                ( - -1.197e+04 1 0))
|            ( QUESTION19 1 -1.588e+04 2.642e+02 7.312e+01
|                ( - -5.493e+02 1 0)
|                ( QUESTION0_6_R 1 -1.506e+04 1.768e+02 7.012e+01
|                    ( - -3.590e+02 1 0)
|                    ( - -1.453e+04 3 0 QUESTION0_7_R 1 1.710e+02 6.812e+01))))
|        ( QUESTION0_10_R 1 -1.337e+04 1.992e+02 5.849e+01
|            ( - -4.319e+03 2 0 QUESTION4 -1 1.599e+02 2.098e+01)
|            ( - -8.849e+03 7 0 QUESTION0_6_R 1 1.634e+02 3.751e+01)))
|    ( - -3.632e+04 1 0))
s>    ( WDBNDRY_E 0 -8.116e+04 8.225e+02 3.680e+02
s>        ( QUESTION2_9_L -1 -4.401e+04 3.927e+02 1.965e+02
s>            ( QUESTION0 1 -3.025e+04 2.925e+02 1.380e+02
s>                ( QUESTION0_1_R 1 -1.408e+04 2.094e+02 6.484e+01
s>                    ( - -1.907e+03 1 0)
s>                    ( - -1.197e+04 1 0))
s>                ( QUESTION19 1 -1.588e+04 2.642e+02 7.312e+01
s>                    ( - -5.493e+02 1 0)
s>                    ( QUESTION0_6_R 1 -1.506e+04 1.768e+02 7.012e+01
s>                        ( - -3.590e+02 1 0)
s>                        ( - -1.453e+04 3 0 QUESTION0_7_R 1 1.710e+02 6.812e+01))))
s>            ( QUESTION0_10_R 1 -1.337e+04 1.992e+02 5.849e+01
s>                ( - -4.319e+03 2 0 QUESTION4 -1 1.599e+02 2.098e+01)
s>                ( - -8.849e+03 7 0 QUESTION0_6_R 1 1.634e+02 3.751e+01)))
s>        ( - -3.632e+04 1 0))INFO: dtree.c(1439): stop. leaf nodes are specific
INFO: dtree.c(1478): Final simple tree
|( QUESTION2_11_L -1 -9.274e+04 2.340e+02 4.348e+02
|    ( - -1.892e+04 1 0)
|    ( WDBNDRY_E 0 -7.359e+04 2.038e+02 3.458e+02
|        ( - -3.219e+02 1 0)
|        ( - -7.307e+04 1 0)))
s>    ( QUESTION2_11_L -1 -9.274e+04 2.340e+02 4.348e+02
s>        ( - -1.892e+04 1 0)
s>        ( WDBNDRY_E 0 -7.359e+04 2.038e+02 3.458e+02
s>            ( - -3.219e+02 1 0)
s>            ( - -7.307e+04 1 0)))INFO: dtree.c(1315): Comp split 8
INFO: dtree.c(1439): stop. leaf nodes are specific
INFO: dtree.c(1478): Final simple tree
|( WDBNDRY_B 0 -3.545e+04 6.801e+02 1.527e+02
|    ( QUESTION4 1 -1.790e+04 4.025e+02 7.906e+01
|        ( - -1.415e+04 2 0)
|        ( QUESTION19 -1 -3.353e+03 1.028e+02 1.591e+01
|            ( - -9.836e+02 1 0)
|            ( - -2.266e+03 1 0)))
|    ( - -1.686e+04 2 0))
s>    ( WDBNDRY_B 0 -3.545e+04 6.801e+02 1.527e+02
s>        ( QUESTION4 1 -1.790e+04 4.025e+02 7.906e+01
s>            ( - -1.415e+04 2 0)
s>            ( QUESTION19 -1 -3.353e+03 1.028e+02 1.591e+01
s>                ( - -9.836e+02 1 0)
s>                ( - -2.266e+03 1 0)))
s>        ( - -1.686e+04 2 0))INFO: dtree.c(1315): Comp split 9
INFO: dtree.c(1478): Final simple tree
|( QUESTION2_19_L -1 -1.726e+04 2.415e+02 7.505e+01
|    ( - -7.083e+02 1 0)
|    ( QUESTION4 1 -1.631e+04 1.984e+02 7.105e+01
|        ( SILENCE -1 -1.244e+04 1.745e+02 5.407e+01
|            ( - -8.164e+03 2 0)
|            ( QUESTION4 -1 -4.106e+03 1.477e+02 1.800e+01
|                ( QUESTION2_4_L -1 -3.212e+03 1.385e+02 1.400e+01
|                    ( - -8.381e+02 1 0)
|                    ( - -2.236e+03 3 0 QUESTION2_6_L -1 1.082e+02 9.998e+00))
|                ( - -7.466e+02 1 0)))
|        ( SILENCE -1 -3.671e+03 1.588e+02 1.697e+01
|            ( - -7.483e+02 1 0)
|            ( QUESTION0 -1 -2.764e+03 1.568e+02 1.297e+01
|                ( - -1.852e+03 1 0)
|                ( - -7.554e+02 1 0)))))
s>    ( QUESTION2_19_L -1 -1.726e+04 2.415e+02 7.505e+01
s>        ( - -7.083e+02 1 0)
s>        ( QUESTION4 1 -1.631e+04 1.984e+02 7.105e+01
s>            ( SILENCE -1 -1.244e+04 1.745e+02 5.407e+01
s>                ( - -8.164e+03 2 0)
s>                ( QUESTION4 -1 -4.106e+03 1.477e+02 1.800e+01
s>                    ( QUESTION2_4_L -1 -3.212e+03 1.385e+02 1.400e+01
s>                        ( - -8.381e+02 1 0)
s>                        ( - -2.236e+03 3 0 QUESTION2_6_L -1 1.082e+02 9.998e+00))
s>                    ( - -7.466e+02 1 0)))
s>            ( SILENCE -1 -3.671e+03 1.588e+02 1.697e+01
s>                ( - -7.483e+02 1 0)
s>                ( QUESTION0 -1 -2.764e+03 1.568e+02 1.297e+01
s>                    ( - -1.852e+03 1 0)
s>                    ( - -7.554e+02 1 0)))))INFO: dtree.c(1439): stop. leaf nodes are specific
INFO: dtree.c(1478): Final simple tree
|( WDBNDRY_B 0 -1.027e+05 4.892e+02 4.508e+02
|    ( QUESTION2 -1 -7.054e+04 2.627e+02 3.088e+02
|        ( - -1.309e+04 5 0)
|        ( QUESTION4 -1 -5.718e+04 2.395e+02 2.513e+02
|            ( QUESTION2_0_L -1 -3.712e+04 1.861e+02 1.609e+02
|                ( - -3.703e+03 1 0)
|                ( - -3.323e+04 4 0))
|            ( QUESTION0 -1 -1.982e+04 1.590e+02 9.035e+01
|                ( - -1.106e+04 2 0)
|                ( - -8.604e+03 1 0))))
|    ( - -3.164e+04 1 0))
s>    ( WDBNDRY_B 0 -1.027e+05 4.892e+02 4.508e+02
s>        ( QUESTION2 -1 -7.054e+04 2.627e+02 3.088e+02
s>            ( - -1.309e+04 5 0)
s>            ( QUESTION4 -1 -5.718e+04 2.395e+02 2.513e+02
s>                ( QUESTION2_0_L -1 -3.712e+04 1.861e+02 1.609e+02
s>                    ( - -3.703e+03 1 0)
s>                    ( - -3.323e+04 4 0))
s>                ( QUESTION0 -1 -1.982e+04 1.590e+02 9.035e+01
s>                    ( - -1.106e+04 2 0)
s>                    ( - -8.604e+03 1 0))))
s>        ( - -3.164e+04 1 0))INFO: dtree.c(1315): Comp split 10
INFO: dtree.c(1478): Final simple tree
|( QUESTION2_9_L -1 -4.401e+04 3.927e+02 1.965e+02
|    ( QUESTION0 1 -3.025e+04 2.925e+02 1.380e+02
|        ( QUESTION0_1_R 1 -1.408e+04 2.094e+02 6.484e+01
|            ( - -1.907e+03 1 0)
|            ( - -1.197e+04 1 0))
|        ( QUESTION19 1 -1.588e+04 2.642e+02 7.312e+01
|            ( - -5.493e+02 1 0)
|            ( QUESTION0_6_R 1 -1.506e+04 1.768e+02 7.012e+01
|                ( - -3.590e+02 1 0)
|                ( QUESTION0_7_R 1 -1.453e+04 1.710e+02 6.812e+01
|                    ( - -7.573e+03 1 0)
|                    ( - -6.783e+03 2 0 SILENCE 1 1.413e+02 3.194e+01)))))
|    ( QUESTION0_10_R 1 -1.337e+04 1.992e+02 5.849e+01
|        ( - -4.319e+03 2 0 QUESTION4 -1 1.599e+02 2.098e+01)
|        ( - -8.849e+03 7 0 QUESTION0_6_R 1 1.634e+02 3.751e+01)))
s>    ( QUESTION2_9_L -1 -4.401e+04 3.927e+02 1.965e+02
s>        ( QUESTION0 1 -3.025e+04 2.925e+02 1.380e+02
s>            ( QUESTION0_1_R 1 -1.408e+04 2.094e+02 6.484e+01
s>                ( - -1.907e+03 1 0)
s>                ( - -1.197e+04 1 0))
s>            ( QUESTION19 1 -1.588e+04 2.642e+02 7.312e+01
s>                ( - -5.493e+02 1 0)
s>                ( QUESTION0_6_R 1 -1.506e+04 1.768e+02 7.012e+01
s>                    ( - -3.590e+02 1 0)
s>                    ( QUESTION0_7_R 1 -1.453e+04 1.710e+02 6.812e+01
s>                        ( - -7.573e+03 1 0)
s>                        ( - -6.783e+03 2 0 SILENCE 1 1.413e+02 3.194e+01)))))
s>        ( QUESTION0_10_R 1 -1.337e+04 1.992e+02 5.849e+01
s>            ( - -4.319e+03 2 0 QUESTION4 -1 1.599e+02 2.098e+01)
s>            ( - -8.849e+03 7 0 QUESTION0_6_R 1 1.634e+02 3.751e+01)))INFO: dtree.c(1315): Comp split 11
INFO: dtree.c(1439): stop. leaf nodes are specific
INFO: dtree.c(1478): Final simple tree
|( QUESTION2_19_L -1 -9.058e+04 5.498e+02 4.357e+02
|    ( - -6.372e+04 2 0)
|    ( QUESTION0 -1 -2.630e+04 4.626e+02 1.234e+02
|        ( - -1.043e+04 1 0)
|        ( WDBNDRY_B 0 -1.541e+04 2.025e+02 7.124e+01
|            ( - -1.231e+03 1 0)
|            ( - -1.397e+04 1 0))))
s>    ( QUESTION2_19_L -1 -9.058e+04 5.498e+02 4.357e+02
s>        ( - -6.372e+04 2 0)
s>        ( QUESTION0 -1 -2.630e+04 4.626e+02 1.234e+02
s>            ( - -1.043e+04 1 0)
s>            ( WDBNDRY_B 0 -1.541e+04 2.025e+02 7.124e+01
s>                ( - -1.231e+03 1 0)
s>                ( - -1.397e+04 1 0))))INFO: dtree.c(1439): stop. leaf nodes are specific
INFO: dtree.c(1478): Final simple tree
|( QUESTION0_0_R 1 -2.151e+04 5.383e+02 9.886e+01
|    ( - -1.188e+04 1 0)
|    ( WDBNDRY_E 0 -9.099e+03 3.094e+02 4.396e+01
|        ( - -1.976e+03 1 0)
|        ( - -6.814e+03 1 0)))
s>    ( QUESTION0_0_R 1 -2.151e+04 5.383e+02 9.886e+01
s>        ( - -1.188e+04 1 0)
s>        ( WDBNDRY_E 0 -9.099e+03 3.094e+02 4.396e+01
s>            ( - -1.976e+03 1 0)
s>            ( - -6.814e+03 1 0)))INFO: dtree.c(1315): Comp split 12
INFO: dtree.c(1478): Final simple tree
|( QUESTION11 -1 -1.007e+05 5.791e+02 4.183e+02
|    ( - -4.216e+03 1 0)
|    ( QUESTION0 -1 -9.586e+04 4.966e+02 3.993e+02
|        ( - 2.421e+02 1 0)
|        ( QUESTION0_9_R 1 -9.561e+04 3.836e+02 3.983e+02
|            ( QUESTION0_15_R 1 -4.782e+03 2.954e+02 2.195e+01
|                ( - -2.448e+03 1 0)
|                ( - -2.038e+03 1 0))
|            ( QUESTION0_2_R 1 -9.044e+04 2.849e+02 3.764e+02
|                ( - -2.504e+03 1 0)
|                ( QUESTION2_3_L -1 -8.766e+04 2.354e+02 3.644e+02
|                    ( - -1.822e+03 1 0)
|                    ( WDBNDRY_E 0 -8.560e+04 2.132e+02 3.554e+02
|                        ( - -2.480e+03 2 0 QUESTION0_1_R 1 1.503e+02 1.100e+01)
|                        ( - -8.290e+04 5 0 WDBNDRY_B 0 1.900e+02 3.444e+02)))))))
s>    ( QUESTION11 -1 -1.007e+05 5.791e+02 4.183e+02
s>        ( - -4.216e+03 1 0)
s>        ( QUESTION0 -1 -9.586e+04 4.966e+02 3.993e+02
s>            ( - 2.421e+02 1 0)
s>            ( QUESTION0_9_R 1 -9.561e+04 3.836e+02 3.983e+02
s>                ( QUESTION0_15_R 1 -4.782e+03 2.954e+02 2.195e+01
s>                    ( - -2.448e+03 1 0)
s>                    ( - -2.038e+03 1 0))
s>                ( QUESTION0_2_R 1 -9.044e+04 2.849e+02 3.764e+02
s>                    ( - -2.504e+03 1 0)
s>                    ( QUESTION2_3_L -1 -8.766e+04 2.354e+02 3.644e+02
s>                        ( - -1.822e+03 1 0)
s>                        ( WDBNDRY_E 0 -8.560e+04 2.132e+02 3.554e+02
s>                            ( - -2.480e+03 2 0 QUESTION0_1_R 1 1.503e+02 1.100e+01)
s>                            ( - -8.290e+04 5 0 WDBNDRY_B 0 1.900e+02 3.444e+02)))))))INFO: dtree.c(1315): Comp split 13
INFO: dtree.c(1439): stop. leaf nodes are specific
INFO: dtree.c(1478): Final simple tree
|( WDBNDRY_B 0 -2.061e+04 3.930e+02 8.956e+01
|    ( QUESTION19 -1 -3.353e+03 1.028e+02 1.591e+01
|        ( - -9.836e+02 1 0)
|        ( - -2.266e+03 1 0))
|    ( - -1.686e+04 2 0))
s>    ( WDBNDRY_B 0 -2.061e+04 3.930e+02 8.956e+01
s>        ( QUESTION19 -1 -3.353e+03 1.028e+02 1.591e+01
s>            ( - -9.836e+02 1 0)
s>            ( - -2.266e+03 1 0))
s>        ( - -1.686e+04 2 0))INFO: dtree.c(1315): Comp split 14
INFO: dtree.c(1439): stop. leaf nodes are specific
INFO: dtree.c(1478): Final simple tree
|( QUESTION0_9_R 1 -9.282e+04 3.832e+02 3.863e+02
|    ( QUESTION0_15_R 1 -4.782e+03 2.954e+02 2.195e+01
|        ( - -2.448e+03 1 0)
|        ( - -2.038e+03 1 0))
|    ( QUESTION2_3_L -1 -8.766e+04 2.354e+02 3.644e+02
|        ( - -1.822e+03 1 0)
|        ( WDBNDRY_E 0 -8.560e+04 2.132e+02 3.554e+02
|            ( QUESTION0_1_R 1 -2.480e+03 1.503e+02 1.100e+01
|                ( - -1.282e+03 1 0)
|                ( - -1.047e+03 1 0))
|            ( WDBNDRY_B 0 -8.290e+04 1.900e+02 3.444e+02
|                ( - -7.168e+02 1 0)
|                ( - -8.200e+04 4 0)))))
s>    ( QUESTION0_9_R 1 -9.282e+04 3.832e+02 3.863e+02
s>        ( QUESTION0_15_R 1 -4.782e+03 2.954e+02 2.195e+01
s>            ( - -2.448e+03 1 0)
s>            ( - -2.038e+03 1 0))
s>        ( QUESTION2_3_L -1 -8.766e+04 2.354e+02 3.644e+02
s>            ( - -1.822e+03 1 0)
s>            ( WDBNDRY_E 0 -8.560e+04 2.132e+02 3.554e+02
s>                ( QUESTION0_1_R 1 -2.480e+03 1.503e+02 1.100e+01
s>                    ( - -1.282e+03 1 0)
s>                    ( - -1.047e+03 1 0))
s>                ( WDBNDRY_B 0 -8.290e+04 1.900e+02 3.444e+02
s>                    ( - -7.168e+02 1 0)
s>                    ( - -8.200e+04 4 0)))))INFO: dtree.c(1439): stop. leaf nodes are specific
INFO: dtree.c(1478): Final simple tree
|( WDBNDRY_E 0 -7.257e+03 4.942e+02 3.199e+01
|    ( - 2.421e+02 1 0)
|    ( QUESTION0_1_R 1 -7.005e+03 2.849e+02 3.099e+01
|        ( - -2.504e+03 1 0)
|        ( - -4.216e+03 1 0)))
s>    ( WDBNDRY_E 0 -7.257e+03 4.942e+02 3.199e+01
s>        ( - 2.421e+02 1 0)
s>        ( QUESTION0_1_R 1 -7.005e+03 2.849e+02 3.099e+01
s>            ( - -2.504e+03 1 0)
s>            ( - -4.216e+03 1 0)))INFO: dtree.c(1315): Comp split 15
INFO: dtree.c(1439): stop. leaf nodes are specific
INFO: dtree.c(1478): Final simple tree
|( QUESTION0 -1 -2.630e+04 4.626e+02 1.234e+02
|    ( - -1.043e+04 1 0)
|    ( WDBNDRY_B 0 -1.541e+04 2.025e+02 7.124e+01
|        ( - -1.231e+03 1 0)
|        ( - -1.397e+04 1 0)))
s>    ( QUESTION0 -1 -2.630e+04 4.626e+02 1.234e+02
s>        ( - -1.043e+04 1 0)
s>        ( WDBNDRY_B 0 -1.541e+04 2.025e+02 7.124e+01
s>            ( - -1.231e+03 1 0)
s>            ( - -1.397e+04 1 0)))INFO: dtree.c(1315): Comp split 16
INFO: dtree.c(1439): stop. leaf nodes are specific
INFO: dtree.c(1478): Final simple tree
|( QUESTION0 1 -1.051e+04 1.971e+02 4.482e+01
|    ( - -5.776e+03 1 0)
|    ( QUESTION2_0_L -1 -4.537e+03 2.354e+02 1.983e+01
|        ( - -3.469e+03 1 0)
|        ( - -8.322e+02 1 0)))
s>    ( QUESTION0 1 -1.051e+04 1.971e+02 4.482e+01
s>        ( - -5.776e+03 1 0)
s>        ( QUESTION2_0_L -1 -4.537e+03 2.354e+02 1.983e+01
s>            ( - -3.469e+03 1 0)
s>            ( - -8.322e+02 1 0)))INFO: dtree.c(1439): stop. leaf nodes are specific
INFO: dtree.c(1478): Final simple tree
|( QUESTION0_1_R 1 -3.340e+04 4.601e+02 1.489e+02
|    ( - 2.419e+02 1 0)
|    ( QUESTION4 -1 -3.318e+04 1.858e+02 1.479e+02
|        ( - -3.224e+04 3 0)
|        ( - -7.534e+02 1 0)))
s>    ( QUESTION0_1_R 1 -3.340e+04 4.601e+02 1.489e+02
s>        ( - 2.419e+02 1 0)
s>        ( QUESTION4 -1 -3.318e+04 1.858e+02 1.479e+02
s>            ( - -3.224e+04 3 0)
s>            ( - -7.534e+02 1 0)))INFO: dtree.c(1315): Comp split 17
INFO: dtree.c(1439): stop. leaf nodes are specific
INFO: dtree.c(1478): Final simple tree
|( WDBNDRY_E 0 -9.099e+03 3.094e+02 4.396e+01
|    ( - -1.976e+03 1 0)
|    ( - -6.814e+03 1 0))
s>    ( WDBNDRY_E 0 -9.099e+03 3.094e+02 4.396e+01
s>        ( - -1.976e+03 1 0)
s>        ( - -6.814e+03 1 0))INFO: dtree.c(1315): Comp split 18
INFO: dtree.c(1439): stop. leaf nodes are specific
INFO: dtree.c(1478): Final simple tree
|( QUESTION0_1_R 1 -7.005e+03 2.849e+02 3.099e+01
|    ( - -2.504e+03 1 0)
|    ( - -4.216e+03 1 0))
s>    ( QUESTION0_1_R 1 -7.005e+03 2.849e+02 3.099e+01
s>        ( - -2.504e+03 1 0)
s>        ( - -4.216e+03 1 0))INFO: dtree.c(1315): Comp split 19
INFO: dtree.c(1439): stop. leaf nodes are specific
INFO: dtree.c(1478): Final simple tree
|( QUESTION2 -1 -7.054e+04 2.627e+02 3.088e+02
|    ( - -1.309e+04 5 0)
|    ( QUESTION4 -1 -5.718e+04 2.395e+02 2.513e+02
|        ( QUESTION2_0_L -1 -3.712e+04 1.861e+02 1.609e+02
|            ( - -3.703e+03 1 0)
|            ( - -3.323e+04 4 0))
|        ( QUESTION0 -1 -1.982e+04 1.590e+02 9.035e+01
|            ( - -1.106e+04 2 0)
|            ( - -8.604e+03 1 0))))
s>    ( QUESTION2 -1 -7.054e+04 2.627e+02 3.088e+02
s>        ( - -1.309e+04 5 0)
s>        ( QUESTION4 -1 -5.718e+04 2.395e+02 2.513e+02
s>            ( QUESTION2_0_L -1 -3.712e+04 1.861e+02 1.609e+02
s>                ( - -3.703e+03 1 0)
s>                ( - -3.323e+04 4 0))
s>            ( QUESTION0 -1 -1.982e+04 1.590e+02 9.035e+01
s>                ( - -1.106e+04 2 0)
s>                ( - -8.604e+03 1 0))))INFO: dtree.c(1315): Comp split 20
INFO: dtree.c(1439): stop. leaf nodes are specific
INFO: dtree.c(1478): Final simple tree
|( WDBNDRY_B 0 -1.541e+04 2.025e+02 7.124e+01
|    ( - -1.231e+03 1 0)
|    ( - -1.397e+04 1 0))
s>    ( WDBNDRY_B 0 -1.541e+04 2.025e+02 7.124e+01
s>        ( - -1.231e+03 1 0)
s>        ( - -1.397e+04 1 0))INFO: dtree.c(1315): Comp split 21
INFO: dtree.c(1439): stop. leaf nodes are specific
INFO: dtree.c(1478): Final simple tree
|( QUESTION4 -1 -3.318e+04 1.858e+02 1.479e+02
|    ( - -3.224e+04 3 0)
|    ( - -7.534e+02 1 0))
s>    ( QUESTION4 -1 -3.318e+04 1.858e+02 1.479e+02
s>        ( - -3.224e+04 3 0)
s>        ( - -7.534e+02 1 0))INFO: dtree.c(1315): Comp split 22
INFO: dtree.c(1478): Final simple tree
|( QUESTION2_9_L -1 -2.821e+04 3.159e+02 1.266e+02
|    ( QUESTION0_7_R 1 -1.453e+04 1.710e+02 6.812e+01
|        ( - -7.573e+03 1 0)
|        ( - -6.783e+03 2 0 SILENCE 1 1.413e+02 3.194e+01))
|    ( QUESTION0_10_R 1 -1.337e+04 1.992e+02 5.849e+01
|        ( QUESTION4 -1 -4.319e+03 1.599e+02 2.098e+01
|            ( - -7.390e+02 1 0)
|            ( - -3.420e+03 1 0))
|        ( QUESTION0_6_R 1 -8.849e+03 1.634e+02 3.751e+01
|            ( - -8.835e+02 1 0)
|            ( QUESTION0_7_R 1 -7.803e+03 1.645e+02 3.351e+01
|                ( - -5.690e+02 1 0)
|                ( QUESTION4 -1 -7.069e+03 1.436e+02 3.051e+01
|                    ( - -5.482e+02 1 0)
|                    ( - -6.377e+03 4 0 QUESTION0_5_R 1 1.381e+02 2.751e+01))))))
s>    ( QUESTION2_9_L -1 -2.821e+04 3.159e+02 1.266e+02
s>        ( QUESTION0_7_R 1 -1.453e+04 1.710e+02 6.812e+01
s>            ( - -7.573e+03 1 0)
s>            ( - -6.783e+03 2 0 SILENCE 1 1.413e+02 3.194e+01))
s>        ( QUESTION0_10_R 1 -1.337e+04 1.992e+02 5.849e+01
s>            ( QUESTION4 -1 -4.319e+03 1.599e+02 2.098e+01
s>                ( - -7.390e+02 1 0)
s>                ( - -3.420e+03 1 0))
s>            ( QUESTION0_6_R 1 -8.849e+03 1.634e+02 3.751e+01
s>                ( - -8.835e+02 1 0)
s>                ( QUESTION0_7_R 1 -7.803e+03 1.645e+02 3.351e+01
s>                    ( - -5.690e+02 1 0)
s>                    ( QUESTION4 -1 -7.069e+03 1.436e+02 3.051e+01
s>                        ( - -5.482e+02 1 0)
s>                        ( - -6.377e+03 4 0 QUESTION0_5_R 1 1.381e+02 2.751e+01))))))INFO: dtree.c(1439): stop. leaf nodes are specific
INFO: dtree.c(1478): Final simple tree
|( QUESTION0_4_R 1 -1.540e+04 2.516e+02 6.984e+01
|    ( - -5.493e+02 1 0)
|    ( QUESTION2 1 -1.460e+04 2.079e+02 6.684e+01
|        ( - -1.907e+03 1 0)
|        ( QUESTION0_1_R 1 -1.248e+04 1.537e+02 5.775e+01
|            ( - -3.590e+02 1 0)
|            ( - -1.197e+04 1 0))))
s>    ( QUESTION0_4_R 1 -1.540e+04 2.516e+02 6.984e+01
s>        ( - -5.493e+02 1 0)
s>        ( QUESTION2 1 -1.460e+04 2.079e+02 6.684e+01
s>            ( - -1.907e+03 1 0)
s>            ( QUESTION0_1_R 1 -1.248e+04 1.537e+02 5.775e+01
s>                ( - -3.590e+02 1 0)
s>                ( - -1.197e+04 1 0))))INFO: dtree.c(1315): Comp split 23
INFO: dtree.c(1439): stop. leaf nodes are specific
INFO: dtree.c(1478): Final simple tree
|( QUESTION19 -1 -3.353e+03 1.028e+02 1.591e+01
|    ( - -9.836e+02 1 0)
|    ( - -2.266e+03 1 0))
s>    ( QUESTION19 -1 -3.353e+03 1.028e+02 1.591e+01
s>        ( - -9.836e+02 1 0)
s>        ( - -2.266e+03 1 0))INFO: dtree.c(1315): Comp split 24
INFO: dtree.c(1439): stop. leaf nodes are specific
INFO: dtree.c(1478): Final simple tree
|( QUESTION0_15_R 1 -4.782e+03 2.954e+02 2.195e+01
|    ( - -2.448e+03 1 0)
|    ( - -2.038e+03 1 0))
s>    ( QUESTION0_15_R 1 -4.782e+03 2.954e+02 2.195e+01
s>        ( - -2.448e+03 1 0)
s>        ( - -2.038e+03 1 0))INFO: dtree.c(1439): stop. leaf nodes are specific
INFO: dtree.c(1478): Final simple tree
|( QUESTION2_3_L -1 -8.766e+04 2.354e+02 3.644e+02
|    ( - -1.822e+03 1 0)
|    ( WDBNDRY_E 0 -8.560e+04 2.132e+02 3.554e+02
|        ( QUESTION0_1_R 1 -2.480e+03 1.503e+02 1.100e+01
|            ( - -1.282e+03 1 0)
|            ( - -1.047e+03 1 0))
|        ( WDBNDRY_B 0 -8.290e+04 1.900e+02 3.444e+02
|            ( - -7.168e+02 1 0)
|            ( - -8.200e+04 4 0))))
s>    ( QUESTION2_3_L -1 -8.766e+04 2.354e+02 3.644e+02
s>        ( - -1.822e+03 1 0)
s>        ( WDBNDRY_E 0 -8.560e+04 2.132e+02 3.554e+02
s>            ( QUESTION0_1_R 1 -2.480e+03 1.503e+02 1.100e+01
s>                ( - -1.282e+03 1 0)
s>                ( - -1.047e+03 1 0))
s>            ( WDBNDRY_B 0 -8.290e+04 1.900e+02 3.444e+02
s>                ( - -7.168e+02 1 0)
s>                ( - -8.200e+04 4 0))))INFO: dtree.c(1315): Comp split 25
INFO: dtree.c(1439): stop. leaf nodes are specific
INFO: dtree.c(1478): Final simple tree
|( QUESTION2_13_L -1 -1.227e+04 1.740e+02 5.303e+01
|    ( - -4.041e+03 1 0)
|    ( - -8.057e+03 2 0))
s>    ( QUESTION2_13_L -1 -1.227e+04 1.740e+02 5.303e+01
s>        ( - -4.041e+03 1 0)
s>        ( - -8.057e+03 2 0))INFO: dtree.c(1315): Comp split 26
INFO: dtree.c(1478): Final simple tree
|( QUESTION0_10_R 1 -1.337e+04 1.992e+02 5.849e+01
|    ( QUESTION4 -1 -4.319e+03 1.599e+02 2.098e+01
|        ( - -7.390e+02 1 0)
|        ( - -3.420e+03 1 0))
|    ( QUESTION0_6_R 1 -8.849e+03 1.634e+02 3.751e+01
|        ( - -8.835e+02 1 0)
|        ( QUESTION0_7_R 1 -7.803e+03 1.645e+02 3.351e+01
|            ( - -5.690e+02 1 0)
|            ( QUESTION4 -1 -7.069e+03 1.436e+02 3.051e+01
|                ( - -5.482e+02 1 0)
|                ( QUESTION0_5_R 1 -6.377e+03 1.381e+02 2.751e+01
|                    ( - -5.851e+02 1 0)
|                    ( QUESTION0 -1 -5.654e+03 1.248e+02 2.451e+01
|                        ( - -1.029e+03 1 0)
|                        ( - -4.500e+03 2 0 SILENCE 1 1.607e+02 1.951e+01)))))))
s>    ( QUESTION0_10_R 1 -1.337e+04 1.992e+02 5.849e+01
s>        ( QUESTION4 -1 -4.319e+03 1.599e+02 2.098e+01
s>            ( - -7.390e+02 1 0)
s>            ( - -3.420e+03 1 0))
s>        ( QUESTION0_6_R 1 -8.849e+03 1.634e+02 3.751e+01
s>            ( - -8.835e+02 1 0)
s>            ( QUESTION0_7_R 1 -7.803e+03 1.645e+02 3.351e+01
s>                ( - -5.690e+02 1 0)
s>                ( QUESTION4 -1 -7.069e+03 1.436e+02 3.051e+01
s>                    ( - -5.482e+02 1 0)
s>                    ( QUESTION0_5_R 1 -6.377e+03 1.381e+02 2.751e+01
s>                        ( - -5.851e+02 1 0)
s>                        ( QUESTION0 -1 -5.654e+03 1.248e+02 2.451e+01
s>                            ( - -1.029e+03 1 0)
s>                            ( - -4.500e+03 2 0 SILENCE 1 1.607e+02 1.951e+01)))))))INFO: dtree.c(1439): stop. leaf nodes are specific
INFO: dtree.c(1478): Final simple tree
|( QUESTION0_7_R 1 -1.453e+04 1.710e+02 6.812e+01
|    ( - -7.573e+03 1 0)
|    ( SILENCE 1 -6.783e+03 1.413e+02 3.194e+01
|        ( - -5.212e+03 1 0)
|        ( - -1.430e+03 1 0)))
s>    ( QUESTION0_7_R 1 -1.453e+04 1.710e+02 6.812e+01
s>        ( - -7.573e+03 1 0)
s>        ( SILENCE 1 -6.783e+03 1.413e+02 3.194e+01
s>            ( - -5.212e+03 1 0)
s>            ( - -1.430e+03 1 0)))INFO: dtree.c(1315): Comp split 27
INFO: dtree.c(1315): Comp split 28
INFO: dtree.c(1439): stop. leaf nodes are specific
INFO: dtree.c(1478): Final simple tree
|( QUESTION0 -1 -2.371e+04 2.027e+02 1.074e+02
|    ( - -1.106e+04 2 0)
|    ( QUESTION4 -1 -1.245e+04 1.465e+02 5.632e+01
|        ( - -3.703e+03 1 0)
|        ( - -8.604e+03 1 0)))
s>    ( QUESTION0 -1 -2.371e+04 2.027e+02 1.074e+02
s>        ( - -1.106e+04 2 0)
s>        ( QUESTION4 -1 -1.245e+04 1.465e+02 5.632e+01
s>            ( - -3.703e+03 1 0)
s>            ( - -8.604e+03 1 0)))INFO: dtree.c(1439): stop. leaf nodes are specific
INFO: dtree.c(1478): Final simple tree
|( QUESTION0 -1 -4.653e+04 2.007e+02 2.015e+02
|    ( - -1.309e+04 5 0)
|    ( - -3.323e+04 4 0))
s>    ( QUESTION0 -1 -4.653e+04 2.007e+02 2.015e+02
s>        ( - -1.309e+04 5 0)
s>        ( - -3.323e+04 4 0))INFO: dtree.c(1315): Comp split 29
INFO: dtree.c(1315): Comp split 30
INFO: dtree.c(1315): Comp split 31
INFO: dtree.c(1439): stop. leaf nodes are specific
INFO: dtree.c(1478): Final simple tree
|( QUESTION0 1 -6.759e+03 1.509e+02 2.899e+01
|    ( - -5.776e+03 1 0)
|    ( - -8.322e+02 1 0))
s>    ( QUESTION0 1 -6.759e+03 1.509e+02 2.899e+01
s>        ( - -5.776e+03 1 0)
s>        ( - -8.322e+02 1 0))INFO: dtree.c(1315): Comp split 32
INFO: dtree.c(1439): stop. leaf nodes are specific
INFO: dtree.c(1478): Final simple tree
|( QUESTION2 1 -1.460e+04 2.079e+02 6.684e+01
|    ( - -1.907e+03 1 0)
|    ( QUESTION0_1_R 1 -1.248e+04 1.537e+02 5.775e+01
|        ( - -3.590e+02 1 0)
|        ( - -1.197e+04 1 0)))
s>    ( QUESTION2 1 -1.460e+04 2.079e+02 6.684e+01
s>        ( - -1.907e+03 1 0)
s>        ( QUESTION0_1_R 1 -1.248e+04 1.537e+02 5.775e+01
s>            ( - -3.590e+02 1 0)
s>            ( - -1.197e+04 1 0)))INFO: dtree.c(1315): Comp split 33
INFO: dtree.c(1478): Final simple tree
|( QUESTION4 1 -1.631e+04 1.984e+02 7.105e+01
|    ( SILENCE -1 -1.244e+04 1.745e+02 5.407e+01
|        ( - -8.164e+03 2 0)
|        ( QUESTION4 -1 -4.106e+03 1.477e+02 1.800e+01
|            ( QUESTION2_4_L -1 -3.212e+03 1.385e+02 1.400e+01
|                ( - -8.381e+02 1 0)
|                ( QUESTION2_6_L -1 -2.236e+03 1.082e+02 9.998e+00
|                    ( - -8.289e+02 1 0)
|                    ( - -1.298e+03 2 0 QUESTION2_3_L -1 4.971e+02 5.998e+00)))
|            ( - -7.466e+02 1 0)))
|    ( SILENCE -1 -3.671e+03 1.588e+02 1.697e+01
|        ( - -7.483e+02 1 0)
|        ( QUESTION0 -1 -2.764e+03 1.568e+02 1.297e+01
|            ( - -1.852e+03 1 0)
|            ( - -7.554e+02 1 0))))
s>    ( QUESTION4 1 -1.631e+04 1.984e+02 7.105e+01
s>        ( SILENCE -1 -1.244e+04 1.745e+02 5.407e+01
s>            ( - -8.164e+03 2 0)
s>            ( QUESTION4 -1 -4.106e+03 1.477e+02 1.800e+01
s>                ( QUESTION2_4_L -1 -3.212e+03 1.385e+02 1.400e+01
s>                    ( - -8.381e+02 1 0)
s>                    ( QUESTION2_6_L -1 -2.236e+03 1.082e+02 9.998e+00
s>                        ( - -8.289e+02 1 0)
s>                        ( - -1.298e+03 2 0 QUESTION2_3_L -1 4.971e+02 5.998e+00)))
s>                ( - -7.466e+02 1 0)))
s>        ( SILENCE -1 -3.671e+03 1.588e+02 1.697e+01
s>            ( - -7.483e+02 1 0)
s>            ( QUESTION0 -1 -2.764e+03 1.568e+02 1.297e+01
s>                ( - -1.852e+03 1 0)
s>                ( - -7.554e+02 1 0))))INFO: dtree.c(1315): Comp split 34
INFO: dtree.c(1439): stop. leaf nodes are specific
INFO: dtree.c(1478): Final simple tree
|( WDBNDRY_E 0 -8.560e+04 2.132e+02 3.554e+02
|    ( QUESTION0_1_R 1 -2.480e+03 1.503e+02 1.100e+01
|        ( - -1.282e+03 1 0)
|        ( - -1.047e+03 1 0))
|    ( WDBNDRY_B 0 -8.290e+04 1.900e+02 3.444e+02
|        ( - -7.168e+02 1 0)
|        ( - -8.200e+04 4 0)))
s>    ( WDBNDRY_E 0 -8.560e+04 2.132e+02 3.554e+02
s>        ( QUESTION0_1_R 1 -2.480e+03 1.503e+02 1.100e+01
s>            ( - -1.282e+03 1 0)
s>            ( - -1.047e+03 1 0))
s>        ( WDBNDRY_B 0 -8.290e+04 1.900e+02 3.444e+02
s>            ( - -7.168e+02 1 0)
s>            ( - -8.200e+04 4 0)))INFO: dtree.c(1315): Comp split 35
INFO: dtree.c(1439): stop. leaf nodes are specific
INFO: dtree.c(1478): Final simple tree
|( WDBNDRY_E 0 -7.359e+04 2.038e+02 3.458e+02
|    ( - -3.219e+02 1 0)
|    ( - -7.307e+04 1 0))
s>    ( WDBNDRY_E 0 -7.359e+04 2.038e+02 3.458e+02
s>        ( - -3.219e+02 1 0)
s>        ( - -7.307e+04 1 0))INFO: dtree.c(1315): Comp split 36
INFO: dtree.c(1439): stop. leaf nodes are specific
INFO: dtree.c(1478): Final simple tree
|( WDBNDRY_B 0 -8.290e+04 1.900e+02 3.444e+02
|    ( - -7.168e+02 1 0)
|    ( - -8.200e+04 4 0))
s>    ( WDBNDRY_B 0 -8.290e+04 1.900e+02 3.444e+02
s>        ( - -7.168e+02 1 0)
s>        ( - -8.200e+04 4 0))INFO: dtree.c(1439): stop. leaf nodes are specific
INFO: dtree.c(1478): Final simple tree
|( QUESTION0_1_R 1 -2.480e+03 1.503e+02 1.100e+01
|    ( - -1.282e+03 1 0)
|    ( - -1.047e+03 1 0))
s>    ( QUESTION0_1_R 1 -2.480e+03 1.503e+02 1.100e+01
s>        ( - -1.282e+03 1 0)
s>        ( - -1.047e+03 1 0))INFO: dtree.c(1315): Comp split 37
INFO: dtree.c(1439): stop. leaf nodes are specific
INFO: dtree.c(1478): Final simple tree
|( QUESTION0_1_R 1 -4.148e+03 1.427e+02 1.998e+01
|    ( - -5.851e+02 1 0)
|    ( - -3.420e+03 1 0))
s>    ( QUESTION0_1_R 1 -4.148e+03 1.427e+02 1.998e+01
s>        ( - -5.851e+02 1 0)
s>        ( - -3.420e+03 1 0))INFO: dtree.c(1439): stop. leaf nodes are specific
INFO: dtree.c(1478): Final simple tree
|( QUESTION0_11_R 1 -9.009e+03 1.639e+02 3.851e+01
|    ( - -5.690e+02 1 0)
|    ( QUESTION0_6_R 1 -8.276e+03 1.632e+02 3.551e+01
|        ( - -8.835e+02 1 0)
|        ( QUESTION0_7_R 1 -7.230e+03 1.437e+02 3.151e+01
|            ( - -7.390e+02 1 0)
|            ( QUESTION4 -1 -6.347e+03 1.447e+02 2.751e+01
|                ( - -5.482e+02 1 0)
|                ( QUESTION0 -1 -5.654e+03 1.248e+02 2.451e+01
|                    ( - -1.029e+03 1 0)
|                    ( SILENCE 1 -4.500e+03 1.607e+02 1.951e+01
|                        ( - -1.536e+03 1 0)
|                        ( - -2.803e+03 1 0)))))))
s>    ( QUESTION0_11_R 1 -9.009e+03 1.639e+02 3.851e+01
s>        ( - -5.690e+02 1 0)
s>        ( QUESTION0_6_R 1 -8.276e+03 1.632e+02 3.551e+01
s>            ( - -8.835e+02 1 0)
s>            ( QUESTION0_7_R 1 -7.230e+03 1.437e+02 3.151e+01
s>                ( - -7.390e+02 1 0)
s>                ( QUESTION4 -1 -6.347e+03 1.447e+02 2.751e+01
s>                    ( - -5.482e+02 1 0)
s>                    ( QUESTION0 -1 -5.654e+03 1.248e+02 2.451e+01
s>                        ( - -1.029e+03 1 0)
s>                        ( SILENCE 1 -4.500e+03 1.607e+02 1.951e+01
s>                            ( - -1.536e+03 1 0)
s>                            ( - -2.803e+03 1 0)))))))INFO: dtree.c(1315): Comp split 38
INFO: dtree.c(1439): stop. leaf nodes are specific
INFO: dtree.c(1478): Final simple tree
|( QUESTION0_1_R 1 -1.248e+04 1.537e+02 5.775e+01
|    ( - -3.590e+02 1 0)
|    ( - -1.197e+04 1 0))
s>    ( QUESTION0_1_R 1 -1.248e+04 1.537e+02 5.775e+01
s>        ( - -3.590e+02 1 0)
s>        ( - -1.197e+04 1 0))INFO: dtree.c(1315): Comp split 39
INFO: dtree.c(1315): Comp split 40
INFO: dtree.c(1439): stop. leaf nodes are specific
INFO: dtree.c(1478): Final simple tree
|( QUESTION4 -1 -1.245e+04 1.465e+02 5.632e+01
|    ( - -3.703e+03 1 0)
|    ( - -8.604e+03 1 0))
s>    ( QUESTION4 -1 -1.245e+04 1.465e+02 5.632e+01
s>        ( - -3.703e+03 1 0)
s>        ( - -8.604e+03 1 0))INFO: dtree.c(1315): Comp split 41
INFO: dtree.c(1315): Comp split 42
INFO: dtree.c(1315): Comp split 43
INFO: dtree.c(1439): stop. leaf nodes are specific
INFO: dtree.c(1478): Final simple tree
|( QUESTION0 -1 -2.764e+03 1.568e+02 1.297e+01
|    ( - -1.852e+03 1 0)
|    ( - -7.554e+02 1 0))
s>    ( QUESTION0 -1 -2.764e+03 1.568e+02 1.297e+01
s>        ( - -1.852e+03 1 0)
s>        ( - -7.554e+02 1 0))INFO: dtree.c(1439): stop. leaf nodes are specific
INFO: dtree.c(1478): Final simple tree
|( SILENCE -1 -1.335e+04 1.730e+02 5.807e+01
|    ( QUESTION4 1 -9.071e+03 1.590e+02 4.008e+01
|        ( - -8.164e+03 2 0)
|        ( - -7.483e+02 1 0))
|    ( QUESTION4 -1 -4.106e+03 1.477e+02 1.800e+01
|        ( QUESTION2_4_L -1 -3.212e+03 1.385e+02 1.400e+01
|            ( - -8.381e+02 1 0)
|            ( QUESTION2_6_L -1 -2.236e+03 1.082e+02 9.998e+00
|                ( - -8.289e+02 1 0)
|                ( QUESTION2_3_L -1 -1.298e+03 4.971e+02 5.998e+00
|                    ( - 2.417e+02 1 0)
|                    ( - -1.043e+03 1 0))))
|        ( - -7.466e+02 1 0)))
s>    ( SILENCE -1 -1.335e+04 1.730e+02 5.807e+01
s>        ( QUESTION4 1 -9.071e+03 1.590e+02 4.008e+01
s>            ( - -8.164e+03 2 0)
s>            ( - -7.483e+02 1 0))
s>        ( QUESTION4 -1 -4.106e+03 1.477e+02 1.800e+01
s>            ( QUESTION2_4_L -1 -3.212e+03 1.385e+02 1.400e+01
s>                ( - -8.381e+02 1 0)
s>                ( QUESTION2_6_L -1 -2.236e+03 1.082e+02 9.998e+00
s>                    ( - -8.289e+02 1 0)
s>                    ( QUESTION2_3_L -1 -1.298e+03 4.971e+02 5.998e+00
s>                        ( - 2.417e+02 1 0)
s>                        ( - -1.043e+03 1 0))))
s>            ( - -7.466e+02 1 0)))INFO: dtree.c(1315): Comp split 44
INFO: dtree.c(1439): stop. leaf nodes are specific
INFO: dtree.c(1478): Final simple tree
|( SILENCE -1 -1.310e+04 1.871e+02 5.707e+01
|    ( QUESTION4 1 -9.071e+03 1.590e+02 4.008e+01
|        ( - -8.164e+03 2 0)
|        ( - -7.483e+02 1 0))
|    ( QUESTION4 -1 -3.846e+03 1.437e+02 1.700e+01
|        ( QUESTION2_4_L -1 -2.956e+03 1.398e+02 1.300e+01
|            ( - -8.381e+02 1 0)
|            ( QUESTION2_3_L -1 -1.978e+03 1.057e+02 8.998e+00
|                ( - -8.289e+02 1 0)
|                ( - -1.043e+03 1 0)))
|        ( - -7.466e+02 1 0)))
s>    ( SILENCE -1 -1.310e+04 1.871e+02 5.707e+01
s>        ( QUESTION4 1 -9.071e+03 1.590e+02 4.008e+01
s>            ( - -8.164e+03 2 0)
s>            ( - -7.483e+02 1 0))
s>        ( QUESTION4 -1 -3.846e+03 1.437e+02 1.700e+01
s>            ( QUESTION2_4_L -1 -2.956e+03 1.398e+02 1.300e+01
s>                ( - -8.381e+02 1 0)
s>                ( QUESTION2_3_L -1 -1.978e+03 1.057e+02 8.998e+00
s>                    ( - -8.289e+02 1 0)
s>                    ( - -1.043e+03 1 0)))
s>            ( - -7.466e+02 1 0)))INFO: dtree.c(1315): Comp split 45
INFO: dtree.c(1315): Comp split 46
INFO: dtree.c(1439): stop. leaf nodes are specific
INFO: dtree.c(1478): Final simple tree
|( QUESTION4 -1 -3.846e+03 1.437e+02 1.700e+01
|    ( QUESTION2_4_L -1 -2.956e+03 1.398e+02 1.300e+01
|        ( - -8.381e+02 1 0)
|        ( QUESTION2_3_L -1 -1.978e+03 1.057e+02 8.998e+00
|            ( - -8.289e+02 1 0)
|            ( - -1.043e+03 1 0)))
|    ( - -7.466e+02 1 0))
s>    ( QUESTION4 -1 -3.846e+03 1.437e+02 1.700e+01
s>        ( QUESTION2_4_L -1 -2.956e+03 1.398e+02 1.300e+01
s>            ( - -8.381e+02 1 0)
s>            ( QUESTION2_3_L -1 -1.978e+03 1.057e+02 8.998e+00
s>                ( - -8.289e+02 1 0)
s>                ( - -1.043e+03 1 0)))
s>        ( - -7.466e+02 1 0))INFO: dtree.c(1439): stop. leaf nodes are specific
INFO: dtree.c(1478): Final simple tree
|( QUESTION4 1 -9.071e+03 1.590e+02 4.008e+01
|    ( - -8.164e+03 2 0)
|    ( - -7.483e+02 1 0))
s>    ( QUESTION4 1 -9.071e+03 1.590e+02 4.008e+01
s>        ( - -8.164e+03 2 0)
s>        ( - -7.483e+02 1 0))INFO: dtree.c(1315): Comp split 47
INFO: dtree.c(1315): Comp split 48
INFO: dtree.c(1315): Comp split 49
INFO: dtree.c(1439): stop. leaf nodes are specific
INFO: dtree.c(1478): Final simple tree
|( SILENCE 1 -6.783e+03 1.413e+02 3.194e+01
|    ( - -5.212e+03 1 0)
|    ( - -1.430e+03 1 0))
s>    ( SILENCE 1 -6.783e+03 1.413e+02 3.194e+01
s>        ( - -5.212e+03 1 0)
s>        ( - -1.430e+03 1 0))INFO: dtree.c(1315): Comp split 50
INFO: dtree.c(1439): stop. leaf nodes are specific
INFO: dtree.c(1478): Final simple tree
|( QUESTION0_11_R 1 -7.307e+03 1.661e+02 3.153e+01
|    ( - -5.690e+02 1 0)
|    ( QUESTION0_6_R 1 -6.572e+03 1.552e+02 2.853e+01
|        ( - -8.835e+02 1 0)
|        ( QUESTION0_7_R 1 -5.533e+03 1.476e+02 2.453e+01
|            ( - -7.390e+02 1 0)
|            ( QUESTION4 -1 -4.646e+03 1.496e+02 2.053e+01
|                ( - -5.482e+02 1 0)
|                ( SILENCE 1 -3.949e+03 1.162e+02 1.753e+01
|                    ( - -1.029e+03 1 0)
|                    ( - -2.803e+03 1 0))))))
s>    ( QUESTION0_11_R 1 -7.307e+03 1.661e+02 3.153e+01
s>        ( - -5.690e+02 1 0)
s>        ( QUESTION0_6_R 1 -6.572e+03 1.552e+02 2.853e+01
s>            ( - -8.835e+02 1 0)
s>            ( QUESTION0_7_R 1 -5.533e+03 1.476e+02 2.453e+01
s>                ( - -7.390e+02 1 0)
s>                ( QUESTION4 -1 -4.646e+03 1.496e+02 2.053e+01
s>                    ( - -5.482e+02 1 0)
s>                    ( SILENCE 1 -3.949e+03 1.162e+02 1.753e+01
s>                        ( - -1.029e+03 1 0)
s>                        ( - -2.803e+03 1 0))))))INFO: dtree.c(1315): Comp split 51
INFO: dtree.c(1439): stop. leaf nodes are specific
INFO: dtree.c(1478): Final simple tree
|( QUESTION0_6_R 1 -6.572e+03 1.552e+02 2.853e+01
|    ( - -8.835e+02 1 0)
|    ( QUESTION0_7_R 1 -5.533e+03 1.476e+02 2.453e+01
|        ( - -7.390e+02 1 0)
|        ( QUESTION4 -1 -4.646e+03 1.496e+02 2.053e+01
|            ( - -5.482e+02 1 0)
|            ( SILENCE 1 -3.949e+03 1.162e+02 1.753e+01
|                ( - -1.029e+03 1 0)
|                ( - -2.803e+03 1 0)))))
s>    ( QUESTION0_6_R 1 -6.572e+03 1.552e+02 2.853e+01
s>        ( - -8.835e+02 1 0)
s>        ( QUESTION0_7_R 1 -5.533e+03 1.476e+02 2.453e+01
s>            ( - -7.390e+02 1 0)
s>            ( QUESTION4 -1 -4.646e+03 1.496e+02 2.053e+01
s>                ( - -5.482e+02 1 0)
s>                ( SILENCE 1 -3.949e+03 1.162e+02 1.753e+01
s>                    ( - -1.029e+03 1 0)
s>                    ( - -2.803e+03 1 0)))))INFO: dtree.c(1315): Comp split 52
INFO: dtree.c(1315): Comp split 53
INFO: dtree.c(1315): Comp split 54
INFO: dtree.c(1439): stop. leaf nodes are specific
INFO: dtree.c(1478): Final simple tree
|( QUESTION0_7_R 1 -5.533e+03 1.476e+02 2.453e+01
|    ( - -7.390e+02 1 0)
|    ( QUESTION4 -1 -4.646e+03 1.496e+02 2.053e+01
|        ( - -5.482e+02 1 0)
|        ( SILENCE 1 -3.949e+03 1.162e+02 1.753e+01
|            ( - -1.029e+03 1 0)
|            ( - -2.803e+03 1 0))))
s>    ( QUESTION0_7_R 1 -5.533e+03 1.476e+02 2.453e+01
s>        ( - -7.390e+02 1 0)
s>        ( QUESTION4 -1 -4.646e+03 1.496e+02 2.053e+01
s>            ( - -5.482e+02 1 0)
s>            ( SILENCE 1 -3.949e+03 1.162e+02 1.753e+01
s>                ( - -1.029e+03 1 0)
s>                ( - -2.803e+03 1 0))))INFO: dtree.c(1315): Comp split 55
INFO: dtree.c(1439): stop. leaf nodes are specific
INFO: dtree.c(1478): Final simple tree
|( QUESTION0_7_R 1 -4.826e+03 1.382e+02 2.153e+01
|    ( - -7.390e+02 1 0)
|    ( SILENCE 1 -3.949e+03 1.162e+02 1.753e+01
|        ( - -1.029e+03 1 0)
|        ( - -2.803e+03 1 0)))
s>    ( QUESTION0_7_R 1 -4.826e+03 1.382e+02 2.153e+01
s>        ( - -7.390e+02 1 0)
s>        ( SILENCE 1 -3.949e+03 1.162e+02 1.753e+01
s>            ( - -1.029e+03 1 0)
s>            ( - -2.803e+03 1 0)))INFO: dtree.c(1315): Comp split 56
INFO: dtree.c(1315): Comp split 57
INFO: dtree.c(1315): Comp split 58
INFO: dtree.c(1315): Comp split 59
INFO: dtree.c(1315): Comp split 60
INFO: dtree.c(1439): stop. leaf nodes are specific
INFO: dtree.c(1478): Final simple tree
|( QUESTION2_3_L -1 -1.978e+03 1.057e+02 8.998e+00
|    ( - -8.289e+02 1 0)
|    ( - -1.043e+03 1 0))
s>    ( QUESTION2_3_L -1 -1.978e+03 1.057e+02 8.998e+00
s>        ( - -8.289e+02 1 0)
s>        ( - -1.043e+03 1 0))INFO: dtree.c(1439): stop. leaf nodes are specific
INFO: dtree.c(1478): Final simple tree
|( QUESTION4 -1 -1.724e+03 1.392e+02 8.000e+00
|    ( - -8.381e+02 1 0)
|    ( - -7.466e+02 1 0))
s>    ( QUESTION4 -1 -1.724e+03 1.392e+02 8.000e+00
s>        ( - -8.381e+02 1 0)
s>        ( - -7.466e+02 1 0))INFO: dtree.c(1315): Comp split 61
INFO: dtree.c(1315): Comp split 62
INFO: dtree.c(1315): Comp split 63
INFO: dtree.c(1315): Comp split 64
INFO: dtree.c(1439): stop. leaf nodes are specific
INFO: dtree.c(1478): Final simple tree
|( SILENCE 1 -3.949e+03 1.162e+02 1.753e+01
|    ( - -1.029e+03 1 0)
|    ( - -2.803e+03 1 0))
s>    ( SILENCE 1 -3.949e+03 1.162e+02 1.753e+01
s>        ( - -1.029e+03 1 0)
s>        ( - -2.803e+03 1 0))INFO: dtree.c(1315): Comp split 65
INFO: dtree.c(1315): Comp split 66
INFO: dtree.c(1315): Comp split 67
INFO: dtree.c(1315): Comp split 68
INFO: dtree.c(1318): stop. leaf nodes are specific
Mon Jan 30 07:35:48 2017
