Current configuration:
[NAME]		[DEFLT]	[VALUE]
-allphones	no	no
-cntthresh	0.00001	1.000000e-05
-csplitmax	100	2000
-csplitmin	1	1
-csplitthr	8e-4	0.000000e+00
-example	no	no
-fullvar	no	no
-help		no	no
-meanfn			/Users/benroye/forge/cmusphinx/voiceVim/model_parameters/voiceVim.cd_cont_untied/means
-mixwfn			/Users/benroye/forge/cmusphinx/voiceVim/model_parameters/voiceVim.cd_cont_untied/mixture_weights
-moddeffn		/Users/benroye/forge/cmusphinx/voiceVim/model_architecture/voiceVim.untied.mdef
-mwfloor	1e-4	1.000000e-08
-phone			ah
-psetfn			/Users/benroye/forge/cmusphinx/voiceVim/model_architecture/voiceVim.tree_questions
-ssplitmax	5	7
-ssplitmin	1	1
-ssplitthr	8e-4	0.000000e+00
-state			2
-stwt			1.0,0.05,0.0,
-treefn			/Users/benroye/forge/cmusphinx/voiceVim/trees/voiceVim.unpruned/ah-2.dtree
-ts2cbfn	.semi.	.cont.
-varfloor	0.00001	1.000000e-05
-varfn			/Users/benroye/forge/cmusphinx/voiceVim/model_parameters/voiceVim.cd_cont_untied/variances

INFO: main.c(223): Reading: /Users/benroye/forge/cmusphinx/voiceVim/model_architecture/voiceVim.untied.mdef
INFO: model_def_io.c(573): Model definition info:
INFO: model_def_io.c(574): 2249 total models defined (39 base, 2210 tri)
INFO: model_def_io.c(575): 8996 total states
INFO: model_def_io.c(576): 6747 total tied states
INFO: model_def_io.c(577): 117 total tied CI states
INFO: model_def_io.c(578): 39 total tied transition matrices
INFO: model_def_io.c(579): 4 max state/model
INFO: model_def_io.c(580): 4 min state/model
INFO: main.c(242): Building trees for [ah SIL s b] through [ah z s b]
INFO: main.c(269): Covering states |[234 302]| == 69
INFO: main.c(275): Reading: /Users/benroye/forge/cmusphinx/voiceVim/model_parameters/voiceVim.cd_cont_untied/mixture_weights
INFO: s3mixw_io.c(173): Read /Users/benroye/forge/cmusphinx/voiceVim/model_parameters/voiceVim.cd_cont_untied/mixture_weights [69x1x1 array]
INFO: main.c(311): 23 of 23 models have observation count greater than 0.000010
INFO: main.c(95): nrm stwt: 0.000 0.048 0.952 
INFO: s3gau_io.c(169): Read /Users/benroye/forge/cmusphinx/voiceVim/model_parameters/voiceVim.cd_cont_untied/means [6747x1x1 array]
INFO: s3gau_io.c(169): Read /Users/benroye/forge/cmusphinx/voiceVim/model_parameters/voiceVim.cd_cont_untied/variances [6747x1x1 array]
INFO: main.c(549): Reading: /Users/benroye/forge/cmusphinx/voiceVim/model_architecture/voiceVim.tree_questions
INFO: main.c(588): 174 total simple questions (166 phone; 8 word bndry)
INFO: main.c(590): 40 Left Only questions, and 42 Right Only questions
INFO: dtree.c(1478): Final simple tree
|( WDBNDRY_B 0 -2.847e+05 3.235e+03 1.242e+03
|    ( - -9.058e+04 15 0 QUESTION2_9_L -1 2.269e+02 3.930e+02)
|    ( QUESTION0_5_R 1 -1.909e+05 2.715e+03 8.491e+02
|        ( - -8.186e+04 1 0)
|        ( QUESTION0_18_R 1 -1.064e+05 1.352e+03 4.696e+02
|            ( - -4.515e+04 1 0)
|            ( QUESTION0_2_R 1 -5.986e+04 7.460e+02 2.668e+02
|                ( - -2.117e+04 1 0)
|                ( QUESTION0_1_R 1 -3.795e+04 7.055e+02 1.710e+02
|                    ( QUESTION11 1 -2.593e+04 3.294e+02 1.191e+02
|                        ( - -1.723e+04 1 0)
|                        ( - -8.372e+03 2 0 QUESTION0_4_R 1 1.109e+02 3.909e+01))
|                    ( QUESTION0_12_R 1 -1.131e+04 4.897e+02 5.193e+01
|                        ( - -2.935e+03 1 0)
|                        ( - -7.887e+03 1 0)))))))
s>    ( WDBNDRY_B 0 -2.847e+05 3.235e+03 1.242e+03
s>        ( - -9.058e+04 15 0 QUESTION2_9_L -1 2.269e+02 3.930e+02)
s>        ( QUESTION0_5_R 1 -1.909e+05 2.715e+03 8.491e+02
s>            ( - -8.186e+04 1 0)
s>            ( QUESTION0_18_R 1 -1.064e+05 1.352e+03 4.696e+02
s>                ( - -4.515e+04 1 0)
s>                ( QUESTION0_2_R 1 -5.986e+04 7.460e+02 2.668e+02
s>                    ( - -2.117e+04 1 0)
s>                    ( QUESTION0_1_R 1 -3.795e+04 7.055e+02 1.710e+02
s>                        ( QUESTION11 1 -2.593e+04 3.294e+02 1.191e+02
s>                            ( - -1.723e+04 1 0)
s>                            ( - -8.372e+03 2 0 QUESTION0_4_R 1 1.109e+02 3.909e+01))
s>                        ( QUESTION0_12_R 1 -1.131e+04 4.897e+02 5.193e+01
s>                            ( - -2.935e+03 1 0)
s>                            ( - -7.887e+03 1 0)))))))INFO: dtree.c(1315): Comp split 0
INFO: dtree.c(1478): Final simple tree
|( QUESTION0_5_R 1 -1.909e+05 2.715e+03 8.491e+02
|    ( - -8.186e+04 1 0)
|    ( QUESTION0_18_R 1 -1.064e+05 1.352e+03 4.696e+02
|        ( - -4.515e+04 1 0)
|        ( QUESTION0_2_R 1 -5.986e+04 7.460e+02 2.668e+02
|            ( - -2.117e+04 1 0)
|            ( QUESTION0_1_R 1 -3.795e+04 7.055e+02 1.710e+02
|                ( QUESTION11 1 -2.593e+04 3.294e+02 1.191e+02
|                    ( - -1.723e+04 1 0)
|                    ( QUESTION0_4_R 1 -8.372e+03 1.109e+02 3.909e+01
|                        ( - -5.938e+03 1 0)
|                        ( - -2.322e+03 1 0)))
|                ( QUESTION0_12_R 1 -1.131e+04 4.897e+02 5.193e+01
|                    ( - -2.935e+03 1 0)
|                    ( - -7.887e+03 1 0))))))
s>    ( QUESTION0_5_R 1 -1.909e+05 2.715e+03 8.491e+02
s>        ( - -8.186e+04 1 0)
s>        ( QUESTION0_18_R 1 -1.064e+05 1.352e+03 4.696e+02
s>            ( - -4.515e+04 1 0)
s>            ( QUESTION0_2_R 1 -5.986e+04 7.460e+02 2.668e+02
s>                ( - -2.117e+04 1 0)
s>                ( QUESTION0_1_R 1 -3.795e+04 7.055e+02 1.710e+02
s>                    ( QUESTION11 1 -2.593e+04 3.294e+02 1.191e+02
s>                        ( - -1.723e+04 1 0)
s>                        ( QUESTION0_4_R 1 -8.372e+03 1.109e+02 3.909e+01
s>                            ( - -5.938e+03 1 0)
s>                            ( - -2.322e+03 1 0)))
s>                    ( QUESTION0_12_R 1 -1.131e+04 4.897e+02 5.193e+01
s>                        ( - -2.935e+03 1 0)
s>                        ( - -7.887e+03 1 0))))))INFO: dtree.c(1478): Final simple tree
|( QUESTION2_9_L -1 -9.058e+04 2.269e+02 3.930e+02
|    ( QUESTION2_10_L -1 -7.631e+03 2.007e+02 3.417e+01
|        ( - -2.233e+03 1 0)
|        ( - -5.197e+03 1 0))
|    ( QUESTION18 -1 -8.272e+04 2.240e+02 3.588e+02
|        ( - -8.113e+03 2 0 QUESTION19 -1 9.429e+01 3.517e+01)
|        ( QUESTION3 -1 -7.438e+04 1.941e+02 3.236e+02
|            ( QUESTION10 -1 -6.010e+04 1.666e+02 2.608e+02
|                ( - -7.497e+02 1 0)
|                ( QUESTION2_0_L -1 -5.918e+04 1.479e+02 2.568e+02
|                    ( - -1.844e+04 2 0 QUESTION4 -1 1.215e+02 8.086e+01)
|                    ( - -4.059e+04 3 0)))
|            ( QUESTION2 -1 -1.409e+04 1.385e+02 6.285e+01
|                ( - -2.456e+03 3 0)
|                ( - -1.149e+04 2 0 SILENCE -1 1.097e+02 5.185e+01)))))
s>    ( QUESTION2_9_L -1 -9.058e+04 2.269e+02 3.930e+02
s>        ( QUESTION2_10_L -1 -7.631e+03 2.007e+02 3.417e+01
s>            ( - -2.233e+03 1 0)
s>            ( - -5.197e+03 1 0))
s>        ( QUESTION18 -1 -8.272e+04 2.240e+02 3.588e+02
s>            ( - -8.113e+03 2 0 QUESTION19 -1 9.429e+01 3.517e+01)
s>            ( QUESTION3 -1 -7.438e+04 1.941e+02 3.236e+02
s>                ( QUESTION10 -1 -6.010e+04 1.666e+02 2.608e+02
s>                    ( - -7.497e+02 1 0)
s>                    ( QUESTION2_0_L -1 -5.918e+04 1.479e+02 2.568e+02
s>                        ( - -1.844e+04 2 0 QUESTION4 -1 1.215e+02 8.086e+01)
s>                        ( - -4.059e+04 3 0)))
s>                ( QUESTION2 -1 -1.409e+04 1.385e+02 6.285e+01
s>                    ( - -2.456e+03 3 0)
s>                    ( - -1.149e+04 2 0 SILENCE -1 1.097e+02 5.185e+01)))))INFO: dtree.c(1315): Comp split 1
INFO: dtree.c(1439): stop. leaf nodes are specific
INFO: dtree.c(1478): Final simple tree
|( QUESTION0_18_R 1 -1.064e+05 1.352e+03 4.696e+02
|    ( - -4.515e+04 1 0)
|    ( QUESTION0_2_R 1 -5.986e+04 7.460e+02 2.668e+02
|        ( - -2.117e+04 1 0)
|        ( QUESTION0_1_R 1 -3.795e+04 7.055e+02 1.710e+02
|            ( QUESTION11 1 -2.593e+04 3.294e+02 1.191e+02
|                ( - -1.723e+04 1 0)
|                ( QUESTION0_4_R 1 -8.372e+03 1.109e+02 3.909e+01
|                    ( - -5.938e+03 1 0)
|                    ( - -2.322e+03 1 0)))
|            ( QUESTION0_12_R 1 -1.131e+04 4.897e+02 5.193e+01
|                ( - -2.935e+03 1 0)
|                ( - -7.887e+03 1 0)))))
s>    ( QUESTION0_18_R 1 -1.064e+05 1.352e+03 4.696e+02
s>        ( - -4.515e+04 1 0)
s>        ( QUESTION0_2_R 1 -5.986e+04 7.460e+02 2.668e+02
s>            ( - -2.117e+04 1 0)
s>            ( QUESTION0_1_R 1 -3.795e+04 7.055e+02 1.710e+02
s>                ( QUESTION11 1 -2.593e+04 3.294e+02 1.191e+02
s>                    ( - -1.723e+04 1 0)
s>                    ( QUESTION0_4_R 1 -8.372e+03 1.109e+02 3.909e+01
s>                        ( - -5.938e+03 1 0)
s>                        ( - -2.322e+03 1 0)))
s>                ( QUESTION0_12_R 1 -1.131e+04 4.897e+02 5.193e+01
s>                    ( - -2.935e+03 1 0)
s>                    ( - -7.887e+03 1 0)))))INFO: dtree.c(1315): Comp split 2
INFO: dtree.c(1439): stop. leaf nodes are specific
INFO: dtree.c(1478): Final simple tree
|( QUESTION0_2_R 1 -5.986e+04 7.460e+02 2.668e+02
|    ( - -2.117e+04 1 0)
|    ( QUESTION0_1_R 1 -3.795e+04 7.055e+02 1.710e+02
|        ( QUESTION11 1 -2.593e+04 3.294e+02 1.191e+02
|            ( - -1.723e+04 1 0)
|            ( QUESTION0_4_R 1 -8.372e+03 1.109e+02 3.909e+01
|                ( - -5.938e+03 1 0)
|                ( - -2.322e+03 1 0)))
|        ( QUESTION0_12_R 1 -1.131e+04 4.897e+02 5.193e+01
|            ( - -2.935e+03 1 0)
|            ( - -7.887e+03 1 0))))
s>    ( QUESTION0_2_R 1 -5.986e+04 7.460e+02 2.668e+02
s>        ( - -2.117e+04 1 0)
s>        ( QUESTION0_1_R 1 -3.795e+04 7.055e+02 1.710e+02
s>            ( QUESTION11 1 -2.593e+04 3.294e+02 1.191e+02
s>                ( - -1.723e+04 1 0)
s>                ( QUESTION0_4_R 1 -8.372e+03 1.109e+02 3.909e+01
s>                    ( - -5.938e+03 1 0)
s>                    ( - -2.322e+03 1 0)))
s>            ( QUESTION0_12_R 1 -1.131e+04 4.897e+02 5.193e+01
s>                ( - -2.935e+03 1 0)
s>                ( - -7.887e+03 1 0))))INFO: dtree.c(1315): Comp split 3
INFO: dtree.c(1439): stop. leaf nodes are specific
INFO: dtree.c(1478): Final simple tree
|( QUESTION0_1_R 1 -3.449e+04 6.755e+02 1.560e+02
|    ( QUESTION11 1 -2.593e+04 3.294e+02 1.191e+02
|        ( - -1.723e+04 1 0)
|        ( QUESTION0_4_R 1 -8.372e+03 1.109e+02 3.909e+01
|            ( - -5.938e+03 1 0)
|            ( - -2.322e+03 1 0)))
|    ( - -7.887e+03 1 0))
s>    ( QUESTION0_1_R 1 -3.449e+04 6.755e+02 1.560e+02
s>        ( QUESTION11 1 -2.593e+04 3.294e+02 1.191e+02
s>            ( - -1.723e+04 1 0)
s>            ( QUESTION0_4_R 1 -8.372e+03 1.109e+02 3.909e+01
s>                ( - -5.938e+03 1 0)
s>                ( - -2.322e+03 1 0)))
s>        ( - -7.887e+03 1 0))INFO: dtree.c(1439): stop. leaf nodes are specific
INFO: dtree.c(1478): Final simple tree
|( QUESTION0_1_R 1 -2.456e+04 4.549e+02 1.108e+02
|    ( - -2.117e+04 1 0)
|    ( - -2.935e+03 1 0))
s>    ( QUESTION0_1_R 1 -2.456e+04 4.549e+02 1.108e+02
s>        ( - -2.117e+04 1 0)
s>        ( - -2.935e+03 1 0))INFO: dtree.c(1315): Comp split 4
INFO: dtree.c(1439): stop. leaf nodes are specific
INFO: dtree.c(1478): Final simple tree
|( QUESTION11 1 -2.593e+04 3.294e+02 1.191e+02
|    ( - -1.723e+04 1 0)
|    ( QUESTION0_4_R 1 -8.372e+03 1.109e+02 3.909e+01
|        ( - -5.938e+03 1 0)
|        ( - -2.322e+03 1 0)))
s>    ( QUESTION11 1 -2.593e+04 3.294e+02 1.191e+02
s>        ( - -1.723e+04 1 0)
s>        ( QUESTION0_4_R 1 -8.372e+03 1.109e+02 3.909e+01
s>            ( - -5.938e+03 1 0)
s>            ( - -2.322e+03 1 0)))INFO: dtree.c(1315): Comp split 5
INFO: dtree.c(1315): Comp split 6
INFO: dtree.c(1439): stop. leaf nodes are specific
INFO: dtree.c(1478): Final simple tree
|( QUESTION19 -1 -1.297e+04 1.071e+02 5.616e+01
|    ( - -3.574e+03 1 0)
|    ( QUESTION4 -1 -9.288e+03 8.598e+01 4.008e+01
|        ( - -2.233e+03 1 0)
|        ( QUESTION0 -1 -6.969e+03 6.752e+01 3.008e+01
|            ( - -2.456e+03 3 0)
|            ( - -4.445e+03 1 0))))
s>    ( QUESTION19 -1 -1.297e+04 1.071e+02 5.616e+01
s>        ( - -3.574e+03 1 0)
s>        ( QUESTION4 -1 -9.288e+03 8.598e+01 4.008e+01
s>            ( - -2.233e+03 1 0)
s>            ( QUESTION0 -1 -6.969e+03 6.752e+01 3.008e+01
s>                ( - -2.456e+03 3 0)
s>                ( - -4.445e+03 1 0))))INFO: dtree.c(1439): stop. leaf nodes are specific
INFO: dtree.c(1478): Final simple tree
|( QUESTION2_9_L -1 -7.722e+04 2.226e+02 3.368e+02
|    ( - -5.197e+03 1 0)
|    ( QUESTION3 -1 -7.180e+04 2.053e+02 3.126e+02
|        ( QUESTION10 -1 -6.010e+04 1.666e+02 2.608e+02
|            ( - -7.497e+02 1 0)
|            ( QUESTION2_0_L -1 -5.918e+04 1.479e+02 2.568e+02
|                ( QUESTION4 -1 -1.844e+04 1.215e+02 8.086e+01
|                    ( - -1.450e+04 1 0)
|                    ( - -3.821e+03 1 0))
|                ( - -4.059e+04 3 0)))
|        ( SILENCE -1 -1.149e+04 1.097e+02 5.185e+01
|            ( - -5.025e+03 1 0)
|            ( - -6.360e+03 1 0))))
s>    ( QUESTION2_9_L -1 -7.722e+04 2.226e+02 3.368e+02
s>        ( - -5.197e+03 1 0)
s>        ( QUESTION3 -1 -7.180e+04 2.053e+02 3.126e+02
s>            ( QUESTION10 -1 -6.010e+04 1.666e+02 2.608e+02
s>                ( - -7.497e+02 1 0)
s>                ( QUESTION2_0_L -1 -5.918e+04 1.479e+02 2.568e+02
s>                    ( QUESTION4 -1 -1.844e+04 1.215e+02 8.086e+01
s>                        ( - -1.450e+04 1 0)
s>                        ( - -3.821e+03 1 0))
s>                    ( - -4.059e+04 3 0)))
s>            ( SILENCE -1 -1.149e+04 1.097e+02 5.185e+01
s>                ( - -5.025e+03 1 0)
s>                ( - -6.360e+03 1 0))))INFO: dtree.c(1315): Comp split 7
INFO: dtree.c(1439): stop. leaf nodes are specific
INFO: dtree.c(1478): Final simple tree
|( QUESTION0_4_R 1 -8.372e+03 1.109e+02 3.909e+01
|    ( - -5.938e+03 1 0)
|    ( - -2.322e+03 1 0))
s>    ( QUESTION0_4_R 1 -8.372e+03 1.109e+02 3.909e+01
s>        ( - -5.938e+03 1 0)
s>        ( - -2.322e+03 1 0))INFO: dtree.c(1315): Comp split 8
INFO: dtree.c(1439): stop. leaf nodes are specific
INFO: dtree.c(1478): Final simple tree
|( QUESTION10 -1 -6.010e+04 1.666e+02 2.608e+02
|    ( - -7.497e+02 1 0)
|    ( QUESTION2_0_L -1 -5.918e+04 1.479e+02 2.568e+02
|        ( QUESTION4 -1 -1.844e+04 1.215e+02 8.086e+01
|            ( - -1.450e+04 1 0)
|            ( - -3.821e+03 1 0))
|        ( - -4.059e+04 3 0)))
s>    ( QUESTION10 -1 -6.010e+04 1.666e+02 2.608e+02
s>        ( - -7.497e+02 1 0)
s>        ( QUESTION2_0_L -1 -5.918e+04 1.479e+02 2.568e+02
s>            ( QUESTION4 -1 -1.844e+04 1.215e+02 8.086e+01
s>                ( - -1.450e+04 1 0)
s>                ( - -3.821e+03 1 0))
s>            ( - -4.059e+04 3 0)))INFO: dtree.c(1439): stop. leaf nodes are specific
INFO: dtree.c(1478): Final simple tree
|( QUESTION3 -1 -1.681e+04 1.226e+02 7.602e+01
|    ( - -5.197e+03 1 0)
|    ( SILENCE -1 -1.149e+04 1.097e+02 5.185e+01
|        ( - -5.025e+03 1 0)
|        ( - -6.360e+03 1 0)))
s>    ( QUESTION3 -1 -1.681e+04 1.226e+02 7.602e+01
s>        ( - -5.197e+03 1 0)
s>        ( SILENCE -1 -1.149e+04 1.097e+02 5.185e+01
s>            ( - -5.025e+03 1 0)
s>            ( - -6.360e+03 1 0)))INFO: dtree.c(1315): Comp split 9
INFO: dtree.c(1439): stop. leaf nodes are specific
INFO: dtree.c(1478): Final simple tree
|( QUESTION2_0_L -1 -5.918e+04 1.479e+02 2.568e+02
|    ( QUESTION4 -1 -1.844e+04 1.215e+02 8.086e+01
|        ( - -1.450e+04 1 0)
|        ( - -3.821e+03 1 0))
|    ( - -4.059e+04 3 0))
s>    ( QUESTION2_0_L -1 -5.918e+04 1.479e+02 2.568e+02
s>        ( QUESTION4 -1 -1.844e+04 1.215e+02 8.086e+01
s>            ( - -1.450e+04 1 0)
s>            ( - -3.821e+03 1 0))
s>        ( - -4.059e+04 3 0))INFO: dtree.c(1315): Comp split 10
INFO: dtree.c(1439): stop. leaf nodes are specific
INFO: dtree.c(1478): Final simple tree
|( QUESTION4 -1 -1.844e+04 1.215e+02 8.086e+01
|    ( - -1.450e+04 1 0)
|    ( - -3.821e+03 1 0))
s>    ( QUESTION4 -1 -1.844e+04 1.215e+02 8.086e+01
s>        ( - -1.450e+04 1 0)
s>        ( - -3.821e+03 1 0))INFO: dtree.c(1315): Comp split 11
INFO: dtree.c(1439): stop. leaf nodes are specific
INFO: dtree.c(1478): Final simple tree
|( SILENCE -1 -1.149e+04 1.097e+02 5.185e+01
|    ( - -5.025e+03 1 0)
|    ( - -6.360e+03 1 0))
s>    ( SILENCE -1 -1.149e+04 1.097e+02 5.185e+01
s>        ( - -5.025e+03 1 0)
s>        ( - -6.360e+03 1 0))INFO: dtree.c(1315): Comp split 12
INFO: dtree.c(1315): Comp split 13
INFO: dtree.c(1315): Comp split 14
INFO: dtree.c(1315): Comp split 15
INFO: dtree.c(1439): stop. leaf nodes are specific
INFO: dtree.c(1478): Final simple tree
|( QUESTION4 -1 -9.288e+03 8.598e+01 4.008e+01
|    ( - -2.233e+03 1 0)
|    ( QUESTION0 -1 -6.969e+03 6.752e+01 3.008e+01
|        ( - -2.456e+03 3 0)
|        ( - -4.445e+03 1 0)))
s>    ( QUESTION4 -1 -9.288e+03 8.598e+01 4.008e+01
s>        ( - -2.233e+03 1 0)
s>        ( QUESTION0 -1 -6.969e+03 6.752e+01 3.008e+01
s>            ( - -2.456e+03 3 0)
s>            ( - -4.445e+03 1 0)))INFO: dtree.c(1315): Comp split 16
INFO: dtree.c(1439): stop. leaf nodes are specific
INFO: dtree.c(1478): Final simple tree
|( QUESTION0 -1 -6.969e+03 6.752e+01 3.008e+01
|    ( - -2.456e+03 3 0)
|    ( - -4.445e+03 1 0))
s>    ( QUESTION0 -1 -6.969e+03 6.752e+01 3.008e+01
s>        ( - -2.456e+03 3 0)
s>        ( - -4.445e+03 1 0))INFO: dtree.c(1315): Comp split 17
INFO: dtree.c(1315): Comp split 18
INFO: dtree.c(1318): stop. leaf nodes are specific
Mon Jan 30 07:35:45 2017
