Current configuration:
[NAME]		[DEFLT]	[VALUE]
-allphones	no	no
-cntthresh	0.00001	1.000000e-05
-csplitmax	100	2000
-csplitmin	1	1
-csplitthr	8e-4	0.000000e+00
-example	no	no
-fullvar	no	no
-help		no	no
-meanfn			/Users/benroye/forge/cmusphinx/voiceVim/model_parameters/voiceVim.cd_cont_untied/means
-mixwfn			/Users/benroye/forge/cmusphinx/voiceVim/model_parameters/voiceVim.cd_cont_untied/mixture_weights
-moddeffn		/Users/benroye/forge/cmusphinx/voiceVim/model_architecture/voiceVim.untied.mdef
-mwfloor	1e-4	1.000000e-08
-phone			m
-psetfn			/Users/benroye/forge/cmusphinx/voiceVim/model_architecture/voiceVim.tree_questions
-ssplitmax	5	7
-ssplitmin	1	1
-ssplitthr	8e-4	0.000000e+00
-state			2
-stwt			1.0,0.05,0.0,
-treefn			/Users/benroye/forge/cmusphinx/voiceVim/trees/voiceVim.unpruned/m-2.dtree
-ts2cbfn	.semi.	.cont.
-varfloor	0.00001	1.000000e-05
-varfn			/Users/benroye/forge/cmusphinx/voiceVim/model_parameters/voiceVim.cd_cont_untied/variances

INFO: main.c(223): Reading: /Users/benroye/forge/cmusphinx/voiceVim/model_architecture/voiceVim.untied.mdef
INFO: model_def_io.c(573): Model definition info:
INFO: model_def_io.c(574): 2249 total models defined (39 base, 2210 tri)
INFO: model_def_io.c(575): 8996 total states
INFO: model_def_io.c(576): 6747 total tied states
INFO: model_def_io.c(577): 117 total tied CI states
INFO: model_def_io.c(578): 39 total tied transition matrices
INFO: model_def_io.c(579): 4 max state/model
INFO: model_def_io.c(580): 4 min state/model
INFO: main.c(242): Building trees for [m SIL aa b] through [m z ii b]
INFO: main.c(269): Covering states |[3024 3143]| == 120
INFO: main.c(275): Reading: /Users/benroye/forge/cmusphinx/voiceVim/model_parameters/voiceVim.cd_cont_untied/mixture_weights
INFO: s3mixw_io.c(173): Read /Users/benroye/forge/cmusphinx/voiceVim/model_parameters/voiceVim.cd_cont_untied/mixture_weights [120x1x1 array]
INFO: main.c(311): 40 of 40 models have observation count greater than 0.000010
INFO: main.c(95): nrm stwt: 0.000 0.048 0.952 
INFO: s3gau_io.c(169): Read /Users/benroye/forge/cmusphinx/voiceVim/model_parameters/voiceVim.cd_cont_untied/means [6747x1x1 array]
INFO: s3gau_io.c(169): Read /Users/benroye/forge/cmusphinx/voiceVim/model_parameters/voiceVim.cd_cont_untied/variances [6747x1x1 array]
INFO: main.c(549): Reading: /Users/benroye/forge/cmusphinx/voiceVim/model_architecture/voiceVim.tree_questions
INFO: main.c(588): 174 total simple questions (166 phone; 8 word bndry)
INFO: main.c(590): 40 Left Only questions, and 42 Right Only questions
INFO: dtree.c(1478): Final simple tree
|( QUESTION0_20_R 1 -2.923e+05 7.765e+03 1.313e+03
|    ( WDBNDRY_B 0 -1.648e+05 1.866e+03 7.663e+02
|        ( - -6.350e+04 12 0 QUESTION1 -1 2.013e+02 2.927e+02)
|        ( QUESTION2_3_L -1 -9.938e+04 9.593e+02 4.736e+02
|            ( - -7.087e+04 1 0)
|            ( - -2.755e+04 2 0 QUESTION2_10_L -1 2.761e+02 1.295e+02)))
|    ( QUESTION16 1 -1.198e+05 3.778e+03 5.469e+02
|        ( - -5.086e+04 1 0)
|        ( QUESTION2_19_L -1 -6.515e+04 1.337e+03 2.962e+02
|            ( QUESTION0_1_R 1 -4.363e+04 1.278e+03 2.082e+02
|                ( - -4.927e+03 1 0)
|                ( - -3.742e+04 1 0))
|            ( WDBNDRY_E 0 -2.019e+04 4.834e+02 8.799e+01
|                ( - -1.168e+04 12 0 QUESTION0_8_R 1 2.485e+02 5.298e+01)
|                ( - -8.030e+03 10 0 QUESTION19 -1 4.715e+02 3.500e+01)))))
s>    ( QUESTION0_20_R 1 -2.923e+05 7.765e+03 1.313e+03
s>        ( WDBNDRY_B 0 -1.648e+05 1.866e+03 7.663e+02
s>            ( - -6.350e+04 12 0 QUESTION1 -1 2.013e+02 2.927e+02)
s>            ( QUESTION2_3_L -1 -9.938e+04 9.593e+02 4.736e+02
s>                ( - -7.087e+04 1 0)
s>                ( - -2.755e+04 2 0 QUESTION2_10_L -1 2.761e+02 1.295e+02)))
s>        ( QUESTION16 1 -1.198e+05 3.778e+03 5.469e+02
s>            ( - -5.086e+04 1 0)
s>            ( QUESTION2_19_L -1 -6.515e+04 1.337e+03 2.962e+02
s>                ( QUESTION0_1_R 1 -4.363e+04 1.278e+03 2.082e+02
s>                    ( - -4.927e+03 1 0)
s>                    ( - -3.742e+04 1 0))
s>                ( WDBNDRY_E 0 -2.019e+04 4.834e+02 8.799e+01
s>                    ( - -1.168e+04 12 0 QUESTION0_8_R 1 2.485e+02 5.298e+01)
s>                    ( - -8.030e+03 10 0 QUESTION19 -1 4.715e+02 3.500e+01)))))INFO: dtree.c(1315): Comp split 0
INFO: dtree.c(1478): Final simple tree
|( QUESTION16 1 -1.198e+05 3.778e+03 5.469e+02
|    ( - -5.086e+04 1 0)
|    ( QUESTION2_19_L -1 -6.515e+04 1.337e+03 2.962e+02
|        ( QUESTION0_1_R 1 -4.363e+04 1.278e+03 2.082e+02
|            ( - -4.927e+03 1 0)
|            ( - -3.742e+04 1 0))
|        ( WDBNDRY_E 0 -2.019e+04 4.834e+02 8.799e+01
|            ( QUESTION0_8_R 1 -1.168e+04 2.485e+02 5.298e+01
|                ( - -3.771e+03 4 0 QUESTION4 1 1.006e+02 1.700e+01)
|                ( - -7.659e+03 8 0 QUESTION11 1 4.498e+02 3.598e+01))
|            ( QUESTION19 -1 -8.030e+03 4.715e+02 3.500e+01
|                ( - 2.421e+02 1 0)
|                ( WDBNDRY_B 0 -7.801e+03 3.370e+02 3.400e+01
|                    ( - -6.040e+03 8 0 SILENCE -1 1.400e+02 2.700e+01)
|                    ( - -1.423e+03 1 0))))))
s>    ( QUESTION16 1 -1.198e+05 3.778e+03 5.469e+02
s>        ( - -5.086e+04 1 0)
s>        ( QUESTION2_19_L -1 -6.515e+04 1.337e+03 2.962e+02
s>            ( QUESTION0_1_R 1 -4.363e+04 1.278e+03 2.082e+02
s>                ( - -4.927e+03 1 0)
s>                ( - -3.742e+04 1 0))
s>            ( WDBNDRY_E 0 -2.019e+04 4.834e+02 8.799e+01
s>                ( QUESTION0_8_R 1 -1.168e+04 2.485e+02 5.298e+01
s>                    ( - -3.771e+03 4 0 QUESTION4 1 1.006e+02 1.700e+01)
s>                    ( - -7.659e+03 8 0 QUESTION11 1 4.498e+02 3.598e+01))
s>                ( QUESTION19 -1 -8.030e+03 4.715e+02 3.500e+01
s>                    ( - 2.421e+02 1 0)
s>                    ( WDBNDRY_B 0 -7.801e+03 3.370e+02 3.400e+01
s>                        ( - -6.040e+03 8 0 SILENCE -1 1.400e+02 2.700e+01)
s>                        ( - -1.423e+03 1 0))))))INFO: dtree.c(1478): Final simple tree
|( WDBNDRY_B 0 -1.648e+05 1.866e+03 7.663e+02
|    ( QUESTION1 -1 -6.350e+04 2.013e+02 2.927e+02
|        ( - -7.894e+03 1 0)
|        ( QUESTION3 -1 -5.541e+04 1.590e+02 2.557e+02
|            ( QUESTION19 -1 -4.663e+04 1.617e+02 2.151e+02
|                ( - -5.007e+03 1 0)
|                ( QUESTION2_3_L -1 -4.146e+04 1.383e+02 1.921e+02
|                    ( - -1.079e+03 1 0)
|                    ( - -4.024e+04 6 0 QUESTION2_2_L -1 1.226e+02 1.861e+02)))
|            ( - -8.619e+03 3 0 SILENCE -1 7.983e+01 4.066e+01)))
|    ( QUESTION2_3_L -1 -9.938e+04 9.593e+02 4.736e+02
|        ( - -7.087e+04 1 0)
|        ( QUESTION2_10_L -1 -2.755e+04 2.761e+02 1.295e+02
|            ( - -2.498e+04 1 0)
|            ( - -2.294e+03 1 0))))
s>    ( WDBNDRY_B 0 -1.648e+05 1.866e+03 7.663e+02
s>        ( QUESTION1 -1 -6.350e+04 2.013e+02 2.927e+02
s>            ( - -7.894e+03 1 0)
s>            ( QUESTION3 -1 -5.541e+04 1.590e+02 2.557e+02
s>                ( QUESTION19 -1 -4.663e+04 1.617e+02 2.151e+02
s>                    ( - -5.007e+03 1 0)
s>                    ( QUESTION2_3_L -1 -4.146e+04 1.383e+02 1.921e+02
s>                        ( - -1.079e+03 1 0)
s>                        ( - -4.024e+04 6 0 QUESTION2_2_L -1 1.226e+02 1.861e+02)))
s>                ( - -8.619e+03 3 0 SILENCE -1 7.983e+01 4.066e+01)))
s>        ( QUESTION2_3_L -1 -9.938e+04 9.593e+02 4.736e+02
s>            ( - -7.087e+04 1 0)
s>            ( QUESTION2_10_L -1 -2.755e+04 2.761e+02 1.295e+02
s>                ( - -2.498e+04 1 0)
s>                ( - -2.294e+03 1 0))))INFO: dtree.c(1315): Comp split 1
INFO: dtree.c(1478): Final simple tree
|( QUESTION2_19_L -1 -6.515e+04 1.337e+03 2.962e+02
|    ( QUESTION0_1_R 1 -4.363e+04 1.278e+03 2.082e+02
|        ( - -4.927e+03 1 0)
|        ( - -3.742e+04 1 0))
|    ( WDBNDRY_E 0 -2.019e+04 4.834e+02 8.799e+01
|        ( QUESTION0_8_R 1 -1.168e+04 2.485e+02 5.298e+01
|            ( - -3.771e+03 4 0 QUESTION4 1 1.006e+02 1.700e+01)
|            ( QUESTION11 1 -7.659e+03 4.498e+02 3.598e+01
|                ( - 2.414e+02 1 0)
|                ( - -7.450e+03 7 0 QUESTION10 1 2.082e+02 3.498e+01)))
|        ( QUESTION19 -1 -8.030e+03 4.715e+02 3.500e+01
|            ( - 2.421e+02 1 0)
|            ( WDBNDRY_B 0 -7.801e+03 3.370e+02 3.400e+01
|                ( - -6.040e+03 8 0 SILENCE -1 1.400e+02 2.700e+01)
|                ( - -1.423e+03 1 0)))))
s>    ( QUESTION2_19_L -1 -6.515e+04 1.337e+03 2.962e+02
s>        ( QUESTION0_1_R 1 -4.363e+04 1.278e+03 2.082e+02
s>            ( - -4.927e+03 1 0)
s>            ( - -3.742e+04 1 0))
s>        ( WDBNDRY_E 0 -2.019e+04 4.834e+02 8.799e+01
s>            ( QUESTION0_8_R 1 -1.168e+04 2.485e+02 5.298e+01
s>                ( - -3.771e+03 4 0 QUESTION4 1 1.006e+02 1.700e+01)
s>                ( QUESTION11 1 -7.659e+03 4.498e+02 3.598e+01
s>                    ( - 2.414e+02 1 0)
s>                    ( - -7.450e+03 7 0 QUESTION10 1 2.082e+02 3.498e+01)))
s>            ( QUESTION19 -1 -8.030e+03 4.715e+02 3.500e+01
s>                ( - 2.421e+02 1 0)
s>                ( WDBNDRY_B 0 -7.801e+03 3.370e+02 3.400e+01
s>                    ( - -6.040e+03 8 0 SILENCE -1 1.400e+02 2.700e+01)
s>                    ( - -1.423e+03 1 0)))))INFO: dtree.c(1315): Comp split 2
INFO: dtree.c(1478): Final simple tree
|( QUESTION19 -1 -2.529e+04 4.725e+02 1.100e+02
|    ( - 2.421e+02 1 0)
|    ( QUESTION4 -1 -2.506e+04 4.421e+02 1.090e+02
|        ( QUESTION2_5_L -1 -1.927e+04 3.338e+02 8.500e+01
|            ( - -1.423e+03 1 0)
|            ( QUESTION0_2_R 1 -1.751e+04 2.925e+02 7.800e+01
|                ( - -4.377e+03 2 0 QUESTION0 1 1.231e+02 2.098e+01)
|                ( QUESTION12 1 -1.284e+04 2.292e+02 5.702e+01
|                    ( - -8.878e+02 1 0)
|                    ( QUESTION0_11_R 1 -1.173e+04 1.966e+02 5.202e+01
|                        ( - -2.277e+02 1 0)
|                        ( QUESTION4 1 -1.130e+04 1.520e+02 5.002e+01
|                            ( - -3.533e+03 3 0 WDBNDRY_B 0 9.814e+01 1.600e+01)
|                            ( - -7.618e+03 7 0 WDBNDRY_E 0 1.482e+02 3.402e+01))))))
|        ( - -5.348e+03 7 0 SILENCE -1 1.443e+02 2.400e+01)))
s>    ( QUESTION19 -1 -2.529e+04 4.725e+02 1.100e+02
s>        ( - 2.421e+02 1 0)
s>        ( QUESTION4 -1 -2.506e+04 4.421e+02 1.090e+02
s>            ( QUESTION2_5_L -1 -1.927e+04 3.338e+02 8.500e+01
s>                ( - -1.423e+03 1 0)
s>                ( QUESTION0_2_R 1 -1.751e+04 2.925e+02 7.800e+01
s>                    ( - -4.377e+03 2 0 QUESTION0 1 1.231e+02 2.098e+01)
s>                    ( QUESTION12 1 -1.284e+04 2.292e+02 5.702e+01
s>                        ( - -8.878e+02 1 0)
s>                        ( QUESTION0_11_R 1 -1.173e+04 1.966e+02 5.202e+01
s>                            ( - -2.277e+02 1 0)
s>                            ( QUESTION4 1 -1.130e+04 1.520e+02 5.002e+01
s>                                ( - -3.533e+03 3 0 WDBNDRY_B 0 9.814e+01 1.600e+01)
s>                                ( - -7.618e+03 7 0 WDBNDRY_E 0 1.482e+02 3.402e+01))))))
s>            ( - -5.348e+03 7 0 SILENCE -1 1.443e+02 2.400e+01)))INFO: dtree.c(1315): Comp split 3
INFO: dtree.c(1478): Final simple tree
|( QUESTION1 -1 -6.350e+04 2.013e+02 2.927e+02
|    ( - -7.894e+03 1 0)
|    ( QUESTION3 -1 -5.541e+04 1.590e+02 2.557e+02
|        ( QUESTION19 -1 -4.663e+04 1.617e+02 2.151e+02
|            ( - -5.007e+03 1 0)
|            ( QUESTION2_3_L -1 -4.146e+04 1.383e+02 1.921e+02
|                ( - -1.079e+03 1 0)
|                ( QUESTION2_2_L -1 -4.024e+04 1.226e+02 1.861e+02
|                    ( - -2.291e+03 1 0)
|                    ( QUESTION6 -1 -3.783e+04 1.226e+02 1.751e+02
|                        ( - -5.727e+03 1 0)
|                        ( QUESTION4 -1 -3.198e+04 1.019e+02 1.479e+02
|                            ( - -2.931e+04 3 0)
|                            ( - -2.567e+03 1 0))))))
|        ( - -8.619e+03 3 0 SILENCE -1 7.983e+01 4.066e+01)))
s>    ( QUESTION1 -1 -6.350e+04 2.013e+02 2.927e+02
s>        ( - -7.894e+03 1 0)
s>        ( QUESTION3 -1 -5.541e+04 1.590e+02 2.557e+02
s>            ( QUESTION19 -1 -4.663e+04 1.617e+02 2.151e+02
s>                ( - -5.007e+03 1 0)
s>                ( QUESTION2_3_L -1 -4.146e+04 1.383e+02 1.921e+02
s>                    ( - -1.079e+03 1 0)
s>                    ( QUESTION2_2_L -1 -4.024e+04 1.226e+02 1.861e+02
s>                        ( - -2.291e+03 1 0)
s>                        ( QUESTION6 -1 -3.783e+04 1.226e+02 1.751e+02
s>                            ( - -5.727e+03 1 0)
s>                            ( QUESTION4 -1 -3.198e+04 1.019e+02 1.479e+02
s>                                ( - -2.931e+04 3 0)
s>                                ( - -2.567e+03 1 0))))))
s>            ( - -8.619e+03 3 0 SILENCE -1 7.983e+01 4.066e+01)))INFO: dtree.c(1439): stop. leaf nodes are specific
INFO: dtree.c(1478): Final simple tree
|( QUESTION2_3_L -1 -9.938e+04 9.593e+02 4.736e+02
|    ( - -7.087e+04 1 0)
|    ( QUESTION2_10_L -1 -2.755e+04 2.761e+02 1.295e+02
|        ( - -2.498e+04 1 0)
|        ( - -2.294e+03 1 0)))
s>    ( QUESTION2_3_L -1 -9.938e+04 9.593e+02 4.736e+02
s>        ( - -7.087e+04 1 0)
s>        ( QUESTION2_10_L -1 -2.755e+04 2.761e+02 1.295e+02
s>            ( - -2.498e+04 1 0)
s>            ( - -2.294e+03 1 0)))INFO: dtree.c(1315): Comp split 4
INFO: dtree.c(1439): stop. leaf nodes are specific
INFO: dtree.c(1478): Final simple tree
|( QUESTION2_10_L -1 -2.755e+04 2.761e+02 1.295e+02
|    ( - -2.498e+04 1 0)
|    ( - -2.294e+03 1 0))
s>    ( QUESTION2_10_L -1 -2.755e+04 2.761e+02 1.295e+02
s>        ( - -2.498e+04 1 0)
s>        ( - -2.294e+03 1 0))INFO: dtree.c(1315): Comp split 5
INFO: dtree.c(1478): Final simple tree
|( QUESTION4 -1 -2.506e+04 4.421e+02 1.090e+02
|    ( QUESTION2_5_L -1 -1.927e+04 3.338e+02 8.500e+01
|        ( - -1.423e+03 1 0)
|        ( QUESTION0_2_R 1 -1.751e+04 2.925e+02 7.800e+01
|            ( - -4.377e+03 2 0 QUESTION0 1 1.231e+02 2.098e+01)
|            ( QUESTION12 1 -1.284e+04 2.292e+02 5.702e+01
|                ( - -8.878e+02 1 0)
|                ( QUESTION0_11_R 1 -1.173e+04 1.966e+02 5.202e+01
|                    ( - -2.277e+02 1 0)
|                    ( QUESTION4 1 -1.130e+04 1.520e+02 5.002e+01
|                        ( - -3.533e+03 3 0 WDBNDRY_B 0 9.814e+01 1.600e+01)
|                        ( WDBNDRY_E 0 -7.618e+03 1.482e+02 3.402e+01
|                            ( - -2.542e+03 6 0 QUESTION2 1 4.409e+02 1.200e+01)
|                            ( - -4.927e+03 1 0)))))))
|    ( - -5.348e+03 7 0 SILENCE -1 1.443e+02 2.400e+01))
s>    ( QUESTION4 -1 -2.506e+04 4.421e+02 1.090e+02
s>        ( QUESTION2_5_L -1 -1.927e+04 3.338e+02 8.500e+01
s>            ( - -1.423e+03 1 0)
s>            ( QUESTION0_2_R 1 -1.751e+04 2.925e+02 7.800e+01
s>                ( - -4.377e+03 2 0 QUESTION0 1 1.231e+02 2.098e+01)
s>                ( QUESTION12 1 -1.284e+04 2.292e+02 5.702e+01
s>                    ( - -8.878e+02 1 0)
s>                    ( QUESTION0_11_R 1 -1.173e+04 1.966e+02 5.202e+01
s>                        ( - -2.277e+02 1 0)
s>                        ( QUESTION4 1 -1.130e+04 1.520e+02 5.002e+01
s>                            ( - -3.533e+03 3 0 WDBNDRY_B 0 9.814e+01 1.600e+01)
s>                            ( WDBNDRY_E 0 -7.618e+03 1.482e+02 3.402e+01
s>                                ( - -2.542e+03 6 0 QUESTION2 1 4.409e+02 1.200e+01)
s>                                ( - -4.927e+03 1 0)))))))
s>        ( - -5.348e+03 7 0 SILENCE -1 1.443e+02 2.400e+01))INFO: dtree.c(1315): Comp split 6
INFO: dtree.c(1478): Final simple tree
|( QUESTION12 1 -8.568e+03 2.134e+02 3.998e+01
|    ( - -8.878e+02 1 0)
|    ( QUESTION0_11_R 1 -7.466e+03 1.920e+02 3.498e+01
|        ( - -2.277e+02 1 0)
|        ( QUESTION0_9_R 1 -7.047e+03 1.324e+02 3.298e+01
|            ( - -3.026e+02 1 0)
|            ( QUESTION0_2_R 1 -6.612e+03 1.272e+02 3.098e+01
|                ( QUESTION0 1 -4.377e+03 1.231e+02 2.098e+01
|                    ( - -3.693e+03 1 0)
|                    ( - -5.606e+02 1 0))
|                ( QUESTION0 1 -2.107e+03 4.416e+02 1.000e+01
|                    ( - 2.174e+02 1 0)
|                    ( QUESTION0_1_R 1 -1.883e+03 4.464e+02 9.000e+00
|                        ( - 2.414e+02 1 0)
|                        ( - -1.678e+03 3 0 SILENCE 1 9.579e+01 8.000e+00)))))))
s>    ( QUESTION12 1 -8.568e+03 2.134e+02 3.998e+01
s>        ( - -8.878e+02 1 0)
s>        ( QUESTION0_11_R 1 -7.466e+03 1.920e+02 3.498e+01
s>            ( - -2.277e+02 1 0)
s>            ( QUESTION0_9_R 1 -7.047e+03 1.324e+02 3.298e+01
s>                ( - -3.026e+02 1 0)
s>                ( QUESTION0_2_R 1 -6.612e+03 1.272e+02 3.098e+01
s>                    ( QUESTION0 1 -4.377e+03 1.231e+02 2.098e+01
s>                        ( - -3.693e+03 1 0)
s>                        ( - -5.606e+02 1 0))
s>                    ( QUESTION0 1 -2.107e+03 4.416e+02 1.000e+01
s>                        ( - 2.174e+02 1 0)
s>                        ( QUESTION0_1_R 1 -1.883e+03 4.464e+02 9.000e+00
s>                            ( - 2.414e+02 1 0)
s>                            ( - -1.678e+03 3 0 SILENCE 1 9.579e+01 8.000e+00)))))))INFO: dtree.c(1478): Final simple tree
|( QUESTION4 -1 -1.599e+04 3.199e+02 6.902e+01
|    ( QUESTION0_9_R 1 -1.032e+04 2.937e+02 4.502e+01
|        ( - -1.423e+03 1 0)
|        ( WDBNDRY_I 0 -8.606e+03 1.468e+02 3.802e+01
|            ( - -4.927e+03 1 0)
|            ( WDBNDRY_B 0 -3.533e+03 9.814e+01 1.600e+01
|                ( - -5.908e+02 1 0)
|                ( - -2.844e+03 2 0))))
|    ( SILENCE -1 -5.348e+03 1.443e+02 2.400e+01
|        ( QUESTION4 1 -5.276e+02 5.044e+02 3.000e+00
|            ( - -2.433e+02 1 0)
|            ( - 2.200e+02 1 0))
|        ( QUESTION4 1 -4.676e+03 1.190e+02 2.100e+01
|            ( - -3.740e+03 4 0 QUESTION0 -1 9.689e+01 1.700e+01)
|            ( - -8.167e+02 1 0))))
s>    ( QUESTION4 -1 -1.599e+04 3.199e+02 6.902e+01
s>        ( QUESTION0_9_R 1 -1.032e+04 2.937e+02 4.502e+01
s>            ( - -1.423e+03 1 0)
s>            ( WDBNDRY_I 0 -8.606e+03 1.468e+02 3.802e+01
s>                ( - -4.927e+03 1 0)
s>                ( WDBNDRY_B 0 -3.533e+03 9.814e+01 1.600e+01
s>                    ( - -5.908e+02 1 0)
s>                    ( - -2.844e+03 2 0))))
s>        ( SILENCE -1 -5.348e+03 1.443e+02 2.400e+01
s>            ( QUESTION4 1 -5.276e+02 5.044e+02 3.000e+00
s>                ( - -2.433e+02 1 0)
s>                ( - 2.200e+02 1 0))
s>            ( QUESTION4 1 -4.676e+03 1.190e+02 2.100e+01
s>                ( - -3.740e+03 4 0 QUESTION0 -1 9.689e+01 1.700e+01)
s>                ( - -8.167e+02 1 0))))INFO: dtree.c(1315): Comp split 7
INFO: dtree.c(1478): Final simple tree
|( QUESTION12 1 -8.337e+03 2.123e+02 3.898e+01
|    ( - -8.878e+02 1 0)
|    ( QUESTION0_3_R 1 -7.237e+03 4.471e+02 3.398e+01
|        ( - 2.414e+02 1 0)
|        ( QUESTION0_11_R 1 -7.031e+03 1.931e+02 3.298e+01
|            ( - -2.277e+02 1 0)
|            ( QUESTION0_9_R 1 -6.610e+03 1.327e+02 3.098e+01
|                ( - -3.026e+02 1 0)
|                ( QUESTION0 1 -6.175e+03 1.264e+02 2.898e+01
|                    ( - -3.693e+03 1 0)
|                    ( QUESTION0_1_R 1 -2.355e+03 1.166e+02 1.100e+01
|                        ( - -5.606e+02 1 0)
|                        ( SILENCE 1 -1.678e+03 9.579e+01 8.000e+00
|                            ( - -7.560e+02 1 0)
|                            ( - -8.263e+02 2 0))))))))
s>    ( QUESTION12 1 -8.337e+03 2.123e+02 3.898e+01
s>        ( - -8.878e+02 1 0)
s>        ( QUESTION0_3_R 1 -7.237e+03 4.471e+02 3.398e+01
s>            ( - 2.414e+02 1 0)
s>            ( QUESTION0_11_R 1 -7.031e+03 1.931e+02 3.298e+01
s>                ( - -2.277e+02 1 0)
s>                ( QUESTION0_9_R 1 -6.610e+03 1.327e+02 3.098e+01
s>                    ( - -3.026e+02 1 0)
s>                    ( QUESTION0 1 -6.175e+03 1.264e+02 2.898e+01
s>                        ( - -3.693e+03 1 0)
s>                        ( QUESTION0_1_R 1 -2.355e+03 1.166e+02 1.100e+01
s>                            ( - -5.606e+02 1 0)
s>                            ( SILENCE 1 -1.678e+03 9.579e+01 8.000e+00
s>                                ( - -7.560e+02 1 0)
s>                                ( - -8.263e+02 2 0))))))))INFO: dtree.c(1315): Comp split 8
INFO: dtree.c(1439): stop. leaf nodes are specific
INFO: dtree.c(1478): Final simple tree
|( QUESTION0_3_R 1 -8.131e+03 2.116e+02 3.798e+01
|    ( - -8.878e+02 1 0)
|    ( QUESTION0_11_R 1 -7.031e+03 1.931e+02 3.298e+01
|        ( - -2.277e+02 1 0)
|        ( QUESTION0_9_R 1 -6.610e+03 1.327e+02 3.098e+01
|            ( - -3.026e+02 1 0)
|            ( QUESTION0 1 -6.175e+03 1.264e+02 2.898e+01
|                ( - -3.693e+03 1 0)
|                ( QUESTION0_1_R 1 -2.355e+03 1.166e+02 1.100e+01
|                    ( - -5.606e+02 1 0)
|                    ( SILENCE 1 -1.678e+03 9.579e+01 8.000e+00
|                        ( - -7.560e+02 1 0)
|                        ( - -8.263e+02 2 0)))))))
s>    ( QUESTION0_3_R 1 -8.131e+03 2.116e+02 3.798e+01
s>        ( - -8.878e+02 1 0)
s>        ( QUESTION0_11_R 1 -7.031e+03 1.931e+02 3.298e+01
s>            ( - -2.277e+02 1 0)
s>            ( QUESTION0_9_R 1 -6.610e+03 1.327e+02 3.098e+01
s>                ( - -3.026e+02 1 0)
s>                ( QUESTION0 1 -6.175e+03 1.264e+02 2.898e+01
s>                    ( - -3.693e+03 1 0)
s>                    ( QUESTION0_1_R 1 -2.355e+03 1.166e+02 1.100e+01
s>                        ( - -5.606e+02 1 0)
s>                        ( SILENCE 1 -1.678e+03 9.579e+01 8.000e+00
s>                            ( - -7.560e+02 1 0)
s>                            ( - -8.263e+02 2 0)))))))INFO: dtree.c(1315): Comp split 9
INFO: dtree.c(1478): Final simple tree
|( QUESTION4 -1 -1.577e+04 3.174e+02 6.802e+01
|    ( QUESTION0_9_R 1 -1.032e+04 2.937e+02 4.502e+01
|        ( - -1.423e+03 1 0)
|        ( WDBNDRY_I 0 -8.606e+03 1.468e+02 3.802e+01
|            ( - -4.927e+03 1 0)
|            ( WDBNDRY_B 0 -3.533e+03 9.814e+01 1.600e+01
|                ( - -5.908e+02 1 0)
|                ( - -2.844e+03 2 0))))
|    ( SILENCE -1 -5.129e+03 2.093e+02 2.300e+01
|        ( - -2.433e+02 1 0)
|        ( QUESTION4 1 -4.676e+03 1.190e+02 2.100e+01
|            ( QUESTION0 -1 -3.740e+03 9.689e+01 1.700e+01
|                ( - -1.757e+03 3 0)
|                ( - -1.886e+03 1 0))
|            ( - -8.167e+02 1 0))))
s>    ( QUESTION4 -1 -1.577e+04 3.174e+02 6.802e+01
s>        ( QUESTION0_9_R 1 -1.032e+04 2.937e+02 4.502e+01
s>            ( - -1.423e+03 1 0)
s>            ( WDBNDRY_I 0 -8.606e+03 1.468e+02 3.802e+01
s>                ( - -4.927e+03 1 0)
s>                ( WDBNDRY_B 0 -3.533e+03 9.814e+01 1.600e+01
s>                    ( - -5.908e+02 1 0)
s>                    ( - -2.844e+03 2 0))))
s>        ( SILENCE -1 -5.129e+03 2.093e+02 2.300e+01
s>            ( - -2.433e+02 1 0)
s>            ( QUESTION4 1 -4.676e+03 1.190e+02 2.100e+01
s>                ( QUESTION0 -1 -3.740e+03 9.689e+01 1.700e+01
s>                    ( - -1.757e+03 3 0)
s>                    ( - -1.886e+03 1 0))
s>                ( - -8.167e+02 1 0))))INFO: dtree.c(1315): Comp split 10
INFO: dtree.c(1439): stop. leaf nodes are specific
INFO: dtree.c(1478): Final simple tree
|( SILENCE -1 -5.129e+03 2.093e+02 2.300e+01
|    ( - -2.433e+02 1 0)
|    ( QUESTION4 1 -4.676e+03 1.190e+02 2.100e+01
|        ( QUESTION0 -1 -3.740e+03 9.689e+01 1.700e+01
|            ( - -1.757e+03 3 0)
|            ( - -1.886e+03 1 0))
|        ( - -8.167e+02 1 0)))
s>    ( SILENCE -1 -5.129e+03 2.093e+02 2.300e+01
s>        ( - -2.433e+02 1 0)
s>        ( QUESTION4 1 -4.676e+03 1.190e+02 2.100e+01
s>            ( QUESTION0 -1 -3.740e+03 9.689e+01 1.700e+01
s>                ( - -1.757e+03 3 0)
s>                ( - -1.886e+03 1 0))
s>            ( - -8.167e+02 1 0)))INFO: dtree.c(1439): stop. leaf nodes are specific
INFO: dtree.c(1478): Final simple tree
|( QUESTION0_9_R 1 -1.032e+04 2.937e+02 4.502e+01
|    ( - -1.423e+03 1 0)
|    ( WDBNDRY_I 0 -8.606e+03 1.468e+02 3.802e+01
|        ( - -4.927e+03 1 0)
|        ( WDBNDRY_B 0 -3.533e+03 9.814e+01 1.600e+01
|            ( - -5.908e+02 1 0)
|            ( - -2.844e+03 2 0))))
s>    ( QUESTION0_9_R 1 -1.032e+04 2.937e+02 4.502e+01
s>        ( - -1.423e+03 1 0)
s>        ( WDBNDRY_I 0 -8.606e+03 1.468e+02 3.802e+01
s>            ( - -4.927e+03 1 0)
s>            ( WDBNDRY_B 0 -3.533e+03 9.814e+01 1.600e+01
s>                ( - -5.908e+02 1 0)
s>                ( - -2.844e+03 2 0))))INFO: dtree.c(1315): Comp split 11
INFO: dtree.c(1439): stop. leaf nodes are specific
INFO: dtree.c(1478): Final simple tree
|( WDBNDRY_I 0 -8.606e+03 1.468e+02 3.802e+01
|    ( - -4.927e+03 1 0)
|    ( WDBNDRY_B 0 -3.533e+03 9.814e+01 1.600e+01
|        ( - -5.908e+02 1 0)
|        ( - -2.844e+03 2 0)))
s>    ( WDBNDRY_I 0 -8.606e+03 1.468e+02 3.802e+01
s>        ( - -4.927e+03 1 0)
s>        ( WDBNDRY_B 0 -3.533e+03 9.814e+01 1.600e+01
s>            ( - -5.908e+02 1 0)
s>            ( - -2.844e+03 2 0)))INFO: dtree.c(1315): Comp split 12
INFO: dtree.c(1315): Comp split 13
INFO: dtree.c(1439): stop. leaf nodes are specific
INFO: dtree.c(1478): Final simple tree
|( QUESTION4 -1 -1.175e+04 1.346e+02 5.508e+01
|    ( - -1.079e+03 1 0)
|    ( QUESTION0 -1 -1.053e+04 7.415e+01 4.908e+01
|        ( - -7.894e+03 1 0)
|        ( - -2.567e+03 1 0)))
s>    ( QUESTION4 -1 -1.175e+04 1.346e+02 5.508e+01
s>        ( - -1.079e+03 1 0)
s>        ( QUESTION0 -1 -1.053e+04 7.415e+01 4.908e+01
s>            ( - -7.894e+03 1 0)
s>            ( - -2.567e+03 1 0)))INFO: dtree.c(1439): stop. leaf nodes are specific
INFO: dtree.c(1478): Final simple tree
|( QUESTION2_19_L -1 -5.150e+04 1.690e+02 2.377e+02
|    ( - -2.931e+04 3 0)
|    ( QUESTION10 -1 -2.202e+04 1.446e+02 1.018e+02
|        ( - -5.007e+03 1 0)
|        ( QUESTION3 -1 -1.687e+04 1.345e+02 7.882e+01
|            ( QUESTION4 -1 -8.113e+03 9.482e+01 3.815e+01
|                ( - -2.291e+03 1 0)
|                ( - -5.727e+03 1 0))
|            ( SILENCE -1 -8.619e+03 7.983e+01 4.066e+01
|                ( - -4.206e+03 1 0)
|                ( - -4.334e+03 2 0)))))
s>    ( QUESTION2_19_L -1 -5.150e+04 1.690e+02 2.377e+02
s>        ( - -2.931e+04 3 0)
s>        ( QUESTION10 -1 -2.202e+04 1.446e+02 1.018e+02
s>            ( - -5.007e+03 1 0)
s>            ( QUESTION3 -1 -1.687e+04 1.345e+02 7.882e+01
s>                ( QUESTION4 -1 -8.113e+03 9.482e+01 3.815e+01
s>                    ( - -2.291e+03 1 0)
s>                    ( - -5.727e+03 1 0))
s>                ( SILENCE -1 -8.619e+03 7.983e+01 4.066e+01
s>                    ( - -4.206e+03 1 0)
s>                    ( - -4.334e+03 2 0)))))INFO: dtree.c(1315): Comp split 14
INFO: dtree.c(1439): stop. leaf nodes are specific
INFO: dtree.c(1478): Final simple tree
|( QUESTION0_11_R 1 -7.031e+03 1.931e+02 3.298e+01
|    ( - -2.277e+02 1 0)
|    ( QUESTION0_9_R 1 -6.610e+03 1.327e+02 3.098e+01
|        ( - -3.026e+02 1 0)
|        ( QUESTION0 1 -6.175e+03 1.264e+02 2.898e+01
|            ( - -3.693e+03 1 0)
|            ( QUESTION0_1_R 1 -2.355e+03 1.166e+02 1.100e+01
|                ( - -5.606e+02 1 0)
|                ( SILENCE 1 -1.678e+03 9.579e+01 8.000e+00
|                    ( - -7.560e+02 1 0)
|                    ( - -8.263e+02 2 0))))))
s>    ( QUESTION0_11_R 1 -7.031e+03 1.931e+02 3.298e+01
s>        ( - -2.277e+02 1 0)
s>        ( QUESTION0_9_R 1 -6.610e+03 1.327e+02 3.098e+01
s>            ( - -3.026e+02 1 0)
s>            ( QUESTION0 1 -6.175e+03 1.264e+02 2.898e+01
s>                ( - -3.693e+03 1 0)
s>                ( QUESTION0_1_R 1 -2.355e+03 1.166e+02 1.100e+01
s>                    ( - -5.606e+02 1 0)
s>                    ( SILENCE 1 -1.678e+03 9.579e+01 8.000e+00
s>                        ( - -7.560e+02 1 0)
s>                        ( - -8.263e+02 2 0))))))INFO: dtree.c(1315): Comp split 15
INFO: dtree.c(1439): stop. leaf nodes are specific
INFO: dtree.c(1478): Final simple tree
|( QUESTION4 1 -4.676e+03 1.190e+02 2.100e+01
|    ( QUESTION0 -1 -3.740e+03 9.689e+01 1.700e+01
|        ( - -1.757e+03 3 0)
|        ( - -1.886e+03 1 0))
|    ( - -8.167e+02 1 0))
s>    ( QUESTION4 1 -4.676e+03 1.190e+02 2.100e+01
s>        ( QUESTION0 -1 -3.740e+03 9.689e+01 1.700e+01
s>            ( - -1.757e+03 3 0)
s>            ( - -1.886e+03 1 0))
s>        ( - -8.167e+02 1 0))INFO: dtree.c(1315): Comp split 16
INFO: dtree.c(1439): stop. leaf nodes are specific
INFO: dtree.c(1478): Final simple tree
|( QUESTION0_9_R 1 -6.610e+03 1.327e+02 3.098e+01
|    ( - -3.026e+02 1 0)
|    ( QUESTION0 1 -6.175e+03 1.264e+02 2.898e+01
|        ( - -3.693e+03 1 0)
|        ( QUESTION0_1_R 1 -2.355e+03 1.166e+02 1.100e+01
|            ( - -5.606e+02 1 0)
|            ( SILENCE 1 -1.678e+03 9.579e+01 8.000e+00
|                ( - -7.560e+02 1 0)
|                ( - -8.263e+02 2 0)))))
s>    ( QUESTION0_9_R 1 -6.610e+03 1.327e+02 3.098e+01
s>        ( - -3.026e+02 1 0)
s>        ( QUESTION0 1 -6.175e+03 1.264e+02 2.898e+01
s>            ( - -3.693e+03 1 0)
s>            ( QUESTION0_1_R 1 -2.355e+03 1.166e+02 1.100e+01
s>                ( - -5.606e+02 1 0)
s>                ( SILENCE 1 -1.678e+03 9.579e+01 8.000e+00
s>                    ( - -7.560e+02 1 0)
s>                    ( - -8.263e+02 2 0)))))INFO: dtree.c(1315): Comp split 17
INFO: dtree.c(1439): stop. leaf nodes are specific
INFO: dtree.c(1478): Final simple tree
|( QUESTION3 -1 -1.376e+04 1.366e+02 6.367e+01
|    ( - -5.007e+03 1 0)
|    ( SILENCE -1 -8.619e+03 7.983e+01 4.066e+01
|        ( - -4.206e+03 1 0)
|        ( - -4.334e+03 2 0)))
s>    ( QUESTION3 -1 -1.376e+04 1.366e+02 6.367e+01
s>        ( - -5.007e+03 1 0)
s>        ( SILENCE -1 -8.619e+03 7.983e+01 4.066e+01
s>            ( - -4.206e+03 1 0)
s>            ( - -4.334e+03 2 0)))INFO: dtree.c(1439): stop. leaf nodes are specific
INFO: dtree.c(1478): Final simple tree
|( QUESTION2_0_L -1 -3.756e+04 1.415e+02 1.740e+02
|    ( QUESTION4 -1 -8.113e+03 9.482e+01 3.815e+01
|        ( - -2.291e+03 1 0)
|        ( - -5.727e+03 1 0))
|    ( - -2.931e+04 3 0))
s>    ( QUESTION2_0_L -1 -3.756e+04 1.415e+02 1.740e+02
s>        ( QUESTION4 -1 -8.113e+03 9.482e+01 3.815e+01
s>            ( - -2.291e+03 1 0)
s>            ( - -5.727e+03 1 0))
s>        ( - -2.931e+04 3 0))INFO: dtree.c(1315): Comp split 18
INFO: dtree.c(1439): stop. leaf nodes are specific
INFO: dtree.c(1478): Final simple tree
|( WDBNDRY_B 0 -3.533e+03 9.814e+01 1.600e+01
|    ( - -5.908e+02 1 0)
|    ( - -2.844e+03 2 0))
s>    ( WDBNDRY_B 0 -3.533e+03 9.814e+01 1.600e+01
s>        ( - -5.908e+02 1 0)
s>        ( - -2.844e+03 2 0))INFO: dtree.c(1315): Comp split 19
INFO: dtree.c(1439): stop. leaf nodes are specific
INFO: dtree.c(1478): Final simple tree
|( QUESTION4 -1 -8.113e+03 9.482e+01 3.815e+01
|    ( - -2.291e+03 1 0)
|    ( - -5.727e+03 1 0))
s>    ( QUESTION4 -1 -8.113e+03 9.482e+01 3.815e+01
s>        ( - -2.291e+03 1 0)
s>        ( - -5.727e+03 1 0))INFO: dtree.c(1315): Comp split 20
INFO: dtree.c(1439): stop. leaf nodes are specific
INFO: dtree.c(1478): Final simple tree
|( SILENCE -1 -8.619e+03 7.983e+01 4.066e+01
|    ( - -4.206e+03 1 0)
|    ( - -4.334e+03 2 0))
s>    ( SILENCE -1 -8.619e+03 7.983e+01 4.066e+01
s>        ( - -4.206e+03 1 0)
s>        ( - -4.334e+03 2 0))INFO: dtree.c(1315): Comp split 21
INFO: dtree.c(1439): stop. leaf nodes are specific
INFO: dtree.c(1478): Final simple tree
|( QUESTION0 -1 -1.053e+04 7.415e+01 4.908e+01
|    ( - -7.894e+03 1 0)
|    ( - -2.567e+03 1 0))
s>    ( QUESTION0 -1 -1.053e+04 7.415e+01 4.908e+01
s>        ( - -7.894e+03 1 0)
s>        ( - -2.567e+03 1 0))INFO: dtree.c(1315): Comp split 22
INFO: dtree.c(1439): stop. leaf nodes are specific
INFO: dtree.c(1478): Final simple tree
|( QUESTION0 1 -6.175e+03 1.264e+02 2.898e+01
|    ( - -3.693e+03 1 0)
|    ( QUESTION0_1_R 1 -2.355e+03 1.166e+02 1.100e+01
|        ( - -5.606e+02 1 0)
|        ( SILENCE 1 -1.678e+03 9.579e+01 8.000e+00
|            ( - -7.560e+02 1 0)
|            ( - -8.263e+02 2 0))))
s>    ( QUESTION0 1 -6.175e+03 1.264e+02 2.898e+01
s>        ( - -3.693e+03 1 0)
s>        ( QUESTION0_1_R 1 -2.355e+03 1.166e+02 1.100e+01
s>            ( - -5.606e+02 1 0)
s>            ( SILENCE 1 -1.678e+03 9.579e+01 8.000e+00
s>                ( - -7.560e+02 1 0)
s>                ( - -8.263e+02 2 0))))INFO: dtree.c(1315): Comp split 23
INFO: dtree.c(1439): stop. leaf nodes are specific
INFO: dtree.c(1478): Final simple tree
|( QUESTION0_1_R 1 -2.355e+03 1.166e+02 1.100e+01
|    ( - -5.606e+02 1 0)
|    ( SILENCE 1 -1.678e+03 9.579e+01 8.000e+00
|        ( - -7.560e+02 1 0)
|        ( - -8.263e+02 2 0)))
s>    ( QUESTION0_1_R 1 -2.355e+03 1.166e+02 1.100e+01
s>        ( - -5.606e+02 1 0)
s>        ( SILENCE 1 -1.678e+03 9.579e+01 8.000e+00
s>            ( - -7.560e+02 1 0)
s>            ( - -8.263e+02 2 0)))INFO: dtree.c(1315): Comp split 24
INFO: dtree.c(1439): stop. leaf nodes are specific
INFO: dtree.c(1478): Final simple tree
|( QUESTION0 -1 -3.740e+03 9.689e+01 1.700e+01
|    ( - -1.757e+03 3 0)
|    ( - -1.886e+03 1 0))
s>    ( QUESTION0 -1 -3.740e+03 9.689e+01 1.700e+01
s>        ( - -1.757e+03 3 0)
s>        ( - -1.886e+03 1 0))INFO: dtree.c(1315): Comp split 25
INFO: dtree.c(1439): stop. leaf nodes are specific
INFO: dtree.c(1478): Final simple tree
|( SILENCE 1 -1.678e+03 9.579e+01 8.000e+00
|    ( - -7.560e+02 1 0)
|    ( - -8.263e+02 2 0))
s>    ( SILENCE 1 -1.678e+03 9.579e+01 8.000e+00
s>        ( - -7.560e+02 1 0)
s>        ( - -8.263e+02 2 0))INFO: dtree.c(1315): Comp split 26
INFO: dtree.c(1315): Comp split 27
INFO: dtree.c(1315): Comp split 28
INFO: dtree.c(1315): Comp split 29
INFO: dtree.c(1315): Comp split 30
INFO: dtree.c(1315): Comp split 31
INFO: dtree.c(1315): Comp split 32
INFO: dtree.c(1318): stop. leaf nodes are specific
Mon Jan 30 07:35:47 2017
