Current configuration:
[NAME]		[DEFLT]	[VALUE]
-allphones	no	no
-cntthresh	0.00001	1.000000e-05
-csplitmax	100	2000
-csplitmin	1	1
-csplitthr	8e-4	0.000000e+00
-example	no	no
-fullvar	no	no
-help		no	no
-meanfn			/Users/benroye/forge/cmusphinx/voiceVim/model_parameters/voiceVim.cd_cont_untied/means
-mixwfn			/Users/benroye/forge/cmusphinx/voiceVim/model_parameters/voiceVim.cd_cont_untied/mixture_weights
-moddeffn		/Users/benroye/forge/cmusphinx/voiceVim/model_architecture/voiceVim.untied.mdef
-mwfloor	1e-4	1.000000e-08
-phone			x
-psetfn			/Users/benroye/forge/cmusphinx/voiceVim/model_architecture/voiceVim.tree_questions
-ssplitmax	5	7
-ssplitmin	1	1
-ssplitthr	8e-4	0.000000e+00
-state			0
-stwt			1.0,0.05,0.0,
-treefn			/Users/benroye/forge/cmusphinx/voiceVim/trees/voiceVim.unpruned/x-0.dtree
-ts2cbfn	.semi.	.cont.
-varfloor	0.00001	1.000000e-05
-varfn			/Users/benroye/forge/cmusphinx/voiceVim/model_parameters/voiceVim.cd_cont_untied/variances

INFO: main.c(223): Reading: /Users/benroye/forge/cmusphinx/voiceVim/model_architecture/voiceVim.untied.mdef
INFO: model_def_io.c(573): Model definition info:
INFO: model_def_io.c(574): 2249 total models defined (39 base, 2210 tri)
INFO: model_def_io.c(575): 8996 total states
INFO: model_def_io.c(576): 6747 total tied states
INFO: model_def_io.c(577): 117 total tied CI states
INFO: model_def_io.c(578): 39 total tied transition matrices
INFO: model_def_io.c(579): 4 max state/model
INFO: model_def_io.c(580): 4 min state/model
INFO: main.c(242): Building trees for [x ah t i] through [x i w e]
INFO: main.c(269): Covering states |[6573 6602]| == 30
INFO: main.c(275): Reading: /Users/benroye/forge/cmusphinx/voiceVim/model_parameters/voiceVim.cd_cont_untied/mixture_weights
INFO: s3mixw_io.c(173): Read /Users/benroye/forge/cmusphinx/voiceVim/model_parameters/voiceVim.cd_cont_untied/mixture_weights [30x1x1 array]
INFO: main.c(311): 10 of 10 models have observation count greater than 0.000010
INFO: main.c(95): nrm stwt: 0.952 0.048 0.000 
INFO: s3gau_io.c(169): Read /Users/benroye/forge/cmusphinx/voiceVim/model_parameters/voiceVim.cd_cont_untied/means [6747x1x1 array]
INFO: s3gau_io.c(169): Read /Users/benroye/forge/cmusphinx/voiceVim/model_parameters/voiceVim.cd_cont_untied/variances [6747x1x1 array]
INFO: main.c(549): Reading: /Users/benroye/forge/cmusphinx/voiceVim/model_architecture/voiceVim.tree_questions
INFO: main.c(588): 174 total simple questions (166 phone; 8 word bndry)
INFO: main.c(590): 40 Left Only questions, and 42 Right Only questions
INFO: dtree.c(1478): Final simple tree
|( QUESTION2_14_L -1 -1.534e+05 1.665e+03 6.704e+02
|    ( - -7.192e+04 1 0)
|    ( QUESTION18 1 -7.980e+04 4.940e+02 3.470e+02
|        ( - -1.040e+04 1 0)
|        ( QUESTION0_11_R 1 -6.891e+04 3.082e+02 3.051e+02
|            ( WDBNDRY_E 0 -5.832e+04 1.471e+02 2.602e+02
|                ( - -8.539e+02 1 0)
|                ( - -5.732e+04 1 0))
|            ( QUESTION0_6_R 1 -1.028e+04 1.591e+02 4.492e+01
|                ( - -1.911e+03 1 0)
|                ( QUESTION0_1_R 1 -8.207e+03 1.257e+02 3.692e+01
|                    ( - -2.140e+03 2 0 QUESTION0_2_R 1 1.013e+02 1.000e+01)
|                    ( QUESTION0_8_R 1 -5.942e+03 1.244e+02 2.692e+01
|                        ( - -9.443e+02 1 0)
|                        ( - -4.873e+03 2 0 SILENCE 1 1.195e+02 2.292e+01)))))))
s>    ( QUESTION2_14_L -1 -1.534e+05 1.665e+03 6.704e+02
s>        ( - -7.192e+04 1 0)
s>        ( QUESTION18 1 -7.980e+04 4.940e+02 3.470e+02
s>            ( - -1.040e+04 1 0)
s>            ( QUESTION0_11_R 1 -6.891e+04 3.082e+02 3.051e+02
s>                ( WDBNDRY_E 0 -5.832e+04 1.471e+02 2.602e+02
s>                    ( - -8.539e+02 1 0)
s>                    ( - -5.732e+04 1 0))
s>                ( QUESTION0_6_R 1 -1.028e+04 1.591e+02 4.492e+01
s>                    ( - -1.911e+03 1 0)
s>                    ( QUESTION0_1_R 1 -8.207e+03 1.257e+02 3.692e+01
s>                        ( - -2.140e+03 2 0 QUESTION0_2_R 1 1.013e+02 1.000e+01)
s>                        ( QUESTION0_8_R 1 -5.942e+03 1.244e+02 2.692e+01
s>                            ( - -9.443e+02 1 0)
s>                            ( - -4.873e+03 2 0 SILENCE 1 1.195e+02 2.292e+01)))))))INFO: dtree.c(1315): Comp split 0
INFO: dtree.c(1478): Final simple tree
|( QUESTION18 1 -7.980e+04 4.940e+02 3.470e+02
|    ( - -1.040e+04 1 0)
|    ( QUESTION0_11_R 1 -6.891e+04 3.082e+02 3.051e+02
|        ( WDBNDRY_E 0 -5.832e+04 1.471e+02 2.602e+02
|            ( - -8.539e+02 1 0)
|            ( - -5.732e+04 1 0))
|        ( QUESTION0_6_R 1 -1.028e+04 1.591e+02 4.492e+01
|            ( - -1.911e+03 1 0)
|            ( QUESTION0_1_R 1 -8.207e+03 1.257e+02 3.692e+01
|                ( - -2.140e+03 2 0 QUESTION0_2_R 1 1.013e+02 1.000e+01)
|                ( QUESTION0_8_R 1 -5.942e+03 1.244e+02 2.692e+01
|                    ( - -9.443e+02 1 0)
|                    ( SILENCE 1 -4.873e+03 1.195e+02 2.292e+01
|                        ( - -2.896e+03 1 0)
|                        ( - -1.858e+03 1 0)))))))
s>    ( QUESTION18 1 -7.980e+04 4.940e+02 3.470e+02
s>        ( - -1.040e+04 1 0)
s>        ( QUESTION0_11_R 1 -6.891e+04 3.082e+02 3.051e+02
s>            ( WDBNDRY_E 0 -5.832e+04 1.471e+02 2.602e+02
s>                ( - -8.539e+02 1 0)
s>                ( - -5.732e+04 1 0))
s>            ( QUESTION0_6_R 1 -1.028e+04 1.591e+02 4.492e+01
s>                ( - -1.911e+03 1 0)
s>                ( QUESTION0_1_R 1 -8.207e+03 1.257e+02 3.692e+01
s>                    ( - -2.140e+03 2 0 QUESTION0_2_R 1 1.013e+02 1.000e+01)
s>                    ( QUESTION0_8_R 1 -5.942e+03 1.244e+02 2.692e+01
s>                        ( - -9.443e+02 1 0)
s>                        ( SILENCE 1 -4.873e+03 1.195e+02 2.292e+01
s>                            ( - -2.896e+03 1 0)
s>                            ( - -1.858e+03 1 0)))))))INFO: dtree.c(1315): Comp split 1
INFO: dtree.c(1439): stop. leaf nodes are specific
INFO: dtree.c(1478): Final simple tree
|( WDBNDRY_E 0 -6.474e+04 2.763e+02 2.891e+02
|    ( QUESTION0_7_R 1 -7.138e+03 1.270e+02 3.292e+01
|        ( - -1.858e+03 1 0)
|        ( SILENCE 1 -5.153e+03 1.175e+02 2.392e+01
|            ( - -2.896e+03 1 0)
|            ( QUESTION0_2_R 1 -2.140e+03 1.013e+02 1.000e+01
|                ( - -6.300e+02 1 0)
|                ( - -1.409e+03 1 0))))
|    ( - -5.732e+04 1 0))
s>    ( WDBNDRY_E 0 -6.474e+04 2.763e+02 2.891e+02
s>        ( QUESTION0_7_R 1 -7.138e+03 1.270e+02 3.292e+01
s>            ( - -1.858e+03 1 0)
s>            ( SILENCE 1 -5.153e+03 1.175e+02 2.392e+01
s>                ( - -2.896e+03 1 0)
s>                ( QUESTION0_2_R 1 -2.140e+03 1.013e+02 1.000e+01
s>                    ( - -6.300e+02 1 0)
s>                    ( - -1.409e+03 1 0))))
s>        ( - -5.732e+04 1 0))INFO: dtree.c(1439): stop. leaf nodes are specific
INFO: dtree.c(1478): Final simple tree
|( WDBNDRY_E 0 -1.453e+04 1.795e+02 5.783e+01
|    ( QUESTION0_9_R 1 -3.945e+03 1.291e+02 1.600e+01
|        ( - -8.539e+02 1 0)
|        ( QUESTION0_1_R 1 -2.962e+03 1.070e+02 1.200e+01
|            ( - -1.911e+03 1 0)
|            ( - -9.443e+02 1 0)))
|    ( - -1.040e+04 1 0))
s>    ( WDBNDRY_E 0 -1.453e+04 1.795e+02 5.783e+01
s>        ( QUESTION0_9_R 1 -3.945e+03 1.291e+02 1.600e+01
s>            ( - -8.539e+02 1 0)
s>            ( QUESTION0_1_R 1 -2.962e+03 1.070e+02 1.200e+01
s>                ( - -1.911e+03 1 0)
s>                ( - -9.443e+02 1 0)))
s>        ( - -1.040e+04 1 0))INFO: dtree.c(1315): Comp split 2
INFO: dtree.c(1439): stop. leaf nodes are specific
INFO: dtree.c(1478): Final simple tree
|( QUESTION0_7_R 1 -7.138e+03 1.270e+02 3.292e+01
|    ( - -1.858e+03 1 0)
|    ( SILENCE 1 -5.153e+03 1.175e+02 2.392e+01
|        ( - -2.896e+03 1 0)
|        ( QUESTION0_2_R 1 -2.140e+03 1.013e+02 1.000e+01
|            ( - -6.300e+02 1 0)
|            ( - -1.409e+03 1 0))))
s>    ( QUESTION0_7_R 1 -7.138e+03 1.270e+02 3.292e+01
s>        ( - -1.858e+03 1 0)
s>        ( SILENCE 1 -5.153e+03 1.175e+02 2.392e+01
s>            ( - -2.896e+03 1 0)
s>            ( QUESTION0_2_R 1 -2.140e+03 1.013e+02 1.000e+01
s>                ( - -6.300e+02 1 0)
s>                ( - -1.409e+03 1 0))))INFO: dtree.c(1315): Comp split 3
INFO: dtree.c(1439): stop. leaf nodes are specific
INFO: dtree.c(1478): Final simple tree
|( QUESTION0_9_R 1 -3.945e+03 1.291e+02 1.600e+01
|    ( - -8.539e+02 1 0)
|    ( QUESTION0_1_R 1 -2.962e+03 1.070e+02 1.200e+01
|        ( - -1.911e+03 1 0)
|        ( - -9.443e+02 1 0)))
s>    ( QUESTION0_9_R 1 -3.945e+03 1.291e+02 1.600e+01
s>        ( - -8.539e+02 1 0)
s>        ( QUESTION0_1_R 1 -2.962e+03 1.070e+02 1.200e+01
s>            ( - -1.911e+03 1 0)
s>            ( - -9.443e+02 1 0)))INFO: dtree.c(1315): Comp split 4
INFO: dtree.c(1439): stop. leaf nodes are specific
INFO: dtree.c(1478): Final simple tree
|( QUESTION0_1_R 1 -2.962e+03 1.070e+02 1.200e+01
|    ( - -1.911e+03 1 0)
|    ( - -9.443e+02 1 0))
s>    ( QUESTION0_1_R 1 -2.962e+03 1.070e+02 1.200e+01
s>        ( - -1.911e+03 1 0)
s>        ( - -9.443e+02 1 0))INFO: dtree.c(1315): Comp split 5
INFO: dtree.c(1439): stop. leaf nodes are specific
INFO: dtree.c(1478): Final simple tree
|( SILENCE 1 -5.153e+03 1.175e+02 2.392e+01
|    ( - -2.896e+03 1 0)
|    ( QUESTION0_2_R 1 -2.140e+03 1.013e+02 1.000e+01
|        ( - -6.300e+02 1 0)
|        ( - -1.409e+03 1 0)))
s>    ( SILENCE 1 -5.153e+03 1.175e+02 2.392e+01
s>        ( - -2.896e+03 1 0)
s>        ( QUESTION0_2_R 1 -2.140e+03 1.013e+02 1.000e+01
s>            ( - -6.300e+02 1 0)
s>            ( - -1.409e+03 1 0)))INFO: dtree.c(1315): Comp split 6
INFO: dtree.c(1439): stop. leaf nodes are specific
INFO: dtree.c(1478): Final simple tree
|( QUESTION0_2_R 1 -2.140e+03 1.013e+02 1.000e+01
|    ( - -6.300e+02 1 0)
|    ( - -1.409e+03 1 0))
s>    ( QUESTION0_2_R 1 -2.140e+03 1.013e+02 1.000e+01
s>        ( - -6.300e+02 1 0)
s>        ( - -1.409e+03 1 0))INFO: dtree.c(1315): Comp split 7
INFO: dtree.c(1315): Comp split 8
INFO: dtree.c(1315): Comp split 9
INFO: dtree.c(1318): stop. leaf nodes are specific
Mon Jan 30 07:35:52 2017
