Current configuration:
[NAME]		[DEFLT]	[VALUE]
-allphones	no	no
-cntthresh	0.00001	1.000000e-05
-csplitmax	100	2000
-csplitmin	1	1
-csplitthr	8e-4	0.000000e+00
-example	no	no
-fullvar	no	no
-help		no	no
-meanfn			/Users/benroye/forge/cmusphinx/voiceVim/model_parameters/voiceVim.cd_cont_untied/means
-mixwfn			/Users/benroye/forge/cmusphinx/voiceVim/model_parameters/voiceVim.cd_cont_untied/mixture_weights
-moddeffn		/Users/benroye/forge/cmusphinx/voiceVim/model_architecture/voiceVim.untied.mdef
-mwfloor	1e-4	1.000000e-08
-phone			m
-psetfn			/Users/benroye/forge/cmusphinx/voiceVim/model_architecture/voiceVim.tree_questions
-ssplitmax	5	7
-ssplitmin	1	1
-ssplitthr	8e-4	0.000000e+00
-state			1
-stwt			1.0,0.05,0.0,
-treefn			/Users/benroye/forge/cmusphinx/voiceVim/trees/voiceVim.unpruned/m-1.dtree
-ts2cbfn	.semi.	.cont.
-varfloor	0.00001	1.000000e-05
-varfn			/Users/benroye/forge/cmusphinx/voiceVim/model_parameters/voiceVim.cd_cont_untied/variances

INFO: main.c(223): Reading: /Users/benroye/forge/cmusphinx/voiceVim/model_architecture/voiceVim.untied.mdef
INFO: model_def_io.c(573): Model definition info:
INFO: model_def_io.c(574): 2249 total models defined (39 base, 2210 tri)
INFO: model_def_io.c(575): 8996 total states
INFO: model_def_io.c(576): 6747 total tied states
INFO: model_def_io.c(577): 117 total tied CI states
INFO: model_def_io.c(578): 39 total tied transition matrices
INFO: model_def_io.c(579): 4 max state/model
INFO: model_def_io.c(580): 4 min state/model
INFO: main.c(242): Building trees for [m SIL aa b] through [m z ii b]
INFO: main.c(269): Covering states |[3024 3143]| == 120
INFO: main.c(275): Reading: /Users/benroye/forge/cmusphinx/voiceVim/model_parameters/voiceVim.cd_cont_untied/mixture_weights
INFO: s3mixw_io.c(173): Read /Users/benroye/forge/cmusphinx/voiceVim/model_parameters/voiceVim.cd_cont_untied/mixture_weights [120x1x1 array]
INFO: main.c(311): 40 of 40 models have observation count greater than 0.000010
INFO: main.c(95): nrm stwt: 0.045 0.909 0.045 
INFO: s3gau_io.c(169): Read /Users/benroye/forge/cmusphinx/voiceVim/model_parameters/voiceVim.cd_cont_untied/means [6747x1x1 array]
INFO: s3gau_io.c(169): Read /Users/benroye/forge/cmusphinx/voiceVim/model_parameters/voiceVim.cd_cont_untied/variances [6747x1x1 array]
INFO: main.c(549): Reading: /Users/benroye/forge/cmusphinx/voiceVim/model_architecture/voiceVim.tree_questions
INFO: main.c(588): 174 total simple questions (166 phone; 8 word bndry)
INFO: main.c(590): 40 Left Only questions, and 42 Right Only questions
INFO: dtree.c(1478): Final simple tree
|( QUESTION16 1 -2.992e+05 6.159e+03 1.367e+03
|    ( - -7.144e+04 1 0)
|    ( QUESTION0_20_R 1 -2.216e+05 2.604e+03 9.995e+02
|        ( QUESTION2_3_L -1 -1.508e+05 1.559e+03 6.920e+02
|            ( - -6.812e+04 2 0 WDBNDRY_B 0 1.988e+02 3.277e+02)
|            ( WDBNDRY_B 0 -8.113e+04 8.665e+02 3.642e+02
|                ( - -5.956e+04 11 0 QUESTION1 -1 2.705e+02 2.690e+02)
|                ( - -2.071e+04 2 0 QUESTION2_10_L -1 2.520e+02 9.529e+01)))
|        ( QUESTION2_19_L -1 -6.813e+04 1.089e+03 3.076e+02
|            ( QUESTION0_1_R 1 -4.171e+04 5.991e+02 2.015e+02
|                ( - -3.674e+03 1 0)
|                ( - -3.744e+04 1 0))
|            ( WDBNDRY_B 0 -2.533e+04 5.022e+02 1.061e+02
|                ( - -7.974e+03 9 0 QUESTION19 -1 4.872e+02 3.499e+01)
|                ( - -1.686e+04 13 0 QUESTION0_11_R 1 4.338e+02 7.108e+01)))))
s>    ( QUESTION16 1 -2.992e+05 6.159e+03 1.367e+03
s>        ( - -7.144e+04 1 0)
s>        ( QUESTION0_20_R 1 -2.216e+05 2.604e+03 9.995e+02
s>            ( QUESTION2_3_L -1 -1.508e+05 1.559e+03 6.920e+02
s>                ( - -6.812e+04 2 0 WDBNDRY_B 0 1.988e+02 3.277e+02)
s>                ( WDBNDRY_B 0 -8.113e+04 8.665e+02 3.642e+02
s>                    ( - -5.956e+04 11 0 QUESTION1 -1 2.705e+02 2.690e+02)
s>                    ( - -2.071e+04 2 0 QUESTION2_10_L -1 2.520e+02 9.529e+01)))
s>            ( QUESTION2_19_L -1 -6.813e+04 1.089e+03 3.076e+02
s>                ( QUESTION0_1_R 1 -4.171e+04 5.991e+02 2.015e+02
s>                    ( - -3.674e+03 1 0)
s>                    ( - -3.744e+04 1 0))
s>                ( WDBNDRY_B 0 -2.533e+04 5.022e+02 1.061e+02
s>                    ( - -7.974e+03 9 0 QUESTION19 -1 4.872e+02 3.499e+01)
s>                    ( - -1.686e+04 13 0 QUESTION0_11_R 1 4.338e+02 7.108e+01)))))INFO: dtree.c(1315): Comp split 0
INFO: dtree.c(1478): Final simple tree
|( QUESTION0_20_R 1 -2.216e+05 2.604e+03 9.995e+02
|    ( QUESTION2_3_L -1 -1.508e+05 1.559e+03 6.920e+02
|        ( - -6.812e+04 2 0 WDBNDRY_B 0 1.988e+02 3.277e+02)
|        ( WDBNDRY_B 0 -8.113e+04 8.665e+02 3.642e+02
|            ( - -5.956e+04 11 0 QUESTION1 -1 2.705e+02 2.690e+02)
|            ( - -2.071e+04 2 0 QUESTION2_10_L -1 2.520e+02 9.529e+01)))
|    ( QUESTION2_19_L -1 -6.813e+04 1.089e+03 3.076e+02
|        ( QUESTION0_1_R 1 -4.171e+04 5.991e+02 2.015e+02
|            ( - -3.674e+03 1 0)
|            ( - -3.744e+04 1 0))
|        ( WDBNDRY_B 0 -2.533e+04 5.022e+02 1.061e+02
|            ( QUESTION19 -1 -7.974e+03 4.872e+02 3.499e+01
|                ( - 2.414e+02 1 0)
|                ( - -7.728e+03 8 0 SILENCE -1 1.688e+02 3.399e+01))
|            ( - -1.686e+04 13 0 QUESTION0_11_R 1 4.338e+02 7.108e+01))))
s>    ( QUESTION0_20_R 1 -2.216e+05 2.604e+03 9.995e+02
s>        ( QUESTION2_3_L -1 -1.508e+05 1.559e+03 6.920e+02
s>            ( - -6.812e+04 2 0 WDBNDRY_B 0 1.988e+02 3.277e+02)
s>            ( WDBNDRY_B 0 -8.113e+04 8.665e+02 3.642e+02
s>                ( - -5.956e+04 11 0 QUESTION1 -1 2.705e+02 2.690e+02)
s>                ( - -2.071e+04 2 0 QUESTION2_10_L -1 2.520e+02 9.529e+01)))
s>        ( QUESTION2_19_L -1 -6.813e+04 1.089e+03 3.076e+02
s>            ( QUESTION0_1_R 1 -4.171e+04 5.991e+02 2.015e+02
s>                ( - -3.674e+03 1 0)
s>                ( - -3.744e+04 1 0))
s>            ( WDBNDRY_B 0 -2.533e+04 5.022e+02 1.061e+02
s>                ( QUESTION19 -1 -7.974e+03 4.872e+02 3.499e+01
s>                    ( - 2.414e+02 1 0)
s>                    ( - -7.728e+03 8 0 SILENCE -1 1.688e+02 3.399e+01))
s>                ( - -1.686e+04 13 0 QUESTION0_11_R 1 4.338e+02 7.108e+01))))INFO: dtree.c(1315): Comp split 1
INFO: dtree.c(1478): Final simple tree
|( QUESTION2_4_L -1 -1.813e+05 1.814e+03 8.150e+02
|    ( - -6.933e+04 3 0 QUESTION0_0_R 1 2.253e+02 3.317e+02)
|    ( WDBNDRY_B 0 -1.102e+05 9.953e+02 4.833e+02
|        ( QUESTION0_0_R 1 -6.709e+04 6.686e+02 3.000e+02
|            ( QUESTION19 -1 -6.857e+03 4.875e+02 3.099e+01
|                ( - 2.414e+02 1 0)
|                ( - -6.611e+03 7 0 QUESTION0 -1 1.737e+02 2.999e+01))
|            ( - -5.956e+04 11 0 QUESTION1 -1 2.705e+02 2.690e+02))
|        ( QUESTION2_12_L -1 -4.211e+04 7.665e+02 1.834e+02
|            ( - -1.849e+04 1 0)
|            ( QUESTION0_11_R 1 -2.285e+04 4.287e+02 9.708e+01
|                ( - -1.546e+01 1 0)
|                ( QUESTION0_2_R 1 -2.240e+04 2.928e+02 9.608e+01
|                    ( - -7.492e+03 2 0 QUESTION0 1 2.149e+02 3.608e+01)
|                    ( - -1.462e+04 12 0 QUESTION2_3_L -1 2.585e+02 6.000e+01))))))
s>    ( QUESTION2_4_L -1 -1.813e+05 1.814e+03 8.150e+02
s>        ( - -6.933e+04 3 0 QUESTION0_0_R 1 2.253e+02 3.317e+02)
s>        ( WDBNDRY_B 0 -1.102e+05 9.953e+02 4.833e+02
s>            ( QUESTION0_0_R 1 -6.709e+04 6.686e+02 3.000e+02
s>                ( QUESTION19 -1 -6.857e+03 4.875e+02 3.099e+01
s>                    ( - 2.414e+02 1 0)
s>                    ( - -6.611e+03 7 0 QUESTION0 -1 1.737e+02 2.999e+01))
s>                ( - -5.956e+04 11 0 QUESTION1 -1 2.705e+02 2.690e+02))
s>            ( QUESTION2_12_L -1 -4.211e+04 7.665e+02 1.834e+02
s>                ( - -1.849e+04 1 0)
s>                ( QUESTION0_11_R 1 -2.285e+04 4.287e+02 9.708e+01
s>                    ( - -1.546e+01 1 0)
s>                    ( QUESTION0_2_R 1 -2.240e+04 2.928e+02 9.608e+01
s>                        ( - -7.492e+03 2 0 QUESTION0 1 2.149e+02 3.608e+01)
s>                        ( - -1.462e+04 12 0 QUESTION2_3_L -1 2.585e+02 6.000e+01))))))INFO: dtree.c(1315): Comp split 2
INFO: dtree.c(1478): Final simple tree
|( WDBNDRY_B 0 -1.102e+05 9.953e+02 4.833e+02
|    ( QUESTION0_0_R 1 -6.709e+04 6.686e+02 3.000e+02
|        ( QUESTION19 -1 -6.857e+03 4.875e+02 3.099e+01
|            ( - 2.414e+02 1 0)
|            ( - -6.611e+03 7 0 QUESTION0 -1 1.737e+02 2.999e+01))
|        ( QUESTION1 -1 -5.956e+04 2.705e+02 2.690e+02
|            ( - -7.688e+03 1 0)
|            ( - -5.160e+04 10 0 QUESTION19 -1 1.817e+02 2.340e+02)))
|    ( QUESTION2_12_L -1 -4.211e+04 7.665e+02 1.834e+02
|        ( - -1.849e+04 1 0)
|        ( QUESTION0_11_R 1 -2.285e+04 4.287e+02 9.708e+01
|            ( - -1.546e+01 1 0)
|            ( QUESTION0_2_R 1 -2.240e+04 2.928e+02 9.608e+01
|                ( - -7.492e+03 2 0 QUESTION0 1 2.149e+02 3.608e+01)
|                ( - -1.462e+04 12 0 QUESTION2_3_L -1 2.585e+02 6.000e+01)))))
s>    ( WDBNDRY_B 0 -1.102e+05 9.953e+02 4.833e+02
s>        ( QUESTION0_0_R 1 -6.709e+04 6.686e+02 3.000e+02
s>            ( QUESTION19 -1 -6.857e+03 4.875e+02 3.099e+01
s>                ( - 2.414e+02 1 0)
s>                ( - -6.611e+03 7 0 QUESTION0 -1 1.737e+02 2.999e+01))
s>            ( QUESTION1 -1 -5.956e+04 2.705e+02 2.690e+02
s>                ( - -7.688e+03 1 0)
s>                ( - -5.160e+04 10 0 QUESTION19 -1 1.817e+02 2.340e+02)))
s>        ( QUESTION2_12_L -1 -4.211e+04 7.665e+02 1.834e+02
s>            ( - -1.849e+04 1 0)
s>            ( QUESTION0_11_R 1 -2.285e+04 4.287e+02 9.708e+01
s>                ( - -1.546e+01 1 0)
s>                ( QUESTION0_2_R 1 -2.240e+04 2.928e+02 9.608e+01
s>                    ( - -7.492e+03 2 0 QUESTION0 1 2.149e+02 3.608e+01)
s>                    ( - -1.462e+04 12 0 QUESTION2_3_L -1 2.585e+02 6.000e+01)))))INFO: dtree.c(1439): stop. leaf nodes are specific
INFO: dtree.c(1478): Final simple tree
|( QUESTION0_0_R 1 -6.933e+04 2.253e+02 3.317e+02
|    ( - -9.802e+02 1 0)
|    ( WDBNDRY_B 0 -6.812e+04 1.988e+02 3.277e+02
|        ( - -1.223e+03 1 0)
|        ( - -6.670e+04 1 0)))
s>    ( QUESTION0_0_R 1 -6.933e+04 2.253e+02 3.317e+02
s>        ( - -9.802e+02 1 0)
s>        ( WDBNDRY_B 0 -6.812e+04 1.988e+02 3.277e+02
s>            ( - -1.223e+03 1 0)
s>            ( - -6.670e+04 1 0)))INFO: dtree.c(1315): Comp split 3
INFO: dtree.c(1478): Final simple tree
|( QUESTION1 -1 -5.956e+04 2.705e+02 2.690e+02
|    ( - -7.688e+03 1 0)
|    ( QUESTION19 -1 -5.160e+04 1.817e+02 2.340e+02
|        ( - -6.451e+03 1 0)
|        ( QUESTION6 -1 -4.497e+04 1.810e+02 2.038e+02
|            ( - -6.045e+03 1 0)
|            ( QUESTION2_2_L -1 -3.874e+04 1.472e+02 1.749e+02
|                ( - -1.944e+03 1 0)
|                ( QUESTION3 -1 -3.665e+04 1.503e+02 1.659e+02
|                    ( QUESTION4 -1 -2.818e+04 8.447e+01 1.267e+02
|                        ( - -2.582e+04 3 0)
|                        ( - -2.277e+03 1 0))
|                    ( SILENCE -1 -8.317e+03 9.780e+01 3.926e+01
|                        ( - -3.759e+03 1 0)
|                        ( - -4.460e+03 2 0)))))))
s>    ( QUESTION1 -1 -5.956e+04 2.705e+02 2.690e+02
s>        ( - -7.688e+03 1 0)
s>        ( QUESTION19 -1 -5.160e+04 1.817e+02 2.340e+02
s>            ( - -6.451e+03 1 0)
s>            ( QUESTION6 -1 -4.497e+04 1.810e+02 2.038e+02
s>                ( - -6.045e+03 1 0)
s>                ( QUESTION2_2_L -1 -3.874e+04 1.472e+02 1.749e+02
s>                    ( - -1.944e+03 1 0)
s>                    ( QUESTION3 -1 -3.665e+04 1.503e+02 1.659e+02
s>                        ( QUESTION4 -1 -2.818e+04 8.447e+01 1.267e+02
s>                            ( - -2.582e+04 3 0)
s>                            ( - -2.277e+03 1 0))
s>                        ( SILENCE -1 -8.317e+03 9.780e+01 3.926e+01
s>                            ( - -3.759e+03 1 0)
s>                            ( - -4.460e+03 2 0)))))))INFO: dtree.c(1478): Final simple tree
|( QUESTION2_12_L -1 -4.950e+04 7.864e+02 2.144e+02
|    ( - -1.849e+04 1 0)
|    ( WDBNDRY_B 0 -3.022e+04 5.208e+02 1.281e+02
|        ( QUESTION19 -1 -6.857e+03 4.875e+02 3.099e+01
|            ( - 2.414e+02 1 0)
|            ( - -6.611e+03 7 0 QUESTION0 -1 1.737e+02 2.999e+01))
|        ( QUESTION0_11_R 1 -2.285e+04 4.287e+02 9.708e+01
|            ( - -1.546e+01 1 0)
|            ( QUESTION0_2_R 1 -2.240e+04 2.928e+02 9.608e+01
|                ( - -7.492e+03 2 0 QUESTION0 1 2.149e+02 3.608e+01)
|                ( QUESTION2_3_L -1 -1.462e+04 2.585e+02 6.000e+01
|                    ( - -1.723e+03 1 0)
|                    ( QUESTION12 1 -1.263e+04 2.226e+02 5.200e+01
|                        ( - -2.559e+02 1 0)
|                        ( - -1.216e+04 10 0 QUESTION2_0_L -1 1.615e+02 5.000e+01)))))))
s>    ( QUESTION2_12_L -1 -4.950e+04 7.864e+02 2.144e+02
s>        ( - -1.849e+04 1 0)
s>        ( WDBNDRY_B 0 -3.022e+04 5.208e+02 1.281e+02
s>            ( QUESTION19 -1 -6.857e+03 4.875e+02 3.099e+01
s>                ( - 2.414e+02 1 0)
s>                ( - -6.611e+03 7 0 QUESTION0 -1 1.737e+02 2.999e+01))
s>            ( QUESTION0_11_R 1 -2.285e+04 4.287e+02 9.708e+01
s>                ( - -1.546e+01 1 0)
s>                ( QUESTION0_2_R 1 -2.240e+04 2.928e+02 9.608e+01
s>                    ( - -7.492e+03 2 0 QUESTION0 1 2.149e+02 3.608e+01)
s>                    ( QUESTION2_3_L -1 -1.462e+04 2.585e+02 6.000e+01
s>                        ( - -1.723e+03 1 0)
s>                        ( QUESTION12 1 -1.263e+04 2.226e+02 5.200e+01
s>                            ( - -2.559e+02 1 0)
s>                            ( - -1.216e+04 10 0 QUESTION2_0_L -1 1.615e+02 5.000e+01)))))))INFO: dtree.c(1315): Comp split 4
INFO: dtree.c(1478): Final simple tree
|( WDBNDRY_B 0 -3.022e+04 5.208e+02 1.281e+02
|    ( QUESTION19 -1 -6.857e+03 4.875e+02 3.099e+01
|        ( - 2.414e+02 1 0)
|        ( - -6.611e+03 7 0 QUESTION0 -1 1.737e+02 2.999e+01))
|    ( QUESTION0_11_R 1 -2.285e+04 4.287e+02 9.708e+01
|        ( - -1.546e+01 1 0)
|        ( QUESTION0_2_R 1 -2.240e+04 2.928e+02 9.608e+01
|            ( QUESTION0 1 -7.492e+03 2.149e+02 3.608e+01
|                ( - -5.913e+03 1 0)
|                ( - -1.364e+03 1 0))
|            ( QUESTION2_3_L -1 -1.462e+04 2.585e+02 6.000e+01
|                ( - -1.723e+03 1 0)
|                ( QUESTION12 1 -1.263e+04 2.226e+02 5.200e+01
|                    ( - -2.559e+02 1 0)
|                    ( - -1.216e+04 10 0 QUESTION2_0_L -1 1.615e+02 5.000e+01))))))
s>    ( WDBNDRY_B 0 -3.022e+04 5.208e+02 1.281e+02
s>        ( QUESTION19 -1 -6.857e+03 4.875e+02 3.099e+01
s>            ( - 2.414e+02 1 0)
s>            ( - -6.611e+03 7 0 QUESTION0 -1 1.737e+02 2.999e+01))
s>        ( QUESTION0_11_R 1 -2.285e+04 4.287e+02 9.708e+01
s>            ( - -1.546e+01 1 0)
s>            ( QUESTION0_2_R 1 -2.240e+04 2.928e+02 9.608e+01
s>                ( QUESTION0 1 -7.492e+03 2.149e+02 3.608e+01
s>                    ( - -5.913e+03 1 0)
s>                    ( - -1.364e+03 1 0))
s>                ( QUESTION2_3_L -1 -1.462e+04 2.585e+02 6.000e+01
s>                    ( - -1.723e+03 1 0)
s>                    ( QUESTION12 1 -1.263e+04 2.226e+02 5.200e+01
s>                        ( - -2.559e+02 1 0)
s>                        ( - -1.216e+04 10 0 QUESTION2_0_L -1 1.615e+02 5.000e+01))))))INFO: dtree.c(1315): Comp split 5
INFO: dtree.c(1439): stop. leaf nodes are specific
INFO: dtree.c(1478): Final simple tree
|( QUESTION0 -1 -6.611e+03 1.737e+02 2.999e+01
|    ( QUESTION4 1 -3.363e+03 1.310e+02 1.600e+01
|        ( - -2.271e+03 3 0)
|        ( - -9.613e+02 1 0))
|    ( QUESTION4 1 -3.074e+03 2.043e+02 1.399e+01
|        ( SILENCE -1 -2.663e+03 1.416e+02 1.199e+01
|            ( - -4.514e+02 1 0)
|            ( - -2.070e+03 1 0))
|        ( - -2.075e+02 1 0)))
s>    ( QUESTION0 -1 -6.611e+03 1.737e+02 2.999e+01
s>        ( QUESTION4 1 -3.363e+03 1.310e+02 1.600e+01
s>            ( - -2.271e+03 3 0)
s>            ( - -9.613e+02 1 0))
s>        ( QUESTION4 1 -3.074e+03 2.043e+02 1.399e+01
s>            ( SILENCE -1 -2.663e+03 1.416e+02 1.199e+01
s>                ( - -4.514e+02 1 0)
s>                ( - -2.070e+03 1 0))
s>            ( - -2.075e+02 1 0)))INFO: dtree.c(1478): Final simple tree
|( WDBNDRY_B 0 -2.309e+04 4.832e+02 9.808e+01
|    ( - 2.414e+02 1 0)
|    ( QUESTION0_11_R 1 -2.285e+04 4.287e+02 9.708e+01
|        ( - -1.546e+01 1 0)
|        ( QUESTION0_2_R 1 -2.240e+04 2.928e+02 9.608e+01
|            ( QUESTION0 1 -7.492e+03 2.149e+02 3.608e+01
|                ( - -5.913e+03 1 0)
|                ( - -1.364e+03 1 0))
|            ( QUESTION2_3_L -1 -1.462e+04 2.585e+02 6.000e+01
|                ( - -1.723e+03 1 0)
|                ( QUESTION12 1 -1.263e+04 2.226e+02 5.200e+01
|                    ( - -2.559e+02 1 0)
|                    ( QUESTION2_0_L -1 -1.216e+04 1.615e+02 5.000e+01
|                        ( - -8.321e+03 9 0 QUESTION2 1 1.766e+02 3.300e+01)
|                        ( - -3.674e+03 1 0)))))))
s>    ( WDBNDRY_B 0 -2.309e+04 4.832e+02 9.808e+01
s>        ( - 2.414e+02 1 0)
s>        ( QUESTION0_11_R 1 -2.285e+04 4.287e+02 9.708e+01
s>            ( - -1.546e+01 1 0)
s>            ( QUESTION0_2_R 1 -2.240e+04 2.928e+02 9.608e+01
s>                ( QUESTION0 1 -7.492e+03 2.149e+02 3.608e+01
s>                    ( - -5.913e+03 1 0)
s>                    ( - -1.364e+03 1 0))
s>                ( QUESTION2_3_L -1 -1.462e+04 2.585e+02 6.000e+01
s>                    ( - -1.723e+03 1 0)
s>                    ( QUESTION12 1 -1.263e+04 2.226e+02 5.200e+01
s>                        ( - -2.559e+02 1 0)
s>                        ( QUESTION2_0_L -1 -1.216e+04 1.615e+02 5.000e+01
s>                            ( - -8.321e+03 9 0 QUESTION2 1 1.766e+02 3.300e+01)
s>                            ( - -3.674e+03 1 0)))))))INFO: dtree.c(1315): Comp split 6
INFO: dtree.c(1478): Final simple tree
|( QUESTION0_11_R 1 -2.285e+04 4.287e+02 9.708e+01
|    ( - -1.546e+01 1 0)
|    ( QUESTION0_2_R 1 -2.240e+04 2.928e+02 9.608e+01
|        ( QUESTION0 1 -7.492e+03 2.149e+02 3.608e+01
|            ( - -5.913e+03 1 0)
|            ( - -1.364e+03 1 0))
|        ( QUESTION2_3_L -1 -1.462e+04 2.585e+02 6.000e+01
|            ( - -1.723e+03 1 0)
|            ( QUESTION12 1 -1.263e+04 2.226e+02 5.200e+01
|                ( - -2.559e+02 1 0)
|                ( QUESTION2_0_L -1 -1.216e+04 1.615e+02 5.000e+01
|                    ( QUESTION2 1 -8.321e+03 1.766e+02 3.300e+01
|                        ( - -3.196e+02 1 0)
|                        ( - -7.824e+03 8 0 QUESTION0_1_R 1 4.414e+02 3.100e+01))
|                    ( - -3.674e+03 1 0))))))
s>    ( QUESTION0_11_R 1 -2.285e+04 4.287e+02 9.708e+01
s>        ( - -1.546e+01 1 0)
s>        ( QUESTION0_2_R 1 -2.240e+04 2.928e+02 9.608e+01
s>            ( QUESTION0 1 -7.492e+03 2.149e+02 3.608e+01
s>                ( - -5.913e+03 1 0)
s>                ( - -1.364e+03 1 0))
s>            ( QUESTION2_3_L -1 -1.462e+04 2.585e+02 6.000e+01
s>                ( - -1.723e+03 1 0)
s>                ( QUESTION12 1 -1.263e+04 2.226e+02 5.200e+01
s>                    ( - -2.559e+02 1 0)
s>                    ( QUESTION2_0_L -1 -1.216e+04 1.615e+02 5.000e+01
s>                        ( QUESTION2 1 -8.321e+03 1.766e+02 3.300e+01
s>                            ( - -3.196e+02 1 0)
s>                            ( - -7.824e+03 8 0 QUESTION0_1_R 1 4.414e+02 3.100e+01))
s>                        ( - -3.674e+03 1 0))))))INFO: dtree.c(1315): Comp split 7
INFO: dtree.c(1478): Final simple tree
|( QUESTION0_2_R 1 -2.240e+04 2.928e+02 9.608e+01
|    ( QUESTION0 1 -7.492e+03 2.149e+02 3.608e+01
|        ( - -5.913e+03 1 0)
|        ( - -1.364e+03 1 0))
|    ( QUESTION2_3_L -1 -1.462e+04 2.585e+02 6.000e+01
|        ( - -1.723e+03 1 0)
|        ( QUESTION12 1 -1.263e+04 2.226e+02 5.200e+01
|            ( - -2.559e+02 1 0)
|            ( QUESTION2_0_L -1 -1.216e+04 1.615e+02 5.000e+01
|                ( QUESTION2 1 -8.321e+03 1.766e+02 3.300e+01
|                    ( - -3.196e+02 1 0)
|                    ( QUESTION0_1_R 1 -7.824e+03 4.414e+02 3.100e+01
|                        ( - 9.028e+01 1 0)
|                        ( - -7.473e+03 7 0 QUESTION0_0_R 1 1.364e+02 3.000e+01)))
|                ( - -3.674e+03 1 0)))))
s>    ( QUESTION0_2_R 1 -2.240e+04 2.928e+02 9.608e+01
s>        ( QUESTION0 1 -7.492e+03 2.149e+02 3.608e+01
s>            ( - -5.913e+03 1 0)
s>            ( - -1.364e+03 1 0))
s>        ( QUESTION2_3_L -1 -1.462e+04 2.585e+02 6.000e+01
s>            ( - -1.723e+03 1 0)
s>            ( QUESTION12 1 -1.263e+04 2.226e+02 5.200e+01
s>                ( - -2.559e+02 1 0)
s>                ( QUESTION2_0_L -1 -1.216e+04 1.615e+02 5.000e+01
s>                    ( QUESTION2 1 -8.321e+03 1.766e+02 3.300e+01
s>                        ( - -3.196e+02 1 0)
s>                        ( QUESTION0_1_R 1 -7.824e+03 4.414e+02 3.100e+01
s>                            ( - 9.028e+01 1 0)
s>                            ( - -7.473e+03 7 0 QUESTION0_0_R 1 1.364e+02 3.000e+01)))
s>                    ( - -3.674e+03 1 0)))))INFO: dtree.c(1315): Comp split 8
INFO: dtree.c(1478): Final simple tree
|( QUESTION0_2_R 1 -2.205e+04 2.917e+02 9.508e+01
|    ( QUESTION0 1 -7.492e+03 2.149e+02 3.608e+01
|        ( - -5.913e+03 1 0)
|        ( - -1.364e+03 1 0))
|    ( QUESTION2_3_L -1 -1.427e+04 2.574e+02 5.900e+01
|        ( - -1.723e+03 1 0)
|        ( QUESTION12 1 -1.229e+04 2.222e+02 5.100e+01
|            ( - -2.559e+02 1 0)
|            ( QUESTION2_0_L -1 -1.181e+04 1.633e+02 4.900e+01
|                ( QUESTION0_1_R 1 -7.970e+03 1.768e+02 3.200e+01
|                    ( - -3.196e+02 1 0)
|                    ( QUESTION0_0_R 1 -7.473e+03 1.364e+02 3.000e+01
|                        ( - -4.404e+03 5 0 QUESTION0_8_R 1 1.209e+02 1.700e+01)
|                        ( - -2.933e+03 2 0 WDBNDRY_E 0 1.183e+02 1.300e+01)))
|                ( - -3.674e+03 1 0)))))
s>    ( QUESTION0_2_R 1 -2.205e+04 2.917e+02 9.508e+01
s>        ( QUESTION0 1 -7.492e+03 2.149e+02 3.608e+01
s>            ( - -5.913e+03 1 0)
s>            ( - -1.364e+03 1 0))
s>        ( QUESTION2_3_L -1 -1.427e+04 2.574e+02 5.900e+01
s>            ( - -1.723e+03 1 0)
s>            ( QUESTION12 1 -1.229e+04 2.222e+02 5.100e+01
s>                ( - -2.559e+02 1 0)
s>                ( QUESTION2_0_L -1 -1.181e+04 1.633e+02 4.900e+01
s>                    ( QUESTION0_1_R 1 -7.970e+03 1.768e+02 3.200e+01
s>                        ( - -3.196e+02 1 0)
s>                        ( QUESTION0_0_R 1 -7.473e+03 1.364e+02 3.000e+01
s>                            ( - -4.404e+03 5 0 QUESTION0_8_R 1 1.209e+02 1.700e+01)
s>                            ( - -2.933e+03 2 0 WDBNDRY_E 0 1.183e+02 1.300e+01)))
s>                    ( - -3.674e+03 1 0)))))INFO: dtree.c(1315): Comp split 9
INFO: dtree.c(1478): Final simple tree
|( QUESTION2_3_L -1 -1.578e+04 2.468e+02 6.400e+01
|    ( - -1.723e+03 1 0)
|    ( QUESTION12 1 -1.381e+04 2.223e+02 5.600e+01
|        ( - -2.559e+02 1 0)
|        ( QUESTION2_0_L -1 -1.334e+04 1.656e+02 5.400e+01
|            ( QUESTION0_3_R 1 -9.495e+03 1.800e+02 3.700e+01
|                ( - -3.196e+02 1 0)
|                ( QUESTION0_1_R 1 -8.996e+03 1.582e+02 3.500e+01
|                    ( - -1.364e+03 1 0)
|                    ( QUESTION0_0_R 1 -7.473e+03 1.364e+02 3.000e+01
|                        ( QUESTION0_8_R 1 -4.404e+03 1.209e+02 1.700e+01
|                            ( - -3.839e+03 4 0 QUESTION4 1 8.334e+01 1.500e+01)
|                            ( - -4.434e+02 1 0))
|                        ( - -2.933e+03 2 0 WDBNDRY_E 0 1.183e+02 1.300e+01))))
|            ( - -3.674e+03 1 0))))
s>    ( QUESTION2_3_L -1 -1.578e+04 2.468e+02 6.400e+01
s>        ( - -1.723e+03 1 0)
s>        ( QUESTION12 1 -1.381e+04 2.223e+02 5.600e+01
s>            ( - -2.559e+02 1 0)
s>            ( QUESTION2_0_L -1 -1.334e+04 1.656e+02 5.400e+01
s>                ( QUESTION0_3_R 1 -9.495e+03 1.800e+02 3.700e+01
s>                    ( - -3.196e+02 1 0)
s>                    ( QUESTION0_1_R 1 -8.996e+03 1.582e+02 3.500e+01
s>                        ( - -1.364e+03 1 0)
s>                        ( QUESTION0_0_R 1 -7.473e+03 1.364e+02 3.000e+01
s>                            ( QUESTION0_8_R 1 -4.404e+03 1.209e+02 1.700e+01
s>                                ( - -3.839e+03 4 0 QUESTION4 1 8.334e+01 1.500e+01)
s>                                ( - -4.434e+02 1 0))
s>                            ( - -2.933e+03 2 0 WDBNDRY_E 0 1.183e+02 1.300e+01))))
s>                ( - -3.674e+03 1 0))))INFO: dtree.c(1315): Comp split 10
INFO: dtree.c(1439): stop. leaf nodes are specific
INFO: dtree.c(1478): Final simple tree
|( QUESTION19 -1 -5.160e+04 1.817e+02 2.340e+02
|    ( - -6.451e+03 1 0)
|    ( QUESTION6 -1 -4.497e+04 1.810e+02 2.038e+02
|        ( - -6.045e+03 1 0)
|        ( QUESTION2_2_L -1 -3.874e+04 1.472e+02 1.749e+02
|            ( - -1.944e+03 1 0)
|            ( QUESTION3 -1 -3.665e+04 1.503e+02 1.659e+02
|                ( QUESTION4 -1 -2.818e+04 8.447e+01 1.267e+02
|                    ( - -2.582e+04 3 0)
|                    ( - -2.277e+03 1 0))
|                ( SILENCE -1 -8.317e+03 9.780e+01 3.926e+01
|                    ( - -3.759e+03 1 0)
|                    ( - -4.460e+03 2 0))))))
s>    ( QUESTION19 -1 -5.160e+04 1.817e+02 2.340e+02
s>        ( - -6.451e+03 1 0)
s>        ( QUESTION6 -1 -4.497e+04 1.810e+02 2.038e+02
s>            ( - -6.045e+03 1 0)
s>            ( QUESTION2_2_L -1 -3.874e+04 1.472e+02 1.749e+02
s>                ( - -1.944e+03 1 0)
s>                ( QUESTION3 -1 -3.665e+04 1.503e+02 1.659e+02
s>                    ( QUESTION4 -1 -2.818e+04 8.447e+01 1.267e+02
s>                        ( - -2.582e+04 3 0)
s>                        ( - -2.277e+03 1 0))
s>                    ( SILENCE -1 -8.317e+03 9.780e+01 3.926e+01
s>                        ( - -3.759e+03 1 0)
s>                        ( - -4.460e+03 2 0))))))INFO: dtree.c(1315): Comp split 11
INFO: dtree.c(1478): Final simple tree
|( QUESTION12 1 -1.381e+04 2.223e+02 5.600e+01
|    ( - -2.559e+02 1 0)
|    ( QUESTION2_0_L -1 -1.334e+04 1.656e+02 5.400e+01
|        ( QUESTION0_3_R 1 -9.495e+03 1.800e+02 3.700e+01
|            ( - -3.196e+02 1 0)
|            ( QUESTION0_1_R 1 -8.996e+03 1.582e+02 3.500e+01
|                ( - -1.364e+03 1 0)
|                ( QUESTION0_0_R 1 -7.473e+03 1.364e+02 3.000e+01
|                    ( QUESTION0_8_R 1 -4.404e+03 1.209e+02 1.700e+01
|                        ( - -3.839e+03 4 0 QUESTION4 1 8.334e+01 1.500e+01)
|                        ( - -4.434e+02 1 0))
|                    ( WDBNDRY_E 0 -2.933e+03 1.183e+02 1.300e+01
|                        ( - -8.536e+02 1 0)
|                        ( - -1.961e+03 1 0)))))
|        ( - -3.674e+03 1 0)))
s>    ( QUESTION12 1 -1.381e+04 2.223e+02 5.600e+01
s>        ( - -2.559e+02 1 0)
s>        ( QUESTION2_0_L -1 -1.334e+04 1.656e+02 5.400e+01
s>            ( QUESTION0_3_R 1 -9.495e+03 1.800e+02 3.700e+01
s>                ( - -3.196e+02 1 0)
s>                ( QUESTION0_1_R 1 -8.996e+03 1.582e+02 3.500e+01
s>                    ( - -1.364e+03 1 0)
s>                    ( QUESTION0_0_R 1 -7.473e+03 1.364e+02 3.000e+01
s>                        ( QUESTION0_8_R 1 -4.404e+03 1.209e+02 1.700e+01
s>                            ( - -3.839e+03 4 0 QUESTION4 1 8.334e+01 1.500e+01)
s>                            ( - -4.434e+02 1 0))
s>                        ( WDBNDRY_E 0 -2.933e+03 1.183e+02 1.300e+01
s>                            ( - -8.536e+02 1 0)
s>                            ( - -1.961e+03 1 0)))))
s>            ( - -3.674e+03 1 0)))INFO: dtree.c(1315): Comp split 12
INFO: dtree.c(1439): stop. leaf nodes are specific
INFO: dtree.c(1478): Final simple tree
|( WDBNDRY_B 0 -6.812e+04 1.988e+02 3.277e+02
|    ( - -1.223e+03 1 0)
|    ( - -6.670e+04 1 0))
s>    ( WDBNDRY_B 0 -6.812e+04 1.988e+02 3.277e+02
s>        ( - -1.223e+03 1 0)
s>        ( - -6.670e+04 1 0))INFO: dtree.c(1315): Comp split 13
INFO: dtree.c(1478): Final simple tree
|( QUESTION2_0_L -1 -1.334e+04 1.656e+02 5.400e+01
|    ( QUESTION0_3_R 1 -9.495e+03 1.800e+02 3.700e+01
|        ( - -3.196e+02 1 0)
|        ( QUESTION0_1_R 1 -8.996e+03 1.582e+02 3.500e+01
|            ( - -1.364e+03 1 0)
|            ( QUESTION0_0_R 1 -7.473e+03 1.364e+02 3.000e+01
|                ( QUESTION0_8_R 1 -4.404e+03 1.209e+02 1.700e+01
|                    ( QUESTION4 1 -3.839e+03 8.334e+01 1.500e+01
|                        ( - -2.622e+03 2 0)
|                        ( - -1.134e+03 2 0))
|                    ( - -4.434e+02 1 0))
|                ( WDBNDRY_E 0 -2.933e+03 1.183e+02 1.300e+01
|                    ( - -8.536e+02 1 0)
|                    ( - -1.961e+03 1 0)))))
|    ( - -3.674e+03 1 0))
s>    ( QUESTION2_0_L -1 -1.334e+04 1.656e+02 5.400e+01
s>        ( QUESTION0_3_R 1 -9.495e+03 1.800e+02 3.700e+01
s>            ( - -3.196e+02 1 0)
s>            ( QUESTION0_1_R 1 -8.996e+03 1.582e+02 3.500e+01
s>                ( - -1.364e+03 1 0)
s>                ( QUESTION0_0_R 1 -7.473e+03 1.364e+02 3.000e+01
s>                    ( QUESTION0_8_R 1 -4.404e+03 1.209e+02 1.700e+01
s>                        ( QUESTION4 1 -3.839e+03 8.334e+01 1.500e+01
s>                            ( - -2.622e+03 2 0)
s>                            ( - -1.134e+03 2 0))
s>                        ( - -4.434e+02 1 0))
s>                    ( WDBNDRY_E 0 -2.933e+03 1.183e+02 1.300e+01
s>                        ( - -8.536e+02 1 0)
s>                        ( - -1.961e+03 1 0)))))
s>        ( - -3.674e+03 1 0))INFO: dtree.c(1315): Comp split 14
INFO: dtree.c(1439): stop. leaf nodes are specific
INFO: dtree.c(1478): Final simple tree
|( QUESTION0 -1 -6.187e+03 1.612e+02 2.799e+01
|    ( QUESTION4 1 -3.363e+03 1.310e+02 1.600e+01
|        ( - -2.271e+03 3 0)
|        ( - -9.613e+02 1 0))
|    ( SILENCE -1 -2.663e+03 1.416e+02 1.199e+01
|        ( - -4.514e+02 1 0)
|        ( - -2.070e+03 1 0)))
s>    ( QUESTION0 -1 -6.187e+03 1.612e+02 2.799e+01
s>        ( QUESTION4 1 -3.363e+03 1.310e+02 1.600e+01
s>            ( - -2.271e+03 3 0)
s>            ( - -9.613e+02 1 0))
s>        ( SILENCE -1 -2.663e+03 1.416e+02 1.199e+01
s>            ( - -4.514e+02 1 0)
s>            ( - -2.070e+03 1 0)))INFO: dtree.c(1315): Comp split 15
INFO: dtree.c(1315): Comp split 16
INFO: dtree.c(1439): stop. leaf nodes are specific
INFO: dtree.c(1478): Final simple tree
|( QUESTION2_2_L -1 -3.874e+04 1.472e+02 1.749e+02
|    ( - -1.944e+03 1 0)
|    ( QUESTION3 -1 -3.665e+04 1.503e+02 1.659e+02
|        ( QUESTION4 -1 -2.818e+04 8.447e+01 1.267e+02
|            ( - -2.582e+04 3 0)
|            ( - -2.277e+03 1 0))
|        ( SILENCE -1 -8.317e+03 9.780e+01 3.926e+01
|            ( - -3.759e+03 1 0)
|            ( - -4.460e+03 2 0))))
s>    ( QUESTION2_2_L -1 -3.874e+04 1.472e+02 1.749e+02
s>        ( - -1.944e+03 1 0)
s>        ( QUESTION3 -1 -3.665e+04 1.503e+02 1.659e+02
s>            ( QUESTION4 -1 -2.818e+04 8.447e+01 1.267e+02
s>                ( - -2.582e+04 3 0)
s>                ( - -2.277e+03 1 0))
s>            ( SILENCE -1 -8.317e+03 9.780e+01 3.926e+01
s>                ( - -3.759e+03 1 0)
s>                ( - -4.460e+03 2 0))))INFO: dtree.c(1439): stop. leaf nodes are specific
INFO: dtree.c(1478): Final simple tree
|( QUESTION6 -1 -1.267e+04 1.700e+02 5.905e+01
|    ( - -6.045e+03 1 0)
|    ( - -6.451e+03 1 0))
s>    ( QUESTION6 -1 -1.267e+04 1.700e+02 5.905e+01
s>        ( - -6.045e+03 1 0)
s>        ( - -6.451e+03 1 0))INFO: dtree.c(1315): Comp split 17
INFO: dtree.c(1439): stop. leaf nodes are specific
INFO: dtree.c(1478): Final simple tree
|( QUESTION0_3_R 1 -1.283e+04 1.640e+02 5.200e+01
|    ( - -3.674e+03 1 0)
|    ( QUESTION0_1_R 1 -8.996e+03 1.582e+02 3.500e+01
|        ( - -1.364e+03 1 0)
|        ( QUESTION0_0_R 1 -7.473e+03 1.364e+02 3.000e+01
|            ( QUESTION0_8_R 1 -4.404e+03 1.209e+02 1.700e+01
|                ( QUESTION4 1 -3.839e+03 8.334e+01 1.500e+01
|                    ( - -2.622e+03 2 0)
|                    ( - -1.134e+03 2 0))
|                ( - -4.434e+02 1 0))
|            ( WDBNDRY_E 0 -2.933e+03 1.183e+02 1.300e+01
|                ( - -8.536e+02 1 0)
|                ( - -1.961e+03 1 0)))))
s>    ( QUESTION0_3_R 1 -1.283e+04 1.640e+02 5.200e+01
s>        ( - -3.674e+03 1 0)
s>        ( QUESTION0_1_R 1 -8.996e+03 1.582e+02 3.500e+01
s>            ( - -1.364e+03 1 0)
s>            ( QUESTION0_0_R 1 -7.473e+03 1.364e+02 3.000e+01
s>                ( QUESTION0_8_R 1 -4.404e+03 1.209e+02 1.700e+01
s>                    ( QUESTION4 1 -3.839e+03 8.334e+01 1.500e+01
s>                        ( - -2.622e+03 2 0)
s>                        ( - -1.134e+03 2 0))
s>                    ( - -4.434e+02 1 0))
s>                ( WDBNDRY_E 0 -2.933e+03 1.183e+02 1.300e+01
s>                    ( - -8.536e+02 1 0)
s>                    ( - -1.961e+03 1 0)))))INFO: dtree.c(1315): Comp split 18
INFO: dtree.c(1315): Comp split 19
INFO: dtree.c(1439): stop. leaf nodes are specific
INFO: dtree.c(1478): Final simple tree
|( QUESTION0_1_R 1 -8.996e+03 1.582e+02 3.500e+01
|    ( - -1.364e+03 1 0)
|    ( QUESTION0_0_R 1 -7.473e+03 1.364e+02 3.000e+01
|        ( QUESTION0_8_R 1 -4.404e+03 1.209e+02 1.700e+01
|            ( QUESTION4 1 -3.839e+03 8.334e+01 1.500e+01
|                ( - -2.622e+03 2 0)
|                ( - -1.134e+03 2 0))
|            ( - -4.434e+02 1 0))
|        ( WDBNDRY_E 0 -2.933e+03 1.183e+02 1.300e+01
|            ( - -8.536e+02 1 0)
|            ( - -1.961e+03 1 0))))
s>    ( QUESTION0_1_R 1 -8.996e+03 1.582e+02 3.500e+01
s>        ( - -1.364e+03 1 0)
s>        ( QUESTION0_0_R 1 -7.473e+03 1.364e+02 3.000e+01
s>            ( QUESTION0_8_R 1 -4.404e+03 1.209e+02 1.700e+01
s>                ( QUESTION4 1 -3.839e+03 8.334e+01 1.500e+01
s>                    ( - -2.622e+03 2 0)
s>                    ( - -1.134e+03 2 0))
s>                ( - -4.434e+02 1 0))
s>            ( WDBNDRY_E 0 -2.933e+03 1.183e+02 1.300e+01
s>                ( - -8.536e+02 1 0)
s>                ( - -1.961e+03 1 0))))INFO: dtree.c(1315): Comp split 20
INFO: dtree.c(1439): stop. leaf nodes are specific
INFO: dtree.c(1478): Final simple tree
|( SILENCE -1 -2.663e+03 1.416e+02 1.199e+01
|    ( - -4.514e+02 1 0)
|    ( - -2.070e+03 1 0))
s>    ( SILENCE -1 -2.663e+03 1.416e+02 1.199e+01
s>        ( - -4.514e+02 1 0)
s>        ( - -2.070e+03 1 0))INFO: dtree.c(1439): stop. leaf nodes are specific
INFO: dtree.c(1478): Final simple tree
|( QUESTION4 1 -3.363e+03 1.310e+02 1.600e+01
|    ( - -2.271e+03 3 0)
|    ( - -9.613e+02 1 0))
s>    ( QUESTION4 1 -3.363e+03 1.310e+02 1.600e+01
s>        ( - -2.271e+03 3 0)
s>        ( - -9.613e+02 1 0))INFO: dtree.c(1315): Comp split 21
INFO: dtree.c(1439): stop. leaf nodes are specific
INFO: dtree.c(1478): Final simple tree
|( QUESTION0_0_R 1 -7.473e+03 1.364e+02 3.000e+01
|    ( QUESTION0_8_R 1 -4.404e+03 1.209e+02 1.700e+01
|        ( QUESTION4 1 -3.839e+03 8.334e+01 1.500e+01
|            ( - -2.622e+03 2 0)
|            ( - -1.134e+03 2 0))
|        ( - -4.434e+02 1 0))
|    ( WDBNDRY_E 0 -2.933e+03 1.183e+02 1.300e+01
|        ( - -8.536e+02 1 0)
|        ( - -1.961e+03 1 0)))
s>    ( QUESTION0_0_R 1 -7.473e+03 1.364e+02 3.000e+01
s>        ( QUESTION0_8_R 1 -4.404e+03 1.209e+02 1.700e+01
s>            ( QUESTION4 1 -3.839e+03 8.334e+01 1.500e+01
s>                ( - -2.622e+03 2 0)
s>                ( - -1.134e+03 2 0))
s>            ( - -4.434e+02 1 0))
s>        ( WDBNDRY_E 0 -2.933e+03 1.183e+02 1.300e+01
s>            ( - -8.536e+02 1 0)
s>            ( - -1.961e+03 1 0)))INFO: dtree.c(1315): Comp split 22
INFO: dtree.c(1439): stop. leaf nodes are specific
INFO: dtree.c(1478): Final simple tree
|( QUESTION4 -1 -2.818e+04 8.447e+01 1.267e+02
|    ( - -2.582e+04 3 0)
|    ( - -2.277e+03 1 0))
s>    ( QUESTION4 -1 -2.818e+04 8.447e+01 1.267e+02
s>        ( - -2.582e+04 3 0)
s>        ( - -2.277e+03 1 0))INFO: dtree.c(1439): stop. leaf nodes are specific
INFO: dtree.c(1478): Final simple tree
|( QUESTION3 -1 -1.040e+04 1.423e+02 4.826e+01
|    ( - -1.944e+03 1 0)
|    ( SILENCE -1 -8.317e+03 9.780e+01 3.926e+01
|        ( - -3.759e+03 1 0)
|        ( - -4.460e+03 2 0)))
s>    ( QUESTION3 -1 -1.040e+04 1.423e+02 4.826e+01
s>        ( - -1.944e+03 1 0)
s>        ( SILENCE -1 -8.317e+03 9.780e+01 3.926e+01
s>            ( - -3.759e+03 1 0)
s>            ( - -4.460e+03 2 0)))INFO: dtree.c(1315): Comp split 23
INFO: dtree.c(1439): stop. leaf nodes are specific
INFO: dtree.c(1478): Final simple tree
|( SILENCE -1 -8.317e+03 9.780e+01 3.926e+01
|    ( - -3.759e+03 1 0)
|    ( - -4.460e+03 2 0))
s>    ( SILENCE -1 -8.317e+03 9.780e+01 3.926e+01
s>        ( - -3.759e+03 1 0)
s>        ( - -4.460e+03 2 0))INFO: dtree.c(1315): Comp split 24
INFO: dtree.c(1315): Comp split 25
INFO: dtree.c(1439): stop. leaf nodes are specific
INFO: dtree.c(1478): Final simple tree
|( QUESTION0_9_R 1 -4.713e+03 1.180e+02 1.900e+01
|    ( - -4.434e+02 1 0)
|    ( SILENCE 1 -4.151e+03 1.105e+02 1.700e+01
|        ( - -8.536e+02 1 0)
|        ( WDBNDRY_E 0 -3.187e+03 9.214e+01 1.300e+01
|            ( - -1.134e+03 2 0)
|            ( - -1.961e+03 1 0))))
s>    ( QUESTION0_9_R 1 -4.713e+03 1.180e+02 1.900e+01
s>        ( - -4.434e+02 1 0)
s>        ( SILENCE 1 -4.151e+03 1.105e+02 1.700e+01
s>            ( - -8.536e+02 1 0)
s>            ( WDBNDRY_E 0 -3.187e+03 9.214e+01 1.300e+01
s>                ( - -1.134e+03 2 0)
s>                ( - -1.961e+03 1 0))))INFO: dtree.c(1315): Comp split 26
INFO: dtree.c(1315): Comp split 27
INFO: dtree.c(1439): stop. leaf nodes are specific
INFO: dtree.c(1478): Final simple tree
|( SILENCE 1 -4.151e+03 1.105e+02 1.700e+01
|    ( - -8.536e+02 1 0)
|    ( WDBNDRY_E 0 -3.187e+03 9.214e+01 1.300e+01
|        ( - -1.134e+03 2 0)
|        ( - -1.961e+03 1 0)))
s>    ( SILENCE 1 -4.151e+03 1.105e+02 1.700e+01
s>        ( - -8.536e+02 1 0)
s>        ( WDBNDRY_E 0 -3.187e+03 9.214e+01 1.300e+01
s>            ( - -1.134e+03 2 0)
s>            ( - -1.961e+03 1 0)))INFO: dtree.c(1315): Comp split 28
INFO: dtree.c(1439): stop. leaf nodes are specific
INFO: dtree.c(1478): Final simple tree
|( WDBNDRY_E 0 -3.187e+03 9.214e+01 1.300e+01
|    ( - -1.134e+03 2 0)
|    ( - -1.961e+03 1 0))
s>    ( WDBNDRY_E 0 -3.187e+03 9.214e+01 1.300e+01
s>        ( - -1.134e+03 2 0)
s>        ( - -1.961e+03 1 0))INFO: dtree.c(1315): Comp split 29
INFO: dtree.c(1315): Comp split 30
INFO: dtree.c(1315): Comp split 31
INFO: dtree.c(1315): Comp split 32
INFO: dtree.c(1318): stop. leaf nodes are specific
Mon Jan 30 07:35:47 2017
