Current configuration:
[NAME]		[DEFLT]	[VALUE]
-allphones	no	no
-cntthresh	0.00001	1.000000e-05
-csplitmax	100	2000
-csplitmin	1	1
-csplitthr	8e-4	0.000000e+00
-example	no	no
-fullvar	no	no
-help		no	no
-meanfn			/Users/benroye/forge/cmusphinx/voiceVim/model_parameters/voiceVim.cd_cont_untied/means
-mixwfn			/Users/benroye/forge/cmusphinx/voiceVim/model_parameters/voiceVim.cd_cont_untied/mixture_weights
-moddeffn		/Users/benroye/forge/cmusphinx/voiceVim/model_architecture/voiceVim.untied.mdef
-mwfloor	1e-4	1.000000e-08
-phone			e
-psetfn			/Users/benroye/forge/cmusphinx/voiceVim/model_architecture/voiceVim.tree_questions
-ssplitmax	5	7
-ssplitmin	1	1
-ssplitthr	8e-4	0.000000e+00
-state			1
-stwt			1.0,0.05,0.0,
-treefn			/Users/benroye/forge/cmusphinx/voiceVim/trees/voiceVim.unpruned/e-1.dtree
-ts2cbfn	.semi.	.cont.
-varfloor	0.00001	1.000000e-05
-varfn			/Users/benroye/forge/cmusphinx/voiceVim/model_parameters/voiceVim.cd_cont_untied/variances

INFO: main.c(223): Reading: /Users/benroye/forge/cmusphinx/voiceVim/model_architecture/voiceVim.untied.mdef
INFO: model_def_io.c(573): Model definition info:
INFO: model_def_io.c(574): 2249 total models defined (39 base, 2210 tri)
INFO: model_def_io.c(575): 8996 total states
INFO: model_def_io.c(576): 6747 total tied states
INFO: model_def_io.c(577): 117 total tied CI states
INFO: model_def_io.c(578): 39 total tied transition matrices
INFO: model_def_io.c(579): 4 max state/model
INFO: model_def_io.c(580): 4 min state/model
INFO: main.c(242): Building trees for [e SIL k b] through [e z s b]
INFO: main.c(269): Covering states |[957 1208]| == 252
INFO: main.c(275): Reading: /Users/benroye/forge/cmusphinx/voiceVim/model_parameters/voiceVim.cd_cont_untied/mixture_weights
INFO: s3mixw_io.c(173): Read /Users/benroye/forge/cmusphinx/voiceVim/model_parameters/voiceVim.cd_cont_untied/mixture_weights [252x1x1 array]
INFO: main.c(311): 84 of 84 models have observation count greater than 0.000010
INFO: main.c(95): nrm stwt: 0.045 0.909 0.045 
INFO: s3gau_io.c(169): Read /Users/benroye/forge/cmusphinx/voiceVim/model_parameters/voiceVim.cd_cont_untied/means [6747x1x1 array]
INFO: s3gau_io.c(169): Read /Users/benroye/forge/cmusphinx/voiceVim/model_parameters/voiceVim.cd_cont_untied/variances [6747x1x1 array]
INFO: main.c(549): Reading: /Users/benroye/forge/cmusphinx/voiceVim/model_architecture/voiceVim.tree_questions
INFO: main.c(588): 174 total simple questions (166 phone; 8 word bndry)
INFO: main.c(590): 40 Left Only questions, and 42 Right Only questions
INFO: dtree.c(1478): Final simple tree
|( WDBNDRY_B 0 -9.707e+05 1.159e+04 4.540e+03
|    ( QUESTION0_10_R 1 -3.962e+05 5.617e+03 1.823e+03
|        ( - -4.286e+04 17 0 QUESTION2_10_L -1 4.870e+02 1.812e+02)
|        ( QUESTION0_2_R 1 -3.477e+05 3.382e+03 1.642e+03
|            ( - -1.127e+05 16 0 QUESTION11 -1 7.868e+02 5.433e+02)
|            ( - -2.316e+05 30 0 QUESTION0_13_R 1 5.606e+02 1.099e+03)))
|    ( QUESTION2_3_L -1 -5.629e+05 5.951e+03 2.717e+03
|        ( - -8.428e+04 3 0 QUESTION0_1_R 1 3.214e+03 4.327e+02)
|        ( QUESTION0_11_R 1 -4.727e+05 5.374e+03 2.284e+03
|            ( QUESTION0_12_R 1 -1.241e+05 5.800e+03 5.812e+02
|                ( - -8.422e+04 4 0 QUESTION0_13_R 1 1.247e+03 4.084e+02)
|                ( - -3.411e+04 1 0))
|            ( QUESTION4 1 -3.432e+05 3.777e+03 1.703e+03
|                ( - -6.213e+04 1 0)
|                ( - -2.773e+05 12 0 QUESTION2_10_L -1 2.997e+03 1.382e+03)))))
s>    ( WDBNDRY_B 0 -9.707e+05 1.159e+04 4.540e+03
s>        ( QUESTION0_10_R 1 -3.962e+05 5.617e+03 1.823e+03
s>            ( - -4.286e+04 17 0 QUESTION2_10_L -1 4.870e+02 1.812e+02)
s>            ( QUESTION0_2_R 1 -3.477e+05 3.382e+03 1.642e+03
s>                ( - -1.127e+05 16 0 QUESTION11 -1 7.868e+02 5.433e+02)
s>                ( - -2.316e+05 30 0 QUESTION0_13_R 1 5.606e+02 1.099e+03)))
s>        ( QUESTION2_3_L -1 -5.629e+05 5.951e+03 2.717e+03
s>            ( - -8.428e+04 3 0 QUESTION0_1_R 1 3.214e+03 4.327e+02)
s>            ( QUESTION0_11_R 1 -4.727e+05 5.374e+03 2.284e+03
s>                ( QUESTION0_12_R 1 -1.241e+05 5.800e+03 5.812e+02
s>                    ( - -8.422e+04 4 0 QUESTION0_13_R 1 1.247e+03 4.084e+02)
s>                    ( - -3.411e+04 1 0))
s>                ( QUESTION4 1 -3.432e+05 3.777e+03 1.703e+03
s>                    ( - -6.213e+04 1 0)
s>                    ( - -2.773e+05 12 0 QUESTION2_10_L -1 2.997e+03 1.382e+03)))))INFO: dtree.c(1315): Comp split 0
INFO: dtree.c(1478): Final simple tree
|( WDBNDRY_B 0 -4.369e+05 6.646e+03 1.996e+03
|    ( QUESTION0_10_R 1 -3.962e+05 5.617e+03 1.823e+03
|        ( QUESTION2_10_L -1 -4.286e+04 4.870e+02 1.812e+02
|            ( - 1.511e+02 1 0)
|            ( - -4.252e+04 16 0 QUESTION16 -1 4.807e+02 1.802e+02))
|        ( QUESTION0_2_R 1 -3.477e+05 3.382e+03 1.642e+03
|            ( QUESTION11 -1 -1.127e+05 7.868e+02 5.433e+02
|                ( - -1.687e+04 1 0)
|                ( - -9.506e+04 15 0 QUESTION2_5_L -1 4.767e+02 4.598e+02))
|            ( QUESTION0_13_R 1 -2.316e+05 5.606e+02 1.099e+03
|                ( - -3.364e+03 3 0 QUESTION1 -1 2.202e+02 1.600e+01)
|                ( QUESTION2_9_L -1 -2.277e+05 5.725e+02 1.083e+03
|                    ( - -2.098e+04 3 0 QUESTION2_10_L -1 2.018e+02 9.244e+01)
|                    ( - -2.061e+05 24 0 QUESTION16 -1 4.383e+02 9.905e+02)))))
|    ( - -3.411e+04 1 0))
s>    ( WDBNDRY_B 0 -4.369e+05 6.646e+03 1.996e+03
s>        ( QUESTION0_10_R 1 -3.962e+05 5.617e+03 1.823e+03
s>            ( QUESTION2_10_L -1 -4.286e+04 4.870e+02 1.812e+02
s>                ( - 1.511e+02 1 0)
s>                ( - -4.252e+04 16 0 QUESTION16 -1 4.807e+02 1.802e+02))
s>            ( QUESTION0_2_R 1 -3.477e+05 3.382e+03 1.642e+03
s>                ( QUESTION11 -1 -1.127e+05 7.868e+02 5.433e+02
s>                    ( - -1.687e+04 1 0)
s>                    ( - -9.506e+04 15 0 QUESTION2_5_L -1 4.767e+02 4.598e+02))
s>                ( QUESTION0_13_R 1 -2.316e+05 5.606e+02 1.099e+03
s>                    ( - -3.364e+03 3 0 QUESTION1 -1 2.202e+02 1.600e+01)
s>                    ( QUESTION2_9_L -1 -2.277e+05 5.725e+02 1.083e+03
s>                        ( - -2.098e+04 3 0 QUESTION2_10_L -1 2.018e+02 9.244e+01)
s>                        ( - -2.061e+05 24 0 QUESTION16 -1 4.383e+02 9.905e+02)))))
s>        ( - -3.411e+04 1 0))INFO: dtree.c(1478): Final simple tree
|( QUESTION2_3_L -1 -5.210e+05 5.766e+03 2.544e+03
|    ( QUESTION0_1_R 1 -8.428e+04 3.214e+03 4.327e+02
|        ( - -2.601e+04 2 0 QUESTION0_2_R 1 4.604e+02 1.287e+02)
|        ( - -5.505e+04 1 0))
|    ( QUESTION2 1 -4.310e+05 4.596e+03 2.111e+03
|        ( QUESTION2_10_L -1 -1.739e+05 2.071e+03 8.902e+02
|            ( - -6.457e+04 1 0)
|            ( - -1.073e+05 4 0 QUESTION2 -1 1.296e+03 5.328e+02))
|        ( QUESTION0_2_R 1 -2.525e+05 3.550e+03 1.221e+03
|            ( - -6.213e+04 1 0)
|            ( QUESTION0_13_R 1 -1.868e+05 2.651e+03 9.003e+02
|                ( - -7.128e+04 3 0 QUESTION0 -1 1.085e+03 3.497e+02)
|                ( QUESTION0_6_R 1 -1.129e+05 1.874e+03 5.506e+02
|                    ( - -4.300e+04 2 0 QUESTION0 -1 5.287e+02 2.209e+02)
|                    ( - -6.801e+04 6 0 QUESTION18 -1 9.688e+02 3.297e+02))))))
s>    ( QUESTION2_3_L -1 -5.210e+05 5.766e+03 2.544e+03
s>        ( QUESTION0_1_R 1 -8.428e+04 3.214e+03 4.327e+02
s>            ( - -2.601e+04 2 0 QUESTION0_2_R 1 4.604e+02 1.287e+02)
s>            ( - -5.505e+04 1 0))
s>        ( QUESTION2 1 -4.310e+05 4.596e+03 2.111e+03
s>            ( QUESTION2_10_L -1 -1.739e+05 2.071e+03 8.902e+02
s>                ( - -6.457e+04 1 0)
s>                ( - -1.073e+05 4 0 QUESTION2 -1 1.296e+03 5.328e+02))
s>            ( QUESTION0_2_R 1 -2.525e+05 3.550e+03 1.221e+03
s>                ( - -6.213e+04 1 0)
s>                ( QUESTION0_13_R 1 -1.868e+05 2.651e+03 9.003e+02
s>                    ( - -7.128e+04 3 0 QUESTION0 -1 1.085e+03 3.497e+02)
s>                    ( QUESTION0_6_R 1 -1.129e+05 1.874e+03 5.506e+02
s>                        ( - -4.300e+04 2 0 QUESTION0 -1 5.287e+02 2.209e+02)
s>                        ( - -6.801e+04 6 0 QUESTION18 -1 9.688e+02 3.297e+02))))))INFO: dtree.c(1315): Comp split 1
INFO: dtree.c(1478): Final simple tree
|( QUESTION2 1 -4.584e+05 4.615e+03 2.240e+03
|    ( QUESTION2_10_L -1 -1.797e+05 2.041e+03 9.193e+02
|        ( - -6.457e+04 1 0)
|        ( QUESTION2 -1 -1.130e+05 1.166e+03 5.620e+02
|            ( - -4.814e+04 1 0)
|            ( - -6.374e+04 4 0 QUESTION5 -1 6.749e+02 3.153e+02)))
|    ( QUESTION0_2_R 1 -2.741e+05 3.674e+03 1.321e+03
|        ( - -6.213e+04 1 0)
|        ( QUESTION0_13_R 1 -2.083e+05 2.838e+03 9.998e+02
|            ( QUESTION0 -1 -7.128e+04 1.085e+03 3.497e+02
|                ( - -2.876e+04 2 0)
|                ( - -4.144e+04 1 0))
|            ( QUESTION0_6_R 1 -1.342e+05 2.144e+03 6.501e+02
|                ( - -4.300e+04 2 0 QUESTION0 -1 5.287e+02 2.209e+02)
|                ( - -8.903e+04 7 0 QUESTION18 -1 9.684e+02 4.292e+02)))))
s>    ( QUESTION2 1 -4.584e+05 4.615e+03 2.240e+03
s>        ( QUESTION2_10_L -1 -1.797e+05 2.041e+03 9.193e+02
s>            ( - -6.457e+04 1 0)
s>            ( QUESTION2 -1 -1.130e+05 1.166e+03 5.620e+02
s>                ( - -4.814e+04 1 0)
s>                ( - -6.374e+04 4 0 QUESTION5 -1 6.749e+02 3.153e+02)))
s>        ( QUESTION0_2_R 1 -2.741e+05 3.674e+03 1.321e+03
s>            ( - -6.213e+04 1 0)
s>            ( QUESTION0_13_R 1 -2.083e+05 2.838e+03 9.998e+02
s>                ( QUESTION0 -1 -7.128e+04 1.085e+03 3.497e+02
s>                    ( - -2.876e+04 2 0)
s>                    ( - -4.144e+04 1 0))
s>                ( QUESTION0_6_R 1 -1.342e+05 2.144e+03 6.501e+02
s>                    ( - -4.300e+04 2 0 QUESTION0 -1 5.287e+02 2.209e+02)
s>                    ( - -8.903e+04 7 0 QUESTION18 -1 9.684e+02 4.292e+02)))))INFO: dtree.c(1315): Comp split 2
INFO: dtree.c(1478): Final simple tree
|( QUESTION0_2_R 1 -3.438e+05 3.412e+03 1.626e+03
|    ( QUESTION11 -1 -1.127e+05 7.868e+02 5.433e+02
|        ( - -1.687e+04 1 0)
|        ( QUESTION2_5_L -1 -9.506e+04 4.767e+02 4.598e+02
|            ( - 2.418e+02 1 0)
|            ( QUESTION15 -1 -9.483e+04 4.543e+02 4.588e+02
|                ( - 1.488e+02 1 0)
|                ( - -9.452e+04 13 0 QUESTION5 -1 2.760e+02 4.578e+02))))
|    ( QUESTION2_9_L -1 -2.277e+05 5.725e+02 1.083e+03
|        ( - -2.098e+04 3 0 QUESTION2_10_L -1 2.018e+02 9.244e+01)
|        ( QUESTION16 -1 -2.061e+05 4.383e+02 9.905e+02
|            ( - 1.365e+02 1 0)
|            ( QUESTION4 -1 -2.058e+05 4.195e+02 9.895e+02
|                ( - -1.594e+05 10 0 QUESTION0_1_R 1 2.626e+02 7.756e+02)
|                ( - -4.597e+04 13 0 SILENCE -1 3.093e+02 2.138e+02)))))
s>    ( QUESTION0_2_R 1 -3.438e+05 3.412e+03 1.626e+03
s>        ( QUESTION11 -1 -1.127e+05 7.868e+02 5.433e+02
s>            ( - -1.687e+04 1 0)
s>            ( QUESTION2_5_L -1 -9.506e+04 4.767e+02 4.598e+02
s>                ( - 2.418e+02 1 0)
s>                ( QUESTION15 -1 -9.483e+04 4.543e+02 4.588e+02
s>                    ( - 1.488e+02 1 0)
s>                    ( - -9.452e+04 13 0 QUESTION5 -1 2.760e+02 4.578e+02))))
s>        ( QUESTION2_9_L -1 -2.277e+05 5.725e+02 1.083e+03
s>            ( - -2.098e+04 3 0 QUESTION2_10_L -1 2.018e+02 9.244e+01)
s>            ( QUESTION16 -1 -2.061e+05 4.383e+02 9.905e+02
s>                ( - 1.365e+02 1 0)
s>                ( QUESTION4 -1 -2.058e+05 4.195e+02 9.895e+02
s>                    ( - -1.594e+05 10 0 QUESTION0_1_R 1 2.626e+02 7.756e+02)
s>                    ( - -4.597e+04 13 0 SILENCE -1 3.093e+02 2.138e+02)))))INFO: dtree.c(1478): Final simple tree
|( WDBNDRY_B 0 -8.570e+04 4.859e+03 3.700e+02
|    ( QUESTION0_10_R 1 -4.673e+04 5.066e+02 1.972e+02
|        ( QUESTION2_10_L -1 -4.286e+04 4.870e+02 1.812e+02
|            ( - 1.511e+02 1 0)
|            ( QUESTION16 -1 -4.252e+04 4.807e+02 1.802e+02
|                ( - 1.793e+02 1 0)
|                ( QUESTION6 -1 -4.222e+04 4.724e+02 1.792e+02
|                    ( - 2.181e+02 1 0)
|                    ( QUESTION2_3_L -1 -4.197e+04 4.730e+02 1.782e+02
|                        ( - -4.013e+03 1 0)
|                        ( - -3.748e+04 13 0 QUESTION2 -1 1.978e+02 1.602e+02)))))
|        ( QUESTION1 -1 -3.364e+03 2.202e+02 1.600e+01
|            ( - -1.311e+03 1 0)
|            ( - -1.833e+03 2 0 SILENCE -1 1.467e+02 9.000e+00)))
|    ( - -3.411e+04 1 0))
s>    ( WDBNDRY_B 0 -8.570e+04 4.859e+03 3.700e+02
s>        ( QUESTION0_10_R 1 -4.673e+04 5.066e+02 1.972e+02
s>            ( QUESTION2_10_L -1 -4.286e+04 4.870e+02 1.812e+02
s>                ( - 1.511e+02 1 0)
s>                ( QUESTION16 -1 -4.252e+04 4.807e+02 1.802e+02
s>                    ( - 1.793e+02 1 0)
s>                    ( QUESTION6 -1 -4.222e+04 4.724e+02 1.792e+02
s>                        ( - 2.181e+02 1 0)
s>                        ( QUESTION2_3_L -1 -4.197e+04 4.730e+02 1.782e+02
s>                            ( - -4.013e+03 1 0)
s>                            ( - -3.748e+04 13 0 QUESTION2 -1 1.978e+02 1.602e+02)))))
s>            ( QUESTION1 -1 -3.364e+03 2.202e+02 1.600e+01
s>                ( - -1.311e+03 1 0)
s>                ( - -1.833e+03 2 0 SILENCE -1 1.467e+02 9.000e+00)))
s>        ( - -3.411e+04 1 0))INFO: dtree.c(1315): Comp split 3
INFO: dtree.c(1478): Final simple tree
|( QUESTION0_10_R 1 -4.673e+04 5.066e+02 1.972e+02
|    ( QUESTION2_10_L -1 -4.286e+04 4.870e+02 1.812e+02
|        ( - 1.511e+02 1 0)
|        ( QUESTION16 -1 -4.252e+04 4.807e+02 1.802e+02
|            ( - 1.793e+02 1 0)
|            ( QUESTION6 -1 -4.222e+04 4.724e+02 1.792e+02
|                ( - 2.181e+02 1 0)
|                ( QUESTION2_3_L -1 -4.197e+04 4.730e+02 1.782e+02
|                    ( - -4.013e+03 1 0)
|                    ( QUESTION2 -1 -3.748e+04 1.978e+02 1.602e+02
|                        ( - -1.375e+04 3 0)
|                        ( - -2.354e+04 10 0 QUESTION2_2_L -1 1.435e+02 9.937e+01))))))
|    ( QUESTION1 -1 -3.364e+03 2.202e+02 1.600e+01
|        ( - -1.311e+03 1 0)
|        ( - -1.833e+03 2 0 SILENCE -1 1.467e+02 9.000e+00)))
s>    ( QUESTION0_10_R 1 -4.673e+04 5.066e+02 1.972e+02
s>        ( QUESTION2_10_L -1 -4.286e+04 4.870e+02 1.812e+02
s>            ( - 1.511e+02 1 0)
s>            ( QUESTION16 -1 -4.252e+04 4.807e+02 1.802e+02
s>                ( - 1.793e+02 1 0)
s>                ( QUESTION6 -1 -4.222e+04 4.724e+02 1.792e+02
s>                    ( - 2.181e+02 1 0)
s>                    ( QUESTION2_3_L -1 -4.197e+04 4.730e+02 1.782e+02
s>                        ( - -4.013e+03 1 0)
s>                        ( QUESTION2 -1 -3.748e+04 1.978e+02 1.602e+02
s>                            ( - -1.375e+04 3 0)
s>                            ( - -2.354e+04 10 0 QUESTION2_2_L -1 1.435e+02 9.937e+01))))))
s>        ( QUESTION1 -1 -3.364e+03 2.202e+02 1.600e+01
s>            ( - -1.311e+03 1 0)
s>            ( - -1.833e+03 2 0 SILENCE -1 1.467e+02 9.000e+00)))INFO: dtree.c(1315): Comp split 4
INFO: dtree.c(1478): Final simple tree
|( QUESTION2_10_L -1 -3.398e+05 3.688e+03 1.636e+03
|    ( - -6.213e+04 1 0)
|    ( QUESTION0_13_R 1 -2.740e+05 3.202e+03 1.315e+03
|        ( QUESTION0 -1 -7.128e+04 1.085e+03 3.497e+02
|            ( - -2.876e+04 2 0)
|            ( - -4.144e+04 1 0))
|        ( QUESTION2_9_L -1 -1.995e+05 1.992e+03 9.655e+02
|            ( QUESTION0 1 -9.506e+04 1.500e+03 4.719e+02
|                ( - -5.883e+04 4 0 QUESTION0_2_R 1 6.778e+02 2.919e+02)
|                ( - -3.473e+04 1 0))
|            ( QUESTION18 -1 -1.025e+05 9.592e+02 4.936e+02
|                ( - -3.869e+03 1 0)
|                ( QUESTION1 -1 -9.766e+04 9.524e+02 4.762e+02
|                    ( - -1.635e+04 2 0 QUESTION0_2_R 1 4.176e+02 8.110e+01)
|                    ( - -8.036e+04 5 0 QUESTION2_2_L -1 7.926e+02 3.951e+02))))))
s>    ( QUESTION2_10_L -1 -3.398e+05 3.688e+03 1.636e+03
s>        ( - -6.213e+04 1 0)
s>        ( QUESTION0_13_R 1 -2.740e+05 3.202e+03 1.315e+03
s>            ( QUESTION0 -1 -7.128e+04 1.085e+03 3.497e+02
s>                ( - -2.876e+04 2 0)
s>                ( - -4.144e+04 1 0))
s>            ( QUESTION2_9_L -1 -1.995e+05 1.992e+03 9.655e+02
s>                ( QUESTION0 1 -9.506e+04 1.500e+03 4.719e+02
s>                    ( - -5.883e+04 4 0 QUESTION0_2_R 1 6.778e+02 2.919e+02)
s>                    ( - -3.473e+04 1 0))
s>                ( QUESTION18 -1 -1.025e+05 9.592e+02 4.936e+02
s>                    ( - -3.869e+03 1 0)
s>                    ( QUESTION1 -1 -9.766e+04 9.524e+02 4.762e+02
s>                        ( - -1.635e+04 2 0 QUESTION0_2_R 1 4.176e+02 8.110e+01)
s>                        ( - -8.036e+04 5 0 QUESTION2_2_L -1 7.926e+02 3.951e+02))))))INFO: dtree.c(1439): stop. leaf nodes are specific
INFO: dtree.c(1478): Final simple tree
|( QUESTION0 -1 -1.138e+05 1.085e+03 6.040e+02
|    ( - -4.814e+04 1 0)
|    ( - -6.457e+04 1 0))
s>    ( QUESTION0 -1 -1.138e+05 1.085e+03 6.040e+02
s>        ( - -4.814e+04 1 0)
s>        ( - -6.457e+04 1 0))INFO: dtree.c(1315): Comp split 5
INFO: dtree.c(1478): Final simple tree
|( QUESTION0_13_R 1 -2.740e+05 3.202e+03 1.315e+03
|    ( QUESTION0 -1 -7.128e+04 1.085e+03 3.497e+02
|        ( - -2.876e+04 2 0)
|        ( - -4.144e+04 1 0))
|    ( QUESTION2_9_L -1 -1.995e+05 1.992e+03 9.655e+02
|        ( QUESTION0 1 -9.506e+04 1.500e+03 4.719e+02
|            ( - -5.883e+04 4 0 QUESTION0_2_R 1 6.778e+02 2.919e+02)
|            ( - -3.473e+04 1 0))
|        ( QUESTION18 -1 -1.025e+05 9.592e+02 4.936e+02
|            ( - -3.869e+03 1 0)
|            ( QUESTION1 -1 -9.766e+04 9.524e+02 4.762e+02
|                ( - -1.635e+04 2 0 QUESTION0_2_R 1 4.176e+02 8.110e+01)
|                ( QUESTION2_2_L -1 -8.036e+04 7.926e+02 3.951e+02
|                    ( - -2.601e+04 2 0 QUESTION0_2_R 1 4.604e+02 1.287e+02)
|                    ( - -5.355e+04 3 0 QUESTION0 -1 5.738e+02 2.665e+02))))))
s>    ( QUESTION0_13_R 1 -2.740e+05 3.202e+03 1.315e+03
s>        ( QUESTION0 -1 -7.128e+04 1.085e+03 3.497e+02
s>            ( - -2.876e+04 2 0)
s>            ( - -4.144e+04 1 0))
s>        ( QUESTION2_9_L -1 -1.995e+05 1.992e+03 9.655e+02
s>            ( QUESTION0 1 -9.506e+04 1.500e+03 4.719e+02
s>                ( - -5.883e+04 4 0 QUESTION0_2_R 1 6.778e+02 2.919e+02)
s>                ( - -3.473e+04 1 0))
s>            ( QUESTION18 -1 -1.025e+05 9.592e+02 4.936e+02
s>                ( - -3.869e+03 1 0)
s>                ( QUESTION1 -1 -9.766e+04 9.524e+02 4.762e+02
s>                    ( - -1.635e+04 2 0 QUESTION0_2_R 1 4.176e+02 8.110e+01)
s>                    ( QUESTION2_2_L -1 -8.036e+04 7.926e+02 3.951e+02
s>                        ( - -2.601e+04 2 0 QUESTION0_2_R 1 4.604e+02 1.287e+02)
s>                        ( - -5.355e+04 3 0 QUESTION0 -1 5.738e+02 2.665e+02))))))INFO: dtree.c(1315): Comp split 6
INFO: dtree.c(1478): Final simple tree
|( QUESTION2_9_L -1 -2.277e+05 5.725e+02 1.083e+03
|    ( - -2.098e+04 3 0 QUESTION2_10_L -1 2.018e+02 9.244e+01)
|    ( QUESTION16 -1 -2.061e+05 4.383e+02 9.905e+02
|        ( - 1.365e+02 1 0)
|        ( QUESTION4 -1 -2.058e+05 4.195e+02 9.895e+02
|            ( QUESTION0_1_R 1 -1.594e+05 2.626e+02 7.756e+02
|                ( QUESTION2_0_L -1 -1.345e+05 2.156e+02 6.585e+02
|                    ( - -9.566e+03 1 0)
|                    ( - -1.247e+05 4 0))
|                ( - -2.466e+04 5 0 QUESTION2_0_L -1 1.164e+02 1.172e+02))
|            ( SILENCE -1 -4.597e+04 3.093e+02 2.138e+02
|                ( - -1.244e+04 2 0 QUESTION0_1_R 1 1.426e+02 6.100e+01)
|                ( QUESTION19 -1 -3.321e+04 2.665e+02 1.528e+02
|                    ( - -9.594e+03 2 0 QUESTION0_1_R 1 1.166e+02 4.756e+01)
|                    ( - -2.335e+04 9 0 QUESTION13 -1 1.726e+02 1.053e+02))))))
s>    ( QUESTION2_9_L -1 -2.277e+05 5.725e+02 1.083e+03
s>        ( - -2.098e+04 3 0 QUESTION2_10_L -1 2.018e+02 9.244e+01)
s>        ( QUESTION16 -1 -2.061e+05 4.383e+02 9.905e+02
s>            ( - 1.365e+02 1 0)
s>            ( QUESTION4 -1 -2.058e+05 4.195e+02 9.895e+02
s>                ( QUESTION0_1_R 1 -1.594e+05 2.626e+02 7.756e+02
s>                    ( QUESTION2_0_L -1 -1.345e+05 2.156e+02 6.585e+02
s>                        ( - -9.566e+03 1 0)
s>                        ( - -1.247e+05 4 0))
s>                    ( - -2.466e+04 5 0 QUESTION2_0_L -1 1.164e+02 1.172e+02))
s>                ( SILENCE -1 -4.597e+04 3.093e+02 2.138e+02
s>                    ( - -1.244e+04 2 0 QUESTION0_1_R 1 1.426e+02 6.100e+01)
s>                    ( QUESTION19 -1 -3.321e+04 2.665e+02 1.528e+02
s>                        ( - -9.594e+03 2 0 QUESTION0_1_R 1 1.166e+02 4.756e+01)
s>                        ( - -2.335e+04 9 0 QUESTION13 -1 1.726e+02 1.053e+02))))))INFO: dtree.c(1478): Final simple tree
|( QUESTION11 -1 -1.127e+05 7.868e+02 5.433e+02
|    ( - -1.687e+04 1 0)
|    ( QUESTION2_5_L -1 -9.506e+04 4.767e+02 4.598e+02
|        ( - 2.418e+02 1 0)
|        ( QUESTION15 -1 -9.483e+04 4.543e+02 4.588e+02
|            ( - 1.488e+02 1 0)
|            ( QUESTION5 -1 -9.452e+04 2.760e+02 4.578e+02
|                ( QUESTION13 -1 -1.428e+04 1.685e+02 7.238e+01
|                    ( - -6.040e+02 1 0)
|                    ( - -1.351e+04 2 0 QUESTION19 -1 1.446e+02 6.838e+01))
|                ( QUESTION2_19_L -1 -7.996e+04 2.672e+02 3.854e+02
|                    ( - -2.190e+04 4 0)
|                    ( QUESTION0 -1 -5.780e+04 2.351e+02 2.821e+02
|                        ( - -4.951e+04 4 0 QUESTION1 -1 1.087e+02 2.441e+02)
|                        ( - -8.054e+03 2 0 SILENCE -1 1.631e+02 3.800e+01)))))))
s>    ( QUESTION11 -1 -1.127e+05 7.868e+02 5.433e+02
s>        ( - -1.687e+04 1 0)
s>        ( QUESTION2_5_L -1 -9.506e+04 4.767e+02 4.598e+02
s>            ( - 2.418e+02 1 0)
s>            ( QUESTION15 -1 -9.483e+04 4.543e+02 4.588e+02
s>                ( - 1.488e+02 1 0)
s>                ( QUESTION5 -1 -9.452e+04 2.760e+02 4.578e+02
s>                    ( QUESTION13 -1 -1.428e+04 1.685e+02 7.238e+01
s>                        ( - -6.040e+02 1 0)
s>                        ( - -1.351e+04 2 0 QUESTION19 -1 1.446e+02 6.838e+01))
s>                    ( QUESTION2_19_L -1 -7.996e+04 2.672e+02 3.854e+02
s>                        ( - -2.190e+04 4 0)
s>                        ( QUESTION0 -1 -5.780e+04 2.351e+02 2.821e+02
s>                            ( - -4.951e+04 4 0 QUESTION1 -1 1.087e+02 2.441e+02)
s>                            ( - -8.054e+03 2 0 SILENCE -1 1.631e+02 3.800e+01)))))))INFO: dtree.c(1315): Comp split 7
INFO: dtree.c(1439): stop. leaf nodes are specific
INFO: dtree.c(1478): Final simple tree
|( QUESTION0 -1 -7.128e+04 1.085e+03 3.497e+02
|    ( - -2.876e+04 2 0)
|    ( - -4.144e+04 1 0))
s>    ( QUESTION0 -1 -7.128e+04 1.085e+03 3.497e+02
s>        ( - -2.876e+04 2 0)
s>        ( - -4.144e+04 1 0))INFO: dtree.c(1478): Final simple tree
|( QUESTION2_9_L -1 -1.995e+05 1.992e+03 9.655e+02
|    ( QUESTION0 1 -9.506e+04 1.500e+03 4.719e+02
|        ( QUESTION0_2_R 1 -5.883e+04 6.778e+02 2.919e+02
|            ( - -4.753e+04 1 0)
|            ( - -1.062e+04 3 0 QUESTION4 -1 2.081e+02 5.285e+01))
|        ( - -3.473e+04 1 0))
|    ( QUESTION18 -1 -1.025e+05 9.592e+02 4.936e+02
|        ( - -3.869e+03 1 0)
|        ( QUESTION1 -1 -9.766e+04 9.524e+02 4.762e+02
|            ( - -1.635e+04 2 0 QUESTION0_2_R 1 4.176e+02 8.110e+01)
|            ( QUESTION2_2_L -1 -8.036e+04 7.926e+02 3.951e+02
|                ( - -2.601e+04 2 0 QUESTION0_2_R 1 4.604e+02 1.287e+02)
|                ( QUESTION0 -1 -5.355e+04 5.738e+02 2.665e+02
|                    ( - -2.196e+04 2 0 QUESTION0_1_R 1 3.931e+02 1.082e+02)
|                    ( - -3.102e+04 1 0))))))
s>    ( QUESTION2_9_L -1 -1.995e+05 1.992e+03 9.655e+02
s>        ( QUESTION0 1 -9.506e+04 1.500e+03 4.719e+02
s>            ( QUESTION0_2_R 1 -5.883e+04 6.778e+02 2.919e+02
s>                ( - -4.753e+04 1 0)
s>                ( - -1.062e+04 3 0 QUESTION4 -1 2.081e+02 5.285e+01))
s>            ( - -3.473e+04 1 0))
s>        ( QUESTION18 -1 -1.025e+05 9.592e+02 4.936e+02
s>            ( - -3.869e+03 1 0)
s>            ( QUESTION1 -1 -9.766e+04 9.524e+02 4.762e+02
s>                ( - -1.635e+04 2 0 QUESTION0_2_R 1 4.176e+02 8.110e+01)
s>                ( QUESTION2_2_L -1 -8.036e+04 7.926e+02 3.951e+02
s>                    ( - -2.601e+04 2 0 QUESTION0_2_R 1 4.604e+02 1.287e+02)
s>                    ( QUESTION0 -1 -5.355e+04 5.738e+02 2.665e+02
s>                        ( - -2.196e+04 2 0 QUESTION0_1_R 1 3.931e+02 1.082e+02)
s>                        ( - -3.102e+04 1 0))))))INFO: dtree.c(1315): Comp split 8
INFO: dtree.c(1439): stop. leaf nodes are specific
INFO: dtree.c(1478): Final simple tree
|( QUESTION0_2_R 1 -1.010e+05 1.655e+03 5.001e+02
|    ( QUESTION0 -1 -5.634e+04 6.186e+02 2.792e+02
|        ( - -8.192e+03 1 0)
|        ( - -4.753e+04 1 0))
|    ( QUESTION0 -1 -4.300e+04 5.287e+02 2.209e+02
|        ( - -7.739e+03 1 0)
|        ( - -3.473e+04 1 0)))
s>    ( QUESTION0_2_R 1 -1.010e+05 1.655e+03 5.001e+02
s>        ( QUESTION0 -1 -5.634e+04 6.186e+02 2.792e+02
s>            ( - -8.192e+03 1 0)
s>            ( - -4.753e+04 1 0))
s>        ( QUESTION0 -1 -4.300e+04 5.287e+02 2.209e+02
s>            ( - -7.739e+03 1 0)
s>            ( - -3.473e+04 1 0)))INFO: dtree.c(1478): Final simple tree
|( QUESTION18 -1 -9.629e+04 9.796e+02 4.653e+02
|    ( - -3.869e+03 1 0)
|    ( QUESTION2_3_L -1 -9.144e+04 7.757e+02 4.480e+02
|        ( QUESTION0_2_R 1 -2.601e+04 4.604e+02 1.287e+02
|            ( - -5.235e+03 1 0)
|            ( - -2.031e+04 1 0))
|        ( QUESTION0 -1 -6.465e+04 5.743e+02 3.193e+02
|            ( QUESTION0_1_R 1 -2.196e+04 3.931e+02 1.082e+02
|                ( - -9.880e+03 1 0)
|                ( - -1.169e+04 1 0))
|            ( QUESTION0_4_R 1 -4.212e+04 4.817e+02 2.111e+02
|                ( - -3.102e+04 1 0)
|                ( QUESTION4 -1 -1.062e+04 2.081e+02 5.285e+01
|                    ( - -3.274e+03 2 0 QUESTION0_1_R 1 1.604e+02 1.700e+01)
|                    ( - -7.135e+03 1 0))))))
s>    ( QUESTION18 -1 -9.629e+04 9.796e+02 4.653e+02
s>        ( - -3.869e+03 1 0)
s>        ( QUESTION2_3_L -1 -9.144e+04 7.757e+02 4.480e+02
s>            ( QUESTION0_2_R 1 -2.601e+04 4.604e+02 1.287e+02
s>                ( - -5.235e+03 1 0)
s>                ( - -2.031e+04 1 0))
s>            ( QUESTION0 -1 -6.465e+04 5.743e+02 3.193e+02
s>                ( QUESTION0_1_R 1 -2.196e+04 3.931e+02 1.082e+02
s>                    ( - -9.880e+03 1 0)
s>                    ( - -1.169e+04 1 0))
s>                ( QUESTION0_4_R 1 -4.212e+04 4.817e+02 2.111e+02
s>                    ( - -3.102e+04 1 0)
s>                    ( QUESTION4 -1 -1.062e+04 2.081e+02 5.285e+01
s>                        ( - -3.274e+03 2 0 QUESTION0_1_R 1 1.604e+02 1.700e+01)
s>                        ( - -7.135e+03 1 0))))))INFO: dtree.c(1315): Comp split 9
INFO: dtree.c(1439): stop. leaf nodes are specific
INFO: dtree.c(1478): Final simple tree
|( QUESTION0 -1 -4.300e+04 5.287e+02 2.209e+02
|    ( - -7.739e+03 1 0)
|    ( - -3.473e+04 1 0))
s>    ( QUESTION0 -1 -4.300e+04 5.287e+02 2.209e+02
s>        ( - -7.739e+03 1 0)
s>        ( - -3.473e+04 1 0))INFO: dtree.c(1439): stop. leaf nodes are specific
INFO: dtree.c(1478): Final simple tree
|( QUESTION0 -1 -5.634e+04 6.186e+02 2.792e+02
|    ( - -8.192e+03 1 0)
|    ( - -4.753e+04 1 0))
s>    ( QUESTION0 -1 -5.634e+04 6.186e+02 2.792e+02
s>        ( - -8.192e+03 1 0)
s>        ( - -4.753e+04 1 0))INFO: dtree.c(1315): Comp split 10
INFO: dtree.c(1315): Comp split 11
INFO: dtree.c(1315): Comp split 12
INFO: dtree.c(1478): Final simple tree
|( QUESTION2_3_L -1 -9.144e+04 7.757e+02 4.480e+02
|    ( QUESTION0_2_R 1 -2.601e+04 4.604e+02 1.287e+02
|        ( - -5.235e+03 1 0)
|        ( - -2.031e+04 1 0))
|    ( QUESTION0 -1 -6.465e+04 5.743e+02 3.193e+02
|        ( QUESTION0_1_R 1 -2.196e+04 3.931e+02 1.082e+02
|            ( - -9.880e+03 1 0)
|            ( - -1.169e+04 1 0))
|        ( QUESTION0_4_R 1 -4.212e+04 4.817e+02 2.111e+02
|            ( - -3.102e+04 1 0)
|            ( QUESTION4 -1 -1.062e+04 2.081e+02 5.285e+01
|                ( QUESTION0_1_R 1 -3.274e+03 1.604e+02 1.700e+01
|                    ( - -1.307e+03 1 0)
|                    ( - -1.807e+03 1 0))
|                ( - -7.135e+03 1 0)))))
s>    ( QUESTION2_3_L -1 -9.144e+04 7.757e+02 4.480e+02
s>        ( QUESTION0_2_R 1 -2.601e+04 4.604e+02 1.287e+02
s>            ( - -5.235e+03 1 0)
s>            ( - -2.031e+04 1 0))
s>        ( QUESTION0 -1 -6.465e+04 5.743e+02 3.193e+02
s>            ( QUESTION0_1_R 1 -2.196e+04 3.931e+02 1.082e+02
s>                ( - -9.880e+03 1 0)
s>                ( - -1.169e+04 1 0))
s>            ( QUESTION0_4_R 1 -4.212e+04 4.817e+02 2.111e+02
s>                ( - -3.102e+04 1 0)
s>                ( QUESTION4 -1 -1.062e+04 2.081e+02 5.285e+01
s>                    ( QUESTION0_1_R 1 -3.274e+03 1.604e+02 1.700e+01
s>                        ( - -1.307e+03 1 0)
s>                        ( - -1.807e+03 1 0))
s>                    ( - -7.135e+03 1 0)))))INFO: dtree.c(1315): Comp split 13
INFO: dtree.c(1478): Final simple tree
|( SILENCE -1 -1.819e+05 3.138e+02 8.842e+02
|    ( QUESTION0_1_R 1 -1.244e+04 1.426e+02 6.100e+01
|        ( - -1.006e+04 1 0)
|        ( - -2.235e+03 1 0))
|    ( QUESTION0_1_R 1 -1.691e+05 2.629e+02 8.232e+02
|        ( QUESTION2_2_L -1 -1.427e+05 2.139e+02 6.990e+02
|            ( - -9.566e+03 1 0)
|            ( QUESTION4 -1 -1.329e+05 9.999e+01 6.513e+02
|                ( - -1.247e+05 4 0)
|                ( - -8.070e+03 1 0)))
|        ( QUESTION4 -1 -2.619e+04 1.306e+02 1.242e+02
|            ( QUESTION2_0_L -1 -2.466e+04 1.164e+02 1.172e+02
|                ( - -2.202e+03 1 0)
|                ( - -2.234e+04 4 0))
|            ( - -1.407e+03 1 0))))
s>    ( SILENCE -1 -1.819e+05 3.138e+02 8.842e+02
s>        ( QUESTION0_1_R 1 -1.244e+04 1.426e+02 6.100e+01
s>            ( - -1.006e+04 1 0)
s>            ( - -2.235e+03 1 0))
s>        ( QUESTION0_1_R 1 -1.691e+05 2.629e+02 8.232e+02
s>            ( QUESTION2_2_L -1 -1.427e+05 2.139e+02 6.990e+02
s>                ( - -9.566e+03 1 0)
s>                ( QUESTION4 -1 -1.329e+05 9.999e+01 6.513e+02
s>                    ( - -1.247e+05 4 0)
s>                    ( - -8.070e+03 1 0)))
s>            ( QUESTION4 -1 -2.619e+04 1.306e+02 1.242e+02
s>                ( QUESTION2_0_L -1 -2.466e+04 1.164e+02 1.172e+02
s>                    ( - -2.202e+03 1 0)
s>                    ( - -2.234e+04 4 0))
s>                ( - -1.407e+03 1 0))))INFO: dtree.c(1478): Final simple tree
|( QUESTION16 -1 -4.488e+04 4.389e+02 1.987e+02
|    ( - 1.365e+02 1 0)
|    ( QUESTION4 -1 -4.458e+04 2.491e+02 1.977e+02
|        ( QUESTION2_10_L -1 -2.098e+04 2.018e+02 9.244e+01
|            ( - -6.773e+03 1 0)
|            ( - -1.400e+04 2 0))
|        ( QUESTION13 -1 -2.335e+04 1.726e+02 1.053e+02
|            ( - -1.028e+04 1 0)
|            ( QUESTION10 -1 -1.290e+04 1.460e+02 5.596e+01
|                ( QUESTION0_1_R 1 -6.445e+03 1.524e+02 2.996e+01
|                    ( - -2.946e+03 1 0)
|                    ( - -3.347e+03 1 0))
|                ( QUESTION0_1_R 1 -6.312e+03 1.403e+02 2.600e+01
|                    ( - -1.066e+03 2 0 QUESTION1 -1 4.863e+02 5.000e+00)
|                    ( - -5.106e+03 4 0 QUESTION2 -1 1.687e+02 2.100e+01))))))
s>    ( QUESTION16 -1 -4.488e+04 4.389e+02 1.987e+02
s>        ( - 1.365e+02 1 0)
s>        ( QUESTION4 -1 -4.458e+04 2.491e+02 1.977e+02
s>            ( QUESTION2_10_L -1 -2.098e+04 2.018e+02 9.244e+01
s>                ( - -6.773e+03 1 0)
s>                ( - -1.400e+04 2 0))
s>            ( QUESTION13 -1 -2.335e+04 1.726e+02 1.053e+02
s>                ( - -1.028e+04 1 0)
s>                ( QUESTION10 -1 -1.290e+04 1.460e+02 5.596e+01
s>                    ( QUESTION0_1_R 1 -6.445e+03 1.524e+02 2.996e+01
s>                        ( - -2.946e+03 1 0)
s>                        ( - -3.347e+03 1 0))
s>                    ( QUESTION0_1_R 1 -6.312e+03 1.403e+02 2.600e+01
s>                        ( - -1.066e+03 2 0 QUESTION1 -1 4.863e+02 5.000e+00)
s>                        ( - -5.106e+03 4 0 QUESTION2 -1 1.687e+02 2.100e+01))))))INFO: dtree.c(1315): Comp split 14
INFO: dtree.c(1439): stop. leaf nodes are specific
INFO: dtree.c(1478): Final simple tree
|( QUESTION11 -1 -1.764e+04 1.698e+02 8.749e+01
|    ( - -1.687e+04 1 0)
|    ( - -6.040e+02 1 0))
s>    ( QUESTION11 -1 -1.764e+04 1.698e+02 8.749e+01
s>        ( - -1.687e+04 1 0)
s>        ( - -6.040e+02 1 0))INFO: dtree.c(1478): Final simple tree
|( QUESTION2_5_L -1 -9.427e+04 4.766e+02 4.558e+02
|    ( - 2.418e+02 1 0)
|    ( QUESTION13 -1 -9.404e+04 4.544e+02 4.548e+02
|        ( - 1.488e+02 1 0)
|        ( QUESTION2_19_L -1 -9.373e+04 2.736e+02 4.538e+02
|            ( - -2.190e+04 4 0)
|            ( QUESTION2_1_L -1 -7.156e+04 2.592e+02 3.505e+02
|                ( QUESTION0 -1 -6.325e+04 2.271e+02 3.125e+02
|                    ( - -4.951e+04 4 0 QUESTION1 -1 1.087e+02 2.441e+02)
|                    ( QUESTION19 -1 -1.351e+04 1.446e+02 6.838e+01
|                        ( - -1.589e+03 1 0)
|                        ( - -1.178e+04 1 0)))
|                ( SILENCE -1 -8.054e+03 1.631e+02 3.800e+01
|                    ( - -5.490e+03 1 0)
|                    ( - -2.401e+03 1 0))))))
s>    ( QUESTION2_5_L -1 -9.427e+04 4.766e+02 4.558e+02
s>        ( - 2.418e+02 1 0)
s>        ( QUESTION13 -1 -9.404e+04 4.544e+02 4.548e+02
s>            ( - 1.488e+02 1 0)
s>            ( QUESTION2_19_L -1 -9.373e+04 2.736e+02 4.538e+02
s>                ( - -2.190e+04 4 0)
s>                ( QUESTION2_1_L -1 -7.156e+04 2.592e+02 3.505e+02
s>                    ( QUESTION0 -1 -6.325e+04 2.271e+02 3.125e+02
s>                        ( - -4.951e+04 4 0 QUESTION1 -1 1.087e+02 2.441e+02)
s>                        ( QUESTION19 -1 -1.351e+04 1.446e+02 6.838e+01
s>                            ( - -1.589e+03 1 0)
s>                            ( - -1.178e+04 1 0)))
s>                    ( SILENCE -1 -8.054e+03 1.631e+02 3.800e+01
s>                        ( - -5.490e+03 1 0)
s>                        ( - -2.401e+03 1 0))))))INFO: dtree.c(1315): Comp split 15
INFO: dtree.c(1439): stop. leaf nodes are specific
INFO: dtree.c(1478): Final simple tree
|( QUESTION0 -1 -6.465e+04 5.743e+02 3.193e+02
|    ( QUESTION0_1_R 1 -2.196e+04 3.931e+02 1.082e+02
|        ( - -9.880e+03 1 0)
|        ( - -1.169e+04 1 0))
|    ( QUESTION0_4_R 1 -4.212e+04 4.817e+02 2.111e+02
|        ( - -3.102e+04 1 0)
|        ( QUESTION4 -1 -1.062e+04 2.081e+02 5.285e+01
|            ( QUESTION0_1_R 1 -3.274e+03 1.604e+02 1.700e+01
|                ( - -1.307e+03 1 0)
|                ( - -1.807e+03 1 0))
|            ( - -7.135e+03 1 0))))
s>    ( QUESTION0 -1 -6.465e+04 5.743e+02 3.193e+02
s>        ( QUESTION0_1_R 1 -2.196e+04 3.931e+02 1.082e+02
s>            ( - -9.880e+03 1 0)
s>            ( - -1.169e+04 1 0))
s>        ( QUESTION0_4_R 1 -4.212e+04 4.817e+02 2.111e+02
s>            ( - -3.102e+04 1 0)
s>            ( QUESTION4 -1 -1.062e+04 2.081e+02 5.285e+01
s>                ( QUESTION0_1_R 1 -3.274e+03 1.604e+02 1.700e+01
s>                    ( - -1.307e+03 1 0)
s>                    ( - -1.807e+03 1 0))
s>                ( - -7.135e+03 1 0))))INFO: dtree.c(1439): stop. leaf nodes are specific
INFO: dtree.c(1478): Final simple tree
|( QUESTION0_2_R 1 -2.601e+04 4.604e+02 1.287e+02
|    ( - -5.235e+03 1 0)
|    ( - -2.031e+04 1 0))
s>    ( QUESTION0_2_R 1 -2.601e+04 4.604e+02 1.287e+02
s>        ( - -5.235e+03 1 0)
s>        ( - -2.031e+04 1 0))INFO: dtree.c(1315): Comp split 16
INFO: dtree.c(1478): Final simple tree
|( QUESTION2_10_L -1 -3.812e+04 4.892e+02 1.622e+02
|    ( - 1.511e+02 1 0)
|    ( QUESTION16 -1 -3.778e+04 4.814e+02 1.612e+02
|        ( - 1.793e+02 1 0)
|        ( QUESTION2 -1 -3.748e+04 1.978e+02 1.602e+02
|            ( - -1.375e+04 3 0)
|            ( QUESTION2_2_L -1 -2.354e+04 1.435e+02 9.937e+01
|                ( - -9.688e+02 1 0)
|                ( QUESTION4 -1 -2.243e+04 1.372e+02 9.537e+01
|                    ( - -1.278e+04 4 0)
|                    ( SILENCE -1 -9.512e+03 1.275e+02 3.940e+01
|                        ( - -1.557e+03 1 0)
|                        ( QUESTION19 -1 -7.827e+03 1.143e+02 3.239e+01
|                            ( - -3.463e+02 1 0)
|                            ( - -7.367e+03 3 0 QUESTION13 -1 9.040e+01 3.039e+01))))))))
s>    ( QUESTION2_10_L -1 -3.812e+04 4.892e+02 1.622e+02
s>        ( - 1.511e+02 1 0)
s>        ( QUESTION16 -1 -3.778e+04 4.814e+02 1.612e+02
s>            ( - 1.793e+02 1 0)
s>            ( QUESTION2 -1 -3.748e+04 1.978e+02 1.602e+02
s>                ( - -1.375e+04 3 0)
s>                ( QUESTION2_2_L -1 -2.354e+04 1.435e+02 9.937e+01
s>                    ( - -9.688e+02 1 0)
s>                    ( QUESTION4 -1 -2.243e+04 1.372e+02 9.537e+01
s>                        ( - -1.278e+04 4 0)
s>                        ( SILENCE -1 -9.512e+03 1.275e+02 3.940e+01
s>                            ( - -1.557e+03 1 0)
s>                            ( QUESTION19 -1 -7.827e+03 1.143e+02 3.239e+01
s>                                ( - -3.463e+02 1 0)
s>                                ( - -7.367e+03 3 0 QUESTION13 -1 9.040e+01 3.039e+01))))))))INFO: dtree.c(1439): stop. leaf nodes are specific
INFO: dtree.c(1478): Final simple tree
|( QUESTION5 -1 -7.929e+03 4.729e+02 3.502e+01
|    ( - 2.181e+02 1 0)
|    ( QUESTION0_10_R 1 -7.675e+03 2.976e+02 3.402e+01
|        ( - -4.013e+03 1 0)
|        ( QUESTION1 -1 -3.364e+03 2.202e+02 1.600e+01
|            ( - -1.311e+03 1 0)
|            ( SILENCE -1 -1.833e+03 1.467e+02 9.000e+00
|                ( - -4.813e+02 1 0)
|                ( - -1.205e+03 1 0)))))
s>    ( QUESTION5 -1 -7.929e+03 4.729e+02 3.502e+01
s>        ( - 2.181e+02 1 0)
s>        ( QUESTION0_10_R 1 -7.675e+03 2.976e+02 3.402e+01
s>            ( - -4.013e+03 1 0)
s>            ( QUESTION1 -1 -3.364e+03 2.202e+02 1.600e+01
s>                ( - -1.311e+03 1 0)
s>                ( SILENCE -1 -1.833e+03 1.467e+02 9.000e+00
s>                    ( - -4.813e+02 1 0)
s>                    ( - -1.205e+03 1 0)))))INFO: dtree.c(1315): Comp split 17
INFO: dtree.c(1315): Comp split 18
INFO: dtree.c(1439): stop. leaf nodes are specific
INFO: dtree.c(1478): Final simple tree
|( QUESTION0_1_R 1 -2.344e+04 3.728e+02 1.152e+02
|    ( QUESTION0_4_R 1 -1.138e+04 1.960e+02 5.655e+01
|        ( - -9.880e+03 1 0)
|        ( - -1.307e+03 1 0))
|    ( - -1.169e+04 1 0))
s>    ( QUESTION0_1_R 1 -2.344e+04 3.728e+02 1.152e+02
s>        ( QUESTION0_4_R 1 -1.138e+04 1.960e+02 5.655e+01
s>            ( - -9.880e+03 1 0)
s>            ( - -1.307e+03 1 0))
s>        ( - -1.169e+04 1 0))INFO: dtree.c(1439): stop. leaf nodes are specific
INFO: dtree.c(1478): Final simple tree
|( QUESTION0_1_R 1 -4.063e+04 4.700e+02 2.041e+02
|    ( - -3.102e+04 1 0)
|    ( QUESTION4 -1 -9.136e+03 1.931e+02 4.585e+01
|        ( - -1.807e+03 1 0)
|        ( - -7.135e+03 1 0)))
s>    ( QUESTION0_1_R 1 -4.063e+04 4.700e+02 2.041e+02
s>        ( - -3.102e+04 1 0)
s>        ( QUESTION4 -1 -9.136e+03 1.931e+02 4.585e+01
s>            ( - -1.807e+03 1 0)
s>            ( - -7.135e+03 1 0)))INFO: dtree.c(1315): Comp split 19
INFO: dtree.c(1315): Comp split 20
INFO: dtree.c(1478): Final simple tree
|( QUESTION16 -1 -3.778e+04 4.814e+02 1.612e+02
|    ( - 1.793e+02 1 0)
|    ( QUESTION2 -1 -3.748e+04 1.978e+02 1.602e+02
|        ( - -1.375e+04 3 0)
|        ( QUESTION2_2_L -1 -2.354e+04 1.435e+02 9.937e+01
|            ( - -9.688e+02 1 0)
|            ( QUESTION4 -1 -2.243e+04 1.372e+02 9.537e+01
|                ( - -1.278e+04 4 0)
|                ( SILENCE -1 -9.512e+03 1.275e+02 3.940e+01
|                    ( - -1.557e+03 1 0)
|                    ( QUESTION19 -1 -7.827e+03 1.143e+02 3.239e+01
|                        ( - -3.463e+02 1 0)
|                        ( QUESTION13 -1 -7.367e+03 9.040e+01 3.039e+01
|                            ( - -4.565e+02 1 0)
|                            ( - -6.820e+03 2 0 QUESTION0 -1 8.433e+01 2.839e+01))))))))
s>    ( QUESTION16 -1 -3.778e+04 4.814e+02 1.612e+02
s>        ( - 1.793e+02 1 0)
s>        ( QUESTION2 -1 -3.748e+04 1.978e+02 1.602e+02
s>            ( - -1.375e+04 3 0)
s>            ( QUESTION2_2_L -1 -2.354e+04 1.435e+02 9.937e+01
s>                ( - -9.688e+02 1 0)
s>                ( QUESTION4 -1 -2.243e+04 1.372e+02 9.537e+01
s>                    ( - -1.278e+04 4 0)
s>                    ( SILENCE -1 -9.512e+03 1.275e+02 3.940e+01
s>                        ( - -1.557e+03 1 0)
s>                        ( QUESTION19 -1 -7.827e+03 1.143e+02 3.239e+01
s>                            ( - -3.463e+02 1 0)
s>                            ( QUESTION13 -1 -7.367e+03 9.040e+01 3.039e+01
s>                                ( - -4.565e+02 1 0)
s>                                ( - -6.820e+03 2 0 QUESTION0 -1 8.433e+01 2.839e+01))))))))INFO: dtree.c(1315): Comp split 21
INFO: dtree.c(1478): Final simple tree
|( QUESTION2 -1 -3.748e+04 1.978e+02 1.602e+02
|    ( - -1.375e+04 3 0)
|    ( QUESTION2_2_L -1 -2.354e+04 1.435e+02 9.937e+01
|        ( - -9.688e+02 1 0)
|        ( QUESTION4 -1 -2.243e+04 1.372e+02 9.537e+01
|            ( - -1.278e+04 4 0)
|            ( SILENCE -1 -9.512e+03 1.275e+02 3.940e+01
|                ( - -1.557e+03 1 0)
|                ( QUESTION19 -1 -7.827e+03 1.143e+02 3.239e+01
|                    ( - -3.463e+02 1 0)
|                    ( QUESTION13 -1 -7.367e+03 9.040e+01 3.039e+01
|                        ( - -4.565e+02 1 0)
|                        ( QUESTION0 -1 -6.820e+03 8.433e+01 2.839e+01
|                            ( - -2.332e+03 1 0)
|                            ( - -4.403e+03 1 0))))))))
s>    ( QUESTION2 -1 -3.748e+04 1.978e+02 1.602e+02
s>        ( - -1.375e+04 3 0)
s>        ( QUESTION2_2_L -1 -2.354e+04 1.435e+02 9.937e+01
s>            ( - -9.688e+02 1 0)
s>            ( QUESTION4 -1 -2.243e+04 1.372e+02 9.537e+01
s>                ( - -1.278e+04 4 0)
s>                ( SILENCE -1 -9.512e+03 1.275e+02 3.940e+01
s>                    ( - -1.557e+03 1 0)
s>                    ( QUESTION19 -1 -7.827e+03 1.143e+02 3.239e+01
s>                        ( - -3.463e+02 1 0)
s>                        ( QUESTION13 -1 -7.367e+03 9.040e+01 3.039e+01
s>                            ( - -4.565e+02 1 0)
s>                            ( QUESTION0 -1 -6.820e+03 8.433e+01 2.839e+01
s>                                ( - -2.332e+03 1 0)
s>                                ( - -4.403e+03 1 0))))))))INFO: dtree.c(1315): Comp split 22
INFO: dtree.c(1478): Final simple tree
|( QUESTION13 -1 -9.404e+04 4.544e+02 4.548e+02
|    ( - 1.488e+02 1 0)
|    ( QUESTION2_19_L -1 -9.373e+04 2.736e+02 4.538e+02
|        ( - -2.190e+04 4 0)
|        ( QUESTION2_1_L -1 -7.156e+04 2.592e+02 3.505e+02
|            ( QUESTION0 -1 -6.325e+04 2.271e+02 3.125e+02
|                ( QUESTION1 -1 -4.951e+04 1.087e+02 2.441e+02
|                    ( - -1.327e+03 1 0)
|                    ( - -4.807e+04 3 0))
|                ( QUESTION19 -1 -1.351e+04 1.446e+02 6.838e+01
|                    ( - -1.589e+03 1 0)
|                    ( - -1.178e+04 1 0)))
|            ( SILENCE -1 -8.054e+03 1.631e+02 3.800e+01
|                ( - -5.490e+03 1 0)
|                ( - -2.401e+03 1 0)))))
s>    ( QUESTION13 -1 -9.404e+04 4.544e+02 4.548e+02
s>        ( - 1.488e+02 1 0)
s>        ( QUESTION2_19_L -1 -9.373e+04 2.736e+02 4.538e+02
s>            ( - -2.190e+04 4 0)
s>            ( QUESTION2_1_L -1 -7.156e+04 2.592e+02 3.505e+02
s>                ( QUESTION0 -1 -6.325e+04 2.271e+02 3.125e+02
s>                    ( QUESTION1 -1 -4.951e+04 1.087e+02 2.441e+02
s>                        ( - -1.327e+03 1 0)
s>                        ( - -4.807e+04 3 0))
s>                    ( QUESTION19 -1 -1.351e+04 1.446e+02 6.838e+01
s>                        ( - -1.589e+03 1 0)
s>                        ( - -1.178e+04 1 0)))
s>                ( SILENCE -1 -8.054e+03 1.631e+02 3.800e+01
s>                    ( - -5.490e+03 1 0)
s>                    ( - -2.401e+03 1 0)))))INFO: dtree.c(1315): Comp split 23
INFO: dtree.c(1439): stop. leaf nodes are specific
INFO: dtree.c(1478): Final simple tree
|( QUESTION0_10_R 1 -7.675e+03 2.976e+02 3.402e+01
|    ( - -4.013e+03 1 0)
|    ( QUESTION1 -1 -3.364e+03 2.202e+02 1.600e+01
|        ( - -1.311e+03 1 0)
|        ( SILENCE -1 -1.833e+03 1.467e+02 9.000e+00
|            ( - -4.813e+02 1 0)
|            ( - -1.205e+03 1 0))))
s>    ( QUESTION0_10_R 1 -7.675e+03 2.976e+02 3.402e+01
s>        ( - -4.013e+03 1 0)
s>        ( QUESTION1 -1 -3.364e+03 2.202e+02 1.600e+01
s>            ( - -1.311e+03 1 0)
s>            ( SILENCE -1 -1.833e+03 1.467e+02 9.000e+00
s>                ( - -4.813e+02 1 0)
s>                ( - -1.205e+03 1 0))))INFO: dtree.c(1315): Comp split 24
INFO: dtree.c(1439): stop. leaf nodes are specific
INFO: dtree.c(1478): Final simple tree
|( QUESTION4 -1 -9.136e+03 1.931e+02 4.585e+01
|    ( - -1.807e+03 1 0)
|    ( - -7.135e+03 1 0))
s>    ( QUESTION4 -1 -9.136e+03 1.931e+02 4.585e+01
s>        ( - -1.807e+03 1 0)
s>        ( - -7.135e+03 1 0))INFO: dtree.c(1315): Comp split 25
INFO: dtree.c(1315): Comp split 26
INFO: dtree.c(1439): stop. leaf nodes are specific
INFO: dtree.c(1478): Final simple tree
|( QUESTION2_19_L -1 -9.373e+04 2.736e+02 4.538e+02
|    ( - -2.190e+04 4 0)
|    ( QUESTION2_1_L -1 -7.156e+04 2.592e+02 3.505e+02
|        ( QUESTION0 -1 -6.325e+04 2.271e+02 3.125e+02
|            ( QUESTION1 -1 -4.951e+04 1.087e+02 2.441e+02
|                ( - -1.327e+03 1 0)
|                ( - -4.807e+04 3 0))
|            ( QUESTION19 -1 -1.351e+04 1.446e+02 6.838e+01
|                ( - -1.589e+03 1 0)
|                ( - -1.178e+04 1 0)))
|        ( SILENCE -1 -8.054e+03 1.631e+02 3.800e+01
|            ( - -5.490e+03 1 0)
|            ( - -2.401e+03 1 0))))
s>    ( QUESTION2_19_L -1 -9.373e+04 2.736e+02 4.538e+02
s>        ( - -2.190e+04 4 0)
s>        ( QUESTION2_1_L -1 -7.156e+04 2.592e+02 3.505e+02
s>            ( QUESTION0 -1 -6.325e+04 2.271e+02 3.125e+02
s>                ( QUESTION1 -1 -4.951e+04 1.087e+02 2.441e+02
s>                    ( - -1.327e+03 1 0)
s>                    ( - -4.807e+04 3 0))
s>                ( QUESTION19 -1 -1.351e+04 1.446e+02 6.838e+01
s>                    ( - -1.589e+03 1 0)
s>                    ( - -1.178e+04 1 0)))
s>            ( SILENCE -1 -8.054e+03 1.631e+02 3.800e+01
s>                ( - -5.490e+03 1 0)
s>                ( - -2.401e+03 1 0))))INFO: dtree.c(1315): Comp split 27
INFO: dtree.c(1478): Final simple tree
|( QUESTION4 -1 -4.458e+04 2.491e+02 1.977e+02
|    ( QUESTION2_10_L -1 -2.098e+04 2.018e+02 9.244e+01
|        ( - -6.773e+03 1 0)
|        ( - -1.400e+04 2 0))
|    ( QUESTION13 -1 -2.335e+04 1.726e+02 1.053e+02
|        ( - -1.028e+04 1 0)
|        ( QUESTION10 -1 -1.290e+04 1.460e+02 5.596e+01
|            ( QUESTION0_1_R 1 -6.445e+03 1.524e+02 2.996e+01
|                ( - -2.946e+03 1 0)
|                ( - -3.347e+03 1 0))
|            ( QUESTION0_1_R 1 -6.312e+03 1.403e+02 2.600e+01
|                ( QUESTION1 -1 -1.066e+03 4.863e+02 5.000e+00
|                    ( - -7.212e+02 1 0)
|                    ( - 1.416e+02 1 0))
|                ( - -5.106e+03 4 0 QUESTION2 -1 1.687e+02 2.100e+01)))))
s>    ( QUESTION4 -1 -4.458e+04 2.491e+02 1.977e+02
s>        ( QUESTION2_10_L -1 -2.098e+04 2.018e+02 9.244e+01
s>            ( - -6.773e+03 1 0)
s>            ( - -1.400e+04 2 0))
s>        ( QUESTION13 -1 -2.335e+04 1.726e+02 1.053e+02
s>            ( - -1.028e+04 1 0)
s>            ( QUESTION10 -1 -1.290e+04 1.460e+02 5.596e+01
s>                ( QUESTION0_1_R 1 -6.445e+03 1.524e+02 2.996e+01
s>                    ( - -2.946e+03 1 0)
s>                    ( - -3.347e+03 1 0))
s>                ( QUESTION0_1_R 1 -6.312e+03 1.403e+02 2.600e+01
s>                    ( QUESTION1 -1 -1.066e+03 4.863e+02 5.000e+00
s>                        ( - -7.212e+02 1 0)
s>                        ( - 1.416e+02 1 0))
s>                    ( - -5.106e+03 4 0 QUESTION2 -1 1.687e+02 2.100e+01)))))INFO: dtree.c(1315): Comp split 28
INFO: dtree.c(1478): Final simple tree
|( QUESTION4 -1 -4.430e+04 2.481e+02 1.967e+02
|    ( QUESTION2_10_L -1 -2.098e+04 2.018e+02 9.244e+01
|        ( - -6.773e+03 1 0)
|        ( - -1.400e+04 2 0))
|    ( QUESTION2 -1 -2.308e+04 2.002e+02 1.043e+02
|        ( - -7.028e+02 1 0)
|        ( QUESTION13 -1 -2.217e+04 1.553e+02 1.003e+02
|            ( - -1.028e+04 1 0)
|            ( QUESTION0_1_R 1 -1.174e+04 1.551e+02 5.096e+01
|                ( QUESTION0 -1 -3.890e+03 2.231e+02 1.800e+01
|                    ( - -7.212e+02 1 0)
|                    ( - -2.946e+03 1 0))
|                ( QUESTION9 -1 -7.695e+03 1.392e+02 3.296e+01
|                    ( - -5.010e+02 1 0)
|                    ( - -7.055e+03 3 0 QUESTION6 -1 1.557e+02 3.096e+01))))))
s>    ( QUESTION4 -1 -4.430e+04 2.481e+02 1.967e+02
s>        ( QUESTION2_10_L -1 -2.098e+04 2.018e+02 9.244e+01
s>            ( - -6.773e+03 1 0)
s>            ( - -1.400e+04 2 0))
s>        ( QUESTION2 -1 -2.308e+04 2.002e+02 1.043e+02
s>            ( - -7.028e+02 1 0)
s>            ( QUESTION13 -1 -2.217e+04 1.553e+02 1.003e+02
s>                ( - -1.028e+04 1 0)
s>                ( QUESTION0_1_R 1 -1.174e+04 1.551e+02 5.096e+01
s>                    ( QUESTION0 -1 -3.890e+03 2.231e+02 1.800e+01
s>                        ( - -7.212e+02 1 0)
s>                        ( - -2.946e+03 1 0))
s>                    ( QUESTION9 -1 -7.695e+03 1.392e+02 3.296e+01
s>                        ( - -5.010e+02 1 0)
s>                        ( - -7.055e+03 3 0 QUESTION6 -1 1.557e+02 3.096e+01))))))INFO: dtree.c(1315): Comp split 29
INFO: dtree.c(1439): stop. leaf nodes are specific
INFO: dtree.c(1478): Final simple tree
|( QUESTION2_2_L -1 -1.427e+05 2.139e+02 6.990e+02
|    ( - -9.566e+03 1 0)
|    ( QUESTION4 -1 -1.329e+05 9.999e+01 6.513e+02
|        ( - -1.247e+05 4 0)
|        ( - -8.070e+03 1 0)))
s>    ( QUESTION2_2_L -1 -1.427e+05 2.139e+02 6.990e+02
s>        ( - -9.566e+03 1 0)
s>        ( QUESTION4 -1 -1.329e+05 9.999e+01 6.513e+02
s>            ( - -1.247e+05 4 0)
s>            ( - -8.070e+03 1 0)))INFO: dtree.c(1439): stop. leaf nodes are specific
INFO: dtree.c(1478): Final simple tree
|( SILENCE -1 -3.883e+04 1.940e+02 1.852e+02
|    ( QUESTION0_1_R 1 -1.244e+04 1.426e+02 6.100e+01
|        ( - -1.006e+04 1 0)
|        ( - -2.235e+03 1 0))
|    ( QUESTION4 -1 -2.619e+04 1.306e+02 1.242e+02
|        ( QUESTION2_0_L -1 -2.466e+04 1.164e+02 1.172e+02
|            ( - -2.202e+03 1 0)
|            ( - -2.234e+04 4 0))
|        ( - -1.407e+03 1 0)))
s>    ( SILENCE -1 -3.883e+04 1.940e+02 1.852e+02
s>        ( QUESTION0_1_R 1 -1.244e+04 1.426e+02 6.100e+01
s>            ( - -1.006e+04 1 0)
s>            ( - -2.235e+03 1 0))
s>        ( QUESTION4 -1 -2.619e+04 1.306e+02 1.242e+02
s>            ( QUESTION2_0_L -1 -2.466e+04 1.164e+02 1.172e+02
s>                ( - -2.202e+03 1 0)
s>                ( - -2.234e+04 4 0))
s>            ( - -1.407e+03 1 0)))INFO: dtree.c(1315): Comp split 30
INFO: dtree.c(1439): stop. leaf nodes are specific
INFO: dtree.c(1478): Final simple tree
|( QUESTION0_4_R 1 -1.138e+04 1.960e+02 5.655e+01
|    ( - -9.880e+03 1 0)
|    ( - -1.307e+03 1 0))
s>    ( QUESTION0_4_R 1 -1.138e+04 1.960e+02 5.655e+01
s>        ( - -9.880e+03 1 0)
s>        ( - -1.307e+03 1 0))INFO: dtree.c(1315): Comp split 31
INFO: dtree.c(1439): stop. leaf nodes are specific
INFO: dtree.c(1478): Final simple tree
|( QUESTION1 -1 -3.364e+03 2.202e+02 1.600e+01
|    ( - -1.311e+03 1 0)
|    ( SILENCE -1 -1.833e+03 1.467e+02 9.000e+00
|        ( - -4.813e+02 1 0)
|        ( - -1.205e+03 1 0)))
s>    ( QUESTION1 -1 -3.364e+03 2.202e+02 1.600e+01
s>        ( - -1.311e+03 1 0)
s>        ( SILENCE -1 -1.833e+03 1.467e+02 9.000e+00
s>            ( - -4.813e+02 1 0)
s>            ( - -1.205e+03 1 0)))INFO: dtree.c(1315): Comp split 32
INFO: dtree.c(1439): stop. leaf nodes are specific
INFO: dtree.c(1478): Final simple tree
|( QUESTION2_1_L -1 -7.156e+04 2.592e+02 3.505e+02
|    ( QUESTION0 -1 -6.325e+04 2.271e+02 3.125e+02
|        ( QUESTION1 -1 -4.951e+04 1.087e+02 2.441e+02
|            ( - -1.327e+03 1 0)
|            ( - -4.807e+04 3 0))
|        ( QUESTION19 -1 -1.351e+04 1.446e+02 6.838e+01
|            ( - -1.589e+03 1 0)
|            ( - -1.178e+04 1 0)))
|    ( SILENCE -1 -8.054e+03 1.631e+02 3.800e+01
|        ( - -5.490e+03 1 0)
|        ( - -2.401e+03 1 0)))
s>    ( QUESTION2_1_L -1 -7.156e+04 2.592e+02 3.505e+02
s>        ( QUESTION0 -1 -6.325e+04 2.271e+02 3.125e+02
s>            ( QUESTION1 -1 -4.951e+04 1.087e+02 2.441e+02
s>                ( - -1.327e+03 1 0)
s>                ( - -4.807e+04 3 0))
s>            ( QUESTION19 -1 -1.351e+04 1.446e+02 6.838e+01
s>                ( - -1.589e+03 1 0)
s>                ( - -1.178e+04 1 0)))
s>        ( SILENCE -1 -8.054e+03 1.631e+02 3.800e+01
s>            ( - -5.490e+03 1 0)
s>            ( - -2.401e+03 1 0)))INFO: dtree.c(1315): Comp split 33
INFO: dtree.c(1439): stop. leaf nodes are specific
INFO: dtree.c(1478): Final simple tree
|( QUESTION2_18_L -1 -2.252e+04 1.984e+02 9.844e+01
|    ( - -1.400e+04 2 0)
|    ( QUESTION0 -1 -8.323e+03 1.931e+02 3.355e+01
|        ( - -7.212e+02 1 0)
|        ( QUESTION0_1_R 1 -7.408e+03 1.345e+02 2.955e+01
|            ( - -6.773e+03 1 0)
|            ( - -5.010e+02 1 0))))
s>    ( QUESTION2_18_L -1 -2.252e+04 1.984e+02 9.844e+01
s>        ( - -1.400e+04 2 0)
s>        ( QUESTION0 -1 -8.323e+03 1.931e+02 3.355e+01
s>            ( - -7.212e+02 1 0)
s>            ( QUESTION0_1_R 1 -7.408e+03 1.345e+02 2.955e+01
s>                ( - -6.773e+03 1 0)
s>                ( - -5.010e+02 1 0))))INFO: dtree.c(1439): stop. leaf nodes are specific
INFO: dtree.c(1478): Final simple tree
|( QUESTION2 -1 -2.151e+04 2.005e+02 9.827e+01
|    ( - -7.028e+02 1 0)
|    ( QUESTION6 -1 -2.061e+04 1.656e+02 9.427e+01
|        ( - -5.221e+02 1 0)
|        ( QUESTION13 -1 -1.992e+04 1.512e+02 9.227e+01
|            ( - -1.028e+04 1 0)
|            ( QUESTION0_1_R 1 -9.489e+03 1.663e+02 4.296e+01
|                ( - -2.946e+03 1 0)
|                ( QUESTION0 -1 -6.377e+03 1.091e+02 2.896e+01
|                    ( - -2.921e+03 1 0)
|                    ( - -3.347e+03 1 0))))))
s>    ( QUESTION2 -1 -2.151e+04 2.005e+02 9.827e+01
s>        ( - -7.028e+02 1 0)
s>        ( QUESTION6 -1 -2.061e+04 1.656e+02 9.427e+01
s>            ( - -5.221e+02 1 0)
s>            ( QUESTION13 -1 -1.992e+04 1.512e+02 9.227e+01
s>                ( - -1.028e+04 1 0)
s>                ( QUESTION0_1_R 1 -9.489e+03 1.663e+02 4.296e+01
s>                    ( - -2.946e+03 1 0)
s>                    ( QUESTION0 -1 -6.377e+03 1.091e+02 2.896e+01
s>                        ( - -2.921e+03 1 0)
s>                        ( - -3.347e+03 1 0))))))INFO: dtree.c(1315): Comp split 34
INFO: dtree.c(1439): stop. leaf nodes are specific
INFO: dtree.c(1478): Final simple tree
|( QUESTION0 -1 -6.325e+04 2.271e+02 3.125e+02
|    ( QUESTION1 -1 -4.951e+04 1.087e+02 2.441e+02
|        ( - -1.327e+03 1 0)
|        ( - -4.807e+04 3 0))
|    ( QUESTION19 -1 -1.351e+04 1.446e+02 6.838e+01
|        ( - -1.589e+03 1 0)
|        ( - -1.178e+04 1 0)))
s>    ( QUESTION0 -1 -6.325e+04 2.271e+02 3.125e+02
s>        ( QUESTION1 -1 -4.951e+04 1.087e+02 2.441e+02
s>            ( - -1.327e+03 1 0)
s>            ( - -4.807e+04 3 0))
s>        ( QUESTION19 -1 -1.351e+04 1.446e+02 6.838e+01
s>            ( - -1.589e+03 1 0)
s>            ( - -1.178e+04 1 0)))INFO: dtree.c(1439): stop. leaf nodes are specific
INFO: dtree.c(1478): Final simple tree
|( SILENCE -1 -8.054e+03 1.631e+02 3.800e+01
|    ( - -5.490e+03 1 0)
|    ( - -2.401e+03 1 0))
s>    ( SILENCE -1 -8.054e+03 1.631e+02 3.800e+01
s>        ( - -5.490e+03 1 0)
s>        ( - -2.401e+03 1 0))INFO: dtree.c(1315): Comp split 35
INFO: dtree.c(1439): stop. leaf nodes are specific
INFO: dtree.c(1478): Final simple tree
|( QUESTION19 -1 -1.351e+04 1.446e+02 6.838e+01
|    ( - -1.589e+03 1 0)
|    ( - -1.178e+04 1 0))
s>    ( QUESTION19 -1 -1.351e+04 1.446e+02 6.838e+01
s>        ( - -1.589e+03 1 0)
s>        ( - -1.178e+04 1 0))INFO: dtree.c(1439): stop. leaf nodes are specific
INFO: dtree.c(1478): Final simple tree
|( QUESTION1 -1 -4.951e+04 1.087e+02 2.441e+02
|    ( - -1.327e+03 1 0)
|    ( - -4.807e+04 3 0))
s>    ( QUESTION1 -1 -4.951e+04 1.087e+02 2.441e+02
s>        ( - -1.327e+03 1 0)
s>        ( - -4.807e+04 3 0))INFO: dtree.c(1315): Comp split 36
INFO: dtree.c(1439): stop. leaf nodes are specific
INFO: dtree.c(1478): Final simple tree
|( SILENCE -1 -1.833e+03 1.467e+02 9.000e+00
|    ( - -4.813e+02 1 0)
|    ( - -1.205e+03 1 0))
s>    ( SILENCE -1 -1.833e+03 1.467e+02 9.000e+00
s>        ( - -4.813e+02 1 0)
s>        ( - -1.205e+03 1 0))INFO: dtree.c(1315): Comp split 37
INFO: dtree.c(1439): stop. leaf nodes are specific
INFO: dtree.c(1478): Final simple tree
|( QUESTION4 -1 -1.329e+05 9.999e+01 6.513e+02
|    ( - -1.247e+05 4 0)
|    ( - -8.070e+03 1 0))
s>    ( QUESTION4 -1 -1.329e+05 9.999e+01 6.513e+02
s>        ( - -1.247e+05 4 0)
s>        ( - -8.070e+03 1 0))INFO: dtree.c(1315): Comp split 38
INFO: dtree.c(1439): stop. leaf nodes are specific
INFO: dtree.c(1478): Final simple tree
|( QUESTION0_1_R 1 -3.816e+03 1.680e+02 1.800e+01
|    ( - -2.946e+03 1 0)
|    ( - -7.028e+02 1 0))
s>    ( QUESTION0_1_R 1 -3.816e+03 1.680e+02 1.800e+01
s>        ( - -2.946e+03 1 0)
s>        ( - -7.028e+02 1 0))INFO: dtree.c(1439): stop. leaf nodes are specific
INFO: dtree.c(1478): Final simple tree
|( QUESTION6 -1 -1.748e+04 1.666e+02 8.027e+01
|    ( - -5.221e+02 1 0)
|    ( QUESTION0_1_R 1 -1.679e+04 1.359e+02 7.827e+01
|        ( - -1.028e+04 1 0)
|        ( QUESTION0 -1 -6.377e+03 1.091e+02 2.896e+01
|            ( - -2.921e+03 1 0)
|            ( - -3.347e+03 1 0))))
s>    ( QUESTION6 -1 -1.748e+04 1.666e+02 8.027e+01
s>        ( - -5.221e+02 1 0)
s>        ( QUESTION0_1_R 1 -1.679e+04 1.359e+02 7.827e+01
s>            ( - -1.028e+04 1 0)
s>            ( QUESTION0 -1 -6.377e+03 1.091e+02 2.896e+01
s>                ( - -2.921e+03 1 0)
s>                ( - -3.347e+03 1 0))))INFO: dtree.c(1315): Comp split 39
INFO: dtree.c(1439): stop. leaf nodes are specific
INFO: dtree.c(1478): Final simple tree
|( QUESTION0 -1 -1.419e+04 1.007e+02 6.284e+01
|    ( - -1.375e+04 3 0)
|    ( - -3.463e+02 1 0))
s>    ( QUESTION0 -1 -1.419e+04 1.007e+02 6.284e+01
s>        ( - -1.375e+04 3 0)
s>        ( - -3.463e+02 1 0))INFO: dtree.c(1439): stop. leaf nodes are specific
INFO: dtree.c(1478): Final simple tree
|( QUESTION2_2_L -1 -2.308e+04 1.437e+02 9.737e+01
|    ( - -9.688e+02 1 0)
|    ( QUESTION4 -1 -2.197e+04 1.368e+02 9.337e+01
|        ( - -1.278e+04 4 0)
|        ( SILENCE -1 -9.055e+03 1.312e+02 3.740e+01
|            ( - -1.557e+03 1 0)
|            ( QUESTION13 -1 -7.367e+03 9.040e+01 3.039e+01
|                ( - -4.565e+02 1 0)
|                ( QUESTION0 -1 -6.820e+03 8.433e+01 2.839e+01
|                    ( - -2.332e+03 1 0)
|                    ( - -4.403e+03 1 0))))))
s>    ( QUESTION2_2_L -1 -2.308e+04 1.437e+02 9.737e+01
s>        ( - -9.688e+02 1 0)
s>        ( QUESTION4 -1 -2.197e+04 1.368e+02 9.337e+01
s>            ( - -1.278e+04 4 0)
s>            ( SILENCE -1 -9.055e+03 1.312e+02 3.740e+01
s>                ( - -1.557e+03 1 0)
s>                ( QUESTION13 -1 -7.367e+03 9.040e+01 3.039e+01
s>                    ( - -4.565e+02 1 0)
s>                    ( QUESTION0 -1 -6.820e+03 8.433e+01 2.839e+01
s>                        ( - -2.332e+03 1 0)
s>                        ( - -4.403e+03 1 0))))))INFO: dtree.c(1315): Comp split 40
INFO: dtree.c(1439): stop. leaf nodes are specific
INFO: dtree.c(1478): Final simple tree
|( QUESTION0_1_R 1 -7.408e+03 1.345e+02 2.955e+01
|    ( - -6.773e+03 1 0)
|    ( - -5.010e+02 1 0))
s>    ( QUESTION0_1_R 1 -7.408e+03 1.345e+02 2.955e+01
s>        ( - -6.773e+03 1 0)
s>        ( - -5.010e+02 1 0))INFO: dtree.c(1439): stop. leaf nodes are specific
INFO: dtree.c(1478): Final simple tree
|( QUESTION0 -1 -1.491e+04 1.856e+02 6.889e+01
|    ( - -7.212e+02 1 0)
|    ( - -1.400e+04 2 0))
s>    ( QUESTION0 -1 -1.491e+04 1.856e+02 6.889e+01
s>        ( - -7.212e+02 1 0)
s>        ( - -1.400e+04 2 0))INFO: dtree.c(1315): Comp split 41
INFO: dtree.c(1315): Comp split 42
INFO: dtree.c(1439): stop. leaf nodes are specific
INFO: dtree.c(1478): Final simple tree
|( QUESTION0_1_R 1 -1.244e+04 1.426e+02 6.100e+01
|    ( - -1.006e+04 1 0)
|    ( - -2.235e+03 1 0))
s>    ( QUESTION0_1_R 1 -1.244e+04 1.426e+02 6.100e+01
s>        ( - -1.006e+04 1 0)
s>        ( - -2.235e+03 1 0))INFO: dtree.c(1439): stop. leaf nodes are specific
INFO: dtree.c(1478): Final simple tree
|( QUESTION4 -1 -2.619e+04 1.306e+02 1.242e+02
|    ( QUESTION2_0_L -1 -2.466e+04 1.164e+02 1.172e+02
|        ( - -2.202e+03 1 0)
|        ( - -2.234e+04 4 0))
|    ( - -1.407e+03 1 0))
s>    ( QUESTION4 -1 -2.619e+04 1.306e+02 1.242e+02
s>        ( QUESTION2_0_L -1 -2.466e+04 1.164e+02 1.172e+02
s>            ( - -2.202e+03 1 0)
s>            ( - -2.234e+04 4 0))
s>        ( - -1.407e+03 1 0))INFO: dtree.c(1315): Comp split 43
INFO: dtree.c(1315): Comp split 44
INFO: dtree.c(1315): Comp split 45
INFO: dtree.c(1315): Comp split 46
INFO: dtree.c(1315): Comp split 47
INFO: dtree.c(1439): stop. leaf nodes are specific
INFO: dtree.c(1478): Final simple tree
|( QUESTION0_1_R 1 -1.679e+04 1.359e+02 7.827e+01
|    ( - -1.028e+04 1 0)
|    ( QUESTION0 -1 -6.377e+03 1.091e+02 2.896e+01
|        ( - -2.921e+03 1 0)
|        ( - -3.347e+03 1 0)))
s>    ( QUESTION0_1_R 1 -1.679e+04 1.359e+02 7.827e+01
s>        ( - -1.028e+04 1 0)
s>        ( QUESTION0 -1 -6.377e+03 1.091e+02 2.896e+01
s>            ( - -2.921e+03 1 0)
s>            ( - -3.347e+03 1 0)))INFO: dtree.c(1315): Comp split 48
INFO: dtree.c(1315): Comp split 49
INFO: dtree.c(1439): stop. leaf nodes are specific
INFO: dtree.c(1478): Final simple tree
|( QUESTION4 -1 -2.028e+04 1.354e+02 8.637e+01
|    ( - -1.278e+04 4 0)
|    ( QUESTION13 -1 -7.367e+03 9.040e+01 3.039e+01
|        ( - -4.565e+02 1 0)
|        ( QUESTION0 -1 -6.820e+03 8.433e+01 2.839e+01
|            ( - -2.332e+03 1 0)
|            ( - -4.403e+03 1 0))))
s>    ( QUESTION4 -1 -2.028e+04 1.354e+02 8.637e+01
s>        ( - -1.278e+04 4 0)
s>        ( QUESTION13 -1 -7.367e+03 9.040e+01 3.039e+01
s>            ( - -4.565e+02 1 0)
s>            ( QUESTION0 -1 -6.820e+03 8.433e+01 2.839e+01
s>                ( - -2.332e+03 1 0)
s>                ( - -4.403e+03 1 0))))INFO: dtree.c(1439): stop. leaf nodes are specific
INFO: dtree.c(1478): Final simple tree
|( SILENCE -1 -2.641e+03 1.152e+02 1.101e+01
|    ( - -1.557e+03 1 0)
|    ( - -9.688e+02 1 0))
s>    ( SILENCE -1 -2.641e+03 1.152e+02 1.101e+01
s>        ( - -1.557e+03 1 0)
s>        ( - -9.688e+02 1 0))INFO: dtree.c(1315): Comp split 50
INFO: dtree.c(1315): Comp split 51
INFO: dtree.c(1315): Comp split 52
INFO: dtree.c(1315): Comp split 53
INFO: dtree.c(1439): stop. leaf nodes are specific
INFO: dtree.c(1478): Final simple tree
|( QUESTION0 -1 -6.377e+03 1.091e+02 2.896e+01
|    ( - -2.921e+03 1 0)
|    ( - -3.347e+03 1 0))
s>    ( QUESTION0 -1 -6.377e+03 1.091e+02 2.896e+01
s>        ( - -2.921e+03 1 0)
s>        ( - -3.347e+03 1 0))INFO: dtree.c(1315): Comp split 54
INFO: dtree.c(1439): stop. leaf nodes are specific
INFO: dtree.c(1478): Final simple tree
|( QUESTION13 -1 -7.367e+03 9.040e+01 3.039e+01
|    ( - -4.565e+02 1 0)
|    ( QUESTION0 -1 -6.820e+03 8.433e+01 2.839e+01
|        ( - -2.332e+03 1 0)
|        ( - -4.403e+03 1 0)))
s>    ( QUESTION13 -1 -7.367e+03 9.040e+01 3.039e+01
s>        ( - -4.565e+02 1 0)
s>        ( QUESTION0 -1 -6.820e+03 8.433e+01 2.839e+01
s>            ( - -2.332e+03 1 0)
s>            ( - -4.403e+03 1 0)))INFO: dtree.c(1315): Comp split 55
INFO: dtree.c(1315): Comp split 56
INFO: dtree.c(1439): stop. leaf nodes are specific
INFO: dtree.c(1478): Final simple tree
|( QUESTION2_0_L -1 -2.466e+04 1.164e+02 1.172e+02
|    ( - -2.202e+03 1 0)
|    ( - -2.234e+04 4 0))
s>    ( QUESTION2_0_L -1 -2.466e+04 1.164e+02 1.172e+02
s>        ( - -2.202e+03 1 0)
s>        ( - -2.234e+04 4 0))INFO: dtree.c(1315): Comp split 57
INFO: dtree.c(1315): Comp split 58
INFO: dtree.c(1315): Comp split 59
INFO: dtree.c(1315): Comp split 60
INFO: dtree.c(1315): Comp split 61
INFO: dtree.c(1315): Comp split 62
INFO: dtree.c(1315): Comp split 63
INFO: dtree.c(1439): stop. leaf nodes are specific
INFO: dtree.c(1478): Final simple tree
|( QUESTION0 -1 -6.820e+03 8.433e+01 2.839e+01
|    ( - -2.332e+03 1 0)
|    ( - -4.403e+03 1 0))
s>    ( QUESTION0 -1 -6.820e+03 8.433e+01 2.839e+01
s>        ( - -2.332e+03 1 0)
s>        ( - -4.403e+03 1 0))INFO: dtree.c(1315): Comp split 64
INFO: dtree.c(1315): Comp split 65
INFO: dtree.c(1318): stop. leaf nodes are specific
Mon Jan 30 07:35:46 2017
