Current configuration:
[NAME]		[DEFLT]	[VALUE]
-allphones	no	no
-cntthresh	0.00001	1.000000e-05
-csplitmax	100	2000
-csplitmin	1	1
-csplitthr	8e-4	0.000000e+00
-example	no	no
-fullvar	no	no
-help		no	no
-meanfn			/Users/benroye/forge/cmusphinx/voiceVim/model_parameters/voiceVim.cd_cont_untied/means
-mixwfn			/Users/benroye/forge/cmusphinx/voiceVim/model_parameters/voiceVim.cd_cont_untied/mixture_weights
-moddeffn		/Users/benroye/forge/cmusphinx/voiceVim/model_architecture/voiceVim.untied.mdef
-mwfloor	1e-4	1.000000e-08
-phone			oh
-psetfn			/Users/benroye/forge/cmusphinx/voiceVim/model_architecture/voiceVim.tree_questions
-ssplitmax	5	7
-ssplitmin	1	1
-ssplitthr	8e-4	0.000000e+00
-state			2
-stwt			1.0,0.05,0.0,
-treefn			/Users/benroye/forge/cmusphinx/voiceVim/trees/voiceVim.unpruned/oh-2.dtree
-ts2cbfn	.semi.	.cont.
-varfloor	0.00001	1.000000e-05
-varfn			/Users/benroye/forge/cmusphinx/voiceVim/model_parameters/voiceVim.cd_cont_untied/variances

INFO: main.c(223): Reading: /Users/benroye/forge/cmusphinx/voiceVim/model_architecture/voiceVim.untied.mdef
INFO: model_def_io.c(573): Model definition info:
INFO: model_def_io.c(574): 2249 total models defined (39 base, 2210 tri)
INFO: model_def_io.c(575): 8996 total states
INFO: model_def_io.c(576): 6747 total tied states
INFO: model_def_io.c(577): 117 total tied CI states
INFO: model_def_io.c(578): 39 total tied transition matrices
INFO: model_def_io.c(579): 4 max state/model
INFO: model_def_io.c(580): 4 min state/model
INFO: main.c(242): Building trees for [oh ee SIL e] through [oh w t i]
INFO: main.c(269): Covering states |[3615 3884]| == 270
INFO: main.c(275): Reading: /Users/benroye/forge/cmusphinx/voiceVim/model_parameters/voiceVim.cd_cont_untied/mixture_weights
INFO: s3mixw_io.c(173): Read /Users/benroye/forge/cmusphinx/voiceVim/model_parameters/voiceVim.cd_cont_untied/mixture_weights [270x1x1 array]
INFO: main.c(311): 90 of 90 models have observation count greater than 0.000010
INFO: main.c(95): nrm stwt: 0.000 0.048 0.952 
INFO: s3gau_io.c(169): Read /Users/benroye/forge/cmusphinx/voiceVim/model_parameters/voiceVim.cd_cont_untied/means [6747x1x1 array]
INFO: s3gau_io.c(169): Read /Users/benroye/forge/cmusphinx/voiceVim/model_parameters/voiceVim.cd_cont_untied/variances [6747x1x1 array]
INFO: main.c(549): Reading: /Users/benroye/forge/cmusphinx/voiceVim/model_architecture/voiceVim.tree_questions
INFO: main.c(588): 174 total simple questions (166 phone; 8 word bndry)
INFO: main.c(590): 40 Left Only questions, and 42 Right Only questions
INFO: dtree.c(1478): Final simple tree
|( QUESTION0 -1 -1.335e+06 5.764e+03 6.427e+03
|    ( - -8.606e+04 1 0)
|    ( QUESTION2_11_L -1 -1.243e+06 3.596e+03 5.996e+03
|        ( WDBNDRY_E 0 -9.867e+04 3.645e+03 4.715e+02
|            ( - -5.416e+04 10 0 QUESTION5 1 4.104e+02 2.687e+02)
|            ( - -4.087e+04 1 0))
|        ( QUESTION14 -1 -1.141e+06 2.777e+03 5.525e+03
|            ( - -3.689e+04 1 0)
|            ( QUESTION2_9_L -1 -1.101e+06 2.662e+03 5.346e+03
|                ( WDBNDRY_E 0 -2.381e+05 1.570e+03 1.185e+03
|                    ( - -1.085e+05 20 0 QUESTION0_11_R 1 5.828e+02 5.409e+02)
|                    ( - -1.280e+05 2 0 QUESTION0_4_R 1 1.634e+02 6.441e+02))
|                ( QUESTION0_15_R 1 -8.602e+05 1.832e+03 4.161e+03
|                    ( - -8.399e+04 3 0 WDBNDRY_E 0 2.910e+02 4.185e+02)
|                    ( - -7.744e+05 52 0 QUESTION3 1 9.332e+02 3.743e+03))))))
s>    ( QUESTION0 -1 -1.335e+06 5.764e+03 6.427e+03
s>        ( - -8.606e+04 1 0)
s>        ( QUESTION2_11_L -1 -1.243e+06 3.596e+03 5.996e+03
s>            ( WDBNDRY_E 0 -9.867e+04 3.645e+03 4.715e+02
s>                ( - -5.416e+04 10 0 QUESTION5 1 4.104e+02 2.687e+02)
s>                ( - -4.087e+04 1 0))
s>            ( QUESTION14 -1 -1.141e+06 2.777e+03 5.525e+03
s>                ( - -3.689e+04 1 0)
s>                ( QUESTION2_9_L -1 -1.101e+06 2.662e+03 5.346e+03
s>                    ( WDBNDRY_E 0 -2.381e+05 1.570e+03 1.185e+03
s>                        ( - -1.085e+05 20 0 QUESTION0_11_R 1 5.828e+02 5.409e+02)
s>                        ( - -1.280e+05 2 0 QUESTION0_4_R 1 1.634e+02 6.441e+02))
s>                    ( QUESTION0_15_R 1 -8.602e+05 1.832e+03 4.161e+03
s>                        ( - -8.399e+04 3 0 WDBNDRY_E 0 2.910e+02 4.185e+02)
s>                        ( - -7.744e+05 52 0 QUESTION3 1 9.332e+02 3.743e+03))))))INFO: dtree.c(1315): Comp split 0
INFO: dtree.c(1478): Final simple tree
|( QUESTION2_9_L -1 -1.156e+06 2.501e+03 5.615e+03
|    ( WDBNDRY_E 0 -2.929e+05 1.599e+03 1.454e+03
|        ( - -1.632e+05 30 0 QUESTION2_11_L -1 5.781e+02 8.096e+02)
|        ( - -1.280e+05 2 0 QUESTION0_4_R 1 1.634e+02 6.441e+02))
|    ( QUESTION0_15_R 1 -8.602e+05 1.832e+03 4.161e+03
|        ( - -8.399e+04 3 0 WDBNDRY_E 0 2.910e+02 4.185e+02)
|        ( QUESTION3 1 -7.744e+05 9.332e+02 3.743e+03
|            ( QUESTION0_1_R 1 -5.846e+05 8.230e+02 2.845e+03
|                ( - -1.985e+05 16 0 QUESTION0_5_R 1 4.757e+02 9.777e+02)
|                ( QUESTION14 1 -3.853e+05 6.535e+02 1.868e+03
|                    ( - -5.927e+04 1 0)
|                    ( - -3.254e+05 21 0 QUESTION0_9_R 1 5.649e+02 1.577e+03)))
|            ( QUESTION0_3_R 1 -1.889e+05 7.868e+02 8.975e+02
|                ( - -2.571e+04 6 0 QUESTION11 -1 2.580e+02 1.197e+02)
|                ( - -1.624e+05 8 0 SILENCE 1 6.463e+02 7.778e+02)))))
s>    ( QUESTION2_9_L -1 -1.156e+06 2.501e+03 5.615e+03
s>        ( WDBNDRY_E 0 -2.929e+05 1.599e+03 1.454e+03
s>            ( - -1.632e+05 30 0 QUESTION2_11_L -1 5.781e+02 8.096e+02)
s>            ( - -1.280e+05 2 0 QUESTION0_4_R 1 1.634e+02 6.441e+02))
s>        ( QUESTION0_15_R 1 -8.602e+05 1.832e+03 4.161e+03
s>            ( - -8.399e+04 3 0 WDBNDRY_E 0 2.910e+02 4.185e+02)
s>            ( QUESTION3 1 -7.744e+05 9.332e+02 3.743e+03
s>                ( QUESTION0_1_R 1 -5.846e+05 8.230e+02 2.845e+03
s>                    ( - -1.985e+05 16 0 QUESTION0_5_R 1 4.757e+02 9.777e+02)
s>                    ( QUESTION14 1 -3.853e+05 6.535e+02 1.868e+03
s>                        ( - -5.927e+04 1 0)
s>                        ( - -3.254e+05 21 0 QUESTION0_9_R 1 5.649e+02 1.577e+03)))
s>                ( QUESTION0_3_R 1 -1.889e+05 7.868e+02 8.975e+02
s>                    ( - -2.571e+04 6 0 QUESTION11 -1 2.580e+02 1.197e+02)
s>                    ( - -1.624e+05 8 0 SILENCE 1 6.463e+02 7.778e+02)))))INFO: dtree.c(1439): stop. leaf nodes are specific
INFO: dtree.c(1478): Final simple tree
|( QUESTION0_2_R 1 -1.701e+05 3.865e+03 8.115e+02
|    ( - -4.087e+04 1 0)
|    ( QUESTION0_4_R 1 -1.253e+05 2.406e+03 6.087e+02
|        ( - -3.689e+04 1 0)
|        ( - -8.606e+04 1 0)))
s>    ( QUESTION0_2_R 1 -1.701e+05 3.865e+03 8.115e+02
s>        ( - -4.087e+04 1 0)
s>        ( QUESTION0_4_R 1 -1.253e+05 2.406e+03 6.087e+02
s>            ( - -3.689e+04 1 0)
s>            ( - -8.606e+04 1 0)))INFO: dtree.c(1315): Comp split 1
INFO: dtree.c(1439): stop. leaf nodes are specific
INFO: dtree.c(1478): Final simple tree
|( QUESTION0_4_R 1 -1.253e+05 2.406e+03 6.087e+02
|    ( - -3.689e+04 1 0)
|    ( - -8.606e+04 1 0))
s>    ( QUESTION0_4_R 1 -1.253e+05 2.406e+03 6.087e+02
s>        ( - -3.689e+04 1 0)
s>        ( - -8.606e+04 1 0))INFO: dtree.c(1315): Comp split 2
INFO: dtree.c(1478): Final simple tree
|( QUESTION3 1 -7.744e+05 9.332e+02 3.743e+03
|    ( QUESTION0_1_R 1 -5.846e+05 8.230e+02 2.845e+03
|        ( - -1.985e+05 16 0 QUESTION0_5_R 1 4.757e+02 9.777e+02)
|        ( QUESTION14 1 -3.853e+05 6.535e+02 1.868e+03
|            ( - -5.927e+04 1 0)
|            ( QUESTION0_9_R 1 -3.254e+05 5.649e+02 1.577e+03
|                ( - -8.790e+04 9 0 QUESTION4 -1 4.085e+02 4.334e+02)
|                ( QUESTION4 1 -2.369e+05 6.986e+02 1.143e+03
|                    ( - -1.509e+05 8 0 QUESTION4 -1 4.303e+02 7.184e+02)
|                    ( - -8.530e+04 4 0 QUESTION12 -1 2.778e+02 4.251e+02)))))
|    ( QUESTION0_3_R 1 -1.889e+05 7.868e+02 8.975e+02
|        ( - -2.571e+04 6 0 QUESTION11 -1 2.580e+02 1.197e+02)
|        ( SILENCE 1 -1.624e+05 6.463e+02 7.778e+02
|            ( - -2.981e+04 3 0 QUESTION11 -1 1.843e+02 1.440e+02)
|            ( - -1.319e+05 5 0 QUESTION0_1_R 1 4.291e+02 6.338e+02))))
s>    ( QUESTION3 1 -7.744e+05 9.332e+02 3.743e+03
s>        ( QUESTION0_1_R 1 -5.846e+05 8.230e+02 2.845e+03
s>            ( - -1.985e+05 16 0 QUESTION0_5_R 1 4.757e+02 9.777e+02)
s>            ( QUESTION14 1 -3.853e+05 6.535e+02 1.868e+03
s>                ( - -5.927e+04 1 0)
s>                ( QUESTION0_9_R 1 -3.254e+05 5.649e+02 1.577e+03
s>                    ( - -8.790e+04 9 0 QUESTION4 -1 4.085e+02 4.334e+02)
s>                    ( QUESTION4 1 -2.369e+05 6.986e+02 1.143e+03
s>                        ( - -1.509e+05 8 0 QUESTION4 -1 4.303e+02 7.184e+02)
s>                        ( - -8.530e+04 4 0 QUESTION12 -1 2.778e+02 4.251e+02)))))
s>        ( QUESTION0_3_R 1 -1.889e+05 7.868e+02 8.975e+02
s>            ( - -2.571e+04 6 0 QUESTION11 -1 2.580e+02 1.197e+02)
s>            ( SILENCE 1 -1.624e+05 6.463e+02 7.778e+02
s>                ( - -2.981e+04 3 0 QUESTION11 -1 1.843e+02 1.440e+02)
s>                ( - -1.319e+05 5 0 QUESTION0_1_R 1 4.291e+02 6.338e+02))))INFO: dtree.c(1478): Final simple tree
|( QUESTION13 -1 -3.778e+05 1.626e+03 1.872e+03
|    ( - -1.253e+05 1 0)
|    ( QUESTION0_11_R 1 -2.508e+05 1.024e+03 1.241e+03
|        ( QUESTION11 -1 -9.991e+04 4.848e+02 5.015e+02
|            ( - -2.185e+04 2 0 QUESTION0_12_R 1 1.729e+02 1.154e+02)
|            ( WDBNDRY_E 0 -7.758e+04 3.115e+02 3.861e+02
|                ( - -1.558e+04 1 0)
|                ( - -6.169e+04 1 0)))
|        ( QUESTION2_11_L -1 -1.499e+05 6.185e+02 7.396e+02
|            ( QUESTION5 1 -5.416e+04 4.104e+02 2.687e+02
|                ( - -3.060e+04 5 0 QUESTION0_8_R 1 2.766e+02 1.573e+02)
|                ( - -2.315e+04 5 0 SILENCE 1 2.324e+02 1.113e+02))
|            ( SILENCE 1 -9.511e+04 3.310e+02 4.709e+02
|                ( - -4.007e+03 2 0 QUESTION4 -1 1.644e+02 1.998e+01)
|                ( - -9.077e+04 18 0 QUESTION13 1 2.622e+02 4.509e+02)))))
s>    ( QUESTION13 -1 -3.778e+05 1.626e+03 1.872e+03
s>        ( - -1.253e+05 1 0)
s>        ( QUESTION0_11_R 1 -2.508e+05 1.024e+03 1.241e+03
s>            ( QUESTION11 -1 -9.991e+04 4.848e+02 5.015e+02
s>                ( - -2.185e+04 2 0 QUESTION0_12_R 1 1.729e+02 1.154e+02)
s>                ( WDBNDRY_E 0 -7.758e+04 3.115e+02 3.861e+02
s>                    ( - -1.558e+04 1 0)
s>                    ( - -6.169e+04 1 0)))
s>            ( QUESTION2_11_L -1 -1.499e+05 6.185e+02 7.396e+02
s>                ( QUESTION5 1 -5.416e+04 4.104e+02 2.687e+02
s>                    ( - -3.060e+04 5 0 QUESTION0_8_R 1 2.766e+02 1.573e+02)
s>                    ( - -2.315e+04 5 0 SILENCE 1 2.324e+02 1.113e+02))
s>                ( SILENCE 1 -9.511e+04 3.310e+02 4.709e+02
s>                    ( - -4.007e+03 2 0 QUESTION4 -1 1.644e+02 1.998e+01)
s>                    ( - -9.077e+04 18 0 QUESTION13 1 2.622e+02 4.509e+02)))))INFO: dtree.c(1315): Comp split 3
INFO: dtree.c(1315): Comp split 4
INFO: dtree.c(1478): Final simple tree
|( QUESTION0_11_R 1 -2.284e+05 9.488e+02 1.126e+03
|    ( WDBNDRY_E 0 -7.758e+04 3.115e+02 3.861e+02
|        ( - -1.558e+04 1 0)
|        ( - -6.169e+04 1 0))
|    ( QUESTION2_11_L -1 -1.499e+05 6.185e+02 7.396e+02
|        ( QUESTION5 1 -5.416e+04 4.104e+02 2.687e+02
|            ( QUESTION0_8_R 1 -3.060e+04 2.766e+02 1.573e+02
|                ( - -7.211e+03 1 0)
|                ( - -2.311e+04 4 0 QUESTION0_1_R 1 1.893e+02 1.198e+02))
|            ( - -2.315e+04 5 0 SILENCE 1 2.324e+02 1.113e+02))
|        ( SILENCE 1 -9.511e+04 3.310e+02 4.709e+02
|            ( - -4.007e+03 2 0 QUESTION4 -1 1.644e+02 1.998e+01)
|            ( QUESTION13 1 -9.077e+04 2.622e+02 4.509e+02
|                ( - -5.883e+03 1 0)
|                ( - -8.463e+04 17 0 QUESTION4 -1 2.863e+02 4.189e+02)))))
s>    ( QUESTION0_11_R 1 -2.284e+05 9.488e+02 1.126e+03
s>        ( WDBNDRY_E 0 -7.758e+04 3.115e+02 3.861e+02
s>            ( - -1.558e+04 1 0)
s>            ( - -6.169e+04 1 0))
s>        ( QUESTION2_11_L -1 -1.499e+05 6.185e+02 7.396e+02
s>            ( QUESTION5 1 -5.416e+04 4.104e+02 2.687e+02
s>                ( QUESTION0_8_R 1 -3.060e+04 2.766e+02 1.573e+02
s>                    ( - -7.211e+03 1 0)
s>                    ( - -2.311e+04 4 0 QUESTION0_1_R 1 1.893e+02 1.198e+02))
s>                ( - -2.315e+04 5 0 SILENCE 1 2.324e+02 1.113e+02))
s>            ( SILENCE 1 -9.511e+04 3.310e+02 4.709e+02
s>                ( - -4.007e+03 2 0 QUESTION4 -1 1.644e+02 1.998e+01)
s>                ( QUESTION13 1 -9.077e+04 2.622e+02 4.509e+02
s>                    ( - -5.883e+03 1 0)
s>                    ( - -8.463e+04 17 0 QUESTION4 -1 2.863e+02 4.189e+02)))))INFO: dtree.c(1439): stop. leaf nodes are specific
INFO: dtree.c(1478): Final simple tree
|( WDBNDRY_E 0 -1.477e+05 4.877e+02 7.465e+02
|    ( QUESTION0_12_R 1 -2.185e+04 1.729e+02 1.154e+02
|        ( - -6.159e+03 1 0)
|        ( - -1.552e+04 1 0))
|    ( - -1.253e+05 1 0))
s>    ( WDBNDRY_E 0 -1.477e+05 4.877e+02 7.465e+02
s>        ( QUESTION0_12_R 1 -2.185e+04 1.729e+02 1.154e+02
s>            ( - -6.159e+03 1 0)
s>            ( - -1.552e+04 1 0))
s>        ( - -1.253e+05 1 0))INFO: dtree.c(1315): Comp split 5
INFO: dtree.c(1478): Final simple tree
|( QUESTION3 1 -2.680e+05 1.141e+03 1.273e+03
|    ( QUESTION4 1 -2.108e+05 6.246e+02 1.009e+03
|        ( QUESTION4 -1 -1.509e+05 4.303e+02 7.184e+02
|            ( - -4.002e+04 2 0)
|            ( QUESTION0_0_R 1 -1.104e+05 4.388e+02 5.331e+02
|                ( - -1.027e+05 4 0 QUESTION11 -1 1.473e+02 5.000e+02)
|                ( QUESTION11 -1 -7.332e+03 1.929e+02 3.304e+01
|                    ( - -3.369e+03 1 0)
|                    ( - -3.771e+03 1 0))))
|        ( - -5.927e+04 1 0))
|    ( SILENCE 1 -5.606e+04 5.408e+02 2.637e+02
|        ( - -2.981e+04 3 0 QUESTION11 -1 1.843e+02 1.440e+02)
|        ( QUESTION11 -1 -2.571e+04 2.580e+02 1.197e+02
|            ( - -8.401e+03 2 0)
|            ( - -1.705e+04 4 0 QUESTION4 -1 1.099e+02 7.973e+01))))
s>    ( QUESTION3 1 -2.680e+05 1.141e+03 1.273e+03
s>        ( QUESTION4 1 -2.108e+05 6.246e+02 1.009e+03
s>            ( QUESTION4 -1 -1.509e+05 4.303e+02 7.184e+02
s>                ( - -4.002e+04 2 0)
s>                ( QUESTION0_0_R 1 -1.104e+05 4.388e+02 5.331e+02
s>                    ( - -1.027e+05 4 0 QUESTION11 -1 1.473e+02 5.000e+02)
s>                    ( QUESTION11 -1 -7.332e+03 1.929e+02 3.304e+01
s>                        ( - -3.369e+03 1 0)
s>                        ( - -3.771e+03 1 0))))
s>            ( - -5.927e+04 1 0))
s>        ( SILENCE 1 -5.606e+04 5.408e+02 2.637e+02
s>            ( - -2.981e+04 3 0 QUESTION11 -1 1.843e+02 1.440e+02)
s>            ( QUESTION11 -1 -2.571e+04 2.580e+02 1.197e+02
s>                ( - -8.401e+03 2 0)
s>                ( - -1.705e+04 4 0 QUESTION4 -1 1.099e+02 7.973e+01))))INFO: dtree.c(1478): Final simple tree
|( QUESTION0 1 -5.050e+05 6.200e+02 2.470e+03
|    ( QUESTION0_1_R 1 -1.319e+05 4.291e+02 6.338e+02
|        ( - -7.443e+04 2 0 QUESTION11 -1 2.431e+02 3.637e+02)
|        ( - -5.708e+04 3 0 QUESTION4 -1 2.378e+02 2.701e+02))
|    ( WDBNDRY_E 0 -3.724e+05 4.724e+02 1.836e+03
|        ( QUESTION12 -1 -3.613e+05 4.143e+02 1.785e+03
|            ( QUESTION10 1 -1.262e+05 4.121e+02 6.213e+02
|                ( - -9.981e+04 6 0 QUESTION16 1 3.215e+02 4.955e+02)
|                ( QUESTION0_3_R 1 -2.594e+04 5.017e+02 1.258e+02
|                    ( - 1.342e+02 1 0)
|                    ( QUESTION0_12_R 1 -2.557e+04 3.614e+02 1.248e+02
|                        ( - -5.755e+03 1 0)
|                        ( - -1.945e+04 2 0 QUESTION0_1_R 1 2.848e+02 9.678e+01))))
|            ( - -2.347e+05 18 0 QUESTION0_5_R 1 3.241e+02 1.164e+03))
|        ( - -1.062e+04 1 0)))
s>    ( QUESTION0 1 -5.050e+05 6.200e+02 2.470e+03
s>        ( QUESTION0_1_R 1 -1.319e+05 4.291e+02 6.338e+02
s>            ( - -7.443e+04 2 0 QUESTION11 -1 2.431e+02 3.637e+02)
s>            ( - -5.708e+04 3 0 QUESTION4 -1 2.378e+02 2.701e+02))
s>        ( WDBNDRY_E 0 -3.724e+05 4.724e+02 1.836e+03
s>            ( QUESTION12 -1 -3.613e+05 4.143e+02 1.785e+03
s>                ( QUESTION10 1 -1.262e+05 4.121e+02 6.213e+02
s>                    ( - -9.981e+04 6 0 QUESTION16 1 3.215e+02 4.955e+02)
s>                    ( QUESTION0_3_R 1 -2.594e+04 5.017e+02 1.258e+02
s>                        ( - 1.342e+02 1 0)
s>                        ( QUESTION0_12_R 1 -2.557e+04 3.614e+02 1.248e+02
s>                            ( - -5.755e+03 1 0)
s>                            ( - -1.945e+04 2 0 QUESTION0_1_R 1 2.848e+02 9.678e+01))))
s>                ( - -2.347e+05 18 0 QUESTION0_5_R 1 3.241e+02 1.164e+03))
s>            ( - -1.062e+04 1 0)))INFO: dtree.c(1315): Comp split 6
INFO: dtree.c(1439): stop. leaf nodes are specific
INFO: dtree.c(1478): Final simple tree
|( QUESTION0_0_R 1 -2.080e+04 3.841e+02 9.477e+01
|    ( QUESTION4 -1 -1.705e+04 1.099e+02 7.973e+01
|        ( - -2.893e+03 2 0)
|        ( - -1.405e+04 2 0))
|    ( - -3.369e+03 1 0))
s>    ( QUESTION0_0_R 1 -2.080e+04 3.841e+02 9.477e+01
s>        ( QUESTION4 -1 -1.705e+04 1.099e+02 7.973e+01
s>            ( - -2.893e+03 2 0)
s>            ( - -1.405e+04 2 0))
s>        ( - -3.369e+03 1 0))INFO: dtree.c(1478): Final simple tree
|( QUESTION5 1 -2.460e+05 6.340e+02 1.178e+03
|    ( - -5.927e+04 1 0)
|    ( QUESTION3 1 -1.861e+05 5.914e+02 8.873e+02
|        ( QUESTION4 -1 -1.471e+05 4.890e+02 7.033e+02
|            ( - -4.002e+04 2 0)
|            ( QUESTION0_0_R 1 -1.066e+05 1.567e+02 5.180e+02
|                ( - -1.027e+05 4 0 QUESTION11 -1 1.473e+02 5.000e+02)
|                ( - -3.771e+03 1 0)))
|        ( SILENCE 1 -3.842e+04 2.066e+02 1.840e+02
|            ( QUESTION11 -1 -2.981e+04 1.843e+02 1.440e+02
|                ( - -5.138e+03 1 0)
|                ( QUESTION4 -1 -2.449e+04 1.594e+02 1.187e+02
|                    ( - -5.686e+03 1 0)
|                    ( - -1.864e+04 1 0)))
|            ( - -8.401e+03 2 0))))
s>    ( QUESTION5 1 -2.460e+05 6.340e+02 1.178e+03
s>        ( - -5.927e+04 1 0)
s>        ( QUESTION3 1 -1.861e+05 5.914e+02 8.873e+02
s>            ( QUESTION4 -1 -1.471e+05 4.890e+02 7.033e+02
s>                ( - -4.002e+04 2 0)
s>                ( QUESTION0_0_R 1 -1.066e+05 1.567e+02 5.180e+02
s>                    ( - -1.027e+05 4 0 QUESTION11 -1 1.473e+02 5.000e+02)
s>                    ( - -3.771e+03 1 0)))
s>            ( SILENCE 1 -3.842e+04 2.066e+02 1.840e+02
s>                ( QUESTION11 -1 -2.981e+04 1.843e+02 1.440e+02
s>                    ( - -5.138e+03 1 0)
s>                    ( QUESTION4 -1 -2.449e+04 1.594e+02 1.187e+02
s>                        ( - -5.686e+03 1 0)
s>                        ( - -1.864e+04 1 0)))
s>                ( - -8.401e+03 2 0))))INFO: dtree.c(1315): Comp split 7
INFO: dtree.c(1478): Final simple tree
|( QUESTION13 1 -9.817e+04 2.632e+02 4.885e+02
|    ( - -5.883e+03 1 0)
|    ( QUESTION2_10_L -1 -9.202e+04 2.921e+02 4.565e+02
|        ( QUESTION0_9_R 1 -4.946e+04 2.859e+02 2.490e+02
|            ( - -1.170e+04 1 0)
|            ( QUESTION11 1 -3.748e+04 1.831e+02 1.881e+02
|                ( - -1.488e+04 3 0 QUESTION0_1_R 1 1.584e+02 7.551e+01)
|                ( - -2.242e+04 4 0 QUESTION0_2_R 1 1.524e+02 1.126e+02)))
|        ( QUESTION0_2_R 1 -4.227e+04 2.258e+02 2.075e+02
|            ( - -2.115e+03 1 0)
|            ( QUESTION0_5_R 1 -3.993e+04 1.924e+02 1.955e+02
|                ( - -2.793e+03 1 0)
|                ( QUESTION0_6_R 1 -3.694e+04 1.788e+02 1.805e+02
|                    ( - -1.082e+04 3 0 WDBNDRY_E 0 2.154e+02 5.266e+01)
|                    ( - -2.594e+04 5 0 QUESTION4 1 2.068e+02 1.278e+02))))))
s>    ( QUESTION13 1 -9.817e+04 2.632e+02 4.885e+02
s>        ( - -5.883e+03 1 0)
s>        ( QUESTION2_10_L -1 -9.202e+04 2.921e+02 4.565e+02
s>            ( QUESTION0_9_R 1 -4.946e+04 2.859e+02 2.490e+02
s>                ( - -1.170e+04 1 0)
s>                ( QUESTION11 1 -3.748e+04 1.831e+02 1.881e+02
s>                    ( - -1.488e+04 3 0 QUESTION0_1_R 1 1.584e+02 7.551e+01)
s>                    ( - -2.242e+04 4 0 QUESTION0_2_R 1 1.524e+02 1.126e+02)))
s>            ( QUESTION0_2_R 1 -4.227e+04 2.258e+02 2.075e+02
s>                ( - -2.115e+03 1 0)
s>                ( QUESTION0_5_R 1 -3.993e+04 1.924e+02 1.955e+02
s>                    ( - -2.793e+03 1 0)
s>                    ( QUESTION0_6_R 1 -3.694e+04 1.788e+02 1.805e+02
s>                        ( - -1.082e+04 3 0 WDBNDRY_E 0 2.154e+02 5.266e+01)
s>                        ( - -2.594e+04 5 0 QUESTION4 1 2.068e+02 1.278e+02))))))INFO: dtree.c(1478): Final simple tree
|( WDBNDRY_E 0 -1.291e+05 7.121e+02 6.372e+02
|    ( QUESTION0_4_R 1 -6.673e+04 3.985e+02 3.286e+02
|        ( QUESTION0_5_R 1 -1.726e+04 1.788e+02 9.077e+01
|            ( - -2.035e+03 1 0)
|            ( - -1.505e+04 1 0))
|        ( SILENCE 1 -4.907e+04 2.945e+02 2.379e+02
|            ( QUESTION2_11_L -1 -6.978e+03 1.790e+02 3.418e+01
|                ( - -2.792e+03 1 0)
|                ( - -4.007e+03 2 0 QUESTION4 -1 1.644e+02 1.998e+01))
|            ( QUESTION0_9_R 1 -4.180e+04 2.462e+02 2.037e+02
|                ( QUESTION5 1 -2.179e+04 1.695e+02 1.086e+02
|                    ( - -3.810e+03 1 0)
|                    ( - -1.781e+04 2 0 QUESTION0_10_R 1 1.407e+02 8.856e+01))
|                ( - -1.976e+04 4 0 QUESTION0_1_R 1 1.556e+02 9.513e+01))))
|    ( - -6.169e+04 1 0))
s>    ( WDBNDRY_E 0 -1.291e+05 7.121e+02 6.372e+02
s>        ( QUESTION0_4_R 1 -6.673e+04 3.985e+02 3.286e+02
s>            ( QUESTION0_5_R 1 -1.726e+04 1.788e+02 9.077e+01
s>                ( - -2.035e+03 1 0)
s>                ( - -1.505e+04 1 0))
s>            ( SILENCE 1 -4.907e+04 2.945e+02 2.379e+02
s>                ( QUESTION2_11_L -1 -6.978e+03 1.790e+02 3.418e+01
s>                    ( - -2.792e+03 1 0)
s>                    ( - -4.007e+03 2 0 QUESTION4 -1 1.644e+02 1.998e+01))
s>                ( QUESTION0_9_R 1 -4.180e+04 2.462e+02 2.037e+02
s>                    ( QUESTION5 1 -2.179e+04 1.695e+02 1.086e+02
s>                        ( - -3.810e+03 1 0)
s>                        ( - -1.781e+04 2 0 QUESTION0_10_R 1 1.407e+02 8.856e+01))
s>                    ( - -1.976e+04 4 0 QUESTION0_1_R 1 1.556e+02 9.513e+01))))
s>        ( - -6.169e+04 1 0))INFO: dtree.c(1315): Comp split 8
INFO: dtree.c(1439): stop. leaf nodes are specific
INFO: dtree.c(1478): Final simple tree
|( QUESTION0_6_R 1 -7.449e+04 4.760e+02 3.500e+02
|    ( - 1.342e+02 1 0)
|    ( QUESTION0_10_R 1 -7.415e+04 4.245e+02 3.490e+02
|        ( QUESTION4 -1 -5.708e+04 2.378e+02 2.701e+02
|            ( - -3.739e+03 1 0)
|            ( QUESTION11 -1 -5.310e+04 2.119e+02 2.526e+02
|                ( - -2.078e+04 1 0)
|                ( - -3.211e+04 1 0)))
|        ( WDBNDRY_E 0 -1.665e+04 2.788e+02 7.894e+01
|            ( - -5.755e+03 1 0)
|            ( - -1.062e+04 1 0))))
s>    ( QUESTION0_6_R 1 -7.449e+04 4.760e+02 3.500e+02
s>        ( - 1.342e+02 1 0)
s>        ( QUESTION0_10_R 1 -7.415e+04 4.245e+02 3.490e+02
s>            ( QUESTION4 -1 -5.708e+04 2.378e+02 2.701e+02
s>                ( - -3.739e+03 1 0)
s>                ( QUESTION11 -1 -5.310e+04 2.119e+02 2.526e+02
s>                    ( - -2.078e+04 1 0)
s>                    ( - -3.211e+04 1 0)))
s>            ( WDBNDRY_E 0 -1.665e+04 2.788e+02 7.894e+01
s>                ( - -5.755e+03 1 0)
s>                ( - -1.062e+04 1 0))))INFO: dtree.c(1478): Final simple tree
|( QUESTION4 1 -4.296e+05 4.443e+02 2.120e+03
|    ( QUESTION4 -1 -8.199e+04 3.781e+02 4.054e+02
|        ( - -3.680e+04 3 0 QUESTION0_12_R 1 2.497e+02 1.851e+02)
|        ( QUESTION0_1_R 1 -4.481e+04 3.280e+02 2.203e+02
|            ( - -6.188e+03 1 0)
|            ( - -3.830e+04 3 0 QUESTION11 -1 2.598e+02 1.883e+02)))
|    ( QUESTION10 1 -3.472e+05 4.244e+02 1.715e+03
|        ( QUESTION16 1 -2.508e+05 4.060e+02 1.244e+03
|            ( - -2.040e+04 2 0 QUESTION11 -1 1.808e+02 1.070e+02)
|            ( QUESTION0_6_R 1 -2.300e+05 4.164e+02 1.137e+03
|                ( - -1.323e+04 3 0 QUESTION11 -1 2.589e+02 6.401e+01)
|                ( QUESTION19 1 -2.163e+05 3.840e+02 1.073e+03
|                    ( - -6.887e+04 3 0 QUESTION4 -1 3.242e+02 3.440e+02)
|                    ( - -1.471e+05 8 0 QUESTION12 -1 3.082e+02 7.286e+02))))
|        ( - -9.598e+04 5 0 QUESTION11 -1 2.329e+02 4.710e+02)))
s>    ( QUESTION4 1 -4.296e+05 4.443e+02 2.120e+03
s>        ( QUESTION4 -1 -8.199e+04 3.781e+02 4.054e+02
s>            ( - -3.680e+04 3 0 QUESTION0_12_R 1 2.497e+02 1.851e+02)
s>            ( QUESTION0_1_R 1 -4.481e+04 3.280e+02 2.203e+02
s>                ( - -6.188e+03 1 0)
s>                ( - -3.830e+04 3 0 QUESTION11 -1 2.598e+02 1.883e+02)))
s>        ( QUESTION10 1 -3.472e+05 4.244e+02 1.715e+03
s>            ( QUESTION16 1 -2.508e+05 4.060e+02 1.244e+03
s>                ( - -2.040e+04 2 0 QUESTION11 -1 1.808e+02 1.070e+02)
s>                ( QUESTION0_6_R 1 -2.300e+05 4.164e+02 1.137e+03
s>                    ( - -1.323e+04 3 0 QUESTION11 -1 2.589e+02 6.401e+01)
s>                    ( QUESTION19 1 -2.163e+05 3.840e+02 1.073e+03
s>                        ( - -6.887e+04 3 0 QUESTION4 -1 3.242e+02 3.440e+02)
s>                        ( - -1.471e+05 8 0 QUESTION12 -1 3.082e+02 7.286e+02))))
s>            ( - -9.598e+04 5 0 QUESTION11 -1 2.329e+02 4.710e+02)))INFO: dtree.c(1315): Comp split 9
INFO: dtree.c(1478): Final simple tree
|( QUESTION0_4_R 1 -6.673e+04 3.985e+02 3.286e+02
|    ( QUESTION0_5_R 1 -1.726e+04 1.788e+02 9.077e+01
|        ( - -2.035e+03 1 0)
|        ( - -1.505e+04 1 0))
|    ( SILENCE 1 -4.907e+04 2.945e+02 2.379e+02
|        ( QUESTION2_11_L -1 -6.978e+03 1.790e+02 3.418e+01
|            ( - -2.792e+03 1 0)
|            ( QUESTION4 -1 -4.007e+03 1.644e+02 1.998e+01
|                ( - -3.158e+03 1 0)
|                ( - -6.843e+02 1 0)))
|        ( QUESTION0_9_R 1 -4.180e+04 2.462e+02 2.037e+02
|            ( QUESTION5 1 -2.179e+04 1.695e+02 1.086e+02
|                ( - -3.810e+03 1 0)
|                ( - -1.781e+04 2 0 QUESTION0_10_R 1 1.407e+02 8.856e+01))
|            ( - -1.976e+04 4 0 QUESTION0_1_R 1 1.556e+02 9.513e+01))))
s>    ( QUESTION0_4_R 1 -6.673e+04 3.985e+02 3.286e+02
s>        ( QUESTION0_5_R 1 -1.726e+04 1.788e+02 9.077e+01
s>            ( - -2.035e+03 1 0)
s>            ( - -1.505e+04 1 0))
s>        ( SILENCE 1 -4.907e+04 2.945e+02 2.379e+02
s>            ( QUESTION2_11_L -1 -6.978e+03 1.790e+02 3.418e+01
s>                ( - -2.792e+03 1 0)
s>                ( QUESTION4 -1 -4.007e+03 1.644e+02 1.998e+01
s>                    ( - -3.158e+03 1 0)
s>                    ( - -6.843e+02 1 0)))
s>            ( QUESTION0_9_R 1 -4.180e+04 2.462e+02 2.037e+02
s>                ( QUESTION5 1 -2.179e+04 1.695e+02 1.086e+02
s>                    ( - -3.810e+03 1 0)
s>                    ( - -1.781e+04 2 0 QUESTION0_10_R 1 1.407e+02 8.856e+01))
s>                ( - -1.976e+04 4 0 QUESTION0_1_R 1 1.556e+02 9.513e+01))))INFO: dtree.c(1315): Comp split 10
INFO: dtree.c(1478): Final simple tree
|( QUESTION3 1 -1.861e+05 5.914e+02 8.873e+02
|    ( QUESTION4 -1 -1.471e+05 4.890e+02 7.033e+02
|        ( - -4.002e+04 2 0)
|        ( QUESTION0_0_R 1 -1.066e+05 1.567e+02 5.180e+02
|            ( QUESTION11 -1 -1.027e+05 1.473e+02 5.000e+02
|                ( - -4.403e+04 2 0)
|                ( - -5.849e+04 2 0))
|            ( - -3.771e+03 1 0)))
|    ( SILENCE 1 -3.842e+04 2.066e+02 1.840e+02
|        ( QUESTION11 -1 -2.981e+04 1.843e+02 1.440e+02
|            ( - -5.138e+03 1 0)
|            ( QUESTION4 -1 -2.449e+04 1.594e+02 1.187e+02
|                ( - -5.686e+03 1 0)
|                ( - -1.864e+04 1 0)))
|        ( - -8.401e+03 2 0)))
s>    ( QUESTION3 1 -1.861e+05 5.914e+02 8.873e+02
s>        ( QUESTION4 -1 -1.471e+05 4.890e+02 7.033e+02
s>            ( - -4.002e+04 2 0)
s>            ( QUESTION0_0_R 1 -1.066e+05 1.567e+02 5.180e+02
s>                ( QUESTION11 -1 -1.027e+05 1.473e+02 5.000e+02
s>                    ( - -4.403e+04 2 0)
s>                    ( - -5.849e+04 2 0))
s>                ( - -3.771e+03 1 0)))
s>        ( SILENCE 1 -3.842e+04 2.066e+02 1.840e+02
s>            ( QUESTION11 -1 -2.981e+04 1.843e+02 1.440e+02
s>                ( - -5.138e+03 1 0)
s>                ( QUESTION4 -1 -2.449e+04 1.594e+02 1.187e+02
s>                    ( - -5.686e+03 1 0)
s>                    ( - -1.864e+04 1 0)))
s>            ( - -8.401e+03 2 0)))INFO: dtree.c(1315): Comp split 11
INFO: dtree.c(1439): stop. leaf nodes are specific
INFO: dtree.c(1478): Final simple tree
|( QUESTION0_2_R 1 -5.837e+04 3.640e+02 2.843e+02
|    ( - -6.188e+03 1 0)
|    ( QUESTION0_1_R 1 -5.182e+04 2.994e+02 2.523e+02
|        ( QUESTION11 -1 -1.323e+04 2.589e+02 6.401e+01
|            ( - -2.126e+03 1 0)
|            ( QUESTION11 1 -1.084e+04 1.870e+02 5.301e+01
|                ( - -9.016e+03 1 0)
|                ( - -1.639e+03 1 0)))
|        ( QUESTION11 -1 -3.830e+04 2.598e+02 1.883e+02
|            ( QUESTION0_12_R 1 -2.506e+04 2.601e+02 1.235e+02
|                ( - -1.613e+04 1 0)
|                ( - -8.663e+03 1 0))
|            ( - -1.298e+04 1 0))))
s>    ( QUESTION0_2_R 1 -5.837e+04 3.640e+02 2.843e+02
s>        ( - -6.188e+03 1 0)
s>        ( QUESTION0_1_R 1 -5.182e+04 2.994e+02 2.523e+02
s>            ( QUESTION11 -1 -1.323e+04 2.589e+02 6.401e+01
s>                ( - -2.126e+03 1 0)
s>                ( QUESTION11 1 -1.084e+04 1.870e+02 5.301e+01
s>                    ( - -9.016e+03 1 0)
s>                    ( - -1.639e+03 1 0)))
s>            ( QUESTION11 -1 -3.830e+04 2.598e+02 1.883e+02
s>                ( QUESTION0_12_R 1 -2.506e+04 2.601e+02 1.235e+02
s>                    ( - -1.613e+04 1 0)
s>                    ( - -8.663e+03 1 0))
s>                ( - -1.298e+04 1 0))))INFO: dtree.c(1478): Final simple tree
|( QUESTION0 1 -3.707e+05 4.465e+02 1.836e+03
|    ( - -7.443e+04 2 0 QUESTION11 -1 2.431e+02 3.637e+02)
|    ( QUESTION19 1 -2.958e+05 3.826e+02 1.472e+03
|        ( QUESTION4 -1 -6.887e+04 3.242e+02 3.440e+02
|            ( - -8.838e+03 1 0)
|            ( - -5.971e+04 2 0 QUESTION11 -1 1.750e+02 2.987e+02))
|        ( QUESTION0_4_R 1 -2.265e+05 3.784e+02 1.128e+03
|            ( QUESTION4 -1 -6.097e+04 3.067e+02 3.015e+02
|                ( - -2.287e+04 1 0)
|                ( - -3.780e+04 2 0 QUESTION11 -1 1.733e+02 1.885e+02))
|            ( QUESTION14 1 -1.652e+05 3.251e+02 8.265e+02
|                ( - -2.040e+04 2 0 QUESTION11 -1 1.808e+02 1.070e+02)
|                ( QUESTION4 1 -1.445e+05 2.838e+02 7.195e+02
|                    ( - -3.680e+04 3 0 QUESTION0_12_R 1 2.497e+02 1.851e+02)
|                    ( - -1.074e+05 8 0 QUESTION12 -1 2.938e+02 5.344e+02))))))
s>    ( QUESTION0 1 -3.707e+05 4.465e+02 1.836e+03
s>        ( - -7.443e+04 2 0 QUESTION11 -1 2.431e+02 3.637e+02)
s>        ( QUESTION19 1 -2.958e+05 3.826e+02 1.472e+03
s>            ( QUESTION4 -1 -6.887e+04 3.242e+02 3.440e+02
s>                ( - -8.838e+03 1 0)
s>                ( - -5.971e+04 2 0 QUESTION11 -1 1.750e+02 2.987e+02))
s>            ( QUESTION0_4_R 1 -2.265e+05 3.784e+02 1.128e+03
s>                ( QUESTION4 -1 -6.097e+04 3.067e+02 3.015e+02
s>                    ( - -2.287e+04 1 0)
s>                    ( - -3.780e+04 2 0 QUESTION11 -1 1.733e+02 1.885e+02))
s>                ( QUESTION14 1 -1.652e+05 3.251e+02 8.265e+02
s>                    ( - -2.040e+04 2 0 QUESTION11 -1 1.808e+02 1.070e+02)
s>                    ( QUESTION4 1 -1.445e+05 2.838e+02 7.195e+02
s>                        ( - -3.680e+04 3 0 QUESTION0_12_R 1 2.497e+02 1.851e+02)
s>                        ( - -1.074e+05 8 0 QUESTION12 -1 2.938e+02 5.344e+02))))))INFO: dtree.c(1315): Comp split 12
INFO: dtree.c(1439): stop. leaf nodes are specific
INFO: dtree.c(1478): Final simple tree
|( SILENCE 1 -3.842e+04 2.066e+02 1.840e+02
|    ( QUESTION11 -1 -2.981e+04 1.843e+02 1.440e+02
|        ( - -5.138e+03 1 0)
|        ( QUESTION4 -1 -2.449e+04 1.594e+02 1.187e+02
|            ( - -5.686e+03 1 0)
|            ( - -1.864e+04 1 0)))
|    ( - -8.401e+03 2 0))
s>    ( SILENCE 1 -3.842e+04 2.066e+02 1.840e+02
s>        ( QUESTION11 -1 -2.981e+04 1.843e+02 1.440e+02
s>            ( - -5.138e+03 1 0)
s>            ( QUESTION4 -1 -2.449e+04 1.594e+02 1.187e+02
s>                ( - -5.686e+03 1 0)
s>                ( - -1.864e+04 1 0)))
s>        ( - -8.401e+03 2 0))INFO: dtree.c(1439): stop. leaf nodes are specific
INFO: dtree.c(1478): Final simple tree
|( QUESTION4 -1 -1.471e+05 4.890e+02 7.033e+02
|    ( - -4.002e+04 2 0)
|    ( QUESTION0_0_R 1 -1.066e+05 1.567e+02 5.180e+02
|        ( QUESTION11 -1 -1.027e+05 1.473e+02 5.000e+02
|            ( - -4.403e+04 2 0)
|            ( - -5.849e+04 2 0))
|        ( - -3.771e+03 1 0)))
s>    ( QUESTION4 -1 -1.471e+05 4.890e+02 7.033e+02
s>        ( - -4.002e+04 2 0)
s>        ( QUESTION0_0_R 1 -1.066e+05 1.567e+02 5.180e+02
s>            ( QUESTION11 -1 -1.027e+05 1.473e+02 5.000e+02
s>                ( - -4.403e+04 2 0)
s>                ( - -5.849e+04 2 0))
s>            ( - -3.771e+03 1 0)))INFO: dtree.c(1315): Comp split 13
INFO: dtree.c(1439): stop. leaf nodes are specific
INFO: dtree.c(1478): Final simple tree
|( QUESTION12 -1 -9.757e+04 2.904e+02 4.767e+02
|    ( - -5.544e+04 1 0)
|    ( QUESTION0_2_R 1 -4.184e+04 2.284e+02 2.065e+02
|        ( - -1.874e+04 1 0)
|        ( - -2.287e+04 1 0)))
s>    ( QUESTION12 -1 -9.757e+04 2.904e+02 4.767e+02
s>        ( - -5.544e+04 1 0)
s>        ( QUESTION0_2_R 1 -4.184e+04 2.284e+02 2.065e+02
s>            ( - -1.874e+04 1 0)
s>            ( - -2.287e+04 1 0)))INFO: dtree.c(1478): Final simple tree
|( QUESTION19 1 -2.726e+05 3.849e+02 1.359e+03
|    ( QUESTION4 -1 -6.887e+04 3.242e+02 3.440e+02
|        ( - -8.838e+03 1 0)
|        ( - -5.971e+04 2 0 QUESTION11 -1 1.750e+02 2.987e+02))
|    ( QUESTION12 -1 -2.033e+05 3.386e+02 1.015e+03
|        ( QUESTION0_4_R 1 -5.486e+04 3.244e+02 2.765e+02
|            ( - -3.266e+04 1 0)
|            ( - -2.188e+04 2 0 QUESTION0_1_R 1 2.444e+02 1.140e+02))
|        ( QUESTION4 1 -1.481e+05 3.019e+02 7.385e+02
|            ( QUESTION0_12_R 1 -3.680e+04 2.497e+02 1.851e+02
|                ( - -2.606e+04 1 0)
|                ( QUESTION0_1_R 1 -1.049e+04 2.740e+02 5.298e+01
|                    ( - -5.914e+03 1 0)
|                    ( - -4.301e+03 1 0)))
|            ( - -1.110e+05 9 0 QUESTION0_13_R 1 2.259e+02 5.534e+02))))
s>    ( QUESTION19 1 -2.726e+05 3.849e+02 1.359e+03
s>        ( QUESTION4 -1 -6.887e+04 3.242e+02 3.440e+02
s>            ( - -8.838e+03 1 0)
s>            ( - -5.971e+04 2 0 QUESTION11 -1 1.750e+02 2.987e+02))
s>        ( QUESTION12 -1 -2.033e+05 3.386e+02 1.015e+03
s>            ( QUESTION0_4_R 1 -5.486e+04 3.244e+02 2.765e+02
s>                ( - -3.266e+04 1 0)
s>                ( - -2.188e+04 2 0 QUESTION0_1_R 1 2.444e+02 1.140e+02))
s>            ( QUESTION4 1 -1.481e+05 3.019e+02 7.385e+02
s>                ( QUESTION0_12_R 1 -3.680e+04 2.497e+02 1.851e+02
s>                    ( - -2.606e+04 1 0)
s>                    ( QUESTION0_1_R 1 -1.049e+04 2.740e+02 5.298e+01
s>                        ( - -5.914e+03 1 0)
s>                        ( - -4.301e+03 1 0)))
s>                ( - -1.110e+05 9 0 QUESTION0_13_R 1 2.259e+02 5.534e+02))))INFO: dtree.c(1315): Comp split 14
INFO: dtree.c(1478): Final simple tree
|( QUESTION19 1 -2.102e+05 3.921e+02 1.046e+03
|    ( QUESTION11 -1 -5.971e+04 1.750e+02 2.987e+02
|        ( - -2.617e+04 1 0)
|        ( - -3.337e+04 1 0))
|    ( QUESTION12 -1 -1.501e+05 3.244e+02 7.469e+02
|        ( - -3.266e+04 1 0)
|        ( QUESTION0_13_R 1 -1.171e+05 2.252e+02 5.844e+02
|            ( - -2.801e+02 1 0)
|            ( QUESTION0_8_R 1 -1.166e+05 2.212e+02 5.824e+02
|                ( - -7.073e+04 3 0 QUESTION4 -1 1.249e+02 3.501e+02)
|                ( QUESTION0_2_R 1 -4.566e+04 1.809e+02 2.323e+02
|                    ( - -5.914e+03 1 0)
|                    ( QUESTION13 1 -3.957e+04 1.744e+02 2.013e+02
|                        ( - -1.288e+04 1 0)
|                        ( - -2.651e+04 4 0 QUESTION4 -1 1.798e+02 1.333e+02)))))))
s>    ( QUESTION19 1 -2.102e+05 3.921e+02 1.046e+03
s>        ( QUESTION11 -1 -5.971e+04 1.750e+02 2.987e+02
s>            ( - -2.617e+04 1 0)
s>            ( - -3.337e+04 1 0))
s>        ( QUESTION12 -1 -1.501e+05 3.244e+02 7.469e+02
s>            ( - -3.266e+04 1 0)
s>            ( QUESTION0_13_R 1 -1.171e+05 2.252e+02 5.844e+02
s>                ( - -2.801e+02 1 0)
s>                ( QUESTION0_8_R 1 -1.166e+05 2.212e+02 5.824e+02
s>                    ( - -7.073e+04 3 0 QUESTION4 -1 1.249e+02 3.501e+02)
s>                    ( QUESTION0_2_R 1 -4.566e+04 1.809e+02 2.323e+02
s>                        ( - -5.914e+03 1 0)
s>                        ( QUESTION13 1 -3.957e+04 1.744e+02 2.013e+02
s>                            ( - -1.288e+04 1 0)
s>                            ( - -2.651e+04 4 0 QUESTION4 -1 1.798e+02 1.333e+02)))))))INFO: dtree.c(1439): stop. leaf nodes are specific
INFO: dtree.c(1478): Final simple tree
|( QUESTION0_6_R 1 -6.188e+04 2.918e+02 3.134e+02
|    ( - -7.339e+03 1 0)
|    ( QUESTION0_8_R 1 -5.424e+04 2.280e+02 2.744e+02
|        ( - -1.430e+04 1 0)
|        ( QUESTION0_12_R 1 -3.972e+04 2.602e+02 1.994e+02
|            ( - -2.606e+04 1 0)
|            ( QUESTION0_1_R 1 -1.339e+04 2.547e+02 6.722e+01
|                ( - -8.838e+03 1 0)
|                ( - -4.301e+03 1 0)))))
s>    ( QUESTION0_6_R 1 -6.188e+04 2.918e+02 3.134e+02
s>        ( - -7.339e+03 1 0)
s>        ( QUESTION0_8_R 1 -5.424e+04 2.280e+02 2.744e+02
s>            ( - -1.430e+04 1 0)
s>            ( QUESTION0_12_R 1 -3.972e+04 2.602e+02 1.994e+02
s>                ( - -2.606e+04 1 0)
s>                ( QUESTION0_1_R 1 -1.339e+04 2.547e+02 6.722e+01
s>                    ( - -8.838e+03 1 0)
s>                    ( - -4.301e+03 1 0)))))INFO: dtree.c(1315): Comp split 15
INFO: dtree.c(1439): stop. leaf nodes are specific
INFO: dtree.c(1478): Final simple tree
|( QUESTION0_0_R 1 -1.066e+05 1.567e+02 5.180e+02
|    ( QUESTION11 -1 -1.027e+05 1.473e+02 5.000e+02
|        ( - -4.403e+04 2 0)
|        ( - -5.849e+04 2 0))
|    ( - -3.771e+03 1 0))
s>    ( QUESTION0_0_R 1 -1.066e+05 1.567e+02 5.180e+02
s>        ( QUESTION11 -1 -1.027e+05 1.473e+02 5.000e+02
s>            ( - -4.403e+04 2 0)
s>            ( - -5.849e+04 2 0))
s>        ( - -3.771e+03 1 0))INFO: dtree.c(1315): Comp split 16
INFO: dtree.c(1439): stop. leaf nodes are specific
INFO: dtree.c(1478): Final simple tree
|( QUESTION0_12_R 1 -2.185e+04 1.729e+02 1.154e+02
|    ( - -6.159e+03 1 0)
|    ( - -1.552e+04 1 0))
s>    ( QUESTION0_12_R 1 -2.185e+04 1.729e+02 1.154e+02
s>        ( - -6.159e+03 1 0)
s>        ( - -1.552e+04 1 0))INFO: dtree.c(1315): Comp split 17
INFO: dtree.c(1439): stop. leaf nodes are specific
INFO: dtree.c(1478): Final simple tree
|( QUESTION0_10_R 1 -7.415e+04 4.245e+02 3.490e+02
|    ( QUESTION4 -1 -5.708e+04 2.378e+02 2.701e+02
|        ( - -3.739e+03 1 0)
|        ( QUESTION11 -1 -5.310e+04 2.119e+02 2.526e+02
|            ( - -2.078e+04 1 0)
|            ( - -3.211e+04 1 0)))
|    ( WDBNDRY_E 0 -1.665e+04 2.788e+02 7.894e+01
|        ( - -5.755e+03 1 0)
|        ( - -1.062e+04 1 0)))
s>    ( QUESTION0_10_R 1 -7.415e+04 4.245e+02 3.490e+02
s>        ( QUESTION4 -1 -5.708e+04 2.378e+02 2.701e+02
s>            ( - -3.739e+03 1 0)
s>            ( QUESTION11 -1 -5.310e+04 2.119e+02 2.526e+02
s>                ( - -2.078e+04 1 0)
s>                ( - -3.211e+04 1 0)))
s>        ( WDBNDRY_E 0 -1.665e+04 2.788e+02 7.894e+01
s>            ( - -5.755e+03 1 0)
s>            ( - -1.062e+04 1 0)))INFO: dtree.c(1315): Comp split 18
INFO: dtree.c(1478): Final simple tree
|( QUESTION2 1 -7.995e+04 2.195e+02 3.956e+02
|    ( QUESTION0_2_R 1 -2.629e+04 2.109e+02 1.293e+02
|        ( QUESTION4 -1 -1.112e+04 1.978e+02 5.677e+01
|            ( - -2.115e+03 1 0)
|            ( - -8.808e+03 1 0))
|        ( WDBNDRY_E 0 -1.496e+04 1.893e+02 7.252e+01
|            ( - -1.224e+04 3 0 QUESTION4 -1 1.237e+02 5.951e+01)
|            ( - -2.523e+03 1 0)))
|    ( QUESTION2_10_L -1 -5.344e+04 1.912e+02 2.663e+02
|        ( - -2.434e+04 5 0 QUESTION0_4_R 1 1.601e+02 1.235e+02)
|        ( QUESTION4 1 -2.892e+04 2.072e+02 1.428e+02
|            ( - -9.178e+02 2 0)
|            ( QUESTION0_5_R 1 -2.779e+04 1.822e+02 1.388e+02
|                ( - -2.793e+03 1 0)
|                ( - -2.481e+04 3 0 QUESTION0_8_R 1 1.411e+02 1.238e+02)))))
s>    ( QUESTION2 1 -7.995e+04 2.195e+02 3.956e+02
s>        ( QUESTION0_2_R 1 -2.629e+04 2.109e+02 1.293e+02
s>            ( QUESTION4 -1 -1.112e+04 1.978e+02 5.677e+01
s>                ( - -2.115e+03 1 0)
s>                ( - -8.808e+03 1 0))
s>            ( WDBNDRY_E 0 -1.496e+04 1.893e+02 7.252e+01
s>                ( - -1.224e+04 3 0 QUESTION4 -1 1.237e+02 5.951e+01)
s>                ( - -2.523e+03 1 0)))
s>        ( QUESTION2_10_L -1 -5.344e+04 1.912e+02 2.663e+02
s>            ( - -2.434e+04 5 0 QUESTION0_4_R 1 1.601e+02 1.235e+02)
s>            ( QUESTION4 1 -2.892e+04 2.072e+02 1.428e+02
s>                ( - -9.178e+02 2 0)
s>                ( QUESTION0_5_R 1 -2.779e+04 1.822e+02 1.388e+02
s>                    ( - -2.793e+03 1 0)
s>                    ( - -2.481e+04 3 0 QUESTION0_8_R 1 1.411e+02 1.238e+02)))))INFO: dtree.c(1439): stop. leaf nodes are specific
INFO: dtree.c(1478): Final simple tree
|( QUESTION0_1_R 1 -1.778e+04 1.998e+02 9.290e+01
|    ( - -5.883e+03 1 0)
|    ( - -1.170e+04 1 0))
s>    ( QUESTION0_1_R 1 -1.778e+04 1.998e+02 9.290e+01
s>        ( - -5.883e+03 1 0)
s>        ( - -1.170e+04 1 0))INFO: dtree.c(1315): Comp split 19
INFO: dtree.c(1439): stop. leaf nodes are specific
INFO: dtree.c(1478): Final simple tree
|( QUESTION4 -1 -5.708e+04 2.378e+02 2.701e+02
|    ( - -3.739e+03 1 0)
|    ( QUESTION11 -1 -5.310e+04 2.119e+02 2.526e+02
|        ( - -2.078e+04 1 0)
|        ( - -3.211e+04 1 0)))
s>    ( QUESTION4 -1 -5.708e+04 2.378e+02 2.701e+02
s>        ( - -3.739e+03 1 0)
s>        ( QUESTION11 -1 -5.310e+04 2.119e+02 2.526e+02
s>            ( - -2.078e+04 1 0)
s>            ( - -3.211e+04 1 0)))INFO: dtree.c(1439): stop. leaf nodes are specific
INFO: dtree.c(1478): Final simple tree
|( WDBNDRY_E 0 -1.665e+04 2.788e+02 7.894e+01
|    ( - -5.755e+03 1 0)
|    ( - -1.062e+04 1 0))
s>    ( WDBNDRY_E 0 -1.665e+04 2.788e+02 7.894e+01
s>        ( - -5.755e+03 1 0)
s>        ( - -1.062e+04 1 0))INFO: dtree.c(1315): Comp split 20
INFO: dtree.c(1439): stop. leaf nodes are specific
INFO: dtree.c(1478): Final simple tree
|( QUESTION0_1_R 1 -2.127e+04 1.957e+02 1.108e+02
|    ( QUESTION0_5_R 1 -1.726e+04 1.788e+02 9.077e+01
|        ( - -2.035e+03 1 0)
|        ( - -1.505e+04 1 0))
|    ( - -3.810e+03 1 0))
s>    ( QUESTION0_1_R 1 -2.127e+04 1.957e+02 1.108e+02
s>        ( QUESTION0_5_R 1 -1.726e+04 1.788e+02 9.077e+01
s>            ( - -2.035e+03 1 0)
s>            ( - -1.505e+04 1 0))
s>        ( - -3.810e+03 1 0))INFO: dtree.c(1478): Final simple tree
|( SILENCE 1 -4.505e+04 2.857e+02 2.179e+02
|    ( QUESTION2_11_L -1 -6.978e+03 1.790e+02 3.418e+01
|        ( - -2.792e+03 1 0)
|        ( QUESTION4 -1 -4.007e+03 1.644e+02 1.998e+01
|            ( - -3.158e+03 1 0)
|            ( - -6.843e+02 1 0)))
|    ( QUESTION0_11_R 1 -3.779e+04 2.640e+02 1.837e+02
|        ( - -1.558e+04 1 0)
|        ( QUESTION0_8_R 1 -2.195e+04 1.550e+02 1.061e+02
|            ( - -9.217e+03 1 0)
|            ( QUESTION0_2_R 1 -1.258e+04 1.361e+02 6.093e+01
|                ( - -2.402e+03 1 0)
|                ( QUESTION0 1 -1.004e+04 1.254e+02 4.911e+01
|                    ( - -8.223e+03 2 0 QUESTION0_1_R 1 8.937e+01 4.011e+01)
|                    ( - -1.689e+03 1 0))))))
s>    ( SILENCE 1 -4.505e+04 2.857e+02 2.179e+02
s>        ( QUESTION2_11_L -1 -6.978e+03 1.790e+02 3.418e+01
s>            ( - -2.792e+03 1 0)
s>            ( QUESTION4 -1 -4.007e+03 1.644e+02 1.998e+01
s>                ( - -3.158e+03 1 0)
s>                ( - -6.843e+02 1 0)))
s>        ( QUESTION0_11_R 1 -3.779e+04 2.640e+02 1.837e+02
s>            ( - -1.558e+04 1 0)
s>            ( QUESTION0_8_R 1 -2.195e+04 1.550e+02 1.061e+02
s>                ( - -9.217e+03 1 0)
s>                ( QUESTION0_2_R 1 -1.258e+04 1.361e+02 6.093e+01
s>                    ( - -2.402e+03 1 0)
s>                    ( QUESTION0 1 -1.004e+04 1.254e+02 4.911e+01
s>                        ( - -8.223e+03 2 0 QUESTION0_1_R 1 8.937e+01 4.011e+01)
s>                        ( - -1.689e+03 1 0))))))INFO: dtree.c(1315): Comp split 21
INFO: dtree.c(1439): stop. leaf nodes are specific
INFO: dtree.c(1478): Final simple tree
|( QUESTION11 -1 -6.580e+04 1.876e+02 3.297e+02
|    ( - -2.617e+04 1 0)
|    ( QUESTION0_2_R 1 -3.945e+04 1.659e+02 1.969e+02
|        ( - -5.914e+03 1 0)
|        ( - -3.337e+04 1 0)))
s>    ( QUESTION11 -1 -6.580e+04 1.876e+02 3.297e+02
s>        ( - -2.617e+04 1 0)
s>        ( QUESTION0_2_R 1 -3.945e+04 1.659e+02 1.969e+02
s>            ( - -5.914e+03 1 0)
s>            ( - -3.337e+04 1 0)))INFO: dtree.c(1478): Final simple tree
|( QUESTION12 -1 -1.440e+05 3.216e+02 7.159e+02
|    ( - -3.266e+04 1 0)
|    ( QUESTION0_13_R 1 -1.110e+05 2.259e+02 5.534e+02
|        ( - -2.801e+02 1 0)
|        ( QUESTION13 1 -1.105e+05 2.233e+02 5.514e+02
|            ( - -1.288e+04 1 0)
|            ( QUESTION0_9_R 1 -9.740e+04 1.767e+02 4.834e+02
|                ( QUESTION4 -1 -1.175e+04 1.931e+02 6.101e+01
|                    ( - -2.602e+03 1 0)
|                    ( - -8.953e+03 1 0))
|                ( QUESTION4 -1 -8.547e+04 1.644e+02 4.224e+02
|                    ( - -6.918e+04 2 0)
|                    ( QUESTION0_4_R 1 -1.613e+04 1.551e+02 7.932e+01
|                        ( - -4.970e+03 1 0)
|                        ( - -1.100e+04 2 0 QUESTION0_1_R 1 1.101e+02 5.332e+01)))))))
s>    ( QUESTION12 -1 -1.440e+05 3.216e+02 7.159e+02
s>        ( - -3.266e+04 1 0)
s>        ( QUESTION0_13_R 1 -1.110e+05 2.259e+02 5.534e+02
s>            ( - -2.801e+02 1 0)
s>            ( QUESTION13 1 -1.105e+05 2.233e+02 5.514e+02
s>                ( - -1.288e+04 1 0)
s>                ( QUESTION0_9_R 1 -9.740e+04 1.767e+02 4.834e+02
s>                    ( QUESTION4 -1 -1.175e+04 1.931e+02 6.101e+01
s>                        ( - -2.602e+03 1 0)
s>                        ( - -8.953e+03 1 0))
s>                    ( QUESTION4 -1 -8.547e+04 1.644e+02 4.224e+02
s>                        ( - -6.918e+04 2 0)
s>                        ( QUESTION0_4_R 1 -1.613e+04 1.551e+02 7.932e+01
s>                            ( - -4.970e+03 1 0)
s>                            ( - -1.100e+04 2 0 QUESTION0_1_R 1 1.101e+02 5.332e+01)))))))INFO: dtree.c(1315): Comp split 22
INFO: dtree.c(1439): stop. leaf nodes are specific
INFO: dtree.c(1478): Final simple tree
|( QUESTION11 -1 -2.962e+04 2.950e+02 1.420e+02
|    ( QUESTION0_1_R 1 -1.848e+04 2.202e+02 8.897e+01
|        ( - -2.126e+03 1 0)
|        ( - -1.613e+04 1 0))
|    ( QUESTION11 1 -1.084e+04 1.870e+02 5.301e+01
|        ( - -9.016e+03 1 0)
|        ( - -1.639e+03 1 0)))
s>    ( QUESTION11 -1 -2.962e+04 2.950e+02 1.420e+02
s>        ( QUESTION0_1_R 1 -1.848e+04 2.202e+02 8.897e+01
s>            ( - -2.126e+03 1 0)
s>            ( - -1.613e+04 1 0))
s>        ( QUESTION11 1 -1.084e+04 1.870e+02 5.301e+01
s>            ( - -9.016e+03 1 0)
s>            ( - -1.639e+03 1 0)))INFO: dtree.c(1439): stop. leaf nodes are specific
INFO: dtree.c(1478): Final simple tree
|( QUESTION0_1_R 1 -2.836e+04 2.718e+02 1.423e+02
|    ( - -6.188e+03 1 0)
|    ( QUESTION11 -1 -2.190e+04 2.605e+02 1.103e+02
|        ( - -8.663e+03 1 0)
|        ( - -1.298e+04 1 0)))
s>    ( QUESTION0_1_R 1 -2.836e+04 2.718e+02 1.423e+02
s>        ( - -6.188e+03 1 0)
s>        ( QUESTION11 -1 -2.190e+04 2.605e+02 1.103e+02
s>            ( - -8.663e+03 1 0)
s>            ( - -1.298e+04 1 0)))INFO: dtree.c(1315): Comp split 23
INFO: dtree.c(1439): stop. leaf nodes are specific
INFO: dtree.c(1478): Final simple tree
|( QUESTION4 -1 -1.705e+04 1.099e+02 7.973e+01
|    ( - -2.893e+03 2 0)
|    ( - -1.405e+04 2 0))
s>    ( QUESTION4 -1 -1.705e+04 1.099e+02 7.973e+01
s>        ( - -2.893e+03 2 0)
s>        ( - -1.405e+04 2 0))INFO: dtree.c(1315): Comp split 24
INFO: dtree.c(1439): stop. leaf nodes are specific
INFO: dtree.c(1478): Final simple tree
|( QUESTION0_6_R 1 -5.724e+04 2.844e+02 2.914e+02
|    ( - -7.339e+03 1 0)
|    ( QUESTION0_8_R 1 -4.962e+04 2.186e+02 2.524e+02
|        ( - -1.430e+04 1 0)
|        ( QUESTION0_1_R 1 -3.510e+04 1.999e+02 1.774e+02
|            ( - -8.838e+03 1 0)
|            ( - -2.606e+04 1 0))))
s>    ( QUESTION0_6_R 1 -5.724e+04 2.844e+02 2.914e+02
s>        ( - -7.339e+03 1 0)
s>        ( QUESTION0_8_R 1 -4.962e+04 2.186e+02 2.524e+02
s>            ( - -1.430e+04 1 0)
s>            ( QUESTION0_1_R 1 -3.510e+04 1.999e+02 1.774e+02
s>                ( - -8.838e+03 1 0)
s>                ( - -2.606e+04 1 0))))INFO: dtree.c(1315): Comp split 25
INFO: dtree.c(1478): Final simple tree
|( QUESTION0_13_R 1 -1.110e+05 2.259e+02 5.534e+02
|    ( - -2.801e+02 1 0)
|    ( QUESTION13 1 -1.105e+05 2.233e+02 5.514e+02
|        ( - -1.288e+04 1 0)
|        ( QUESTION0_9_R 1 -9.740e+04 1.767e+02 4.834e+02
|            ( QUESTION4 -1 -1.175e+04 1.931e+02 6.101e+01
|                ( - -2.602e+03 1 0)
|                ( - -8.953e+03 1 0))
|            ( QUESTION4 -1 -8.547e+04 1.644e+02 4.224e+02
|                ( - -6.918e+04 2 0)
|                ( QUESTION0_4_R 1 -1.613e+04 1.551e+02 7.932e+01
|                    ( - -4.970e+03 1 0)
|                    ( QUESTION0_1_R 1 -1.100e+04 1.101e+02 5.332e+01
|                        ( - -9.472e+03 1 0)
|                        ( - -1.421e+03 1 0)))))))
s>    ( QUESTION0_13_R 1 -1.110e+05 2.259e+02 5.534e+02
s>        ( - -2.801e+02 1 0)
s>        ( QUESTION13 1 -1.105e+05 2.233e+02 5.514e+02
s>            ( - -1.288e+04 1 0)
s>            ( QUESTION0_9_R 1 -9.740e+04 1.767e+02 4.834e+02
s>                ( QUESTION4 -1 -1.175e+04 1.931e+02 6.101e+01
s>                    ( - -2.602e+03 1 0)
s>                    ( - -8.953e+03 1 0))
s>                ( QUESTION4 -1 -8.547e+04 1.644e+02 4.224e+02
s>                    ( - -6.918e+04 2 0)
s>                    ( QUESTION0_4_R 1 -1.613e+04 1.551e+02 7.932e+01
s>                        ( - -4.970e+03 1 0)
s>                        ( QUESTION0_1_R 1 -1.100e+04 1.101e+02 5.332e+01
s>                            ( - -9.472e+03 1 0)
s>                            ( - -1.421e+03 1 0)))))))INFO: dtree.c(1315): Comp split 26
INFO: dtree.c(1439): stop. leaf nodes are specific
INFO: dtree.c(1478): Final simple tree
|( QUESTION2_11_L -1 -8.791e+03 1.882e+02 4.318e+01
|    ( SILENCE 1 -4.596e+03 1.147e+02 2.320e+01
|        ( - -2.792e+03 1 0)
|        ( - -1.689e+03 1 0))
|    ( QUESTION4 -1 -4.007e+03 1.644e+02 1.998e+01
|        ( - -3.158e+03 1 0)
|        ( - -6.843e+02 1 0)))
s>    ( QUESTION2_11_L -1 -8.791e+03 1.882e+02 4.318e+01
s>        ( SILENCE 1 -4.596e+03 1.147e+02 2.320e+01
s>            ( - -2.792e+03 1 0)
s>            ( - -1.689e+03 1 0))
s>        ( QUESTION4 -1 -4.007e+03 1.644e+02 1.998e+01
s>            ( - -3.158e+03 1 0)
s>            ( - -6.843e+02 1 0)))INFO: dtree.c(1439): stop. leaf nodes are specific
INFO: dtree.c(1478): Final simple tree
|( QUESTION0_11_R 1 -3.596e+04 2.627e+02 1.747e+02
|    ( - -1.558e+04 1 0)
|    ( QUESTION0_8_R 1 -2.012e+04 1.452e+02 9.714e+01
|        ( - -9.217e+03 1 0)
|        ( QUESTION0_2_R 1 -1.076e+04 1.355e+02 5.193e+01
|            ( - -2.402e+03 1 0)
|            ( QUESTION0_1_R 1 -8.223e+03 8.937e+01 4.011e+01
|                ( - -6.041e+03 1 0)
|                ( - -2.093e+03 1 0)))))
s>    ( QUESTION0_11_R 1 -3.596e+04 2.627e+02 1.747e+02
s>        ( - -1.558e+04 1 0)
s>        ( QUESTION0_8_R 1 -2.012e+04 1.452e+02 9.714e+01
s>            ( - -9.217e+03 1 0)
s>            ( QUESTION0_2_R 1 -1.076e+04 1.355e+02 5.193e+01
s>                ( - -2.402e+03 1 0)
s>                ( QUESTION0_1_R 1 -8.223e+03 8.937e+01 4.011e+01
s>                    ( - -6.041e+03 1 0)
s>                    ( - -2.093e+03 1 0)))))INFO: dtree.c(1315): Comp split 27
INFO: dtree.c(1439): stop. leaf nodes are specific
INFO: dtree.c(1478): Final simple tree
|( QUESTION11 1 -1.084e+04 1.870e+02 5.301e+01
|    ( - -9.016e+03 1 0)
|    ( - -1.639e+03 1 0))
s>    ( QUESTION11 1 -1.084e+04 1.870e+02 5.301e+01
s>        ( - -9.016e+03 1 0)
s>        ( - -1.639e+03 1 0))INFO: dtree.c(1439): stop. leaf nodes are specific
INFO: dtree.c(1478): Final simple tree
|( QUESTION0_1_R 1 -1.848e+04 2.202e+02 8.897e+01
|    ( - -2.126e+03 1 0)
|    ( - -1.613e+04 1 0))
s>    ( QUESTION0_1_R 1 -1.848e+04 2.202e+02 8.897e+01
s>        ( - -2.126e+03 1 0)
s>        ( - -1.613e+04 1 0))INFO: dtree.c(1315): Comp split 28
INFO: dtree.c(1439): stop. leaf nodes are specific
INFO: dtree.c(1478): Final simple tree
|( QUESTION0_2_R 1 -4.184e+04 2.284e+02 2.065e+02
|    ( - -1.874e+04 1 0)
|    ( - -2.287e+04 1 0))
s>    ( QUESTION0_2_R 1 -4.184e+04 2.284e+02 2.065e+02
s>        ( - -1.874e+04 1 0)
s>        ( - -2.287e+04 1 0))INFO: dtree.c(1315): Comp split 29
INFO: dtree.c(1439): stop. leaf nodes are specific
INFO: dtree.c(1478): Final simple tree
|( QUESTION0_8_R 1 -4.962e+04 2.186e+02 2.524e+02
|    ( - -1.430e+04 1 0)
|    ( QUESTION0_1_R 1 -3.510e+04 1.999e+02 1.774e+02
|        ( - -8.838e+03 1 0)
|        ( - -2.606e+04 1 0)))
s>    ( QUESTION0_8_R 1 -4.962e+04 2.186e+02 2.524e+02
s>        ( - -1.430e+04 1 0)
s>        ( QUESTION0_1_R 1 -3.510e+04 1.999e+02 1.774e+02
s>            ( - -8.838e+03 1 0)
s>            ( - -2.606e+04 1 0)))INFO: dtree.c(1315): Comp split 30
INFO: dtree.c(1439): stop. leaf nodes are specific
INFO: dtree.c(1478): Final simple tree
|( WDBNDRY_E 0 -1.602e+04 1.810e+02 7.652e+01
|    ( QUESTION0_1_R 1 -1.331e+04 1.532e+02 6.351e+01
|        ( QUESTION4 -1 -1.224e+04 1.237e+02 5.951e+01
|            ( - -8.085e+03 2 0)
|            ( - -4.035e+03 1 0))
|        ( - -9.178e+02 2 0))
|    ( - -2.523e+03 1 0))
s>    ( WDBNDRY_E 0 -1.602e+04 1.810e+02 7.652e+01
s>        ( QUESTION0_1_R 1 -1.331e+04 1.532e+02 6.351e+01
s>            ( QUESTION4 -1 -1.224e+04 1.237e+02 5.951e+01
s>                ( - -8.085e+03 2 0)
s>                ( - -4.035e+03 1 0))
s>            ( - -9.178e+02 2 0))
s>        ( - -2.523e+03 1 0))INFO: dtree.c(1478): Final simple tree
|( QUESTION0_2_R 1 -6.365e+04 2.166e+02 3.191e+02
|    ( QUESTION4 -1 -1.112e+04 1.978e+02 5.677e+01
|        ( - -2.115e+03 1 0)
|        ( - -8.808e+03 1 0))
|    ( QUESTION2_10_L -1 -5.231e+04 1.844e+02 2.623e+02
|        ( QUESTION0_4_R 1 -2.434e+04 1.601e+02 1.235e+02
|            ( - -2.782e+03 1 0)
|            ( QUESTION0_1_R 1 -2.140e+04 1.559e+02 1.085e+02
|                ( - -5.366e+03 1 0)
|                ( - -1.587e+04 3 0 QUESTION4 -1 1.311e+02 8.056e+01)))
|        ( QUESTION0_5_R 1 -2.779e+04 1.822e+02 1.388e+02
|            ( - -2.793e+03 1 0)
|            ( QUESTION0_8_R 1 -2.481e+04 1.411e+02 1.238e+02
|                ( - -7.116e+03 1 0)
|                ( - -1.756e+04 2 0 QUESTION0_1_R 1 1.250e+02 8.782e+01)))))
s>    ( QUESTION0_2_R 1 -6.365e+04 2.166e+02 3.191e+02
s>        ( QUESTION4 -1 -1.112e+04 1.978e+02 5.677e+01
s>            ( - -2.115e+03 1 0)
s>            ( - -8.808e+03 1 0))
s>        ( QUESTION2_10_L -1 -5.231e+04 1.844e+02 2.623e+02
s>            ( QUESTION0_4_R 1 -2.434e+04 1.601e+02 1.235e+02
s>                ( - -2.782e+03 1 0)
s>                ( QUESTION0_1_R 1 -2.140e+04 1.559e+02 1.085e+02
s>                    ( - -5.366e+03 1 0)
s>                    ( - -1.587e+04 3 0 QUESTION4 -1 1.311e+02 8.056e+01)))
s>            ( QUESTION0_5_R 1 -2.779e+04 1.822e+02 1.388e+02
s>                ( - -2.793e+03 1 0)
s>                ( QUESTION0_8_R 1 -2.481e+04 1.411e+02 1.238e+02
s>                    ( - -7.116e+03 1 0)
s>                    ( - -1.756e+04 2 0 QUESTION0_1_R 1 1.250e+02 8.782e+01)))))INFO: dtree.c(1315): Comp split 31
INFO: dtree.c(1315): Comp split 32
INFO: dtree.c(1439): stop. leaf nodes are specific
INFO: dtree.c(1478): Final simple tree
|( QUESTION0_1_R 1 -2.199e+04 1.531e+02 1.150e+02
|    ( - -1.288e+04 1 0)
|    ( - -8.953e+03 1 0))
s>    ( QUESTION0_1_R 1 -2.199e+04 1.531e+02 1.150e+02
s>        ( - -1.288e+04 1 0)
s>        ( - -8.953e+03 1 0))INFO: dtree.c(1439): stop. leaf nodes are specific
INFO: dtree.c(1478): Final simple tree
|( QUESTION0_13_R 1 -8.875e+04 2.255e+02 4.384e+02
|    ( - -2.801e+02 1 0)
|    ( QUESTION4 -1 -8.824e+04 1.661e+02 4.364e+02
|        ( QUESTION0_8_R 1 -7.195e+04 1.644e+02 3.571e+02
|            ( - -6.918e+04 2 0)
|            ( - -2.602e+03 1 0))
|        ( QUESTION0_4_R 1 -1.613e+04 1.551e+02 7.932e+01
|            ( - -4.970e+03 1 0)
|            ( QUESTION0_1_R 1 -1.100e+04 1.101e+02 5.332e+01
|                ( - -9.472e+03 1 0)
|                ( - -1.421e+03 1 0)))))
s>    ( QUESTION0_13_R 1 -8.875e+04 2.255e+02 4.384e+02
s>        ( - -2.801e+02 1 0)
s>        ( QUESTION4 -1 -8.824e+04 1.661e+02 4.364e+02
s>            ( QUESTION0_8_R 1 -7.195e+04 1.644e+02 3.571e+02
s>                ( - -6.918e+04 2 0)
s>                ( - -2.602e+03 1 0))
s>            ( QUESTION0_4_R 1 -1.613e+04 1.551e+02 7.932e+01
s>                ( - -4.970e+03 1 0)
s>                ( QUESTION0_1_R 1 -1.100e+04 1.101e+02 5.332e+01
s>                    ( - -9.472e+03 1 0)
s>                    ( - -1.421e+03 1 0)))))INFO: dtree.c(1315): Comp split 33
INFO: dtree.c(1439): stop. leaf nodes are specific
INFO: dtree.c(1478): Final simple tree
|( QUESTION11 -1 -2.190e+04 2.605e+02 1.103e+02
|    ( - -8.663e+03 1 0)
|    ( - -1.298e+04 1 0))
s>    ( QUESTION11 -1 -2.190e+04 2.605e+02 1.103e+02
s>        ( - -8.663e+03 1 0)
s>        ( - -1.298e+04 1 0))INFO: dtree.c(1315): Comp split 34
INFO: dtree.c(1439): stop. leaf nodes are specific
INFO: dtree.c(1478): Final simple tree
|( QUESTION0_8_R 1 -2.012e+04 1.452e+02 9.714e+01
|    ( - -9.217e+03 1 0)
|    ( QUESTION0_2_R 1 -1.076e+04 1.355e+02 5.193e+01
|        ( - -2.402e+03 1 0)
|        ( QUESTION0_1_R 1 -8.223e+03 8.937e+01 4.011e+01
|            ( - -6.041e+03 1 0)
|            ( - -2.093e+03 1 0))))
s>    ( QUESTION0_8_R 1 -2.012e+04 1.452e+02 9.714e+01
s>        ( - -9.217e+03 1 0)
s>        ( QUESTION0_2_R 1 -1.076e+04 1.355e+02 5.193e+01
s>            ( - -2.402e+03 1 0)
s>            ( QUESTION0_1_R 1 -8.223e+03 8.937e+01 4.011e+01
s>                ( - -6.041e+03 1 0)
s>                ( - -2.093e+03 1 0))))INFO: dtree.c(1315): Comp split 35
INFO: dtree.c(1315): Comp split 36
INFO: dtree.c(1439): stop. leaf nodes are specific
INFO: dtree.c(1478): Final simple tree
|( QUESTION11 -1 -5.310e+04 2.119e+02 2.526e+02
|    ( - -2.078e+04 1 0)
|    ( - -3.211e+04 1 0))
s>    ( QUESTION11 -1 -5.310e+04 2.119e+02 2.526e+02
s>        ( - -2.078e+04 1 0)
s>        ( - -3.211e+04 1 0))INFO: dtree.c(1315): Comp split 37
INFO: dtree.c(1439): stop. leaf nodes are specific
INFO: dtree.c(1478): Final simple tree
|( SILENCE 1 -1.424e+04 1.473e+02 6.814e+01
|    ( - -5.686e+03 1 0)
|    ( - -8.401e+03 2 0))
s>    ( SILENCE 1 -1.424e+04 1.473e+02 6.814e+01
s>        ( - -5.686e+03 1 0)
s>        ( - -8.401e+03 2 0))INFO: dtree.c(1439): stop. leaf nodes are specific
INFO: dtree.c(1478): Final simple tree
|( QUESTION11 -1 -2.395e+04 1.735e+02 1.159e+02
|    ( - -5.138e+03 1 0)
|    ( - -1.864e+04 1 0))
s>    ( QUESTION11 -1 -2.395e+04 1.735e+02 1.159e+02
s>        ( - -5.138e+03 1 0)
s>        ( - -1.864e+04 1 0))INFO: dtree.c(1315): Comp split 38
INFO: dtree.c(1315): Comp split 39
INFO: dtree.c(1439): stop. leaf nodes are specific
INFO: dtree.c(1478): Final simple tree
|( QUESTION2_10_L -1 -2.718e+04 2.062e+02 1.373e+02
|    ( QUESTION5 1 -2.486e+04 1.787e+02 1.253e+02
|        ( QUESTION4 -1 -9.353e+03 1.913e+02 4.757e+01
|            ( - -7.211e+03 1 0)
|            ( - -1.950e+03 1 0))
|        ( QUESTION0_1_R 1 -1.533e+04 1.288e+02 7.776e+01
|            ( - -8.808e+03 1 0)
|            ( - -6.391e+03 1 0)))
|    ( - -2.115e+03 1 0))
s>    ( QUESTION2_10_L -1 -2.718e+04 2.062e+02 1.373e+02
s>        ( QUESTION5 1 -2.486e+04 1.787e+02 1.253e+02
s>            ( QUESTION4 -1 -9.353e+03 1.913e+02 4.757e+01
s>                ( - -7.211e+03 1 0)
s>                ( - -1.950e+03 1 0))
s>            ( QUESTION0_1_R 1 -1.533e+04 1.288e+02 7.776e+01
s>                ( - -8.808e+03 1 0)
s>                ( - -6.391e+03 1 0)))
s>        ( - -2.115e+03 1 0))INFO: dtree.c(1439): stop. leaf nodes are specific
INFO: dtree.c(1478): Final simple tree
|( QUESTION0_5_R 1 -3.624e+04 1.706e+02 1.818e+02
|    ( - -2.793e+03 1 0)
|    ( QUESTION0_6_R 1 -3.328e+04 1.671e+02 1.668e+02
|        ( - -5.366e+03 1 0)
|        ( QUESTION4 -1 -2.775e+04 1.485e+02 1.388e+02
|            ( QUESTION0_8_R 1 -2.481e+04 1.411e+02 1.238e+02
|                ( - -7.116e+03 1 0)
|                ( QUESTION0_1_R 1 -1.756e+04 1.250e+02 8.782e+01
|                    ( - -2.578e+03 1 0)
|                    ( - -1.485e+04 1 0)))
|            ( - -2.782e+03 1 0))))
s>    ( QUESTION0_5_R 1 -3.624e+04 1.706e+02 1.818e+02
s>        ( - -2.793e+03 1 0)
s>        ( QUESTION0_6_R 1 -3.328e+04 1.671e+02 1.668e+02
s>            ( - -5.366e+03 1 0)
s>            ( QUESTION4 -1 -2.775e+04 1.485e+02 1.388e+02
s>                ( QUESTION0_8_R 1 -2.481e+04 1.411e+02 1.238e+02
s>                    ( - -7.116e+03 1 0)
s>                    ( QUESTION0_1_R 1 -1.756e+04 1.250e+02 8.782e+01
s>                        ( - -2.578e+03 1 0)
s>                        ( - -1.485e+04 1 0)))
s>                ( - -2.782e+03 1 0))))INFO: dtree.c(1315): Comp split 40
INFO: dtree.c(1439): stop. leaf nodes are specific
INFO: dtree.c(1478): Final simple tree
|( QUESTION2_10_L -1 -2.500e+04 2.001e+02 1.273e+02
|    ( QUESTION0_1_R 1 -2.268e+04 1.632e+02 1.153e+02
|        ( - -8.808e+03 1 0)
|        ( QUESTION4 -1 -1.371e+04 1.101e+02 7.056e+01
|            ( - -7.211e+03 1 0)
|            ( - -6.391e+03 1 0)))
|    ( - -2.115e+03 1 0))
s>    ( QUESTION2_10_L -1 -2.500e+04 2.001e+02 1.273e+02
s>        ( QUESTION0_1_R 1 -2.268e+04 1.632e+02 1.153e+02
s>            ( - -8.808e+03 1 0)
s>            ( QUESTION4 -1 -1.371e+04 1.101e+02 7.056e+01
s>                ( - -7.211e+03 1 0)
s>                ( - -6.391e+03 1 0)))
s>        ( - -2.115e+03 1 0))INFO: dtree.c(1315): Comp split 41
INFO: dtree.c(1439): stop. leaf nodes are specific
INFO: dtree.c(1478): Final simple tree
|( QUESTION4 -1 -8.824e+04 1.661e+02 4.364e+02
|    ( QUESTION0_8_R 1 -7.195e+04 1.644e+02 3.571e+02
|        ( - -6.918e+04 2 0)
|        ( - -2.602e+03 1 0))
|    ( QUESTION0_4_R 1 -1.613e+04 1.551e+02 7.932e+01
|        ( - -4.970e+03 1 0)
|        ( QUESTION0_1_R 1 -1.100e+04 1.101e+02 5.332e+01
|            ( - -9.472e+03 1 0)
|            ( - -1.421e+03 1 0))))
s>    ( QUESTION4 -1 -8.824e+04 1.661e+02 4.364e+02
s>        ( QUESTION0_8_R 1 -7.195e+04 1.644e+02 3.571e+02
s>            ( - -6.918e+04 2 0)
s>            ( - -2.602e+03 1 0))
s>        ( QUESTION0_4_R 1 -1.613e+04 1.551e+02 7.932e+01
s>            ( - -4.970e+03 1 0)
s>            ( QUESTION0_1_R 1 -1.100e+04 1.101e+02 5.332e+01
s>                ( - -9.472e+03 1 0)
s>                ( - -1.421e+03 1 0))))INFO: dtree.c(1315): Comp split 42
INFO: dtree.c(1315): Comp split 43
INFO: dtree.c(1439): stop. leaf nodes are specific
INFO: dtree.c(1478): Final simple tree
|( QUESTION0_1_R 1 -3.510e+04 1.999e+02 1.774e+02
|    ( - -8.838e+03 1 0)
|    ( - -2.606e+04 1 0))
s>    ( QUESTION0_1_R 1 -3.510e+04 1.999e+02 1.774e+02
s>        ( - -8.838e+03 1 0)
s>        ( - -2.606e+04 1 0))INFO: dtree.c(1315): Comp split 44
INFO: dtree.c(1315): Comp split 45
INFO: dtree.c(1439): stop. leaf nodes are specific
INFO: dtree.c(1478): Final simple tree
|( QUESTION0_1_R 1 -2.268e+04 1.632e+02 1.153e+02
|    ( - -8.808e+03 1 0)
|    ( QUESTION4 -1 -1.371e+04 1.101e+02 7.056e+01
|        ( - -7.211e+03 1 0)
|        ( - -6.391e+03 1 0)))
s>    ( QUESTION0_1_R 1 -2.268e+04 1.632e+02 1.153e+02
s>        ( - -8.808e+03 1 0)
s>        ( QUESTION4 -1 -1.371e+04 1.101e+02 7.056e+01
s>            ( - -7.211e+03 1 0)
s>            ( - -6.391e+03 1 0)))INFO: dtree.c(1315): Comp split 46
INFO: dtree.c(1315): Comp split 47
INFO: dtree.c(1315): Comp split 48
INFO: dtree.c(1439): stop. leaf nodes are specific
INFO: dtree.c(1478): Final simple tree
|( QUESTION0_5_R 1 -1.726e+04 1.788e+02 9.077e+01
|    ( - -2.035e+03 1 0)
|    ( - -1.505e+04 1 0))
s>    ( QUESTION0_5_R 1 -1.726e+04 1.788e+02 9.077e+01
s>        ( - -2.035e+03 1 0)
s>        ( - -1.505e+04 1 0))INFO: dtree.c(1315): Comp split 49
INFO: dtree.c(1439): stop. leaf nodes are specific
INFO: dtree.c(1478): Final simple tree
|( QUESTION0_6_R 1 -3.035e+04 1.682e+02 1.518e+02
|    ( - -5.366e+03 1 0)
|    ( QUESTION0_8_R 1 -2.481e+04 1.411e+02 1.238e+02
|        ( - -7.116e+03 1 0)
|        ( QUESTION0_1_R 1 -1.756e+04 1.250e+02 8.782e+01
|            ( - -2.578e+03 1 0)
|            ( - -1.485e+04 1 0))))
s>    ( QUESTION0_6_R 1 -3.035e+04 1.682e+02 1.518e+02
s>        ( - -5.366e+03 1 0)
s>        ( QUESTION0_8_R 1 -2.481e+04 1.411e+02 1.238e+02
s>            ( - -7.116e+03 1 0)
s>            ( QUESTION0_1_R 1 -1.756e+04 1.250e+02 8.782e+01
s>                ( - -2.578e+03 1 0)
s>                ( - -1.485e+04 1 0))))INFO: dtree.c(1439): stop. leaf nodes are specific
INFO: dtree.c(1478): Final simple tree
|( QUESTION0_5_R 1 -5.703e+03 1.284e+02 3.000e+01
|    ( - -2.793e+03 1 0)
|    ( - -2.782e+03 1 0))
s>    ( QUESTION0_5_R 1 -5.703e+03 1.284e+02 3.000e+01
s>        ( - -2.793e+03 1 0)
s>        ( - -2.782e+03 1 0))INFO: dtree.c(1315): Comp split 50
INFO: dtree.c(1439): stop. leaf nodes are specific
INFO: dtree.c(1478): Final simple tree
|( QUESTION4 -1 -4.007e+03 1.644e+02 1.998e+01
|    ( - -3.158e+03 1 0)
|    ( - -6.843e+02 1 0))
s>    ( QUESTION4 -1 -4.007e+03 1.644e+02 1.998e+01
s>        ( - -3.158e+03 1 0)
s>        ( - -6.843e+02 1 0))INFO: dtree.c(1439): stop. leaf nodes are specific
INFO: dtree.c(1478): Final simple tree
|( SILENCE 1 -4.596e+03 1.147e+02 2.320e+01
|    ( - -2.792e+03 1 0)
|    ( - -1.689e+03 1 0))
s>    ( SILENCE 1 -4.596e+03 1.147e+02 2.320e+01
s>        ( - -2.792e+03 1 0)
s>        ( - -1.689e+03 1 0))INFO: dtree.c(1315): Comp split 51
INFO: dtree.c(1439): stop. leaf nodes are specific
INFO: dtree.c(1478): Final simple tree
|( QUESTION0_2_R 1 -3.945e+04 1.659e+02 1.969e+02
|    ( - -5.914e+03 1 0)
|    ( - -3.337e+04 1 0))
s>    ( QUESTION0_2_R 1 -3.945e+04 1.659e+02 1.969e+02
s>        ( - -5.914e+03 1 0)
s>        ( - -3.337e+04 1 0))INFO: dtree.c(1315): Comp split 52
INFO: dtree.c(1315): Comp split 53
INFO: dtree.c(1439): stop. leaf nodes are specific
INFO: dtree.c(1478): Final simple tree
|( QUESTION0_1_R 1 -1.331e+04 1.532e+02 6.351e+01
|    ( QUESTION4 -1 -1.224e+04 1.237e+02 5.951e+01
|        ( - -8.085e+03 2 0)
|        ( - -4.035e+03 1 0))
|    ( - -9.178e+02 2 0))
s>    ( QUESTION0_1_R 1 -1.331e+04 1.532e+02 6.351e+01
s>        ( QUESTION4 -1 -1.224e+04 1.237e+02 5.951e+01
s>            ( - -8.085e+03 2 0)
s>            ( - -4.035e+03 1 0))
s>        ( - -9.178e+02 2 0))INFO: dtree.c(1315): Comp split 54
INFO: dtree.c(1315): Comp split 55
INFO: dtree.c(1315): Comp split 56
INFO: dtree.c(1315): Comp split 57
INFO: dtree.c(1439): stop. leaf nodes are specific
INFO: dtree.c(1478): Final simple tree
|( QUESTION0_8_R 1 -2.481e+04 1.411e+02 1.238e+02
|    ( - -7.116e+03 1 0)
|    ( QUESTION0_1_R 1 -1.756e+04 1.250e+02 8.782e+01
|        ( - -2.578e+03 1 0)
|        ( - -1.485e+04 1 0)))
s>    ( QUESTION0_8_R 1 -2.481e+04 1.411e+02 1.238e+02
s>        ( - -7.116e+03 1 0)
s>        ( QUESTION0_1_R 1 -1.756e+04 1.250e+02 8.782e+01
s>            ( - -2.578e+03 1 0)
s>            ( - -1.485e+04 1 0)))INFO: dtree.c(1315): Comp split 58
INFO: dtree.c(1439): stop. leaf nodes are specific
INFO: dtree.c(1478): Final simple tree
|( QUESTION0_4_R 1 -1.613e+04 1.551e+02 7.932e+01
|    ( - -4.970e+03 1 0)
|    ( QUESTION0_1_R 1 -1.100e+04 1.101e+02 5.332e+01
|        ( - -9.472e+03 1 0)
|        ( - -1.421e+03 1 0)))
s>    ( QUESTION0_4_R 1 -1.613e+04 1.551e+02 7.932e+01
s>        ( - -4.970e+03 1 0)
s>        ( QUESTION0_1_R 1 -1.100e+04 1.101e+02 5.332e+01
s>            ( - -9.472e+03 1 0)
s>            ( - -1.421e+03 1 0)))INFO: dtree.c(1439): stop. leaf nodes are specific
INFO: dtree.c(1478): Final simple tree
|( QUESTION0_8_R 1 -7.195e+04 1.644e+02 3.571e+02
|    ( - -6.918e+04 2 0)
|    ( - -2.602e+03 1 0))
s>    ( QUESTION0_8_R 1 -7.195e+04 1.644e+02 3.571e+02
s>        ( - -6.918e+04 2 0)
s>        ( - -2.602e+03 1 0))INFO: dtree.c(1315): Comp split 59
INFO: dtree.c(1315): Comp split 60
INFO: dtree.c(1315): Comp split 61
INFO: dtree.c(1315): Comp split 62
INFO: dtree.c(1439): stop. leaf nodes are specific
INFO: dtree.c(1478): Final simple tree
|( QUESTION0_0_R 1 -4.794e+04 1.398e+02 2.309e+02
|    ( - -4.403e+04 2 0)
|    ( - -3.771e+03 1 0))
s>    ( QUESTION0_0_R 1 -4.794e+04 1.398e+02 2.309e+02
s>        ( - -4.403e+04 2 0)
s>        ( - -3.771e+03 1 0))INFO: dtree.c(1315): Comp split 63
INFO: dtree.c(1439): stop. leaf nodes are specific
INFO: dtree.c(1478): Final simple tree
|( QUESTION4 -1 -1.371e+04 1.101e+02 7.056e+01
|    ( - -7.211e+03 1 0)
|    ( - -6.391e+03 1 0))
s>    ( QUESTION4 -1 -1.371e+04 1.101e+02 7.056e+01
s>        ( - -7.211e+03 1 0)
s>        ( - -6.391e+03 1 0))INFO: dtree.c(1315): Comp split 64
INFO: dtree.c(1439): stop. leaf nodes are specific
INFO: dtree.c(1478): Final simple tree
|( QUESTION0_1_R 1 -1.100e+04 1.101e+02 5.332e+01
|    ( - -9.472e+03 1 0)
|    ( - -1.421e+03 1 0))
s>    ( QUESTION0_1_R 1 -1.100e+04 1.101e+02 5.332e+01
s>        ( - -9.472e+03 1 0)
s>        ( - -1.421e+03 1 0))INFO: dtree.c(1315): Comp split 65
INFO: dtree.c(1439): stop. leaf nodes are specific
INFO: dtree.c(1478): Final simple tree
|( QUESTION4 -1 -1.224e+04 1.237e+02 5.951e+01
|    ( - -8.085e+03 2 0)
|    ( - -4.035e+03 1 0))
s>    ( QUESTION4 -1 -1.224e+04 1.237e+02 5.951e+01
s>        ( - -8.085e+03 2 0)
s>        ( - -4.035e+03 1 0))INFO: dtree.c(1315): Comp split 66
INFO: dtree.c(1315): Comp split 67
INFO: dtree.c(1315): Comp split 68
INFO: dtree.c(1439): stop. leaf nodes are specific
INFO: dtree.c(1478): Final simple tree
|( QUESTION0_1_R 1 -8.223e+03 8.937e+01 4.011e+01
|    ( - -6.041e+03 1 0)
|    ( - -2.093e+03 1 0))
s>    ( QUESTION0_1_R 1 -8.223e+03 8.937e+01 4.011e+01
s>        ( - -6.041e+03 1 0)
s>        ( - -2.093e+03 1 0))INFO: dtree.c(1439): stop. leaf nodes are specific
INFO: dtree.c(1478): Final simple tree
|( QUESTION0_1_R 1 -1.175e+04 1.345e+02 5.702e+01
|    ( - -2.402e+03 1 0)
|    ( - -9.217e+03 1 0))
s>    ( QUESTION0_1_R 1 -1.175e+04 1.345e+02 5.702e+01
s>        ( - -2.402e+03 1 0)
s>        ( - -9.217e+03 1 0))INFO: dtree.c(1315): Comp split 69
INFO: dtree.c(1439): stop. leaf nodes are specific
INFO: dtree.c(1478): Final simple tree
|( QUESTION0_1_R 1 -1.756e+04 1.250e+02 8.782e+01
|    ( - -2.578e+03 1 0)
|    ( - -1.485e+04 1 0))
s>    ( QUESTION0_1_R 1 -1.756e+04 1.250e+02 8.782e+01
s>        ( - -2.578e+03 1 0)
s>        ( - -1.485e+04 1 0))INFO: dtree.c(1315): Comp split 70
INFO: dtree.c(1315): Comp split 71
INFO: dtree.c(1315): Comp split 72
INFO: dtree.c(1315): Comp split 73
INFO: dtree.c(1315): Comp split 74
INFO: dtree.c(1315): Comp split 75
INFO: dtree.c(1315): Comp split 76
INFO: dtree.c(1315): Comp split 77
INFO: dtree.c(1315): Comp split 78
INFO: dtree.c(1315): Comp split 79
INFO: dtree.c(1315): Comp split 80
INFO: dtree.c(1318): stop. leaf nodes are specific
Mon Jan 30 07:35:50 2017
