Current configuration:
[NAME]		[DEFLT]	[VALUE]
-allphones	no	no
-cntthresh	0.00001	1.000000e-05
-csplitmax	100	2000
-csplitmin	1	1
-csplitthr	8e-4	0.000000e+00
-example	no	no
-fullvar	no	no
-help		no	no
-meanfn			/Users/benroye/forge/cmusphinx/voiceVim/model_parameters/voiceVim.cd_cont_untied/means
-mixwfn			/Users/benroye/forge/cmusphinx/voiceVim/model_parameters/voiceVim.cd_cont_untied/mixture_weights
-moddeffn		/Users/benroye/forge/cmusphinx/voiceVim/model_architecture/voiceVim.untied.mdef
-mwfloor	1e-4	1.000000e-08
-phone			th
-psetfn			/Users/benroye/forge/cmusphinx/voiceVim/model_architecture/voiceVim.tree_questions
-ssplitmax	5	7
-ssplitmin	1	1
-ssplitthr	8e-4	0.000000e+00
-state			1
-stwt			1.0,0.05,0.0,
-treefn			/Users/benroye/forge/cmusphinx/voiceVim/trees/voiceVim.unpruned/th-1.dtree
-ts2cbfn	.semi.	.cont.
-varfloor	0.00001	1.000000e-05
-varfn			/Users/benroye/forge/cmusphinx/voiceVim/model_parameters/voiceVim.cd_cont_untied/variances

INFO: main.c(223): Reading: /Users/benroye/forge/cmusphinx/voiceVim/model_architecture/voiceVim.untied.mdef
INFO: model_def_io.c(573): Model definition info:
INFO: model_def_io.c(574): 2249 total models defined (39 base, 2210 tri)
INFO: model_def_io.c(575): 8996 total states
INFO: model_def_io.c(576): 6747 total tied states
INFO: model_def_io.c(577): 117 total tied CI states
INFO: model_def_io.c(578): 39 total tied transition matrices
INFO: model_def_io.c(579): 4 max state/model
INFO: model_def_io.c(580): 4 min state/model
INFO: main.c(242): Building trees for [th SIL r b] through [th s r b]
INFO: main.c(269): Covering states |[5733 5777]| == 45
INFO: main.c(275): Reading: /Users/benroye/forge/cmusphinx/voiceVim/model_parameters/voiceVim.cd_cont_untied/mixture_weights
INFO: s3mixw_io.c(173): Read /Users/benroye/forge/cmusphinx/voiceVim/model_parameters/voiceVim.cd_cont_untied/mixture_weights [45x1x1 array]
INFO: main.c(311): 15 of 15 models have observation count greater than 0.000010
INFO: main.c(95): nrm stwt: 0.045 0.909 0.045 
INFO: s3gau_io.c(169): Read /Users/benroye/forge/cmusphinx/voiceVim/model_parameters/voiceVim.cd_cont_untied/means [6747x1x1 array]
INFO: s3gau_io.c(169): Read /Users/benroye/forge/cmusphinx/voiceVim/model_parameters/voiceVim.cd_cont_untied/variances [6747x1x1 array]
INFO: main.c(549): Reading: /Users/benroye/forge/cmusphinx/voiceVim/model_architecture/voiceVim.tree_questions
INFO: main.c(588): 174 total simple questions (166 phone; 8 word bndry)
INFO: main.c(590): 40 Left Only questions, and 42 Right Only questions
INFO: dtree.c(1478): Final simple tree
|( QUESTION0_8_R 1 -1.922e+04 4.630e+02 7.561e+01
|    ( - 2.198e+02 1 0)
|    ( QUESTION0_6_R 1 -1.898e+04 4.629e+02 7.461e+01
|        ( - 2.181e+02 1 0)
|        ( QUESTION0_2_R 1 -1.873e+04 4.633e+02 7.361e+01
|            ( - 1.985e+02 1 0)
|            ( QUESTION0_5_R 1 -1.847e+04 4.524e+02 7.261e+01
|                ( - 1.692e+02 1 0)
|                ( WDBNDRY_B 0 -1.818e+04 3.795e+02 7.161e+01
|                    ( - -1.091e+04 5 0 QUESTION1 -1 9.303e+01 4.390e+01)
|                    ( QUESTION0_11_R 1 -6.898e+03 2.040e+02 2.771e+01
|                        ( - -5.468e+02 1 0)
|                        ( QUESTION0_7_R 1 -6.147e+03 1.561e+02 2.571e+01
|                            ( - -2.463e+03 1 0)
|                            ( - -3.528e+03 4 0 SILENCE 1 1.424e+02 1.504e+01))))))))
s>    ( QUESTION0_8_R 1 -1.922e+04 4.630e+02 7.561e+01
s>        ( - 2.198e+02 1 0)
s>        ( QUESTION0_6_R 1 -1.898e+04 4.629e+02 7.461e+01
s>            ( - 2.181e+02 1 0)
s>            ( QUESTION0_2_R 1 -1.873e+04 4.633e+02 7.361e+01
s>                ( - 1.985e+02 1 0)
s>                ( QUESTION0_5_R 1 -1.847e+04 4.524e+02 7.261e+01
s>                    ( - 1.692e+02 1 0)
s>                    ( WDBNDRY_B 0 -1.818e+04 3.795e+02 7.161e+01
s>                        ( - -1.091e+04 5 0 QUESTION1 -1 9.303e+01 4.390e+01)
s>                        ( QUESTION0_11_R 1 -6.898e+03 2.040e+02 2.771e+01
s>                            ( - -5.468e+02 1 0)
s>                            ( QUESTION0_7_R 1 -6.147e+03 1.561e+02 2.571e+01
s>                                ( - -2.463e+03 1 0)
s>                                ( - -3.528e+03 4 0 SILENCE 1 1.424e+02 1.504e+01))))))))INFO: dtree.c(1315): Comp split 0
INFO: dtree.c(1478): Final simple tree
|( QUESTION0_6_R 1 -1.898e+04 4.629e+02 7.461e+01
|    ( - 2.181e+02 1 0)
|    ( QUESTION0_2_R 1 -1.873e+04 4.633e+02 7.361e+01
|        ( - 1.985e+02 1 0)
|        ( QUESTION0_5_R 1 -1.847e+04 4.524e+02 7.261e+01
|            ( - 1.692e+02 1 0)
|            ( WDBNDRY_B 0 -1.818e+04 3.795e+02 7.161e+01
|                ( - -1.091e+04 5 0 QUESTION1 -1 9.303e+01 4.390e+01)
|                ( QUESTION0_11_R 1 -6.898e+03 2.040e+02 2.771e+01
|                    ( - -5.468e+02 1 0)
|                    ( QUESTION0_7_R 1 -6.147e+03 1.561e+02 2.571e+01
|                        ( - -2.463e+03 1 0)
|                        ( SILENCE 1 -3.528e+03 1.424e+02 1.504e+01
|                            ( - -4.051e+02 2 0 QUESTION2_0_L -1 7.442e+02 2.000e+00)
|                            ( - -2.981e+03 2 0 QUESTION2_0_L -1 4.794e+02 1.304e+01))))))))
s>    ( QUESTION0_6_R 1 -1.898e+04 4.629e+02 7.461e+01
s>        ( - 2.181e+02 1 0)
s>        ( QUESTION0_2_R 1 -1.873e+04 4.633e+02 7.361e+01
s>            ( - 1.985e+02 1 0)
s>            ( QUESTION0_5_R 1 -1.847e+04 4.524e+02 7.261e+01
s>                ( - 1.692e+02 1 0)
s>                ( WDBNDRY_B 0 -1.818e+04 3.795e+02 7.161e+01
s>                    ( - -1.091e+04 5 0 QUESTION1 -1 9.303e+01 4.390e+01)
s>                    ( QUESTION0_11_R 1 -6.898e+03 2.040e+02 2.771e+01
s>                        ( - -5.468e+02 1 0)
s>                        ( QUESTION0_7_R 1 -6.147e+03 1.561e+02 2.571e+01
s>                            ( - -2.463e+03 1 0)
s>                            ( SILENCE 1 -3.528e+03 1.424e+02 1.504e+01
s>                                ( - -4.051e+02 2 0 QUESTION2_0_L -1 7.442e+02 2.000e+00)
s>                                ( - -2.981e+03 2 0 QUESTION2_0_L -1 4.794e+02 1.304e+01))))))))INFO: dtree.c(1315): Comp split 1
INFO: dtree.c(1478): Final simple tree
|( QUESTION0_2_R 1 -1.873e+04 4.633e+02 7.361e+01
|    ( - 1.985e+02 1 0)
|    ( QUESTION0_5_R 1 -1.847e+04 4.524e+02 7.261e+01
|        ( - 1.692e+02 1 0)
|        ( WDBNDRY_B 0 -1.818e+04 3.795e+02 7.161e+01
|            ( - -1.091e+04 5 0 QUESTION1 -1 9.303e+01 4.390e+01)
|            ( QUESTION0_11_R 1 -6.898e+03 2.040e+02 2.771e+01
|                ( - -5.468e+02 1 0)
|                ( QUESTION0_7_R 1 -6.147e+03 1.561e+02 2.571e+01
|                    ( - -2.463e+03 1 0)
|                    ( SILENCE 1 -3.528e+03 1.424e+02 1.504e+01
|                        ( QUESTION2_0_L -1 -4.051e+02 7.442e+02 2.000e+00
|                            ( - 1.840e+02 1 0)
|                            ( - 1.551e+02 1 0))
|                        ( - -2.981e+03 2 0 QUESTION2_0_L -1 4.794e+02 1.304e+01)))))))
s>    ( QUESTION0_2_R 1 -1.873e+04 4.633e+02 7.361e+01
s>        ( - 1.985e+02 1 0)
s>        ( QUESTION0_5_R 1 -1.847e+04 4.524e+02 7.261e+01
s>            ( - 1.692e+02 1 0)
s>            ( WDBNDRY_B 0 -1.818e+04 3.795e+02 7.161e+01
s>                ( - -1.091e+04 5 0 QUESTION1 -1 9.303e+01 4.390e+01)
s>                ( QUESTION0_11_R 1 -6.898e+03 2.040e+02 2.771e+01
s>                    ( - -5.468e+02 1 0)
s>                    ( QUESTION0_7_R 1 -6.147e+03 1.561e+02 2.571e+01
s>                        ( - -2.463e+03 1 0)
s>                        ( SILENCE 1 -3.528e+03 1.424e+02 1.504e+01
s>                            ( QUESTION2_0_L -1 -4.051e+02 7.442e+02 2.000e+00
s>                                ( - 1.840e+02 1 0)
s>                                ( - 1.551e+02 1 0))
s>                            ( - -2.981e+03 2 0 QUESTION2_0_L -1 4.794e+02 1.304e+01)))))))INFO: dtree.c(1315): Comp split 2
INFO: dtree.c(1478): Final simple tree
|( QUESTION0_5_R 1 -1.847e+04 4.524e+02 7.261e+01
|    ( - 1.692e+02 1 0)
|    ( WDBNDRY_B 0 -1.818e+04 3.795e+02 7.161e+01
|        ( - -1.091e+04 5 0 QUESTION1 -1 9.303e+01 4.390e+01)
|        ( QUESTION0_11_R 1 -6.898e+03 2.040e+02 2.771e+01
|            ( - -5.468e+02 1 0)
|            ( QUESTION0_7_R 1 -6.147e+03 1.561e+02 2.571e+01
|                ( - -2.463e+03 1 0)
|                ( SILENCE 1 -3.528e+03 1.424e+02 1.504e+01
|                    ( QUESTION2_0_L -1 -4.051e+02 7.442e+02 2.000e+00
|                        ( - 1.840e+02 1 0)
|                        ( - 1.551e+02 1 0))
|                    ( QUESTION2_0_L -1 -2.981e+03 4.794e+02 1.304e+01
|                        ( - 2.421e+02 1 0)
|                        ( - -2.743e+03 1 0)))))))
s>    ( QUESTION0_5_R 1 -1.847e+04 4.524e+02 7.261e+01
s>        ( - 1.692e+02 1 0)
s>        ( WDBNDRY_B 0 -1.818e+04 3.795e+02 7.161e+01
s>            ( - -1.091e+04 5 0 QUESTION1 -1 9.303e+01 4.390e+01)
s>            ( QUESTION0_11_R 1 -6.898e+03 2.040e+02 2.771e+01
s>                ( - -5.468e+02 1 0)
s>                ( QUESTION0_7_R 1 -6.147e+03 1.561e+02 2.571e+01
s>                    ( - -2.463e+03 1 0)
s>                    ( SILENCE 1 -3.528e+03 1.424e+02 1.504e+01
s>                        ( QUESTION2_0_L -1 -4.051e+02 7.442e+02 2.000e+00
s>                            ( - 1.840e+02 1 0)
s>                            ( - 1.551e+02 1 0))
s>                        ( QUESTION2_0_L -1 -2.981e+03 4.794e+02 1.304e+01
s>                            ( - 2.421e+02 1 0)
s>                            ( - -2.743e+03 1 0)))))))INFO: dtree.c(1315): Comp split 3
INFO: dtree.c(1478): Final simple tree
|( QUESTION0_5_R 1 -1.823e+04 4.524e+02 7.161e+01
|    ( - 1.692e+02 1 0)
|    ( WDBNDRY_B 0 -1.795e+04 3.786e+02 7.061e+01
|        ( QUESTION1 -1 -1.091e+04 9.303e+01 4.390e+01
|            ( - -1.789e+03 1 0)
|            ( - -9.024e+03 4 0 SILENCE -1 7.361e+01 3.599e+01))
|        ( QUESTION0_11_R 1 -6.661e+03 2.071e+02 2.671e+01
|            ( - -5.468e+02 1 0)
|            ( QUESTION2_0_L -1 -5.907e+03 4.437e+02 2.471e+01
|                ( - 1.840e+02 1 0)
|                ( SILENCE 1 -5.647e+03 4.408e+02 2.371e+01
|                    ( - 1.551e+02 1 0)
|                    ( QUESTION0_1_R 1 -5.362e+03 1.554e+02 2.271e+01
|                        ( - -2.743e+03 1 0)
|                        ( - -2.463e+03 1 0)))))))
s>    ( QUESTION0_5_R 1 -1.823e+04 4.524e+02 7.161e+01
s>        ( - 1.692e+02 1 0)
s>        ( WDBNDRY_B 0 -1.795e+04 3.786e+02 7.061e+01
s>            ( QUESTION1 -1 -1.091e+04 9.303e+01 4.390e+01
s>                ( - -1.789e+03 1 0)
s>                ( - -9.024e+03 4 0 SILENCE -1 7.361e+01 3.599e+01))
s>            ( QUESTION0_11_R 1 -6.661e+03 2.071e+02 2.671e+01
s>                ( - -5.468e+02 1 0)
s>                ( QUESTION2_0_L -1 -5.907e+03 4.437e+02 2.471e+01
s>                    ( - 1.840e+02 1 0)
s>                    ( SILENCE 1 -5.647e+03 4.408e+02 2.371e+01
s>                        ( - 1.551e+02 1 0)
s>                        ( QUESTION0_1_R 1 -5.362e+03 1.554e+02 2.271e+01
s>                            ( - -2.743e+03 1 0)
s>                            ( - -2.463e+03 1 0)))))))INFO: dtree.c(1315): Comp split 4
INFO: dtree.c(1478): Final simple tree
|( WDBNDRY_B 0 -1.795e+04 3.786e+02 7.061e+01
|    ( QUESTION1 -1 -1.091e+04 9.303e+01 4.390e+01
|        ( - -1.789e+03 1 0)
|        ( SILENCE -1 -9.024e+03 7.361e+01 3.599e+01
|            ( - -2.823e+03 1 0)
|            ( - -6.127e+03 3 0)))
|    ( QUESTION0_11_R 1 -6.661e+03 2.071e+02 2.671e+01
|        ( - -5.468e+02 1 0)
|        ( QUESTION2_0_L -1 -5.907e+03 4.437e+02 2.471e+01
|            ( - 1.840e+02 1 0)
|            ( SILENCE 1 -5.647e+03 4.408e+02 2.371e+01
|                ( - 1.551e+02 1 0)
|                ( QUESTION0_1_R 1 -5.362e+03 1.554e+02 2.271e+01
|                    ( - -2.743e+03 1 0)
|                    ( - -2.463e+03 1 0))))))
s>    ( WDBNDRY_B 0 -1.795e+04 3.786e+02 7.061e+01
s>        ( QUESTION1 -1 -1.091e+04 9.303e+01 4.390e+01
s>            ( - -1.789e+03 1 0)
s>            ( SILENCE -1 -9.024e+03 7.361e+01 3.599e+01
s>                ( - -2.823e+03 1 0)
s>                ( - -6.127e+03 3 0)))
s>        ( QUESTION0_11_R 1 -6.661e+03 2.071e+02 2.671e+01
s>            ( - -5.468e+02 1 0)
s>            ( QUESTION2_0_L -1 -5.907e+03 4.437e+02 2.471e+01
s>                ( - 1.840e+02 1 0)
s>                ( SILENCE 1 -5.647e+03 4.408e+02 2.371e+01
s>                    ( - 1.551e+02 1 0)
s>                    ( QUESTION0_1_R 1 -5.362e+03 1.554e+02 2.271e+01
s>                        ( - -2.743e+03 1 0)
s>                        ( - -2.463e+03 1 0))))))INFO: dtree.c(1315): Comp split 5
INFO: dtree.c(1439): stop. leaf nodes are specific
INFO: dtree.c(1478): Final simple tree
|( SILENCE 1 -1.768e+04 4.424e+02 6.961e+01
|    ( - 1.551e+02 1 0)
|    ( WDBNDRY_B 0 -1.739e+04 3.724e+02 6.861e+01
|        ( QUESTION1 -1 -1.091e+04 9.303e+01 4.390e+01
|            ( - -1.789e+03 1 0)
|            ( SILENCE -1 -9.024e+03 7.361e+01 3.599e+01
|                ( - -2.823e+03 1 0)
|                ( - -6.127e+03 3 0)))
|        ( QUESTION0_11_R 1 -6.115e+03 2.068e+02 2.471e+01
|            ( - -5.468e+02 1 0)
|            ( QUESTION0_1_R 1 -5.362e+03 1.554e+02 2.271e+01
|                ( - -2.743e+03 1 0)
|                ( - -2.463e+03 1 0)))))
s>    ( SILENCE 1 -1.768e+04 4.424e+02 6.961e+01
s>        ( - 1.551e+02 1 0)
s>        ( WDBNDRY_B 0 -1.739e+04 3.724e+02 6.861e+01
s>            ( QUESTION1 -1 -1.091e+04 9.303e+01 4.390e+01
s>                ( - -1.789e+03 1 0)
s>                ( SILENCE -1 -9.024e+03 7.361e+01 3.599e+01
s>                    ( - -2.823e+03 1 0)
s>                    ( - -6.127e+03 3 0)))
s>            ( QUESTION0_11_R 1 -6.115e+03 2.068e+02 2.471e+01
s>                ( - -5.468e+02 1 0)
s>                ( QUESTION0_1_R 1 -5.362e+03 1.554e+02 2.271e+01
s>                    ( - -2.743e+03 1 0)
s>                    ( - -2.463e+03 1 0)))))INFO: dtree.c(1315): Comp split 6
INFO: dtree.c(1439): stop. leaf nodes are specific
INFO: dtree.c(1478): Final simple tree
|( WDBNDRY_B 0 -1.739e+04 3.724e+02 6.861e+01
|    ( QUESTION1 -1 -1.091e+04 9.303e+01 4.390e+01
|        ( - -1.789e+03 1 0)
|        ( SILENCE -1 -9.024e+03 7.361e+01 3.599e+01
|            ( - -2.823e+03 1 0)
|            ( - -6.127e+03 3 0)))
|    ( QUESTION0_11_R 1 -6.115e+03 2.068e+02 2.471e+01
|        ( - -5.468e+02 1 0)
|        ( QUESTION0_1_R 1 -5.362e+03 1.554e+02 2.271e+01
|            ( - -2.743e+03 1 0)
|            ( - -2.463e+03 1 0))))
s>    ( WDBNDRY_B 0 -1.739e+04 3.724e+02 6.861e+01
s>        ( QUESTION1 -1 -1.091e+04 9.303e+01 4.390e+01
s>            ( - -1.789e+03 1 0)
s>            ( SILENCE -1 -9.024e+03 7.361e+01 3.599e+01
s>                ( - -2.823e+03 1 0)
s>                ( - -6.127e+03 3 0)))
s>        ( QUESTION0_11_R 1 -6.115e+03 2.068e+02 2.471e+01
s>            ( - -5.468e+02 1 0)
s>            ( QUESTION0_1_R 1 -5.362e+03 1.554e+02 2.271e+01
s>                ( - -2.743e+03 1 0)
s>                ( - -2.463e+03 1 0))))INFO: dtree.c(1315): Comp split 7
INFO: dtree.c(1439): stop. leaf nodes are specific
INFO: dtree.c(1478): Final simple tree
|( QUESTION0_11_R 1 -6.115e+03 2.068e+02 2.471e+01
|    ( - -5.468e+02 1 0)
|    ( QUESTION0_1_R 1 -5.362e+03 1.554e+02 2.271e+01
|        ( - -2.743e+03 1 0)
|        ( - -2.463e+03 1 0)))
s>    ( QUESTION0_11_R 1 -6.115e+03 2.068e+02 2.471e+01
s>        ( - -5.468e+02 1 0)
s>        ( QUESTION0_1_R 1 -5.362e+03 1.554e+02 2.271e+01
s>            ( - -2.743e+03 1 0)
s>            ( - -2.463e+03 1 0)))INFO: dtree.c(1439): stop. leaf nodes are specific
INFO: dtree.c(1478): Final simple tree
|( QUESTION1 -1 -1.091e+04 9.303e+01 4.390e+01
|    ( - -1.789e+03 1 0)
|    ( SILENCE -1 -9.024e+03 7.361e+01 3.599e+01
|        ( - -2.823e+03 1 0)
|        ( - -6.127e+03 3 0)))
s>    ( QUESTION1 -1 -1.091e+04 9.303e+01 4.390e+01
s>        ( - -1.789e+03 1 0)
s>        ( SILENCE -1 -9.024e+03 7.361e+01 3.599e+01
s>            ( - -2.823e+03 1 0)
s>            ( - -6.127e+03 3 0)))INFO: dtree.c(1315): Comp split 8
INFO: dtree.c(1439): stop. leaf nodes are specific
INFO: dtree.c(1478): Final simple tree
|( QUESTION0_1_R 1 -5.362e+03 1.554e+02 2.271e+01
|    ( - -2.743e+03 1 0)
|    ( - -2.463e+03 1 0))
s>    ( QUESTION0_1_R 1 -5.362e+03 1.554e+02 2.271e+01
s>        ( - -2.743e+03 1 0)
s>        ( - -2.463e+03 1 0))INFO: dtree.c(1315): Comp split 9
INFO: dtree.c(1315): Comp split 10
INFO: dtree.c(1439): stop. leaf nodes are specific
INFO: dtree.c(1478): Final simple tree
|( SILENCE -1 -9.024e+03 7.361e+01 3.599e+01
|    ( - -2.823e+03 1 0)
|    ( - -6.127e+03 3 0))
s>    ( SILENCE -1 -9.024e+03 7.361e+01 3.599e+01
s>        ( - -2.823e+03 1 0)
s>        ( - -6.127e+03 3 0))INFO: dtree.c(1315): Comp split 11
INFO: dtree.c(1315): Comp split 12
INFO: dtree.c(1318): stop. leaf nodes are specific
Mon Jan 30 07:35:50 2017
