Current configuration:
[NAME]		[DEFLT]	[VALUE]
-allphones	no	no
-cntthresh	0.00001	1.000000e-05
-csplitmax	100	2000
-csplitmin	1	1
-csplitthr	8e-4	0.000000e+00
-example	no	no
-fullvar	no	no
-help		no	no
-meanfn			/Users/benroye/forge/cmusphinx/voiceVim/model_parameters/voiceVim.cd_cont_untied/means
-mixwfn			/Users/benroye/forge/cmusphinx/voiceVim/model_parameters/voiceVim.cd_cont_untied/mixture_weights
-moddeffn		/Users/benroye/forge/cmusphinx/voiceVim/model_architecture/voiceVim.untied.mdef
-mwfloor	1e-4	1.000000e-08
-phone			v
-psetfn			/Users/benroye/forge/cmusphinx/voiceVim/model_architecture/voiceVim.tree_questions
-ssplitmax	5	7
-ssplitmin	1	1
-ssplitthr	8e-4	0.000000e+00
-state			2
-stwt			1.0,0.05,0.0,
-treefn			/Users/benroye/forge/cmusphinx/voiceVim/trees/voiceVim.unpruned/v-2.dtree
-ts2cbfn	.semi.	.cont.
-varfloor	0.00001	1.000000e-05
-varfn			/Users/benroye/forge/cmusphinx/voiceVim/model_parameters/voiceVim.cd_cont_untied/variances

INFO: main.c(223): Reading: /Users/benroye/forge/cmusphinx/voiceVim/model_architecture/voiceVim.untied.mdef
INFO: model_def_io.c(573): Model definition info:
INFO: model_def_io.c(574): 2249 total models defined (39 base, 2210 tri)
INFO: model_def_io.c(575): 8996 total states
INFO: model_def_io.c(576): 6747 total tied states
INFO: model_def_io.c(577): 117 total tied CI states
INFO: model_def_io.c(578): 39 total tied transition matrices
INFO: model_def_io.c(579): 4 max state/model
INFO: model_def_io.c(580): 4 min state/model
INFO: main.c(242): Building trees for [v SIL i b] through [v uh i b]
INFO: main.c(269): Covering states |[6339 6428]| == 90
INFO: main.c(275): Reading: /Users/benroye/forge/cmusphinx/voiceVim/model_parameters/voiceVim.cd_cont_untied/mixture_weights
INFO: s3mixw_io.c(173): Read /Users/benroye/forge/cmusphinx/voiceVim/model_parameters/voiceVim.cd_cont_untied/mixture_weights [90x1x1 array]
INFO: main.c(311): 30 of 30 models have observation count greater than 0.000010
INFO: main.c(95): nrm stwt: 0.000 0.048 0.952 
INFO: s3gau_io.c(169): Read /Users/benroye/forge/cmusphinx/voiceVim/model_parameters/voiceVim.cd_cont_untied/means [6747x1x1 array]
INFO: s3gau_io.c(169): Read /Users/benroye/forge/cmusphinx/voiceVim/model_parameters/voiceVim.cd_cont_untied/variances [6747x1x1 array]
INFO: main.c(549): Reading: /Users/benroye/forge/cmusphinx/voiceVim/model_architecture/voiceVim.tree_questions
INFO: main.c(588): 174 total simple questions (166 phone; 8 word bndry)
INFO: main.c(590): 40 Left Only questions, and 42 Right Only questions
INFO: dtree.c(1478): Final simple tree
|( QUESTION2_19_L -1 -1.179e+05 2.735e+03 5.389e+02
|    ( WDBNDRY_B 0 -6.349e+04 9.096e+02 3.091e+02
|        ( - -4.951e+03 3 0)
|        ( - -5.763e+04 1 0))
|    ( QUESTION0_8_R 1 -5.164e+04 9.191e+02 2.298e+02
|        ( QUESTION2_5_L -1 -2.979e+04 6.903e+02 1.316e+02
|            ( - -1.061e+04 4 0 WDBNDRY_B 0 4.641e+02 4.891e+01)
|            ( QUESTION19 -1 -1.849e+04 4.873e+02 8.267e+01
|                ( - 2.420e+02 1 0)
|                ( - -1.824e+04 8 0 WDBNDRY_B 0 3.343e+02 8.167e+01)))
|        ( QUESTION0_2_R 1 -2.093e+04 5.094e+02 9.823e+01
|            ( - 2.420e+02 1 0)
|            ( QUESTION2_14_L -1 -2.067e+04 4.841e+02 9.723e+01
|                ( - -7.783e+03 1 0)
|                ( - -1.240e+04 11 0 QUESTION0_11_R 1 4.657e+02 5.910e+01)))))
s>    ( QUESTION2_19_L -1 -1.179e+05 2.735e+03 5.389e+02
s>        ( WDBNDRY_B 0 -6.349e+04 9.096e+02 3.091e+02
s>            ( - -4.951e+03 3 0)
s>            ( - -5.763e+04 1 0))
s>        ( QUESTION0_8_R 1 -5.164e+04 9.191e+02 2.298e+02
s>            ( QUESTION2_5_L -1 -2.979e+04 6.903e+02 1.316e+02
s>                ( - -1.061e+04 4 0 WDBNDRY_B 0 4.641e+02 4.891e+01)
s>                ( QUESTION19 -1 -1.849e+04 4.873e+02 8.267e+01
s>                    ( - 2.420e+02 1 0)
s>                    ( - -1.824e+04 8 0 WDBNDRY_B 0 3.343e+02 8.167e+01)))
s>            ( QUESTION0_2_R 1 -2.093e+04 5.094e+02 9.823e+01
s>                ( - 2.420e+02 1 0)
s>                ( QUESTION2_14_L -1 -2.067e+04 4.841e+02 9.723e+01
s>                    ( - -7.783e+03 1 0)
s>                    ( - -1.240e+04 11 0 QUESTION0_11_R 1 4.657e+02 5.910e+01)))))INFO: dtree.c(1315): Comp split 0
INFO: dtree.c(1478): Final simple tree
|( QUESTION0_8_R 1 -5.684e+04 9.448e+02 2.528e+02
|    ( QUESTION2_5_L -1 -3.496e+04 7.020e+02 1.546e+02
|        ( - -1.061e+04 4 0 WDBNDRY_B 0 4.641e+02 4.891e+01)
|        ( QUESTION19 -1 -2.365e+04 4.891e+02 1.056e+02
|            ( - 2.420e+02 1 0)
|            ( - -2.340e+04 11 0 WDBNDRY_B 0 3.247e+02 1.046e+02)))
|    ( QUESTION0_2_R 1 -2.093e+04 5.094e+02 9.823e+01
|        ( - 2.420e+02 1 0)
|        ( QUESTION2_14_L -1 -2.067e+04 4.841e+02 9.723e+01
|            ( - -7.783e+03 1 0)
|            ( QUESTION0_11_R 1 -1.240e+04 4.657e+02 5.910e+01
|                ( - 2.420e+02 1 0)
|                ( QUESTION6 1 -1.217e+04 4.659e+02 5.810e+01
|                    ( - 2.174e+02 1 0)
|                    ( - -1.193e+04 9 0 QUESTION13 1 4.638e+02 5.710e+01))))))
s>    ( QUESTION0_8_R 1 -5.684e+04 9.448e+02 2.528e+02
s>        ( QUESTION2_5_L -1 -3.496e+04 7.020e+02 1.546e+02
s>            ( - -1.061e+04 4 0 WDBNDRY_B 0 4.641e+02 4.891e+01)
s>            ( QUESTION19 -1 -2.365e+04 4.891e+02 1.056e+02
s>                ( - 2.420e+02 1 0)
s>                ( - -2.340e+04 11 0 WDBNDRY_B 0 3.247e+02 1.046e+02)))
s>        ( QUESTION0_2_R 1 -2.093e+04 5.094e+02 9.823e+01
s>            ( - 2.420e+02 1 0)
s>            ( QUESTION2_14_L -1 -2.067e+04 4.841e+02 9.723e+01
s>                ( - -7.783e+03 1 0)
s>                ( QUESTION0_11_R 1 -1.240e+04 4.657e+02 5.910e+01
s>                    ( - 2.420e+02 1 0)
s>                    ( QUESTION6 1 -1.217e+04 4.659e+02 5.810e+01
s>                        ( - 2.174e+02 1 0)
s>                        ( - -1.193e+04 9 0 QUESTION13 1 4.638e+02 5.710e+01))))))INFO: dtree.c(1315): Comp split 1
INFO: dtree.c(1478): Final simple tree
|( WDBNDRY_E 0 -2.365e+04 4.881e+02 1.056e+02
|    ( - 2.420e+02 1 0)
|    ( WDBNDRY_B 0 -2.340e+04 3.247e+02 1.046e+02
|        ( SILENCE -1 -2.053e+04 2.661e+02 9.164e+01
|            ( - -5.200e+03 1 0)
|            ( QUESTION1 -1 -1.506e+04 1.756e+02 6.798e+01
|                ( - -4.180e+03 1 0)
|                ( QUESTION4 -1 -1.071e+04 1.956e+02 4.777e+01
|                    ( QUESTION2_0_L -1 -5.426e+03 1.151e+02 2.497e+01
|                        ( - -3.601e+02 2 0)
|                        ( - -4.951e+03 3 0))
|                    ( QUESTION10 -1 -5.084e+03 1.274e+02 2.280e+01
|                        ( - -1.859e+03 1 0)
|                        ( - -3.097e+03 2 0 QUESTION0 -1 1.077e+02 1.380e+01)))))
|        ( - -2.552e+03 1 0)))
s>    ( WDBNDRY_E 0 -2.365e+04 4.881e+02 1.056e+02
s>        ( - 2.420e+02 1 0)
s>        ( WDBNDRY_B 0 -2.340e+04 3.247e+02 1.046e+02
s>            ( SILENCE -1 -2.053e+04 2.661e+02 9.164e+01
s>                ( - -5.200e+03 1 0)
s>                ( QUESTION1 -1 -1.506e+04 1.756e+02 6.798e+01
s>                    ( - -4.180e+03 1 0)
s>                    ( QUESTION4 -1 -1.071e+04 1.956e+02 4.777e+01
s>                        ( QUESTION2_0_L -1 -5.426e+03 1.151e+02 2.497e+01
s>                            ( - -3.601e+02 2 0)
s>                            ( - -4.951e+03 3 0))
s>                        ( QUESTION10 -1 -5.084e+03 1.274e+02 2.280e+01
s>                            ( - -1.859e+03 1 0)
s>                            ( - -3.097e+03 2 0 QUESTION0 -1 1.077e+02 1.380e+01)))))
s>            ( - -2.552e+03 1 0)))INFO: dtree.c(1478): Final simple tree
|( QUESTION0_8_R 1 -3.219e+04 6.743e+02 1.471e+02
|    ( QUESTION4 -1 -1.085e+04 4.806e+02 4.991e+01
|        ( WDBNDRY_B 0 -1.061e+04 4.641e+02 4.891e+01
|            ( - 2.424e+02 1 0)
|            ( - -1.039e+04 3 0 QUESTION4 1 1.390e+02 4.791e+01))
|        ( - 2.420e+02 1 0))
|    ( QUESTION2_14_L -1 -2.067e+04 4.841e+02 9.723e+01
|        ( - -7.783e+03 1 0)
|        ( QUESTION0_11_R 1 -1.240e+04 4.657e+02 5.910e+01
|            ( - 2.420e+02 1 0)
|            ( QUESTION6 1 -1.217e+04 4.659e+02 5.810e+01
|                ( - 2.174e+02 1 0)
|                ( QUESTION13 1 -1.193e+04 4.638e+02 5.710e+01
|                    ( - 2.417e+02 1 0)
|                    ( - -1.170e+04 8 0 QUESTION2_7_L -1 3.644e+02 5.610e+01))))))
s>    ( QUESTION0_8_R 1 -3.219e+04 6.743e+02 1.471e+02
s>        ( QUESTION4 -1 -1.085e+04 4.806e+02 4.991e+01
s>            ( WDBNDRY_B 0 -1.061e+04 4.641e+02 4.891e+01
s>                ( - 2.424e+02 1 0)
s>                ( - -1.039e+04 3 0 QUESTION4 1 1.390e+02 4.791e+01))
s>            ( - 2.420e+02 1 0))
s>        ( QUESTION2_14_L -1 -2.067e+04 4.841e+02 9.723e+01
s>            ( - -7.783e+03 1 0)
s>            ( QUESTION0_11_R 1 -1.240e+04 4.657e+02 5.910e+01
s>                ( - 2.420e+02 1 0)
s>                ( QUESTION6 1 -1.217e+04 4.659e+02 5.810e+01
s>                    ( - 2.174e+02 1 0)
s>                    ( QUESTION13 1 -1.193e+04 4.638e+02 5.710e+01
s>                        ( - 2.417e+02 1 0)
s>                        ( - -1.170e+04 8 0 QUESTION2_7_L -1 3.644e+02 5.610e+01))))))INFO: dtree.c(1315): Comp split 2
INFO: dtree.c(1439): stop. leaf nodes are specific
INFO: dtree.c(1478): Final simple tree
|( WDBNDRY_B 0 -1.106e+04 4.640e+02 5.091e+01
|    ( - 2.424e+02 1 0)
|    ( QUESTION0_1_R 1 -1.084e+04 4.568e+02 4.991e+01
|        ( - 2.417e+02 1 0)
|        ( QUESTION0_8_R 1 -1.062e+04 4.498e+02 4.891e+01
|            ( QUESTION4 1 -1.039e+04 1.390e+02 4.791e+01
|                ( - -9.914e+03 1 0)
|                ( - -3.361e+02 2 0))
|            ( - 2.174e+02 1 0))))
s>    ( WDBNDRY_B 0 -1.106e+04 4.640e+02 5.091e+01
s>        ( - 2.424e+02 1 0)
s>        ( QUESTION0_1_R 1 -1.084e+04 4.568e+02 4.991e+01
s>            ( - 2.417e+02 1 0)
s>            ( QUESTION0_8_R 1 -1.062e+04 4.498e+02 4.891e+01
s>                ( QUESTION4 1 -1.039e+04 1.390e+02 4.791e+01
s>                    ( - -9.914e+03 1 0)
s>                    ( - -3.361e+02 2 0))
s>                ( - 2.174e+02 1 0))))INFO: dtree.c(1478): Final simple tree
|( QUESTION2_14_L -1 -2.043e+04 4.892e+02 9.623e+01
|    ( - -7.783e+03 1 0)
|    ( QUESTION0_11_R 1 -1.215e+04 4.687e+02 5.810e+01
|        ( - 2.420e+02 1 0)
|        ( WDBNDRY_B 0 -1.193e+04 4.643e+02 5.710e+01
|            ( - 2.420e+02 1 0)
|            ( QUESTION2_7_L -1 -1.170e+04 3.644e+02 5.610e+01
|                ( SILENCE 1 -5.226e+03 4.995e+02 2.708e+01
|                    ( - 2.411e+02 1 0)
|                    ( QUESTION0_0_R 1 -4.967e+03 2.614e+02 2.608e+01
|                        ( - -4.482e+03 2 0 QUESTION0_1_R 1 1.771e+02 2.408e+01)
|                        ( - -2.234e+02 1 0)))
|                ( WDBNDRY_E 0 -6.114e+03 2.605e+02 2.902e+01
|                    ( - -3.199e+03 3 0 QUESTION0_1_R 1 1.170e+02 1.600e+01)
|                    ( - -2.654e+03 1 0))))))
s>    ( QUESTION2_14_L -1 -2.043e+04 4.892e+02 9.623e+01
s>        ( - -7.783e+03 1 0)
s>        ( QUESTION0_11_R 1 -1.215e+04 4.687e+02 5.810e+01
s>            ( - 2.420e+02 1 0)
s>            ( WDBNDRY_B 0 -1.193e+04 4.643e+02 5.710e+01
s>                ( - 2.420e+02 1 0)
s>                ( QUESTION2_7_L -1 -1.170e+04 3.644e+02 5.610e+01
s>                    ( SILENCE 1 -5.226e+03 4.995e+02 2.708e+01
s>                        ( - 2.411e+02 1 0)
s>                        ( QUESTION0_0_R 1 -4.967e+03 2.614e+02 2.608e+01
s>                            ( - -4.482e+03 2 0 QUESTION0_1_R 1 1.771e+02 2.408e+01)
s>                            ( - -2.234e+02 1 0)))
s>                    ( WDBNDRY_E 0 -6.114e+03 2.605e+02 2.902e+01
s>                        ( - -3.199e+03 3 0 QUESTION0_1_R 1 1.170e+02 1.600e+01)
s>                        ( - -2.654e+03 1 0))))))INFO: dtree.c(1315): Comp split 3
INFO: dtree.c(1478): Final simple tree
|( QUESTION0_11_R 1 -1.215e+04 4.687e+02 5.810e+01
|    ( - 2.420e+02 1 0)
|    ( WDBNDRY_B 0 -1.193e+04 4.643e+02 5.710e+01
|        ( - 2.420e+02 1 0)
|        ( QUESTION2_7_L -1 -1.170e+04 3.644e+02 5.610e+01
|            ( SILENCE 1 -5.226e+03 4.995e+02 2.708e+01
|                ( - 2.411e+02 1 0)
|                ( QUESTION0_0_R 1 -4.967e+03 2.614e+02 2.608e+01
|                    ( QUESTION0_1_R 1 -4.482e+03 1.771e+02 2.408e+01
|                        ( - -3.020e+02 1 0)
|                        ( - -4.003e+03 1 0))
|                    ( - -2.234e+02 1 0)))
|            ( WDBNDRY_E 0 -6.114e+03 2.605e+02 2.902e+01
|                ( - -3.199e+03 3 0 QUESTION0_1_R 1 1.170e+02 1.600e+01)
|                ( - -2.654e+03 1 0)))))
s>    ( QUESTION0_11_R 1 -1.215e+04 4.687e+02 5.810e+01
s>        ( - 2.420e+02 1 0)
s>        ( WDBNDRY_B 0 -1.193e+04 4.643e+02 5.710e+01
s>            ( - 2.420e+02 1 0)
s>            ( QUESTION2_7_L -1 -1.170e+04 3.644e+02 5.610e+01
s>                ( SILENCE 1 -5.226e+03 4.995e+02 2.708e+01
s>                    ( - 2.411e+02 1 0)
s>                    ( QUESTION0_0_R 1 -4.967e+03 2.614e+02 2.608e+01
s>                        ( QUESTION0_1_R 1 -4.482e+03 1.771e+02 2.408e+01
s>                            ( - -3.020e+02 1 0)
s>                            ( - -4.003e+03 1 0))
s>                        ( - -2.234e+02 1 0)))
s>                ( WDBNDRY_E 0 -6.114e+03 2.605e+02 2.902e+01
s>                    ( - -3.199e+03 3 0 QUESTION0_1_R 1 1.170e+02 1.600e+01)
s>                    ( - -2.654e+03 1 0)))))INFO: dtree.c(1315): Comp split 4
INFO: dtree.c(1478): Final simple tree
|( WDBNDRY_B 0 -2.340e+04 3.247e+02 1.046e+02
|    ( SILENCE -1 -2.053e+04 2.661e+02 9.164e+01
|        ( - -5.200e+03 1 0)
|        ( QUESTION1 -1 -1.506e+04 1.756e+02 6.798e+01
|            ( - -4.180e+03 1 0)
|            ( QUESTION4 -1 -1.071e+04 1.956e+02 4.777e+01
|                ( QUESTION2_0_L -1 -5.426e+03 1.151e+02 2.497e+01
|                    ( - -3.601e+02 2 0)
|                    ( - -4.951e+03 3 0))
|                ( QUESTION10 -1 -5.084e+03 1.274e+02 2.280e+01
|                    ( - -1.859e+03 1 0)
|                    ( QUESTION0 -1 -3.097e+03 1.077e+02 1.380e+01
|                        ( - -8.825e+02 1 0)
|                        ( - -2.107e+03 1 0))))))
|    ( - -2.552e+03 1 0))
s>    ( WDBNDRY_B 0 -2.340e+04 3.247e+02 1.046e+02
s>        ( SILENCE -1 -2.053e+04 2.661e+02 9.164e+01
s>            ( - -5.200e+03 1 0)
s>            ( QUESTION1 -1 -1.506e+04 1.756e+02 6.798e+01
s>                ( - -4.180e+03 1 0)
s>                ( QUESTION4 -1 -1.071e+04 1.956e+02 4.777e+01
s>                    ( QUESTION2_0_L -1 -5.426e+03 1.151e+02 2.497e+01
s>                        ( - -3.601e+02 2 0)
s>                        ( - -4.951e+03 3 0))
s>                    ( QUESTION10 -1 -5.084e+03 1.274e+02 2.280e+01
s>                        ( - -1.859e+03 1 0)
s>                        ( QUESTION0 -1 -3.097e+03 1.077e+02 1.380e+01
s>                            ( - -8.825e+02 1 0)
s>                            ( - -2.107e+03 1 0))))))
s>        ( - -2.552e+03 1 0))INFO: dtree.c(1315): Comp split 5
INFO: dtree.c(1478): Final simple tree
|( QUESTION0_11_R 1 -1.192e+04 4.692e+02 5.710e+01
|    ( - 2.420e+02 1 0)
|    ( WDBNDRY_B 0 -1.170e+04 4.643e+02 5.610e+01
|        ( - 2.420e+02 1 0)
|        ( QUESTION2_7_L -1 -1.147e+04 3.935e+02 5.510e+01
|            ( QUESTION0_0_R 1 -4.967e+03 2.614e+02 2.608e+01
|                ( QUESTION0_1_R 1 -4.482e+03 1.771e+02 2.408e+01
|                    ( - -3.020e+02 1 0)
|                    ( - -4.003e+03 1 0))
|                ( - -2.234e+02 1 0))
|            ( WDBNDRY_E 0 -6.114e+03 2.605e+02 2.902e+01
|                ( QUESTION0_1_R 1 -3.199e+03 1.170e+02 1.600e+01
|                    ( - -1.664e+03 1 0)
|                    ( - -1.418e+03 2 0 SILENCE 1 7.023e+01 7.000e+00))
|                ( - -2.654e+03 1 0)))))
s>    ( QUESTION0_11_R 1 -1.192e+04 4.692e+02 5.710e+01
s>        ( - 2.420e+02 1 0)
s>        ( WDBNDRY_B 0 -1.170e+04 4.643e+02 5.610e+01
s>            ( - 2.420e+02 1 0)
s>            ( QUESTION2_7_L -1 -1.147e+04 3.935e+02 5.510e+01
s>                ( QUESTION0_0_R 1 -4.967e+03 2.614e+02 2.608e+01
s>                    ( QUESTION0_1_R 1 -4.482e+03 1.771e+02 2.408e+01
s>                        ( - -3.020e+02 1 0)
s>                        ( - -4.003e+03 1 0))
s>                    ( - -2.234e+02 1 0))
s>                ( WDBNDRY_E 0 -6.114e+03 2.605e+02 2.902e+01
s>                    ( QUESTION0_1_R 1 -3.199e+03 1.170e+02 1.600e+01
s>                        ( - -1.664e+03 1 0)
s>                        ( - -1.418e+03 2 0 SILENCE 1 7.023e+01 7.000e+00))
s>                    ( - -2.654e+03 1 0)))))INFO: dtree.c(1315): Comp split 6
INFO: dtree.c(1478): Final simple tree
|( WDBNDRY_B 0 -1.170e+04 4.643e+02 5.610e+01
|    ( - 2.420e+02 1 0)
|    ( QUESTION2_7_L -1 -1.147e+04 3.935e+02 5.510e+01
|        ( QUESTION0_0_R 1 -4.967e+03 2.614e+02 2.608e+01
|            ( QUESTION0_1_R 1 -4.482e+03 1.771e+02 2.408e+01
|                ( - -3.020e+02 1 0)
|                ( - -4.003e+03 1 0))
|            ( - -2.234e+02 1 0))
|        ( WDBNDRY_E 0 -6.114e+03 2.605e+02 2.902e+01
|            ( QUESTION0_1_R 1 -3.199e+03 1.170e+02 1.600e+01
|                ( - -1.664e+03 1 0)
|                ( SILENCE 1 -1.418e+03 7.023e+01 7.000e+00
|                    ( - -7.468e+02 1 0)
|                    ( - -6.010e+02 1 0)))
|            ( - -2.654e+03 1 0))))
s>    ( WDBNDRY_B 0 -1.170e+04 4.643e+02 5.610e+01
s>        ( - 2.420e+02 1 0)
s>        ( QUESTION2_7_L -1 -1.147e+04 3.935e+02 5.510e+01
s>            ( QUESTION0_0_R 1 -4.967e+03 2.614e+02 2.608e+01
s>                ( QUESTION0_1_R 1 -4.482e+03 1.771e+02 2.408e+01
s>                    ( - -3.020e+02 1 0)
s>                    ( - -4.003e+03 1 0))
s>                ( - -2.234e+02 1 0))
s>            ( WDBNDRY_E 0 -6.114e+03 2.605e+02 2.902e+01
s>                ( QUESTION0_1_R 1 -3.199e+03 1.170e+02 1.600e+01
s>                    ( - -1.664e+03 1 0)
s>                    ( SILENCE 1 -1.418e+03 7.023e+01 7.000e+00
s>                        ( - -7.468e+02 1 0)
s>                        ( - -6.010e+02 1 0)))
s>                ( - -2.654e+03 1 0))))INFO: dtree.c(1315): Comp split 7
INFO: dtree.c(1439): stop. leaf nodes are specific
INFO: dtree.c(1478): Final simple tree
|( QUESTION2_7_L -1 -1.147e+04 3.935e+02 5.510e+01
|    ( QUESTION0_0_R 1 -4.967e+03 2.614e+02 2.608e+01
|        ( QUESTION0_1_R 1 -4.482e+03 1.771e+02 2.408e+01
|            ( - -3.020e+02 1 0)
|            ( - -4.003e+03 1 0))
|        ( - -2.234e+02 1 0))
|    ( WDBNDRY_E 0 -6.114e+03 2.605e+02 2.902e+01
|        ( QUESTION0_1_R 1 -3.199e+03 1.170e+02 1.600e+01
|            ( - -1.664e+03 1 0)
|            ( SILENCE 1 -1.418e+03 7.023e+01 7.000e+00
|                ( - -7.468e+02 1 0)
|                ( - -6.010e+02 1 0)))
|        ( - -2.654e+03 1 0)))
s>    ( QUESTION2_7_L -1 -1.147e+04 3.935e+02 5.510e+01
s>        ( QUESTION0_0_R 1 -4.967e+03 2.614e+02 2.608e+01
s>            ( QUESTION0_1_R 1 -4.482e+03 1.771e+02 2.408e+01
s>                ( - -3.020e+02 1 0)
s>                ( - -4.003e+03 1 0))
s>            ( - -2.234e+02 1 0))
s>        ( WDBNDRY_E 0 -6.114e+03 2.605e+02 2.902e+01
s>            ( QUESTION0_1_R 1 -3.199e+03 1.170e+02 1.600e+01
s>                ( - -1.664e+03 1 0)
s>                ( SILENCE 1 -1.418e+03 7.023e+01 7.000e+00
s>                    ( - -7.468e+02 1 0)
s>                    ( - -6.010e+02 1 0)))
s>            ( - -2.654e+03 1 0)))INFO: dtree.c(1315): Comp split 8
INFO: dtree.c(1439): stop. leaf nodes are specific
INFO: dtree.c(1478): Final simple tree
|( QUESTION0_1_R 1 -1.084e+04 4.568e+02 4.991e+01
|    ( - 2.417e+02 1 0)
|    ( QUESTION0_8_R 1 -1.062e+04 4.498e+02 4.891e+01
|        ( QUESTION4 1 -1.039e+04 1.390e+02 4.791e+01
|            ( - -9.914e+03 1 0)
|            ( - -3.361e+02 2 0))
|        ( - 2.174e+02 1 0)))
s>    ( QUESTION0_1_R 1 -1.084e+04 4.568e+02 4.991e+01
s>        ( - 2.417e+02 1 0)
s>        ( QUESTION0_8_R 1 -1.062e+04 4.498e+02 4.891e+01
s>            ( QUESTION4 1 -1.039e+04 1.390e+02 4.791e+01
s>                ( - -9.914e+03 1 0)
s>                ( - -3.361e+02 2 0))
s>            ( - 2.174e+02 1 0)))INFO: dtree.c(1315): Comp split 9
INFO: dtree.c(1439): stop. leaf nodes are specific
INFO: dtree.c(1478): Final simple tree
|( QUESTION0_8_R 1 -1.062e+04 4.498e+02 4.891e+01
|    ( QUESTION4 1 -1.039e+04 1.390e+02 4.791e+01
|        ( - -9.914e+03 1 0)
|        ( - -3.361e+02 2 0))
|    ( - 2.174e+02 1 0))
s>    ( QUESTION0_8_R 1 -1.062e+04 4.498e+02 4.891e+01
s>        ( QUESTION4 1 -1.039e+04 1.390e+02 4.791e+01
s>            ( - -9.914e+03 1 0)
s>            ( - -3.361e+02 2 0))
s>        ( - 2.174e+02 1 0))INFO: dtree.c(1315): Comp split 10
INFO: dtree.c(1439): stop. leaf nodes are specific
INFO: dtree.c(1478): Final simple tree
|( QUESTION0_20_R 1 -7.018e+03 2.657e+02 3.302e+01
|    ( WDBNDRY_E 0 -3.125e+03 2.473e+02 1.502e+01
|        ( - -2.234e+02 1 0)
|        ( - -2.654e+03 1 0))
|    ( QUESTION0_6_R 1 -3.628e+03 1.261e+02 1.800e+01
|        ( - -3.020e+02 1 0)
|        ( QUESTION0_1_R 1 -3.199e+03 1.170e+02 1.600e+01
|            ( - -1.664e+03 1 0)
|            ( SILENCE 1 -1.418e+03 7.023e+01 7.000e+00
|                ( - -7.468e+02 1 0)
|                ( - -6.010e+02 1 0)))))
s>    ( QUESTION0_20_R 1 -7.018e+03 2.657e+02 3.302e+01
s>        ( WDBNDRY_E 0 -3.125e+03 2.473e+02 1.502e+01
s>            ( - -2.234e+02 1 0)
s>            ( - -2.654e+03 1 0))
s>        ( QUESTION0_6_R 1 -3.628e+03 1.261e+02 1.800e+01
s>            ( - -3.020e+02 1 0)
s>            ( QUESTION0_1_R 1 -3.199e+03 1.170e+02 1.600e+01
s>                ( - -1.664e+03 1 0)
s>                ( SILENCE 1 -1.418e+03 7.023e+01 7.000e+00
s>                    ( - -7.468e+02 1 0)
s>                    ( - -6.010e+02 1 0)))))INFO: dtree.c(1315): Comp split 11
INFO: dtree.c(1439): stop. leaf nodes are specific
INFO: dtree.c(1478): Final simple tree
|( QUESTION4 1 -1.039e+04 1.390e+02 4.791e+01
|    ( - -9.914e+03 1 0)
|    ( - -3.361e+02 2 0))
s>    ( QUESTION4 1 -1.039e+04 1.390e+02 4.791e+01
s>        ( - -9.914e+03 1 0)
s>        ( - -3.361e+02 2 0))INFO: dtree.c(1315): Comp split 12
INFO: dtree.c(1439): stop. leaf nodes are specific
INFO: dtree.c(1478): Final simple tree
|( SILENCE -1 -8.434e+03 1.363e+02 3.746e+01
|    ( - -5.200e+03 1 0)
|    ( QUESTION0 -1 -3.097e+03 1.077e+02 1.380e+01
|        ( - -8.825e+02 1 0)
|        ( - -2.107e+03 1 0)))
s>    ( SILENCE -1 -8.434e+03 1.363e+02 3.746e+01
s>        ( - -5.200e+03 1 0)
s>        ( QUESTION0 -1 -3.097e+03 1.077e+02 1.380e+01
s>            ( - -8.825e+02 1 0)
s>            ( - -2.107e+03 1 0)))INFO: dtree.c(1439): stop. leaf nodes are specific
INFO: dtree.c(1478): Final simple tree
|( WDBNDRY_B 0 -1.461e+04 2.773e+02 6.718e+01
|    ( QUESTION0 -1 -1.178e+04 1.814e+02 5.418e+01
|        ( - -4.180e+03 1 0)
|        ( QUESTION4 -1 -7.416e+03 1.308e+02 3.397e+01
|            ( QUESTION2_0_L -1 -5.426e+03 1.151e+02 2.497e+01
|                ( - -3.601e+02 2 0)
|                ( - -4.951e+03 3 0))
|            ( - -1.859e+03 1 0)))
|    ( - -2.552e+03 1 0))
s>    ( WDBNDRY_B 0 -1.461e+04 2.773e+02 6.718e+01
s>        ( QUESTION0 -1 -1.178e+04 1.814e+02 5.418e+01
s>            ( - -4.180e+03 1 0)
s>            ( QUESTION4 -1 -7.416e+03 1.308e+02 3.397e+01
s>                ( QUESTION2_0_L -1 -5.426e+03 1.151e+02 2.497e+01
s>                    ( - -3.601e+02 2 0)
s>                    ( - -4.951e+03 3 0))
s>                ( - -1.859e+03 1 0)))
s>        ( - -2.552e+03 1 0))INFO: dtree.c(1315): Comp split 13
INFO: dtree.c(1439): stop. leaf nodes are specific
INFO: dtree.c(1478): Final simple tree
|( QUESTION0 -1 -1.178e+04 1.814e+02 5.418e+01
|    ( - -4.180e+03 1 0)
|    ( QUESTION4 -1 -7.416e+03 1.308e+02 3.397e+01
|        ( QUESTION2_0_L -1 -5.426e+03 1.151e+02 2.497e+01
|            ( - -3.601e+02 2 0)
|            ( - -4.951e+03 3 0))
|        ( - -1.859e+03 1 0)))
s>    ( QUESTION0 -1 -1.178e+04 1.814e+02 5.418e+01
s>        ( - -4.180e+03 1 0)
s>        ( QUESTION4 -1 -7.416e+03 1.308e+02 3.397e+01
s>            ( QUESTION2_0_L -1 -5.426e+03 1.151e+02 2.497e+01
s>                ( - -3.601e+02 2 0)
s>                ( - -4.951e+03 3 0))
s>            ( - -1.859e+03 1 0)))INFO: dtree.c(1315): Comp split 14
INFO: dtree.c(1439): stop. leaf nodes are specific
INFO: dtree.c(1478): Final simple tree
|( QUESTION0_6_R 1 -3.628e+03 1.261e+02 1.800e+01
|    ( - -3.020e+02 1 0)
|    ( QUESTION0_1_R 1 -3.199e+03 1.170e+02 1.600e+01
|        ( - -1.664e+03 1 0)
|        ( SILENCE 1 -1.418e+03 7.023e+01 7.000e+00
|            ( - -7.468e+02 1 0)
|            ( - -6.010e+02 1 0))))
s>    ( QUESTION0_6_R 1 -3.628e+03 1.261e+02 1.800e+01
s>        ( - -3.020e+02 1 0)
s>        ( QUESTION0_1_R 1 -3.199e+03 1.170e+02 1.600e+01
s>            ( - -1.664e+03 1 0)
s>            ( SILENCE 1 -1.418e+03 7.023e+01 7.000e+00
s>                ( - -7.468e+02 1 0)
s>                ( - -6.010e+02 1 0))))INFO: dtree.c(1439): stop. leaf nodes are specific
INFO: dtree.c(1478): Final simple tree
|( WDBNDRY_E 0 -3.125e+03 2.473e+02 1.502e+01
|    ( - -2.234e+02 1 0)
|    ( - -2.654e+03 1 0))
s>    ( WDBNDRY_E 0 -3.125e+03 2.473e+02 1.502e+01
s>        ( - -2.234e+02 1 0)
s>        ( - -2.654e+03 1 0))INFO: dtree.c(1315): Comp split 15
INFO: dtree.c(1315): Comp split 16
INFO: dtree.c(1439): stop. leaf nodes are specific
INFO: dtree.c(1478): Final simple tree
|( QUESTION4 -1 -7.416e+03 1.308e+02 3.397e+01
|    ( QUESTION2_0_L -1 -5.426e+03 1.151e+02 2.497e+01
|        ( - -3.601e+02 2 0)
|        ( - -4.951e+03 3 0))
|    ( - -1.859e+03 1 0))
s>    ( QUESTION4 -1 -7.416e+03 1.308e+02 3.397e+01
s>        ( QUESTION2_0_L -1 -5.426e+03 1.151e+02 2.497e+01
s>            ( - -3.601e+02 2 0)
s>            ( - -4.951e+03 3 0))
s>        ( - -1.859e+03 1 0))INFO: dtree.c(1315): Comp split 17
INFO: dtree.c(1315): Comp split 18
INFO: dtree.c(1439): stop. leaf nodes are specific
INFO: dtree.c(1478): Final simple tree
|( QUESTION0 -1 -3.097e+03 1.077e+02 1.380e+01
|    ( - -8.825e+02 1 0)
|    ( - -2.107e+03 1 0))
s>    ( QUESTION0 -1 -3.097e+03 1.077e+02 1.380e+01
s>        ( - -8.825e+02 1 0)
s>        ( - -2.107e+03 1 0))INFO: dtree.c(1315): Comp split 19
INFO: dtree.c(1439): stop. leaf nodes are specific
INFO: dtree.c(1478): Final simple tree
|( QUESTION2_0_L -1 -5.426e+03 1.151e+02 2.497e+01
|    ( - -3.601e+02 2 0)
|    ( - -4.951e+03 3 0))
s>    ( QUESTION2_0_L -1 -5.426e+03 1.151e+02 2.497e+01
s>        ( - -3.601e+02 2 0)
s>        ( - -4.951e+03 3 0))INFO: dtree.c(1315): Comp split 20
INFO: dtree.c(1439): stop. leaf nodes are specific
INFO: dtree.c(1478): Final simple tree
|( QUESTION0_1_R 1 -3.199e+03 1.170e+02 1.600e+01
|    ( - -1.664e+03 1 0)
|    ( SILENCE 1 -1.418e+03 7.023e+01 7.000e+00
|        ( - -7.468e+02 1 0)
|        ( - -6.010e+02 1 0)))
s>    ( QUESTION0_1_R 1 -3.199e+03 1.170e+02 1.600e+01
s>        ( - -1.664e+03 1 0)
s>        ( SILENCE 1 -1.418e+03 7.023e+01 7.000e+00
s>            ( - -7.468e+02 1 0)
s>            ( - -6.010e+02 1 0)))INFO: dtree.c(1315): Comp split 21
INFO: dtree.c(1439): stop. leaf nodes are specific
INFO: dtree.c(1478): Final simple tree
|( SILENCE 1 -1.418e+03 7.023e+01 7.000e+00
|    ( - -7.468e+02 1 0)
|    ( - -6.010e+02 1 0))
s>    ( SILENCE 1 -1.418e+03 7.023e+01 7.000e+00
s>        ( - -7.468e+02 1 0)
s>        ( - -6.010e+02 1 0))INFO: dtree.c(1315): Comp split 22
INFO: dtree.c(1315): Comp split 23
INFO: dtree.c(1315): Comp split 24
INFO: dtree.c(1315): Comp split 25
INFO: dtree.c(1318): stop. leaf nodes are specific
Mon Jan 30 07:35:51 2017
