Current configuration:
[NAME]		[DEFLT]	[VALUE]
-allphones	no	no
-cntthresh	0.00001	1.000000e-05
-csplitmax	100	2000
-csplitmin	1	1
-csplitthr	8e-4	0.000000e+00
-example	no	no
-fullvar	no	no
-help		no	no
-meanfn			/Users/benroye/forge/cmusphinx/voiceVim/model_parameters/voiceVim.cd_cont_untied/means
-mixwfn			/Users/benroye/forge/cmusphinx/voiceVim/model_parameters/voiceVim.cd_cont_untied/mixture_weights
-moddeffn		/Users/benroye/forge/cmusphinx/voiceVim/model_architecture/voiceVim.untied.mdef
-mwfloor	1e-4	1.000000e-08
-phone			ee
-psetfn			/Users/benroye/forge/cmusphinx/voiceVim/model_architecture/voiceVim.tree_questions
-ssplitmax	5	7
-ssplitmin	1	1
-ssplitthr	8e-4	0.000000e+00
-state			2
-stwt			1.0,0.05,0.0,
-treefn			/Users/benroye/forge/cmusphinx/voiceVim/trees/voiceVim.unpruned/ee-2.dtree
-ts2cbfn	.semi.	.cont.
-varfloor	0.00001	1.000000e-05
-varfn			/Users/benroye/forge/cmusphinx/voiceVim/model_parameters/voiceVim.cd_cont_untied/variances

INFO: main.c(223): Reading: /Users/benroye/forge/cmusphinx/voiceVim/model_architecture/voiceVim.untied.mdef
INFO: model_def_io.c(573): Model definition info:
INFO: model_def_io.c(574): 2249 total models defined (39 base, 2210 tri)
INFO: model_def_io.c(575): 8996 total states
INFO: model_def_io.c(576): 6747 total tied states
INFO: model_def_io.c(577): 117 total tied CI states
INFO: model_def_io.c(578): 39 total tied transition matrices
INFO: model_def_io.c(579): 4 max state/model
INFO: model_def_io.c(580): 4 min state/model
INFO: main.c(242): Building trees for [ee SIL g b] through [ee v uh i]
INFO: main.c(269): Covering states |[1209 1445]| == 237
INFO: main.c(275): Reading: /Users/benroye/forge/cmusphinx/voiceVim/model_parameters/voiceVim.cd_cont_untied/mixture_weights
INFO: s3mixw_io.c(173): Read /Users/benroye/forge/cmusphinx/voiceVim/model_parameters/voiceVim.cd_cont_untied/mixture_weights [237x1x1 array]
INFO: main.c(311): 79 of 79 models have observation count greater than 0.000010
INFO: main.c(95): nrm stwt: 0.000 0.048 0.952 
INFO: s3gau_io.c(169): Read /Users/benroye/forge/cmusphinx/voiceVim/model_parameters/voiceVim.cd_cont_untied/means [6747x1x1 array]
INFO: s3gau_io.c(169): Read /Users/benroye/forge/cmusphinx/voiceVim/model_parameters/voiceVim.cd_cont_untied/variances [6747x1x1 array]
INFO: main.c(549): Reading: /Users/benroye/forge/cmusphinx/voiceVim/model_architecture/voiceVim.tree_questions
INFO: main.c(588): 174 total simple questions (166 phone; 8 word bndry)
INFO: main.c(590): 40 Left Only questions, and 42 Right Only questions
INFO: dtree.c(1478): Final simple tree
|( QUESTION0_20_R 1 -9.417e+05 1.315e+04 4.297e+03
|    ( QUESTION2_18_L -1 -2.751e+05 3.402e+03 1.335e+03
|        ( - -1.034e+05 1 0)
|        ( WDBNDRY_E 0 -1.683e+05 2.347e+03 8.125e+02
|            ( - -9.509e+03 2 0 QUESTION4 -1 1.481e+02 4.276e+01)
|            ( - -1.565e+05 2 0 QUESTION0 -1 5.985e+02 7.697e+02)))
|    ( WDBNDRY_E 0 -6.534e+05 6.770e+03 2.962e+03
|        ( - -3.138e+05 42 0 QUESTION0_11_R 1 1.660e+03 1.460e+03)
|        ( QUESTION0_8_R 1 -3.329e+05 6.581e+03 1.502e+03
|            ( QUESTION1 -1 -1.079e+05 1.881e+03 5.216e+02
|                ( - -8.405e+04 1 0)
|                ( - -2.202e+04 7 0 WDBNDRY_B 0 6.994e+02 1.021e+02))
|            ( QUESTION0_2_R 1 -2.184e+05 3.535e+03 9.808e+02
|                ( - -6.675e+04 1 0)
|                ( - -1.481e+05 23 0 QUESTION0_4_R 1 1.724e+03 6.645e+02)))))
s>    ( QUESTION0_20_R 1 -9.417e+05 1.315e+04 4.297e+03
s>        ( QUESTION2_18_L -1 -2.751e+05 3.402e+03 1.335e+03
s>            ( - -1.034e+05 1 0)
s>            ( WDBNDRY_E 0 -1.683e+05 2.347e+03 8.125e+02
s>                ( - -9.509e+03 2 0 QUESTION4 -1 1.481e+02 4.276e+01)
s>                ( - -1.565e+05 2 0 QUESTION0 -1 5.985e+02 7.697e+02)))
s>        ( WDBNDRY_E 0 -6.534e+05 6.770e+03 2.962e+03
s>            ( - -3.138e+05 42 0 QUESTION0_11_R 1 1.660e+03 1.460e+03)
s>            ( QUESTION0_8_R 1 -3.329e+05 6.581e+03 1.502e+03
s>                ( QUESTION1 -1 -1.079e+05 1.881e+03 5.216e+02
s>                    ( - -8.405e+04 1 0)
s>                    ( - -2.202e+04 7 0 WDBNDRY_B 0 6.994e+02 1.021e+02))
s>                ( QUESTION0_2_R 1 -2.184e+05 3.535e+03 9.808e+02
s>                    ( - -6.675e+04 1 0)
s>                    ( - -1.481e+05 23 0 QUESTION0_4_R 1 1.724e+03 6.645e+02)))))INFO: dtree.c(1315): Comp split 0
INFO: dtree.c(1439): stop. leaf nodes are specific
INFO: dtree.c(1478): Final simple tree
|( QUESTION4 -1 -3.499e+05 4.135e+03 1.711e+03
|    ( - -1.034e+05 1 0)
|    ( QUESTION0_0_R 1 -2.424e+05 1.913e+03 1.189e+03
|        ( - -8.405e+04 1 0)
|        ( QUESTION0 -1 -1.565e+05 5.985e+02 7.697e+02
|            ( - -1.484e+05 1 0)
|            ( - -7.444e+03 1 0))))
s>    ( QUESTION4 -1 -3.499e+05 4.135e+03 1.711e+03
s>        ( - -1.034e+05 1 0)
s>        ( QUESTION0_0_R 1 -2.424e+05 1.913e+03 1.189e+03
s>            ( - -8.405e+04 1 0)
s>            ( QUESTION0 -1 -1.565e+05 5.985e+02 7.697e+02
s>                ( - -1.484e+05 1 0)
s>                ( - -7.444e+03 1 0))))INFO: dtree.c(1478): Final simple tree
|( WDBNDRY_E 0 -5.706e+05 5.143e+03 2.585e+03
|    ( QUESTION0_11_R 1 -3.235e+05 1.695e+03 1.502e+03
|        ( - -1.428e+05 8 0 QUESTION0_12_R 1 6.733e+02 6.810e+02)
|        ( QUESTION5 -1 -1.789e+05 1.051e+03 8.213e+02
|            ( - -6.256e+04 14 0 QUESTION0 1 3.845e+02 2.805e+02)
|            ( - -1.153e+05 22 0 QUESTION0_1_R 1 5.374e+02 5.408e+02)))
|    ( QUESTION0_2_R 1 -2.420e+05 3.604e+03 1.083e+03
|        ( - -6.675e+04 1 0)
|        ( QUESTION0_4_R 1 -1.717e+05 2.366e+03 7.666e+02
|            ( - -1.066e+05 10 0 QUESTION0_5_R 1 4.974e+02 4.900e+02)
|            ( QUESTION2_18_L -1 -6.274e+04 1.204e+03 2.767e+02
|                ( - -1.344e+04 2 0 WDBNDRY_B 0 5.205e+02 6.555e+01)
|                ( QUESTION0_11_R 1 -4.810e+04 8.906e+02 2.111e+02
|                    ( - -1.271e+04 3 0 SILENCE -1 1.834e+02 5.835e+01)
|                    ( - -3.450e+04 15 0 QUESTION2_5_L -1 4.809e+02 1.528e+02))))))
s>    ( WDBNDRY_E 0 -5.706e+05 5.143e+03 2.585e+03
s>        ( QUESTION0_11_R 1 -3.235e+05 1.695e+03 1.502e+03
s>            ( - -1.428e+05 8 0 QUESTION0_12_R 1 6.733e+02 6.810e+02)
s>            ( QUESTION5 -1 -1.789e+05 1.051e+03 8.213e+02
s>                ( - -6.256e+04 14 0 QUESTION0 1 3.845e+02 2.805e+02)
s>                ( - -1.153e+05 22 0 QUESTION0_1_R 1 5.374e+02 5.408e+02)))
s>        ( QUESTION0_2_R 1 -2.420e+05 3.604e+03 1.083e+03
s>            ( - -6.675e+04 1 0)
s>            ( QUESTION0_4_R 1 -1.717e+05 2.366e+03 7.666e+02
s>                ( - -1.066e+05 10 0 QUESTION0_5_R 1 4.974e+02 4.900e+02)
s>                ( QUESTION2_18_L -1 -6.274e+04 1.204e+03 2.767e+02
s>                    ( - -1.344e+04 2 0 WDBNDRY_B 0 5.205e+02 6.555e+01)
s>                    ( QUESTION0_11_R 1 -4.810e+04 8.906e+02 2.111e+02
s>                        ( - -1.271e+04 3 0 SILENCE -1 1.834e+02 5.835e+01)
s>                        ( - -3.450e+04 15 0 QUESTION2_5_L -1 4.809e+02 1.528e+02))))))INFO: dtree.c(1315): Comp split 1
INFO: dtree.c(1478): Final simple tree
|( QUESTION4 1 -4.685e+05 2.842e+03 2.145e+03
|    ( QUESTION0_9_R 1 -1.980e+05 9.163e+02 9.354e+02
|        ( QUESTION4 -1 -1.311e+05 6.791e+02 6.263e+02
|            ( QUESTION0_12_R 1 -8.764e+04 6.688e+02 4.167e+02
|                ( - -3.479e+04 3 0 QUESTION2_10_L -1 2.158e+02 1.623e+02)
|                ( - -5.219e+04 1 0))
|            ( - -4.280e+04 2 0 QUESTION0_12_R 1 2.481e+02 2.096e+02))
|        ( - -6.599e+04 8 0 QUESTION4 -1 5.921e+02 3.090e+02))
|    ( QUESTION18 1 -2.676e+05 1.183e+03 1.210e+03
|        ( - -1.295e+05 16 0 QUESTION2_2_L -1 5.862e+02 5.923e+02)
|        ( WDBNDRY_E 0 -1.369e+05 1.242e+03 6.174e+02
|            ( QUESTION5 -1 -1.012e+05 6.257e+02 4.646e+02
|                ( - -5.000e+04 10 0 QUESTION0 1 4.568e+02 2.263e+02)
|                ( - -5.058e+04 14 0 QUESTION0_11_R 1 3.015e+02 2.383e+02))
|            ( - -3.450e+04 15 0 QUESTION2_5_L -1 4.809e+02 1.528e+02))))
s>    ( QUESTION4 1 -4.685e+05 2.842e+03 2.145e+03
s>        ( QUESTION0_9_R 1 -1.980e+05 9.163e+02 9.354e+02
s>            ( QUESTION4 -1 -1.311e+05 6.791e+02 6.263e+02
s>                ( QUESTION0_12_R 1 -8.764e+04 6.688e+02 4.167e+02
s>                    ( - -3.479e+04 3 0 QUESTION2_10_L -1 2.158e+02 1.623e+02)
s>                    ( - -5.219e+04 1 0))
s>                ( - -4.280e+04 2 0 QUESTION0_12_R 1 2.481e+02 2.096e+02))
s>            ( - -6.599e+04 8 0 QUESTION4 -1 5.921e+02 3.090e+02))
s>        ( QUESTION18 1 -2.676e+05 1.183e+03 1.210e+03
s>            ( - -1.295e+05 16 0 QUESTION2_2_L -1 5.862e+02 5.923e+02)
s>            ( WDBNDRY_E 0 -1.369e+05 1.242e+03 6.174e+02
s>                ( QUESTION5 -1 -1.012e+05 6.257e+02 4.646e+02
s>                    ( - -5.000e+04 10 0 QUESTION0 1 4.568e+02 2.263e+02)
s>                    ( - -5.058e+04 14 0 QUESTION0_11_R 1 3.015e+02 2.383e+02))
s>                ( - -3.450e+04 15 0 QUESTION2_5_L -1 4.809e+02 1.528e+02))))INFO: dtree.c(1439): stop. leaf nodes are specific
INFO: dtree.c(1478): Final simple tree
|( QUESTION0_1_R 1 -9.673e+04 2.669e+03 4.402e+02
|    ( - -6.675e+04 1 0)
|    ( QUESTION0_8_R 1 -2.731e+04 1.165e+03 1.239e+02
|        ( WDBNDRY_B 0 -1.344e+04 5.205e+02 6.555e+01
|            ( - 1.770e+02 1 0)
|            ( - -1.310e+04 1 0))
|        ( SILENCE -1 -1.271e+04 1.834e+02 5.835e+01
|            ( - -2.852e+02 1 0)
|            ( WDBNDRY_B 0 -1.224e+04 1.683e+02 5.635e+01
|                ( - -3.691e+02 1 0)
|                ( - -1.170e+04 1 0)))))
s>    ( QUESTION0_1_R 1 -9.673e+04 2.669e+03 4.402e+02
s>        ( - -6.675e+04 1 0)
s>        ( QUESTION0_8_R 1 -2.731e+04 1.165e+03 1.239e+02
s>            ( WDBNDRY_B 0 -1.344e+04 5.205e+02 6.555e+01
s>                ( - 1.770e+02 1 0)
s>                ( - -1.310e+04 1 0))
s>            ( SILENCE -1 -1.271e+04 1.834e+02 5.835e+01
s>                ( - -2.852e+02 1 0)
s>                ( WDBNDRY_B 0 -1.224e+04 1.683e+02 5.635e+01
s>                    ( - -3.691e+02 1 0)
s>                    ( - -1.170e+04 1 0)))))INFO: dtree.c(1315): Comp split 2
INFO: dtree.c(1439): stop. leaf nodes are specific
INFO: dtree.c(1478): Final simple tree
|( QUESTION0_0_R 1 -2.424e+05 1.913e+03 1.189e+03
|    ( - -8.405e+04 1 0)
|    ( QUESTION0 -1 -1.565e+05 5.985e+02 7.697e+02
|        ( - -1.484e+05 1 0)
|        ( - -7.444e+03 1 0)))
s>    ( QUESTION0_0_R 1 -2.424e+05 1.913e+03 1.189e+03
s>        ( - -8.405e+04 1 0)
s>        ( QUESTION0 -1 -1.565e+05 5.985e+02 7.697e+02
s>            ( - -1.484e+05 1 0)
s>            ( - -7.444e+03 1 0)))INFO: dtree.c(1315): Comp split 3
INFO: dtree.c(1478): Final simple tree
|( QUESTION0_11_R 1 -2.492e+05 1.227e+03 1.174e+03
|    ( QUESTION4 -1 -1.372e+05 6.956e+02 6.563e+02
|        ( QUESTION0_14_R 1 -9.370e+04 6.434e+02 4.467e+02
|            ( - -3.479e+04 3 0 QUESTION2_10_L -1 2.158e+02 1.623e+02)
|            ( - -5.827e+04 2 0 QUESTION0_12_R 1 2.612e+02 2.844e+02))
|        ( - -4.280e+04 2 0 QUESTION0_12_R 1 2.481e+02 2.096e+02))
|    ( QUESTION4 -1 -1.108e+05 5.063e+02 5.173e+02
|        ( QUESTION4 1 -8.999e+04 3.970e+02 4.256e+02
|            ( QUESTION0_1_R 1 -4.758e+04 3.005e+02 2.293e+02
|                ( - -1.682e+03 1 0)
|                ( - -4.560e+04 3 0 QUESTION0_0_R 1 1.023e+02 2.213e+02))
|            ( QUESTION0 1 -4.201e+04 2.812e+02 1.963e+02
|                ( - -1.123e+04 5 0 QUESTION2_10_L -1 2.892e+02 5.154e+01)
|                ( - -3.050e+04 7 0 QUESTION12 1 2.036e+02 1.448e+02)))
|        ( - -2.028e+04 5 0 SILENCE 1 2.590e+02 9.178e+01)))
s>    ( QUESTION0_11_R 1 -2.492e+05 1.227e+03 1.174e+03
s>        ( QUESTION4 -1 -1.372e+05 6.956e+02 6.563e+02
s>            ( QUESTION0_14_R 1 -9.370e+04 6.434e+02 4.467e+02
s>                ( - -3.479e+04 3 0 QUESTION2_10_L -1 2.158e+02 1.623e+02)
s>                ( - -5.827e+04 2 0 QUESTION0_12_R 1 2.612e+02 2.844e+02))
s>            ( - -4.280e+04 2 0 QUESTION0_12_R 1 2.481e+02 2.096e+02))
s>        ( QUESTION4 -1 -1.108e+05 5.063e+02 5.173e+02
s>            ( QUESTION4 1 -8.999e+04 3.970e+02 4.256e+02
s>                ( QUESTION0_1_R 1 -4.758e+04 3.005e+02 2.293e+02
s>                    ( - -1.682e+03 1 0)
s>                    ( - -4.560e+04 3 0 QUESTION0_0_R 1 1.023e+02 2.213e+02))
s>                ( QUESTION0 1 -4.201e+04 2.812e+02 1.963e+02
s>                    ( - -1.123e+04 5 0 QUESTION2_10_L -1 2.892e+02 5.154e+01)
s>                    ( - -3.050e+04 7 0 QUESTION12 1 2.036e+02 1.448e+02)))
s>            ( - -2.028e+04 5 0 SILENCE 1 2.590e+02 9.178e+01)))INFO: dtree.c(1478): Final simple tree
|( QUESTION18 1 -2.163e+05 1.059e+03 9.714e+02
|    ( QUESTION2_2_L -1 -1.295e+05 5.862e+02 5.923e+02
|        ( - -9.302e+04 8 0 QUESTION0_5_R 1 3.388e+02 4.276e+02)
|        ( SILENCE -1 -3.587e+04 4.854e+02 1.647e+02
|            ( - 2.407e+02 1 0)
|            ( - -3.563e+04 7 0 WDBNDRY_B 0 4.138e+02 1.637e+02)))
|    ( WDBNDRY_E 0 -8.574e+04 1.243e+03 3.791e+02
|        ( QUESTION0 1 -5.000e+04 4.568e+02 2.263e+02
|            ( - -9.265e+03 2 0 QUESTION0_1_R 1 1.901e+02 4.171e+01)
|            ( - -4.028e+04 8 0 QUESTION11 1 3.118e+02 1.846e+02))
|        ( QUESTION2_5_L -1 -3.450e+04 4.809e+02 1.528e+02
|            ( - 1.689e+02 1 0)
|            ( QUESTION11 -1 -3.419e+04 4.587e+02 1.518e+02
|                ( - 1.831e+02 1 0)
|                ( - -3.391e+04 13 0 QUESTION19 -1 4.138e+02 1.508e+02)))))
s>    ( QUESTION18 1 -2.163e+05 1.059e+03 9.714e+02
s>        ( QUESTION2_2_L -1 -1.295e+05 5.862e+02 5.923e+02
s>            ( - -9.302e+04 8 0 QUESTION0_5_R 1 3.388e+02 4.276e+02)
s>            ( SILENCE -1 -3.587e+04 4.854e+02 1.647e+02
s>                ( - 2.407e+02 1 0)
s>                ( - -3.563e+04 7 0 WDBNDRY_B 0 4.138e+02 1.637e+02)))
s>        ( WDBNDRY_E 0 -8.574e+04 1.243e+03 3.791e+02
s>            ( QUESTION0 1 -5.000e+04 4.568e+02 2.263e+02
s>                ( - -9.265e+03 2 0 QUESTION0_1_R 1 1.901e+02 4.171e+01)
s>                ( - -4.028e+04 8 0 QUESTION11 1 3.118e+02 1.846e+02))
s>            ( QUESTION2_5_L -1 -3.450e+04 4.809e+02 1.528e+02
s>                ( - 1.689e+02 1 0)
s>                ( QUESTION11 -1 -3.419e+04 4.587e+02 1.518e+02
s>                    ( - 1.831e+02 1 0)
s>                    ( - -3.391e+04 13 0 QUESTION19 -1 4.138e+02 1.508e+02)))))INFO: dtree.c(1315): Comp split 4
INFO: dtree.c(1439): stop. leaf nodes are specific
INFO: dtree.c(1478): Final simple tree
|( QUESTION0_8_R 1 -2.731e+04 1.165e+03 1.239e+02
|    ( WDBNDRY_B 0 -1.344e+04 5.205e+02 6.555e+01
|        ( - 1.770e+02 1 0)
|        ( - -1.310e+04 1 0))
|    ( SILENCE -1 -1.271e+04 1.834e+02 5.835e+01
|        ( - -2.852e+02 1 0)
|        ( WDBNDRY_B 0 -1.224e+04 1.683e+02 5.635e+01
|            ( - -3.691e+02 1 0)
|            ( - -1.170e+04 1 0))))
s>    ( QUESTION0_8_R 1 -2.731e+04 1.165e+03 1.239e+02
s>        ( WDBNDRY_B 0 -1.344e+04 5.205e+02 6.555e+01
s>            ( - 1.770e+02 1 0)
s>            ( - -1.310e+04 1 0))
s>        ( SILENCE -1 -1.271e+04 1.834e+02 5.835e+01
s>            ( - -2.852e+02 1 0)
s>            ( WDBNDRY_B 0 -1.224e+04 1.683e+02 5.635e+01
s>                ( - -3.691e+02 1 0)
s>                ( - -1.170e+04 1 0))))INFO: dtree.c(1315): Comp split 5
INFO: dtree.c(1439): stop. leaf nodes are specific
INFO: dtree.c(1478): Final simple tree
|( QUESTION0 -1 -1.565e+05 5.985e+02 7.697e+02
|    ( - -1.484e+05 1 0)
|    ( - -7.444e+03 1 0))
s>    ( QUESTION0 -1 -1.565e+05 5.985e+02 7.697e+02
s>        ( - -1.484e+05 1 0)
s>        ( - -7.444e+03 1 0))INFO: dtree.c(1315): Comp split 6
INFO: dtree.c(1478): Final simple tree
|( QUESTION4 -1 -1.460e+05 5.277e+02 6.797e+02
|    ( QUESTION0_8_R 1 -1.252e+05 4.466e+02 5.879e+02
|        ( QUESTION12 1 -5.940e+04 3.414e+02 2.856e+02
|            ( - -1.274e+04 1 0)
|            ( - -4.632e+04 4 0 QUESTION2_10_L -1 2.451e+02 2.253e+02))
|        ( QUESTION3 1 -6.531e+04 3.189e+02 3.022e+02
|            ( - -4.329e+04 7 0 QUESTION2_10_L -1 2.531e+02 2.013e+02)
|            ( SILENCE 1 -2.170e+04 2.593e+02 1.009e+02
|                ( - -1.020e+04 2 0 QUESTION2_10_L -1 1.353e+02 4.937e+01)
|                ( QUESTION2_10_L -1 -1.123e+04 2.892e+02 5.154e+01
|                    ( - -3.665e+03 3 0 QUESTION0_3_R 1 1.881e+02 1.600e+01)
|                    ( - -7.281e+03 2 0 QUESTION0_1_R 1 1.073e+02 3.555e+01)))))
|    ( SILENCE 1 -2.028e+04 2.590e+02 9.178e+01
|        ( - -2.193e+03 1 0)
|        ( - -1.782e+04 4 0 QUESTION0_7_R 1 2.284e+02 7.978e+01)))
s>    ( QUESTION4 -1 -1.460e+05 5.277e+02 6.797e+02
s>        ( QUESTION0_8_R 1 -1.252e+05 4.466e+02 5.879e+02
s>            ( QUESTION12 1 -5.940e+04 3.414e+02 2.856e+02
s>                ( - -1.274e+04 1 0)
s>                ( - -4.632e+04 4 0 QUESTION2_10_L -1 2.451e+02 2.253e+02))
s>            ( QUESTION3 1 -6.531e+04 3.189e+02 3.022e+02
s>                ( - -4.329e+04 7 0 QUESTION2_10_L -1 2.531e+02 2.013e+02)
s>                ( SILENCE 1 -2.170e+04 2.593e+02 1.009e+02
s>                    ( - -1.020e+04 2 0 QUESTION2_10_L -1 1.353e+02 4.937e+01)
s>                    ( QUESTION2_10_L -1 -1.123e+04 2.892e+02 5.154e+01
s>                        ( - -3.665e+03 3 0 QUESTION0_3_R 1 1.881e+02 1.600e+01)
s>                        ( - -7.281e+03 2 0 QUESTION0_1_R 1 1.073e+02 3.555e+01)))))
s>        ( SILENCE 1 -2.028e+04 2.590e+02 9.178e+01
s>            ( - -2.193e+03 1 0)
s>            ( - -1.782e+04 4 0 QUESTION0_7_R 1 2.284e+02 7.978e+01)))INFO: dtree.c(1439): stop. leaf nodes are specific
INFO: dtree.c(1478): Final simple tree
|( QUESTION4 -1 -1.016e+05 5.746e+02 4.940e+02
|    ( QUESTION0_12_R 1 -5.827e+04 2.612e+02 2.844e+02
|        ( - -5.820e+03 1 0)
|        ( - -5.219e+04 1 0))
|    ( QUESTION0_12_R 1 -4.280e+04 2.481e+02 2.096e+02
|        ( - -1.469e+04 1 0)
|        ( - -2.786e+04 1 0)))
s>    ( QUESTION4 -1 -1.016e+05 5.746e+02 4.940e+02
s>        ( QUESTION0_12_R 1 -5.827e+04 2.612e+02 2.844e+02
s>            ( - -5.820e+03 1 0)
s>            ( - -5.219e+04 1 0))
s>        ( QUESTION0_12_R 1 -4.280e+04 2.481e+02 2.096e+02
s>            ( - -1.469e+04 1 0)
s>            ( - -2.786e+04 1 0)))INFO: dtree.c(1315): Comp split 7
INFO: dtree.c(1478): Final simple tree
|( QUESTION11 -1 -3.440e+04 4.587e+02 1.528e+02
|    ( - 1.831e+02 1 0)
|    ( QUESTION0_4_R 1 -3.412e+04 4.558e+02 1.518e+02
|        ( - 2.407e+02 1 0)
|        ( QUESTION19 -1 -3.391e+04 4.138e+02 1.508e+02
|            ( - -6.750e+03 1 0)
|            ( QUESTION13 -1 -2.675e+04 3.351e+02 1.201e+02
|                ( WDBNDRY_B 0 -4.716e+03 2.286e+02 2.258e+01
|                    ( - -3.424e+02 1 0)
|                    ( - -4.145e+03 1 0))
|                ( QUESTION2 1 -2.169e+04 2.771e+02 9.754e+01
|                    ( - -6.246e+03 2 0)
|                    ( QUESTION4 -1 -1.517e+04 3.310e+02 6.817e+01
|                        ( - -5.484e+03 1 0)
|                        ( - -9.356e+03 7 0 WDBNDRY_B 0 2.274e+02 4.200e+01)))))))
s>    ( QUESTION11 -1 -3.440e+04 4.587e+02 1.528e+02
s>        ( - 1.831e+02 1 0)
s>        ( QUESTION0_4_R 1 -3.412e+04 4.558e+02 1.518e+02
s>            ( - 2.407e+02 1 0)
s>            ( QUESTION19 -1 -3.391e+04 4.138e+02 1.508e+02
s>                ( - -6.750e+03 1 0)
s>                ( QUESTION13 -1 -2.675e+04 3.351e+02 1.201e+02
s>                    ( WDBNDRY_B 0 -4.716e+03 2.286e+02 2.258e+01
s>                        ( - -3.424e+02 1 0)
s>                        ( - -4.145e+03 1 0))
s>                    ( QUESTION2 1 -2.169e+04 2.771e+02 9.754e+01
s>                        ( - -6.246e+03 2 0)
s>                        ( QUESTION4 -1 -1.517e+04 3.310e+02 6.817e+01
s>                            ( - -5.484e+03 1 0)
s>                            ( - -9.356e+03 7 0 WDBNDRY_B 0 2.274e+02 4.200e+01)))))))INFO: dtree.c(1478): Final simple tree
|( QUESTION5 -1 -1.806e+05 1.137e+03 8.186e+02
|    ( QUESTION2_1_L -1 -5.557e+04 4.691e+02 2.494e+02
|        ( QUESTION0 1 -5.527e+04 4.195e+02 2.484e+02
|            ( - -9.265e+03 2 0 QUESTION0_1_R 1 1.901e+02 4.171e+01)
|            ( QUESTION11 1 -4.558e+04 2.979e+02 2.067e+02
|                ( - -1.413e+04 1 0)
|                ( - -3.115e+04 10 0 QUESTION0_8_R 1 3.378e+02 1.440e+02)))
|        ( - 1.689e+02 1 0))
|    ( QUESTION2_2_L -1 -1.239e+05 5.508e+02 5.692e+02
|        ( QUESTION0_5_R 1 -9.302e+04 3.388e+02 4.276e+02
|            ( - -7.801e+04 3 0 QUESTION2_10_L -1 1.443e+02 3.583e+02)
|            ( - -1.467e+04 5 0 WDBNDRY_B 0 1.721e+02 6.923e+01))
|        ( WDBNDRY_B 0 -3.033e+04 3.959e+02 1.416e+02
|            ( - -1.361e+04 3 0 QUESTION0 -1 1.166e+02 6.404e+01)
|            ( - -1.632e+04 1 0))))
s>    ( QUESTION5 -1 -1.806e+05 1.137e+03 8.186e+02
s>        ( QUESTION2_1_L -1 -5.557e+04 4.691e+02 2.494e+02
s>            ( QUESTION0 1 -5.527e+04 4.195e+02 2.484e+02
s>                ( - -9.265e+03 2 0 QUESTION0_1_R 1 1.901e+02 4.171e+01)
s>                ( QUESTION11 1 -4.558e+04 2.979e+02 2.067e+02
s>                    ( - -1.413e+04 1 0)
s>                    ( - -3.115e+04 10 0 QUESTION0_8_R 1 3.378e+02 1.440e+02)))
s>            ( - 1.689e+02 1 0))
s>        ( QUESTION2_2_L -1 -1.239e+05 5.508e+02 5.692e+02
s>            ( QUESTION0_5_R 1 -9.302e+04 3.388e+02 4.276e+02
s>                ( - -7.801e+04 3 0 QUESTION2_10_L -1 1.443e+02 3.583e+02)
s>                ( - -1.467e+04 5 0 WDBNDRY_B 0 1.721e+02 6.923e+01))
s>            ( WDBNDRY_B 0 -3.033e+04 3.959e+02 1.416e+02
s>                ( - -1.361e+04 3 0 QUESTION0 -1 1.166e+02 6.404e+01)
s>                ( - -1.632e+04 1 0))))INFO: dtree.c(1315): Comp split 8
INFO: dtree.c(1478): Final simple tree
|( QUESTION19 1 -6.232e+04 4.342e+02 2.843e+02
|    ( WDBNDRY_I 0 -1.871e+04 1.521e+02 8.658e+01
|        ( - -1.632e+04 1 0)
|        ( - -2.235e+03 2 0 WDBNDRY_B 0 1.263e+02 9.000e+00))
|    ( QUESTION11 1 -4.318e+04 3.116e+02 1.977e+02
|        ( - -1.413e+04 1 0)
|        ( QUESTION0_8_R 1 -2.873e+04 3.176e+02 1.350e+02
|            ( - -4.376e+03 1 0)
|            ( QUESTION17 1 -2.404e+04 1.703e+02 1.122e+02
|                ( - -3.576e+02 1 0)
|                ( QUESTION18 1 -2.351e+04 1.545e+02 1.102e+02
|                    ( - -2.747e+03 1 0)
|                    ( QUESTION6 1 -2.061e+04 1.504e+02 9.714e+01
|                        ( - -1.155e+03 1 0)
|                        ( - -1.931e+04 4 0 QUESTION0_4_R 1 1.552e+02 9.114e+01)))))))
s>    ( QUESTION19 1 -6.232e+04 4.342e+02 2.843e+02
s>        ( WDBNDRY_I 0 -1.871e+04 1.521e+02 8.658e+01
s>            ( - -1.632e+04 1 0)
s>            ( - -2.235e+03 2 0 WDBNDRY_B 0 1.263e+02 9.000e+00))
s>        ( QUESTION11 1 -4.318e+04 3.116e+02 1.977e+02
s>            ( - -1.413e+04 1 0)
s>            ( QUESTION0_8_R 1 -2.873e+04 3.176e+02 1.350e+02
s>                ( - -4.376e+03 1 0)
s>                ( QUESTION17 1 -2.404e+04 1.703e+02 1.122e+02
s>                    ( - -3.576e+02 1 0)
s>                    ( QUESTION18 1 -2.351e+04 1.545e+02 1.102e+02
s>                        ( - -2.747e+03 1 0)
s>                        ( QUESTION6 1 -2.061e+04 1.504e+02 9.714e+01
s>                            ( - -1.155e+03 1 0)
s>                            ( - -1.931e+04 4 0 QUESTION0_4_R 1 1.552e+02 9.114e+01)))))))INFO: dtree.c(1478): Final simple tree
|( QUESTION2_6_L -1 -1.170e+05 4.738e+02 5.343e+02
|    ( - 1.689e+02 1 0)
|    ( WDBNDRY_B 0 -1.167e+05 4.541e+02 5.333e+02
|        ( QUESTION2_3_L -1 -1.517e+04 2.052e+02 7.104e+01
|            ( - -4.242e+02 1 0)
|            ( QUESTION2_18_L -1 -1.454e+04 1.737e+02 6.804e+01
|                ( - -2.986e+02 1 0)
|                ( - -1.406e+04 4 0 QUESTION2_2_L -1 1.464e+02 6.604e+01)))
|        ( QUESTION0_5_R 1 -1.011e+05 3.928e+02 4.623e+02
|            ( - -7.801e+04 3 0 QUESTION2_10_L -1 1.443e+02 3.583e+02)
|            ( QUESTION0_4_R 1 -2.269e+04 3.097e+02 1.039e+02
|                ( - -1.312e+04 2 0 QUESTION2_10_L -1 1.571e+02 6.223e+01)
|                ( QUESTION0_1_R 1 -9.265e+03 1.901e+02 4.171e+01
|                    ( - -5.542e+02 1 0)
|                    ( - -8.521e+03 1 0))))))
s>    ( QUESTION2_6_L -1 -1.170e+05 4.738e+02 5.343e+02
s>        ( - 1.689e+02 1 0)
s>        ( WDBNDRY_B 0 -1.167e+05 4.541e+02 5.333e+02
s>            ( QUESTION2_3_L -1 -1.517e+04 2.052e+02 7.104e+01
s>                ( - -4.242e+02 1 0)
s>                ( QUESTION2_18_L -1 -1.454e+04 1.737e+02 6.804e+01
s>                    ( - -2.986e+02 1 0)
s>                    ( - -1.406e+04 4 0 QUESTION2_2_L -1 1.464e+02 6.604e+01)))
s>            ( QUESTION0_5_R 1 -1.011e+05 3.928e+02 4.623e+02
s>                ( - -7.801e+04 3 0 QUESTION2_10_L -1 1.443e+02 3.583e+02)
s>                ( QUESTION0_4_R 1 -2.269e+04 3.097e+02 1.039e+02
s>                    ( - -1.312e+04 2 0 QUESTION2_10_L -1 1.571e+02 6.223e+01)
s>                    ( QUESTION0_1_R 1 -9.265e+03 1.901e+02 4.171e+01
s>                        ( - -5.542e+02 1 0)
s>                        ( - -8.521e+03 1 0))))))INFO: dtree.c(1315): Comp split 9
INFO: dtree.c(1439): stop. leaf nodes are specific
INFO: dtree.c(1478): Final simple tree
|( QUESTION0_8_R 1 -1.301e+04 4.783e+02 5.935e+01
|    ( - 1.770e+02 1 0)
|    ( SILENCE -1 -1.271e+04 1.834e+02 5.835e+01
|        ( - -2.852e+02 1 0)
|        ( WDBNDRY_B 0 -1.224e+04 1.683e+02 5.635e+01
|            ( - -3.691e+02 1 0)
|            ( - -1.170e+04 1 0))))
s>    ( QUESTION0_8_R 1 -1.301e+04 4.783e+02 5.935e+01
s>        ( - 1.770e+02 1 0)
s>        ( SILENCE -1 -1.271e+04 1.834e+02 5.835e+01
s>            ( - -2.852e+02 1 0)
s>            ( WDBNDRY_B 0 -1.224e+04 1.683e+02 5.635e+01
s>                ( - -3.691e+02 1 0)
s>                ( - -1.170e+04 1 0))))INFO: dtree.c(1315): Comp split 10
INFO: dtree.c(1478): Final simple tree
|( QUESTION2_18_L -1 -3.168e+04 2.910e+02 1.433e+02
|    ( - -7.281e+03 2 0 QUESTION0_1_R 1 1.073e+02 3.555e+01)
|    ( SILENCE 1 -2.411e+04 2.484e+02 1.078e+02
|        ( - -2.193e+03 1 0)
|        ( QUESTION0_3_R 1 -2.167e+04 2.199e+02 9.578e+01
|            ( - -7.724e+02 1 0)
|            ( QUESTION0_8_R 1 -2.068e+04 2.056e+02 9.178e+01
|                ( QUESTION0 -1 -8.494e+03 1.815e+02 3.900e+01
|                    ( - -4.127e+03 1 0)
|                    ( - -4.186e+03 1 0))
|                ( QUESTION2 1 -1.198e+04 2.142e+02 5.278e+01
|                    ( - -1.284e+03 1 0)
|                    ( QUESTION0_7_R 1 -1.048e+04 1.204e+02 4.678e+01
|                        ( - -1.256e+03 1 0)
|                        ( - -9.102e+03 2 0 QUESTION0_0_R 1 1.183e+02 4.078e+01)))))))
s>    ( QUESTION2_18_L -1 -3.168e+04 2.910e+02 1.433e+02
s>        ( - -7.281e+03 2 0 QUESTION0_1_R 1 1.073e+02 3.555e+01)
s>        ( SILENCE 1 -2.411e+04 2.484e+02 1.078e+02
s>            ( - -2.193e+03 1 0)
s>            ( QUESTION0_3_R 1 -2.167e+04 2.199e+02 9.578e+01
s>                ( - -7.724e+02 1 0)
s>                ( QUESTION0_8_R 1 -2.068e+04 2.056e+02 9.178e+01
s>                    ( QUESTION0 -1 -8.494e+03 1.815e+02 3.900e+01
s>                        ( - -4.127e+03 1 0)
s>                        ( - -4.186e+03 1 0))
s>                    ( QUESTION2 1 -1.198e+04 2.142e+02 5.278e+01
s>                        ( - -1.284e+03 1 0)
s>                        ( QUESTION0_7_R 1 -1.048e+04 1.204e+02 4.678e+01
s>                            ( - -1.256e+03 1 0)
s>                            ( - -9.102e+03 2 0 QUESTION0_0_R 1 1.183e+02 4.078e+01)))))))INFO: dtree.c(1478): Final simple tree
|( QUESTION0_8_R 1 -1.136e+05 4.414e+02 5.363e+02
|    ( QUESTION12 1 -5.940e+04 3.414e+02 2.856e+02
|        ( - -1.274e+04 1 0)
|        ( QUESTION2_10_L -1 -4.632e+04 2.451e+02 2.253e+02
|            ( - -2.323e+02 1 0)
|            ( - -4.585e+04 3 0 QUESTION4 1 1.674e+02 2.233e+02)))
|    ( SILENCE 1 -5.377e+04 2.694e+02 2.507e+02
|        ( - -1.020e+04 2 0 QUESTION2_10_L -1 1.353e+02 4.937e+01)
|        ( QUESTION2_10_L -1 -4.329e+04 2.531e+02 2.013e+02
|            ( - -9.936e+03 3 0 QUESTION0_11_R 1 1.258e+02 4.800e+01)
|            ( QUESTION0_15_R 1 -3.310e+04 2.181e+02 1.533e+02
|                ( - -3.093e+02 1 0)
|                ( QUESTION0_2_R 1 -3.258e+04 1.862e+02 1.513e+02
|                    ( - -1.682e+03 1 0)
|                    ( - -3.071e+04 2 0 QUESTION0_1_R 1 1.508e+02 1.433e+02))))))
s>    ( QUESTION0_8_R 1 -1.136e+05 4.414e+02 5.363e+02
s>        ( QUESTION12 1 -5.940e+04 3.414e+02 2.856e+02
s>            ( - -1.274e+04 1 0)
s>            ( QUESTION2_10_L -1 -4.632e+04 2.451e+02 2.253e+02
s>                ( - -2.323e+02 1 0)
s>                ( - -4.585e+04 3 0 QUESTION4 1 1.674e+02 2.233e+02)))
s>        ( SILENCE 1 -5.377e+04 2.694e+02 2.507e+02
s>            ( - -1.020e+04 2 0 QUESTION2_10_L -1 1.353e+02 4.937e+01)
s>            ( QUESTION2_10_L -1 -4.329e+04 2.531e+02 2.013e+02
s>                ( - -9.936e+03 3 0 QUESTION0_11_R 1 1.258e+02 4.800e+01)
s>                ( QUESTION0_15_R 1 -3.310e+04 2.181e+02 1.533e+02
s>                    ( - -3.093e+02 1 0)
s>                    ( QUESTION0_2_R 1 -3.258e+04 1.862e+02 1.513e+02
s>                        ( - -1.682e+03 1 0)
s>                        ( - -3.071e+04 2 0 QUESTION0_1_R 1 1.508e+02 1.433e+02))))))INFO: dtree.c(1315): Comp split 11
INFO: dtree.c(1439): stop. leaf nodes are specific
INFO: dtree.c(1478): Final simple tree
|( QUESTION4 1 -5.591e+04 1.723e+02 2.713e+02
|    ( QUESTION0_9_R 1 -4.991e+04 1.231e+02 2.423e+02
|        ( - -4.195e+03 1 0)
|        ( QUESTION0_0_R 1 -4.560e+04 1.023e+02 2.213e+02
|            ( - -4.253e+04 2 0)
|            ( - -2.962e+03 1 0)))
|    ( QUESTION0_8_R 1 -5.828e+03 1.361e+02 2.900e+01
|        ( - -3.148e+03 1 0)
|        ( - -2.544e+03 1 0)))
s>    ( QUESTION4 1 -5.591e+04 1.723e+02 2.713e+02
s>        ( QUESTION0_9_R 1 -4.991e+04 1.231e+02 2.423e+02
s>            ( - -4.195e+03 1 0)
s>            ( QUESTION0_0_R 1 -4.560e+04 1.023e+02 2.213e+02
s>                ( - -4.253e+04 2 0)
s>                ( - -2.962e+03 1 0)))
s>        ( QUESTION0_8_R 1 -5.828e+03 1.361e+02 2.900e+01
s>            ( - -3.148e+03 1 0)
s>            ( - -2.544e+03 1 0)))INFO: dtree.c(1478): Final simple tree
|( QUESTION4 1 -5.703e+04 3.553e+02 2.651e+02
|    ( QUESTION0_15_R 1 -3.224e+04 2.203e+02 1.493e+02
|        ( - -3.093e+02 1 0)
|        ( QUESTION0_1_R 1 -3.171e+04 1.856e+02 1.473e+02
|            ( - -1.682e+03 1 0)
|            ( - -2.985e+04 1 0)))
|    ( QUESTION11 1 -2.444e+04 2.243e+02 1.158e+02
|        ( - -2.323e+02 1 0)
|        ( SILENCE 1 -2.398e+04 1.870e+02 1.138e+02
|            ( QUESTION2_10_L -1 -1.020e+04 1.353e+02 4.937e+01
|                ( - -7.237e+02 1 0)
|                ( - -9.345e+03 1 0))
|            ( QUESTION0_1_R 1 -1.359e+04 1.384e+02 6.439e+01
|                ( - -7.116e+02 1 0)
|                ( - -1.274e+04 1 0)))))
s>    ( QUESTION4 1 -5.703e+04 3.553e+02 2.651e+02
s>        ( QUESTION0_15_R 1 -3.224e+04 2.203e+02 1.493e+02
s>            ( - -3.093e+02 1 0)
s>            ( QUESTION0_1_R 1 -3.171e+04 1.856e+02 1.473e+02
s>                ( - -1.682e+03 1 0)
s>                ( - -2.985e+04 1 0)))
s>        ( QUESTION11 1 -2.444e+04 2.243e+02 1.158e+02
s>            ( - -2.323e+02 1 0)
s>            ( SILENCE 1 -2.398e+04 1.870e+02 1.138e+02
s>                ( QUESTION2_10_L -1 -1.020e+04 1.353e+02 4.937e+01
s>                    ( - -7.237e+02 1 0)
s>                    ( - -9.345e+03 1 0))
s>                ( QUESTION0_1_R 1 -1.359e+04 1.384e+02 6.439e+01
s>                    ( - -7.116e+02 1 0)
s>                    ( - -1.274e+04 1 0)))))INFO: dtree.c(1315): Comp split 12
INFO: dtree.c(1315): Comp split 13
INFO: dtree.c(1439): stop. leaf nodes are specific
INFO: dtree.c(1478): Final simple tree
|( QUESTION0_12_R 1 -4.280e+04 2.481e+02 2.096e+02
|    ( - -1.469e+04 1 0)
|    ( - -2.786e+04 1 0))
s>    ( QUESTION0_12_R 1 -4.280e+04 2.481e+02 2.096e+02
s>        ( - -1.469e+04 1 0)
s>        ( - -2.786e+04 1 0))INFO: dtree.c(1439): stop. leaf nodes are specific
INFO: dtree.c(1478): Final simple tree
|( QUESTION0_12_R 1 -5.827e+04 2.612e+02 2.844e+02
|    ( - -5.820e+03 1 0)
|    ( - -5.219e+04 1 0))
s>    ( QUESTION0_12_R 1 -5.827e+04 2.612e+02 2.844e+02
s>        ( - -5.820e+03 1 0)
s>        ( - -5.219e+04 1 0))INFO: dtree.c(1315): Comp split 14
INFO: dtree.c(1439): stop. leaf nodes are specific
INFO: dtree.c(1478): Final simple tree
|( SILENCE -1 -1.271e+04 1.834e+02 5.835e+01
|    ( - -2.852e+02 1 0)
|    ( WDBNDRY_B 0 -1.224e+04 1.683e+02 5.635e+01
|        ( - -3.691e+02 1 0)
|        ( - -1.170e+04 1 0)))
s>    ( SILENCE -1 -1.271e+04 1.834e+02 5.835e+01
s>        ( - -2.852e+02 1 0)
s>        ( WDBNDRY_B 0 -1.224e+04 1.683e+02 5.635e+01
s>            ( - -3.691e+02 1 0)
s>            ( - -1.170e+04 1 0)))INFO: dtree.c(1315): Comp split 15
INFO: dtree.c(1439): stop. leaf nodes are specific
INFO: dtree.c(1478): Final simple tree
|( QUESTION2_18_L -1 -1.454e+04 1.737e+02 6.804e+01
|    ( - -2.986e+02 1 0)
|    ( QUESTION2_2_L -1 -1.406e+04 1.464e+02 6.604e+01
|        ( - -3.082e+02 1 0)
|        ( QUESTION0 -1 -1.361e+04 1.166e+02 6.404e+01
|            ( - -1.222e+04 1 0)
|            ( - -1.268e+03 2 0))))
s>    ( QUESTION2_18_L -1 -1.454e+04 1.737e+02 6.804e+01
s>        ( - -2.986e+02 1 0)
s>        ( QUESTION2_2_L -1 -1.406e+04 1.464e+02 6.604e+01
s>            ( - -3.082e+02 1 0)
s>            ( QUESTION0 -1 -1.361e+04 1.166e+02 6.404e+01
s>                ( - -1.222e+04 1 0)
s>                ( - -1.268e+03 2 0))))INFO: dtree.c(1478): Final simple tree
|( QUESTION2_6_L -1 -1.020e+05 4.737e+02 4.663e+02
|    ( - 1.689e+02 1 0)
|    ( QUESTION0_5_R 1 -1.017e+05 3.981e+02 4.653e+02
|        ( QUESTION2_10_L -1 -7.801e+04 1.443e+02 3.583e+02
|            ( - -6.079e+02 1 0)
|            ( - -7.726e+04 2 0 WDBNDRY_E 0 1.453e+02 3.553e+02))
|        ( QUESTION0_4_R 1 -2.329e+04 3.130e+02 1.069e+02
|            ( WDBNDRY_B 0 -1.372e+04 1.739e+02 6.523e+01
|                ( - -4.242e+02 1 0)
|                ( QUESTION2_10_L -1 -1.312e+04 1.571e+02 6.223e+01
|                    ( - -5.045e+03 1 0)
|                    ( - -7.916e+03 1 0)))
|            ( QUESTION0_1_R 1 -9.265e+03 1.901e+02 4.171e+01
|                ( - -5.542e+02 1 0)
|                ( - -8.521e+03 1 0)))))
s>    ( QUESTION2_6_L -1 -1.020e+05 4.737e+02 4.663e+02
s>        ( - 1.689e+02 1 0)
s>        ( QUESTION0_5_R 1 -1.017e+05 3.981e+02 4.653e+02
s>            ( QUESTION2_10_L -1 -7.801e+04 1.443e+02 3.583e+02
s>                ( - -6.079e+02 1 0)
s>                ( - -7.726e+04 2 0 WDBNDRY_E 0 1.453e+02 3.553e+02))
s>            ( QUESTION0_4_R 1 -2.329e+04 3.130e+02 1.069e+02
s>                ( WDBNDRY_B 0 -1.372e+04 1.739e+02 6.523e+01
s>                    ( - -4.242e+02 1 0)
s>                    ( QUESTION2_10_L -1 -1.312e+04 1.571e+02 6.223e+01
s>                        ( - -5.045e+03 1 0)
s>                        ( - -7.916e+03 1 0)))
s>                ( QUESTION0_1_R 1 -9.265e+03 1.901e+02 4.171e+01
s>                    ( - -5.542e+02 1 0)
s>                    ( - -8.521e+03 1 0)))))INFO: dtree.c(1315): Comp split 16
INFO: dtree.c(1478): Final simple tree
|( QUESTION0_5_R 1 -1.017e+05 3.981e+02 4.653e+02
|    ( QUESTION2_10_L -1 -7.801e+04 1.443e+02 3.583e+02
|        ( - -6.079e+02 1 0)
|        ( WDBNDRY_E 0 -7.726e+04 1.453e+02 3.553e+02
|            ( - -4.058e+03 1 0)
|            ( - -7.306e+04 1 0)))
|    ( QUESTION0_4_R 1 -2.329e+04 3.130e+02 1.069e+02
|        ( WDBNDRY_B 0 -1.372e+04 1.739e+02 6.523e+01
|            ( - -4.242e+02 1 0)
|            ( QUESTION2_10_L -1 -1.312e+04 1.571e+02 6.223e+01
|                ( - -5.045e+03 1 0)
|                ( - -7.916e+03 1 0)))
|        ( QUESTION0_1_R 1 -9.265e+03 1.901e+02 4.171e+01
|            ( - -5.542e+02 1 0)
|            ( - -8.521e+03 1 0))))
s>    ( QUESTION0_5_R 1 -1.017e+05 3.981e+02 4.653e+02
s>        ( QUESTION2_10_L -1 -7.801e+04 1.443e+02 3.583e+02
s>            ( - -6.079e+02 1 0)
s>            ( WDBNDRY_E 0 -7.726e+04 1.453e+02 3.553e+02
s>                ( - -4.058e+03 1 0)
s>                ( - -7.306e+04 1 0)))
s>        ( QUESTION0_4_R 1 -2.329e+04 3.130e+02 1.069e+02
s>            ( WDBNDRY_B 0 -1.372e+04 1.739e+02 6.523e+01
s>                ( - -4.242e+02 1 0)
s>                ( QUESTION2_10_L -1 -1.312e+04 1.571e+02 6.223e+01
s>                    ( - -5.045e+03 1 0)
s>                    ( - -7.916e+03 1 0)))
s>            ( QUESTION0_1_R 1 -9.265e+03 1.901e+02 4.171e+01
s>                ( - -5.542e+02 1 0)
s>                ( - -8.521e+03 1 0))))INFO: dtree.c(1315): Comp split 17
INFO: dtree.c(1478): Final simple tree
|( QUESTION0_4_R 1 -3.412e+04 4.558e+02 1.518e+02
|    ( - 2.407e+02 1 0)
|    ( QUESTION19 -1 -3.391e+04 4.138e+02 1.508e+02
|        ( - -6.750e+03 1 0)
|        ( QUESTION13 -1 -2.675e+04 3.351e+02 1.201e+02
|            ( WDBNDRY_B 0 -4.716e+03 2.286e+02 2.258e+01
|                ( - -3.424e+02 1 0)
|                ( - -4.145e+03 1 0))
|            ( QUESTION2 1 -2.169e+04 2.771e+02 9.754e+01
|                ( - -6.246e+03 2 0)
|                ( QUESTION4 -1 -1.517e+04 3.310e+02 6.817e+01
|                    ( - -5.484e+03 1 0)
|                    ( WDBNDRY_B 0 -9.356e+03 2.274e+02 4.200e+01
|                        ( - -5.710e+03 6 0 SILENCE -1 1.786e+02 2.600e+01)
|                        ( - -3.419e+03 1 0)))))))
s>    ( QUESTION0_4_R 1 -3.412e+04 4.558e+02 1.518e+02
s>        ( - 2.407e+02 1 0)
s>        ( QUESTION19 -1 -3.391e+04 4.138e+02 1.508e+02
s>            ( - -6.750e+03 1 0)
s>            ( QUESTION13 -1 -2.675e+04 3.351e+02 1.201e+02
s>                ( WDBNDRY_B 0 -4.716e+03 2.286e+02 2.258e+01
s>                    ( - -3.424e+02 1 0)
s>                    ( - -4.145e+03 1 0))
s>                ( QUESTION2 1 -2.169e+04 2.771e+02 9.754e+01
s>                    ( - -6.246e+03 2 0)
s>                    ( QUESTION4 -1 -1.517e+04 3.310e+02 6.817e+01
s>                        ( - -5.484e+03 1 0)
s>                        ( WDBNDRY_B 0 -9.356e+03 2.274e+02 4.200e+01
s>                            ( - -5.710e+03 6 0 SILENCE -1 1.786e+02 2.600e+01)
s>                            ( - -3.419e+03 1 0)))))))INFO: dtree.c(1315): Comp split 18
INFO: dtree.c(1478): Final simple tree
|( QUESTION19 -1 -3.391e+04 4.138e+02 1.508e+02
|    ( - -6.750e+03 1 0)
|    ( QUESTION13 -1 -2.675e+04 3.351e+02 1.201e+02
|        ( WDBNDRY_B 0 -4.716e+03 2.286e+02 2.258e+01
|            ( - -3.424e+02 1 0)
|            ( - -4.145e+03 1 0))
|        ( QUESTION2 1 -2.169e+04 2.771e+02 9.754e+01
|            ( - -6.246e+03 2 0)
|            ( QUESTION4 -1 -1.517e+04 3.310e+02 6.817e+01
|                ( - -5.484e+03 1 0)
|                ( WDBNDRY_B 0 -9.356e+03 2.274e+02 4.200e+01
|                    ( SILENCE -1 -5.710e+03 1.786e+02 2.600e+01
|                        ( - -1.507e+03 2 0 QUESTION0_8_R 1 4.769e+02 7.000e+00)
|                        ( - -4.024e+03 4 0 QUESTION0 -1 1.279e+02 1.900e+01))
|                    ( - -3.419e+03 1 0))))))
s>    ( QUESTION19 -1 -3.391e+04 4.138e+02 1.508e+02
s>        ( - -6.750e+03 1 0)
s>        ( QUESTION13 -1 -2.675e+04 3.351e+02 1.201e+02
s>            ( WDBNDRY_B 0 -4.716e+03 2.286e+02 2.258e+01
s>                ( - -3.424e+02 1 0)
s>                ( - -4.145e+03 1 0))
s>            ( QUESTION2 1 -2.169e+04 2.771e+02 9.754e+01
s>                ( - -6.246e+03 2 0)
s>                ( QUESTION4 -1 -1.517e+04 3.310e+02 6.817e+01
s>                    ( - -5.484e+03 1 0)
s>                    ( WDBNDRY_B 0 -9.356e+03 2.274e+02 4.200e+01
s>                        ( SILENCE -1 -5.710e+03 1.786e+02 2.600e+01
s>                            ( - -1.507e+03 2 0 QUESTION0_8_R 1 4.769e+02 7.000e+00)
s>                            ( - -4.024e+03 4 0 QUESTION0 -1 1.279e+02 1.900e+01))
s>                        ( - -3.419e+03 1 0))))))INFO: dtree.c(1315): Comp split 19
INFO: dtree.c(1439): stop. leaf nodes are specific
INFO: dtree.c(1478): Final simple tree
|( WDBNDRY_I 0 -1.924e+04 1.690e+02 8.858e+01
|    ( - -1.632e+04 1 0)
|    ( QUESTION0_4_R 1 -2.743e+03 1.505e+02 1.100e+01
|        ( WDBNDRY_B 0 -2.235e+03 1.263e+02 9.000e+00
|            ( - -7.990e+02 1 0)
|            ( - -1.310e+03 1 0))
|        ( - -3.576e+02 1 0)))
s>    ( WDBNDRY_I 0 -1.924e+04 1.690e+02 8.858e+01
s>        ( - -1.632e+04 1 0)
s>        ( QUESTION0_4_R 1 -2.743e+03 1.505e+02 1.100e+01
s>            ( WDBNDRY_B 0 -2.235e+03 1.263e+02 9.000e+00
s>                ( - -7.990e+02 1 0)
s>                ( - -1.310e+03 1 0))
s>            ( - -3.576e+02 1 0)))INFO: dtree.c(1478): Final simple tree
|( QUESTION17 1 -4.264e+04 3.698e+02 1.957e+02
|    ( - -4.376e+03 1 0)
|    ( QUESTION0_8_R 1 -3.790e+04 2.561e+02 1.729e+02
|        ( - -1.413e+04 1 0)
|        ( QUESTION18 1 -2.351e+04 1.545e+02 1.102e+02
|            ( - -2.747e+03 1 0)
|            ( QUESTION6 1 -2.061e+04 1.504e+02 9.714e+01
|                ( - -1.155e+03 1 0)
|                ( QUESTION0_4_R 1 -1.931e+04 1.552e+02 9.114e+01
|                    ( - -1.133e+03 1 0)
|                    ( QUESTION0_1_R 1 -1.802e+04 1.387e+02 8.514e+01
|                        ( - -2.221e+03 1 0)
|                        ( SILENCE 1 -1.566e+04 1.196e+02 7.414e+01
|                            ( - -1.027e+04 1 0)
|                            ( - -5.267e+03 1 0))))))))
s>    ( QUESTION17 1 -4.264e+04 3.698e+02 1.957e+02
s>        ( - -4.376e+03 1 0)
s>        ( QUESTION0_8_R 1 -3.790e+04 2.561e+02 1.729e+02
s>            ( - -1.413e+04 1 0)
s>            ( QUESTION18 1 -2.351e+04 1.545e+02 1.102e+02
s>                ( - -2.747e+03 1 0)
s>                ( QUESTION6 1 -2.061e+04 1.504e+02 9.714e+01
s>                    ( - -1.155e+03 1 0)
s>                    ( QUESTION0_4_R 1 -1.931e+04 1.552e+02 9.114e+01
s>                        ( - -1.133e+03 1 0)
s>                        ( QUESTION0_1_R 1 -1.802e+04 1.387e+02 8.514e+01
s>                            ( - -2.221e+03 1 0)
s>                            ( SILENCE 1 -1.566e+04 1.196e+02 7.414e+01
s>                                ( - -1.027e+04 1 0)
s>                                ( - -5.267e+03 1 0))))))))INFO: dtree.c(1315): Comp split 20
INFO: dtree.c(1439): stop. leaf nodes are specific
INFO: dtree.c(1478): Final simple tree
|( WDBNDRY_B 0 -7.256e+03 1.634e+02 3.265e+01
|    ( - -3.424e+02 1 0)
|    ( - -6.750e+03 1 0))
s>    ( WDBNDRY_B 0 -7.256e+03 1.634e+02 3.265e+01
s>        ( - -3.424e+02 1 0)
s>        ( - -6.750e+03 1 0))INFO: dtree.c(1478): Final simple tree
|( QUESTION13 -1 -2.622e+04 3.816e+02 1.181e+02
|    ( - -4.145e+03 1 0)
|    ( QUESTION2 1 -2.169e+04 2.771e+02 9.754e+01
|        ( - -6.246e+03 2 0)
|        ( QUESTION4 -1 -1.517e+04 3.310e+02 6.817e+01
|            ( - -5.484e+03 1 0)
|            ( WDBNDRY_B 0 -9.356e+03 2.274e+02 4.200e+01
|                ( SILENCE -1 -5.710e+03 1.786e+02 2.600e+01
|                    ( QUESTION0_8_R 1 -1.507e+03 4.769e+02 7.000e+00
|                        ( - -1.182e+03 1 0)
|                        ( - 1.521e+02 1 0))
|                    ( QUESTION0 -1 -4.024e+03 1.279e+02 1.900e+01
|                        ( - -2.617e+03 3 0 QUESTION0_8_R 1 1.234e+02 1.300e+01)
|                        ( - -1.279e+03 1 0)))
|                ( - -3.419e+03 1 0)))))
s>    ( QUESTION13 -1 -2.622e+04 3.816e+02 1.181e+02
s>        ( - -4.145e+03 1 0)
s>        ( QUESTION2 1 -2.169e+04 2.771e+02 9.754e+01
s>            ( - -6.246e+03 2 0)
s>            ( QUESTION4 -1 -1.517e+04 3.310e+02 6.817e+01
s>                ( - -5.484e+03 1 0)
s>                ( WDBNDRY_B 0 -9.356e+03 2.274e+02 4.200e+01
s>                    ( SILENCE -1 -5.710e+03 1.786e+02 2.600e+01
s>                        ( QUESTION0_8_R 1 -1.507e+03 4.769e+02 7.000e+00
s>                            ( - -1.182e+03 1 0)
s>                            ( - 1.521e+02 1 0))
s>                        ( QUESTION0 -1 -4.024e+03 1.279e+02 1.900e+01
s>                            ( - -2.617e+03 3 0 QUESTION0_8_R 1 1.234e+02 1.300e+01)
s>                            ( - -1.279e+03 1 0)))
s>                    ( - -3.419e+03 1 0)))))INFO: dtree.c(1315): Comp split 21
INFO: dtree.c(1478): Final simple tree
|( QUESTION13 -1 -2.592e+04 3.817e+02 1.171e+02
|    ( - -4.145e+03 1 0)
|    ( QUESTION4 -1 -2.139e+04 2.778e+02 9.654e+01
|        ( QUESTION0 1 -1.206e+04 3.336e+02 5.554e+01
|            ( - -6.246e+03 2 0)
|            ( - -5.484e+03 1 0))
|        ( WDBNDRY_B 0 -9.049e+03 2.332e+02 4.100e+01
|            ( SILENCE -1 -5.397e+03 1.909e+02 2.500e+01
|                ( - -1.182e+03 1 0)
|                ( QUESTION0 -1 -4.024e+03 1.279e+02 1.900e+01
|                    ( QUESTION0_8_R 1 -2.617e+03 1.234e+02 1.300e+01
|                        ( - -7.362e+02 2 0)
|                        ( - -1.758e+03 1 0))
|                    ( - -1.279e+03 1 0)))
|            ( - -3.419e+03 1 0))))
s>    ( QUESTION13 -1 -2.592e+04 3.817e+02 1.171e+02
s>        ( - -4.145e+03 1 0)
s>        ( QUESTION4 -1 -2.139e+04 2.778e+02 9.654e+01
s>            ( QUESTION0 1 -1.206e+04 3.336e+02 5.554e+01
s>                ( - -6.246e+03 2 0)
s>                ( - -5.484e+03 1 0))
s>            ( WDBNDRY_B 0 -9.049e+03 2.332e+02 4.100e+01
s>                ( SILENCE -1 -5.397e+03 1.909e+02 2.500e+01
s>                    ( - -1.182e+03 1 0)
s>                    ( QUESTION0 -1 -4.024e+03 1.279e+02 1.900e+01
s>                        ( QUESTION0_8_R 1 -2.617e+03 1.234e+02 1.300e+01
s>                            ( - -7.362e+02 2 0)
s>                            ( - -1.758e+03 1 0))
s>                        ( - -1.279e+03 1 0)))
s>                ( - -3.419e+03 1 0))))INFO: dtree.c(1315): Comp split 22
INFO: dtree.c(1439): stop. leaf nodes are specific
INFO: dtree.c(1478): Final simple tree
|( QUESTION0_4_R 1 -2.329e+04 3.130e+02 1.069e+02
|    ( WDBNDRY_B 0 -1.372e+04 1.739e+02 6.523e+01
|        ( - -4.242e+02 1 0)
|        ( QUESTION2_10_L -1 -1.312e+04 1.571e+02 6.223e+01
|            ( - -5.045e+03 1 0)
|            ( - -7.916e+03 1 0)))
|    ( QUESTION0_1_R 1 -9.265e+03 1.901e+02 4.171e+01
|        ( - -5.542e+02 1 0)
|        ( - -8.521e+03 1 0)))
s>    ( QUESTION0_4_R 1 -2.329e+04 3.130e+02 1.069e+02
s>        ( WDBNDRY_B 0 -1.372e+04 1.739e+02 6.523e+01
s>            ( - -4.242e+02 1 0)
s>            ( QUESTION2_10_L -1 -1.312e+04 1.571e+02 6.223e+01
s>                ( - -5.045e+03 1 0)
s>                ( - -7.916e+03 1 0)))
s>        ( QUESTION0_1_R 1 -9.265e+03 1.901e+02 4.171e+01
s>            ( - -5.542e+02 1 0)
s>            ( - -8.521e+03 1 0)))INFO: dtree.c(1439): stop. leaf nodes are specific
INFO: dtree.c(1478): Final simple tree
|( QUESTION2_10_L -1 -7.801e+04 1.443e+02 3.583e+02
|    ( - -6.079e+02 1 0)
|    ( WDBNDRY_E 0 -7.726e+04 1.453e+02 3.553e+02
|        ( - -4.058e+03 1 0)
|        ( - -7.306e+04 1 0)))
s>    ( QUESTION2_10_L -1 -7.801e+04 1.443e+02 3.583e+02
s>        ( - -6.079e+02 1 0)
s>        ( WDBNDRY_E 0 -7.726e+04 1.453e+02 3.553e+02
s>            ( - -4.058e+03 1 0)
s>            ( - -7.306e+04 1 0)))INFO: dtree.c(1315): Comp split 23
INFO: dtree.c(1439): stop. leaf nodes are specific
INFO: dtree.c(1478): Final simple tree
|( QUESTION2 1 -1.557e+04 2.740e+02 7.036e+01
|    ( - -6.246e+03 2 0)
|    ( WDBNDRY_B 0 -9.049e+03 2.332e+02 4.100e+01
|        ( SILENCE -1 -5.397e+03 1.909e+02 2.500e+01
|            ( - -1.182e+03 1 0)
|            ( QUESTION0 -1 -4.024e+03 1.279e+02 1.900e+01
|                ( QUESTION0_8_R 1 -2.617e+03 1.234e+02 1.300e+01
|                    ( - -7.362e+02 2 0)
|                    ( - -1.758e+03 1 0))
|                ( - -1.279e+03 1 0)))
|        ( - -3.419e+03 1 0)))
s>    ( QUESTION2 1 -1.557e+04 2.740e+02 7.036e+01
s>        ( - -6.246e+03 2 0)
s>        ( WDBNDRY_B 0 -9.049e+03 2.332e+02 4.100e+01
s>            ( SILENCE -1 -5.397e+03 1.909e+02 2.500e+01
s>                ( - -1.182e+03 1 0)
s>                ( QUESTION0 -1 -4.024e+03 1.279e+02 1.900e+01
s>                    ( QUESTION0_8_R 1 -2.617e+03 1.234e+02 1.300e+01
s>                        ( - -7.362e+02 2 0)
s>                        ( - -1.758e+03 1 0))
s>                    ( - -1.279e+03 1 0)))
s>            ( - -3.419e+03 1 0)))INFO: dtree.c(1439): stop. leaf nodes are specific
INFO: dtree.c(1478): Final simple tree
|( QUESTION0_1_R 1 -9.956e+03 3.264e+02 4.676e+01
|    ( - -5.484e+03 1 0)
|    ( - -4.145e+03 1 0))
s>    ( QUESTION0_1_R 1 -9.956e+03 3.264e+02 4.676e+01
s>        ( - -5.484e+03 1 0)
s>        ( - -4.145e+03 1 0))INFO: dtree.c(1315): Comp split 24
INFO: dtree.c(1439): stop. leaf nodes are specific
INFO: dtree.c(1478): Final simple tree
|( QUESTION0_8_R 1 -3.790e+04 2.561e+02 1.729e+02
|    ( - -1.413e+04 1 0)
|    ( QUESTION18 1 -2.351e+04 1.545e+02 1.102e+02
|        ( - -2.747e+03 1 0)
|        ( QUESTION6 1 -2.061e+04 1.504e+02 9.714e+01
|            ( - -1.155e+03 1 0)
|            ( QUESTION0_4_R 1 -1.931e+04 1.552e+02 9.114e+01
|                ( - -1.133e+03 1 0)
|                ( QUESTION0_1_R 1 -1.802e+04 1.387e+02 8.514e+01
|                    ( - -2.221e+03 1 0)
|                    ( SILENCE 1 -1.566e+04 1.196e+02 7.414e+01
|                        ( - -1.027e+04 1 0)
|                        ( - -5.267e+03 1 0)))))))
s>    ( QUESTION0_8_R 1 -3.790e+04 2.561e+02 1.729e+02
s>        ( - -1.413e+04 1 0)
s>        ( QUESTION18 1 -2.351e+04 1.545e+02 1.102e+02
s>            ( - -2.747e+03 1 0)
s>            ( QUESTION6 1 -2.061e+04 1.504e+02 9.714e+01
s>                ( - -1.155e+03 1 0)
s>                ( QUESTION0_4_R 1 -1.931e+04 1.552e+02 9.114e+01
s>                    ( - -1.133e+03 1 0)
s>                    ( QUESTION0_1_R 1 -1.802e+04 1.387e+02 8.514e+01
s>                        ( - -2.221e+03 1 0)
s>                        ( SILENCE 1 -1.566e+04 1.196e+02 7.414e+01
s>                            ( - -1.027e+04 1 0)
s>                            ( - -5.267e+03 1 0)))))))INFO: dtree.c(1315): Comp split 25
INFO: dtree.c(1439): stop. leaf nodes are specific
INFO: dtree.c(1478): Final simple tree
|( SILENCE 1 -2.398e+04 1.870e+02 1.138e+02
|    ( QUESTION2_10_L -1 -1.020e+04 1.353e+02 4.937e+01
|        ( - -7.237e+02 1 0)
|        ( - -9.345e+03 1 0))
|    ( QUESTION0_1_R 1 -1.359e+04 1.384e+02 6.439e+01
|        ( - -7.116e+02 1 0)
|        ( - -1.274e+04 1 0)))
s>    ( SILENCE 1 -2.398e+04 1.870e+02 1.138e+02
s>        ( QUESTION2_10_L -1 -1.020e+04 1.353e+02 4.937e+01
s>            ( - -7.237e+02 1 0)
s>            ( - -9.345e+03 1 0))
s>        ( QUESTION0_1_R 1 -1.359e+04 1.384e+02 6.439e+01
s>            ( - -7.116e+02 1 0)
s>            ( - -1.274e+04 1 0)))INFO: dtree.c(1439): stop. leaf nodes are specific
INFO: dtree.c(1478): Final simple tree
|( QUESTION0_8_R 1 -3.270e+04 2.241e+02 1.513e+02
|    ( - -2.323e+02 1 0)
|    ( QUESTION0_15_R 1 -3.224e+04 2.203e+02 1.493e+02
|        ( - -3.093e+02 1 0)
|        ( QUESTION0_1_R 1 -3.171e+04 1.856e+02 1.473e+02
|            ( - -1.682e+03 1 0)
|            ( - -2.985e+04 1 0))))
s>    ( QUESTION0_8_R 1 -3.270e+04 2.241e+02 1.513e+02
s>        ( - -2.323e+02 1 0)
s>        ( QUESTION0_15_R 1 -3.224e+04 2.203e+02 1.493e+02
s>            ( - -3.093e+02 1 0)
s>            ( QUESTION0_1_R 1 -3.171e+04 1.856e+02 1.473e+02
s>                ( - -1.682e+03 1 0)
s>                ( - -2.985e+04 1 0))))INFO: dtree.c(1315): Comp split 26
INFO: dtree.c(1439): stop. leaf nodes are specific
INFO: dtree.c(1478): Final simple tree
|( QUESTION0_7_R 1 -1.048e+04 1.204e+02 4.678e+01
|    ( - -1.256e+03 1 0)
|    ( QUESTION0_0_R 1 -9.102e+03 1.183e+02 4.078e+01
|        ( - -2.585e+03 1 0)
|        ( - -6.399e+03 1 0)))
s>    ( QUESTION0_7_R 1 -1.048e+04 1.204e+02 4.678e+01
s>        ( - -1.256e+03 1 0)
s>        ( QUESTION0_0_R 1 -9.102e+03 1.183e+02 4.078e+01
s>            ( - -2.585e+03 1 0)
s>            ( - -6.399e+03 1 0)))INFO: dtree.c(1439): stop. leaf nodes are specific
INFO: dtree.c(1478): Final simple tree
|( QUESTION2_18_L -1 -2.087e+04 2.499e+02 9.655e+01
|    ( QUESTION0_1_R 1 -7.281e+03 1.073e+02 3.555e+01
|        ( - -4.739e+03 1 0)
|        ( - -2.434e+03 1 0))
|    ( SILENCE 1 -1.334e+04 2.239e+02 6.100e+01
|        ( - -2.193e+03 1 0)
|        ( QUESTION0_3_R 1 -1.092e+04 1.948e+02 4.900e+01
|            ( - -7.724e+02 1 0)
|            ( QUESTION0 -1 -9.957e+03 1.917e+02 4.500e+01
|                ( - -4.127e+03 1 0)
|                ( QUESTION0_1_R 1 -5.639e+03 1.692e+02 2.600e+01
|                    ( - -1.284e+03 1 0)
|                    ( - -4.186e+03 1 0))))))
s>    ( QUESTION2_18_L -1 -2.087e+04 2.499e+02 9.655e+01
s>        ( QUESTION0_1_R 1 -7.281e+03 1.073e+02 3.555e+01
s>            ( - -4.739e+03 1 0)
s>            ( - -2.434e+03 1 0))
s>        ( SILENCE 1 -1.334e+04 2.239e+02 6.100e+01
s>            ( - -2.193e+03 1 0)
s>            ( QUESTION0_3_R 1 -1.092e+04 1.948e+02 4.900e+01
s>                ( - -7.724e+02 1 0)
s>                ( QUESTION0 -1 -9.957e+03 1.917e+02 4.500e+01
s>                    ( - -4.127e+03 1 0)
s>                    ( QUESTION0_1_R 1 -5.639e+03 1.692e+02 2.600e+01
s>                        ( - -1.284e+03 1 0)
s>                        ( - -4.186e+03 1 0))))))INFO: dtree.c(1315): Comp split 27
INFO: dtree.c(1315): Comp split 28
INFO: dtree.c(1439): stop. leaf nodes are specific
INFO: dtree.c(1478): Final simple tree
|( WDBNDRY_B 0 -1.372e+04 1.739e+02 6.523e+01
|    ( - -4.242e+02 1 0)
|    ( QUESTION2_10_L -1 -1.312e+04 1.571e+02 6.223e+01
|        ( - -5.045e+03 1 0)
|        ( - -7.916e+03 1 0)))
s>    ( WDBNDRY_B 0 -1.372e+04 1.739e+02 6.523e+01
s>        ( - -4.242e+02 1 0)
s>        ( QUESTION2_10_L -1 -1.312e+04 1.571e+02 6.223e+01
s>            ( - -5.045e+03 1 0)
s>            ( - -7.916e+03 1 0)))INFO: dtree.c(1439): stop. leaf nodes are specific
INFO: dtree.c(1478): Final simple tree
|( QUESTION0_1_R 1 -9.265e+03 1.901e+02 4.171e+01
|    ( - -5.542e+02 1 0)
|    ( - -8.521e+03 1 0))
s>    ( QUESTION0_1_R 1 -9.265e+03 1.901e+02 4.171e+01
s>        ( - -5.542e+02 1 0)
s>        ( - -8.521e+03 1 0))INFO: dtree.c(1315): Comp split 29
INFO: dtree.c(1439): stop. leaf nodes are specific
INFO: dtree.c(1478): Final simple tree
|( QUESTION0_4_R 1 -2.091e+04 1.507e+02 9.820e+01
|    ( - -2.747e+03 1 0)
|    ( QUESTION0_1_R 1 -1.802e+04 1.387e+02 8.514e+01
|        ( - -2.221e+03 1 0)
|        ( SILENCE 1 -1.566e+04 1.196e+02 7.414e+01
|            ( - -1.027e+04 1 0)
|            ( - -5.267e+03 1 0))))
s>    ( QUESTION0_4_R 1 -2.091e+04 1.507e+02 9.820e+01
s>        ( - -2.747e+03 1 0)
s>        ( QUESTION0_1_R 1 -1.802e+04 1.387e+02 8.514e+01
s>            ( - -2.221e+03 1 0)
s>            ( SILENCE 1 -1.566e+04 1.196e+02 7.414e+01
s>                ( - -1.027e+04 1 0)
s>                ( - -5.267e+03 1 0))))INFO: dtree.c(1439): stop. leaf nodes are specific
INFO: dtree.c(1478): Final simple tree
|( QUESTION0_1_R 1 -1.670e+04 1.619e+02 7.470e+01
|    ( QUESTION0_4_R 1 -2.413e+03 1.253e+02 1.200e+01
|        ( - -1.133e+03 1 0)
|        ( - -1.155e+03 1 0))
|    ( - -1.413e+04 1 0))
s>    ( QUESTION0_1_R 1 -1.670e+04 1.619e+02 7.470e+01
s>        ( QUESTION0_4_R 1 -2.413e+03 1.253e+02 1.200e+01
s>            ( - -1.133e+03 1 0)
s>            ( - -1.155e+03 1 0))
s>        ( - -1.413e+04 1 0))INFO: dtree.c(1315): Comp split 30
INFO: dtree.c(1439): stop. leaf nodes are specific
INFO: dtree.c(1478): Final simple tree
|( WDBNDRY_B 0 -9.049e+03 2.332e+02 4.100e+01
|    ( SILENCE -1 -5.397e+03 1.909e+02 2.500e+01
|        ( - -1.182e+03 1 0)
|        ( QUESTION0 -1 -4.024e+03 1.279e+02 1.900e+01
|            ( QUESTION0_8_R 1 -2.617e+03 1.234e+02 1.300e+01
|                ( - -7.362e+02 2 0)
|                ( - -1.758e+03 1 0))
|            ( - -1.279e+03 1 0)))
|    ( - -3.419e+03 1 0))
s>    ( WDBNDRY_B 0 -9.049e+03 2.332e+02 4.100e+01
s>        ( SILENCE -1 -5.397e+03 1.909e+02 2.500e+01
s>            ( - -1.182e+03 1 0)
s>            ( QUESTION0 -1 -4.024e+03 1.279e+02 1.900e+01
s>                ( QUESTION0_8_R 1 -2.617e+03 1.234e+02 1.300e+01
s>                    ( - -7.362e+02 2 0)
s>                    ( - -1.758e+03 1 0))
s>                ( - -1.279e+03 1 0)))
s>        ( - -3.419e+03 1 0))INFO: dtree.c(1315): Comp split 31
INFO: dtree.c(1439): stop. leaf nodes are specific
INFO: dtree.c(1478): Final simple tree
|( QUESTION0_3_R 1 -1.092e+04 1.948e+02 4.900e+01
|    ( - -7.724e+02 1 0)
|    ( QUESTION0 -1 -9.957e+03 1.917e+02 4.500e+01
|        ( - -4.127e+03 1 0)
|        ( QUESTION0_1_R 1 -5.639e+03 1.692e+02 2.600e+01
|            ( - -1.284e+03 1 0)
|            ( - -4.186e+03 1 0))))
s>    ( QUESTION0_3_R 1 -1.092e+04 1.948e+02 4.900e+01
s>        ( - -7.724e+02 1 0)
s>        ( QUESTION0 -1 -9.957e+03 1.917e+02 4.500e+01
s>            ( - -4.127e+03 1 0)
s>            ( QUESTION0_1_R 1 -5.639e+03 1.692e+02 2.600e+01
s>                ( - -1.284e+03 1 0)
s>                ( - -4.186e+03 1 0))))INFO: dtree.c(1439): stop. leaf nodes are specific
INFO: dtree.c(1478): Final simple tree
|( SILENCE 1 -9.686e+03 2.121e+02 4.755e+01
|    ( - -2.193e+03 1 0)
|    ( QUESTION0_1_R 1 -7.281e+03 1.073e+02 3.555e+01
|        ( - -4.739e+03 1 0)
|        ( - -2.434e+03 1 0)))
s>    ( SILENCE 1 -9.686e+03 2.121e+02 4.755e+01
s>        ( - -2.193e+03 1 0)
s>        ( QUESTION0_1_R 1 -7.281e+03 1.073e+02 3.555e+01
s>            ( - -4.739e+03 1 0)
s>            ( - -2.434e+03 1 0)))INFO: dtree.c(1315): Comp split 32
INFO: dtree.c(1315): Comp split 33
INFO: dtree.c(1315): Comp split 34
INFO: dtree.c(1439): stop. leaf nodes are specific
INFO: dtree.c(1478): Final simple tree
|( QUESTION0 -1 -4.024e+03 1.279e+02 1.900e+01
|    ( QUESTION0_8_R 1 -2.617e+03 1.234e+02 1.300e+01
|        ( - -7.362e+02 2 0)
|        ( - -1.758e+03 1 0))
|    ( - -1.279e+03 1 0))
s>    ( QUESTION0 -1 -4.024e+03 1.279e+02 1.900e+01
s>        ( QUESTION0_8_R 1 -2.617e+03 1.234e+02 1.300e+01
s>            ( - -7.362e+02 2 0)
s>            ( - -1.758e+03 1 0))
s>        ( - -1.279e+03 1 0))INFO: dtree.c(1439): stop. leaf nodes are specific
INFO: dtree.c(1478): Final simple tree
|( WDBNDRY_B 0 -4.780e+03 1.792e+02 2.200e+01
|    ( - -1.182e+03 1 0)
|    ( - -3.419e+03 1 0))
s>    ( WDBNDRY_B 0 -4.780e+03 1.792e+02 2.200e+01
s>        ( - -1.182e+03 1 0)
s>        ( - -3.419e+03 1 0))INFO: dtree.c(1315): Comp split 35
INFO: dtree.c(1439): stop. leaf nodes are specific
INFO: dtree.c(1478): Final simple tree
|( QUESTION0_15_R 1 -3.224e+04 2.203e+02 1.493e+02
|    ( - -3.093e+02 1 0)
|    ( QUESTION0_1_R 1 -3.171e+04 1.856e+02 1.473e+02
|        ( - -1.682e+03 1 0)
|        ( - -2.985e+04 1 0)))
s>    ( QUESTION0_15_R 1 -3.224e+04 2.203e+02 1.493e+02
s>        ( - -3.093e+02 1 0)
s>        ( QUESTION0_1_R 1 -3.171e+04 1.856e+02 1.473e+02
s>            ( - -1.682e+03 1 0)
s>            ( - -2.985e+04 1 0)))INFO: dtree.c(1315): Comp split 36
INFO: dtree.c(1439): stop. leaf nodes are specific
INFO: dtree.c(1478): Final simple tree
|( QUESTION0_1_R 1 -3.171e+04 1.856e+02 1.473e+02
|    ( - -1.682e+03 1 0)
|    ( - -2.985e+04 1 0))
s>    ( QUESTION0_1_R 1 -3.171e+04 1.856e+02 1.473e+02
s>        ( - -1.682e+03 1 0)
s>        ( - -2.985e+04 1 0))INFO: dtree.c(1315): Comp split 37
INFO: dtree.c(1439): stop. leaf nodes are specific
INFO: dtree.c(1478): Final simple tree
|( QUESTION0_1_R 1 -7.281e+03 1.073e+02 3.555e+01
|    ( - -4.739e+03 1 0)
|    ( - -2.434e+03 1 0))
s>    ( QUESTION0_1_R 1 -7.281e+03 1.073e+02 3.555e+01
s>        ( - -4.739e+03 1 0)
s>        ( - -2.434e+03 1 0))INFO: dtree.c(1315): Comp split 38
INFO: dtree.c(1439): stop. leaf nodes are specific
INFO: dtree.c(1478): Final simple tree
|( QUESTION0 -1 -9.957e+03 1.917e+02 4.500e+01
|    ( - -4.127e+03 1 0)
|    ( QUESTION0_1_R 1 -5.639e+03 1.692e+02 2.600e+01
|        ( - -1.284e+03 1 0)
|        ( - -4.186e+03 1 0)))
s>    ( QUESTION0 -1 -9.957e+03 1.917e+02 4.500e+01
s>        ( - -4.127e+03 1 0)
s>        ( QUESTION0_1_R 1 -5.639e+03 1.692e+02 2.600e+01
s>            ( - -1.284e+03 1 0)
s>            ( - -4.186e+03 1 0)))INFO: dtree.c(1315): Comp split 39
INFO: dtree.c(1439): stop. leaf nodes are specific
INFO: dtree.c(1478): Final simple tree
|( QUESTION0_1_R 1 -5.639e+03 1.692e+02 2.600e+01
|    ( - -1.284e+03 1 0)
|    ( - -4.186e+03 1 0))
s>    ( QUESTION0_1_R 1 -5.639e+03 1.692e+02 2.600e+01
s>        ( - -1.284e+03 1 0)
s>        ( - -4.186e+03 1 0))INFO: dtree.c(1315): Comp split 40
INFO: dtree.c(1315): Comp split 41
INFO: dtree.c(1439): stop. leaf nodes are specific
INFO: dtree.c(1478): Final simple tree
|( QUESTION0_1_R 1 -1.359e+04 1.384e+02 6.439e+01
|    ( - -7.116e+02 1 0)
|    ( - -1.274e+04 1 0))
s>    ( QUESTION0_1_R 1 -1.359e+04 1.384e+02 6.439e+01
s>        ( - -7.116e+02 1 0)
s>        ( - -1.274e+04 1 0))INFO: dtree.c(1439): stop. leaf nodes are specific
INFO: dtree.c(1478): Final simple tree
|( QUESTION2_10_L -1 -1.020e+04 1.353e+02 4.937e+01
|    ( - -7.237e+02 1 0)
|    ( - -9.345e+03 1 0))
s>    ( QUESTION2_10_L -1 -1.020e+04 1.353e+02 4.937e+01
s>        ( - -7.237e+02 1 0)
s>        ( - -9.345e+03 1 0))INFO: dtree.c(1315): Comp split 42
INFO: dtree.c(1315): Comp split 43
INFO: dtree.c(1439): stop. leaf nodes are specific
INFO: dtree.c(1478): Final simple tree
|( WDBNDRY_B 0 -1.224e+04 1.683e+02 5.635e+01
|    ( - -3.691e+02 1 0)
|    ( - -1.170e+04 1 0))
s>    ( WDBNDRY_B 0 -1.224e+04 1.683e+02 5.635e+01
s>        ( - -3.691e+02 1 0)
s>        ( - -1.170e+04 1 0))INFO: dtree.c(1315): Comp split 44
INFO: dtree.c(1315): Comp split 45
INFO: dtree.c(1439): stop. leaf nodes are specific
INFO: dtree.c(1478): Final simple tree
|( QUESTION0_0_R 1 -4.560e+04 1.023e+02 2.213e+02
|    ( - -4.253e+04 2 0)
|    ( - -2.962e+03 1 0))
s>    ( QUESTION0_0_R 1 -4.560e+04 1.023e+02 2.213e+02
s>        ( - -4.253e+04 2 0)
s>        ( - -2.962e+03 1 0))INFO: dtree.c(1439): stop. leaf nodes are specific
INFO: dtree.c(1478): Final simple tree
|( QUESTION0_10_R 1 -1.014e+04 1.388e+02 5.000e+01
|    ( - -2.544e+03 1 0)
|    ( QUESTION0_8_R 1 -7.459e+03 1.157e+02 3.700e+01
|        ( - -3.148e+03 1 0)
|        ( - -4.195e+03 1 0)))
s>    ( QUESTION0_10_R 1 -1.014e+04 1.388e+02 5.000e+01
s>        ( - -2.544e+03 1 0)
s>        ( QUESTION0_8_R 1 -7.459e+03 1.157e+02 3.700e+01
s>            ( - -3.148e+03 1 0)
s>            ( - -4.195e+03 1 0)))INFO: dtree.c(1315): Comp split 46
INFO: dtree.c(1439): stop. leaf nodes are specific
INFO: dtree.c(1478): Final simple tree
|( QUESTION2_10_L -1 -1.312e+04 1.571e+02 6.223e+01
|    ( - -5.045e+03 1 0)
|    ( - -7.916e+03 1 0))
s>    ( QUESTION2_10_L -1 -1.312e+04 1.571e+02 6.223e+01
s>        ( - -5.045e+03 1 0)
s>        ( - -7.916e+03 1 0))INFO: dtree.c(1315): Comp split 47
INFO: dtree.c(1439): stop. leaf nodes are specific
INFO: dtree.c(1478): Final simple tree
|( QUESTION2_2_L -1 -1.406e+04 1.464e+02 6.604e+01
|    ( - -3.082e+02 1 0)
|    ( QUESTION0 -1 -1.361e+04 1.166e+02 6.404e+01
|        ( - -1.222e+04 1 0)
|        ( - -1.268e+03 2 0)))
s>    ( QUESTION2_2_L -1 -1.406e+04 1.464e+02 6.604e+01
s>        ( - -3.082e+02 1 0)
s>        ( QUESTION0 -1 -1.361e+04 1.166e+02 6.404e+01
s>            ( - -1.222e+04 1 0)
s>            ( - -1.268e+03 2 0)))INFO: dtree.c(1315): Comp split 48
INFO: dtree.c(1315): Comp split 49
INFO: dtree.c(1439): stop. leaf nodes are specific
INFO: dtree.c(1478): Final simple tree
|( QUESTION0_4_R 1 -2.743e+03 1.505e+02 1.100e+01
|    ( WDBNDRY_B 0 -2.235e+03 1.263e+02 9.000e+00
|        ( - -7.990e+02 1 0)
|        ( - -1.310e+03 1 0))
|    ( - -3.576e+02 1 0))
s>    ( QUESTION0_4_R 1 -2.743e+03 1.505e+02 1.100e+01
s>        ( WDBNDRY_B 0 -2.235e+03 1.263e+02 9.000e+00
s>            ( - -7.990e+02 1 0)
s>            ( - -1.310e+03 1 0))
s>        ( - -3.576e+02 1 0))INFO: dtree.c(1315): Comp split 50
INFO: dtree.c(1315): Comp split 51
INFO: dtree.c(1315): Comp split 52
INFO: dtree.c(1439): stop. leaf nodes are specific
INFO: dtree.c(1478): Final simple tree
|( QUESTION0_4_R 1 -2.413e+03 1.253e+02 1.200e+01
|    ( - -1.133e+03 1 0)
|    ( - -1.155e+03 1 0))
s>    ( QUESTION0_4_R 1 -2.413e+03 1.253e+02 1.200e+01
s>        ( - -1.133e+03 1 0)
s>        ( - -1.155e+03 1 0))INFO: dtree.c(1315): Comp split 53
INFO: dtree.c(1315): Comp split 54
INFO: dtree.c(1439): stop. leaf nodes are specific
INFO: dtree.c(1478): Final simple tree
|( QUESTION0_1_R 1 -1.802e+04 1.387e+02 8.514e+01
|    ( - -2.221e+03 1 0)
|    ( SILENCE 1 -1.566e+04 1.196e+02 7.414e+01
|        ( - -1.027e+04 1 0)
|        ( - -5.267e+03 1 0)))
s>    ( QUESTION0_1_R 1 -1.802e+04 1.387e+02 8.514e+01
s>        ( - -2.221e+03 1 0)
s>        ( SILENCE 1 -1.566e+04 1.196e+02 7.414e+01
s>            ( - -1.027e+04 1 0)
s>            ( - -5.267e+03 1 0)))INFO: dtree.c(1315): Comp split 55
INFO: dtree.c(1439): stop. leaf nodes are specific
INFO: dtree.c(1478): Final simple tree
|( WDBNDRY_B 0 -2.235e+03 1.263e+02 9.000e+00
|    ( - -7.990e+02 1 0)
|    ( - -1.310e+03 1 0))
s>    ( WDBNDRY_B 0 -2.235e+03 1.263e+02 9.000e+00
s>        ( - -7.990e+02 1 0)
s>        ( - -1.310e+03 1 0))INFO: dtree.c(1315): Comp split 56
INFO: dtree.c(1439): stop. leaf nodes are specific
INFO: dtree.c(1478): Final simple tree
|( QUESTION0 -1 -1.361e+04 1.166e+02 6.404e+01
|    ( - -1.222e+04 1 0)
|    ( - -1.268e+03 2 0))
s>    ( QUESTION0 -1 -1.361e+04 1.166e+02 6.404e+01
s>        ( - -1.222e+04 1 0)
s>        ( - -1.268e+03 2 0))INFO: dtree.c(1315): Comp split 57
INFO: dtree.c(1439): stop. leaf nodes are specific
INFO: dtree.c(1478): Final simple tree
|( WDBNDRY_E 0 -7.381e+04 1.445e+02 3.393e+02
|    ( - -6.079e+02 1 0)
|    ( - -7.306e+04 1 0))
s>    ( WDBNDRY_E 0 -7.381e+04 1.445e+02 3.393e+02
s>        ( - -6.079e+02 1 0)
s>        ( - -7.306e+04 1 0))INFO: dtree.c(1315): Comp split 58
INFO: dtree.c(1315): Comp split 59
INFO: dtree.c(1439): stop. leaf nodes are specific
INFO: dtree.c(1478): Final simple tree
|( QUESTION0_8_R 1 -7.459e+03 1.157e+02 3.700e+01
|    ( - -3.148e+03 1 0)
|    ( - -4.195e+03 1 0))
s>    ( QUESTION0_8_R 1 -7.459e+03 1.157e+02 3.700e+01
s>        ( - -3.148e+03 1 0)
s>        ( - -4.195e+03 1 0))INFO: dtree.c(1315): Comp split 60
INFO: dtree.c(1439): stop. leaf nodes are specific
INFO: dtree.c(1478): Final simple tree
|( SILENCE 1 -1.566e+04 1.196e+02 7.414e+01
|    ( - -1.027e+04 1 0)
|    ( - -5.267e+03 1 0))
s>    ( SILENCE 1 -1.566e+04 1.196e+02 7.414e+01
s>        ( - -1.027e+04 1 0)
s>        ( - -5.267e+03 1 0))INFO: dtree.c(1315): Comp split 61
INFO: dtree.c(1315): Comp split 62
INFO: dtree.c(1315): Comp split 63
INFO: dtree.c(1439): stop. leaf nodes are specific
INFO: dtree.c(1478): Final simple tree
|( QUESTION0_8_R 1 -2.617e+03 1.234e+02 1.300e+01
|    ( - -7.362e+02 2 0)
|    ( - -1.758e+03 1 0))
s>    ( QUESTION0_8_R 1 -2.617e+03 1.234e+02 1.300e+01
s>        ( - -7.362e+02 2 0)
s>        ( - -1.758e+03 1 0))INFO: dtree.c(1315): Comp split 64
INFO: dtree.c(1315): Comp split 65
INFO: dtree.c(1315): Comp split 66
INFO: dtree.c(1315): Comp split 67
INFO: dtree.c(1439): stop. leaf nodes are specific
INFO: dtree.c(1478): Final simple tree
|( QUESTION0_0_R 1 -9.102e+03 1.183e+02 4.078e+01
|    ( - -2.585e+03 1 0)
|    ( - -6.399e+03 1 0))
s>    ( QUESTION0_0_R 1 -9.102e+03 1.183e+02 4.078e+01
s>        ( - -2.585e+03 1 0)
s>        ( - -6.399e+03 1 0))INFO: dtree.c(1315): Comp split 68
INFO: dtree.c(1315): Comp split 69
INFO: dtree.c(1315): Comp split 70
INFO: dtree.c(1315): Comp split 71
INFO: dtree.c(1315): Comp split 72
INFO: dtree.c(1315): Comp split 73
INFO: dtree.c(1315): Comp split 74
INFO: dtree.c(1318): stop. leaf nodes are specific
Mon Jan 30 07:35:46 2017
