Current configuration:
[NAME]		[DEFLT]	[VALUE]
-allphones	no	no
-cntthresh	0.00001	1.000000e-05
-csplitmax	100	2000
-csplitmin	1	1
-csplitthr	8e-4	0.000000e+00
-example	no	no
-fullvar	no	no
-help		no	no
-meanfn			/Users/benroye/forge/cmusphinx/voiceVim/model_parameters/voiceVim.cd_cont_untied/means
-mixwfn			/Users/benroye/forge/cmusphinx/voiceVim/model_parameters/voiceVim.cd_cont_untied/mixture_weights
-moddeffn		/Users/benroye/forge/cmusphinx/voiceVim/model_architecture/voiceVim.untied.mdef
-mwfloor	1e-4	1.000000e-08
-phone			ah
-psetfn			/Users/benroye/forge/cmusphinx/voiceVim/model_architecture/voiceVim.tree_questions
-ssplitmax	5	7
-ssplitmin	1	1
-ssplitthr	8e-4	0.000000e+00
-state			0
-stwt			1.0,0.05,0.0,
-treefn			/Users/benroye/forge/cmusphinx/voiceVim/trees/voiceVim.unpruned/ah-0.dtree
-ts2cbfn	.semi.	.cont.
-varfloor	0.00001	1.000000e-05
-varfn			/Users/benroye/forge/cmusphinx/voiceVim/model_parameters/voiceVim.cd_cont_untied/variances

INFO: main.c(223): Reading: /Users/benroye/forge/cmusphinx/voiceVim/model_architecture/voiceVim.untied.mdef
INFO: model_def_io.c(573): Model definition info:
INFO: model_def_io.c(574): 2249 total models defined (39 base, 2210 tri)
INFO: model_def_io.c(575): 8996 total states
INFO: model_def_io.c(576): 6747 total tied states
INFO: model_def_io.c(577): 117 total tied CI states
INFO: model_def_io.c(578): 39 total tied transition matrices
INFO: model_def_io.c(579): 4 max state/model
INFO: model_def_io.c(580): 4 min state/model
INFO: main.c(242): Building trees for [ah SIL s b] through [ah z s b]
INFO: main.c(269): Covering states |[234 302]| == 69
INFO: main.c(275): Reading: /Users/benroye/forge/cmusphinx/voiceVim/model_parameters/voiceVim.cd_cont_untied/mixture_weights
INFO: s3mixw_io.c(173): Read /Users/benroye/forge/cmusphinx/voiceVim/model_parameters/voiceVim.cd_cont_untied/mixture_weights [69x1x1 array]
INFO: main.c(311): 23 of 23 models have observation count greater than 0.000010
INFO: main.c(95): nrm stwt: 0.952 0.048 0.000 
INFO: s3gau_io.c(169): Read /Users/benroye/forge/cmusphinx/voiceVim/model_parameters/voiceVim.cd_cont_untied/means [6747x1x1 array]
INFO: s3gau_io.c(169): Read /Users/benroye/forge/cmusphinx/voiceVim/model_parameters/voiceVim.cd_cont_untied/variances [6747x1x1 array]
INFO: main.c(549): Reading: /Users/benroye/forge/cmusphinx/voiceVim/model_architecture/voiceVim.tree_questions
INFO: main.c(588): 174 total simple questions (166 phone; 8 word bndry)
INFO: main.c(590): 40 Left Only questions, and 42 Right Only questions
INFO: dtree.c(1478): Final simple tree
|( QUESTION10 1 -3.331e+05 4.346e+03 1.451e+03
|    ( QUESTION0_5_R 1 -5.079e+04 7.735e+02 2.372e+02
|        ( - -3.550e+04 1 0)
|        ( QUESTION0_4_R 1 -1.451e+04 3.770e+02 6.778e+01
|            ( - -1.920e+03 1 0)
|            ( - -1.221e+04 1 0)))
|    ( WDBNDRY_B 0 -2.780e+05 2.113e+03 1.214e+03
|        ( QUESTION2_9_L -1 -1.691e+05 1.003e+03 7.540e+02
|            ( - -3.875e+04 2 0 QUESTION2_10_L -1 3.633e+02 1.840e+02)
|            ( - -1.293e+05 13 0 QUESTION18 -1 2.840e+02 5.700e+02))
|        ( QUESTION0_12_R 1 -1.068e+05 1.541e+03 4.602e+02
|            ( - -6.566e+04 2 0 QUESTION0_13_R 1 1.563e+02 2.885e+02)
|            ( QUESTION0_1_R 1 -3.961e+04 3.736e+02 1.717e+02
|                ( - -3.068e+04 2 0 QUESTION0_2_R 1 1.302e+02 1.339e+02)
|                ( - -8.558e+03 1 0)))))
s>    ( QUESTION10 1 -3.331e+05 4.346e+03 1.451e+03
s>        ( QUESTION0_5_R 1 -5.079e+04 7.735e+02 2.372e+02
s>            ( - -3.550e+04 1 0)
s>            ( QUESTION0_4_R 1 -1.451e+04 3.770e+02 6.778e+01
s>                ( - -1.920e+03 1 0)
s>                ( - -1.221e+04 1 0)))
s>        ( WDBNDRY_B 0 -2.780e+05 2.113e+03 1.214e+03
s>            ( QUESTION2_9_L -1 -1.691e+05 1.003e+03 7.540e+02
s>                ( - -3.875e+04 2 0 QUESTION2_10_L -1 3.633e+02 1.840e+02)
s>                ( - -1.293e+05 13 0 QUESTION18 -1 2.840e+02 5.700e+02))
s>            ( QUESTION0_12_R 1 -1.068e+05 1.541e+03 4.602e+02
s>                ( - -6.566e+04 2 0 QUESTION0_13_R 1 1.563e+02 2.885e+02)
s>                ( QUESTION0_1_R 1 -3.961e+04 3.736e+02 1.717e+02
s>                    ( - -3.068e+04 2 0 QUESTION0_2_R 1 1.302e+02 1.339e+02)
s>                    ( - -8.558e+03 1 0)))))INFO: dtree.c(1315): Comp split 0
INFO: dtree.c(1478): Final simple tree
|( WDBNDRY_B 0 -2.803e+05 2.063e+03 1.223e+03
|    ( QUESTION2_9_L -1 -1.691e+05 1.003e+03 7.540e+02
|        ( QUESTION2_10_L -1 -3.875e+04 3.633e+02 1.840e+02
|            ( - -1.462e+04 1 0)
|            ( - -2.377e+04 1 0))
|        ( QUESTION18 -1 -1.293e+05 2.840e+02 5.700e+02
|            ( - -1.068e+04 2 0 QUESTION19 -1 1.548e+02 4.629e+01)
|            ( - -1.184e+05 11 0 QUESTION2_2_L -1 2.518e+02 5.238e+02)))
|    ( QUESTION18 -1 -1.091e+05 1.526e+03 4.692e+02
|        ( QUESTION0_1_R 1 -3.961e+04 3.736e+02 1.717e+02
|            ( - -3.068e+04 2 0 QUESTION0_2_R 1 1.302e+02 1.339e+02)
|            ( - -8.558e+03 1 0))
|        ( QUESTION0_1_R 1 -6.800e+04 4.238e+02 2.975e+02
|            ( - -1.920e+03 1 0)
|            ( - -6.566e+04 2 0 QUESTION0_13_R 1 1.563e+02 2.885e+02))))
s>    ( WDBNDRY_B 0 -2.803e+05 2.063e+03 1.223e+03
s>        ( QUESTION2_9_L -1 -1.691e+05 1.003e+03 7.540e+02
s>            ( QUESTION2_10_L -1 -3.875e+04 3.633e+02 1.840e+02
s>                ( - -1.462e+04 1 0)
s>                ( - -2.377e+04 1 0))
s>            ( QUESTION18 -1 -1.293e+05 2.840e+02 5.700e+02
s>                ( - -1.068e+04 2 0 QUESTION19 -1 1.548e+02 4.629e+01)
s>                ( - -1.184e+05 11 0 QUESTION2_2_L -1 2.518e+02 5.238e+02)))
s>        ( QUESTION18 -1 -1.091e+05 1.526e+03 4.692e+02
s>            ( QUESTION0_1_R 1 -3.961e+04 3.736e+02 1.717e+02
s>                ( - -3.068e+04 2 0 QUESTION0_2_R 1 1.302e+02 1.339e+02)
s>                ( - -8.558e+03 1 0))
s>            ( QUESTION0_1_R 1 -6.800e+04 4.238e+02 2.975e+02
s>                ( - -1.920e+03 1 0)
s>                ( - -6.566e+04 2 0 QUESTION0_13_R 1 1.563e+02 2.885e+02))))INFO: dtree.c(1439): stop. leaf nodes are specific
INFO: dtree.c(1478): Final simple tree
|( QUESTION0_4_R 1 -4.849e+04 7.746e+02 2.282e+02
|    ( - -3.550e+04 1 0)
|    ( - -1.221e+04 1 0))
s>    ( QUESTION0_4_R 1 -4.849e+04 7.746e+02 2.282e+02
s>        ( - -3.550e+04 1 0)
s>        ( - -1.221e+04 1 0))INFO: dtree.c(1315): Comp split 1
INFO: dtree.c(1478): Final simple tree
|( QUESTION2_9_L -1 -1.714e+05 1.007e+03 7.630e+02
|    ( QUESTION2_10_L -1 -4.102e+04 3.641e+02 1.930e+02
|        ( - -1.462e+04 1 0)
|        ( WDBNDRY_B 0 -2.603e+04 3.441e+02 1.238e+02
|            ( - -2.377e+04 1 0)
|            ( - -1.920e+03 1 0)))
|    ( QUESTION18 -1 -1.293e+05 2.840e+02 5.700e+02
|        ( - -1.068e+04 2 0 QUESTION19 -1 1.548e+02 4.629e+01)
|        ( QUESTION2_2_L -1 -1.184e+05 2.518e+02 5.238e+02
|            ( - -1.956e+04 1 0)
|            ( QUESTION3 -1 -9.856e+04 2.293e+02 4.357e+02
|                ( QUESTION6 -1 -7.772e+04 2.010e+02 3.437e+02
|                    ( - -5.446e+03 1 0)
|                    ( - -7.207e+04 4 0 QUESTION4 -1 1.254e+02 3.187e+02))
|                ( - -2.062e+04 5 0 QUESTION1 -1 1.707e+02 9.207e+01)))))
s>    ( QUESTION2_9_L -1 -1.714e+05 1.007e+03 7.630e+02
s>        ( QUESTION2_10_L -1 -4.102e+04 3.641e+02 1.930e+02
s>            ( - -1.462e+04 1 0)
s>            ( WDBNDRY_B 0 -2.603e+04 3.441e+02 1.238e+02
s>                ( - -2.377e+04 1 0)
s>                ( - -1.920e+03 1 0)))
s>        ( QUESTION18 -1 -1.293e+05 2.840e+02 5.700e+02
s>            ( - -1.068e+04 2 0 QUESTION19 -1 1.548e+02 4.629e+01)
s>            ( QUESTION2_2_L -1 -1.184e+05 2.518e+02 5.238e+02
s>                ( - -1.956e+04 1 0)
s>                ( QUESTION3 -1 -9.856e+04 2.293e+02 4.357e+02
s>                    ( QUESTION6 -1 -7.772e+04 2.010e+02 3.437e+02
s>                        ( - -5.446e+03 1 0)
s>                        ( - -7.207e+04 4 0 QUESTION4 -1 1.254e+02 3.187e+02))
s>                    ( - -2.062e+04 5 0 QUESTION1 -1 1.707e+02 9.207e+01)))))INFO: dtree.c(1439): stop. leaf nodes are specific
INFO: dtree.c(1478): Final simple tree
|( QUESTION0_12_R 1 -1.068e+05 1.541e+03 4.602e+02
|    ( QUESTION0_13_R 1 -6.566e+04 1.563e+02 2.885e+02
|        ( - -5.411e+03 1 0)
|        ( - -6.009e+04 1 0))
|    ( QUESTION0_1_R 1 -3.961e+04 3.736e+02 1.717e+02
|        ( QUESTION0_2_R 1 -3.068e+04 1.302e+02 1.339e+02
|            ( - -2.903e+04 1 0)
|            ( - -1.523e+03 1 0))
|        ( - -8.558e+03 1 0)))
s>    ( QUESTION0_12_R 1 -1.068e+05 1.541e+03 4.602e+02
s>        ( QUESTION0_13_R 1 -6.566e+04 1.563e+02 2.885e+02
s>            ( - -5.411e+03 1 0)
s>            ( - -6.009e+04 1 0))
s>        ( QUESTION0_1_R 1 -3.961e+04 3.736e+02 1.717e+02
s>            ( QUESTION0_2_R 1 -3.068e+04 1.302e+02 1.339e+02
s>                ( - -2.903e+04 1 0)
s>                ( - -1.523e+03 1 0))
s>            ( - -8.558e+03 1 0)))INFO: dtree.c(1315): Comp split 2
INFO: dtree.c(1439): stop. leaf nodes are specific
INFO: dtree.c(1478): Final simple tree
|( QUESTION0_1_R 1 -3.961e+04 3.736e+02 1.717e+02
|    ( QUESTION0_2_R 1 -3.068e+04 1.302e+02 1.339e+02
|        ( - -2.903e+04 1 0)
|        ( - -1.523e+03 1 0))
|    ( - -8.558e+03 1 0))
s>    ( QUESTION0_1_R 1 -3.961e+04 3.736e+02 1.717e+02
s>        ( QUESTION0_2_R 1 -3.068e+04 1.302e+02 1.339e+02
s>            ( - -2.903e+04 1 0)
s>            ( - -1.523e+03 1 0))
s>        ( - -8.558e+03 1 0))INFO: dtree.c(1439): stop. leaf nodes are specific
INFO: dtree.c(1478): Final simple tree
|( QUESTION0_13_R 1 -6.566e+04 1.563e+02 2.885e+02
|    ( - -5.411e+03 1 0)
|    ( - -6.009e+04 1 0))
s>    ( QUESTION0_13_R 1 -6.566e+04 1.563e+02 2.885e+02
s>        ( - -5.411e+03 1 0)
s>        ( - -6.009e+04 1 0))INFO: dtree.c(1315): Comp split 3
INFO: dtree.c(1478): Final simple tree
|( QUESTION18 -1 -1.293e+05 2.840e+02 5.700e+02
|    ( QUESTION19 -1 -1.068e+04 1.548e+02 4.629e+01
|        ( - -4.533e+03 1 0)
|        ( - -5.991e+03 1 0))
|    ( QUESTION2_2_L -1 -1.184e+05 2.518e+02 5.238e+02
|        ( - -1.956e+04 1 0)
|        ( QUESTION3 -1 -9.856e+04 2.293e+02 4.357e+02
|            ( QUESTION6 -1 -7.772e+04 2.010e+02 3.437e+02
|                ( - -5.446e+03 1 0)
|                ( QUESTION4 -1 -7.207e+04 1.254e+02 3.187e+02
|                    ( - -6.999e+04 3 0)
|                    ( - -1.954e+03 1 0)))
|            ( QUESTION1 -1 -2.062e+04 1.707e+02 9.207e+01
|                ( - -1.104e+04 1 0)
|                ( - -9.409e+03 4 0 SILENCE -1 9.429e+01 4.197e+01)))))
s>    ( QUESTION18 -1 -1.293e+05 2.840e+02 5.700e+02
s>        ( QUESTION19 -1 -1.068e+04 1.548e+02 4.629e+01
s>            ( - -4.533e+03 1 0)
s>            ( - -5.991e+03 1 0))
s>        ( QUESTION2_2_L -1 -1.184e+05 2.518e+02 5.238e+02
s>            ( - -1.956e+04 1 0)
s>            ( QUESTION3 -1 -9.856e+04 2.293e+02 4.357e+02
s>                ( QUESTION6 -1 -7.772e+04 2.010e+02 3.437e+02
s>                    ( - -5.446e+03 1 0)
s>                    ( QUESTION4 -1 -7.207e+04 1.254e+02 3.187e+02
s>                        ( - -6.999e+04 3 0)
s>                        ( - -1.954e+03 1 0)))
s>                ( QUESTION1 -1 -2.062e+04 1.707e+02 9.207e+01
s>                    ( - -1.104e+04 1 0)
s>                    ( - -9.409e+03 4 0 SILENCE -1 9.429e+01 4.197e+01)))))INFO: dtree.c(1439): stop. leaf nodes are specific
INFO: dtree.c(1478): Final simple tree
|( QUESTION2_10_L -1 -4.102e+04 3.641e+02 1.930e+02
|    ( - -1.462e+04 1 0)
|    ( WDBNDRY_B 0 -2.603e+04 3.441e+02 1.238e+02
|        ( - -2.377e+04 1 0)
|        ( - -1.920e+03 1 0)))
s>    ( QUESTION2_10_L -1 -4.102e+04 3.641e+02 1.930e+02
s>        ( - -1.462e+04 1 0)
s>        ( WDBNDRY_B 0 -2.603e+04 3.441e+02 1.238e+02
s>            ( - -2.377e+04 1 0)
s>            ( - -1.920e+03 1 0)))INFO: dtree.c(1315): Comp split 4
INFO: dtree.c(1315): Comp split 5
INFO: dtree.c(1439): stop. leaf nodes are specific
INFO: dtree.c(1478): Final simple tree
|( QUESTION0_2_R 1 -3.068e+04 1.302e+02 1.339e+02
|    ( - -2.903e+04 1 0)
|    ( - -1.523e+03 1 0))
s>    ( QUESTION0_2_R 1 -3.068e+04 1.302e+02 1.339e+02
s>        ( - -2.903e+04 1 0)
s>        ( - -1.523e+03 1 0))INFO: dtree.c(1315): Comp split 6
INFO: dtree.c(1439): stop. leaf nodes are specific
INFO: dtree.c(1478): Final simple tree
|( WDBNDRY_B 0 -2.603e+04 3.441e+02 1.238e+02
|    ( - -2.377e+04 1 0)
|    ( - -1.920e+03 1 0))
s>    ( WDBNDRY_B 0 -2.603e+04 3.441e+02 1.238e+02
s>        ( - -2.377e+04 1 0)
s>        ( - -1.920e+03 1 0))INFO: dtree.c(1315): Comp split 7
INFO: dtree.c(1439): stop. leaf nodes are specific
INFO: dtree.c(1478): Final simple tree
|( QUESTION4 -1 -2.513e+04 1.243e+02 1.130e+02
|    ( - -1.956e+04 1 0)
|    ( - -5.446e+03 1 0))
s>    ( QUESTION4 -1 -2.513e+04 1.243e+02 1.130e+02
s>        ( - -1.956e+04 1 0)
s>        ( - -5.446e+03 1 0))INFO: dtree.c(1439): stop. leaf nodes are specific
INFO: dtree.c(1478): Final simple tree
|( QUESTION18 -1 -1.039e+05 2.542e+02 4.570e+02
|    ( QUESTION19 -1 -1.068e+04 1.548e+02 4.629e+01
|        ( - -4.533e+03 1 0)
|        ( - -5.991e+03 1 0))
|    ( QUESTION1 -1 -9.292e+04 2.300e+02 4.108e+02
|        ( - -1.104e+04 1 0)
|        ( QUESTION3 -1 -8.165e+04 1.701e+02 3.606e+02
|            ( QUESTION4 -1 -7.207e+04 1.254e+02 3.187e+02
|                ( - -6.999e+04 3 0)
|                ( - -1.954e+03 1 0))
|            ( SILENCE -1 -9.409e+03 9.429e+01 4.197e+01
|                ( - -5.489e+03 1 0)
|                ( - -3.826e+03 3 0)))))
s>    ( QUESTION18 -1 -1.039e+05 2.542e+02 4.570e+02
s>        ( QUESTION19 -1 -1.068e+04 1.548e+02 4.629e+01
s>            ( - -4.533e+03 1 0)
s>            ( - -5.991e+03 1 0))
s>        ( QUESTION1 -1 -9.292e+04 2.300e+02 4.108e+02
s>            ( - -1.104e+04 1 0)
s>            ( QUESTION3 -1 -8.165e+04 1.701e+02 3.606e+02
s>                ( QUESTION4 -1 -7.207e+04 1.254e+02 3.187e+02
s>                    ( - -6.999e+04 3 0)
s>                    ( - -1.954e+03 1 0))
s>                ( SILENCE -1 -9.409e+03 9.429e+01 4.197e+01
s>                    ( - -5.489e+03 1 0)
s>                    ( - -3.826e+03 3 0)))))INFO: dtree.c(1315): Comp split 8
INFO: dtree.c(1315): Comp split 9
INFO: dtree.c(1439): stop. leaf nodes are specific
INFO: dtree.c(1478): Final simple tree
|( QUESTION1 -1 -9.292e+04 2.300e+02 4.108e+02
|    ( - -1.104e+04 1 0)
|    ( QUESTION3 -1 -8.165e+04 1.701e+02 3.606e+02
|        ( QUESTION4 -1 -7.207e+04 1.254e+02 3.187e+02
|            ( - -6.999e+04 3 0)
|            ( - -1.954e+03 1 0))
|        ( SILENCE -1 -9.409e+03 9.429e+01 4.197e+01
|            ( - -5.489e+03 1 0)
|            ( - -3.826e+03 3 0))))
s>    ( QUESTION1 -1 -9.292e+04 2.300e+02 4.108e+02
s>        ( - -1.104e+04 1 0)
s>        ( QUESTION3 -1 -8.165e+04 1.701e+02 3.606e+02
s>            ( QUESTION4 -1 -7.207e+04 1.254e+02 3.187e+02
s>                ( - -6.999e+04 3 0)
s>                ( - -1.954e+03 1 0))
s>            ( SILENCE -1 -9.409e+03 9.429e+01 4.197e+01
s>                ( - -5.489e+03 1 0)
s>                ( - -3.826e+03 3 0))))INFO: dtree.c(1439): stop. leaf nodes are specific
INFO: dtree.c(1478): Final simple tree
|( QUESTION19 -1 -1.068e+04 1.548e+02 4.629e+01
|    ( - -4.533e+03 1 0)
|    ( - -5.991e+03 1 0))
s>    ( QUESTION19 -1 -1.068e+04 1.548e+02 4.629e+01
s>        ( - -4.533e+03 1 0)
s>        ( - -5.991e+03 1 0))INFO: dtree.c(1315): Comp split 10
INFO: dtree.c(1439): stop. leaf nodes are specific
INFO: dtree.c(1478): Final simple tree
|( QUESTION3 -1 -8.165e+04 1.701e+02 3.606e+02
|    ( QUESTION4 -1 -7.207e+04 1.254e+02 3.187e+02
|        ( - -6.999e+04 3 0)
|        ( - -1.954e+03 1 0))
|    ( SILENCE -1 -9.409e+03 9.429e+01 4.197e+01
|        ( - -5.489e+03 1 0)
|        ( - -3.826e+03 3 0)))
s>    ( QUESTION3 -1 -8.165e+04 1.701e+02 3.606e+02
s>        ( QUESTION4 -1 -7.207e+04 1.254e+02 3.187e+02
s>            ( - -6.999e+04 3 0)
s>            ( - -1.954e+03 1 0))
s>        ( SILENCE -1 -9.409e+03 9.429e+01 4.197e+01
s>            ( - -5.489e+03 1 0)
s>            ( - -3.826e+03 3 0)))INFO: dtree.c(1315): Comp split 11
INFO: dtree.c(1439): stop. leaf nodes are specific
INFO: dtree.c(1478): Final simple tree
|( SILENCE -1 -9.409e+03 9.429e+01 4.197e+01
|    ( - -5.489e+03 1 0)
|    ( - -3.826e+03 3 0))
s>    ( SILENCE -1 -9.409e+03 9.429e+01 4.197e+01
s>        ( - -5.489e+03 1 0)
s>        ( - -3.826e+03 3 0))INFO: dtree.c(1439): stop. leaf nodes are specific
INFO: dtree.c(1478): Final simple tree
|( QUESTION4 -1 -7.207e+04 1.254e+02 3.187e+02
|    ( - -6.999e+04 3 0)
|    ( - -1.954e+03 1 0))
s>    ( QUESTION4 -1 -7.207e+04 1.254e+02 3.187e+02
s>        ( - -6.999e+04 3 0)
s>        ( - -1.954e+03 1 0))INFO: dtree.c(1315): Comp split 12
INFO: dtree.c(1315): Comp split 13
INFO: dtree.c(1315): Comp split 14
INFO: dtree.c(1315): Comp split 15
INFO: dtree.c(1315): Comp split 16
INFO: dtree.c(1315): Comp split 17
INFO: dtree.c(1315): Comp split 18
INFO: dtree.c(1318): stop. leaf nodes are specific
Mon Jan 30 07:35:44 2017
