Current configuration:
[NAME]		[DEFLT]	[VALUE]
-allphones	no	no
-cntthresh	0.00001	1.000000e-05
-csplitmax	100	2000
-csplitmin	1	1
-csplitthr	8e-4	0.000000e+00
-example	no	no
-fullvar	no	no
-help		no	no
-meanfn			/Users/benroye/forge/cmusphinx/voiceVim/model_parameters/voiceVim.cd_cont_untied/means
-mixwfn			/Users/benroye/forge/cmusphinx/voiceVim/model_parameters/voiceVim.cd_cont_untied/mixture_weights
-moddeffn		/Users/benroye/forge/cmusphinx/voiceVim/model_architecture/voiceVim.untied.mdef
-mwfloor	1e-4	1.000000e-08
-phone			aa
-psetfn			/Users/benroye/forge/cmusphinx/voiceVim/model_architecture/voiceVim.tree_questions
-ssplitmax	5	7
-ssplitmin	1	1
-ssplitthr	8e-4	0.000000e+00
-state			0
-stwt			1.0,0.05,0.0,
-treefn			/Users/benroye/forge/cmusphinx/voiceVim/trees/voiceVim.unpruned/aa-0.dtree
-ts2cbfn	.semi.	.cont.
-varfloor	0.00001	1.000000e-05
-varfn			/Users/benroye/forge/cmusphinx/voiceVim/model_parameters/voiceVim.cd_cont_untied/variances

INFO: main.c(223): Reading: /Users/benroye/forge/cmusphinx/voiceVim/model_architecture/voiceVim.untied.mdef
INFO: model_def_io.c(573): Model definition info:
INFO: model_def_io.c(574): 2249 total models defined (39 base, 2210 tri)
INFO: model_def_io.c(575): 8996 total states
INFO: model_def_io.c(576): 6747 total tied states
INFO: model_def_io.c(577): 117 total tied CI states
INFO: model_def_io.c(578): 39 total tied transition matrices
INFO: model_def_io.c(579): 4 max state/model
INFO: model_def_io.c(580): 4 min state/model
INFO: main.c(242): Building trees for [aa SIL l b] through [aa uh l b]
INFO: main.c(269): Covering states |[117 233]| == 117
INFO: main.c(275): Reading: /Users/benroye/forge/cmusphinx/voiceVim/model_parameters/voiceVim.cd_cont_untied/mixture_weights
INFO: s3mixw_io.c(173): Read /Users/benroye/forge/cmusphinx/voiceVim/model_parameters/voiceVim.cd_cont_untied/mixture_weights [117x1x1 array]
INFO: main.c(311): 39 of 39 models have observation count greater than 0.000010
INFO: main.c(95): nrm stwt: 0.952 0.048 0.000 
INFO: s3gau_io.c(169): Read /Users/benroye/forge/cmusphinx/voiceVim/model_parameters/voiceVim.cd_cont_untied/means [6747x1x1 array]
INFO: s3gau_io.c(169): Read /Users/benroye/forge/cmusphinx/voiceVim/model_parameters/voiceVim.cd_cont_untied/variances [6747x1x1 array]
INFO: main.c(549): Reading: /Users/benroye/forge/cmusphinx/voiceVim/model_architecture/voiceVim.tree_questions
INFO: main.c(588): 174 total simple questions (166 phone; 8 word bndry)
INFO: main.c(590): 40 Left Only questions, and 42 Right Only questions
INFO: dtree.c(1478): Final simple tree
|( QUESTION2_10_L -1 -5.259e+05 5.489e+03 2.230e+03
|    ( - -4.943e+04 3 0 WDBNDRY_B 0 5.282e+02 2.389e+02)
|    ( QUESTION6 -1 -4.710e+05 3.825e+03 1.991e+03
|        ( - -3.274e+04 1 0)
|        ( QUESTION2 -1 -4.344e+05 2.415e+03 1.836e+03
|            ( QUESTION0_6_R 1 -1.552e+05 3.383e+03 6.630e+02
|                ( - -8.625e+04 1 0)
|                ( - -6.556e+04 5 0 WDBNDRY_B 0 9.322e+02 2.717e+02))
|            ( WDBNDRY_B 0 -2.768e+05 2.474e+03 1.173e+03
|                ( - -1.222e+05 13 0 QUESTION4 -1 6.660e+02 5.405e+02)
|                ( QUESTION0 1 -1.521e+05 2.069e+03 6.329e+02
|                    ( - -4.569e+04 3 0 QUESTION11 -1 8.684e+02 2.088e+02)
|                    ( QUESTION4 -1 -1.044e+05 1.583e+03 4.241e+02
|                        ( - -3.640e+04 9 0 QUESTION0_18_R 1 1.076e+03 1.518e+02)
|                        ( - -6.637e+04 4 0 QUESTION18 -1 6.504e+02 2.723e+02)))))))
s>    ( QUESTION2_10_L -1 -5.259e+05 5.489e+03 2.230e+03
s>        ( - -4.943e+04 3 0 WDBNDRY_B 0 5.282e+02 2.389e+02)
s>        ( QUESTION6 -1 -4.710e+05 3.825e+03 1.991e+03
s>            ( - -3.274e+04 1 0)
s>            ( QUESTION2 -1 -4.344e+05 2.415e+03 1.836e+03
s>                ( QUESTION0_6_R 1 -1.552e+05 3.383e+03 6.630e+02
s>                    ( - -8.625e+04 1 0)
s>                    ( - -6.556e+04 5 0 WDBNDRY_B 0 9.322e+02 2.717e+02))
s>                ( WDBNDRY_B 0 -2.768e+05 2.474e+03 1.173e+03
s>                    ( - -1.222e+05 13 0 QUESTION4 -1 6.660e+02 5.405e+02)
s>                    ( QUESTION0 1 -1.521e+05 2.069e+03 6.329e+02
s>                        ( - -4.569e+04 3 0 QUESTION11 -1 8.684e+02 2.088e+02)
s>                        ( QUESTION4 -1 -1.044e+05 1.583e+03 4.241e+02
s>                            ( - -3.640e+04 9 0 QUESTION0_18_R 1 1.076e+03 1.518e+02)
s>                            ( - -6.637e+04 4 0 QUESTION18 -1 6.504e+02 2.723e+02)))))))INFO: dtree.c(1315): Comp split 0
INFO: dtree.c(1478): Final simple tree
|( QUESTION6 -1 -4.710e+05 3.825e+03 1.991e+03
|    ( - -3.274e+04 1 0)
|    ( QUESTION2 -1 -4.344e+05 2.415e+03 1.836e+03
|        ( QUESTION0_6_R 1 -1.552e+05 3.383e+03 6.630e+02
|            ( - -8.625e+04 1 0)
|            ( - -6.556e+04 5 0 WDBNDRY_B 0 9.322e+02 2.717e+02))
|        ( WDBNDRY_B 0 -2.768e+05 2.474e+03 1.173e+03
|            ( - -1.222e+05 13 0 QUESTION4 -1 6.660e+02 5.405e+02)
|            ( QUESTION0 1 -1.521e+05 2.069e+03 6.329e+02
|                ( - -4.569e+04 3 0 QUESTION11 -1 8.684e+02 2.088e+02)
|                ( QUESTION4 -1 -1.044e+05 1.583e+03 4.241e+02
|                    ( QUESTION0_18_R 1 -3.640e+04 1.076e+03 1.518e+02
|                        ( - -9.594e+03 1 0)
|                        ( - -2.573e+04 8 0 WDBNDRY_E 0 6.455e+02 1.126e+02))
|                    ( - -6.637e+04 4 0 QUESTION18 -1 6.504e+02 2.723e+02))))))
s>    ( QUESTION6 -1 -4.710e+05 3.825e+03 1.991e+03
s>        ( - -3.274e+04 1 0)
s>        ( QUESTION2 -1 -4.344e+05 2.415e+03 1.836e+03
s>            ( QUESTION0_6_R 1 -1.552e+05 3.383e+03 6.630e+02
s>                ( - -8.625e+04 1 0)
s>                ( - -6.556e+04 5 0 WDBNDRY_B 0 9.322e+02 2.717e+02))
s>            ( WDBNDRY_B 0 -2.768e+05 2.474e+03 1.173e+03
s>                ( - -1.222e+05 13 0 QUESTION4 -1 6.660e+02 5.405e+02)
s>                ( QUESTION0 1 -1.521e+05 2.069e+03 6.329e+02
s>                    ( - -4.569e+04 3 0 QUESTION11 -1 8.684e+02 2.088e+02)
s>                    ( QUESTION4 -1 -1.044e+05 1.583e+03 4.241e+02
s>                        ( QUESTION0_18_R 1 -3.640e+04 1.076e+03 1.518e+02
s>                            ( - -9.594e+03 1 0)
s>                            ( - -2.573e+04 8 0 WDBNDRY_E 0 6.455e+02 1.126e+02))
s>                        ( - -6.637e+04 4 0 QUESTION18 -1 6.504e+02 2.723e+02))))))INFO: dtree.c(1439): stop. leaf nodes are specific
INFO: dtree.c(1478): Final simple tree
|( WDBNDRY_B 0 -4.943e+04 5.282e+02 2.389e+02
|    ( - 2.426e+02 1 0)
|    ( QUESTION0_4_R 1 -4.915e+04 3.572e+02 2.379e+02
|        ( - -7.028e+03 1 0)
|        ( - -4.176e+04 1 0)))
s>    ( WDBNDRY_B 0 -4.943e+04 5.282e+02 2.389e+02
s>        ( - 2.426e+02 1 0)
s>        ( QUESTION0_4_R 1 -4.915e+04 3.572e+02 2.379e+02
s>            ( - -7.028e+03 1 0)
s>            ( - -4.176e+04 1 0)))INFO: dtree.c(1315): Comp split 1
INFO: dtree.c(1478): Final simple tree
|( QUESTION5 1 -2.387e+05 2.226e+03 1.044e+03
|    ( WDBNDRY_E 0 -2.266e+04 4.903e+02 9.953e+01
|        ( QUESTION0_5_R 1 -6.316e+03 4.413e+02 2.899e+01
|            ( - 1.668e+02 1 0)
|            ( - -6.041e+03 3 0 QUESTION0_4_R 1 2.254e+02 2.799e+01))
|        ( - -1.586e+04 1 0))
|    ( WDBNDRY_I 0 -2.138e+05 2.040e+03 9.448e+02
|        ( - -8.625e+04 1 0)
|        ( QUESTION4 -1 -1.255e+05 6.763e+02 5.535e+02
|            ( WDBNDRY_B 0 -7.223e+04 4.816e+02 3.211e+02
|                ( - -6.896e+04 7 0 QUESTION0_1_R 1 2.719e+02 3.081e+02)
|                ( - -2.789e+03 3 0 SILENCE 1 4.357e+02 1.303e+01))
|            ( QUESTION0_1_R 1 -5.261e+04 6.084e+02 2.324e+02
|                ( - -5.346e+03 2 0 SILENCE -1 2.643e+02 2.351e+01)
|                ( - -4.665e+04 4 0 QUESTION19 -1 2.538e+02 2.089e+02)))))
s>    ( QUESTION5 1 -2.387e+05 2.226e+03 1.044e+03
s>        ( WDBNDRY_E 0 -2.266e+04 4.903e+02 9.953e+01
s>            ( QUESTION0_5_R 1 -6.316e+03 4.413e+02 2.899e+01
s>                ( - 1.668e+02 1 0)
s>                ( - -6.041e+03 3 0 QUESTION0_4_R 1 2.254e+02 2.799e+01))
s>            ( - -1.586e+04 1 0))
s>        ( WDBNDRY_I 0 -2.138e+05 2.040e+03 9.448e+02
s>            ( - -8.625e+04 1 0)
s>            ( QUESTION4 -1 -1.255e+05 6.763e+02 5.535e+02
s>                ( WDBNDRY_B 0 -7.223e+04 4.816e+02 3.211e+02
s>                    ( - -6.896e+04 7 0 QUESTION0_1_R 1 2.719e+02 3.081e+02)
s>                    ( - -2.789e+03 3 0 SILENCE 1 4.357e+02 1.303e+01))
s>                ( QUESTION0_1_R 1 -5.261e+04 6.084e+02 2.324e+02
s>                    ( - -5.346e+03 2 0 SILENCE -1 2.643e+02 2.351e+01)
s>                    ( - -4.665e+04 4 0 QUESTION19 -1 2.538e+02 2.089e+02)))))INFO: dtree.c(1478): Final simple tree
|( QUESTION6 -1 -2.279e+05 3.427e+03 9.463e+02
|    ( - -3.274e+04 1 0)
|    ( QUESTION0 -1 -1.917e+05 2.455e+03 7.920e+02
|        ( WDBNDRY_B 0 -7.117e+04 9.236e+02 2.957e+02
|            ( - -7.572e+03 3 0)
|            ( - -6.267e+04 3 0 QUESTION1 -1 3.231e+02 2.627e+02))
|        ( QUESTION0 1 -1.181e+05 1.833e+03 4.964e+02
|            ( QUESTION11 -1 -4.569e+04 8.684e+02 2.088e+02
|                ( - -5.491e+03 1 0)
|                ( WDBNDRY_E 0 -3.933e+04 4.861e+02 1.813e+02
|                    ( - 1.889e+02 1 0)
|                    ( - -3.904e+04 1 0)))
|            ( QUESTION18 -1 -7.057e+04 6.263e+02 2.876e+02
|                ( - -1.316e+04 2 0 QUESTION0_1_R 1 2.966e+02 5.493e+01)
|                ( - -5.679e+04 2 0 QUESTION0_1_R 1 4.537e+02 2.326e+02)))))
s>    ( QUESTION6 -1 -2.279e+05 3.427e+03 9.463e+02
s>        ( - -3.274e+04 1 0)
s>        ( QUESTION0 -1 -1.917e+05 2.455e+03 7.920e+02
s>            ( WDBNDRY_B 0 -7.117e+04 9.236e+02 2.957e+02
s>                ( - -7.572e+03 3 0)
s>                ( - -6.267e+04 3 0 QUESTION1 -1 3.231e+02 2.627e+02))
s>            ( QUESTION0 1 -1.181e+05 1.833e+03 4.964e+02
s>                ( QUESTION11 -1 -4.569e+04 8.684e+02 2.088e+02
s>                    ( - -5.491e+03 1 0)
s>                    ( WDBNDRY_E 0 -3.933e+04 4.861e+02 1.813e+02
s>                        ( - 1.889e+02 1 0)
s>                        ( - -3.904e+04 1 0)))
s>                ( QUESTION18 -1 -7.057e+04 6.263e+02 2.876e+02
s>                    ( - -1.316e+04 2 0 QUESTION0_1_R 1 2.966e+02 5.493e+01)
s>                    ( - -5.679e+04 2 0 QUESTION0_1_R 1 4.537e+02 2.326e+02)))))INFO: dtree.c(1315): Comp split 2
INFO: dtree.c(1478): Final simple tree
|( QUESTION0 -1 -1.917e+05 2.455e+03 7.920e+02
|    ( WDBNDRY_B 0 -7.117e+04 9.236e+02 2.957e+02
|        ( - -7.572e+03 3 0)
|        ( - -6.267e+04 3 0 QUESTION1 -1 3.231e+02 2.627e+02))
|    ( QUESTION0 1 -1.181e+05 1.833e+03 4.964e+02
|        ( QUESTION11 -1 -4.569e+04 8.684e+02 2.088e+02
|            ( - -5.491e+03 1 0)
|            ( WDBNDRY_E 0 -3.933e+04 4.861e+02 1.813e+02
|                ( - 1.889e+02 1 0)
|                ( - -3.904e+04 1 0)))
|        ( QUESTION18 -1 -7.057e+04 6.263e+02 2.876e+02
|            ( - -1.316e+04 2 0 QUESTION0_1_R 1 2.966e+02 5.493e+01)
|            ( QUESTION0_1_R 1 -5.679e+04 4.537e+02 2.326e+02
|                ( - -4.674e+04 1 0)
|                ( - -9.594e+03 1 0)))))
s>    ( QUESTION0 -1 -1.917e+05 2.455e+03 7.920e+02
s>        ( WDBNDRY_B 0 -7.117e+04 9.236e+02 2.957e+02
s>            ( - -7.572e+03 3 0)
s>            ( - -6.267e+04 3 0 QUESTION1 -1 3.231e+02 2.627e+02))
s>        ( QUESTION0 1 -1.181e+05 1.833e+03 4.964e+02
s>            ( QUESTION11 -1 -4.569e+04 8.684e+02 2.088e+02
s>                ( - -5.491e+03 1 0)
s>                ( WDBNDRY_E 0 -3.933e+04 4.861e+02 1.813e+02
s>                    ( - 1.889e+02 1 0)
s>                    ( - -3.904e+04 1 0)))
s>            ( QUESTION18 -1 -7.057e+04 6.263e+02 2.876e+02
s>                ( - -1.316e+04 2 0 QUESTION0_1_R 1 2.966e+02 5.493e+01)
s>                ( QUESTION0_1_R 1 -5.679e+04 4.537e+02 2.326e+02
s>                    ( - -4.674e+04 1 0)
s>                    ( - -9.594e+03 1 0)))))INFO: dtree.c(1315): Comp split 3
INFO: dtree.c(1439): stop. leaf nodes are specific
INFO: dtree.c(1478): Final simple tree
|( WDBNDRY_E 0 -6.295e+04 4.628e+02 2.637e+02
|    ( - 1.889e+02 1 0)
|    ( QUESTION1 -1 -6.267e+04 3.231e+02 2.627e+02
|        ( - -5.294e+03 1 0)
|        ( QUESTION0_1_R 1 -5.705e+04 1.893e+02 2.387e+02
|            ( - -3.596e+04 1 0)
|            ( - -2.091e+04 1 0))))
s>    ( WDBNDRY_E 0 -6.295e+04 4.628e+02 2.637e+02
s>        ( - 1.889e+02 1 0)
s>        ( QUESTION1 -1 -6.267e+04 3.231e+02 2.627e+02
s>            ( - -5.294e+03 1 0)
s>            ( QUESTION0_1_R 1 -5.705e+04 1.893e+02 2.387e+02
s>                ( - -3.596e+04 1 0)
s>                ( - -2.091e+04 1 0))))INFO: dtree.c(1439): stop. leaf nodes are specific
INFO: dtree.c(1478): Final simple tree
|( QUESTION0 1 -1.258e+05 1.845e+03 5.284e+02
|    ( QUESTION11 -1 -4.540e+04 8.710e+02 2.078e+02
|        ( - -5.491e+03 1 0)
|        ( - -3.904e+04 1 0))
|    ( QUESTION18 -1 -7.859e+04 6.339e+02 3.206e+02
|        ( QUESTION0_1_R 1 -1.316e+04 2.966e+02 5.493e+01
|            ( - -7.300e+03 1 0)
|            ( - -5.562e+03 1 0))
|        ( QUESTION0_1_R 1 -6.479e+04 5.676e+02 2.656e+02
|            ( - -4.674e+04 1 0)
|            ( WDBNDRY_B 0 -1.749e+04 3.215e+02 7.223e+01
|                ( - -7.572e+03 3 0)
|                ( - -9.594e+03 1 0)))))
s>    ( QUESTION0 1 -1.258e+05 1.845e+03 5.284e+02
s>        ( QUESTION11 -1 -4.540e+04 8.710e+02 2.078e+02
s>            ( - -5.491e+03 1 0)
s>            ( - -3.904e+04 1 0))
s>        ( QUESTION18 -1 -7.859e+04 6.339e+02 3.206e+02
s>            ( QUESTION0_1_R 1 -1.316e+04 2.966e+02 5.493e+01
s>                ( - -7.300e+03 1 0)
s>                ( - -5.562e+03 1 0))
s>            ( QUESTION0_1_R 1 -6.479e+04 5.676e+02 2.656e+02
s>                ( - -4.674e+04 1 0)
s>                ( WDBNDRY_B 0 -1.749e+04 3.215e+02 7.223e+01
s>                    ( - -7.572e+03 3 0)
s>                    ( - -9.594e+03 1 0)))))INFO: dtree.c(1315): Comp split 4
INFO: dtree.c(1478): Final simple tree
|( WDBNDRY_E 0 -2.573e+04 6.455e+02 1.126e+02
|    ( QUESTION0_5_R 1 -9.230e+03 4.360e+02 4.202e+01
|        ( - 1.668e+02 1 0)
|        ( SILENCE 1 -8.961e+03 4.358e+02 4.102e+01
|            ( - 1.936e+02 1 0)
|            ( QUESTION0_9_R 1 -8.718e+03 4.343e+02 4.002e+01
|                ( - 1.802e+02 1 0)
|                ( QUESTION0_4_R 1 -8.464e+03 2.403e+02 3.902e+01
|                    ( - -1.673e+03 1 0)
|                    ( QUESTION0_7_R 1 -6.551e+03 1.195e+02 3.002e+01
|                        ( - -2.084e+03 1 0)
|                        ( QUESTION0_0_R 1 -4.348e+03 1.006e+02 2.002e+01
|                            ( - -1.954e+03 1 0)
|                            ( - -2.293e+03 1 0)))))))
|    ( - -1.586e+04 1 0))
s>    ( WDBNDRY_E 0 -2.573e+04 6.455e+02 1.126e+02
s>        ( QUESTION0_5_R 1 -9.230e+03 4.360e+02 4.202e+01
s>            ( - 1.668e+02 1 0)
s>            ( SILENCE 1 -8.961e+03 4.358e+02 4.102e+01
s>                ( - 1.936e+02 1 0)
s>                ( QUESTION0_9_R 1 -8.718e+03 4.343e+02 4.002e+01
s>                    ( - 1.802e+02 1 0)
s>                    ( QUESTION0_4_R 1 -8.464e+03 2.403e+02 3.902e+01
s>                        ( - -1.673e+03 1 0)
s>                        ( QUESTION0_7_R 1 -6.551e+03 1.195e+02 3.002e+01
s>                            ( - -2.084e+03 1 0)
s>                            ( QUESTION0_0_R 1 -4.348e+03 1.006e+02 2.002e+01
s>                                ( - -1.954e+03 1 0)
s>                                ( - -2.293e+03 1 0)))))))
s>        ( - -1.586e+04 1 0))INFO: dtree.c(1478): Final simple tree
|( WDBNDRY_B 0 -2.105e+05 2.048e+03 9.318e+02
|    ( QUESTION4 -1 -1.222e+05 6.660e+02 5.405e+02
|        ( QUESTION0_1_R 1 -6.896e+04 2.719e+02 3.081e+02
|            ( - -7.995e+02 1 0)
|            ( QUESTION2_9_L -1 -6.789e+04 2.271e+02 3.031e+02
|                ( - -1.133e+04 2 0)
|                ( - -5.633e+04 4 0 QUESTION2_0_L -1 6.822e+01 2.504e+02)))
|        ( QUESTION0_1_R 1 -5.261e+04 6.084e+02 2.324e+02
|            ( SILENCE -1 -5.346e+03 2.643e+02 2.351e+01
|                ( - -4.203e+02 1 0)
|                ( - -4.662e+03 1 0))
|            ( QUESTION19 -1 -4.665e+04 2.538e+02 2.089e+02
|                ( - -2.191e+04 1 0)
|                ( - -2.449e+04 3 0 SILENCE -1 1.469e+02 1.109e+02))))
|    ( - -8.625e+04 1 0))
s>    ( WDBNDRY_B 0 -2.105e+05 2.048e+03 9.318e+02
s>        ( QUESTION4 -1 -1.222e+05 6.660e+02 5.405e+02
s>            ( QUESTION0_1_R 1 -6.896e+04 2.719e+02 3.081e+02
s>                ( - -7.995e+02 1 0)
s>                ( QUESTION2_9_L -1 -6.789e+04 2.271e+02 3.031e+02
s>                    ( - -1.133e+04 2 0)
s>                    ( - -5.633e+04 4 0 QUESTION2_0_L -1 6.822e+01 2.504e+02)))
s>            ( QUESTION0_1_R 1 -5.261e+04 6.084e+02 2.324e+02
s>                ( SILENCE -1 -5.346e+03 2.643e+02 2.351e+01
s>                    ( - -4.203e+02 1 0)
s>                    ( - -4.662e+03 1 0))
s>                ( QUESTION19 -1 -4.665e+04 2.538e+02 2.089e+02
s>                    ( - -2.191e+04 1 0)
s>                    ( - -2.449e+04 3 0 SILENCE -1 1.469e+02 1.109e+02))))
s>        ( - -8.625e+04 1 0))INFO: dtree.c(1315): Comp split 5
INFO: dtree.c(1478): Final simple tree
|( QUESTION4 -1 -1.222e+05 6.660e+02 5.405e+02
|    ( QUESTION0_1_R 1 -6.896e+04 2.719e+02 3.081e+02
|        ( - -7.995e+02 1 0)
|        ( QUESTION2_9_L -1 -6.789e+04 2.271e+02 3.031e+02
|            ( - -1.133e+04 2 0)
|            ( - -5.633e+04 4 0 QUESTION2_0_L -1 6.822e+01 2.504e+02)))
|    ( QUESTION0_1_R 1 -5.261e+04 6.084e+02 2.324e+02
|        ( SILENCE -1 -5.346e+03 2.643e+02 2.351e+01
|            ( - -4.203e+02 1 0)
|            ( - -4.662e+03 1 0))
|        ( QUESTION19 -1 -4.665e+04 2.538e+02 2.089e+02
|            ( - -2.191e+04 1 0)
|            ( SILENCE -1 -2.449e+04 1.469e+02 1.109e+02
|                ( - -6.986e+03 1 0)
|                ( - -1.736e+04 2 0 QUESTION0 -1 1.299e+02 7.874e+01)))))
s>    ( QUESTION4 -1 -1.222e+05 6.660e+02 5.405e+02
s>        ( QUESTION0_1_R 1 -6.896e+04 2.719e+02 3.081e+02
s>            ( - -7.995e+02 1 0)
s>            ( QUESTION2_9_L -1 -6.789e+04 2.271e+02 3.031e+02
s>                ( - -1.133e+04 2 0)
s>                ( - -5.633e+04 4 0 QUESTION2_0_L -1 6.822e+01 2.504e+02)))
s>        ( QUESTION0_1_R 1 -5.261e+04 6.084e+02 2.324e+02
s>            ( SILENCE -1 -5.346e+03 2.643e+02 2.351e+01
s>                ( - -4.203e+02 1 0)
s>                ( - -4.662e+03 1 0))
s>            ( QUESTION19 -1 -4.665e+04 2.538e+02 2.089e+02
s>                ( - -2.191e+04 1 0)
s>                ( SILENCE -1 -2.449e+04 1.469e+02 1.109e+02
s>                    ( - -6.986e+03 1 0)
s>                    ( - -1.736e+04 2 0 QUESTION0 -1 1.299e+02 7.874e+01)))))INFO: dtree.c(1315): Comp split 6
INFO: dtree.c(1439): stop. leaf nodes are specific
INFO: dtree.c(1478): Final simple tree
|( QUESTION18 -1 -7.859e+04 6.339e+02 3.206e+02
|    ( QUESTION0_1_R 1 -1.316e+04 2.966e+02 5.493e+01
|        ( - -7.300e+03 1 0)
|        ( - -5.562e+03 1 0))
|    ( QUESTION0_1_R 1 -6.479e+04 5.676e+02 2.656e+02
|        ( - -4.674e+04 1 0)
|        ( WDBNDRY_B 0 -1.749e+04 3.215e+02 7.223e+01
|            ( - -7.572e+03 3 0)
|            ( - -9.594e+03 1 0))))
s>    ( QUESTION18 -1 -7.859e+04 6.339e+02 3.206e+02
s>        ( QUESTION0_1_R 1 -1.316e+04 2.966e+02 5.493e+01
s>            ( - -7.300e+03 1 0)
s>            ( - -5.562e+03 1 0))
s>        ( QUESTION0_1_R 1 -6.479e+04 5.676e+02 2.656e+02
s>            ( - -4.674e+04 1 0)
s>            ( WDBNDRY_B 0 -1.749e+04 3.215e+02 7.223e+01
s>                ( - -7.572e+03 3 0)
s>                ( - -9.594e+03 1 0))))INFO: dtree.c(1439): stop. leaf nodes are specific
INFO: dtree.c(1478): Final simple tree
|( QUESTION11 -1 -4.540e+04 8.710e+02 2.078e+02
|    ( - -5.491e+03 1 0)
|    ( - -3.904e+04 1 0))
s>    ( QUESTION11 -1 -4.540e+04 8.710e+02 2.078e+02
s>        ( - -5.491e+03 1 0)
s>        ( - -3.904e+04 1 0))INFO: dtree.c(1315): Comp split 7
INFO: dtree.c(1315): Comp split 8
INFO: dtree.c(1439): stop. leaf nodes are specific
INFO: dtree.c(1478): Final simple tree
|( QUESTION19 -1 -4.665e+04 2.538e+02 2.089e+02
|    ( - -2.191e+04 1 0)
|    ( SILENCE -1 -2.449e+04 1.469e+02 1.109e+02
|        ( - -6.986e+03 1 0)
|        ( QUESTION0 -1 -1.736e+04 1.299e+02 7.874e+01
|            ( - -1.494e+04 1 0)
|            ( - -2.286e+03 1 0))))
s>    ( QUESTION19 -1 -4.665e+04 2.538e+02 2.089e+02
s>        ( - -2.191e+04 1 0)
s>        ( SILENCE -1 -2.449e+04 1.469e+02 1.109e+02
s>            ( - -6.986e+03 1 0)
s>            ( QUESTION0 -1 -1.736e+04 1.299e+02 7.874e+01
s>                ( - -1.494e+04 1 0)
s>                ( - -2.286e+03 1 0))))INFO: dtree.c(1439): stop. leaf nodes are specific
INFO: dtree.c(1478): Final simple tree
|( QUESTION0_1_R 1 -7.480e+04 5.334e+02 3.316e+02
|    ( QUESTION0 -1 -6.378e+03 2.788e+02 2.851e+01
|        ( - -4.662e+03 1 0)
|        ( SILENCE -1 -1.437e+03 2.172e+02 8.000e+00
|            ( - -4.203e+02 1 0)
|            ( - -7.995e+02 1 0)))
|    ( QUESTION2_9_L -1 -6.789e+04 2.271e+02 3.031e+02
|        ( - -1.133e+04 2 0)
|        ( QUESTION2_0_L -1 -5.633e+04 6.822e+01 2.504e+02
|            ( - -1.507e+03 1 0)
|            ( - -5.476e+04 3 0))))
s>    ( QUESTION0_1_R 1 -7.480e+04 5.334e+02 3.316e+02
s>        ( QUESTION0 -1 -6.378e+03 2.788e+02 2.851e+01
s>            ( - -4.662e+03 1 0)
s>            ( SILENCE -1 -1.437e+03 2.172e+02 8.000e+00
s>                ( - -4.203e+02 1 0)
s>                ( - -7.995e+02 1 0)))
s>        ( QUESTION2_9_L -1 -6.789e+04 2.271e+02 3.031e+02
s>            ( - -1.133e+04 2 0)
s>            ( QUESTION2_0_L -1 -5.633e+04 6.822e+01 2.504e+02
s>                ( - -1.507e+03 1 0)
s>                ( - -5.476e+04 3 0))))INFO: dtree.c(1315): Comp split 9
INFO: dtree.c(1439): stop. leaf nodes are specific
INFO: dtree.c(1478): Final simple tree
|( QUESTION0_5_R 1 -9.230e+03 4.360e+02 4.202e+01
|    ( - 1.668e+02 1 0)
|    ( SILENCE 1 -8.961e+03 4.358e+02 4.102e+01
|        ( - 1.936e+02 1 0)
|        ( QUESTION0_9_R 1 -8.718e+03 4.343e+02 4.002e+01
|            ( - 1.802e+02 1 0)
|            ( QUESTION0_4_R 1 -8.464e+03 2.403e+02 3.902e+01
|                ( - -1.673e+03 1 0)
|                ( QUESTION0_7_R 1 -6.551e+03 1.195e+02 3.002e+01
|                    ( - -2.084e+03 1 0)
|                    ( QUESTION0_0_R 1 -4.348e+03 1.006e+02 2.002e+01
|                        ( - -1.954e+03 1 0)
|                        ( - -2.293e+03 1 0)))))))
s>    ( QUESTION0_5_R 1 -9.230e+03 4.360e+02 4.202e+01
s>        ( - 1.668e+02 1 0)
s>        ( SILENCE 1 -8.961e+03 4.358e+02 4.102e+01
s>            ( - 1.936e+02 1 0)
s>            ( QUESTION0_9_R 1 -8.718e+03 4.343e+02 4.002e+01
s>                ( - 1.802e+02 1 0)
s>                ( QUESTION0_4_R 1 -8.464e+03 2.403e+02 3.902e+01
s>                    ( - -1.673e+03 1 0)
s>                    ( QUESTION0_7_R 1 -6.551e+03 1.195e+02 3.002e+01
s>                        ( - -2.084e+03 1 0)
s>                        ( QUESTION0_0_R 1 -4.348e+03 1.006e+02 2.002e+01
s>                            ( - -1.954e+03 1 0)
s>                            ( - -2.293e+03 1 0)))))))INFO: dtree.c(1315): Comp split 10
INFO: dtree.c(1439): stop. leaf nodes are specific
INFO: dtree.c(1478): Final simple tree
|( QUESTION0_1_R 1 -6.479e+04 5.676e+02 2.656e+02
|    ( - -4.674e+04 1 0)
|    ( WDBNDRY_B 0 -1.749e+04 3.215e+02 7.223e+01
|        ( - -7.572e+03 3 0)
|        ( - -9.594e+03 1 0)))
s>    ( QUESTION0_1_R 1 -6.479e+04 5.676e+02 2.656e+02
s>        ( - -4.674e+04 1 0)
s>        ( WDBNDRY_B 0 -1.749e+04 3.215e+02 7.223e+01
s>            ( - -7.572e+03 3 0)
s>            ( - -9.594e+03 1 0)))INFO: dtree.c(1439): stop. leaf nodes are specific
INFO: dtree.c(1478): Final simple tree
|( QUESTION0_1_R 1 -1.316e+04 2.966e+02 5.493e+01
|    ( - -7.300e+03 1 0)
|    ( - -5.562e+03 1 0))
s>    ( QUESTION0_1_R 1 -1.316e+04 2.966e+02 5.493e+01
s>        ( - -7.300e+03 1 0)
s>        ( - -5.562e+03 1 0))INFO: dtree.c(1315): Comp split 11
INFO: dtree.c(1439): stop. leaf nodes are specific
INFO: dtree.c(1478): Final simple tree
|( WDBNDRY_B 0 -1.749e+04 3.215e+02 7.223e+01
|    ( - -7.572e+03 3 0)
|    ( - -9.594e+03 1 0))
s>    ( WDBNDRY_B 0 -1.749e+04 3.215e+02 7.223e+01
s>        ( - -7.572e+03 3 0)
s>        ( - -9.594e+03 1 0))INFO: dtree.c(1315): Comp split 12
INFO: dtree.c(1439): stop. leaf nodes are specific
INFO: dtree.c(1478): Final simple tree
|( SILENCE -1 -6.854e+04 2.363e+02 3.061e+02
|    ( - -4.203e+02 1 0)
|    ( QUESTION2_9_L -1 -6.789e+04 2.271e+02 3.031e+02
|        ( - -1.133e+04 2 0)
|        ( QUESTION2_0_L -1 -5.633e+04 6.822e+01 2.504e+02
|            ( - -1.507e+03 1 0)
|            ( - -5.476e+04 3 0))))
s>    ( SILENCE -1 -6.854e+04 2.363e+02 3.061e+02
s>        ( - -4.203e+02 1 0)
s>        ( QUESTION2_9_L -1 -6.789e+04 2.271e+02 3.031e+02
s>            ( - -1.133e+04 2 0)
s>            ( QUESTION2_0_L -1 -5.633e+04 6.822e+01 2.504e+02
s>                ( - -1.507e+03 1 0)
s>                ( - -5.476e+04 3 0))))INFO: dtree.c(1439): stop. leaf nodes are specific
INFO: dtree.c(1478): Final simple tree
|( QUESTION0 -1 -5.711e+03 2.498e+02 2.551e+01
|    ( - -4.662e+03 1 0)
|    ( - -7.995e+02 1 0))
s>    ( QUESTION0 -1 -5.711e+03 2.498e+02 2.551e+01
s>        ( - -4.662e+03 1 0)
s>        ( - -7.995e+02 1 0))INFO: dtree.c(1315): Comp split 13
INFO: dtree.c(1439): stop. leaf nodes are specific
INFO: dtree.c(1478): Final simple tree
|( QUESTION0_4_R 1 -4.915e+04 3.572e+02 2.379e+02
|    ( - -7.028e+03 1 0)
|    ( - -4.176e+04 1 0))
s>    ( QUESTION0_4_R 1 -4.915e+04 3.572e+02 2.379e+02
s>        ( - -7.028e+03 1 0)
s>        ( - -4.176e+04 1 0))INFO: dtree.c(1315): Comp split 14
INFO: dtree.c(1439): stop. leaf nodes are specific
INFO: dtree.c(1478): Final simple tree
|( QUESTION1 -1 -6.267e+04 3.231e+02 2.627e+02
|    ( - -5.294e+03 1 0)
|    ( QUESTION0_1_R 1 -5.705e+04 1.893e+02 2.387e+02
|        ( - -3.596e+04 1 0)
|        ( - -2.091e+04 1 0)))
s>    ( QUESTION1 -1 -6.267e+04 3.231e+02 2.627e+02
s>        ( - -5.294e+03 1 0)
s>        ( QUESTION0_1_R 1 -5.705e+04 1.893e+02 2.387e+02
s>            ( - -3.596e+04 1 0)
s>            ( - -2.091e+04 1 0)))INFO: dtree.c(1315): Comp split 15
INFO: dtree.c(1439): stop. leaf nodes are specific
INFO: dtree.c(1478): Final simple tree
|( SILENCE 1 -8.961e+03 4.358e+02 4.102e+01
|    ( - 1.936e+02 1 0)
|    ( QUESTION0_9_R 1 -8.718e+03 4.343e+02 4.002e+01
|        ( - 1.802e+02 1 0)
|        ( QUESTION0_4_R 1 -8.464e+03 2.403e+02 3.902e+01
|            ( - -1.673e+03 1 0)
|            ( QUESTION0_7_R 1 -6.551e+03 1.195e+02 3.002e+01
|                ( - -2.084e+03 1 0)
|                ( QUESTION0_0_R 1 -4.348e+03 1.006e+02 2.002e+01
|                    ( - -1.954e+03 1 0)
|                    ( - -2.293e+03 1 0))))))
s>    ( SILENCE 1 -8.961e+03 4.358e+02 4.102e+01
s>        ( - 1.936e+02 1 0)
s>        ( QUESTION0_9_R 1 -8.718e+03 4.343e+02 4.002e+01
s>            ( - 1.802e+02 1 0)
s>            ( QUESTION0_4_R 1 -8.464e+03 2.403e+02 3.902e+01
s>                ( - -1.673e+03 1 0)
s>                ( QUESTION0_7_R 1 -6.551e+03 1.195e+02 3.002e+01
s>                    ( - -2.084e+03 1 0)
s>                    ( QUESTION0_0_R 1 -4.348e+03 1.006e+02 2.002e+01
s>                        ( - -1.954e+03 1 0)
s>                        ( - -2.293e+03 1 0))))))INFO: dtree.c(1315): Comp split 16
INFO: dtree.c(1439): stop. leaf nodes are specific
INFO: dtree.c(1478): Final simple tree
|( QUESTION0_9_R 1 -8.718e+03 4.343e+02 4.002e+01
|    ( - 1.802e+02 1 0)
|    ( QUESTION0_4_R 1 -8.464e+03 2.403e+02 3.902e+01
|        ( - -1.673e+03 1 0)
|        ( QUESTION0_7_R 1 -6.551e+03 1.195e+02 3.002e+01
|            ( - -2.084e+03 1 0)
|            ( QUESTION0_0_R 1 -4.348e+03 1.006e+02 2.002e+01
|                ( - -1.954e+03 1 0)
|                ( - -2.293e+03 1 0)))))
s>    ( QUESTION0_9_R 1 -8.718e+03 4.343e+02 4.002e+01
s>        ( - 1.802e+02 1 0)
s>        ( QUESTION0_4_R 1 -8.464e+03 2.403e+02 3.902e+01
s>            ( - -1.673e+03 1 0)
s>            ( QUESTION0_7_R 1 -6.551e+03 1.195e+02 3.002e+01
s>                ( - -2.084e+03 1 0)
s>                ( QUESTION0_0_R 1 -4.348e+03 1.006e+02 2.002e+01
s>                    ( - -1.954e+03 1 0)
s>                    ( - -2.293e+03 1 0)))))INFO: dtree.c(1315): Comp split 17
INFO: dtree.c(1439): stop. leaf nodes are specific
INFO: dtree.c(1478): Final simple tree
|( QUESTION0_4_R 1 -8.464e+03 2.403e+02 3.902e+01
|    ( - -1.673e+03 1 0)
|    ( QUESTION0_7_R 1 -6.551e+03 1.195e+02 3.002e+01
|        ( - -2.084e+03 1 0)
|        ( QUESTION0_0_R 1 -4.348e+03 1.006e+02 2.002e+01
|            ( - -1.954e+03 1 0)
|            ( - -2.293e+03 1 0))))
s>    ( QUESTION0_4_R 1 -8.464e+03 2.403e+02 3.902e+01
s>        ( - -1.673e+03 1 0)
s>        ( QUESTION0_7_R 1 -6.551e+03 1.195e+02 3.002e+01
s>            ( - -2.084e+03 1 0)
s>            ( QUESTION0_0_R 1 -4.348e+03 1.006e+02 2.002e+01
s>                ( - -1.954e+03 1 0)
s>                ( - -2.293e+03 1 0))))INFO: dtree.c(1315): Comp split 18
INFO: dtree.c(1315): Comp split 19
INFO: dtree.c(1439): stop. leaf nodes are specific
INFO: dtree.c(1478): Final simple tree
|( QUESTION0_1_R 1 -5.705e+04 1.893e+02 2.387e+02
|    ( - -3.596e+04 1 0)
|    ( - -2.091e+04 1 0))
s>    ( QUESTION0_1_R 1 -5.705e+04 1.893e+02 2.387e+02
s>        ( - -3.596e+04 1 0)
s>        ( - -2.091e+04 1 0))INFO: dtree.c(1315): Comp split 20
INFO: dtree.c(1315): Comp split 21
INFO: dtree.c(1315): Comp split 22
INFO: dtree.c(1439): stop. leaf nodes are specific
INFO: dtree.c(1478): Final simple tree
|( SILENCE -1 -2.449e+04 1.469e+02 1.109e+02
|    ( - -6.986e+03 1 0)
|    ( QUESTION0 -1 -1.736e+04 1.299e+02 7.874e+01
|        ( - -1.494e+04 1 0)
|        ( - -2.286e+03 1 0)))
s>    ( SILENCE -1 -2.449e+04 1.469e+02 1.109e+02
s>        ( - -6.986e+03 1 0)
s>        ( QUESTION0 -1 -1.736e+04 1.299e+02 7.874e+01
s>            ( - -1.494e+04 1 0)
s>            ( - -2.286e+03 1 0)))INFO: dtree.c(1315): Comp split 23
INFO: dtree.c(1315): Comp split 24
INFO: dtree.c(1439): stop. leaf nodes are specific
INFO: dtree.c(1478): Final simple tree
|( QUESTION0_7_R 1 -6.551e+03 1.195e+02 3.002e+01
|    ( - -2.084e+03 1 0)
|    ( QUESTION0_0_R 1 -4.348e+03 1.006e+02 2.002e+01
|        ( - -1.954e+03 1 0)
|        ( - -2.293e+03 1 0)))
s>    ( QUESTION0_7_R 1 -6.551e+03 1.195e+02 3.002e+01
s>        ( - -2.084e+03 1 0)
s>        ( QUESTION0_0_R 1 -4.348e+03 1.006e+02 2.002e+01
s>            ( - -1.954e+03 1 0)
s>            ( - -2.293e+03 1 0)))INFO: dtree.c(1315): Comp split 25
INFO: dtree.c(1439): stop. leaf nodes are specific
INFO: dtree.c(1478): Final simple tree
|( QUESTION2_0_L -1 -5.633e+04 6.822e+01 2.504e+02
|    ( - -1.507e+03 1 0)
|    ( - -5.476e+04 3 0))
s>    ( QUESTION2_0_L -1 -5.633e+04 6.822e+01 2.504e+02
s>        ( - -1.507e+03 1 0)
s>        ( - -5.476e+04 3 0))INFO: dtree.c(1439): stop. leaf nodes are specific
INFO: dtree.c(1478): Final simple tree
|( SILENCE -1 -1.197e+04 2.235e+02 5.570e+01
|    ( - -4.203e+02 1 0)
|    ( - -1.133e+04 2 0))
s>    ( SILENCE -1 -1.197e+04 2.235e+02 5.570e+01
s>        ( - -4.203e+02 1 0)
s>        ( - -1.133e+04 2 0))INFO: dtree.c(1315): Comp split 26
INFO: dtree.c(1315): Comp split 27
INFO: dtree.c(1315): Comp split 28
INFO: dtree.c(1439): stop. leaf nodes are specific
INFO: dtree.c(1478): Final simple tree
|( QUESTION0 -1 -1.736e+04 1.299e+02 7.874e+01
|    ( - -1.494e+04 1 0)
|    ( - -2.286e+03 1 0))
s>    ( QUESTION0 -1 -1.736e+04 1.299e+02 7.874e+01
s>        ( - -1.494e+04 1 0)
s>        ( - -2.286e+03 1 0))INFO: dtree.c(1315): Comp split 29
INFO: dtree.c(1315): Comp split 30
INFO: dtree.c(1439): stop. leaf nodes are specific
INFO: dtree.c(1478): Final simple tree
|( QUESTION0_0_R 1 -4.348e+03 1.006e+02 2.002e+01
|    ( - -1.954e+03 1 0)
|    ( - -2.293e+03 1 0))
s>    ( QUESTION0_0_R 1 -4.348e+03 1.006e+02 2.002e+01
s>        ( - -1.954e+03 1 0)
s>        ( - -2.293e+03 1 0))INFO: dtree.c(1315): Comp split 31
INFO: dtree.c(1315): Comp split 32
INFO: dtree.c(1315): Comp split 33
INFO: dtree.c(1318): stop. leaf nodes are specific
Mon Jan 30 07:35:45 2017
