Current configuration:
[NAME]		[DEFLT]	[VALUE]
-allphones	no	no
-cntthresh	0.00001	1.000000e-05
-csplitmax	100	2000
-csplitmin	1	1
-csplitthr	8e-4	0.000000e+00
-example	no	no
-fullvar	no	no
-help		no	no
-meanfn			/Users/benroye/forge/cmusphinx/voiceVim/model_parameters/voiceVim.cd_cont_untied/means
-mixwfn			/Users/benroye/forge/cmusphinx/voiceVim/model_parameters/voiceVim.cd_cont_untied/mixture_weights
-moddeffn		/Users/benroye/forge/cmusphinx/voiceVim/model_architecture/voiceVim.untied.mdef
-mwfloor	1e-4	1.000000e-08
-phone			uu
-psetfn			/Users/benroye/forge/cmusphinx/voiceVim/model_architecture/voiceVim.tree_questions
-ssplitmax	5	7
-ssplitmin	1	1
-ssplitthr	8e-4	0.000000e+00
-state			1
-stwt			1.0,0.05,0.0,
-treefn			/Users/benroye/forge/cmusphinx/voiceVim/trees/voiceVim.unpruned/uu-1.dtree
-ts2cbfn	.semi.	.cont.
-varfloor	0.00001	1.000000e-05
-varfn			/Users/benroye/forge/cmusphinx/voiceVim/model_parameters/voiceVim.cd_cont_untied/variances

INFO: main.c(223): Reading: /Users/benroye/forge/cmusphinx/voiceVim/model_architecture/voiceVim.untied.mdef
INFO: model_def_io.c(573): Model definition info:
INFO: model_def_io.c(574): 2249 total models defined (39 base, 2210 tri)
INFO: model_def_io.c(575): 8996 total states
INFO: model_def_io.c(576): 6747 total tied states
INFO: model_def_io.c(577): 117 total tied CI states
INFO: model_def_io.c(578): 39 total tied transition matrices
INFO: model_def_io.c(579): 4 max state/model
INFO: model_def_io.c(580): 4 min state/model
INFO: main.c(242): Building trees for [uu d SIL e] through [uu z l i]
INFO: main.c(269): Covering states |[6231 6338]| == 108
INFO: main.c(275): Reading: /Users/benroye/forge/cmusphinx/voiceVim/model_parameters/voiceVim.cd_cont_untied/mixture_weights
INFO: s3mixw_io.c(173): Read /Users/benroye/forge/cmusphinx/voiceVim/model_parameters/voiceVim.cd_cont_untied/mixture_weights [108x1x1 array]
INFO: main.c(311): 36 of 36 models have observation count greater than 0.000010
INFO: main.c(95): nrm stwt: 0.045 0.909 0.045 
INFO: s3gau_io.c(169): Read /Users/benroye/forge/cmusphinx/voiceVim/model_parameters/voiceVim.cd_cont_untied/means [6747x1x1 array]
INFO: s3gau_io.c(169): Read /Users/benroye/forge/cmusphinx/voiceVim/model_parameters/voiceVim.cd_cont_untied/variances [6747x1x1 array]
INFO: main.c(549): Reading: /Users/benroye/forge/cmusphinx/voiceVim/model_architecture/voiceVim.tree_questions
INFO: main.c(588): 174 total simple questions (166 phone; 8 word bndry)
INFO: main.c(590): 40 Left Only questions, and 42 Right Only questions
INFO: dtree.c(1478): Final simple tree
|( QUESTION0_14_R 1 -4.334e+05 4.447e+03 2.028e+03
|    ( QUESTION8 -1 -8.143e+04 7.765e+02 3.958e+02
|        ( - -1.499e+04 1 0)
|        ( QUESTION0 -1 -6.566e+04 6.303e+02 3.226e+02
|            ( WDBNDRY_E 0 -3.678e+04 5.822e+02 1.768e+02
|                ( - -5.575e+03 1 0)
|                ( - -3.062e+04 1 0))
|            ( - -2.825e+04 1 0)))
|    ( QUESTION6 -1 -3.475e+05 2.691e+03 1.632e+03
|        ( - -1.898e+05 1 0)
|        ( WDBNDRY_E 0 -1.550e+05 1.296e+03 7.257e+02
|            ( QUESTION6 1 -1.434e+05 9.182e+02 6.776e+02
|                ( - -2.880e+04 2 0 QUESTION4 -1 3.935e+02 1.455e+02)
|                ( - -1.137e+05 28 0 QUESTION15 1 3.460e+02 5.321e+02))
|            ( - -1.032e+04 1 0))))
s>    ( QUESTION0_14_R 1 -4.334e+05 4.447e+03 2.028e+03
s>        ( QUESTION8 -1 -8.143e+04 7.765e+02 3.958e+02
s>            ( - -1.499e+04 1 0)
s>            ( QUESTION0 -1 -6.566e+04 6.303e+02 3.226e+02
s>                ( WDBNDRY_E 0 -3.678e+04 5.822e+02 1.768e+02
s>                    ( - -5.575e+03 1 0)
s>                    ( - -3.062e+04 1 0))
s>                ( - -2.825e+04 1 0)))
s>        ( QUESTION6 -1 -3.475e+05 2.691e+03 1.632e+03
s>            ( - -1.898e+05 1 0)
s>            ( WDBNDRY_E 0 -1.550e+05 1.296e+03 7.257e+02
s>                ( QUESTION6 1 -1.434e+05 9.182e+02 6.776e+02
s>                    ( - -2.880e+04 2 0 QUESTION4 -1 3.935e+02 1.455e+02)
s>                    ( - -1.137e+05 28 0 QUESTION15 1 3.460e+02 5.321e+02))
s>                ( - -1.032e+04 1 0))))INFO: dtree.c(1315): Comp split 0
INFO: dtree.c(1478): Final simple tree
|( WDBNDRY_E 0 -3.414e+05 2.480e+03 1.609e+03
|    ( QUESTION6 1 -1.492e+05 9.421e+02 7.030e+02
|        ( QUESTION4 -1 -2.880e+04 3.935e+02 1.455e+02
|            ( - -2.360e+04 1 0)
|            ( - -4.805e+03 1 0))
|        ( QUESTION15 1 -1.194e+05 3.494e+02 5.574e+02
|            ( - -2.622e+03 1 0)
|            ( QUESTION2_18_L -1 -1.165e+05 3.146e+02 5.434e+02
|                ( - -2.294e+04 8 0 QUESTION4 1 2.265e+02 1.079e+02)
|                ( QUESTION0_8_R 1 -9.320e+04 2.894e+02 4.355e+02
|                    ( QUESTION0 -1 -2.281e+04 5.892e+02 1.065e+02
|                        ( - 2.420e+02 1 0)
|                        ( - -2.247e+04 4 0 QUESTION4 -1 2.143e+02 1.055e+02))
|                    ( - -7.010e+04 15 0 SILENCE 1 2.428e+02 3.290e+02)))))
|    ( - -1.898e+05 1 0))
s>    ( WDBNDRY_E 0 -3.414e+05 2.480e+03 1.609e+03
s>        ( QUESTION6 1 -1.492e+05 9.421e+02 7.030e+02
s>            ( QUESTION4 -1 -2.880e+04 3.935e+02 1.455e+02
s>                ( - -2.360e+04 1 0)
s>                ( - -4.805e+03 1 0))
s>            ( QUESTION15 1 -1.194e+05 3.494e+02 5.574e+02
s>                ( - -2.622e+03 1 0)
s>                ( QUESTION2_18_L -1 -1.165e+05 3.146e+02 5.434e+02
s>                    ( - -2.294e+04 8 0 QUESTION4 1 2.265e+02 1.079e+02)
s>                    ( QUESTION0_8_R 1 -9.320e+04 2.894e+02 4.355e+02
s>                        ( QUESTION0 -1 -2.281e+04 5.892e+02 1.065e+02
s>                            ( - 2.420e+02 1 0)
s>                            ( - -2.247e+04 4 0 QUESTION4 -1 2.143e+02 1.055e+02))
s>                        ( - -7.010e+04 15 0 SILENCE 1 2.428e+02 3.290e+02)))))
s>        ( - -1.898e+05 1 0))INFO: dtree.c(1439): stop. leaf nodes are specific
INFO: dtree.c(1478): Final simple tree
|( QUESTION2_1_L -1 -8.673e+04 1.147e+03 4.186e+02
|    ( QUESTION0 -1 -5.947e+04 5.907e+02 2.973e+02
|        ( - -3.062e+04 1 0)
|        ( - -2.825e+04 1 0))
|    ( QUESTION0_1_R 1 -2.612e+04 8.021e+02 1.213e+02
|        ( - -1.032e+04 1 0)
|        ( - -1.499e+04 1 0)))
s>    ( QUESTION2_1_L -1 -8.673e+04 1.147e+03 4.186e+02
s>        ( QUESTION0 -1 -5.947e+04 5.907e+02 2.973e+02
s>            ( - -3.062e+04 1 0)
s>            ( - -2.825e+04 1 0))
s>        ( QUESTION0_1_R 1 -2.612e+04 8.021e+02 1.213e+02
s>            ( - -1.032e+04 1 0)
s>            ( - -1.499e+04 1 0)))INFO: dtree.c(1315): Comp split 1
INFO: dtree.c(1478): Final simple tree
|( QUESTION6 1 -1.462e+05 9.499e+02 6.890e+02
|    ( QUESTION4 -1 -2.880e+04 3.935e+02 1.455e+02
|        ( - -2.360e+04 1 0)
|        ( - -4.805e+03 1 0))
|    ( QUESTION2_18_L -1 -1.165e+05 3.146e+02 5.434e+02
|        ( QUESTION4 1 -2.294e+04 2.265e+02 1.079e+02
|            ( - -1.142e+04 3 0 QUESTION0_0_R 1 2.017e+02 5.490e+01)
|            ( - -1.129e+04 5 0 SILENCE 1 2.116e+02 5.300e+01))
|        ( QUESTION0_8_R 1 -9.320e+04 2.894e+02 4.355e+02
|            ( QUESTION0 -1 -2.281e+04 5.892e+02 1.065e+02
|                ( - 2.420e+02 1 0)
|                ( - -2.247e+04 4 0 QUESTION4 -1 2.143e+02 1.055e+02))
|            ( SILENCE 1 -7.010e+04 2.428e+02 3.290e+02
|                ( - -1.141e+04 3 0 QUESTION0 -1 1.761e+02 5.788e+01)
|                ( - -5.845e+04 12 0 QUESTION14 1 2.163e+02 2.711e+02)))))
s>    ( QUESTION6 1 -1.462e+05 9.499e+02 6.890e+02
s>        ( QUESTION4 -1 -2.880e+04 3.935e+02 1.455e+02
s>            ( - -2.360e+04 1 0)
s>            ( - -4.805e+03 1 0))
s>        ( QUESTION2_18_L -1 -1.165e+05 3.146e+02 5.434e+02
s>            ( QUESTION4 1 -2.294e+04 2.265e+02 1.079e+02
s>                ( - -1.142e+04 3 0 QUESTION0_0_R 1 2.017e+02 5.490e+01)
s>                ( - -1.129e+04 5 0 SILENCE 1 2.116e+02 5.300e+01))
s>            ( QUESTION0_8_R 1 -9.320e+04 2.894e+02 4.355e+02
s>                ( QUESTION0 -1 -2.281e+04 5.892e+02 1.065e+02
s>                    ( - 2.420e+02 1 0)
s>                    ( - -2.247e+04 4 0 QUESTION4 -1 2.143e+02 1.055e+02))
s>                ( SILENCE 1 -7.010e+04 2.428e+02 3.290e+02
s>                    ( - -1.141e+04 3 0 QUESTION0 -1 1.761e+02 5.788e+01)
s>                    ( - -5.845e+04 12 0 QUESTION14 1 2.163e+02 2.711e+02)))))INFO: dtree.c(1439): stop. leaf nodes are specific
INFO: dtree.c(1478): Final simple tree
|( WDBNDRY_E 0 -1.928e+05 3.368e+02 9.204e+02
|    ( - -2.622e+03 1 0)
|    ( - -1.898e+05 1 0))
s>    ( WDBNDRY_E 0 -1.928e+05 3.368e+02 9.204e+02
s>        ( - -2.622e+03 1 0)
s>        ( - -1.898e+05 1 0))INFO: dtree.c(1315): Comp split 2
INFO: dtree.c(1478): Final simple tree
|( QUESTION2_18_L -1 -1.214e+05 3.328e+02 5.674e+02
|    ( QUESTION4 1 -2.294e+04 2.265e+02 1.079e+02
|        ( - -1.142e+04 3 0 QUESTION0_0_R 1 2.017e+02 5.490e+01)
|        ( - -1.129e+04 5 0 SILENCE 1 2.116e+02 5.300e+01))
|    ( QUESTION0_8_R 1 -9.814e+04 2.945e+02 4.595e+02
|        ( QUESTION0 -1 -2.281e+04 5.892e+02 1.065e+02
|            ( - 2.420e+02 1 0)
|            ( QUESTION4 -1 -2.247e+04 2.143e+02 1.055e+02
|                ( - -4.482e+03 1 0)
|                ( - -1.777e+04 3 0 QUESTION4 1 1.773e+02 8.274e+01)))
|        ( SILENCE 1 -7.503e+04 2.376e+02 3.530e+02
|            ( - -1.141e+04 3 0 QUESTION0 -1 1.761e+02 5.788e+01)
|            ( QUESTION14 1 -6.338e+04 2.151e+02 2.951e+02
|                ( - -1.258e+03 1 0)
|                ( - -6.191e+04 12 0 QUESTION10 1 2.133e+02 2.881e+02)))))
s>    ( QUESTION2_18_L -1 -1.214e+05 3.328e+02 5.674e+02
s>        ( QUESTION4 1 -2.294e+04 2.265e+02 1.079e+02
s>            ( - -1.142e+04 3 0 QUESTION0_0_R 1 2.017e+02 5.490e+01)
s>            ( - -1.129e+04 5 0 SILENCE 1 2.116e+02 5.300e+01))
s>        ( QUESTION0_8_R 1 -9.814e+04 2.945e+02 4.595e+02
s>            ( QUESTION0 -1 -2.281e+04 5.892e+02 1.065e+02
s>                ( - 2.420e+02 1 0)
s>                ( QUESTION4 -1 -2.247e+04 2.143e+02 1.055e+02
s>                    ( - -4.482e+03 1 0)
s>                    ( - -1.777e+04 3 0 QUESTION4 1 1.773e+02 8.274e+01)))
s>            ( SILENCE 1 -7.503e+04 2.376e+02 3.530e+02
s>                ( - -1.141e+04 3 0 QUESTION0 -1 1.761e+02 5.788e+01)
s>                ( QUESTION14 1 -6.338e+04 2.151e+02 2.951e+02
s>                    ( - -1.258e+03 1 0)
s>                    ( - -6.191e+04 12 0 QUESTION10 1 2.133e+02 2.881e+02)))))INFO: dtree.c(1315): Comp split 3
INFO: dtree.c(1439): stop. leaf nodes are specific
INFO: dtree.c(1478): Final simple tree
|( QUESTION0_1_R 1 -2.612e+04 8.021e+02 1.213e+02
|    ( - -1.032e+04 1 0)
|    ( - -1.499e+04 1 0))
s>    ( QUESTION0_1_R 1 -2.612e+04 8.021e+02 1.213e+02
s>        ( - -1.032e+04 1 0)
s>        ( - -1.499e+04 1 0))INFO: dtree.c(1439): stop. leaf nodes are specific
INFO: dtree.c(1478): Final simple tree
|( QUESTION0 -1 -5.947e+04 5.907e+02 2.973e+02
|    ( - -3.062e+04 1 0)
|    ( - -2.825e+04 1 0))
s>    ( QUESTION0 -1 -5.947e+04 5.907e+02 2.973e+02
s>        ( - -3.062e+04 1 0)
s>        ( - -2.825e+04 1 0))INFO: dtree.c(1315): Comp split 4
INFO: dtree.c(1315): Comp split 5
INFO: dtree.c(1315): Comp split 6
INFO: dtree.c(1478): Final simple tree
|( QUESTION2_18_L -1 -1.211e+05 3.302e+02 5.664e+02
|    ( QUESTION4 1 -2.294e+04 2.265e+02 1.079e+02
|        ( - -1.142e+04 3 0 QUESTION0_0_R 1 2.017e+02 5.490e+01)
|        ( - -1.129e+04 5 0 SILENCE 1 2.116e+02 5.300e+01))
|    ( QUESTION0_8_R 1 -9.782e+04 3.232e+02 4.585e+02
|        ( QUESTION4 -1 -2.247e+04 2.143e+02 1.055e+02
|            ( - -4.482e+03 1 0)
|            ( - -1.777e+04 3 0 QUESTION4 1 1.773e+02 8.274e+01))
|        ( SILENCE 1 -7.503e+04 2.376e+02 3.530e+02
|            ( - -1.141e+04 3 0 QUESTION0 -1 1.761e+02 5.788e+01)
|            ( QUESTION14 1 -6.338e+04 2.151e+02 2.951e+02
|                ( - -1.258e+03 1 0)
|                ( QUESTION10 1 -6.191e+04 2.133e+02 2.881e+02
|                    ( - -1.384e+04 2 0 QUESTION0_1_R 1 1.633e+02 6.620e+01)
|                    ( - -4.786e+04 10 0 QUESTION0_0_R 1 2.175e+02 2.219e+02))))))
s>    ( QUESTION2_18_L -1 -1.211e+05 3.302e+02 5.664e+02
s>        ( QUESTION4 1 -2.294e+04 2.265e+02 1.079e+02
s>            ( - -1.142e+04 3 0 QUESTION0_0_R 1 2.017e+02 5.490e+01)
s>            ( - -1.129e+04 5 0 SILENCE 1 2.116e+02 5.300e+01))
s>        ( QUESTION0_8_R 1 -9.782e+04 3.232e+02 4.585e+02
s>            ( QUESTION4 -1 -2.247e+04 2.143e+02 1.055e+02
s>                ( - -4.482e+03 1 0)
s>                ( - -1.777e+04 3 0 QUESTION4 1 1.773e+02 8.274e+01))
s>            ( SILENCE 1 -7.503e+04 2.376e+02 3.530e+02
s>                ( - -1.141e+04 3 0 QUESTION0 -1 1.761e+02 5.788e+01)
s>                ( QUESTION14 1 -6.338e+04 2.151e+02 2.951e+02
s>                    ( - -1.258e+03 1 0)
s>                    ( QUESTION10 1 -6.191e+04 2.133e+02 2.881e+02
s>                        ( - -1.384e+04 2 0 QUESTION0_1_R 1 1.633e+02 6.620e+01)
s>                        ( - -4.786e+04 10 0 QUESTION0_0_R 1 2.175e+02 2.219e+02))))))INFO: dtree.c(1315): Comp split 7
INFO: dtree.c(1478): Final simple tree
|( SILENCE 1 -7.355e+04 2.359e+02 3.460e+02
|    ( QUESTION0 -1 -1.141e+04 1.761e+02 5.788e+01
|        ( - -3.811e+03 1 0)
|        ( - -7.420e+03 2 0 QUESTION4 -1 1.621e+02 3.788e+01))
|    ( QUESTION10 1 -6.191e+04 2.133e+02 2.881e+02
|        ( QUESTION0_1_R 1 -1.384e+04 1.633e+02 6.620e+01
|            ( - -7.900e+03 1 0)
|            ( - -5.774e+03 1 0))
|        ( QUESTION0_0_R 1 -4.786e+04 2.175e+02 2.219e+02
|            ( QUESTION1 1 -4.199e+04 1.760e+02 1.949e+02
|                ( - -2.190e+04 1 0)
|                ( - -1.992e+04 7 0 QUESTION0_3_R 1 1.502e+02 9.137e+01))
|            ( QUESTION0 -1 -5.656e+03 2.355e+02 2.700e+01
|                ( - -6.861e+02 1 0)
|                ( - -4.734e+03 1 0)))))
s>    ( SILENCE 1 -7.355e+04 2.359e+02 3.460e+02
s>        ( QUESTION0 -1 -1.141e+04 1.761e+02 5.788e+01
s>            ( - -3.811e+03 1 0)
s>            ( - -7.420e+03 2 0 QUESTION4 -1 1.621e+02 3.788e+01))
s>        ( QUESTION10 1 -6.191e+04 2.133e+02 2.881e+02
s>            ( QUESTION0_1_R 1 -1.384e+04 1.633e+02 6.620e+01
s>                ( - -7.900e+03 1 0)
s>                ( - -5.774e+03 1 0))
s>            ( QUESTION0_0_R 1 -4.786e+04 2.175e+02 2.219e+02
s>                ( QUESTION1 1 -4.199e+04 1.760e+02 1.949e+02
s>                    ( - -2.190e+04 1 0)
s>                    ( - -1.992e+04 7 0 QUESTION0_3_R 1 1.502e+02 9.137e+01))
s>                ( QUESTION0 -1 -5.656e+03 2.355e+02 2.700e+01
s>                    ( - -6.861e+02 1 0)
s>                    ( - -4.734e+03 1 0)))))INFO: dtree.c(1478): Final simple tree
|( QUESTION2_18_L -1 -4.710e+04 2.409e+02 2.204e+02
|    ( QUESTION4 1 -2.294e+04 2.265e+02 1.079e+02
|        ( QUESTION0_0_R 1 -1.142e+04 2.017e+02 5.490e+01
|            ( - -9.969e+03 2 0)
|            ( - -1.251e+03 1 0))
|        ( SILENCE 1 -1.129e+04 2.116e+02 5.300e+01
|            ( - -2.866e+02 1 0)
|            ( QUESTION0_8_R 1 -1.079e+04 1.941e+02 5.100e+01
|                ( - -2.059e+03 1 0)
|                ( - -8.540e+03 3 0 QUESTION2 1 1.657e+02 4.100e+01))))
|    ( QUESTION4 -1 -2.392e+04 2.206e+02 1.125e+02
|        ( - -4.482e+03 1 0)
|        ( QUESTION0_1_R 1 -1.922e+04 1.893e+02 8.974e+01
|            ( - -1.258e+03 1 0)
|            ( - -1.777e+04 3 0 QUESTION4 1 1.773e+02 8.274e+01))))
s>    ( QUESTION2_18_L -1 -4.710e+04 2.409e+02 2.204e+02
s>        ( QUESTION4 1 -2.294e+04 2.265e+02 1.079e+02
s>            ( QUESTION0_0_R 1 -1.142e+04 2.017e+02 5.490e+01
s>                ( - -9.969e+03 2 0)
s>                ( - -1.251e+03 1 0))
s>            ( SILENCE 1 -1.129e+04 2.116e+02 5.300e+01
s>                ( - -2.866e+02 1 0)
s>                ( QUESTION0_8_R 1 -1.079e+04 1.941e+02 5.100e+01
s>                    ( - -2.059e+03 1 0)
s>                    ( - -8.540e+03 3 0 QUESTION2 1 1.657e+02 4.100e+01))))
s>        ( QUESTION4 -1 -2.392e+04 2.206e+02 1.125e+02
s>            ( - -4.482e+03 1 0)
s>            ( QUESTION0_1_R 1 -1.922e+04 1.893e+02 8.974e+01
s>                ( - -1.258e+03 1 0)
s>                ( - -1.777e+04 3 0 QUESTION4 1 1.773e+02 8.274e+01))))INFO: dtree.c(1315): Comp split 8
INFO: dtree.c(1315): Comp split 9
INFO: dtree.c(1439): stop. leaf nodes are specific
INFO: dtree.c(1478): Final simple tree
|( QUESTION4 1 -2.097e+04 2.096e+02 9.890e+01
|    ( - -9.969e+03 2 0)
|    ( QUESTION0_8_R 1 -1.079e+04 1.941e+02 5.100e+01
|        ( - -2.059e+03 1 0)
|        ( QUESTION2 1 -8.540e+03 1.657e+02 4.100e+01
|            ( - -2.677e+03 1 0)
|            ( QUESTION0_1_R 1 -5.697e+03 1.455e+02 2.700e+01
|                ( - -2.100e+03 1 0)
|                ( - -3.452e+03 1 0)))))
s>    ( QUESTION4 1 -2.097e+04 2.096e+02 9.890e+01
s>        ( - -9.969e+03 2 0)
s>        ( QUESTION0_8_R 1 -1.079e+04 1.941e+02 5.100e+01
s>            ( - -2.059e+03 1 0)
s>            ( QUESTION2 1 -8.540e+03 1.657e+02 4.100e+01
s>                ( - -2.677e+03 1 0)
s>                ( QUESTION0_1_R 1 -5.697e+03 1.455e+02 2.700e+01
s>                    ( - -2.100e+03 1 0)
s>                    ( - -3.452e+03 1 0)))))INFO: dtree.c(1439): stop. leaf nodes are specific
INFO: dtree.c(1478): Final simple tree
|( QUESTION2_10_L -1 -2.586e+04 2.216e+02 1.215e+02
|    ( - -4.482e+03 1 0)
|    ( SILENCE 1 -2.116e+04 2.090e+02 9.874e+01
|        ( - -2.866e+02 1 0)
|        ( QUESTION0_0_R 1 -2.066e+04 1.921e+02 9.674e+01
|            ( QUESTION0_1_R 1 -1.922e+04 1.893e+02 8.974e+01
|                ( - -1.258e+03 1 0)
|                ( QUESTION4 1 -1.777e+04 1.773e+02 8.274e+01
|                    ( - -1.584e+04 2 0)
|                    ( - -1.749e+03 1 0)))
|            ( - -1.251e+03 1 0))))
s>    ( QUESTION2_10_L -1 -2.586e+04 2.216e+02 1.215e+02
s>        ( - -4.482e+03 1 0)
s>        ( SILENCE 1 -2.116e+04 2.090e+02 9.874e+01
s>            ( - -2.866e+02 1 0)
s>            ( QUESTION0_0_R 1 -2.066e+04 1.921e+02 9.674e+01
s>                ( QUESTION0_1_R 1 -1.922e+04 1.893e+02 8.974e+01
s>                    ( - -1.258e+03 1 0)
s>                    ( QUESTION4 1 -1.777e+04 1.773e+02 8.274e+01
s>                        ( - -1.584e+04 2 0)
s>                        ( - -1.749e+03 1 0)))
s>                ( - -1.251e+03 1 0))))INFO: dtree.c(1315): Comp split 10
INFO: dtree.c(1478): Final simple tree
|( QUESTION10 1 -6.856e+04 2.384e+02 3.230e+02
|    ( QUESTION0_1_R 1 -1.384e+04 1.633e+02 6.620e+01
|        ( - -7.900e+03 1 0)
|        ( - -5.774e+03 1 0))
|    ( SILENCE 1 -5.448e+04 2.230e+02 2.568e+02
|        ( QUESTION0 -1 -1.141e+04 1.761e+02 5.788e+01
|            ( - -3.811e+03 1 0)
|            ( QUESTION4 -1 -7.420e+03 1.621e+02 3.788e+01
|                ( - -4.113e+03 1 0)
|                ( - -3.144e+03 1 0)))
|        ( QUESTION0_0_R 1 -4.285e+04 1.774e+02 1.989e+02
|            ( QUESTION1 1 -4.199e+04 1.760e+02 1.949e+02
|                ( - -2.190e+04 1 0)
|                ( - -1.992e+04 7 0 QUESTION0_3_R 1 1.502e+02 9.137e+01))
|            ( - -6.861e+02 1 0))))
s>    ( QUESTION10 1 -6.856e+04 2.384e+02 3.230e+02
s>        ( QUESTION0_1_R 1 -1.384e+04 1.633e+02 6.620e+01
s>            ( - -7.900e+03 1 0)
s>            ( - -5.774e+03 1 0))
s>        ( SILENCE 1 -5.448e+04 2.230e+02 2.568e+02
s>            ( QUESTION0 -1 -1.141e+04 1.761e+02 5.788e+01
s>                ( - -3.811e+03 1 0)
s>                ( QUESTION4 -1 -7.420e+03 1.621e+02 3.788e+01
s>                    ( - -4.113e+03 1 0)
s>                    ( - -3.144e+03 1 0)))
s>            ( QUESTION0_0_R 1 -4.285e+04 1.774e+02 1.989e+02
s>                ( QUESTION1 1 -4.199e+04 1.760e+02 1.949e+02
s>                    ( - -2.190e+04 1 0)
s>                    ( - -1.992e+04 7 0 QUESTION0_3_R 1 1.502e+02 9.137e+01))
s>                ( - -6.861e+02 1 0))))INFO: dtree.c(1315): Comp split 11
INFO: dtree.c(1439): stop. leaf nodes are specific
INFO: dtree.c(1478): Final simple tree
|( QUESTION0 -1 -7.130e+03 1.754e+02 3.688e+01
|    ( - -3.811e+03 1 0)
|    ( - -3.144e+03 1 0))
s>    ( QUESTION0 -1 -7.130e+03 1.754e+02 3.688e+01
s>        ( - -3.811e+03 1 0)
s>        ( - -3.144e+03 1 0))INFO: dtree.c(1478): Final simple tree
|( QUESTION10 1 -6.114e+04 2.316e+02 2.861e+02
|    ( QUESTION0_1_R 1 -1.384e+04 1.633e+02 6.620e+01
|        ( - -7.900e+03 1 0)
|        ( - -5.774e+03 1 0))
|    ( QUESTION0_20_R 1 -4.707e+04 1.783e+02 2.199e+02
|        ( - -6.861e+02 1 0)
|        ( QUESTION1 1 -4.621e+04 1.588e+02 2.159e+02
|            ( - -2.190e+04 1 0)
|            ( QUESTION0_3_R 1 -2.416e+04 1.468e+02 1.124e+02
|                ( QUESTION0 -1 -1.723e+03 1.761e+02 8.000e+00
|                    ( - -1.172e+03 1 0)
|                    ( - -3.756e+02 1 0))
|                ( QUESTION0_11_R 1 -2.229e+04 1.707e+02 1.044e+02
|                    ( - -8.096e+03 2 0 QUESTION0_12_R 1 2.125e+02 3.632e+01)
|                    ( - -1.402e+04 4 0 QUESTION0 -1 1.440e+02 6.805e+01))))))
s>    ( QUESTION10 1 -6.114e+04 2.316e+02 2.861e+02
s>        ( QUESTION0_1_R 1 -1.384e+04 1.633e+02 6.620e+01
s>            ( - -7.900e+03 1 0)
s>            ( - -5.774e+03 1 0))
s>        ( QUESTION0_20_R 1 -4.707e+04 1.783e+02 2.199e+02
s>            ( - -6.861e+02 1 0)
s>            ( QUESTION1 1 -4.621e+04 1.588e+02 2.159e+02
s>                ( - -2.190e+04 1 0)
s>                ( QUESTION0_3_R 1 -2.416e+04 1.468e+02 1.124e+02
s>                    ( QUESTION0 -1 -1.723e+03 1.761e+02 8.000e+00
s>                        ( - -1.172e+03 1 0)
s>                        ( - -3.756e+02 1 0))
s>                    ( QUESTION0_11_R 1 -2.229e+04 1.707e+02 1.044e+02
s>                        ( - -8.096e+03 2 0 QUESTION0_12_R 1 2.125e+02 3.632e+01)
s>                        ( - -1.402e+04 4 0 QUESTION0 -1 1.440e+02 6.805e+01))))))INFO: dtree.c(1315): Comp split 12
INFO: dtree.c(1439): stop. leaf nodes are specific
INFO: dtree.c(1478): Final simple tree
|( QUESTION0_0_R 1 -1.968e+03 1.106e+02 1.000e+01
|    ( - -1.172e+03 1 0)
|    ( - -6.861e+02 1 0))
s>    ( QUESTION0_0_R 1 -1.968e+03 1.106e+02 1.000e+01
s>        ( - -1.172e+03 1 0)
s>        ( - -6.861e+02 1 0))INFO: dtree.c(1478): Final simple tree
|( QUESTION10 1 -5.894e+04 2.315e+02 2.761e+02
|    ( QUESTION0_1_R 1 -1.384e+04 1.633e+02 6.620e+01
|        ( - -7.900e+03 1 0)
|        ( - -5.774e+03 1 0))
|    ( QUESTION1 1 -4.487e+04 1.663e+02 2.099e+02
|        ( - -2.190e+04 1 0)
|        ( QUESTION0_11_R 1 -2.281e+04 1.581e+02 1.064e+02
|            ( QUESTION0_12_R 1 -8.096e+03 2.125e+02 3.632e+01
|                ( - -5.575e+03 1 0)
|                ( - -2.308e+03 1 0))
|            ( QUESTION0_3_R 1 -1.456e+04 1.608e+02 7.005e+01
|                ( - -3.756e+02 1 0)
|                ( QUESTION0 -1 -1.402e+04 1.440e+02 6.805e+01
|                    ( - -2.001e+03 1 0)
|                    ( - -1.187e+04 3 0 SILENCE 1 1.232e+02 5.805e+01))))))
s>    ( QUESTION10 1 -5.894e+04 2.315e+02 2.761e+02
s>        ( QUESTION0_1_R 1 -1.384e+04 1.633e+02 6.620e+01
s>            ( - -7.900e+03 1 0)
s>            ( - -5.774e+03 1 0))
s>        ( QUESTION1 1 -4.487e+04 1.663e+02 2.099e+02
s>            ( - -2.190e+04 1 0)
s>            ( QUESTION0_11_R 1 -2.281e+04 1.581e+02 1.064e+02
s>                ( QUESTION0_12_R 1 -8.096e+03 2.125e+02 3.632e+01
s>                    ( - -5.575e+03 1 0)
s>                    ( - -2.308e+03 1 0))
s>                ( QUESTION0_3_R 1 -1.456e+04 1.608e+02 7.005e+01
s>                    ( - -3.756e+02 1 0)
s>                    ( QUESTION0 -1 -1.402e+04 1.440e+02 6.805e+01
s>                        ( - -2.001e+03 1 0)
s>                        ( - -1.187e+04 3 0 SILENCE 1 1.232e+02 5.805e+01))))))INFO: dtree.c(1315): Comp split 13
INFO: dtree.c(1439): stop. leaf nodes are specific
INFO: dtree.c(1478): Final simple tree
|( QUESTION1 1 -3.964e+04 1.590e+02 1.869e+02
|    ( - -2.190e+04 1 0)
|    ( QUESTION0_11_R 1 -1.758e+04 1.337e+02 8.337e+01
|        ( - -5.575e+03 1 0)
|        ( SILENCE 1 -1.187e+04 1.232e+02 5.805e+01
|            ( - -4.113e+03 1 0)
|            ( QUESTION0_1_R 1 -7.638e+03 6.849e+01 3.705e+01
|                ( - -2.765e+03 1 0)
|                ( - -4.805e+03 1 0)))))
s>    ( QUESTION1 1 -3.964e+04 1.590e+02 1.869e+02
s>        ( - -2.190e+04 1 0)
s>        ( QUESTION0_11_R 1 -1.758e+04 1.337e+02 8.337e+01
s>            ( - -5.575e+03 1 0)
s>            ( SILENCE 1 -1.187e+04 1.232e+02 5.805e+01
s>                ( - -4.113e+03 1 0)
s>                ( QUESTION0_1_R 1 -7.638e+03 6.849e+01 3.705e+01
s>                    ( - -2.765e+03 1 0)
s>                    ( - -4.805e+03 1 0)))))INFO: dtree.c(1439): stop. leaf nodes are specific
INFO: dtree.c(1478): Final simple tree
|( QUESTION4 1 -1.905e+04 2.223e+02 8.920e+01
|    ( - -2.308e+03 1 0)
|    ( QUESTION0_1_R 1 -1.652e+04 1.613e+02 7.820e+01
|        ( QUESTION0_6_R 1 -1.058e+04 1.579e+02 5.020e+01
|            ( - -3.756e+02 1 0)
|            ( QUESTION0_2_R 1 -1.005e+04 1.460e+02 4.820e+01
|                ( - -2.001e+03 1 0)
|                ( - -7.900e+03 1 0)))
|        ( - -5.774e+03 1 0)))
s>    ( QUESTION4 1 -1.905e+04 2.223e+02 8.920e+01
s>        ( - -2.308e+03 1 0)
s>        ( QUESTION0_1_R 1 -1.652e+04 1.613e+02 7.820e+01
s>            ( QUESTION0_6_R 1 -1.058e+04 1.579e+02 5.020e+01
s>                ( - -3.756e+02 1 0)
s>                ( QUESTION0_2_R 1 -1.005e+04 1.460e+02 4.820e+01
s>                    ( - -2.001e+03 1 0)
s>                    ( - -7.900e+03 1 0)))
s>            ( - -5.774e+03 1 0)))INFO: dtree.c(1315): Comp split 14
INFO: dtree.c(1439): stop. leaf nodes are specific
INFO: dtree.c(1478): Final simple tree
|( SILENCE 1 -1.971e+04 2.102e+02 9.174e+01
|    ( - -2.866e+02 1 0)
|    ( QUESTION0_1_R 1 -1.922e+04 1.893e+02 8.974e+01
|        ( - -1.258e+03 1 0)
|        ( QUESTION4 1 -1.777e+04 1.773e+02 8.274e+01
|            ( - -1.584e+04 2 0)
|            ( - -1.749e+03 1 0))))
s>    ( SILENCE 1 -1.971e+04 2.102e+02 9.174e+01
s>        ( - -2.866e+02 1 0)
s>        ( QUESTION0_1_R 1 -1.922e+04 1.893e+02 8.974e+01
s>            ( - -1.258e+03 1 0)
s>            ( QUESTION4 1 -1.777e+04 1.773e+02 8.274e+01
s>                ( - -1.584e+04 2 0)
s>                ( - -1.749e+03 1 0))))INFO: dtree.c(1439): stop. leaf nodes are specific
INFO: dtree.c(1478): Final simple tree
|( QUESTION0_0_R 1 -5.920e+03 1.876e+02 2.980e+01
|    ( - -4.482e+03 1 0)
|    ( - -1.251e+03 1 0))
s>    ( QUESTION0_0_R 1 -5.920e+03 1.876e+02 2.980e+01
s>        ( - -4.482e+03 1 0)
s>        ( - -1.251e+03 1 0))INFO: dtree.c(1315): Comp split 15
INFO: dtree.c(1439): stop. leaf nodes are specific
INFO: dtree.c(1478): Final simple tree
|( QUESTION0_1_R 1 -1.652e+04 1.613e+02 7.820e+01
|    ( QUESTION0_6_R 1 -1.058e+04 1.579e+02 5.020e+01
|        ( - -3.756e+02 1 0)
|        ( QUESTION0_2_R 1 -1.005e+04 1.460e+02 4.820e+01
|            ( - -2.001e+03 1 0)
|            ( - -7.900e+03 1 0)))
|    ( - -5.774e+03 1 0))
s>    ( QUESTION0_1_R 1 -1.652e+04 1.613e+02 7.820e+01
s>        ( QUESTION0_6_R 1 -1.058e+04 1.579e+02 5.020e+01
s>            ( - -3.756e+02 1 0)
s>            ( QUESTION0_2_R 1 -1.005e+04 1.460e+02 4.820e+01
s>                ( - -2.001e+03 1 0)
s>                ( - -7.900e+03 1 0)))
s>        ( - -5.774e+03 1 0))INFO: dtree.c(1315): Comp split 16
INFO: dtree.c(1439): stop. leaf nodes are specific
INFO: dtree.c(1478): Final simple tree
|( QUESTION0_1_R 1 -1.922e+04 1.893e+02 8.974e+01
|    ( - -1.258e+03 1 0)
|    ( QUESTION4 1 -1.777e+04 1.773e+02 8.274e+01
|        ( - -1.584e+04 2 0)
|        ( - -1.749e+03 1 0)))
s>    ( QUESTION0_1_R 1 -1.922e+04 1.893e+02 8.974e+01
s>        ( - -1.258e+03 1 0)
s>        ( QUESTION4 1 -1.777e+04 1.773e+02 8.274e+01
s>            ( - -1.584e+04 2 0)
s>            ( - -1.749e+03 1 0)))INFO: dtree.c(1315): Comp split 17
INFO: dtree.c(1439): stop. leaf nodes are specific
INFO: dtree.c(1478): Final simple tree
|( QUESTION0_8_R 1 -1.079e+04 1.941e+02 5.100e+01
|    ( - -2.059e+03 1 0)
|    ( QUESTION2 1 -8.540e+03 1.657e+02 4.100e+01
|        ( - -2.677e+03 1 0)
|        ( QUESTION0_1_R 1 -5.697e+03 1.455e+02 2.700e+01
|            ( - -2.100e+03 1 0)
|            ( - -3.452e+03 1 0))))
s>    ( QUESTION0_8_R 1 -1.079e+04 1.941e+02 5.100e+01
s>        ( - -2.059e+03 1 0)
s>        ( QUESTION2 1 -8.540e+03 1.657e+02 4.100e+01
s>            ( - -2.677e+03 1 0)
s>            ( QUESTION0_1_R 1 -5.697e+03 1.455e+02 2.700e+01
s>                ( - -2.100e+03 1 0)
s>                ( - -3.452e+03 1 0))))INFO: dtree.c(1315): Comp split 18
INFO: dtree.c(1439): stop. leaf nodes are specific
INFO: dtree.c(1478): Final simple tree
|( QUESTION2 1 -8.540e+03 1.657e+02 4.100e+01
|    ( - -2.677e+03 1 0)
|    ( QUESTION0_1_R 1 -5.697e+03 1.455e+02 2.700e+01
|        ( - -2.100e+03 1 0)
|        ( - -3.452e+03 1 0)))
s>    ( QUESTION2 1 -8.540e+03 1.657e+02 4.100e+01
s>        ( - -2.677e+03 1 0)
s>        ( QUESTION0_1_R 1 -5.697e+03 1.455e+02 2.700e+01
s>            ( - -2.100e+03 1 0)
s>            ( - -3.452e+03 1 0)))INFO: dtree.c(1315): Comp split 19
INFO: dtree.c(1439): stop. leaf nodes are specific
INFO: dtree.c(1478): Final simple tree
|( QUESTION4 1 -1.777e+04 1.773e+02 8.274e+01
|    ( - -1.584e+04 2 0)
|    ( - -1.749e+03 1 0))
s>    ( QUESTION4 1 -1.777e+04 1.773e+02 8.274e+01
s>        ( - -1.584e+04 2 0)
s>        ( - -1.749e+03 1 0))INFO: dtree.c(1315): Comp split 20
INFO: dtree.c(1315): Comp split 21
INFO: dtree.c(1439): stop. leaf nodes are specific
INFO: dtree.c(1478): Final simple tree
|( QUESTION0_11_R 1 -1.334e+04 1.253e+02 6.237e+01
|    ( - -5.575e+03 1 0)
|    ( QUESTION0_1_R 1 -7.638e+03 6.849e+01 3.705e+01
|        ( - -2.765e+03 1 0)
|        ( - -4.805e+03 1 0)))
s>    ( QUESTION0_11_R 1 -1.334e+04 1.253e+02 6.237e+01
s>        ( - -5.575e+03 1 0)
s>        ( QUESTION0_1_R 1 -7.638e+03 6.849e+01 3.705e+01
s>            ( - -2.765e+03 1 0)
s>            ( - -4.805e+03 1 0)))INFO: dtree.c(1439): stop. leaf nodes are specific
INFO: dtree.c(1478): Final simple tree
|( SILENCE 1 -2.611e+04 1.050e+02 1.245e+02
|    ( - -4.113e+03 1 0)
|    ( - -2.190e+04 1 0))
s>    ( SILENCE 1 -2.611e+04 1.050e+02 1.245e+02
s>        ( - -4.113e+03 1 0)
s>        ( - -2.190e+04 1 0))INFO: dtree.c(1315): Comp split 22
INFO: dtree.c(1315): Comp split 23
INFO: dtree.c(1315): Comp split 24
INFO: dtree.c(1439): stop. leaf nodes are specific
INFO: dtree.c(1478): Final simple tree
|( QUESTION0_1_R 1 -5.697e+03 1.455e+02 2.700e+01
|    ( - -2.100e+03 1 0)
|    ( - -3.452e+03 1 0))
s>    ( QUESTION0_1_R 1 -5.697e+03 1.455e+02 2.700e+01
s>        ( - -2.100e+03 1 0)
s>        ( - -3.452e+03 1 0))INFO: dtree.c(1315): Comp split 25
INFO: dtree.c(1439): stop. leaf nodes are specific
INFO: dtree.c(1478): Final simple tree
|( QUESTION0_2_R 1 -1.005e+04 1.460e+02 4.820e+01
|    ( - -2.001e+03 1 0)
|    ( - -7.900e+03 1 0))
s>    ( QUESTION0_2_R 1 -1.005e+04 1.460e+02 4.820e+01
s>        ( - -2.001e+03 1 0)
s>        ( - -7.900e+03 1 0))INFO: dtree.c(1439): stop. leaf nodes are specific
INFO: dtree.c(1478): Final simple tree
|( QUESTION0_1_R 1 -6.303e+03 1.537e+02 3.000e+01
|    ( - -3.756e+02 1 0)
|    ( - -5.774e+03 1 0))
s>    ( QUESTION0_1_R 1 -6.303e+03 1.537e+02 3.000e+01
s>        ( - -3.756e+02 1 0)
s>        ( - -5.774e+03 1 0))INFO: dtree.c(1315): Comp split 26
INFO: dtree.c(1315): Comp split 27
INFO: dtree.c(1315): Comp split 28
INFO: dtree.c(1315): Comp split 29
INFO: dtree.c(1439): stop. leaf nodes are specific
INFO: dtree.c(1478): Final simple tree
|( QUESTION0_1_R 1 -7.638e+03 6.849e+01 3.705e+01
|    ( - -2.765e+03 1 0)
|    ( - -4.805e+03 1 0))
s>    ( QUESTION0_1_R 1 -7.638e+03 6.849e+01 3.705e+01
s>        ( - -2.765e+03 1 0)
s>        ( - -4.805e+03 1 0))INFO: dtree.c(1315): Comp split 30
INFO: dtree.c(1315): Comp split 31
INFO: dtree.c(1315): Comp split 32
INFO: dtree.c(1315): Comp split 33
INFO: dtree.c(1318): stop. leaf nodes are specific
Mon Jan 30 07:35:51 2017
