Current configuration:
[NAME]		[DEFLT]	[VALUE]
-allphones	no	no
-cntthresh	0.00001	1.000000e-05
-csplitmax	100	2000
-csplitmin	1	1
-csplitthr	8e-4	0.000000e+00
-example	no	no
-fullvar	no	no
-help		no	no
-meanfn			/Users/benroye/forge/cmusphinx/voiceVim/model_parameters/voiceVim.cd_cont_untied/means
-mixwfn			/Users/benroye/forge/cmusphinx/voiceVim/model_parameters/voiceVim.cd_cont_untied/mixture_weights
-moddeffn		/Users/benroye/forge/cmusphinx/voiceVim/model_architecture/voiceVim.untied.mdef
-mwfloor	1e-4	1.000000e-08
-phone			p
-psetfn			/Users/benroye/forge/cmusphinx/voiceVim/model_architecture/voiceVim.tree_questions
-ssplitmax	5	7
-ssplitmin	1	1
-ssplitthr	8e-4	0.000000e+00
-state			1
-stwt			1.0,0.05,0.0,
-treefn			/Users/benroye/forge/cmusphinx/voiceVim/trees/voiceVim.unpruned/p-1.dtree
-ts2cbfn	.semi.	.cont.
-varfloor	0.00001	1.000000e-05
-varfn			/Users/benroye/forge/cmusphinx/voiceVim/model_parameters/voiceVim.cd_cont_untied/variances

INFO: main.c(223): Reading: /Users/benroye/forge/cmusphinx/voiceVim/model_architecture/voiceVim.untied.mdef
INFO: model_def_io.c(573): Model definition info:
INFO: model_def_io.c(574): 2249 total models defined (39 base, 2210 tri)
INFO: model_def_io.c(575): 8996 total states
INFO: model_def_io.c(576): 6747 total tied states
INFO: model_def_io.c(577): 117 total tied CI states
INFO: model_def_io.c(578): 39 total tied transition matrices
INFO: model_def_io.c(579): 4 max state/model
INFO: model_def_io.c(580): 4 min state/model
INFO: main.c(242): Building trees for [p SIL aa b] through [p uu z e]
INFO: main.c(269): Covering states |[3891 4247]| == 357
INFO: main.c(275): Reading: /Users/benroye/forge/cmusphinx/voiceVim/model_parameters/voiceVim.cd_cont_untied/mixture_weights
INFO: s3mixw_io.c(173): Read /Users/benroye/forge/cmusphinx/voiceVim/model_parameters/voiceVim.cd_cont_untied/mixture_weights [357x1x1 array]
INFO: main.c(311): 119 of 119 models have observation count greater than 0.000010
INFO: main.c(95): nrm stwt: 0.045 0.909 0.045 
INFO: s3gau_io.c(169): Read /Users/benroye/forge/cmusphinx/voiceVim/model_parameters/voiceVim.cd_cont_untied/means [6747x1x1 array]
INFO: s3gau_io.c(169): Read /Users/benroye/forge/cmusphinx/voiceVim/model_parameters/voiceVim.cd_cont_untied/variances [6747x1x1 array]
INFO: main.c(549): Reading: /Users/benroye/forge/cmusphinx/voiceVim/model_architecture/voiceVim.tree_questions
INFO: main.c(588): 174 total simple questions (166 phone; 8 word bndry)
INFO: main.c(590): 40 Left Only questions, and 42 Right Only questions
INFO: dtree.c(1478): Final simple tree
|( WDBNDRY_I 0 -1.564e+06 1.463e+04 8.071e+03
|    ( QUESTION0 -1 -3.541e+05 4.187e+03 1.706e+03
|        ( - -1.730e+05 2 0)
|        ( QUESTION2_14_L -1 -1.768e+05 3.357e+03 8.730e+02
|            ( - -7.682e+04 3 0 QUESTION0_0_R 1 9.991e+02 3.653e+02)
|            ( - -9.665e+04 4 0 QUESTION0_8_R 1 5.258e+02 5.078e+02)))
|    ( QUESTION8 1 -1.196e+06 2.293e+03 6.365e+03
|        ( - -1.826e+05 2 0 QUESTION2_0_L -1 4.540e+02 9.972e+02)
|        ( SILENCE -1 -1.011e+06 1.491e+03 5.368e+03
|            ( - -6.935e+03 5 0 QUESTION0_8_R 1 1.784e+02 3.048e+01)
|            ( QUESTION2_9_L -1 -1.002e+06 1.461e+03 5.338e+03
|                ( - -1.407e+05 13 0 QUESTION15 1 6.092e+02 7.456e+02)
|                ( QUESTION2_6_L -1 -8.601e+05 1.144e+03 4.592e+03
|                    ( - -2.205e+05 18 0 QUESTION3 1 9.611e+02 1.161e+03)
|                    ( - -6.384e+05 72 0 QUESTION4 -1 9.534e+02 3.431e+03))))))
s>    ( WDBNDRY_I 0 -1.564e+06 1.463e+04 8.071e+03
s>        ( QUESTION0 -1 -3.541e+05 4.187e+03 1.706e+03
s>            ( - -1.730e+05 2 0)
s>            ( QUESTION2_14_L -1 -1.768e+05 3.357e+03 8.730e+02
s>                ( - -7.682e+04 3 0 QUESTION0_0_R 1 9.991e+02 3.653e+02)
s>                ( - -9.665e+04 4 0 QUESTION0_8_R 1 5.258e+02 5.078e+02)))
s>        ( QUESTION8 1 -1.196e+06 2.293e+03 6.365e+03
s>            ( - -1.826e+05 2 0 QUESTION2_0_L -1 4.540e+02 9.972e+02)
s>            ( SILENCE -1 -1.011e+06 1.491e+03 5.368e+03
s>                ( - -6.935e+03 5 0 QUESTION0_8_R 1 1.784e+02 3.048e+01)
s>                ( QUESTION2_9_L -1 -1.002e+06 1.461e+03 5.338e+03
s>                    ( - -1.407e+05 13 0 QUESTION15 1 6.092e+02 7.456e+02)
s>                    ( QUESTION2_6_L -1 -8.601e+05 1.144e+03 4.592e+03
s>                        ( - -2.205e+05 18 0 QUESTION3 1 9.611e+02 1.161e+03)
s>                        ( - -6.384e+05 72 0 QUESTION4 -1 9.534e+02 3.431e+03))))))INFO: dtree.c(1315): Comp split 0
INFO: dtree.c(1478): Final simple tree
|( QUESTION8 1 -1.284e+06 2.339e+03 6.843e+03
|    ( - -1.826e+05 2 0 QUESTION2_0_L -1 4.540e+02 9.972e+02)
|    ( QUESTION2_6_L -1 -1.099e+06 1.427e+03 5.845e+03
|        ( QUESTION3 1 -2.205e+05 9.611e+02 1.161e+03
|            ( - -1.570e+05 13 0 QUESTION4 1 3.230e+02 8.456e+02)
|            ( - -6.256e+04 5 0 QUESTION0_7_R 1 7.253e+02 3.159e+02))
|        ( QUESTION2_10_L -1 -8.773e+05 1.171e+03 4.684e+03
|            ( - -1.454e+05 12 0 QUESTION15 1 5.589e+02 7.696e+02)
|            ( QUESTION4 -1 -7.308e+05 8.915e+02 3.914e+03
|                ( WDBNDRY_B 0 -5.925e+05 8.852e+02 3.169e+03
|                    ( - -9.676e+04 12 0 QUESTION2_3_L -1 3.835e+02 5.130e+02)
|                    ( QUESTION0_20_R 1 -4.948e+05 9.574e+02 2.656e+03
|                        ( - -6.034e+04 2 0)
|                        ( - -4.336e+05 37 0 QUESTION0_8_R 1 7.459e+02 2.326e+03)))
|                ( - -1.374e+05 26 0 QUESTION1 -1 4.007e+02 7.450e+02)))))
s>    ( QUESTION8 1 -1.284e+06 2.339e+03 6.843e+03
s>        ( - -1.826e+05 2 0 QUESTION2_0_L -1 4.540e+02 9.972e+02)
s>        ( QUESTION2_6_L -1 -1.099e+06 1.427e+03 5.845e+03
s>            ( QUESTION3 1 -2.205e+05 9.611e+02 1.161e+03
s>                ( - -1.570e+05 13 0 QUESTION4 1 3.230e+02 8.456e+02)
s>                ( - -6.256e+04 5 0 QUESTION0_7_R 1 7.253e+02 3.159e+02))
s>            ( QUESTION2_10_L -1 -8.773e+05 1.171e+03 4.684e+03
s>                ( - -1.454e+05 12 0 QUESTION15 1 5.589e+02 7.696e+02)
s>                ( QUESTION4 -1 -7.308e+05 8.915e+02 3.914e+03
s>                    ( WDBNDRY_B 0 -5.925e+05 8.852e+02 3.169e+03
s>                        ( - -9.676e+04 12 0 QUESTION2_3_L -1 3.835e+02 5.130e+02)
s>                        ( QUESTION0_20_R 1 -4.948e+05 9.574e+02 2.656e+03
s>                            ( - -6.034e+04 2 0)
s>                            ( - -4.336e+05 37 0 QUESTION0_8_R 1 7.459e+02 2.326e+03)))
s>                    ( - -1.374e+05 26 0 QUESTION1 -1 4.007e+02 7.450e+02)))))INFO: dtree.c(1478): Final simple tree
|( QUESTION0 -1 -2.612e+05 3.771e+03 1.228e+03
|    ( - -1.730e+05 2 0)
|    ( QUESTION0_0_R 1 -8.437e+04 1.080e+03 3.958e+02
|        ( WDBNDRY_B 0 -3.550e+04 4.709e+02 1.666e+02
|            ( QUESTION0_8_R 1 -5.431e+03 1.703e+02 2.348e+01
|                ( - -4.237e+03 2 0)
|                ( QUESTION0_12_R 1 -1.024e+03 1.306e+02 5.000e+00
|                    ( - -5.743e+02 1 0)
|                    ( - -3.187e+02 1 0)))
|            ( QUESTION4 1 -2.960e+04 5.452e+02 1.431e+02
|                ( - -5.599e+03 1 0)
|                ( - -2.345e+04 1 0)))
|        ( WDBNDRY_B 0 -4.780e+04 2.169e+02 2.292e+02
|            ( - -1.351e+03 1 0)
|            ( - -4.623e+04 1 0))))
s>    ( QUESTION0 -1 -2.612e+05 3.771e+03 1.228e+03
s>        ( - -1.730e+05 2 0)
s>        ( QUESTION0_0_R 1 -8.437e+04 1.080e+03 3.958e+02
s>            ( WDBNDRY_B 0 -3.550e+04 4.709e+02 1.666e+02
s>                ( QUESTION0_8_R 1 -5.431e+03 1.703e+02 2.348e+01
s>                    ( - -4.237e+03 2 0)
s>                    ( QUESTION0_12_R 1 -1.024e+03 1.306e+02 5.000e+00
s>                        ( - -5.743e+02 1 0)
s>                        ( - -3.187e+02 1 0)))
s>                ( QUESTION4 1 -2.960e+04 5.452e+02 1.431e+02
s>                    ( - -5.599e+03 1 0)
s>                    ( - -2.345e+04 1 0)))
s>            ( WDBNDRY_B 0 -4.780e+04 2.169e+02 2.292e+02
s>                ( - -1.351e+03 1 0)
s>                ( - -4.623e+04 1 0))))INFO: dtree.c(1315): Comp split 1
INFO: dtree.c(1439): stop. leaf nodes are specific
INFO: dtree.c(1478): Final simple tree
|( QUESTION3 -1 -1.814e+05 5.355e+02 8.746e+02
|    ( - -5.599e+03 1 0)
|    ( WDBNDRY_B 0 -1.753e+05 1.575e+02 8.426e+02
|        ( QUESTION0_0_R 1 -2.060e+03 1.350e+02 1.000e+01
|            ( - -5.743e+02 1 0)
|            ( - -1.351e+03 1 0))
|        ( - -1.730e+05 2 0)))
s>    ( QUESTION3 -1 -1.814e+05 5.355e+02 8.746e+02
s>        ( - -5.599e+03 1 0)
s>        ( WDBNDRY_B 0 -1.753e+05 1.575e+02 8.426e+02
s>            ( QUESTION0_0_R 1 -2.060e+03 1.350e+02 1.000e+01
s>                ( - -5.743e+02 1 0)
s>                ( - -1.351e+03 1 0))
s>            ( - -1.730e+05 2 0)))INFO: dtree.c(1439): stop. leaf nodes are specific
INFO: dtree.c(1478): Final simple tree
|( QUESTION0_0_R 1 -7.597e+04 1.131e+03 3.538e+02
|    ( WDBNDRY_B 0 -2.861e+04 4.309e+02 1.316e+02
|        ( QUESTION0_8_R 1 -4.730e+03 1.738e+02 2.048e+01
|            ( - -4.237e+03 2 0)
|            ( - -3.187e+02 1 0))
|        ( - -2.345e+04 1 0))
|    ( - -4.623e+04 1 0))
s>    ( QUESTION0_0_R 1 -7.597e+04 1.131e+03 3.538e+02
s>        ( WDBNDRY_B 0 -2.861e+04 4.309e+02 1.316e+02
s>            ( QUESTION0_8_R 1 -4.730e+03 1.738e+02 2.048e+01
s>                ( - -4.237e+03 2 0)
s>                ( - -3.187e+02 1 0))
s>            ( - -2.345e+04 1 0))
s>        ( - -4.623e+04 1 0))INFO: dtree.c(1315): Comp split 2
INFO: dtree.c(1478): Final simple tree
|( QUESTION2_6_L -1 -1.099e+06 1.427e+03 5.845e+03
|    ( QUESTION3 1 -2.205e+05 9.611e+02 1.161e+03
|        ( - -1.570e+05 13 0 QUESTION4 1 3.230e+02 8.456e+02)
|        ( - -6.256e+04 5 0 QUESTION0_7_R 1 7.253e+02 3.159e+02))
|    ( QUESTION2_10_L -1 -8.773e+05 1.171e+03 4.684e+03
|        ( - -1.454e+05 12 0 QUESTION15 1 5.589e+02 7.696e+02)
|        ( QUESTION4 -1 -7.308e+05 8.915e+02 3.914e+03
|            ( WDBNDRY_B 0 -5.925e+05 8.852e+02 3.169e+03
|                ( - -9.676e+04 12 0 QUESTION2_3_L -1 3.835e+02 5.130e+02)
|                ( QUESTION0_20_R 1 -4.948e+05 9.574e+02 2.656e+03
|                    ( - -6.034e+04 2 0)
|                    ( QUESTION0_8_R 1 -4.336e+05 7.459e+02 2.326e+03
|                        ( - -1.453e+05 6 0 WDBNDRY_E 0 5.538e+02 7.696e+02)
|                        ( - -2.875e+05 31 0 QUESTION0_14_R 1 5.439e+02 1.557e+03))))
|            ( - -1.374e+05 26 0 QUESTION1 -1 4.007e+02 7.450e+02))))
s>    ( QUESTION2_6_L -1 -1.099e+06 1.427e+03 5.845e+03
s>        ( QUESTION3 1 -2.205e+05 9.611e+02 1.161e+03
s>            ( - -1.570e+05 13 0 QUESTION4 1 3.230e+02 8.456e+02)
s>            ( - -6.256e+04 5 0 QUESTION0_7_R 1 7.253e+02 3.159e+02))
s>        ( QUESTION2_10_L -1 -8.773e+05 1.171e+03 4.684e+03
s>            ( - -1.454e+05 12 0 QUESTION15 1 5.589e+02 7.696e+02)
s>            ( QUESTION4 -1 -7.308e+05 8.915e+02 3.914e+03
s>                ( WDBNDRY_B 0 -5.925e+05 8.852e+02 3.169e+03
s>                    ( - -9.676e+04 12 0 QUESTION2_3_L -1 3.835e+02 5.130e+02)
s>                    ( QUESTION0_20_R 1 -4.948e+05 9.574e+02 2.656e+03
s>                        ( - -6.034e+04 2 0)
s>                        ( QUESTION0_8_R 1 -4.336e+05 7.459e+02 2.326e+03
s>                            ( - -1.453e+05 6 0 WDBNDRY_E 0 5.538e+02 7.696e+02)
s>                            ( - -2.875e+05 31 0 QUESTION0_14_R 1 5.439e+02 1.557e+03))))
s>                ( - -1.374e+05 26 0 QUESTION1 -1 4.007e+02 7.450e+02))))INFO: dtree.c(1439): stop. leaf nodes are specific
INFO: dtree.c(1478): Final simple tree
|( QUESTION2_0_L -1 -1.826e+05 4.540e+02 9.972e+02
|    ( - 1.122e+02 1 0)
|    ( - -1.822e+05 1 0))
s>    ( QUESTION2_0_L -1 -1.826e+05 4.540e+02 9.972e+02
s>        ( - 1.122e+02 1 0)
s>        ( - -1.822e+05 1 0))INFO: dtree.c(1315): Comp split 3
INFO: dtree.c(1478): Final simple tree
|( QUESTION2_5_L -1 -7.935e+05 1.265e+03 4.233e+03
|    ( QUESTION3 1 -2.205e+05 9.611e+02 1.161e+03
|        ( - -1.570e+05 13 0 QUESTION4 1 3.230e+02 8.456e+02)
|        ( QUESTION0_7_R 1 -6.256e+04 7.253e+02 3.159e+02
|            ( - -3.681e+04 1 0)
|            ( - -2.503e+04 4 0 QUESTION0_2_R 1 2.512e+02 1.231e+02)))
|    ( WDBNDRY_B 0 -5.717e+05 7.602e+02 3.071e+03
|        ( - -1.374e+05 26 0 QUESTION1 -1 4.007e+02 7.450e+02)
|        ( QUESTION0_8_R 1 -4.336e+05 7.459e+02 2.326e+03
|            ( WDBNDRY_E 0 -1.453e+05 5.538e+02 7.696e+02
|                ( - -1.090e+05 5 0 QUESTION4 1 2.274e+02 5.857e+02)
|                ( - -3.571e+04 1 0))
|            ( QUESTION0_14_R 1 -2.875e+05 5.439e+02 1.557e+03
|                ( - -7.869e+04 6 0 QUESTION2_3_L -1 3.342e+02 4.269e+02)
|                ( - -2.083e+05 25 0 QUESTION18 1 3.187e+02 1.130e+03)))))
s>    ( QUESTION2_5_L -1 -7.935e+05 1.265e+03 4.233e+03
s>        ( QUESTION3 1 -2.205e+05 9.611e+02 1.161e+03
s>            ( - -1.570e+05 13 0 QUESTION4 1 3.230e+02 8.456e+02)
s>            ( QUESTION0_7_R 1 -6.256e+04 7.253e+02 3.159e+02
s>                ( - -3.681e+04 1 0)
s>                ( - -2.503e+04 4 0 QUESTION0_2_R 1 2.512e+02 1.231e+02)))
s>        ( WDBNDRY_B 0 -5.717e+05 7.602e+02 3.071e+03
s>            ( - -1.374e+05 26 0 QUESTION1 -1 4.007e+02 7.450e+02)
s>            ( QUESTION0_8_R 1 -4.336e+05 7.459e+02 2.326e+03
s>                ( WDBNDRY_E 0 -1.453e+05 5.538e+02 7.696e+02
s>                    ( - -1.090e+05 5 0 QUESTION4 1 2.274e+02 5.857e+02)
s>                    ( - -3.571e+04 1 0))
s>                ( QUESTION0_14_R 1 -2.875e+05 5.439e+02 1.557e+03
s>                    ( - -7.869e+04 6 0 QUESTION2_3_L -1 3.342e+02 4.269e+02)
s>                    ( - -2.083e+05 25 0 QUESTION18 1 3.187e+02 1.130e+03)))))INFO: dtree.c(1478): Final simple tree
|( QUESTION2_0_L -1 -3.042e+05 9.681e+02 1.613e+03
|    ( QUESTION15 1 -1.536e+05 5.293e+02 8.146e+02
|        ( - -1.778e+04 1 0)
|        ( WDBNDRY_I 0 -1.353e+05 4.966e+02 7.125e+02
|            ( - -7.717e+03 1 0)
|            ( QUESTION0_6_R 1 -1.271e+05 4.579e+02 6.705e+02
|                ( - 2.425e+02 1 0)
|                ( QUESTION2_3_L -1 -1.269e+05 3.891e+02 6.695e+02
|                    ( - -4.401e+03 1 0)
|                    ( QUESTION0_3_R 1 -1.221e+05 3.932e+02 6.425e+02
|                        ( - -4.805e+04 1 0)
|                        ( - -7.365e+04 10 0 QUESTION3 1 2.508e+02 3.833e+02))))))
|    ( WDBNDRY_B 0 -1.496e+05 8.095e+02 7.980e+02
|        ( - -8.846e+04 9 0 QUESTION0_8_R 1 2.077e+02 4.680e+02)
|        ( - -6.034e+04 2 0)))
s>    ( QUESTION2_0_L -1 -3.042e+05 9.681e+02 1.613e+03
s>        ( QUESTION15 1 -1.536e+05 5.293e+02 8.146e+02
s>            ( - -1.778e+04 1 0)
s>            ( WDBNDRY_I 0 -1.353e+05 4.966e+02 7.125e+02
s>                ( - -7.717e+03 1 0)
s>                ( QUESTION0_6_R 1 -1.271e+05 4.579e+02 6.705e+02
s>                    ( - 2.425e+02 1 0)
s>                    ( QUESTION2_3_L -1 -1.269e+05 3.891e+02 6.695e+02
s>                        ( - -4.401e+03 1 0)
s>                        ( QUESTION0_3_R 1 -1.221e+05 3.932e+02 6.425e+02
s>                            ( - -4.805e+04 1 0)
s>                            ( - -7.365e+04 10 0 QUESTION3 1 2.508e+02 3.833e+02))))))
s>        ( WDBNDRY_B 0 -1.496e+05 8.095e+02 7.980e+02
s>            ( - -8.846e+04 9 0 QUESTION0_8_R 1 2.077e+02 4.680e+02)
s>            ( - -6.034e+04 2 0)))INFO: dtree.c(1315): Comp split 4
INFO: dtree.c(1439): stop. leaf nodes are specific
INFO: dtree.c(1478): Final simple tree
|( QUESTION0_2_R 1 -2.503e+04 2.512e+02 1.231e+02
|    ( - -1.915e+03 1 0)
|    ( SILENCE 1 -2.286e+04 1.780e+02 1.131e+02
|        ( - -1.409e+04 1 0)
|        ( - -8.594e+03 2 0)))
s>    ( QUESTION0_2_R 1 -2.503e+04 2.512e+02 1.231e+02
s>        ( - -1.915e+03 1 0)
s>        ( SILENCE 1 -2.286e+04 1.780e+02 1.131e+02
s>            ( - -1.409e+04 1 0)
s>            ( - -8.594e+03 2 0)))INFO: dtree.c(1478): Final simple tree
|( QUESTION2_5_L -1 -7.670e+05 1.075e+03 4.110e+03
|    ( - -1.942e+05 14 0 QUESTION0_10_R 1 3.998e+02 1.038e+03)
|    ( WDBNDRY_B 0 -5.717e+05 7.602e+02 3.071e+03
|        ( QUESTION1 -1 -1.374e+05 4.007e+02 7.450e+02
|            ( - -3.690e+04 5 0 QUESTION0_12_R 1 1.706e+02 1.977e+02)
|            ( QUESTION9 -1 -1.001e+05 4.175e+02 5.474e+02
|                ( - -1.636e+04 2 0 QUESTION0_8_R 1 3.446e+02 9.386e+01)
|                ( - -8.330e+04 19 0 QUESTION13 -1 3.288e+02 4.535e+02)))
|        ( QUESTION0_8_R 1 -4.336e+05 7.459e+02 2.326e+03
|            ( WDBNDRY_E 0 -1.453e+05 5.538e+02 7.696e+02
|                ( - -1.090e+05 5 0 QUESTION4 1 2.274e+02 5.857e+02)
|                ( - -3.571e+04 1 0))
|            ( QUESTION0_14_R 1 -2.875e+05 5.439e+02 1.557e+03
|                ( - -7.869e+04 6 0 QUESTION2_3_L -1 3.342e+02 4.269e+02)
|                ( - -2.083e+05 25 0 QUESTION18 1 3.187e+02 1.130e+03)))))
s>    ( QUESTION2_5_L -1 -7.670e+05 1.075e+03 4.110e+03
s>        ( - -1.942e+05 14 0 QUESTION0_10_R 1 3.998e+02 1.038e+03)
s>        ( WDBNDRY_B 0 -5.717e+05 7.602e+02 3.071e+03
s>            ( QUESTION1 -1 -1.374e+05 4.007e+02 7.450e+02
s>                ( - -3.690e+04 5 0 QUESTION0_12_R 1 1.706e+02 1.977e+02)
s>                ( QUESTION9 -1 -1.001e+05 4.175e+02 5.474e+02
s>                    ( - -1.636e+04 2 0 QUESTION0_8_R 1 3.446e+02 9.386e+01)
s>                    ( - -8.330e+04 19 0 QUESTION13 -1 3.288e+02 4.535e+02)))
s>            ( QUESTION0_8_R 1 -4.336e+05 7.459e+02 2.326e+03
s>                ( WDBNDRY_E 0 -1.453e+05 5.538e+02 7.696e+02
s>                    ( - -1.090e+05 5 0 QUESTION4 1 2.274e+02 5.857e+02)
s>                    ( - -3.571e+04 1 0))
s>                ( QUESTION0_14_R 1 -2.875e+05 5.439e+02 1.557e+03
s>                    ( - -7.869e+04 6 0 QUESTION2_3_L -1 3.342e+02 4.269e+02)
s>                    ( - -2.083e+05 25 0 QUESTION18 1 3.187e+02 1.130e+03)))))INFO: dtree.c(1315): Comp split 5
INFO: dtree.c(1478): Final simple tree
|( WDBNDRY_E 0 -3.262e+05 7.013e+02 1.758e+03
|    ( QUESTION0_8_R 1 -1.354e+05 3.295e+02 7.307e+02
|        ( - -1.090e+05 5 0 QUESTION4 1 2.274e+02 5.857e+02)
|        ( - -2.610e+04 4 0 QUESTION0_15_R 1 2.457e+02 1.450e+02))
|    ( QUESTION1 -1 -1.900e+05 4.499e+02 1.027e+03
|        ( - -3.690e+04 5 0 QUESTION0_12_R 1 1.706e+02 1.977e+02)
|        ( QUESTION9 -1 -1.527e+05 4.452e+02 8.293e+02
|            ( QUESTION0_8_R 1 -1.636e+04 3.446e+02 9.386e+01
|                ( - -1.046e+04 1 0)
|                ( - -5.559e+03 1 0))
|            ( QUESTION2_1_L -1 -1.359e+05 3.574e+02 7.355e+02
|                ( QUESTION0_9_R 1 -6.527e+04 3.045e+02 3.550e+02
|                    ( - -2.491e+04 7 0 QUESTION19 -1 2.112e+02 1.370e+02)
|                    ( - -4.006e+04 11 0 QUESTION19 -1 2.847e+02 2.180e+02))
|                ( - -7.026e+04 3 0 QUESTION2_3_L -1 2.788e+02 3.805e+02)))))
s>    ( WDBNDRY_E 0 -3.262e+05 7.013e+02 1.758e+03
s>        ( QUESTION0_8_R 1 -1.354e+05 3.295e+02 7.307e+02
s>            ( - -1.090e+05 5 0 QUESTION4 1 2.274e+02 5.857e+02)
s>            ( - -2.610e+04 4 0 QUESTION0_15_R 1 2.457e+02 1.450e+02))
s>        ( QUESTION1 -1 -1.900e+05 4.499e+02 1.027e+03
s>            ( - -3.690e+04 5 0 QUESTION0_12_R 1 1.706e+02 1.977e+02)
s>            ( QUESTION9 -1 -1.527e+05 4.452e+02 8.293e+02
s>                ( QUESTION0_8_R 1 -1.636e+04 3.446e+02 9.386e+01
s>                    ( - -1.046e+04 1 0)
s>                    ( - -5.559e+03 1 0))
s>                ( QUESTION2_1_L -1 -1.359e+05 3.574e+02 7.355e+02
s>                    ( QUESTION0_9_R 1 -6.527e+04 3.045e+02 3.550e+02
s>                        ( - -2.491e+04 7 0 QUESTION19 -1 2.112e+02 1.370e+02)
s>                        ( - -4.006e+04 11 0 QUESTION19 -1 2.847e+02 2.180e+02))
s>                    ( - -7.026e+04 3 0 QUESTION2_3_L -1 2.788e+02 3.805e+02)))))INFO: dtree.c(1478): Final simple tree
|( QUESTION2_0_L -1 -4.396e+05 9.250e+02 2.352e+03
|    ( QUESTION0_10_R 1 -1.942e+05 3.998e+02 1.038e+03
|        ( - -3.681e+04 1 0)
|        ( QUESTION4 1 -1.570e+05 3.230e+02 8.456e+02
|            ( QUESTION0_0_R 1 -6.748e+04 3.556e+02 3.578e+02
|                ( - -2.803e+04 5 0 QUESTION0_9_R 1 2.487e+02 1.511e+02)
|                ( - -3.910e+04 2 0 WDBNDRY_B 0 1.576e+02 2.067e+02))
|            ( - -8.919e+04 6 0 QUESTION0_14_R 1 2.556e+02 4.878e+02)))
|    ( WDBNDRY_E 0 -2.445e+05 5.096e+02 1.314e+03
|        ( QUESTION18 1 -2.083e+05 3.187e+02 1.130e+03
|            ( - -4.860e+04 3 0 QUESTION0_5_R 1 2.334e+02 2.671e+02)
|            ( QUESTION17 1 -1.594e+05 3.019e+02 8.628e+02
|                ( - -9.282e+03 2 0)
|                ( - -1.498e+05 20 0 SILENCE 1 2.947e+02 8.098e+02)))
|        ( - -3.571e+04 1 0)))
s>    ( QUESTION2_0_L -1 -4.396e+05 9.250e+02 2.352e+03
s>        ( QUESTION0_10_R 1 -1.942e+05 3.998e+02 1.038e+03
s>            ( - -3.681e+04 1 0)
s>            ( QUESTION4 1 -1.570e+05 3.230e+02 8.456e+02
s>                ( QUESTION0_0_R 1 -6.748e+04 3.556e+02 3.578e+02
s>                    ( - -2.803e+04 5 0 QUESTION0_9_R 1 2.487e+02 1.511e+02)
s>                    ( - -3.910e+04 2 0 WDBNDRY_B 0 1.576e+02 2.067e+02))
s>                ( - -8.919e+04 6 0 QUESTION0_14_R 1 2.556e+02 4.878e+02)))
s>        ( WDBNDRY_E 0 -2.445e+05 5.096e+02 1.314e+03
s>            ( QUESTION18 1 -2.083e+05 3.187e+02 1.130e+03
s>                ( - -4.860e+04 3 0 QUESTION0_5_R 1 2.334e+02 2.671e+02)
s>                ( QUESTION17 1 -1.594e+05 3.019e+02 8.628e+02
s>                    ( - -9.282e+03 2 0)
s>                    ( - -1.498e+05 20 0 SILENCE 1 2.947e+02 8.098e+02)))
s>            ( - -3.571e+04 1 0)))INFO: dtree.c(1315): Comp split 6
INFO: dtree.c(1439): stop. leaf nodes are specific
INFO: dtree.c(1478): Final simple tree
|( WDBNDRY_B 0 -2.861e+04 4.309e+02 1.316e+02
|    ( QUESTION0_8_R 1 -4.730e+03 1.738e+02 2.048e+01
|        ( - -4.237e+03 2 0)
|        ( - -3.187e+02 1 0))
|    ( - -2.345e+04 1 0))
s>    ( WDBNDRY_B 0 -2.861e+04 4.309e+02 1.316e+02
s>        ( QUESTION0_8_R 1 -4.730e+03 1.738e+02 2.048e+01
s>            ( - -4.237e+03 2 0)
s>            ( - -3.187e+02 1 0))
s>        ( - -2.345e+04 1 0))INFO: dtree.c(1315): Comp split 7
INFO: dtree.c(1478): Final simple tree
|( WDBNDRY_B 0 -2.238e+05 6.403e+02 1.181e+03
|    ( QUESTION2_18_L -1 -9.466e+04 2.335e+02 5.010e+02
|        ( QUESTION0_0_R 1 -3.287e+03 2.255e+02 1.800e+01
|            ( - -2.554e+03 1 0)
|            ( - -5.068e+02 1 0))
|        ( QUESTION0_8_R 1 -9.114e+04 2.219e+02 4.830e+02
|            ( - -5.132e+04 5 0)
|            ( - -3.960e+04 5 0 QUESTION0_0_R 1 1.483e+02 2.125e+02)))
|    ( QUESTION2_0_L -1 -1.285e+05 7.035e+02 6.802e+02
|        ( QUESTION0_20_R 1 -6.745e+04 4.260e+02 3.503e+02
|            ( - 1.842e+02 1 0)
|            ( QUESTION0_8_R 1 -6.721e+04 2.382e+02 3.493e+02
|                ( - -5.167e+04 3 0 QUESTION4 1 1.467e+02 2.694e+02)
|                ( - -1.531e+04 3 0 QUESTION0_1_R 1 1.349e+02 7.981e+01)))
|        ( - -6.034e+04 2 0)))
s>    ( WDBNDRY_B 0 -2.238e+05 6.403e+02 1.181e+03
s>        ( QUESTION2_18_L -1 -9.466e+04 2.335e+02 5.010e+02
s>            ( QUESTION0_0_R 1 -3.287e+03 2.255e+02 1.800e+01
s>                ( - -2.554e+03 1 0)
s>                ( - -5.068e+02 1 0))
s>            ( QUESTION0_8_R 1 -9.114e+04 2.219e+02 4.830e+02
s>                ( - -5.132e+04 5 0)
s>                ( - -3.960e+04 5 0 QUESTION0_0_R 1 1.483e+02 2.125e+02)))
s>        ( QUESTION2_0_L -1 -1.285e+05 7.035e+02 6.802e+02
s>            ( QUESTION0_20_R 1 -6.745e+04 4.260e+02 3.503e+02
s>                ( - 1.842e+02 1 0)
s>                ( QUESTION0_8_R 1 -6.721e+04 2.382e+02 3.493e+02
s>                    ( - -5.167e+04 3 0 QUESTION4 1 1.467e+02 2.694e+02)
s>                    ( - -1.531e+04 3 0 QUESTION0_1_R 1 1.349e+02 7.981e+01)))
s>            ( - -6.034e+04 2 0)))INFO: dtree.c(1439): stop. leaf nodes are specific
INFO: dtree.c(1478): Final simple tree
|( QUESTION0_4_R 1 -7.930e+04 5.431e+02 4.313e+02
|    ( - -4.805e+04 1 0)
|    ( QUESTION2 1 -3.071e+04 4.653e+02 1.721e+02
|        ( - 2.425e+02 1 0)
|        ( WDBNDRY_I 0 -3.048e+04 3.248e+02 1.711e+02
|            ( - -7.717e+03 1 0)
|            ( WDBNDRY_B 0 -2.244e+04 2.659e+02 1.291e+02
|                ( - -4.401e+03 1 0)
|                ( - -1.778e+04 1 0)))))
s>    ( QUESTION0_4_R 1 -7.930e+04 5.431e+02 4.313e+02
s>        ( - -4.805e+04 1 0)
s>        ( QUESTION2 1 -3.071e+04 4.653e+02 1.721e+02
s>            ( - 2.425e+02 1 0)
s>            ( WDBNDRY_I 0 -3.048e+04 3.248e+02 1.711e+02
s>                ( - -7.717e+03 1 0)
s>                ( WDBNDRY_B 0 -2.244e+04 2.659e+02 1.291e+02
s>                    ( - -4.401e+03 1 0)
s>                    ( - -1.778e+04 1 0)))))INFO: dtree.c(1315): Comp split 8
INFO: dtree.c(1478): Final simple tree
|( QUESTION4 1 -2.431e+05 3.857e+02 1.305e+03
|    ( QUESTION0_0_R 1 -6.748e+04 3.556e+02 3.578e+02
|        ( QUESTION0_9_R 1 -2.803e+04 2.487e+02 1.511e+02
|            ( - -1.167e+04 3 0 WDBNDRY_B 0 1.955e+02 6.108e+01)
|            ( - -1.611e+04 2 0 QUESTION0_1_R 1 1.345e+02 9.002e+01))
|        ( - -3.910e+04 2 0 WDBNDRY_B 0 1.576e+02 2.067e+02))
|    ( QUESTION0_10_R 1 -1.752e+05 3.243e+02 9.477e+02
|        ( - -3.681e+04 1 0)
|        ( QUESTION0_5_R 1 -1.380e+05 2.714e+02 7.549e+02
|            ( - -2.087e+04 2 0 QUESTION13 1 1.709e+02 1.148e+02)
|            ( QUESTION0_14_R 1 -1.169e+05 2.415e+02 6.401e+02
|                ( - -5.423e+03 1 0)
|                ( QUESTION2_0_L -1 -1.112e+05 2.453e+02 6.081e+02
|                    ( - -8.153e+04 4 0 QUESTION0_1_R 1 1.829e+02 4.458e+02)
|                    ( - -2.947e+04 2 0))))))
s>    ( QUESTION4 1 -2.431e+05 3.857e+02 1.305e+03
s>        ( QUESTION0_0_R 1 -6.748e+04 3.556e+02 3.578e+02
s>            ( QUESTION0_9_R 1 -2.803e+04 2.487e+02 1.511e+02
s>                ( - -1.167e+04 3 0 WDBNDRY_B 0 1.955e+02 6.108e+01)
s>                ( - -1.611e+04 2 0 QUESTION0_1_R 1 1.345e+02 9.002e+01))
s>            ( - -3.910e+04 2 0 WDBNDRY_B 0 1.576e+02 2.067e+02))
s>        ( QUESTION0_10_R 1 -1.752e+05 3.243e+02 9.477e+02
s>            ( - -3.681e+04 1 0)
s>            ( QUESTION0_5_R 1 -1.380e+05 2.714e+02 7.549e+02
s>                ( - -2.087e+04 2 0 QUESTION13 1 1.709e+02 1.148e+02)
s>                ( QUESTION0_14_R 1 -1.169e+05 2.415e+02 6.401e+02
s>                    ( - -5.423e+03 1 0)
s>                    ( QUESTION2_0_L -1 -1.112e+05 2.453e+02 6.081e+02
s>                        ( - -8.153e+04 4 0 QUESTION0_1_R 1 1.829e+02 4.458e+02)
s>                        ( - -2.947e+04 2 0))))))INFO: dtree.c(1478): Final simple tree
|( WDBNDRY_E 0 -1.956e+05 5.175e+02 1.047e+03
|    ( QUESTION17 1 -1.594e+05 3.019e+02 8.628e+02
|        ( - -9.282e+03 2 0)
|        ( SILENCE 1 -1.498e+05 2.947e+02 8.098e+02
|            ( - -1.526e+04 2 0)
|            ( QUESTION0_2_R 1 -1.342e+05 2.900e+02 7.297e+02
|                ( - -6.390e+03 3 0 QUESTION0 1 1.323e+02 3.500e+01)
|                ( QUESTION2 1 -1.276e+05 2.626e+02 6.947e+02
|                    ( - -2.995e+04 4 0)
|                    ( QUESTION0_10_R 1 -9.734e+04 2.652e+02 5.311e+02
|                        ( - -1.712e+04 3 0 QUESTION0 1 1.535e+02 9.261e+01)
|                        ( QUESTION4 1 -7.995e+04 2.071e+02 4.385e+02
|                            ( - -2.270e+04 2 0)
|                            ( - -5.705e+04 6 0 QUESTION0_6_R 1 1.882e+02 3.128e+02)))))))
|    ( - -3.571e+04 1 0))
s>    ( WDBNDRY_E 0 -1.956e+05 5.175e+02 1.047e+03
s>        ( QUESTION17 1 -1.594e+05 3.019e+02 8.628e+02
s>            ( - -9.282e+03 2 0)
s>            ( SILENCE 1 -1.498e+05 2.947e+02 8.098e+02
s>                ( - -1.526e+04 2 0)
s>                ( QUESTION0_2_R 1 -1.342e+05 2.900e+02 7.297e+02
s>                    ( - -6.390e+03 3 0 QUESTION0 1 1.323e+02 3.500e+01)
s>                    ( QUESTION2 1 -1.276e+05 2.626e+02 6.947e+02
s>                        ( - -2.995e+04 4 0)
s>                        ( QUESTION0_10_R 1 -9.734e+04 2.652e+02 5.311e+02
s>                            ( - -1.712e+04 3 0 QUESTION0 1 1.535e+02 9.261e+01)
s>                            ( QUESTION4 1 -7.995e+04 2.071e+02 4.385e+02
s>                                ( - -2.270e+04 2 0)
s>                                ( - -5.705e+04 6 0 QUESTION0_6_R 1 1.882e+02 3.128e+02)))))))
s>        ( - -3.571e+04 1 0))INFO: dtree.c(1315): Comp split 9
INFO: dtree.c(1439): stop. leaf nodes are specific
INFO: dtree.c(1478): Final simple tree
|( QUESTION4 1 -1.090e+05 2.274e+02 5.857e+02
|    ( - -8.903e+04 4 0)
|    ( - -1.975e+04 1 0))
s>    ( QUESTION4 1 -1.090e+05 2.274e+02 5.857e+02
s>        ( - -8.903e+04 4 0)
s>        ( - -1.975e+04 1 0))INFO: dtree.c(1478): Final simple tree
|( QUESTION2_0_L -1 -2.163e+05 4.350e+02 1.172e+03
|    ( QUESTION1 -1 -1.612e+05 4.690e+02 8.676e+02
|        ( - -3.690e+04 5 0 QUESTION0_12_R 1 1.706e+02 1.977e+02)
|        ( QUESTION0_9_R 1 -1.238e+05 3.411e+02 6.699e+02
|            ( QUESTION6 -1 -8.339e+04 3.170e+02 4.519e+02
|                ( - -5.559e+03 1 0)
|                ( WDBNDRY_B 0 -7.752e+04 2.902e+02 4.189e+02
|                    ( - -2.491e+04 7 0 QUESTION19 -1 2.112e+02 1.370e+02)
|                    ( - -5.232e+04 2 0 QUESTION2_3_L -1 2.752e+02 2.819e+02)))
|            ( QUESTION19 -1 -4.006e+04 2.847e+02 2.180e+02
|                ( - -8.653e+03 2 0 QUESTION0_0_R 1 2.157e+02 4.800e+01)
|                ( - -3.112e+04 9 0 QUESTION10 -1 2.135e+02 1.700e+02))))
|    ( QUESTION0_8_R 1 -5.475e+04 3.479e+02 3.044e+02
|        ( - -1.046e+04 1 0)
|        ( - -4.394e+04 5 0 QUESTION0_16_R 1 1.785e+02 2.435e+02)))
s>    ( QUESTION2_0_L -1 -2.163e+05 4.350e+02 1.172e+03
s>        ( QUESTION1 -1 -1.612e+05 4.690e+02 8.676e+02
s>            ( - -3.690e+04 5 0 QUESTION0_12_R 1 1.706e+02 1.977e+02)
s>            ( QUESTION0_9_R 1 -1.238e+05 3.411e+02 6.699e+02
s>                ( QUESTION6 -1 -8.339e+04 3.170e+02 4.519e+02
s>                    ( - -5.559e+03 1 0)
s>                    ( WDBNDRY_B 0 -7.752e+04 2.902e+02 4.189e+02
s>                        ( - -2.491e+04 7 0 QUESTION19 -1 2.112e+02 1.370e+02)
s>                        ( - -5.232e+04 2 0 QUESTION2_3_L -1 2.752e+02 2.819e+02)))
s>                ( QUESTION19 -1 -4.006e+04 2.847e+02 2.180e+02
s>                    ( - -8.653e+03 2 0 QUESTION0_0_R 1 2.157e+02 4.800e+01)
s>                    ( - -3.112e+04 9 0 QUESTION10 -1 2.135e+02 1.700e+02))))
s>        ( QUESTION0_8_R 1 -5.475e+04 3.479e+02 3.044e+02
s>            ( - -1.046e+04 1 0)
s>            ( - -4.394e+04 5 0 QUESTION0_16_R 1 1.785e+02 2.435e+02)))INFO: dtree.c(1315): Comp split 10
INFO: dtree.c(1478): Final simple tree
|( QUESTION2_0_L -1 -1.627e+05 5.727e+02 8.513e+02
|    ( QUESTION3 1 -7.365e+04 2.508e+02 3.833e+02
|        ( QUESTION2_10_L -1 -5.809e+04 2.117e+02 3.034e+02
|            ( QUESTION4 1 -5.459e+04 1.469e+02 2.854e+02
|                ( - -5.236e+04 4 0 WDBNDRY_B 0 1.221e+02 2.734e+02)
|                ( - -2.084e+03 1 0))
|            ( QUESTION0_0_R 1 -3.287e+03 2.255e+02 1.800e+01
|                ( - -2.554e+03 1 0)
|                ( - -5.068e+02 1 0)))
|        ( - -1.531e+04 3 0 QUESTION0_1_R 1 1.349e+02 7.981e+01))
|    ( QUESTION0_8_R 1 -8.846e+04 2.077e+02 4.680e+02
|        ( - -5.132e+04 5 0)
|        ( QUESTION0_0_R 1 -3.693e+04 1.492e+02 1.975e+02
|            ( - -1.543e+03 1 0)
|            ( - -3.524e+04 3 0))))
s>    ( QUESTION2_0_L -1 -1.627e+05 5.727e+02 8.513e+02
s>        ( QUESTION3 1 -7.365e+04 2.508e+02 3.833e+02
s>            ( QUESTION2_10_L -1 -5.809e+04 2.117e+02 3.034e+02
s>                ( QUESTION4 1 -5.459e+04 1.469e+02 2.854e+02
s>                    ( - -5.236e+04 4 0 WDBNDRY_B 0 1.221e+02 2.734e+02)
s>                    ( - -2.084e+03 1 0))
s>                ( QUESTION0_0_R 1 -3.287e+03 2.255e+02 1.800e+01
s>                    ( - -2.554e+03 1 0)
s>                    ( - -5.068e+02 1 0)))
s>            ( - -1.531e+04 3 0 QUESTION0_1_R 1 1.349e+02 7.981e+01))
s>        ( QUESTION0_8_R 1 -8.846e+04 2.077e+02 4.680e+02
s>            ( - -5.132e+04 5 0)
s>            ( QUESTION0_0_R 1 -3.693e+04 1.492e+02 1.975e+02
s>                ( - -1.543e+03 1 0)
s>                ( - -3.524e+04 3 0))))INFO: dtree.c(1315): Comp split 11
INFO: dtree.c(1439): stop. leaf nodes are specific
INFO: dtree.c(1478): Final simple tree
|( QUESTION2_0_L -1 -9.126e+04 2.450e+02 4.830e+02
|    ( - -2.554e+03 1 0)
|    ( QUESTION0_8_R 1 -8.846e+04 2.077e+02 4.680e+02
|        ( - -5.132e+04 5 0)
|        ( QUESTION0_0_R 1 -3.693e+04 1.492e+02 1.975e+02
|            ( - -1.543e+03 1 0)
|            ( - -3.524e+04 3 0))))
s>    ( QUESTION2_0_L -1 -9.126e+04 2.450e+02 4.830e+02
s>        ( - -2.554e+03 1 0)
s>        ( QUESTION0_8_R 1 -8.846e+04 2.077e+02 4.680e+02
s>            ( - -5.132e+04 5 0)
s>            ( QUESTION0_0_R 1 -3.693e+04 1.492e+02 1.975e+02
s>                ( - -1.543e+03 1 0)
s>                ( - -3.524e+04 3 0))))INFO: dtree.c(1478): Final simple tree
|( QUESTION3 1 -7.083e+04 2.369e+02 3.683e+02
|    ( QUESTION2_10_L -1 -5.529e+04 1.894e+02 2.884e+02
|        ( QUESTION4 1 -5.459e+04 1.469e+02 2.854e+02
|            ( WDBNDRY_B 0 -5.236e+04 1.221e+02 2.734e+02
|                ( - -2.561e+03 1 0)
|                ( QUESTION0_0_R 1 -4.968e+04 4.268e+02 2.584e+02
|                    ( - -4.944e+04 2 0)
|                    ( - 1.842e+02 1 0)))
|            ( - -2.084e+03 1 0))
|        ( - -5.068e+02 1 0))
|    ( QUESTION0_1_R 1 -1.531e+04 1.349e+02 7.981e+01
|        ( - -3.991e+03 1 0)
|        ( SILENCE 1 -1.118e+04 1.183e+02 5.781e+01
|            ( - -2.952e+03 1 0)
|            ( - -8.110e+03 1 0))))
s>    ( QUESTION3 1 -7.083e+04 2.369e+02 3.683e+02
s>        ( QUESTION2_10_L -1 -5.529e+04 1.894e+02 2.884e+02
s>            ( QUESTION4 1 -5.459e+04 1.469e+02 2.854e+02
s>                ( WDBNDRY_B 0 -5.236e+04 1.221e+02 2.734e+02
s>                    ( - -2.561e+03 1 0)
s>                    ( QUESTION0_0_R 1 -4.968e+04 4.268e+02 2.584e+02
s>                        ( - -4.944e+04 2 0)
s>                        ( - 1.842e+02 1 0)))
s>                ( - -2.084e+03 1 0))
s>            ( - -5.068e+02 1 0))
s>        ( QUESTION0_1_R 1 -1.531e+04 1.349e+02 7.981e+01
s>            ( - -3.991e+03 1 0)
s>            ( SILENCE 1 -1.118e+04 1.183e+02 5.781e+01
s>                ( - -2.952e+03 1 0)
s>                ( - -8.110e+03 1 0))))INFO: dtree.c(1315): Comp split 12
INFO: dtree.c(1439): stop. leaf nodes are specific
INFO: dtree.c(1478): Final simple tree
|( WDBNDRY_I 0 -3.048e+04 3.248e+02 1.711e+02
|    ( - -7.717e+03 1 0)
|    ( WDBNDRY_B 0 -2.244e+04 2.659e+02 1.291e+02
|        ( - -4.401e+03 1 0)
|        ( - -1.778e+04 1 0)))
s>    ( WDBNDRY_I 0 -3.048e+04 3.248e+02 1.711e+02
s>        ( - -7.717e+03 1 0)
s>        ( WDBNDRY_B 0 -2.244e+04 2.659e+02 1.291e+02
s>            ( - -4.401e+03 1 0)
s>            ( - -1.778e+04 1 0)))INFO: dtree.c(1439): stop. leaf nodes are specific
INFO: dtree.c(1478): Final simple tree
|( QUESTION0_4_R 1 -4.827e+04 4.581e+02 2.603e+02
|    ( - -4.805e+04 1 0)
|    ( - 2.425e+02 1 0))
s>    ( QUESTION0_4_R 1 -4.827e+04 4.581e+02 2.603e+02
s>        ( - -4.805e+04 1 0)
s>        ( - 2.425e+02 1 0))INFO: dtree.c(1315): Comp split 13
INFO: dtree.c(1439): stop. leaf nodes are specific
INFO: dtree.c(1478): Final simple tree
|( WDBNDRY_B 0 -1.753e+05 1.575e+02 8.426e+02
|    ( QUESTION0_0_R 1 -2.060e+03 1.350e+02 1.000e+01
|        ( - -5.743e+02 1 0)
|        ( - -1.351e+03 1 0))
|    ( - -1.730e+05 2 0))
s>    ( WDBNDRY_B 0 -1.753e+05 1.575e+02 8.426e+02
s>        ( QUESTION0_0_R 1 -2.060e+03 1.350e+02 1.000e+01
s>            ( - -5.743e+02 1 0)
s>            ( - -1.351e+03 1 0))
s>        ( - -1.730e+05 2 0))INFO: dtree.c(1315): Comp split 14
INFO: dtree.c(1478): Final simple tree
|( QUESTION2_0_L -1 -1.591e+05 3.635e+02 8.654e+02
|    ( QUESTION9 -1 -1.148e+05 3.163e+02 6.219e+02
|        ( - -5.559e+03 1 0)
|        ( WDBNDRY_B 0 -1.089e+05 3.009e+02 5.889e+02
|            ( QUESTION0_9_R 1 -5.626e+04 2.296e+02 3.070e+02
|                ( - -2.491e+04 7 0 QUESTION19 -1 2.112e+02 1.370e+02)
|                ( QUESTION10 -1 -3.112e+04 2.135e+02 1.700e+02
|                    ( QUESTION0_0_R 1 -1.350e+04 2.132e+02 7.700e+01
|                        ( - -1.066e+04 2 0)
|                        ( - -2.628e+03 1 0))
|                    ( - -1.741e+04 6 0 QUESTION0 -1 1.921e+02 9.300e+01)))
|            ( QUESTION2_3_L -1 -5.232e+04 2.752e+02 2.819e+02
|                ( - -2.899e+04 1 0)
|                ( - -2.305e+04 1 0))))
|    ( - -4.394e+04 5 0 QUESTION0_16_R 1 1.785e+02 2.435e+02))
s>    ( QUESTION2_0_L -1 -1.591e+05 3.635e+02 8.654e+02
s>        ( QUESTION9 -1 -1.148e+05 3.163e+02 6.219e+02
s>            ( - -5.559e+03 1 0)
s>            ( WDBNDRY_B 0 -1.089e+05 3.009e+02 5.889e+02
s>                ( QUESTION0_9_R 1 -5.626e+04 2.296e+02 3.070e+02
s>                    ( - -2.491e+04 7 0 QUESTION19 -1 2.112e+02 1.370e+02)
s>                    ( QUESTION10 -1 -3.112e+04 2.135e+02 1.700e+02
s>                        ( QUESTION0_0_R 1 -1.350e+04 2.132e+02 7.700e+01
s>                            ( - -1.066e+04 2 0)
s>                            ( - -2.628e+03 1 0))
s>                        ( - -1.741e+04 6 0 QUESTION0 -1 1.921e+02 9.300e+01)))
s>                ( QUESTION2_3_L -1 -5.232e+04 2.752e+02 2.819e+02
s>                    ( - -2.899e+04 1 0)
s>                    ( - -2.305e+04 1 0))))
s>        ( - -4.394e+04 5 0 QUESTION0_16_R 1 1.785e+02 2.435e+02))INFO: dtree.c(1439): stop. leaf nodes are specific
INFO: dtree.c(1478): Final simple tree
|( QUESTION6 -1 -5.675e+04 4.066e+02 3.065e+02
|    ( - -1.046e+04 1 0)
|    ( QUESTION0_8_R 1 -4.588e+04 3.792e+02 2.457e+02
|        ( QUESTION0 -1 -9.436e+03 1.686e+02 5.300e+01
|            ( - -1.996e+03 2 0)
|            ( - -7.272e+03 1 0))
|        ( QUESTION0_12_R 1 -3.607e+04 1.882e+02 1.927e+02
|            ( - -2.043e+04 1 0)
|            ( QUESTION0_0_R 1 -1.545e+04 1.715e+02 8.453e+01
|                ( - -9.465e+03 1 0)
|                ( QUESTION0 -1 -5.811e+03 1.588e+02 3.200e+01
|                    ( - -4.486e+03 1 0)
|                    ( - -1.166e+03 1 0))))))
s>    ( QUESTION6 -1 -5.675e+04 4.066e+02 3.065e+02
s>        ( - -1.046e+04 1 0)
s>        ( QUESTION0_8_R 1 -4.588e+04 3.792e+02 2.457e+02
s>            ( QUESTION0 -1 -9.436e+03 1.686e+02 5.300e+01
s>                ( - -1.996e+03 2 0)
s>                ( - -7.272e+03 1 0))
s>            ( QUESTION0_12_R 1 -3.607e+04 1.882e+02 1.927e+02
s>                ( - -2.043e+04 1 0)
s>                ( QUESTION0_0_R 1 -1.545e+04 1.715e+02 8.453e+01
s>                    ( - -9.465e+03 1 0)
s>                    ( QUESTION0 -1 -5.811e+03 1.588e+02 3.200e+01
s>                        ( - -4.486e+03 1 0)
s>                        ( - -1.166e+03 1 0))))))INFO: dtree.c(1315): Comp split 15
INFO: dtree.c(1478): Final simple tree
|( QUESTION17 1 -1.594e+05 3.019e+02 8.628e+02
|    ( - -9.282e+03 2 0)
|    ( SILENCE 1 -1.498e+05 2.947e+02 8.098e+02
|        ( - -1.526e+04 2 0)
|        ( QUESTION0_2_R 1 -1.342e+05 2.900e+02 7.297e+02
|            ( - -6.390e+03 3 0 QUESTION0 1 1.323e+02 3.500e+01)
|            ( QUESTION2 1 -1.276e+05 2.626e+02 6.947e+02
|                ( - -2.995e+04 4 0)
|                ( QUESTION0_10_R 1 -9.734e+04 2.652e+02 5.311e+02
|                    ( - -1.712e+04 3 0 QUESTION0 1 1.535e+02 9.261e+01)
|                    ( QUESTION4 1 -7.995e+04 2.071e+02 4.385e+02
|                        ( - -2.270e+04 2 0)
|                        ( QUESTION0_6_R 1 -5.705e+04 1.882e+02 3.128e+02
|                            ( - -1.109e+04 2 0)
|                            ( - -4.577e+04 4 0 QUESTION0_1_R 1 1.408e+02 2.518e+02))))))))
s>    ( QUESTION17 1 -1.594e+05 3.019e+02 8.628e+02
s>        ( - -9.282e+03 2 0)
s>        ( SILENCE 1 -1.498e+05 2.947e+02 8.098e+02
s>            ( - -1.526e+04 2 0)
s>            ( QUESTION0_2_R 1 -1.342e+05 2.900e+02 7.297e+02
s>                ( - -6.390e+03 3 0 QUESTION0 1 1.323e+02 3.500e+01)
s>                ( QUESTION2 1 -1.276e+05 2.626e+02 6.947e+02
s>                    ( - -2.995e+04 4 0)
s>                    ( QUESTION0_10_R 1 -9.734e+04 2.652e+02 5.311e+02
s>                        ( - -1.712e+04 3 0 QUESTION0 1 1.535e+02 9.261e+01)
s>                        ( QUESTION4 1 -7.995e+04 2.071e+02 4.385e+02
s>                            ( - -2.270e+04 2 0)
s>                            ( QUESTION0_6_R 1 -5.705e+04 1.882e+02 3.128e+02
s>                                ( - -1.109e+04 2 0)
s>                                ( - -4.577e+04 4 0 QUESTION0_1_R 1 1.408e+02 2.518e+02))))))))INFO: dtree.c(1315): Comp split 16
INFO: dtree.c(1478): Final simple tree
|( QUESTION0_5_R 1 -1.420e+05 2.790e+02 7.672e+02
|    ( QUESTION13 1 -2.087e+04 1.709e+02 1.148e+02
|        ( - -1.802e+03 1 0)
|        ( - -1.889e+04 1 0))
|    ( QUESTION0_0_R 1 -1.209e+05 2.544e+02 6.525e+02
|        ( QUESTION0_1_R 1 -8.153e+04 1.829e+02 4.458e+02
|            ( QUESTION15 1 -6.313e+04 1.658e+02 3.438e+02
|                ( - -3.092e+04 1 0)
|                ( QUESTION0_4_R 1 -3.204e+04 1.368e+02 1.748e+02
|                    ( - -1.912e+04 1 0)
|                    ( - -1.278e+04 1 0)))
|            ( - -1.821e+04 1 0))
|        ( WDBNDRY_B 0 -3.910e+04 1.576e+02 2.067e+02
|            ( - -7.705e+02 1 0)
|            ( - -3.817e+04 1 0))))
s>    ( QUESTION0_5_R 1 -1.420e+05 2.790e+02 7.672e+02
s>        ( QUESTION13 1 -2.087e+04 1.709e+02 1.148e+02
s>            ( - -1.802e+03 1 0)
s>            ( - -1.889e+04 1 0))
s>        ( QUESTION0_0_R 1 -1.209e+05 2.544e+02 6.525e+02
s>            ( QUESTION0_1_R 1 -8.153e+04 1.829e+02 4.458e+02
s>                ( QUESTION15 1 -6.313e+04 1.658e+02 3.438e+02
s>                    ( - -3.092e+04 1 0)
s>                    ( QUESTION0_4_R 1 -3.204e+04 1.368e+02 1.748e+02
s>                        ( - -1.912e+04 1 0)
s>                        ( - -1.278e+04 1 0)))
s>                ( - -1.821e+04 1 0))
s>            ( WDBNDRY_B 0 -3.910e+04 1.576e+02 2.067e+02
s>                ( - -7.705e+02 1 0)
s>                ( - -3.817e+04 1 0))))INFO: dtree.c(1478): Final simple tree
|( QUESTION0_10_R 1 -1.005e+05 3.436e+02 5.382e+02
|    ( - -3.681e+04 1 0)
|    ( QUESTION4 1 -6.339e+04 2.445e+02 3.454e+02
|        ( QUESTION0_9_R 1 -2.803e+04 2.487e+02 1.511e+02
|            ( WDBNDRY_B 0 -1.167e+04 1.955e+02 6.108e+01
|                ( - -7.150e+02 1 0)
|                ( QUESTION0_12_R 1 -1.076e+04 1.155e+02 5.708e+01
|                    ( - -2.512e+03 1 0)
|                    ( - -8.133e+03 1 0)))
|            ( QUESTION0_1_R 1 -1.611e+04 1.345e+02 9.002e+01
|                ( - -1.482e+04 1 0)
|                ( - -1.154e+03 1 0)))
|        ( QUESTION0_1_R 1 -3.512e+04 2.205e+02 1.943e+02
|            ( - -2.947e+04 2 0)
|            ( - -5.423e+03 1 0))))
s>    ( QUESTION0_10_R 1 -1.005e+05 3.436e+02 5.382e+02
s>        ( - -3.681e+04 1 0)
s>        ( QUESTION4 1 -6.339e+04 2.445e+02 3.454e+02
s>            ( QUESTION0_9_R 1 -2.803e+04 2.487e+02 1.511e+02
s>                ( WDBNDRY_B 0 -1.167e+04 1.955e+02 6.108e+01
s>                    ( - -7.150e+02 1 0)
s>                    ( QUESTION0_12_R 1 -1.076e+04 1.155e+02 5.708e+01
s>                        ( - -2.512e+03 1 0)
s>                        ( - -8.133e+03 1 0)))
s>                ( QUESTION0_1_R 1 -1.611e+04 1.345e+02 9.002e+01
s>                    ( - -1.482e+04 1 0)
s>                    ( - -1.154e+03 1 0)))
s>            ( QUESTION0_1_R 1 -3.512e+04 2.205e+02 1.943e+02
s>                ( - -2.947e+04 2 0)
s>                ( - -5.423e+03 1 0))))INFO: dtree.c(1315): Comp split 17
INFO: dtree.c(1315): Comp split 18
INFO: dtree.c(1315): Comp split 19
INFO: dtree.c(1439): stop. leaf nodes are specific
INFO: dtree.c(1478): Final simple tree
|( WDBNDRY_B 0 -2.394e+04 1.735e+02 1.131e+02
|    ( - -3.187e+02 1 0)
|    ( - -2.345e+04 1 0))
s>    ( WDBNDRY_B 0 -2.394e+04 1.735e+02 1.131e+02
s>        ( - -3.187e+02 1 0)
s>        ( - -2.345e+04 1 0))INFO: dtree.c(1315): Comp split 20
INFO: dtree.c(1439): stop. leaf nodes are specific
INFO: dtree.c(1478): Final simple tree
|( QUESTION6 -1 -4.905e+04 3.736e+02 2.645e+02
|    ( - -1.046e+04 1 0)
|    ( QUESTION0_12_R 1 -3.821e+04 1.746e+02 2.037e+02
|        ( - -2.043e+04 1 0)
|        ( QUESTION0_9_R 1 -1.761e+04 1.756e+02 9.553e+01
|            ( - -9.465e+03 1 0)
|            ( QUESTION0_0_R 1 -7.967e+03 1.598e+02 4.300e+01
|                ( - -1.996e+03 2 0)
|                ( QUESTION0 -1 -5.811e+03 1.588e+02 3.200e+01
|                    ( - -4.486e+03 1 0)
|                    ( - -1.166e+03 1 0))))))
s>    ( QUESTION6 -1 -4.905e+04 3.736e+02 2.645e+02
s>        ( - -1.046e+04 1 0)
s>        ( QUESTION0_12_R 1 -3.821e+04 1.746e+02 2.037e+02
s>            ( - -2.043e+04 1 0)
s>            ( QUESTION0_9_R 1 -1.761e+04 1.756e+02 9.553e+01
s>                ( - -9.465e+03 1 0)
s>                ( QUESTION0_0_R 1 -7.967e+03 1.598e+02 4.300e+01
s>                    ( - -1.996e+03 2 0)
s>                    ( QUESTION0 -1 -5.811e+03 1.588e+02 3.200e+01
s>                        ( - -4.486e+03 1 0)
s>                        ( - -1.166e+03 1 0))))))INFO: dtree.c(1315): Comp split 21
INFO: dtree.c(1439): stop. leaf nodes are specific
INFO: dtree.c(1478): Final simple tree
|( QUESTION0 1 -1.102e+05 2.681e+02 6.021e+02
|    ( - -2.995e+04 4 0)
|    ( QUESTION4 1 -7.995e+04 2.071e+02 4.385e+02
|        ( - -2.270e+04 2 0)
|        ( QUESTION0_6_R 1 -5.705e+04 1.882e+02 3.128e+02
|            ( - -1.109e+04 2 0)
|            ( QUESTION0_1_R 1 -4.577e+04 1.408e+02 2.518e+02
|                ( - -1.662e+04 2 0)
|                ( - -2.902e+04 2 0)))))
s>    ( QUESTION0 1 -1.102e+05 2.681e+02 6.021e+02
s>        ( - -2.995e+04 4 0)
s>        ( QUESTION4 1 -7.995e+04 2.071e+02 4.385e+02
s>            ( - -2.270e+04 2 0)
s>            ( QUESTION0_6_R 1 -5.705e+04 1.882e+02 3.128e+02
s>                ( - -1.109e+04 2 0)
s>                ( QUESTION0_1_R 1 -4.577e+04 1.408e+02 2.518e+02
s>                    ( - -1.662e+04 2 0)
s>                    ( - -2.902e+04 2 0)))))INFO: dtree.c(1439): stop. leaf nodes are specific
INFO: dtree.c(1478): Final simple tree
|( SILENCE 1 -4.877e+04 2.990e+02 2.607e+02
|    ( - -1.526e+04 2 0)
|    ( QUESTION0_2_R 1 -3.321e+04 2.200e+02 1.806e+02
|        ( QUESTION0 1 -6.390e+03 1.323e+02 3.500e+01
|            ( - -3.406e+03 2 0)
|            ( - -2.852e+03 1 0))
|        ( QUESTION0_1_R 1 -2.660e+04 1.976e+02 1.456e+02
|            ( - -9.282e+03 2 0)
|            ( QUESTION0 1 -1.712e+04 1.535e+02 9.261e+01
|                ( - -1.432e+04 2 0)
|                ( - -2.644e+03 1 0)))))
s>    ( SILENCE 1 -4.877e+04 2.990e+02 2.607e+02
s>        ( - -1.526e+04 2 0)
s>        ( QUESTION0_2_R 1 -3.321e+04 2.200e+02 1.806e+02
s>            ( QUESTION0 1 -6.390e+03 1.323e+02 3.500e+01
s>                ( - -3.406e+03 2 0)
s>                ( - -2.852e+03 1 0))
s>            ( QUESTION0_1_R 1 -2.660e+04 1.976e+02 1.456e+02
s>                ( - -9.282e+03 2 0)
s>                ( QUESTION0 1 -1.712e+04 1.535e+02 9.261e+01
s>                    ( - -1.432e+04 2 0)
s>                    ( - -2.644e+03 1 0)))))INFO: dtree.c(1315): Comp split 22
INFO: dtree.c(1439): stop. leaf nodes are specific
INFO: dtree.c(1478): Final simple tree
|( QUESTION3 1 -7.059e+04 2.380e+02 3.673e+02
|    ( QUESTION2_10_L -1 -5.505e+04 1.900e+02 2.874e+02
|        ( QUESTION4 1 -5.435e+04 1.464e+02 2.844e+02
|            ( WDBNDRY_B 0 -5.212e+04 1.218e+02 2.724e+02
|                ( - -2.561e+03 1 0)
|                ( - -4.944e+04 2 0))
|            ( - -2.084e+03 1 0))
|        ( - -5.068e+02 1 0))
|    ( QUESTION0_1_R 1 -1.531e+04 1.349e+02 7.981e+01
|        ( - -3.991e+03 1 0)
|        ( SILENCE 1 -1.118e+04 1.183e+02 5.781e+01
|            ( - -2.952e+03 1 0)
|            ( - -8.110e+03 1 0))))
s>    ( QUESTION3 1 -7.059e+04 2.380e+02 3.673e+02
s>        ( QUESTION2_10_L -1 -5.505e+04 1.900e+02 2.874e+02
s>            ( QUESTION4 1 -5.435e+04 1.464e+02 2.844e+02
s>                ( WDBNDRY_B 0 -5.212e+04 1.218e+02 2.724e+02
s>                    ( - -2.561e+03 1 0)
s>                    ( - -4.944e+04 2 0))
s>                ( - -2.084e+03 1 0))
s>            ( - -5.068e+02 1 0))
s>        ( QUESTION0_1_R 1 -1.531e+04 1.349e+02 7.981e+01
s>            ( - -3.991e+03 1 0)
s>            ( SILENCE 1 -1.118e+04 1.183e+02 5.781e+01
s>                ( - -2.952e+03 1 0)
s>                ( - -8.110e+03 1 0))))INFO: dtree.c(1315): Comp split 23
INFO: dtree.c(1439): stop. leaf nodes are specific
INFO: dtree.c(1478): Final simple tree
|( QUESTION19 -1 -3.575e+04 1.923e+02 1.990e+02
|    ( - -5.499e+03 1 0)
|    ( QUESTION0_12_R 1 -3.006e+04 2.010e+02 1.680e+02
|        ( QUESTION0 -1 -1.172e+04 2.185e+02 6.500e+01
|            ( - -8.268e+03 2 0)
|            ( - -3.234e+03 1 0))
|        ( QUESTION0 -1 -1.814e+04 1.946e+02 1.030e+02
|            ( - -6.980e+03 2 0)
|            ( QUESTION0_8_R 1 -1.097e+04 4.804e+02 6.300e+01
|                ( - -1.066e+04 2 0)
|                ( - 1.749e+02 1 0)))))
s>    ( QUESTION19 -1 -3.575e+04 1.923e+02 1.990e+02
s>        ( - -5.499e+03 1 0)
s>        ( QUESTION0_12_R 1 -3.006e+04 2.010e+02 1.680e+02
s>            ( QUESTION0 -1 -1.172e+04 2.185e+02 6.500e+01
s>                ( - -8.268e+03 2 0)
s>                ( - -3.234e+03 1 0))
s>            ( QUESTION0 -1 -1.814e+04 1.946e+02 1.030e+02
s>                ( - -6.980e+03 2 0)
s>                ( QUESTION0_8_R 1 -1.097e+04 4.804e+02 6.300e+01
s>                    ( - -1.066e+04 2 0)
s>                    ( - 1.749e+02 1 0)))))INFO: dtree.c(1478): Final simple tree
|( QUESTION2_0_L -1 -1.229e+05 3.647e+02 6.664e+02
|    ( QUESTION9 -1 -7.860e+04 3.128e+02 4.229e+02
|        ( - -5.559e+03 1 0)
|        ( QUESTION2_3_L -1 -7.273e+04 2.812e+02 3.899e+02
|            ( - -2.899e+04 1 0)
|            ( WDBNDRY_B 0 -4.345e+04 1.992e+02 2.300e+02
|                ( QUESTION6 -1 -2.021e+04 1.882e+02 1.080e+02
|                    ( - -3.595e+03 1 0)
|                    ( QUESTION0 -1 -1.642e+04 1.770e+02 8.800e+01
|                        ( - -1.362e+04 5 0 QUESTION0_0_R 1 1.111e+02 7.300e+01)
|                        ( - -2.628e+03 1 0)))
|                ( - -2.305e+04 1 0))))
|    ( QUESTION0_16_R 1 -4.394e+04 1.785e+02 2.435e+02
|        ( - -2.554e+03 1 0)
|        ( - -4.121e+04 4 0 WDBNDRY_B 0 1.471e+02 2.285e+02)))
s>    ( QUESTION2_0_L -1 -1.229e+05 3.647e+02 6.664e+02
s>        ( QUESTION9 -1 -7.860e+04 3.128e+02 4.229e+02
s>            ( - -5.559e+03 1 0)
s>            ( QUESTION2_3_L -1 -7.273e+04 2.812e+02 3.899e+02
s>                ( - -2.899e+04 1 0)
s>                ( WDBNDRY_B 0 -4.345e+04 1.992e+02 2.300e+02
s>                    ( QUESTION6 -1 -2.021e+04 1.882e+02 1.080e+02
s>                        ( - -3.595e+03 1 0)
s>                        ( QUESTION0 -1 -1.642e+04 1.770e+02 8.800e+01
s>                            ( - -1.362e+04 5 0 QUESTION0_0_R 1 1.111e+02 7.300e+01)
s>                            ( - -2.628e+03 1 0)))
s>                    ( - -2.305e+04 1 0))))
s>        ( QUESTION0_16_R 1 -4.394e+04 1.785e+02 2.435e+02
s>            ( - -2.554e+03 1 0)
s>            ( - -4.121e+04 4 0 WDBNDRY_B 0 1.471e+02 2.285e+02)))INFO: dtree.c(1315): Comp split 24
INFO: dtree.c(1439): stop. leaf nodes are specific
INFO: dtree.c(1478): Final simple tree
|( QUESTION0 -1 -3.546e+04 2.001e+02 1.980e+02
|    ( QUESTION0_12_R 1 -1.548e+04 2.303e+02 8.600e+01
|        ( - -8.268e+03 2 0)
|        ( - -6.980e+03 2 0))
|    ( QUESTION19 -1 -1.978e+04 1.751e+02 1.120e+02
|        ( - -5.499e+03 1 0)
|        ( QUESTION0_8_R 1 -1.411e+04 2.144e+02 8.100e+01
|            ( - -1.066e+04 2 0)
|            ( - -3.234e+03 1 0))))
s>    ( QUESTION0 -1 -3.546e+04 2.001e+02 1.980e+02
s>        ( QUESTION0_12_R 1 -1.548e+04 2.303e+02 8.600e+01
s>            ( - -8.268e+03 2 0)
s>            ( - -6.980e+03 2 0))
s>        ( QUESTION19 -1 -1.978e+04 1.751e+02 1.120e+02
s>            ( - -5.499e+03 1 0)
s>            ( QUESTION0_8_R 1 -1.411e+04 2.144e+02 8.100e+01
s>                ( - -1.066e+04 2 0)
s>                ( - -3.234e+03 1 0))))INFO: dtree.c(1315): Comp split 25
INFO: dtree.c(1439): stop. leaf nodes are specific
INFO: dtree.c(1478): Final simple tree
|( QUESTION0_12_R 1 -3.821e+04 1.746e+02 2.037e+02
|    ( - -2.043e+04 1 0)
|    ( QUESTION0_9_R 1 -1.761e+04 1.756e+02 9.553e+01
|        ( - -9.465e+03 1 0)
|        ( QUESTION0_0_R 1 -7.967e+03 1.598e+02 4.300e+01
|            ( - -1.996e+03 2 0)
|            ( QUESTION0 -1 -5.811e+03 1.588e+02 3.200e+01
|                ( - -4.486e+03 1 0)
|                ( - -1.166e+03 1 0)))))
s>    ( QUESTION0_12_R 1 -3.821e+04 1.746e+02 2.037e+02
s>        ( - -2.043e+04 1 0)
s>        ( QUESTION0_9_R 1 -1.761e+04 1.756e+02 9.553e+01
s>            ( - -9.465e+03 1 0)
s>            ( QUESTION0_0_R 1 -7.967e+03 1.598e+02 4.300e+01
s>                ( - -1.996e+03 2 0)
s>                ( QUESTION0 -1 -5.811e+03 1.588e+02 3.200e+01
s>                    ( - -4.486e+03 1 0)
s>                    ( - -1.166e+03 1 0)))))INFO: dtree.c(1315): Comp split 26
INFO: dtree.c(1439): stop. leaf nodes are specific
INFO: dtree.c(1478): Final simple tree
|( QUESTION9 -1 -7.860e+04 3.128e+02 4.229e+02
|    ( - -5.559e+03 1 0)
|    ( QUESTION2_3_L -1 -7.273e+04 2.812e+02 3.899e+02
|        ( - -2.899e+04 1 0)
|        ( WDBNDRY_B 0 -4.345e+04 1.992e+02 2.300e+02
|            ( QUESTION6 -1 -2.021e+04 1.882e+02 1.080e+02
|                ( - -3.595e+03 1 0)
|                ( QUESTION0 -1 -1.642e+04 1.770e+02 8.800e+01
|                    ( QUESTION0_0_R 1 -1.362e+04 1.111e+02 7.300e+01
|                        ( - -1.059e+04 3 0)
|                        ( - -2.920e+03 2 0))
|                    ( - -2.628e+03 1 0)))
|            ( - -2.305e+04 1 0))))
s>    ( QUESTION9 -1 -7.860e+04 3.128e+02 4.229e+02
s>        ( - -5.559e+03 1 0)
s>        ( QUESTION2_3_L -1 -7.273e+04 2.812e+02 3.899e+02
s>            ( - -2.899e+04 1 0)
s>            ( WDBNDRY_B 0 -4.345e+04 1.992e+02 2.300e+02
s>                ( QUESTION6 -1 -2.021e+04 1.882e+02 1.080e+02
s>                    ( - -3.595e+03 1 0)
s>                    ( QUESTION0 -1 -1.642e+04 1.770e+02 8.800e+01
s>                        ( QUESTION0_0_R 1 -1.362e+04 1.111e+02 7.300e+01
s>                            ( - -1.059e+04 3 0)
s>                            ( - -2.920e+03 2 0))
s>                        ( - -2.628e+03 1 0)))
s>                ( - -2.305e+04 1 0))))INFO: dtree.c(1439): stop. leaf nodes are specific
INFO: dtree.c(1478): Final simple tree
|( QUESTION0_16_R 1 -4.394e+04 1.785e+02 2.435e+02
|    ( - -2.554e+03 1 0)
|    ( WDBNDRY_B 0 -4.121e+04 1.471e+02 2.285e+02
|        ( - -1.770e+04 1 0)
|        ( QUESTION0_15_R 1 -2.337e+04 2.147e+02 1.300e+02
|            ( - -1.550e+04 2 0)
|            ( - -7.647e+03 1 0))))
s>    ( QUESTION0_16_R 1 -4.394e+04 1.785e+02 2.435e+02
s>        ( - -2.554e+03 1 0)
s>        ( WDBNDRY_B 0 -4.121e+04 1.471e+02 2.285e+02
s>            ( - -1.770e+04 1 0)
s>            ( QUESTION0_15_R 1 -2.337e+04 2.147e+02 1.300e+02
s>                ( - -1.550e+04 2 0)
s>                ( - -7.647e+03 1 0))))INFO: dtree.c(1315): Comp split 27
INFO: dtree.c(1439): stop. leaf nodes are specific
INFO: dtree.c(1478): Final simple tree
|( QUESTION0_12_R 1 -1.076e+04 1.155e+02 5.708e+01
|    ( - -2.512e+03 1 0)
|    ( - -8.133e+03 1 0))
s>    ( QUESTION0_12_R 1 -1.076e+04 1.155e+02 5.708e+01
s>        ( - -2.512e+03 1 0)
s>        ( - -8.133e+03 1 0))INFO: dtree.c(1439): stop. leaf nodes are specific
INFO: dtree.c(1478): Final simple tree
|( QUESTION0_10_R 1 -8.943e+04 2.933e+02 4.811e+02
|    ( - -3.681e+04 1 0)
|    ( QUESTION0_16_R 1 -5.232e+04 2.336e+02 2.883e+02
|        ( - -5.423e+03 1 0)
|        ( QUESTION0_3_R 1 -4.667e+04 2.077e+02 2.563e+02
|            ( - -2.947e+04 2 0)
|            ( WDBNDRY_B 0 -1.699e+04 1.647e+02 9.402e+01
|                ( - -7.150e+02 1 0)
|                ( QUESTION0_1_R 1 -1.611e+04 1.345e+02 9.002e+01
|                    ( - -1.482e+04 1 0)
|                    ( - -1.154e+03 1 0))))))
s>    ( QUESTION0_10_R 1 -8.943e+04 2.933e+02 4.811e+02
s>        ( - -3.681e+04 1 0)
s>        ( QUESTION0_16_R 1 -5.232e+04 2.336e+02 2.883e+02
s>            ( - -5.423e+03 1 0)
s>            ( QUESTION0_3_R 1 -4.667e+04 2.077e+02 2.563e+02
s>                ( - -2.947e+04 2 0)
s>                ( WDBNDRY_B 0 -1.699e+04 1.647e+02 9.402e+01
s>                    ( - -7.150e+02 1 0)
s>                    ( QUESTION0_1_R 1 -1.611e+04 1.345e+02 9.002e+01
s>                        ( - -1.482e+04 1 0)
s>                        ( - -1.154e+03 1 0))))))INFO: dtree.c(1315): Comp split 28
INFO: dtree.c(1439): stop. leaf nodes are specific
INFO: dtree.c(1478): Final simple tree
|( WDBNDRY_B 0 -2.244e+04 2.659e+02 1.291e+02
|    ( - -4.401e+03 1 0)
|    ( - -1.778e+04 1 0))
s>    ( WDBNDRY_B 0 -2.244e+04 2.659e+02 1.291e+02
s>        ( - -4.401e+03 1 0)
s>        ( - -1.778e+04 1 0))INFO: dtree.c(1315): Comp split 29
INFO: dtree.c(1439): stop. leaf nodes are specific
INFO: dtree.c(1478): Final simple tree
|( QUESTION0_7_R 1 -6.947e+04 1.947e+02 3.758e+02
|    ( - -1.821e+04 1 0)
|    ( QUESTION0_0_R 1 -5.106e+04 1.077e+02 2.738e+02
|        ( - -1.278e+04 1 0)
|        ( - -3.817e+04 1 0)))
s>    ( QUESTION0_7_R 1 -6.947e+04 1.947e+02 3.758e+02
s>        ( - -1.821e+04 1 0)
s>        ( QUESTION0_0_R 1 -5.106e+04 1.077e+02 2.738e+02
s>            ( - -1.278e+04 1 0)
s>            ( - -3.817e+04 1 0)))INFO: dtree.c(1439): stop. leaf nodes are specific
INFO: dtree.c(1478): Final simple tree
|( QUESTION0_5_R 1 -7.224e+04 2.424e+02 3.914e+02
|    ( QUESTION13 1 -2.087e+04 1.709e+02 1.148e+02
|        ( - -1.802e+03 1 0)
|        ( - -1.889e+04 1 0))
|    ( QUESTION0_6_R 1 -5.113e+04 1.663e+02 2.767e+02
|        ( - -3.092e+04 1 0)
|        ( WDBNDRY_B 0 -2.004e+04 1.499e+02 1.077e+02
|            ( - -7.705e+02 1 0)
|            ( - -1.912e+04 1 0))))
s>    ( QUESTION0_5_R 1 -7.224e+04 2.424e+02 3.914e+02
s>        ( QUESTION13 1 -2.087e+04 1.709e+02 1.148e+02
s>            ( - -1.802e+03 1 0)
s>            ( - -1.889e+04 1 0))
s>        ( QUESTION0_6_R 1 -5.113e+04 1.663e+02 2.767e+02
s>            ( - -3.092e+04 1 0)
s>            ( WDBNDRY_B 0 -2.004e+04 1.499e+02 1.077e+02
s>                ( - -7.705e+02 1 0)
s>                ( - -1.912e+04 1 0))))INFO: dtree.c(1315): Comp split 30
INFO: dtree.c(1439): stop. leaf nodes are specific
INFO: dtree.c(1478): Final simple tree
|( QUESTION2_3_L -1 -7.273e+04 2.812e+02 3.899e+02
|    ( - -2.899e+04 1 0)
|    ( WDBNDRY_B 0 -4.345e+04 1.992e+02 2.300e+02
|        ( QUESTION6 -1 -2.021e+04 1.882e+02 1.080e+02
|            ( - -3.595e+03 1 0)
|            ( QUESTION0 -1 -1.642e+04 1.770e+02 8.800e+01
|                ( QUESTION0_0_R 1 -1.362e+04 1.111e+02 7.300e+01
|                    ( - -1.059e+04 3 0)
|                    ( - -2.920e+03 2 0))
|                ( - -2.628e+03 1 0)))
|        ( - -2.305e+04 1 0)))
s>    ( QUESTION2_3_L -1 -7.273e+04 2.812e+02 3.899e+02
s>        ( - -2.899e+04 1 0)
s>        ( WDBNDRY_B 0 -4.345e+04 1.992e+02 2.300e+02
s>            ( QUESTION6 -1 -2.021e+04 1.882e+02 1.080e+02
s>                ( - -3.595e+03 1 0)
s>                ( QUESTION0 -1 -1.642e+04 1.770e+02 8.800e+01
s>                    ( QUESTION0_0_R 1 -1.362e+04 1.111e+02 7.300e+01
s>                        ( - -1.059e+04 3 0)
s>                        ( - -2.920e+03 2 0))
s>                    ( - -2.628e+03 1 0)))
s>            ( - -2.305e+04 1 0)))INFO: dtree.c(1315): Comp split 31
INFO: dtree.c(1439): stop. leaf nodes are specific
INFO: dtree.c(1478): Final simple tree
|( QUESTION0_2_R 1 -3.321e+04 2.200e+02 1.806e+02
|    ( QUESTION0 1 -6.390e+03 1.323e+02 3.500e+01
|        ( - -3.406e+03 2 0)
|        ( - -2.852e+03 1 0))
|    ( QUESTION0_1_R 1 -2.660e+04 1.976e+02 1.456e+02
|        ( - -9.282e+03 2 0)
|        ( QUESTION0 1 -1.712e+04 1.535e+02 9.261e+01
|            ( - -1.432e+04 2 0)
|            ( - -2.644e+03 1 0))))
s>    ( QUESTION0_2_R 1 -3.321e+04 2.200e+02 1.806e+02
s>        ( QUESTION0 1 -6.390e+03 1.323e+02 3.500e+01
s>            ( - -3.406e+03 2 0)
s>            ( - -2.852e+03 1 0))
s>        ( QUESTION0_1_R 1 -2.660e+04 1.976e+02 1.456e+02
s>            ( - -9.282e+03 2 0)
s>            ( QUESTION0 1 -1.712e+04 1.535e+02 9.261e+01
s>                ( - -1.432e+04 2 0)
s>                ( - -2.644e+03 1 0))))INFO: dtree.c(1315): Comp split 32
INFO: dtree.c(1439): stop. leaf nodes are specific
INFO: dtree.c(1478): Final simple tree
|( QUESTION0_16_R 1 -5.232e+04 2.336e+02 2.883e+02
|    ( - -5.423e+03 1 0)
|    ( QUESTION0_3_R 1 -4.667e+04 2.077e+02 2.563e+02
|        ( - -2.947e+04 2 0)
|        ( WDBNDRY_B 0 -1.699e+04 1.647e+02 9.402e+01
|            ( - -7.150e+02 1 0)
|            ( QUESTION0_1_R 1 -1.611e+04 1.345e+02 9.002e+01
|                ( - -1.482e+04 1 0)
|                ( - -1.154e+03 1 0)))))
s>    ( QUESTION0_16_R 1 -5.232e+04 2.336e+02 2.883e+02
s>        ( - -5.423e+03 1 0)
s>        ( QUESTION0_3_R 1 -4.667e+04 2.077e+02 2.563e+02
s>            ( - -2.947e+04 2 0)
s>            ( WDBNDRY_B 0 -1.699e+04 1.647e+02 9.402e+01
s>                ( - -7.150e+02 1 0)
s>                ( QUESTION0_1_R 1 -1.611e+04 1.345e+02 9.002e+01
s>                    ( - -1.482e+04 1 0)
s>                    ( - -1.154e+03 1 0)))))INFO: dtree.c(1315): Comp split 33
INFO: dtree.c(1439): stop. leaf nodes are specific
INFO: dtree.c(1478): Final simple tree
|( WDBNDRY_B 0 -4.345e+04 1.992e+02 2.300e+02
|    ( QUESTION6 -1 -2.021e+04 1.882e+02 1.080e+02
|        ( - -3.595e+03 1 0)
|        ( QUESTION0 -1 -1.642e+04 1.770e+02 8.800e+01
|            ( QUESTION0_0_R 1 -1.362e+04 1.111e+02 7.300e+01
|                ( - -1.059e+04 3 0)
|                ( - -2.920e+03 2 0))
|            ( - -2.628e+03 1 0)))
|    ( - -2.305e+04 1 0))
s>    ( WDBNDRY_B 0 -4.345e+04 1.992e+02 2.300e+02
s>        ( QUESTION6 -1 -2.021e+04 1.882e+02 1.080e+02
s>            ( - -3.595e+03 1 0)
s>            ( QUESTION0 -1 -1.642e+04 1.770e+02 8.800e+01
s>                ( QUESTION0_0_R 1 -1.362e+04 1.111e+02 7.300e+01
s>                    ( - -1.059e+04 3 0)
s>                    ( - -2.920e+03 2 0))
s>                ( - -2.628e+03 1 0)))
s>        ( - -2.305e+04 1 0))INFO: dtree.c(1315): Comp split 34
INFO: dtree.c(1439): stop. leaf nodes are specific
INFO: dtree.c(1478): Final simple tree
|( QUESTION0_6_R 1 -7.594e+04 2.138e+02 4.154e+02
|    ( - -2.995e+04 4 0)
|    ( QUESTION0_1_R 1 -4.577e+04 1.408e+02 2.518e+02
|        ( - -1.662e+04 2 0)
|        ( - -2.902e+04 2 0)))
s>    ( QUESTION0_6_R 1 -7.594e+04 2.138e+02 4.154e+02
s>        ( - -2.995e+04 4 0)
s>        ( QUESTION0_1_R 1 -4.577e+04 1.408e+02 2.518e+02
s>            ( - -1.662e+04 2 0)
s>            ( - -2.902e+04 2 0)))INFO: dtree.c(1439): stop. leaf nodes are specific
INFO: dtree.c(1478): Final simple tree
|( QUESTION0_1_R 1 -3.396e+04 1.771e+02 1.867e+02
|    ( - -1.109e+04 2 0)
|    ( - -2.270e+04 2 0))
s>    ( QUESTION0_1_R 1 -3.396e+04 1.771e+02 1.867e+02
s>        ( - -1.109e+04 2 0)
s>        ( - -2.270e+04 2 0))INFO: dtree.c(1315): Comp split 35
INFO: dtree.c(1315): Comp split 36
INFO: dtree.c(1439): stop. leaf nodes are specific
INFO: dtree.c(1478): Final simple tree
|( SILENCE 1 -2.286e+04 1.780e+02 1.131e+02
|    ( - -1.409e+04 1 0)
|    ( - -8.594e+03 2 0))
s>    ( SILENCE 1 -2.286e+04 1.780e+02 1.131e+02
s>        ( - -1.409e+04 1 0)
s>        ( - -8.594e+03 2 0))INFO: dtree.c(1315): Comp split 37
INFO: dtree.c(1439): stop. leaf nodes are specific
INFO: dtree.c(1478): Final simple tree
|( QUESTION0_4_R 1 -5.021e+04 1.607e+02 2.727e+02
|    ( - -1.912e+04 1 0)
|    ( - -3.092e+04 1 0))
s>    ( QUESTION0_4_R 1 -5.021e+04 1.607e+02 2.727e+02
s>        ( - -1.912e+04 1 0)
s>        ( - -3.092e+04 1 0))INFO: dtree.c(1439): stop. leaf nodes are specific
INFO: dtree.c(1478): Final simple tree
|( QUESTION13 1 -2.178e+04 1.702e+02 1.188e+02
|    ( - -1.802e+03 1 0)
|    ( WDBNDRY_B 0 -1.981e+04 1.481e+02 1.088e+02
|        ( - -7.705e+02 1 0)
|        ( - -1.889e+04 1 0)))
s>    ( QUESTION13 1 -2.178e+04 1.702e+02 1.188e+02
s>        ( - -1.802e+03 1 0)
s>        ( WDBNDRY_B 0 -1.981e+04 1.481e+02 1.088e+02
s>            ( - -7.705e+02 1 0)
s>            ( - -1.889e+04 1 0)))INFO: dtree.c(1315): Comp split 38
INFO: dtree.c(1439): stop. leaf nodes are specific
INFO: dtree.c(1478): Final simple tree
|( QUESTION0_8_R 1 -8.846e+04 2.077e+02 4.680e+02
|    ( - -5.132e+04 5 0)
|    ( QUESTION0_0_R 1 -3.693e+04 1.492e+02 1.975e+02
|        ( - -1.543e+03 1 0)
|        ( - -3.524e+04 3 0)))
s>    ( QUESTION0_8_R 1 -8.846e+04 2.077e+02 4.680e+02
s>        ( - -5.132e+04 5 0)
s>        ( QUESTION0_0_R 1 -3.693e+04 1.492e+02 1.975e+02
s>            ( - -1.543e+03 1 0)
s>            ( - -3.524e+04 3 0)))INFO: dtree.c(1315): Comp split 39
INFO: dtree.c(1439): stop. leaf nodes are specific
INFO: dtree.c(1478): Final simple tree
|( QUESTION4 1 -5.435e+04 1.464e+02 2.844e+02
|    ( WDBNDRY_B 0 -5.212e+04 1.218e+02 2.724e+02
|        ( - -2.561e+03 1 0)
|        ( - -4.944e+04 2 0))
|    ( - -2.084e+03 1 0))
s>    ( QUESTION4 1 -5.435e+04 1.464e+02 2.844e+02
s>        ( WDBNDRY_B 0 -5.212e+04 1.218e+02 2.724e+02
s>            ( - -2.561e+03 1 0)
s>            ( - -4.944e+04 2 0))
s>        ( - -2.084e+03 1 0))INFO: dtree.c(1439): stop. leaf nodes are specific
INFO: dtree.c(1478): Final simple tree
|( WDBNDRY_B 0 -1.600e+04 1.875e+02 8.281e+01
|    ( - -5.068e+02 1 0)
|    ( QUESTION0_1_R 1 -1.531e+04 1.349e+02 7.981e+01
|        ( - -3.991e+03 1 0)
|        ( SILENCE 1 -1.118e+04 1.183e+02 5.781e+01
|            ( - -2.952e+03 1 0)
|            ( - -8.110e+03 1 0))))
s>    ( WDBNDRY_B 0 -1.600e+04 1.875e+02 8.281e+01
s>        ( - -5.068e+02 1 0)
s>        ( QUESTION0_1_R 1 -1.531e+04 1.349e+02 7.981e+01
s>            ( - -3.991e+03 1 0)
s>            ( SILENCE 1 -1.118e+04 1.183e+02 5.781e+01
s>                ( - -2.952e+03 1 0)
s>                ( - -8.110e+03 1 0))))INFO: dtree.c(1315): Comp split 40
INFO: dtree.c(1439): stop. leaf nodes are specific
INFO: dtree.c(1478): Final simple tree
|( QUESTION0_0_R 1 -1.078e+04 1.490e+02 5.853e+01
|    ( - -9.465e+03 1 0)
|    ( - -1.166e+03 1 0))
s>    ( QUESTION0_0_R 1 -1.078e+04 1.490e+02 5.853e+01
s>        ( - -9.465e+03 1 0)
s>        ( - -1.166e+03 1 0))INFO: dtree.c(1439): stop. leaf nodes are specific
INFO: dtree.c(1478): Final simple tree
|( QUESTION0_8_R 1 -2.720e+04 1.513e+02 1.451e+02
|    ( - -1.996e+03 2 0)
|    ( QUESTION0_0_R 1 -2.505e+04 1.325e+02 1.341e+02
|        ( - -2.043e+04 1 0)
|        ( - -4.486e+03 1 0)))
s>    ( QUESTION0_8_R 1 -2.720e+04 1.513e+02 1.451e+02
s>        ( - -1.996e+03 2 0)
s>        ( QUESTION0_0_R 1 -2.505e+04 1.325e+02 1.341e+02
s>            ( - -2.043e+04 1 0)
s>            ( - -4.486e+03 1 0)))INFO: dtree.c(1315): Comp split 41
INFO: dtree.c(1439): stop. leaf nodes are specific
INFO: dtree.c(1478): Final simple tree
|( QUESTION0_16_R 1 -3.606e+04 1.616e+02 1.985e+02
|    ( - -2.554e+03 1 0)
|    ( WDBNDRY_B 0 -3.335e+04 1.449e+02 1.835e+02
|        ( - -1.770e+04 1 0)
|        ( - -1.550e+04 2 0)))
s>    ( QUESTION0_16_R 1 -3.606e+04 1.616e+02 1.985e+02
s>        ( - -2.554e+03 1 0)
s>        ( WDBNDRY_B 0 -3.335e+04 1.449e+02 1.835e+02
s>            ( - -1.770e+04 1 0)
s>            ( - -1.550e+04 2 0)))INFO: dtree.c(1315): Comp split 42
INFO: dtree.c(1439): stop. leaf nodes are specific
INFO: dtree.c(1478): Final simple tree
|( QUESTION0_3_R 1 -4.667e+04 2.077e+02 2.563e+02
|    ( - -2.947e+04 2 0)
|    ( WDBNDRY_B 0 -1.699e+04 1.647e+02 9.402e+01
|        ( - -7.150e+02 1 0)
|        ( QUESTION0_1_R 1 -1.611e+04 1.345e+02 9.002e+01
|            ( - -1.482e+04 1 0)
|            ( - -1.154e+03 1 0))))
s>    ( QUESTION0_3_R 1 -4.667e+04 2.077e+02 2.563e+02
s>        ( - -2.947e+04 2 0)
s>        ( WDBNDRY_B 0 -1.699e+04 1.647e+02 9.402e+01
s>            ( - -7.150e+02 1 0)
s>            ( QUESTION0_1_R 1 -1.611e+04 1.345e+02 9.002e+01
s>                ( - -1.482e+04 1 0)
s>                ( - -1.154e+03 1 0))))INFO: dtree.c(1315): Comp split 43
INFO: dtree.c(1315): Comp split 44
INFO: dtree.c(1439): stop. leaf nodes are specific
INFO: dtree.c(1478): Final simple tree
|( QUESTION0_8_R 1 -1.633e+04 1.700e+02 9.298e+01
|    ( - -1.066e+04 2 0)
|    ( - -5.499e+03 1 0))
s>    ( QUESTION0_8_R 1 -1.633e+04 1.700e+02 9.298e+01
s>        ( - -1.066e+04 2 0)
s>        ( - -5.499e+03 1 0))INFO: dtree.c(1439): stop. leaf nodes are specific
INFO: dtree.c(1478): Final simple tree
|( QUESTION0_12_R 1 -1.891e+04 2.077e+02 1.050e+02
|    ( QUESTION0 -1 -1.172e+04 2.185e+02 6.500e+01
|        ( - -8.268e+03 2 0)
|        ( - -3.234e+03 1 0))
|    ( - -6.980e+03 2 0))
s>    ( QUESTION0_12_R 1 -1.891e+04 2.077e+02 1.050e+02
s>        ( QUESTION0 -1 -1.172e+04 2.185e+02 6.500e+01
s>            ( - -8.268e+03 2 0)
s>            ( - -3.234e+03 1 0))
s>        ( - -6.980e+03 2 0))INFO: dtree.c(1315): Comp split 45
INFO: dtree.c(1439): stop. leaf nodes are specific
INFO: dtree.c(1478): Final simple tree
|( QUESTION0_1_R 1 -2.660e+04 1.976e+02 1.456e+02
|    ( - -9.282e+03 2 0)
|    ( QUESTION0 1 -1.712e+04 1.535e+02 9.261e+01
|        ( - -1.432e+04 2 0)
|        ( - -2.644e+03 1 0)))
s>    ( QUESTION0_1_R 1 -2.660e+04 1.976e+02 1.456e+02
s>        ( - -9.282e+03 2 0)
s>        ( QUESTION0 1 -1.712e+04 1.535e+02 9.261e+01
s>            ( - -1.432e+04 2 0)
s>            ( - -2.644e+03 1 0)))INFO: dtree.c(1439): stop. leaf nodes are specific
INFO: dtree.c(1478): Final simple tree
|( QUESTION0 1 -6.390e+03 1.323e+02 3.500e+01
|    ( - -3.406e+03 2 0)
|    ( - -2.852e+03 1 0))
s>    ( QUESTION0 1 -6.390e+03 1.323e+02 3.500e+01
s>        ( - -3.406e+03 2 0)
s>        ( - -2.852e+03 1 0))INFO: dtree.c(1315): Comp split 46
INFO: dtree.c(1439): stop. leaf nodes are specific
INFO: dtree.c(1478): Final simple tree
|( QUESTION0_12_R 1 -1.042e+04 2.097e+02 5.900e+01
|    ( - -3.234e+03 1 0)
|    ( - -6.980e+03 2 0))
s>    ( QUESTION0_12_R 1 -1.042e+04 2.097e+02 5.900e+01
s>        ( - -3.234e+03 1 0)
s>        ( - -6.980e+03 2 0))INFO: dtree.c(1315): Comp split 47
INFO: dtree.c(1439): stop. leaf nodes are specific
INFO: dtree.c(1478): Final simple tree
|( QUESTION0_1_R 1 -4.577e+04 1.408e+02 2.518e+02
|    ( - -1.662e+04 2 0)
|    ( - -2.902e+04 2 0))
s>    ( QUESTION0_1_R 1 -4.577e+04 1.408e+02 2.518e+02
s>        ( - -1.662e+04 2 0)
s>        ( - -2.902e+04 2 0))INFO: dtree.c(1315): Comp split 48
INFO: dtree.c(1315): Comp split 49
INFO: dtree.c(1439): stop. leaf nodes are specific
INFO: dtree.c(1478): Final simple tree
|( WDBNDRY_B 0 -1.699e+04 1.647e+02 9.402e+01
|    ( - -7.150e+02 1 0)
|    ( QUESTION0_1_R 1 -1.611e+04 1.345e+02 9.002e+01
|        ( - -1.482e+04 1 0)
|        ( - -1.154e+03 1 0)))
s>    ( WDBNDRY_B 0 -1.699e+04 1.647e+02 9.402e+01
s>        ( - -7.150e+02 1 0)
s>        ( QUESTION0_1_R 1 -1.611e+04 1.345e+02 9.002e+01
s>            ( - -1.482e+04 1 0)
s>            ( - -1.154e+03 1 0)))INFO: dtree.c(1315): Comp split 50
INFO: dtree.c(1439): stop. leaf nodes are specific
INFO: dtree.c(1478): Final simple tree
|( QUESTION0_0_R 1 -3.693e+04 1.492e+02 1.975e+02
|    ( - -1.543e+03 1 0)
|    ( - -3.524e+04 3 0))
s>    ( QUESTION0_0_R 1 -3.693e+04 1.492e+02 1.975e+02
s>        ( - -1.543e+03 1 0)
s>        ( - -3.524e+04 3 0))INFO: dtree.c(1315): Comp split 51
INFO: dtree.c(1439): stop. leaf nodes are specific
INFO: dtree.c(1478): Final simple tree
|( QUESTION6 -1 -2.021e+04 1.882e+02 1.080e+02
|    ( - -3.595e+03 1 0)
|    ( QUESTION0 -1 -1.642e+04 1.770e+02 8.800e+01
|        ( QUESTION0_0_R 1 -1.362e+04 1.111e+02 7.300e+01
|            ( - -1.059e+04 3 0)
|            ( - -2.920e+03 2 0))
|        ( - -2.628e+03 1 0)))
s>    ( QUESTION6 -1 -2.021e+04 1.882e+02 1.080e+02
s>        ( - -3.595e+03 1 0)
s>        ( QUESTION0 -1 -1.642e+04 1.770e+02 8.800e+01
s>            ( QUESTION0_0_R 1 -1.362e+04 1.111e+02 7.300e+01
s>                ( - -1.059e+04 3 0)
s>                ( - -2.920e+03 2 0))
s>            ( - -2.628e+03 1 0)))INFO: dtree.c(1315): Comp split 52
INFO: dtree.c(1439): stop. leaf nodes are specific
INFO: dtree.c(1478): Final simple tree
|( QUESTION0 1 -1.712e+04 1.535e+02 9.261e+01
|    ( - -1.432e+04 2 0)
|    ( - -2.644e+03 1 0))
s>    ( QUESTION0 1 -1.712e+04 1.535e+02 9.261e+01
s>        ( - -1.432e+04 2 0)
s>        ( - -2.644e+03 1 0))INFO: dtree.c(1315): Comp split 53
INFO: dtree.c(1439): stop. leaf nodes are specific
INFO: dtree.c(1478): Final simple tree
|( QUESTION0_0_R 1 -5.106e+04 1.077e+02 2.738e+02
|    ( - -1.278e+04 1 0)
|    ( - -3.817e+04 1 0))
s>    ( QUESTION0_0_R 1 -5.106e+04 1.077e+02 2.738e+02
s>        ( - -1.278e+04 1 0)
s>        ( - -3.817e+04 1 0))INFO: dtree.c(1315): Comp split 54
INFO: dtree.c(1439): stop. leaf nodes are specific
INFO: dtree.c(1478): Final simple tree
|( QUESTION0 -1 -1.642e+04 1.770e+02 8.800e+01
|    ( QUESTION0_0_R 1 -1.362e+04 1.111e+02 7.300e+01
|        ( - -1.059e+04 3 0)
|        ( - -2.920e+03 2 0))
|    ( - -2.628e+03 1 0))
s>    ( QUESTION0 -1 -1.642e+04 1.770e+02 8.800e+01
s>        ( QUESTION0_0_R 1 -1.362e+04 1.111e+02 7.300e+01
s>            ( - -1.059e+04 3 0)
s>            ( - -2.920e+03 2 0))
s>        ( - -2.628e+03 1 0))INFO: dtree.c(1315): Comp split 55
INFO: dtree.c(1439): stop. leaf nodes are specific
INFO: dtree.c(1478): Final simple tree
|( QUESTION0_1_R 1 -1.531e+04 1.349e+02 7.981e+01
|    ( - -3.991e+03 1 0)
|    ( SILENCE 1 -1.118e+04 1.183e+02 5.781e+01
|        ( - -2.952e+03 1 0)
|        ( - -8.110e+03 1 0)))
s>    ( QUESTION0_1_R 1 -1.531e+04 1.349e+02 7.981e+01
s>        ( - -3.991e+03 1 0)
s>        ( SILENCE 1 -1.118e+04 1.183e+02 5.781e+01
s>            ( - -2.952e+03 1 0)
s>            ( - -8.110e+03 1 0)))INFO: dtree.c(1315): Comp split 56
INFO: dtree.c(1315): Comp split 57
INFO: dtree.c(1315): Comp split 58
INFO: dtree.c(1439): stop. leaf nodes are specific
INFO: dtree.c(1478): Final simple tree
|( QUESTION0_0_R 1 -1.362e+04 1.111e+02 7.300e+01
|    ( - -1.059e+04 3 0)
|    ( - -2.920e+03 2 0))
s>    ( QUESTION0_0_R 1 -1.362e+04 1.111e+02 7.300e+01
s>        ( - -1.059e+04 3 0)
s>        ( - -2.920e+03 2 0))INFO: dtree.c(1315): Comp split 59
INFO: dtree.c(1315): Comp split 60
INFO: dtree.c(1439): stop. leaf nodes are specific
INFO: dtree.c(1478): Final simple tree
|( WDBNDRY_B 0 -1.981e+04 1.481e+02 1.088e+02
|    ( - -7.705e+02 1 0)
|    ( - -1.889e+04 1 0))
s>    ( WDBNDRY_B 0 -1.981e+04 1.481e+02 1.088e+02
s>        ( - -7.705e+02 1 0)
s>        ( - -1.889e+04 1 0))INFO: dtree.c(1315): Comp split 61
INFO: dtree.c(1315): Comp split 62
INFO: dtree.c(1439): stop. leaf nodes are specific
INFO: dtree.c(1478): Final simple tree
|( QUESTION0_1_R 1 -1.611e+04 1.345e+02 9.002e+01
|    ( - -1.482e+04 1 0)
|    ( - -1.154e+03 1 0))
s>    ( QUESTION0_1_R 1 -1.611e+04 1.345e+02 9.002e+01
s>        ( - -1.482e+04 1 0)
s>        ( - -1.154e+03 1 0))INFO: dtree.c(1315): Comp split 63
INFO: dtree.c(1439): stop. leaf nodes are specific
INFO: dtree.c(1478): Final simple tree
|( WDBNDRY_B 0 -3.335e+04 1.449e+02 1.835e+02
|    ( - -1.770e+04 1 0)
|    ( - -1.550e+04 2 0))
s>    ( WDBNDRY_B 0 -3.335e+04 1.449e+02 1.835e+02
s>        ( - -1.770e+04 1 0)
s>        ( - -1.550e+04 2 0))INFO: dtree.c(1315): Comp split 64
INFO: dtree.c(1315): Comp split 65
INFO: dtree.c(1439): stop. leaf nodes are specific
INFO: dtree.c(1478): Final simple tree
|( QUESTION0_0_R 1 -2.060e+03 1.350e+02 1.000e+01
|    ( - -5.743e+02 1 0)
|    ( - -1.351e+03 1 0))
s>    ( QUESTION0_0_R 1 -2.060e+03 1.350e+02 1.000e+01
s>        ( - -5.743e+02 1 0)
s>        ( - -1.351e+03 1 0))INFO: dtree.c(1315): Comp split 66
INFO: dtree.c(1315): Comp split 67
INFO: dtree.c(1439): stop. leaf nodes are specific
INFO: dtree.c(1478): Final simple tree
|( QUESTION0_0_R 1 -2.505e+04 1.325e+02 1.341e+02
|    ( - -2.043e+04 1 0)
|    ( - -4.486e+03 1 0))
s>    ( QUESTION0_0_R 1 -2.505e+04 1.325e+02 1.341e+02
s>        ( - -2.043e+04 1 0)
s>        ( - -4.486e+03 1 0))INFO: dtree.c(1315): Comp split 68
INFO: dtree.c(1315): Comp split 69
INFO: dtree.c(1315): Comp split 70
INFO: dtree.c(1315): Comp split 71
INFO: dtree.c(1439): stop. leaf nodes are specific
INFO: dtree.c(1478): Final simple tree
|( WDBNDRY_B 0 -5.212e+04 1.218e+02 2.724e+02
|    ( - -2.561e+03 1 0)
|    ( - -4.944e+04 2 0))
s>    ( WDBNDRY_B 0 -5.212e+04 1.218e+02 2.724e+02
s>        ( - -2.561e+03 1 0)
s>        ( - -4.944e+04 2 0))INFO: dtree.c(1315): Comp split 72
INFO: dtree.c(1315): Comp split 73
INFO: dtree.c(1315): Comp split 74
INFO: dtree.c(1315): Comp split 75
INFO: dtree.c(1439): stop. leaf nodes are specific
INFO: dtree.c(1478): Final simple tree
|( SILENCE 1 -1.118e+04 1.183e+02 5.781e+01
|    ( - -2.952e+03 1 0)
|    ( - -8.110e+03 1 0))
s>    ( SILENCE 1 -1.118e+04 1.183e+02 5.781e+01
s>        ( - -2.952e+03 1 0)
s>        ( - -8.110e+03 1 0))INFO: dtree.c(1315): Comp split 76
INFO: dtree.c(1315): Comp split 77
INFO: dtree.c(1315): Comp split 78
INFO: dtree.c(1315): Comp split 79
INFO: dtree.c(1315): Comp split 80
INFO: dtree.c(1315): Comp split 81
INFO: dtree.c(1315): Comp split 82
INFO: dtree.c(1315): Comp split 83
INFO: dtree.c(1315): Comp split 84
INFO: dtree.c(1318): stop. leaf nodes are specific
Mon Jan 30 07:35:50 2017
