Current configuration:
[NAME]		[DEFLT]	[VALUE]
-allphones	no	no
-cntthresh	0.00001	1.000000e-05
-csplitmax	100	2000
-csplitmin	1	1
-csplitthr	8e-4	0.000000e+00
-example	no	no
-fullvar	no	no
-help		no	no
-meanfn			/Users/benroye/forge/cmusphinx/voiceVim/model_parameters/voiceVim.cd_cont_untied/means
-mixwfn			/Users/benroye/forge/cmusphinx/voiceVim/model_parameters/voiceVim.cd_cont_untied/mixture_weights
-moddeffn		/Users/benroye/forge/cmusphinx/voiceVim/model_architecture/voiceVim.untied.mdef
-mwfloor	1e-4	1.000000e-08
-phone			w
-psetfn			/Users/benroye/forge/cmusphinx/voiceVim/model_architecture/voiceVim.tree_questions
-ssplitmax	5	7
-ssplitmin	1	1
-ssplitthr	8e-4	0.000000e+00
-state			1
-stwt			1.0,0.05,0.0,
-treefn			/Users/benroye/forge/cmusphinx/voiceVim/trees/voiceVim.unpruned/w-1.dtree
-ts2cbfn	.semi.	.cont.
-varfloor	0.00001	1.000000e-05
-varfn			/Users/benroye/forge/cmusphinx/voiceVim/model_parameters/voiceVim.cd_cont_untied/variances

INFO: main.c(223): Reading: /Users/benroye/forge/cmusphinx/voiceVim/model_architecture/voiceVim.untied.mdef
INFO: model_def_io.c(573): Model definition info:
INFO: model_def_io.c(574): 2249 total models defined (39 base, 2210 tri)
INFO: model_def_io.c(575): 8996 total states
INFO: model_def_io.c(576): 6747 total tied states
INFO: model_def_io.c(577): 117 total tied CI states
INFO: model_def_io.c(578): 39 total tied transition matrices
INFO: model_def_io.c(579): 4 max state/model
INFO: model_def_io.c(580): 4 min state/model
INFO: main.c(242): Building trees for [w SIL ay b] through [w zh uh i]
INFO: main.c(269): Covering states |[6429 6572]| == 144
INFO: main.c(275): Reading: /Users/benroye/forge/cmusphinx/voiceVim/model_parameters/voiceVim.cd_cont_untied/mixture_weights
INFO: s3mixw_io.c(173): Read /Users/benroye/forge/cmusphinx/voiceVim/model_parameters/voiceVim.cd_cont_untied/mixture_weights [144x1x1 array]
INFO: main.c(311): 48 of 48 models have observation count greater than 0.000010
INFO: main.c(95): nrm stwt: 0.045 0.909 0.045 
INFO: s3gau_io.c(169): Read /Users/benroye/forge/cmusphinx/voiceVim/model_parameters/voiceVim.cd_cont_untied/means [6747x1x1 array]
INFO: s3gau_io.c(169): Read /Users/benroye/forge/cmusphinx/voiceVim/model_parameters/voiceVim.cd_cont_untied/variances [6747x1x1 array]
INFO: main.c(549): Reading: /Users/benroye/forge/cmusphinx/voiceVim/model_architecture/voiceVim.tree_questions
INFO: main.c(588): 174 total simple questions (166 phone; 8 word bndry)
INFO: main.c(590): 40 Left Only questions, and 42 Right Only questions
INFO: dtree.c(1478): Final simple tree
|( QUESTION0_0_R 1 -1.768e+05 1.775e+03 7.480e+02
|    ( QUESTION4 1 -9.734e+04 1.232e+03 4.131e+02
|        ( QUESTION2_2_L -1 -5.910e+04 8.010e+02 2.523e+02
|            ( QUESTION0_8_R 1 -1.664e+04 5.135e+02 7.695e+01
|                ( - -1.151e+04 4 0 WDBNDRY_B 0 3.227e+02 5.363e+01)
|                ( - -4.613e+03 1 0))
|            ( - -4.166e+04 14 0 SILENCE -1 5.076e+02 1.754e+02))
|        ( WDBNDRY_B 0 -3.701e+04 7.193e+02 1.608e+02
|            ( - -2.939e+04 13 0 QUESTION5 -1 1.695e+02 1.289e+02)
|            ( - -6.902e+03 1 0)))
|    ( QUESTION19 -1 -7.769e+04 1.616e+03 3.349e+02
|        ( - -3.790e+04 3 0 WDBNDRY_B 0 1.611e+02 1.654e+02)
|        ( WDBNDRY_B 0 -3.817e+04 7.192e+02 1.695e+02
|            ( - -3.087e+04 11 0 QUESTION1 -1 2.229e+02 1.389e+02)
|            ( - -6.582e+03 1 0))))
s>    ( QUESTION0_0_R 1 -1.768e+05 1.775e+03 7.480e+02
s>        ( QUESTION4 1 -9.734e+04 1.232e+03 4.131e+02
s>            ( QUESTION2_2_L -1 -5.910e+04 8.010e+02 2.523e+02
s>                ( QUESTION0_8_R 1 -1.664e+04 5.135e+02 7.695e+01
s>                    ( - -1.151e+04 4 0 WDBNDRY_B 0 3.227e+02 5.363e+01)
s>                    ( - -4.613e+03 1 0))
s>                ( - -4.166e+04 14 0 SILENCE -1 5.076e+02 1.754e+02))
s>            ( WDBNDRY_B 0 -3.701e+04 7.193e+02 1.608e+02
s>                ( - -2.939e+04 13 0 QUESTION5 -1 1.695e+02 1.289e+02)
s>                ( - -6.902e+03 1 0)))
s>        ( QUESTION19 -1 -7.769e+04 1.616e+03 3.349e+02
s>            ( - -3.790e+04 3 0 WDBNDRY_B 0 1.611e+02 1.654e+02)
s>            ( WDBNDRY_B 0 -3.817e+04 7.192e+02 1.695e+02
s>                ( - -3.087e+04 11 0 QUESTION1 -1 2.229e+02 1.389e+02)
s>                ( - -6.582e+03 1 0))))INFO: dtree.c(1315): Comp split 0
INFO: dtree.c(1478): Final simple tree
|( WDBNDRY_B 0 -4.350e+04 8.213e+02 1.929e+02
|    ( QUESTION1 -1 -3.087e+04 2.229e+02 1.389e+02
|        ( - -7.559e+03 1 0)
|        ( SILENCE -1 -2.309e+04 1.812e+02 1.049e+02
|            ( - -5.648e+03 2 0)
|            ( QUESTION2_2_L -1 -1.726e+04 1.496e+02 7.902e+01
|                ( - -8.087e+02 1 0)
|                ( QUESTION5 -1 -1.630e+04 1.371e+02 7.502e+01
|                    ( - -1.569e+03 1 0)
|                    ( QUESTION0 -1 -1.459e+04 9.584e+01 6.702e+01
|                        ( - -1.035e+04 4 0)
|                        ( - -4.146e+03 2 0))))))
|    ( QUESTION0_0_R 1 -1.181e+04 6.166e+02 5.397e+01
|        ( - -4.613e+03 1 0)
|        ( - -6.582e+03 1 0)))
s>    ( WDBNDRY_B 0 -4.350e+04 8.213e+02 1.929e+02
s>        ( QUESTION1 -1 -3.087e+04 2.229e+02 1.389e+02
s>            ( - -7.559e+03 1 0)
s>            ( SILENCE -1 -2.309e+04 1.812e+02 1.049e+02
s>                ( - -5.648e+03 2 0)
s>                ( QUESTION2_2_L -1 -1.726e+04 1.496e+02 7.902e+01
s>                    ( - -8.087e+02 1 0)
s>                    ( QUESTION5 -1 -1.630e+04 1.371e+02 7.502e+01
s>                        ( - -1.569e+03 1 0)
s>                        ( QUESTION0 -1 -1.459e+04 9.584e+01 6.702e+01
s>                            ( - -1.035e+04 4 0)
s>                            ( - -4.146e+03 2 0))))))
s>        ( QUESTION0_0_R 1 -1.181e+04 6.166e+02 5.397e+01
s>            ( - -4.613e+03 1 0)
s>            ( - -6.582e+03 1 0)))INFO: dtree.c(1478): Final simple tree
|( QUESTION19 -1 -1.312e+05 1.538e+03 5.552e+02
|    ( QUESTION0_0_R 1 -5.540e+04 6.622e+02 2.382e+02
|        ( QUESTION4 1 -1.684e+04 3.801e+02 7.286e+01
|            ( - -8.370e+03 4 0 WDBNDRY_B 0 1.681e+02 3.600e+01)
|            ( - -8.087e+03 2 0 WDBNDRY_B 0 1.317e+02 3.686e+01))
|        ( - -3.790e+04 3 0 WDBNDRY_B 0 1.611e+02 1.654e+02))
|    ( QUESTION4 1 -7.425e+04 1.084e+03 3.169e+02
|        ( WDBNDRY_B 0 -4.494e+04 7.376e+02 1.930e+02
|            ( SILENCE -1 -3.615e+04 5.607e+02 1.534e+02
|                ( - -9.923e+03 3 0)
|                ( QUESTION5 -1 -2.566e+04 2.048e+02 1.114e+02
|                    ( - -7.837e+03 2 0 QUESTION6 -1 1.177e+02 3.400e+01)
|                    ( - -1.762e+04 8 0 QUESTION2_2_L -1 1.683e+02 7.736e+01)))
|            ( - -8.056e+03 1 0))
|        ( - -2.823e+04 12 0 QUESTION6 -1 1.513e+02 1.239e+02)))
s>    ( QUESTION19 -1 -1.312e+05 1.538e+03 5.552e+02
s>        ( QUESTION0_0_R 1 -5.540e+04 6.622e+02 2.382e+02
s>            ( QUESTION4 1 -1.684e+04 3.801e+02 7.286e+01
s>                ( - -8.370e+03 4 0 WDBNDRY_B 0 1.681e+02 3.600e+01)
s>                ( - -8.087e+03 2 0 WDBNDRY_B 0 1.317e+02 3.686e+01))
s>            ( - -3.790e+04 3 0 WDBNDRY_B 0 1.611e+02 1.654e+02))
s>        ( QUESTION4 1 -7.425e+04 1.084e+03 3.169e+02
s>            ( WDBNDRY_B 0 -4.494e+04 7.376e+02 1.930e+02
s>                ( SILENCE -1 -3.615e+04 5.607e+02 1.534e+02
s>                    ( - -9.923e+03 3 0)
s>                    ( QUESTION5 -1 -2.566e+04 2.048e+02 1.114e+02
s>                        ( - -7.837e+03 2 0 QUESTION6 -1 1.177e+02 3.400e+01)
s>                        ( - -1.762e+04 8 0 QUESTION2_2_L -1 1.683e+02 7.736e+01)))
s>                ( - -8.056e+03 1 0))
s>            ( - -2.823e+04 12 0 QUESTION6 -1 1.513e+02 1.239e+02)))INFO: dtree.c(1315): Comp split 1
INFO: dtree.c(1439): stop. leaf nodes are specific
INFO: dtree.c(1478): Final simple tree
|( WDBNDRY_B 0 -3.432e+04 5.969e+02 1.510e+02
|    ( QUESTION5 -1 -2.566e+04 2.048e+02 1.114e+02
|        ( QUESTION6 -1 -7.837e+03 1.177e+02 3.400e+01
|            ( - -1.029e+03 1 0)
|            ( - -6.691e+03 1 0))
|        ( QUESTION2_2_L -1 -1.762e+04 1.683e+02 7.736e+01
|            ( - -2.449e+03 2 0)
|            ( QUESTION0 -1 -1.500e+04 8.436e+01 6.636e+01
|                ( - -1.335e+04 4 0)
|                ( - -1.566e+03 2 0))))
|    ( - -8.056e+03 1 0))
s>    ( WDBNDRY_B 0 -3.432e+04 5.969e+02 1.510e+02
s>        ( QUESTION5 -1 -2.566e+04 2.048e+02 1.114e+02
s>            ( QUESTION6 -1 -7.837e+03 1.177e+02 3.400e+01
s>                ( - -1.029e+03 1 0)
s>                ( - -6.691e+03 1 0))
s>            ( QUESTION2_2_L -1 -1.762e+04 1.683e+02 7.736e+01
s>                ( - -2.449e+03 2 0)
s>                ( QUESTION0 -1 -1.500e+04 8.436e+01 6.636e+01
s>                    ( - -1.335e+04 4 0)
s>                    ( - -1.566e+03 2 0))))
s>        ( - -8.056e+03 1 0))INFO: dtree.c(1478): Final simple tree
|( WDBNDRY_B 0 -9.524e+04 1.316e+03 4.042e+02
|    ( QUESTION4 1 -4.194e+04 4.559e+02 1.799e+02
|        ( QUESTION2_1_L -1 -1.209e+04 1.692e+02 5.101e+01
|            ( QUESTION0_0_R 1 -1.329e+03 1.631e+02 6.000e+00
|                ( - -5.434e+02 1 0)
|                ( - -6.226e+02 1 0))
|            ( - -1.059e+04 4 0 SILENCE -1 1.092e+02 4.501e+01))
|        ( QUESTION5 -1 -2.939e+04 1.695e+02 1.289e+02
|            ( - -7.357e+03 4 0 QUESTION6 -1 1.230e+02 3.298e+01)
|            ( - -2.186e+04 9 0 QUESTION1 -1 1.400e+02 9.594e+01)))
|    ( QUESTION0_0_R 1 -5.199e+04 6.712e+02 2.242e+02
|        ( QUESTION4 1 -1.420e+04 3.651e+02 6.186e+01
|            ( - -6.928e+03 2 0)
|            ( - -6.902e+03 1 0))
|        ( - -3.712e+04 2 0)))
s>    ( WDBNDRY_B 0 -9.524e+04 1.316e+03 4.042e+02
s>        ( QUESTION4 1 -4.194e+04 4.559e+02 1.799e+02
s>            ( QUESTION2_1_L -1 -1.209e+04 1.692e+02 5.101e+01
s>                ( QUESTION0_0_R 1 -1.329e+03 1.631e+02 6.000e+00
s>                    ( - -5.434e+02 1 0)
s>                    ( - -6.226e+02 1 0))
s>                ( - -1.059e+04 4 0 SILENCE -1 1.092e+02 4.501e+01))
s>            ( QUESTION5 -1 -2.939e+04 1.695e+02 1.289e+02
s>                ( - -7.357e+03 4 0 QUESTION6 -1 1.230e+02 3.298e+01)
s>                ( - -2.186e+04 9 0 QUESTION1 -1 1.400e+02 9.594e+01)))
s>        ( QUESTION0_0_R 1 -5.199e+04 6.712e+02 2.242e+02
s>            ( QUESTION4 1 -1.420e+04 3.651e+02 6.186e+01
s>                ( - -6.928e+03 2 0)
s>                ( - -6.902e+03 1 0))
s>            ( - -3.712e+04 2 0)))INFO: dtree.c(1315): Comp split 2
INFO: dtree.c(1439): stop. leaf nodes are specific
INFO: dtree.c(1478): Final simple tree
|( QUESTION0_0_R 1 -5.278e+04 6.782e+02 2.272e+02
|    ( QUESTION4 1 -1.420e+04 3.651e+02 6.186e+01
|        ( - -6.928e+03 2 0)
|        ( - -6.902e+03 1 0))
|    ( WDBNDRY_B 0 -3.790e+04 1.611e+02 1.654e+02
|        ( - -6.226e+02 1 0)
|        ( - -3.712e+04 2 0)))
s>    ( QUESTION0_0_R 1 -5.278e+04 6.782e+02 2.272e+02
s>        ( QUESTION4 1 -1.420e+04 3.651e+02 6.186e+01
s>            ( - -6.928e+03 2 0)
s>            ( - -6.902e+03 1 0))
s>        ( WDBNDRY_B 0 -3.790e+04 1.611e+02 1.654e+02
s>            ( - -6.226e+02 1 0)
s>            ( - -3.712e+04 2 0)))INFO: dtree.c(1478): Final simple tree
|( QUESTION4 1 -4.114e+04 4.253e+02 1.769e+02
|    ( QUESTION2_1_L -1 -1.132e+04 1.862e+02 4.801e+01
|        ( - -5.434e+02 1 0)
|        ( SILENCE -1 -1.059e+04 1.092e+02 4.501e+01
|            ( - -9.923e+03 3 0)
|            ( - -5.630e+02 1 0)))
|    ( QUESTION5 -1 -2.939e+04 1.695e+02 1.289e+02
|        ( QUESTION6 -1 -7.357e+03 1.230e+02 3.298e+01
|            ( - -8.314e+02 1 0)
|            ( QUESTION13 -1 -6.402e+03 1.104e+02 2.898e+01
|                ( - -5.853e+02 1 0)
|                ( - -5.707e+03 2 0 QUESTION19 -1 7.910e+01 2.598e+01)))
|        ( QUESTION1 -1 -2.186e+04 1.400e+02 9.594e+01
|            ( - -6.355e+03 1 0)
|            ( - -1.537e+04 8 0 QUESTION0 -1 1.072e+02 6.794e+01))))
s>    ( QUESTION4 1 -4.114e+04 4.253e+02 1.769e+02
s>        ( QUESTION2_1_L -1 -1.132e+04 1.862e+02 4.801e+01
s>            ( - -5.434e+02 1 0)
s>            ( SILENCE -1 -1.059e+04 1.092e+02 4.501e+01
s>                ( - -9.923e+03 3 0)
s>                ( - -5.630e+02 1 0)))
s>        ( QUESTION5 -1 -2.939e+04 1.695e+02 1.289e+02
s>            ( QUESTION6 -1 -7.357e+03 1.230e+02 3.298e+01
s>                ( - -8.314e+02 1 0)
s>                ( QUESTION13 -1 -6.402e+03 1.104e+02 2.898e+01
s>                    ( - -5.853e+02 1 0)
s>                    ( - -5.707e+03 2 0 QUESTION19 -1 7.910e+01 2.598e+01)))
s>            ( QUESTION1 -1 -2.186e+04 1.400e+02 9.594e+01
s>                ( - -6.355e+03 1 0)
s>                ( - -1.537e+04 8 0 QUESTION0 -1 1.072e+02 6.794e+01))))INFO: dtree.c(1315): Comp split 3
INFO: dtree.c(1439): stop. leaf nodes are specific
INFO: dtree.c(1478): Final simple tree
|( QUESTION1 -1 -3.087e+04 2.229e+02 1.389e+02
|    ( - -7.559e+03 1 0)
|    ( SILENCE -1 -2.309e+04 1.812e+02 1.049e+02
|        ( - -5.648e+03 2 0)
|        ( QUESTION2_2_L -1 -1.726e+04 1.496e+02 7.902e+01
|            ( - -8.087e+02 1 0)
|            ( QUESTION5 -1 -1.630e+04 1.371e+02 7.502e+01
|                ( - -1.569e+03 1 0)
|                ( QUESTION0 -1 -1.459e+04 9.584e+01 6.702e+01
|                    ( - -1.035e+04 4 0)
|                    ( - -4.146e+03 2 0))))))
s>    ( QUESTION1 -1 -3.087e+04 2.229e+02 1.389e+02
s>        ( - -7.559e+03 1 0)
s>        ( SILENCE -1 -2.309e+04 1.812e+02 1.049e+02
s>            ( - -5.648e+03 2 0)
s>            ( QUESTION2_2_L -1 -1.726e+04 1.496e+02 7.902e+01
s>                ( - -8.087e+02 1 0)
s>                ( QUESTION5 -1 -1.630e+04 1.371e+02 7.502e+01
s>                    ( - -1.569e+03 1 0)
s>                    ( QUESTION0 -1 -1.459e+04 9.584e+01 6.702e+01
s>                        ( - -1.035e+04 4 0)
s>                        ( - -4.146e+03 2 0))))))INFO: dtree.c(1439): stop. leaf nodes are specific
INFO: dtree.c(1478): Final simple tree
|( QUESTION0_0_R 1 -1.181e+04 6.166e+02 5.397e+01
|    ( - -4.613e+03 1 0)
|    ( - -6.582e+03 1 0))
s>    ( QUESTION0_0_R 1 -1.181e+04 6.166e+02 5.397e+01
s>        ( - -4.613e+03 1 0)
s>        ( - -6.582e+03 1 0))INFO: dtree.c(1315): Comp split 4
INFO: dtree.c(1439): stop. leaf nodes are specific
INFO: dtree.c(1478): Final simple tree
|( WDBNDRY_B 0 -3.790e+04 1.611e+02 1.654e+02
|    ( - -6.226e+02 1 0)
|    ( - -3.712e+04 2 0))
s>    ( WDBNDRY_B 0 -3.790e+04 1.611e+02 1.654e+02
s>        ( - -6.226e+02 1 0)
s>        ( - -3.712e+04 2 0))INFO: dtree.c(1439): stop. leaf nodes are specific
INFO: dtree.c(1478): Final simple tree
|( QUESTION4 1 -1.420e+04 3.651e+02 6.186e+01
|    ( - -6.928e+03 2 0)
|    ( - -6.902e+03 1 0))
s>    ( QUESTION4 1 -1.420e+04 3.651e+02 6.186e+01
s>        ( - -6.928e+03 2 0)
s>        ( - -6.902e+03 1 0))INFO: dtree.c(1315): Comp split 5
INFO: dtree.c(1315): Comp split 6
INFO: dtree.c(1439): stop. leaf nodes are specific
INFO: dtree.c(1478): Final simple tree
|( QUESTION5 -1 -2.566e+04 2.048e+02 1.114e+02
|    ( QUESTION6 -1 -7.837e+03 1.177e+02 3.400e+01
|        ( - -1.029e+03 1 0)
|        ( - -6.691e+03 1 0))
|    ( QUESTION2_2_L -1 -1.762e+04 1.683e+02 7.736e+01
|        ( - -2.449e+03 2 0)
|        ( QUESTION0 -1 -1.500e+04 8.436e+01 6.636e+01
|            ( - -1.335e+04 4 0)
|            ( - -1.566e+03 2 0))))
s>    ( QUESTION5 -1 -2.566e+04 2.048e+02 1.114e+02
s>        ( QUESTION6 -1 -7.837e+03 1.177e+02 3.400e+01
s>            ( - -1.029e+03 1 0)
s>            ( - -6.691e+03 1 0))
s>        ( QUESTION2_2_L -1 -1.762e+04 1.683e+02 7.736e+01
s>            ( - -2.449e+03 2 0)
s>            ( QUESTION0 -1 -1.500e+04 8.436e+01 6.636e+01
s>                ( - -1.335e+04 4 0)
s>                ( - -1.566e+03 2 0))))INFO: dtree.c(1315): Comp split 7
INFO: dtree.c(1478): Final simple tree
|( QUESTION5 -1 -2.841e+04 1.462e+02 1.249e+02
|    ( QUESTION13 -1 -6.402e+03 1.104e+02 2.898e+01
|        ( - -5.853e+02 1 0)
|        ( QUESTION19 -1 -5.707e+03 7.910e+01 2.598e+01
|            ( - -1.053e+03 1 0)
|            ( - -4.575e+03 1 0)))
|    ( QUESTION1 -1 -2.186e+04 1.400e+02 9.594e+01
|        ( - -6.355e+03 1 0)
|        ( QUESTION0 -1 -1.537e+04 1.072e+02 6.794e+01
|            ( - -8.745e+03 3 0)
|            ( SILENCE -1 -6.518e+03 8.964e+01 2.800e+01
|                ( - -1.008e+03 1 0)
|                ( QUESTION2_0_L -1 -5.420e+03 6.917e+01 2.300e+01
|                    ( - -3.387e+03 1 0)
|                    ( - -1.964e+03 3 0))))))
s>    ( QUESTION5 -1 -2.841e+04 1.462e+02 1.249e+02
s>        ( QUESTION13 -1 -6.402e+03 1.104e+02 2.898e+01
s>            ( - -5.853e+02 1 0)
s>            ( QUESTION19 -1 -5.707e+03 7.910e+01 2.598e+01
s>                ( - -1.053e+03 1 0)
s>                ( - -4.575e+03 1 0)))
s>        ( QUESTION1 -1 -2.186e+04 1.400e+02 9.594e+01
s>            ( - -6.355e+03 1 0)
s>            ( QUESTION0 -1 -1.537e+04 1.072e+02 6.794e+01
s>                ( - -8.745e+03 3 0)
s>                ( SILENCE -1 -6.518e+03 8.964e+01 2.800e+01
s>                    ( - -1.008e+03 1 0)
s>                    ( QUESTION2_0_L -1 -5.420e+03 6.917e+01 2.300e+01
s>                        ( - -3.387e+03 1 0)
s>                        ( - -1.964e+03 3 0))))))INFO: dtree.c(1439): stop. leaf nodes are specific
INFO: dtree.c(1478): Final simple tree
|( QUESTION10 -1 -1.228e+04 1.322e+02 5.201e+01
|    ( QUESTION2_1_L -1 -1.274e+03 1.674e+02 6.000e+00
|        ( - -5.434e+02 1 0)
|        ( - -5.630e+02 1 0))
|    ( SILENCE -1 -1.087e+04 1.203e+02 4.601e+01
|        ( - -9.923e+03 3 0)
|        ( - -8.314e+02 1 0)))
s>    ( QUESTION10 -1 -1.228e+04 1.322e+02 5.201e+01
s>        ( QUESTION2_1_L -1 -1.274e+03 1.674e+02 6.000e+00
s>            ( - -5.434e+02 1 0)
s>            ( - -5.630e+02 1 0))
s>        ( SILENCE -1 -1.087e+04 1.203e+02 4.601e+01
s>            ( - -9.923e+03 3 0)
s>            ( - -8.314e+02 1 0)))INFO: dtree.c(1315): Comp split 8
INFO: dtree.c(1315): Comp split 9
INFO: dtree.c(1439): stop. leaf nodes are specific
INFO: dtree.c(1478): Final simple tree
|( SILENCE -1 -2.309e+04 1.812e+02 1.049e+02
|    ( - -5.648e+03 2 0)
|    ( QUESTION2_2_L -1 -1.726e+04 1.496e+02 7.902e+01
|        ( - -8.087e+02 1 0)
|        ( QUESTION5 -1 -1.630e+04 1.371e+02 7.502e+01
|            ( - -1.569e+03 1 0)
|            ( QUESTION0 -1 -1.459e+04 9.584e+01 6.702e+01
|                ( - -1.035e+04 4 0)
|                ( - -4.146e+03 2 0)))))
s>    ( SILENCE -1 -2.309e+04 1.812e+02 1.049e+02
s>        ( - -5.648e+03 2 0)
s>        ( QUESTION2_2_L -1 -1.726e+04 1.496e+02 7.902e+01
s>            ( - -8.087e+02 1 0)
s>            ( QUESTION5 -1 -1.630e+04 1.371e+02 7.502e+01
s>                ( - -1.569e+03 1 0)
s>                ( QUESTION0 -1 -1.459e+04 9.584e+01 6.702e+01
s>                    ( - -1.035e+04 4 0)
s>                    ( - -4.146e+03 2 0)))))INFO: dtree.c(1315): Comp split 10
INFO: dtree.c(1439): stop. leaf nodes are specific
INFO: dtree.c(1478): Final simple tree
|( QUESTION2_2_L -1 -1.762e+04 1.683e+02 7.736e+01
|    ( - -2.449e+03 2 0)
|    ( QUESTION0 -1 -1.500e+04 8.436e+01 6.636e+01
|        ( - -1.335e+04 4 0)
|        ( - -1.566e+03 2 0)))
s>    ( QUESTION2_2_L -1 -1.762e+04 1.683e+02 7.736e+01
s>        ( - -2.449e+03 2 0)
s>        ( QUESTION0 -1 -1.500e+04 8.436e+01 6.636e+01
s>            ( - -1.335e+04 4 0)
s>            ( - -1.566e+03 2 0)))INFO: dtree.c(1439): stop. leaf nodes are specific
INFO: dtree.c(1478): Final simple tree
|( QUESTION6 -1 -7.837e+03 1.177e+02 3.400e+01
|    ( - -1.029e+03 1 0)
|    ( - -6.691e+03 1 0))
s>    ( QUESTION6 -1 -7.837e+03 1.177e+02 3.400e+01
s>        ( - -1.029e+03 1 0)
s>        ( - -6.691e+03 1 0))INFO: dtree.c(1315): Comp split 11
INFO: dtree.c(1439): stop. leaf nodes are specific
INFO: dtree.c(1478): Final simple tree
|( QUESTION4 1 -1.155e+04 1.232e+02 4.901e+01
|    ( SILENCE -1 -1.059e+04 1.092e+02 4.501e+01
|        ( - -9.923e+03 3 0)
|        ( - -5.630e+02 1 0))
|    ( - -8.314e+02 1 0))
s>    ( QUESTION4 1 -1.155e+04 1.232e+02 4.901e+01
s>        ( SILENCE -1 -1.059e+04 1.092e+02 4.501e+01
s>            ( - -9.923e+03 3 0)
s>            ( - -5.630e+02 1 0))
s>        ( - -8.314e+02 1 0))INFO: dtree.c(1315): Comp split 12
INFO: dtree.c(1439): stop. leaf nodes are specific
INFO: dtree.c(1478): Final simple tree
|( QUESTION5 -1 -1.630e+04 1.371e+02 7.502e+01
|    ( - -1.569e+03 1 0)
|    ( QUESTION0 -1 -1.459e+04 9.584e+01 6.702e+01
|        ( - -1.035e+04 4 0)
|        ( - -4.146e+03 2 0)))
s>    ( QUESTION5 -1 -1.630e+04 1.371e+02 7.502e+01
s>        ( - -1.569e+03 1 0)
s>        ( QUESTION0 -1 -1.459e+04 9.584e+01 6.702e+01
s>            ( - -1.035e+04 4 0)
s>            ( - -4.146e+03 2 0)))INFO: dtree.c(1439): stop. leaf nodes are specific
INFO: dtree.c(1478): Final simple tree
|( SILENCE -1 -6.602e+03 1.453e+02 2.987e+01
|    ( - -5.648e+03 2 0)
|    ( - -8.087e+02 1 0))
s>    ( SILENCE -1 -6.602e+03 1.453e+02 2.987e+01
s>        ( - -5.648e+03 2 0)
s>        ( - -8.087e+02 1 0))INFO: dtree.c(1315): Comp split 13
INFO: dtree.c(1439): stop. leaf nodes are specific
INFO: dtree.c(1478): Final simple tree
|( QUESTION0 -1 -1.500e+04 8.436e+01 6.636e+01
|    ( - -1.335e+04 4 0)
|    ( - -1.566e+03 2 0))
s>    ( QUESTION0 -1 -1.500e+04 8.436e+01 6.636e+01
s>        ( - -1.335e+04 4 0)
s>        ( - -1.566e+03 2 0))INFO: dtree.c(1315): Comp split 14
INFO: dtree.c(1315): Comp split 15
INFO: dtree.c(1439): stop. leaf nodes are specific
INFO: dtree.c(1478): Final simple tree
|( QUESTION0 -1 -1.537e+04 1.072e+02 6.794e+01
|    ( - -8.745e+03 3 0)
|    ( SILENCE -1 -6.518e+03 8.964e+01 2.800e+01
|        ( - -1.008e+03 1 0)
|        ( QUESTION2_0_L -1 -5.420e+03 6.917e+01 2.300e+01
|            ( - -3.387e+03 1 0)
|            ( - -1.964e+03 3 0))))
s>    ( QUESTION0 -1 -1.537e+04 1.072e+02 6.794e+01
s>        ( - -8.745e+03 3 0)
s>        ( SILENCE -1 -6.518e+03 8.964e+01 2.800e+01
s>            ( - -1.008e+03 1 0)
s>            ( QUESTION2_0_L -1 -5.420e+03 6.917e+01 2.300e+01
s>                ( - -3.387e+03 1 0)
s>                ( - -1.964e+03 3 0))))INFO: dtree.c(1439): stop. leaf nodes are specific
INFO: dtree.c(1478): Final simple tree
|( QUESTION0 -1 -1.289e+04 1.282e+02 5.698e+01
|    ( - -6.355e+03 1 0)
|    ( QUESTION13 -1 -6.402e+03 1.104e+02 2.898e+01
|        ( - -5.853e+02 1 0)
|        ( QUESTION19 -1 -5.707e+03 7.910e+01 2.598e+01
|            ( - -1.053e+03 1 0)
|            ( - -4.575e+03 1 0))))
s>    ( QUESTION0 -1 -1.289e+04 1.282e+02 5.698e+01
s>        ( - -6.355e+03 1 0)
s>        ( QUESTION13 -1 -6.402e+03 1.104e+02 2.898e+01
s>            ( - -5.853e+02 1 0)
s>            ( QUESTION19 -1 -5.707e+03 7.910e+01 2.598e+01
s>                ( - -1.053e+03 1 0)
s>                ( - -4.575e+03 1 0))))INFO: dtree.c(1315): Comp split 16
INFO: dtree.c(1315): Comp split 17
INFO: dtree.c(1439): stop. leaf nodes are specific
INFO: dtree.c(1478): Final simple tree
|( QUESTION0 -1 -1.459e+04 9.584e+01 6.702e+01
|    ( - -1.035e+04 4 0)
|    ( - -4.146e+03 2 0))
s>    ( QUESTION0 -1 -1.459e+04 9.584e+01 6.702e+01
s>        ( - -1.035e+04 4 0)
s>        ( - -4.146e+03 2 0))INFO: dtree.c(1315): Comp split 18
INFO: dtree.c(1439): stop. leaf nodes are specific
INFO: dtree.c(1478): Final simple tree
|( QUESTION13 -1 -6.402e+03 1.104e+02 2.898e+01
|    ( - -5.853e+02 1 0)
|    ( QUESTION19 -1 -5.707e+03 7.910e+01 2.598e+01
|        ( - -1.053e+03 1 0)
|        ( - -4.575e+03 1 0)))
s>    ( QUESTION13 -1 -6.402e+03 1.104e+02 2.898e+01
s>        ( - -5.853e+02 1 0)
s>        ( QUESTION19 -1 -5.707e+03 7.910e+01 2.598e+01
s>            ( - -1.053e+03 1 0)
s>            ( - -4.575e+03 1 0)))INFO: dtree.c(1315): Comp split 19
INFO: dtree.c(1439): stop. leaf nodes are specific
INFO: dtree.c(1478): Final simple tree
|( SILENCE -1 -1.059e+04 1.092e+02 4.501e+01
|    ( - -9.923e+03 3 0)
|    ( - -5.630e+02 1 0))
s>    ( SILENCE -1 -1.059e+04 1.092e+02 4.501e+01
s>        ( - -9.923e+03 3 0)
s>        ( - -5.630e+02 1 0))INFO: dtree.c(1315): Comp split 20
INFO: dtree.c(1315): Comp split 21
INFO: dtree.c(1439): stop. leaf nodes are specific
INFO: dtree.c(1478): Final simple tree
|( QUESTION19 -1 -5.707e+03 7.910e+01 2.598e+01
|    ( - -1.053e+03 1 0)
|    ( - -4.575e+03 1 0))
s>    ( QUESTION19 -1 -5.707e+03 7.910e+01 2.598e+01
s>        ( - -1.053e+03 1 0)
s>        ( - -4.575e+03 1 0))INFO: dtree.c(1315): Comp split 22
INFO: dtree.c(1315): Comp split 23
INFO: dtree.c(1439): stop. leaf nodes are specific
INFO: dtree.c(1478): Final simple tree
|( SILENCE -1 -6.518e+03 8.964e+01 2.800e+01
|    ( - -1.008e+03 1 0)
|    ( QUESTION2_0_L -1 -5.420e+03 6.917e+01 2.300e+01
|        ( - -3.387e+03 1 0)
|        ( - -1.964e+03 3 0)))
s>    ( SILENCE -1 -6.518e+03 8.964e+01 2.800e+01
s>        ( - -1.008e+03 1 0)
s>        ( QUESTION2_0_L -1 -5.420e+03 6.917e+01 2.300e+01
s>            ( - -3.387e+03 1 0)
s>            ( - -1.964e+03 3 0)))INFO: dtree.c(1315): Comp split 24
INFO: dtree.c(1315): Comp split 25
INFO: dtree.c(1439): stop. leaf nodes are specific
INFO: dtree.c(1478): Final simple tree
|( QUESTION2_0_L -1 -5.420e+03 6.917e+01 2.300e+01
|    ( - -3.387e+03 1 0)
|    ( - -1.964e+03 3 0))
s>    ( QUESTION2_0_L -1 -5.420e+03 6.917e+01 2.300e+01
s>        ( - -3.387e+03 1 0)
s>        ( - -1.964e+03 3 0))INFO: dtree.c(1315): Comp split 26
INFO: dtree.c(1315): Comp split 27
INFO: dtree.c(1315): Comp split 28
INFO: dtree.c(1315): Comp split 29
INFO: dtree.c(1318): stop. leaf nodes are specific
Mon Jan 30 07:35:53 2017
