Current configuration:
[NAME]		[DEFLT]	[VALUE]
-allphones	no	no
-cntthresh	0.00001	1.000000e-05
-csplitmax	100	2000
-csplitmin	1	1
-csplitthr	8e-4	0.000000e+00
-example	no	no
-fullvar	no	no
-help		no	no
-meanfn			/Users/benroye/forge/cmusphinx/voiceVim/model_parameters/voiceVim.cd_cont_untied/means
-mixwfn			/Users/benroye/forge/cmusphinx/voiceVim/model_parameters/voiceVim.cd_cont_untied/mixture_weights
-moddeffn		/Users/benroye/forge/cmusphinx/voiceVim/model_architecture/voiceVim.untied.mdef
-mwfloor	1e-4	1.000000e-08
-phone			j
-psetfn			/Users/benroye/forge/cmusphinx/voiceVim/model_architecture/voiceVim.tree_questions
-ssplitmax	5	7
-ssplitmin	1	1
-ssplitthr	8e-4	0.000000e+00
-state			2
-stwt			1.0,0.05,0.0,
-treefn			/Users/benroye/forge/cmusphinx/voiceVim/trees/voiceVim.unpruned/j-2.dtree
-ts2cbfn	.semi.	.cont.
-varfloor	0.00001	1.000000e-05
-varfn			/Users/benroye/forge/cmusphinx/voiceVim/model_parameters/voiceVim.cd_cont_untied/variances

INFO: main.c(223): Reading: /Users/benroye/forge/cmusphinx/voiceVim/model_architecture/voiceVim.untied.mdef
INFO: model_def_io.c(573): Model definition info:
INFO: model_def_io.c(574): 2249 total models defined (39 base, 2210 tri)
INFO: model_def_io.c(575): 8996 total states
INFO: model_def_io.c(576): 6747 total tied states
INFO: model_def_io.c(577): 117 total tied CI states
INFO: model_def_io.c(578): 39 total tied transition matrices
INFO: model_def_io.c(579): 4 max state/model
INFO: model_def_io.c(580): 4 min state/model
INFO: main.c(242): Building trees for [j SIL uu b] through [j t uu b]
INFO: main.c(269): Covering states |[2190 2231]| == 42
INFO: main.c(275): Reading: /Users/benroye/forge/cmusphinx/voiceVim/model_parameters/voiceVim.cd_cont_untied/mixture_weights
INFO: s3mixw_io.c(173): Read /Users/benroye/forge/cmusphinx/voiceVim/model_parameters/voiceVim.cd_cont_untied/mixture_weights [42x1x1 array]
INFO: main.c(311): 14 of 14 models have observation count greater than 0.000010
INFO: main.c(95): nrm stwt: 0.000 0.048 0.952 
INFO: s3gau_io.c(169): Read /Users/benroye/forge/cmusphinx/voiceVim/model_parameters/voiceVim.cd_cont_untied/means [6747x1x1 array]
INFO: s3gau_io.c(169): Read /Users/benroye/forge/cmusphinx/voiceVim/model_parameters/voiceVim.cd_cont_untied/variances [6747x1x1 array]
INFO: main.c(549): Reading: /Users/benroye/forge/cmusphinx/voiceVim/model_architecture/voiceVim.tree_questions
INFO: main.c(588): 174 total simple questions (166 phone; 8 word bndry)
INFO: main.c(590): 40 Left Only questions, and 42 Right Only questions
INFO: dtree.c(1478): Final simple tree
|( WDBNDRY_B 0 -5.744e+04 1.215e+03 2.724e+02
|    ( QUESTION10 -1 -1.341e+04 7.552e+02 6.014e+01
|        ( - -7.707e+03 1 0)
|        ( QUESTION2 -1 -4.950e+03 4.468e+02 2.115e+01
|            ( - 1.823e+02 1 0)
|            ( SILENCE -1 -4.685e+03 4.463e+02 2.015e+01
|                ( - 1.757e+02 1 0)
|                ( QUESTION2_2_L -1 -4.415e+03 4.386e+02 1.915e+01
|                    ( - 1.935e+02 1 0)
|                    ( - -4.170e+03 3 0 QUESTION5 -1 1.010e+02 1.815e+01)))))
|    ( QUESTION2 1 -4.281e+04 9.526e+02 2.123e+02
|        ( - -1.029e+04 2 0)
|        ( QUESTION0_8_R 1 -3.156e+04 3.126e+02 1.640e+02
|            ( - -1.685e+04 1 0)
|            ( - -1.440e+04 4 0 SILENCE 1 2.681e+02 7.290e+01))))
s>    ( WDBNDRY_B 0 -5.744e+04 1.215e+03 2.724e+02
s>        ( QUESTION10 -1 -1.341e+04 7.552e+02 6.014e+01
s>            ( - -7.707e+03 1 0)
s>            ( QUESTION2 -1 -4.950e+03 4.468e+02 2.115e+01
s>                ( - 1.823e+02 1 0)
s>                ( SILENCE -1 -4.685e+03 4.463e+02 2.015e+01
s>                    ( - 1.757e+02 1 0)
s>                    ( QUESTION2_2_L -1 -4.415e+03 4.386e+02 1.915e+01
s>                        ( - 1.935e+02 1 0)
s>                        ( - -4.170e+03 3 0 QUESTION5 -1 1.010e+02 1.815e+01)))))
s>        ( QUESTION2 1 -4.281e+04 9.526e+02 2.123e+02
s>            ( - -1.029e+04 2 0)
s>            ( QUESTION0_8_R 1 -3.156e+04 3.126e+02 1.640e+02
s>                ( - -1.685e+04 1 0)
s>                ( - -1.440e+04 4 0 SILENCE 1 2.681e+02 7.290e+01))))INFO: dtree.c(1315): Comp split 0
INFO: dtree.c(1439): stop. leaf nodes are specific
INFO: dtree.c(1478): Final simple tree
|( QUESTION2 -1 -4.950e+03 4.468e+02 2.115e+01
|    ( - 1.823e+02 1 0)
|    ( SILENCE -1 -4.685e+03 4.463e+02 2.015e+01
|        ( - 1.757e+02 1 0)
|        ( QUESTION2_2_L -1 -4.415e+03 4.386e+02 1.915e+01
|            ( - 1.935e+02 1 0)
|            ( QUESTION5 -1 -4.170e+03 1.010e+02 1.815e+01
|                ( - -5.948e+02 1 0)
|                ( QUESTION0 -1 -3.474e+03 6.338e+01 1.515e+01
|                    ( - -7.006e+02 1 0)
|                    ( - -2.710e+03 1 0))))))
s>    ( QUESTION2 -1 -4.950e+03 4.468e+02 2.115e+01
s>        ( - 1.823e+02 1 0)
s>        ( SILENCE -1 -4.685e+03 4.463e+02 2.015e+01
s>            ( - 1.757e+02 1 0)
s>            ( QUESTION2_2_L -1 -4.415e+03 4.386e+02 1.915e+01
s>                ( - 1.935e+02 1 0)
s>                ( QUESTION5 -1 -4.170e+03 1.010e+02 1.815e+01
s>                    ( - -5.948e+02 1 0)
s>                    ( QUESTION0 -1 -3.474e+03 6.338e+01 1.515e+01
s>                        ( - -7.006e+02 1 0)
s>                        ( - -2.710e+03 1 0))))))INFO: dtree.c(1439): stop. leaf nodes are specific
INFO: dtree.c(1478): Final simple tree
|( QUESTION2 1 -5.082e+04 8.247e+02 2.513e+02
|    ( - -1.029e+04 2 0)
|    ( WDBNDRY_B 0 -3.970e+04 4.320e+02 2.030e+02
|        ( - -7.707e+03 1 0)
|        ( QUESTION0_8_R 1 -3.156e+04 3.126e+02 1.640e+02
|            ( - -1.685e+04 1 0)
|            ( SILENCE 1 -1.440e+04 2.681e+02 7.290e+01
|                ( - -3.677e+02 1 0)
|                ( QUESTION16 1 -1.376e+04 2.246e+02 6.990e+01
|                    ( - -2.168e+03 1 0)
|                    ( QUESTION0_1_R 1 -1.137e+04 9.880e+01 5.890e+01
|                        ( - -4.138e+03 1 0)
|                        ( - -7.134e+03 1 0)))))))
s>    ( QUESTION2 1 -5.082e+04 8.247e+02 2.513e+02
s>        ( - -1.029e+04 2 0)
s>        ( WDBNDRY_B 0 -3.970e+04 4.320e+02 2.030e+02
s>            ( - -7.707e+03 1 0)
s>            ( QUESTION0_8_R 1 -3.156e+04 3.126e+02 1.640e+02
s>                ( - -1.685e+04 1 0)
s>                ( SILENCE 1 -1.440e+04 2.681e+02 7.290e+01
s>                    ( - -3.677e+02 1 0)
s>                    ( QUESTION16 1 -1.376e+04 2.246e+02 6.990e+01
s>                        ( - -2.168e+03 1 0)
s>                        ( QUESTION0_1_R 1 -1.137e+04 9.880e+01 5.890e+01
s>                            ( - -4.138e+03 1 0)
s>                            ( - -7.134e+03 1 0)))))))INFO: dtree.c(1315): Comp split 1
INFO: dtree.c(1439): stop. leaf nodes are specific
INFO: dtree.c(1478): Final simple tree
|( QUESTION0_8_R 1 -2.848e+04 2.585e+02 1.500e+02
|    ( - -1.685e+04 1 0)
|    ( QUESTION0_1_R 1 -1.137e+04 9.880e+01 5.890e+01
|        ( - -4.138e+03 1 0)
|        ( - -7.134e+03 1 0)))
s>    ( QUESTION0_8_R 1 -2.848e+04 2.585e+02 1.500e+02
s>        ( - -1.685e+04 1 0)
s>        ( QUESTION0_1_R 1 -1.137e+04 9.880e+01 5.890e+01
s>            ( - -4.138e+03 1 0)
s>            ( - -7.134e+03 1 0)))INFO: dtree.c(1439): stop. leaf nodes are specific
INFO: dtree.c(1478): Final simple tree
|( QUESTION0 1 -2.137e+04 3.928e+02 1.013e+02
|    ( - -1.029e+04 2 0)
|    ( SILENCE 1 -1.068e+04 2.463e+02 5.299e+01
|        ( - -3.677e+02 1 0)
|        ( WDBNDRY_B 0 -1.007e+04 1.905e+02 4.999e+01
|            ( - -7.707e+03 1 0)
|            ( - -2.168e+03 1 0))))
s>    ( QUESTION0 1 -2.137e+04 3.928e+02 1.013e+02
s>        ( - -1.029e+04 2 0)
s>        ( SILENCE 1 -1.068e+04 2.463e+02 5.299e+01
s>            ( - -3.677e+02 1 0)
s>            ( WDBNDRY_B 0 -1.007e+04 1.905e+02 4.999e+01
s>                ( - -7.707e+03 1 0)
s>                ( - -2.168e+03 1 0))))INFO: dtree.c(1315): Comp split 2
INFO: dtree.c(1439): stop. leaf nodes are specific
INFO: dtree.c(1478): Final simple tree
|( SILENCE -1 -4.685e+03 4.463e+02 2.015e+01
|    ( - 1.757e+02 1 0)
|    ( QUESTION2_2_L -1 -4.415e+03 4.386e+02 1.915e+01
|        ( - 1.935e+02 1 0)
|        ( QUESTION5 -1 -4.170e+03 1.010e+02 1.815e+01
|            ( - -5.948e+02 1 0)
|            ( QUESTION0 -1 -3.474e+03 6.338e+01 1.515e+01
|                ( - -7.006e+02 1 0)
|                ( - -2.710e+03 1 0)))))
s>    ( SILENCE -1 -4.685e+03 4.463e+02 2.015e+01
s>        ( - 1.757e+02 1 0)
s>        ( QUESTION2_2_L -1 -4.415e+03 4.386e+02 1.915e+01
s>            ( - 1.935e+02 1 0)
s>            ( QUESTION5 -1 -4.170e+03 1.010e+02 1.815e+01
s>                ( - -5.948e+02 1 0)
s>                ( QUESTION0 -1 -3.474e+03 6.338e+01 1.515e+01
s>                    ( - -7.006e+02 1 0)
s>                    ( - -2.710e+03 1 0)))))INFO: dtree.c(1315): Comp split 3
INFO: dtree.c(1439): stop. leaf nodes are specific
INFO: dtree.c(1478): Final simple tree
|( QUESTION2_2_L -1 -4.415e+03 4.386e+02 1.915e+01
|    ( - 1.935e+02 1 0)
|    ( QUESTION5 -1 -4.170e+03 1.010e+02 1.815e+01
|        ( - -5.948e+02 1 0)
|        ( QUESTION0 -1 -3.474e+03 6.338e+01 1.515e+01
|            ( - -7.006e+02 1 0)
|            ( - -2.710e+03 1 0))))
s>    ( QUESTION2_2_L -1 -4.415e+03 4.386e+02 1.915e+01
s>        ( - 1.935e+02 1 0)
s>        ( QUESTION5 -1 -4.170e+03 1.010e+02 1.815e+01
s>            ( - -5.948e+02 1 0)
s>            ( QUESTION0 -1 -3.474e+03 6.338e+01 1.515e+01
s>                ( - -7.006e+02 1 0)
s>                ( - -2.710e+03 1 0))))INFO: dtree.c(1315): Comp split 4
INFO: dtree.c(1439): stop. leaf nodes are specific
INFO: dtree.c(1478): Final simple tree
|( QUESTION5 -1 -4.170e+03 1.010e+02 1.815e+01
|    ( - -5.948e+02 1 0)
|    ( QUESTION0 -1 -3.474e+03 6.338e+01 1.515e+01
|        ( - -7.006e+02 1 0)
|        ( - -2.710e+03 1 0)))
s>    ( QUESTION5 -1 -4.170e+03 1.010e+02 1.815e+01
s>        ( - -5.948e+02 1 0)
s>        ( QUESTION0 -1 -3.474e+03 6.338e+01 1.515e+01
s>            ( - -7.006e+02 1 0)
s>            ( - -2.710e+03 1 0)))INFO: dtree.c(1315): Comp split 5
INFO: dtree.c(1439): stop. leaf nodes are specific
INFO: dtree.c(1478): Final simple tree
|( SILENCE 1 -1.068e+04 2.463e+02 5.299e+01
|    ( - -3.677e+02 1 0)
|    ( WDBNDRY_B 0 -1.007e+04 1.905e+02 4.999e+01
|        ( - -7.707e+03 1 0)
|        ( - -2.168e+03 1 0)))
s>    ( SILENCE 1 -1.068e+04 2.463e+02 5.299e+01
s>        ( - -3.677e+02 1 0)
s>        ( WDBNDRY_B 0 -1.007e+04 1.905e+02 4.999e+01
s>            ( - -7.707e+03 1 0)
s>            ( - -2.168e+03 1 0)))INFO: dtree.c(1315): Comp split 6
INFO: dtree.c(1439): stop. leaf nodes are specific
INFO: dtree.c(1478): Final simple tree
|( QUESTION0_1_R 1 -1.137e+04 9.880e+01 5.890e+01
|    ( - -4.138e+03 1 0)
|    ( - -7.134e+03 1 0))
s>    ( QUESTION0_1_R 1 -1.137e+04 9.880e+01 5.890e+01
s>        ( - -4.138e+03 1 0)
s>        ( - -7.134e+03 1 0))INFO: dtree.c(1315): Comp split 7
INFO: dtree.c(1439): stop. leaf nodes are specific
INFO: dtree.c(1478): Final simple tree
|( WDBNDRY_B 0 -1.007e+04 1.905e+02 4.999e+01
|    ( - -7.707e+03 1 0)
|    ( - -2.168e+03 1 0))
s>    ( WDBNDRY_B 0 -1.007e+04 1.905e+02 4.999e+01
s>        ( - -7.707e+03 1 0)
s>        ( - -2.168e+03 1 0))INFO: dtree.c(1315): Comp split 8
INFO: dtree.c(1315): Comp split 9
INFO: dtree.c(1439): stop. leaf nodes are specific
INFO: dtree.c(1478): Final simple tree
|( QUESTION0 -1 -3.474e+03 6.338e+01 1.515e+01
|    ( - -7.006e+02 1 0)
|    ( - -2.710e+03 1 0))
s>    ( QUESTION0 -1 -3.474e+03 6.338e+01 1.515e+01
s>        ( - -7.006e+02 1 0)
s>        ( - -2.710e+03 1 0))INFO: dtree.c(1315): Comp split 10
INFO: dtree.c(1315): Comp split 11
INFO: dtree.c(1315): Comp split 12
INFO: dtree.c(1318): stop. leaf nodes are specific
Mon Jan 30 07:35:46 2017
