Current configuration:
[NAME]		[DEFLT]	[VALUE]
-allphones	no	no
-cntthresh	0.00001	1.000000e-05
-csplitmax	100	2000
-csplitmin	1	1
-csplitthr	8e-4	0.000000e+00
-example	no	no
-fullvar	no	no
-help		no	no
-meanfn			/Users/benroye/forge/cmusphinx/voiceVim/model_parameters/voiceVim.cd_cont_untied/means
-mixwfn			/Users/benroye/forge/cmusphinx/voiceVim/model_parameters/voiceVim.cd_cont_untied/mixture_weights
-moddeffn		/Users/benroye/forge/cmusphinx/voiceVim/model_architecture/voiceVim.untied.mdef
-mwfloor	1e-4	1.000000e-08
-phone			r
-psetfn			/Users/benroye/forge/cmusphinx/voiceVim/model_architecture/voiceVim.tree_questions
-ssplitmax	5	7
-ssplitmin	1	1
-ssplitthr	8e-4	0.000000e+00
-state			1
-stwt			1.0,0.05,0.0,
-treefn			/Users/benroye/forge/cmusphinx/voiceVim/trees/voiceVim.unpruned/r-1.dtree
-ts2cbfn	.semi.	.cont.
-varfloor	0.00001	1.000000e-05
-varfn			/Users/benroye/forge/cmusphinx/voiceVim/model_parameters/voiceVim.cd_cont_untied/variances

INFO: main.c(223): Reading: /Users/benroye/forge/cmusphinx/voiceVim/model_architecture/voiceVim.untied.mdef
INFO: model_def_io.c(573): Model definition info:
INFO: model_def_io.c(574): 2249 total models defined (39 base, 2210 tri)
INFO: model_def_io.c(575): 8996 total states
INFO: model_def_io.c(576): 6747 total tied states
INFO: model_def_io.c(577): 117 total tied CI states
INFO: model_def_io.c(578): 39 total tied transition matrices
INFO: model_def_io.c(579): 4 max state/model
INFO: model_def_io.c(580): 4 min state/model
INFO: main.c(242): Building trees for [r SIL ee b] through [r x ay i]
INFO: main.c(269): Covering states |[4248 4475]| == 228
INFO: main.c(275): Reading: /Users/benroye/forge/cmusphinx/voiceVim/model_parameters/voiceVim.cd_cont_untied/mixture_weights
INFO: s3mixw_io.c(173): Read /Users/benroye/forge/cmusphinx/voiceVim/model_parameters/voiceVim.cd_cont_untied/mixture_weights [228x1x1 array]
INFO: main.c(311): 76 of 76 models have observation count greater than 0.000010
INFO: main.c(95): nrm stwt: 0.045 0.909 0.045 
INFO: s3gau_io.c(169): Read /Users/benroye/forge/cmusphinx/voiceVim/model_parameters/voiceVim.cd_cont_untied/means [6747x1x1 array]
INFO: s3gau_io.c(169): Read /Users/benroye/forge/cmusphinx/voiceVim/model_parameters/voiceVim.cd_cont_untied/variances [6747x1x1 array]
INFO: main.c(549): Reading: /Users/benroye/forge/cmusphinx/voiceVim/model_architecture/voiceVim.tree_questions
INFO: main.c(588): 174 total simple questions (166 phone; 8 word bndry)
INFO: main.c(590): 40 Left Only questions, and 42 Right Only questions
INFO: dtree.c(1478): Final simple tree
|( QUESTION2_10_L -1 -5.159e+05 7.768e+03 2.275e+03
|    ( QUESTION0_20_R 1 -2.371e+05 4.751e+03 1.095e+03
|        ( - -7.207e+04 4 0 QUESTION2_13_L -1 1.060e+03 3.800e+02)
|        ( QUESTION2_13_L -1 -1.603e+05 4.286e+03 7.153e+02
|            ( - -4.969e+04 1 0)
|            ( QUESTION0_15_R 1 -1.063e+05 2.000e+03 4.701e+02
|                ( - -3.181e+04 3 0 QUESTION2_11_L -1 6.222e+02 1.511e+02)
|                ( - -7.250e+04 25 0 QUESTION0_2_R 1 8.450e+02 3.190e+02))))
|    ( QUESTION0_9_R 1 -2.710e+05 2.195e+03 1.180e+03
|        ( - -3.575e+04 2 0 QUESTION13 -1 1.258e+03 1.580e+02)
|        ( QUESTION11 -1 -2.331e+05 1.666e+03 1.022e+03
|            ( - -2.163e+04 2 0 QUESTION0_0_R 1 4.182e+02 1.088e+02)
|            ( QUESTION0_0_R 1 -2.098e+05 1.426e+03 9.130e+02
|                ( - -1.045e+05 13 0 QUESTION2_19_L -1 1.788e+03 4.609e+02)
|                ( - -1.039e+05 26 0 QUESTION2_4_L -1 8.596e+02 4.521e+02)))))
s>    ( QUESTION2_10_L -1 -5.159e+05 7.768e+03 2.275e+03
s>        ( QUESTION0_20_R 1 -2.371e+05 4.751e+03 1.095e+03
s>            ( - -7.207e+04 4 0 QUESTION2_13_L -1 1.060e+03 3.800e+02)
s>            ( QUESTION2_13_L -1 -1.603e+05 4.286e+03 7.153e+02
s>                ( - -4.969e+04 1 0)
s>                ( QUESTION0_15_R 1 -1.063e+05 2.000e+03 4.701e+02
s>                    ( - -3.181e+04 3 0 QUESTION2_11_L -1 6.222e+02 1.511e+02)
s>                    ( - -7.250e+04 25 0 QUESTION0_2_R 1 8.450e+02 3.190e+02))))
s>        ( QUESTION0_9_R 1 -2.710e+05 2.195e+03 1.180e+03
s>            ( - -3.575e+04 2 0 QUESTION13 -1 1.258e+03 1.580e+02)
s>            ( QUESTION11 -1 -2.331e+05 1.666e+03 1.022e+03
s>                ( - -2.163e+04 2 0 QUESTION0_0_R 1 4.182e+02 1.088e+02)
s>                ( QUESTION0_0_R 1 -2.098e+05 1.426e+03 9.130e+02
s>                    ( - -1.045e+05 13 0 QUESTION2_19_L -1 1.788e+03 4.609e+02)
s>                    ( - -1.039e+05 26 0 QUESTION2_4_L -1 8.596e+02 4.521e+02)))))INFO: dtree.c(1315): Comp split 0
INFO: dtree.c(1478): Final simple tree
|( QUESTION2_10_L -1 -3.010e+05 3.585e+03 1.316e+03
|    ( - -4.969e+04 1 0)
|    ( QUESTION0_9_R 1 -2.477e+05 2.219e+03 1.071e+03
|        ( QUESTION13 -1 -3.575e+04 1.258e+03 1.580e+02
|            ( - -1.268e+04 1 0)
|            ( - -2.182e+04 1 0))
|        ( QUESTION0_0_R 1 -2.098e+05 1.426e+03 9.130e+02
|            ( QUESTION2_19_L -1 -1.045e+05 1.788e+03 4.609e+02
|                ( - -5.426e+04 4 0 QUESTION4 -1 5.115e+02 2.442e+02)
|                ( QUESTION6 -1 -4.844e+04 1.034e+03 2.166e+02
|                    ( - -2.745e+04 1 0)
|                    ( - -1.996e+04 8 0 QUESTION2_4_L -1 4.772e+02 8.631e+01)))
|            ( QUESTION2_4_L -1 -1.039e+05 8.596e+02 4.521e+02
|                ( - -1.925e+04 2 0)
|                ( - -8.375e+04 24 0 QUESTION4 -1 4.272e+02 3.618e+02)))))
s>    ( QUESTION2_10_L -1 -3.010e+05 3.585e+03 1.316e+03
s>        ( - -4.969e+04 1 0)
s>        ( QUESTION0_9_R 1 -2.477e+05 2.219e+03 1.071e+03
s>            ( QUESTION13 -1 -3.575e+04 1.258e+03 1.580e+02
s>                ( - -1.268e+04 1 0)
s>                ( - -2.182e+04 1 0))
s>            ( QUESTION0_0_R 1 -2.098e+05 1.426e+03 9.130e+02
s>                ( QUESTION2_19_L -1 -1.045e+05 1.788e+03 4.609e+02
s>                    ( - -5.426e+04 4 0 QUESTION4 -1 5.115e+02 2.442e+02)
s>                    ( QUESTION6 -1 -4.844e+04 1.034e+03 2.166e+02
s>                        ( - -2.745e+04 1 0)
s>                        ( - -1.996e+04 8 0 QUESTION2_4_L -1 4.772e+02 8.631e+01)))
s>                ( QUESTION2_4_L -1 -1.039e+05 8.596e+02 4.521e+02
s>                    ( - -1.925e+04 2 0)
s>                    ( - -8.375e+04 24 0 QUESTION4 -1 4.272e+02 3.618e+02)))))INFO: dtree.c(1478): Final simple tree
|( QUESTION0_20_R 1 -2.058e+05 4.963e+03 9.589e+02
|    ( QUESTION2_13_L -1 -9.291e+04 1.421e+03 4.818e+02
|        ( - -6.205e+04 2 0 WDBNDRY_B 0 4.309e+02 3.354e+02)
|        ( QUESTION2_12_L -1 -2.944e+04 5.869e+02 1.464e+02
|            ( - -8.314e+03 1 0)
|            ( - -2.054e+04 2 0 WDBNDRY_E 0 3.908e+02 1.038e+02)))
|    ( QUESTION0_15_R 1 -1.080e+05 1.990e+03 4.771e+02
|        ( QUESTION2_11_L -1 -3.181e+04 6.222e+02 1.511e+02
|            ( - -4.020e+03 2 0 WDBNDRY_E 0 2.480e+02 1.852e+01)
|            ( - -2.717e+04 1 0))
|        ( QUESTION0_2_R 1 -7.416e+04 8.656e+02 3.260e+02
|            ( - -1.479e+04 2 0 WDBNDRY_E 0 2.039e+02 6.922e+01)
|            ( QUESTION13 1 -5.851e+04 7.832e+02 2.568e+02
|                ( - -1.735e+04 5 0 QUESTION0_1_R 1 5.849e+02 7.890e+01)
|                ( - -4.038e+04 19 0 SILENCE 1 4.565e+02 1.779e+02)))))
s>    ( QUESTION0_20_R 1 -2.058e+05 4.963e+03 9.589e+02
s>        ( QUESTION2_13_L -1 -9.291e+04 1.421e+03 4.818e+02
s>            ( - -6.205e+04 2 0 WDBNDRY_B 0 4.309e+02 3.354e+02)
s>            ( QUESTION2_12_L -1 -2.944e+04 5.869e+02 1.464e+02
s>                ( - -8.314e+03 1 0)
s>                ( - -2.054e+04 2 0 WDBNDRY_E 0 3.908e+02 1.038e+02)))
s>        ( QUESTION0_15_R 1 -1.080e+05 1.990e+03 4.771e+02
s>            ( QUESTION2_11_L -1 -3.181e+04 6.222e+02 1.511e+02
s>                ( - -4.020e+03 2 0 WDBNDRY_E 0 2.480e+02 1.852e+01)
s>                ( - -2.717e+04 1 0))
s>            ( QUESTION0_2_R 1 -7.416e+04 8.656e+02 3.260e+02
s>                ( - -1.479e+04 2 0 WDBNDRY_E 0 2.039e+02 6.922e+01)
s>                ( QUESTION13 1 -5.851e+04 7.832e+02 2.568e+02
s>                    ( - -1.735e+04 5 0 QUESTION0_1_R 1 5.849e+02 7.890e+01)
s>                    ( - -4.038e+04 19 0 SILENCE 1 4.565e+02 1.779e+02)))))INFO: dtree.c(1315): Comp split 1
INFO: dtree.c(1478): Final simple tree
|( QUESTION0_15_R 1 -1.080e+05 1.990e+03 4.771e+02
|    ( QUESTION2_11_L -1 -3.181e+04 6.222e+02 1.511e+02
|        ( - -4.020e+03 2 0 WDBNDRY_E 0 2.480e+02 1.852e+01)
|        ( - -2.717e+04 1 0))
|    ( QUESTION0_2_R 1 -7.416e+04 8.656e+02 3.260e+02
|        ( - -1.479e+04 2 0 WDBNDRY_E 0 2.039e+02 6.922e+01)
|        ( QUESTION13 1 -5.851e+04 7.832e+02 2.568e+02
|            ( QUESTION0_1_R 1 -1.735e+04 5.849e+02 7.890e+01
|                ( - -1.038e+04 3 0 QUESTION15 1 2.042e+02 4.826e+01)
|                ( - -6.390e+03 2 0 WDBNDRY_E 0 1.744e+02 3.064e+01))
|            ( SILENCE 1 -4.038e+04 4.565e+02 1.779e+02
|                ( - -1.325e+04 1 0)
|                ( QUESTION0_5_R 1 -2.667e+04 4.549e+02 1.158e+02
|                    ( - 2.409e+02 1 0)
|                    ( - -2.646e+04 17 0 WDBNDRY_B 0 4.482e+02 1.148e+02))))))
s>    ( QUESTION0_15_R 1 -1.080e+05 1.990e+03 4.771e+02
s>        ( QUESTION2_11_L -1 -3.181e+04 6.222e+02 1.511e+02
s>            ( - -4.020e+03 2 0 WDBNDRY_E 0 2.480e+02 1.852e+01)
s>            ( - -2.717e+04 1 0))
s>        ( QUESTION0_2_R 1 -7.416e+04 8.656e+02 3.260e+02
s>            ( - -1.479e+04 2 0 WDBNDRY_E 0 2.039e+02 6.922e+01)
s>            ( QUESTION13 1 -5.851e+04 7.832e+02 2.568e+02
s>                ( QUESTION0_1_R 1 -1.735e+04 5.849e+02 7.890e+01
s>                    ( - -1.038e+04 3 0 QUESTION15 1 2.042e+02 4.826e+01)
s>                    ( - -6.390e+03 2 0 WDBNDRY_E 0 1.744e+02 3.064e+01))
s>                ( SILENCE 1 -4.038e+04 4.565e+02 1.779e+02
s>                    ( - -1.325e+04 1 0)
s>                    ( QUESTION0_5_R 1 -2.667e+04 4.549e+02 1.158e+02
s>                        ( - 2.409e+02 1 0)
s>                        ( - -2.646e+04 17 0 WDBNDRY_B 0 4.482e+02 1.148e+02))))))INFO: dtree.c(1439): stop. leaf nodes are specific
INFO: dtree.c(1478): Final simple tree
|( QUESTION2_13_L -1 -9.291e+04 1.421e+03 4.818e+02
|    ( WDBNDRY_B 0 -6.205e+04 4.309e+02 3.354e+02
|        ( - -2.889e+02 1 0)
|        ( - -6.133e+04 1 0))
|    ( QUESTION2_12_L -1 -2.944e+04 5.869e+02 1.464e+02
|        ( - -8.314e+03 1 0)
|        ( WDBNDRY_E 0 -2.054e+04 3.908e+02 1.038e+02
|            ( - -2.493e+02 1 0)
|            ( - -1.990e+04 1 0))))
s>    ( QUESTION2_13_L -1 -9.291e+04 1.421e+03 4.818e+02
s>        ( WDBNDRY_B 0 -6.205e+04 4.309e+02 3.354e+02
s>            ( - -2.889e+02 1 0)
s>            ( - -6.133e+04 1 0))
s>        ( QUESTION2_12_L -1 -2.944e+04 5.869e+02 1.464e+02
s>            ( - -8.314e+03 1 0)
s>            ( WDBNDRY_E 0 -2.054e+04 3.908e+02 1.038e+02
s>                ( - -2.493e+02 1 0)
s>                ( - -1.990e+04 1 0))))INFO: dtree.c(1315): Comp split 2
INFO: dtree.c(1439): stop. leaf nodes are specific
INFO: dtree.c(1478): Final simple tree
|( QUESTION4 -1 -7.822e+04 1.078e+03 3.755e+02
|    ( - -4.969e+04 1 0)
|    ( - -2.745e+04 1 0))
s>    ( QUESTION4 -1 -7.822e+04 1.078e+03 3.755e+02
s>        ( - -4.969e+04 1 0)
s>        ( - -2.745e+04 1 0))INFO: dtree.c(1478): Final simple tree
|( QUESTION4 -1 -2.190e+05 2.312e+03 9.406e+02
|    ( WDBNDRY_B 0 -1.115e+05 1.543e+03 4.929e+02
|        ( QUESTION2_4_L -1 -5.750e+04 4.847e+02 2.545e+02
|            ( QUESTION0_0_R 1 -1.961e+04 5.818e+02 9.134e+01
|                ( - 2.190e+02 1 0)
|                ( - -1.925e+04 2 0))
|            ( - -3.740e+04 8 0 QUESTION2_0_L -1 1.901e+02 1.631e+02))
|        ( - -5.245e+04 2 0 QUESTION0_0_R 1 4.382e+02 2.384e+02))
|    ( QUESTION0_9_R 1 -1.052e+05 1.236e+03 4.477e+02
|        ( QUESTION13 -1 -3.575e+04 1.258e+03 1.580e+02
|            ( - -1.268e+04 1 0)
|            ( - -2.182e+04 1 0))
|        ( QUESTION0_0_R 1 -6.822e+04 8.032e+02 2.897e+02
|            ( - -2.642e+04 7 0 QUESTION13 -1 4.432e+02 1.130e+02)
|            ( - -4.100e+04 18 0 QUESTION10 -1 2.611e+02 1.767e+02))))
s>    ( QUESTION4 -1 -2.190e+05 2.312e+03 9.406e+02
s>        ( WDBNDRY_B 0 -1.115e+05 1.543e+03 4.929e+02
s>            ( QUESTION2_4_L -1 -5.750e+04 4.847e+02 2.545e+02
s>                ( QUESTION0_0_R 1 -1.961e+04 5.818e+02 9.134e+01
s>                    ( - 2.190e+02 1 0)
s>                    ( - -1.925e+04 2 0))
s>                ( - -3.740e+04 8 0 QUESTION2_0_L -1 1.901e+02 1.631e+02))
s>            ( - -5.245e+04 2 0 QUESTION0_0_R 1 4.382e+02 2.384e+02))
s>        ( QUESTION0_9_R 1 -1.052e+05 1.236e+03 4.477e+02
s>            ( QUESTION13 -1 -3.575e+04 1.258e+03 1.580e+02
s>                ( - -1.268e+04 1 0)
s>                ( - -2.182e+04 1 0))
s>            ( QUESTION0_0_R 1 -6.822e+04 8.032e+02 2.897e+02
s>                ( - -2.642e+04 7 0 QUESTION13 -1 4.432e+02 1.130e+02)
s>                ( - -4.100e+04 18 0 QUESTION10 -1 2.611e+02 1.767e+02))))INFO: dtree.c(1315): Comp split 3
INFO: dtree.c(1478): Final simple tree
|( QUESTION4 -1 -1.946e+05 1.624e+03 8.381e+02
|    ( WDBNDRY_B 0 -1.115e+05 1.543e+03 4.929e+02
|        ( QUESTION2_4_L -1 -5.750e+04 4.847e+02 2.545e+02
|            ( QUESTION0_0_R 1 -1.961e+04 5.818e+02 9.134e+01
|                ( - 2.190e+02 1 0)
|                ( - -1.925e+04 2 0))
|            ( - -3.740e+04 8 0 QUESTION2_0_L -1 1.901e+02 1.631e+02))
|        ( - -5.245e+04 2 0 QUESTION0_0_R 1 4.382e+02 2.384e+02))
|    ( QUESTION0_8_R 1 -8.149e+04 8.806e+02 3.452e+02
|        ( QUESTION13 -1 -2.642e+04 4.432e+02 1.130e+02
|            ( - -6.512e+03 1 0)
|            ( - -1.947e+04 6 0 QUESTION0 -1 2.747e+02 8.431e+01))
|        ( WDBNDRY_B 0 -5.418e+04 5.123e+02 2.321e+02
|            ( - -4.100e+04 18 0 QUESTION10 -1 2.611e+02 1.767e+02)
|            ( - -1.268e+04 1 0))))
s>    ( QUESTION4 -1 -1.946e+05 1.624e+03 8.381e+02
s>        ( WDBNDRY_B 0 -1.115e+05 1.543e+03 4.929e+02
s>            ( QUESTION2_4_L -1 -5.750e+04 4.847e+02 2.545e+02
s>                ( QUESTION0_0_R 1 -1.961e+04 5.818e+02 9.134e+01
s>                    ( - 2.190e+02 1 0)
s>                    ( - -1.925e+04 2 0))
s>                ( - -3.740e+04 8 0 QUESTION2_0_L -1 1.901e+02 1.631e+02))
s>            ( - -5.245e+04 2 0 QUESTION0_0_R 1 4.382e+02 2.384e+02))
s>        ( QUESTION0_8_R 1 -8.149e+04 8.806e+02 3.452e+02
s>            ( QUESTION13 -1 -2.642e+04 4.432e+02 1.130e+02
s>                ( - -6.512e+03 1 0)
s>                ( - -1.947e+04 6 0 QUESTION0 -1 2.747e+02 8.431e+01))
s>            ( WDBNDRY_B 0 -5.418e+04 5.123e+02 2.321e+02
s>                ( - -4.100e+04 18 0 QUESTION10 -1 2.611e+02 1.767e+02)
s>                ( - -1.268e+04 1 0))))INFO: dtree.c(1315): Comp split 4
INFO: dtree.c(1478): Final simple tree
|( QUESTION0_2_R 1 -7.843e+04 8.540e+02 3.446e+02
|    ( - -1.479e+04 2 0 WDBNDRY_E 0 2.039e+02 6.922e+01)
|    ( QUESTION13 1 -6.279e+04 7.811e+02 2.753e+02
|        ( QUESTION0_1_R 1 -1.735e+04 5.849e+02 7.890e+01
|            ( - -1.038e+04 3 0 QUESTION15 1 2.042e+02 4.826e+01)
|            ( - -6.390e+03 2 0 WDBNDRY_E 0 1.744e+02 3.064e+01))
|        ( QUESTION0_5_R 1 -4.466e+04 4.547e+02 1.964e+02
|            ( - 2.409e+02 1 0)
|            ( WDBNDRY_B 0 -4.444e+04 4.508e+02 1.954e+02
|                ( - 2.418e+02 1 0)
|                ( SILENCE 1 -4.423e+04 4.329e+02 1.944e+02
|                    ( - -1.325e+04 1 0)
|                    ( QUESTION0_16_R 1 -3.055e+04 2.927e+02 1.323e+02
|                        ( - -1.345e+03 1 0)
|                        ( - -2.891e+04 17 0 QUESTION4 -1 2.930e+02 1.258e+02)))))))
s>    ( QUESTION0_2_R 1 -7.843e+04 8.540e+02 3.446e+02
s>        ( - -1.479e+04 2 0 WDBNDRY_E 0 2.039e+02 6.922e+01)
s>        ( QUESTION13 1 -6.279e+04 7.811e+02 2.753e+02
s>            ( QUESTION0_1_R 1 -1.735e+04 5.849e+02 7.890e+01
s>                ( - -1.038e+04 3 0 QUESTION15 1 2.042e+02 4.826e+01)
s>                ( - -6.390e+03 2 0 WDBNDRY_E 0 1.744e+02 3.064e+01))
s>            ( QUESTION0_5_R 1 -4.466e+04 4.547e+02 1.964e+02
s>                ( - 2.409e+02 1 0)
s>                ( WDBNDRY_B 0 -4.444e+04 4.508e+02 1.954e+02
s>                    ( - 2.418e+02 1 0)
s>                    ( SILENCE 1 -4.423e+04 4.329e+02 1.944e+02
s>                        ( - -1.325e+04 1 0)
s>                        ( QUESTION0_16_R 1 -3.055e+04 2.927e+02 1.323e+02
s>                            ( - -1.345e+03 1 0)
s>                            ( - -2.891e+04 17 0 QUESTION4 -1 2.930e+02 1.258e+02)))))))INFO: dtree.c(1315): Comp split 5
INFO: dtree.c(1439): stop. leaf nodes are specific
INFO: dtree.c(1478): Final simple tree
|( QUESTION0_0_R 1 -5.245e+04 4.382e+02 2.384e+02
|    ( - -4.621e+04 1 0)
|    ( - -5.801e+03 1 0))
s>    ( QUESTION0_0_R 1 -5.245e+04 4.382e+02 2.384e+02
s>        ( - -4.621e+04 1 0)
s>        ( - -5.801e+03 1 0))INFO: dtree.c(1478): Final simple tree
|( QUESTION0_0_R 1 -1.401e+05 1.151e+03 5.996e+02
|    ( QUESTION13 -1 -4.118e+04 8.976e+02 1.735e+02
|        ( QUESTION0_8_R 1 -1.946e+04 2.749e+02 8.420e+01
|            ( - -6.512e+03 1 0)
|            ( - -1.268e+04 1 0))
|        ( QUESTION2_4_L -1 -2.082e+04 4.774e+02 8.931e+01
|            ( - 2.190e+02 1 0)
|            ( QUESTION0 -1 -2.056e+04 2.690e+02 8.831e+01
|                ( - -5.439e+03 2 0 WDBNDRY_B 0 2.589e+02 2.337e+01)
|                ( - -1.486e+04 7 0 QUESTION2_1_L -1 1.951e+02 6.493e+01))))
|    ( QUESTION2_4_L -1 -9.776e+04 8.272e+02 4.261e+02
|        ( - -1.925e+04 2 0)
|        ( QUESTION4 -1 -7.769e+04 4.497e+02 3.358e+02
|            ( - -3.624e+04 5 0 QUESTION2_0_L -1 1.903e+02 1.591e+02)
|            ( - -4.100e+04 18 0 QUESTION10 -1 2.611e+02 1.767e+02))))
s>    ( QUESTION0_0_R 1 -1.401e+05 1.151e+03 5.996e+02
s>        ( QUESTION13 -1 -4.118e+04 8.976e+02 1.735e+02
s>            ( QUESTION0_8_R 1 -1.946e+04 2.749e+02 8.420e+01
s>                ( - -6.512e+03 1 0)
s>                ( - -1.268e+04 1 0))
s>            ( QUESTION2_4_L -1 -2.082e+04 4.774e+02 8.931e+01
s>                ( - 2.190e+02 1 0)
s>                ( QUESTION0 -1 -2.056e+04 2.690e+02 8.831e+01
s>                    ( - -5.439e+03 2 0 WDBNDRY_B 0 2.589e+02 2.337e+01)
s>                    ( - -1.486e+04 7 0 QUESTION2_1_L -1 1.951e+02 6.493e+01))))
s>        ( QUESTION2_4_L -1 -9.776e+04 8.272e+02 4.261e+02
s>            ( - -1.925e+04 2 0)
s>            ( QUESTION4 -1 -7.769e+04 4.497e+02 3.358e+02
s>                ( - -3.624e+04 5 0 QUESTION2_0_L -1 1.903e+02 1.591e+02)
s>                ( - -4.100e+04 18 0 QUESTION10 -1 2.611e+02 1.767e+02))))INFO: dtree.c(1315): Comp split 6
INFO: dtree.c(1439): stop. leaf nodes are specific
INFO: dtree.c(1478): Final simple tree
|( QUESTION2_14_L -1 -2.998e+04 5.980e+02 1.484e+02
|    ( - -8.314e+03 1 0)
|    ( WDBNDRY_E 0 -2.107e+04 3.614e+02 1.058e+02
|        ( - -2.493e+02 1 0)
|        ( WDBNDRY_B 0 -2.046e+04 2.694e+02 1.038e+02
|            ( - -2.889e+02 1 0)
|            ( - -1.990e+04 1 0))))
s>    ( QUESTION2_14_L -1 -2.998e+04 5.980e+02 1.484e+02
s>        ( - -8.314e+03 1 0)
s>        ( WDBNDRY_E 0 -2.107e+04 3.614e+02 1.058e+02
s>            ( - -2.493e+02 1 0)
s>            ( WDBNDRY_B 0 -2.046e+04 2.694e+02 1.038e+02
s>                ( - -2.889e+02 1 0)
s>                ( - -1.990e+04 1 0))))INFO: dtree.c(1315): Comp split 7
INFO: dtree.c(1478): Final simple tree
|( QUESTION2_4_L -1 -2.082e+04 4.774e+02 8.931e+01
|    ( - 2.190e+02 1 0)
|    ( QUESTION0 -1 -2.056e+04 2.690e+02 8.831e+01
|        ( WDBNDRY_B 0 -5.439e+03 2.589e+02 2.337e+01
|            ( - -2.458e+02 1 0)
|            ( - -4.934e+03 1 0))
|        ( QUESTION2_1_L -1 -1.486e+04 1.951e+02 6.493e+01
|            ( WDBNDRY_B 0 -5.936e+03 2.047e+02 2.710e+01
|                ( - -3.305e+03 1 0)
|                ( - -2.426e+03 1 0))
|            ( QUESTION2_19_L -1 -8.726e+03 1.578e+02 3.783e+01
|                ( - -7.254e+02 2 0)
|                ( QUESTION4 -1 -7.842e+03 4.711e+02 3.483e+01
|                    ( - 2.425e+02 1 0)
|                    ( - -7.614e+03 2 0 WDBNDRY_B 0 8.047e+01 3.383e+01))))))
s>    ( QUESTION2_4_L -1 -2.082e+04 4.774e+02 8.931e+01
s>        ( - 2.190e+02 1 0)
s>        ( QUESTION0 -1 -2.056e+04 2.690e+02 8.831e+01
s>            ( WDBNDRY_B 0 -5.439e+03 2.589e+02 2.337e+01
s>                ( - -2.458e+02 1 0)
s>                ( - -4.934e+03 1 0))
s>            ( QUESTION2_1_L -1 -1.486e+04 1.951e+02 6.493e+01
s>                ( WDBNDRY_B 0 -5.936e+03 2.047e+02 2.710e+01
s>                    ( - -3.305e+03 1 0)
s>                    ( - -2.426e+03 1 0))
s>                ( QUESTION2_19_L -1 -8.726e+03 1.578e+02 3.783e+01
s>                    ( - -7.254e+02 2 0)
s>                    ( QUESTION4 -1 -7.842e+03 4.711e+02 3.483e+01
s>                        ( - 2.425e+02 1 0)
s>                        ( - -7.614e+03 2 0 WDBNDRY_B 0 8.047e+01 3.383e+01))))))INFO: dtree.c(1478): Final simple tree
|( QUESTION4 -1 -1.180e+05 1.122e+03 5.103e+02
|    ( QUESTION2_4_L -1 -5.600e+04 5.139e+02 2.495e+02
|        ( - -1.925e+04 2 0)
|        ( QUESTION2_0_L -1 -3.624e+04 1.903e+02 1.591e+02
|            ( - -3.973e+03 1 0)
|            ( - -3.208e+04 4 0)))
|    ( QUESTION0_9_R 1 -6.090e+04 5.053e+02 2.609e+02
|        ( - -1.268e+04 1 0)
|        ( QUESTION18 -1 -4.772e+04 2.943e+02 2.054e+02
|            ( - -1.961e+04 4 0 QUESTION19 -1 9.839e+01 8.766e+01)
|            ( QUESTION6 -1 -2.782e+04 2.167e+02 1.177e+02
|                ( - -7.515e+02 1 0)
|                ( WDBNDRY_B 0 -2.685e+04 1.782e+02 1.147e+02
|                    ( - -2.016e+04 13 0 SILENCE -1 1.491e+02 8.601e+01)
|                    ( - -6.512e+03 1 0))))))
s>    ( QUESTION4 -1 -1.180e+05 1.122e+03 5.103e+02
s>        ( QUESTION2_4_L -1 -5.600e+04 5.139e+02 2.495e+02
s>            ( - -1.925e+04 2 0)
s>            ( QUESTION2_0_L -1 -3.624e+04 1.903e+02 1.591e+02
s>                ( - -3.973e+03 1 0)
s>                ( - -3.208e+04 4 0)))
s>        ( QUESTION0_9_R 1 -6.090e+04 5.053e+02 2.609e+02
s>            ( - -1.268e+04 1 0)
s>            ( QUESTION18 -1 -4.772e+04 2.943e+02 2.054e+02
s>                ( - -1.961e+04 4 0 QUESTION19 -1 9.839e+01 8.766e+01)
s>                ( QUESTION6 -1 -2.782e+04 2.167e+02 1.177e+02
s>                    ( - -7.515e+02 1 0)
s>                    ( WDBNDRY_B 0 -2.685e+04 1.782e+02 1.147e+02
s>                        ( - -2.016e+04 13 0 SILENCE -1 1.491e+02 8.601e+01)
s>                        ( - -6.512e+03 1 0))))))INFO: dtree.c(1315): Comp split 8
INFO: dtree.c(1478): Final simple tree
|( QUESTION0_9_R 1 -6.090e+04 5.053e+02 2.609e+02
|    ( - -1.268e+04 1 0)
|    ( QUESTION18 -1 -4.772e+04 2.943e+02 2.054e+02
|        ( QUESTION19 -1 -1.961e+04 9.839e+01 8.766e+01
|            ( - -7.824e+02 2 0)
|            ( - -1.873e+04 2 0))
|        ( QUESTION6 -1 -2.782e+04 2.167e+02 1.177e+02
|            ( - -7.515e+02 1 0)
|            ( WDBNDRY_B 0 -2.685e+04 1.782e+02 1.147e+02
|                ( SILENCE -1 -2.016e+04 1.491e+02 8.601e+01
|                    ( - -6.515e+03 3 0)
|                    ( QUESTION1 -1 -1.350e+04 1.250e+02 5.800e+01
|                        ( - -4.262e+03 2 0)
|                        ( - -9.110e+03 8 0)))
|                ( - -6.512e+03 1 0)))))
s>    ( QUESTION0_9_R 1 -6.090e+04 5.053e+02 2.609e+02
s>        ( - -1.268e+04 1 0)
s>        ( QUESTION18 -1 -4.772e+04 2.943e+02 2.054e+02
s>            ( QUESTION19 -1 -1.961e+04 9.839e+01 8.766e+01
s>                ( - -7.824e+02 2 0)
s>                ( - -1.873e+04 2 0))
s>            ( QUESTION6 -1 -2.782e+04 2.167e+02 1.177e+02
s>                ( - -7.515e+02 1 0)
s>                ( WDBNDRY_B 0 -2.685e+04 1.782e+02 1.147e+02
s>                    ( SILENCE -1 -2.016e+04 1.491e+02 8.601e+01
s>                        ( - -6.515e+03 3 0)
s>                        ( QUESTION1 -1 -1.350e+04 1.250e+02 5.800e+01
s>                            ( - -4.262e+03 2 0)
s>                            ( - -9.110e+03 8 0)))
s>                    ( - -6.512e+03 1 0)))))INFO: dtree.c(1439): stop. leaf nodes are specific
INFO: dtree.c(1478): Final simple tree
|( QUESTION2_4_L -1 -5.600e+04 5.139e+02 2.495e+02
|    ( - -1.925e+04 2 0)
|    ( QUESTION2_0_L -1 -3.624e+04 1.903e+02 1.591e+02
|        ( - -3.973e+03 1 0)
|        ( - -3.208e+04 4 0)))
s>    ( QUESTION2_4_L -1 -5.600e+04 5.139e+02 2.495e+02
s>        ( - -1.925e+04 2 0)
s>        ( QUESTION2_0_L -1 -3.624e+04 1.903e+02 1.591e+02
s>            ( - -3.973e+03 1 0)
s>            ( - -3.208e+04 4 0)))INFO: dtree.c(1315): Comp split 9
INFO: dtree.c(1478): Final simple tree
|( QUESTION0_5_R 1 -4.466e+04 4.547e+02 1.964e+02
|    ( - 2.409e+02 1 0)
|    ( WDBNDRY_B 0 -4.444e+04 4.508e+02 1.954e+02
|        ( - 2.418e+02 1 0)
|        ( SILENCE 1 -4.423e+04 4.329e+02 1.944e+02
|            ( - -1.325e+04 1 0)
|            ( QUESTION0_16_R 1 -3.055e+04 2.927e+02 1.323e+02
|                ( - -1.345e+03 1 0)
|                ( QUESTION4 -1 -2.891e+04 2.930e+02 1.258e+02
|                    ( QUESTION0_15_R 1 -2.730e+04 2.315e+02 1.188e+02
|                        ( - -2.427e+03 1 0)
|                        ( QUESTION4 1 -2.464e+04 2.429e+02 1.068e+02
|                            ( - -7.336e+03 6 0 QUESTION0_12_R 1 1.296e+02 3.021e+01)
|                            ( - -1.706e+04 9 0 QUESTION7 1 2.222e+02 7.658e+01)))
|                    ( - -1.318e+03 1 0))))))
s>    ( QUESTION0_5_R 1 -4.466e+04 4.547e+02 1.964e+02
s>        ( - 2.409e+02 1 0)
s>        ( WDBNDRY_B 0 -4.444e+04 4.508e+02 1.954e+02
s>            ( - 2.418e+02 1 0)
s>            ( SILENCE 1 -4.423e+04 4.329e+02 1.944e+02
s>                ( - -1.325e+04 1 0)
s>                ( QUESTION0_16_R 1 -3.055e+04 2.927e+02 1.323e+02
s>                    ( - -1.345e+03 1 0)
s>                    ( QUESTION4 -1 -2.891e+04 2.930e+02 1.258e+02
s>                        ( QUESTION0_15_R 1 -2.730e+04 2.315e+02 1.188e+02
s>                            ( - -2.427e+03 1 0)
s>                            ( QUESTION4 1 -2.464e+04 2.429e+02 1.068e+02
s>                                ( - -7.336e+03 6 0 QUESTION0_12_R 1 1.296e+02 3.021e+01)
s>                                ( - -1.706e+04 9 0 QUESTION7 1 2.222e+02 7.658e+01)))
s>                        ( - -1.318e+03 1 0))))))INFO: dtree.c(1439): stop. leaf nodes are specific
INFO: dtree.c(1478): Final simple tree
|( QUESTION2_11_L -1 -3.267e+04 6.316e+02 1.481e+02
|    ( QUESTION0_1_R 1 -2.247e+04 5.081e+02 1.029e+02
|        ( QUESTION16 1 -1.557e+04 4.676e+02 7.222e+01
|            ( - 2.184e+02 1 0)
|            ( QUESTION0_2_R 1 -1.533e+04 2.000e+02 7.122e+01
|                ( WDBNDRY_E 0 -1.479e+04 2.039e+02 6.922e+01
|                    ( - -3.049e+02 1 0)
|                    ( - -1.428e+04 1 0))
|                ( - -3.405e+02 1 0)))
|        ( WDBNDRY_E 0 -6.390e+03 1.744e+02 3.064e+01
|            ( - -3.449e+02 1 0)
|            ( - -5.870e+03 1 0)))
|    ( - -9.568e+03 1 0))
s>    ( QUESTION2_11_L -1 -3.267e+04 6.316e+02 1.481e+02
s>        ( QUESTION0_1_R 1 -2.247e+04 5.081e+02 1.029e+02
s>            ( QUESTION16 1 -1.557e+04 4.676e+02 7.222e+01
s>                ( - 2.184e+02 1 0)
s>                ( QUESTION0_2_R 1 -1.533e+04 2.000e+02 7.122e+01
s>                    ( WDBNDRY_E 0 -1.479e+04 2.039e+02 6.922e+01
s>                        ( - -3.049e+02 1 0)
s>                        ( - -1.428e+04 1 0))
s>                    ( - -3.405e+02 1 0)))
s>            ( WDBNDRY_E 0 -6.390e+03 1.744e+02 3.064e+01
s>                ( - -3.449e+02 1 0)
s>                ( - -5.870e+03 1 0)))
s>        ( - -9.568e+03 1 0))INFO: dtree.c(1315): Comp split 10
INFO: dtree.c(1315): Comp split 11
INFO: dtree.c(1439): stop. leaf nodes are specific
INFO: dtree.c(1478): Final simple tree
|( QUESTION0_1_R 1 -2.247e+04 5.081e+02 1.029e+02
|    ( QUESTION16 1 -1.557e+04 4.676e+02 7.222e+01
|        ( - 2.184e+02 1 0)
|        ( QUESTION0_2_R 1 -1.533e+04 2.000e+02 7.122e+01
|            ( WDBNDRY_E 0 -1.479e+04 2.039e+02 6.922e+01
|                ( - -3.049e+02 1 0)
|                ( - -1.428e+04 1 0))
|            ( - -3.405e+02 1 0)))
|    ( WDBNDRY_E 0 -6.390e+03 1.744e+02 3.064e+01
|        ( - -3.449e+02 1 0)
|        ( - -5.870e+03 1 0)))
s>    ( QUESTION0_1_R 1 -2.247e+04 5.081e+02 1.029e+02
s>        ( QUESTION16 1 -1.557e+04 4.676e+02 7.222e+01
s>            ( - 2.184e+02 1 0)
s>            ( QUESTION0_2_R 1 -1.533e+04 2.000e+02 7.122e+01
s>                ( WDBNDRY_E 0 -1.479e+04 2.039e+02 6.922e+01
s>                    ( - -3.049e+02 1 0)
s>                    ( - -1.428e+04 1 0))
s>                ( - -3.405e+02 1 0)))
s>        ( WDBNDRY_E 0 -6.390e+03 1.744e+02 3.064e+01
s>            ( - -3.449e+02 1 0)
s>            ( - -5.870e+03 1 0)))INFO: dtree.c(1315): Comp split 12
INFO: dtree.c(1439): stop. leaf nodes are specific
INFO: dtree.c(1478): Final simple tree
|( WDBNDRY_E 0 -2.107e+04 3.614e+02 1.058e+02
|    ( - -2.493e+02 1 0)
|    ( WDBNDRY_B 0 -2.046e+04 2.694e+02 1.038e+02
|        ( - -2.889e+02 1 0)
|        ( - -1.990e+04 1 0)))
s>    ( WDBNDRY_E 0 -2.107e+04 3.614e+02 1.058e+02
s>        ( - -2.493e+02 1 0)
s>        ( WDBNDRY_B 0 -2.046e+04 2.694e+02 1.038e+02
s>            ( - -2.889e+02 1 0)
s>            ( - -1.990e+04 1 0)))INFO: dtree.c(1315): Comp split 13
INFO: dtree.c(1439): stop. leaf nodes are specific
INFO: dtree.c(1478): Final simple tree
|( QUESTION16 1 -1.605e+04 4.657e+02 7.422e+01
|    ( - 2.184e+02 1 0)
|    ( WDBNDRY_E 0 -1.581e+04 2.111e+02 7.322e+01
|        ( QUESTION0_3_R 1 -1.318e+03 1.633e+02 6.000e+00
|            ( - -3.405e+02 1 0)
|            ( QUESTION0_1_R 1 -8.138e+02 1.639e+02 4.000e+00
|                ( - -3.049e+02 1 0)
|                ( - -3.449e+02 1 0)))
|        ( - -1.428e+04 1 0)))
s>    ( QUESTION16 1 -1.605e+04 4.657e+02 7.422e+01
s>        ( - 2.184e+02 1 0)
s>        ( WDBNDRY_E 0 -1.581e+04 2.111e+02 7.322e+01
s>            ( QUESTION0_3_R 1 -1.318e+03 1.633e+02 6.000e+00
s>                ( - -3.405e+02 1 0)
s>                ( QUESTION0_1_R 1 -8.138e+02 1.639e+02 4.000e+00
s>                    ( - -3.049e+02 1 0)
s>                    ( - -3.449e+02 1 0)))
s>            ( - -1.428e+04 1 0)))INFO: dtree.c(1315): Comp split 14
INFO: dtree.c(1439): stop. leaf nodes are specific
INFO: dtree.c(1478): Final simple tree
|( QUESTION2_0_L -1 -3.624e+04 1.903e+02 1.591e+02
|    ( - -3.973e+03 1 0)
|    ( - -3.208e+04 4 0))
s>    ( QUESTION2_0_L -1 -3.624e+04 1.903e+02 1.591e+02
s>        ( - -3.973e+03 1 0)
s>        ( - -3.208e+04 4 0))INFO: dtree.c(1315): Comp split 15
INFO: dtree.c(1439): stop. leaf nodes are specific
INFO: dtree.c(1478): Final simple tree
|( QUESTION3 -1 -3.555e+04 1.865e+02 1.547e+02
|    ( QUESTION19 -1 -1.961e+04 9.839e+01 8.766e+01
|        ( - -7.824e+02 2 0)
|        ( - -1.873e+04 2 0))
|    ( SILENCE -1 -1.576e+04 1.361e+02 6.701e+01
|        ( - -6.515e+03 3 0)
|        ( - -9.110e+03 8 0)))
s>    ( QUESTION3 -1 -3.555e+04 1.865e+02 1.547e+02
s>        ( QUESTION19 -1 -1.961e+04 9.839e+01 8.766e+01
s>            ( - -7.824e+02 2 0)
s>            ( - -1.873e+04 2 0))
s>        ( SILENCE -1 -1.576e+04 1.361e+02 6.701e+01
s>            ( - -6.515e+03 3 0)
s>            ( - -9.110e+03 8 0)))INFO: dtree.c(1439): stop. leaf nodes are specific
INFO: dtree.c(1478): Final simple tree
|( QUESTION0_9_R 1 -2.484e+04 3.018e+02 1.062e+02
|    ( - -1.268e+04 1 0)
|    ( QUESTION6 -1 -1.186e+04 2.113e+02 5.073e+01
|        ( - -7.515e+02 1 0)
|        ( WDBNDRY_B 0 -1.090e+04 1.268e+02 4.773e+01
|            ( - -4.262e+03 2 0)
|            ( - -6.512e+03 1 0))))
s>    ( QUESTION0_9_R 1 -2.484e+04 3.018e+02 1.062e+02
s>        ( - -1.268e+04 1 0)
s>        ( QUESTION6 -1 -1.186e+04 2.113e+02 5.073e+01
s>            ( - -7.515e+02 1 0)
s>            ( WDBNDRY_B 0 -1.090e+04 1.268e+02 4.773e+01
s>                ( - -4.262e+03 2 0)
s>                ( - -6.512e+03 1 0))))INFO: dtree.c(1315): Comp split 16
INFO: dtree.c(1439): stop. leaf nodes are specific
INFO: dtree.c(1478): Final simple tree
|( SILENCE 1 -1.586e+04 1.797e+02 7.412e+01
|    ( - -1.325e+04 1 0)
|    ( - -2.427e+03 1 0))
s>    ( SILENCE 1 -1.586e+04 1.797e+02 7.412e+01
s>        ( - -1.325e+04 1 0)
s>        ( - -2.427e+03 1 0))INFO: dtree.c(1478): Final simple tree
|( QUESTION0_5_R 1 -2.832e+04 4.561e+02 1.223e+02
|    ( - 2.409e+02 1 0)
|    ( WDBNDRY_B 0 -2.810e+04 4.494e+02 1.213e+02
|        ( - 2.418e+02 1 0)
|        ( QUESTION0_15_R 1 -2.790e+04 2.972e+02 1.203e+02
|            ( - -1.345e+03 1 0)
|            ( QUESTION4 -1 -2.625e+04 2.931e+02 1.138e+02
|                ( QUESTION4 1 -2.464e+04 2.429e+02 1.068e+02
|                    ( - -7.336e+03 6 0 QUESTION0_12_R 1 1.296e+02 3.021e+01)
|                    ( QUESTION7 1 -1.706e+04 2.222e+02 7.658e+01
|                        ( - -4.438e+02 1 0)
|                        ( WDBNDRY_E 0 -1.640e+04 1.955e+02 7.358e+01
|                            ( - -9.363e+03 7 0 QUESTION0_10_R 1 1.274e+02 4.131e+01)
|                            ( - -6.838e+03 1 0))))
|                ( - -1.318e+03 1 0)))))
s>    ( QUESTION0_5_R 1 -2.832e+04 4.561e+02 1.223e+02
s>        ( - 2.409e+02 1 0)
s>        ( WDBNDRY_B 0 -2.810e+04 4.494e+02 1.213e+02
s>            ( - 2.418e+02 1 0)
s>            ( QUESTION0_15_R 1 -2.790e+04 2.972e+02 1.203e+02
s>                ( - -1.345e+03 1 0)
s>                ( QUESTION4 -1 -2.625e+04 2.931e+02 1.138e+02
s>                    ( QUESTION4 1 -2.464e+04 2.429e+02 1.068e+02
s>                        ( - -7.336e+03 6 0 QUESTION0_12_R 1 1.296e+02 3.021e+01)
s>                        ( QUESTION7 1 -1.706e+04 2.222e+02 7.658e+01
s>                            ( - -4.438e+02 1 0)
s>                            ( WDBNDRY_E 0 -1.640e+04 1.955e+02 7.358e+01
s>                                ( - -9.363e+03 7 0 QUESTION0_10_R 1 1.274e+02 4.131e+01)
s>                                ( - -6.838e+03 1 0))))
s>                    ( - -1.318e+03 1 0)))))INFO: dtree.c(1315): Comp split 17
INFO: dtree.c(1478): Final simple tree
|( QUESTION0 -1 -2.056e+04 2.690e+02 8.831e+01
|    ( WDBNDRY_B 0 -5.439e+03 2.589e+02 2.337e+01
|        ( - -2.458e+02 1 0)
|        ( - -4.934e+03 1 0))
|    ( QUESTION2_1_L -1 -1.486e+04 1.951e+02 6.493e+01
|        ( WDBNDRY_B 0 -5.936e+03 2.047e+02 2.710e+01
|            ( - -3.305e+03 1 0)
|            ( - -2.426e+03 1 0))
|        ( QUESTION2_19_L -1 -8.726e+03 1.578e+02 3.783e+01
|            ( - -7.254e+02 2 0)
|            ( QUESTION4 -1 -7.842e+03 4.711e+02 3.483e+01
|                ( - 2.425e+02 1 0)
|                ( WDBNDRY_B 0 -7.614e+03 8.047e+01 3.383e+01
|                    ( - -8.620e+02 1 0)
|                    ( - -6.671e+03 1 0))))))
s>    ( QUESTION0 -1 -2.056e+04 2.690e+02 8.831e+01
s>        ( WDBNDRY_B 0 -5.439e+03 2.589e+02 2.337e+01
s>            ( - -2.458e+02 1 0)
s>            ( - -4.934e+03 1 0))
s>        ( QUESTION2_1_L -1 -1.486e+04 1.951e+02 6.493e+01
s>            ( WDBNDRY_B 0 -5.936e+03 2.047e+02 2.710e+01
s>                ( - -3.305e+03 1 0)
s>                ( - -2.426e+03 1 0))
s>            ( QUESTION2_19_L -1 -8.726e+03 1.578e+02 3.783e+01
s>                ( - -7.254e+02 2 0)
s>                ( QUESTION4 -1 -7.842e+03 4.711e+02 3.483e+01
s>                    ( - 2.425e+02 1 0)
s>                    ( WDBNDRY_B 0 -7.614e+03 8.047e+01 3.383e+01
s>                        ( - -8.620e+02 1 0)
s>                        ( - -6.671e+03 1 0))))))INFO: dtree.c(1315): Comp split 18
INFO: dtree.c(1439): stop. leaf nodes are specific
INFO: dtree.c(1478): Final simple tree
|( QUESTION5 -1 -2.033e+04 2.648e+02 8.731e+01
|    ( WDBNDRY_B 0 -1.281e+04 2.155e+02 5.693e+01
|        ( - -3.305e+03 1 0)
|        ( QUESTION19 -1 -9.290e+03 1.921e+02 4.181e+01
|            ( - -6.671e+03 1 0)
|            ( - -2.426e+03 1 0)))
|    ( WDBNDRY_B 0 -7.258e+03 1.592e+02 3.037e+01
|        ( QUESTION0 -1 -2.165e+03 2.166e+02 9.000e+00
|            ( - -2.458e+02 1 0)
|            ( SILENCE -1 -1.703e+03 1.155e+02 7.000e+00
|                ( - -8.620e+02 1 0)
|                ( - -7.254e+02 2 0)))
|        ( - -4.934e+03 1 0)))
s>    ( QUESTION5 -1 -2.033e+04 2.648e+02 8.731e+01
s>        ( WDBNDRY_B 0 -1.281e+04 2.155e+02 5.693e+01
s>            ( - -3.305e+03 1 0)
s>            ( QUESTION19 -1 -9.290e+03 1.921e+02 4.181e+01
s>                ( - -6.671e+03 1 0)
s>                ( - -2.426e+03 1 0)))
s>        ( WDBNDRY_B 0 -7.258e+03 1.592e+02 3.037e+01
s>            ( QUESTION0 -1 -2.165e+03 2.166e+02 9.000e+00
s>                ( - -2.458e+02 1 0)
s>                ( SILENCE -1 -1.703e+03 1.155e+02 7.000e+00
s>                    ( - -8.620e+02 1 0)
s>                    ( - -7.254e+02 2 0)))
s>            ( - -4.934e+03 1 0)))INFO: dtree.c(1315): Comp split 19
INFO: dtree.c(1439): stop. leaf nodes are specific
INFO: dtree.c(1478): Final simple tree
|( WDBNDRY_E 0 -1.581e+04 2.111e+02 7.322e+01
|    ( QUESTION0_3_R 1 -1.318e+03 1.633e+02 6.000e+00
|        ( - -3.405e+02 1 0)
|        ( QUESTION0_1_R 1 -8.138e+02 1.639e+02 4.000e+00
|            ( - -3.049e+02 1 0)
|            ( - -3.449e+02 1 0)))
|    ( - -1.428e+04 1 0))
s>    ( WDBNDRY_E 0 -1.581e+04 2.111e+02 7.322e+01
s>        ( QUESTION0_3_R 1 -1.318e+03 1.633e+02 6.000e+00
s>            ( - -3.405e+02 1 0)
s>            ( QUESTION0_1_R 1 -8.138e+02 1.639e+02 4.000e+00
s>                ( - -3.049e+02 1 0)
s>                ( - -3.449e+02 1 0)))
s>        ( - -1.428e+04 1 0))INFO: dtree.c(1315): Comp split 20
INFO: dtree.c(1478): Final simple tree
|( WDBNDRY_B 0 -2.810e+04 4.494e+02 1.213e+02
|    ( - 2.418e+02 1 0)
|    ( QUESTION0_15_R 1 -2.790e+04 2.972e+02 1.203e+02
|        ( - -1.345e+03 1 0)
|        ( QUESTION4 -1 -2.625e+04 2.931e+02 1.138e+02
|            ( QUESTION4 1 -2.464e+04 2.429e+02 1.068e+02
|                ( QUESTION0_12_R 1 -7.336e+03 1.296e+02 3.021e+01
|                    ( - -7.646e+02 1 0)
|                    ( - -6.442e+03 5 0 QUESTION0_8_R 1 4.688e+02 2.721e+01))
|                ( QUESTION7 1 -1.706e+04 2.222e+02 7.658e+01
|                    ( - -4.438e+02 1 0)
|                    ( WDBNDRY_E 0 -1.640e+04 1.955e+02 7.358e+01
|                        ( - -9.363e+03 7 0 QUESTION0_10_R 1 1.274e+02 4.131e+01)
|                        ( - -6.838e+03 1 0))))
|            ( - -1.318e+03 1 0))))
s>    ( WDBNDRY_B 0 -2.810e+04 4.494e+02 1.213e+02
s>        ( - 2.418e+02 1 0)
s>        ( QUESTION0_15_R 1 -2.790e+04 2.972e+02 1.203e+02
s>            ( - -1.345e+03 1 0)
s>            ( QUESTION4 -1 -2.625e+04 2.931e+02 1.138e+02
s>                ( QUESTION4 1 -2.464e+04 2.429e+02 1.068e+02
s>                    ( QUESTION0_12_R 1 -7.336e+03 1.296e+02 3.021e+01
s>                        ( - -7.646e+02 1 0)
s>                        ( - -6.442e+03 5 0 QUESTION0_8_R 1 4.688e+02 2.721e+01))
s>                    ( QUESTION7 1 -1.706e+04 2.222e+02 7.658e+01
s>                        ( - -4.438e+02 1 0)
s>                        ( WDBNDRY_E 0 -1.640e+04 1.955e+02 7.358e+01
s>                            ( - -9.363e+03 7 0 QUESTION0_10_R 1 1.274e+02 4.131e+01)
s>                            ( - -6.838e+03 1 0))))
s>                ( - -1.318e+03 1 0))))INFO: dtree.c(1315): Comp split 21
INFO: dtree.c(1478): Final simple tree
|( QUESTION0_15_R 1 -2.790e+04 2.972e+02 1.203e+02
|    ( - -1.345e+03 1 0)
|    ( QUESTION4 -1 -2.625e+04 2.931e+02 1.138e+02
|        ( QUESTION4 1 -2.464e+04 2.429e+02 1.068e+02
|            ( QUESTION0_12_R 1 -7.336e+03 1.296e+02 3.021e+01
|                ( - -7.646e+02 1 0)
|                ( QUESTION0_8_R 1 -6.442e+03 4.688e+02 2.721e+01
|                    ( - -6.215e+03 4 0)
|                    ( - 2.414e+02 1 0)))
|            ( QUESTION7 1 -1.706e+04 2.222e+02 7.658e+01
|                ( - -4.438e+02 1 0)
|                ( WDBNDRY_E 0 -1.640e+04 1.955e+02 7.358e+01
|                    ( - -9.363e+03 7 0 QUESTION0_10_R 1 1.274e+02 4.131e+01)
|                    ( - -6.838e+03 1 0))))
|        ( - -1.318e+03 1 0)))
s>    ( QUESTION0_15_R 1 -2.790e+04 2.972e+02 1.203e+02
s>        ( - -1.345e+03 1 0)
s>        ( QUESTION4 -1 -2.625e+04 2.931e+02 1.138e+02
s>            ( QUESTION4 1 -2.464e+04 2.429e+02 1.068e+02
s>                ( QUESTION0_12_R 1 -7.336e+03 1.296e+02 3.021e+01
s>                    ( - -7.646e+02 1 0)
s>                    ( QUESTION0_8_R 1 -6.442e+03 4.688e+02 2.721e+01
s>                        ( - -6.215e+03 4 0)
s>                        ( - 2.414e+02 1 0)))
s>                ( QUESTION7 1 -1.706e+04 2.222e+02 7.658e+01
s>                    ( - -4.438e+02 1 0)
s>                    ( WDBNDRY_E 0 -1.640e+04 1.955e+02 7.358e+01
s>                        ( - -9.363e+03 7 0 QUESTION0_10_R 1 1.274e+02 4.131e+01)
s>                        ( - -6.838e+03 1 0))))
s>            ( - -1.318e+03 1 0)))INFO: dtree.c(1315): Comp split 22
INFO: dtree.c(1478): Final simple tree
|( QUESTION0_15_R 1 -2.768e+04 2.973e+02 1.193e+02
|    ( - -1.345e+03 1 0)
|    ( QUESTION4 -1 -2.603e+04 2.933e+02 1.128e+02
|        ( QUESTION4 1 -2.442e+04 2.498e+02 1.058e+02
|            ( QUESTION0_8_R 1 -7.109e+03 1.299e+02 2.921e+01
|                ( - -6.215e+03 4 0)
|                ( - -7.646e+02 1 0))
|            ( QUESTION7 1 -1.706e+04 2.222e+02 7.658e+01
|                ( - -4.438e+02 1 0)
|                ( WDBNDRY_E 0 -1.640e+04 1.955e+02 7.358e+01
|                    ( QUESTION0_10_R 1 -9.363e+03 1.274e+02 4.131e+01
|                        ( - -9.759e+02 1 0)
|                        ( - -8.260e+03 6 0 QUESTION0_8_R 1 1.033e+02 3.731e+01))
|                    ( - -6.838e+03 1 0))))
|        ( - -1.318e+03 1 0)))
s>    ( QUESTION0_15_R 1 -2.768e+04 2.973e+02 1.193e+02
s>        ( - -1.345e+03 1 0)
s>        ( QUESTION4 -1 -2.603e+04 2.933e+02 1.128e+02
s>            ( QUESTION4 1 -2.442e+04 2.498e+02 1.058e+02
s>                ( QUESTION0_8_R 1 -7.109e+03 1.299e+02 2.921e+01
s>                    ( - -6.215e+03 4 0)
s>                    ( - -7.646e+02 1 0))
s>                ( QUESTION7 1 -1.706e+04 2.222e+02 7.658e+01
s>                    ( - -4.438e+02 1 0)
s>                    ( WDBNDRY_E 0 -1.640e+04 1.955e+02 7.358e+01
s>                        ( QUESTION0_10_R 1 -9.363e+03 1.274e+02 4.131e+01
s>                            ( - -9.759e+02 1 0)
s>                            ( - -8.260e+03 6 0 QUESTION0_8_R 1 1.033e+02 3.731e+01))
s>                        ( - -6.838e+03 1 0))))
s>            ( - -1.318e+03 1 0)))INFO: dtree.c(1315): Comp split 23
INFO: dtree.c(1315): Comp split 24
INFO: dtree.c(1478): Final simple tree
|( QUESTION4 1 -2.375e+04 2.450e+02 1.028e+02
|    ( QUESTION0_8_R 1 -7.109e+03 1.299e+02 2.921e+01
|        ( - -6.215e+03 4 0)
|        ( - -7.646e+02 1 0))
|    ( WDBNDRY_E 0 -1.640e+04 1.955e+02 7.358e+01
|        ( QUESTION0_10_R 1 -9.363e+03 1.274e+02 4.131e+01
|            ( - -9.759e+02 1 0)
|            ( QUESTION0_8_R 1 -8.260e+03 1.033e+02 3.731e+01
|                ( - -1.949e+03 1 0)
|                ( QUESTION0_1_R 1 -6.207e+03 1.001e+02 2.821e+01
|                    ( QUESTION0_4_R 1 -4.078e+03 9.056e+01 1.920e+01
|                        ( - -7.680e+02 1 0)
|                        ( - -3.219e+03 2 0))
|                    ( - -2.029e+03 2 0))))
|        ( - -6.838e+03 1 0)))
s>    ( QUESTION4 1 -2.375e+04 2.450e+02 1.028e+02
s>        ( QUESTION0_8_R 1 -7.109e+03 1.299e+02 2.921e+01
s>            ( - -6.215e+03 4 0)
s>            ( - -7.646e+02 1 0))
s>        ( WDBNDRY_E 0 -1.640e+04 1.955e+02 7.358e+01
s>            ( QUESTION0_10_R 1 -9.363e+03 1.274e+02 4.131e+01
s>                ( - -9.759e+02 1 0)
s>                ( QUESTION0_8_R 1 -8.260e+03 1.033e+02 3.731e+01
s>                    ( - -1.949e+03 1 0)
s>                    ( QUESTION0_1_R 1 -6.207e+03 1.001e+02 2.821e+01
s>                        ( QUESTION0_4_R 1 -4.078e+03 9.056e+01 1.920e+01
s>                            ( - -7.680e+02 1 0)
s>                            ( - -3.219e+03 2 0))
s>                        ( - -2.029e+03 2 0))))
s>            ( - -6.838e+03 1 0)))INFO: dtree.c(1439): stop. leaf nodes are specific
INFO: dtree.c(1478): Final simple tree
|( QUESTION0_8_R 1 -3.545e+03 2.254e+02 1.652e+01
|    ( - -1.318e+03 1 0)
|    ( WDBNDRY_E 0 -2.002e+03 2.131e+02 9.520e+00
|        ( - -4.438e+02 1 0)
|        ( - -1.345e+03 1 0)))
s>    ( QUESTION0_8_R 1 -3.545e+03 2.254e+02 1.652e+01
s>        ( - -1.318e+03 1 0)
s>        ( WDBNDRY_E 0 -2.002e+03 2.131e+02 9.520e+00
s>            ( - -4.438e+02 1 0)
s>            ( - -1.345e+03 1 0)))INFO: dtree.c(1315): Comp split 25
INFO: dtree.c(1439): stop. leaf nodes are specific
INFO: dtree.c(1478): Final simple tree
|( WDBNDRY_B 0 -2.046e+04 2.694e+02 1.038e+02
|    ( - -2.889e+02 1 0)
|    ( - -1.990e+04 1 0))
s>    ( WDBNDRY_B 0 -2.046e+04 2.694e+02 1.038e+02
s>        ( - -2.889e+02 1 0)
s>        ( - -1.990e+04 1 0))INFO: dtree.c(1315): Comp split 26
INFO: dtree.c(1439): stop. leaf nodes are specific
INFO: dtree.c(1478): Final simple tree
|( QUESTION2_1_L -1 -1.509e+04 2.126e+02 6.593e+01
|    ( WDBNDRY_B 0 -6.381e+03 2.078e+02 2.910e+01
|        ( QUESTION0 -1 -3.747e+03 1.962e+02 1.712e+01
|            ( - -2.458e+02 1 0)
|            ( - -3.305e+03 1 0))
|        ( - -2.426e+03 1 0))
|    ( QUESTION4 -1 -8.494e+03 1.546e+02 3.683e+01
|        ( - -7.254e+02 2 0)
|        ( WDBNDRY_B 0 -7.614e+03 8.047e+01 3.383e+01
|            ( - -8.620e+02 1 0)
|            ( - -6.671e+03 1 0))))
s>    ( QUESTION2_1_L -1 -1.509e+04 2.126e+02 6.593e+01
s>        ( WDBNDRY_B 0 -6.381e+03 2.078e+02 2.910e+01
s>            ( QUESTION0 -1 -3.747e+03 1.962e+02 1.712e+01
s>                ( - -2.458e+02 1 0)
s>                ( - -3.305e+03 1 0))
s>            ( - -2.426e+03 1 0))
s>        ( QUESTION4 -1 -8.494e+03 1.546e+02 3.683e+01
s>            ( - -7.254e+02 2 0)
s>            ( WDBNDRY_B 0 -7.614e+03 8.047e+01 3.383e+01
s>                ( - -8.620e+02 1 0)
s>                ( - -6.671e+03 1 0))))INFO: dtree.c(1315): Comp split 27
INFO: dtree.c(1439): stop. leaf nodes are specific
INFO: dtree.c(1478): Final simple tree
|( QUESTION6 -1 -1.186e+04 2.113e+02 5.073e+01
|    ( - -7.515e+02 1 0)
|    ( WDBNDRY_B 0 -1.090e+04 1.268e+02 4.773e+01
|        ( - -4.262e+03 2 0)
|        ( - -6.512e+03 1 0)))
s>    ( QUESTION6 -1 -1.186e+04 2.113e+02 5.073e+01
s>        ( - -7.515e+02 1 0)
s>        ( WDBNDRY_B 0 -1.090e+04 1.268e+02 4.773e+01
s>            ( - -4.262e+03 2 0)
s>            ( - -6.512e+03 1 0)))INFO: dtree.c(1315): Comp split 28
INFO: dtree.c(1315): Comp split 29
INFO: dtree.c(1439): stop. leaf nodes are specific
INFO: dtree.c(1478): Final simple tree
|( WDBNDRY_E 0 -1.528e+04 1.845e+02 6.958e+01
|    ( QUESTION0_8_R 1 -8.260e+03 1.033e+02 3.731e+01
|        ( - -1.949e+03 1 0)
|        ( QUESTION0_1_R 1 -6.207e+03 1.001e+02 2.821e+01
|            ( QUESTION0_4_R 1 -4.078e+03 9.056e+01 1.920e+01
|                ( - -7.680e+02 1 0)
|                ( - -3.219e+03 2 0))
|            ( - -2.029e+03 2 0)))
|    ( - -6.838e+03 1 0))
s>    ( WDBNDRY_E 0 -1.528e+04 1.845e+02 6.958e+01
s>        ( QUESTION0_8_R 1 -8.260e+03 1.033e+02 3.731e+01
s>            ( - -1.949e+03 1 0)
s>            ( QUESTION0_1_R 1 -6.207e+03 1.001e+02 2.821e+01
s>                ( QUESTION0_4_R 1 -4.078e+03 9.056e+01 1.920e+01
s>                    ( - -7.680e+02 1 0)
s>                    ( - -3.219e+03 2 0))
s>                ( - -2.029e+03 2 0)))
s>        ( - -6.838e+03 1 0))INFO: dtree.c(1439): stop. leaf nodes are specific
INFO: dtree.c(1478): Final simple tree
|( QUESTION0_8_R 1 -8.206e+03 1.384e+02 3.321e+01
|    ( - -6.215e+03 4 0)
|    ( QUESTION0_10_R 1 -1.853e+03 1.120e+02 7.000e+00
|        ( - -9.759e+02 1 0)
|        ( - -7.646e+02 1 0)))
s>    ( QUESTION0_8_R 1 -8.206e+03 1.384e+02 3.321e+01
s>        ( - -6.215e+03 4 0)
s>        ( QUESTION0_10_R 1 -1.853e+03 1.120e+02 7.000e+00
s>            ( - -9.759e+02 1 0)
s>            ( - -7.646e+02 1 0)))INFO: dtree.c(1315): Comp split 30
INFO: dtree.c(1439): stop. leaf nodes are specific
INFO: dtree.c(1478): Final simple tree
|( WDBNDRY_E 0 -2.002e+03 2.131e+02 9.520e+00
|    ( - -4.438e+02 1 0)
|    ( - -1.345e+03 1 0))
s>    ( WDBNDRY_E 0 -2.002e+03 2.131e+02 9.520e+00
s>        ( - -4.438e+02 1 0)
s>        ( - -1.345e+03 1 0))INFO: dtree.c(1315): Comp split 31
INFO: dtree.c(1439): stop. leaf nodes are specific
INFO: dtree.c(1478): Final simple tree
|( QUESTION0 -1 -3.747e+03 1.962e+02 1.712e+01
|    ( - -2.458e+02 1 0)
|    ( - -3.305e+03 1 0))
s>    ( QUESTION0 -1 -3.747e+03 1.962e+02 1.712e+01
s>        ( - -2.458e+02 1 0)
s>        ( - -3.305e+03 1 0))INFO: dtree.c(1439): stop. leaf nodes are specific
INFO: dtree.c(1478): Final simple tree
|( QUESTION2_1_L -1 -1.112e+04 2.004e+02 4.881e+01
|    ( - -2.426e+03 1 0)
|    ( QUESTION4 -1 -8.494e+03 1.546e+02 3.683e+01
|        ( - -7.254e+02 2 0)
|        ( WDBNDRY_B 0 -7.614e+03 8.047e+01 3.383e+01
|            ( - -8.620e+02 1 0)
|            ( - -6.671e+03 1 0))))
s>    ( QUESTION2_1_L -1 -1.112e+04 2.004e+02 4.881e+01
s>        ( - -2.426e+03 1 0)
s>        ( QUESTION4 -1 -8.494e+03 1.546e+02 3.683e+01
s>            ( - -7.254e+02 2 0)
s>            ( WDBNDRY_B 0 -7.614e+03 8.047e+01 3.383e+01
s>                ( - -8.620e+02 1 0)
s>                ( - -6.671e+03 1 0))))INFO: dtree.c(1315): Comp split 32
INFO: dtree.c(1315): Comp split 33
INFO: dtree.c(1439): stop. leaf nodes are specific
INFO: dtree.c(1478): Final simple tree
|( WDBNDRY_B 0 -1.090e+04 1.268e+02 4.773e+01
|    ( - -4.262e+03 2 0)
|    ( - -6.512e+03 1 0))
s>    ( WDBNDRY_B 0 -1.090e+04 1.268e+02 4.773e+01
s>        ( - -4.262e+03 2 0)
s>        ( - -6.512e+03 1 0))INFO: dtree.c(1315): Comp split 34
INFO: dtree.c(1439): stop. leaf nodes are specific
INFO: dtree.c(1478): Final simple tree
|( QUESTION0_3_R 1 -1.318e+03 1.633e+02 6.000e+00
|    ( - -3.405e+02 1 0)
|    ( QUESTION0_1_R 1 -8.138e+02 1.639e+02 4.000e+00
|        ( - -3.049e+02 1 0)
|        ( - -3.449e+02 1 0)))
s>    ( QUESTION0_3_R 1 -1.318e+03 1.633e+02 6.000e+00
s>        ( - -3.405e+02 1 0)
s>        ( QUESTION0_1_R 1 -8.138e+02 1.639e+02 4.000e+00
s>            ( - -3.049e+02 1 0)
s>            ( - -3.449e+02 1 0)))INFO: dtree.c(1315): Comp split 35
INFO: dtree.c(1439): stop. leaf nodes are specific
INFO: dtree.c(1478): Final simple tree
|( QUESTION4 -1 -8.494e+03 1.546e+02 3.683e+01
|    ( - -7.254e+02 2 0)
|    ( WDBNDRY_B 0 -7.614e+03 8.047e+01 3.383e+01
|        ( - -8.620e+02 1 0)
|        ( - -6.671e+03 1 0)))
s>    ( QUESTION4 -1 -8.494e+03 1.546e+02 3.683e+01
s>        ( - -7.254e+02 2 0)
s>        ( WDBNDRY_B 0 -7.614e+03 8.047e+01 3.383e+01
s>            ( - -8.620e+02 1 0)
s>            ( - -6.671e+03 1 0)))INFO: dtree.c(1315): Comp split 36
INFO: dtree.c(1315): Comp split 37
INFO: dtree.c(1315): Comp split 38
INFO: dtree.c(1439): stop. leaf nodes are specific
INFO: dtree.c(1478): Final simple tree
|( SILENCE -1 -1.576e+04 1.361e+02 6.701e+01
|    ( - -6.515e+03 3 0)
|    ( - -9.110e+03 8 0))
s>    ( SILENCE -1 -1.576e+04 1.361e+02 6.701e+01
s>        ( - -6.515e+03 3 0)
s>        ( - -9.110e+03 8 0))INFO: dtree.c(1439): stop. leaf nodes are specific
INFO: dtree.c(1478): Final simple tree
|( QUESTION19 -1 -1.961e+04 9.839e+01 8.766e+01
|    ( - -7.824e+02 2 0)
|    ( - -1.873e+04 2 0))
s>    ( QUESTION19 -1 -1.961e+04 9.839e+01 8.766e+01
s>        ( - -7.824e+02 2 0)
s>        ( - -1.873e+04 2 0))INFO: dtree.c(1315): Comp split 39
INFO: dtree.c(1439): stop. leaf nodes are specific
INFO: dtree.c(1478): Final simple tree
|( QUESTION0_8_R 1 -8.260e+03 1.033e+02 3.731e+01
|    ( - -1.949e+03 1 0)
|    ( QUESTION0_1_R 1 -6.207e+03 1.001e+02 2.821e+01
|        ( QUESTION0_4_R 1 -4.078e+03 9.056e+01 1.920e+01
|            ( - -7.680e+02 1 0)
|            ( - -3.219e+03 2 0))
|        ( - -2.029e+03 2 0)))
s>    ( QUESTION0_8_R 1 -8.260e+03 1.033e+02 3.731e+01
s>        ( - -1.949e+03 1 0)
s>        ( QUESTION0_1_R 1 -6.207e+03 1.001e+02 2.821e+01
s>            ( QUESTION0_4_R 1 -4.078e+03 9.056e+01 1.920e+01
s>                ( - -7.680e+02 1 0)
s>                ( - -3.219e+03 2 0))
s>            ( - -2.029e+03 2 0)))INFO: dtree.c(1315): Comp split 40
INFO: dtree.c(1315): Comp split 41
INFO: dtree.c(1439): stop. leaf nodes are specific
INFO: dtree.c(1478): Final simple tree
|( QUESTION0_1_R 1 -8.138e+02 1.639e+02 4.000e+00
|    ( - -3.049e+02 1 0)
|    ( - -3.449e+02 1 0))
s>    ( QUESTION0_1_R 1 -8.138e+02 1.639e+02 4.000e+00
s>        ( - -3.049e+02 1 0)
s>        ( - -3.449e+02 1 0))INFO: dtree.c(1315): Comp split 42
INFO: dtree.c(1315): Comp split 43
INFO: dtree.c(1439): stop. leaf nodes are specific
INFO: dtree.c(1478): Final simple tree
|( WDBNDRY_B 0 -7.614e+03 8.047e+01 3.383e+01
|    ( - -8.620e+02 1 0)
|    ( - -6.671e+03 1 0))
s>    ( WDBNDRY_B 0 -7.614e+03 8.047e+01 3.383e+01
s>        ( - -8.620e+02 1 0)
s>        ( - -6.671e+03 1 0))INFO: dtree.c(1315): Comp split 44
INFO: dtree.c(1439): stop. leaf nodes are specific
INFO: dtree.c(1478): Final simple tree
|( QUESTION0_10_R 1 -1.853e+03 1.120e+02 7.000e+00
|    ( - -9.759e+02 1 0)
|    ( - -7.646e+02 1 0))
s>    ( QUESTION0_10_R 1 -1.853e+03 1.120e+02 7.000e+00
s>        ( - -9.759e+02 1 0)
s>        ( - -7.646e+02 1 0))INFO: dtree.c(1315): Comp split 45
INFO: dtree.c(1315): Comp split 46
INFO: dtree.c(1315): Comp split 47
INFO: dtree.c(1315): Comp split 48
INFO: dtree.c(1439): stop. leaf nodes are specific
INFO: dtree.c(1478): Final simple tree
|( QUESTION0_1_R 1 -6.207e+03 1.001e+02 2.821e+01
|    ( QUESTION0_4_R 1 -4.078e+03 9.056e+01 1.920e+01
|        ( - -7.680e+02 1 0)
|        ( - -3.219e+03 2 0))
|    ( - -2.029e+03 2 0))
s>    ( QUESTION0_1_R 1 -6.207e+03 1.001e+02 2.821e+01
s>        ( QUESTION0_4_R 1 -4.078e+03 9.056e+01 1.920e+01
s>            ( - -7.680e+02 1 0)
s>            ( - -3.219e+03 2 0))
s>        ( - -2.029e+03 2 0))INFO: dtree.c(1315): Comp split 49
INFO: dtree.c(1439): stop. leaf nodes are specific
INFO: dtree.c(1478): Final simple tree
|( QUESTION0_4_R 1 -4.078e+03 9.056e+01 1.920e+01
|    ( - -7.680e+02 1 0)
|    ( - -3.219e+03 2 0))
s>    ( QUESTION0_4_R 1 -4.078e+03 9.056e+01 1.920e+01
s>        ( - -7.680e+02 1 0)
s>        ( - -3.219e+03 2 0))INFO: dtree.c(1315): Comp split 50
INFO: dtree.c(1315): Comp split 51
INFO: dtree.c(1315): Comp split 52
INFO: dtree.c(1315): Comp split 53
INFO: dtree.c(1318): stop. leaf nodes are specific
Mon Jan 30 07:35:49 2017
