Current configuration:
[NAME]		[DEFLT]	[VALUE]
-allphones	no	no
-cntthresh	0.00001	1.000000e-05
-csplitmax	100	2000
-csplitmin	1	1
-csplitthr	8e-4	0.000000e+00
-example	no	no
-fullvar	no	no
-help		no	no
-meanfn			/Users/benroye/forge/cmusphinx/voiceVim/model_parameters/voiceVim.cd_cont_untied/means
-mixwfn			/Users/benroye/forge/cmusphinx/voiceVim/model_parameters/voiceVim.cd_cont_untied/mixture_weights
-moddeffn		/Users/benroye/forge/cmusphinx/voiceVim/model_architecture/voiceVim.untied.mdef
-mwfloor	1e-4	1.000000e-08
-phone			z
-psetfn			/Users/benroye/forge/cmusphinx/voiceVim/model_architecture/voiceVim.tree_questions
-ssplitmax	5	7
-ssplitmin	1	1
-ssplitthr	8e-4	0.000000e+00
-state			0
-stwt			1.0,0.05,0.0,
-treefn			/Users/benroye/forge/cmusphinx/voiceVim/trees/voiceVim.unpruned/z-0.dtree
-ts2cbfn	.semi.	.cont.
-varfloor	0.00001	1.000000e-05
-varfn			/Users/benroye/forge/cmusphinx/voiceVim/model_parameters/voiceVim.cd_cont_untied/variances

INFO: main.c(223): Reading: /Users/benroye/forge/cmusphinx/voiceVim/model_architecture/voiceVim.untied.mdef
INFO: model_def_io.c(573): Model definition info:
INFO: model_def_io.c(574): 2249 total models defined (39 base, 2210 tri)
INFO: model_def_io.c(575): 8996 total states
INFO: model_def_io.c(576): 6747 total tied states
INFO: model_def_io.c(577): 117 total tied CI states
INFO: model_def_io.c(578): 39 total tied transition matrices
INFO: model_def_io.c(579): 4 max state/model
INFO: model_def_io.c(580): 4 min state/model
INFO: main.c(242): Building trees for [z SIL i b] through [z v uu b]
INFO: main.c(269): Covering states |[6654 6743]| == 90
INFO: main.c(275): Reading: /Users/benroye/forge/cmusphinx/voiceVim/model_parameters/voiceVim.cd_cont_untied/mixture_weights
INFO: s3mixw_io.c(173): Read /Users/benroye/forge/cmusphinx/voiceVim/model_parameters/voiceVim.cd_cont_untied/mixture_weights [90x1x1 array]
INFO: main.c(311): 30 of 30 models have observation count greater than 0.000010
INFO: main.c(95): nrm stwt: 0.952 0.048 0.000 
INFO: s3gau_io.c(169): Read /Users/benroye/forge/cmusphinx/voiceVim/model_parameters/voiceVim.cd_cont_untied/means [6747x1x1 array]
INFO: s3gau_io.c(169): Read /Users/benroye/forge/cmusphinx/voiceVim/model_parameters/voiceVim.cd_cont_untied/variances [6747x1x1 array]
INFO: main.c(549): Reading: /Users/benroye/forge/cmusphinx/voiceVim/model_architecture/voiceVim.tree_questions
INFO: main.c(588): 174 total simple questions (166 phone; 8 word bndry)
INFO: main.c(590): 40 Left Only questions, and 42 Right Only questions
INFO: dtree.c(1478): Final simple tree
|( WDBNDRY_B 0 -9.754e+04 1.701e+03 4.120e+02
|    ( QUESTION4 -1 -4.416e+04 5.347e+02 1.864e+02
|        ( QUESTION2_9_L -1 -2.150e+04 2.185e+02 9.334e+01
|            ( - -1.069e+03 1 0)
|            ( - -2.022e+04 6 0 QUESTION4 1 1.664e+02 8.834e+01))
|        ( QUESTION11 -1 -2.212e+04 2.173e+02 9.309e+01
|            ( - -2.563e+03 1 0)
|            ( QUESTION4 1 -1.934e+04 1.908e+02 8.109e+01
|                ( - -6.226e+03 5 0 QUESTION2 -1 4.682e+02 2.600e+01)
|                ( - -1.293e+04 6 0 SILENCE -1 2.030e+02 5.509e+01))))
|    ( SILENCE 1 -5.168e+04 3.890e+02 2.255e+02
|        ( - -5.393e+03 1 0)
|        ( QUESTION0_8_R 1 -4.590e+04 3.178e+02 2.021e+02
|            ( - -2.077e+03 2 0 QUESTION4 1 1.229e+02 9.000e+00)
|            ( - -4.350e+04 8 0 QUESTION2 1 1.313e+02 1.931e+02))))
s>    ( WDBNDRY_B 0 -9.754e+04 1.701e+03 4.120e+02
s>        ( QUESTION4 -1 -4.416e+04 5.347e+02 1.864e+02
s>            ( QUESTION2_9_L -1 -2.150e+04 2.185e+02 9.334e+01
s>                ( - -1.069e+03 1 0)
s>                ( - -2.022e+04 6 0 QUESTION4 1 1.664e+02 8.834e+01))
s>            ( QUESTION11 -1 -2.212e+04 2.173e+02 9.309e+01
s>                ( - -2.563e+03 1 0)
s>                ( QUESTION4 1 -1.934e+04 1.908e+02 8.109e+01
s>                    ( - -6.226e+03 5 0 QUESTION2 -1 4.682e+02 2.600e+01)
s>                    ( - -1.293e+04 6 0 SILENCE -1 2.030e+02 5.509e+01))))
s>        ( SILENCE 1 -5.168e+04 3.890e+02 2.255e+02
s>            ( - -5.393e+03 1 0)
s>            ( QUESTION0_8_R 1 -4.590e+04 3.178e+02 2.021e+02
s>                ( - -2.077e+03 2 0 QUESTION4 1 1.229e+02 9.000e+00)
s>                ( - -4.350e+04 8 0 QUESTION2 1 1.313e+02 1.931e+02))))INFO: dtree.c(1315): Comp split 0
INFO: dtree.c(1478): Final simple tree
|( QUESTION2 1 -4.350e+04 1.313e+02 1.931e+02
|    ( - -3.002e+03 1 0)
|    ( QUESTION0_13_R 1 -4.037e+04 1.289e+02 1.790e+02
|        ( QUESTION0_15_R 1 -1.405e+04 9.747e+01 6.209e+01
|            ( - -9.645e+03 1 0)
|            ( - -4.304e+03 1 0))
|        ( QUESTION0_4_R 1 -2.619e+04 1.198e+02 1.169e+02
|            ( - -1.476e+03 1 0)
|            ( QUESTION0_2_R 1 -2.460e+04 1.048e+02 1.099e+02
|                ( - -6.643e+03 1 0)
|                ( QUESTION0_10_R 1 -1.785e+04 9.179e+01 7.985e+01
|                    ( - -7.105e+03 1 0)
|                    ( QUESTION0_1_R 1 -1.065e+04 8.204e+01 4.722e+01
|                        ( - -8.246e+03 1 0)
|                        ( - -2.324e+03 1 0)))))))
s>    ( QUESTION2 1 -4.350e+04 1.313e+02 1.931e+02
s>        ( - -3.002e+03 1 0)
s>        ( QUESTION0_13_R 1 -4.037e+04 1.289e+02 1.790e+02
s>            ( QUESTION0_15_R 1 -1.405e+04 9.747e+01 6.209e+01
s>                ( - -9.645e+03 1 0)
s>                ( - -4.304e+03 1 0))
s>            ( QUESTION0_4_R 1 -2.619e+04 1.198e+02 1.169e+02
s>                ( - -1.476e+03 1 0)
s>                ( QUESTION0_2_R 1 -2.460e+04 1.048e+02 1.099e+02
s>                    ( - -6.643e+03 1 0)
s>                    ( QUESTION0_10_R 1 -1.785e+04 9.179e+01 7.985e+01
s>                        ( - -7.105e+03 1 0)
s>                        ( QUESTION0_1_R 1 -1.065e+04 8.204e+01 4.722e+01
s>                            ( - -8.246e+03 1 0)
s>                            ( - -2.324e+03 1 0)))))))INFO: dtree.c(1478): Final simple tree
|( WDBNDRY_B 0 -5.230e+04 5.106e+02 2.189e+02
|    ( QUESTION4 -1 -4.416e+04 5.347e+02 1.864e+02
|        ( QUESTION2_9_L -1 -2.150e+04 2.185e+02 9.334e+01
|            ( - -1.069e+03 1 0)
|            ( - -2.022e+04 6 0 QUESTION4 1 1.664e+02 8.834e+01))
|        ( QUESTION11 -1 -2.212e+04 2.173e+02 9.309e+01
|            ( - -2.563e+03 1 0)
|            ( QUESTION4 1 -1.934e+04 1.908e+02 8.109e+01
|                ( QUESTION2 -1 -6.226e+03 4.682e+02 2.600e+01
|                    ( - 1.221e+02 1 0)
|                    ( - -5.880e+03 4 0 SILENCE -1 1.763e+02 2.500e+01))
|                ( SILENCE -1 -1.293e+04 2.030e+02 5.509e+01
|                    ( - -6.801e+02 1 0)
|                    ( - -1.204e+04 5 0 QUESTION19 -1 1.496e+02 5.109e+01)))))
|    ( - -7.628e+03 3 0 SILENCE 1 1.572e+02 3.246e+01))
s>    ( WDBNDRY_B 0 -5.230e+04 5.106e+02 2.189e+02
s>        ( QUESTION4 -1 -4.416e+04 5.347e+02 1.864e+02
s>            ( QUESTION2_9_L -1 -2.150e+04 2.185e+02 9.334e+01
s>                ( - -1.069e+03 1 0)
s>                ( - -2.022e+04 6 0 QUESTION4 1 1.664e+02 8.834e+01))
s>            ( QUESTION11 -1 -2.212e+04 2.173e+02 9.309e+01
s>                ( - -2.563e+03 1 0)
s>                ( QUESTION4 1 -1.934e+04 1.908e+02 8.109e+01
s>                    ( QUESTION2 -1 -6.226e+03 4.682e+02 2.600e+01
s>                        ( - 1.221e+02 1 0)
s>                        ( - -5.880e+03 4 0 SILENCE -1 1.763e+02 2.500e+01))
s>                    ( SILENCE -1 -1.293e+04 2.030e+02 5.509e+01
s>                        ( - -6.801e+02 1 0)
s>                        ( - -1.204e+04 5 0 QUESTION19 -1 1.496e+02 5.109e+01)))))
s>        ( - -7.628e+03 3 0 SILENCE 1 1.572e+02 3.246e+01))INFO: dtree.c(1315): Comp split 1
INFO: dtree.c(1439): stop. leaf nodes are specific
INFO: dtree.c(1478): Final simple tree
|( QUESTION0 -1 -2.417e+04 4.467e+02 1.053e+02
|    ( - 1.221e+02 1 0)
|    ( SILENCE -1 -2.384e+04 2.080e+02 1.043e+02
|        ( - -6.801e+02 1 0)
|        ( QUESTION2_0_L -1 -2.295e+04 1.864e+02 1.003e+02
|            ( QUESTION4 -1 -4.072e+03 1.247e+02 1.900e+01
|                ( - -1.385e+03 1 0)
|                ( - -2.563e+03 1 0))
|            ( QUESTION4 1 -1.870e+04 1.825e+02 8.134e+01
|                ( - -1.624e+04 3 0)
|                ( - -2.271e+03 2 0)))))
s>    ( QUESTION0 -1 -2.417e+04 4.467e+02 1.053e+02
s>        ( - 1.221e+02 1 0)
s>        ( SILENCE -1 -2.384e+04 2.080e+02 1.043e+02
s>            ( - -6.801e+02 1 0)
s>            ( QUESTION2_0_L -1 -2.295e+04 1.864e+02 1.003e+02
s>                ( QUESTION4 -1 -4.072e+03 1.247e+02 1.900e+01
s>                    ( - -1.385e+03 1 0)
s>                    ( - -2.563e+03 1 0))
s>                ( QUESTION4 1 -1.870e+04 1.825e+02 8.134e+01
s>                    ( - -1.624e+04 3 0)
s>                    ( - -2.271e+03 2 0)))))INFO: dtree.c(1478): Final simple tree
|( WDBNDRY_B 0 -2.736e+04 3.739e+02 1.136e+02
|    ( QUESTION4 -1 -1.936e+04 1.848e+02 8.109e+01
|        ( - -1.069e+03 1 0)
|        ( QUESTION4 1 -1.810e+04 1.796e+02 7.609e+01
|            ( SILENCE -1 -5.880e+03 1.763e+02 2.500e+01
|                ( - -3.541e+02 1 0)
|                ( QUESTION0 -1 -5.349e+03 1.597e+02 2.300e+01
|                    ( - -1.563e+03 1 0)
|                    ( - -3.627e+03 2 0 QUESTION13 -1 8.510e+01 1.600e+01)))
|            ( QUESTION19 -1 -1.204e+04 1.496e+02 5.109e+01
|                ( - -3.684e+02 1 0)
|                ( - -1.152e+04 4 0 QUESTION1 -1 1.537e+02 4.909e+01))))
|    ( SILENCE 1 -7.628e+03 1.572e+02 3.246e+01
|        ( - -5.393e+03 1 0)
|        ( - -2.077e+03 2 0 QUESTION4 1 1.229e+02 9.000e+00)))
s>    ( WDBNDRY_B 0 -2.736e+04 3.739e+02 1.136e+02
s>        ( QUESTION4 -1 -1.936e+04 1.848e+02 8.109e+01
s>            ( - -1.069e+03 1 0)
s>            ( QUESTION4 1 -1.810e+04 1.796e+02 7.609e+01
s>                ( SILENCE -1 -5.880e+03 1.763e+02 2.500e+01
s>                    ( - -3.541e+02 1 0)
s>                    ( QUESTION0 -1 -5.349e+03 1.597e+02 2.300e+01
s>                        ( - -1.563e+03 1 0)
s>                        ( - -3.627e+03 2 0 QUESTION13 -1 8.510e+01 1.600e+01)))
s>                ( QUESTION19 -1 -1.204e+04 1.496e+02 5.109e+01
s>                    ( - -3.684e+02 1 0)
s>                    ( - -1.152e+04 4 0 QUESTION1 -1 1.537e+02 4.909e+01))))
s>        ( SILENCE 1 -7.628e+03 1.572e+02 3.246e+01
s>            ( - -5.393e+03 1 0)
s>            ( - -2.077e+03 2 0 QUESTION4 1 1.229e+02 9.000e+00)))INFO: dtree.c(1315): Comp split 2
INFO: dtree.c(1439): stop. leaf nodes are specific
INFO: dtree.c(1478): Final simple tree
|( SILENCE -1 -2.384e+04 2.080e+02 1.043e+02
|    ( - -6.801e+02 1 0)
|    ( QUESTION2_0_L -1 -2.295e+04 1.864e+02 1.003e+02
|        ( QUESTION4 -1 -4.072e+03 1.247e+02 1.900e+01
|            ( - -1.385e+03 1 0)
|            ( - -2.563e+03 1 0))
|        ( QUESTION4 1 -1.870e+04 1.825e+02 8.134e+01
|            ( - -1.624e+04 3 0)
|            ( - -2.271e+03 2 0))))
s>    ( SILENCE -1 -2.384e+04 2.080e+02 1.043e+02
s>        ( - -6.801e+02 1 0)
s>        ( QUESTION2_0_L -1 -2.295e+04 1.864e+02 1.003e+02
s>            ( QUESTION4 -1 -4.072e+03 1.247e+02 1.900e+01
s>                ( - -1.385e+03 1 0)
s>                ( - -2.563e+03 1 0))
s>            ( QUESTION4 1 -1.870e+04 1.825e+02 8.134e+01
s>                ( - -1.624e+04 3 0)
s>                ( - -2.271e+03 2 0))))INFO: dtree.c(1315): Comp split 3
INFO: dtree.c(1478): Final simple tree
|( QUESTION4 -1 -1.936e+04 1.848e+02 8.109e+01
|    ( - -1.069e+03 1 0)
|    ( QUESTION4 1 -1.810e+04 1.796e+02 7.609e+01
|        ( SILENCE -1 -5.880e+03 1.763e+02 2.500e+01
|            ( - -3.541e+02 1 0)
|            ( QUESTION0 -1 -5.349e+03 1.597e+02 2.300e+01
|                ( - -1.563e+03 1 0)
|                ( - -3.627e+03 2 0 QUESTION13 -1 8.510e+01 1.600e+01)))
|        ( QUESTION19 -1 -1.204e+04 1.496e+02 5.109e+01
|            ( - -3.684e+02 1 0)
|            ( QUESTION1 -1 -1.152e+04 1.537e+02 4.909e+01
|                ( - -1.462e+03 1 0)
|                ( QUESTION0 -1 -9.909e+03 1.084e+02 4.209e+01
|                    ( - -7.503e+03 2 0)
|                    ( - -2.297e+03 1 0))))))
s>    ( QUESTION4 -1 -1.936e+04 1.848e+02 8.109e+01
s>        ( - -1.069e+03 1 0)
s>        ( QUESTION4 1 -1.810e+04 1.796e+02 7.609e+01
s>            ( SILENCE -1 -5.880e+03 1.763e+02 2.500e+01
s>                ( - -3.541e+02 1 0)
s>                ( QUESTION0 -1 -5.349e+03 1.597e+02 2.300e+01
s>                    ( - -1.563e+03 1 0)
s>                    ( - -3.627e+03 2 0 QUESTION13 -1 8.510e+01 1.600e+01)))
s>            ( QUESTION19 -1 -1.204e+04 1.496e+02 5.109e+01
s>                ( - -3.684e+02 1 0)
s>                ( QUESTION1 -1 -1.152e+04 1.537e+02 4.909e+01
s>                    ( - -1.462e+03 1 0)
s>                    ( QUESTION0 -1 -9.909e+03 1.084e+02 4.209e+01
s>                        ( - -7.503e+03 2 0)
s>                        ( - -2.297e+03 1 0))))))INFO: dtree.c(1439): stop. leaf nodes are specific
INFO: dtree.c(1478): Final simple tree
|( SILENCE 1 -7.628e+03 1.572e+02 3.246e+01
|    ( - -5.393e+03 1 0)
|    ( QUESTION4 1 -2.077e+03 1.229e+02 9.000e+00
|        ( - -1.133e+03 1 0)
|        ( - -8.211e+02 1 0)))
s>    ( SILENCE 1 -7.628e+03 1.572e+02 3.246e+01
s>        ( - -5.393e+03 1 0)
s>        ( QUESTION4 1 -2.077e+03 1.229e+02 9.000e+00
s>            ( - -1.133e+03 1 0)
s>            ( - -8.211e+02 1 0)))INFO: dtree.c(1315): Comp split 4
INFO: dtree.c(1439): stop. leaf nodes are specific
INFO: dtree.c(1478): Final simple tree
|( QUESTION4 -1 -4.981e+03 1.474e+02 2.200e+01
|    ( - -2.271e+03 2 0)
|    ( - -2.563e+03 1 0))
s>    ( QUESTION4 -1 -4.981e+03 1.474e+02 2.200e+01
s>        ( - -2.271e+03 2 0)
s>        ( - -2.563e+03 1 0))INFO: dtree.c(1439): stop. leaf nodes are specific
INFO: dtree.c(1478): Final simple tree
|( SILENCE -1 -1.865e+04 2.106e+02 8.234e+01
|    ( - -6.801e+02 1 0)
|    ( QUESTION4 1 -1.776e+04 1.347e+02 7.834e+01
|        ( - -1.624e+04 3 0)
|        ( - -1.385e+03 1 0)))
s>    ( SILENCE -1 -1.865e+04 2.106e+02 8.234e+01
s>        ( - -6.801e+02 1 0)
s>        ( QUESTION4 1 -1.776e+04 1.347e+02 7.834e+01
s>            ( - -1.624e+04 3 0)
s>            ( - -1.385e+03 1 0)))INFO: dtree.c(1315): Comp split 5
INFO: dtree.c(1439): stop. leaf nodes are specific
INFO: dtree.c(1478): Final simple tree
|( QUESTION4 1 -1.776e+04 1.347e+02 7.834e+01
|    ( - -1.624e+04 3 0)
|    ( - -1.385e+03 1 0))
s>    ( QUESTION4 1 -1.776e+04 1.347e+02 7.834e+01
s>        ( - -1.624e+04 3 0)
s>        ( - -1.385e+03 1 0))INFO: dtree.c(1315): Comp split 6
INFO: dtree.c(1439): stop. leaf nodes are specific
INFO: dtree.c(1478): Final simple tree
|( QUESTION4 1 -6.054e+03 1.295e+02 2.600e+01
|    ( QUESTION13 -1 -3.627e+03 8.510e+01 1.600e+01
|        ( - -2.002e+03 1 0)
|        ( - -1.539e+03 1 0))
|    ( - -2.297e+03 1 0))
s>    ( QUESTION4 1 -6.054e+03 1.295e+02 2.600e+01
s>        ( QUESTION13 -1 -3.627e+03 8.510e+01 1.600e+01
s>            ( - -2.002e+03 1 0)
s>            ( - -1.539e+03 1 0))
s>        ( - -2.297e+03 1 0))INFO: dtree.c(1439): stop. leaf nodes are specific
INFO: dtree.c(1478): Final simple tree
|( QUESTION4 -1 -1.310e+04 1.810e+02 5.509e+01
|    ( - -1.069e+03 1 0)
|    ( SILENCE -1 -1.185e+04 1.680e+02 5.009e+01
|        ( - -3.541e+02 1 0)
|        ( QUESTION4 1 -1.133e+04 1.532e+02 4.809e+01
|            ( - -1.563e+03 1 0)
|            ( QUESTION2 -1 -9.614e+03 1.502e+02 4.109e+01
|                ( - -7.503e+03 2 0)
|                ( QUESTION0 -1 -1.961e+03 1.307e+02 9.000e+00
|                    ( - -1.462e+03 1 0)
|                    ( - -3.684e+02 1 0))))))
s>    ( QUESTION4 -1 -1.310e+04 1.810e+02 5.509e+01
s>        ( - -1.069e+03 1 0)
s>        ( SILENCE -1 -1.185e+04 1.680e+02 5.009e+01
s>            ( - -3.541e+02 1 0)
s>            ( QUESTION4 1 -1.133e+04 1.532e+02 4.809e+01
s>                ( - -1.563e+03 1 0)
s>                ( QUESTION2 -1 -9.614e+03 1.502e+02 4.109e+01
s>                    ( - -7.503e+03 2 0)
s>                    ( QUESTION0 -1 -1.961e+03 1.307e+02 9.000e+00
s>                        ( - -1.462e+03 1 0)
s>                        ( - -3.684e+02 1 0))))))INFO: dtree.c(1315): Comp split 7
INFO: dtree.c(1439): stop. leaf nodes are specific
INFO: dtree.c(1478): Final simple tree
|( SILENCE -1 -1.185e+04 1.680e+02 5.009e+01
|    ( - -3.541e+02 1 0)
|    ( QUESTION4 1 -1.133e+04 1.532e+02 4.809e+01
|        ( - -1.563e+03 1 0)
|        ( QUESTION2 -1 -9.614e+03 1.502e+02 4.109e+01
|            ( - -7.503e+03 2 0)
|            ( QUESTION0 -1 -1.961e+03 1.307e+02 9.000e+00
|                ( - -1.462e+03 1 0)
|                ( - -3.684e+02 1 0)))))
s>    ( SILENCE -1 -1.185e+04 1.680e+02 5.009e+01
s>        ( - -3.541e+02 1 0)
s>        ( QUESTION4 1 -1.133e+04 1.532e+02 4.809e+01
s>            ( - -1.563e+03 1 0)
s>            ( QUESTION2 -1 -9.614e+03 1.502e+02 4.109e+01
s>                ( - -7.503e+03 2 0)
s>                ( QUESTION0 -1 -1.961e+03 1.307e+02 9.000e+00
s>                    ( - -1.462e+03 1 0)
s>                    ( - -3.684e+02 1 0)))))INFO: dtree.c(1315): Comp split 8
INFO: dtree.c(1439): stop. leaf nodes are specific
INFO: dtree.c(1478): Final simple tree
|( QUESTION4 1 -1.133e+04 1.532e+02 4.809e+01
|    ( - -1.563e+03 1 0)
|    ( QUESTION2 -1 -9.614e+03 1.502e+02 4.109e+01
|        ( - -7.503e+03 2 0)
|        ( QUESTION0 -1 -1.961e+03 1.307e+02 9.000e+00
|            ( - -1.462e+03 1 0)
|            ( - -3.684e+02 1 0))))
s>    ( QUESTION4 1 -1.133e+04 1.532e+02 4.809e+01
s>        ( - -1.563e+03 1 0)
s>        ( QUESTION2 -1 -9.614e+03 1.502e+02 4.109e+01
s>            ( - -7.503e+03 2 0)
s>            ( QUESTION0 -1 -1.961e+03 1.307e+02 9.000e+00
s>                ( - -1.462e+03 1 0)
s>                ( - -3.684e+02 1 0))))INFO: dtree.c(1315): Comp split 9
INFO: dtree.c(1439): stop. leaf nodes are specific
INFO: dtree.c(1478): Final simple tree
|( QUESTION4 1 -2.077e+03 1.229e+02 9.000e+00
|    ( - -1.133e+03 1 0)
|    ( - -8.211e+02 1 0))
s>    ( QUESTION4 1 -2.077e+03 1.229e+02 9.000e+00
s>        ( - -1.133e+03 1 0)
s>        ( - -8.211e+02 1 0))INFO: dtree.c(1315): Comp split 10
INFO: dtree.c(1439): stop. leaf nodes are specific
INFO: dtree.c(1478): Final simple tree
|( QUESTION2 -1 -9.614e+03 1.502e+02 4.109e+01
|    ( - -7.503e+03 2 0)
|    ( QUESTION0 -1 -1.961e+03 1.307e+02 9.000e+00
|        ( - -1.462e+03 1 0)
|        ( - -3.684e+02 1 0)))
s>    ( QUESTION2 -1 -9.614e+03 1.502e+02 4.109e+01
s>        ( - -7.503e+03 2 0)
s>        ( QUESTION0 -1 -1.961e+03 1.307e+02 9.000e+00
s>            ( - -1.462e+03 1 0)
s>            ( - -3.684e+02 1 0)))INFO: dtree.c(1315): Comp split 11
INFO: dtree.c(1439): stop. leaf nodes are specific
INFO: dtree.c(1478): Final simple tree
|( QUESTION0_13_R 1 -3.877e+04 1.269e+02 1.720e+02
|    ( QUESTION0_15_R 1 -1.405e+04 9.747e+01 6.209e+01
|        ( - -9.645e+03 1 0)
|        ( - -4.304e+03 1 0))
|    ( QUESTION0_2_R 1 -2.460e+04 1.048e+02 1.099e+02
|        ( - -6.643e+03 1 0)
|        ( QUESTION0_10_R 1 -1.785e+04 9.179e+01 7.985e+01
|            ( - -7.105e+03 1 0)
|            ( QUESTION0_1_R 1 -1.065e+04 8.204e+01 4.722e+01
|                ( - -8.246e+03 1 0)
|                ( - -2.324e+03 1 0)))))
s>    ( QUESTION0_13_R 1 -3.877e+04 1.269e+02 1.720e+02
s>        ( QUESTION0_15_R 1 -1.405e+04 9.747e+01 6.209e+01
s>            ( - -9.645e+03 1 0)
s>            ( - -4.304e+03 1 0))
s>        ( QUESTION0_2_R 1 -2.460e+04 1.048e+02 1.099e+02
s>            ( - -6.643e+03 1 0)
s>            ( QUESTION0_10_R 1 -1.785e+04 9.179e+01 7.985e+01
s>                ( - -7.105e+03 1 0)
s>                ( QUESTION0_1_R 1 -1.065e+04 8.204e+01 4.722e+01
s>                    ( - -8.246e+03 1 0)
s>                    ( - -2.324e+03 1 0)))))INFO: dtree.c(1439): stop. leaf nodes are specific
INFO: dtree.c(1478): Final simple tree
|( QUESTION0_4_R 1 -4.579e+03 1.016e+02 2.111e+01
|    ( - -1.476e+03 1 0)
|    ( - -3.002e+03 1 0))
s>    ( QUESTION0_4_R 1 -4.579e+03 1.016e+02 2.111e+01
s>        ( - -1.476e+03 1 0)
s>        ( - -3.002e+03 1 0))INFO: dtree.c(1315): Comp split 12
INFO: dtree.c(1439): stop. leaf nodes are specific
INFO: dtree.c(1478): Final simple tree
|( QUESTION0 -1 -1.961e+03 1.307e+02 9.000e+00
|    ( - -1.462e+03 1 0)
|    ( - -3.684e+02 1 0))
s>    ( QUESTION0 -1 -1.961e+03 1.307e+02 9.000e+00
s>        ( - -1.462e+03 1 0)
s>        ( - -3.684e+02 1 0))INFO: dtree.c(1315): Comp split 13
INFO: dtree.c(1315): Comp split 14
INFO: dtree.c(1315): Comp split 15
INFO: dtree.c(1315): Comp split 16
INFO: dtree.c(1439): stop. leaf nodes are specific
INFO: dtree.c(1478): Final simple tree
|( QUESTION13 -1 -3.627e+03 8.510e+01 1.600e+01
|    ( - -2.002e+03 1 0)
|    ( - -1.539e+03 1 0))
s>    ( QUESTION13 -1 -3.627e+03 8.510e+01 1.600e+01
s>        ( - -2.002e+03 1 0)
s>        ( - -1.539e+03 1 0))INFO: dtree.c(1315): Comp split 17
INFO: dtree.c(1439): stop. leaf nodes are specific
INFO: dtree.c(1478): Final simple tree
|( QUESTION0_2_R 1 -2.460e+04 1.048e+02 1.099e+02
|    ( - -6.643e+03 1 0)
|    ( QUESTION0_10_R 1 -1.785e+04 9.179e+01 7.985e+01
|        ( - -7.105e+03 1 0)
|        ( QUESTION0_1_R 1 -1.065e+04 8.204e+01 4.722e+01
|            ( - -8.246e+03 1 0)
|            ( - -2.324e+03 1 0))))
s>    ( QUESTION0_2_R 1 -2.460e+04 1.048e+02 1.099e+02
s>        ( - -6.643e+03 1 0)
s>        ( QUESTION0_10_R 1 -1.785e+04 9.179e+01 7.985e+01
s>            ( - -7.105e+03 1 0)
s>            ( QUESTION0_1_R 1 -1.065e+04 8.204e+01 4.722e+01
s>                ( - -8.246e+03 1 0)
s>                ( - -2.324e+03 1 0))))INFO: dtree.c(1439): stop. leaf nodes are specific
INFO: dtree.c(1478): Final simple tree
|( QUESTION0_15_R 1 -1.405e+04 9.747e+01 6.209e+01
|    ( - -9.645e+03 1 0)
|    ( - -4.304e+03 1 0))
s>    ( QUESTION0_15_R 1 -1.405e+04 9.747e+01 6.209e+01
s>        ( - -9.645e+03 1 0)
s>        ( - -4.304e+03 1 0))INFO: dtree.c(1315): Comp split 18
INFO: dtree.c(1315): Comp split 19
INFO: dtree.c(1439): stop. leaf nodes are specific
INFO: dtree.c(1478): Final simple tree
|( QUESTION0_10_R 1 -1.785e+04 9.179e+01 7.985e+01
|    ( - -7.105e+03 1 0)
|    ( QUESTION0_1_R 1 -1.065e+04 8.204e+01 4.722e+01
|        ( - -8.246e+03 1 0)
|        ( - -2.324e+03 1 0)))
s>    ( QUESTION0_10_R 1 -1.785e+04 9.179e+01 7.985e+01
s>        ( - -7.105e+03 1 0)
s>        ( QUESTION0_1_R 1 -1.065e+04 8.204e+01 4.722e+01
s>            ( - -8.246e+03 1 0)
s>            ( - -2.324e+03 1 0)))INFO: dtree.c(1315): Comp split 20
INFO: dtree.c(1315): Comp split 21
INFO: dtree.c(1315): Comp split 22
INFO: dtree.c(1439): stop. leaf nodes are specific
INFO: dtree.c(1478): Final simple tree
|( QUESTION0_1_R 1 -1.065e+04 8.204e+01 4.722e+01
|    ( - -8.246e+03 1 0)
|    ( - -2.324e+03 1 0))
s>    ( QUESTION0_1_R 1 -1.065e+04 8.204e+01 4.722e+01
s>        ( - -8.246e+03 1 0)
s>        ( - -2.324e+03 1 0))INFO: dtree.c(1315): Comp split 23
INFO: dtree.c(1315): Comp split 24
INFO: dtree.c(1315): Comp split 25
INFO: dtree.c(1318): stop. leaf nodes are specific
Mon Jan 30 07:35:53 2017
