Current configuration:
[NAME]		[DEFLT]	[VALUE]
-allphones	no	no
-cntthresh	0.00001	1.000000e-05
-csplitmax	100	2000
-csplitmin	1	1
-csplitthr	8e-4	0.000000e+00
-example	no	no
-fullvar	no	no
-help		no	no
-meanfn			/Users/benroye/forge/cmusphinx/voiceVim/model_parameters/voiceVim.cd_cont_untied/means
-mixwfn			/Users/benroye/forge/cmusphinx/voiceVim/model_parameters/voiceVim.cd_cont_untied/mixture_weights
-moddeffn		/Users/benroye/forge/cmusphinx/voiceVim/model_architecture/voiceVim.untied.mdef
-mwfloor	1e-4	1.000000e-08
-phone			r
-psetfn			/Users/benroye/forge/cmusphinx/voiceVim/model_architecture/voiceVim.tree_questions
-ssplitmax	5	7
-ssplitmin	1	1
-ssplitthr	8e-4	0.000000e+00
-state			0
-stwt			1.0,0.05,0.0,
-treefn			/Users/benroye/forge/cmusphinx/voiceVim/trees/voiceVim.unpruned/r-0.dtree
-ts2cbfn	.semi.	.cont.
-varfloor	0.00001	1.000000e-05
-varfn			/Users/benroye/forge/cmusphinx/voiceVim/model_parameters/voiceVim.cd_cont_untied/variances

INFO: main.c(223): Reading: /Users/benroye/forge/cmusphinx/voiceVim/model_architecture/voiceVim.untied.mdef
INFO: model_def_io.c(573): Model definition info:
INFO: model_def_io.c(574): 2249 total models defined (39 base, 2210 tri)
INFO: model_def_io.c(575): 8996 total states
INFO: model_def_io.c(576): 6747 total tied states
INFO: model_def_io.c(577): 117 total tied CI states
INFO: model_def_io.c(578): 39 total tied transition matrices
INFO: model_def_io.c(579): 4 max state/model
INFO: model_def_io.c(580): 4 min state/model
INFO: main.c(242): Building trees for [r SIL ee b] through [r x ay i]
INFO: main.c(269): Covering states |[4248 4475]| == 228
INFO: main.c(275): Reading: /Users/benroye/forge/cmusphinx/voiceVim/model_parameters/voiceVim.cd_cont_untied/mixture_weights
INFO: s3mixw_io.c(173): Read /Users/benroye/forge/cmusphinx/voiceVim/model_parameters/voiceVim.cd_cont_untied/mixture_weights [228x1x1 array]
INFO: main.c(311): 76 of 76 models have observation count greater than 0.000010
INFO: main.c(95): nrm stwt: 0.952 0.048 0.000 
INFO: s3gau_io.c(169): Read /Users/benroye/forge/cmusphinx/voiceVim/model_parameters/voiceVim.cd_cont_untied/means [6747x1x1 array]
INFO: s3gau_io.c(169): Read /Users/benroye/forge/cmusphinx/voiceVim/model_parameters/voiceVim.cd_cont_untied/variances [6747x1x1 array]
INFO: main.c(549): Reading: /Users/benroye/forge/cmusphinx/voiceVim/model_architecture/voiceVim.tree_questions
INFO: main.c(588): 174 total simple questions (166 phone; 8 word bndry)
INFO: main.c(590): 40 Left Only questions, and 42 Right Only questions
INFO: dtree.c(1478): Final simple tree
|( QUESTION2_10_L -1 -6.833e+05 1.106e+04 3.031e+03
|    ( QUESTION0_8_R 1 -2.516e+05 4.575e+03 1.163e+03
|        ( WDBNDRY_I 0 -7.056e+04 1.842e+03 3.259e+02
|            ( - -5.512e+04 1 0)
|            ( - -1.360e+04 6 0 WDBNDRY_B 0 4.494e+02 6.446e+01))
|        ( QUESTION2_11_L -1 -1.765e+05 2.625e+03 8.373e+02
|            ( - -8.685e+04 21 0 QUESTION0_2_R 1 9.815e+02 4.115e+02)
|            ( QUESTION0_0_R 1 -8.701e+04 1.899e+03 4.257e+02
|                ( - -3.965e+04 2 0 QUESTION0_1_R 1 7.154e+02 2.014e+02)
|                ( - -4.546e+04 3 0 QUESTION2_13_L -1 6.104e+02 2.244e+02))))
|    ( QUESTION4 -1 -4.206e+05 2.856e+03 1.868e+03
|        ( WDBNDRY_B 0 -2.150e+05 3.711e+03 9.851e+02
|            ( - -1.064e+05 11 0 QUESTION2_0_L -1 5.957e+02 4.869e+02)
|            ( - -1.050e+05 2 0 QUESTION0_0_R 1 5.632e+02 4.981e+02))
|        ( - -2.027e+05 30 0 QUESTION11 -1 1.770e+03 8.830e+02)))
s>    ( QUESTION2_10_L -1 -6.833e+05 1.106e+04 3.031e+03
s>        ( QUESTION0_8_R 1 -2.516e+05 4.575e+03 1.163e+03
s>            ( WDBNDRY_I 0 -7.056e+04 1.842e+03 3.259e+02
s>                ( - -5.512e+04 1 0)
s>                ( - -1.360e+04 6 0 WDBNDRY_B 0 4.494e+02 6.446e+01))
s>            ( QUESTION2_11_L -1 -1.765e+05 2.625e+03 8.373e+02
s>                ( - -8.685e+04 21 0 QUESTION0_2_R 1 9.815e+02 4.115e+02)
s>                ( QUESTION0_0_R 1 -8.701e+04 1.899e+03 4.257e+02
s>                    ( - -3.965e+04 2 0 QUESTION0_1_R 1 7.154e+02 2.014e+02)
s>                    ( - -4.546e+04 3 0 QUESTION2_13_L -1 6.104e+02 2.244e+02))))
s>        ( QUESTION4 -1 -4.206e+05 2.856e+03 1.868e+03
s>            ( WDBNDRY_B 0 -2.150e+05 3.711e+03 9.851e+02
s>                ( - -1.064e+05 11 0 QUESTION2_0_L -1 5.957e+02 4.869e+02)
s>                ( - -1.050e+05 2 0 QUESTION0_0_R 1 5.632e+02 4.981e+02))
s>            ( - -2.027e+05 30 0 QUESTION11 -1 1.770e+03 8.830e+02)))INFO: dtree.c(1315): Comp split 0
INFO: dtree.c(1478): Final simple tree
|( QUESTION2_11_L -1 -1.910e+05 2.890e+03 9.017e+02
|    ( QUESTION0_2_R 1 -1.011e+05 1.119e+03 4.760e+02
|        ( - -2.266e+04 2 0 WDBNDRY_E 0 2.241e+02 1.147e+02)
|        ( QUESTION13 1 -7.730e+04 1.092e+03 3.613e+02
|            ( - -1.459e+04 4 0 WDBNDRY_E 0 3.602e+02 7.333e+01)
|            ( QUESTION0_16_R 1 -6.162e+04 5.804e+02 2.880e+02
|                ( - -2.560e+03 1 0)
|                ( - -5.848e+04 20 0 SILENCE 1 6.112e+02 2.743e+02))))
|    ( QUESTION0_0_R 1 -8.701e+04 1.899e+03 4.257e+02
|        ( QUESTION0_1_R 1 -3.965e+04 7.154e+02 2.014e+02
|            ( - -1.241e+04 1 0)
|            ( - -2.652e+04 1 0))
|        ( QUESTION2_13_L -1 -4.546e+04 6.104e+02 2.244e+02
|            ( - -4.023e+04 2 0 WDBNDRY_B 0 4.897e+02 2.020e+02)
|            ( - -4.618e+03 1 0))))
s>    ( QUESTION2_11_L -1 -1.910e+05 2.890e+03 9.017e+02
s>        ( QUESTION0_2_R 1 -1.011e+05 1.119e+03 4.760e+02
s>            ( - -2.266e+04 2 0 WDBNDRY_E 0 2.241e+02 1.147e+02)
s>            ( QUESTION13 1 -7.730e+04 1.092e+03 3.613e+02
s>                ( - -1.459e+04 4 0 WDBNDRY_E 0 3.602e+02 7.333e+01)
s>                ( QUESTION0_16_R 1 -6.162e+04 5.804e+02 2.880e+02
s>                    ( - -2.560e+03 1 0)
s>                    ( - -5.848e+04 20 0 SILENCE 1 6.112e+02 2.743e+02))))
s>        ( QUESTION0_0_R 1 -8.701e+04 1.899e+03 4.257e+02
s>            ( QUESTION0_1_R 1 -3.965e+04 7.154e+02 2.014e+02
s>                ( - -1.241e+04 1 0)
s>                ( - -2.652e+04 1 0))
s>            ( QUESTION2_13_L -1 -4.546e+04 6.104e+02 2.244e+02
s>                ( - -4.023e+04 2 0 WDBNDRY_B 0 4.897e+02 2.020e+02)
s>                ( - -4.618e+03 1 0))))INFO: dtree.c(1478): Final simple tree
|( QUESTION2_10_L -1 -4.804e+05 4.727e+03 2.129e+03
|    ( - -5.512e+04 1 0)
|    ( QUESTION4 -1 -4.206e+05 2.856e+03 1.868e+03
|        ( WDBNDRY_B 0 -2.150e+05 3.711e+03 9.851e+02
|            ( - -1.064e+05 11 0 QUESTION2_0_L -1 5.957e+02 4.869e+02)
|            ( - -1.050e+05 2 0 QUESTION0_0_R 1 5.632e+02 4.981e+02))
|        ( QUESTION11 -1 -2.027e+05 1.770e+03 8.830e+02
|            ( - -1.887e+04 2 0 QUESTION0_0_R 1 8.118e+02 8.945e+01)
|            ( QUESTION7 -1 -1.820e+05 1.317e+03 7.935e+02
|                ( - -3.642e+04 1 0)
|                ( WDBNDRY_B 0 -1.443e+05 1.153e+03 6.235e+02
|                    ( - -6.858e+04 21 0 QUESTION6 -1 5.644e+02 3.022e+02)
|                    ( QUESTION18 -1 -7.458e+04 1.262e+03 3.213e+02
|                        ( - -3.486e+04 3 0 QUESTION0_8_R 1 1.072e+03 1.576e+02)
|                        ( - -3.846e+04 3 0 QUESTION0 -1 4.877e+02 1.637e+02)))))))
s>    ( QUESTION2_10_L -1 -4.804e+05 4.727e+03 2.129e+03
s>        ( - -5.512e+04 1 0)
s>        ( QUESTION4 -1 -4.206e+05 2.856e+03 1.868e+03
s>            ( WDBNDRY_B 0 -2.150e+05 3.711e+03 9.851e+02
s>                ( - -1.064e+05 11 0 QUESTION2_0_L -1 5.957e+02 4.869e+02)
s>                ( - -1.050e+05 2 0 QUESTION0_0_R 1 5.632e+02 4.981e+02))
s>            ( QUESTION11 -1 -2.027e+05 1.770e+03 8.830e+02
s>                ( - -1.887e+04 2 0 QUESTION0_0_R 1 8.118e+02 8.945e+01)
s>                ( QUESTION7 -1 -1.820e+05 1.317e+03 7.935e+02
s>                    ( - -3.642e+04 1 0)
s>                    ( WDBNDRY_B 0 -1.443e+05 1.153e+03 6.235e+02
s>                        ( - -6.858e+04 21 0 QUESTION6 -1 5.644e+02 3.022e+02)
s>                        ( QUESTION18 -1 -7.458e+04 1.262e+03 3.213e+02
s>                            ( - -3.486e+04 3 0 QUESTION0_8_R 1 1.072e+03 1.576e+02)
s>                            ( - -3.846e+04 3 0 QUESTION0 -1 4.877e+02 1.637e+02)))))))INFO: dtree.c(1315): Comp split 1
INFO: dtree.c(1439): stop. leaf nodes are specific
INFO: dtree.c(1478): Final simple tree
|( QUESTION0_0_R 1 -7.507e+04 1.279e+03 3.509e+02
|    ( QUESTION4 -1 -5.761e+04 6.089e+02 2.704e+02
|        ( - -5.512e+04 1 0)
|        ( - -1.883e+03 1 0))
|    ( - -1.618e+04 1 0))
s>    ( QUESTION0_0_R 1 -7.507e+04 1.279e+03 3.509e+02
s>        ( QUESTION4 -1 -5.761e+04 6.089e+02 2.704e+02
s>            ( - -5.512e+04 1 0)
s>            ( - -1.883e+03 1 0))
s>        ( - -1.618e+04 1 0))INFO: dtree.c(1478): Final simple tree
|( QUESTION4 -1 -3.999e+05 2.834e+03 1.779e+03
|    ( WDBNDRY_B 0 -2.150e+05 3.711e+03 9.851e+02
|        ( QUESTION2_0_L -1 -1.064e+05 5.957e+02 4.869e+02
|            ( - -4.375e+04 5 0 QUESTION2_4_L -1 2.305e+02 2.052e+02)
|            ( - -6.200e+04 6 0 QUESTION0_0_R 1 3.925e+02 2.818e+02))
|        ( - -1.050e+05 2 0 QUESTION0_0_R 1 5.632e+02 4.981e+02))
|    ( QUESTION7 -1 -1.820e+05 1.317e+03 7.935e+02
|        ( - -3.642e+04 1 0)
|        ( WDBNDRY_B 0 -1.443e+05 1.153e+03 6.235e+02
|            ( - -6.858e+04 21 0 QUESTION6 -1 5.644e+02 3.022e+02)
|            ( QUESTION18 -1 -7.458e+04 1.262e+03 3.213e+02
|                ( QUESTION0_8_R 1 -3.486e+04 1.072e+03 1.576e+02
|                    ( - -1.428e+04 2 0 QUESTION19 -1 1.884e+02 6.501e+01)
|                    ( - -1.951e+04 1 0))
|                ( - -3.846e+04 3 0 QUESTION0 -1 4.877e+02 1.637e+02)))))
s>    ( QUESTION4 -1 -3.999e+05 2.834e+03 1.779e+03
s>        ( WDBNDRY_B 0 -2.150e+05 3.711e+03 9.851e+02
s>            ( QUESTION2_0_L -1 -1.064e+05 5.957e+02 4.869e+02
s>                ( - -4.375e+04 5 0 QUESTION2_4_L -1 2.305e+02 2.052e+02)
s>                ( - -6.200e+04 6 0 QUESTION0_0_R 1 3.925e+02 2.818e+02))
s>            ( - -1.050e+05 2 0 QUESTION0_0_R 1 5.632e+02 4.981e+02))
s>        ( QUESTION7 -1 -1.820e+05 1.317e+03 7.935e+02
s>            ( - -3.642e+04 1 0)
s>            ( WDBNDRY_B 0 -1.443e+05 1.153e+03 6.235e+02
s>                ( - -6.858e+04 21 0 QUESTION6 -1 5.644e+02 3.022e+02)
s>                ( QUESTION18 -1 -7.458e+04 1.262e+03 3.213e+02
s>                    ( QUESTION0_8_R 1 -3.486e+04 1.072e+03 1.576e+02
s>                        ( - -1.428e+04 2 0 QUESTION19 -1 1.884e+02 6.501e+01)
s>                        ( - -1.951e+04 1 0))
s>                    ( - -3.846e+04 3 0 QUESTION0 -1 4.877e+02 1.637e+02)))))INFO: dtree.c(1315): Comp split 2
INFO: dtree.c(1439): stop. leaf nodes are specific
INFO: dtree.c(1478): Final simple tree
|( QUESTION0_0_R 1 -1.050e+05 5.632e+02 4.981e+02
|    ( - -9.789e+04 1 0)
|    ( - -6.514e+03 1 0))
s>    ( QUESTION0_0_R 1 -1.050e+05 5.632e+02 4.981e+02
s>        ( - -9.789e+04 1 0)
s>        ( - -6.514e+03 1 0))INFO: dtree.c(1478): Final simple tree
|( WDBNDRY_B 0 -2.903e+05 2.057e+03 1.280e+03
|    ( QUESTION2_2_L -1 -1.759e+05 1.054e+03 7.892e+02
|        ( - -4.375e+04 5 0 QUESTION2_4_L -1 2.305e+02 2.052e+02)
|        ( QUESTION4 -1 -1.311e+05 5.512e+02 5.840e+02
|            ( - -6.200e+04 6 0 QUESTION0_0_R 1 3.925e+02 2.818e+02)
|            ( QUESTION6 -1 -6.858e+04 5.644e+02 3.022e+02
|                ( - -4.639e+03 1 0)
|                ( - -6.337e+04 20 0 QUESTION0_0_R 1 3.306e+02 2.802e+02))))
|    ( QUESTION13 -1 -1.123e+05 1.298e+03 4.913e+02
|        ( - -2.942e+04 2 0 QUESTION0_8_R 1 1.356e+02 1.261e+02)
|        ( QUESTION0_8_R 1 -8.155e+04 1.489e+03 3.652e+02
|            ( QUESTION0 -1 -6.056e+04 8.715e+02 2.726e+02
|                ( - -8.551e+03 1 0)
|                ( - -5.113e+04 3 0 QUESTION6 -1 4.300e+02 2.350e+02))
|            ( - -1.951e+04 1 0))))
s>    ( WDBNDRY_B 0 -2.903e+05 2.057e+03 1.280e+03
s>        ( QUESTION2_2_L -1 -1.759e+05 1.054e+03 7.892e+02
s>            ( - -4.375e+04 5 0 QUESTION2_4_L -1 2.305e+02 2.052e+02)
s>            ( QUESTION4 -1 -1.311e+05 5.512e+02 5.840e+02
s>                ( - -6.200e+04 6 0 QUESTION0_0_R 1 3.925e+02 2.818e+02)
s>                ( QUESTION6 -1 -6.858e+04 5.644e+02 3.022e+02
s>                    ( - -4.639e+03 1 0)
s>                    ( - -6.337e+04 20 0 QUESTION0_0_R 1 3.306e+02 2.802e+02))))
s>        ( QUESTION13 -1 -1.123e+05 1.298e+03 4.913e+02
s>            ( - -2.942e+04 2 0 QUESTION0_8_R 1 1.356e+02 1.261e+02)
s>            ( QUESTION0_8_R 1 -8.155e+04 1.489e+03 3.652e+02
s>                ( QUESTION0 -1 -6.056e+04 8.715e+02 2.726e+02
s>                    ( - -8.551e+03 1 0)
s>                    ( - -5.113e+04 3 0 QUESTION6 -1 4.300e+02 2.350e+02))
s>                ( - -1.951e+04 1 0))))INFO: dtree.c(1315): Comp split 3
INFO: dtree.c(1439): stop. leaf nodes are specific
INFO: dtree.c(1478): Final simple tree
|( QUESTION0_0_R 1 -8.701e+04 1.899e+03 4.257e+02
|    ( QUESTION0_1_R 1 -3.965e+04 7.154e+02 2.014e+02
|        ( - -1.241e+04 1 0)
|        ( - -2.652e+04 1 0))
|    ( QUESTION2_13_L -1 -4.546e+04 6.104e+02 2.244e+02
|        ( WDBNDRY_B 0 -4.023e+04 4.897e+02 2.020e+02
|            ( - -7.199e+02 1 0)
|            ( - -3.902e+04 1 0))
|        ( - -4.618e+03 1 0)))
s>    ( QUESTION0_0_R 1 -8.701e+04 1.899e+03 4.257e+02
s>        ( QUESTION0_1_R 1 -3.965e+04 7.154e+02 2.014e+02
s>            ( - -1.241e+04 1 0)
s>            ( - -2.652e+04 1 0))
s>        ( QUESTION2_13_L -1 -4.546e+04 6.104e+02 2.244e+02
s>            ( WDBNDRY_B 0 -4.023e+04 4.897e+02 2.020e+02
s>                ( - -7.199e+02 1 0)
s>                ( - -3.902e+04 1 0))
s>            ( - -4.618e+03 1 0)))INFO: dtree.c(1478): Final simple tree
|( QUESTION0_2_R 1 -1.011e+05 1.119e+03 4.760e+02
|    ( - -2.266e+04 2 0 WDBNDRY_E 0 2.241e+02 1.147e+02)
|    ( QUESTION13 1 -7.730e+04 1.092e+03 3.613e+02
|        ( - -1.459e+04 4 0 WDBNDRY_E 0 3.602e+02 7.333e+01)
|        ( QUESTION0_16_R 1 -6.162e+04 5.804e+02 2.880e+02
|            ( - -2.560e+03 1 0)
|            ( SILENCE 1 -5.848e+04 6.112e+02 2.743e+02
|                ( - -1.013e+04 1 0)
|                ( WDBNDRY_I 0 -4.774e+04 4.884e+02 2.267e+02
|                    ( - -1.264e+04 1 0)
|                    ( QUESTION0_5_R 1 -3.460e+04 4.616e+02 1.628e+02
|                        ( - 2.423e+02 1 0)
|                        ( WDBNDRY_B 0 -3.439e+04 4.541e+02 1.618e+02
|                            ( - 2.425e+02 1 0)
|                            ( - -3.417e+04 16 0 QUESTION0_6_R 1 3.592e+02 1.608e+02))))))))
s>    ( QUESTION0_2_R 1 -1.011e+05 1.119e+03 4.760e+02
s>        ( - -2.266e+04 2 0 WDBNDRY_E 0 2.241e+02 1.147e+02)
s>        ( QUESTION13 1 -7.730e+04 1.092e+03 3.613e+02
s>            ( - -1.459e+04 4 0 WDBNDRY_E 0 3.602e+02 7.333e+01)
s>            ( QUESTION0_16_R 1 -6.162e+04 5.804e+02 2.880e+02
s>                ( - -2.560e+03 1 0)
s>                ( SILENCE 1 -5.848e+04 6.112e+02 2.743e+02
s>                    ( - -1.013e+04 1 0)
s>                    ( WDBNDRY_I 0 -4.774e+04 4.884e+02 2.267e+02
s>                        ( - -1.264e+04 1 0)
s>                        ( QUESTION0_5_R 1 -3.460e+04 4.616e+02 1.628e+02
s>                            ( - 2.423e+02 1 0)
s>                            ( WDBNDRY_B 0 -3.439e+04 4.541e+02 1.618e+02
s>                                ( - 2.425e+02 1 0)
s>                                ( - -3.417e+04 16 0 QUESTION0_6_R 1 3.592e+02 1.608e+02))))))))INFO: dtree.c(1315): Comp split 4
INFO: dtree.c(1439): stop. leaf nodes are specific
INFO: dtree.c(1478): Final simple tree
|( QUESTION0_8_R 1 -7.205e+04 1.413e+03 3.276e+02
|    ( QUESTION6 -1 -5.113e+04 4.300e+02 2.350e+02
|        ( - -3.642e+04 1 0)
|        ( QUESTION19 -1 -1.428e+04 1.884e+02 6.501e+01
|            ( - -1.107e+04 1 0)
|            ( - -3.023e+03 1 0)))
|    ( - -1.951e+04 1 0))
s>    ( QUESTION0_8_R 1 -7.205e+04 1.413e+03 3.276e+02
s>        ( QUESTION6 -1 -5.113e+04 4.300e+02 2.350e+02
s>            ( - -3.642e+04 1 0)
s>            ( QUESTION19 -1 -1.428e+04 1.884e+02 6.501e+01
s>                ( - -1.107e+04 1 0)
s>                ( - -3.023e+03 1 0)))
s>        ( - -1.951e+04 1 0))INFO: dtree.c(1478): Final simple tree
|( QUESTION4 -1 -2.160e+05 1.685e+03 9.529e+02
|    ( QUESTION2_0_L -1 -1.064e+05 5.957e+02 4.869e+02
|        ( - -4.375e+04 5 0 QUESTION2_4_L -1 2.305e+02 2.052e+02)
|        ( QUESTION0_0_R 1 -6.200e+04 3.925e+02 2.818e+02
|            ( - -3.506e+03 2 0)
|            ( - -5.811e+04 4 0)))
|    ( WDBNDRY_B 0 -1.080e+05 9.255e+02 4.659e+02
|        ( QUESTION6 -1 -6.858e+04 5.644e+02 3.022e+02
|            ( - -4.639e+03 1 0)
|            ( QUESTION0_0_R 1 -6.337e+04 3.306e+02 2.802e+02
|                ( - -7.840e+03 3 0 SILENCE -1 1.326e+02 3.657e+01)
|                ( - -5.520e+04 17 0 QUESTION3 -1 2.621e+02 2.437e+02)))
|        ( QUESTION0 -1 -3.846e+04 4.877e+02 1.637e+02
|            ( - -8.551e+03 1 0)
|            ( - -2.942e+04 2 0 QUESTION0_8_R 1 1.356e+02 1.261e+02))))
s>    ( QUESTION4 -1 -2.160e+05 1.685e+03 9.529e+02
s>        ( QUESTION2_0_L -1 -1.064e+05 5.957e+02 4.869e+02
s>            ( - -4.375e+04 5 0 QUESTION2_4_L -1 2.305e+02 2.052e+02)
s>            ( QUESTION0_0_R 1 -6.200e+04 3.925e+02 2.818e+02
s>                ( - -3.506e+03 2 0)
s>                ( - -5.811e+04 4 0)))
s>        ( WDBNDRY_B 0 -1.080e+05 9.255e+02 4.659e+02
s>            ( QUESTION6 -1 -6.858e+04 5.644e+02 3.022e+02
s>                ( - -4.639e+03 1 0)
s>                ( QUESTION0_0_R 1 -6.337e+04 3.306e+02 2.802e+02
s>                    ( - -7.840e+03 3 0 SILENCE -1 1.326e+02 3.657e+01)
s>                    ( - -5.520e+04 17 0 QUESTION3 -1 2.621e+02 2.437e+02)))
s>            ( QUESTION0 -1 -3.846e+04 4.877e+02 1.637e+02
s>                ( - -8.551e+03 1 0)
s>                ( - -2.942e+04 2 0 QUESTION0_8_R 1 1.356e+02 1.261e+02))))INFO: dtree.c(1315): Comp split 5
INFO: dtree.c(1478): Final simple tree
|( QUESTION0_0_R 1 -9.840e+04 1.013e+03 4.224e+02
|    ( QUESTION0 -1 -4.218e+04 4.701e+02 1.787e+02
|        ( - -8.551e+03 1 0)
|        ( WDBNDRY_B 0 -3.316e+04 2.360e+02 1.411e+02
|            ( - -3.506e+03 2 0)
|            ( QUESTION0_8_R 1 -2.942e+04 1.356e+02 1.261e+02
|                ( - -1.021e+04 1 0)
|                ( - -1.907e+04 1 0))))
|    ( QUESTION3 -1 -5.520e+04 2.621e+02 2.437e+02
|        ( QUESTION19 -1 -2.223e+04 9.223e+01 1.002e+02
|            ( - -1.205e+03 2 0)
|            ( - -2.093e+04 2 0))
|        ( SILENCE -1 -3.272e+04 2.114e+02 1.434e+02
|            ( - -1.132e+04 3 0)
|            ( - -2.118e+04 10 0 QUESTION1 -1 9.171e+01 9.300e+01))))
s>    ( QUESTION0_0_R 1 -9.840e+04 1.013e+03 4.224e+02
s>        ( QUESTION0 -1 -4.218e+04 4.701e+02 1.787e+02
s>            ( - -8.551e+03 1 0)
s>            ( WDBNDRY_B 0 -3.316e+04 2.360e+02 1.411e+02
s>                ( - -3.506e+03 2 0)
s>                ( QUESTION0_8_R 1 -2.942e+04 1.356e+02 1.261e+02
s>                    ( - -1.021e+04 1 0)
s>                    ( - -1.907e+04 1 0))))
s>        ( QUESTION3 -1 -5.520e+04 2.621e+02 2.437e+02
s>            ( QUESTION19 -1 -2.223e+04 9.223e+01 1.002e+02
s>                ( - -1.205e+03 2 0)
s>                ( - -2.093e+04 2 0))
s>            ( SILENCE -1 -3.272e+04 2.114e+02 1.434e+02
s>                ( - -1.132e+04 3 0)
s>                ( - -2.118e+04 10 0 QUESTION1 -1 9.171e+01 9.300e+01))))INFO: dtree.c(1478): Final simple tree
|( QUESTION2_0_L -1 -1.155e+05 6.319e+02 5.305e+02
|    ( QUESTION2_4_L -1 -5.459e+04 3.716e+02 2.538e+02
|        ( QUESTION0_0_R 1 -3.376e+04 2.658e+02 1.602e+02
|            ( - -2.276e+02 1 0)
|            ( - -3.327e+04 2 0))
|        ( QUESTION6 -1 -2.046e+04 2.235e+02 9.353e+01
|            ( - -4.639e+03 1 0)
|            ( QUESTION4 -1 -1.560e+04 1.433e+02 7.153e+01
|                ( QUESTION0_0_R 1 -9.761e+03 4.672e+02 4.494e+01
|                    ( - 2.419e+02 1 0)
|                    ( - -9.536e+03 1 0))
|                ( - -5.694e+03 2 0 QUESTION0 -1 9.555e+01 2.658e+01))))
|    ( SILENCE -1 -6.023e+04 1.157e+02 2.768e+02
|        ( - -2.013e+03 1 0)
|        ( - -5.811e+04 4 0)))
s>    ( QUESTION2_0_L -1 -1.155e+05 6.319e+02 5.305e+02
s>        ( QUESTION2_4_L -1 -5.459e+04 3.716e+02 2.538e+02
s>            ( QUESTION0_0_R 1 -3.376e+04 2.658e+02 1.602e+02
s>                ( - -2.276e+02 1 0)
s>                ( - -3.327e+04 2 0))
s>            ( QUESTION6 -1 -2.046e+04 2.235e+02 9.353e+01
s>                ( - -4.639e+03 1 0)
s>                ( QUESTION4 -1 -1.560e+04 1.433e+02 7.153e+01
s>                    ( QUESTION0_0_R 1 -9.761e+03 4.672e+02 4.494e+01
s>                        ( - 2.419e+02 1 0)
s>                        ( - -9.536e+03 1 0))
s>                    ( - -5.694e+03 2 0 QUESTION0 -1 9.555e+01 2.658e+01))))
s>        ( SILENCE -1 -6.023e+04 1.157e+02 2.768e+02
s>            ( - -2.013e+03 1 0)
s>            ( - -5.811e+04 4 0)))INFO: dtree.c(1315): Comp split 6
INFO: dtree.c(1439): stop. leaf nodes are specific
INFO: dtree.c(1478): Final simple tree
|( QUESTION0_7_R 1 -4.082e+04 7.609e+02 2.054e+02
|    ( - -2.652e+04 1 0)
|    ( WDBNDRY_B 0 -1.354e+04 4.056e+02 6.813e+01
|        ( - -7.199e+02 1 0)
|        ( - -1.241e+04 1 0)))
s>    ( QUESTION0_7_R 1 -4.082e+04 7.609e+02 2.054e+02
s>        ( - -2.652e+04 1 0)
s>        ( WDBNDRY_B 0 -1.354e+04 4.056e+02 6.813e+01
s>            ( - -7.199e+02 1 0)
s>            ( - -1.241e+04 1 0)))INFO: dtree.c(1439): stop. leaf nodes are specific
INFO: dtree.c(1478): Final simple tree
|( QUESTION2_13_L -1 -4.428e+04 6.439e+02 2.204e+02
|    ( - -3.902e+04 1 0)
|    ( - -4.618e+03 1 0))
s>    ( QUESTION2_13_L -1 -4.428e+04 6.439e+02 2.204e+02
s>        ( - -3.902e+04 1 0)
s>        ( - -4.618e+03 1 0))INFO: dtree.c(1315): Comp split 7
INFO: dtree.c(1478): Final simple tree
|( WDBNDRY_I 0 -4.774e+04 4.884e+02 2.267e+02
|    ( - -1.264e+04 1 0)
|    ( QUESTION0_5_R 1 -3.460e+04 4.616e+02 1.628e+02
|        ( - 2.423e+02 1 0)
|        ( WDBNDRY_B 0 -3.439e+04 4.541e+02 1.618e+02
|            ( - 2.425e+02 1 0)
|            ( QUESTION0_6_R 1 -3.417e+04 3.592e+02 1.608e+02
|                ( - -3.675e+03 2 0)
|                ( QUESTION0_15_R 1 -3.014e+04 3.926e+02 1.433e+02
|                    ( - -3.197e+03 1 0)
|                    ( QUESTION6 1 -2.655e+04 2.820e+02 1.269e+02
|                        ( - -2.501e+03 3 0 QUESTION0_10_R 1 2.182e+02 1.215e+01)
|                        ( QUESTION0_9_R 1 -2.377e+04 2.357e+02 1.147e+02
|                            ( - -8.382e+03 3 0 QUESTION0_12_R 1 1.501e+02 4.327e+01)
|                            ( - -1.515e+04 7 0 QUESTION0_0_R 1 2.204e+02 7.146e+01))))))))
s>    ( WDBNDRY_I 0 -4.774e+04 4.884e+02 2.267e+02
s>        ( - -1.264e+04 1 0)
s>        ( QUESTION0_5_R 1 -3.460e+04 4.616e+02 1.628e+02
s>            ( - 2.423e+02 1 0)
s>            ( WDBNDRY_B 0 -3.439e+04 4.541e+02 1.618e+02
s>                ( - 2.425e+02 1 0)
s>                ( QUESTION0_6_R 1 -3.417e+04 3.592e+02 1.608e+02
s>                    ( - -3.675e+03 2 0)
s>                    ( QUESTION0_15_R 1 -3.014e+04 3.926e+02 1.433e+02
s>                        ( - -3.197e+03 1 0)
s>                        ( QUESTION6 1 -2.655e+04 2.820e+02 1.269e+02
s>                            ( - -2.501e+03 3 0 QUESTION0_10_R 1 2.182e+02 1.215e+01)
s>                            ( QUESTION0_9_R 1 -2.377e+04 2.357e+02 1.147e+02
s>                                ( - -8.382e+03 3 0 QUESTION0_12_R 1 1.501e+02 4.327e+01)
s>                                ( - -1.515e+04 7 0 QUESTION0_0_R 1 2.204e+02 7.146e+01))))))))INFO: dtree.c(1478): Final simple tree
|( QUESTION0_7_R 1 -5.159e+04 8.976e+02 2.493e+02
|    ( QUESTION0_14_R 1 -1.613e+04 4.795e+02 8.106e+01
|        ( - -2.560e+03 1 0)
|        ( WDBNDRY_E 0 -1.309e+04 1.800e+02 6.733e+01
|            ( - -5.392e+02 1 0)
|            ( - -1.237e+04 1 0)))
|    ( WDBNDRY_E 0 -3.456e+04 4.429e+02 1.682e+02
|        ( QUESTION16 1 -1.195e+04 2.282e+02 5.559e+01
|            ( - -2.325e+02 1 0)
|            ( QUESTION0_2_R 1 -1.149e+04 1.779e+02 5.359e+01
|                ( - -2.736e+02 1 0)
|                ( SILENCE 1 -1.104e+04 1.436e+02 5.159e+01
|                    ( - -1.013e+04 1 0)
|                    ( - -7.653e+02 1 0))))
|        ( - -2.216e+04 1 0)))
s>    ( QUESTION0_7_R 1 -5.159e+04 8.976e+02 2.493e+02
s>        ( QUESTION0_14_R 1 -1.613e+04 4.795e+02 8.106e+01
s>            ( - -2.560e+03 1 0)
s>            ( WDBNDRY_E 0 -1.309e+04 1.800e+02 6.733e+01
s>                ( - -5.392e+02 1 0)
s>                ( - -1.237e+04 1 0)))
s>        ( WDBNDRY_E 0 -3.456e+04 4.429e+02 1.682e+02
s>            ( QUESTION16 1 -1.195e+04 2.282e+02 5.559e+01
s>                ( - -2.325e+02 1 0)
s>                ( QUESTION0_2_R 1 -1.149e+04 1.779e+02 5.359e+01
s>                    ( - -2.736e+02 1 0)
s>                    ( SILENCE 1 -1.104e+04 1.436e+02 5.159e+01
s>                        ( - -1.013e+04 1 0)
s>                        ( - -7.653e+02 1 0))))
s>            ( - -2.216e+04 1 0)))INFO: dtree.c(1315): Comp split 8
INFO: dtree.c(1439): stop. leaf nodes are specific
INFO: dtree.c(1478): Final simple tree
|( QUESTION6 -1 -5.113e+04 4.300e+02 2.350e+02
|    ( - -3.642e+04 1 0)
|    ( QUESTION19 -1 -1.428e+04 1.884e+02 6.501e+01
|        ( - -1.107e+04 1 0)
|        ( - -3.023e+03 1 0)))
s>    ( QUESTION6 -1 -5.113e+04 4.300e+02 2.350e+02
s>        ( - -3.642e+04 1 0)
s>        ( QUESTION19 -1 -1.428e+04 1.884e+02 6.501e+01
s>            ( - -1.107e+04 1 0)
s>            ( - -3.023e+03 1 0)))INFO: dtree.c(1315): Comp split 9
INFO: dtree.c(1439): stop. leaf nodes are specific
INFO: dtree.c(1478): Final simple tree
|( QUESTION4 -1 -5.761e+04 6.089e+02 2.704e+02
|    ( - -5.512e+04 1 0)
|    ( - -1.883e+03 1 0))
s>    ( QUESTION4 -1 -5.761e+04 6.089e+02 2.704e+02
s>        ( - -5.512e+04 1 0)
s>        ( - -1.883e+03 1 0))INFO: dtree.c(1315): Comp split 10
INFO: dtree.c(1439): stop. leaf nodes are specific
INFO: dtree.c(1478): Final simple tree
|( QUESTION3 -1 -5.520e+04 2.621e+02 2.437e+02
|    ( QUESTION19 -1 -2.223e+04 9.223e+01 1.002e+02
|        ( - -1.205e+03 2 0)
|        ( - -2.093e+04 2 0))
|    ( SILENCE -1 -3.272e+04 2.114e+02 1.434e+02
|        ( - -1.132e+04 3 0)
|        ( QUESTION1 -1 -2.118e+04 9.171e+01 9.300e+01
|            ( - -5.921e+03 2 0)
|            ( - -1.517e+04 8 0))))
s>    ( QUESTION3 -1 -5.520e+04 2.621e+02 2.437e+02
s>        ( QUESTION19 -1 -2.223e+04 9.223e+01 1.002e+02
s>            ( - -1.205e+03 2 0)
s>            ( - -2.093e+04 2 0))
s>        ( SILENCE -1 -3.272e+04 2.114e+02 1.434e+02
s>            ( - -1.132e+04 3 0)
s>            ( QUESTION1 -1 -2.118e+04 9.171e+01 9.300e+01
s>                ( - -5.921e+03 2 0)
s>                ( - -1.517e+04 8 0))))INFO: dtree.c(1439): stop. leaf nodes are specific
INFO: dtree.c(1478): Final simple tree
|( QUESTION0 -1 -4.218e+04 4.701e+02 1.787e+02
|    ( - -8.551e+03 1 0)
|    ( WDBNDRY_B 0 -3.316e+04 2.360e+02 1.411e+02
|        ( - -3.506e+03 2 0)
|        ( QUESTION0_8_R 1 -2.942e+04 1.356e+02 1.261e+02
|            ( - -1.021e+04 1 0)
|            ( - -1.907e+04 1 0))))
s>    ( QUESTION0 -1 -4.218e+04 4.701e+02 1.787e+02
s>        ( - -8.551e+03 1 0)
s>        ( WDBNDRY_B 0 -3.316e+04 2.360e+02 1.411e+02
s>            ( - -3.506e+03 2 0)
s>            ( QUESTION0_8_R 1 -2.942e+04 1.356e+02 1.261e+02
s>                ( - -1.021e+04 1 0)
s>                ( - -1.907e+04 1 0))))INFO: dtree.c(1315): Comp split 11
INFO: dtree.c(1439): stop. leaf nodes are specific
INFO: dtree.c(1478): Final simple tree
|( QUESTION4 1 -3.826e+04 4.917e+02 1.850e+02
|    ( - -2.216e+04 1 0)
|    ( WDBNDRY_E 0 -1.560e+04 4.284e+02 7.232e+01
|        ( QUESTION16 1 -1.261e+04 2.249e+02 5.859e+01
|            ( - -2.325e+02 1 0)
|            ( QUESTION0_2_R 1 -1.216e+04 1.746e+02 5.659e+01
|                ( - -2.736e+02 1 0)
|                ( SILENCE 1 -1.171e+04 1.454e+02 5.459e+01
|                    ( - -1.013e+04 1 0)
|                    ( QUESTION0_1_R 1 -1.432e+03 1.270e+02 7.000e+00
|                        ( - -7.653e+02 1 0)
|                        ( - -5.392e+02 1 0)))))
|        ( - -2.560e+03 1 0)))
s>    ( QUESTION4 1 -3.826e+04 4.917e+02 1.850e+02
s>        ( - -2.216e+04 1 0)
s>        ( WDBNDRY_E 0 -1.560e+04 4.284e+02 7.232e+01
s>            ( QUESTION16 1 -1.261e+04 2.249e+02 5.859e+01
s>                ( - -2.325e+02 1 0)
s>                ( QUESTION0_2_R 1 -1.216e+04 1.746e+02 5.659e+01
s>                    ( - -2.736e+02 1 0)
s>                    ( SILENCE 1 -1.171e+04 1.454e+02 5.459e+01
s>                        ( - -1.013e+04 1 0)
s>                        ( QUESTION0_1_R 1 -1.432e+03 1.270e+02 7.000e+00
s>                            ( - -7.653e+02 1 0)
s>                            ( - -5.392e+02 1 0)))))
s>            ( - -2.560e+03 1 0)))INFO: dtree.c(1315): Comp split 12
INFO: dtree.c(1439): stop. leaf nodes are specific
INFO: dtree.c(1478): Final simple tree
|( WDBNDRY_B 0 -1.354e+04 4.056e+02 6.813e+01
|    ( - -7.199e+02 1 0)
|    ( - -1.241e+04 1 0))
s>    ( WDBNDRY_B 0 -1.354e+04 4.056e+02 6.813e+01
s>        ( - -7.199e+02 1 0)
s>        ( - -1.241e+04 1 0))INFO: dtree.c(1315): Comp split 13
INFO: dtree.c(1478): Final simple tree
|( QUESTION0_5_R 1 -2.420e+04 4.608e+02 1.167e+02
|    ( - 2.423e+02 1 0)
|    ( WDBNDRY_B 0 -2.398e+04 4.531e+02 1.157e+02
|        ( - 2.425e+02 1 0)
|        ( QUESTION0_9_R 1 -2.377e+04 2.357e+02 1.147e+02
|            ( QUESTION0_12_R 1 -8.382e+03 1.501e+02 4.327e+01
|                ( - -4.680e+03 1 0)
|                ( QUESTION0_10_R 1 -3.552e+03 4.629e+02 1.889e+01
|                    ( - -3.331e+03 1 0)
|                    ( - 2.415e+02 1 0)))
|            ( QUESTION0_0_R 1 -1.515e+04 2.204e+02 7.146e+01
|                ( QUESTION11 1 -1.425e+04 1.247e+02 6.746e+01
|                    ( - -1.588e+03 1 0)
|                    ( - -1.254e+04 5 0 QUESTION0_1_R 1 1.147e+02 5.945e+01))
|                ( - -6.755e+02 1 0)))))
s>    ( QUESTION0_5_R 1 -2.420e+04 4.608e+02 1.167e+02
s>        ( - 2.423e+02 1 0)
s>        ( WDBNDRY_B 0 -2.398e+04 4.531e+02 1.157e+02
s>            ( - 2.425e+02 1 0)
s>            ( QUESTION0_9_R 1 -2.377e+04 2.357e+02 1.147e+02
s>                ( QUESTION0_12_R 1 -8.382e+03 1.501e+02 4.327e+01
s>                    ( - -4.680e+03 1 0)
s>                    ( QUESTION0_10_R 1 -3.552e+03 4.629e+02 1.889e+01
s>                        ( - -3.331e+03 1 0)
s>                        ( - 2.415e+02 1 0)))
s>                ( QUESTION0_0_R 1 -1.515e+04 2.204e+02 7.146e+01
s>                    ( QUESTION11 1 -1.425e+04 1.247e+02 6.746e+01
s>                        ( - -1.588e+03 1 0)
s>                        ( - -1.254e+04 5 0 QUESTION0_1_R 1 1.147e+02 5.945e+01))
s>                    ( - -6.755e+02 1 0)))))INFO: dtree.c(1439): stop. leaf nodes are specific
INFO: dtree.c(1478): Final simple tree
|( WDBNDRY_E 0 -2.286e+04 4.476e+02 1.100e+02
|    ( QUESTION0_13_R 1 -9.771e+03 2.672e+02 4.604e+01
|        ( - -3.197e+03 1 0)
|        ( QUESTION0_10_R 1 -6.306e+03 2.173e+02 2.956e+01
|            ( - -2.176e+02 1 0)
|            ( QUESTION0_1_R 1 -5.872e+03 1.314e+02 2.756e+01
|                ( - -3.675e+03 2 0)
|                ( - -2.065e+03 2 0))))
|    ( - -1.264e+04 1 0))
s>    ( WDBNDRY_E 0 -2.286e+04 4.476e+02 1.100e+02
s>        ( QUESTION0_13_R 1 -9.771e+03 2.672e+02 4.604e+01
s>            ( - -3.197e+03 1 0)
s>            ( QUESTION0_10_R 1 -6.306e+03 2.173e+02 2.956e+01
s>                ( - -2.176e+02 1 0)
s>                ( QUESTION0_1_R 1 -5.872e+03 1.314e+02 2.756e+01
s>                    ( - -3.675e+03 2 0)
s>                    ( - -2.065e+03 2 0))))
s>        ( - -1.264e+04 1 0))INFO: dtree.c(1315): Comp split 14
INFO: dtree.c(1315): Comp split 15
INFO: dtree.c(1439): stop. leaf nodes are specific
INFO: dtree.c(1478): Final simple tree
|( QUESTION2_4_L -1 -5.412e+04 3.865e+02 2.518e+02
|    ( - -3.327e+04 2 0)
|    ( QUESTION6 -1 -2.046e+04 2.235e+02 9.353e+01
|        ( - -4.639e+03 1 0)
|        ( QUESTION4 -1 -1.560e+04 1.433e+02 7.153e+01
|            ( QUESTION0_0_R 1 -9.761e+03 4.672e+02 4.494e+01
|                ( - 2.419e+02 1 0)
|                ( - -9.536e+03 1 0))
|            ( QUESTION0 -1 -5.694e+03 9.555e+01 2.658e+01
|                ( - -7.468e+02 1 0)
|                ( - -4.852e+03 1 0)))))
s>    ( QUESTION2_4_L -1 -5.412e+04 3.865e+02 2.518e+02
s>        ( - -3.327e+04 2 0)
s>        ( QUESTION6 -1 -2.046e+04 2.235e+02 9.353e+01
s>            ( - -4.639e+03 1 0)
s>            ( QUESTION4 -1 -1.560e+04 1.433e+02 7.153e+01
s>                ( QUESTION0_0_R 1 -9.761e+03 4.672e+02 4.494e+01
s>                    ( - 2.419e+02 1 0)
s>                    ( - -9.536e+03 1 0))
s>                ( QUESTION0 -1 -5.694e+03 9.555e+01 2.658e+01
s>                    ( - -7.468e+02 1 0)
s>                    ( - -4.852e+03 1 0)))))INFO: dtree.c(1439): stop. leaf nodes are specific
INFO: dtree.c(1478): Final simple tree
|( QUESTION2_0_L -1 -6.071e+04 2.478e+02 2.788e+02
|    ( - -2.276e+02 1 0)
|    ( SILENCE -1 -6.023e+04 1.157e+02 2.768e+02
|        ( - -2.013e+03 1 0)
|        ( - -5.811e+04 4 0)))
s>    ( QUESTION2_0_L -1 -6.071e+04 2.478e+02 2.788e+02
s>        ( - -2.276e+02 1 0)
s>        ( SILENCE -1 -6.023e+04 1.157e+02 2.768e+02
s>            ( - -2.013e+03 1 0)
s>            ( - -5.811e+04 4 0)))INFO: dtree.c(1315): Comp split 16
INFO: dtree.c(1315): Comp split 17
INFO: dtree.c(1315): Comp split 18
INFO: dtree.c(1439): stop. leaf nodes are specific
INFO: dtree.c(1478): Final simple tree
|( WDBNDRY_E 0 -1.560e+04 4.284e+02 7.232e+01
|    ( QUESTION16 1 -1.261e+04 2.249e+02 5.859e+01
|        ( - -2.325e+02 1 0)
|        ( QUESTION0_2_R 1 -1.216e+04 1.746e+02 5.659e+01
|            ( - -2.736e+02 1 0)
|            ( SILENCE 1 -1.171e+04 1.454e+02 5.459e+01
|                ( - -1.013e+04 1 0)
|                ( QUESTION0_1_R 1 -1.432e+03 1.270e+02 7.000e+00
|                    ( - -7.653e+02 1 0)
|                    ( - -5.392e+02 1 0)))))
|    ( - -2.560e+03 1 0))
s>    ( WDBNDRY_E 0 -1.560e+04 4.284e+02 7.232e+01
s>        ( QUESTION16 1 -1.261e+04 2.249e+02 5.859e+01
s>            ( - -2.325e+02 1 0)
s>            ( QUESTION0_2_R 1 -1.216e+04 1.746e+02 5.659e+01
s>                ( - -2.736e+02 1 0)
s>                ( SILENCE 1 -1.171e+04 1.454e+02 5.459e+01
s>                    ( - -1.013e+04 1 0)
s>                    ( QUESTION0_1_R 1 -1.432e+03 1.270e+02 7.000e+00
s>                        ( - -7.653e+02 1 0)
s>                        ( - -5.392e+02 1 0)))))
s>        ( - -2.560e+03 1 0))INFO: dtree.c(1315): Comp split 19
INFO: dtree.c(1439): stop. leaf nodes are specific
INFO: dtree.c(1478): Final simple tree
|( QUESTION2_4_L -1 -5.389e+04 3.821e+02 2.508e+02
|    ( - -3.327e+04 2 0)
|    ( QUESTION6 -1 -2.023e+04 2.251e+02 9.253e+01
|        ( - -4.639e+03 1 0)
|        ( QUESTION0_0_R 1 -1.537e+04 1.407e+02 7.053e+01
|            ( QUESTION0 -1 -5.694e+03 9.555e+01 2.658e+01
|                ( - -7.468e+02 1 0)
|                ( - -4.852e+03 1 0))
|            ( - -9.536e+03 1 0))))
s>    ( QUESTION2_4_L -1 -5.389e+04 3.821e+02 2.508e+02
s>        ( - -3.327e+04 2 0)
s>        ( QUESTION6 -1 -2.023e+04 2.251e+02 9.253e+01
s>            ( - -4.639e+03 1 0)
s>            ( QUESTION0_0_R 1 -1.537e+04 1.407e+02 7.053e+01
s>                ( QUESTION0 -1 -5.694e+03 9.555e+01 2.658e+01
s>                    ( - -7.468e+02 1 0)
s>                    ( - -4.852e+03 1 0))
s>                ( - -9.536e+03 1 0))))INFO: dtree.c(1315): Comp split 20
INFO: dtree.c(1439): stop. leaf nodes are specific
INFO: dtree.c(1478): Final simple tree
|( WDBNDRY_B 0 -3.316e+04 2.360e+02 1.411e+02
|    ( - -3.506e+03 2 0)
|    ( QUESTION0_8_R 1 -2.942e+04 1.356e+02 1.261e+02
|        ( - -1.021e+04 1 0)
|        ( - -1.907e+04 1 0)))
s>    ( WDBNDRY_B 0 -3.316e+04 2.360e+02 1.411e+02
s>        ( - -3.506e+03 2 0)
s>        ( QUESTION0_8_R 1 -2.942e+04 1.356e+02 1.261e+02
s>            ( - -1.021e+04 1 0)
s>            ( - -1.907e+04 1 0)))INFO: dtree.c(1315): Comp split 21
INFO: dtree.c(1478): Final simple tree
|( WDBNDRY_B 0 -2.398e+04 4.531e+02 1.157e+02
|    ( - 2.425e+02 1 0)
|    ( QUESTION0_9_R 1 -2.377e+04 2.357e+02 1.147e+02
|        ( QUESTION0_12_R 1 -8.382e+03 1.501e+02 4.327e+01
|            ( - -4.680e+03 1 0)
|            ( QUESTION0_10_R 1 -3.552e+03 4.629e+02 1.889e+01
|                ( - -3.331e+03 1 0)
|                ( - 2.415e+02 1 0)))
|        ( QUESTION0_0_R 1 -1.515e+04 2.204e+02 7.146e+01
|            ( QUESTION11 1 -1.425e+04 1.247e+02 6.746e+01
|                ( - -1.588e+03 1 0)
|                ( QUESTION0_1_R 1 -1.254e+04 1.147e+02 5.945e+01
|                    ( - -7.462e+02 1 0)
|                    ( - -1.168e+04 4 0)))
|            ( - -6.755e+02 1 0))))
s>    ( WDBNDRY_B 0 -2.398e+04 4.531e+02 1.157e+02
s>        ( - 2.425e+02 1 0)
s>        ( QUESTION0_9_R 1 -2.377e+04 2.357e+02 1.147e+02
s>            ( QUESTION0_12_R 1 -8.382e+03 1.501e+02 4.327e+01
s>                ( - -4.680e+03 1 0)
s>                ( QUESTION0_10_R 1 -3.552e+03 4.629e+02 1.889e+01
s>                    ( - -3.331e+03 1 0)
s>                    ( - 2.415e+02 1 0)))
s>            ( QUESTION0_0_R 1 -1.515e+04 2.204e+02 7.146e+01
s>                ( QUESTION11 1 -1.425e+04 1.247e+02 6.746e+01
s>                    ( - -1.588e+03 1 0)
s>                    ( QUESTION0_1_R 1 -1.254e+04 1.147e+02 5.945e+01
s>                        ( - -7.462e+02 1 0)
s>                        ( - -1.168e+04 4 0)))
s>                ( - -6.755e+02 1 0))))INFO: dtree.c(1315): Comp split 22
INFO: dtree.c(1439): stop. leaf nodes are specific
INFO: dtree.c(1478): Final simple tree
|( WDBNDRY_B 0 -2.376e+04 4.531e+02 1.147e+02
|    ( - 2.425e+02 1 0)
|    ( QUESTION0_9_R 1 -2.355e+04 2.464e+02 1.137e+02
|        ( QUESTION0_10_R 1 -8.157e+03 1.456e+02 4.227e+01
|            ( - -3.331e+03 1 0)
|            ( - -4.680e+03 1 0))
|        ( QUESTION0_0_R 1 -1.515e+04 2.204e+02 7.146e+01
|            ( QUESTION11 1 -1.425e+04 1.247e+02 6.746e+01
|                ( - -1.588e+03 1 0)
|                ( QUESTION0_1_R 1 -1.254e+04 1.147e+02 5.945e+01
|                    ( - -7.462e+02 1 0)
|                    ( - -1.168e+04 4 0)))
|            ( - -6.755e+02 1 0))))
s>    ( WDBNDRY_B 0 -2.376e+04 4.531e+02 1.147e+02
s>        ( - 2.425e+02 1 0)
s>        ( QUESTION0_9_R 1 -2.355e+04 2.464e+02 1.137e+02
s>            ( QUESTION0_10_R 1 -8.157e+03 1.456e+02 4.227e+01
s>                ( - -3.331e+03 1 0)
s>                ( - -4.680e+03 1 0))
s>            ( QUESTION0_0_R 1 -1.515e+04 2.204e+02 7.146e+01
s>                ( QUESTION11 1 -1.425e+04 1.247e+02 6.746e+01
s>                    ( - -1.588e+03 1 0)
s>                    ( QUESTION0_1_R 1 -1.254e+04 1.147e+02 5.945e+01
s>                        ( - -7.462e+02 1 0)
s>                        ( - -1.168e+04 4 0)))
s>                ( - -6.755e+02 1 0))))INFO: dtree.c(1315): Comp split 23
INFO: dtree.c(1439): stop. leaf nodes are specific
INFO: dtree.c(1478): Final simple tree
|( QUESTION0_9_R 1 -2.355e+04 2.464e+02 1.137e+02
|    ( QUESTION0_10_R 1 -8.157e+03 1.456e+02 4.227e+01
|        ( - -3.331e+03 1 0)
|        ( - -4.680e+03 1 0))
|    ( QUESTION0_0_R 1 -1.515e+04 2.204e+02 7.146e+01
|        ( QUESTION11 1 -1.425e+04 1.247e+02 6.746e+01
|            ( - -1.588e+03 1 0)
|            ( QUESTION0_1_R 1 -1.254e+04 1.147e+02 5.945e+01
|                ( - -7.462e+02 1 0)
|                ( - -1.168e+04 4 0)))
|        ( - -6.755e+02 1 0)))
s>    ( QUESTION0_9_R 1 -2.355e+04 2.464e+02 1.137e+02
s>        ( QUESTION0_10_R 1 -8.157e+03 1.456e+02 4.227e+01
s>            ( - -3.331e+03 1 0)
s>            ( - -4.680e+03 1 0))
s>        ( QUESTION0_0_R 1 -1.515e+04 2.204e+02 7.146e+01
s>            ( QUESTION11 1 -1.425e+04 1.247e+02 6.746e+01
s>                ( - -1.588e+03 1 0)
s>                ( QUESTION0_1_R 1 -1.254e+04 1.147e+02 5.945e+01
s>                    ( - -7.462e+02 1 0)
s>                    ( - -1.168e+04 4 0)))
s>            ( - -6.755e+02 1 0)))INFO: dtree.c(1315): Comp split 24
INFO: dtree.c(1439): stop. leaf nodes are specific
INFO: dtree.c(1478): Final simple tree
|( QUESTION0_13_R 1 -9.771e+03 2.672e+02 4.604e+01
|    ( - -3.197e+03 1 0)
|    ( QUESTION0_10_R 1 -6.306e+03 2.173e+02 2.956e+01
|        ( - -2.176e+02 1 0)
|        ( QUESTION0_1_R 1 -5.872e+03 1.314e+02 2.756e+01
|            ( - -3.675e+03 2 0)
|            ( - -2.065e+03 2 0))))
s>    ( QUESTION0_13_R 1 -9.771e+03 2.672e+02 4.604e+01
s>        ( - -3.197e+03 1 0)
s>        ( QUESTION0_10_R 1 -6.306e+03 2.173e+02 2.956e+01
s>            ( - -2.176e+02 1 0)
s>            ( QUESTION0_1_R 1 -5.872e+03 1.314e+02 2.756e+01
s>                ( - -3.675e+03 2 0)
s>                ( - -2.065e+03 2 0))))INFO: dtree.c(1315): Comp split 25
INFO: dtree.c(1439): stop. leaf nodes are specific
INFO: dtree.c(1478): Final simple tree
|( QUESTION19 -1 -1.428e+04 1.884e+02 6.501e+01
|    ( - -1.107e+04 1 0)
|    ( - -3.023e+03 1 0))
s>    ( QUESTION19 -1 -1.428e+04 1.884e+02 6.501e+01
s>        ( - -1.107e+04 1 0)
s>        ( - -3.023e+03 1 0))INFO: dtree.c(1315): Comp split 26
INFO: dtree.c(1439): stop. leaf nodes are specific
INFO: dtree.c(1478): Final simple tree
|( QUESTION16 1 -1.261e+04 2.249e+02 5.859e+01
|    ( - -2.325e+02 1 0)
|    ( QUESTION0_2_R 1 -1.216e+04 1.746e+02 5.659e+01
|        ( - -2.736e+02 1 0)
|        ( SILENCE 1 -1.171e+04 1.454e+02 5.459e+01
|            ( - -1.013e+04 1 0)
|            ( QUESTION0_1_R 1 -1.432e+03 1.270e+02 7.000e+00
|                ( - -7.653e+02 1 0)
|                ( - -5.392e+02 1 0)))))
s>    ( QUESTION16 1 -1.261e+04 2.249e+02 5.859e+01
s>        ( - -2.325e+02 1 0)
s>        ( QUESTION0_2_R 1 -1.216e+04 1.746e+02 5.659e+01
s>            ( - -2.736e+02 1 0)
s>            ( SILENCE 1 -1.171e+04 1.454e+02 5.459e+01
s>                ( - -1.013e+04 1 0)
s>                ( QUESTION0_1_R 1 -1.432e+03 1.270e+02 7.000e+00
s>                    ( - -7.653e+02 1 0)
s>                    ( - -5.392e+02 1 0)))))INFO: dtree.c(1315): Comp split 27
INFO: dtree.c(1315): Comp split 28
INFO: dtree.c(1439): stop. leaf nodes are specific
INFO: dtree.c(1478): Final simple tree
|( QUESTION0_0_R 1 -3.411e+04 9.915e+01 1.622e+02
|    ( - -7.468e+02 1 0)
|    ( - -3.327e+04 2 0))
s>    ( QUESTION0_0_R 1 -3.411e+04 9.915e+01 1.622e+02
s>        ( - -7.468e+02 1 0)
s>        ( - -3.327e+04 2 0))INFO: dtree.c(1439): stop. leaf nodes are specific
INFO: dtree.c(1478): Final simple tree
|( QUESTION6 -1 -1.938e+04 2.178e+02 8.853e+01
|    ( - -4.639e+03 1 0)
|    ( QUESTION0_0_R 1 -1.453e+04 1.392e+02 6.653e+01
|        ( - -4.852e+03 1 0)
|        ( - -9.536e+03 1 0)))
s>    ( QUESTION6 -1 -1.938e+04 2.178e+02 8.853e+01
s>        ( - -4.639e+03 1 0)
s>        ( QUESTION0_0_R 1 -1.453e+04 1.392e+02 6.653e+01
s>            ( - -4.852e+03 1 0)
s>            ( - -9.536e+03 1 0)))INFO: dtree.c(1315): Comp split 29
INFO: dtree.c(1439): stop. leaf nodes are specific
INFO: dtree.c(1478): Final simple tree
|( QUESTION0_10_R 1 -6.306e+03 2.173e+02 2.956e+01
|    ( - -2.176e+02 1 0)
|    ( QUESTION0_1_R 1 -5.872e+03 1.314e+02 2.756e+01
|        ( - -3.675e+03 2 0)
|        ( - -2.065e+03 2 0)))
s>    ( QUESTION0_10_R 1 -6.306e+03 2.173e+02 2.956e+01
s>        ( - -2.176e+02 1 0)
s>        ( QUESTION0_1_R 1 -5.872e+03 1.314e+02 2.756e+01
s>            ( - -3.675e+03 2 0)
s>            ( - -2.065e+03 2 0)))INFO: dtree.c(1315): Comp split 30
INFO: dtree.c(1439): stop. leaf nodes are specific
INFO: dtree.c(1478): Final simple tree
|( SILENCE -1 -3.272e+04 2.114e+02 1.434e+02
|    ( - -1.132e+04 3 0)
|    ( QUESTION1 -1 -2.118e+04 9.171e+01 9.300e+01
|        ( - -5.921e+03 2 0)
|        ( - -1.517e+04 8 0)))
s>    ( SILENCE -1 -3.272e+04 2.114e+02 1.434e+02
s>        ( - -1.132e+04 3 0)
s>        ( QUESTION1 -1 -2.118e+04 9.171e+01 9.300e+01
s>            ( - -5.921e+03 2 0)
s>            ( - -1.517e+04 8 0)))INFO: dtree.c(1439): stop. leaf nodes are specific
INFO: dtree.c(1478): Final simple tree
|( QUESTION19 -1 -2.223e+04 9.223e+01 1.002e+02
|    ( - -1.205e+03 2 0)
|    ( - -2.093e+04 2 0))
s>    ( QUESTION19 -1 -2.223e+04 9.223e+01 1.002e+02
s>        ( - -1.205e+03 2 0)
s>        ( - -2.093e+04 2 0))INFO: dtree.c(1315): Comp split 31
INFO: dtree.c(1439): stop. leaf nodes are specific
INFO: dtree.c(1478): Final simple tree
|( SILENCE -1 -6.023e+04 1.157e+02 2.768e+02
|    ( - -2.013e+03 1 0)
|    ( - -5.811e+04 4 0))
s>    ( SILENCE -1 -6.023e+04 1.157e+02 2.768e+02
s>        ( - -2.013e+03 1 0)
s>        ( - -5.811e+04 4 0))INFO: dtree.c(1315): Comp split 32
INFO: dtree.c(1439): stop. leaf nodes are specific
INFO: dtree.c(1478): Final simple tree
|( QUESTION0_0_R 1 -1.515e+04 2.204e+02 7.146e+01
|    ( QUESTION11 1 -1.425e+04 1.247e+02 6.746e+01
|        ( - -1.588e+03 1 0)
|        ( QUESTION0_1_R 1 -1.254e+04 1.147e+02 5.945e+01
|            ( - -7.462e+02 1 0)
|            ( - -1.168e+04 4 0)))
|    ( - -6.755e+02 1 0))
s>    ( QUESTION0_0_R 1 -1.515e+04 2.204e+02 7.146e+01
s>        ( QUESTION11 1 -1.425e+04 1.247e+02 6.746e+01
s>            ( - -1.588e+03 1 0)
s>            ( QUESTION0_1_R 1 -1.254e+04 1.147e+02 5.945e+01
s>                ( - -7.462e+02 1 0)
s>                ( - -1.168e+04 4 0)))
s>        ( - -6.755e+02 1 0))INFO: dtree.c(1439): stop. leaf nodes are specific
INFO: dtree.c(1478): Final simple tree
|( QUESTION0_10_R 1 -8.157e+03 1.456e+02 4.227e+01
|    ( - -3.331e+03 1 0)
|    ( - -4.680e+03 1 0))
s>    ( QUESTION0_10_R 1 -8.157e+03 1.456e+02 4.227e+01
s>        ( - -3.331e+03 1 0)
s>        ( - -4.680e+03 1 0))INFO: dtree.c(1315): Comp split 33
INFO: dtree.c(1439): stop. leaf nodes are specific
INFO: dtree.c(1478): Final simple tree
|( QUESTION0_8_R 1 -2.942e+04 1.356e+02 1.261e+02
|    ( - -1.021e+04 1 0)
|    ( - -1.907e+04 1 0))
s>    ( QUESTION0_8_R 1 -2.942e+04 1.356e+02 1.261e+02
s>        ( - -1.021e+04 1 0)
s>        ( - -1.907e+04 1 0))INFO: dtree.c(1315): Comp split 34
INFO: dtree.c(1439): stop. leaf nodes are specific
INFO: dtree.c(1478): Final simple tree
|( QUESTION0_2_R 1 -1.216e+04 1.746e+02 5.659e+01
|    ( - -2.736e+02 1 0)
|    ( SILENCE 1 -1.171e+04 1.454e+02 5.459e+01
|        ( - -1.013e+04 1 0)
|        ( QUESTION0_1_R 1 -1.432e+03 1.270e+02 7.000e+00
|            ( - -7.653e+02 1 0)
|            ( - -5.392e+02 1 0))))
s>    ( QUESTION0_2_R 1 -1.216e+04 1.746e+02 5.659e+01
s>        ( - -2.736e+02 1 0)
s>        ( SILENCE 1 -1.171e+04 1.454e+02 5.459e+01
s>            ( - -1.013e+04 1 0)
s>            ( QUESTION0_1_R 1 -1.432e+03 1.270e+02 7.000e+00
s>                ( - -7.653e+02 1 0)
s>                ( - -5.392e+02 1 0))))INFO: dtree.c(1315): Comp split 35
INFO: dtree.c(1439): stop. leaf nodes are specific
INFO: dtree.c(1478): Final simple tree
|( QUESTION11 1 -1.425e+04 1.247e+02 6.746e+01
|    ( - -1.588e+03 1 0)
|    ( QUESTION0_1_R 1 -1.254e+04 1.147e+02 5.945e+01
|        ( - -7.462e+02 1 0)
|        ( - -1.168e+04 4 0)))
s>    ( QUESTION11 1 -1.425e+04 1.247e+02 6.746e+01
s>        ( - -1.588e+03 1 0)
s>        ( QUESTION0_1_R 1 -1.254e+04 1.147e+02 5.945e+01
s>            ( - -7.462e+02 1 0)
s>            ( - -1.168e+04 4 0)))INFO: dtree.c(1315): Comp split 36
INFO: dtree.c(1439): stop. leaf nodes are specific
INFO: dtree.c(1478): Final simple tree
|( QUESTION0_0_R 1 -1.453e+04 1.392e+02 6.653e+01
|    ( - -4.852e+03 1 0)
|    ( - -9.536e+03 1 0))
s>    ( QUESTION0_0_R 1 -1.453e+04 1.392e+02 6.653e+01
s>        ( - -4.852e+03 1 0)
s>        ( - -9.536e+03 1 0))INFO: dtree.c(1315): Comp split 37
INFO: dtree.c(1439): stop. leaf nodes are specific
INFO: dtree.c(1478): Final simple tree
|( QUESTION0_1_R 1 -5.872e+03 1.314e+02 2.756e+01
|    ( - -3.675e+03 2 0)
|    ( - -2.065e+03 2 0))
s>    ( QUESTION0_1_R 1 -5.872e+03 1.314e+02 2.756e+01
s>        ( - -3.675e+03 2 0)
s>        ( - -2.065e+03 2 0))INFO: dtree.c(1315): Comp split 38
INFO: dtree.c(1439): stop. leaf nodes are specific
INFO: dtree.c(1478): Final simple tree
|( QUESTION1 -1 -2.118e+04 9.171e+01 9.300e+01
|    ( - -5.921e+03 2 0)
|    ( - -1.517e+04 8 0))
s>    ( QUESTION1 -1 -2.118e+04 9.171e+01 9.300e+01
s>        ( - -5.921e+03 2 0)
s>        ( - -1.517e+04 8 0))INFO: dtree.c(1315): Comp split 39
INFO: dtree.c(1315): Comp split 40
INFO: dtree.c(1439): stop. leaf nodes are specific
INFO: dtree.c(1478): Final simple tree
|( SILENCE 1 -1.171e+04 1.454e+02 5.459e+01
|    ( - -1.013e+04 1 0)
|    ( QUESTION0_1_R 1 -1.432e+03 1.270e+02 7.000e+00
|        ( - -7.653e+02 1 0)
|        ( - -5.392e+02 1 0)))
s>    ( SILENCE 1 -1.171e+04 1.454e+02 5.459e+01
s>        ( - -1.013e+04 1 0)
s>        ( QUESTION0_1_R 1 -1.432e+03 1.270e+02 7.000e+00
s>            ( - -7.653e+02 1 0)
s>            ( - -5.392e+02 1 0)))INFO: dtree.c(1315): Comp split 41
INFO: dtree.c(1315): Comp split 42
INFO: dtree.c(1439): stop. leaf nodes are specific
INFO: dtree.c(1478): Final simple tree
|( QUESTION0_1_R 1 -1.432e+03 1.270e+02 7.000e+00
|    ( - -7.653e+02 1 0)
|    ( - -5.392e+02 1 0))
s>    ( QUESTION0_1_R 1 -1.432e+03 1.270e+02 7.000e+00
s>        ( - -7.653e+02 1 0)
s>        ( - -5.392e+02 1 0))INFO: dtree.c(1315): Comp split 43
INFO: dtree.c(1315): Comp split 44
INFO: dtree.c(1315): Comp split 45
INFO: dtree.c(1315): Comp split 46
INFO: dtree.c(1315): Comp split 47
INFO: dtree.c(1439): stop. leaf nodes are specific
INFO: dtree.c(1478): Final simple tree
|( QUESTION0_1_R 1 -1.254e+04 1.147e+02 5.945e+01
|    ( - -7.462e+02 1 0)
|    ( - -1.168e+04 4 0))
s>    ( QUESTION0_1_R 1 -1.254e+04 1.147e+02 5.945e+01
s>        ( - -7.462e+02 1 0)
s>        ( - -1.168e+04 4 0))INFO: dtree.c(1315): Comp split 48
INFO: dtree.c(1315): Comp split 49
INFO: dtree.c(1315): Comp split 50
INFO: dtree.c(1315): Comp split 51
INFO: dtree.c(1315): Comp split 52
INFO: dtree.c(1315): Comp split 53
INFO: dtree.c(1318): stop. leaf nodes are specific
Mon Jan 30 07:35:49 2017
