Current configuration:
[NAME]		[DEFLT]	[VALUE]
-allphones	no	no
-cntthresh	0.00001	1.000000e-05
-csplitmax	100	2000
-csplitmin	1	1
-csplitthr	8e-4	0.000000e+00
-example	no	no
-fullvar	no	no
-help		no	no
-meanfn			/Users/benroye/forge/cmusphinx/voiceVim/model_parameters/voiceVim.cd_cont_untied/means
-mixwfn			/Users/benroye/forge/cmusphinx/voiceVim/model_parameters/voiceVim.cd_cont_untied/mixture_weights
-moddeffn		/Users/benroye/forge/cmusphinx/voiceVim/model_architecture/voiceVim.untied.mdef
-mwfloor	1e-4	1.000000e-08
-phone			w
-psetfn			/Users/benroye/forge/cmusphinx/voiceVim/model_architecture/voiceVim.tree_questions
-ssplitmax	5	7
-ssplitmin	1	1
-ssplitthr	8e-4	0.000000e+00
-state			2
-stwt			1.0,0.05,0.0,
-treefn			/Users/benroye/forge/cmusphinx/voiceVim/trees/voiceVim.unpruned/w-2.dtree
-ts2cbfn	.semi.	.cont.
-varfloor	0.00001	1.000000e-05
-varfn			/Users/benroye/forge/cmusphinx/voiceVim/model_parameters/voiceVim.cd_cont_untied/variances

INFO: main.c(223): Reading: /Users/benroye/forge/cmusphinx/voiceVim/model_architecture/voiceVim.untied.mdef
INFO: model_def_io.c(573): Model definition info:
INFO: model_def_io.c(574): 2249 total models defined (39 base, 2210 tri)
INFO: model_def_io.c(575): 8996 total states
INFO: model_def_io.c(576): 6747 total tied states
INFO: model_def_io.c(577): 117 total tied CI states
INFO: model_def_io.c(578): 39 total tied transition matrices
INFO: model_def_io.c(579): 4 max state/model
INFO: model_def_io.c(580): 4 min state/model
INFO: main.c(242): Building trees for [w SIL ay b] through [w zh uh i]
INFO: main.c(269): Covering states |[6429 6572]| == 144
INFO: main.c(275): Reading: /Users/benroye/forge/cmusphinx/voiceVim/model_parameters/voiceVim.cd_cont_untied/mixture_weights
INFO: s3mixw_io.c(173): Read /Users/benroye/forge/cmusphinx/voiceVim/model_parameters/voiceVim.cd_cont_untied/mixture_weights [144x1x1 array]
INFO: main.c(311): 48 of 48 models have observation count greater than 0.000010
INFO: main.c(95): nrm stwt: 0.000 0.048 0.952 
INFO: s3gau_io.c(169): Read /Users/benroye/forge/cmusphinx/voiceVim/model_parameters/voiceVim.cd_cont_untied/means [6747x1x1 array]
INFO: s3gau_io.c(169): Read /Users/benroye/forge/cmusphinx/voiceVim/model_parameters/voiceVim.cd_cont_untied/variances [6747x1x1 array]
INFO: main.c(549): Reading: /Users/benroye/forge/cmusphinx/voiceVim/model_architecture/voiceVim.tree_questions
INFO: main.c(588): 174 total simple questions (166 phone; 8 word bndry)
INFO: main.c(590): 40 Left Only questions, and 42 Right Only questions
INFO: dtree.c(1478): Final simple tree
|( QUESTION0_8_R 1 -1.676e+05 3.399e+03 7.283e+02
|    ( QUESTION4 1 -7.833e+04 1.715e+03 3.361e+02
|        ( SILENCE -1 -5.146e+04 8.145e+02 2.250e+02
|            ( - -1.003e+04 3 0)
|            ( - -4.062e+04 15 0 QUESTION19 -1 4.496e+02 1.820e+02))
|        ( WDBNDRY_B 0 -2.515e+04 4.912e+02 1.111e+02
|            ( - -1.765e+04 13 0 QUESTION6 -1 4.583e+02 7.822e+01)
|            ( - -7.004e+03 1 0)))
|    ( WDBNDRY_B 0 -8.588e+04 1.428e+03 3.922e+02
|        ( - -2.858e+04 12 0 QUESTION1 -1 2.263e+02 1.375e+02)
|        ( QUESTION0_0_R 1 -5.587e+04 9.090e+02 2.547e+02
|            ( - -3.925e+03 1 0)
|            ( QUESTION13 -1 -5.104e+04 5.320e+02 2.344e+02
|                ( - -5.676e+03 1 0)
|                ( - -4.483e+04 2 0)))))
s>    ( QUESTION0_8_R 1 -1.676e+05 3.399e+03 7.283e+02
s>        ( QUESTION4 1 -7.833e+04 1.715e+03 3.361e+02
s>            ( SILENCE -1 -5.146e+04 8.145e+02 2.250e+02
s>                ( - -1.003e+04 3 0)
s>                ( - -4.062e+04 15 0 QUESTION19 -1 4.496e+02 1.820e+02))
s>            ( WDBNDRY_B 0 -2.515e+04 4.912e+02 1.111e+02
s>                ( - -1.765e+04 13 0 QUESTION6 -1 4.583e+02 7.822e+01)
s>                ( - -7.004e+03 1 0)))
s>        ( WDBNDRY_B 0 -8.588e+04 1.428e+03 3.922e+02
s>            ( - -2.858e+04 12 0 QUESTION1 -1 2.263e+02 1.375e+02)
s>            ( QUESTION0_0_R 1 -5.587e+04 9.090e+02 2.547e+02
s>                ( - -3.925e+03 1 0)
s>                ( QUESTION13 -1 -5.104e+04 5.320e+02 2.344e+02
s>                    ( - -5.676e+03 1 0)
s>                    ( - -4.483e+04 2 0)))))INFO: dtree.c(1315): Comp split 0
INFO: dtree.c(1478): Final simple tree
|( WDBNDRY_B 0 -8.588e+04 1.428e+03 3.922e+02
|    ( QUESTION1 -1 -2.858e+04 2.263e+02 1.375e+02
|        ( - -8.381e+03 1 0)
|        ( SILENCE -1 -1.997e+04 1.998e+02 9.551e+01
|            ( - -4.031e+03 2 0)
|            ( QUESTION2_2_L -1 -1.574e+04 1.633e+02 7.652e+01
|                ( - -4.590e+02 1 0)
|                ( QUESTION19 -1 -1.512e+04 1.614e+02 7.352e+01
|                    ( - -7.191e+02 1 0)
|                    ( - -1.424e+04 7 0 QUESTION5 -1 1.298e+02 6.952e+01)))))
|    ( QUESTION0_0_R 1 -5.587e+04 9.090e+02 2.547e+02
|        ( - -3.925e+03 1 0)
|        ( QUESTION13 -1 -5.104e+04 5.320e+02 2.344e+02
|            ( - -5.676e+03 1 0)
|            ( - -4.483e+04 2 0))))
s>    ( WDBNDRY_B 0 -8.588e+04 1.428e+03 3.922e+02
s>        ( QUESTION1 -1 -2.858e+04 2.263e+02 1.375e+02
s>            ( - -8.381e+03 1 0)
s>            ( SILENCE -1 -1.997e+04 1.998e+02 9.551e+01
s>                ( - -4.031e+03 2 0)
s>                ( QUESTION2_2_L -1 -1.574e+04 1.633e+02 7.652e+01
s>                    ( - -4.590e+02 1 0)
s>                    ( QUESTION19 -1 -1.512e+04 1.614e+02 7.352e+01
s>                        ( - -7.191e+02 1 0)
s>                        ( - -1.424e+04 7 0 QUESTION5 -1 1.298e+02 6.952e+01)))))
s>        ( QUESTION0_0_R 1 -5.587e+04 9.090e+02 2.547e+02
s>            ( - -3.925e+03 1 0)
s>            ( QUESTION13 -1 -5.104e+04 5.320e+02 2.344e+02
s>                ( - -5.676e+03 1 0)
s>                ( - -4.483e+04 2 0))))INFO: dtree.c(1478): Final simple tree
|( QUESTION4 1 -7.833e+04 1.715e+03 3.361e+02
|    ( SILENCE -1 -5.146e+04 8.145e+02 2.250e+02
|        ( - -1.003e+04 3 0)
|        ( QUESTION19 -1 -4.062e+04 4.496e+02 1.820e+02
|            ( - -8.953e+03 4 0 QUESTION2_1_L -1 1.627e+02 3.994e+01)
|            ( WDBNDRY_B 0 -3.121e+04 3.652e+02 1.420e+02
|                ( - -2.256e+04 10 0 QUESTION4 -1 2.535e+02 1.016e+02)
|                ( - -8.287e+03 1 0))))
|    ( WDBNDRY_B 0 -2.515e+04 4.912e+02 1.111e+02
|        ( QUESTION6 -1 -1.765e+04 4.583e+02 7.822e+01
|            ( - 1.882e+02 1 0)
|            ( QUESTION13 -1 -1.738e+04 4.389e+02 7.722e+01
|                ( - 2.002e+02 1 0)
|                ( - -1.714e+04 11 0 QUESTION2_0_L -1 1.099e+02 7.622e+01)))
|        ( - -7.004e+03 1 0)))
s>    ( QUESTION4 1 -7.833e+04 1.715e+03 3.361e+02
s>        ( SILENCE -1 -5.146e+04 8.145e+02 2.250e+02
s>            ( - -1.003e+04 3 0)
s>            ( QUESTION19 -1 -4.062e+04 4.496e+02 1.820e+02
s>                ( - -8.953e+03 4 0 QUESTION2_1_L -1 1.627e+02 3.994e+01)
s>                ( WDBNDRY_B 0 -3.121e+04 3.652e+02 1.420e+02
s>                    ( - -2.256e+04 10 0 QUESTION4 -1 2.535e+02 1.016e+02)
s>                    ( - -8.287e+03 1 0))))
s>        ( WDBNDRY_B 0 -2.515e+04 4.912e+02 1.111e+02
s>            ( QUESTION6 -1 -1.765e+04 4.583e+02 7.822e+01
s>                ( - 1.882e+02 1 0)
s>                ( QUESTION13 -1 -1.738e+04 4.389e+02 7.722e+01
s>                    ( - 2.002e+02 1 0)
s>                    ( - -1.714e+04 11 0 QUESTION2_0_L -1 1.099e+02 7.622e+01)))
s>            ( - -7.004e+03 1 0)))INFO: dtree.c(1315): Comp split 1
INFO: dtree.c(1478): Final simple tree
|( QUESTION19 -1 -4.062e+04 4.496e+02 1.820e+02
|    ( QUESTION2_1_L -1 -8.953e+03 1.627e+02 3.994e+01
|        ( WDBNDRY_B 0 -8.239e+03 2.087e+02 3.694e+01
|            ( - -6.875e+02 1 0)
|            ( - -7.343e+03 2 0))
|        ( - -5.516e+02 1 0))
|    ( WDBNDRY_B 0 -3.121e+04 3.652e+02 1.420e+02
|        ( QUESTION4 -1 -2.256e+04 2.535e+02 1.016e+02
|            ( - -3.000e+03 4 0 QUESTION2_0_L -1 1.206e+02 1.300e+01)
|            ( QUESTION6 -1 -1.931e+04 1.847e+02 8.855e+01
|                ( - -8.952e+02 1 0)
|                ( QUESTION0 -1 -1.823e+04 1.517e+02 8.355e+01
|                    ( - -1.193e+04 4 0)
|                    ( - -6.151e+03 1 0))))
|        ( - -8.287e+03 1 0)))
s>    ( QUESTION19 -1 -4.062e+04 4.496e+02 1.820e+02
s>        ( QUESTION2_1_L -1 -8.953e+03 1.627e+02 3.994e+01
s>            ( WDBNDRY_B 0 -8.239e+03 2.087e+02 3.694e+01
s>                ( - -6.875e+02 1 0)
s>                ( - -7.343e+03 2 0))
s>            ( - -5.516e+02 1 0))
s>        ( WDBNDRY_B 0 -3.121e+04 3.652e+02 1.420e+02
s>            ( QUESTION4 -1 -2.256e+04 2.535e+02 1.016e+02
s>                ( - -3.000e+03 4 0 QUESTION2_0_L -1 1.206e+02 1.300e+01)
s>                ( QUESTION6 -1 -1.931e+04 1.847e+02 8.855e+01
s>                    ( - -8.952e+02 1 0)
s>                    ( QUESTION0 -1 -1.823e+04 1.517e+02 8.355e+01
s>                        ( - -1.193e+04 4 0)
s>                        ( - -6.151e+03 1 0))))
s>            ( - -8.287e+03 1 0)))INFO: dtree.c(1478): Final simple tree
|( QUESTION4 1 -3.564e+04 4.580e+02 1.541e+02
|    ( - -1.003e+04 3 0)
|    ( WDBNDRY_B 0 -2.515e+04 4.912e+02 1.111e+02
|        ( QUESTION6 -1 -1.765e+04 4.583e+02 7.822e+01
|            ( - 1.882e+02 1 0)
|            ( QUESTION13 -1 -1.738e+04 4.389e+02 7.722e+01
|                ( - 2.002e+02 1 0)
|                ( QUESTION2_0_L -1 -1.714e+04 1.099e+02 7.622e+01
|                    ( QUESTION19 -1 -1.514e+04 1.098e+02 6.722e+01
|                        ( - -6.395e+02 1 0)
|                        ( QUESTION1 -1 -1.439e+04 1.044e+02 6.422e+01
|                            ( - -3.657e+03 1 0)
|                            ( - -1.063e+04 5 0 QUESTION0 -1 8.334e+01 4.783e+01)))
|                    ( - -1.898e+03 4 0 SILENCE -1 7.939e+01 9.000e+00))))
|        ( - -7.004e+03 1 0)))
s>    ( QUESTION4 1 -3.564e+04 4.580e+02 1.541e+02
s>        ( - -1.003e+04 3 0)
s>        ( WDBNDRY_B 0 -2.515e+04 4.912e+02 1.111e+02
s>            ( QUESTION6 -1 -1.765e+04 4.583e+02 7.822e+01
s>                ( - 1.882e+02 1 0)
s>                ( QUESTION13 -1 -1.738e+04 4.389e+02 7.722e+01
s>                    ( - 2.002e+02 1 0)
s>                    ( QUESTION2_0_L -1 -1.714e+04 1.099e+02 7.622e+01
s>                        ( QUESTION19 -1 -1.514e+04 1.098e+02 6.722e+01
s>                            ( - -6.395e+02 1 0)
s>                            ( QUESTION1 -1 -1.439e+04 1.044e+02 6.422e+01
s>                                ( - -3.657e+03 1 0)
s>                                ( - -1.063e+04 5 0 QUESTION0 -1 8.334e+01 4.783e+01)))
s>                        ( - -1.898e+03 4 0 SILENCE -1 7.939e+01 9.000e+00))))
s>            ( - -7.004e+03 1 0)))INFO: dtree.c(1315): Comp split 2
INFO: dtree.c(1439): stop. leaf nodes are specific
INFO: dtree.c(1478): Final simple tree
|( QUESTION1 -1 -2.858e+04 2.263e+02 1.375e+02
|    ( - -8.381e+03 1 0)
|    ( SILENCE -1 -1.997e+04 1.998e+02 9.551e+01
|        ( - -4.031e+03 2 0)
|        ( QUESTION2_2_L -1 -1.574e+04 1.633e+02 7.652e+01
|            ( - -4.590e+02 1 0)
|            ( QUESTION19 -1 -1.512e+04 1.614e+02 7.352e+01
|                ( - -7.191e+02 1 0)
|                ( QUESTION5 -1 -1.424e+04 1.298e+02 6.952e+01
|                    ( - -1.480e+03 1 0)
|                    ( QUESTION0 -1 -1.263e+04 1.175e+02 6.152e+01
|                        ( - -8.834e+03 4 0)
|                        ( - -3.674e+03 2 0)))))))
s>    ( QUESTION1 -1 -2.858e+04 2.263e+02 1.375e+02
s>        ( - -8.381e+03 1 0)
s>        ( SILENCE -1 -1.997e+04 1.998e+02 9.551e+01
s>            ( - -4.031e+03 2 0)
s>            ( QUESTION2_2_L -1 -1.574e+04 1.633e+02 7.652e+01
s>                ( - -4.590e+02 1 0)
s>                ( QUESTION19 -1 -1.512e+04 1.614e+02 7.352e+01
s>                    ( - -7.191e+02 1 0)
s>                    ( QUESTION5 -1 -1.424e+04 1.298e+02 6.952e+01
s>                        ( - -1.480e+03 1 0)
s>                        ( QUESTION0 -1 -1.263e+04 1.175e+02 6.152e+01
s>                            ( - -8.834e+03 4 0)
s>                            ( - -3.674e+03 2 0)))))))INFO: dtree.c(1439): stop. leaf nodes are specific
INFO: dtree.c(1478): Final simple tree
|( QUESTION0_0_R 1 -5.587e+04 9.090e+02 2.547e+02
|    ( - -3.925e+03 1 0)
|    ( QUESTION13 -1 -5.104e+04 5.320e+02 2.344e+02
|        ( - -5.676e+03 1 0)
|        ( - -4.483e+04 2 0)))
s>    ( QUESTION0_0_R 1 -5.587e+04 9.090e+02 2.547e+02
s>        ( - -3.925e+03 1 0)
s>        ( QUESTION13 -1 -5.104e+04 5.320e+02 2.344e+02
s>            ( - -5.676e+03 1 0)
s>            ( - -4.483e+04 2 0)))INFO: dtree.c(1315): Comp split 3
INFO: dtree.c(1439): stop. leaf nodes are specific
INFO: dtree.c(1478): Final simple tree
|( QUESTION13 -1 -5.104e+04 5.320e+02 2.344e+02
|    ( - -5.676e+03 1 0)
|    ( - -4.483e+04 2 0))
s>    ( QUESTION13 -1 -5.104e+04 5.320e+02 2.344e+02
s>        ( - -5.676e+03 1 0)
s>        ( - -4.483e+04 2 0))INFO: dtree.c(1315): Comp split 4
INFO: dtree.c(1439): stop. leaf nodes are specific
INFO: dtree.c(1478): Final simple tree
|( WDBNDRY_B 0 -2.879e+04 3.638e+02 1.330e+02
|    ( QUESTION6 -1 -2.014e+04 1.859e+02 9.255e+01
|        ( - -8.952e+02 1 0)
|        ( QUESTION0 -1 -1.906e+04 1.468e+02 8.755e+01
|            ( - -1.193e+04 4 0)
|            ( QUESTION19 -1 -6.983e+03 1.445e+02 3.309e+01
|                ( - -6.875e+02 1 0)
|                ( - -6.151e+03 1 0))))
|    ( - -8.287e+03 1 0))
s>    ( WDBNDRY_B 0 -2.879e+04 3.638e+02 1.330e+02
s>        ( QUESTION6 -1 -2.014e+04 1.859e+02 9.255e+01
s>            ( - -8.952e+02 1 0)
s>            ( QUESTION0 -1 -1.906e+04 1.468e+02 8.755e+01
s>                ( - -1.193e+04 4 0)
s>                ( QUESTION19 -1 -6.983e+03 1.445e+02 3.309e+01
s>                    ( - -6.875e+02 1 0)
s>                    ( - -6.151e+03 1 0))))
s>        ( - -8.287e+03 1 0))INFO: dtree.c(1439): stop. leaf nodes are specific
INFO: dtree.c(1478): Final simple tree
|( WDBNDRY_B 0 -1.120e+04 1.738e+02 4.894e+01
|    ( QUESTION4 -1 -3.685e+03 1.337e+02 1.600e+01
|        ( QUESTION2_0_L -1 -3.000e+03 1.206e+02 1.300e+01
|            ( - -1.362e+03 2 0)
|            ( - -1.517e+03 2 0))
|        ( - -5.516e+02 1 0))
|    ( - -7.343e+03 2 0))
s>    ( WDBNDRY_B 0 -1.120e+04 1.738e+02 4.894e+01
s>        ( QUESTION4 -1 -3.685e+03 1.337e+02 1.600e+01
s>            ( QUESTION2_0_L -1 -3.000e+03 1.206e+02 1.300e+01
s>                ( - -1.362e+03 2 0)
s>                ( - -1.517e+03 2 0))
s>            ( - -5.516e+02 1 0))
s>        ( - -7.343e+03 2 0))INFO: dtree.c(1315): Comp split 5
INFO: dtree.c(1439): stop. leaf nodes are specific
INFO: dtree.c(1478): Final simple tree
|( QUESTION13 -1 -1.663e+04 4.390e+02 7.422e+01
|    ( - 2.002e+02 1 0)
|    ( QUESTION2_0_L -1 -1.640e+04 1.100e+02 7.322e+01
|        ( QUESTION1 -1 -1.439e+04 1.044e+02 6.422e+01
|            ( - -3.657e+03 1 0)
|            ( QUESTION0 -1 -1.063e+04 8.334e+01 4.783e+01
|                ( - -6.732e+03 3 0)
|                ( QUESTION4 -1 -3.811e+03 7.327e+01 1.697e+01
|                    ( - -1.426e+03 1 0)
|                    ( - -2.311e+03 1 0))))
|        ( SILENCE -1 -1.898e+03 7.939e+01 9.000e+00
|            ( - -7.681e+02 1 0)
|            ( - -1.051e+03 3 0))))
s>    ( QUESTION13 -1 -1.663e+04 4.390e+02 7.422e+01
s>        ( - 2.002e+02 1 0)
s>        ( QUESTION2_0_L -1 -1.640e+04 1.100e+02 7.322e+01
s>            ( QUESTION1 -1 -1.439e+04 1.044e+02 6.422e+01
s>                ( - -3.657e+03 1 0)
s>                ( QUESTION0 -1 -1.063e+04 8.334e+01 4.783e+01
s>                    ( - -6.732e+03 3 0)
s>                    ( QUESTION4 -1 -3.811e+03 7.327e+01 1.697e+01
s>                        ( - -1.426e+03 1 0)
s>                        ( - -2.311e+03 1 0))))
s>            ( SILENCE -1 -1.898e+03 7.939e+01 9.000e+00
s>                ( - -7.681e+02 1 0)
s>                ( - -1.051e+03 3 0))))INFO: dtree.c(1439): stop. leaf nodes are specific
INFO: dtree.c(1478): Final simple tree
|( QUESTION6 -1 -1.841e+04 4.564e+02 7.987e+01
|    ( - 1.882e+02 1 0)
|    ( SILENCE -1 -1.814e+04 3.574e+02 7.887e+01
|        ( - -1.003e+04 3 0)
|        ( WDBNDRY_B 0 -7.753e+03 1.089e+02 3.586e+01
|            ( - -6.395e+02 1 0)
|            ( - -7.004e+03 1 0))))
s>    ( QUESTION6 -1 -1.841e+04 4.564e+02 7.987e+01
s>        ( - 1.882e+02 1 0)
s>        ( SILENCE -1 -1.814e+04 3.574e+02 7.887e+01
s>            ( - -1.003e+04 3 0)
s>            ( WDBNDRY_B 0 -7.753e+03 1.089e+02 3.586e+01
s>                ( - -6.395e+02 1 0)
s>                ( - -7.004e+03 1 0))))INFO: dtree.c(1315): Comp split 6
INFO: dtree.c(1315): Comp split 7
INFO: dtree.c(1439): stop. leaf nodes are specific
INFO: dtree.c(1478): Final simple tree
|( SILENCE -1 -1.814e+04 3.574e+02 7.887e+01
|    ( - -1.003e+04 3 0)
|    ( WDBNDRY_B 0 -7.753e+03 1.089e+02 3.586e+01
|        ( - -6.395e+02 1 0)
|        ( - -7.004e+03 1 0)))
s>    ( SILENCE -1 -1.814e+04 3.574e+02 7.887e+01
s>        ( - -1.003e+04 3 0)
s>        ( WDBNDRY_B 0 -7.753e+03 1.089e+02 3.586e+01
s>            ( - -6.395e+02 1 0)
s>            ( - -7.004e+03 1 0)))INFO: dtree.c(1315): Comp split 8
INFO: dtree.c(1439): stop. leaf nodes are specific
INFO: dtree.c(1478): Final simple tree
|( QUESTION2_0_L -1 -1.640e+04 1.100e+02 7.322e+01
|    ( QUESTION1 -1 -1.439e+04 1.044e+02 6.422e+01
|        ( - -3.657e+03 1 0)
|        ( QUESTION0 -1 -1.063e+04 8.334e+01 4.783e+01
|            ( - -6.732e+03 3 0)
|            ( QUESTION4 -1 -3.811e+03 7.327e+01 1.697e+01
|                ( - -1.426e+03 1 0)
|                ( - -2.311e+03 1 0))))
|    ( SILENCE -1 -1.898e+03 7.939e+01 9.000e+00
|        ( - -7.681e+02 1 0)
|        ( - -1.051e+03 3 0)))
s>    ( QUESTION2_0_L -1 -1.640e+04 1.100e+02 7.322e+01
s>        ( QUESTION1 -1 -1.439e+04 1.044e+02 6.422e+01
s>            ( - -3.657e+03 1 0)
s>            ( QUESTION0 -1 -1.063e+04 8.334e+01 4.783e+01
s>                ( - -6.732e+03 3 0)
s>                ( QUESTION4 -1 -3.811e+03 7.327e+01 1.697e+01
s>                    ( - -1.426e+03 1 0)
s>                    ( - -2.311e+03 1 0))))
s>        ( SILENCE -1 -1.898e+03 7.939e+01 9.000e+00
s>            ( - -7.681e+02 1 0)
s>            ( - -1.051e+03 3 0)))INFO: dtree.c(1315): Comp split 9
INFO: dtree.c(1439): stop. leaf nodes are specific
INFO: dtree.c(1478): Final simple tree
|( QUESTION0 -1 -1.906e+04 1.468e+02 8.755e+01
|    ( - -1.193e+04 4 0)
|    ( QUESTION19 -1 -6.983e+03 1.445e+02 3.309e+01
|        ( - -6.875e+02 1 0)
|        ( - -6.151e+03 1 0)))
s>    ( QUESTION0 -1 -1.906e+04 1.468e+02 8.755e+01
s>        ( - -1.193e+04 4 0)
s>        ( QUESTION19 -1 -6.983e+03 1.445e+02 3.309e+01
s>            ( - -6.875e+02 1 0)
s>            ( - -6.151e+03 1 0)))INFO: dtree.c(1439): stop. leaf nodes are specific
INFO: dtree.c(1478): Final simple tree
|( WDBNDRY_B 0 -9.354e+03 1.719e+02 4.548e+01
|    ( - -8.952e+02 1 0)
|    ( - -8.287e+03 1 0))
s>    ( WDBNDRY_B 0 -9.354e+03 1.719e+02 4.548e+01
s>        ( - -8.952e+02 1 0)
s>        ( - -8.287e+03 1 0))INFO: dtree.c(1315): Comp split 10
INFO: dtree.c(1439): stop. leaf nodes are specific
INFO: dtree.c(1478): Final simple tree
|( WDBNDRY_B 0 -7.753e+03 1.089e+02 3.586e+01
|    ( - -6.395e+02 1 0)
|    ( - -7.004e+03 1 0))
s>    ( WDBNDRY_B 0 -7.753e+03 1.089e+02 3.586e+01
s>        ( - -6.395e+02 1 0)
s>        ( - -7.004e+03 1 0))INFO: dtree.c(1315): Comp split 11
INFO: dtree.c(1439): stop. leaf nodes are specific
INFO: dtree.c(1478): Final simple tree
|( QUESTION2_2_L -1 -1.574e+04 1.633e+02 7.652e+01
|    ( - -4.590e+02 1 0)
|    ( QUESTION19 -1 -1.512e+04 1.614e+02 7.352e+01
|        ( - -7.191e+02 1 0)
|        ( QUESTION5 -1 -1.424e+04 1.298e+02 6.952e+01
|            ( - -1.480e+03 1 0)
|            ( QUESTION0 -1 -1.263e+04 1.175e+02 6.152e+01
|                ( - -8.834e+03 4 0)
|                ( - -3.674e+03 2 0)))))
s>    ( QUESTION2_2_L -1 -1.574e+04 1.633e+02 7.652e+01
s>        ( - -4.590e+02 1 0)
s>        ( QUESTION19 -1 -1.512e+04 1.614e+02 7.352e+01
s>            ( - -7.191e+02 1 0)
s>            ( QUESTION5 -1 -1.424e+04 1.298e+02 6.952e+01
s>                ( - -1.480e+03 1 0)
s>                ( QUESTION0 -1 -1.263e+04 1.175e+02 6.152e+01
s>                    ( - -8.834e+03 4 0)
s>                    ( - -3.674e+03 2 0)))))INFO: dtree.c(1439): stop. leaf nodes are specific
INFO: dtree.c(1478): Final simple tree
|( SILENCE -1 -1.259e+04 1.822e+02 6.103e+01
|    ( - -4.031e+03 2 0)
|    ( - -8.381e+03 1 0))
s>    ( SILENCE -1 -1.259e+04 1.822e+02 6.103e+01
s>        ( - -4.031e+03 2 0)
s>        ( - -8.381e+03 1 0))INFO: dtree.c(1315): Comp split 12
INFO: dtree.c(1315): Comp split 13
INFO: dtree.c(1439): stop. leaf nodes are specific
INFO: dtree.c(1478): Final simple tree
|( QUESTION4 -1 -3.685e+03 1.337e+02 1.600e+01
|    ( QUESTION2_0_L -1 -3.000e+03 1.206e+02 1.300e+01
|        ( - -1.362e+03 2 0)
|        ( - -1.517e+03 2 0))
|    ( - -5.516e+02 1 0))
s>    ( QUESTION4 -1 -3.685e+03 1.337e+02 1.600e+01
s>        ( QUESTION2_0_L -1 -3.000e+03 1.206e+02 1.300e+01
s>            ( - -1.362e+03 2 0)
s>            ( - -1.517e+03 2 0))
s>        ( - -5.516e+02 1 0))INFO: dtree.c(1315): Comp split 14
INFO: dtree.c(1439): stop. leaf nodes are specific
INFO: dtree.c(1478): Final simple tree
|( QUESTION4 -1 -4.507e+03 1.136e+02 2.198e+01
|    ( - -3.674e+03 2 0)
|    ( - -7.191e+02 1 0))
s>    ( QUESTION4 -1 -4.507e+03 1.136e+02 2.198e+01
s>        ( - -3.674e+03 2 0)
s>        ( - -7.191e+02 1 0))INFO: dtree.c(1439): stop. leaf nodes are specific
INFO: dtree.c(1478): Final simple tree
|( QUESTION4 -1 -1.106e+04 1.664e+02 5.453e+01
|    ( - -4.590e+02 1 0)
|    ( QUESTION0 -1 -1.043e+04 1.198e+02 5.153e+01
|        ( - -8.834e+03 4 0)
|        ( - -1.480e+03 1 0)))
s>    ( QUESTION4 -1 -1.106e+04 1.664e+02 5.453e+01
s>        ( - -4.590e+02 1 0)
s>        ( QUESTION0 -1 -1.043e+04 1.198e+02 5.153e+01
s>            ( - -8.834e+03 4 0)
s>            ( - -1.480e+03 1 0)))INFO: dtree.c(1315): Comp split 15
INFO: dtree.c(1315): Comp split 16
INFO: dtree.c(1439): stop. leaf nodes are specific
INFO: dtree.c(1478): Final simple tree
|( QUESTION0 -1 -1.043e+04 1.198e+02 5.153e+01
|    ( - -8.834e+03 4 0)
|    ( - -1.480e+03 1 0))
s>    ( QUESTION0 -1 -1.043e+04 1.198e+02 5.153e+01
s>        ( - -8.834e+03 4 0)
s>        ( - -1.480e+03 1 0))INFO: dtree.c(1315): Comp split 17
INFO: dtree.c(1439): stop. leaf nodes are specific
INFO: dtree.c(1478): Final simple tree
|( QUESTION0 -1 -1.275e+04 1.392e+02 5.846e+01
|    ( - -1.193e+04 4 0)
|    ( - -6.875e+02 1 0))
s>    ( QUESTION0 -1 -1.275e+04 1.392e+02 5.846e+01
s>        ( - -1.193e+04 4 0)
s>        ( - -6.875e+02 1 0))INFO: dtree.c(1315): Comp split 18
INFO: dtree.c(1315): Comp split 19
INFO: dtree.c(1439): stop. leaf nodes are specific
INFO: dtree.c(1478): Final simple tree
|( QUESTION2_0_L -1 -3.000e+03 1.206e+02 1.300e+01
|    ( - -1.362e+03 2 0)
|    ( - -1.517e+03 2 0))
s>    ( QUESTION2_0_L -1 -3.000e+03 1.206e+02 1.300e+01
s>        ( - -1.362e+03 2 0)
s>        ( - -1.517e+03 2 0))INFO: dtree.c(1315): Comp split 20
INFO: dtree.c(1315): Comp split 21
INFO: dtree.c(1315): Comp split 22
INFO: dtree.c(1315): Comp split 23
INFO: dtree.c(1439): stop. leaf nodes are specific
INFO: dtree.c(1478): Final simple tree
|( QUESTION2_0_L -1 -1.177e+04 8.903e+01 5.283e+01
|    ( QUESTION0 -1 -1.063e+04 8.334e+01 4.783e+01
|        ( - -6.732e+03 3 0)
|        ( QUESTION4 -1 -3.811e+03 7.327e+01 1.697e+01
|            ( - -1.426e+03 1 0)
|            ( - -2.311e+03 1 0)))
|    ( - -1.051e+03 3 0))
s>    ( QUESTION2_0_L -1 -1.177e+04 8.903e+01 5.283e+01
s>        ( QUESTION0 -1 -1.063e+04 8.334e+01 4.783e+01
s>            ( - -6.732e+03 3 0)
s>            ( QUESTION4 -1 -3.811e+03 7.327e+01 1.697e+01
s>                ( - -1.426e+03 1 0)
s>                ( - -2.311e+03 1 0)))
s>        ( - -1.051e+03 3 0))INFO: dtree.c(1439): stop. leaf nodes are specific
INFO: dtree.c(1478): Final simple tree
|( SILENCE -1 -4.519e+03 9.374e+01 2.039e+01
|    ( - -7.681e+02 1 0)
|    ( - -3.657e+03 1 0))
s>    ( SILENCE -1 -4.519e+03 9.374e+01 2.039e+01
s>        ( - -7.681e+02 1 0)
s>        ( - -3.657e+03 1 0))INFO: dtree.c(1315): Comp split 24
INFO: dtree.c(1315): Comp split 25
INFO: dtree.c(1315): Comp split 26
INFO: dtree.c(1439): stop. leaf nodes are specific
INFO: dtree.c(1478): Final simple tree
|( QUESTION4 -1 -3.811e+03 7.327e+01 1.697e+01
|    ( - -1.426e+03 1 0)
|    ( - -2.311e+03 1 0))
s>    ( QUESTION4 -1 -3.811e+03 7.327e+01 1.697e+01
s>        ( - -1.426e+03 1 0)
s>        ( - -2.311e+03 1 0))INFO: dtree.c(1439): stop. leaf nodes are specific
INFO: dtree.c(1478): Final simple tree
|( QUESTION0 -1 -7.866e+03 8.292e+01 3.587e+01
|    ( - -6.732e+03 3 0)
|    ( - -1.051e+03 3 0))
s>    ( QUESTION0 -1 -7.866e+03 8.292e+01 3.587e+01
s>        ( - -6.732e+03 3 0)
s>        ( - -1.051e+03 3 0))INFO: dtree.c(1315): Comp split 27
INFO: dtree.c(1315): Comp split 28
INFO: dtree.c(1315): Comp split 29
INFO: dtree.c(1318): stop. leaf nodes are specific
Mon Jan 30 07:35:53 2017
