Current configuration:
[NAME]		[DEFLT]	[VALUE]
-allphones	no	no
-cntthresh	0.00001	1.000000e-05
-csplitmax	100	2000
-csplitmin	1	1
-csplitthr	8e-4	0.000000e+00
-example	no	no
-fullvar	no	no
-help		no	no
-meanfn			/Users/benroye/forge/cmusphinx/voiceVim/model_parameters/voiceVim.cd_cont_untied/means
-mixwfn			/Users/benroye/forge/cmusphinx/voiceVim/model_parameters/voiceVim.cd_cont_untied/mixture_weights
-moddeffn		/Users/benroye/forge/cmusphinx/voiceVim/model_architecture/voiceVim.untied.mdef
-mwfloor	1e-4	1.000000e-08
-phone			b
-psetfn			/Users/benroye/forge/cmusphinx/voiceVim/model_architecture/voiceVim.tree_questions
-ssplitmax	5	7
-ssplitmin	1	1
-ssplitthr	8e-4	0.000000e+00
-state			1
-stwt			1.0,0.05,0.0,
-treefn			/Users/benroye/forge/cmusphinx/voiceVim/trees/voiceVim.unpruned/b-1.dtree
-ts2cbfn	.semi.	.cont.
-varfloor	0.00001	1.000000e-05
-varfn			/Users/benroye/forge/cmusphinx/voiceVim/model_parameters/voiceVim.cd_cont_untied/variances

INFO: main.c(223): Reading: /Users/benroye/forge/cmusphinx/voiceVim/model_architecture/voiceVim.untied.mdef
INFO: model_def_io.c(573): Model definition info:
INFO: model_def_io.c(574): 2249 total models defined (39 base, 2210 tri)
INFO: model_def_io.c(575): 8996 total states
INFO: model_def_io.c(576): 6747 total tied states
INFO: model_def_io.c(577): 117 total tied CI states
INFO: model_def_io.c(578): 39 total tied transition matrices
INFO: model_def_io.c(579): 4 max state/model
INFO: model_def_io.c(580): 4 min state/model
INFO: main.c(242): Building trees for [b SIL aa b] through [b v aa b]
INFO: main.c(269): Covering states |[402 554]| == 153
INFO: main.c(275): Reading: /Users/benroye/forge/cmusphinx/voiceVim/model_parameters/voiceVim.cd_cont_untied/mixture_weights
INFO: s3mixw_io.c(173): Read /Users/benroye/forge/cmusphinx/voiceVim/model_parameters/voiceVim.cd_cont_untied/mixture_weights [153x1x1 array]
INFO: main.c(311): 51 of 51 models have observation count greater than 0.000010
INFO: main.c(95): nrm stwt: 0.045 0.909 0.045 
INFO: s3gau_io.c(169): Read /Users/benroye/forge/cmusphinx/voiceVim/model_parameters/voiceVim.cd_cont_untied/means [6747x1x1 array]
INFO: s3gau_io.c(169): Read /Users/benroye/forge/cmusphinx/voiceVim/model_parameters/voiceVim.cd_cont_untied/variances [6747x1x1 array]
INFO: main.c(549): Reading: /Users/benroye/forge/cmusphinx/voiceVim/model_architecture/voiceVim.tree_questions
INFO: main.c(588): 174 total simple questions (166 phone; 8 word bndry)
INFO: main.c(590): 40 Left Only questions, and 42 Right Only questions
INFO: dtree.c(1478): Final simple tree
|( QUESTION2_18_L -1 -1.088e+05 1.698e+03 4.422e+02
|    ( - -4.470e+04 3 0 QUESTION0_8_R 1 1.727e+02 2.061e+02)
|    ( QUESTION19 -1 -6.240e+04 9.390e+02 2.361e+02
|        ( - -1.064e+04 4 0 QUESTION0_8_R 1 4.589e+02 4.195e+01)
|        ( QUESTION2_9_L -1 -5.082e+04 6.963e+02 1.941e+02
|            ( QUESTION4 -1 -1.517e+04 4.843e+02 5.740e+01
|                ( QUESTION0_20_R 1 -1.491e+04 4.709e+02 5.640e+01
|                    ( - 2.420e+02 1 0)
|                    ( - -1.468e+04 14 0 QUESTION19 1 4.598e+02 5.540e+01))
|                ( - 2.173e+02 1 0))
|            ( WDBNDRY_B 0 -3.495e+04 5.200e+02 1.367e+02
|                ( QUESTION2_4_L -1 -2.316e+04 4.681e+02 8.602e+01
|                    ( - 6.808e+01 1 0)
|                    ( - -2.276e+04 25 0 QUESTION9 -1 4.569e+02 8.502e+01))
|                ( - -1.127e+04 2 0 QUESTION4 -1 2.416e+02 5.068e+01)))))
s>    ( QUESTION2_18_L -1 -1.088e+05 1.698e+03 4.422e+02
s>        ( - -4.470e+04 3 0 QUESTION0_8_R 1 1.727e+02 2.061e+02)
s>        ( QUESTION19 -1 -6.240e+04 9.390e+02 2.361e+02
s>            ( - -1.064e+04 4 0 QUESTION0_8_R 1 4.589e+02 4.195e+01)
s>            ( QUESTION2_9_L -1 -5.082e+04 6.963e+02 1.941e+02
s>                ( QUESTION4 -1 -1.517e+04 4.843e+02 5.740e+01
s>                    ( QUESTION0_20_R 1 -1.491e+04 4.709e+02 5.640e+01
s>                        ( - 2.420e+02 1 0)
s>                        ( - -1.468e+04 14 0 QUESTION19 1 4.598e+02 5.540e+01))
s>                    ( - 2.173e+02 1 0))
s>                ( WDBNDRY_B 0 -3.495e+04 5.200e+02 1.367e+02
s>                    ( QUESTION2_4_L -1 -2.316e+04 4.681e+02 8.602e+01
s>                        ( - 6.808e+01 1 0)
s>                        ( - -2.276e+04 25 0 QUESTION9 -1 4.569e+02 8.502e+01))
s>                    ( - -1.127e+04 2 0 QUESTION4 -1 2.416e+02 5.068e+01)))))INFO: dtree.c(1315): Comp split 0
INFO: dtree.c(1478): Final simple tree
|( QUESTION19 -1 -6.240e+04 9.390e+02 2.361e+02
|    ( - -1.064e+04 4 0 QUESTION0_8_R 1 4.589e+02 4.195e+01)
|    ( QUESTION2_9_L -1 -5.082e+04 6.963e+02 1.941e+02
|        ( QUESTION4 -1 -1.517e+04 4.843e+02 5.740e+01
|            ( QUESTION0_20_R 1 -1.491e+04 4.709e+02 5.640e+01
|                ( - 2.420e+02 1 0)
|                ( QUESTION19 1 -1.468e+04 4.598e+02 5.540e+01
|                    ( - 1.991e+02 1 0)
|                    ( - -1.442e+04 13 0 QUESTION11 1 4.468e+02 5.440e+01)))
|            ( - 2.173e+02 1 0))
|        ( WDBNDRY_B 0 -3.495e+04 5.200e+02 1.367e+02
|            ( QUESTION2_4_L -1 -2.316e+04 4.681e+02 8.602e+01
|                ( - 6.808e+01 1 0)
|                ( - -2.276e+04 25 0 QUESTION9 -1 4.569e+02 8.502e+01))
|            ( - -1.127e+04 2 0 QUESTION4 -1 2.416e+02 5.068e+01))))
s>    ( QUESTION19 -1 -6.240e+04 9.390e+02 2.361e+02
s>        ( - -1.064e+04 4 0 QUESTION0_8_R 1 4.589e+02 4.195e+01)
s>        ( QUESTION2_9_L -1 -5.082e+04 6.963e+02 1.941e+02
s>            ( QUESTION4 -1 -1.517e+04 4.843e+02 5.740e+01
s>                ( QUESTION0_20_R 1 -1.491e+04 4.709e+02 5.640e+01
s>                    ( - 2.420e+02 1 0)
s>                    ( QUESTION19 1 -1.468e+04 4.598e+02 5.540e+01
s>                        ( - 1.991e+02 1 0)
s>                        ( - -1.442e+04 13 0 QUESTION11 1 4.468e+02 5.440e+01)))
s>                ( - 2.173e+02 1 0))
s>            ( WDBNDRY_B 0 -3.495e+04 5.200e+02 1.367e+02
s>                ( QUESTION2_4_L -1 -2.316e+04 4.681e+02 8.602e+01
s>                    ( - 6.808e+01 1 0)
s>                    ( - -2.276e+04 25 0 QUESTION9 -1 4.569e+02 8.502e+01))
s>                ( - -1.127e+04 2 0 QUESTION4 -1 2.416e+02 5.068e+01))))INFO: dtree.c(1439): stop. leaf nodes are specific
INFO: dtree.c(1478): Final simple tree
|( QUESTION0_8_R 1 -4.470e+04 1.727e+02 2.061e+02
|    ( - -4.348e+04 2 0)
|    ( - -1.054e+03 1 0))
s>    ( QUESTION0_8_R 1 -4.470e+04 1.727e+02 2.061e+02
s>        ( - -4.348e+04 2 0)
s>        ( - -1.054e+03 1 0))INFO: dtree.c(1315): Comp split 1
INFO: dtree.c(1478): Final simple tree
|( WDBNDRY_I 0 -3.504e+04 5.179e+02 1.377e+02
|    ( - -1.127e+04 2 0 QUESTION4 -1 2.416e+02 5.068e+01)
|    ( QUESTION9 -1 -2.325e+04 4.567e+02 8.702e+01
|        ( - 2.183e+02 1 0)
|        ( WDBNDRY_B 0 -2.302e+04 4.551e+02 8.602e+01
|            ( QUESTION11 -1 -2.276e+04 4.513e+02 8.502e+01
|                ( - 2.173e+02 1 0)
|                ( QUESTION2_2_L -1 -2.253e+04 4.403e+02 8.402e+01
|                    ( - 1.017e+02 1 0)
|                    ( QUESTION5 -1 -2.219e+04 2.790e+02 8.302e+01
|                        ( QUESTION4 1 -5.493e+03 4.560e+02 1.700e+01
|                            ( - -4.869e+03 4 0 QUESTION6 -1 2.112e+02 1.600e+01)
|                            ( - -1.681e+02 1 0))
|                        ( - -1.641e+04 18 0 QUESTION0_8_R 1 2.558e+02 6.602e+01))))
|            ( - 1.991e+02 1 0))))
s>    ( WDBNDRY_I 0 -3.504e+04 5.179e+02 1.377e+02
s>        ( - -1.127e+04 2 0 QUESTION4 -1 2.416e+02 5.068e+01)
s>        ( QUESTION9 -1 -2.325e+04 4.567e+02 8.702e+01
s>            ( - 2.183e+02 1 0)
s>            ( WDBNDRY_B 0 -2.302e+04 4.551e+02 8.602e+01
s>                ( QUESTION11 -1 -2.276e+04 4.513e+02 8.502e+01
s>                    ( - 2.173e+02 1 0)
s>                    ( QUESTION2_2_L -1 -2.253e+04 4.403e+02 8.402e+01
s>                        ( - 1.017e+02 1 0)
s>                        ( QUESTION5 -1 -2.219e+04 2.790e+02 8.302e+01
s>                            ( QUESTION4 1 -5.493e+03 4.560e+02 1.700e+01
s>                                ( - -4.869e+03 4 0 QUESTION6 -1 2.112e+02 1.600e+01)
s>                                ( - -1.681e+02 1 0))
s>                            ( - -1.641e+04 18 0 QUESTION0_8_R 1 2.558e+02 6.602e+01))))
s>                ( - 1.991e+02 1 0))))INFO: dtree.c(1478): Final simple tree
|( QUESTION4 -1 -2.630e+04 6.102e+02 9.835e+01
|    ( QUESTION2_3_L -1 -1.505e+04 4.721e+02 5.640e+01
|        ( - 6.808e+01 1 0)
|        ( QUESTION0_20_R 1 -1.465e+04 4.713e+02 5.540e+01
|            ( - 2.420e+02 1 0)
|            ( QUESTION11 1 -1.442e+04 4.468e+02 5.440e+01
|                ( - -1.645e+01 1 0)
|                ( QUESTION0_6_R 1 -1.395e+04 4.344e+02 5.340e+01
|                    ( - 1.667e+02 1 0)
|                    ( QUESTION6 1 -1.369e+04 2.062e+02 5.240e+01
|                        ( - -3.048e+02 1 0)
|                        ( - -1.317e+04 10 0 SILENCE 1 1.979e+02 5.040e+01))))))
|    ( QUESTION0_8_R 1 -1.064e+04 4.589e+02 4.195e+01
|        ( - -1.025e+04 3 0 QUESTION4 1 1.093e+02 4.095e+01)
|        ( - 6.687e+01 1 0)))
s>    ( QUESTION4 -1 -2.630e+04 6.102e+02 9.835e+01
s>        ( QUESTION2_3_L -1 -1.505e+04 4.721e+02 5.640e+01
s>            ( - 6.808e+01 1 0)
s>            ( QUESTION0_20_R 1 -1.465e+04 4.713e+02 5.540e+01
s>                ( - 2.420e+02 1 0)
s>                ( QUESTION11 1 -1.442e+04 4.468e+02 5.440e+01
s>                    ( - -1.645e+01 1 0)
s>                    ( QUESTION0_6_R 1 -1.395e+04 4.344e+02 5.340e+01
s>                        ( - 1.667e+02 1 0)
s>                        ( QUESTION6 1 -1.369e+04 2.062e+02 5.240e+01
s>                            ( - -3.048e+02 1 0)
s>                            ( - -1.317e+04 10 0 SILENCE 1 1.979e+02 5.040e+01))))))
s>        ( QUESTION0_8_R 1 -1.064e+04 4.589e+02 4.195e+01
s>            ( - -1.025e+04 3 0 QUESTION4 1 1.093e+02 4.095e+01)
s>            ( - 6.687e+01 1 0)))INFO: dtree.c(1315): Comp split 2
INFO: dtree.c(1439): stop. leaf nodes are specific
INFO: dtree.c(1478): Final simple tree
|( QUESTION4 1 -1.025e+04 1.093e+02 4.095e+01
|    ( - -6.592e+03 2 0)
|    ( - -3.550e+03 1 0))
s>    ( QUESTION4 1 -1.025e+04 1.093e+02 4.095e+01
s>        ( - -6.592e+03 2 0)
s>        ( - -3.550e+03 1 0))INFO: dtree.c(1478): Final simple tree
|( QUESTION0_20_R 1 -1.543e+04 4.713e+02 5.740e+01
|    ( - 2.420e+02 1 0)
|    ( QUESTION2_3_L -1 -1.520e+04 4.702e+02 5.640e+01
|        ( - 6.808e+01 1 0)
|        ( QUESTION4 -1 -1.480e+04 4.487e+02 5.540e+01
|            ( QUESTION11 1 -1.442e+04 4.468e+02 5.440e+01
|                ( - -1.645e+01 1 0)
|                ( QUESTION0_6_R 1 -1.395e+04 4.344e+02 5.340e+01
|                    ( - 1.667e+02 1 0)
|                    ( QUESTION6 1 -1.369e+04 2.062e+02 5.240e+01
|                        ( - -3.048e+02 1 0)
|                        ( SILENCE 1 -1.317e+04 1.979e+02 5.040e+01
|                            ( - -3.041e+03 2 0 QUESTION2_11_L -1 1.830e+02 1.401e+01)
|                            ( - -9.936e+03 8 0 QUESTION0_12_R 1 1.717e+02 3.639e+01)))))
|            ( - 6.687e+01 1 0))))
s>    ( QUESTION0_20_R 1 -1.543e+04 4.713e+02 5.740e+01
s>        ( - 2.420e+02 1 0)
s>        ( QUESTION2_3_L -1 -1.520e+04 4.702e+02 5.640e+01
s>            ( - 6.808e+01 1 0)
s>            ( QUESTION4 -1 -1.480e+04 4.487e+02 5.540e+01
s>                ( QUESTION11 1 -1.442e+04 4.468e+02 5.440e+01
s>                    ( - -1.645e+01 1 0)
s>                    ( QUESTION0_6_R 1 -1.395e+04 4.344e+02 5.340e+01
s>                        ( - 1.667e+02 1 0)
s>                        ( QUESTION6 1 -1.369e+04 2.062e+02 5.240e+01
s>                            ( - -3.048e+02 1 0)
s>                            ( SILENCE 1 -1.317e+04 1.979e+02 5.040e+01
s>                                ( - -3.041e+03 2 0 QUESTION2_11_L -1 1.830e+02 1.401e+01)
s>                                ( - -9.936e+03 8 0 QUESTION0_12_R 1 1.717e+02 3.639e+01)))))
s>                ( - 6.687e+01 1 0))))INFO: dtree.c(1315): Comp split 3
INFO: dtree.c(1478): Final simple tree
|( WDBNDRY_B 0 -2.302e+04 4.551e+02 8.602e+01
|    ( QUESTION11 -1 -2.276e+04 4.513e+02 8.502e+01
|        ( - 2.173e+02 1 0)
|        ( QUESTION2_2_L -1 -2.253e+04 4.403e+02 8.402e+01
|            ( - 1.017e+02 1 0)
|            ( QUESTION5 -1 -2.219e+04 2.790e+02 8.302e+01
|                ( QUESTION4 1 -5.493e+03 4.560e+02 1.700e+01
|                    ( QUESTION6 -1 -4.869e+03 2.112e+02 1.600e+01
|                        ( - -9.474e+02 1 0)
|                        ( - -3.710e+03 3 0 QUESTION13 -1 1.659e+02 1.200e+01))
|                    ( - -1.681e+02 1 0))
|                ( QUESTION0_8_R 1 -1.641e+04 2.558e+02 6.602e+01
|                    ( - -8.588e+03 10 0 QUESTION4 1 2.085e+02 3.602e+01)
|                    ( - -7.571e+03 8 0 QUESTION2 -1 1.221e+02 3.001e+01)))))
|    ( - 1.991e+02 1 0))
s>    ( WDBNDRY_B 0 -2.302e+04 4.551e+02 8.602e+01
s>        ( QUESTION11 -1 -2.276e+04 4.513e+02 8.502e+01
s>            ( - 2.173e+02 1 0)
s>            ( QUESTION2_2_L -1 -2.253e+04 4.403e+02 8.402e+01
s>                ( - 1.017e+02 1 0)
s>                ( QUESTION5 -1 -2.219e+04 2.790e+02 8.302e+01
s>                    ( QUESTION4 1 -5.493e+03 4.560e+02 1.700e+01
s>                        ( QUESTION6 -1 -4.869e+03 2.112e+02 1.600e+01
s>                            ( - -9.474e+02 1 0)
s>                            ( - -3.710e+03 3 0 QUESTION13 -1 1.659e+02 1.200e+01))
s>                        ( - -1.681e+02 1 0))
s>                    ( QUESTION0_8_R 1 -1.641e+04 2.558e+02 6.602e+01
s>                        ( - -8.588e+03 10 0 QUESTION4 1 2.085e+02 3.602e+01)
s>                        ( - -7.571e+03 8 0 QUESTION2 -1 1.221e+02 3.001e+01)))))
s>        ( - 1.991e+02 1 0))INFO: dtree.c(1439): stop. leaf nodes are specific
INFO: dtree.c(1478): Final simple tree
|( WDBNDRY_B 0 -1.151e+04 4.561e+02 5.168e+01
|    ( - 2.183e+02 1 0)
|    ( QUESTION4 -1 -1.127e+04 2.416e+02 5.068e+01
|        ( - -6.934e+03 1 0)
|        ( - -4.093e+03 1 0)))
s>    ( WDBNDRY_B 0 -1.151e+04 4.561e+02 5.168e+01
s>        ( - 2.183e+02 1 0)
s>        ( QUESTION4 -1 -1.127e+04 2.416e+02 5.068e+01
s>            ( - -6.934e+03 1 0)
s>            ( - -4.093e+03 1 0)))INFO: dtree.c(1315): Comp split 4
INFO: dtree.c(1478): Final simple tree
|( WDBNDRY_B 0 -2.237e+04 4.552e+02 8.502e+01
|    ( QUESTION11 -1 -2.211e+04 4.512e+02 8.402e+01
|        ( - 2.173e+02 1 0)
|        ( QUESTION2_2_L -1 -2.188e+04 4.410e+02 8.302e+01
|            ( - 1.017e+02 1 0)
|            ( QUESTION5 -1 -2.154e+04 2.534e+02 8.202e+01
|                ( QUESTION6 -1 -4.869e+03 2.112e+02 1.600e+01
|                    ( - -9.474e+02 1 0)
|                    ( - -3.710e+03 3 0 QUESTION13 -1 1.659e+02 1.200e+01))
|                ( QUESTION0_8_R 1 -1.641e+04 2.558e+02 6.602e+01
|                    ( QUESTION4 1 -8.588e+03 2.085e+02 3.602e+01
|                        ( - -5.476e+03 6 0 QUESTION3 -1 1.992e+02 2.300e+01)
|                        ( - -2.903e+03 4 0 SILENCE -1 8.289e+01 1.302e+01))
|                    ( - -7.571e+03 8 0 QUESTION2 -1 1.221e+02 3.001e+01)))))
|    ( - 1.991e+02 1 0))
s>    ( WDBNDRY_B 0 -2.237e+04 4.552e+02 8.502e+01
s>        ( QUESTION11 -1 -2.211e+04 4.512e+02 8.402e+01
s>            ( - 2.173e+02 1 0)
s>            ( QUESTION2_2_L -1 -2.188e+04 4.410e+02 8.302e+01
s>                ( - 1.017e+02 1 0)
s>                ( QUESTION5 -1 -2.154e+04 2.534e+02 8.202e+01
s>                    ( QUESTION6 -1 -4.869e+03 2.112e+02 1.600e+01
s>                        ( - -9.474e+02 1 0)
s>                        ( - -3.710e+03 3 0 QUESTION13 -1 1.659e+02 1.200e+01))
s>                    ( QUESTION0_8_R 1 -1.641e+04 2.558e+02 6.602e+01
s>                        ( QUESTION4 1 -8.588e+03 2.085e+02 3.602e+01
s>                            ( - -5.476e+03 6 0 QUESTION3 -1 1.992e+02 2.300e+01)
s>                            ( - -2.903e+03 4 0 SILENCE -1 8.289e+01 1.302e+01))
s>                        ( - -7.571e+03 8 0 QUESTION2 -1 1.221e+02 3.001e+01)))))
s>        ( - 1.991e+02 1 0))INFO: dtree.c(1315): Comp split 5
INFO: dtree.c(1478): Final simple tree
|( QUESTION2_3_L -1 -1.520e+04 4.702e+02 5.640e+01
|    ( - 6.808e+01 1 0)
|    ( QUESTION4 -1 -1.480e+04 4.487e+02 5.540e+01
|        ( QUESTION11 1 -1.442e+04 4.468e+02 5.440e+01
|            ( - -1.645e+01 1 0)
|            ( QUESTION0_6_R 1 -1.395e+04 4.344e+02 5.340e+01
|                ( - 1.667e+02 1 0)
|                ( QUESTION6 1 -1.369e+04 2.062e+02 5.240e+01
|                    ( - -3.048e+02 1 0)
|                    ( SILENCE 1 -1.317e+04 1.979e+02 5.040e+01
|                        ( QUESTION2_11_L -1 -3.041e+03 1.830e+02 1.401e+01
|                            ( - -2.560e+03 1 0)
|                            ( - -2.978e+02 1 0))
|                        ( - -9.936e+03 8 0 QUESTION0_12_R 1 1.717e+02 3.639e+01)))))
|        ( - 6.687e+01 1 0)))
s>    ( QUESTION2_3_L -1 -1.520e+04 4.702e+02 5.640e+01
s>        ( - 6.808e+01 1 0)
s>        ( QUESTION4 -1 -1.480e+04 4.487e+02 5.540e+01
s>            ( QUESTION11 1 -1.442e+04 4.468e+02 5.440e+01
s>                ( - -1.645e+01 1 0)
s>                ( QUESTION0_6_R 1 -1.395e+04 4.344e+02 5.340e+01
s>                    ( - 1.667e+02 1 0)
s>                    ( QUESTION6 1 -1.369e+04 2.062e+02 5.240e+01
s>                        ( - -3.048e+02 1 0)
s>                        ( SILENCE 1 -1.317e+04 1.979e+02 5.040e+01
s>                            ( QUESTION2_11_L -1 -3.041e+03 1.830e+02 1.401e+01
s>                                ( - -2.560e+03 1 0)
s>                                ( - -2.978e+02 1 0))
s>                            ( - -9.936e+03 8 0 QUESTION0_12_R 1 1.717e+02 3.639e+01)))))
s>            ( - 6.687e+01 1 0)))INFO: dtree.c(1315): Comp split 6
INFO: dtree.c(1478): Final simple tree
|( QUESTION4 -1 -1.480e+04 4.487e+02 5.540e+01
|    ( QUESTION11 1 -1.442e+04 4.468e+02 5.440e+01
|        ( - -1.645e+01 1 0)
|        ( QUESTION0_6_R 1 -1.395e+04 4.344e+02 5.340e+01
|            ( - 1.667e+02 1 0)
|            ( QUESTION6 1 -1.369e+04 2.062e+02 5.240e+01
|                ( - -3.048e+02 1 0)
|                ( SILENCE 1 -1.317e+04 1.979e+02 5.040e+01
|                    ( QUESTION2_11_L -1 -3.041e+03 1.830e+02 1.401e+01
|                        ( - -2.560e+03 1 0)
|                        ( - -2.978e+02 1 0))
|                    ( QUESTION0_12_R 1 -9.936e+03 1.717e+02 3.639e+01
|                        ( - -5.311e+02 1 0)
|                        ( - -9.234e+03 7 0 QUESTION0_11_R 1 4.700e+02 3.439e+01))))))
|    ( - 6.687e+01 1 0))
s>    ( QUESTION4 -1 -1.480e+04 4.487e+02 5.540e+01
s>        ( QUESTION11 1 -1.442e+04 4.468e+02 5.440e+01
s>            ( - -1.645e+01 1 0)
s>            ( QUESTION0_6_R 1 -1.395e+04 4.344e+02 5.340e+01
s>                ( - 1.667e+02 1 0)
s>                ( QUESTION6 1 -1.369e+04 2.062e+02 5.240e+01
s>                    ( - -3.048e+02 1 0)
s>                    ( SILENCE 1 -1.317e+04 1.979e+02 5.040e+01
s>                        ( QUESTION2_11_L -1 -3.041e+03 1.830e+02 1.401e+01
s>                            ( - -2.560e+03 1 0)
s>                            ( - -2.978e+02 1 0))
s>                        ( QUESTION0_12_R 1 -9.936e+03 1.717e+02 3.639e+01
s>                            ( - -5.311e+02 1 0)
s>                            ( - -9.234e+03 7 0 QUESTION0_11_R 1 4.700e+02 3.439e+01))))))
s>        ( - 6.687e+01 1 0))INFO: dtree.c(1315): Comp split 7
INFO: dtree.c(1439): stop. leaf nodes are specific
INFO: dtree.c(1478): Final simple tree
|( QUESTION4 -1 -1.127e+04 2.416e+02 5.068e+01
|    ( - -6.934e+03 1 0)
|    ( - -4.093e+03 1 0))
s>    ( QUESTION4 -1 -1.127e+04 2.416e+02 5.068e+01
s>        ( - -6.934e+03 1 0)
s>        ( - -4.093e+03 1 0))INFO: dtree.c(1315): Comp split 8
INFO: dtree.c(1478): Final simple tree
|( QUESTION11 -1 -2.211e+04 4.512e+02 8.402e+01
|    ( - 2.173e+02 1 0)
|    ( QUESTION2_2_L -1 -2.188e+04 4.410e+02 8.302e+01
|        ( - 1.017e+02 1 0)
|        ( QUESTION5 -1 -2.154e+04 2.534e+02 8.202e+01
|            ( QUESTION6 -1 -4.869e+03 2.112e+02 1.600e+01
|                ( - -9.474e+02 1 0)
|                ( - -3.710e+03 3 0 QUESTION13 -1 1.659e+02 1.200e+01))
|            ( QUESTION0_8_R 1 -1.641e+04 2.558e+02 6.602e+01
|                ( QUESTION4 1 -8.588e+03 2.085e+02 3.602e+01
|                    ( QUESTION3 -1 -5.476e+03 1.992e+02 2.300e+01
|                        ( - -2.390e+02 1 0)
|                        ( - -5.038e+03 5 0 QUESTION1 -1 1.367e+02 2.100e+01))
|                    ( - -2.903e+03 4 0 SILENCE -1 8.289e+01 1.302e+01))
|                ( - -7.571e+03 8 0 QUESTION2 -1 1.221e+02 3.001e+01)))))
s>    ( QUESTION11 -1 -2.211e+04 4.512e+02 8.402e+01
s>        ( - 2.173e+02 1 0)
s>        ( QUESTION2_2_L -1 -2.188e+04 4.410e+02 8.302e+01
s>            ( - 1.017e+02 1 0)
s>            ( QUESTION5 -1 -2.154e+04 2.534e+02 8.202e+01
s>                ( QUESTION6 -1 -4.869e+03 2.112e+02 1.600e+01
s>                    ( - -9.474e+02 1 0)
s>                    ( - -3.710e+03 3 0 QUESTION13 -1 1.659e+02 1.200e+01))
s>                ( QUESTION0_8_R 1 -1.641e+04 2.558e+02 6.602e+01
s>                    ( QUESTION4 1 -8.588e+03 2.085e+02 3.602e+01
s>                        ( QUESTION3 -1 -5.476e+03 1.992e+02 2.300e+01
s>                            ( - -2.390e+02 1 0)
s>                            ( - -5.038e+03 5 0 QUESTION1 -1 1.367e+02 2.100e+01))
s>                        ( - -2.903e+03 4 0 SILENCE -1 8.289e+01 1.302e+01))
s>                    ( - -7.571e+03 8 0 QUESTION2 -1 1.221e+02 3.001e+01)))))INFO: dtree.c(1315): Comp split 9
INFO: dtree.c(1478): Final simple tree
|( QUESTION2_2_L -1 -2.188e+04 4.410e+02 8.302e+01
|    ( - 1.017e+02 1 0)
|    ( QUESTION5 -1 -2.154e+04 2.534e+02 8.202e+01
|        ( QUESTION6 -1 -4.869e+03 2.112e+02 1.600e+01
|            ( - -9.474e+02 1 0)
|            ( QUESTION13 -1 -3.710e+03 1.659e+02 1.200e+01
|                ( - -5.465e+02 1 0)
|                ( - -2.998e+03 2 0 QUESTION0_8_R 1 1.188e+02 9.000e+00)))
|        ( QUESTION0_8_R 1 -1.641e+04 2.558e+02 6.602e+01
|            ( QUESTION4 1 -8.588e+03 2.085e+02 3.602e+01
|                ( QUESTION3 -1 -5.476e+03 1.992e+02 2.300e+01
|                    ( - -2.390e+02 1 0)
|                    ( - -5.038e+03 5 0 QUESTION1 -1 1.367e+02 2.100e+01))
|                ( - -2.903e+03 4 0 SILENCE -1 8.289e+01 1.302e+01))
|            ( - -7.571e+03 8 0 QUESTION2 -1 1.221e+02 3.001e+01))))
s>    ( QUESTION2_2_L -1 -2.188e+04 4.410e+02 8.302e+01
s>        ( - 1.017e+02 1 0)
s>        ( QUESTION5 -1 -2.154e+04 2.534e+02 8.202e+01
s>            ( QUESTION6 -1 -4.869e+03 2.112e+02 1.600e+01
s>                ( - -9.474e+02 1 0)
s>                ( QUESTION13 -1 -3.710e+03 1.659e+02 1.200e+01
s>                    ( - -5.465e+02 1 0)
s>                    ( - -2.998e+03 2 0 QUESTION0_8_R 1 1.188e+02 9.000e+00)))
s>            ( QUESTION0_8_R 1 -1.641e+04 2.558e+02 6.602e+01
s>                ( QUESTION4 1 -8.588e+03 2.085e+02 3.602e+01
s>                    ( QUESTION3 -1 -5.476e+03 1.992e+02 2.300e+01
s>                        ( - -2.390e+02 1 0)
s>                        ( - -5.038e+03 5 0 QUESTION1 -1 1.367e+02 2.100e+01))
s>                    ( - -2.903e+03 4 0 SILENCE -1 8.289e+01 1.302e+01))
s>                ( - -7.571e+03 8 0 QUESTION2 -1 1.221e+02 3.001e+01))))INFO: dtree.c(1315): Comp split 10
INFO: dtree.c(1478): Final simple tree
|( QUESTION11 1 -1.442e+04 4.468e+02 5.440e+01
|    ( - -1.645e+01 1 0)
|    ( QUESTION0_6_R 1 -1.395e+04 4.344e+02 5.340e+01
|        ( - 1.667e+02 1 0)
|        ( QUESTION6 1 -1.369e+04 2.062e+02 5.240e+01
|            ( - -3.048e+02 1 0)
|            ( SILENCE 1 -1.317e+04 1.979e+02 5.040e+01
|                ( QUESTION2_11_L -1 -3.041e+03 1.830e+02 1.401e+01
|                    ( - -2.560e+03 1 0)
|                    ( - -2.978e+02 1 0))
|                ( QUESTION0_12_R 1 -9.936e+03 1.717e+02 3.639e+01
|                    ( - -5.311e+02 1 0)
|                    ( QUESTION0_11_R 1 -9.234e+03 4.700e+02 3.439e+01
|                        ( - 2.421e+02 1 0)
|                        ( - -9.006e+03 6 0 WDBNDRY_B 0 1.654e+02 3.339e+01)))))))
s>    ( QUESTION11 1 -1.442e+04 4.468e+02 5.440e+01
s>        ( - -1.645e+01 1 0)
s>        ( QUESTION0_6_R 1 -1.395e+04 4.344e+02 5.340e+01
s>            ( - 1.667e+02 1 0)
s>            ( QUESTION6 1 -1.369e+04 2.062e+02 5.240e+01
s>                ( - -3.048e+02 1 0)
s>                ( SILENCE 1 -1.317e+04 1.979e+02 5.040e+01
s>                    ( QUESTION2_11_L -1 -3.041e+03 1.830e+02 1.401e+01
s>                        ( - -2.560e+03 1 0)
s>                        ( - -2.978e+02 1 0))
s>                    ( QUESTION0_12_R 1 -9.936e+03 1.717e+02 3.639e+01
s>                        ( - -5.311e+02 1 0)
s>                        ( QUESTION0_11_R 1 -9.234e+03 4.700e+02 3.439e+01
s>                            ( - 2.421e+02 1 0)
s>                            ( - -9.006e+03 6 0 WDBNDRY_B 0 1.654e+02 3.339e+01)))))))INFO: dtree.c(1315): Comp split 11
INFO: dtree.c(1478): Final simple tree
|( QUESTION11 1 -1.419e+04 4.468e+02 5.340e+01
|    ( - -1.645e+01 1 0)
|    ( QUESTION0_6_R 1 -1.373e+04 4.349e+02 5.240e+01
|        ( - 1.667e+02 1 0)
|        ( QUESTION6 1 -1.346e+04 2.067e+02 5.140e+01
|            ( - -3.048e+02 1 0)
|            ( SILENCE 1 -1.295e+04 2.000e+02 4.940e+01
|                ( QUESTION2_11_L -1 -3.041e+03 1.830e+02 1.401e+01
|                    ( - -2.560e+03 1 0)
|                    ( - -2.978e+02 1 0))
|                ( QUESTION0_11_R 1 -9.709e+03 1.721e+02 3.539e+01
|                    ( - -5.311e+02 1 0)
|                    ( WDBNDRY_B 0 -9.006e+03 1.654e+02 3.339e+01
|                        ( - -1.272e+03 1 0)
|                        ( - -7.568e+03 5 0 QUESTION0_1_R 1 1.709e+02 2.939e+01)))))))
s>    ( QUESTION11 1 -1.419e+04 4.468e+02 5.340e+01
s>        ( - -1.645e+01 1 0)
s>        ( QUESTION0_6_R 1 -1.373e+04 4.349e+02 5.240e+01
s>            ( - 1.667e+02 1 0)
s>            ( QUESTION6 1 -1.346e+04 2.067e+02 5.140e+01
s>                ( - -3.048e+02 1 0)
s>                ( SILENCE 1 -1.295e+04 2.000e+02 4.940e+01
s>                    ( QUESTION2_11_L -1 -3.041e+03 1.830e+02 1.401e+01
s>                        ( - -2.560e+03 1 0)
s>                        ( - -2.978e+02 1 0))
s>                    ( QUESTION0_11_R 1 -9.709e+03 1.721e+02 3.539e+01
s>                        ( - -5.311e+02 1 0)
s>                        ( WDBNDRY_B 0 -9.006e+03 1.654e+02 3.339e+01
s>                            ( - -1.272e+03 1 0)
s>                            ( - -7.568e+03 5 0 QUESTION0_1_R 1 1.709e+02 2.939e+01)))))))INFO: dtree.c(1315): Comp split 12
INFO: dtree.c(1478): Final simple tree
|( QUESTION0_6_R 1 -1.373e+04 4.349e+02 5.240e+01
|    ( - 1.667e+02 1 0)
|    ( QUESTION6 1 -1.346e+04 2.067e+02 5.140e+01
|        ( - -3.048e+02 1 0)
|        ( SILENCE 1 -1.295e+04 2.000e+02 4.940e+01
|            ( QUESTION2_11_L -1 -3.041e+03 1.830e+02 1.401e+01
|                ( - -2.560e+03 1 0)
|                ( - -2.978e+02 1 0))
|            ( QUESTION0_11_R 1 -9.709e+03 1.721e+02 3.539e+01
|                ( - -5.311e+02 1 0)
|                ( WDBNDRY_B 0 -9.006e+03 1.654e+02 3.339e+01
|                    ( - -1.272e+03 1 0)
|                    ( QUESTION0_1_R 1 -7.568e+03 1.709e+02 2.939e+01
|                        ( - -4.105e+02 1 0)
|                        ( - -6.987e+03 4 0 QUESTION2_11_L -1 1.128e+02 2.739e+01)))))))
s>    ( QUESTION0_6_R 1 -1.373e+04 4.349e+02 5.240e+01
s>        ( - 1.667e+02 1 0)
s>        ( QUESTION6 1 -1.346e+04 2.067e+02 5.140e+01
s>            ( - -3.048e+02 1 0)
s>            ( SILENCE 1 -1.295e+04 2.000e+02 4.940e+01
s>                ( QUESTION2_11_L -1 -3.041e+03 1.830e+02 1.401e+01
s>                    ( - -2.560e+03 1 0)
s>                    ( - -2.978e+02 1 0))
s>                ( QUESTION0_11_R 1 -9.709e+03 1.721e+02 3.539e+01
s>                    ( - -5.311e+02 1 0)
s>                    ( WDBNDRY_B 0 -9.006e+03 1.654e+02 3.339e+01
s>                        ( - -1.272e+03 1 0)
s>                        ( QUESTION0_1_R 1 -7.568e+03 1.709e+02 2.939e+01
s>                            ( - -4.105e+02 1 0)
s>                            ( - -6.987e+03 4 0 QUESTION2_11_L -1 1.128e+02 2.739e+01)))))))INFO: dtree.c(1315): Comp split 13
INFO: dtree.c(1478): Final simple tree
|( QUESTION5 -1 -2.154e+04 2.534e+02 8.202e+01
|    ( QUESTION6 -1 -4.869e+03 2.112e+02 1.600e+01
|        ( - -9.474e+02 1 0)
|        ( QUESTION13 -1 -3.710e+03 1.659e+02 1.200e+01
|            ( - -5.465e+02 1 0)
|            ( - -2.998e+03 2 0 QUESTION0_8_R 1 1.188e+02 9.000e+00)))
|    ( QUESTION0_8_R 1 -1.641e+04 2.558e+02 6.602e+01
|        ( QUESTION4 1 -8.588e+03 2.085e+02 3.602e+01
|            ( QUESTION3 -1 -5.476e+03 1.992e+02 2.300e+01
|                ( - -2.390e+02 1 0)
|                ( QUESTION1 -1 -5.038e+03 1.367e+02 2.100e+01
|                    ( - -7.939e+02 1 0)
|                    ( - -4.108e+03 4 0 SILENCE -1 1.120e+02 1.700e+01)))
|            ( - -2.903e+03 4 0 SILENCE -1 8.289e+01 1.302e+01))
|        ( - -7.571e+03 8 0 QUESTION2 -1 1.221e+02 3.001e+01)))
s>    ( QUESTION5 -1 -2.154e+04 2.534e+02 8.202e+01
s>        ( QUESTION6 -1 -4.869e+03 2.112e+02 1.600e+01
s>            ( - -9.474e+02 1 0)
s>            ( QUESTION13 -1 -3.710e+03 1.659e+02 1.200e+01
s>                ( - -5.465e+02 1 0)
s>                ( - -2.998e+03 2 0 QUESTION0_8_R 1 1.188e+02 9.000e+00)))
s>        ( QUESTION0_8_R 1 -1.641e+04 2.558e+02 6.602e+01
s>            ( QUESTION4 1 -8.588e+03 2.085e+02 3.602e+01
s>                ( QUESTION3 -1 -5.476e+03 1.992e+02 2.300e+01
s>                    ( - -2.390e+02 1 0)
s>                    ( QUESTION1 -1 -5.038e+03 1.367e+02 2.100e+01
s>                        ( - -7.939e+02 1 0)
s>                        ( - -4.108e+03 4 0 SILENCE -1 1.120e+02 1.700e+01)))
s>                ( - -2.903e+03 4 0 SILENCE -1 8.289e+01 1.302e+01))
s>            ( - -7.571e+03 8 0 QUESTION2 -1 1.221e+02 3.001e+01)))INFO: dtree.c(1315): Comp split 14
INFO: dtree.c(1478): Final simple tree
|( QUESTION6 1 -1.346e+04 2.067e+02 5.140e+01
|    ( - -3.048e+02 1 0)
|    ( SILENCE 1 -1.295e+04 2.000e+02 4.940e+01
|        ( QUESTION2_11_L -1 -3.041e+03 1.830e+02 1.401e+01
|            ( - -2.560e+03 1 0)
|            ( - -2.978e+02 1 0))
|        ( QUESTION0_11_R 1 -9.709e+03 1.721e+02 3.539e+01
|            ( - -5.311e+02 1 0)
|            ( WDBNDRY_B 0 -9.006e+03 1.654e+02 3.339e+01
|                ( - -1.272e+03 1 0)
|                ( QUESTION0_1_R 1 -7.568e+03 1.709e+02 2.939e+01
|                    ( - -4.105e+02 1 0)
|                    ( QUESTION2_11_L -1 -6.987e+03 1.128e+02 2.739e+01
|                        ( - -5.127e+03 2 0 QUESTION0_8_R 1 1.299e+02 2.139e+01)
|                        ( - -1.748e+03 2 0)))))))
s>    ( QUESTION6 1 -1.346e+04 2.067e+02 5.140e+01
s>        ( - -3.048e+02 1 0)
s>        ( SILENCE 1 -1.295e+04 2.000e+02 4.940e+01
s>            ( QUESTION2_11_L -1 -3.041e+03 1.830e+02 1.401e+01
s>                ( - -2.560e+03 1 0)
s>                ( - -2.978e+02 1 0))
s>            ( QUESTION0_11_R 1 -9.709e+03 1.721e+02 3.539e+01
s>                ( - -5.311e+02 1 0)
s>                ( WDBNDRY_B 0 -9.006e+03 1.654e+02 3.339e+01
s>                    ( - -1.272e+03 1 0)
s>                    ( QUESTION0_1_R 1 -7.568e+03 1.709e+02 2.939e+01
s>                        ( - -4.105e+02 1 0)
s>                        ( QUESTION2_11_L -1 -6.987e+03 1.128e+02 2.739e+01
s>                            ( - -5.127e+03 2 0 QUESTION0_8_R 1 1.299e+02 2.139e+01)
s>                            ( - -1.748e+03 2 0)))))))INFO: dtree.c(1315): Comp split 15
INFO: dtree.c(1478): Final simple tree
|( QUESTION0_8_R 1 -1.710e+04 2.572e+02 6.902e+01
|    ( QUESTION4 -1 -9.268e+03 1.949e+02 3.902e+01
|        ( - -2.390e+02 1 0)
|        ( QUESTION4 1 -8.834e+03 1.913e+02 3.702e+01
|            ( QUESTION3 -1 -5.740e+03 1.551e+02 2.400e+01
|                ( - -5.465e+02 1 0)
|                ( QUESTION1 -1 -5.038e+03 1.367e+02 2.100e+01
|                    ( - -7.939e+02 1 0)
|                    ( SILENCE -1 -4.108e+03 1.120e+02 1.700e+01
|                        ( - -1.696e+03 2 0)
|                        ( - -2.300e+03 2 0))))
|            ( - -2.903e+03 4 0 SILENCE -1 8.289e+01 1.302e+01)))
|    ( QUESTION2 -1 -7.571e+03 1.221e+02 3.001e+01
|        ( - -2.074e+03 2 0)
|        ( - -5.375e+03 6 0 QUESTION0 -1 9.383e+01 2.101e+01)))
s>    ( QUESTION0_8_R 1 -1.710e+04 2.572e+02 6.902e+01
s>        ( QUESTION4 -1 -9.268e+03 1.949e+02 3.902e+01
s>            ( - -2.390e+02 1 0)
s>            ( QUESTION4 1 -8.834e+03 1.913e+02 3.702e+01
s>                ( QUESTION3 -1 -5.740e+03 1.551e+02 2.400e+01
s>                    ( - -5.465e+02 1 0)
s>                    ( QUESTION1 -1 -5.038e+03 1.367e+02 2.100e+01
s>                        ( - -7.939e+02 1 0)
s>                        ( SILENCE -1 -4.108e+03 1.120e+02 1.700e+01
s>                            ( - -1.696e+03 2 0)
s>                            ( - -2.300e+03 2 0))))
s>                ( - -2.903e+03 4 0 SILENCE -1 8.289e+01 1.302e+01)))
s>        ( QUESTION2 -1 -7.571e+03 1.221e+02 3.001e+01
s>            ( - -2.074e+03 2 0)
s>            ( - -5.375e+03 6 0 QUESTION0 -1 9.383e+01 2.101e+01)))INFO: dtree.c(1439): stop. leaf nodes are specific
INFO: dtree.c(1478): Final simple tree
|( QUESTION6 -1 -4.125e+03 1.792e+02 1.300e+01
|    ( - -9.474e+02 1 0)
|    ( QUESTION0_8_R 1 -2.998e+03 1.188e+02 9.000e+00
|        ( - -1.880e+03 1 0)
|        ( - -9.989e+02 1 0)))
s>    ( QUESTION6 -1 -4.125e+03 1.792e+02 1.300e+01
s>        ( - -9.474e+02 1 0)
s>        ( QUESTION0_8_R 1 -2.998e+03 1.188e+02 9.000e+00
s>            ( - -1.880e+03 1 0)
s>            ( - -9.989e+02 1 0)))INFO: dtree.c(1315): Comp split 16
INFO: dtree.c(1439): stop. leaf nodes are specific
INFO: dtree.c(1478): Final simple tree
|( QUESTION1 -1 -5.038e+03 1.367e+02 2.100e+01
|    ( - -7.939e+02 1 0)
|    ( SILENCE -1 -4.108e+03 1.120e+02 1.700e+01
|        ( - -1.696e+03 2 0)
|        ( - -2.300e+03 2 0)))
s>    ( QUESTION1 -1 -5.038e+03 1.367e+02 2.100e+01
s>        ( - -7.939e+02 1 0)
s>        ( SILENCE -1 -4.108e+03 1.120e+02 1.700e+01
s>            ( - -1.696e+03 2 0)
s>            ( - -2.300e+03 2 0)))INFO: dtree.c(1478): Final simple tree
|( QUESTION0_8_R 1 -1.179e+04 2.287e+02 4.802e+01
|    ( QUESTION4 -1 -3.992e+03 1.949e+02 1.802e+01
|        ( - -2.390e+02 1 0)
|        ( QUESTION3 -1 -3.558e+03 1.087e+02 1.602e+01
|            ( - -5.465e+02 1 0)
|            ( SILENCE -1 -2.903e+03 8.289e+01 1.302e+01
|                ( - -1.098e+03 1 0)
|                ( - -1.722e+03 3 0))))
|    ( QUESTION2 -1 -7.571e+03 1.221e+02 3.001e+01
|        ( - -2.074e+03 2 0)
|        ( QUESTION0 -1 -5.375e+03 9.383e+01 2.101e+01
|            ( - -1.288e+03 1 0)
|            ( SILENCE -1 -3.994e+03 8.007e+01 1.701e+01
|                ( - -1.136e+03 1 0)
|                ( - -2.778e+03 4 0)))))
s>    ( QUESTION0_8_R 1 -1.179e+04 2.287e+02 4.802e+01
s>        ( QUESTION4 -1 -3.992e+03 1.949e+02 1.802e+01
s>            ( - -2.390e+02 1 0)
s>            ( QUESTION3 -1 -3.558e+03 1.087e+02 1.602e+01
s>                ( - -5.465e+02 1 0)
s>                ( SILENCE -1 -2.903e+03 8.289e+01 1.302e+01
s>                    ( - -1.098e+03 1 0)
s>                    ( - -1.722e+03 3 0))))
s>        ( QUESTION2 -1 -7.571e+03 1.221e+02 3.001e+01
s>            ( - -2.074e+03 2 0)
s>            ( QUESTION0 -1 -5.375e+03 9.383e+01 2.101e+01
s>                ( - -1.288e+03 1 0)
s>                ( SILENCE -1 -3.994e+03 8.007e+01 1.701e+01
s>                    ( - -1.136e+03 1 0)
s>                    ( - -2.778e+03 4 0)))))INFO: dtree.c(1315): Comp split 17
INFO: dtree.c(1315): Comp split 18
INFO: dtree.c(1439): stop. leaf nodes are specific
INFO: dtree.c(1478): Final simple tree
|( QUESTION3 -1 -3.558e+03 1.087e+02 1.602e+01
|    ( - -5.465e+02 1 0)
|    ( SILENCE -1 -2.903e+03 8.289e+01 1.302e+01
|        ( - -1.098e+03 1 0)
|        ( - -1.722e+03 3 0)))
s>    ( QUESTION3 -1 -3.558e+03 1.087e+02 1.602e+01
s>        ( - -5.465e+02 1 0)
s>        ( SILENCE -1 -2.903e+03 8.289e+01 1.302e+01
s>            ( - -1.098e+03 1 0)
s>            ( - -1.722e+03 3 0)))INFO: dtree.c(1439): stop. leaf nodes are specific
INFO: dtree.c(1478): Final simple tree
|( QUESTION0_8_R 1 -8.004e+03 1.942e+02 3.201e+01
|    ( - -2.390e+02 1 0)
|    ( QUESTION2 -1 -7.571e+03 1.221e+02 3.001e+01
|        ( - -2.074e+03 2 0)
|        ( QUESTION0 -1 -5.375e+03 9.383e+01 2.101e+01
|            ( - -1.288e+03 1 0)
|            ( SILENCE -1 -3.994e+03 8.007e+01 1.701e+01
|                ( - -1.136e+03 1 0)
|                ( - -2.778e+03 4 0)))))
s>    ( QUESTION0_8_R 1 -8.004e+03 1.942e+02 3.201e+01
s>        ( - -2.390e+02 1 0)
s>        ( QUESTION2 -1 -7.571e+03 1.221e+02 3.001e+01
s>            ( - -2.074e+03 2 0)
s>            ( QUESTION0 -1 -5.375e+03 9.383e+01 2.101e+01
s>                ( - -1.288e+03 1 0)
s>                ( SILENCE -1 -3.994e+03 8.007e+01 1.701e+01
s>                    ( - -1.136e+03 1 0)
s>                    ( - -2.778e+03 4 0)))))INFO: dtree.c(1315): Comp split 19
INFO: dtree.c(1439): stop. leaf nodes are specific
INFO: dtree.c(1478): Final simple tree
|( SILENCE 1 -1.023e+04 2.005e+02 4.140e+01
|    ( QUESTION2_11_L -1 -3.041e+03 1.830e+02 1.401e+01
|        ( - -2.560e+03 1 0)
|        ( - -2.978e+02 1 0))
|    ( QUESTION2_11_L -1 -6.987e+03 1.128e+02 2.739e+01
|        ( QUESTION0_8_R 1 -5.127e+03 1.299e+02 2.139e+01
|            ( - -1.350e+03 1 0)
|            ( - -3.646e+03 1 0))
|        ( - -1.748e+03 2 0)))
s>    ( SILENCE 1 -1.023e+04 2.005e+02 4.140e+01
s>        ( QUESTION2_11_L -1 -3.041e+03 1.830e+02 1.401e+01
s>            ( - -2.560e+03 1 0)
s>            ( - -2.978e+02 1 0))
s>        ( QUESTION2_11_L -1 -6.987e+03 1.128e+02 2.739e+01
s>            ( QUESTION0_8_R 1 -5.127e+03 1.299e+02 2.139e+01
s>                ( - -1.350e+03 1 0)
s>                ( - -3.646e+03 1 0))
s>            ( - -1.748e+03 2 0)))INFO: dtree.c(1439): stop. leaf nodes are specific
INFO: dtree.c(1478): Final simple tree
|( QUESTION0_10_R 1 -3.019e+03 1.977e+02 1.000e+01
|    ( - -3.048e+02 1 0)
|    ( QUESTION0_9_R 1 -2.516e+03 1.906e+02 8.000e+00
|        ( - -5.311e+02 1 0)
|        ( WDBNDRY_B 0 -1.795e+03 1.122e+02 6.000e+00
|            ( - -1.272e+03 1 0)
|            ( - -4.105e+02 1 0))))
s>    ( QUESTION0_10_R 1 -3.019e+03 1.977e+02 1.000e+01
s>        ( - -3.048e+02 1 0)
s>        ( QUESTION0_9_R 1 -2.516e+03 1.906e+02 8.000e+00
s>            ( - -5.311e+02 1 0)
s>            ( WDBNDRY_B 0 -1.795e+03 1.122e+02 6.000e+00
s>                ( - -1.272e+03 1 0)
s>                ( - -4.105e+02 1 0))))INFO: dtree.c(1315): Comp split 20
INFO: dtree.c(1439): stop. leaf nodes are specific
INFO: dtree.c(1478): Final simple tree
|( QUESTION2_11_L -1 -6.987e+03 1.128e+02 2.739e+01
|    ( QUESTION0_8_R 1 -5.127e+03 1.299e+02 2.139e+01
|        ( - -1.350e+03 1 0)
|        ( - -3.646e+03 1 0))
|    ( - -1.748e+03 2 0))
s>    ( QUESTION2_11_L -1 -6.987e+03 1.128e+02 2.739e+01
s>        ( QUESTION0_8_R 1 -5.127e+03 1.299e+02 2.139e+01
s>            ( - -1.350e+03 1 0)
s>            ( - -3.646e+03 1 0))
s>        ( - -1.748e+03 2 0))INFO: dtree.c(1439): stop. leaf nodes are specific
INFO: dtree.c(1478): Final simple tree
|( QUESTION2_11_L -1 -3.041e+03 1.830e+02 1.401e+01
|    ( - -2.560e+03 1 0)
|    ( - -2.978e+02 1 0))
s>    ( QUESTION2_11_L -1 -3.041e+03 1.830e+02 1.401e+01
s>        ( - -2.560e+03 1 0)
s>        ( - -2.978e+02 1 0))INFO: dtree.c(1315): Comp split 21
INFO: dtree.c(1439): stop. leaf nodes are specific
INFO: dtree.c(1478): Final simple tree
|( QUESTION0_9_R 1 -2.516e+03 1.906e+02 8.000e+00
|    ( - -5.311e+02 1 0)
|    ( WDBNDRY_B 0 -1.795e+03 1.122e+02 6.000e+00
|        ( - -1.272e+03 1 0)
|        ( - -4.105e+02 1 0)))
s>    ( QUESTION0_9_R 1 -2.516e+03 1.906e+02 8.000e+00
s>        ( - -5.311e+02 1 0)
s>        ( WDBNDRY_B 0 -1.795e+03 1.122e+02 6.000e+00
s>            ( - -1.272e+03 1 0)
s>            ( - -4.105e+02 1 0)))INFO: dtree.c(1315): Comp split 22
INFO: dtree.c(1439): stop. leaf nodes are specific
INFO: dtree.c(1478): Final simple tree
|( QUESTION2 -1 -7.571e+03 1.221e+02 3.001e+01
|    ( - -2.074e+03 2 0)
|    ( QUESTION0 -1 -5.375e+03 9.383e+01 2.101e+01
|        ( - -1.288e+03 1 0)
|        ( SILENCE -1 -3.994e+03 8.007e+01 1.701e+01
|            ( - -1.136e+03 1 0)
|            ( - -2.778e+03 4 0))))
s>    ( QUESTION2 -1 -7.571e+03 1.221e+02 3.001e+01
s>        ( - -2.074e+03 2 0)
s>        ( QUESTION0 -1 -5.375e+03 9.383e+01 2.101e+01
s>            ( - -1.288e+03 1 0)
s>            ( SILENCE -1 -3.994e+03 8.007e+01 1.701e+01
s>                ( - -1.136e+03 1 0)
s>                ( - -2.778e+03 4 0))))INFO: dtree.c(1315): Comp split 23
INFO: dtree.c(1439): stop. leaf nodes are specific
INFO: dtree.c(1478): Final simple tree
|( WDBNDRY_B 0 -1.795e+03 1.122e+02 6.000e+00
|    ( - -1.272e+03 1 0)
|    ( - -4.105e+02 1 0))
s>    ( WDBNDRY_B 0 -1.795e+03 1.122e+02 6.000e+00
s>        ( - -1.272e+03 1 0)
s>        ( - -4.105e+02 1 0))INFO: dtree.c(1315): Comp split 24
INFO: dtree.c(1315): Comp split 25
INFO: dtree.c(1439): stop. leaf nodes are specific
INFO: dtree.c(1478): Final simple tree
|( QUESTION0_8_R 1 -2.998e+03 1.188e+02 9.000e+00
|    ( - -1.880e+03 1 0)
|    ( - -9.989e+02 1 0))
s>    ( QUESTION0_8_R 1 -2.998e+03 1.188e+02 9.000e+00
s>        ( - -1.880e+03 1 0)
s>        ( - -9.989e+02 1 0))INFO: dtree.c(1315): Comp split 26
INFO: dtree.c(1315): Comp split 27
INFO: dtree.c(1439): stop. leaf nodes are specific
INFO: dtree.c(1478): Final simple tree
|( SILENCE -1 -4.108e+03 1.120e+02 1.700e+01
|    ( - -1.696e+03 2 0)
|    ( - -2.300e+03 2 0))
s>    ( SILENCE -1 -4.108e+03 1.120e+02 1.700e+01
s>        ( - -1.696e+03 2 0)
s>        ( - -2.300e+03 2 0))INFO: dtree.c(1315): Comp split 28
INFO: dtree.c(1439): stop. leaf nodes are specific
INFO: dtree.c(1478): Final simple tree
|( QUESTION0_8_R 1 -5.503e+03 1.086e+02 2.139e+01
|    ( - -1.748e+03 2 0)
|    ( - -3.646e+03 1 0))
s>    ( QUESTION0_8_R 1 -5.503e+03 1.086e+02 2.139e+01
s>        ( - -1.748e+03 2 0)
s>        ( - -3.646e+03 1 0))INFO: dtree.c(1315): Comp split 29
INFO: dtree.c(1439): stop. leaf nodes are specific
INFO: dtree.c(1478): Final simple tree
|( QUESTION0 -1 -5.375e+03 9.383e+01 2.101e+01
|    ( - -1.288e+03 1 0)
|    ( SILENCE -1 -3.994e+03 8.007e+01 1.701e+01
|        ( - -1.136e+03 1 0)
|        ( - -2.778e+03 4 0)))
s>    ( QUESTION0 -1 -5.375e+03 9.383e+01 2.101e+01
s>        ( - -1.288e+03 1 0)
s>        ( SILENCE -1 -3.994e+03 8.007e+01 1.701e+01
s>            ( - -1.136e+03 1 0)
s>            ( - -2.778e+03 4 0)))INFO: dtree.c(1315): Comp split 30
INFO: dtree.c(1315): Comp split 31
INFO: dtree.c(1315): Comp split 32
INFO: dtree.c(1315): Comp split 33
INFO: dtree.c(1315): Comp split 34
INFO: dtree.c(1439): stop. leaf nodes are specific
INFO: dtree.c(1478): Final simple tree
|( SILENCE -1 -2.903e+03 8.289e+01 1.302e+01
|    ( - -1.098e+03 1 0)
|    ( - -1.722e+03 3 0))
s>    ( SILENCE -1 -2.903e+03 8.289e+01 1.302e+01
s>        ( - -1.098e+03 1 0)
s>        ( - -1.722e+03 3 0))INFO: dtree.c(1315): Comp split 35
INFO: dtree.c(1315): Comp split 36
INFO: dtree.c(1439): stop. leaf nodes are specific
INFO: dtree.c(1478): Final simple tree
|( SILENCE -1 -3.994e+03 8.007e+01 1.701e+01
|    ( - -1.136e+03 1 0)
|    ( - -2.778e+03 4 0))
s>    ( SILENCE -1 -3.994e+03 8.007e+01 1.701e+01
s>        ( - -1.136e+03 1 0)
s>        ( - -2.778e+03 4 0))INFO: dtree.c(1315): Comp split 37
INFO: dtree.c(1315): Comp split 38
INFO: dtree.c(1315): Comp split 39
INFO: dtree.c(1318): stop. leaf nodes are specific
Mon Jan 30 07:35:45 2017
