Current configuration:
[NAME]		[DEFLT]	[VALUE]
-allphones	no	no
-cntthresh	0.00001	1.000000e-05
-csplitmax	100	2000
-csplitmin	1	1
-csplitthr	8e-4	0.000000e+00
-example	no	no
-fullvar	no	no
-help		no	no
-meanfn			/Users/benroye/forge/cmusphinx/voiceVim/model_parameters/voiceVim.cd_cont_untied/means
-mixwfn			/Users/benroye/forge/cmusphinx/voiceVim/model_parameters/voiceVim.cd_cont_untied/mixture_weights
-moddeffn		/Users/benroye/forge/cmusphinx/voiceVim/model_architecture/voiceVim.untied.mdef
-mwfloor	1e-4	1.000000e-08
-phone			oa
-psetfn			/Users/benroye/forge/cmusphinx/voiceVim/model_architecture/voiceVim.tree_questions
-ssplitmax	5	7
-ssplitmin	1	1
-ssplitthr	8e-4	0.000000e+00
-state			2
-stwt			1.0,0.05,0.0,
-treefn			/Users/benroye/forge/cmusphinx/voiceVim/trees/voiceVim.unpruned/oa-2.dtree
-ts2cbfn	.semi.	.cont.
-varfloor	0.00001	1.000000e-05
-varfn			/Users/benroye/forge/cmusphinx/voiceVim/model_parameters/voiceVim.cd_cont_untied/variances

INFO: main.c(223): Reading: /Users/benroye/forge/cmusphinx/voiceVim/model_architecture/voiceVim.untied.mdef
INFO: model_def_io.c(573): Model definition info:
INFO: model_def_io.c(574): 2249 total models defined (39 base, 2210 tri)
INFO: model_def_io.c(575): 8996 total states
INFO: model_def_io.c(576): 6747 total tied states
INFO: model_def_io.c(577): 117 total tied CI states
INFO: model_def_io.c(578): 39 total tied transition matrices
INFO: model_def_io.c(579): 4 max state/model
INFO: model_def_io.c(580): 4 min state/model
INFO: main.c(242): Building trees for [oa SIL r b] through [oa w r i]
INFO: main.c(269): Covering states |[3588 3614]| == 27
INFO: main.c(275): Reading: /Users/benroye/forge/cmusphinx/voiceVim/model_parameters/voiceVim.cd_cont_untied/mixture_weights
INFO: s3mixw_io.c(173): Read /Users/benroye/forge/cmusphinx/voiceVim/model_parameters/voiceVim.cd_cont_untied/mixture_weights [27x1x1 array]
INFO: main.c(311): 9 of 9 models have observation count greater than 0.000010
INFO: main.c(95): nrm stwt: 0.000 0.048 0.952 
INFO: s3gau_io.c(169): Read /Users/benroye/forge/cmusphinx/voiceVim/model_parameters/voiceVim.cd_cont_untied/means [6747x1x1 array]
INFO: s3gau_io.c(169): Read /Users/benroye/forge/cmusphinx/voiceVim/model_parameters/voiceVim.cd_cont_untied/variances [6747x1x1 array]
INFO: main.c(549): Reading: /Users/benroye/forge/cmusphinx/voiceVim/model_architecture/voiceVim.tree_questions
INFO: main.c(588): 174 total simple questions (166 phone; 8 word bndry)
INFO: main.c(590): 40 Left Only questions, and 42 Right Only questions
INFO: dtree.c(1478): Final simple tree
|( QUESTION0_12_R 1 -2.661e+05 5.693e+03 1.241e+03
|    ( - -4.128e+04 1 0)
|    ( QUESTION2_0_L -1 -2.192e+05 2.057e+03 1.020e+03
|        ( QUESTION2 -1 -1.461e+05 1.618e+03 6.936e+02
|            ( - -1.845e+04 1 0)
|            ( QUESTION19 -1 -1.260e+05 1.921e+03 6.130e+02
|                ( - -2.039e+04 1 0)
|                ( QUESTION18 -1 -1.037e+05 1.025e+03 5.139e+02
|                    ( - -6.326e+04 1 0)
|                    ( WDBNDRY_B 0 -3.944e+04 5.764e+02 1.940e+02
|                        ( - -1.573e+04 1 0)
|                        ( - -2.314e+04 1 0)))))
|        ( WDBNDRY_B 0 -7.100e+04 2.893e+02 3.266e+02
|            ( - -4.393e+03 2 0 SILENCE -1 2.226e+02 2.201e+01)
|            ( - -6.632e+04 1 0))))
s>    ( QUESTION0_12_R 1 -2.661e+05 5.693e+03 1.241e+03
s>        ( - -4.128e+04 1 0)
s>        ( QUESTION2_0_L -1 -2.192e+05 2.057e+03 1.020e+03
s>            ( QUESTION2 -1 -1.461e+05 1.618e+03 6.936e+02
s>                ( - -1.845e+04 1 0)
s>                ( QUESTION19 -1 -1.260e+05 1.921e+03 6.130e+02
s>                    ( - -2.039e+04 1 0)
s>                    ( QUESTION18 -1 -1.037e+05 1.025e+03 5.139e+02
s>                        ( - -6.326e+04 1 0)
s>                        ( WDBNDRY_B 0 -3.944e+04 5.764e+02 1.940e+02
s>                            ( - -1.573e+04 1 0)
s>                            ( - -2.314e+04 1 0)))))
s>            ( WDBNDRY_B 0 -7.100e+04 2.893e+02 3.266e+02
s>                ( - -4.393e+03 2 0 SILENCE -1 2.226e+02 2.201e+01)
s>                ( - -6.632e+04 1 0))))INFO: dtree.c(1315): Comp split 0
INFO: dtree.c(1478): Final simple tree
|( QUESTION2_0_L -1 -2.192e+05 2.057e+03 1.020e+03
|    ( QUESTION2 -1 -1.461e+05 1.618e+03 6.936e+02
|        ( - -1.845e+04 1 0)
|        ( QUESTION19 -1 -1.260e+05 1.921e+03 6.130e+02
|            ( - -2.039e+04 1 0)
|            ( QUESTION18 -1 -1.037e+05 1.025e+03 5.139e+02
|                ( - -6.326e+04 1 0)
|                ( WDBNDRY_B 0 -3.944e+04 5.764e+02 1.940e+02
|                    ( - -1.573e+04 1 0)
|                    ( - -2.314e+04 1 0)))))
|    ( WDBNDRY_B 0 -7.100e+04 2.893e+02 3.266e+02
|        ( SILENCE -1 -4.393e+03 2.226e+02 2.201e+01
|            ( - -1.391e+03 1 0)
|            ( - -2.779e+03 1 0))
|        ( - -6.632e+04 1 0)))
s>    ( QUESTION2_0_L -1 -2.192e+05 2.057e+03 1.020e+03
s>        ( QUESTION2 -1 -1.461e+05 1.618e+03 6.936e+02
s>            ( - -1.845e+04 1 0)
s>            ( QUESTION19 -1 -1.260e+05 1.921e+03 6.130e+02
s>                ( - -2.039e+04 1 0)
s>                ( QUESTION18 -1 -1.037e+05 1.025e+03 5.139e+02
s>                    ( - -6.326e+04 1 0)
s>                    ( WDBNDRY_B 0 -3.944e+04 5.764e+02 1.940e+02
s>                        ( - -1.573e+04 1 0)
s>                        ( - -2.314e+04 1 0)))))
s>        ( WDBNDRY_B 0 -7.100e+04 2.893e+02 3.266e+02
s>            ( SILENCE -1 -4.393e+03 2.226e+02 2.201e+01
s>                ( - -1.391e+03 1 0)
s>                ( - -2.779e+03 1 0))
s>            ( - -6.632e+04 1 0)))INFO: dtree.c(1315): Comp split 1
INFO: dtree.c(1439): stop. leaf nodes are specific
INFO: dtree.c(1478): Final simple tree
|( QUESTION13 -1 -8.709e+04 6.884e+02 4.370e+02
|    ( - -2.314e+04 1 0)
|    ( - -6.326e+04 1 0))
s>    ( QUESTION13 -1 -8.709e+04 6.884e+02 4.370e+02
s>        ( - -2.314e+04 1 0)
s>        ( - -6.326e+04 1 0))INFO: dtree.c(1439): stop. leaf nodes are specific
INFO: dtree.c(1478): Final simple tree
|( QUESTION1 -1 -1.273e+05 6.736e+02 5.833e+02
|    ( - -1.573e+04 1 0)
|    ( QUESTION18 -1 -1.109e+05 6.323e+02 5.063e+02
|        ( - -2.039e+04 1 0)
|        ( QUESTION0 -1 -8.992e+04 4.691e+02 4.072e+02
|            ( - -1.845e+04 1 0)
|            ( WDBNDRY_B 0 -7.100e+04 2.893e+02 3.266e+02
|                ( SILENCE -1 -4.393e+03 2.226e+02 2.201e+01
|                    ( - -1.391e+03 1 0)
|                    ( - -2.779e+03 1 0))
|                ( - -6.632e+04 1 0)))))
s>    ( QUESTION1 -1 -1.273e+05 6.736e+02 5.833e+02
s>        ( - -1.573e+04 1 0)
s>        ( QUESTION18 -1 -1.109e+05 6.323e+02 5.063e+02
s>            ( - -2.039e+04 1 0)
s>            ( QUESTION0 -1 -8.992e+04 4.691e+02 4.072e+02
s>                ( - -1.845e+04 1 0)
s>                ( WDBNDRY_B 0 -7.100e+04 2.893e+02 3.266e+02
s>                    ( SILENCE -1 -4.393e+03 2.226e+02 2.201e+01
s>                        ( - -1.391e+03 1 0)
s>                        ( - -2.779e+03 1 0))
s>                    ( - -6.632e+04 1 0)))))INFO: dtree.c(1315): Comp split 2
INFO: dtree.c(1439): stop. leaf nodes are specific
INFO: dtree.c(1478): Final simple tree
|( QUESTION0 -1 -8.522e+04 4.498e+02 3.852e+02
|    ( - -1.845e+04 1 0)
|    ( - -6.632e+04 1 0))
s>    ( QUESTION0 -1 -8.522e+04 4.498e+02 3.852e+02
s>        ( - -1.845e+04 1 0)
s>        ( - -6.632e+04 1 0))INFO: dtree.c(1439): stop. leaf nodes are specific
INFO: dtree.c(1478): Final simple tree
|( QUESTION0 -1 -4.136e+04 6.738e+02 1.981e+02
|    ( - -1.573e+04 1 0)
|    ( SILENCE -1 -2.496e+04 2.180e+02 1.211e+02
|        ( - -1.391e+03 1 0)
|        ( WDBNDRY_B 0 -2.335e+04 1.876e+02 1.131e+02
|            ( - -2.779e+03 1 0)
|            ( - -2.039e+04 1 0))))
s>    ( QUESTION0 -1 -4.136e+04 6.738e+02 1.981e+02
s>        ( - -1.573e+04 1 0)
s>        ( SILENCE -1 -2.496e+04 2.180e+02 1.211e+02
s>            ( - -1.391e+03 1 0)
s>            ( WDBNDRY_B 0 -2.335e+04 1.876e+02 1.131e+02
s>                ( - -2.779e+03 1 0)
s>                ( - -2.039e+04 1 0))))INFO: dtree.c(1315): Comp split 3
INFO: dtree.c(1315): Comp split 4
INFO: dtree.c(1439): stop. leaf nodes are specific
INFO: dtree.c(1478): Final simple tree
|( SILENCE -1 -2.496e+04 2.180e+02 1.211e+02
|    ( - -1.391e+03 1 0)
|    ( WDBNDRY_B 0 -2.335e+04 1.876e+02 1.131e+02
|        ( - -2.779e+03 1 0)
|        ( - -2.039e+04 1 0)))
s>    ( SILENCE -1 -2.496e+04 2.180e+02 1.211e+02
s>        ( - -1.391e+03 1 0)
s>        ( WDBNDRY_B 0 -2.335e+04 1.876e+02 1.131e+02
s>            ( - -2.779e+03 1 0)
s>            ( - -2.039e+04 1 0)))INFO: dtree.c(1315): Comp split 5
INFO: dtree.c(1315): Comp split 6
INFO: dtree.c(1439): stop. leaf nodes are specific
INFO: dtree.c(1478): Final simple tree
|( WDBNDRY_B 0 -2.335e+04 1.876e+02 1.131e+02
|    ( - -2.779e+03 1 0)
|    ( - -2.039e+04 1 0))
s>    ( WDBNDRY_B 0 -2.335e+04 1.876e+02 1.131e+02
s>        ( - -2.779e+03 1 0)
s>        ( - -2.039e+04 1 0))INFO: dtree.c(1315): Comp split 7
INFO: dtree.c(1315): Comp split 8
INFO: dtree.c(1318): stop. leaf nodes are specific
Mon Jan 30 07:35:49 2017
