Current configuration:
[NAME]		[DEFLT]	[VALUE]
-allphones	no	no
-cntthresh	0.00001	1.000000e-05
-csplitmax	100	2000
-csplitmin	1	1
-csplitthr	8e-4	0.000000e+00
-example	no	no
-fullvar	no	no
-help		no	no
-meanfn			/Users/benroye/forge/cmusphinx/voiceVim/model_parameters/voiceVim.cd_cont_untied/means
-mixwfn			/Users/benroye/forge/cmusphinx/voiceVim/model_parameters/voiceVim.cd_cont_untied/mixture_weights
-moddeffn		/Users/benroye/forge/cmusphinx/voiceVim/model_architecture/voiceVim.untied.mdef
-mwfloor	1e-4	1.000000e-08
-phone			ch
-psetfn			/Users/benroye/forge/cmusphinx/voiceVim/model_architecture/voiceVim.tree_questions
-ssplitmax	5	7
-ssplitmin	1	1
-ssplitthr	8e-4	0.000000e+00
-state			0
-stwt			1.0,0.05,0.0,
-treefn			/Users/benroye/forge/cmusphinx/voiceVim/trees/voiceVim.unpruned/ch-0.dtree
-ts2cbfn	.semi.	.cont.
-varfloor	0.00001	1.000000e-05
-varfn			/Users/benroye/forge/cmusphinx/voiceVim/model_parameters/voiceVim.cd_cont_untied/variances

INFO: main.c(223): Reading: /Users/benroye/forge/cmusphinx/voiceVim/model_architecture/voiceVim.untied.mdef
INFO: model_def_io.c(573): Model definition info:
INFO: model_def_io.c(574): 2249 total models defined (39 base, 2210 tri)
INFO: model_def_io.c(575): 8996 total states
INFO: model_def_io.c(576): 6747 total tied states
INFO: model_def_io.c(577): 117 total tied CI states
INFO: model_def_io.c(578): 39 total tied transition matrices
INFO: model_def_io.c(579): 4 max state/model
INFO: model_def_io.c(580): 4 min state/model
INFO: main.c(242): Building trees for [ch SIL aa b] through [ch z aa b]
INFO: main.c(269): Covering states |[555 623]| == 69
INFO: main.c(275): Reading: /Users/benroye/forge/cmusphinx/voiceVim/model_parameters/voiceVim.cd_cont_untied/mixture_weights
INFO: s3mixw_io.c(173): Read /Users/benroye/forge/cmusphinx/voiceVim/model_parameters/voiceVim.cd_cont_untied/mixture_weights [69x1x1 array]
INFO: main.c(311): 23 of 23 models have observation count greater than 0.000010
INFO: main.c(95): nrm stwt: 0.952 0.048 0.000 
INFO: s3gau_io.c(169): Read /Users/benroye/forge/cmusphinx/voiceVim/model_parameters/voiceVim.cd_cont_untied/means [6747x1x1 array]
INFO: s3gau_io.c(169): Read /Users/benroye/forge/cmusphinx/voiceVim/model_parameters/voiceVim.cd_cont_untied/variances [6747x1x1 array]
INFO: main.c(549): Reading: /Users/benroye/forge/cmusphinx/voiceVim/model_architecture/voiceVim.tree_questions
INFO: main.c(588): 174 total simple questions (166 phone; 8 word bndry)
INFO: main.c(590): 40 Left Only questions, and 42 Right Only questions
INFO: dtree.c(1478): Final simple tree
|( WDBNDRY_B 0 -1.186e+05 5.794e+02 5.285e+02
|    ( QUESTION1 -1 -9.007e+04 3.743e+02 4.078e+02
|        ( - -1.474e+04 1 0)
|        ( QUESTION2_2_L -1 -7.496e+04 2.424e+02 3.419e+02
|            ( QUESTION2_10_L -1 -1.151e+04 1.958e+02 5.197e+01
|                ( - -4.575e+03 1 0)
|                ( - -6.743e+03 2 0))
|            ( QUESTION4 -1 -6.321e+04 1.615e+02 2.899e+02
|                ( - -4.834e+04 3 0)
|                ( - -1.471e+04 6 0 SILENCE -1 1.354e+02 6.803e+01))))
|    ( QUESTION0 -1 -2.795e+04 4.358e+02 1.206e+02
|        ( - -5.635e+03 1 0)
|        ( WDBNDRY_E 0 -2.188e+04 3.088e+02 9.439e+01
|            ( - -1.823e+04 8 0 SILENCE 1 1.432e+02 7.904e+01)
|            ( - -3.340e+03 1 0))))
s>    ( WDBNDRY_B 0 -1.186e+05 5.794e+02 5.285e+02
s>        ( QUESTION1 -1 -9.007e+04 3.743e+02 4.078e+02
s>            ( - -1.474e+04 1 0)
s>            ( QUESTION2_2_L -1 -7.496e+04 2.424e+02 3.419e+02
s>                ( QUESTION2_10_L -1 -1.151e+04 1.958e+02 5.197e+01
s>                    ( - -4.575e+03 1 0)
s>                    ( - -6.743e+03 2 0))
s>                ( QUESTION4 -1 -6.321e+04 1.615e+02 2.899e+02
s>                    ( - -4.834e+04 3 0)
s>                    ( - -1.471e+04 6 0 SILENCE -1 1.354e+02 6.803e+01))))
s>        ( QUESTION0 -1 -2.795e+04 4.358e+02 1.206e+02
s>            ( - -5.635e+03 1 0)
s>            ( WDBNDRY_E 0 -2.188e+04 3.088e+02 9.439e+01
s>                ( - -1.823e+04 8 0 SILENCE 1 1.432e+02 7.904e+01)
s>                ( - -3.340e+03 1 0))))INFO: dtree.c(1315): Comp split 0
INFO: dtree.c(1478): Final simple tree
|( QUESTION0 -1 -3.489e+04 4.315e+02 1.525e+02
|    ( - -5.635e+03 1 0)
|    ( WDBNDRY_I 0 -2.883e+04 3.103e+02 1.263e+02
|        ( - -3.340e+03 1 0)
|        ( WDBNDRY_B 0 -2.518e+04 2.050e+02 1.109e+02
|            ( - -6.743e+03 2 0)
|            ( SILENCE 1 -1.823e+04 1.432e+02 7.904e+01
|                ( - -2.860e+03 1 0)
|                ( QUESTION11 1 -1.522e+04 1.164e+02 6.504e+01
|                    ( - -3.083e+03 1 0)
|                    ( QUESTION0_10_R 1 -1.202e+04 1.176e+02 5.104e+01
|                        ( - -1.404e+03 1 0)
|                        ( QUESTION0_0_R 1 -1.050e+04 1.297e+02 4.404e+01
|                            ( - -5.871e+03 4 0 QUESTION0_9_R 1 8.030e+01 2.400e+01)
|                            ( - -4.503e+03 1 0))))))))
s>    ( QUESTION0 -1 -3.489e+04 4.315e+02 1.525e+02
s>        ( - -5.635e+03 1 0)
s>        ( WDBNDRY_I 0 -2.883e+04 3.103e+02 1.263e+02
s>            ( - -3.340e+03 1 0)
s>            ( WDBNDRY_B 0 -2.518e+04 2.050e+02 1.109e+02
s>                ( - -6.743e+03 2 0)
s>                ( SILENCE 1 -1.823e+04 1.432e+02 7.904e+01
s>                    ( - -2.860e+03 1 0)
s>                    ( QUESTION11 1 -1.522e+04 1.164e+02 6.504e+01
s>                        ( - -3.083e+03 1 0)
s>                        ( QUESTION0_10_R 1 -1.202e+04 1.176e+02 5.104e+01
s>                            ( - -1.404e+03 1 0)
s>                            ( QUESTION0_0_R 1 -1.050e+04 1.297e+02 4.404e+01
s>                                ( - -5.871e+03 4 0 QUESTION0_9_R 1 8.030e+01 2.400e+01)
s>                                ( - -4.503e+03 1 0))))))))INFO: dtree.c(1478): Final simple tree
|( QUESTION1 -1 -8.312e+04 3.689e+02 3.760e+02
|    ( - -1.474e+04 1 0)
|    ( QUESTION2_2_L -1 -6.802e+04 2.371e+02 3.100e+02
|        ( - -4.575e+03 1 0)
|        ( QUESTION4 -1 -6.321e+04 1.615e+02 2.899e+02
|            ( - -4.834e+04 3 0)
|            ( SILENCE -1 -1.471e+04 1.354e+02 6.803e+01
|                ( - -2.501e+03 1 0)
|                ( QUESTION19 -1 -1.207e+04 1.268e+02 5.603e+01
|                    ( - -5.198e+02 1 0)
|                    ( QUESTION6 -1 -1.142e+04 9.995e+01 5.303e+01
|                        ( - -3.412e+03 1 0)
|                        ( QUESTION0 -1 -7.913e+03 5.440e+01 3.703e+01
|                            ( - -4.670e+03 2 0)
|                            ( - -3.188e+03 1 0))))))))
s>    ( QUESTION1 -1 -8.312e+04 3.689e+02 3.760e+02
s>        ( - -1.474e+04 1 0)
s>        ( QUESTION2_2_L -1 -6.802e+04 2.371e+02 3.100e+02
s>            ( - -4.575e+03 1 0)
s>            ( QUESTION4 -1 -6.321e+04 1.615e+02 2.899e+02
s>                ( - -4.834e+04 3 0)
s>                ( SILENCE -1 -1.471e+04 1.354e+02 6.803e+01
s>                    ( - -2.501e+03 1 0)
s>                    ( QUESTION19 -1 -1.207e+04 1.268e+02 5.603e+01
s>                        ( - -5.198e+02 1 0)
s>                        ( QUESTION6 -1 -1.142e+04 9.995e+01 5.303e+01
s>                            ( - -3.412e+03 1 0)
s>                            ( QUESTION0 -1 -7.913e+03 5.440e+01 3.703e+01
s>                                ( - -4.670e+03 2 0)
s>                                ( - -3.188e+03 1 0))))))))INFO: dtree.c(1315): Comp split 1
INFO: dtree.c(1478): Final simple tree
|( WDBNDRY_I 0 -2.883e+04 3.103e+02 1.263e+02
|    ( - -3.340e+03 1 0)
|    ( WDBNDRY_B 0 -2.518e+04 2.050e+02 1.109e+02
|        ( - -6.743e+03 2 0)
|        ( SILENCE 1 -1.823e+04 1.432e+02 7.904e+01
|            ( - -2.860e+03 1 0)
|            ( QUESTION11 1 -1.522e+04 1.164e+02 6.504e+01
|                ( - -3.083e+03 1 0)
|                ( QUESTION0_10_R 1 -1.202e+04 1.176e+02 5.104e+01
|                    ( - -1.404e+03 1 0)
|                    ( QUESTION0_0_R 1 -1.050e+04 1.297e+02 4.404e+01
|                        ( QUESTION0_9_R 1 -5.871e+03 8.030e+01 2.400e+01
|                            ( - -1.412e+03 1 0)
|                            ( - -4.378e+03 3 0 QUESTION0_6_R 1 7.911e+01 1.800e+01))
|                        ( - -4.503e+03 1 0)))))))
s>    ( WDBNDRY_I 0 -2.883e+04 3.103e+02 1.263e+02
s>        ( - -3.340e+03 1 0)
s>        ( WDBNDRY_B 0 -2.518e+04 2.050e+02 1.109e+02
s>            ( - -6.743e+03 2 0)
s>            ( SILENCE 1 -1.823e+04 1.432e+02 7.904e+01
s>                ( - -2.860e+03 1 0)
s>                ( QUESTION11 1 -1.522e+04 1.164e+02 6.504e+01
s>                    ( - -3.083e+03 1 0)
s>                    ( QUESTION0_10_R 1 -1.202e+04 1.176e+02 5.104e+01
s>                        ( - -1.404e+03 1 0)
s>                        ( QUESTION0_0_R 1 -1.050e+04 1.297e+02 4.404e+01
s>                            ( QUESTION0_9_R 1 -5.871e+03 8.030e+01 2.400e+01
s>                                ( - -1.412e+03 1 0)
s>                                ( - -4.378e+03 3 0 QUESTION0_6_R 1 7.911e+01 1.800e+01))
s>                            ( - -4.503e+03 1 0)))))))INFO: dtree.c(1315): Comp split 2
INFO: dtree.c(1439): stop. leaf nodes are specific
INFO: dtree.c(1478): Final simple tree
|( QUESTION2_2_L -1 -6.473e+04 2.327e+02 2.950e+02
|    ( - -4.575e+03 1 0)
|    ( QUESTION4 -1 -5.992e+04 1.553e+02 2.749e+02
|        ( - -4.834e+04 3 0)
|        ( QUESTION6 -1 -1.142e+04 9.995e+01 5.303e+01
|            ( - -3.412e+03 1 0)
|            ( QUESTION0 -1 -7.913e+03 5.440e+01 3.703e+01
|                ( - -4.670e+03 2 0)
|                ( - -3.188e+03 1 0)))))
s>    ( QUESTION2_2_L -1 -6.473e+04 2.327e+02 2.950e+02
s>        ( - -4.575e+03 1 0)
s>        ( QUESTION4 -1 -5.992e+04 1.553e+02 2.749e+02
s>            ( - -4.834e+04 3 0)
s>            ( QUESTION6 -1 -1.142e+04 9.995e+01 5.303e+01
s>                ( - -3.412e+03 1 0)
s>                ( QUESTION0 -1 -7.913e+03 5.440e+01 3.703e+01
s>                    ( - -4.670e+03 2 0)
s>                    ( - -3.188e+03 1 0)))))INFO: dtree.c(1439): stop. leaf nodes are specific
INFO: dtree.c(1478): Final simple tree
|( QUESTION0 -1 -1.802e+04 1.548e+02 8.096e+01
|    ( - -1.474e+04 1 0)
|    ( SILENCE -1 -3.127e+03 1.069e+02 1.500e+01
|        ( - -2.501e+03 1 0)
|        ( - -5.198e+02 1 0)))
s>    ( QUESTION0 -1 -1.802e+04 1.548e+02 8.096e+01
s>        ( - -1.474e+04 1 0)
s>        ( SILENCE -1 -3.127e+03 1.069e+02 1.500e+01
s>            ( - -2.501e+03 1 0)
s>            ( - -5.198e+02 1 0)))INFO: dtree.c(1315): Comp split 3
INFO: dtree.c(1478): Final simple tree
|( WDBNDRY_B 0 -2.518e+04 2.050e+02 1.109e+02
|    ( - -6.743e+03 2 0)
|    ( SILENCE 1 -1.823e+04 1.432e+02 7.904e+01
|        ( - -2.860e+03 1 0)
|        ( QUESTION11 1 -1.522e+04 1.164e+02 6.504e+01
|            ( - -3.083e+03 1 0)
|            ( QUESTION0_10_R 1 -1.202e+04 1.176e+02 5.104e+01
|                ( - -1.404e+03 1 0)
|                ( QUESTION0_0_R 1 -1.050e+04 1.297e+02 4.404e+01
|                    ( QUESTION0_9_R 1 -5.871e+03 8.030e+01 2.400e+01
|                        ( - -1.412e+03 1 0)
|                        ( QUESTION0_6_R 1 -4.378e+03 7.911e+01 1.800e+01
|                            ( - -1.394e+03 1 0)
|                            ( - -2.905e+03 2 0 QUESTION0_1_R 1 4.874e+01 1.200e+01)))
|                    ( - -4.503e+03 1 0))))))
s>    ( WDBNDRY_B 0 -2.518e+04 2.050e+02 1.109e+02
s>        ( - -6.743e+03 2 0)
s>        ( SILENCE 1 -1.823e+04 1.432e+02 7.904e+01
s>            ( - -2.860e+03 1 0)
s>            ( QUESTION11 1 -1.522e+04 1.164e+02 6.504e+01
s>                ( - -3.083e+03 1 0)
s>                ( QUESTION0_10_R 1 -1.202e+04 1.176e+02 5.104e+01
s>                    ( - -1.404e+03 1 0)
s>                    ( QUESTION0_0_R 1 -1.050e+04 1.297e+02 4.404e+01
s>                        ( QUESTION0_9_R 1 -5.871e+03 8.030e+01 2.400e+01
s>                            ( - -1.412e+03 1 0)
s>                            ( QUESTION0_6_R 1 -4.378e+03 7.911e+01 1.800e+01
s>                                ( - -1.394e+03 1 0)
s>                                ( - -2.905e+03 2 0 QUESTION0_1_R 1 4.874e+01 1.200e+01)))
s>                        ( - -4.503e+03 1 0))))))INFO: dtree.c(1315): Comp split 4
INFO: dtree.c(1439): stop. leaf nodes are specific
INFO: dtree.c(1478): Final simple tree
|( QUESTION0_9_R 1 -5.871e+03 8.030e+01 2.400e+01
|    ( - -1.412e+03 1 0)
|    ( QUESTION0_6_R 1 -4.378e+03 7.911e+01 1.800e+01
|        ( - -1.394e+03 1 0)
|        ( QUESTION0_1_R 1 -2.905e+03 4.874e+01 1.200e+01
|            ( - -1.636e+03 1 0)
|            ( - -1.221e+03 1 0))))
s>    ( QUESTION0_9_R 1 -5.871e+03 8.030e+01 2.400e+01
s>        ( - -1.412e+03 1 0)
s>        ( QUESTION0_6_R 1 -4.378e+03 7.911e+01 1.800e+01
s>            ( - -1.394e+03 1 0)
s>            ( QUESTION0_1_R 1 -2.905e+03 4.874e+01 1.200e+01
s>                ( - -1.636e+03 1 0)
s>                ( - -1.221e+03 1 0))))INFO: dtree.c(1439): stop. leaf nodes are specific
INFO: dtree.c(1478): Final simple tree
|( WDBNDRY_B 0 -1.902e+04 1.476e+02 8.693e+01
|    ( - -6.743e+03 2 0)
|    ( SILENCE 1 -1.213e+04 1.028e+02 5.504e+01
|        ( - -2.860e+03 1 0)
|        ( QUESTION0_9_R 1 -9.168e+03 9.551e+01 4.104e+01
|            ( - -1.404e+03 1 0)
|            ( QUESTION0_0_R 1 -7.668e+03 8.247e+01 3.404e+01
|                ( - -3.083e+03 1 0)
|                ( - -4.503e+03 1 0)))))
s>    ( WDBNDRY_B 0 -1.902e+04 1.476e+02 8.693e+01
s>        ( - -6.743e+03 2 0)
s>        ( SILENCE 1 -1.213e+04 1.028e+02 5.504e+01
s>            ( - -2.860e+03 1 0)
s>            ( QUESTION0_9_R 1 -9.168e+03 9.551e+01 4.104e+01
s>                ( - -1.404e+03 1 0)
s>                ( QUESTION0_0_R 1 -7.668e+03 8.247e+01 3.404e+01
s>                    ( - -3.083e+03 1 0)
s>                    ( - -4.503e+03 1 0)))))INFO: dtree.c(1315): Comp split 5
INFO: dtree.c(1439): stop. leaf nodes are specific
INFO: dtree.c(1478): Final simple tree
|( QUESTION4 -1 -5.992e+04 1.553e+02 2.749e+02
|    ( - -4.834e+04 3 0)
|    ( QUESTION6 -1 -1.142e+04 9.995e+01 5.303e+01
|        ( - -3.412e+03 1 0)
|        ( QUESTION0 -1 -7.913e+03 5.440e+01 3.703e+01
|            ( - -4.670e+03 2 0)
|            ( - -3.188e+03 1 0))))
s>    ( QUESTION4 -1 -5.992e+04 1.553e+02 2.749e+02
s>        ( - -4.834e+04 3 0)
s>        ( QUESTION6 -1 -1.142e+04 9.995e+01 5.303e+01
s>            ( - -3.412e+03 1 0)
s>            ( QUESTION0 -1 -7.913e+03 5.440e+01 3.703e+01
s>                ( - -4.670e+03 2 0)
s>                ( - -3.188e+03 1 0))))INFO: dtree.c(1315): Comp split 6
INFO: dtree.c(1439): stop. leaf nodes are specific
INFO: dtree.c(1478): Final simple tree
|( QUESTION0 -1 -7.913e+03 5.440e+01 3.703e+01
|    ( - -4.670e+03 2 0)
|    ( - -3.188e+03 1 0))
s>    ( QUESTION0 -1 -7.913e+03 5.440e+01 3.703e+01
s>        ( - -4.670e+03 2 0)
s>        ( - -3.188e+03 1 0))INFO: dtree.c(1439): stop. leaf nodes are specific
INFO: dtree.c(1478): Final simple tree
|( QUESTION4 -1 -5.183e+04 8.237e+01 2.379e+02
|    ( - -4.834e+04 3 0)
|    ( - -3.412e+03 1 0))
s>    ( QUESTION4 -1 -5.183e+04 8.237e+01 2.379e+02
s>        ( - -4.834e+04 3 0)
s>        ( - -3.412e+03 1 0))INFO: dtree.c(1315): Comp split 7
INFO: dtree.c(1439): stop. leaf nodes are specific
INFO: dtree.c(1478): Final simple tree
|( SILENCE -1 -3.127e+03 1.069e+02 1.500e+01
|    ( - -2.501e+03 1 0)
|    ( - -5.198e+02 1 0))
s>    ( SILENCE -1 -3.127e+03 1.069e+02 1.500e+01
s>        ( - -2.501e+03 1 0)
s>        ( - -5.198e+02 1 0))INFO: dtree.c(1315): Comp split 8
INFO: dtree.c(1439): stop. leaf nodes are specific
INFO: dtree.c(1478): Final simple tree
|( QUESTION0_9_R 1 -9.168e+03 9.551e+01 4.104e+01
|    ( - -1.404e+03 1 0)
|    ( QUESTION0_0_R 1 -7.668e+03 8.247e+01 3.404e+01
|        ( - -3.083e+03 1 0)
|        ( - -4.503e+03 1 0)))
s>    ( QUESTION0_9_R 1 -9.168e+03 9.551e+01 4.104e+01
s>        ( - -1.404e+03 1 0)
s>        ( QUESTION0_0_R 1 -7.668e+03 8.247e+01 3.404e+01
s>            ( - -3.083e+03 1 0)
s>            ( - -4.503e+03 1 0)))INFO: dtree.c(1439): stop. leaf nodes are specific
INFO: dtree.c(1478): Final simple tree
|( WDBNDRY_B 0 -9.704e+03 1.017e+02 4.589e+01
|    ( - -6.743e+03 2 0)
|    ( - -2.860e+03 1 0))
s>    ( WDBNDRY_B 0 -9.704e+03 1.017e+02 4.589e+01
s>        ( - -6.743e+03 2 0)
s>        ( - -2.860e+03 1 0))INFO: dtree.c(1315): Comp split 9
INFO: dtree.c(1315): Comp split 10
INFO: dtree.c(1315): Comp split 11
INFO: dtree.c(1439): stop. leaf nodes are specific
INFO: dtree.c(1478): Final simple tree
|( QUESTION0_0_R 1 -7.668e+03 8.247e+01 3.404e+01
|    ( - -3.083e+03 1 0)
|    ( - -4.503e+03 1 0))
s>    ( QUESTION0_0_R 1 -7.668e+03 8.247e+01 3.404e+01
s>        ( - -3.083e+03 1 0)
s>        ( - -4.503e+03 1 0))INFO: dtree.c(1315): Comp split 12
INFO: dtree.c(1439): stop. leaf nodes are specific
INFO: dtree.c(1478): Final simple tree
|( QUESTION0_1_R 1 -2.905e+03 4.874e+01 1.200e+01
|    ( - -1.636e+03 1 0)
|    ( - -1.221e+03 1 0))
s>    ( QUESTION0_1_R 1 -2.905e+03 4.874e+01 1.200e+01
s>        ( - -1.636e+03 1 0)
s>        ( - -1.221e+03 1 0))INFO: dtree.c(1439): stop. leaf nodes are specific
INFO: dtree.c(1478): Final simple tree
|( QUESTION0_1_R 1 -2.872e+03 6.572e+01 1.200e+01
|    ( - -1.394e+03 1 0)
|    ( - -1.412e+03 1 0))
s>    ( QUESTION0_1_R 1 -2.872e+03 6.572e+01 1.200e+01
s>        ( - -1.394e+03 1 0)
s>        ( - -1.412e+03 1 0))INFO: dtree.c(1315): Comp split 13
INFO: dtree.c(1315): Comp split 14
INFO: dtree.c(1315): Comp split 15
INFO: dtree.c(1315): Comp split 16
INFO: dtree.c(1315): Comp split 17
INFO: dtree.c(1315): Comp split 18
INFO: dtree.c(1318): stop. leaf nodes are specific
Mon Jan 30 07:35:44 2017
