Current configuration:
[NAME]		[DEFLT]	[VALUE]
-allphones	no	no
-cntthresh	0.00001	1.000000e-05
-csplitmax	100	2000
-csplitmin	1	1
-csplitthr	8e-4	0.000000e+00
-example	no	no
-fullvar	no	no
-help		no	no
-meanfn			/Users/benroye/forge/cmusphinx/voiceVim/model_parameters/voiceVim.cd_cont_untied/means
-mixwfn			/Users/benroye/forge/cmusphinx/voiceVim/model_parameters/voiceVim.cd_cont_untied/mixture_weights
-moddeffn		/Users/benroye/forge/cmusphinx/voiceVim/model_architecture/voiceVim.untied.mdef
-mwfloor	1e-4	1.000000e-08
-phone			i
-psetfn			/Users/benroye/forge/cmusphinx/voiceVim/model_architecture/voiceVim.tree_questions
-ssplitmax	5	7
-ssplitmin	1	1
-ssplitthr	8e-4	0.000000e+00
-state			2
-stwt			1.0,0.05,0.0,
-treefn			/Users/benroye/forge/cmusphinx/voiceVim/trees/voiceVim.unpruned/i-2.dtree
-ts2cbfn	.semi.	.cont.
-varfloor	0.00001	1.000000e-05
-varfn			/Users/benroye/forge/cmusphinx/voiceVim/model_parameters/voiceVim.cd_cont_untied/variances

INFO: main.c(223): Reading: /Users/benroye/forge/cmusphinx/voiceVim/model_architecture/voiceVim.untied.mdef
INFO: model_def_io.c(573): Model definition info:
INFO: model_def_io.c(574): 2249 total models defined (39 base, 2210 tri)
INFO: model_def_io.c(575): 8996 total states
INFO: model_def_io.c(576): 6747 total tied states
INFO: model_def_io.c(577): 117 total tied CI states
INFO: model_def_io.c(578): 39 total tied transition matrices
INFO: model_def_io.c(579): 4 max state/model
INFO: model_def_io.c(580): 4 min state/model
INFO: main.c(242): Building trees for [i SIL d b] through [i z r i]
INFO: main.c(269): Covering states |[1977 2144]| == 168
INFO: main.c(275): Reading: /Users/benroye/forge/cmusphinx/voiceVim/model_parameters/voiceVim.cd_cont_untied/mixture_weights
INFO: s3mixw_io.c(173): Read /Users/benroye/forge/cmusphinx/voiceVim/model_parameters/voiceVim.cd_cont_untied/mixture_weights [168x1x1 array]
INFO: main.c(311): 56 of 56 models have observation count greater than 0.000010
INFO: main.c(95): nrm stwt: 0.000 0.048 0.952 
INFO: s3gau_io.c(169): Read /Users/benroye/forge/cmusphinx/voiceVim/model_parameters/voiceVim.cd_cont_untied/means [6747x1x1 array]
INFO: s3gau_io.c(169): Read /Users/benroye/forge/cmusphinx/voiceVim/model_parameters/voiceVim.cd_cont_untied/variances [6747x1x1 array]
INFO: main.c(549): Reading: /Users/benroye/forge/cmusphinx/voiceVim/model_architecture/voiceVim.tree_questions
INFO: main.c(588): 174 total simple questions (166 phone; 8 word bndry)
INFO: main.c(590): 40 Left Only questions, and 42 Right Only questions
INFO: dtree.c(1478): Final simple tree
|( QUESTION0_2_R 1 -4.462e+05 4.899e+03 1.982e+03
|    ( - -1.096e+05 20 0 QUESTION2_0_L -1 7.479e+02 5.105e+02)
|    ( QUESTION0_13_R 1 -3.317e+05 2.400e+03 1.472e+03
|        ( QUESTION4 1 -5.349e+04 1.074e+03 2.419e+02
|            ( - -9.809e+03 8 0 QUESTION11 -1 4.489e+02 4.698e+01)
|            ( - -4.260e+04 1 0))
|        ( QUESTION5 1 -2.758e+05 1.961e+03 1.230e+03
|            ( QUESTION2 -1 -2.144e+05 1.840e+03 9.632e+02
|                ( - -3.748e+04 4 0 QUESTION0_4_R 1 1.071e+03 1.656e+02)
|                ( QUESTION0_6_R 1 -1.751e+05 1.081e+03 7.976e+02
|                    ( - -2.819e+04 7 0 QUESTION0 -1 3.182e+02 1.260e+02)
|                    ( - -1.458e+05 5 0 QUESTION0_5_R 1 9.674e+02 6.717e+02)))
|            ( QUESTION0_11_R 1 -5.939e+04 1.518e+03 2.664e+02
|                ( - -1.552e+04 1 0)
|                ( - -4.235e+04 10 0 QUESTION2_2_L -1 5.487e+02 1.888e+02)))))
s>    ( QUESTION0_2_R 1 -4.462e+05 4.899e+03 1.982e+03
s>        ( - -1.096e+05 20 0 QUESTION2_0_L -1 7.479e+02 5.105e+02)
s>        ( QUESTION0_13_R 1 -3.317e+05 2.400e+03 1.472e+03
s>            ( QUESTION4 1 -5.349e+04 1.074e+03 2.419e+02
s>                ( - -9.809e+03 8 0 QUESTION11 -1 4.489e+02 4.698e+01)
s>                ( - -4.260e+04 1 0))
s>            ( QUESTION5 1 -2.758e+05 1.961e+03 1.230e+03
s>                ( QUESTION2 -1 -2.144e+05 1.840e+03 9.632e+02
s>                    ( - -3.748e+04 4 0 QUESTION0_4_R 1 1.071e+03 1.656e+02)
s>                    ( QUESTION0_6_R 1 -1.751e+05 1.081e+03 7.976e+02
s>                        ( - -2.819e+04 7 0 QUESTION0 -1 3.182e+02 1.260e+02)
s>                        ( - -1.458e+05 5 0 QUESTION0_5_R 1 9.674e+02 6.717e+02)))
s>                ( QUESTION0_11_R 1 -5.939e+04 1.518e+03 2.664e+02
s>                    ( - -1.552e+04 1 0)
s>                    ( - -4.235e+04 10 0 QUESTION2_2_L -1 5.487e+02 1.888e+02)))))INFO: dtree.c(1315): Comp split 0
INFO: dtree.c(1478): Final simple tree
|( WDBNDRY_B 0 -2.761e+05 3.598e+03 1.260e+03
|    ( QUESTION2_19_L -1 -1.051e+05 6.648e+02 4.901e+02
|        ( - -4.012e+04 4 0 QUESTION4 -1 1.910e+02 1.920e+02)
|        ( QUESTION2_12_L -1 -6.430e+04 5.347e+02 2.981e+02
|            ( - -3.032e+03 1 0)
|            ( - -6.074e+04 14 0 QUESTION19 -1 5.098e+02 2.818e+02)))
|    ( QUESTION4 1 -1.674e+05 1.601e+03 7.696e+02
|        ( - -1.552e+04 1 0)
|        ( QUESTION0_5_R 1 -1.503e+05 9.546e+02 6.920e+02
|            ( - -2.613e+04 1 0)
|            ( QUESTION0_8_R 1 -1.232e+05 8.954e+02 5.660e+02
|                ( - -1.403e+04 1 0)
|                ( QUESTION11 -1 -1.083e+05 7.496e+02 5.009e+02
|                    ( - -3.798e+04 2 0 QUESTION0_2_R 1 4.346e+02 1.803e+02)
|                    ( - -6.957e+04 2 0 QUESTION0_1_R 1 2.184e+02 3.206e+02))))))
s>    ( WDBNDRY_B 0 -2.761e+05 3.598e+03 1.260e+03
s>        ( QUESTION2_19_L -1 -1.051e+05 6.648e+02 4.901e+02
s>            ( - -4.012e+04 4 0 QUESTION4 -1 1.910e+02 1.920e+02)
s>            ( QUESTION2_12_L -1 -6.430e+04 5.347e+02 2.981e+02
s>                ( - -3.032e+03 1 0)
s>                ( - -6.074e+04 14 0 QUESTION19 -1 5.098e+02 2.818e+02)))
s>        ( QUESTION4 1 -1.674e+05 1.601e+03 7.696e+02
s>            ( - -1.552e+04 1 0)
s>            ( QUESTION0_5_R 1 -1.503e+05 9.546e+02 6.920e+02
s>                ( - -2.613e+04 1 0)
s>                ( QUESTION0_8_R 1 -1.232e+05 8.954e+02 5.660e+02
s>                    ( - -1.403e+04 1 0)
s>                    ( QUESTION11 -1 -1.083e+05 7.496e+02 5.009e+02
s>                        ( - -3.798e+04 2 0 QUESTION0_2_R 1 4.346e+02 1.803e+02)
s>                        ( - -6.957e+04 2 0 QUESTION0_1_R 1 2.184e+02 3.206e+02))))))INFO: dtree.c(1478): Final simple tree
|( QUESTION0_4_R 1 -1.650e+05 1.642e+03 7.222e+02
|    ( - -1.966e+04 1 0)
|    ( QUESTION11 -1 -1.437e+05 1.613e+03 6.338e+02
|        ( - -4.284e+04 2 0 WDBNDRY_B 0 4.816e+02 1.959e+02)
|        ( QUESTION0_10_R 1 -9.922e+04 1.008e+03 4.379e+02
|            ( QUESTION14 -1 -3.235e+04 6.354e+02 1.466e+02
|                ( - -6.410e+03 1 0)
|                ( QUESTION4 -1 -2.531e+04 4.910e+02 1.155e+02
|                    ( - -4.199e+03 1 0)
|                    ( - -2.062e+04 1 0)))
|            ( QUESTION0_1_R 1 -6.586e+04 9.173e+02 2.913e+02
|                ( QUESTION2 -1 -5.534e+04 6.183e+02 2.453e+02
|                    ( - -1.753e+04 5 0 WDBNDRY_B 0 4.231e+02 8.012e+01)
|                    ( - -3.719e+04 12 0 QUESTION0 -1 3.121e+02 1.652e+02))
|                ( - -9.602e+03 7 0 QUESTION0 -1 2.090e+02 4.598e+01)))))
s>    ( QUESTION0_4_R 1 -1.650e+05 1.642e+03 7.222e+02
s>        ( - -1.966e+04 1 0)
s>        ( QUESTION11 -1 -1.437e+05 1.613e+03 6.338e+02
s>            ( - -4.284e+04 2 0 WDBNDRY_B 0 4.816e+02 1.959e+02)
s>            ( QUESTION0_10_R 1 -9.922e+04 1.008e+03 4.379e+02
s>                ( QUESTION14 -1 -3.235e+04 6.354e+02 1.466e+02
s>                    ( - -6.410e+03 1 0)
s>                    ( QUESTION4 -1 -2.531e+04 4.910e+02 1.155e+02
s>                        ( - -4.199e+03 1 0)
s>                        ( - -2.062e+04 1 0)))
s>                ( QUESTION0_1_R 1 -6.586e+04 9.173e+02 2.913e+02
s>                    ( QUESTION2 -1 -5.534e+04 6.183e+02 2.453e+02
s>                        ( - -1.753e+04 5 0 WDBNDRY_B 0 4.231e+02 8.012e+01)
s>                        ( - -3.719e+04 12 0 QUESTION0 -1 3.121e+02 1.652e+02))
s>                    ( - -9.602e+03 7 0 QUESTION0 -1 2.090e+02 4.598e+01)))))INFO: dtree.c(1315): Comp split 1
INFO: dtree.c(1478): Final simple tree
|( QUESTION4 1 -1.710e+05 1.620e+03 7.859e+02
|    ( - -1.552e+04 1 0)
|    ( QUESTION0_8_R 1 -1.538e+05 9.538e+02 7.083e+02
|        ( - -1.403e+04 1 0)
|        ( QUESTION2_13_L -1 -1.388e+05 8.572e+02 6.433e+02
|            ( - -3.349e+04 1 0)
|            ( QUESTION2_1_L -1 -1.045e+05 8.575e+02 4.832e+02
|                ( QUESTION0_1_R 1 -6.957e+04 2.184e+02 3.206e+02
|                    ( - -5.648e+04 1 0)
|                    ( - -1.287e+04 1 0))
|                ( QUESTION11 -1 -3.407e+04 4.406e+02 1.626e+02
|                    ( - -4.054e+03 1 0)
|                    ( WDBNDRY_B 0 -2.957e+04 4.099e+02 1.423e+02
|                        ( - -3.032e+03 1 0)
|                        ( - -2.613e+04 1 0)))))))
s>    ( QUESTION4 1 -1.710e+05 1.620e+03 7.859e+02
s>        ( - -1.552e+04 1 0)
s>        ( QUESTION0_8_R 1 -1.538e+05 9.538e+02 7.083e+02
s>            ( - -1.403e+04 1 0)
s>            ( QUESTION2_13_L -1 -1.388e+05 8.572e+02 6.433e+02
s>                ( - -3.349e+04 1 0)
s>                ( QUESTION2_1_L -1 -1.045e+05 8.575e+02 4.832e+02
s>                    ( QUESTION0_1_R 1 -6.957e+04 2.184e+02 3.206e+02
s>                        ( - -5.648e+04 1 0)
s>                        ( - -1.287e+04 1 0))
s>                    ( QUESTION11 -1 -3.407e+04 4.406e+02 1.626e+02
s>                        ( - -4.054e+03 1 0)
s>                        ( WDBNDRY_B 0 -2.957e+04 4.099e+02 1.423e+02
s>                            ( - -3.032e+03 1 0)
s>                            ( - -2.613e+04 1 0)))))))INFO: dtree.c(1478): Final simple tree
|( QUESTION19 -1 -1.014e+05 6.630e+02 4.739e+02
|    ( - -7.805e+03 1 0)
|    ( QUESTION2 -1 -9.295e+04 4.176e+02 4.357e+02
|        ( - -1.107e+04 3 0)
|        ( QUESTION2_19_L -1 -8.146e+04 2.968e+02 3.844e+02
|            ( QUESTION4 -1 -4.012e+04 1.910e+02 1.920e+02
|                ( - -3.943e+04 3 0)
|                ( - -4.938e+02 1 0))
|            ( QUESTION2_5_L -1 -4.104e+04 1.950e+02 1.924e+02
|                ( - -6.584e+02 1 0)
|                ( QUESTION2_18_L -1 -4.019e+04 1.836e+02 1.884e+02
|                    ( - -1.441e+03 2 0)
|                    ( QUESTION8 -1 -3.857e+04 1.874e+02 1.814e+02
|                        ( - -1.147e+03 1 0)
|                        ( - -3.723e+04 6 0 QUESTION6 -1 1.674e+02 1.754e+02)))))))
s>    ( QUESTION19 -1 -1.014e+05 6.630e+02 4.739e+02
s>        ( - -7.805e+03 1 0)
s>        ( QUESTION2 -1 -9.295e+04 4.176e+02 4.357e+02
s>            ( - -1.107e+04 3 0)
s>            ( QUESTION2_19_L -1 -8.146e+04 2.968e+02 3.844e+02
s>                ( QUESTION4 -1 -4.012e+04 1.910e+02 1.920e+02
s>                    ( - -3.943e+04 3 0)
s>                    ( - -4.938e+02 1 0))
s>                ( QUESTION2_5_L -1 -4.104e+04 1.950e+02 1.924e+02
s>                    ( - -6.584e+02 1 0)
s>                    ( QUESTION2_18_L -1 -4.019e+04 1.836e+02 1.884e+02
s>                        ( - -1.441e+03 2 0)
s>                        ( QUESTION8 -1 -3.857e+04 1.874e+02 1.814e+02
s>                            ( - -1.147e+03 1 0)
s>                            ( - -3.723e+04 6 0 QUESTION6 -1 1.674e+02 1.754e+02)))))))INFO: dtree.c(1315): Comp split 2
INFO: dtree.c(1478): Final simple tree
|( QUESTION0_10_R 1 -9.922e+04 1.008e+03 4.379e+02
|    ( QUESTION14 -1 -3.235e+04 6.354e+02 1.466e+02
|        ( - -6.410e+03 1 0)
|        ( QUESTION4 -1 -2.531e+04 4.910e+02 1.155e+02
|            ( - -4.199e+03 1 0)
|            ( - -2.062e+04 1 0)))
|    ( QUESTION0_1_R 1 -6.586e+04 9.173e+02 2.913e+02
|        ( QUESTION2 -1 -5.534e+04 6.183e+02 2.453e+02
|            ( WDBNDRY_B 0 -1.753e+04 4.231e+02 8.012e+01
|                ( - -3.836e+03 4 0 QUESTION0 1 1.494e+02 1.704e+01)
|                ( - -1.327e+04 1 0))
|            ( QUESTION0 -1 -3.719e+04 3.121e+02 1.652e+02
|                ( - -2.477e+03 1 0)
|                ( - -3.440e+04 11 0 QUESTION0 1 2.236e+02 1.532e+02)))
|        ( - -9.602e+03 7 0 QUESTION0 -1 2.090e+02 4.598e+01)))
s>    ( QUESTION0_10_R 1 -9.922e+04 1.008e+03 4.379e+02
s>        ( QUESTION14 -1 -3.235e+04 6.354e+02 1.466e+02
s>            ( - -6.410e+03 1 0)
s>            ( QUESTION4 -1 -2.531e+04 4.910e+02 1.155e+02
s>                ( - -4.199e+03 1 0)
s>                ( - -2.062e+04 1 0)))
s>        ( QUESTION0_1_R 1 -6.586e+04 9.173e+02 2.913e+02
s>            ( QUESTION2 -1 -5.534e+04 6.183e+02 2.453e+02
s>                ( WDBNDRY_B 0 -1.753e+04 4.231e+02 8.012e+01
s>                    ( - -3.836e+03 4 0 QUESTION0 1 1.494e+02 1.704e+01)
s>                    ( - -1.327e+04 1 0))
s>                ( QUESTION0 -1 -3.719e+04 3.121e+02 1.652e+02
s>                    ( - -2.477e+03 1 0)
s>                    ( - -3.440e+04 11 0 QUESTION0 1 2.236e+02 1.532e+02)))
s>            ( - -9.602e+03 7 0 QUESTION0 -1 2.090e+02 4.598e+01)))INFO: dtree.c(1439): stop. leaf nodes are specific
INFO: dtree.c(1478): Final simple tree
|( QUESTION0_1_R 1 -6.403e+04 1.525e+03 2.844e+02
|    ( - -1.966e+04 1 0)
|    ( WDBNDRY_B 0 -4.284e+04 4.816e+02 1.959e+02
|        ( - 2.419e+02 1 0)
|        ( - -4.260e+04 1 0)))
s>    ( QUESTION0_1_R 1 -6.403e+04 1.525e+03 2.844e+02
s>        ( - -1.966e+04 1 0)
s>        ( WDBNDRY_B 0 -4.284e+04 4.816e+02 1.959e+02
s>            ( - 2.419e+02 1 0)
s>            ( - -4.260e+04 1 0)))INFO: dtree.c(1315): Comp split 3
INFO: dtree.c(1439): stop. leaf nodes are specific
INFO: dtree.c(1478): Final simple tree
|( QUESTION0_8_R 1 -1.538e+05 9.538e+02 7.083e+02
|    ( - -1.403e+04 1 0)
|    ( QUESTION2_13_L -1 -1.388e+05 8.572e+02 6.433e+02
|        ( - -3.349e+04 1 0)
|        ( QUESTION2_1_L -1 -1.045e+05 8.575e+02 4.832e+02
|            ( QUESTION0_1_R 1 -6.957e+04 2.184e+02 3.206e+02
|                ( - -5.648e+04 1 0)
|                ( - -1.287e+04 1 0))
|            ( QUESTION11 -1 -3.407e+04 4.406e+02 1.626e+02
|                ( - -4.054e+03 1 0)
|                ( WDBNDRY_B 0 -2.957e+04 4.099e+02 1.423e+02
|                    ( - -3.032e+03 1 0)
|                    ( - -2.613e+04 1 0))))))
s>    ( QUESTION0_8_R 1 -1.538e+05 9.538e+02 7.083e+02
s>        ( - -1.403e+04 1 0)
s>        ( QUESTION2_13_L -1 -1.388e+05 8.572e+02 6.433e+02
s>            ( - -3.349e+04 1 0)
s>            ( QUESTION2_1_L -1 -1.045e+05 8.575e+02 4.832e+02
s>                ( QUESTION0_1_R 1 -6.957e+04 2.184e+02 3.206e+02
s>                    ( - -5.648e+04 1 0)
s>                    ( - -1.287e+04 1 0))
s>                ( QUESTION11 -1 -3.407e+04 4.406e+02 1.626e+02
s>                    ( - -4.054e+03 1 0)
s>                    ( WDBNDRY_B 0 -2.957e+04 4.099e+02 1.423e+02
s>                        ( - -3.032e+03 1 0)
s>                        ( - -2.613e+04 1 0))))))INFO: dtree.c(1315): Comp split 4
INFO: dtree.c(1439): stop. leaf nodes are specific
INFO: dtree.c(1478): Final simple tree
|( WDBNDRY_B 0 -4.284e+04 4.816e+02 1.959e+02
|    ( - 2.419e+02 1 0)
|    ( - -4.260e+04 1 0))
s>    ( WDBNDRY_B 0 -4.284e+04 4.816e+02 1.959e+02
s>        ( - 2.419e+02 1 0)
s>        ( - -4.260e+04 1 0))INFO: dtree.c(1315): Comp split 5
INFO: dtree.c(1439): stop. leaf nodes are specific
INFO: dtree.c(1478): Final simple tree
|( QUESTION4 -1 -2.531e+04 4.910e+02 1.155e+02
|    ( - -4.199e+03 1 0)
|    ( - -2.062e+04 1 0))
s>    ( QUESTION4 -1 -2.531e+04 4.910e+02 1.155e+02
s>        ( - -4.199e+03 1 0)
s>        ( - -2.062e+04 1 0))INFO: dtree.c(1478): Final simple tree
|( QUESTION0_11_R 1 -7.255e+04 8.995e+02 3.223e+02
|    ( - -9.602e+03 7 0 QUESTION0 -1 2.090e+02 4.598e+01)
|    ( QUESTION2 -1 -6.205e+04 6.419e+02 2.764e+02
|        ( WDBNDRY_B 0 -1.753e+04 4.231e+02 8.012e+01
|            ( - -3.836e+03 4 0 QUESTION0 1 1.494e+02 1.704e+01)
|            ( - -1.327e+04 1 0))
|        ( QUESTION0 -1 -4.387e+04 3.155e+02 1.962e+02
|            ( - -2.477e+03 1 0)
|            ( QUESTION0_1_R 1 -4.108e+04 2.660e+02 1.842e+02
|                ( QUESTION0 1 -3.440e+04 2.236e+02 1.532e+02
|                    ( - -8.787e+03 5 0 QUESTION5 -1 1.915e+02 3.924e+01)
|                    ( QUESTION6 -1 -2.539e+04 2.407e+02 1.140e+02
|                        ( - -7.743e+03 1 0)
|                        ( - -1.741e+04 5 0 QUESTION2_19_L -1 1.683e+02 7.853e+01)))
|                ( - -6.410e+03 1 0)))))
s>    ( QUESTION0_11_R 1 -7.255e+04 8.995e+02 3.223e+02
s>        ( - -9.602e+03 7 0 QUESTION0 -1 2.090e+02 4.598e+01)
s>        ( QUESTION2 -1 -6.205e+04 6.419e+02 2.764e+02
s>            ( WDBNDRY_B 0 -1.753e+04 4.231e+02 8.012e+01
s>                ( - -3.836e+03 4 0 QUESTION0 1 1.494e+02 1.704e+01)
s>                ( - -1.327e+04 1 0))
s>            ( QUESTION0 -1 -4.387e+04 3.155e+02 1.962e+02
s>                ( - -2.477e+03 1 0)
s>                ( QUESTION0_1_R 1 -4.108e+04 2.660e+02 1.842e+02
s>                    ( QUESTION0 1 -3.440e+04 2.236e+02 1.532e+02
s>                        ( - -8.787e+03 5 0 QUESTION5 -1 1.915e+02 3.924e+01)
s>                        ( QUESTION6 -1 -2.539e+04 2.407e+02 1.140e+02
s>                            ( - -7.743e+03 1 0)
s>                            ( - -1.741e+04 5 0 QUESTION2_19_L -1 1.683e+02 7.853e+01)))
s>                    ( - -6.410e+03 1 0)))))INFO: dtree.c(1315): Comp split 6
INFO: dtree.c(1439): stop. leaf nodes are specific
INFO: dtree.c(1478): Final simple tree
|( WDBNDRY_B 0 -2.957e+04 4.099e+02 1.423e+02
|    ( - -3.032e+03 1 0)
|    ( - -2.613e+04 1 0))
s>    ( WDBNDRY_B 0 -2.957e+04 4.099e+02 1.423e+02
s>        ( - -3.032e+03 1 0)
s>        ( - -2.613e+04 1 0))INFO: dtree.c(1439): stop. leaf nodes are specific
INFO: dtree.c(1478): Final simple tree
|( QUESTION0_8_R 1 -1.232e+05 8.954e+02 5.660e+02
|    ( - -1.403e+04 1 0)
|    ( QUESTION11 -1 -1.083e+05 7.496e+02 5.009e+02
|        ( QUESTION0_2_R 1 -3.798e+04 4.346e+02 1.803e+02
|            ( - -4.054e+03 1 0)
|            ( - -3.349e+04 1 0))
|        ( QUESTION0_1_R 1 -6.957e+04 2.184e+02 3.206e+02
|            ( - -5.648e+04 1 0)
|            ( - -1.287e+04 1 0))))
s>    ( QUESTION0_8_R 1 -1.232e+05 8.954e+02 5.660e+02
s>        ( - -1.403e+04 1 0)
s>        ( QUESTION11 -1 -1.083e+05 7.496e+02 5.009e+02
s>            ( QUESTION0_2_R 1 -3.798e+04 4.346e+02 1.803e+02
s>                ( - -4.054e+03 1 0)
s>                ( - -3.349e+04 1 0))
s>            ( QUESTION0_1_R 1 -6.957e+04 2.184e+02 3.206e+02
s>                ( - -5.648e+04 1 0)
s>                ( - -1.287e+04 1 0))))INFO: dtree.c(1315): Comp split 7
INFO: dtree.c(1478): Final simple tree
|( QUESTION0_11_R 1 -5.831e+04 8.869e+02 2.593e+02
|    ( QUESTION0 -1 -9.602e+03 2.090e+02 4.598e+01
|        ( - -4.867e+03 1 0)
|        ( QUESTION2_2_L -1 -4.526e+03 1.850e+02 2.220e+01
|            ( - -6.903e+02 1 0)
|            ( - -3.651e+03 5 0 SILENCE -1 1.843e+02 1.820e+01)))
|    ( QUESTION1 -1 -4.782e+04 3.021e+02 2.133e+02
|        ( - -2.477e+03 1 0)
|        ( QUESTION0_1_R 1 -4.504e+04 2.670e+02 2.013e+02
|            ( WDBNDRY_B 0 -3.836e+04 2.351e+02 1.702e+02
|                ( QUESTION0 1 -2.166e+04 2.216e+02 9.656e+01
|                    ( - -4.618e+03 6 0 QUESTION5 -1 1.828e+02 2.100e+01)
|                    ( - -1.682e+04 6 0 SILENCE -1 1.617e+02 7.556e+01))
|                ( - -1.647e+04 3 0 QUESTION4 -1 1.474e+02 7.368e+01))
|            ( - -6.410e+03 1 0))))
s>    ( QUESTION0_11_R 1 -5.831e+04 8.869e+02 2.593e+02
s>        ( QUESTION0 -1 -9.602e+03 2.090e+02 4.598e+01
s>            ( - -4.867e+03 1 0)
s>            ( QUESTION2_2_L -1 -4.526e+03 1.850e+02 2.220e+01
s>                ( - -6.903e+02 1 0)
s>                ( - -3.651e+03 5 0 SILENCE -1 1.843e+02 1.820e+01)))
s>        ( QUESTION1 -1 -4.782e+04 3.021e+02 2.133e+02
s>            ( - -2.477e+03 1 0)
s>            ( QUESTION0_1_R 1 -4.504e+04 2.670e+02 2.013e+02
s>                ( WDBNDRY_B 0 -3.836e+04 2.351e+02 1.702e+02
s>                    ( QUESTION0 1 -2.166e+04 2.216e+02 9.656e+01
s>                        ( - -4.618e+03 6 0 QUESTION5 -1 1.828e+02 2.100e+01)
s>                        ( - -1.682e+04 6 0 SILENCE -1 1.617e+02 7.556e+01))
s>                    ( - -1.647e+04 3 0 QUESTION4 -1 1.474e+02 7.368e+01))
s>                ( - -6.410e+03 1 0))))INFO: dtree.c(1315): Comp split 8
INFO: dtree.c(1478): Final simple tree
|( QUESTION2_19_L -1 -7.759e+04 2.407e+02 3.674e+02
|    ( QUESTION4 -1 -4.012e+04 1.910e+02 1.920e+02
|        ( - -3.943e+04 3 0)
|        ( - -4.938e+02 1 0))
|    ( QUESTION6 -1 -3.723e+04 1.674e+02 1.754e+02
|        ( - -2.569e+02 1 0)
|        ( QUESTION0 -1 -3.681e+04 1.564e+02 1.734e+02
|            ( - -8.551e+03 1 0)
|            ( QUESTION2_9_L -1 -2.810e+04 1.162e+02 1.322e+02
|                ( - -1.679e+03 1 0)
|                ( QUESTION5 -1 -2.630e+04 1.136e+02 1.243e+02
|                    ( - -1.487e+04 1 0)
|                    ( SILENCE -1 -1.132e+04 8.452e+01 5.341e+01
|                        ( - -5.635e+03 1 0)
|                        ( - -5.598e+03 1 0)))))))
s>    ( QUESTION2_19_L -1 -7.759e+04 2.407e+02 3.674e+02
s>        ( QUESTION4 -1 -4.012e+04 1.910e+02 1.920e+02
s>            ( - -3.943e+04 3 0)
s>            ( - -4.938e+02 1 0))
s>        ( QUESTION6 -1 -3.723e+04 1.674e+02 1.754e+02
s>            ( - -2.569e+02 1 0)
s>            ( QUESTION0 -1 -3.681e+04 1.564e+02 1.734e+02
s>                ( - -8.551e+03 1 0)
s>                ( QUESTION2_9_L -1 -2.810e+04 1.162e+02 1.322e+02
s>                    ( - -1.679e+03 1 0)
s>                    ( QUESTION5 -1 -2.630e+04 1.136e+02 1.243e+02
s>                        ( - -1.487e+04 1 0)
s>                        ( SILENCE -1 -1.132e+04 8.452e+01 5.341e+01
s>                            ( - -5.635e+03 1 0)
s>                            ( - -5.598e+03 1 0)))))))INFO: dtree.c(1439): stop. leaf nodes are specific
INFO: dtree.c(1478): Final simple tree
|( QUESTION0 -1 -2.289e+04 3.694e+02 1.065e+02
|    ( - -1.107e+04 3 0)
|    ( QUESTION2_3_L -1 -1.145e+04 1.471e+02 5.517e+01
|        ( - -6.584e+02 1 0)
|        ( QUESTION4 -1 -1.065e+04 1.385e+02 5.117e+01
|            ( - -1.441e+03 2 0)
|            ( QUESTION6 -1 -9.068e+03 1.158e+02 4.417e+01
|                ( - -1.147e+03 1 0)
|                ( - -7.805e+03 1 0)))))
s>    ( QUESTION0 -1 -2.289e+04 3.694e+02 1.065e+02
s>        ( - -1.107e+04 3 0)
s>        ( QUESTION2_3_L -1 -1.145e+04 1.471e+02 5.517e+01
s>            ( - -6.584e+02 1 0)
s>            ( QUESTION4 -1 -1.065e+04 1.385e+02 5.117e+01
s>                ( - -1.441e+03 2 0)
s>                ( QUESTION6 -1 -9.068e+03 1.158e+02 4.417e+01
s>                    ( - -1.147e+03 1 0)
s>                    ( - -7.805e+03 1 0)))))INFO: dtree.c(1315): Comp split 9
INFO: dtree.c(1439): stop. leaf nodes are specific
INFO: dtree.c(1478): Final simple tree
|( QUESTION11 -1 -1.083e+05 7.496e+02 5.009e+02
|    ( QUESTION0_2_R 1 -3.798e+04 4.346e+02 1.803e+02
|        ( - -4.054e+03 1 0)
|        ( - -3.349e+04 1 0))
|    ( QUESTION0_1_R 1 -6.957e+04 2.184e+02 3.206e+02
|        ( - -5.648e+04 1 0)
|        ( - -1.287e+04 1 0)))
s>    ( QUESTION11 -1 -1.083e+05 7.496e+02 5.009e+02
s>        ( QUESTION0_2_R 1 -3.798e+04 4.346e+02 1.803e+02
s>            ( - -4.054e+03 1 0)
s>            ( - -3.349e+04 1 0))
s>        ( QUESTION0_1_R 1 -6.957e+04 2.184e+02 3.206e+02
s>            ( - -5.648e+04 1 0)
s>            ( - -1.287e+04 1 0)))INFO: dtree.c(1315): Comp split 10
INFO: dtree.c(1439): stop. leaf nodes are specific
INFO: dtree.c(1478): Final simple tree
|( QUESTION0 -1 -9.602e+03 2.090e+02 4.598e+01
|    ( - -4.867e+03 1 0)
|    ( QUESTION2_2_L -1 -4.526e+03 1.850e+02 2.220e+01
|        ( - -6.903e+02 1 0)
|        ( SILENCE -1 -3.651e+03 1.843e+02 1.820e+01
|            ( - -4.386e+02 1 0)
|            ( QUESTION4 -1 -3.028e+03 1.759e+02 1.520e+01
|                ( - -4.076e+02 1 0)
|                ( WDBNDRY_B 0 -2.445e+03 1.165e+02 1.220e+01
|                    ( QUESTION19 -1 -7.798e+02 4.788e+02 4.000e+00
|                        ( - -5.426e+02 1 0)
|                        ( - 2.416e+02 1 0))
|                    ( - -1.548e+03 1 0))))))
s>    ( QUESTION0 -1 -9.602e+03 2.090e+02 4.598e+01
s>        ( - -4.867e+03 1 0)
s>        ( QUESTION2_2_L -1 -4.526e+03 1.850e+02 2.220e+01
s>            ( - -6.903e+02 1 0)
s>            ( SILENCE -1 -3.651e+03 1.843e+02 1.820e+01
s>                ( - -4.386e+02 1 0)
s>                ( QUESTION4 -1 -3.028e+03 1.759e+02 1.520e+01
s>                    ( - -4.076e+02 1 0)
s>                    ( WDBNDRY_B 0 -2.445e+03 1.165e+02 1.220e+01
s>                        ( QUESTION19 -1 -7.798e+02 4.788e+02 4.000e+00
s>                            ( - -5.426e+02 1 0)
s>                            ( - 2.416e+02 1 0))
s>                        ( - -1.548e+03 1 0))))))INFO: dtree.c(1478): Final simple tree
|( QUESTION1 -1 -4.782e+04 3.021e+02 2.133e+02
|    ( - -2.477e+03 1 0)
|    ( QUESTION0_1_R 1 -4.504e+04 2.670e+02 2.013e+02
|        ( WDBNDRY_B 0 -3.836e+04 2.351e+02 1.702e+02
|            ( QUESTION0 1 -2.166e+04 2.216e+02 9.656e+01
|                ( QUESTION5 -1 -4.618e+03 1.828e+02 2.100e+01
|                    ( - -2.563e+02 1 0)
|                    ( - -4.179e+03 5 0 QUESTION0 -1 1.091e+02 1.900e+01))
|                ( SILENCE -1 -1.682e+04 1.617e+02 7.556e+01
|                    ( - -5.694e+03 1 0)
|                    ( - -1.096e+04 5 0 QUESTION5 -1 1.424e+02 5.003e+01)))
|            ( QUESTION4 -1 -1.647e+04 1.474e+02 7.368e+01
|                ( - -8.579e+03 2 0 QUESTION0 1 1.544e+02 3.825e+01)
|                ( - -7.743e+03 1 0)))
|        ( - -6.410e+03 1 0)))
s>    ( QUESTION1 -1 -4.782e+04 3.021e+02 2.133e+02
s>        ( - -2.477e+03 1 0)
s>        ( QUESTION0_1_R 1 -4.504e+04 2.670e+02 2.013e+02
s>            ( WDBNDRY_B 0 -3.836e+04 2.351e+02 1.702e+02
s>                ( QUESTION0 1 -2.166e+04 2.216e+02 9.656e+01
s>                    ( QUESTION5 -1 -4.618e+03 1.828e+02 2.100e+01
s>                        ( - -2.563e+02 1 0)
s>                        ( - -4.179e+03 5 0 QUESTION0 -1 1.091e+02 1.900e+01))
s>                    ( SILENCE -1 -1.682e+04 1.617e+02 7.556e+01
s>                        ( - -5.694e+03 1 0)
s>                        ( - -1.096e+04 5 0 QUESTION5 -1 1.424e+02 5.003e+01)))
s>                ( QUESTION4 -1 -1.647e+04 1.474e+02 7.368e+01
s>                    ( - -8.579e+03 2 0 QUESTION0 1 1.544e+02 3.825e+01)
s>                    ( - -7.743e+03 1 0)))
s>            ( - -6.410e+03 1 0)))INFO: dtree.c(1315): Comp split 11
INFO: dtree.c(1439): stop. leaf nodes are specific
INFO: dtree.c(1478): Final simple tree
|( QUESTION0_1_R 1 -6.957e+04 2.184e+02 3.206e+02
|    ( - -5.648e+04 1 0)
|    ( - -1.287e+04 1 0))
s>    ( QUESTION0_1_R 1 -6.957e+04 2.184e+02 3.206e+02
s>        ( - -5.648e+04 1 0)
s>        ( - -1.287e+04 1 0))INFO: dtree.c(1439): stop. leaf nodes are specific
INFO: dtree.c(1478): Final simple tree
|( QUESTION0_2_R 1 -3.798e+04 4.346e+02 1.803e+02
|    ( - -4.054e+03 1 0)
|    ( - -3.349e+04 1 0))
s>    ( QUESTION0_2_R 1 -3.798e+04 4.346e+02 1.803e+02
s>        ( - -4.054e+03 1 0)
s>        ( - -3.349e+04 1 0))INFO: dtree.c(1315): Comp split 12
INFO: dtree.c(1315): Comp split 13
INFO: dtree.c(1315): Comp split 14
INFO: dtree.c(1439): stop. leaf nodes are specific
INFO: dtree.c(1478): Final simple tree
|( QUESTION0 -1 -9.371e+03 2.088e+02 4.498e+01
|    ( - -4.867e+03 1 0)
|    ( QUESTION2_2_L -1 -4.296e+03 1.865e+02 2.120e+01
|        ( - -6.903e+02 1 0)
|        ( SILENCE -1 -3.419e+03 1.861e+02 1.720e+01
|            ( - -4.386e+02 1 0)
|            ( QUESTION4 -1 -2.794e+03 1.747e+02 1.420e+01
|                ( - -4.076e+02 1 0)
|                ( WDBNDRY_B 0 -2.212e+03 1.212e+02 1.120e+01
|                    ( - -5.426e+02 1 0)
|                    ( - -1.548e+03 1 0))))))
s>    ( QUESTION0 -1 -9.371e+03 2.088e+02 4.498e+01
s>        ( - -4.867e+03 1 0)
s>        ( QUESTION2_2_L -1 -4.296e+03 1.865e+02 2.120e+01
s>            ( - -6.903e+02 1 0)
s>            ( SILENCE -1 -3.419e+03 1.861e+02 1.720e+01
s>                ( - -4.386e+02 1 0)
s>                ( QUESTION4 -1 -2.794e+03 1.747e+02 1.420e+01
s>                    ( - -4.076e+02 1 0)
s>                    ( WDBNDRY_B 0 -2.212e+03 1.212e+02 1.120e+01
s>                        ( - -5.426e+02 1 0)
s>                        ( - -1.548e+03 1 0))))))INFO: dtree.c(1315): Comp split 15
INFO: dtree.c(1315): Comp split 16
INFO: dtree.c(1315): Comp split 17
INFO: dtree.c(1439): stop. leaf nodes are specific
INFO: dtree.c(1478): Final simple tree
|( QUESTION4 -1 -9.876e+03 1.498e+02 4.817e+01
|    ( - -6.584e+02 1 0)
|    ( QUESTION6 -1 -9.068e+03 1.158e+02 4.417e+01
|        ( - -1.147e+03 1 0)
|        ( - -7.805e+03 1 0)))
s>    ( QUESTION4 -1 -9.876e+03 1.498e+02 4.817e+01
s>        ( - -6.584e+02 1 0)
s>        ( QUESTION6 -1 -9.068e+03 1.158e+02 4.417e+01
s>            ( - -1.147e+03 1 0)
s>            ( - -7.805e+03 1 0)))INFO: dtree.c(1439): stop. leaf nodes are specific
INFO: dtree.c(1478): Final simple tree
|( QUESTION0 -1 -1.264e+04 1.310e+02 5.828e+01
|    ( - -1.107e+04 3 0)
|    ( - -1.441e+03 2 0))
s>    ( QUESTION0 -1 -1.264e+04 1.310e+02 5.828e+01
s>        ( - -1.107e+04 3 0)
s>        ( - -1.441e+03 2 0))INFO: dtree.c(1315): Comp split 18
INFO: dtree.c(1439): stop. leaf nodes are specific
INFO: dtree.c(1478): Final simple tree
|( QUESTION1 -1 -1.366e+04 2.225e+02 6.203e+01
|    ( - -2.477e+03 1 0)
|    ( QUESTION5 -1 -1.096e+04 1.424e+02 5.003e+01
|        ( - -2.060e+03 1 0)
|        ( QUESTION0 -1 -8.758e+03 1.111e+02 4.003e+01
|            ( - -3.086e+03 2 0)
|            ( - -5.561e+03 2 0))))
s>    ( QUESTION1 -1 -1.366e+04 2.225e+02 6.203e+01
s>        ( - -2.477e+03 1 0)
s>        ( QUESTION5 -1 -1.096e+04 1.424e+02 5.003e+01
s>            ( - -2.060e+03 1 0)
s>            ( QUESTION0 -1 -8.758e+03 1.111e+02 4.003e+01
s>                ( - -3.086e+03 2 0)
s>                ( - -5.561e+03 2 0))))INFO: dtree.c(1478): Final simple tree
|( QUESTION0_1_R 1 -3.382e+04 2.694e+02 1.512e+02
|    ( QUESTION0 1 -2.714e+04 2.021e+02 1.202e+02
|        ( QUESTION5 -1 -9.500e+03 1.898e+02 4.224e+01
|            ( - -2.563e+02 1 0)
|            ( WDBNDRY_B 0 -9.054e+03 1.469e+02 4.024e+01
|                ( QUESTION0 -1 -4.179e+03 1.091e+02 1.900e+01
|                    ( - -6.014e+02 2 0)
|                    ( SILENCE -1 -3.469e+03 1.015e+02 1.600e+01
|                        ( - -1.716e+03 1 0)
|                        ( - -1.651e+03 2 0)))
|                ( - -4.728e+03 1 0)))
|        ( QUESTION5 -1 -1.743e+04 2.066e+02 7.797e+01
|            ( - -7.743e+03 1 0)
|            ( - -9.485e+03 2 0 WDBNDRY_B 0 9.344e+01 4.253e+01)))
|    ( - -6.410e+03 1 0))
s>    ( QUESTION0_1_R 1 -3.382e+04 2.694e+02 1.512e+02
s>        ( QUESTION0 1 -2.714e+04 2.021e+02 1.202e+02
s>            ( QUESTION5 -1 -9.500e+03 1.898e+02 4.224e+01
s>                ( - -2.563e+02 1 0)
s>                ( WDBNDRY_B 0 -9.054e+03 1.469e+02 4.024e+01
s>                    ( QUESTION0 -1 -4.179e+03 1.091e+02 1.900e+01
s>                        ( - -6.014e+02 2 0)
s>                        ( SILENCE -1 -3.469e+03 1.015e+02 1.600e+01
s>                            ( - -1.716e+03 1 0)
s>                            ( - -1.651e+03 2 0)))
s>                    ( - -4.728e+03 1 0)))
s>            ( QUESTION5 -1 -1.743e+04 2.066e+02 7.797e+01
s>                ( - -7.743e+03 1 0)
s>                ( - -9.485e+03 2 0 WDBNDRY_B 0 9.344e+01 4.253e+01)))
s>        ( - -6.410e+03 1 0))INFO: dtree.c(1315): Comp split 19
INFO: dtree.c(1439): stop. leaf nodes are specific
INFO: dtree.c(1478): Final simple tree
|( QUESTION6 -1 -3.788e+04 1.673e+02 1.784e+02
|    ( - -2.569e+02 1 0)
|    ( QUESTION13 -1 -3.746e+04 1.601e+02 1.764e+02
|        ( - -4.938e+02 1 0)
|        ( QUESTION0 -1 -3.681e+04 1.564e+02 1.734e+02
|            ( - -8.551e+03 1 0)
|            ( QUESTION2_9_L -1 -2.810e+04 1.162e+02 1.322e+02
|                ( - -1.679e+03 1 0)
|                ( QUESTION5 -1 -2.630e+04 1.136e+02 1.243e+02
|                    ( - -1.487e+04 1 0)
|                    ( SILENCE -1 -1.132e+04 8.452e+01 5.341e+01
|                        ( - -5.635e+03 1 0)
|                        ( - -5.598e+03 1 0)))))))
s>    ( QUESTION6 -1 -3.788e+04 1.673e+02 1.784e+02
s>        ( - -2.569e+02 1 0)
s>        ( QUESTION13 -1 -3.746e+04 1.601e+02 1.764e+02
s>            ( - -4.938e+02 1 0)
s>            ( QUESTION0 -1 -3.681e+04 1.564e+02 1.734e+02
s>                ( - -8.551e+03 1 0)
s>                ( QUESTION2_9_L -1 -2.810e+04 1.162e+02 1.322e+02
s>                    ( - -1.679e+03 1 0)
s>                    ( QUESTION5 -1 -2.630e+04 1.136e+02 1.243e+02
s>                        ( - -1.487e+04 1 0)
s>                        ( SILENCE -1 -1.132e+04 8.452e+01 5.341e+01
s>                            ( - -5.635e+03 1 0)
s>                            ( - -5.598e+03 1 0)))))))INFO: dtree.c(1315): Comp split 20
INFO: dtree.c(1478): Final simple tree
|( QUESTION0 1 -2.714e+04 2.021e+02 1.202e+02
|    ( QUESTION5 -1 -9.500e+03 1.898e+02 4.224e+01
|        ( - -2.563e+02 1 0)
|        ( WDBNDRY_B 0 -9.054e+03 1.469e+02 4.024e+01
|            ( QUESTION0 -1 -4.179e+03 1.091e+02 1.900e+01
|                ( - -6.014e+02 2 0)
|                ( SILENCE -1 -3.469e+03 1.015e+02 1.600e+01
|                    ( - -1.716e+03 1 0)
|                    ( - -1.651e+03 2 0)))
|            ( - -4.728e+03 1 0)))
|    ( QUESTION5 -1 -1.743e+04 2.066e+02 7.797e+01
|        ( - -7.743e+03 1 0)
|        ( WDBNDRY_B 0 -9.485e+03 9.344e+01 4.253e+01
|            ( - -5.694e+03 1 0)
|            ( - -3.697e+03 1 0))))
s>    ( QUESTION0 1 -2.714e+04 2.021e+02 1.202e+02
s>        ( QUESTION5 -1 -9.500e+03 1.898e+02 4.224e+01
s>            ( - -2.563e+02 1 0)
s>            ( WDBNDRY_B 0 -9.054e+03 1.469e+02 4.024e+01
s>                ( QUESTION0 -1 -4.179e+03 1.091e+02 1.900e+01
s>                    ( - -6.014e+02 2 0)
s>                    ( SILENCE -1 -3.469e+03 1.015e+02 1.600e+01
s>                        ( - -1.716e+03 1 0)
s>                        ( - -1.651e+03 2 0)))
s>                ( - -4.728e+03 1 0)))
s>        ( QUESTION5 -1 -1.743e+04 2.066e+02 7.797e+01
s>            ( - -7.743e+03 1 0)
s>            ( WDBNDRY_B 0 -9.485e+03 9.344e+01 4.253e+01
s>                ( - -5.694e+03 1 0)
s>                ( - -3.697e+03 1 0))))INFO: dtree.c(1315): Comp split 21
INFO: dtree.c(1439): stop. leaf nodes are specific
INFO: dtree.c(1478): Final simple tree
|( QUESTION4 -1 -2.794e+03 1.747e+02 1.420e+01
|    ( - -4.076e+02 1 0)
|    ( WDBNDRY_B 0 -2.212e+03 1.212e+02 1.120e+01
|        ( - -5.426e+02 1 0)
|        ( - -1.548e+03 1 0)))
s>    ( QUESTION4 -1 -2.794e+03 1.747e+02 1.420e+01
s>        ( - -4.076e+02 1 0)
s>        ( WDBNDRY_B 0 -2.212e+03 1.212e+02 1.120e+01
s>            ( - -5.426e+02 1 0)
s>            ( - -1.548e+03 1 0)))INFO: dtree.c(1439): stop. leaf nodes are specific
INFO: dtree.c(1478): Final simple tree
|( SILENCE -1 -6.354e+03 1.822e+02 3.078e+01
|    ( - -4.386e+02 1 0)
|    ( WDBNDRY_B 0 -5.733e+03 1.763e+02 2.778e+01
|        ( - -6.903e+02 1 0)
|        ( - -4.867e+03 1 0)))
s>    ( SILENCE -1 -6.354e+03 1.822e+02 3.078e+01
s>        ( - -4.386e+02 1 0)
s>        ( WDBNDRY_B 0 -5.733e+03 1.763e+02 2.778e+01
s>            ( - -6.903e+02 1 0)
s>            ( - -4.867e+03 1 0)))INFO: dtree.c(1315): Comp split 22
INFO: dtree.c(1439): stop. leaf nodes are specific
INFO: dtree.c(1478): Final simple tree
|( QUESTION5 -1 -1.096e+04 1.424e+02 5.003e+01
|    ( - -2.060e+03 1 0)
|    ( QUESTION0 -1 -8.758e+03 1.111e+02 4.003e+01
|        ( - -3.086e+03 2 0)
|        ( - -5.561e+03 2 0)))
s>    ( QUESTION5 -1 -1.096e+04 1.424e+02 5.003e+01
s>        ( - -2.060e+03 1 0)
s>        ( QUESTION0 -1 -8.758e+03 1.111e+02 4.003e+01
s>            ( - -3.086e+03 2 0)
s>            ( - -5.561e+03 2 0)))INFO: dtree.c(1315): Comp split 23
INFO: dtree.c(1439): stop. leaf nodes are specific
INFO: dtree.c(1478): Final simple tree
|( WDBNDRY_B 0 -9.485e+03 9.344e+01 4.253e+01
|    ( - -5.694e+03 1 0)
|    ( - -3.697e+03 1 0))
s>    ( WDBNDRY_B 0 -9.485e+03 9.344e+01 4.253e+01
s>        ( - -5.694e+03 1 0)
s>        ( - -3.697e+03 1 0))INFO: dtree.c(1439): stop. leaf nodes are specific
INFO: dtree.c(1478): Final simple tree
|( WDBNDRY_B 0 -1.743e+04 1.954e+02 7.768e+01
|    ( QUESTION5 -1 -4.618e+03 1.828e+02 2.100e+01
|        ( - -2.563e+02 1 0)
|        ( QUESTION0 -1 -4.179e+03 1.091e+02 1.900e+01
|            ( - -6.014e+02 2 0)
|            ( SILENCE -1 -3.469e+03 1.015e+02 1.600e+01
|                ( - -1.716e+03 1 0)
|                ( - -1.651e+03 2 0))))
|    ( QUESTION0 1 -1.262e+04 1.460e+02 5.668e+01
|        ( - -4.728e+03 1 0)
|        ( - -7.743e+03 1 0)))
s>    ( WDBNDRY_B 0 -1.743e+04 1.954e+02 7.768e+01
s>        ( QUESTION5 -1 -4.618e+03 1.828e+02 2.100e+01
s>            ( - -2.563e+02 1 0)
s>            ( QUESTION0 -1 -4.179e+03 1.091e+02 1.900e+01
s>                ( - -6.014e+02 2 0)
s>                ( SILENCE -1 -3.469e+03 1.015e+02 1.600e+01
s>                    ( - -1.716e+03 1 0)
s>                    ( - -1.651e+03 2 0))))
s>        ( QUESTION0 1 -1.262e+04 1.460e+02 5.668e+01
s>            ( - -4.728e+03 1 0)
s>            ( - -7.743e+03 1 0)))INFO: dtree.c(1315): Comp split 24
INFO: dtree.c(1315): Comp split 25
INFO: dtree.c(1439): stop. leaf nodes are specific
INFO: dtree.c(1478): Final simple tree
|( QUESTION5 -1 -4.618e+03 1.828e+02 2.100e+01
|    ( - -2.563e+02 1 0)
|    ( QUESTION0 -1 -4.179e+03 1.091e+02 1.900e+01
|        ( - -6.014e+02 2 0)
|        ( SILENCE -1 -3.469e+03 1.015e+02 1.600e+01
|            ( - -1.716e+03 1 0)
|            ( - -1.651e+03 2 0))))
s>    ( QUESTION5 -1 -4.618e+03 1.828e+02 2.100e+01
s>        ( - -2.563e+02 1 0)
s>        ( QUESTION0 -1 -4.179e+03 1.091e+02 1.900e+01
s>            ( - -6.014e+02 2 0)
s>            ( SILENCE -1 -3.469e+03 1.015e+02 1.600e+01
s>                ( - -1.716e+03 1 0)
s>                ( - -1.651e+03 2 0))))INFO: dtree.c(1439): stop. leaf nodes are specific
INFO: dtree.c(1478): Final simple tree
|( QUESTION0 1 -1.262e+04 1.460e+02 5.668e+01
|    ( - -4.728e+03 1 0)
|    ( - -7.743e+03 1 0))
s>    ( QUESTION0 1 -1.262e+04 1.460e+02 5.668e+01
s>        ( - -4.728e+03 1 0)
s>        ( - -7.743e+03 1 0))INFO: dtree.c(1315): Comp split 26
INFO: dtree.c(1439): stop. leaf nodes are specific
INFO: dtree.c(1478): Final simple tree
|( QUESTION0 -1 -4.179e+03 1.091e+02 1.900e+01
|    ( - -6.014e+02 2 0)
|    ( SILENCE -1 -3.469e+03 1.015e+02 1.600e+01
|        ( - -1.716e+03 1 0)
|        ( - -1.651e+03 2 0)))
s>    ( QUESTION0 -1 -4.179e+03 1.091e+02 1.900e+01
s>        ( - -6.014e+02 2 0)
s>        ( SILENCE -1 -3.469e+03 1.015e+02 1.600e+01
s>            ( - -1.716e+03 1 0)
s>            ( - -1.651e+03 2 0)))INFO: dtree.c(1315): Comp split 27
INFO: dtree.c(1439): stop. leaf nodes are specific
INFO: dtree.c(1478): Final simple tree
|( WDBNDRY_B 0 -5.733e+03 1.763e+02 2.778e+01
|    ( - -6.903e+02 1 0)
|    ( - -4.867e+03 1 0))
s>    ( WDBNDRY_B 0 -5.733e+03 1.763e+02 2.778e+01
s>        ( - -6.903e+02 1 0)
s>        ( - -4.867e+03 1 0))INFO: dtree.c(1315): Comp split 28
INFO: dtree.c(1315): Comp split 29
INFO: dtree.c(1439): stop. leaf nodes are specific
INFO: dtree.c(1478): Final simple tree
|( WDBNDRY_B 0 -2.212e+03 1.212e+02 1.120e+01
|    ( - -5.426e+02 1 0)
|    ( - -1.548e+03 1 0))
s>    ( WDBNDRY_B 0 -2.212e+03 1.212e+02 1.120e+01
s>        ( - -5.426e+02 1 0)
s>        ( - -1.548e+03 1 0))INFO: dtree.c(1315): Comp split 30
INFO: dtree.c(1439): stop. leaf nodes are specific
INFO: dtree.c(1478): Final simple tree
|( QUESTION13 -1 -3.746e+04 1.601e+02 1.764e+02
|    ( - -4.938e+02 1 0)
|    ( QUESTION0 -1 -3.681e+04 1.564e+02 1.734e+02
|        ( - -8.551e+03 1 0)
|        ( QUESTION2_9_L -1 -2.810e+04 1.162e+02 1.322e+02
|            ( - -1.679e+03 1 0)
|            ( QUESTION5 -1 -2.630e+04 1.136e+02 1.243e+02
|                ( - -1.487e+04 1 0)
|                ( SILENCE -1 -1.132e+04 8.452e+01 5.341e+01
|                    ( - -5.635e+03 1 0)
|                    ( - -5.598e+03 1 0))))))
s>    ( QUESTION13 -1 -3.746e+04 1.601e+02 1.764e+02
s>        ( - -4.938e+02 1 0)
s>        ( QUESTION0 -1 -3.681e+04 1.564e+02 1.734e+02
s>            ( - -8.551e+03 1 0)
s>            ( QUESTION2_9_L -1 -2.810e+04 1.162e+02 1.322e+02
s>                ( - -1.679e+03 1 0)
s>                ( QUESTION5 -1 -2.630e+04 1.136e+02 1.243e+02
s>                    ( - -1.487e+04 1 0)
s>                    ( SILENCE -1 -1.132e+04 8.452e+01 5.341e+01
s>                        ( - -5.635e+03 1 0)
s>                        ( - -5.598e+03 1 0))))))INFO: dtree.c(1315): Comp split 31
INFO: dtree.c(1439): stop. leaf nodes are specific
INFO: dtree.c(1478): Final simple tree
|( QUESTION2_9_L -1 -1.604e+04 1.057e+02 7.569e+01
|    ( - -1.679e+03 1 0)
|    ( QUESTION0 -1 -1.425e+04 1.017e+02 6.776e+01
|        ( - -8.551e+03 1 0)
|        ( - -5.598e+03 1 0)))
s>    ( QUESTION2_9_L -1 -1.604e+04 1.057e+02 7.569e+01
s>        ( - -1.679e+03 1 0)
s>        ( QUESTION0 -1 -1.425e+04 1.017e+02 6.776e+01
s>            ( - -8.551e+03 1 0)
s>            ( - -5.598e+03 1 0)))INFO: dtree.c(1439): stop. leaf nodes are specific
INFO: dtree.c(1478): Final simple tree
|( QUESTION13 -1 -2.126e+04 1.586e+02 1.007e+02
|    ( - -4.938e+02 1 0)
|    ( SILENCE -1 -2.061e+04 1.046e+02 9.769e+01
|        ( - -5.635e+03 1 0)
|        ( - -1.487e+04 1 0)))
s>    ( QUESTION13 -1 -2.126e+04 1.586e+02 1.007e+02
s>        ( - -4.938e+02 1 0)
s>        ( SILENCE -1 -2.061e+04 1.046e+02 9.769e+01
s>            ( - -5.635e+03 1 0)
s>            ( - -1.487e+04 1 0)))INFO: dtree.c(1315): Comp split 32
INFO: dtree.c(1439): stop. leaf nodes are specific
INFO: dtree.c(1478): Final simple tree
|( SILENCE -1 -2.061e+04 1.046e+02 9.769e+01
|    ( - -5.635e+03 1 0)
|    ( - -1.487e+04 1 0))
s>    ( SILENCE -1 -2.061e+04 1.046e+02 9.769e+01
s>        ( - -5.635e+03 1 0)
s>        ( - -1.487e+04 1 0))INFO: dtree.c(1315): Comp split 33
INFO: dtree.c(1439): stop. leaf nodes are specific
INFO: dtree.c(1478): Final simple tree
|( QUESTION6 -1 -9.068e+03 1.158e+02 4.417e+01
|    ( - -1.147e+03 1 0)
|    ( - -7.805e+03 1 0))
s>    ( QUESTION6 -1 -9.068e+03 1.158e+02 4.417e+01
s>        ( - -1.147e+03 1 0)
s>        ( - -7.805e+03 1 0))INFO: dtree.c(1315): Comp split 34
INFO: dtree.c(1315): Comp split 35
INFO: dtree.c(1439): stop. leaf nodes are specific
INFO: dtree.c(1478): Final simple tree
|( QUESTION0 -1 -8.758e+03 1.111e+02 4.003e+01
|    ( - -3.086e+03 2 0)
|    ( - -5.561e+03 2 0))
s>    ( QUESTION0 -1 -8.758e+03 1.111e+02 4.003e+01
s>        ( - -3.086e+03 2 0)
s>        ( - -5.561e+03 2 0))INFO: dtree.c(1315): Comp split 36
INFO: dtree.c(1315): Comp split 37
INFO: dtree.c(1315): Comp split 38
INFO: dtree.c(1315): Comp split 39
INFO: dtree.c(1315): Comp split 40
INFO: dtree.c(1439): stop. leaf nodes are specific
INFO: dtree.c(1478): Final simple tree
|( SILENCE -1 -3.469e+03 1.015e+02 1.600e+01
|    ( - -1.716e+03 1 0)
|    ( - -1.651e+03 2 0))
s>    ( SILENCE -1 -3.469e+03 1.015e+02 1.600e+01
s>        ( - -1.716e+03 1 0)
s>        ( - -1.651e+03 2 0))INFO: dtree.c(1315): Comp split 41
INFO: dtree.c(1439): stop. leaf nodes are specific
INFO: dtree.c(1478): Final simple tree
|( QUESTION0 -1 -1.425e+04 1.017e+02 6.776e+01
|    ( - -8.551e+03 1 0)
|    ( - -5.598e+03 1 0))
s>    ( QUESTION0 -1 -1.425e+04 1.017e+02 6.776e+01
s>        ( - -8.551e+03 1 0)
s>        ( - -5.598e+03 1 0))INFO: dtree.c(1315): Comp split 42
INFO: dtree.c(1315): Comp split 43
INFO: dtree.c(1315): Comp split 44
INFO: dtree.c(1315): Comp split 45
INFO: dtree.c(1315): Comp split 46
INFO: dtree.c(1318): stop. leaf nodes are specific
Mon Jan 30 07:35:47 2017
