Current configuration:
[NAME]		[DEFLT]	[VALUE]
-allphones	no	no
-cntthresh	0.00001	1.000000e-05
-csplitmax	100	2000
-csplitmin	1	1
-csplitthr	8e-4	0.000000e+00
-example	no	no
-fullvar	no	no
-help		no	no
-meanfn			/Users/benroye/forge/cmusphinx/voiceVim/model_parameters/voiceVim.cd_cont_untied/means
-mixwfn			/Users/benroye/forge/cmusphinx/voiceVim/model_parameters/voiceVim.cd_cont_untied/mixture_weights
-moddeffn		/Users/benroye/forge/cmusphinx/voiceVim/model_architecture/voiceVim.untied.mdef
-mwfloor	1e-4	1.000000e-08
-phone			hh
-psetfn			/Users/benroye/forge/cmusphinx/voiceVim/model_architecture/voiceVim.tree_questions
-ssplitmax	5	7
-ssplitmin	1	1
-ssplitthr	8e-4	0.000000e+00
-state			2
-stwt			1.0,0.05,0.0,
-treefn			/Users/benroye/forge/cmusphinx/voiceVim/trees/voiceVim.unpruned/hh-2.dtree
-ts2cbfn	.semi.	.cont.
-varfloor	0.00001	1.000000e-05
-varfn			/Users/benroye/forge/cmusphinx/voiceVim/model_parameters/voiceVim.cd_cont_untied/variances

INFO: main.c(223): Reading: /Users/benroye/forge/cmusphinx/voiceVim/model_architecture/voiceVim.untied.mdef
INFO: model_def_io.c(573): Model definition info:
INFO: model_def_io.c(574): 2249 total models defined (39 base, 2210 tri)
INFO: model_def_io.c(575): 8996 total states
INFO: model_def_io.c(576): 6747 total tied states
INFO: model_def_io.c(577): 117 total tied CI states
INFO: model_def_io.c(578): 39 total tied transition matrices
INFO: model_def_io.c(579): 4 max state/model
INFO: model_def_io.c(580): 4 min state/model
INFO: main.c(242): Building trees for [hh SIL ii b] through [hh uu uh b]
INFO: main.c(269): Covering states |[1707 1760]| == 54
INFO: main.c(275): Reading: /Users/benroye/forge/cmusphinx/voiceVim/model_parameters/voiceVim.cd_cont_untied/mixture_weights
INFO: s3mixw_io.c(173): Read /Users/benroye/forge/cmusphinx/voiceVim/model_parameters/voiceVim.cd_cont_untied/mixture_weights [54x1x1 array]
INFO: main.c(311): 18 of 18 models have observation count greater than 0.000010
INFO: main.c(95): nrm stwt: 0.000 0.048 0.952 
INFO: s3gau_io.c(169): Read /Users/benroye/forge/cmusphinx/voiceVim/model_parameters/voiceVim.cd_cont_untied/means [6747x1x1 array]
INFO: s3gau_io.c(169): Read /Users/benroye/forge/cmusphinx/voiceVim/model_parameters/voiceVim.cd_cont_untied/variances [6747x1x1 array]
INFO: main.c(549): Reading: /Users/benroye/forge/cmusphinx/voiceVim/model_architecture/voiceVim.tree_questions
INFO: main.c(588): 174 total simple questions (166 phone; 8 word bndry)
INFO: main.c(590): 40 Left Only questions, and 42 Right Only questions
INFO: dtree.c(1478): Final simple tree
|( QUESTION2_1_L -1 -4.998e+04 9.980e+02 2.232e+02
|    ( QUESTION6 -1 -2.691e+04 2.183e+02 1.244e+02
|        ( - -5.236e+02 1 0)
|        ( QUESTION1 -1 -2.617e+04 2.019e+02 1.214e+02
|            ( - -5.461e+03 1 0)
|            ( QUESTION19 -1 -2.051e+04 2.021e+02 9.541e+01
|                ( - -4.098e+03 1 0)
|                ( QUESTION0 -1 -1.621e+04 1.300e+02 7.599e+01
|                    ( - -1.079e+04 4 0)
|                    ( - -5.289e+03 2 0)))))
|    ( SILENCE -1 -2.206e+04 2.318e+02 9.876e+01
|        ( - -2.430e+03 3 0)
|        ( QUESTION2_0_L -1 -1.940e+04 1.317e+02 8.676e+01
|            ( - -2.788e+03 1 0)
|            ( - -1.648e+04 5 0 QUESTION4 -1 9.305e+01 7.579e+01))))
s>    ( QUESTION2_1_L -1 -4.998e+04 9.980e+02 2.232e+02
s>        ( QUESTION6 -1 -2.691e+04 2.183e+02 1.244e+02
s>            ( - -5.236e+02 1 0)
s>            ( QUESTION1 -1 -2.617e+04 2.019e+02 1.214e+02
s>                ( - -5.461e+03 1 0)
s>                ( QUESTION19 -1 -2.051e+04 2.021e+02 9.541e+01
s>                    ( - -4.098e+03 1 0)
s>                    ( QUESTION0 -1 -1.621e+04 1.300e+02 7.599e+01
s>                        ( - -1.079e+04 4 0)
s>                        ( - -5.289e+03 2 0)))))
s>        ( SILENCE -1 -2.206e+04 2.318e+02 9.876e+01
s>            ( - -2.430e+03 3 0)
s>            ( QUESTION2_0_L -1 -1.940e+04 1.317e+02 8.676e+01
s>                ( - -2.788e+03 1 0)
s>                ( - -1.648e+04 5 0 QUESTION4 -1 9.305e+01 7.579e+01))))INFO: dtree.c(1315): Comp split 0
INFO: dtree.c(1439): stop. leaf nodes are specific
INFO: dtree.c(1478): Final simple tree
|( QUESTION1 -1 -2.617e+04 2.019e+02 1.214e+02
|    ( - -5.461e+03 1 0)
|    ( QUESTION19 -1 -2.051e+04 2.021e+02 9.541e+01
|        ( - -4.098e+03 1 0)
|        ( QUESTION0 -1 -1.621e+04 1.300e+02 7.599e+01
|            ( - -1.079e+04 4 0)
|            ( - -5.289e+03 2 0))))
s>    ( QUESTION1 -1 -2.617e+04 2.019e+02 1.214e+02
s>        ( - -5.461e+03 1 0)
s>        ( QUESTION19 -1 -2.051e+04 2.021e+02 9.541e+01
s>            ( - -4.098e+03 1 0)
s>            ( QUESTION0 -1 -1.621e+04 1.300e+02 7.599e+01
s>                ( - -1.079e+04 4 0)
s>                ( - -5.289e+03 2 0))))INFO: dtree.c(1439): stop. leaf nodes are specific
INFO: dtree.c(1478): Final simple tree
|( SILENCE -1 -2.279e+04 2.281e+02 1.018e+02
|    ( - -2.430e+03 3 0)
|    ( QUESTION6 -1 -2.014e+04 2.095e+02 8.976e+01
|        ( - -5.236e+02 1 0)
|        ( QUESTION2_0_L -1 -1.940e+04 1.317e+02 8.676e+01
|            ( - -2.788e+03 1 0)
|            ( QUESTION4 -1 -1.648e+04 9.305e+01 7.579e+01
|                ( - -1.583e+04 4 0)
|                ( - -5.579e+02 1 0)))))
s>    ( SILENCE -1 -2.279e+04 2.281e+02 1.018e+02
s>        ( - -2.430e+03 3 0)
s>        ( QUESTION6 -1 -2.014e+04 2.095e+02 8.976e+01
s>            ( - -5.236e+02 1 0)
s>            ( QUESTION2_0_L -1 -1.940e+04 1.317e+02 8.676e+01
s>                ( - -2.788e+03 1 0)
s>                ( QUESTION4 -1 -1.648e+04 9.305e+01 7.579e+01
s>                    ( - -1.583e+04 4 0)
s>                    ( - -5.579e+02 1 0)))))INFO: dtree.c(1315): Comp split 1
INFO: dtree.c(1439): stop. leaf nodes are specific
INFO: dtree.c(1478): Final simple tree
|( QUESTION2_0_L -1 -1.940e+04 1.317e+02 8.676e+01
|    ( - -2.788e+03 1 0)
|    ( QUESTION4 -1 -1.648e+04 9.305e+01 7.579e+01
|        ( - -1.583e+04 4 0)
|        ( - -5.579e+02 1 0)))
s>    ( QUESTION2_0_L -1 -1.940e+04 1.317e+02 8.676e+01
s>        ( - -2.788e+03 1 0)
s>        ( QUESTION4 -1 -1.648e+04 9.305e+01 7.579e+01
s>            ( - -1.583e+04 4 0)
s>            ( - -5.579e+02 1 0)))INFO: dtree.c(1439): stop. leaf nodes are specific
INFO: dtree.c(1478): Final simple tree
|( SILENCE -1 -3.147e+03 1.934e+02 1.500e+01
|    ( - -2.430e+03 3 0)
|    ( - -5.236e+02 1 0))
s>    ( SILENCE -1 -3.147e+03 1.934e+02 1.500e+01
s>        ( - -2.430e+03 3 0)
s>        ( - -5.236e+02 1 0))INFO: dtree.c(1315): Comp split 2
INFO: dtree.c(1439): stop. leaf nodes are specific
INFO: dtree.c(1478): Final simple tree
|( QUESTION19 -1 -2.051e+04 2.021e+02 9.541e+01
|    ( - -4.098e+03 1 0)
|    ( QUESTION0 -1 -1.621e+04 1.300e+02 7.599e+01
|        ( - -1.079e+04 4 0)
|        ( - -5.289e+03 2 0)))
s>    ( QUESTION19 -1 -2.051e+04 2.021e+02 9.541e+01
s>        ( - -4.098e+03 1 0)
s>        ( QUESTION0 -1 -1.621e+04 1.300e+02 7.599e+01
s>            ( - -1.079e+04 4 0)
s>            ( - -5.289e+03 2 0)))INFO: dtree.c(1315): Comp split 3
INFO: dtree.c(1439): stop. leaf nodes are specific
INFO: dtree.c(1478): Final simple tree
|( QUESTION0 -1 -1.621e+04 1.300e+02 7.599e+01
|    ( - -1.079e+04 4 0)
|    ( - -5.289e+03 2 0))
s>    ( QUESTION0 -1 -1.621e+04 1.300e+02 7.599e+01
s>        ( - -1.079e+04 4 0)
s>        ( - -5.289e+03 2 0))INFO: dtree.c(1315): Comp split 4
INFO: dtree.c(1315): Comp split 5
INFO: dtree.c(1439): stop. leaf nodes are specific
INFO: dtree.c(1478): Final simple tree
|( QUESTION4 -1 -1.648e+04 9.305e+01 7.579e+01
|    ( - -1.583e+04 4 0)
|    ( - -5.579e+02 1 0))
s>    ( QUESTION4 -1 -1.648e+04 9.305e+01 7.579e+01
s>        ( - -1.583e+04 4 0)
s>        ( - -5.579e+02 1 0))INFO: dtree.c(1315): Comp split 6
INFO: dtree.c(1315): Comp split 7
INFO: dtree.c(1315): Comp split 8
INFO: dtree.c(1318): stop. leaf nodes are specific
Mon Jan 30 07:35:46 2017
