Current configuration:
[NAME]		[DEFLT]	[VALUE]
-allphones	no	no
-cntthresh	0.00001	1.000000e-05
-csplitmax	100	2000
-csplitmin	1	1
-csplitthr	8e-4	0.000000e+00
-example	no	no
-fullvar	no	no
-help		no	no
-meanfn			/Users/benroye/forge/cmusphinx/voiceVim/model_parameters/voiceVim.cd_cont_untied/means
-mixwfn			/Users/benroye/forge/cmusphinx/voiceVim/model_parameters/voiceVim.cd_cont_untied/mixture_weights
-moddeffn		/Users/benroye/forge/cmusphinx/voiceVim/model_architecture/voiceVim.untied.mdef
-mwfloor	1e-4	1.000000e-08
-phone			p
-psetfn			/Users/benroye/forge/cmusphinx/voiceVim/model_architecture/voiceVim.tree_questions
-ssplitmax	5	7
-ssplitmin	1	1
-ssplitthr	8e-4	0.000000e+00
-state			2
-stwt			1.0,0.05,0.0,
-treefn			/Users/benroye/forge/cmusphinx/voiceVim/trees/voiceVim.unpruned/p-2.dtree
-ts2cbfn	.semi.	.cont.
-varfloor	0.00001	1.000000e-05
-varfn			/Users/benroye/forge/cmusphinx/voiceVim/model_parameters/voiceVim.cd_cont_untied/variances

INFO: main.c(223): Reading: /Users/benroye/forge/cmusphinx/voiceVim/model_architecture/voiceVim.untied.mdef
INFO: model_def_io.c(573): Model definition info:
INFO: model_def_io.c(574): 2249 total models defined (39 base, 2210 tri)
INFO: model_def_io.c(575): 8996 total states
INFO: model_def_io.c(576): 6747 total tied states
INFO: model_def_io.c(577): 117 total tied CI states
INFO: model_def_io.c(578): 39 total tied transition matrices
INFO: model_def_io.c(579): 4 max state/model
INFO: model_def_io.c(580): 4 min state/model
INFO: main.c(242): Building trees for [p SIL aa b] through [p uu z e]
INFO: main.c(269): Covering states |[3891 4247]| == 357
INFO: main.c(275): Reading: /Users/benroye/forge/cmusphinx/voiceVim/model_parameters/voiceVim.cd_cont_untied/mixture_weights
INFO: s3mixw_io.c(173): Read /Users/benroye/forge/cmusphinx/voiceVim/model_parameters/voiceVim.cd_cont_untied/mixture_weights [357x1x1 array]
INFO: main.c(311): 119 of 119 models have observation count greater than 0.000010
INFO: main.c(95): nrm stwt: 0.000 0.048 0.952 
INFO: s3gau_io.c(169): Read /Users/benroye/forge/cmusphinx/voiceVim/model_parameters/voiceVim.cd_cont_untied/means [6747x1x1 array]
INFO: s3gau_io.c(169): Read /Users/benroye/forge/cmusphinx/voiceVim/model_parameters/voiceVim.cd_cont_untied/variances [6747x1x1 array]
INFO: main.c(549): Reading: /Users/benroye/forge/cmusphinx/voiceVim/model_architecture/voiceVim.tree_questions
INFO: main.c(588): 174 total simple questions (166 phone; 8 word bndry)
INFO: main.c(590): 40 Left Only questions, and 42 Right Only questions
INFO: dtree.c(1478): Final simple tree
|( QUESTION1 -1 -8.200e+05 6.029e+03 3.410e+03
|    ( WDBNDRY_B 0 -2.136e+05 1.728e+03 9.480e+02
|        ( - -3.040e+04 5 0 QUESTION0_12_R 1 1.781e+02 1.342e+02)
|        ( - -1.815e+05 2 0))
|    ( QUESTION0_20_R 1 -6.004e+05 3.745e+03 2.462e+03
|        ( WDBNDRY_B 0 -1.623e+05 1.867e+03 6.963e+02
|            ( - -3.564e+04 13 0 QUESTION5 -1 2.504e+02 1.557e+02)
|            ( QUESTION2_9_L -1 -1.248e+05 1.387e+03 5.406e+02
|                ( - -7.124e+04 2 0 WDBNDRY_E 0 1.605e+02 3.213e+02)
|                ( - -5.216e+04 3 0 QUESTION2_0_L -1 2.434e+02 2.194e+02)))
|        ( QUESTION8 1 -4.343e+05 2.755e+03 1.766e+03
|            ( - -5.506e+04 2 0 QUESTION2_0_L -1 4.486e+02 2.361e+02)
|            ( QUESTION0_9_R 1 -3.765e+05 1.217e+03 1.529e+03
|                ( - -1.122e+05 32 0 QUESTION2_18_L -1 1.015e+03 4.498e+02)
|                ( - -2.631e+05 60 0 SILENCE 1 1.075e+03 1.080e+03)))))
s>    ( QUESTION1 -1 -8.200e+05 6.029e+03 3.410e+03
s>        ( WDBNDRY_B 0 -2.136e+05 1.728e+03 9.480e+02
s>            ( - -3.040e+04 5 0 QUESTION0_12_R 1 1.781e+02 1.342e+02)
s>            ( - -1.815e+05 2 0))
s>        ( QUESTION0_20_R 1 -6.004e+05 3.745e+03 2.462e+03
s>            ( WDBNDRY_B 0 -1.623e+05 1.867e+03 6.963e+02
s>                ( - -3.564e+04 13 0 QUESTION5 -1 2.504e+02 1.557e+02)
s>                ( QUESTION2_9_L -1 -1.248e+05 1.387e+03 5.406e+02
s>                    ( - -7.124e+04 2 0 WDBNDRY_E 0 1.605e+02 3.213e+02)
s>                    ( - -5.216e+04 3 0 QUESTION2_0_L -1 2.434e+02 2.194e+02)))
s>            ( QUESTION8 1 -4.343e+05 2.755e+03 1.766e+03
s>                ( - -5.506e+04 2 0 QUESTION2_0_L -1 4.486e+02 2.361e+02)
s>                ( QUESTION0_9_R 1 -3.765e+05 1.217e+03 1.529e+03
s>                    ( - -1.122e+05 32 0 QUESTION2_18_L -1 1.015e+03 4.498e+02)
s>                    ( - -2.631e+05 60 0 SILENCE 1 1.075e+03 1.080e+03)))))INFO: dtree.c(1315): Comp split 0
INFO: dtree.c(1478): Final simple tree
|( QUESTION0_20_R 1 -6.312e+05 3.719e+03 2.596e+03
|    ( WDBNDRY_B 0 -1.636e+05 1.901e+03 7.013e+02
|        ( - -3.691e+04 14 0 QUESTION4 -1 2.523e+02 1.607e+02)
|        ( QUESTION2_9_L -1 -1.248e+05 1.387e+03 5.406e+02
|            ( - -7.124e+04 2 0 WDBNDRY_E 0 1.605e+02 3.213e+02)
|            ( - -5.216e+04 3 0 QUESTION2_0_L -1 2.434e+02 2.194e+02)))
|    ( QUESTION8 1 -4.639e+05 2.786e+03 1.895e+03
|        ( - -5.506e+04 2 0 QUESTION2_0_L -1 4.486e+02 2.361e+02)
|        ( QUESTION0_9_R 1 -4.060e+05 1.223e+03 1.659e+03
|            ( QUESTION2_18_L -1 -1.395e+05 1.041e+03 5.690e+02
|                ( - -1.946e+04 1 0)
|                ( - -1.190e+05 33 0 WDBNDRY_B 0 5.398e+02 4.879e+02))
|            ( SILENCE 1 -2.653e+05 1.073e+03 1.090e+03
|                ( - -3.561e+04 4 0 QUESTION2_3_L -1 3.291e+02 1.664e+02)
|                ( - -2.286e+05 58 0 QUESTION3 -1 8.770e+02 9.232e+02)))))
s>    ( QUESTION0_20_R 1 -6.312e+05 3.719e+03 2.596e+03
s>        ( WDBNDRY_B 0 -1.636e+05 1.901e+03 7.013e+02
s>            ( - -3.691e+04 14 0 QUESTION4 -1 2.523e+02 1.607e+02)
s>            ( QUESTION2_9_L -1 -1.248e+05 1.387e+03 5.406e+02
s>                ( - -7.124e+04 2 0 WDBNDRY_E 0 1.605e+02 3.213e+02)
s>                ( - -5.216e+04 3 0 QUESTION2_0_L -1 2.434e+02 2.194e+02)))
s>        ( QUESTION8 1 -4.639e+05 2.786e+03 1.895e+03
s>            ( - -5.506e+04 2 0 QUESTION2_0_L -1 4.486e+02 2.361e+02)
s>            ( QUESTION0_9_R 1 -4.060e+05 1.223e+03 1.659e+03
s>                ( QUESTION2_18_L -1 -1.395e+05 1.041e+03 5.690e+02
s>                    ( - -1.946e+04 1 0)
s>                    ( - -1.190e+05 33 0 WDBNDRY_B 0 5.398e+02 4.879e+02))
s>                ( SILENCE 1 -2.653e+05 1.073e+03 1.090e+03
s>                    ( - -3.561e+04 4 0 QUESTION2_3_L -1 3.291e+02 1.664e+02)
s>                    ( - -2.286e+05 58 0 QUESTION3 -1 8.770e+02 9.232e+02)))))INFO: dtree.c(1315): Comp split 1
INFO: dtree.c(1439): stop. leaf nodes are specific
INFO: dtree.c(1478): Final simple tree
|( QUESTION2_9_L -1 -1.248e+05 1.387e+03 5.406e+02
|    ( WDBNDRY_E 0 -7.124e+04 1.605e+02 3.213e+02
|        ( - -4.774e+02 1 0)
|        ( - -7.060e+04 1 0))
|    ( QUESTION2_0_L -1 -5.216e+04 2.434e+02 2.194e+02
|        ( - -2.314e+04 1 0)
|        ( - -2.877e+04 2 0)))
s>    ( QUESTION2_9_L -1 -1.248e+05 1.387e+03 5.406e+02
s>        ( WDBNDRY_E 0 -7.124e+04 1.605e+02 3.213e+02
s>            ( - -4.774e+02 1 0)
s>            ( - -7.060e+04 1 0))
s>        ( QUESTION2_0_L -1 -5.216e+04 2.434e+02 2.194e+02
s>            ( - -2.314e+04 1 0)
s>            ( - -2.877e+04 2 0)))INFO: dtree.c(1478): Final simple tree
|( QUESTION8 1 -5.014e+05 2.759e+03 2.055e+03
|    ( - -5.506e+04 2 0 QUESTION2_0_L -1 4.486e+02 2.361e+02)
|    ( QUESTION0_9_R 1 -4.436e+05 1.398e+03 1.819e+03
|        ( QUESTION2_18_L -1 -1.395e+05 1.041e+03 5.690e+02
|            ( - -1.946e+04 1 0)
|            ( - -1.190e+05 33 0 WDBNDRY_B 0 5.398e+02 4.879e+02))
|        ( SILENCE 1 -3.027e+05 1.096e+03 1.250e+03
|            ( - -3.561e+04 4 0 QUESTION2_3_L -1 3.291e+02 1.664e+02)
|            ( QUESTION4 -1 -2.660e+05 8.742e+02 1.084e+03
|                ( WDBNDRY_B 0 -2.214e+05 7.699e+02 9.034e+02
|                    ( - -7.277e+04 13 0 QUESTION0_0_R 1 3.920e+02 3.280e+02)
|                    ( QUESTION11 1 -1.479e+05 6.853e+02 5.754e+02
|                        ( - -2.350e+04 2 0 WDBNDRY_E 0 3.431e+02 1.035e+02)
|                        ( - -1.237e+05 38 0 QUESTION2_9_L -1 4.943e+02 4.719e+02)))
|                ( - -4.370e+04 19 0 QUESTION3 -1 3.157e+02 1.805e+02)))))
s>    ( QUESTION8 1 -5.014e+05 2.759e+03 2.055e+03
s>        ( - -5.506e+04 2 0 QUESTION2_0_L -1 4.486e+02 2.361e+02)
s>        ( QUESTION0_9_R 1 -4.436e+05 1.398e+03 1.819e+03
s>            ( QUESTION2_18_L -1 -1.395e+05 1.041e+03 5.690e+02
s>                ( - -1.946e+04 1 0)
s>                ( - -1.190e+05 33 0 WDBNDRY_B 0 5.398e+02 4.879e+02))
s>            ( SILENCE 1 -3.027e+05 1.096e+03 1.250e+03
s>                ( - -3.561e+04 4 0 QUESTION2_3_L -1 3.291e+02 1.664e+02)
s>                ( QUESTION4 -1 -2.660e+05 8.742e+02 1.084e+03
s>                    ( WDBNDRY_B 0 -2.214e+05 7.699e+02 9.034e+02
s>                        ( - -7.277e+04 13 0 QUESTION0_0_R 1 3.920e+02 3.280e+02)
s>                        ( QUESTION11 1 -1.479e+05 6.853e+02 5.754e+02
s>                            ( - -2.350e+04 2 0 WDBNDRY_E 0 3.431e+02 1.035e+02)
s>                            ( - -1.237e+05 38 0 QUESTION2_9_L -1 4.943e+02 4.719e+02)))
s>                    ( - -4.370e+04 19 0 QUESTION3 -1 3.157e+02 1.805e+02)))))INFO: dtree.c(1315): Comp split 2
INFO: dtree.c(1478): Final simple tree
|( QUESTION0_9_R 1 -4.436e+05 1.398e+03 1.819e+03
|    ( QUESTION2_18_L -1 -1.395e+05 1.041e+03 5.690e+02
|        ( - -1.946e+04 1 0)
|        ( WDBNDRY_B 0 -1.190e+05 5.398e+02 4.879e+02
|            ( - -4.728e+04 14 0 QUESTION0_12_R 1 3.120e+02 2.044e+02)
|            ( - -7.117e+04 19 0 QUESTION0_10_R 1 4.694e+02 2.836e+02)))
|    ( SILENCE 1 -3.027e+05 1.096e+03 1.250e+03
|        ( - -3.561e+04 4 0 QUESTION2_3_L -1 3.291e+02 1.664e+02)
|        ( QUESTION4 -1 -2.660e+05 8.742e+02 1.084e+03
|            ( WDBNDRY_B 0 -2.214e+05 7.699e+02 9.034e+02
|                ( - -7.277e+04 13 0 QUESTION0_0_R 1 3.920e+02 3.280e+02)
|                ( QUESTION11 1 -1.479e+05 6.853e+02 5.754e+02
|                    ( - -2.350e+04 2 0 WDBNDRY_E 0 3.431e+02 1.035e+02)
|                    ( - -1.237e+05 38 0 QUESTION2_9_L -1 4.943e+02 4.719e+02)))
|            ( - -4.370e+04 19 0 QUESTION3 -1 3.157e+02 1.805e+02))))
s>    ( QUESTION0_9_R 1 -4.436e+05 1.398e+03 1.819e+03
s>        ( QUESTION2_18_L -1 -1.395e+05 1.041e+03 5.690e+02
s>            ( - -1.946e+04 1 0)
s>            ( WDBNDRY_B 0 -1.190e+05 5.398e+02 4.879e+02
s>                ( - -4.728e+04 14 0 QUESTION0_12_R 1 3.120e+02 2.044e+02)
s>                ( - -7.117e+04 19 0 QUESTION0_10_R 1 4.694e+02 2.836e+02)))
s>        ( SILENCE 1 -3.027e+05 1.096e+03 1.250e+03
s>            ( - -3.561e+04 4 0 QUESTION2_3_L -1 3.291e+02 1.664e+02)
s>            ( QUESTION4 -1 -2.660e+05 8.742e+02 1.084e+03
s>                ( WDBNDRY_B 0 -2.214e+05 7.699e+02 9.034e+02
s>                    ( - -7.277e+04 13 0 QUESTION0_0_R 1 3.920e+02 3.280e+02)
s>                    ( QUESTION11 1 -1.479e+05 6.853e+02 5.754e+02
s>                        ( - -2.350e+04 2 0 WDBNDRY_E 0 3.431e+02 1.035e+02)
s>                        ( - -1.237e+05 38 0 QUESTION2_9_L -1 4.943e+02 4.719e+02)))
s>                ( - -4.370e+04 19 0 QUESTION3 -1 3.157e+02 1.805e+02))))INFO: dtree.c(1439): stop. leaf nodes are specific
INFO: dtree.c(1478): Final simple tree
|( QUESTION2_0_L -1 -5.506e+04 4.486e+02 2.361e+02
|    ( - 2.426e+02 1 0)
|    ( - -5.485e+04 1 0))
s>    ( QUESTION2_0_L -1 -5.506e+04 4.486e+02 2.361e+02
s>        ( - 2.426e+02 1 0)
s>        ( - -5.485e+04 1 0))INFO: dtree.c(1315): Comp split 3
INFO: dtree.c(1478): Final simple tree
|( SILENCE 1 -2.581e+05 1.069e+03 1.070e+03
|    ( - -3.561e+04 4 0 QUESTION2_3_L -1 3.291e+02 1.664e+02)
|    ( WDBNDRY_B 0 -2.214e+05 7.699e+02 9.034e+02
|        ( - -7.277e+04 13 0 QUESTION0_0_R 1 3.920e+02 3.280e+02)
|        ( QUESTION11 1 -1.479e+05 6.853e+02 5.754e+02
|            ( - -2.350e+04 2 0 WDBNDRY_E 0 3.431e+02 1.035e+02)
|            ( QUESTION2_9_L -1 -1.237e+05 4.943e+02 4.719e+02
|                ( QUESTION16 1 -3.234e+04 4.429e+02 1.244e+02
|                    ( - 1.255e+02 1 0)
|                    ( QUESTION0_3_R 1 -3.202e+04 4.062e+02 1.234e+02
|                        ( QUESTION0 1 -1.062e+04 4.635e+02 3.629e+01
|                            ( - 2.420e+02 1 0)
|                            ( - -1.039e+04 2 0 QUESTION0_4_R 1 1.590e+02 3.529e+01))
|                        ( - -2.100e+04 4 0 WDBNDRY_E 0 3.449e+02 8.715e+01)))
|                ( - -9.086e+04 30 0 QUESTION0 1 3.705e+02 3.474e+02)))))
s>    ( SILENCE 1 -2.581e+05 1.069e+03 1.070e+03
s>        ( - -3.561e+04 4 0 QUESTION2_3_L -1 3.291e+02 1.664e+02)
s>        ( WDBNDRY_B 0 -2.214e+05 7.699e+02 9.034e+02
s>            ( - -7.277e+04 13 0 QUESTION0_0_R 1 3.920e+02 3.280e+02)
s>            ( QUESTION11 1 -1.479e+05 6.853e+02 5.754e+02
s>                ( - -2.350e+04 2 0 WDBNDRY_E 0 3.431e+02 1.035e+02)
s>                ( QUESTION2_9_L -1 -1.237e+05 4.943e+02 4.719e+02
s>                    ( QUESTION16 1 -3.234e+04 4.429e+02 1.244e+02
s>                        ( - 1.255e+02 1 0)
s>                        ( QUESTION0_3_R 1 -3.202e+04 4.062e+02 1.234e+02
s>                            ( QUESTION0 1 -1.062e+04 4.635e+02 3.629e+01
s>                                ( - 2.420e+02 1 0)
s>                                ( - -1.039e+04 2 0 QUESTION0_4_R 1 1.590e+02 3.529e+01))
s>                            ( - -2.100e+04 4 0 WDBNDRY_E 0 3.449e+02 8.715e+01)))
s>                    ( - -9.086e+04 30 0 QUESTION0 1 3.705e+02 3.474e+02)))))INFO: dtree.c(1478): Final simple tree
|( WDBNDRY_E 0 -1.838e+05 9.318e+02 7.495e+02
|    ( QUESTION0 1 -5.423e+04 5.013e+02 2.157e+02
|        ( - -2.857e+04 4 0 QUESTION2_3_L -1 1.259e+02 1.223e+02)
|        ( - -2.516e+04 13 0 QUESTION0_16_R 1 2.348e+02 9.338e+01))
|    ( QUESTION2_18_L -1 -1.286e+05 6.762e+02 5.338e+02
|        ( - -1.946e+04 1 0)
|        ( QUESTION0_12_R 1 -1.085e+05 5.419e+02 4.528e+02
|            ( WDBNDRY_B 0 -5.341e+04 3.762e+02 2.313e+02
|                ( - -3.985e+04 8 0 QUESTION2 -1 1.897e+02 1.764e+02)
|                ( - -1.318e+04 1 0))
|            ( QUESTION5 -1 -5.452e+04 2.848e+02 2.215e+02
|                ( QUESTION19 -1 -1.779e+04 2.506e+02 6.916e+01
|                    ( - -4.724e+03 2 0 QUESTION0_0_R 1 2.235e+02 2.100e+01)
|                    ( - -1.282e+04 8 0 QUESTION0_9_R 1 1.659e+02 4.816e+01))
|                ( - -3.644e+04 16 0 QUESTION0_8_R 1 2.444e+02 1.523e+02)))))
s>    ( WDBNDRY_E 0 -1.838e+05 9.318e+02 7.495e+02
s>        ( QUESTION0 1 -5.423e+04 5.013e+02 2.157e+02
s>            ( - -2.857e+04 4 0 QUESTION2_3_L -1 1.259e+02 1.223e+02)
s>            ( - -2.516e+04 13 0 QUESTION0_16_R 1 2.348e+02 9.338e+01))
s>        ( QUESTION2_18_L -1 -1.286e+05 6.762e+02 5.338e+02
s>            ( - -1.946e+04 1 0)
s>            ( QUESTION0_12_R 1 -1.085e+05 5.419e+02 4.528e+02
s>                ( WDBNDRY_B 0 -5.341e+04 3.762e+02 2.313e+02
s>                    ( - -3.985e+04 8 0 QUESTION2 -1 1.897e+02 1.764e+02)
s>                    ( - -1.318e+04 1 0))
s>                ( QUESTION5 -1 -5.452e+04 2.848e+02 2.215e+02
s>                    ( QUESTION19 -1 -1.779e+04 2.506e+02 6.916e+01
s>                        ( - -4.724e+03 2 0 QUESTION0_0_R 1 2.235e+02 2.100e+01)
s>                        ( - -1.282e+04 8 0 QUESTION0_9_R 1 1.659e+02 4.816e+01))
s>                    ( - -3.644e+04 16 0 QUESTION0_8_R 1 2.444e+02 1.523e+02)))))INFO: dtree.c(1315): Comp split 4
INFO: dtree.c(1439): stop. leaf nodes are specific
INFO: dtree.c(1478): Final simple tree
|( QUESTION2_0_L -1 -5.216e+04 2.434e+02 2.194e+02
|    ( - -2.314e+04 1 0)
|    ( - -2.877e+04 2 0))
s>    ( QUESTION2_0_L -1 -5.216e+04 2.434e+02 2.194e+02
s>        ( - -2.314e+04 1 0)
s>        ( - -2.877e+04 2 0))INFO: dtree.c(1439): stop. leaf nodes are specific
INFO: dtree.c(1478): Final simple tree
|( WDBNDRY_E 0 -7.124e+04 1.605e+02 3.213e+02
|    ( - -4.774e+02 1 0)
|    ( - -7.060e+04 1 0))
s>    ( WDBNDRY_E 0 -7.124e+04 1.605e+02 3.213e+02
s>        ( - -4.774e+02 1 0)
s>        ( - -7.060e+04 1 0))INFO: dtree.c(1315): Comp split 5
INFO: dtree.c(1478): Final simple tree
|( QUESTION0_10_R 1 -1.131e+05 5.861e+02 4.679e+02
|    ( - -2.933e+04 5 0 QUESTION0 1 1.630e+02 1.253e+02)
|    ( WDBNDRY_B 0 -8.320e+04 5.134e+02 3.426e+02
|        ( QUESTION0_8_R 1 -4.484e+04 2.869e+02 1.974e+02
|            ( - -2.883e+03 1 0)
|            ( QUESTION0_0_R 1 -4.167e+04 1.934e+02 1.844e+02
|                ( QUESTION2 -1 -3.985e+04 1.897e+02 1.764e+02
|                    ( - -4.678e+03 2 0)
|                    ( - -3.499e+04 6 0 QUESTION19 -1 1.604e+02 1.564e+02))
|                ( - -1.618e+03 1 0)))
|        ( WDBNDRY_E 0 -3.786e+04 2.740e+02 1.453e+02
|            ( QUESTION0_16_R 1 -2.440e+04 2.350e+02 9.038e+01
|                ( - -1.379e+03 2 0 QUESTION2_0_L -1 1.741e+02 5.000e+00)
|                ( - -2.279e+04 10 0 QUESTION0_12_R 1 1.860e+02 8.538e+01))
|            ( - -1.318e+04 1 0))))
s>    ( QUESTION0_10_R 1 -1.131e+05 5.861e+02 4.679e+02
s>        ( - -2.933e+04 5 0 QUESTION0 1 1.630e+02 1.253e+02)
s>        ( WDBNDRY_B 0 -8.320e+04 5.134e+02 3.426e+02
s>            ( QUESTION0_8_R 1 -4.484e+04 2.869e+02 1.974e+02
s>                ( - -2.883e+03 1 0)
s>                ( QUESTION0_0_R 1 -4.167e+04 1.934e+02 1.844e+02
s>                    ( QUESTION2 -1 -3.985e+04 1.897e+02 1.764e+02
s>                        ( - -4.678e+03 2 0)
s>                        ( - -3.499e+04 6 0 QUESTION19 -1 1.604e+02 1.564e+02))
s>                    ( - -1.618e+03 1 0)))
s>            ( WDBNDRY_E 0 -3.786e+04 2.740e+02 1.453e+02
s>                ( QUESTION0_16_R 1 -2.440e+04 2.350e+02 9.038e+01
s>                    ( - -1.379e+03 2 0 QUESTION2_0_L -1 1.741e+02 5.000e+00)
s>                    ( - -2.279e+04 10 0 QUESTION0_12_R 1 1.860e+02 8.538e+01))
s>                ( - -1.318e+04 1 0))))INFO: dtree.c(1478): Final simple tree
|( WDBNDRY_B 0 -6.950e+04 4.761e+02 2.815e+02
|    ( QUESTION3 -1 -4.612e+04 2.764e+02 1.875e+02
|        ( - -1.282e+04 8 0 QUESTION0_9_R 1 1.659e+02 4.816e+01)
|        ( QUESTION0_8_R 1 -3.302e+04 2.811e+02 1.393e+02
|            ( SILENCE -1 -2.213e+04 2.295e+02 9.536e+01
|                ( - -5.637e+03 2 0)
|                ( - -1.627e+04 5 0 QUESTION1 -1 1.574e+02 7.031e+01))
|            ( QUESTION0_0_R 1 -1.061e+04 1.767e+02 4.399e+01
|                ( SILENCE -1 -5.513e+03 2.233e+02 2.199e+01
|                    ( - -9.133e+02 1 0)
|                    ( - -4.376e+03 3 0 QUESTION1 -1 1.292e+02 1.699e+01))
|                ( - -4.921e+03 4 0 SILENCE -1 1.145e+02 2.200e+01))))
|    ( QUESTION0_10_R 1 -2.290e+04 2.490e+02 9.403e+01
|        ( - -3.192e+03 1 0)
|        ( - -1.946e+04 1 0)))
s>    ( WDBNDRY_B 0 -6.950e+04 4.761e+02 2.815e+02
s>        ( QUESTION3 -1 -4.612e+04 2.764e+02 1.875e+02
s>            ( - -1.282e+04 8 0 QUESTION0_9_R 1 1.659e+02 4.816e+01)
s>            ( QUESTION0_8_R 1 -3.302e+04 2.811e+02 1.393e+02
s>                ( SILENCE -1 -2.213e+04 2.295e+02 9.536e+01
s>                    ( - -5.637e+03 2 0)
s>                    ( - -1.627e+04 5 0 QUESTION1 -1 1.574e+02 7.031e+01))
s>                ( QUESTION0_0_R 1 -1.061e+04 1.767e+02 4.399e+01
s>                    ( SILENCE -1 -5.513e+03 2.233e+02 2.199e+01
s>                        ( - -9.133e+02 1 0)
s>                        ( - -4.376e+03 3 0 QUESTION1 -1 1.292e+02 1.699e+01))
s>                    ( - -4.921e+03 4 0 SILENCE -1 1.145e+02 2.200e+01))))
s>        ( QUESTION0_10_R 1 -2.290e+04 2.490e+02 9.403e+01
s>            ( - -3.192e+03 1 0)
s>            ( - -1.946e+04 1 0)))INFO: dtree.c(1315): Comp split 6
INFO: dtree.c(1439): stop. leaf nodes are specific
INFO: dtree.c(1478): Final simple tree
|( QUESTION0_7_R 1 -5.998e+04 6.632e+02 2.709e+02
|    ( WDBNDRY_E 0 -2.350e+04 3.431e+02 1.035e+02
|        ( - -3.585e+03 1 0)
|        ( - -1.958e+04 1 0))
|    ( SILENCE 1 -3.581e+04 4.517e+02 1.674e+02
|        ( QUESTION2_3_L -1 -3.561e+04 3.291e+02 1.664e+02
|            ( - -2.802e+04 1 0)
|            ( QUESTION2_0_L -1 -7.260e+03 8.880e+01 3.329e+01
|                ( - -1.443e+03 1 0)
|                ( - -5.728e+03 2 0)))
|        ( - 2.420e+02 1 0)))
s>    ( QUESTION0_7_R 1 -5.998e+04 6.632e+02 2.709e+02
s>        ( WDBNDRY_E 0 -2.350e+04 3.431e+02 1.035e+02
s>            ( - -3.585e+03 1 0)
s>            ( - -1.958e+04 1 0))
s>        ( SILENCE 1 -3.581e+04 4.517e+02 1.674e+02
s>            ( QUESTION2_3_L -1 -3.561e+04 3.291e+02 1.664e+02
s>                ( - -2.802e+04 1 0)
s>                ( QUESTION2_0_L -1 -7.260e+03 8.880e+01 3.329e+01
s>                    ( - -1.443e+03 1 0)
s>                    ( - -5.728e+03 2 0)))
s>            ( - 2.420e+02 1 0)))INFO: dtree.c(1478): Final simple tree
|( WDBNDRY_B 0 -1.970e+05 7.617e+02 7.989e+02
|    ( QUESTION0_0_R 1 -7.277e+04 3.920e+02 3.280e+02
|        ( - -4.737e+04 6 0 QUESTION2_0_L -1 1.438e+02 2.155e+02)
|        ( - -2.501e+04 7 0 QUESTION2_18_L -1 2.275e+02 1.125e+02))
|    ( QUESTION2_9_L -1 -1.235e+05 4.975e+02 4.709e+02
|        ( QUESTION16 1 -3.212e+04 4.429e+02 1.234e+02
|            ( - 1.255e+02 1 0)
|            ( QUESTION0_3_R 1 -3.180e+04 4.021e+02 1.224e+02
|                ( - -1.039e+04 2 0 QUESTION0_4_R 1 1.590e+02 3.529e+01)
|                ( WDBNDRY_E 0 -2.100e+04 3.449e+02 8.715e+01
|                    ( - -1.796e+04 3 0 QUESTION0_1_R 1 1.847e+02 7.615e+01)
|                    ( - -2.700e+03 1 0))))
|        ( QUESTION0 1 -9.086e+04 3.705e+02 3.474e+02
|            ( - -1.983e+04 9 0 QUESTION2_0_L -1 2.743e+02 8.514e+01)
|            ( - -7.066e+04 21 0 WDBNDRY_E 0 3.119e+02 2.623e+02))))
s>    ( WDBNDRY_B 0 -1.970e+05 7.617e+02 7.989e+02
s>        ( QUESTION0_0_R 1 -7.277e+04 3.920e+02 3.280e+02
s>            ( - -4.737e+04 6 0 QUESTION2_0_L -1 1.438e+02 2.155e+02)
s>            ( - -2.501e+04 7 0 QUESTION2_18_L -1 2.275e+02 1.125e+02))
s>        ( QUESTION2_9_L -1 -1.235e+05 4.975e+02 4.709e+02
s>            ( QUESTION16 1 -3.212e+04 4.429e+02 1.234e+02
s>                ( - 1.255e+02 1 0)
s>                ( QUESTION0_3_R 1 -3.180e+04 4.021e+02 1.224e+02
s>                    ( - -1.039e+04 2 0 QUESTION0_4_R 1 1.590e+02 3.529e+01)
s>                    ( WDBNDRY_E 0 -2.100e+04 3.449e+02 8.715e+01
s>                        ( - -1.796e+04 3 0 QUESTION0_1_R 1 1.847e+02 7.615e+01)
s>                        ( - -2.700e+03 1 0))))
s>            ( QUESTION0 1 -9.086e+04 3.705e+02 3.474e+02
s>                ( - -1.983e+04 9 0 QUESTION2_0_L -1 2.743e+02 8.514e+01)
s>                ( - -7.066e+04 21 0 WDBNDRY_E 0 3.119e+02 2.623e+02))))INFO: dtree.c(1315): Comp split 7
INFO: dtree.c(1478): Final simple tree
|( QUESTION2_9_L -1 -1.033e+05 5.026e+02 3.857e+02
|    ( QUESTION16 1 -3.212e+04 4.429e+02 1.234e+02
|        ( - 1.255e+02 1 0)
|        ( QUESTION0_3_R 1 -3.180e+04 4.021e+02 1.224e+02
|            ( - -1.039e+04 2 0 QUESTION0_4_R 1 1.590e+02 3.529e+01)
|            ( WDBNDRY_E 0 -2.100e+04 3.449e+02 8.715e+01
|                ( QUESTION0_1_R 1 -1.796e+04 1.847e+02 7.615e+01
|                    ( - -1.253e+03 1 0)
|                    ( - -1.652e+04 2 0))
|                ( - -2.700e+03 1 0))))
|    ( WDBNDRY_E 0 -7.066e+04 3.119e+02 2.623e+02
|        ( QUESTION0_3_R 1 -4.802e+04 2.775e+02 1.653e+02
|            ( - -2.774e+04 13 0 QUESTION2_0_L -1 1.762e+02 9.676e+01)
|            ( - -2.000e+04 7 0 QUESTION0_1_R 1 1.727e+02 6.852e+01))
|        ( - -2.232e+04 1 0)))
s>    ( QUESTION2_9_L -1 -1.033e+05 5.026e+02 3.857e+02
s>        ( QUESTION16 1 -3.212e+04 4.429e+02 1.234e+02
s>            ( - 1.255e+02 1 0)
s>            ( QUESTION0_3_R 1 -3.180e+04 4.021e+02 1.224e+02
s>                ( - -1.039e+04 2 0 QUESTION0_4_R 1 1.590e+02 3.529e+01)
s>                ( WDBNDRY_E 0 -2.100e+04 3.449e+02 8.715e+01
s>                    ( QUESTION0_1_R 1 -1.796e+04 1.847e+02 7.615e+01
s>                        ( - -1.253e+03 1 0)
s>                        ( - -1.652e+04 2 0))
s>                    ( - -2.700e+03 1 0))))
s>        ( WDBNDRY_E 0 -7.066e+04 3.119e+02 2.623e+02
s>            ( QUESTION0_3_R 1 -4.802e+04 2.775e+02 1.653e+02
s>                ( - -2.774e+04 13 0 QUESTION2_0_L -1 1.762e+02 9.676e+01)
s>                ( - -2.000e+04 7 0 QUESTION0_1_R 1 1.727e+02 6.852e+01))
s>            ( - -2.232e+04 1 0)))INFO: dtree.c(1478): Final simple tree
|( QUESTION0_0_R 1 -9.288e+04 4.001e+02 4.131e+02
|    ( QUESTION2_3_L -1 -6.746e+04 2.980e+02 3.006e+02
|        ( - -9.671e+03 3 0 QUESTION0_2_R 1 1.503e+02 4.510e+01)
|        ( WDBNDRY_B 0 -5.749e+04 2.392e+02 2.555e+02
|            ( - -4.737e+04 6 0 QUESTION2_0_L -1 1.438e+02 2.155e+02)
|            ( QUESTION0_2_R 1 -9.888e+03 1.659e+02 4.003e+01
|                ( - -1.026e+03 2 0)
|                ( - -8.696e+03 4 0))))
|    ( QUESTION2_18_L -1 -2.501e+04 2.275e+02 1.125e+02
|        ( - -5.196e+02 1 0)
|        ( QUESTION2_3_L -1 -2.427e+04 1.748e+02 1.095e+02
|            ( QUESTION2_6_L -1 -2.680e+03 4.465e+02 1.200e+01
|                ( - -2.234e+03 1 0)
|                ( - 7.466e-01 1 0))
|            ( - -2.141e+04 4 0 QUESTION2_0_L -1 1.052e+02 9.753e+01))))
s>    ( QUESTION0_0_R 1 -9.288e+04 4.001e+02 4.131e+02
s>        ( QUESTION2_3_L -1 -6.746e+04 2.980e+02 3.006e+02
s>            ( - -9.671e+03 3 0 QUESTION0_2_R 1 1.503e+02 4.510e+01)
s>            ( WDBNDRY_B 0 -5.749e+04 2.392e+02 2.555e+02
s>                ( - -4.737e+04 6 0 QUESTION2_0_L -1 1.438e+02 2.155e+02)
s>                ( QUESTION0_2_R 1 -9.888e+03 1.659e+02 4.003e+01
s>                    ( - -1.026e+03 2 0)
s>                    ( - -8.696e+03 4 0))))
s>        ( QUESTION2_18_L -1 -2.501e+04 2.275e+02 1.125e+02
s>            ( - -5.196e+02 1 0)
s>            ( QUESTION2_3_L -1 -2.427e+04 1.748e+02 1.095e+02
s>                ( QUESTION2_6_L -1 -2.680e+03 4.465e+02 1.200e+01
s>                    ( - -2.234e+03 1 0)
s>                    ( - 7.466e-01 1 0))
s>                ( - -2.141e+04 4 0 QUESTION2_0_L -1 1.052e+02 9.753e+01))))INFO: dtree.c(1315): Comp split 8
INFO: dtree.c(1439): stop. leaf nodes are specific
INFO: dtree.c(1478): Final simple tree
|( QUESTION5 1 -1.828e+04 4.455e+02 7.715e+01
|    ( - 1.255e+02 1 0)
|    ( QUESTION0_1_R 1 -1.796e+04 1.847e+02 7.615e+01
|        ( - -1.253e+03 1 0)
|        ( - -1.652e+04 2 0)))
s>    ( QUESTION5 1 -1.828e+04 4.455e+02 7.715e+01
s>        ( - 1.255e+02 1 0)
s>        ( QUESTION0_1_R 1 -1.796e+04 1.847e+02 7.615e+01
s>            ( - -1.253e+03 1 0)
s>            ( - -1.652e+04 2 0)))INFO: dtree.c(1478): Final simple tree
|( QUESTION0_3_R 1 -8.433e+04 4.507e+02 3.086e+02
|    ( QUESTION2_9_L -1 -3.838e+04 2.415e+02 1.321e+02
|        ( - -1.039e+04 2 0 QUESTION0_4_R 1 1.590e+02 3.529e+01)
|        ( QUESTION2_0_L -1 -2.774e+04 1.762e+02 9.676e+01
|            ( QUESTION0_5_R 1 -1.298e+04 4.482e+02 4.777e+01
|                ( - 1.410e+02 1 0)
|                ( - -1.267e+04 3 0 QUESTION15 1 1.390e+02 4.677e+01))
|            ( QUESTION15 1 -1.459e+04 1.875e+02 4.900e+01
|                ( - -3.403e+03 2 0)
|                ( - -1.100e+04 7 0 QUESTION0_4_R 1 1.489e+02 3.499e+01))))
|    ( WDBNDRY_E 0 -4.550e+04 2.888e+02 1.765e+02
|        ( - -2.000e+04 7 0 QUESTION0_1_R 1 1.727e+02 6.852e+01)
|        ( QUESTION2_0_L -1 -2.521e+04 1.909e+02 1.080e+02
|            ( - -2.700e+03 1 0)
|            ( - -2.232e+04 1 0))))
s>    ( QUESTION0_3_R 1 -8.433e+04 4.507e+02 3.086e+02
s>        ( QUESTION2_9_L -1 -3.838e+04 2.415e+02 1.321e+02
s>            ( - -1.039e+04 2 0 QUESTION0_4_R 1 1.590e+02 3.529e+01)
s>            ( QUESTION2_0_L -1 -2.774e+04 1.762e+02 9.676e+01
s>                ( QUESTION0_5_R 1 -1.298e+04 4.482e+02 4.777e+01
s>                    ( - 1.410e+02 1 0)
s>                    ( - -1.267e+04 3 0 QUESTION15 1 1.390e+02 4.677e+01))
s>                ( QUESTION15 1 -1.459e+04 1.875e+02 4.900e+01
s>                    ( - -3.403e+03 2 0)
s>                    ( - -1.100e+04 7 0 QUESTION0_4_R 1 1.489e+02 3.499e+01))))
s>        ( WDBNDRY_E 0 -4.550e+04 2.888e+02 1.765e+02
s>            ( - -2.000e+04 7 0 QUESTION0_1_R 1 1.727e+02 6.852e+01)
s>            ( QUESTION2_0_L -1 -2.521e+04 1.909e+02 1.080e+02
s>                ( - -2.700e+03 1 0)
s>                ( - -2.232e+04 1 0))))INFO: dtree.c(1315): Comp split 9
INFO: dtree.c(1439): stop. leaf nodes are specific
INFO: dtree.c(1478): Final simple tree
|( SILENCE 1 -3.581e+04 4.517e+02 1.674e+02
|    ( QUESTION2_3_L -1 -3.561e+04 3.291e+02 1.664e+02
|        ( - -2.802e+04 1 0)
|        ( QUESTION2_0_L -1 -7.260e+03 8.880e+01 3.329e+01
|            ( - -1.443e+03 1 0)
|            ( - -5.728e+03 2 0)))
|    ( - 2.420e+02 1 0))
s>    ( SILENCE 1 -3.581e+04 4.517e+02 1.674e+02
s>        ( QUESTION2_3_L -1 -3.561e+04 3.291e+02 1.664e+02
s>            ( - -2.802e+04 1 0)
s>            ( QUESTION2_0_L -1 -7.260e+03 8.880e+01 3.329e+01
s>                ( - -1.443e+03 1 0)
s>                ( - -5.728e+03 2 0)))
s>        ( - 2.420e+02 1 0))INFO: dtree.c(1439): stop. leaf nodes are specific
INFO: dtree.c(1478): Final simple tree
|( WDBNDRY_E 0 -2.350e+04 3.431e+02 1.035e+02
|    ( - -3.585e+03 1 0)
|    ( - -1.958e+04 1 0))
s>    ( WDBNDRY_E 0 -2.350e+04 3.431e+02 1.035e+02
s>        ( - -3.585e+03 1 0)
s>        ( - -1.958e+04 1 0))INFO: dtree.c(1315): Comp split 10
INFO: dtree.c(1439): stop. leaf nodes are specific
INFO: dtree.c(1478): Final simple tree
|( QUESTION0_11_R 1 -4.647e+04 3.502e+02 1.944e+02
|    ( WDBNDRY_B 0 -2.058e+04 2.081e+02 8.603e+01
|        ( - -9.133e+02 1 0)
|        ( - -1.946e+04 1 0))
|    ( SILENCE -1 -2.554e+04 2.442e+02 1.084e+02
|        ( - -5.637e+03 2 0)
|        ( WDBNDRY_B 0 -1.966e+04 2.004e+02 8.331e+01
|            ( QUESTION1 -1 -1.627e+04 1.574e+02 7.031e+01
|                ( - -2.073e+03 2 0)
|                ( - -1.404e+04 3 0))
|            ( - -3.192e+03 1 0))))
s>    ( QUESTION0_11_R 1 -4.647e+04 3.502e+02 1.944e+02
s>        ( WDBNDRY_B 0 -2.058e+04 2.081e+02 8.603e+01
s>            ( - -9.133e+02 1 0)
s>            ( - -1.946e+04 1 0))
s>        ( SILENCE -1 -2.554e+04 2.442e+02 1.084e+02
s>            ( - -5.637e+03 2 0)
s>            ( WDBNDRY_B 0 -1.966e+04 2.004e+02 8.331e+01
s>                ( QUESTION1 -1 -1.627e+04 1.574e+02 7.031e+01
s>                    ( - -2.073e+03 2 0)
s>                    ( - -1.404e+04 3 0))
s>                ( - -3.192e+03 1 0))))INFO: dtree.c(1478): Final simple tree
|( QUESTION2_19_L -1 -2.242e+04 1.753e+02 8.715e+01
|    ( - -6.218e+03 2 0 QUESTION0_0_R 1 1.178e+02 2.318e+01)
|    ( QUESTION0_9_R 1 -1.602e+04 1.737e+02 6.397e+01
|        ( QUESTION10 -1 -6.020e+03 2.444e+02 2.299e+01
|            ( - -2.417e+02 1 0)
|            ( QUESTION1 -1 -5.534e+03 1.238e+02 2.099e+01
|                ( - -2.757e+03 1 0)
|                ( QUESTION0 -1 -2.654e+03 1.242e+02 1.000e+01
|                    ( - -1.490e+03 2 0)
|                    ( - -1.039e+03 1 0))))
|        ( QUESTION10 -1 -9.829e+03 1.413e+02 4.098e+01
|            ( - -3.325e+03 3 0 QUESTION0_0_R 1 1.217e+02 1.299e+01)
|            ( QUESTION0 -1 -6.363e+03 1.281e+02 2.800e+01
|                ( - -3.327e+03 3 0 QUESTION1 -1 9.559e+01 1.497e+01)
|                ( - -2.908e+03 2 0 SILENCE -1 9.274e+01 1.303e+01)))))
s>    ( QUESTION2_19_L -1 -2.242e+04 1.753e+02 8.715e+01
s>        ( - -6.218e+03 2 0 QUESTION0_0_R 1 1.178e+02 2.318e+01)
s>        ( QUESTION0_9_R 1 -1.602e+04 1.737e+02 6.397e+01
s>            ( QUESTION10 -1 -6.020e+03 2.444e+02 2.299e+01
s>                ( - -2.417e+02 1 0)
s>                ( QUESTION1 -1 -5.534e+03 1.238e+02 2.099e+01
s>                    ( - -2.757e+03 1 0)
s>                    ( QUESTION0 -1 -2.654e+03 1.242e+02 1.000e+01
s>                        ( - -1.490e+03 2 0)
s>                        ( - -1.039e+03 1 0))))
s>            ( QUESTION10 -1 -9.829e+03 1.413e+02 4.098e+01
s>                ( - -3.325e+03 3 0 QUESTION0_0_R 1 1.217e+02 1.299e+01)
s>                ( QUESTION0 -1 -6.363e+03 1.281e+02 2.800e+01
s>                    ( - -3.327e+03 3 0 QUESTION1 -1 9.559e+01 1.497e+01)
s>                    ( - -2.908e+03 2 0 SILENCE -1 9.274e+01 1.303e+01)))))INFO: dtree.c(1315): Comp split 11
INFO: dtree.c(1478): Final simple tree
|( WDBNDRY_B 0 -8.320e+04 5.134e+02 3.426e+02
|    ( QUESTION0_8_R 1 -4.484e+04 2.869e+02 1.974e+02
|        ( - -2.883e+03 1 0)
|        ( QUESTION0_0_R 1 -4.167e+04 1.934e+02 1.844e+02
|            ( QUESTION2 -1 -3.985e+04 1.897e+02 1.764e+02
|                ( - -4.678e+03 2 0)
|                ( - -3.499e+04 6 0 QUESTION19 -1 1.604e+02 1.564e+02))
|            ( - -1.618e+03 1 0)))
|    ( WDBNDRY_E 0 -3.786e+04 2.740e+02 1.453e+02
|        ( QUESTION0_16_R 1 -2.440e+04 2.350e+02 9.038e+01
|            ( - -1.379e+03 2 0 QUESTION2_0_L -1 1.741e+02 5.000e+00)
|            ( QUESTION0_12_R 1 -2.279e+04 1.860e+02 8.538e+01
|                ( - -1.447e+04 7 0 QUESTION2_0_L -1 1.243e+02 5.318e+01)
|                ( - -8.137e+03 3 0 QUESTION2_0_L -1 2.152e+02 3.220e+01)))
|        ( - -1.318e+04 1 0)))
s>    ( WDBNDRY_B 0 -8.320e+04 5.134e+02 3.426e+02
s>        ( QUESTION0_8_R 1 -4.484e+04 2.869e+02 1.974e+02
s>            ( - -2.883e+03 1 0)
s>            ( QUESTION0_0_R 1 -4.167e+04 1.934e+02 1.844e+02
s>                ( QUESTION2 -1 -3.985e+04 1.897e+02 1.764e+02
s>                    ( - -4.678e+03 2 0)
s>                    ( - -3.499e+04 6 0 QUESTION19 -1 1.604e+02 1.564e+02))
s>                ( - -1.618e+03 1 0)))
s>        ( WDBNDRY_E 0 -3.786e+04 2.740e+02 1.453e+02
s>            ( QUESTION0_16_R 1 -2.440e+04 2.350e+02 9.038e+01
s>                ( - -1.379e+03 2 0 QUESTION2_0_L -1 1.741e+02 5.000e+00)
s>                ( QUESTION0_12_R 1 -2.279e+04 1.860e+02 8.538e+01
s>                    ( - -1.447e+04 7 0 QUESTION2_0_L -1 1.243e+02 5.318e+01)
s>                    ( - -8.137e+03 3 0 QUESTION2_0_L -1 2.152e+02 3.220e+01)))
s>            ( - -1.318e+04 1 0)))INFO: dtree.c(1439): stop. leaf nodes are specific
INFO: dtree.c(1478): Final simple tree
|( QUESTION0 1 -2.933e+04 1.630e+02 1.253e+02
|    ( QUESTION2_3_L -1 -2.857e+04 1.259e+02 1.223e+02
|        ( - -2.010e+04 1 0)
|        ( QUESTION2_0_L -1 -8.340e+03 1.019e+02 3.536e+01
|            ( - -4.060e+03 1 0)
|            ( - -4.179e+03 2 0)))
|    ( - -5.993e+02 1 0))
s>    ( QUESTION0 1 -2.933e+04 1.630e+02 1.253e+02
s>        ( QUESTION2_3_L -1 -2.857e+04 1.259e+02 1.223e+02
s>            ( - -2.010e+04 1 0)
s>            ( QUESTION2_0_L -1 -8.340e+03 1.019e+02 3.536e+01
s>                ( - -4.060e+03 1 0)
s>                ( - -4.179e+03 2 0)))
s>        ( - -5.993e+02 1 0))INFO: dtree.c(1315): Comp split 12
INFO: dtree.c(1478): Final simple tree
|( QUESTION0_8_R 1 -4.641e+04 2.844e+02 2.024e+02
|    ( - -2.883e+03 1 0)
|    ( WDBNDRY_B 0 -4.325e+04 2.026e+02 1.894e+02
|        ( QUESTION0_0_R 1 -4.167e+04 1.934e+02 1.844e+02
|            ( QUESTION2 -1 -3.985e+04 1.897e+02 1.764e+02
|                ( - -4.678e+03 2 0)
|                ( QUESTION19 -1 -3.499e+04 1.604e+02 1.564e+02
|                    ( - -3.267e+03 1 0)
|                    ( QUESTION5 -1 -3.156e+04 1.366e+02 1.422e+02
|                        ( - -1.775e+03 1 0)
|                        ( - -2.965e+04 4 0 SILENCE -1 1.221e+02 1.342e+02))))
|            ( - -1.618e+03 1 0))
|        ( QUESTION2_0_L -1 -1.379e+03 1.741e+02 5.000e+00
|            ( - -8.122e+02 1 0)
|            ( - -3.931e+02 1 0))))
s>    ( QUESTION0_8_R 1 -4.641e+04 2.844e+02 2.024e+02
s>        ( - -2.883e+03 1 0)
s>        ( WDBNDRY_B 0 -4.325e+04 2.026e+02 1.894e+02
s>            ( QUESTION0_0_R 1 -4.167e+04 1.934e+02 1.844e+02
s>                ( QUESTION2 -1 -3.985e+04 1.897e+02 1.764e+02
s>                    ( - -4.678e+03 2 0)
s>                    ( QUESTION19 -1 -3.499e+04 1.604e+02 1.564e+02
s>                        ( - -3.267e+03 1 0)
s>                        ( QUESTION5 -1 -3.156e+04 1.366e+02 1.422e+02
s>                            ( - -1.775e+03 1 0)
s>                            ( - -2.965e+04 4 0 SILENCE -1 1.221e+02 1.342e+02))))
s>                ( - -1.618e+03 1 0))
s>            ( QUESTION2_0_L -1 -1.379e+03 1.741e+02 5.000e+00
s>                ( - -8.122e+02 1 0)
s>                ( - -3.931e+02 1 0))))INFO: dtree.c(1478): Final simple tree
|( WDBNDRY_E 0 -3.626e+04 2.939e+02 1.403e+02
|    ( QUESTION0_12_R 1 -2.279e+04 1.860e+02 8.538e+01
|        ( QUESTION2_0_L -1 -1.447e+04 1.243e+02 5.318e+01
|            ( QUESTION0_14_R 1 -4.595e+03 1.433e+02 1.817e+01
|                ( - -6.344e+02 1 0)
|                ( - -3.818e+03 1 0))
|            ( QUESTION0_14_R 1 -9.746e+03 9.370e+01 3.501e+01
|                ( QUESTION0_15_R 1 -4.223e+03 4.539e+02 1.500e+01
|                    ( - -3.600e+03 2 0)
|                    ( - -1.690e+02 1 0))
|                ( - -5.429e+03 2 0)))
|        ( QUESTION2_0_L -1 -8.137e+03 2.152e+02 3.220e+01
|            ( - -2.155e+03 1 0)
|            ( - -5.766e+03 2 0)))
|    ( - -1.318e+04 1 0))
s>    ( WDBNDRY_E 0 -3.626e+04 2.939e+02 1.403e+02
s>        ( QUESTION0_12_R 1 -2.279e+04 1.860e+02 8.538e+01
s>            ( QUESTION2_0_L -1 -1.447e+04 1.243e+02 5.318e+01
s>                ( QUESTION0_14_R 1 -4.595e+03 1.433e+02 1.817e+01
s>                    ( - -6.344e+02 1 0)
s>                    ( - -3.818e+03 1 0))
s>                ( QUESTION0_14_R 1 -9.746e+03 9.370e+01 3.501e+01
s>                    ( QUESTION0_15_R 1 -4.223e+03 4.539e+02 1.500e+01
s>                        ( - -3.600e+03 2 0)
s>                        ( - -1.690e+02 1 0))
s>                    ( - -5.429e+03 2 0)))
s>            ( QUESTION2_0_L -1 -8.137e+03 2.152e+02 3.220e+01
s>                ( - -2.155e+03 1 0)
s>                ( - -5.766e+03 2 0)))
s>        ( - -1.318e+04 1 0))INFO: dtree.c(1315): Comp split 13
INFO: dtree.c(1439): stop. leaf nodes are specific
INFO: dtree.c(1478): Final simple tree
|( WDBNDRY_E 0 -3.562e+04 2.893e+02 1.393e+02
|    ( QUESTION0_12_R 1 -2.216e+04 1.896e+02 8.438e+01
|        ( QUESTION2_0_L -1 -1.383e+04 1.221e+02 5.218e+01
|            ( QUESTION0_14_R 1 -4.595e+03 1.433e+02 1.817e+01
|                ( - -6.344e+02 1 0)
|                ( - -3.818e+03 1 0))
|            ( QUESTION0_14_R 1 -9.113e+03 8.374e+01 3.401e+01
|                ( - -3.600e+03 2 0)
|                ( - -5.429e+03 2 0)))
|        ( QUESTION2_0_L -1 -8.137e+03 2.152e+02 3.220e+01
|            ( - -2.155e+03 1 0)
|            ( - -5.766e+03 2 0)))
|    ( - -1.318e+04 1 0))
s>    ( WDBNDRY_E 0 -3.562e+04 2.893e+02 1.393e+02
s>        ( QUESTION0_12_R 1 -2.216e+04 1.896e+02 8.438e+01
s>            ( QUESTION2_0_L -1 -1.383e+04 1.221e+02 5.218e+01
s>                ( QUESTION0_14_R 1 -4.595e+03 1.433e+02 1.817e+01
s>                    ( - -6.344e+02 1 0)
s>                    ( - -3.818e+03 1 0))
s>                ( QUESTION0_14_R 1 -9.113e+03 8.374e+01 3.401e+01
s>                    ( - -3.600e+03 2 0)
s>                    ( - -5.429e+03 2 0)))
s>            ( QUESTION2_0_L -1 -8.137e+03 2.152e+02 3.220e+01
s>                ( - -2.155e+03 1 0)
s>                ( - -5.766e+03 2 0)))
s>        ( - -1.318e+04 1 0))INFO: dtree.c(1315): Comp split 14
INFO: dtree.c(1439): stop. leaf nodes are specific
INFO: dtree.c(1478): Final simple tree
|( QUESTION2_3_L -1 -2.326e+04 1.971e+02 8.206e+01
|    ( QUESTION15 1 -1.267e+04 1.390e+02 4.677e+01
|        ( - -6.620e+03 1 0)
|        ( QUESTION0_4_R 1 -5.910e+03 1.011e+02 2.101e+01
|            ( - -4.435e+03 1 0)
|            ( - -1.374e+03 1 0)))
|    ( QUESTION0_4_R 1 -1.039e+04 1.590e+02 3.529e+01
|        ( - -7.850e+03 1 0)
|        ( - -2.386e+03 1 0)))
s>    ( QUESTION2_3_L -1 -2.326e+04 1.971e+02 8.206e+01
s>        ( QUESTION15 1 -1.267e+04 1.390e+02 4.677e+01
s>            ( - -6.620e+03 1 0)
s>            ( QUESTION0_4_R 1 -5.910e+03 1.011e+02 2.101e+01
s>                ( - -4.435e+03 1 0)
s>                ( - -1.374e+03 1 0)))
s>        ( QUESTION0_4_R 1 -1.039e+04 1.590e+02 3.529e+01
s>            ( - -7.850e+03 1 0)
s>            ( - -2.386e+03 1 0)))INFO: dtree.c(1478): Final simple tree
|( WDBNDRY_E 0 -6.062e+04 2.895e+02 2.265e+02
|    ( QUESTION0_3_R 1 -3.511e+04 2.150e+02 1.185e+02
|        ( QUESTION2_0_L -1 -1.490e+04 4.462e+02 5.000e+01
|            ( - 1.410e+02 1 0)
|            ( QUESTION15 1 -1.459e+04 1.875e+02 4.900e+01
|                ( - -3.403e+03 2 0)
|                ( - -1.100e+04 7 0 QUESTION0_4_R 1 1.489e+02 3.499e+01)))
|        ( QUESTION0_1_R 1 -2.000e+04 1.727e+02 6.852e+01
|            ( QUESTION2_0_L -1 -2.298e+03 4.422e+02 7.001e+00
|                ( - -1.938e+03 1 0)
|                ( - 8.195e+01 1 0))
|            ( - -1.753e+04 5 0 QUESTION2_0_L -1 1.768e+02 6.152e+01)))
|    ( QUESTION2_0_L -1 -2.521e+04 1.909e+02 1.080e+02
|        ( - -2.700e+03 1 0)
|        ( - -2.232e+04 1 0)))
s>    ( WDBNDRY_E 0 -6.062e+04 2.895e+02 2.265e+02
s>        ( QUESTION0_3_R 1 -3.511e+04 2.150e+02 1.185e+02
s>            ( QUESTION2_0_L -1 -1.490e+04 4.462e+02 5.000e+01
s>                ( - 1.410e+02 1 0)
s>                ( QUESTION15 1 -1.459e+04 1.875e+02 4.900e+01
s>                    ( - -3.403e+03 2 0)
s>                    ( - -1.100e+04 7 0 QUESTION0_4_R 1 1.489e+02 3.499e+01)))
s>            ( QUESTION0_1_R 1 -2.000e+04 1.727e+02 6.852e+01
s>                ( QUESTION2_0_L -1 -2.298e+03 4.422e+02 7.001e+00
s>                    ( - -1.938e+03 1 0)
s>                    ( - 8.195e+01 1 0))
s>                ( - -1.753e+04 5 0 QUESTION2_0_L -1 1.768e+02 6.152e+01)))
s>        ( QUESTION2_0_L -1 -2.521e+04 1.909e+02 1.080e+02
s>            ( - -2.700e+03 1 0)
s>            ( - -2.232e+04 1 0)))INFO: dtree.c(1315): Comp split 15
INFO: dtree.c(1439): stop. leaf nodes are specific
INFO: dtree.c(1478): Final simple tree
|( QUESTION2_3_L -1 -3.561e+04 3.291e+02 1.664e+02
|    ( - -2.802e+04 1 0)
|    ( QUESTION2_0_L -1 -7.260e+03 8.880e+01 3.329e+01
|        ( - -1.443e+03 1 0)
|        ( - -5.728e+03 2 0)))
s>    ( QUESTION2_3_L -1 -3.561e+04 3.291e+02 1.664e+02
s>        ( - -2.802e+04 1 0)
s>        ( QUESTION2_0_L -1 -7.260e+03 8.880e+01 3.329e+01
s>            ( - -1.443e+03 1 0)
s>            ( - -5.728e+03 2 0)))INFO: dtree.c(1315): Comp split 16
INFO: dtree.c(1478): Final simple tree
|( QUESTION0_0_R 1 -9.243e+04 3.981e+02 4.121e+02
|    ( QUESTION2_3_L -1 -6.746e+04 2.980e+02 3.006e+02
|        ( QUESTION0_2_R 1 -9.671e+03 1.503e+02 4.510e+01
|            ( - -3.824e+02 1 0)
|            ( - -9.138e+03 2 0))
|        ( WDBNDRY_B 0 -5.749e+04 2.392e+02 2.555e+02
|            ( - -4.737e+04 6 0 QUESTION2_0_L -1 1.438e+02 2.155e+02)
|            ( QUESTION0_2_R 1 -9.888e+03 1.659e+02 4.003e+01
|                ( - -1.026e+03 2 0)
|                ( - -8.696e+03 4 0))))
|    ( QUESTION2_18_L -1 -2.457e+04 2.281e+02 1.115e+02
|        ( - -5.196e+02 1 0)
|        ( QUESTION2_3_L -1 -2.382e+04 1.711e+02 1.085e+02
|            ( - -2.234e+03 1 0)
|            ( - -2.141e+04 4 0 QUESTION2_0_L -1 1.052e+02 9.753e+01))))
s>    ( QUESTION0_0_R 1 -9.243e+04 3.981e+02 4.121e+02
s>        ( QUESTION2_3_L -1 -6.746e+04 2.980e+02 3.006e+02
s>            ( QUESTION0_2_R 1 -9.671e+03 1.503e+02 4.510e+01
s>                ( - -3.824e+02 1 0)
s>                ( - -9.138e+03 2 0))
s>            ( WDBNDRY_B 0 -5.749e+04 2.392e+02 2.555e+02
s>                ( - -4.737e+04 6 0 QUESTION2_0_L -1 1.438e+02 2.155e+02)
s>                ( QUESTION0_2_R 1 -9.888e+03 1.659e+02 4.003e+01
s>                    ( - -1.026e+03 2 0)
s>                    ( - -8.696e+03 4 0))))
s>        ( QUESTION2_18_L -1 -2.457e+04 2.281e+02 1.115e+02
s>            ( - -5.196e+02 1 0)
s>            ( QUESTION2_3_L -1 -2.382e+04 1.711e+02 1.085e+02
s>                ( - -2.234e+03 1 0)
s>                ( - -2.141e+04 4 0 QUESTION2_0_L -1 1.052e+02 9.753e+01))))INFO: dtree.c(1315): Comp split 17
INFO: dtree.c(1478): Final simple tree
|( WDBNDRY_E 0 -6.025e+04 2.861e+02 2.255e+02
|    ( QUESTION0_3_R 1 -3.475e+04 2.181e+02 1.175e+02
|        ( QUESTION2_0_L -1 -1.490e+04 4.462e+02 5.000e+01
|            ( - 1.410e+02 1 0)
|            ( QUESTION15 1 -1.459e+04 1.875e+02 4.900e+01
|                ( - -3.403e+03 2 0)
|                ( - -1.100e+04 7 0 QUESTION0_4_R 1 1.489e+02 3.499e+01)))
|        ( QUESTION2_0_L -1 -1.964e+04 1.724e+02 6.752e+01
|            ( QUESTION0_1_R 1 -2.415e+03 1.696e+02 8.001e+00
|                ( - -1.938e+03 1 0)
|                ( - -3.079e+02 1 0))
|            ( - -1.705e+04 4 0)))
|    ( QUESTION2_0_L -1 -2.521e+04 1.909e+02 1.080e+02
|        ( - -2.700e+03 1 0)
|        ( - -2.232e+04 1 0)))
s>    ( WDBNDRY_E 0 -6.025e+04 2.861e+02 2.255e+02
s>        ( QUESTION0_3_R 1 -3.475e+04 2.181e+02 1.175e+02
s>            ( QUESTION2_0_L -1 -1.490e+04 4.462e+02 5.000e+01
s>                ( - 1.410e+02 1 0)
s>                ( QUESTION15 1 -1.459e+04 1.875e+02 4.900e+01
s>                    ( - -3.403e+03 2 0)
s>                    ( - -1.100e+04 7 0 QUESTION0_4_R 1 1.489e+02 3.499e+01)))
s>            ( QUESTION2_0_L -1 -1.964e+04 1.724e+02 6.752e+01
s>                ( QUESTION0_1_R 1 -2.415e+03 1.696e+02 8.001e+00
s>                    ( - -1.938e+03 1 0)
s>                    ( - -3.079e+02 1 0))
s>                ( - -1.705e+04 4 0)))
s>        ( QUESTION2_0_L -1 -2.521e+04 1.909e+02 1.080e+02
s>            ( - -2.700e+03 1 0)
s>            ( - -2.232e+04 1 0)))INFO: dtree.c(1315): Comp split 18
INFO: dtree.c(1315): Comp split 19
INFO: dtree.c(1439): stop. leaf nodes are specific
INFO: dtree.c(1478): Final simple tree
|( QUESTION0_1_R 1 -1.796e+04 1.847e+02 7.615e+01
|    ( - -1.253e+03 1 0)
|    ( - -1.652e+04 2 0))
s>    ( QUESTION0_1_R 1 -1.796e+04 1.847e+02 7.615e+01
s>        ( - -1.253e+03 1 0)
s>        ( - -1.652e+04 2 0))INFO: dtree.c(1315): Comp split 20
INFO: dtree.c(1478): Final simple tree
|( WDBNDRY_E 0 -5.995e+04 2.852e+02 2.245e+02
|    ( QUESTION0_3_R 1 -3.445e+04 2.208e+02 1.165e+02
|        ( QUESTION15 1 -1.459e+04 1.875e+02 4.900e+01
|            ( - -3.403e+03 2 0)
|            ( QUESTION0_4_R 1 -1.100e+04 1.489e+02 3.499e+01
|                ( - -1.010e+04 5 0 QUESTION13 1 1.070e+02 3.299e+01)
|                ( - -7.550e+02 2 0)))
|        ( QUESTION2_0_L -1 -1.964e+04 1.724e+02 6.752e+01
|            ( QUESTION0_1_R 1 -2.415e+03 1.696e+02 8.001e+00
|                ( - -1.938e+03 1 0)
|                ( - -3.079e+02 1 0))
|            ( - -1.705e+04 4 0)))
|    ( QUESTION2_0_L -1 -2.521e+04 1.909e+02 1.080e+02
|        ( - -2.700e+03 1 0)
|        ( - -2.232e+04 1 0)))
s>    ( WDBNDRY_E 0 -5.995e+04 2.852e+02 2.245e+02
s>        ( QUESTION0_3_R 1 -3.445e+04 2.208e+02 1.165e+02
s>            ( QUESTION15 1 -1.459e+04 1.875e+02 4.900e+01
s>                ( - -3.403e+03 2 0)
s>                ( QUESTION0_4_R 1 -1.100e+04 1.489e+02 3.499e+01
s>                    ( - -1.010e+04 5 0 QUESTION13 1 1.070e+02 3.299e+01)
s>                    ( - -7.550e+02 2 0)))
s>            ( QUESTION2_0_L -1 -1.964e+04 1.724e+02 6.752e+01
s>                ( QUESTION0_1_R 1 -2.415e+03 1.696e+02 8.001e+00
s>                    ( - -1.938e+03 1 0)
s>                    ( - -3.079e+02 1 0))
s>                ( - -1.705e+04 4 0)))
s>        ( QUESTION2_0_L -1 -2.521e+04 1.909e+02 1.080e+02
s>            ( - -2.700e+03 1 0)
s>            ( - -2.232e+04 1 0)))INFO: dtree.c(1315): Comp split 21
INFO: dtree.c(1439): stop. leaf nodes are specific
INFO: dtree.c(1478): Final simple tree
|( WDBNDRY_B 0 -2.503e+04 1.885e+02 1.135e+02
|    ( QUESTION2_3_L -1 -2.382e+04 1.711e+02 1.085e+02
|        ( - -2.234e+03 1 0)
|        ( QUESTION2_0_L -1 -2.141e+04 1.052e+02 9.753e+01
|            ( - -6.677e+02 1 0)
|            ( - -2.064e+04 3 0)))
|    ( - -1.026e+03 2 0))
s>    ( WDBNDRY_B 0 -2.503e+04 1.885e+02 1.135e+02
s>        ( QUESTION2_3_L -1 -2.382e+04 1.711e+02 1.085e+02
s>            ( - -2.234e+03 1 0)
s>            ( QUESTION2_0_L -1 -2.141e+04 1.052e+02 9.753e+01
s>                ( - -6.677e+02 1 0)
s>                ( - -2.064e+04 3 0)))
s>        ( - -1.026e+03 2 0))INFO: dtree.c(1439): stop. leaf nodes are specific
INFO: dtree.c(1478): Final simple tree
|( QUESTION2_3_L -1 -6.695e+04 3.050e+02 2.986e+02
|    ( QUESTION0_2_R 1 -9.671e+03 1.503e+02 4.510e+01
|        ( - -3.824e+02 1 0)
|        ( - -9.138e+03 2 0))
|    ( QUESTION0_7_R 1 -5.698e+04 2.248e+02 2.535e+02
|        ( QUESTION2_0_L -1 -4.737e+04 1.438e+02 2.155e+02
|            ( - -6.555e+02 1 0)
|            ( - -4.657e+04 5 0))
|        ( WDBNDRY_B 0 -9.386e+03 1.703e+02 3.803e+01
|            ( - -5.196e+02 1 0)
|            ( - -8.696e+03 4 0))))
s>    ( QUESTION2_3_L -1 -6.695e+04 3.050e+02 2.986e+02
s>        ( QUESTION0_2_R 1 -9.671e+03 1.503e+02 4.510e+01
s>            ( - -3.824e+02 1 0)
s>            ( - -9.138e+03 2 0))
s>        ( QUESTION0_7_R 1 -5.698e+04 2.248e+02 2.535e+02
s>            ( QUESTION2_0_L -1 -4.737e+04 1.438e+02 2.155e+02
s>                ( - -6.555e+02 1 0)
s>                ( - -4.657e+04 5 0))
s>            ( WDBNDRY_B 0 -9.386e+03 1.703e+02 3.803e+01
s>                ( - -5.196e+02 1 0)
s>                ( - -8.696e+03 4 0))))INFO: dtree.c(1315): Comp split 22
INFO: dtree.c(1439): stop. leaf nodes are specific
INFO: dtree.c(1478): Final simple tree
|( SILENCE -1 -2.554e+04 2.442e+02 1.084e+02
|    ( - -5.637e+03 2 0)
|    ( WDBNDRY_B 0 -1.966e+04 2.004e+02 8.331e+01
|        ( QUESTION1 -1 -1.627e+04 1.574e+02 7.031e+01
|            ( - -2.073e+03 2 0)
|            ( - -1.404e+04 3 0))
|        ( - -3.192e+03 1 0)))
s>    ( SILENCE -1 -2.554e+04 2.442e+02 1.084e+02
s>        ( - -5.637e+03 2 0)
s>        ( WDBNDRY_B 0 -1.966e+04 2.004e+02 8.331e+01
s>            ( QUESTION1 -1 -1.627e+04 1.574e+02 7.031e+01
s>                ( - -2.073e+03 2 0)
s>                ( - -1.404e+04 3 0))
s>            ( - -3.192e+03 1 0)))INFO: dtree.c(1439): stop. leaf nodes are specific
INFO: dtree.c(1478): Final simple tree
|( WDBNDRY_B 0 -2.058e+04 2.081e+02 8.603e+01
|    ( - -9.133e+02 1 0)
|    ( - -1.946e+04 1 0))
s>    ( WDBNDRY_B 0 -2.058e+04 2.081e+02 8.603e+01
s>        ( - -9.133e+02 1 0)
s>        ( - -1.946e+04 1 0))INFO: dtree.c(1315): Comp split 23
INFO: dtree.c(1315): Comp split 24
INFO: dtree.c(1439): stop. leaf nodes are specific
INFO: dtree.c(1478): Final simple tree
|( QUESTION2_0_L -1 -7.260e+03 8.880e+01 3.329e+01
|    ( - -1.443e+03 1 0)
|    ( - -5.728e+03 2 0))
s>    ( QUESTION2_0_L -1 -7.260e+03 8.880e+01 3.329e+01
s>        ( - -1.443e+03 1 0)
s>        ( - -5.728e+03 2 0))INFO: dtree.c(1315): Comp split 25
INFO: dtree.c(1439): stop. leaf nodes are specific
INFO: dtree.c(1478): Final simple tree
|( QUESTION0_7_R 1 -5.749e+04 2.271e+02 2.555e+02
|    ( QUESTION2_0_L -1 -4.737e+04 1.438e+02 2.155e+02
|        ( - -6.555e+02 1 0)
|        ( - -4.657e+04 5 0))
|    ( WDBNDRY_B 0 -9.900e+03 1.678e+02 4.003e+01
|        ( - -5.196e+02 1 0)
|        ( QUESTION0_2_R 1 -9.213e+03 1.345e+02 3.703e+01
|            ( - -3.824e+02 1 0)
|            ( - -8.696e+03 4 0))))
s>    ( QUESTION0_7_R 1 -5.749e+04 2.271e+02 2.555e+02
s>        ( QUESTION2_0_L -1 -4.737e+04 1.438e+02 2.155e+02
s>            ( - -6.555e+02 1 0)
s>            ( - -4.657e+04 5 0))
s>        ( WDBNDRY_B 0 -9.900e+03 1.678e+02 4.003e+01
s>            ( - -5.196e+02 1 0)
s>            ( QUESTION0_2_R 1 -9.213e+03 1.345e+02 3.703e+01
s>                ( - -3.824e+02 1 0)
s>                ( - -8.696e+03 4 0))))INFO: dtree.c(1315): Comp split 26
INFO: dtree.c(1439): stop. leaf nodes are specific
INFO: dtree.c(1478): Final simple tree
|( QUESTION2_0_L -1 -2.731e+04 2.241e+02 1.140e+02
|    ( WDBNDRY_E 0 -4.762e+03 1.243e+02 1.700e+01
|        ( - -1.938e+03 1 0)
|        ( - -2.700e+03 1 0))
|    ( - -2.232e+04 1 0))
s>    ( QUESTION2_0_L -1 -2.731e+04 2.241e+02 1.140e+02
s>        ( WDBNDRY_E 0 -4.762e+03 1.243e+02 1.700e+01
s>            ( - -1.938e+03 1 0)
s>            ( - -2.700e+03 1 0))
s>        ( - -2.232e+04 1 0))INFO: dtree.c(1439): stop. leaf nodes are specific
INFO: dtree.c(1478): Final simple tree
|( QUESTION0_1_R 1 -3.233e+04 2.072e+02 1.105e+02
|    ( QUESTION15 1 -1.459e+04 1.875e+02 4.900e+01
|        ( - -3.403e+03 2 0)
|        ( QUESTION0_4_R 1 -1.100e+04 1.489e+02 3.499e+01
|            ( QUESTION13 1 -1.010e+04 1.070e+02 3.299e+01
|                ( - -2.864e+03 2 0)
|                ( QUESTION0_5_R 1 -7.125e+03 1.191e+02 2.299e+01
|                    ( - -2.667e+03 1 0)
|                    ( - -4.339e+03 2 0)))
|            ( - -7.550e+02 2 0)))
|    ( QUESTION2_0_L -1 -1.753e+04 1.768e+02 6.152e+01
|        ( - -3.079e+02 1 0)
|        ( - -1.705e+04 4 0)))
s>    ( QUESTION0_1_R 1 -3.233e+04 2.072e+02 1.105e+02
s>        ( QUESTION15 1 -1.459e+04 1.875e+02 4.900e+01
s>            ( - -3.403e+03 2 0)
s>            ( QUESTION0_4_R 1 -1.100e+04 1.489e+02 3.499e+01
s>                ( QUESTION13 1 -1.010e+04 1.070e+02 3.299e+01
s>                    ( - -2.864e+03 2 0)
s>                    ( QUESTION0_5_R 1 -7.125e+03 1.191e+02 2.299e+01
s>                        ( - -2.667e+03 1 0)
s>                        ( - -4.339e+03 2 0)))
s>                ( - -7.550e+02 2 0)))
s>        ( QUESTION2_0_L -1 -1.753e+04 1.768e+02 6.152e+01
s>            ( - -3.079e+02 1 0)
s>            ( - -1.705e+04 4 0)))INFO: dtree.c(1315): Comp split 27
INFO: dtree.c(1439): stop. leaf nodes are specific
INFO: dtree.c(1478): Final simple tree
|( QUESTION0_12_R 1 -1.978e+04 1.869e+02 7.538e+01
|    ( QUESTION2_0_L -1 -1.383e+04 1.221e+02 5.218e+01
|        ( QUESTION0_14_R 1 -4.595e+03 1.433e+02 1.817e+01
|            ( - -6.344e+02 1 0)
|            ( - -3.818e+03 1 0))
|        ( QUESTION0_14_R 1 -9.113e+03 8.374e+01 3.401e+01
|            ( - -3.600e+03 2 0)
|            ( - -5.429e+03 2 0)))
|    ( - -5.766e+03 2 0))
s>    ( QUESTION0_12_R 1 -1.978e+04 1.869e+02 7.538e+01
s>        ( QUESTION2_0_L -1 -1.383e+04 1.221e+02 5.218e+01
s>            ( QUESTION0_14_R 1 -4.595e+03 1.433e+02 1.817e+01
s>                ( - -6.344e+02 1 0)
s>                ( - -3.818e+03 1 0))
s>            ( QUESTION0_14_R 1 -9.113e+03 8.374e+01 3.401e+01
s>                ( - -3.600e+03 2 0)
s>                ( - -5.429e+03 2 0)))
s>        ( - -5.766e+03 2 0))INFO: dtree.c(1439): stop. leaf nodes are specific
INFO: dtree.c(1478): Final simple tree
|( WDBNDRY_E 0 -1.554e+04 2.071e+02 6.388e+01
|    ( - -2.155e+03 1 0)
|    ( - -1.318e+04 1 0))
s>    ( WDBNDRY_E 0 -1.554e+04 2.071e+02 6.388e+01
s>        ( - -2.155e+03 1 0)
s>        ( - -1.318e+04 1 0))INFO: dtree.c(1315): Comp split 28
INFO: dtree.c(1478): Final simple tree
|( WDBNDRY_B 0 -4.325e+04 2.026e+02 1.894e+02
|    ( QUESTION0_0_R 1 -4.167e+04 1.934e+02 1.844e+02
|        ( QUESTION2 -1 -3.985e+04 1.897e+02 1.764e+02
|            ( - -4.678e+03 2 0)
|            ( QUESTION19 -1 -3.499e+04 1.604e+02 1.564e+02
|                ( - -3.267e+03 1 0)
|                ( QUESTION5 -1 -3.156e+04 1.366e+02 1.422e+02
|                    ( - -1.775e+03 1 0)
|                    ( SILENCE -1 -2.965e+04 1.221e+02 1.342e+02
|                        ( - -9.951e+02 1 0)
|                        ( - -2.853e+04 3 0 QUESTION2_0_L -1 8.534e+01 1.292e+02)))))
|        ( - -1.618e+03 1 0))
|    ( QUESTION2_0_L -1 -1.379e+03 1.741e+02 5.000e+00
|        ( - -8.122e+02 1 0)
|        ( - -3.931e+02 1 0)))
s>    ( WDBNDRY_B 0 -4.325e+04 2.026e+02 1.894e+02
s>        ( QUESTION0_0_R 1 -4.167e+04 1.934e+02 1.844e+02
s>            ( QUESTION2 -1 -3.985e+04 1.897e+02 1.764e+02
s>                ( - -4.678e+03 2 0)
s>                ( QUESTION19 -1 -3.499e+04 1.604e+02 1.564e+02
s>                    ( - -3.267e+03 1 0)
s>                    ( QUESTION5 -1 -3.156e+04 1.366e+02 1.422e+02
s>                        ( - -1.775e+03 1 0)
s>                        ( SILENCE -1 -2.965e+04 1.221e+02 1.342e+02
s>                            ( - -9.951e+02 1 0)
s>                            ( - -2.853e+04 3 0 QUESTION2_0_L -1 8.534e+01 1.292e+02)))))
s>            ( - -1.618e+03 1 0))
s>        ( QUESTION2_0_L -1 -1.379e+03 1.741e+02 5.000e+00
s>            ( - -8.122e+02 1 0)
s>            ( - -3.931e+02 1 0)))INFO: dtree.c(1315): Comp split 29
INFO: dtree.c(1439): stop. leaf nodes are specific
INFO: dtree.c(1478): Final simple tree
|( WDBNDRY_B 0 -1.966e+04 2.004e+02 8.331e+01
|    ( QUESTION1 -1 -1.627e+04 1.574e+02 7.031e+01
|        ( - -2.073e+03 2 0)
|        ( - -1.404e+04 3 0))
|    ( - -3.192e+03 1 0))
s>    ( WDBNDRY_B 0 -1.966e+04 2.004e+02 8.331e+01
s>        ( QUESTION1 -1 -1.627e+04 1.574e+02 7.031e+01
s>            ( - -2.073e+03 2 0)
s>            ( - -1.404e+04 3 0))
s>        ( - -3.192e+03 1 0))INFO: dtree.c(1315): Comp split 30
INFO: dtree.c(1478): Final simple tree
|( QUESTION0_9_R 1 -2.193e+04 1.750e+02 8.515e+01
|    ( QUESTION1 -1 -5.534e+03 1.238e+02 2.099e+01
|        ( - -2.757e+03 1 0)
|        ( QUESTION0 -1 -2.654e+03 1.242e+02 1.000e+01
|            ( - -1.490e+03 2 0)
|            ( - -1.039e+03 1 0)))
|    ( QUESTION2_19_L -1 -1.622e+04 1.742e+02 6.416e+01
|        ( - -6.218e+03 2 0 QUESTION0_0_R 1 1.178e+02 2.318e+01)
|        ( QUESTION10 -1 -9.829e+03 1.413e+02 4.098e+01
|            ( QUESTION0_0_R 1 -3.325e+03 1.217e+02 1.299e+01
|                ( - -1.747e+03 2 0)
|                ( - -1.457e+03 1 0))
|            ( QUESTION0 -1 -6.363e+03 1.281e+02 2.800e+01
|                ( - -3.327e+03 3 0 QUESTION1 -1 9.559e+01 1.497e+01)
|                ( - -2.908e+03 2 0 SILENCE -1 9.274e+01 1.303e+01)))))
s>    ( QUESTION0_9_R 1 -2.193e+04 1.750e+02 8.515e+01
s>        ( QUESTION1 -1 -5.534e+03 1.238e+02 2.099e+01
s>            ( - -2.757e+03 1 0)
s>            ( QUESTION0 -1 -2.654e+03 1.242e+02 1.000e+01
s>                ( - -1.490e+03 2 0)
s>                ( - -1.039e+03 1 0)))
s>        ( QUESTION2_19_L -1 -1.622e+04 1.742e+02 6.416e+01
s>            ( - -6.218e+03 2 0 QUESTION0_0_R 1 1.178e+02 2.318e+01)
s>            ( QUESTION10 -1 -9.829e+03 1.413e+02 4.098e+01
s>                ( QUESTION0_0_R 1 -3.325e+03 1.217e+02 1.299e+01
s>                    ( - -1.747e+03 2 0)
s>                    ( - -1.457e+03 1 0))
s>                ( QUESTION0 -1 -6.363e+03 1.281e+02 2.800e+01
s>                    ( - -3.327e+03 3 0 QUESTION1 -1 9.559e+01 1.497e+01)
s>                    ( - -2.908e+03 2 0 SILENCE -1 9.274e+01 1.303e+01)))))INFO: dtree.c(1315): Comp split 31
INFO: dtree.c(1315): Comp split 32
INFO: dtree.c(1439): stop. leaf nodes are specific
INFO: dtree.c(1478): Final simple tree
|( WDBNDRY_B 0 -9.900e+03 1.678e+02 4.003e+01
|    ( - -5.196e+02 1 0)
|    ( QUESTION0_2_R 1 -9.213e+03 1.345e+02 3.703e+01
|        ( - -3.824e+02 1 0)
|        ( - -8.696e+03 4 0)))
s>    ( WDBNDRY_B 0 -9.900e+03 1.678e+02 4.003e+01
s>        ( - -5.196e+02 1 0)
s>        ( QUESTION0_2_R 1 -9.213e+03 1.345e+02 3.703e+01
s>            ( - -3.824e+02 1 0)
s>            ( - -8.696e+03 4 0)))INFO: dtree.c(1439): stop. leaf nodes are specific
INFO: dtree.c(1478): Final simple tree
|( QUESTION2_0_L -1 -4.737e+04 1.438e+02 2.155e+02
|    ( - -6.555e+02 1 0)
|    ( - -4.657e+04 5 0))
s>    ( QUESTION2_0_L -1 -4.737e+04 1.438e+02 2.155e+02
s>        ( - -6.555e+02 1 0)
s>        ( - -4.657e+04 5 0))INFO: dtree.c(1315): Comp split 33
INFO: dtree.c(1439): stop. leaf nodes are specific
INFO: dtree.c(1478): Final simple tree
|( WDBNDRY_E 0 -4.762e+03 1.243e+02 1.700e+01
|    ( - -1.938e+03 1 0)
|    ( - -2.700e+03 1 0))
s>    ( WDBNDRY_E 0 -4.762e+03 1.243e+02 1.700e+01
s>        ( - -1.938e+03 1 0)
s>        ( - -2.700e+03 1 0))INFO: dtree.c(1315): Comp split 34
INFO: dtree.c(1315): Comp split 35
INFO: dtree.c(1439): stop. leaf nodes are specific
INFO: dtree.c(1478): Final simple tree
|( QUESTION15 1 -1.459e+04 1.875e+02 4.900e+01
|    ( - -3.403e+03 2 0)
|    ( QUESTION0_4_R 1 -1.100e+04 1.489e+02 3.499e+01
|        ( QUESTION13 1 -1.010e+04 1.070e+02 3.299e+01
|            ( - -2.864e+03 2 0)
|            ( QUESTION0_5_R 1 -7.125e+03 1.191e+02 2.299e+01
|                ( - -2.667e+03 1 0)
|                ( - -4.339e+03 2 0)))
|        ( - -7.550e+02 2 0)))
s>    ( QUESTION15 1 -1.459e+04 1.875e+02 4.900e+01
s>        ( - -3.403e+03 2 0)
s>        ( QUESTION0_4_R 1 -1.100e+04 1.489e+02 3.499e+01
s>            ( QUESTION13 1 -1.010e+04 1.070e+02 3.299e+01
s>                ( - -2.864e+03 2 0)
s>                ( QUESTION0_5_R 1 -7.125e+03 1.191e+02 2.299e+01
s>                    ( - -2.667e+03 1 0)
s>                    ( - -4.339e+03 2 0)))
s>            ( - -7.550e+02 2 0)))INFO: dtree.c(1439): stop. leaf nodes are specific
INFO: dtree.c(1478): Final simple tree
|( QUESTION2_0_L -1 -1.753e+04 1.768e+02 6.152e+01
|    ( - -3.079e+02 1 0)
|    ( - -1.705e+04 4 0))
s>    ( QUESTION2_0_L -1 -1.753e+04 1.768e+02 6.152e+01
s>        ( - -3.079e+02 1 0)
s>        ( - -1.705e+04 4 0))INFO: dtree.c(1315): Comp split 36
INFO: dtree.c(1439): stop. leaf nodes are specific
INFO: dtree.c(1478): Final simple tree
|( QUESTION2_0_L -1 -2.141e+04 1.052e+02 9.753e+01
|    ( - -6.677e+02 1 0)
|    ( - -2.064e+04 3 0))
s>    ( QUESTION2_0_L -1 -2.141e+04 1.052e+02 9.753e+01
s>        ( - -6.677e+02 1 0)
s>        ( - -2.064e+04 3 0))INFO: dtree.c(1439): stop. leaf nodes are specific
INFO: dtree.c(1478): Final simple tree
|( WDBNDRY_B 0 -3.413e+03 1.525e+02 1.600e+01
|    ( - -2.234e+03 1 0)
|    ( - -1.026e+03 2 0))
s>    ( WDBNDRY_B 0 -3.413e+03 1.525e+02 1.600e+01
s>        ( - -2.234e+03 1 0)
s>        ( - -1.026e+03 2 0))INFO: dtree.c(1315): Comp split 37
INFO: dtree.c(1315): Comp split 38
INFO: dtree.c(1439): stop. leaf nodes are specific
INFO: dtree.c(1478): Final simple tree
|( QUESTION10 -1 -7.956e+03 1.365e+02 3.498e+01
|    ( - -1.457e+03 1 0)
|    ( QUESTION0 -1 -6.363e+03 1.281e+02 2.800e+01
|        ( QUESTION1 -1 -3.327e+03 9.559e+01 1.497e+01
|            ( - -1.168e+03 1 0)
|            ( - -2.064e+03 2 0))
|        ( SILENCE -1 -2.908e+03 9.274e+01 1.303e+01
|            ( - -1.480e+03 1 0)
|            ( - -1.336e+03 1 0))))
s>    ( QUESTION10 -1 -7.956e+03 1.365e+02 3.498e+01
s>        ( - -1.457e+03 1 0)
s>        ( QUESTION0 -1 -6.363e+03 1.281e+02 2.800e+01
s>            ( QUESTION1 -1 -3.327e+03 9.559e+01 1.497e+01
s>                ( - -1.168e+03 1 0)
s>                ( - -2.064e+03 2 0))
s>            ( SILENCE -1 -2.908e+03 9.274e+01 1.303e+01
s>                ( - -1.480e+03 1 0)
s>                ( - -1.336e+03 1 0))))INFO: dtree.c(1439): stop. leaf nodes are specific
INFO: dtree.c(1478): Final simple tree
|( QUESTION0_9_R 1 -1.377e+04 1.643e+02 5.017e+01
|    ( QUESTION1 -1 -5.534e+03 1.238e+02 2.099e+01
|        ( - -2.757e+03 1 0)
|        ( QUESTION0 -1 -2.654e+03 1.242e+02 1.000e+01
|            ( - -1.490e+03 2 0)
|            ( - -1.039e+03 1 0)))
|    ( QUESTION6 -1 -8.073e+03 1.183e+02 2.918e+01
|        ( - -2.916e+03 1 0)
|        ( QUESTION0_0_R 1 -5.039e+03 1.072e+02 1.718e+01
|            ( - -1.747e+03 2 0)
|            ( - -3.185e+03 1 0))))
s>    ( QUESTION0_9_R 1 -1.377e+04 1.643e+02 5.017e+01
s>        ( QUESTION1 -1 -5.534e+03 1.238e+02 2.099e+01
s>            ( - -2.757e+03 1 0)
s>            ( QUESTION0 -1 -2.654e+03 1.242e+02 1.000e+01
s>                ( - -1.490e+03 2 0)
s>                ( - -1.039e+03 1 0)))
s>        ( QUESTION6 -1 -8.073e+03 1.183e+02 2.918e+01
s>            ( - -2.916e+03 1 0)
s>            ( QUESTION0_0_R 1 -5.039e+03 1.072e+02 1.718e+01
s>                ( - -1.747e+03 2 0)
s>                ( - -3.185e+03 1 0))))INFO: dtree.c(1315): Comp split 39
INFO: dtree.c(1439): stop. leaf nodes are specific
INFO: dtree.c(1478): Final simple tree
|( WDBNDRY_B 0 -3.256e+04 1.863e+02 1.452e+02
|    ( QUESTION5 -1 -3.156e+04 1.366e+02 1.422e+02
|        ( - -1.775e+03 1 0)
|        ( SILENCE -1 -2.965e+04 1.221e+02 1.342e+02
|            ( - -9.951e+02 1 0)
|            ( QUESTION2_0_L -1 -2.853e+04 8.534e+01 1.292e+02
|                ( QUESTION0 -1 -2.654e+04 6.460e+01 1.202e+02
|                    ( - -2.397e+04 1 0)
|                    ( - -2.500e+03 1 0))
|                ( - -1.908e+03 1 0))))
|    ( - -8.122e+02 1 0))
s>    ( WDBNDRY_B 0 -3.256e+04 1.863e+02 1.452e+02
s>        ( QUESTION5 -1 -3.156e+04 1.366e+02 1.422e+02
s>            ( - -1.775e+03 1 0)
s>            ( SILENCE -1 -2.965e+04 1.221e+02 1.342e+02
s>                ( - -9.951e+02 1 0)
s>                ( QUESTION2_0_L -1 -2.853e+04 8.534e+01 1.292e+02
s>                    ( QUESTION0 -1 -2.654e+04 6.460e+01 1.202e+02
s>                        ( - -2.397e+04 1 0)
s>                        ( - -2.500e+03 1 0))
s>                    ( - -1.908e+03 1 0))))
s>        ( - -8.122e+02 1 0))INFO: dtree.c(1439): stop. leaf nodes are specific
INFO: dtree.c(1478): Final simple tree
|( WDBNDRY_B 0 -1.049e+04 1.881e+02 4.417e+01
|    ( QUESTION0 -1 -9.905e+03 1.827e+02 4.217e+01
|        ( - -4.678e+03 2 0)
|        ( QUESTION0_0_R 1 -5.045e+03 1.601e+02 2.219e+01
|            ( - -3.267e+03 1 0)
|            ( - -1.618e+03 1 0)))
|    ( - -3.931e+02 1 0))
s>    ( WDBNDRY_B 0 -1.049e+04 1.881e+02 4.417e+01
s>        ( QUESTION0 -1 -9.905e+03 1.827e+02 4.217e+01
s>            ( - -4.678e+03 2 0)
s>            ( QUESTION0_0_R 1 -5.045e+03 1.601e+02 2.219e+01
s>                ( - -3.267e+03 1 0)
s>                ( - -1.618e+03 1 0)))
s>        ( - -3.931e+02 1 0))INFO: dtree.c(1315): Comp split 40
INFO: dtree.c(1439): stop. leaf nodes are specific
INFO: dtree.c(1478): Final simple tree
|( QUESTION1 -1 -1.627e+04 1.574e+02 7.031e+01
|    ( - -2.073e+03 2 0)
|    ( - -1.404e+04 3 0))
s>    ( QUESTION1 -1 -1.627e+04 1.574e+02 7.031e+01
s>        ( - -2.073e+03 2 0)
s>        ( - -1.404e+04 3 0))INFO: dtree.c(1315): Comp split 41
INFO: dtree.c(1439): stop. leaf nodes are specific
INFO: dtree.c(1478): Final simple tree
|( QUESTION15 1 -1.521e+04 1.700e+02 5.477e+01
|    ( QUESTION2_3_L -1 -9.132e+03 1.265e+02 3.376e+01
|        ( - -6.620e+03 1 0)
|        ( - -2.386e+03 1 0))
|    ( QUESTION0_4_R 1 -5.910e+03 1.011e+02 2.101e+01
|        ( - -4.435e+03 1 0)
|        ( - -1.374e+03 1 0)))
s>    ( QUESTION15 1 -1.521e+04 1.700e+02 5.477e+01
s>        ( QUESTION2_3_L -1 -9.132e+03 1.265e+02 3.376e+01
s>            ( - -6.620e+03 1 0)
s>            ( - -2.386e+03 1 0))
s>        ( QUESTION0_4_R 1 -5.910e+03 1.011e+02 2.101e+01
s>            ( - -4.435e+03 1 0)
s>            ( - -1.374e+03 1 0)))INFO: dtree.c(1315): Comp split 42
INFO: dtree.c(1439): stop. leaf nodes are specific
INFO: dtree.c(1478): Final simple tree
|( QUESTION0 -1 -9.905e+03 1.827e+02 4.217e+01
|    ( - -4.678e+03 2 0)
|    ( QUESTION0_0_R 1 -5.045e+03 1.601e+02 2.219e+01
|        ( - -3.267e+03 1 0)
|        ( - -1.618e+03 1 0)))
s>    ( QUESTION0 -1 -9.905e+03 1.827e+02 4.217e+01
s>        ( - -4.678e+03 2 0)
s>        ( QUESTION0_0_R 1 -5.045e+03 1.601e+02 2.219e+01
s>            ( - -3.267e+03 1 0)
s>            ( - -1.618e+03 1 0)))INFO: dtree.c(1315): Comp split 43
INFO: dtree.c(1439): stop. leaf nodes are specific
INFO: dtree.c(1478): Final simple tree
|( QUESTION0_4_R 1 -1.100e+04 1.489e+02 3.499e+01
|    ( QUESTION13 1 -1.010e+04 1.070e+02 3.299e+01
|        ( - -2.864e+03 2 0)
|        ( QUESTION0_5_R 1 -7.125e+03 1.191e+02 2.299e+01
|            ( - -2.667e+03 1 0)
|            ( - -4.339e+03 2 0)))
|    ( - -7.550e+02 2 0))
s>    ( QUESTION0_4_R 1 -1.100e+04 1.489e+02 3.499e+01
s>        ( QUESTION13 1 -1.010e+04 1.070e+02 3.299e+01
s>            ( - -2.864e+03 2 0)
s>            ( QUESTION0_5_R 1 -7.125e+03 1.191e+02 2.299e+01
s>                ( - -2.667e+03 1 0)
s>                ( - -4.339e+03 2 0)))
s>        ( - -7.550e+02 2 0))INFO: dtree.c(1315): Comp split 44
INFO: dtree.c(1439): stop. leaf nodes are specific
INFO: dtree.c(1478): Final simple tree
|( QUESTION2_0_L -1 -1.383e+04 1.221e+02 5.218e+01
|    ( QUESTION0_14_R 1 -4.595e+03 1.433e+02 1.817e+01
|        ( - -6.344e+02 1 0)
|        ( - -3.818e+03 1 0))
|    ( QUESTION0_14_R 1 -9.113e+03 8.374e+01 3.401e+01
|        ( - -3.600e+03 2 0)
|        ( - -5.429e+03 2 0)))
s>    ( QUESTION2_0_L -1 -1.383e+04 1.221e+02 5.218e+01
s>        ( QUESTION0_14_R 1 -4.595e+03 1.433e+02 1.817e+01
s>            ( - -6.344e+02 1 0)
s>            ( - -3.818e+03 1 0))
s>        ( QUESTION0_14_R 1 -9.113e+03 8.374e+01 3.401e+01
s>            ( - -3.600e+03 2 0)
s>            ( - -5.429e+03 2 0)))INFO: dtree.c(1315): Comp split 45
INFO: dtree.c(1439): stop. leaf nodes are specific
INFO: dtree.c(1478): Final simple tree
|( QUESTION5 -1 -3.156e+04 1.366e+02 1.422e+02
|    ( - -1.775e+03 1 0)
|    ( SILENCE -1 -2.965e+04 1.221e+02 1.342e+02
|        ( - -9.951e+02 1 0)
|        ( QUESTION2_0_L -1 -2.853e+04 8.534e+01 1.292e+02
|            ( QUESTION0 -1 -2.654e+04 6.460e+01 1.202e+02
|                ( - -2.397e+04 1 0)
|                ( - -2.500e+03 1 0))
|            ( - -1.908e+03 1 0))))
s>    ( QUESTION5 -1 -3.156e+04 1.366e+02 1.422e+02
s>        ( - -1.775e+03 1 0)
s>        ( SILENCE -1 -2.965e+04 1.221e+02 1.342e+02
s>            ( - -9.951e+02 1 0)
s>            ( QUESTION2_0_L -1 -2.853e+04 8.534e+01 1.292e+02
s>                ( QUESTION0 -1 -2.654e+04 6.460e+01 1.202e+02
s>                    ( - -2.397e+04 1 0)
s>                    ( - -2.500e+03 1 0))
s>                ( - -1.908e+03 1 0))))INFO: dtree.c(1315): Comp split 46
INFO: dtree.c(1315): Comp split 47
INFO: dtree.c(1439): stop. leaf nodes are specific
INFO: dtree.c(1478): Final simple tree
|( QUESTION0_0_R 1 -5.045e+03 1.601e+02 2.219e+01
|    ( - -3.267e+03 1 0)
|    ( - -1.618e+03 1 0))
s>    ( QUESTION0_0_R 1 -5.045e+03 1.601e+02 2.219e+01
s>        ( - -3.267e+03 1 0)
s>        ( - -1.618e+03 1 0))INFO: dtree.c(1315): Comp split 48
INFO: dtree.c(1315): Comp split 49
INFO: dtree.c(1439): stop. leaf nodes are specific
INFO: dtree.c(1478): Final simple tree
|( QUESTION0_4_R 1 -5.910e+03 1.011e+02 2.101e+01
|    ( - -4.435e+03 1 0)
|    ( - -1.374e+03 1 0))
s>    ( QUESTION0_4_R 1 -5.910e+03 1.011e+02 2.101e+01
s>        ( - -4.435e+03 1 0)
s>        ( - -1.374e+03 1 0))INFO: dtree.c(1439): stop. leaf nodes are specific
INFO: dtree.c(1478): Final simple tree
|( QUESTION2_3_L -1 -9.132e+03 1.265e+02 3.376e+01
|    ( - -6.620e+03 1 0)
|    ( - -2.386e+03 1 0))
s>    ( QUESTION2_3_L -1 -9.132e+03 1.265e+02 3.376e+01
s>        ( - -6.620e+03 1 0)
s>        ( - -2.386e+03 1 0))INFO: dtree.c(1315): Comp split 50
INFO: dtree.c(1439): stop. leaf nodes are specific
INFO: dtree.c(1478): Final simple tree
|( QUESTION0_2_R 1 -9.213e+03 1.345e+02 3.703e+01
|    ( - -3.824e+02 1 0)
|    ( - -8.696e+03 4 0))
s>    ( QUESTION0_2_R 1 -9.213e+03 1.345e+02 3.703e+01
s>        ( - -3.824e+02 1 0)
s>        ( - -8.696e+03 4 0))INFO: dtree.c(1315): Comp split 51
INFO: dtree.c(1439): stop. leaf nodes are specific
INFO: dtree.c(1478): Final simple tree
|( QUESTION6 -1 -8.073e+03 1.183e+02 2.918e+01
|    ( - -2.916e+03 1 0)
|    ( QUESTION0_0_R 1 -5.039e+03 1.072e+02 1.718e+01
|        ( - -1.747e+03 2 0)
|        ( - -3.185e+03 1 0)))
s>    ( QUESTION6 -1 -8.073e+03 1.183e+02 2.918e+01
s>        ( - -2.916e+03 1 0)
s>        ( QUESTION0_0_R 1 -5.039e+03 1.072e+02 1.718e+01
s>            ( - -1.747e+03 2 0)
s>            ( - -3.185e+03 1 0)))INFO: dtree.c(1439): stop. leaf nodes are specific
INFO: dtree.c(1478): Final simple tree
|( QUESTION1 -1 -5.534e+03 1.238e+02 2.099e+01
|    ( - -2.757e+03 1 0)
|    ( QUESTION0 -1 -2.654e+03 1.242e+02 1.000e+01
|        ( - -1.490e+03 2 0)
|        ( - -1.039e+03 1 0)))
s>    ( QUESTION1 -1 -5.534e+03 1.238e+02 2.099e+01
s>        ( - -2.757e+03 1 0)
s>        ( QUESTION0 -1 -2.654e+03 1.242e+02 1.000e+01
s>            ( - -1.490e+03 2 0)
s>            ( - -1.039e+03 1 0)))INFO: dtree.c(1315): Comp split 52
INFO: dtree.c(1439): stop. leaf nodes are specific
INFO: dtree.c(1478): Final simple tree
|( QUESTION2_3_L -1 -2.857e+04 1.259e+02 1.223e+02
|    ( - -2.010e+04 1 0)
|    ( QUESTION2_0_L -1 -8.340e+03 1.019e+02 3.536e+01
|        ( - -4.060e+03 1 0)
|        ( - -4.179e+03 2 0)))
s>    ( QUESTION2_3_L -1 -2.857e+04 1.259e+02 1.223e+02
s>        ( - -2.010e+04 1 0)
s>        ( QUESTION2_0_L -1 -8.340e+03 1.019e+02 3.536e+01
s>            ( - -4.060e+03 1 0)
s>            ( - -4.179e+03 2 0)))INFO: dtree.c(1315): Comp split 53
INFO: dtree.c(1315): Comp split 54
INFO: dtree.c(1315): Comp split 55
INFO: dtree.c(1315): Comp split 56
INFO: dtree.c(1315): Comp split 57
INFO: dtree.c(1439): stop. leaf nodes are specific
INFO: dtree.c(1478): Final simple tree
|( QUESTION13 1 -1.010e+04 1.070e+02 3.299e+01
|    ( - -2.864e+03 2 0)
|    ( QUESTION0_5_R 1 -7.125e+03 1.191e+02 2.299e+01
|        ( - -2.667e+03 1 0)
|        ( - -4.339e+03 2 0)))
s>    ( QUESTION13 1 -1.010e+04 1.070e+02 3.299e+01
s>        ( - -2.864e+03 2 0)
s>        ( QUESTION0_5_R 1 -7.125e+03 1.191e+02 2.299e+01
s>            ( - -2.667e+03 1 0)
s>            ( - -4.339e+03 2 0)))INFO: dtree.c(1315): Comp split 58
INFO: dtree.c(1315): Comp split 59
INFO: dtree.c(1439): stop. leaf nodes are specific
INFO: dtree.c(1478): Final simple tree
|( SILENCE -1 -2.965e+04 1.221e+02 1.342e+02
|    ( - -9.951e+02 1 0)
|    ( QUESTION2_0_L -1 -2.853e+04 8.534e+01 1.292e+02
|        ( QUESTION0 -1 -2.654e+04 6.460e+01 1.202e+02
|            ( - -2.397e+04 1 0)
|            ( - -2.500e+03 1 0))
|        ( - -1.908e+03 1 0)))
s>    ( SILENCE -1 -2.965e+04 1.221e+02 1.342e+02
s>        ( - -9.951e+02 1 0)
s>        ( QUESTION2_0_L -1 -2.853e+04 8.534e+01 1.292e+02
s>            ( QUESTION0 -1 -2.654e+04 6.460e+01 1.202e+02
s>                ( - -2.397e+04 1 0)
s>                ( - -2.500e+03 1 0))
s>            ( - -1.908e+03 1 0)))INFO: dtree.c(1315): Comp split 60
INFO: dtree.c(1439): stop. leaf nodes are specific
INFO: dtree.c(1478): Final simple tree
|( QUESTION0 -1 -6.363e+03 1.281e+02 2.800e+01
|    ( QUESTION1 -1 -3.327e+03 9.559e+01 1.497e+01
|        ( - -1.168e+03 1 0)
|        ( - -2.064e+03 2 0))
|    ( SILENCE -1 -2.908e+03 9.274e+01 1.303e+01
|        ( - -1.480e+03 1 0)
|        ( - -1.336e+03 1 0)))
s>    ( QUESTION0 -1 -6.363e+03 1.281e+02 2.800e+01
s>        ( QUESTION1 -1 -3.327e+03 9.559e+01 1.497e+01
s>            ( - -1.168e+03 1 0)
s>            ( - -2.064e+03 2 0))
s>        ( SILENCE -1 -2.908e+03 9.274e+01 1.303e+01
s>            ( - -1.480e+03 1 0)
s>            ( - -1.336e+03 1 0)))INFO: dtree.c(1315): Comp split 61
INFO: dtree.c(1315): Comp split 62
INFO: dtree.c(1439): stop. leaf nodes are specific
INFO: dtree.c(1478): Final simple tree
|( QUESTION2_0_L -1 -1.306e+04 1.326e+02 4.918e+01
|    ( - -3.818e+03 1 0)
|    ( QUESTION0_14_R 1 -9.113e+03 8.374e+01 3.401e+01
|        ( - -3.600e+03 2 0)
|        ( - -5.429e+03 2 0)))
s>    ( QUESTION2_0_L -1 -1.306e+04 1.326e+02 4.918e+01
s>        ( - -3.818e+03 1 0)
s>        ( QUESTION0_14_R 1 -9.113e+03 8.374e+01 3.401e+01
s>            ( - -3.600e+03 2 0)
s>            ( - -5.429e+03 2 0)))INFO: dtree.c(1315): Comp split 63
INFO: dtree.c(1439): stop. leaf nodes are specific
INFO: dtree.c(1478): Final simple tree
|( QUESTION0_14_R 1 -9.113e+03 8.374e+01 3.401e+01
|    ( - -3.600e+03 2 0)
|    ( - -5.429e+03 2 0))
s>    ( QUESTION0_14_R 1 -9.113e+03 8.374e+01 3.401e+01
s>        ( - -3.600e+03 2 0)
s>        ( - -5.429e+03 2 0))INFO: dtree.c(1315): Comp split 64
INFO: dtree.c(1439): stop. leaf nodes are specific
INFO: dtree.c(1478): Final simple tree
|( SILENCE -1 -2.908e+03 9.274e+01 1.303e+01
|    ( - -1.480e+03 1 0)
|    ( - -1.336e+03 1 0))
s>    ( SILENCE -1 -2.908e+03 9.274e+01 1.303e+01
s>        ( - -1.480e+03 1 0)
s>        ( - -1.336e+03 1 0))INFO: dtree.c(1439): stop. leaf nodes are specific
INFO: dtree.c(1478): Final simple tree
|( QUESTION1 -1 -3.327e+03 9.559e+01 1.497e+01
|    ( - -1.168e+03 1 0)
|    ( - -2.064e+03 2 0))
s>    ( QUESTION1 -1 -3.327e+03 9.559e+01 1.497e+01
s>        ( - -1.168e+03 1 0)
s>        ( - -2.064e+03 2 0))INFO: dtree.c(1315): Comp split 65
INFO: dtree.c(1439): stop. leaf nodes are specific
INFO: dtree.c(1478): Final simple tree
|( QUESTION0_5_R 1 -7.302e+03 9.937e+01 2.401e+01
|    ( - -2.864e+03 2 0)
|    ( - -4.339e+03 2 0))
s>    ( QUESTION0_5_R 1 -7.302e+03 9.937e+01 2.401e+01
s>        ( - -2.864e+03 2 0)
s>        ( - -4.339e+03 2 0))INFO: dtree.c(1315): Comp split 66
INFO: dtree.c(1315): Comp split 67
INFO: dtree.c(1439): stop. leaf nodes are specific
INFO: dtree.c(1478): Final simple tree
|( QUESTION2_0_L -1 -8.340e+03 1.019e+02 3.536e+01
|    ( - -4.060e+03 1 0)
|    ( - -4.179e+03 2 0))
s>    ( QUESTION2_0_L -1 -8.340e+03 1.019e+02 3.536e+01
s>        ( - -4.060e+03 1 0)
s>        ( - -4.179e+03 2 0))INFO: dtree.c(1315): Comp split 68
INFO: dtree.c(1315): Comp split 69
INFO: dtree.c(1439): stop. leaf nodes are specific
INFO: dtree.c(1478): Final simple tree
|( QUESTION0 -1 -2.654e+03 1.242e+02 1.000e+01
|    ( - -1.490e+03 2 0)
|    ( - -1.039e+03 1 0))
s>    ( QUESTION0 -1 -2.654e+03 1.242e+02 1.000e+01
s>        ( - -1.490e+03 2 0)
s>        ( - -1.039e+03 1 0))INFO: dtree.c(1315): Comp split 70
INFO: dtree.c(1315): Comp split 71
INFO: dtree.c(1439): stop. leaf nodes are specific
INFO: dtree.c(1478): Final simple tree
|( QUESTION2_0_L -1 -2.853e+04 8.534e+01 1.292e+02
|    ( QUESTION0 -1 -2.654e+04 6.460e+01 1.202e+02
|        ( - -2.397e+04 1 0)
|        ( - -2.500e+03 1 0))
|    ( - -1.908e+03 1 0))
s>    ( QUESTION2_0_L -1 -2.853e+04 8.534e+01 1.292e+02
s>        ( QUESTION0 -1 -2.654e+04 6.460e+01 1.202e+02
s>            ( - -2.397e+04 1 0)
s>            ( - -2.500e+03 1 0))
s>        ( - -1.908e+03 1 0))INFO: dtree.c(1315): Comp split 72
INFO: dtree.c(1439): stop. leaf nodes are specific
INFO: dtree.c(1478): Final simple tree
|( QUESTION0_0_R 1 -5.039e+03 1.072e+02 1.718e+01
|    ( - -1.747e+03 2 0)
|    ( - -3.185e+03 1 0))
s>    ( QUESTION0_0_R 1 -5.039e+03 1.072e+02 1.718e+01
s>        ( - -1.747e+03 2 0)
s>        ( - -3.185e+03 1 0))INFO: dtree.c(1315): Comp split 73
INFO: dtree.c(1315): Comp split 74
INFO: dtree.c(1315): Comp split 75
INFO: dtree.c(1315): Comp split 76
INFO: dtree.c(1315): Comp split 77
INFO: dtree.c(1315): Comp split 78
INFO: dtree.c(1315): Comp split 79
INFO: dtree.c(1315): Comp split 80
INFO: dtree.c(1315): Comp split 81
INFO: dtree.c(1439): stop. leaf nodes are specific
INFO: dtree.c(1478): Final simple tree
|( QUESTION0 -1 -2.654e+04 6.460e+01 1.202e+02
|    ( - -2.397e+04 1 0)
|    ( - -2.500e+03 1 0))
s>    ( QUESTION0 -1 -2.654e+04 6.460e+01 1.202e+02
s>        ( - -2.397e+04 1 0)
s>        ( - -2.500e+03 1 0))INFO: dtree.c(1315): Comp split 82
INFO: dtree.c(1315): Comp split 83
INFO: dtree.c(1315): Comp split 84
INFO: dtree.c(1318): stop. leaf nodes are specific
Mon Jan 30 07:35:50 2017
