Current configuration:
[NAME]		[DEFLT]	[VALUE]
-allphones	no	no
-cntthresh	0.00001	1.000000e-05
-csplitmax	100	2000
-csplitmin	1	1
-csplitthr	8e-4	0.000000e+00
-example	no	no
-fullvar	no	no
-help		no	no
-meanfn			/Users/benroye/forge/cmusphinx/voiceVim/model_parameters/voiceVim.cd_cont_untied/means
-mixwfn			/Users/benroye/forge/cmusphinx/voiceVim/model_parameters/voiceVim.cd_cont_untied/mixture_weights
-moddeffn		/Users/benroye/forge/cmusphinx/voiceVim/model_architecture/voiceVim.untied.mdef
-mwfloor	1e-4	1.000000e-08
-phone			ay
-psetfn			/Users/benroye/forge/cmusphinx/voiceVim/model_architecture/voiceVim.tree_questions
-ssplitmax	5	7
-ssplitmin	1	1
-ssplitthr	8e-4	0.000000e+00
-state			2
-stwt			1.0,0.05,0.0,
-treefn			/Users/benroye/forge/cmusphinx/voiceVim/trees/voiceVim.unpruned/ay-2.dtree
-ts2cbfn	.semi.	.cont.
-varfloor	0.00001	1.000000e-05
-varfn			/Users/benroye/forge/cmusphinx/voiceVim/model_parameters/voiceVim.cd_cont_untied/variances

INFO: main.c(223): Reading: /Users/benroye/forge/cmusphinx/voiceVim/model_architecture/voiceVim.untied.mdef
INFO: model_def_io.c(573): Model definition info:
INFO: model_def_io.c(574): 2249 total models defined (39 base, 2210 tri)
INFO: model_def_io.c(575): 8996 total states
INFO: model_def_io.c(576): 6747 total tied states
INFO: model_def_io.c(577): 117 total tied CI states
INFO: model_def_io.c(578): 39 total tied transition matrices
INFO: model_def_io.c(579): 4 max state/model
INFO: model_def_io.c(580): 4 min state/model
INFO: main.c(242): Building trees for [ay SIL ch b] through [ay y ng i]
INFO: main.c(269): Covering states |[303 401]| == 99
INFO: main.c(275): Reading: /Users/benroye/forge/cmusphinx/voiceVim/model_parameters/voiceVim.cd_cont_untied/mixture_weights
INFO: s3mixw_io.c(173): Read /Users/benroye/forge/cmusphinx/voiceVim/model_parameters/voiceVim.cd_cont_untied/mixture_weights [99x1x1 array]
INFO: main.c(311): 33 of 33 models have observation count greater than 0.000010
INFO: main.c(95): nrm stwt: 0.000 0.048 0.952 
INFO: s3gau_io.c(169): Read /Users/benroye/forge/cmusphinx/voiceVim/model_parameters/voiceVim.cd_cont_untied/means [6747x1x1 array]
INFO: s3gau_io.c(169): Read /Users/benroye/forge/cmusphinx/voiceVim/model_parameters/voiceVim.cd_cont_untied/variances [6747x1x1 array]
INFO: main.c(549): Reading: /Users/benroye/forge/cmusphinx/voiceVim/model_architecture/voiceVim.tree_questions
INFO: main.c(588): 174 total simple questions (166 phone; 8 word bndry)
INFO: main.c(590): 40 Left Only questions, and 42 Right Only questions
INFO: dtree.c(1478): Final simple tree
|( QUESTION0_20_R 1 -9.167e+05 1.295e+04 4.154e+03
|    ( QUESTION18 -1 -1.046e+05 3.220e+03 5.332e+02
|        ( - -8.080e+04 1 0)
|        ( - -2.061e+04 3 0 WDBNDRY_E 0 4.808e+02 9.556e+01))
|    ( QUESTION0_10_R 1 -7.991e+05 4.014e+03 3.621e+03
|        ( WDBNDRY_E 0 -3.922e+05 1.721e+03 1.772e+03
|            ( - -3.191e+04 1 0)
|            ( - -3.586e+05 2 0 QUESTION0 -1 5.295e+02 1.620e+03))
|        ( QUESTION0 1 -4.029e+05 1.235e+03 1.849e+03
|            ( - -1.826e+05 2 0 WDBNDRY_E 0 2.103e+02 8.509e+02)
|            ( QUESTION11 1 -2.190e+05 9.872e+02 9.984e+02
|                ( - -4.991e+04 2 0 WDBNDRY_E 0 1.562e+02 2.286e+02)
|                ( QUESTION0 -1 -1.681e+05 8.993e+02 7.697e+02
|                    ( - -4.002e+04 3 0 QUESTION0_1_R 1 3.306e+02 1.850e+02)
|                    ( - -1.272e+05 19 0 QUESTION4 -1 7.466e+02 5.848e+02))))))
s>    ( QUESTION0_20_R 1 -9.167e+05 1.295e+04 4.154e+03
s>        ( QUESTION18 -1 -1.046e+05 3.220e+03 5.332e+02
s>            ( - -8.080e+04 1 0)
s>            ( - -2.061e+04 3 0 WDBNDRY_E 0 4.808e+02 9.556e+01))
s>        ( QUESTION0_10_R 1 -7.991e+05 4.014e+03 3.621e+03
s>            ( WDBNDRY_E 0 -3.922e+05 1.721e+03 1.772e+03
s>                ( - -3.191e+04 1 0)
s>                ( - -3.586e+05 2 0 QUESTION0 -1 5.295e+02 1.620e+03))
s>            ( QUESTION0 1 -4.029e+05 1.235e+03 1.849e+03
s>                ( - -1.826e+05 2 0 WDBNDRY_E 0 2.103e+02 8.509e+02)
s>                ( QUESTION11 1 -2.190e+05 9.872e+02 9.984e+02
s>                    ( - -4.991e+04 2 0 WDBNDRY_E 0 1.562e+02 2.286e+02)
s>                    ( QUESTION0 -1 -1.681e+05 8.993e+02 7.697e+02
s>                        ( - -4.002e+04 3 0 QUESTION0_1_R 1 3.306e+02 1.850e+02)
s>                        ( - -1.272e+05 19 0 QUESTION4 -1 7.466e+02 5.848e+02))))))INFO: dtree.c(1315): Comp split 0
INFO: dtree.c(1478): Final simple tree
|( QUESTION0_10_R 1 -8.207e+05 4.106e+03 3.717e+03
|    ( WDBNDRY_E 0 -3.922e+05 1.721e+03 1.772e+03
|        ( - -3.191e+04 1 0)
|        ( - -3.586e+05 2 0 QUESTION0 -1 5.295e+02 1.620e+03))
|    ( QUESTION0_6_R 1 -4.243e+05 1.451e+03 1.945e+03
|        ( QUESTION10 1 -2.465e+05 8.741e+02 1.137e+03
|            ( QUESTION5 -1 -6.119e+04 8.914e+02 2.784e+02
|                ( - -1.056e+04 1 0)
|                ( - -4.974e+04 2 0 WDBNDRY_E 0 1.695e+02 2.283e+02))
|            ( - -1.844e+05 3 0 WDBNDRY_E 0 2.558e+02 8.589e+02))
|        ( QUESTION0_18_R 1 -1.764e+05 9.095e+02 8.075e+02
|            ( - -3.730e+04 5 0 WDBNDRY_B 0 4.348e+02 1.710e+02)
|            ( WDBNDRY_B 0 -1.382e+05 9.294e+02 6.365e+02
|                ( - -2.650e+04 5 0 QUESTION2_0_L -1 2.372e+02 1.276e+02)
|                ( - -1.108e+05 13 0 QUESTION4 -1 6.588e+02 5.089e+02)))))
s>    ( QUESTION0_10_R 1 -8.207e+05 4.106e+03 3.717e+03
s>        ( WDBNDRY_E 0 -3.922e+05 1.721e+03 1.772e+03
s>            ( - -3.191e+04 1 0)
s>            ( - -3.586e+05 2 0 QUESTION0 -1 5.295e+02 1.620e+03))
s>        ( QUESTION0_6_R 1 -4.243e+05 1.451e+03 1.945e+03
s>            ( QUESTION10 1 -2.465e+05 8.741e+02 1.137e+03
s>                ( QUESTION5 -1 -6.119e+04 8.914e+02 2.784e+02
s>                    ( - -1.056e+04 1 0)
s>                    ( - -4.974e+04 2 0 WDBNDRY_E 0 1.695e+02 2.283e+02))
s>                ( - -1.844e+05 3 0 WDBNDRY_E 0 2.558e+02 8.589e+02))
s>            ( QUESTION0_18_R 1 -1.764e+05 9.095e+02 8.075e+02
s>                ( - -3.730e+04 5 0 WDBNDRY_B 0 4.348e+02 1.710e+02)
s>                ( WDBNDRY_B 0 -1.382e+05 9.294e+02 6.365e+02
s>                    ( - -2.650e+04 5 0 QUESTION2_0_L -1 2.372e+02 1.276e+02)
s>                    ( - -1.108e+05 13 0 QUESTION4 -1 6.588e+02 5.089e+02)))))INFO: dtree.c(1315): Comp split 1
INFO: dtree.c(1439): stop. leaf nodes are specific
INFO: dtree.c(1478): Final simple tree
|( QUESTION0 -1 -3.586e+05 5.295e+02 1.620e+03
|    ( - -3.459e+05 1 0)
|    ( - -1.217e+04 1 0))
s>    ( QUESTION0 -1 -3.586e+05 5.295e+02 1.620e+03
s>        ( - -3.459e+05 1 0)
s>        ( - -1.217e+04 1 0))INFO: dtree.c(1478): Final simple tree
|( QUESTION0_6_R 1 -4.569e+05 1.579e+03 2.097e+03
|    ( QUESTION10 1 -2.465e+05 8.741e+02 1.137e+03
|        ( QUESTION5 -1 -6.119e+04 8.914e+02 2.784e+02
|            ( - -1.056e+04 1 0)
|            ( - -4.974e+04 2 0 WDBNDRY_E 0 1.695e+02 2.283e+02))
|        ( - -1.844e+05 3 0 WDBNDRY_E 0 2.558e+02 8.589e+02))
|    ( QUESTION0_18_R 1 -2.089e+05 1.042e+03 9.597e+02
|        ( - -3.730e+04 5 0 WDBNDRY_B 0 4.348e+02 1.710e+02)
|        ( WDBNDRY_I 0 -1.705e+05 9.124e+02 7.887e+02
|            ( QUESTION0_0_R 1 -5.537e+04 6.932e+02 2.526e+02
|                ( - -4.675e+04 3 0 QUESTION2_0_L -1 3.155e+02 2.148e+02)
|                ( - -7.928e+03 2 0 QUESTION11 -1 2.530e+02 3.777e+01))
|            ( WDBNDRY_B 0 -1.142e+05 7.994e+02 5.361e+02
|                ( - -2.650e+04 5 0 QUESTION2_0_L -1 2.372e+02 1.276e+02)
|                ( - -8.695e+04 9 0 QUESTION3 1 3.222e+02 4.085e+02)))))
s>    ( QUESTION0_6_R 1 -4.569e+05 1.579e+03 2.097e+03
s>        ( QUESTION10 1 -2.465e+05 8.741e+02 1.137e+03
s>            ( QUESTION5 -1 -6.119e+04 8.914e+02 2.784e+02
s>                ( - -1.056e+04 1 0)
s>                ( - -4.974e+04 2 0 WDBNDRY_E 0 1.695e+02 2.283e+02))
s>            ( - -1.844e+05 3 0 WDBNDRY_E 0 2.558e+02 8.589e+02))
s>        ( QUESTION0_18_R 1 -2.089e+05 1.042e+03 9.597e+02
s>            ( - -3.730e+04 5 0 WDBNDRY_B 0 4.348e+02 1.710e+02)
s>            ( WDBNDRY_I 0 -1.705e+05 9.124e+02 7.887e+02
s>                ( QUESTION0_0_R 1 -5.537e+04 6.932e+02 2.526e+02
s>                    ( - -4.675e+04 3 0 QUESTION2_0_L -1 3.155e+02 2.148e+02)
s>                    ( - -7.928e+03 2 0 QUESTION11 -1 2.530e+02 3.777e+01))
s>                ( WDBNDRY_B 0 -1.142e+05 7.994e+02 5.361e+02
s>                    ( - -2.650e+04 5 0 QUESTION2_0_L -1 2.372e+02 1.276e+02)
s>                    ( - -8.695e+04 9 0 QUESTION3 1 3.222e+02 4.085e+02)))))INFO: dtree.c(1315): Comp split 2
INFO: dtree.c(1478): Final simple tree
|( QUESTION1 -1 -2.622e+05 8.462e+02 1.215e+03
|    ( - -4.858e+04 1 0)
|    ( WDBNDRY_B 0 -2.128e+05 7.230e+02 9.916e+02
|        ( QUESTION2_0_L -1 -2.650e+04 2.372e+02 1.276e+02
|            ( QUESTION4 -1 -1.230e+04 1.591e+02 5.993e+01
|                ( - -2.608e+03 1 0)
|                ( - -9.536e+03 2 0 QUESTION0 -1 1.305e+02 4.695e+01))
|            ( SILENCE -1 -1.396e+04 1.573e+02 6.769e+01
|                ( - -3.846e+03 1 0)
|                ( - -9.952e+03 1 0)))
|        ( WDBNDRY_E 0 -1.856e+05 2.772e+02 8.639e+02
|            ( QUESTION10 1 -6.684e+03 1.378e+02 3.101e+01
|                ( - -9.892e+02 1 0)
|                ( - -5.557e+03 2 0 QUESTION0 1 1.096e+02 2.601e+01))
|            ( - -1.786e+05 1 0))))
s>    ( QUESTION1 -1 -2.622e+05 8.462e+02 1.215e+03
s>        ( - -4.858e+04 1 0)
s>        ( WDBNDRY_B 0 -2.128e+05 7.230e+02 9.916e+02
s>            ( QUESTION2_0_L -1 -2.650e+04 2.372e+02 1.276e+02
s>                ( QUESTION4 -1 -1.230e+04 1.591e+02 5.993e+01
s>                    ( - -2.608e+03 1 0)
s>                    ( - -9.536e+03 2 0 QUESTION0 -1 1.305e+02 4.695e+01))
s>                ( SILENCE -1 -1.396e+04 1.573e+02 6.769e+01
s>                    ( - -3.846e+03 1 0)
s>                    ( - -9.952e+03 1 0)))
s>            ( WDBNDRY_E 0 -1.856e+05 2.772e+02 8.639e+02
s>                ( QUESTION10 1 -6.684e+03 1.378e+02 3.101e+01
s>                    ( - -9.892e+02 1 0)
s>                    ( - -5.557e+03 2 0 QUESTION0 1 1.096e+02 2.601e+01))
s>                ( - -1.786e+05 1 0))))INFO: dtree.c(1478): Final simple tree
|( WDBNDRY_E 0 -1.928e+05 1.150e+03 8.821e+02
|    ( QUESTION3 1 -8.695e+04 3.222e+02 4.085e+02
|        ( - -4.842e+04 7 0 QUESTION0_8_R 1 2.452e+02 2.261e+02)
|        ( - -3.820e+04 2 0 SILENCE 1 1.558e+02 1.823e+02))
|    ( QUESTION0 -1 -1.047e+05 8.923e+02 4.736e+02
|        ( WDBNDRY_B 0 -3.280e+04 2.802e+02 1.510e+02
|            ( - -3.146e+03 1 0)
|            ( - -2.938e+04 1 0))
|        ( QUESTION0_0_R 1 -7.099e+04 7.341e+02 3.226e+02
|            ( QUESTION0_6_R 1 -6.233e+04 5.573e+02 2.849e+02
|                ( - -1.056e+04 1 0)
|                ( QUESTION2_2_L -1 -5.121e+04 3.254e+02 2.348e+02
|                    ( - -2.940e+04 2 0 QUESTION0_5_R 1 2.180e+02 1.353e+02)
|                    ( - -2.149e+04 4 0 WDBNDRY_B 0 2.783e+02 9.954e+01)))
|            ( - -7.928e+03 2 0 QUESTION11 -1 2.530e+02 3.777e+01))))
s>    ( WDBNDRY_E 0 -1.928e+05 1.150e+03 8.821e+02
s>        ( QUESTION3 1 -8.695e+04 3.222e+02 4.085e+02
s>            ( - -4.842e+04 7 0 QUESTION0_8_R 1 2.452e+02 2.261e+02)
s>            ( - -3.820e+04 2 0 SILENCE 1 1.558e+02 1.823e+02))
s>        ( QUESTION0 -1 -1.047e+05 8.923e+02 4.736e+02
s>            ( WDBNDRY_B 0 -3.280e+04 2.802e+02 1.510e+02
s>                ( - -3.146e+03 1 0)
s>                ( - -2.938e+04 1 0))
s>            ( QUESTION0_0_R 1 -7.099e+04 7.341e+02 3.226e+02
s>                ( QUESTION0_6_R 1 -6.233e+04 5.573e+02 2.849e+02
s>                    ( - -1.056e+04 1 0)
s>                    ( QUESTION2_2_L -1 -5.121e+04 3.254e+02 2.348e+02
s>                        ( - -2.940e+04 2 0 QUESTION0_5_R 1 2.180e+02 1.353e+02)
s>                        ( - -2.149e+04 4 0 WDBNDRY_B 0 2.783e+02 9.954e+01)))
s>                ( - -7.928e+03 2 0 QUESTION11 -1 2.530e+02 3.777e+01))))INFO: dtree.c(1315): Comp split 3
INFO: dtree.c(1478): Final simple tree
|( QUESTION0 -1 -1.047e+05 8.923e+02 4.736e+02
|    ( WDBNDRY_B 0 -3.280e+04 2.802e+02 1.510e+02
|        ( - -3.146e+03 1 0)
|        ( - -2.938e+04 1 0))
|    ( QUESTION0_0_R 1 -7.099e+04 7.341e+02 3.226e+02
|        ( QUESTION0_6_R 1 -6.233e+04 5.573e+02 2.849e+02
|            ( - -1.056e+04 1 0)
|            ( QUESTION2_2_L -1 -5.121e+04 3.254e+02 2.348e+02
|                ( - -2.940e+04 2 0 QUESTION0_5_R 1 2.180e+02 1.353e+02)
|                ( WDBNDRY_B 0 -2.149e+04 2.783e+02 9.954e+01
|                    ( - -4.173e+03 3 0 SILENCE -1 2.153e+02 2.000e+01)
|                    ( - -1.704e+04 1 0))))
|        ( QUESTION11 -1 -7.928e+03 2.530e+02 3.777e+01
|            ( - -5.244e+03 1 0)
|            ( - -2.431e+03 1 0))))
s>    ( QUESTION0 -1 -1.047e+05 8.923e+02 4.736e+02
s>        ( WDBNDRY_B 0 -3.280e+04 2.802e+02 1.510e+02
s>            ( - -3.146e+03 1 0)
s>            ( - -2.938e+04 1 0))
s>        ( QUESTION0_0_R 1 -7.099e+04 7.341e+02 3.226e+02
s>            ( QUESTION0_6_R 1 -6.233e+04 5.573e+02 2.849e+02
s>                ( - -1.056e+04 1 0)
s>                ( QUESTION2_2_L -1 -5.121e+04 3.254e+02 2.348e+02
s>                    ( - -2.940e+04 2 0 QUESTION0_5_R 1 2.180e+02 1.353e+02)
s>                    ( WDBNDRY_B 0 -2.149e+04 2.783e+02 9.954e+01
s>                        ( - -4.173e+03 3 0 SILENCE -1 2.153e+02 2.000e+01)
s>                        ( - -1.704e+04 1 0))))
s>            ( QUESTION11 -1 -7.928e+03 2.530e+02 3.777e+01
s>                ( - -5.244e+03 1 0)
s>                ( - -2.431e+03 1 0))))INFO: dtree.c(1478): Final simple tree
|( QUESTION3 1 -8.695e+04 3.222e+02 4.085e+02
|    ( QUESTION0_8_R 1 -4.842e+04 2.452e+02 2.261e+02
|        ( QUESTION4 1 -7.751e+03 1.471e+02 3.816e+01
|            ( - -6.432e+03 1 0)
|            ( - -1.172e+03 1 0))
|        ( QUESTION0_0_R 1 -4.043e+04 2.240e+02 1.880e+02
|            ( QUESTION0_1_R 1 -2.800e+04 1.884e+02 1.302e+02
|                ( - -1.066e+04 2 0 QUESTION0_5_R 1 9.903e+01 4.919e+01)
|                ( QUESTION0_12_R 1 -1.715e+04 1.626e+02 8.098e+01
|                    ( - -2.505e+03 1 0)
|                    ( - -1.448e+04 1 0)))
|            ( - -1.221e+04 1 0)))
|    ( SILENCE 1 -3.820e+04 1.558e+02 1.823e+02
|        ( - -6.132e+03 1 0)
|        ( - -3.191e+04 1 0)))
s>    ( QUESTION3 1 -8.695e+04 3.222e+02 4.085e+02
s>        ( QUESTION0_8_R 1 -4.842e+04 2.452e+02 2.261e+02
s>            ( QUESTION4 1 -7.751e+03 1.471e+02 3.816e+01
s>                ( - -6.432e+03 1 0)
s>                ( - -1.172e+03 1 0))
s>            ( QUESTION0_0_R 1 -4.043e+04 2.240e+02 1.880e+02
s>                ( QUESTION0_1_R 1 -2.800e+04 1.884e+02 1.302e+02
s>                    ( - -1.066e+04 2 0 QUESTION0_5_R 1 9.903e+01 4.919e+01)
s>                    ( QUESTION0_12_R 1 -1.715e+04 1.626e+02 8.098e+01
s>                        ( - -2.505e+03 1 0)
s>                        ( - -1.448e+04 1 0)))
s>                ( - -1.221e+04 1 0)))
s>        ( SILENCE 1 -3.820e+04 1.558e+02 1.823e+02
s>            ( - -6.132e+03 1 0)
s>            ( - -3.191e+04 1 0)))INFO: dtree.c(1315): Comp split 4
INFO: dtree.c(1478): Final simple tree
|( QUESTION0_0_R 1 -7.099e+04 7.341e+02 3.226e+02
|    ( QUESTION0_6_R 1 -6.233e+04 5.573e+02 2.849e+02
|        ( - -1.056e+04 1 0)
|        ( QUESTION2_2_L -1 -5.121e+04 3.254e+02 2.348e+02
|            ( QUESTION0_5_R 1 -2.940e+04 2.180e+02 1.353e+02
|                ( - -2.071e+03 1 0)
|                ( - -2.711e+04 1 0))
|            ( WDBNDRY_B 0 -2.149e+04 2.783e+02 9.954e+01
|                ( SILENCE -1 -4.173e+03 2.153e+02 2.000e+01
|                    ( - -1.762e+03 1 0)
|                    ( - -2.196e+03 2 0 QUESTION19 -1 1.164e+02 1.100e+01))
|                ( - -1.704e+04 1 0))))
|    ( QUESTION11 -1 -7.928e+03 2.530e+02 3.777e+01
|        ( - -5.244e+03 1 0)
|        ( - -2.431e+03 1 0)))
s>    ( QUESTION0_0_R 1 -7.099e+04 7.341e+02 3.226e+02
s>        ( QUESTION0_6_R 1 -6.233e+04 5.573e+02 2.849e+02
s>            ( - -1.056e+04 1 0)
s>            ( QUESTION2_2_L -1 -5.121e+04 3.254e+02 2.348e+02
s>                ( QUESTION0_5_R 1 -2.940e+04 2.180e+02 1.353e+02
s>                    ( - -2.071e+03 1 0)
s>                    ( - -2.711e+04 1 0))
s>                ( WDBNDRY_B 0 -2.149e+04 2.783e+02 9.954e+01
s>                    ( SILENCE -1 -4.173e+03 2.153e+02 2.000e+01
s>                        ( - -1.762e+03 1 0)
s>                        ( - -2.196e+03 2 0 QUESTION19 -1 1.164e+02 1.100e+01))
s>                    ( - -1.704e+04 1 0))))
s>        ( QUESTION11 -1 -7.928e+03 2.530e+02 3.777e+01
s>            ( - -5.244e+03 1 0)
s>            ( - -2.431e+03 1 0)))INFO: dtree.c(1439): stop. leaf nodes are specific
INFO: dtree.c(1478): Final simple tree
|( WDBNDRY_B 0 -3.280e+04 2.802e+02 1.510e+02
|    ( - -3.146e+03 1 0)
|    ( - -2.938e+04 1 0))
s>    ( WDBNDRY_B 0 -3.280e+04 2.802e+02 1.510e+02
s>        ( - -3.146e+03 1 0)
s>        ( - -2.938e+04 1 0))INFO: dtree.c(1315): Comp split 5
INFO: dtree.c(1478): Final simple tree
|( WDBNDRY_B 0 -2.128e+05 7.230e+02 9.916e+02
|    ( QUESTION2_0_L -1 -2.650e+04 2.372e+02 1.276e+02
|        ( QUESTION4 -1 -1.230e+04 1.591e+02 5.993e+01
|            ( - -2.608e+03 1 0)
|            ( QUESTION0 -1 -9.536e+03 1.305e+02 4.695e+01
|                ( - -6.890e+03 1 0)
|                ( - -2.516e+03 1 0)))
|        ( SILENCE -1 -1.396e+04 1.573e+02 6.769e+01
|            ( - -3.846e+03 1 0)
|            ( - -9.952e+03 1 0)))
|    ( WDBNDRY_E 0 -1.856e+05 2.772e+02 8.639e+02
|        ( QUESTION10 1 -6.684e+03 1.378e+02 3.101e+01
|            ( - -9.892e+02 1 0)
|            ( - -5.557e+03 2 0 QUESTION0 1 1.096e+02 2.601e+01))
|        ( - -1.786e+05 1 0)))
s>    ( WDBNDRY_B 0 -2.128e+05 7.230e+02 9.916e+02
s>        ( QUESTION2_0_L -1 -2.650e+04 2.372e+02 1.276e+02
s>            ( QUESTION4 -1 -1.230e+04 1.591e+02 5.993e+01
s>                ( - -2.608e+03 1 0)
s>                ( QUESTION0 -1 -9.536e+03 1.305e+02 4.695e+01
s>                    ( - -6.890e+03 1 0)
s>                    ( - -2.516e+03 1 0)))
s>            ( SILENCE -1 -1.396e+04 1.573e+02 6.769e+01
s>                ( - -3.846e+03 1 0)
s>                ( - -9.952e+03 1 0)))
s>        ( WDBNDRY_E 0 -1.856e+05 2.772e+02 8.639e+02
s>            ( QUESTION10 1 -6.684e+03 1.378e+02 3.101e+01
s>                ( - -9.892e+02 1 0)
s>                ( - -5.557e+03 2 0 QUESTION0 1 1.096e+02 2.601e+01))
s>            ( - -1.786e+05 1 0)))INFO: dtree.c(1315): Comp split 6
INFO: dtree.c(1439): stop. leaf nodes are specific
INFO: dtree.c(1478): Final simple tree
|( QUESTION0_6_R 1 -6.233e+04 5.573e+02 2.849e+02
|    ( - -1.056e+04 1 0)
|    ( QUESTION2_2_L -1 -5.121e+04 3.254e+02 2.348e+02
|        ( QUESTION0_5_R 1 -2.940e+04 2.180e+02 1.353e+02
|            ( - -2.071e+03 1 0)
|            ( - -2.711e+04 1 0))
|        ( WDBNDRY_B 0 -2.149e+04 2.783e+02 9.954e+01
|            ( SILENCE -1 -4.173e+03 2.153e+02 2.000e+01
|                ( - -1.762e+03 1 0)
|                ( QUESTION19 -1 -2.196e+03 1.164e+02 1.100e+01
|                    ( - -6.963e+02 1 0)
|                    ( - -1.383e+03 1 0)))
|            ( - -1.704e+04 1 0))))
s>    ( QUESTION0_6_R 1 -6.233e+04 5.573e+02 2.849e+02
s>        ( - -1.056e+04 1 0)
s>        ( QUESTION2_2_L -1 -5.121e+04 3.254e+02 2.348e+02
s>            ( QUESTION0_5_R 1 -2.940e+04 2.180e+02 1.353e+02
s>                ( - -2.071e+03 1 0)
s>                ( - -2.711e+04 1 0))
s>            ( WDBNDRY_B 0 -2.149e+04 2.783e+02 9.954e+01
s>                ( SILENCE -1 -4.173e+03 2.153e+02 2.000e+01
s>                    ( - -1.762e+03 1 0)
s>                    ( QUESTION19 -1 -2.196e+03 1.164e+02 1.100e+01
s>                        ( - -6.963e+02 1 0)
s>                        ( - -1.383e+03 1 0)))
s>                ( - -1.704e+04 1 0))))INFO: dtree.c(1439): stop. leaf nodes are specific
INFO: dtree.c(1478): Final simple tree
|( QUESTION11 -1 -7.928e+03 2.530e+02 3.777e+01
|    ( - -5.244e+03 1 0)
|    ( - -2.431e+03 1 0))
s>    ( QUESTION11 -1 -7.928e+03 2.530e+02 3.777e+01
s>        ( - -5.244e+03 1 0)
s>        ( - -2.431e+03 1 0))INFO: dtree.c(1315): Comp split 7
INFO: dtree.c(1439): stop. leaf nodes are specific
INFO: dtree.c(1478): Final simple tree
|( QUESTION2_0_L -1 -2.650e+04 2.372e+02 1.276e+02
|    ( QUESTION4 -1 -1.230e+04 1.591e+02 5.993e+01
|        ( - -2.608e+03 1 0)
|        ( QUESTION0 -1 -9.536e+03 1.305e+02 4.695e+01
|            ( - -6.890e+03 1 0)
|            ( - -2.516e+03 1 0)))
|    ( SILENCE -1 -1.396e+04 1.573e+02 6.769e+01
|        ( - -3.846e+03 1 0)
|        ( - -9.952e+03 1 0)))
s>    ( QUESTION2_0_L -1 -2.650e+04 2.372e+02 1.276e+02
s>        ( QUESTION4 -1 -1.230e+04 1.591e+02 5.993e+01
s>            ( - -2.608e+03 1 0)
s>            ( QUESTION0 -1 -9.536e+03 1.305e+02 4.695e+01
s>                ( - -6.890e+03 1 0)
s>                ( - -2.516e+03 1 0)))
s>        ( SILENCE -1 -1.396e+04 1.573e+02 6.769e+01
s>            ( - -3.846e+03 1 0)
s>            ( - -9.952e+03 1 0)))INFO: dtree.c(1439): stop. leaf nodes are specific
INFO: dtree.c(1478): Final simple tree
|( WDBNDRY_E 0 -1.856e+05 2.772e+02 8.639e+02
|    ( QUESTION10 1 -6.684e+03 1.378e+02 3.101e+01
|        ( - -9.892e+02 1 0)
|        ( QUESTION0 1 -5.557e+03 1.096e+02 2.601e+01
|            ( - -3.799e+03 1 0)
|            ( - -1.648e+03 1 0)))
|    ( - -1.786e+05 1 0))
s>    ( WDBNDRY_E 0 -1.856e+05 2.772e+02 8.639e+02
s>        ( QUESTION10 1 -6.684e+03 1.378e+02 3.101e+01
s>            ( - -9.892e+02 1 0)
s>            ( QUESTION0 1 -5.557e+03 1.096e+02 2.601e+01
s>                ( - -3.799e+03 1 0)
s>                ( - -1.648e+03 1 0)))
s>        ( - -1.786e+05 1 0))INFO: dtree.c(1315): Comp split 8
INFO: dtree.c(1439): stop. leaf nodes are specific
INFO: dtree.c(1478): Final simple tree
|( QUESTION2_2_L -1 -5.121e+04 3.254e+02 2.348e+02
|    ( QUESTION0_5_R 1 -2.940e+04 2.180e+02 1.353e+02
|        ( - -2.071e+03 1 0)
|        ( - -2.711e+04 1 0))
|    ( WDBNDRY_B 0 -2.149e+04 2.783e+02 9.954e+01
|        ( SILENCE -1 -4.173e+03 2.153e+02 2.000e+01
|            ( - -1.762e+03 1 0)
|            ( QUESTION19 -1 -2.196e+03 1.164e+02 1.100e+01
|                ( - -6.963e+02 1 0)
|                ( - -1.383e+03 1 0)))
|        ( - -1.704e+04 1 0)))
s>    ( QUESTION2_2_L -1 -5.121e+04 3.254e+02 2.348e+02
s>        ( QUESTION0_5_R 1 -2.940e+04 2.180e+02 1.353e+02
s>            ( - -2.071e+03 1 0)
s>            ( - -2.711e+04 1 0))
s>        ( WDBNDRY_B 0 -2.149e+04 2.783e+02 9.954e+01
s>            ( SILENCE -1 -4.173e+03 2.153e+02 2.000e+01
s>                ( - -1.762e+03 1 0)
s>                ( QUESTION19 -1 -2.196e+03 1.164e+02 1.100e+01
s>                    ( - -6.963e+02 1 0)
s>                    ( - -1.383e+03 1 0)))
s>            ( - -1.704e+04 1 0)))INFO: dtree.c(1315): Comp split 9
INFO: dtree.c(1315): Comp split 10
INFO: dtree.c(1439): stop. leaf nodes are specific
INFO: dtree.c(1478): Final simple tree
|( QUESTION0_8_R 1 -4.745e+04 2.078e+02 2.272e+02
|    ( - -6.432e+03 1 0)
|    ( SILENCE 1 -4.081e+04 1.528e+02 1.943e+02
|        ( - -6.132e+03 1 0)
|        ( QUESTION0_10_R 1 -3.452e+04 1.023e+02 1.641e+02
|            ( - -3.191e+04 1 0)
|            ( - -2.505e+03 1 0))))
s>    ( QUESTION0_8_R 1 -4.745e+04 2.078e+02 2.272e+02
s>        ( - -6.432e+03 1 0)
s>        ( SILENCE 1 -4.081e+04 1.528e+02 1.943e+02
s>            ( - -6.132e+03 1 0)
s>            ( QUESTION0_10_R 1 -3.452e+04 1.023e+02 1.641e+02
s>                ( - -3.191e+04 1 0)
s>                ( - -2.505e+03 1 0))))INFO: dtree.c(1439): stop. leaf nodes are specific
INFO: dtree.c(1478): Final simple tree
|( QUESTION4 1 -3.909e+04 2.318e+02 1.812e+02
|    ( QUESTION0_0_R 1 -2.691e+04 2.221e+02 1.268e+02
|        ( - -1.448e+04 1 0)
|        ( - -1.221e+04 1 0))
|    ( QUESTION0_1_R 1 -1.195e+04 1.213e+02 5.447e+01
|        ( QUESTION0_5_R 1 -1.066e+04 9.903e+01 4.919e+01
|            ( - -8.485e+03 1 0)
|            ( - -2.076e+03 1 0))
|        ( - -1.172e+03 1 0)))
s>    ( QUESTION4 1 -3.909e+04 2.318e+02 1.812e+02
s>        ( QUESTION0_0_R 1 -2.691e+04 2.221e+02 1.268e+02
s>            ( - -1.448e+04 1 0)
s>            ( - -1.221e+04 1 0))
s>        ( QUESTION0_1_R 1 -1.195e+04 1.213e+02 5.447e+01
s>            ( QUESTION0_5_R 1 -1.066e+04 9.903e+01 4.919e+01
s>                ( - -8.485e+03 1 0)
s>                ( - -2.076e+03 1 0))
s>            ( - -1.172e+03 1 0)))INFO: dtree.c(1315): Comp split 11
INFO: dtree.c(1439): stop. leaf nodes are specific
INFO: dtree.c(1478): Final simple tree
|( WDBNDRY_B 0 -2.149e+04 2.783e+02 9.954e+01
|    ( SILENCE -1 -4.173e+03 2.153e+02 2.000e+01
|        ( - -1.762e+03 1 0)
|        ( QUESTION19 -1 -2.196e+03 1.164e+02 1.100e+01
|            ( - -6.963e+02 1 0)
|            ( - -1.383e+03 1 0)))
|    ( - -1.704e+04 1 0))
s>    ( WDBNDRY_B 0 -2.149e+04 2.783e+02 9.954e+01
s>        ( SILENCE -1 -4.173e+03 2.153e+02 2.000e+01
s>            ( - -1.762e+03 1 0)
s>            ( QUESTION19 -1 -2.196e+03 1.164e+02 1.100e+01
s>                ( - -6.963e+02 1 0)
s>                ( - -1.383e+03 1 0)))
s>        ( - -1.704e+04 1 0))INFO: dtree.c(1439): stop. leaf nodes are specific
INFO: dtree.c(1478): Final simple tree
|( QUESTION0_5_R 1 -2.940e+04 2.180e+02 1.353e+02
|    ( - -2.071e+03 1 0)
|    ( - -2.711e+04 1 0))
s>    ( QUESTION0_5_R 1 -2.940e+04 2.180e+02 1.353e+02
s>        ( - -2.071e+03 1 0)
s>        ( - -2.711e+04 1 0))INFO: dtree.c(1315): Comp split 12
INFO: dtree.c(1315): Comp split 13
INFO: dtree.c(1439): stop. leaf nodes are specific
INFO: dtree.c(1478): Final simple tree
|( SILENCE -1 -4.173e+03 2.153e+02 2.000e+01
|    ( - -1.762e+03 1 0)
|    ( QUESTION19 -1 -2.196e+03 1.164e+02 1.100e+01
|        ( - -6.963e+02 1 0)
|        ( - -1.383e+03 1 0)))
s>    ( SILENCE -1 -4.173e+03 2.153e+02 2.000e+01
s>        ( - -1.762e+03 1 0)
s>        ( QUESTION19 -1 -2.196e+03 1.164e+02 1.100e+01
s>            ( - -6.963e+02 1 0)
s>            ( - -1.383e+03 1 0)))INFO: dtree.c(1315): Comp split 14
INFO: dtree.c(1439): stop. leaf nodes are specific
INFO: dtree.c(1478): Final simple tree
|( QUESTION10 1 -6.684e+03 1.378e+02 3.101e+01
|    ( - -9.892e+02 1 0)
|    ( QUESTION0 1 -5.557e+03 1.096e+02 2.601e+01
|        ( - -3.799e+03 1 0)
|        ( - -1.648e+03 1 0)))
s>    ( QUESTION10 1 -6.684e+03 1.378e+02 3.101e+01
s>        ( - -9.892e+02 1 0)
s>        ( QUESTION0 1 -5.557e+03 1.096e+02 2.601e+01
s>            ( - -3.799e+03 1 0)
s>            ( - -1.648e+03 1 0)))INFO: dtree.c(1315): Comp split 15
INFO: dtree.c(1315): Comp split 16
INFO: dtree.c(1439): stop. leaf nodes are specific
INFO: dtree.c(1478): Final simple tree
|( QUESTION4 -1 -1.230e+04 1.591e+02 5.993e+01
|    ( - -2.608e+03 1 0)
|    ( QUESTION0 -1 -9.536e+03 1.305e+02 4.695e+01
|        ( - -6.890e+03 1 0)
|        ( - -2.516e+03 1 0)))
s>    ( QUESTION4 -1 -1.230e+04 1.591e+02 5.993e+01
s>        ( - -2.608e+03 1 0)
s>        ( QUESTION0 -1 -9.536e+03 1.305e+02 4.695e+01
s>            ( - -6.890e+03 1 0)
s>            ( - -2.516e+03 1 0)))INFO: dtree.c(1439): stop. leaf nodes are specific
INFO: dtree.c(1478): Final simple tree
|( SILENCE -1 -1.396e+04 1.573e+02 6.769e+01
|    ( - -3.846e+03 1 0)
|    ( - -9.952e+03 1 0))
s>    ( SILENCE -1 -1.396e+04 1.573e+02 6.769e+01
s>        ( - -3.846e+03 1 0)
s>        ( - -9.952e+03 1 0))INFO: dtree.c(1315): Comp split 17
INFO: dtree.c(1439): stop. leaf nodes are specific
INFO: dtree.c(1478): Final simple tree
|( QUESTION0_1_R 1 -1.195e+04 1.213e+02 5.447e+01
|    ( QUESTION0_5_R 1 -1.066e+04 9.903e+01 4.919e+01
|        ( - -8.485e+03 1 0)
|        ( - -2.076e+03 1 0))
|    ( - -1.172e+03 1 0))
s>    ( QUESTION0_1_R 1 -1.195e+04 1.213e+02 5.447e+01
s>        ( QUESTION0_5_R 1 -1.066e+04 9.903e+01 4.919e+01
s>            ( - -8.485e+03 1 0)
s>            ( - -2.076e+03 1 0))
s>        ( - -1.172e+03 1 0))INFO: dtree.c(1439): stop. leaf nodes are specific
INFO: dtree.c(1478): Final simple tree
|( QUESTION0_0_R 1 -2.691e+04 2.221e+02 1.268e+02
|    ( - -1.448e+04 1 0)
|    ( - -1.221e+04 1 0))
s>    ( QUESTION0_0_R 1 -2.691e+04 2.221e+02 1.268e+02
s>        ( - -1.448e+04 1 0)
s>        ( - -1.221e+04 1 0))INFO: dtree.c(1315): Comp split 18
INFO: dtree.c(1315): Comp split 19
INFO: dtree.c(1315): Comp split 20
INFO: dtree.c(1439): stop. leaf nodes are specific
INFO: dtree.c(1478): Final simple tree
|( QUESTION19 -1 -2.196e+03 1.164e+02 1.100e+01
|    ( - -6.963e+02 1 0)
|    ( - -1.383e+03 1 0))
s>    ( QUESTION19 -1 -2.196e+03 1.164e+02 1.100e+01
s>        ( - -6.963e+02 1 0)
s>        ( - -1.383e+03 1 0))INFO: dtree.c(1315): Comp split 21
INFO: dtree.c(1439): stop. leaf nodes are specific
INFO: dtree.c(1478): Final simple tree
|( SILENCE 1 -4.081e+04 1.528e+02 1.943e+02
|    ( - -6.132e+03 1 0)
|    ( QUESTION0_10_R 1 -3.452e+04 1.023e+02 1.641e+02
|        ( - -3.191e+04 1 0)
|        ( - -2.505e+03 1 0)))
s>    ( SILENCE 1 -4.081e+04 1.528e+02 1.943e+02
s>        ( - -6.132e+03 1 0)
s>        ( QUESTION0_10_R 1 -3.452e+04 1.023e+02 1.641e+02
s>            ( - -3.191e+04 1 0)
s>            ( - -2.505e+03 1 0)))INFO: dtree.c(1315): Comp split 22
INFO: dtree.c(1439): stop. leaf nodes are specific
INFO: dtree.c(1478): Final simple tree
|( QUESTION0 -1 -9.536e+03 1.305e+02 4.695e+01
|    ( - -6.890e+03 1 0)
|    ( - -2.516e+03 1 0))
s>    ( QUESTION0 -1 -9.536e+03 1.305e+02 4.695e+01
s>        ( - -6.890e+03 1 0)
s>        ( - -2.516e+03 1 0))INFO: dtree.c(1315): Comp split 23
INFO: dtree.c(1315): Comp split 24
INFO: dtree.c(1439): stop. leaf nodes are specific
INFO: dtree.c(1478): Final simple tree
|( QUESTION0_10_R 1 -3.452e+04 1.023e+02 1.641e+02
|    ( - -3.191e+04 1 0)
|    ( - -2.505e+03 1 0))
s>    ( QUESTION0_10_R 1 -3.452e+04 1.023e+02 1.641e+02
s>        ( - -3.191e+04 1 0)
s>        ( - -2.505e+03 1 0))INFO: dtree.c(1315): Comp split 25
INFO: dtree.c(1439): stop. leaf nodes are specific
INFO: dtree.c(1478): Final simple tree
|( QUESTION0 1 -5.557e+03 1.096e+02 2.601e+01
|    ( - -3.799e+03 1 0)
|    ( - -1.648e+03 1 0))
s>    ( QUESTION0 1 -5.557e+03 1.096e+02 2.601e+01
s>        ( - -3.799e+03 1 0)
s>        ( - -1.648e+03 1 0))INFO: dtree.c(1315): Comp split 26
INFO: dtree.c(1315): Comp split 27
INFO: dtree.c(1439): stop. leaf nodes are specific
INFO: dtree.c(1478): Final simple tree
|( QUESTION0_5_R 1 -1.066e+04 9.903e+01 4.919e+01
|    ( - -8.485e+03 1 0)
|    ( - -2.076e+03 1 0))
s>    ( QUESTION0_5_R 1 -1.066e+04 9.903e+01 4.919e+01
s>        ( - -8.485e+03 1 0)
s>        ( - -2.076e+03 1 0))INFO: dtree.c(1315): Comp split 28
INFO: dtree.c(1315): Comp split 29
INFO: dtree.c(1315): Comp split 30
INFO: dtree.c(1315): Comp split 31
INFO: dtree.c(1315): Comp split 32
INFO: dtree.c(1318): stop. leaf nodes are specific
Mon Jan 30 07:35:45 2017
