Current configuration:
[NAME]		[DEFLT]	[VALUE]
-allphones	no	no
-cntthresh	0.00001	1.000000e-05
-csplitmax	100	2000
-csplitmin	1	1
-csplitthr	8e-4	0.000000e+00
-example	no	no
-fullvar	no	no
-help		no	no
-meanfn			/Users/benroye/forge/cmusphinx/voiceVim/model_parameters/voiceVim.cd_cont_untied/means
-mixwfn			/Users/benroye/forge/cmusphinx/voiceVim/model_parameters/voiceVim.cd_cont_untied/mixture_weights
-moddeffn		/Users/benroye/forge/cmusphinx/voiceVim/model_architecture/voiceVim.untied.mdef
-mwfloor	1e-4	1.000000e-08
-phone			ee
-psetfn			/Users/benroye/forge/cmusphinx/voiceVim/model_architecture/voiceVim.tree_questions
-ssplitmax	5	7
-ssplitmin	1	1
-ssplitthr	8e-4	0.000000e+00
-state			1
-stwt			1.0,0.05,0.0,
-treefn			/Users/benroye/forge/cmusphinx/voiceVim/trees/voiceVim.unpruned/ee-1.dtree
-ts2cbfn	.semi.	.cont.
-varfloor	0.00001	1.000000e-05
-varfn			/Users/benroye/forge/cmusphinx/voiceVim/model_parameters/voiceVim.cd_cont_untied/variances

INFO: main.c(223): Reading: /Users/benroye/forge/cmusphinx/voiceVim/model_architecture/voiceVim.untied.mdef
INFO: model_def_io.c(573): Model definition info:
INFO: model_def_io.c(574): 2249 total models defined (39 base, 2210 tri)
INFO: model_def_io.c(575): 8996 total states
INFO: model_def_io.c(576): 6747 total tied states
INFO: model_def_io.c(577): 117 total tied CI states
INFO: model_def_io.c(578): 39 total tied transition matrices
INFO: model_def_io.c(579): 4 max state/model
INFO: model_def_io.c(580): 4 min state/model
INFO: main.c(242): Building trees for [ee SIL g b] through [ee v uh i]
INFO: main.c(269): Covering states |[1209 1445]| == 237
INFO: main.c(275): Reading: /Users/benroye/forge/cmusphinx/voiceVim/model_parameters/voiceVim.cd_cont_untied/mixture_weights
INFO: s3mixw_io.c(173): Read /Users/benroye/forge/cmusphinx/voiceVim/model_parameters/voiceVim.cd_cont_untied/mixture_weights [237x1x1 array]
INFO: main.c(311): 79 of 79 models have observation count greater than 0.000010
INFO: main.c(95): nrm stwt: 0.045 0.909 0.045 
INFO: s3gau_io.c(169): Read /Users/benroye/forge/cmusphinx/voiceVim/model_parameters/voiceVim.cd_cont_untied/means [6747x1x1 array]
INFO: s3gau_io.c(169): Read /Users/benroye/forge/cmusphinx/voiceVim/model_parameters/voiceVim.cd_cont_untied/variances [6747x1x1 array]
INFO: main.c(549): Reading: /Users/benroye/forge/cmusphinx/voiceVim/model_architecture/voiceVim.tree_questions
INFO: main.c(588): 174 total simple questions (166 phone; 8 word bndry)
INFO: main.c(590): 40 Left Only questions, and 42 Right Only questions
INFO: dtree.c(1478): Final simple tree
|( QUESTION0 -1 -1.058e+06 6.552e+03 5.238e+03
|    ( QUESTION4 1 -3.347e+05 3.321e+03 1.731e+03
|        ( - -2.904e+05 4 0 QUESTION0_8_R 1 1.023e+03 1.526e+03)
|        ( - -4.099e+04 6 0 WDBNDRY_B 0 5.659e+02 2.049e+02))
|    ( QUESTION0_20_R 1 -7.170e+05 5.002e+03 3.507e+03
|        ( QUESTION2_18_L -1 -1.389e+05 2.337e+03 7.179e+02
|            ( - -1.123e+05 1 0)
|            ( - -2.430e+04 3 0 WDBNDRY_E 0 7.172e+02 1.225e+02))
|        ( QUESTION0_2_R 1 -5.731e+05 4.784e+03 2.789e+03
|            ( - -1.104e+05 4 0 WDBNDRY_E 0 9.792e+02 5.544e+02)
|            ( QUESTION18 -1 -4.580e+05 2.751e+03 2.235e+03
|                ( WDBNDRY_I 0 -1.513e+05 1.586e+03 7.625e+02
|                    ( - -2.667e+04 3 0 QUESTION0_10_R 1 6.835e+02 1.308e+02)
|                    ( - -1.231e+05 17 0 QUESTION4 1 3.825e+02 6.316e+02))
|                ( - -3.039e+05 41 0 WDBNDRY_E 0 1.311e+03 1.472e+03)))))
s>    ( QUESTION0 -1 -1.058e+06 6.552e+03 5.238e+03
s>        ( QUESTION4 1 -3.347e+05 3.321e+03 1.731e+03
s>            ( - -2.904e+05 4 0 QUESTION0_8_R 1 1.023e+03 1.526e+03)
s>            ( - -4.099e+04 6 0 WDBNDRY_B 0 5.659e+02 2.049e+02))
s>        ( QUESTION0_20_R 1 -7.170e+05 5.002e+03 3.507e+03
s>            ( QUESTION2_18_L -1 -1.389e+05 2.337e+03 7.179e+02
s>                ( - -1.123e+05 1 0)
s>                ( - -2.430e+04 3 0 WDBNDRY_E 0 7.172e+02 1.225e+02))
s>            ( QUESTION0_2_R 1 -5.731e+05 4.784e+03 2.789e+03
s>                ( - -1.104e+05 4 0 WDBNDRY_E 0 9.792e+02 5.544e+02)
s>                ( QUESTION18 -1 -4.580e+05 2.751e+03 2.235e+03
s>                    ( WDBNDRY_I 0 -1.513e+05 1.586e+03 7.625e+02
s>                        ( - -2.667e+04 3 0 QUESTION0_10_R 1 6.835e+02 1.308e+02)
s>                        ( - -1.231e+05 17 0 QUESTION4 1 3.825e+02 6.316e+02))
s>                    ( - -3.039e+05 41 0 WDBNDRY_E 0 1.311e+03 1.472e+03)))))INFO: dtree.c(1315): Comp split 0
INFO: dtree.c(1439): stop. leaf nodes are specific
INFO: dtree.c(1478): Final simple tree
|( QUESTION0 -1 -4.078e+05 5.057e+03 2.121e+03
|    ( QUESTION0_8_R 1 -2.904e+05 1.023e+03 1.526e+03
|        ( WDBNDRY_E 0 -1.122e+05 4.495e+02 5.913e+02
|            ( - -2.142e+03 1 0)
|            ( - -1.096e+05 1 0))
|        ( WDBNDRY_B 0 -1.773e+05 3.642e+02 9.346e+02
|            ( - -8.164e+02 1 0)
|            ( - -1.761e+05 1 0)))
|    ( - -1.123e+05 1 0))
s>    ( QUESTION0 -1 -4.078e+05 5.057e+03 2.121e+03
s>        ( QUESTION0_8_R 1 -2.904e+05 1.023e+03 1.526e+03
s>            ( WDBNDRY_E 0 -1.122e+05 4.495e+02 5.913e+02
s>                ( - -2.142e+03 1 0)
s>                ( - -1.096e+05 1 0))
s>            ( WDBNDRY_B 0 -1.773e+05 3.642e+02 9.346e+02
s>                ( - -8.164e+02 1 0)
s>                ( - -1.761e+05 1 0)))
s>        ( - -1.123e+05 1 0))INFO: dtree.c(1478): Final simple tree
|( QUESTION0_2_R 1 -6.399e+05 5.026e+03 3.117e+03
|    ( WDBNDRY_E 0 -1.104e+05 9.792e+02 5.544e+02
|        ( - -1.272e+04 3 0 QUESTION4 -1 3.545e+02 6.645e+01)
|        ( - -9.666e+04 1 0))
|    ( QUESTION2_9_L -1 -5.245e+05 2.951e+03 2.562e+03
|        ( QUESTION0_5_R 1 -2.994e+05 1.296e+03 1.459e+03
|            ( - -9.619e+04 3 0 QUESTION2_10_L -1 2.711e+02 4.817e+02)
|            ( WDBNDRY_I 0 -2.020e+05 1.238e+03 9.769e+02
|                ( - -3.948e+04 5 0 QUESTION0_7_R 1 8.621e+02 1.919e+02)
|                ( - -1.612e+05 24 0 QUESTION0_11_R 1 5.999e+02 7.849e+02)))
|        ( WDBNDRY_E 0 -2.221e+05 1.649e+03 1.104e+03
|            ( - -1.319e+05 17 0 QUESTION0_11_R 1 3.983e+02 6.758e+02)
|            ( QUESTION0_11_R 1 -8.858e+04 9.603e+02 4.278e+02
|                ( - -1.200e+04 2 0 WDBNDRY_B 0 2.906e+02 5.748e+01)
|                ( - -7.562e+04 19 0 QUESTION0_9_R 1 6.342e+02 3.703e+02)))))
s>    ( QUESTION0_2_R 1 -6.399e+05 5.026e+03 3.117e+03
s>        ( WDBNDRY_E 0 -1.104e+05 9.792e+02 5.544e+02
s>            ( - -1.272e+04 3 0 QUESTION4 -1 3.545e+02 6.645e+01)
s>            ( - -9.666e+04 1 0))
s>        ( QUESTION2_9_L -1 -5.245e+05 2.951e+03 2.562e+03
s>            ( QUESTION0_5_R 1 -2.994e+05 1.296e+03 1.459e+03
s>                ( - -9.619e+04 3 0 QUESTION2_10_L -1 2.711e+02 4.817e+02)
s>                ( WDBNDRY_I 0 -2.020e+05 1.238e+03 9.769e+02
s>                    ( - -3.948e+04 5 0 QUESTION0_7_R 1 8.621e+02 1.919e+02)
s>                    ( - -1.612e+05 24 0 QUESTION0_11_R 1 5.999e+02 7.849e+02)))
s>            ( WDBNDRY_E 0 -2.221e+05 1.649e+03 1.104e+03
s>                ( - -1.319e+05 17 0 QUESTION0_11_R 1 3.983e+02 6.758e+02)
s>                ( QUESTION0_11_R 1 -8.858e+04 9.603e+02 4.278e+02
s>                    ( - -1.200e+04 2 0 WDBNDRY_B 0 2.906e+02 5.748e+01)
s>                    ( - -7.562e+04 19 0 QUESTION0_9_R 1 6.342e+02 3.703e+02)))))INFO: dtree.c(1315): Comp split 1
INFO: dtree.c(1478): Final simple tree
|( QUESTION2_9_L -1 -5.376e+05 3.060e+03 2.629e+03
|    ( WDBNDRY_E 0 -3.076e+05 1.304e+03 1.501e+03
|        ( - -1.711e+05 25 0 QUESTION0_11_R 1 5.546e+02 8.344e+02)
|        ( QUESTION0_4_R 1 -1.353e+05 1.270e+03 6.666e+02
|            ( - -9.319e+04 3 0 WDBNDRY_B 0 2.767e+02 4.687e+02)
|            ( QUESTION0_7_R 1 -4.079e+04 7.872e+02 1.979e+02
|                ( - -1.742e+04 2 0 WDBNDRY_B 0 3.432e+02 8.781e+01)
|                ( - -2.258e+04 4 0 QUESTION0_0_R 1 5.207e+02 1.101e+02))))
|    ( WDBNDRY_E 0 -2.269e+05 1.701e+03 1.128e+03
|        ( - -1.366e+05 18 0 QUESTION0_0_R 1 3.896e+02 6.998e+02)
|        ( QUESTION0_11_R 1 -8.858e+04 9.603e+02 4.278e+02
|            ( - -1.200e+04 2 0 WDBNDRY_B 0 2.906e+02 5.748e+01)
|            ( QUESTION0_9_R 1 -7.562e+04 6.342e+02 3.703e+02
|                ( - -2.037e+04 6 0 SILENCE -1 3.987e+02 1.074e+02)
|                ( - -5.462e+04 13 0 QUESTION0_4_R 1 5.931e+02 2.630e+02)))))
s>    ( QUESTION2_9_L -1 -5.376e+05 3.060e+03 2.629e+03
s>        ( WDBNDRY_E 0 -3.076e+05 1.304e+03 1.501e+03
s>            ( - -1.711e+05 25 0 QUESTION0_11_R 1 5.546e+02 8.344e+02)
s>            ( QUESTION0_4_R 1 -1.353e+05 1.270e+03 6.666e+02
s>                ( - -9.319e+04 3 0 WDBNDRY_B 0 2.767e+02 4.687e+02)
s>                ( QUESTION0_7_R 1 -4.079e+04 7.872e+02 1.979e+02
s>                    ( - -1.742e+04 2 0 WDBNDRY_B 0 3.432e+02 8.781e+01)
s>                    ( - -2.258e+04 4 0 QUESTION0_0_R 1 5.207e+02 1.101e+02))))
s>        ( WDBNDRY_E 0 -2.269e+05 1.701e+03 1.128e+03
s>            ( - -1.366e+05 18 0 QUESTION0_0_R 1 3.896e+02 6.998e+02)
s>            ( QUESTION0_11_R 1 -8.858e+04 9.603e+02 4.278e+02
s>                ( - -1.200e+04 2 0 WDBNDRY_B 0 2.906e+02 5.748e+01)
s>                ( QUESTION0_9_R 1 -7.562e+04 6.342e+02 3.703e+02
s>                    ( - -2.037e+04 6 0 SILENCE -1 3.987e+02 1.074e+02)
s>                    ( - -5.462e+04 13 0 QUESTION0_4_R 1 5.931e+02 2.630e+02)))))INFO: dtree.c(1315): Comp split 2
INFO: dtree.c(1439): stop. leaf nodes are specific
INFO: dtree.c(1478): Final simple tree
|( QUESTION0_8_R 1 -2.904e+05 1.023e+03 1.526e+03
|    ( WDBNDRY_E 0 -1.122e+05 4.495e+02 5.913e+02
|        ( - -2.142e+03 1 0)
|        ( - -1.096e+05 1 0))
|    ( WDBNDRY_B 0 -1.773e+05 3.642e+02 9.346e+02
|        ( - -8.164e+02 1 0)
|        ( - -1.761e+05 1 0)))
s>    ( QUESTION0_8_R 1 -2.904e+05 1.023e+03 1.526e+03
s>        ( WDBNDRY_E 0 -1.122e+05 4.495e+02 5.913e+02
s>            ( - -2.142e+03 1 0)
s>            ( - -1.096e+05 1 0))
s>        ( WDBNDRY_B 0 -1.773e+05 3.642e+02 9.346e+02
s>            ( - -8.164e+02 1 0)
s>            ( - -1.761e+05 1 0)))INFO: dtree.c(1315): Comp split 3
INFO: dtree.c(1478): Final simple tree
|( WDBNDRY_E 0 -2.269e+05 1.701e+03 1.128e+03
|    ( - -1.366e+05 18 0 QUESTION0_0_R 1 3.896e+02 6.998e+02)
|    ( QUESTION0_11_R 1 -8.858e+04 9.603e+02 4.278e+02
|        ( - -1.200e+04 2 0 WDBNDRY_B 0 2.906e+02 5.748e+01)
|        ( QUESTION0_9_R 1 -7.562e+04 6.342e+02 3.703e+02
|            ( SILENCE -1 -2.037e+04 3.987e+02 1.074e+02
|                ( - -1.485e+03 1 0)
|                ( - -1.848e+04 5 0 QUESTION2_5_L -1 3.913e+02 9.736e+01))
|            ( QUESTION0_4_R 1 -5.462e+04 5.931e+02 2.630e+02
|                ( WDBNDRY_B 0 -4.269e+04 5.737e+02 2.139e+02
|                    ( SILENCE -1 -2.047e+04 4.837e+02 1.015e+02
|                        ( - 2.414e+02 1 0)
|                        ( - -2.023e+04 5 0 QUESTION2_2_L -1 2.399e+02 1.005e+02))
|                    ( - -2.165e+04 1 0))
|                ( - -1.134e+04 6 0 QUESTION13 -1 3.215e+02 4.905e+01)))))
s>    ( WDBNDRY_E 0 -2.269e+05 1.701e+03 1.128e+03
s>        ( - -1.366e+05 18 0 QUESTION0_0_R 1 3.896e+02 6.998e+02)
s>        ( QUESTION0_11_R 1 -8.858e+04 9.603e+02 4.278e+02
s>            ( - -1.200e+04 2 0 WDBNDRY_B 0 2.906e+02 5.748e+01)
s>            ( QUESTION0_9_R 1 -7.562e+04 6.342e+02 3.703e+02
s>                ( SILENCE -1 -2.037e+04 3.987e+02 1.074e+02
s>                    ( - -1.485e+03 1 0)
s>                    ( - -1.848e+04 5 0 QUESTION2_5_L -1 3.913e+02 9.736e+01))
s>                ( QUESTION0_4_R 1 -5.462e+04 5.931e+02 2.630e+02
s>                    ( WDBNDRY_B 0 -4.269e+04 5.737e+02 2.139e+02
s>                        ( SILENCE -1 -2.047e+04 4.837e+02 1.015e+02
s>                            ( - 2.414e+02 1 0)
s>                            ( - -2.023e+04 5 0 QUESTION2_2_L -1 2.399e+02 1.005e+02))
s>                        ( - -2.165e+04 1 0))
s>                    ( - -1.134e+04 6 0 QUESTION13 -1 3.215e+02 4.905e+01)))))INFO: dtree.c(1478): Final simple tree
|( WDBNDRY_E 0 -3.076e+05 1.304e+03 1.501e+03
|    ( QUESTION0_11_R 1 -1.711e+05 5.546e+02 8.344e+02
|        ( - -6.659e+04 5 0 QUESTION0_12_R 1 4.743e+02 3.254e+02)
|        ( QUESTION2_10_L -1 -1.039e+05 4.822e+02 5.091e+02
|            ( QUESTION0_8_R 1 -2.511e+04 4.889e+02 1.279e+02
|                ( - 2.192e+02 1 0)
|                ( - -2.484e+04 8 0 QUESTION19 1 3.151e+02 1.269e+02))
|            ( - -7.834e+04 11 0 QUESTION0_2_R 1 4.087e+02 3.811e+02)))
|    ( QUESTION0_4_R 1 -1.353e+05 1.270e+03 6.666e+02
|        ( - -9.319e+04 3 0 WDBNDRY_B 0 2.767e+02 4.687e+02)
|        ( QUESTION0_7_R 1 -4.079e+04 7.872e+02 1.979e+02
|            ( - -1.742e+04 2 0 WDBNDRY_B 0 3.432e+02 8.781e+01)
|            ( QUESTION0_0_R 1 -2.258e+04 5.207e+02 1.101e+02
|                ( - -1.351e+04 3 0 QUESTION0 1 3.409e+02 6.482e+01)
|                ( - -8.557e+03 1 0)))))
s>    ( WDBNDRY_E 0 -3.076e+05 1.304e+03 1.501e+03
s>        ( QUESTION0_11_R 1 -1.711e+05 5.546e+02 8.344e+02
s>            ( - -6.659e+04 5 0 QUESTION0_12_R 1 4.743e+02 3.254e+02)
s>            ( QUESTION2_10_L -1 -1.039e+05 4.822e+02 5.091e+02
s>                ( QUESTION0_8_R 1 -2.511e+04 4.889e+02 1.279e+02
s>                    ( - 2.192e+02 1 0)
s>                    ( - -2.484e+04 8 0 QUESTION19 1 3.151e+02 1.269e+02))
s>                ( - -7.834e+04 11 0 QUESTION0_2_R 1 4.087e+02 3.811e+02)))
s>        ( QUESTION0_4_R 1 -1.353e+05 1.270e+03 6.666e+02
s>            ( - -9.319e+04 3 0 WDBNDRY_B 0 2.767e+02 4.687e+02)
s>            ( QUESTION0_7_R 1 -4.079e+04 7.872e+02 1.979e+02
s>                ( - -1.742e+04 2 0 WDBNDRY_B 0 3.432e+02 8.781e+01)
s>                ( QUESTION0_0_R 1 -2.258e+04 5.207e+02 1.101e+02
s>                    ( - -1.351e+04 3 0 QUESTION0 1 3.409e+02 6.482e+01)
s>                    ( - -8.557e+03 1 0)))))INFO: dtree.c(1315): Comp split 4
INFO: dtree.c(1478): Final simple tree
|( QUESTION3 1 -1.387e+05 4.401e+02 7.108e+02
|    ( WDBNDRY_B 0 -1.084e+05 4.802e+02 5.573e+02
|        ( - 2.414e+02 1 0)
|        ( QUESTION11 1 -1.082e+05 3.567e+02 5.563e+02
|            ( - -2.794e+04 1 0)
|            ( QUESTION19 1 -7.985e+04 3.066e+02 4.065e+02
|                ( - -7.506e+03 1 0)
|                ( QUESTION0_0_R 1 -7.204e+04 2.972e+02 3.645e+02
|                    ( QUESTION0_8_R 1 -6.034e+04 3.154e+02 3.053e+02
|                        ( - -6.712e+03 2 0 QUESTION4 1 2.770e+02 3.401e+01)
|                        ( - -5.332e+04 9 0 QUESTION0_14_R 1 2.864e+02 2.713e+02))
|                    ( - -1.140e+04 1 0)))))
|    ( WDBNDRY_B 0 -2.989e+04 3.546e+02 1.535e+02
|        ( - -1.485e+03 1 0)
|        ( - -2.806e+04 4 0 QUESTION0_1_R 1 2.856e+02 1.435e+02)))
s>    ( QUESTION3 1 -1.387e+05 4.401e+02 7.108e+02
s>        ( WDBNDRY_B 0 -1.084e+05 4.802e+02 5.573e+02
s>            ( - 2.414e+02 1 0)
s>            ( QUESTION11 1 -1.082e+05 3.567e+02 5.563e+02
s>                ( - -2.794e+04 1 0)
s>                ( QUESTION19 1 -7.985e+04 3.066e+02 4.065e+02
s>                    ( - -7.506e+03 1 0)
s>                    ( QUESTION0_0_R 1 -7.204e+04 2.972e+02 3.645e+02
s>                        ( QUESTION0_8_R 1 -6.034e+04 3.154e+02 3.053e+02
s>                            ( - -6.712e+03 2 0 QUESTION4 1 2.770e+02 3.401e+01)
s>                            ( - -5.332e+04 9 0 QUESTION0_14_R 1 2.864e+02 2.713e+02))
s>                        ( - -1.140e+04 1 0)))))
s>        ( WDBNDRY_B 0 -2.989e+04 3.546e+02 1.535e+02
s>            ( - -1.485e+03 1 0)
s>            ( - -2.806e+04 4 0 QUESTION0_1_R 1 2.856e+02 1.435e+02)))INFO: dtree.c(1478): Final simple tree
|( QUESTION0_11_R 1 -8.643e+04 9.325e+02 4.168e+02
|    ( - -1.200e+04 2 0 WDBNDRY_B 0 2.906e+02 5.748e+01)
|    ( WDBNDRY_B 0 -7.350e+04 6.552e+02 3.593e+02
|        ( QUESTION2_6_L -1 -3.089e+04 3.440e+02 1.505e+02
|            ( - -1.196e+03 1 0)
|            ( QUESTION0_9_R 1 -2.935e+04 3.521e+02 1.425e+02
|                ( - -4.508e+03 3 0 QUESTION11 -1 2.201e+02 2.400e+01)
|                ( - -2.449e+04 9 0 QUESTION1 -1 2.457e+02 1.185e+02)))
|        ( QUESTION0_8_R 1 -4.196e+04 6.989e+02 2.089e+02
|            ( - -4.098e+03 1 0)
|            ( QUESTION0_4_R 1 -3.716e+04 4.009e+02 1.908e+02
|                ( - -2.165e+04 1 0)
|                ( QUESTION0_1_R 1 -1.511e+04 3.195e+02 7.836e+01
|                    ( - -2.679e+03 1 0)
|                    ( - -1.211e+04 1 0))))))
s>    ( QUESTION0_11_R 1 -8.643e+04 9.325e+02 4.168e+02
s>        ( - -1.200e+04 2 0 WDBNDRY_B 0 2.906e+02 5.748e+01)
s>        ( WDBNDRY_B 0 -7.350e+04 6.552e+02 3.593e+02
s>            ( QUESTION2_6_L -1 -3.089e+04 3.440e+02 1.505e+02
s>                ( - -1.196e+03 1 0)
s>                ( QUESTION0_9_R 1 -2.935e+04 3.521e+02 1.425e+02
s>                    ( - -4.508e+03 3 0 QUESTION11 -1 2.201e+02 2.400e+01)
s>                    ( - -2.449e+04 9 0 QUESTION1 -1 2.457e+02 1.185e+02)))
s>            ( QUESTION0_8_R 1 -4.196e+04 6.989e+02 2.089e+02
s>                ( - -4.098e+03 1 0)
s>                ( QUESTION0_4_R 1 -3.716e+04 4.009e+02 1.908e+02
s>                    ( - -2.165e+04 1 0)
s>                    ( QUESTION0_1_R 1 -1.511e+04 3.195e+02 7.836e+01
s>                        ( - -2.679e+03 1 0)
s>                        ( - -1.211e+04 1 0))))))INFO: dtree.c(1315): Comp split 5
INFO: dtree.c(1478): Final simple tree
|( WDBNDRY_E 0 -1.946e+05 9.373e+02 9.445e+02
|    ( QUESTION0_11_R 1 -1.711e+05 5.546e+02 8.344e+02
|        ( QUESTION0_12_R 1 -6.659e+04 4.743e+02 3.254e+02
|            ( - -3.068e+04 4 0 QUESTION2_10_L -1 3.796e+02 1.526e+02)
|            ( - -3.544e+04 1 0))
|        ( QUESTION2_10_L -1 -1.039e+05 4.822e+02 5.091e+02
|            ( QUESTION0_8_R 1 -2.511e+04 4.889e+02 1.279e+02
|                ( - 2.192e+02 1 0)
|                ( - -2.484e+04 8 0 QUESTION19 1 3.151e+02 1.269e+02))
|            ( QUESTION0_2_R 1 -7.834e+04 4.087e+02 3.811e+02
|                ( - -2.984e+03 1 0)
|                ( - -7.495e+04 10 0 QUESTION11 1 2.765e+02 3.647e+02))))
|    ( QUESTION0_0_R 1 -2.258e+04 5.207e+02 1.101e+02
|        ( - -1.351e+04 3 0 QUESTION0 1 3.409e+02 6.482e+01)
|        ( - -8.557e+03 1 0)))
s>    ( WDBNDRY_E 0 -1.946e+05 9.373e+02 9.445e+02
s>        ( QUESTION0_11_R 1 -1.711e+05 5.546e+02 8.344e+02
s>            ( QUESTION0_12_R 1 -6.659e+04 4.743e+02 3.254e+02
s>                ( - -3.068e+04 4 0 QUESTION2_10_L -1 3.796e+02 1.526e+02)
s>                ( - -3.544e+04 1 0))
s>            ( QUESTION2_10_L -1 -1.039e+05 4.822e+02 5.091e+02
s>                ( QUESTION0_8_R 1 -2.511e+04 4.889e+02 1.279e+02
s>                    ( - 2.192e+02 1 0)
s>                    ( - -2.484e+04 8 0 QUESTION19 1 3.151e+02 1.269e+02))
s>                ( QUESTION0_2_R 1 -7.834e+04 4.087e+02 3.811e+02
s>                    ( - -2.984e+03 1 0)
s>                    ( - -7.495e+04 10 0 QUESTION11 1 2.765e+02 3.647e+02))))
s>        ( QUESTION0_0_R 1 -2.258e+04 5.207e+02 1.101e+02
s>            ( - -1.351e+04 3 0 QUESTION0 1 3.409e+02 6.482e+01)
s>            ( - -8.557e+03 1 0)))INFO: dtree.c(1439): stop. leaf nodes are specific
INFO: dtree.c(1478): Final simple tree
|( QUESTION4 1 -1.116e+05 1.081e+03 5.565e+02
|    ( - -1.603e+04 1 0)
|    ( QUESTION19 1 -9.445e+04 2.750e+02 4.747e+02
|        ( QUESTION2_10_L -1 -2.259e+03 1.337e+02 1.300e+01
|            ( - -8.330e+02 1 0)
|            ( - -1.292e+03 1 0))
|        ( WDBNDRY_B 0 -9.192e+04 2.218e+02 4.617e+02
|            ( - -1.045e+03 1 0)
|            ( - -9.065e+04 1 0))))
s>    ( QUESTION4 1 -1.116e+05 1.081e+03 5.565e+02
s>        ( - -1.603e+04 1 0)
s>        ( QUESTION19 1 -9.445e+04 2.750e+02 4.747e+02
s>            ( QUESTION2_10_L -1 -2.259e+03 1.337e+02 1.300e+01
s>                ( - -8.330e+02 1 0)
s>                ( - -1.292e+03 1 0))
s>            ( WDBNDRY_B 0 -9.192e+04 2.218e+02 4.617e+02
s>                ( - -1.045e+03 1 0)
s>                ( - -9.065e+04 1 0))))INFO: dtree.c(1315): Comp split 6
INFO: dtree.c(1439): stop. leaf nodes are specific
INFO: dtree.c(1478): Final simple tree
|( QUESTION19 1 -9.445e+04 2.750e+02 4.747e+02
|    ( QUESTION2_10_L -1 -2.259e+03 1.337e+02 1.300e+01
|        ( - -8.330e+02 1 0)
|        ( - -1.292e+03 1 0))
|    ( WDBNDRY_B 0 -9.192e+04 2.218e+02 4.617e+02
|        ( - -1.045e+03 1 0)
|        ( - -9.065e+04 1 0)))
s>    ( QUESTION19 1 -9.445e+04 2.750e+02 4.747e+02
s>        ( QUESTION2_10_L -1 -2.259e+03 1.337e+02 1.300e+01
s>            ( - -8.330e+02 1 0)
s>            ( - -1.292e+03 1 0))
s>        ( WDBNDRY_B 0 -9.192e+04 2.218e+02 4.617e+02
s>            ( - -1.045e+03 1 0)
s>            ( - -9.065e+04 1 0)))INFO: dtree.c(1315): Comp split 7
INFO: dtree.c(1439): stop. leaf nodes are specific
INFO: dtree.c(1478): Final simple tree
|( QUESTION0_1_R 1 -4.060e+04 4.707e+02 2.098e+02
|    ( - -2.165e+04 1 0)
|    ( QUESTION2_5_L -1 -1.848e+04 3.913e+02 9.736e+01
|        ( - -1.196e+03 1 0)
|        ( WDBNDRY_B 0 -1.690e+04 2.745e+02 8.936e+01
|            ( QUESTION11 -1 -4.508e+03 2.201e+02 2.400e+01
|                ( - -9.642e+02 1 0)
|                ( QUESTION0 -1 -3.324e+03 1.313e+02 1.800e+01
|                    ( - -1.628e+03 1 0)
|                    ( - -1.564e+03 1 0)))
|            ( - -1.211e+04 1 0))))
s>    ( QUESTION0_1_R 1 -4.060e+04 4.707e+02 2.098e+02
s>        ( - -2.165e+04 1 0)
s>        ( QUESTION2_5_L -1 -1.848e+04 3.913e+02 9.736e+01
s>            ( - -1.196e+03 1 0)
s>            ( WDBNDRY_B 0 -1.690e+04 2.745e+02 8.936e+01
s>                ( QUESTION11 -1 -4.508e+03 2.201e+02 2.400e+01
s>                    ( - -9.642e+02 1 0)
s>                    ( QUESTION0 -1 -3.324e+03 1.313e+02 1.800e+01
s>                        ( - -1.628e+03 1 0)
s>                        ( - -1.564e+03 1 0)))
s>                ( - -1.211e+04 1 0))))INFO: dtree.c(1478): Final simple tree
|( QUESTION0_9_R 1 -4.478e+04 7.827e+02 2.070e+02
|    ( WDBNDRY_B 0 -1.200e+04 2.906e+02 5.748e+01
|        ( - -8.165e+02 1 0)
|        ( - -1.089e+04 1 0))
|    ( QUESTION13 -1 -3.200e+04 4.733e+02 1.495e+02
|        ( - -4.098e+03 1 0)
|        ( QUESTION0_4_R 1 -2.743e+04 2.847e+02 1.315e+02
|            ( QUESTION2_2_L -1 -2.023e+04 2.399e+02 1.005e+02
|                ( - -1.989e+02 1 0)
|                ( QUESTION0 -1 -1.979e+04 2.150e+02 9.848e+01
|                    ( - -1.509e+04 1 0)
|                    ( - -4.487e+03 3 0 QUESTION4 -1 1.329e+02 2.300e+01)))
|            ( WDBNDRY_B 0 -6.920e+03 2.078e+02 3.100e+01
|                ( - -4.033e+03 4 0 QUESTION0 -1 1.621e+02 1.800e+01)
|                ( - -2.679e+03 1 0)))))
s>    ( QUESTION0_9_R 1 -4.478e+04 7.827e+02 2.070e+02
s>        ( WDBNDRY_B 0 -1.200e+04 2.906e+02 5.748e+01
s>            ( - -8.165e+02 1 0)
s>            ( - -1.089e+04 1 0))
s>        ( QUESTION13 -1 -3.200e+04 4.733e+02 1.495e+02
s>            ( - -4.098e+03 1 0)
s>            ( QUESTION0_4_R 1 -2.743e+04 2.847e+02 1.315e+02
s>                ( QUESTION2_2_L -1 -2.023e+04 2.399e+02 1.005e+02
s>                    ( - -1.989e+02 1 0)
s>                    ( QUESTION0 -1 -1.979e+04 2.150e+02 9.848e+01
s>                        ( - -1.509e+04 1 0)
s>                        ( - -4.487e+03 3 0 QUESTION4 -1 1.329e+02 2.300e+01)))
s>                ( WDBNDRY_B 0 -6.920e+03 2.078e+02 3.100e+01
s>                    ( - -4.033e+03 4 0 QUESTION0 -1 1.621e+02 1.800e+01)
s>                    ( - -2.679e+03 1 0)))))INFO: dtree.c(1315): Comp split 8
INFO: dtree.c(1439): stop. leaf nodes are specific
INFO: dtree.c(1478): Final simple tree
|( WDBNDRY_B 0 -1.773e+05 3.642e+02 9.346e+02
|    ( - -8.164e+02 1 0)
|    ( - -1.761e+05 1 0))
s>    ( WDBNDRY_B 0 -1.773e+05 3.642e+02 9.346e+02
s>        ( - -8.164e+02 1 0)
s>        ( - -1.761e+05 1 0))INFO: dtree.c(1439): stop. leaf nodes are specific
INFO: dtree.c(1478): Final simple tree
|( WDBNDRY_E 0 -1.122e+05 4.495e+02 5.913e+02
|    ( - -2.142e+03 1 0)
|    ( - -1.096e+05 1 0))
s>    ( WDBNDRY_E 0 -1.122e+05 4.495e+02 5.913e+02
s>        ( - -2.142e+03 1 0)
s>        ( - -1.096e+05 1 0))INFO: dtree.c(1315): Comp split 9
INFO: dtree.c(1478): Final simple tree
|( QUESTION0_11_R 1 -1.711e+05 5.546e+02 8.344e+02
|    ( QUESTION0_12_R 1 -6.659e+04 4.743e+02 3.254e+02
|        ( QUESTION2_10_L -1 -3.068e+04 3.796e+02 1.526e+02
|            ( - -2.869e+03 1 0)
|            ( - -2.743e+04 3 0 QUESTION0_15_R 1 2.712e+02 1.366e+02))
|        ( - -3.544e+04 1 0))
|    ( QUESTION2_10_L -1 -1.039e+05 4.822e+02 5.091e+02
|        ( QUESTION0_8_R 1 -2.511e+04 4.889e+02 1.279e+02
|            ( - 2.192e+02 1 0)
|            ( QUESTION19 1 -2.484e+04 3.151e+02 1.269e+02
|                ( - -6.734e+03 1 0)
|                ( - -1.779e+04 7 0 QUESTION0_2_R 1 2.352e+02 9.200e+01)))
|        ( QUESTION0_2_R 1 -7.834e+04 4.087e+02 3.811e+02
|            ( - -2.984e+03 1 0)
|            ( - -7.495e+04 10 0 QUESTION11 1 2.765e+02 3.647e+02))))
s>    ( QUESTION0_11_R 1 -1.711e+05 5.546e+02 8.344e+02
s>        ( QUESTION0_12_R 1 -6.659e+04 4.743e+02 3.254e+02
s>            ( QUESTION2_10_L -1 -3.068e+04 3.796e+02 1.526e+02
s>                ( - -2.869e+03 1 0)
s>                ( - -2.743e+04 3 0 QUESTION0_15_R 1 2.712e+02 1.366e+02))
s>            ( - -3.544e+04 1 0))
s>        ( QUESTION2_10_L -1 -1.039e+05 4.822e+02 5.091e+02
s>            ( QUESTION0_8_R 1 -2.511e+04 4.889e+02 1.279e+02
s>                ( - 2.192e+02 1 0)
s>                ( QUESTION19 1 -2.484e+04 3.151e+02 1.269e+02
s>                    ( - -6.734e+03 1 0)
s>                    ( - -1.779e+04 7 0 QUESTION0_2_R 1 2.352e+02 9.200e+01)))
s>            ( QUESTION0_2_R 1 -7.834e+04 4.087e+02 3.811e+02
s>                ( - -2.984e+03 1 0)
s>                ( - -7.495e+04 10 0 QUESTION11 1 2.765e+02 3.647e+02))))INFO: dtree.c(1439): stop. leaf nodes are specific
INFO: dtree.c(1478): Final simple tree
|( QUESTION0_0_R 1 -2.258e+04 5.207e+02 1.101e+02
|    ( QUESTION0 1 -1.351e+04 3.409e+02 6.482e+01
|        ( - -5.512e+03 2 0)
|        ( - -7.655e+03 1 0))
|    ( - -8.557e+03 1 0))
s>    ( QUESTION0_0_R 1 -2.258e+04 5.207e+02 1.101e+02
s>        ( QUESTION0 1 -1.351e+04 3.409e+02 6.482e+01
s>            ( - -5.512e+03 2 0)
s>            ( - -7.655e+03 1 0))
s>        ( - -8.557e+03 1 0))INFO: dtree.c(1315): Comp split 10
INFO: dtree.c(1478): Final simple tree
|( QUESTION2_10_L -1 -8.514e+04 3.379e+02 4.156e+02
|    ( QUESTION0_1_R 1 -9.852e+03 2.492e+02 5.091e+01
|        ( - -6.734e+03 1 0)
|        ( - -2.869e+03 1 0))
|    ( QUESTION11 1 -7.495e+04 2.765e+02 3.647e+02
|        ( - -2.171e+03 1 0)
|        ( SILENCE 1 -7.250e+04 2.530e+02 3.537e+02
|            ( - -6.678e+03 1 0)
|            ( QUESTION0_6_R 1 -6.557e+04 2.366e+02 3.222e+02
|                ( - -5.150e+03 2 0 QUESTION0 1 1.466e+02 2.591e+01)
|                ( QUESTION0_8_R 1 -6.019e+04 2.297e+02 2.963e+02
|                    ( - -4.602e+04 3 0 QUESTION4 1 1.745e+02 2.275e+02)
|                    ( QUESTION0_5_R 1 -1.394e+04 1.993e+02 6.880e+01
|                        ( - -2.894e+03 1 0)
|                        ( - -1.084e+04 2 0 QUESTION0_1_R 1 1.612e+02 5.480e+01)))))))
s>    ( QUESTION2_10_L -1 -8.514e+04 3.379e+02 4.156e+02
s>        ( QUESTION0_1_R 1 -9.852e+03 2.492e+02 5.091e+01
s>            ( - -6.734e+03 1 0)
s>            ( - -2.869e+03 1 0))
s>        ( QUESTION11 1 -7.495e+04 2.765e+02 3.647e+02
s>            ( - -2.171e+03 1 0)
s>            ( SILENCE 1 -7.250e+04 2.530e+02 3.537e+02
s>                ( - -6.678e+03 1 0)
s>                ( QUESTION0_6_R 1 -6.557e+04 2.366e+02 3.222e+02
s>                    ( - -5.150e+03 2 0 QUESTION0 1 1.466e+02 2.591e+01)
s>                    ( QUESTION0_8_R 1 -6.019e+04 2.297e+02 2.963e+02
s>                        ( - -4.602e+04 3 0 QUESTION4 1 1.745e+02 2.275e+02)
s>                        ( QUESTION0_5_R 1 -1.394e+04 1.993e+02 6.880e+01
s>                            ( - -2.894e+03 1 0)
s>                            ( - -1.084e+04 2 0 QUESTION0_1_R 1 1.612e+02 5.480e+01)))))))INFO: dtree.c(1478): Final simple tree
|( QUESTION0_8_R 1 -8.505e+04 4.825e+02 4.188e+02
|    ( - 2.192e+02 1 0)
|    ( QUESTION2_10_L -1 -8.479e+04 4.397e+02 4.178e+02
|        ( QUESTION0_2_R 1 -1.779e+04 2.352e+02 9.200e+01
|            ( - -4.577e+03 1 0)
|            ( QUESTION6 1 -1.298e+04 2.494e+02 6.600e+01
|                ( - -2.108e+03 1 0)
|                ( - -1.062e+04 5 0 QUESTION0_6_R 1 2.254e+02 5.400e+01)))
|        ( QUESTION0_12_R 1 -6.656e+04 4.114e+02 3.258e+02
|            ( QUESTION0_15_R 1 -2.743e+04 2.712e+02 1.366e+02
|                ( - -7.700e+02 1 0)
|                ( - -2.639e+04 2 0 QUESTION0_14_R 1 2.331e+02 1.316e+02))
|            ( QUESTION0_1_R 1 -3.872e+04 2.966e+02 1.893e+02
|                ( - -2.984e+03 1 0)
|                ( - -3.544e+04 1 0)))))
s>    ( QUESTION0_8_R 1 -8.505e+04 4.825e+02 4.188e+02
s>        ( - 2.192e+02 1 0)
s>        ( QUESTION2_10_L -1 -8.479e+04 4.397e+02 4.178e+02
s>            ( QUESTION0_2_R 1 -1.779e+04 2.352e+02 9.200e+01
s>                ( - -4.577e+03 1 0)
s>                ( QUESTION6 1 -1.298e+04 2.494e+02 6.600e+01
s>                    ( - -2.108e+03 1 0)
s>                    ( - -1.062e+04 5 0 QUESTION0_6_R 1 2.254e+02 5.400e+01)))
s>            ( QUESTION0_12_R 1 -6.656e+04 4.114e+02 3.258e+02
s>                ( QUESTION0_15_R 1 -2.743e+04 2.712e+02 1.366e+02
s>                    ( - -7.700e+02 1 0)
s>                    ( - -2.639e+04 2 0 QUESTION0_14_R 1 2.331e+02 1.316e+02))
s>                ( QUESTION0_1_R 1 -3.872e+04 2.966e+02 1.893e+02
s>                    ( - -2.984e+03 1 0)
s>                    ( - -3.544e+04 1 0)))))INFO: dtree.c(1315): Comp split 11
INFO: dtree.c(1478): Final simple tree
|( QUESTION13 -1 -3.307e+04 4.600e+02 1.545e+02
|    ( - -4.098e+03 1 0)
|    ( QUESTION0_4_R 1 -2.851e+04 3.151e+02 1.365e+02
|        ( QUESTION2_2_L -1 -2.023e+04 2.399e+02 1.005e+02
|            ( - -1.989e+02 1 0)
|            ( QUESTION0 -1 -1.979e+04 2.150e+02 9.848e+01
|                ( - -1.509e+04 1 0)
|                ( - -4.487e+03 3 0 QUESTION4 -1 1.329e+02 2.300e+01)))
|        ( QUESTION0_9_R 1 -7.971e+03 2.347e+02 3.600e+01
|            ( - -8.165e+02 1 0)
|            ( WDBNDRY_B 0 -6.920e+03 2.078e+02 3.100e+01
|                ( QUESTION0 -1 -4.033e+03 1.621e+02 1.800e+01
|                    ( - -7.534e+02 2 0)
|                    ( - -3.117e+03 2 0 SILENCE -1 1.554e+02 1.400e+01))
|                ( - -2.679e+03 1 0)))))
s>    ( QUESTION13 -1 -3.307e+04 4.600e+02 1.545e+02
s>        ( - -4.098e+03 1 0)
s>        ( QUESTION0_4_R 1 -2.851e+04 3.151e+02 1.365e+02
s>            ( QUESTION2_2_L -1 -2.023e+04 2.399e+02 1.005e+02
s>                ( - -1.989e+02 1 0)
s>                ( QUESTION0 -1 -1.979e+04 2.150e+02 9.848e+01
s>                    ( - -1.509e+04 1 0)
s>                    ( - -4.487e+03 3 0 QUESTION4 -1 1.329e+02 2.300e+01)))
s>            ( QUESTION0_9_R 1 -7.971e+03 2.347e+02 3.600e+01
s>                ( - -8.165e+02 1 0)
s>                ( WDBNDRY_B 0 -6.920e+03 2.078e+02 3.100e+01
s>                    ( QUESTION0 -1 -4.033e+03 1.621e+02 1.800e+01
s>                        ( - -7.534e+02 2 0)
s>                        ( - -3.117e+03 2 0 SILENCE -1 1.554e+02 1.400e+01))
s>                    ( - -2.679e+03 1 0)))))INFO: dtree.c(1315): Comp split 12
INFO: dtree.c(1478): Final simple tree
|( QUESTION10 1 -8.159e+04 3.520e+02 4.211e+02
|    ( QUESTION0_8_R 1 -4.862e+04 2.439e+02 2.587e+02
|        ( - -2.794e+04 1 0)
|        ( QUESTION0_1_R 1 -2.043e+04 2.026e+02 1.088e+02
|            ( QUESTION16 1 -1.252e+04 2.423e+02 6.594e+01
|                ( QUESTION0_4_R 1 -4.527e+03 1.811e+02 2.600e+01
|                    ( - -2.352e+03 1 0)
|                    ( - -1.994e+03 1 0))
|                ( - -7.748e+03 2 0 QUESTION0_4_R 1 1.447e+02 3.994e+01))
|            ( - -7.711e+03 1 0)))
|    ( QUESTION0_12_R 1 -3.262e+04 3.321e+02 1.625e+02
|        ( - -8.765e+03 1 0)
|        ( QUESTION0_3_R 1 -2.352e+04 1.983e+02 1.195e+02
|            ( - -2.148e+03 1 0)
|            ( - -2.118e+04 2 0 QUESTION0_1_R 1 1.382e+02 1.065e+02))))
s>    ( QUESTION10 1 -8.159e+04 3.520e+02 4.211e+02
s>        ( QUESTION0_8_R 1 -4.862e+04 2.439e+02 2.587e+02
s>            ( - -2.794e+04 1 0)
s>            ( QUESTION0_1_R 1 -2.043e+04 2.026e+02 1.088e+02
s>                ( QUESTION16 1 -1.252e+04 2.423e+02 6.594e+01
s>                    ( QUESTION0_4_R 1 -4.527e+03 1.811e+02 2.600e+01
s>                        ( - -2.352e+03 1 0)
s>                        ( - -1.994e+03 1 0))
s>                    ( - -7.748e+03 2 0 QUESTION0_4_R 1 1.447e+02 3.994e+01))
s>                ( - -7.711e+03 1 0)))
s>        ( QUESTION0_12_R 1 -3.262e+04 3.321e+02 1.625e+02
s>            ( - -8.765e+03 1 0)
s>            ( QUESTION0_3_R 1 -2.352e+04 1.983e+02 1.195e+02
s>                ( - -2.148e+03 1 0)
s>                ( - -2.118e+04 2 0 QUESTION0_1_R 1 1.382e+02 1.065e+02))))INFO: dtree.c(1478): Final simple tree
|( QUESTION0_0_R 1 -5.653e+04 3.733e+02 2.896e+02
|    ( WDBNDRY_B 0 -3.384e+04 3.387e+02 1.780e+02
|        ( QUESTION0_1_R 1 -1.759e+03 5.155e+02 1.100e+01
|            ( - 2.414e+02 1 0)
|            ( - -1.485e+03 1 0))
|        ( QUESTION13 1 -3.174e+04 3.143e+02 1.670e+02
|            ( - -2.539e+03 1 0)
|            ( QUESTION0_6_R 1 -2.889e+04 2.672e+02 1.540e+02
|                ( - -2.143e+03 1 0)
|                ( QUESTION0_8_R 1 -2.648e+04 2.357e+02 1.410e+02
|                    ( - -3.896e+03 1 0)
|                    ( QUESTION0_1_R 1 -2.235e+04 2.150e+02 1.200e+02
|                        ( - -7.506e+03 1 0)
|                        ( - -1.463e+04 1 0))))))
|    ( - -2.231e+04 3 0 QUESTION0 -1 2.037e+02 1.117e+02))
s>    ( QUESTION0_0_R 1 -5.653e+04 3.733e+02 2.896e+02
s>        ( WDBNDRY_B 0 -3.384e+04 3.387e+02 1.780e+02
s>            ( QUESTION0_1_R 1 -1.759e+03 5.155e+02 1.100e+01
s>                ( - 2.414e+02 1 0)
s>                ( - -1.485e+03 1 0))
s>            ( QUESTION13 1 -3.174e+04 3.143e+02 1.670e+02
s>                ( - -2.539e+03 1 0)
s>                ( QUESTION0_6_R 1 -2.889e+04 2.672e+02 1.540e+02
s>                    ( - -2.143e+03 1 0)
s>                    ( QUESTION0_8_R 1 -2.648e+04 2.357e+02 1.410e+02
s>                        ( - -3.896e+03 1 0)
s>                        ( QUESTION0_1_R 1 -2.235e+04 2.150e+02 1.200e+02
s>                            ( - -7.506e+03 1 0)
s>                            ( - -1.463e+04 1 0))))))
s>        ( - -2.231e+04 3 0 QUESTION0 -1 2.037e+02 1.117e+02))INFO: dtree.c(1315): Comp split 13
INFO: dtree.c(1478): Final simple tree
|( QUESTION0_8_R 1 -4.908e+04 4.864e+02 2.460e+02
|    ( - 2.192e+02 1 0)
|    ( QUESTION0_11_R 1 -4.881e+04 3.057e+02 2.450e+02
|        ( QUESTION0_15_R 1 -2.743e+04 2.712e+02 1.366e+02
|            ( - -7.700e+02 1 0)
|            ( QUESTION0_14_R 1 -2.639e+04 2.331e+02 1.316e+02
|                ( - -2.431e+04 1 0)
|                ( - -1.848e+03 1 0)))
|        ( QUESTION2_10_L -1 -2.108e+04 3.019e+02 1.085e+02
|            ( QUESTION0_2_R 1 -1.779e+04 2.352e+02 9.200e+01
|                ( - -4.577e+03 1 0)
|                ( QUESTION6 1 -1.298e+04 2.494e+02 6.600e+01
|                    ( - -2.108e+03 1 0)
|                    ( - -1.062e+04 5 0 QUESTION0_6_R 1 2.254e+02 5.400e+01)))
|            ( - -2.984e+03 1 0))))
s>    ( QUESTION0_8_R 1 -4.908e+04 4.864e+02 2.460e+02
s>        ( - 2.192e+02 1 0)
s>        ( QUESTION0_11_R 1 -4.881e+04 3.057e+02 2.450e+02
s>            ( QUESTION0_15_R 1 -2.743e+04 2.712e+02 1.366e+02
s>                ( - -7.700e+02 1 0)
s>                ( QUESTION0_14_R 1 -2.639e+04 2.331e+02 1.316e+02
s>                    ( - -2.431e+04 1 0)
s>                    ( - -1.848e+03 1 0)))
s>            ( QUESTION2_10_L -1 -2.108e+04 3.019e+02 1.085e+02
s>                ( QUESTION0_2_R 1 -1.779e+04 2.352e+02 9.200e+01
s>                    ( - -4.577e+03 1 0)
s>                    ( QUESTION6 1 -1.298e+04 2.494e+02 6.600e+01
s>                        ( - -2.108e+03 1 0)
s>                        ( - -1.062e+04 5 0 QUESTION0_6_R 1 2.254e+02 5.400e+01)))
s>                ( - -2.984e+03 1 0))))INFO: dtree.c(1315): Comp split 14
INFO: dtree.c(1439): stop. leaf nodes are specific
INFO: dtree.c(1478): Final simple tree
|( QUESTION0 1 -1.351e+04 3.409e+02 6.482e+01
|    ( - -5.512e+03 2 0)
|    ( - -7.655e+03 1 0))
s>    ( QUESTION0 1 -1.351e+04 3.409e+02 6.482e+01
s>        ( - -5.512e+03 2 0)
s>        ( - -7.655e+03 1 0))INFO: dtree.c(1315): Comp split 15
INFO: dtree.c(1478): Final simple tree
|( QUESTION0_11_R 1 -4.881e+04 3.057e+02 2.450e+02
|    ( QUESTION0_15_R 1 -2.743e+04 2.712e+02 1.366e+02
|        ( - -7.700e+02 1 0)
|        ( QUESTION0_14_R 1 -2.639e+04 2.331e+02 1.316e+02
|            ( - -2.431e+04 1 0)
|            ( - -1.848e+03 1 0)))
|    ( QUESTION2_10_L -1 -2.108e+04 3.019e+02 1.085e+02
|        ( QUESTION0_2_R 1 -1.779e+04 2.352e+02 9.200e+01
|            ( - -4.577e+03 1 0)
|            ( QUESTION6 1 -1.298e+04 2.494e+02 6.600e+01
|                ( - -2.108e+03 1 0)
|                ( QUESTION0_6_R 1 -1.062e+04 2.254e+02 5.400e+01
|                    ( - -8.018e+02 1 0)
|                    ( - -9.598e+03 4 0 SILENCE 1 1.689e+02 5.000e+01))))
|        ( - -2.984e+03 1 0)))
s>    ( QUESTION0_11_R 1 -4.881e+04 3.057e+02 2.450e+02
s>        ( QUESTION0_15_R 1 -2.743e+04 2.712e+02 1.366e+02
s>            ( - -7.700e+02 1 0)
s>            ( QUESTION0_14_R 1 -2.639e+04 2.331e+02 1.316e+02
s>                ( - -2.431e+04 1 0)
s>                ( - -1.848e+03 1 0)))
s>        ( QUESTION2_10_L -1 -2.108e+04 3.019e+02 1.085e+02
s>            ( QUESTION0_2_R 1 -1.779e+04 2.352e+02 9.200e+01
s>                ( - -4.577e+03 1 0)
s>                ( QUESTION6 1 -1.298e+04 2.494e+02 6.600e+01
s>                    ( - -2.108e+03 1 0)
s>                    ( QUESTION0_6_R 1 -1.062e+04 2.254e+02 5.400e+01
s>                        ( - -8.018e+02 1 0)
s>                        ( - -9.598e+03 4 0 SILENCE 1 1.689e+02 5.000e+01))))
s>            ( - -2.984e+03 1 0)))INFO: dtree.c(1315): Comp split 16
INFO: dtree.c(1439): stop. leaf nodes are specific
INFO: dtree.c(1478): Final simple tree
|( QUESTION0_4_R 1 -2.700e+04 2.901e+02 1.295e+02
|    ( QUESTION0 -1 -1.979e+04 2.150e+02 9.848e+01
|        ( - -1.509e+04 1 0)
|        ( QUESTION4 -1 -4.487e+03 1.329e+02 2.300e+01
|            ( - -2.344e+03 2 0)
|            ( - -2.009e+03 1 0)))
|    ( WDBNDRY_B 0 -6.920e+03 2.078e+02 3.100e+01
|        ( QUESTION0 -1 -4.033e+03 1.621e+02 1.800e+01
|            ( - -7.534e+02 2 0)
|            ( SILENCE -1 -3.117e+03 1.554e+02 1.400e+01
|                ( - -4.258e+02 1 0)
|                ( - -2.536e+03 1 0)))
|        ( - -2.679e+03 1 0)))
s>    ( QUESTION0_4_R 1 -2.700e+04 2.901e+02 1.295e+02
s>        ( QUESTION0 -1 -1.979e+04 2.150e+02 9.848e+01
s>            ( - -1.509e+04 1 0)
s>            ( QUESTION4 -1 -4.487e+03 1.329e+02 2.300e+01
s>                ( - -2.344e+03 2 0)
s>                ( - -2.009e+03 1 0)))
s>        ( WDBNDRY_B 0 -6.920e+03 2.078e+02 3.100e+01
s>            ( QUESTION0 -1 -4.033e+03 1.621e+02 1.800e+01
s>                ( - -7.534e+02 2 0)
s>                ( SILENCE -1 -3.117e+03 1.554e+02 1.400e+01
s>                    ( - -4.258e+02 1 0)
s>                    ( - -2.536e+03 1 0)))
s>            ( - -2.679e+03 1 0)))INFO: dtree.c(1439): stop. leaf nodes are specific
INFO: dtree.c(1478): Final simple tree
|( SILENCE -1 -5.589e+03 2.359e+02 2.505e+01
|    ( - -8.165e+02 1 0)
|    ( WDBNDRY_B 0 -4.536e+03 2.391e+02 2.005e+01
|        ( - -1.989e+02 1 0)
|        ( - -4.098e+03 1 0)))
s>    ( SILENCE -1 -5.589e+03 2.359e+02 2.505e+01
s>        ( - -8.165e+02 1 0)
s>        ( WDBNDRY_B 0 -4.536e+03 2.391e+02 2.005e+01
s>            ( - -1.989e+02 1 0)
s>            ( - -4.098e+03 1 0)))INFO: dtree.c(1315): Comp split 17
INFO: dtree.c(1439): stop. leaf nodes are specific
INFO: dtree.c(1478): Final simple tree
|( QUESTION2_5_L -1 -1.848e+04 3.913e+02 9.736e+01
|    ( - -1.196e+03 1 0)
|    ( WDBNDRY_B 0 -1.690e+04 2.745e+02 8.936e+01
|        ( QUESTION11 -1 -4.508e+03 2.201e+02 2.400e+01
|            ( - -9.642e+02 1 0)
|            ( QUESTION0 -1 -3.324e+03 1.313e+02 1.800e+01
|                ( - -1.628e+03 1 0)
|                ( - -1.564e+03 1 0)))
|        ( - -1.211e+04 1 0)))
s>    ( QUESTION2_5_L -1 -1.848e+04 3.913e+02 9.736e+01
s>        ( - -1.196e+03 1 0)
s>        ( WDBNDRY_B 0 -1.690e+04 2.745e+02 8.936e+01
s>            ( QUESTION11 -1 -4.508e+03 2.201e+02 2.400e+01
s>                ( - -9.642e+02 1 0)
s>                ( QUESTION0 -1 -3.324e+03 1.313e+02 1.800e+01
s>                    ( - -1.628e+03 1 0)
s>                    ( - -1.564e+03 1 0)))
s>            ( - -1.211e+04 1 0)))INFO: dtree.c(1315): Comp split 18
INFO: dtree.c(1478): Final simple tree
|( WDBNDRY_B 0 -5.630e+04 3.976e+02 2.886e+02
|    ( - -1.485e+03 1 0)
|    ( QUESTION0_0_R 1 -5.442e+04 3.640e+02 2.786e+02
|        ( QUESTION13 1 -3.174e+04 3.143e+02 1.670e+02
|            ( - -2.539e+03 1 0)
|            ( QUESTION0_6_R 1 -2.889e+04 2.672e+02 1.540e+02
|                ( - -2.143e+03 1 0)
|                ( QUESTION0_8_R 1 -2.648e+04 2.357e+02 1.410e+02
|                    ( - -3.896e+03 1 0)
|                    ( QUESTION0_1_R 1 -2.235e+04 2.150e+02 1.200e+02
|                        ( - -7.506e+03 1 0)
|                        ( - -1.463e+04 1 0)))))
|        ( QUESTION0 -1 -2.231e+04 2.037e+02 1.117e+02
|            ( - -7.063e+02 1 0)
|            ( - -2.140e+04 2 0 SILENCE 1 1.675e+02 1.077e+02))))
s>    ( WDBNDRY_B 0 -5.630e+04 3.976e+02 2.886e+02
s>        ( - -1.485e+03 1 0)
s>        ( QUESTION0_0_R 1 -5.442e+04 3.640e+02 2.786e+02
s>            ( QUESTION13 1 -3.174e+04 3.143e+02 1.670e+02
s>                ( - -2.539e+03 1 0)
s>                ( QUESTION0_6_R 1 -2.889e+04 2.672e+02 1.540e+02
s>                    ( - -2.143e+03 1 0)
s>                    ( QUESTION0_8_R 1 -2.648e+04 2.357e+02 1.410e+02
s>                        ( - -3.896e+03 1 0)
s>                        ( QUESTION0_1_R 1 -2.235e+04 2.150e+02 1.200e+02
s>                            ( - -7.506e+03 1 0)
s>                            ( - -1.463e+04 1 0)))))
s>            ( QUESTION0 -1 -2.231e+04 2.037e+02 1.117e+02
s>                ( - -7.063e+02 1 0)
s>                ( - -2.140e+04 2 0 SILENCE 1 1.675e+02 1.077e+02))))INFO: dtree.c(1315): Comp split 19
INFO: dtree.c(1439): stop. leaf nodes are specific
INFO: dtree.c(1478): Final simple tree
|( QUESTION0_0_R 1 -2.420e+04 2.612e+02 1.207e+02
|    ( - -2.539e+03 1 0)
|    ( SILENCE 1 -2.140e+04 1.675e+02 1.077e+02
|        ( - -9.838e+03 1 0)
|        ( - -1.140e+04 1 0)))
s>    ( QUESTION0_0_R 1 -2.420e+04 2.612e+02 1.207e+02
s>        ( - -2.539e+03 1 0)
s>        ( SILENCE 1 -2.140e+04 1.675e+02 1.077e+02
s>            ( - -9.838e+03 1 0)
s>            ( - -1.140e+04 1 0)))INFO: dtree.c(1439): stop. leaf nodes are specific
INFO: dtree.c(1478): Final simple tree
|( WDBNDRY_B 0 -3.165e+04 3.656e+02 1.680e+02
|    ( - -1.485e+03 1 0)
|    ( QUESTION0_6_R 1 -2.980e+04 2.660e+02 1.580e+02
|        ( - -2.143e+03 1 0)
|        ( QUESTION0_8_R 1 -2.739e+04 2.382e+02 1.450e+02
|            ( - -3.896e+03 1 0)
|            ( QUESTION0_1_R 1 -2.325e+04 2.170e+02 1.240e+02
|                ( - -7.506e+03 1 0)
|                ( SILENCE 1 -1.553e+04 1.988e+02 8.197e+01
|                    ( - -7.063e+02 1 0)
|                    ( - -1.463e+04 1 0))))))
s>    ( WDBNDRY_B 0 -3.165e+04 3.656e+02 1.680e+02
s>        ( - -1.485e+03 1 0)
s>        ( QUESTION0_6_R 1 -2.980e+04 2.660e+02 1.580e+02
s>            ( - -2.143e+03 1 0)
s>            ( QUESTION0_8_R 1 -2.739e+04 2.382e+02 1.450e+02
s>                ( - -3.896e+03 1 0)
s>                ( QUESTION0_1_R 1 -2.325e+04 2.170e+02 1.240e+02
s>                    ( - -7.506e+03 1 0)
s>                    ( SILENCE 1 -1.553e+04 1.988e+02 8.197e+01
s>                        ( - -7.063e+02 1 0)
s>                        ( - -1.463e+04 1 0))))))INFO: dtree.c(1315): Comp split 20
INFO: dtree.c(1315): Comp split 21
INFO: dtree.c(1439): stop. leaf nodes are specific
INFO: dtree.c(1478): Final simple tree
|( QUESTION4 1 -3.615e+04 2.531e+02 1.884e+02
|    ( QUESTION0_1_R 1 -2.118e+04 1.382e+02 1.065e+02
|        ( - -4.499e+03 1 0)
|        ( - -1.654e+04 1 0))
|    ( QUESTION6 1 -1.472e+04 1.942e+02 8.190e+01
|        ( - -2.148e+03 1 0)
|        ( QUESTION0_4_R 1 -1.238e+04 1.641e+02 6.890e+01
|            ( - -2.352e+03 1 0)
|            ( QUESTION0_1_R 1 -9.864e+03 1.591e+02 5.490e+01
|                ( - -1.994e+03 1 0)
|                ( - -7.711e+03 1 0)))))
s>    ( QUESTION4 1 -3.615e+04 2.531e+02 1.884e+02
s>        ( QUESTION0_1_R 1 -2.118e+04 1.382e+02 1.065e+02
s>            ( - -4.499e+03 1 0)
s>            ( - -1.654e+04 1 0))
s>        ( QUESTION6 1 -1.472e+04 1.942e+02 8.190e+01
s>            ( - -2.148e+03 1 0)
s>            ( QUESTION0_4_R 1 -1.238e+04 1.641e+02 6.890e+01
s>                ( - -2.352e+03 1 0)
s>                ( QUESTION0_1_R 1 -9.864e+03 1.591e+02 5.490e+01
s>                    ( - -1.994e+03 1 0)
s>                    ( - -7.711e+03 1 0)))))INFO: dtree.c(1439): stop. leaf nodes are specific
INFO: dtree.c(1478): Final simple tree
|( QUESTION0_8_R 1 -4.502e+04 3.495e+02 2.328e+02
|    ( - -2.794e+04 1 0)
|    ( QUESTION0_1_R 1 -1.673e+04 2.133e+02 8.295e+01
|        ( QUESTION0_4_R 1 -7.748e+03 1.447e+02 3.994e+01
|            ( - -3.845e+03 1 0)
|            ( - -3.758e+03 1 0))
|        ( - -8.765e+03 1 0)))
s>    ( QUESTION0_8_R 1 -4.502e+04 3.495e+02 2.328e+02
s>        ( - -2.794e+04 1 0)
s>        ( QUESTION0_1_R 1 -1.673e+04 2.133e+02 8.295e+01
s>            ( QUESTION0_4_R 1 -7.748e+03 1.447e+02 3.994e+01
s>                ( - -3.845e+03 1 0)
s>                ( - -3.758e+03 1 0))
s>            ( - -8.765e+03 1 0)))INFO: dtree.c(1315): Comp split 22
INFO: dtree.c(1439): stop. leaf nodes are specific
INFO: dtree.c(1478): Final simple tree
|( QUESTION0_2_R 1 -1.286e+04 2.775e+02 6.647e+01
|    ( - -2.984e+03 1 0)
|    ( SILENCE 1 -9.598e+03 1.689e+02 5.000e+01
|        ( - -1.777e+03 1 0)
|        ( QUESTION0_0_R 1 -7.652e+03 1.360e+02 4.000e+01
|            ( QUESTION0_1_R 1 -4.120e+03 9.608e+01 2.200e+01
|                ( - -2.202e+03 1 0)
|                ( - -1.822e+03 1 0))
|            ( - -3.396e+03 1 0))))
s>    ( QUESTION0_2_R 1 -1.286e+04 2.775e+02 6.647e+01
s>        ( - -2.984e+03 1 0)
s>        ( SILENCE 1 -9.598e+03 1.689e+02 5.000e+01
s>            ( - -1.777e+03 1 0)
s>            ( QUESTION0_0_R 1 -7.652e+03 1.360e+02 4.000e+01
s>                ( QUESTION0_1_R 1 -4.120e+03 9.608e+01 2.200e+01
s>                    ( - -2.202e+03 1 0)
s>                    ( - -1.822e+03 1 0))
s>                ( - -3.396e+03 1 0))))INFO: dtree.c(1439): stop. leaf nodes are specific
INFO: dtree.c(1478): Final simple tree
|( QUESTION0_15_R 1 -3.556e+04 2.738e+02 1.786e+02
|    ( - -7.700e+02 1 0)
|    ( QUESTION0_14_R 1 -3.452e+04 2.467e+02 1.736e+02
|        ( - -2.431e+04 1 0)
|        ( QUESTION0_2_R 1 -9.965e+03 2.157e+02 5.100e+01
|            ( - -4.577e+03 1 0)
|            ( QUESTION0_10_R 1 -5.172e+03 2.651e+02 2.500e+01
|                ( - -2.108e+03 1 0)
|                ( QUESTION0_1_R 1 -2.799e+03 1.485e+02 1.300e+01
|                    ( - -8.018e+02 1 0)
|                    ( - -1.848e+03 1 0))))))
s>    ( QUESTION0_15_R 1 -3.556e+04 2.738e+02 1.786e+02
s>        ( - -7.700e+02 1 0)
s>        ( QUESTION0_14_R 1 -3.452e+04 2.467e+02 1.736e+02
s>            ( - -2.431e+04 1 0)
s>            ( QUESTION0_2_R 1 -9.965e+03 2.157e+02 5.100e+01
s>                ( - -4.577e+03 1 0)
s>                ( QUESTION0_10_R 1 -5.172e+03 2.651e+02 2.500e+01
s>                    ( - -2.108e+03 1 0)
s>                    ( QUESTION0_1_R 1 -2.799e+03 1.485e+02 1.300e+01
s>                        ( - -8.018e+02 1 0)
s>                        ( - -1.848e+03 1 0))))))INFO: dtree.c(1315): Comp split 23
INFO: dtree.c(1439): stop. leaf nodes are specific
INFO: dtree.c(1478): Final simple tree
|( WDBNDRY_B 0 -1.690e+04 2.745e+02 8.936e+01
|    ( QUESTION11 -1 -4.508e+03 2.201e+02 2.400e+01
|        ( - -9.642e+02 1 0)
|        ( QUESTION0 -1 -3.324e+03 1.313e+02 1.800e+01
|            ( - -1.628e+03 1 0)
|            ( - -1.564e+03 1 0)))
|    ( - -1.211e+04 1 0))
s>    ( WDBNDRY_B 0 -1.690e+04 2.745e+02 8.936e+01
s>        ( QUESTION11 -1 -4.508e+03 2.201e+02 2.400e+01
s>            ( - -9.642e+02 1 0)
s>            ( QUESTION0 -1 -3.324e+03 1.313e+02 1.800e+01
s>                ( - -1.628e+03 1 0)
s>                ( - -1.564e+03 1 0)))
s>        ( - -1.211e+04 1 0))INFO: dtree.c(1315): Comp split 24
INFO: dtree.c(1478): Final simple tree
|( SILENCE 1 -7.250e+04 2.530e+02 3.537e+02
|    ( - -6.678e+03 1 0)
|    ( QUESTION0_6_R 1 -6.557e+04 2.366e+02 3.222e+02
|        ( QUESTION0 1 -5.150e+03 1.466e+02 2.591e+01
|            ( - -4.143e+03 1 0)
|            ( - -8.604e+02 1 0))
|        ( QUESTION0_8_R 1 -6.019e+04 2.297e+02 2.963e+02
|            ( QUESTION4 1 -4.602e+04 1.745e+02 2.275e+02
|                ( - -3.290e+04 2 0)
|                ( - -1.295e+04 1 0))
|            ( QUESTION0_5_R 1 -1.394e+04 1.993e+02 6.880e+01
|                ( - -2.894e+03 1 0)
|                ( QUESTION0_1_R 1 -1.084e+04 1.612e+02 5.480e+01
|                    ( - -7.691e+03 1 0)
|                    ( - -2.991e+03 1 0))))))
s>    ( SILENCE 1 -7.250e+04 2.530e+02 3.537e+02
s>        ( - -6.678e+03 1 0)
s>        ( QUESTION0_6_R 1 -6.557e+04 2.366e+02 3.222e+02
s>            ( QUESTION0 1 -5.150e+03 1.466e+02 2.591e+01
s>                ( - -4.143e+03 1 0)
s>                ( - -8.604e+02 1 0))
s>            ( QUESTION0_8_R 1 -6.019e+04 2.297e+02 2.963e+02
s>                ( QUESTION4 1 -4.602e+04 1.745e+02 2.275e+02
s>                    ( - -3.290e+04 2 0)
s>                    ( - -1.295e+04 1 0))
s>                ( QUESTION0_5_R 1 -1.394e+04 1.993e+02 6.880e+01
s>                    ( - -2.894e+03 1 0)
s>                    ( QUESTION0_1_R 1 -1.084e+04 1.612e+02 5.480e+01
s>                        ( - -7.691e+03 1 0)
s>                        ( - -2.991e+03 1 0))))))INFO: dtree.c(1439): stop. leaf nodes are specific
INFO: dtree.c(1478): Final simple tree
|( QUESTION0_9_R 1 -1.225e+04 2.445e+02 6.191e+01
|    ( - -2.869e+03 1 0)
|    ( QUESTION0_1_R 1 -9.134e+03 2.290e+02 4.591e+01
|        ( - -6.734e+03 1 0)
|        ( - -2.171e+03 1 0)))
s>    ( QUESTION0_9_R 1 -1.225e+04 2.445e+02 6.191e+01
s>        ( - -2.869e+03 1 0)
s>        ( QUESTION0_1_R 1 -9.134e+03 2.290e+02 4.591e+01
s>            ( - -6.734e+03 1 0)
s>            ( - -2.171e+03 1 0)))INFO: dtree.c(1315): Comp split 25
INFO: dtree.c(1439): stop. leaf nodes are specific
INFO: dtree.c(1478): Final simple tree
|( QUESTION0_6_R 1 -2.980e+04 2.660e+02 1.580e+02
|    ( - -2.143e+03 1 0)
|    ( QUESTION0_8_R 1 -2.739e+04 2.382e+02 1.450e+02
|        ( - -3.896e+03 1 0)
|        ( QUESTION0_1_R 1 -2.325e+04 2.170e+02 1.240e+02
|            ( - -7.506e+03 1 0)
|            ( SILENCE 1 -1.553e+04 1.988e+02 8.197e+01
|                ( - -7.063e+02 1 0)
|                ( - -1.463e+04 1 0)))))
s>    ( QUESTION0_6_R 1 -2.980e+04 2.660e+02 1.580e+02
s>        ( - -2.143e+03 1 0)
s>        ( QUESTION0_8_R 1 -2.739e+04 2.382e+02 1.450e+02
s>            ( - -3.896e+03 1 0)
s>            ( QUESTION0_1_R 1 -2.325e+04 2.170e+02 1.240e+02
s>                ( - -7.506e+03 1 0)
s>                ( SILENCE 1 -1.553e+04 1.988e+02 8.197e+01
s>                    ( - -7.063e+02 1 0)
s>                    ( - -1.463e+04 1 0)))))INFO: dtree.c(1315): Comp split 26
INFO: dtree.c(1315): Comp split 27
INFO: dtree.c(1439): stop. leaf nodes are specific
INFO: dtree.c(1478): Final simple tree
|( QUESTION0_1_R 1 -1.673e+04 2.133e+02 8.295e+01
|    ( QUESTION0_4_R 1 -7.748e+03 1.447e+02 3.994e+01
|        ( - -3.845e+03 1 0)
|        ( - -3.758e+03 1 0))
|    ( - -8.765e+03 1 0))
s>    ( QUESTION0_1_R 1 -1.673e+04 2.133e+02 8.295e+01
s>        ( QUESTION0_4_R 1 -7.748e+03 1.447e+02 3.994e+01
s>            ( - -3.845e+03 1 0)
s>            ( - -3.758e+03 1 0))
s>        ( - -8.765e+03 1 0))INFO: dtree.c(1315): Comp split 28
INFO: dtree.c(1315): Comp split 29
INFO: dtree.c(1439): stop. leaf nodes are specific
INFO: dtree.c(1478): Final simple tree
|( QUESTION0 -1 -3.324e+03 1.313e+02 1.800e+01
|    ( - -1.628e+03 1 0)
|    ( - -1.564e+03 1 0))
s>    ( QUESTION0 -1 -3.324e+03 1.313e+02 1.800e+01
s>        ( - -1.628e+03 1 0)
s>        ( - -1.564e+03 1 0))INFO: dtree.c(1439): stop. leaf nodes are specific
INFO: dtree.c(1478): Final simple tree
|( WDBNDRY_B 0 -1.328e+04 2.005e+02 7.136e+01
|    ( - -9.642e+02 1 0)
|    ( - -1.211e+04 1 0))
s>    ( WDBNDRY_B 0 -1.328e+04 2.005e+02 7.136e+01
s>        ( - -9.642e+02 1 0)
s>        ( - -1.211e+04 1 0))INFO: dtree.c(1315): Comp split 30
INFO: dtree.c(1439): stop. leaf nodes are specific
INFO: dtree.c(1478): Final simple tree
|( QUESTION0 -1 -1.979e+04 2.150e+02 9.848e+01
|    ( - -1.509e+04 1 0)
|    ( QUESTION4 -1 -4.487e+03 1.329e+02 2.300e+01
|        ( - -2.344e+03 2 0)
|        ( - -2.009e+03 1 0)))
s>    ( QUESTION0 -1 -1.979e+04 2.150e+02 9.848e+01
s>        ( - -1.509e+04 1 0)
s>        ( QUESTION4 -1 -4.487e+03 1.329e+02 2.300e+01
s>            ( - -2.344e+03 2 0)
s>            ( - -2.009e+03 1 0)))INFO: dtree.c(1439): stop. leaf nodes are specific
INFO: dtree.c(1478): Final simple tree
|( WDBNDRY_B 0 -6.920e+03 2.078e+02 3.100e+01
|    ( QUESTION0 -1 -4.033e+03 1.621e+02 1.800e+01
|        ( - -7.534e+02 2 0)
|        ( SILENCE -1 -3.117e+03 1.554e+02 1.400e+01
|            ( - -4.258e+02 1 0)
|            ( - -2.536e+03 1 0)))
|    ( - -2.679e+03 1 0))
s>    ( WDBNDRY_B 0 -6.920e+03 2.078e+02 3.100e+01
s>        ( QUESTION0 -1 -4.033e+03 1.621e+02 1.800e+01
s>            ( - -7.534e+02 2 0)
s>            ( SILENCE -1 -3.117e+03 1.554e+02 1.400e+01
s>                ( - -4.258e+02 1 0)
s>                ( - -2.536e+03 1 0)))
s>        ( - -2.679e+03 1 0))INFO: dtree.c(1315): Comp split 31
INFO: dtree.c(1439): stop. leaf nodes are specific
INFO: dtree.c(1478): Final simple tree
|( QUESTION0_14_R 1 -3.834e+03 2.647e+02 1.800e+01
|    ( - -7.700e+02 1 0)
|    ( QUESTION0_1_R 1 -2.799e+03 1.485e+02 1.300e+01
|        ( - -8.018e+02 1 0)
|        ( - -1.848e+03 1 0)))
s>    ( QUESTION0_14_R 1 -3.834e+03 2.647e+02 1.800e+01
s>        ( - -7.700e+02 1 0)
s>        ( QUESTION0_1_R 1 -2.799e+03 1.485e+02 1.300e+01
s>            ( - -8.018e+02 1 0)
s>            ( - -1.848e+03 1 0)))INFO: dtree.c(1439): stop. leaf nodes are specific
INFO: dtree.c(1478): Final simple tree
|( QUESTION0_11_R 1 -3.145e+04 2.482e+02 1.606e+02
|    ( - -2.431e+04 1 0)
|    ( QUESTION0_1_R 1 -6.891e+03 2.059e+02 3.800e+01
|        ( - -4.577e+03 1 0)
|        ( - -2.108e+03 1 0)))
s>    ( QUESTION0_11_R 1 -3.145e+04 2.482e+02 1.606e+02
s>        ( - -2.431e+04 1 0)
s>        ( QUESTION0_1_R 1 -6.891e+03 2.059e+02 3.800e+01
s>            ( - -4.577e+03 1 0)
s>            ( - -2.108e+03 1 0)))INFO: dtree.c(1315): Comp split 32
INFO: dtree.c(1439): stop. leaf nodes are specific
INFO: dtree.c(1478): Final simple tree
|( QUESTION0_8_R 1 -5.710e+04 2.344e+02 2.823e+02
|    ( QUESTION4 1 -4.602e+04 1.745e+02 2.275e+02
|        ( - -3.290e+04 2 0)
|        ( - -1.295e+04 1 0))
|    ( QUESTION0_1_R 1 -1.084e+04 1.612e+02 5.480e+01
|        ( - -7.691e+03 1 0)
|        ( - -2.991e+03 1 0)))
s>    ( QUESTION0_8_R 1 -5.710e+04 2.344e+02 2.823e+02
s>        ( QUESTION4 1 -4.602e+04 1.745e+02 2.275e+02
s>            ( - -3.290e+04 2 0)
s>            ( - -1.295e+04 1 0))
s>        ( QUESTION0_1_R 1 -1.084e+04 1.612e+02 5.480e+01
s>            ( - -7.691e+03 1 0)
s>            ( - -2.991e+03 1 0)))INFO: dtree.c(1439): stop. leaf nodes are specific
INFO: dtree.c(1478): Final simple tree
|( SILENCE 1 -1.513e+04 2.268e+02 7.140e+01
|    ( - -6.678e+03 1 0)
|    ( QUESTION0_4_R 1 -8.221e+03 1.762e+02 3.991e+01
|        ( - -2.894e+03 1 0)
|        ( QUESTION0 1 -5.150e+03 1.466e+02 2.591e+01
|            ( - -4.143e+03 1 0)
|            ( - -8.604e+02 1 0))))
s>    ( SILENCE 1 -1.513e+04 2.268e+02 7.140e+01
s>        ( - -6.678e+03 1 0)
s>        ( QUESTION0_4_R 1 -8.221e+03 1.762e+02 3.991e+01
s>            ( - -2.894e+03 1 0)
s>            ( QUESTION0 1 -5.150e+03 1.466e+02 2.591e+01
s>                ( - -4.143e+03 1 0)
s>                ( - -8.604e+02 1 0))))INFO: dtree.c(1315): Comp split 33
INFO: dtree.c(1439): stop. leaf nodes are specific
INFO: dtree.c(1478): Final simple tree
|( SILENCE 1 -9.598e+03 1.689e+02 5.000e+01
|    ( - -1.777e+03 1 0)
|    ( QUESTION0_0_R 1 -7.652e+03 1.360e+02 4.000e+01
|        ( QUESTION0_1_R 1 -4.120e+03 9.608e+01 2.200e+01
|            ( - -2.202e+03 1 0)
|            ( - -1.822e+03 1 0))
|        ( - -3.396e+03 1 0)))
s>    ( SILENCE 1 -9.598e+03 1.689e+02 5.000e+01
s>        ( - -1.777e+03 1 0)
s>        ( QUESTION0_0_R 1 -7.652e+03 1.360e+02 4.000e+01
s>            ( QUESTION0_1_R 1 -4.120e+03 9.608e+01 2.200e+01
s>                ( - -2.202e+03 1 0)
s>                ( - -1.822e+03 1 0))
s>            ( - -3.396e+03 1 0)))INFO: dtree.c(1315): Comp split 34
INFO: dtree.c(1439): stop. leaf nodes are specific
INFO: dtree.c(1478): Final simple tree
|( WDBNDRY_B 0 -9.192e+04 2.218e+02 4.617e+02
|    ( - -1.045e+03 1 0)
|    ( - -9.065e+04 1 0))
s>    ( WDBNDRY_B 0 -9.192e+04 2.218e+02 4.617e+02
s>        ( - -1.045e+03 1 0)
s>        ( - -9.065e+04 1 0))INFO: dtree.c(1439): stop. leaf nodes are specific
INFO: dtree.c(1478): Final simple tree
|( QUESTION2_10_L -1 -2.259e+03 1.337e+02 1.300e+01
|    ( - -8.330e+02 1 0)
|    ( - -1.292e+03 1 0))
s>    ( QUESTION2_10_L -1 -2.259e+03 1.337e+02 1.300e+01
s>        ( - -8.330e+02 1 0)
s>        ( - -1.292e+03 1 0))INFO: dtree.c(1315): Comp split 35
INFO: dtree.c(1439): stop. leaf nodes are specific
INFO: dtree.c(1478): Final simple tree
|( QUESTION0_8_R 1 -2.739e+04 2.382e+02 1.450e+02
|    ( - -3.896e+03 1 0)
|    ( QUESTION0_1_R 1 -2.325e+04 2.170e+02 1.240e+02
|        ( - -7.506e+03 1 0)
|        ( SILENCE 1 -1.553e+04 1.988e+02 8.197e+01
|            ( - -7.063e+02 1 0)
|            ( - -1.463e+04 1 0))))
s>    ( QUESTION0_8_R 1 -2.739e+04 2.382e+02 1.450e+02
s>        ( - -3.896e+03 1 0)
s>        ( QUESTION0_1_R 1 -2.325e+04 2.170e+02 1.240e+02
s>            ( - -7.506e+03 1 0)
s>            ( SILENCE 1 -1.553e+04 1.988e+02 8.197e+01
s>                ( - -7.063e+02 1 0)
s>                ( - -1.463e+04 1 0))))INFO: dtree.c(1315): Comp split 36
INFO: dtree.c(1439): stop. leaf nodes are specific
INFO: dtree.c(1478): Final simple tree
|( QUESTION0_1_R 1 -2.799e+03 1.485e+02 1.300e+01
|    ( - -8.018e+02 1 0)
|    ( - -1.848e+03 1 0))
s>    ( QUESTION0_1_R 1 -2.799e+03 1.485e+02 1.300e+01
s>        ( - -8.018e+02 1 0)
s>        ( - -1.848e+03 1 0))INFO: dtree.c(1315): Comp split 37
INFO: dtree.c(1439): stop. leaf nodes are specific
INFO: dtree.c(1478): Final simple tree
|( SILENCE 1 -2.140e+04 1.675e+02 1.077e+02
|    ( - -9.838e+03 1 0)
|    ( - -1.140e+04 1 0))
s>    ( SILENCE 1 -2.140e+04 1.675e+02 1.077e+02
s>        ( - -9.838e+03 1 0)
s>        ( - -1.140e+04 1 0))INFO: dtree.c(1315): Comp split 38
INFO: dtree.c(1439): stop. leaf nodes are specific
INFO: dtree.c(1478): Final simple tree
|( QUESTION0_3_R 1 -2.334e+04 1.724e+02 1.185e+02
|    ( - -1.994e+03 1 0)
|    ( QUESTION0_1_R 1 -2.118e+04 1.382e+02 1.065e+02
|        ( - -4.499e+03 1 0)
|        ( - -1.654e+04 1 0)))
s>    ( QUESTION0_3_R 1 -2.334e+04 1.724e+02 1.185e+02
s>        ( - -1.994e+03 1 0)
s>        ( QUESTION0_1_R 1 -2.118e+04 1.382e+02 1.065e+02
s>            ( - -4.499e+03 1 0)
s>            ( - -1.654e+04 1 0)))INFO: dtree.c(1439): stop. leaf nodes are specific
INFO: dtree.c(1478): Final simple tree
|( QUESTION0_6_R 1 -1.255e+04 1.811e+02 6.990e+01
|    ( - -2.148e+03 1 0)
|    ( QUESTION0_1_R 1 -1.022e+04 1.599e+02 5.690e+01
|        ( - -2.352e+03 1 0)
|        ( - -7.711e+03 1 0)))
s>    ( QUESTION0_6_R 1 -1.255e+04 1.811e+02 6.990e+01
s>        ( - -2.148e+03 1 0)
s>        ( QUESTION0_1_R 1 -1.022e+04 1.599e+02 5.690e+01
s>            ( - -2.352e+03 1 0)
s>            ( - -7.711e+03 1 0)))INFO: dtree.c(1315): Comp split 39
INFO: dtree.c(1439): stop. leaf nodes are specific
INFO: dtree.c(1478): Final simple tree
|( QUESTION0_1_R 1 -6.891e+03 2.059e+02 3.800e+01
|    ( - -4.577e+03 1 0)
|    ( - -2.108e+03 1 0))
s>    ( QUESTION0_1_R 1 -6.891e+03 2.059e+02 3.800e+01
s>        ( - -4.577e+03 1 0)
s>        ( - -2.108e+03 1 0))INFO: dtree.c(1315): Comp split 40
INFO: dtree.c(1439): stop. leaf nodes are specific
INFO: dtree.c(1478): Final simple tree
|( QUESTION0_1_R 1 -9.134e+03 2.290e+02 4.591e+01
|    ( - -6.734e+03 1 0)
|    ( - -2.171e+03 1 0))
s>    ( QUESTION0_1_R 1 -9.134e+03 2.290e+02 4.591e+01
s>        ( - -6.734e+03 1 0)
s>        ( - -2.171e+03 1 0))INFO: dtree.c(1315): Comp split 41
INFO: dtree.c(1439): stop. leaf nodes are specific
INFO: dtree.c(1478): Final simple tree
|( QUESTION0_1_R 1 -2.325e+04 2.170e+02 1.240e+02
|    ( - -7.506e+03 1 0)
|    ( SILENCE 1 -1.553e+04 1.988e+02 8.197e+01
|        ( - -7.063e+02 1 0)
|        ( - -1.463e+04 1 0)))
s>    ( QUESTION0_1_R 1 -2.325e+04 2.170e+02 1.240e+02
s>        ( - -7.506e+03 1 0)
s>        ( SILENCE 1 -1.553e+04 1.988e+02 8.197e+01
s>            ( - -7.063e+02 1 0)
s>            ( - -1.463e+04 1 0)))INFO: dtree.c(1315): Comp split 42
INFO: dtree.c(1439): stop. leaf nodes are specific
INFO: dtree.c(1478): Final simple tree
|( WDBNDRY_B 0 -4.536e+03 2.391e+02 2.005e+01
|    ( - -1.989e+02 1 0)
|    ( - -4.098e+03 1 0))
s>    ( WDBNDRY_B 0 -4.536e+03 2.391e+02 2.005e+01
s>        ( - -1.989e+02 1 0)
s>        ( - -4.098e+03 1 0))INFO: dtree.c(1315): Comp split 43
INFO: dtree.c(1315): Comp split 44
INFO: dtree.c(1439): stop. leaf nodes are specific
INFO: dtree.c(1478): Final simple tree
|( QUESTION0_1_R 1 -1.084e+04 1.612e+02 5.480e+01
|    ( - -7.691e+03 1 0)
|    ( - -2.991e+03 1 0))
s>    ( QUESTION0_1_R 1 -1.084e+04 1.612e+02 5.480e+01
s>        ( - -7.691e+03 1 0)
s>        ( - -2.991e+03 1 0))INFO: dtree.c(1439): stop. leaf nodes are specific
INFO: dtree.c(1478): Final simple tree
|( QUESTION4 1 -4.602e+04 1.745e+02 2.275e+02
|    ( - -3.290e+04 2 0)
|    ( - -1.295e+04 1 0))
s>    ( QUESTION4 1 -4.602e+04 1.745e+02 2.275e+02
s>        ( - -3.290e+04 2 0)
s>        ( - -1.295e+04 1 0))INFO: dtree.c(1315): Comp split 45
INFO: dtree.c(1315): Comp split 46
INFO: dtree.c(1439): stop. leaf nodes are specific
INFO: dtree.c(1478): Final simple tree
|( QUESTION0_4_R 1 -8.221e+03 1.762e+02 3.991e+01
|    ( - -2.894e+03 1 0)
|    ( QUESTION0 1 -5.150e+03 1.466e+02 2.591e+01
|        ( - -4.143e+03 1 0)
|        ( - -8.604e+02 1 0)))
s>    ( QUESTION0_4_R 1 -8.221e+03 1.762e+02 3.991e+01
s>        ( - -2.894e+03 1 0)
s>        ( QUESTION0 1 -5.150e+03 1.466e+02 2.591e+01
s>            ( - -4.143e+03 1 0)
s>            ( - -8.604e+02 1 0)))INFO: dtree.c(1315): Comp split 47
INFO: dtree.c(1315): Comp split 48
INFO: dtree.c(1439): stop. leaf nodes are specific
INFO: dtree.c(1478): Final simple tree
|( SILENCE 1 -1.553e+04 1.988e+02 8.197e+01
|    ( - -7.063e+02 1 0)
|    ( - -1.463e+04 1 0))
s>    ( SILENCE 1 -1.553e+04 1.988e+02 8.197e+01
s>        ( - -7.063e+02 1 0)
s>        ( - -1.463e+04 1 0))INFO: dtree.c(1315): Comp split 49
INFO: dtree.c(1439): stop. leaf nodes are specific
INFO: dtree.c(1478): Final simple tree
|( QUESTION4 -1 -4.487e+03 1.329e+02 2.300e+01
|    ( - -2.344e+03 2 0)
|    ( - -2.009e+03 1 0))
s>    ( QUESTION4 -1 -4.487e+03 1.329e+02 2.300e+01
s>        ( - -2.344e+03 2 0)
s>        ( - -2.009e+03 1 0))INFO: dtree.c(1315): Comp split 50
INFO: dtree.c(1439): stop. leaf nodes are specific
INFO: dtree.c(1478): Final simple tree
|( QUESTION0_4_R 1 -7.748e+03 1.447e+02 3.994e+01
|    ( - -3.845e+03 1 0)
|    ( - -3.758e+03 1 0))
s>    ( QUESTION0_4_R 1 -7.748e+03 1.447e+02 3.994e+01
s>        ( - -3.845e+03 1 0)
s>        ( - -3.758e+03 1 0))INFO: dtree.c(1315): Comp split 51
INFO: dtree.c(1439): stop. leaf nodes are specific
INFO: dtree.c(1478): Final simple tree
|( QUESTION0 -1 -4.033e+03 1.621e+02 1.800e+01
|    ( - -7.534e+02 2 0)
|    ( SILENCE -1 -3.117e+03 1.554e+02 1.400e+01
|        ( - -4.258e+02 1 0)
|        ( - -2.536e+03 1 0)))
s>    ( QUESTION0 -1 -4.033e+03 1.621e+02 1.800e+01
s>        ( - -7.534e+02 2 0)
s>        ( SILENCE -1 -3.117e+03 1.554e+02 1.400e+01
s>            ( - -4.258e+02 1 0)
s>            ( - -2.536e+03 1 0)))INFO: dtree.c(1315): Comp split 52
INFO: dtree.c(1315): Comp split 53
INFO: dtree.c(1315): Comp split 54
INFO: dtree.c(1315): Comp split 55
INFO: dtree.c(1439): stop. leaf nodes are specific
INFO: dtree.c(1478): Final simple tree
|( QUESTION0_1_R 1 -1.022e+04 1.599e+02 5.690e+01
|    ( - -2.352e+03 1 0)
|    ( - -7.711e+03 1 0))
s>    ( QUESTION0_1_R 1 -1.022e+04 1.599e+02 5.690e+01
s>        ( - -2.352e+03 1 0)
s>        ( - -7.711e+03 1 0))INFO: dtree.c(1315): Comp split 56
INFO: dtree.c(1439): stop. leaf nodes are specific
INFO: dtree.c(1478): Final simple tree
|( QUESTION0 1 -5.150e+03 1.466e+02 2.591e+01
|    ( - -4.143e+03 1 0)
|    ( - -8.604e+02 1 0))
s>    ( QUESTION0 1 -5.150e+03 1.466e+02 2.591e+01
s>        ( - -4.143e+03 1 0)
s>        ( - -8.604e+02 1 0))INFO: dtree.c(1315): Comp split 57
INFO: dtree.c(1315): Comp split 58
INFO: dtree.c(1439): stop. leaf nodes are specific
INFO: dtree.c(1478): Final simple tree
|( QUESTION0_1_R 1 -2.118e+04 1.382e+02 1.065e+02
|    ( - -4.499e+03 1 0)
|    ( - -1.654e+04 1 0))
s>    ( QUESTION0_1_R 1 -2.118e+04 1.382e+02 1.065e+02
s>        ( - -4.499e+03 1 0)
s>        ( - -1.654e+04 1 0))INFO: dtree.c(1315): Comp split 59
INFO: dtree.c(1439): stop. leaf nodes are specific
INFO: dtree.c(1478): Final simple tree
|( QUESTION0_0_R 1 -7.652e+03 1.360e+02 4.000e+01
|    ( QUESTION0_1_R 1 -4.120e+03 9.608e+01 2.200e+01
|        ( - -2.202e+03 1 0)
|        ( - -1.822e+03 1 0))
|    ( - -3.396e+03 1 0))
s>    ( QUESTION0_0_R 1 -7.652e+03 1.360e+02 4.000e+01
s>        ( QUESTION0_1_R 1 -4.120e+03 9.608e+01 2.200e+01
s>            ( - -2.202e+03 1 0)
s>            ( - -1.822e+03 1 0))
s>        ( - -3.396e+03 1 0))INFO: dtree.c(1315): Comp split 60
INFO: dtree.c(1315): Comp split 61
INFO: dtree.c(1439): stop. leaf nodes are specific
INFO: dtree.c(1478): Final simple tree
|( SILENCE -1 -3.117e+03 1.554e+02 1.400e+01
|    ( - -4.258e+02 1 0)
|    ( - -2.536e+03 1 0))
s>    ( SILENCE -1 -3.117e+03 1.554e+02 1.400e+01
s>        ( - -4.258e+02 1 0)
s>        ( - -2.536e+03 1 0))INFO: dtree.c(1315): Comp split 62
INFO: dtree.c(1315): Comp split 63
INFO: dtree.c(1315): Comp split 64
INFO: dtree.c(1315): Comp split 65
INFO: dtree.c(1315): Comp split 66
INFO: dtree.c(1315): Comp split 67
INFO: dtree.c(1315): Comp split 68
INFO: dtree.c(1315): Comp split 69
INFO: dtree.c(1439): stop. leaf nodes are specific
INFO: dtree.c(1478): Final simple tree
|( QUESTION0_1_R 1 -4.120e+03 9.608e+01 2.200e+01
|    ( - -2.202e+03 1 0)
|    ( - -1.822e+03 1 0))
s>    ( QUESTION0_1_R 1 -4.120e+03 9.608e+01 2.200e+01
s>        ( - -2.202e+03 1 0)
s>        ( - -1.822e+03 1 0))INFO: dtree.c(1315): Comp split 70
INFO: dtree.c(1315): Comp split 71
INFO: dtree.c(1315): Comp split 72
INFO: dtree.c(1315): Comp split 73
INFO: dtree.c(1315): Comp split 74
INFO: dtree.c(1318): stop. leaf nodes are specific
Mon Jan 30 07:35:46 2017
