Current configuration:
[NAME]		[DEFLT]	[VALUE]
-allphones	no	no
-cntthresh	0.00001	1.000000e-05
-csplitmax	100	2000
-csplitmin	1	1
-csplitthr	8e-4	0.000000e+00
-example	no	no
-fullvar	no	no
-help		no	no
-meanfn			/Users/benroye/forge/cmusphinx/voiceVim/model_parameters/voiceVim.cd_cont_untied/means
-mixwfn			/Users/benroye/forge/cmusphinx/voiceVim/model_parameters/voiceVim.cd_cont_untied/mixture_weights
-moddeffn		/Users/benroye/forge/cmusphinx/voiceVim/model_architecture/voiceVim.untied.mdef
-mwfloor	1e-4	1.000000e-08
-phone			z
-psetfn			/Users/benroye/forge/cmusphinx/voiceVim/model_architecture/voiceVim.tree_questions
-ssplitmax	5	7
-ssplitmin	1	1
-ssplitthr	8e-4	0.000000e+00
-state			2
-stwt			1.0,0.05,0.0,
-treefn			/Users/benroye/forge/cmusphinx/voiceVim/trees/voiceVim.unpruned/z-2.dtree
-ts2cbfn	.semi.	.cont.
-varfloor	0.00001	1.000000e-05
-varfn			/Users/benroye/forge/cmusphinx/voiceVim/model_parameters/voiceVim.cd_cont_untied/variances

INFO: main.c(223): Reading: /Users/benroye/forge/cmusphinx/voiceVim/model_architecture/voiceVim.untied.mdef
INFO: model_def_io.c(573): Model definition info:
INFO: model_def_io.c(574): 2249 total models defined (39 base, 2210 tri)
INFO: model_def_io.c(575): 8996 total states
INFO: model_def_io.c(576): 6747 total tied states
INFO: model_def_io.c(577): 117 total tied CI states
INFO: model_def_io.c(578): 39 total tied transition matrices
INFO: model_def_io.c(579): 4 max state/model
INFO: model_def_io.c(580): 4 min state/model
INFO: main.c(242): Building trees for [z SIL i b] through [z v uu b]
INFO: main.c(269): Covering states |[6654 6743]| == 90
INFO: main.c(275): Reading: /Users/benroye/forge/cmusphinx/voiceVim/model_parameters/voiceVim.cd_cont_untied/mixture_weights
INFO: s3mixw_io.c(173): Read /Users/benroye/forge/cmusphinx/voiceVim/model_parameters/voiceVim.cd_cont_untied/mixture_weights [90x1x1 array]
INFO: main.c(311): 30 of 30 models have observation count greater than 0.000010
INFO: main.c(95): nrm stwt: 0.000 0.048 0.952 
INFO: s3gau_io.c(169): Read /Users/benroye/forge/cmusphinx/voiceVim/model_parameters/voiceVim.cd_cont_untied/means [6747x1x1 array]
INFO: s3gau_io.c(169): Read /Users/benroye/forge/cmusphinx/voiceVim/model_parameters/voiceVim.cd_cont_untied/variances [6747x1x1 array]
INFO: main.c(549): Reading: /Users/benroye/forge/cmusphinx/voiceVim/model_architecture/voiceVim.tree_questions
INFO: main.c(588): 174 total simple questions (166 phone; 8 word bndry)
INFO: main.c(590): 40 Left Only questions, and 42 Right Only questions
INFO: dtree.c(1478): Final simple tree
|( WDBNDRY_B 0 -1.262e+05 2.855e+03 5.614e+02
|    ( QUESTION4 1 -3.725e+04 4.904e+02 1.624e+02
|        ( - -2.112e+04 9 0 QUESTION1 -1 2.579e+02 9.328e+01)
|        ( - -1.564e+04 10 0 QUESTION19 -1 2.283e+02 6.912e+01))
|    ( QUESTION13 1 -8.606e+04 6.670e+02 3.990e+02
|        ( - -7.052e+03 1 0)
|        ( SILENCE 1 -7.834e+04 4.155e+02 3.679e+02
|            ( - -5.049e+03 1 0)
|            ( QUESTION0_15_R 1 -7.288e+04 3.911e+02 3.435e+02
|                ( - -1.740e+04 1 0)
|                ( QUESTION0_13_R 1 -5.509e+04 4.034e+02 2.621e+02
|                    ( - -1.771e+04 1 0)
|                    ( QUESTION0_2_R 1 -3.698e+04 2.665e+02 1.716e+02
|                        ( - -1.045e+04 1 0)
|                        ( - -2.626e+04 6 0 QUESTION0_9_R 1 2.345e+02 1.222e+02)))))))
s>    ( WDBNDRY_B 0 -1.262e+05 2.855e+03 5.614e+02
s>        ( QUESTION4 1 -3.725e+04 4.904e+02 1.624e+02
s>            ( - -2.112e+04 9 0 QUESTION1 -1 2.579e+02 9.328e+01)
s>            ( - -1.564e+04 10 0 QUESTION19 -1 2.283e+02 6.912e+01))
s>        ( QUESTION13 1 -8.606e+04 6.670e+02 3.990e+02
s>            ( - -7.052e+03 1 0)
s>            ( SILENCE 1 -7.834e+04 4.155e+02 3.679e+02
s>                ( - -5.049e+03 1 0)
s>                ( QUESTION0_15_R 1 -7.288e+04 3.911e+02 3.435e+02
s>                    ( - -1.740e+04 1 0)
s>                    ( QUESTION0_13_R 1 -5.509e+04 4.034e+02 2.621e+02
s>                        ( - -1.771e+04 1 0)
s>                        ( QUESTION0_2_R 1 -3.698e+04 2.665e+02 1.716e+02
s>                            ( - -1.045e+04 1 0)
s>                            ( - -2.626e+04 6 0 QUESTION0_9_R 1 2.345e+02 1.222e+02)))))))INFO: dtree.c(1315): Comp split 0
INFO: dtree.c(1478): Final simple tree
|( SILENCE 1 -7.834e+04 4.155e+02 3.679e+02
|    ( - -5.049e+03 1 0)
|    ( QUESTION0_15_R 1 -7.288e+04 3.911e+02 3.435e+02
|        ( - -1.740e+04 1 0)
|        ( QUESTION0_13_R 1 -5.509e+04 4.034e+02 2.621e+02
|            ( - -1.771e+04 1 0)
|            ( QUESTION0_2_R 1 -3.698e+04 2.665e+02 1.716e+02
|                ( - -1.045e+04 1 0)
|                ( QUESTION0_9_R 1 -2.626e+04 2.345e+02 1.222e+02
|                    ( QUESTION0_10_R 1 -2.007e+04 2.013e+02 9.583e+01
|                        ( - -1.082e+04 1 0)
|                        ( - -9.052e+03 1 0))
|                    ( QUESTION0_1_R 1 -5.954e+03 2.026e+02 2.638e+01
|                        ( - -4.166e+03 2 0 QUESTION0_4_R 1 6.210e+01 1.938e+01)
|                        ( - -1.586e+03 2 0 QUESTION4 1 1.779e+02 7.000e+00)))))))
s>    ( SILENCE 1 -7.834e+04 4.155e+02 3.679e+02
s>        ( - -5.049e+03 1 0)
s>        ( QUESTION0_15_R 1 -7.288e+04 3.911e+02 3.435e+02
s>            ( - -1.740e+04 1 0)
s>            ( QUESTION0_13_R 1 -5.509e+04 4.034e+02 2.621e+02
s>                ( - -1.771e+04 1 0)
s>                ( QUESTION0_2_R 1 -3.698e+04 2.665e+02 1.716e+02
s>                    ( - -1.045e+04 1 0)
s>                    ( QUESTION0_9_R 1 -2.626e+04 2.345e+02 1.222e+02
s>                        ( QUESTION0_10_R 1 -2.007e+04 2.013e+02 9.583e+01
s>                            ( - -1.082e+04 1 0)
s>                            ( - -9.052e+03 1 0))
s>                        ( QUESTION0_1_R 1 -5.954e+03 2.026e+02 2.638e+01
s>                            ( - -4.166e+03 2 0 QUESTION0_4_R 1 6.210e+01 1.938e+01)
s>                            ( - -1.586e+03 2 0 QUESTION4 1 1.779e+02 7.000e+00)))))))INFO: dtree.c(1478): Final simple tree
|( WDBNDRY_B 0 -4.494e+04 6.403e+02 1.935e+02
|    ( QUESTION4 1 -3.725e+04 4.904e+02 1.624e+02
|        ( QUESTION1 -1 -2.112e+04 2.579e+02 9.328e+01
|            ( - -1.648e+03 1 0)
|            ( QUESTION12 -1 -1.921e+04 2.417e+02 8.528e+01
|                ( QUESTION13 -1 -1.678e+03 1.842e+02 8.000e+00
|                    ( - -5.032e+02 1 0)
|                    ( - -9.900e+02 1 0))
|                ( - -1.729e+04 6 0 SILENCE -1 1.319e+02 7.728e+01)))
|        ( QUESTION19 -1 -1.564e+04 2.283e+02 6.912e+01
|            ( - -3.257e+02 1 0)
|            ( QUESTION2_1_L -1 -1.509e+04 1.718e+02 6.712e+01
|                ( - -1.038e+04 4 0 QUESTION2 -1 1.284e+02 4.712e+01)
|                ( - -4.532e+03 5 0 QUESTION2_9_L -1 1.507e+02 2.000e+01))))
|    ( - -7.052e+03 1 0))
s>    ( WDBNDRY_B 0 -4.494e+04 6.403e+02 1.935e+02
s>        ( QUESTION4 1 -3.725e+04 4.904e+02 1.624e+02
s>            ( QUESTION1 -1 -2.112e+04 2.579e+02 9.328e+01
s>                ( - -1.648e+03 1 0)
s>                ( QUESTION12 -1 -1.921e+04 2.417e+02 8.528e+01
s>                    ( QUESTION13 -1 -1.678e+03 1.842e+02 8.000e+00
s>                        ( - -5.032e+02 1 0)
s>                        ( - -9.900e+02 1 0))
s>                    ( - -1.729e+04 6 0 SILENCE -1 1.319e+02 7.728e+01)))
s>            ( QUESTION19 -1 -1.564e+04 2.283e+02 6.912e+01
s>                ( - -3.257e+02 1 0)
s>                ( QUESTION2_1_L -1 -1.509e+04 1.718e+02 6.712e+01
s>                    ( - -1.038e+04 4 0 QUESTION2 -1 1.284e+02 4.712e+01)
s>                    ( - -4.532e+03 5 0 QUESTION2_9_L -1 1.507e+02 2.000e+01))))
s>        ( - -7.052e+03 1 0))INFO: dtree.c(1315): Comp split 1
INFO: dtree.c(1478): Final simple tree
|( QUESTION4 1 -3.725e+04 4.904e+02 1.624e+02
|    ( QUESTION1 -1 -2.112e+04 2.579e+02 9.328e+01
|        ( - -1.648e+03 1 0)
|        ( QUESTION12 -1 -1.921e+04 2.417e+02 8.528e+01
|            ( QUESTION13 -1 -1.678e+03 1.842e+02 8.000e+00
|                ( - -5.032e+02 1 0)
|                ( - -9.900e+02 1 0))
|            ( - -1.729e+04 6 0 SILENCE -1 1.319e+02 7.728e+01)))
|    ( QUESTION19 -1 -1.564e+04 2.283e+02 6.912e+01
|        ( - -3.257e+02 1 0)
|        ( QUESTION2_1_L -1 -1.509e+04 1.718e+02 6.712e+01
|            ( - -1.038e+04 4 0 QUESTION2 -1 1.284e+02 4.712e+01)
|            ( QUESTION2_9_L -1 -4.532e+03 1.507e+02 2.000e+01
|                ( - -5.692e+02 1 0)
|                ( - -3.812e+03 4 0 QUESTION2_19_L -1 1.273e+02 1.700e+01)))))
s>    ( QUESTION4 1 -3.725e+04 4.904e+02 1.624e+02
s>        ( QUESTION1 -1 -2.112e+04 2.579e+02 9.328e+01
s>            ( - -1.648e+03 1 0)
s>            ( QUESTION12 -1 -1.921e+04 2.417e+02 8.528e+01
s>                ( QUESTION13 -1 -1.678e+03 1.842e+02 8.000e+00
s>                    ( - -5.032e+02 1 0)
s>                    ( - -9.900e+02 1 0))
s>                ( - -1.729e+04 6 0 SILENCE -1 1.319e+02 7.728e+01)))
s>        ( QUESTION19 -1 -1.564e+04 2.283e+02 6.912e+01
s>            ( - -3.257e+02 1 0)
s>            ( QUESTION2_1_L -1 -1.509e+04 1.718e+02 6.712e+01
s>                ( - -1.038e+04 4 0 QUESTION2 -1 1.284e+02 4.712e+01)
s>                ( QUESTION2_9_L -1 -4.532e+03 1.507e+02 2.000e+01
s>                    ( - -5.692e+02 1 0)
s>                    ( - -3.812e+03 4 0 QUESTION2_19_L -1 1.273e+02 1.700e+01)))))INFO: dtree.c(1315): Comp split 2
INFO: dtree.c(1478): Final simple tree
|( QUESTION1 -1 -2.506e+04 2.532e+02 1.103e+02
|    ( - -1.648e+03 1 0)
|    ( QUESTION12 -1 -2.316e+04 2.336e+02 1.023e+02
|        ( QUESTION13 -1 -1.678e+03 1.842e+02 8.000e+00
|            ( - -5.032e+02 1 0)
|            ( - -9.900e+02 1 0))
|        ( QUESTION4 1 -2.125e+04 1.471e+02 9.428e+01
|            ( SILENCE -1 -1.729e+04 1.319e+02 7.728e+01
|                ( - -7.974e+02 1 0)
|                ( QUESTION5 -1 -1.636e+04 1.249e+02 7.328e+01
|                    ( - -1.012e+03 1 0)
|                    ( - -1.522e+04 4 0 QUESTION0 -1 7.783e+01 6.828e+01)))
|            ( QUESTION2_19_L -1 -3.812e+03 1.273e+02 1.700e+01
|                ( - -1.832e+03 2 0)
|                ( - -1.853e+03 2 0 SILENCE -1 1.133e+02 9.000e+00)))))
s>    ( QUESTION1 -1 -2.506e+04 2.532e+02 1.103e+02
s>        ( - -1.648e+03 1 0)
s>        ( QUESTION12 -1 -2.316e+04 2.336e+02 1.023e+02
s>            ( QUESTION13 -1 -1.678e+03 1.842e+02 8.000e+00
s>                ( - -5.032e+02 1 0)
s>                ( - -9.900e+02 1 0))
s>            ( QUESTION4 1 -2.125e+04 1.471e+02 9.428e+01
s>                ( SILENCE -1 -1.729e+04 1.319e+02 7.728e+01
s>                    ( - -7.974e+02 1 0)
s>                    ( QUESTION5 -1 -1.636e+04 1.249e+02 7.328e+01
s>                        ( - -1.012e+03 1 0)
s>                        ( - -1.522e+04 4 0 QUESTION0 -1 7.783e+01 6.828e+01)))
s>                ( QUESTION2_19_L -1 -3.812e+03 1.273e+02 1.700e+01
s>                    ( - -1.832e+03 2 0)
s>                    ( - -1.853e+03 2 0 SILENCE -1 1.133e+02 9.000e+00)))))INFO: dtree.c(1439): stop. leaf nodes are specific
INFO: dtree.c(1478): Final simple tree
|( QUESTION19 -1 -1.166e+04 2.369e+02 5.212e+01
|    ( - -3.257e+02 1 0)
|    ( QUESTION4 -1 -1.109e+04 1.400e+02 5.012e+01
|        ( - -5.692e+02 1 0)
|        ( QUESTION2 -1 -1.038e+04 1.284e+02 4.712e+01
|            ( - -7.374e+03 2 0)
|            ( QUESTION0 -1 -2.883e+03 9.608e+01 1.336e+01
|                ( - -9.221e+02 1 0)
|                ( - -1.865e+03 1 0)))))
s>    ( QUESTION19 -1 -1.166e+04 2.369e+02 5.212e+01
s>        ( - -3.257e+02 1 0)
s>        ( QUESTION4 -1 -1.109e+04 1.400e+02 5.012e+01
s>            ( - -5.692e+02 1 0)
s>            ( QUESTION2 -1 -1.038e+04 1.284e+02 4.712e+01
s>                ( - -7.374e+03 2 0)
s>                ( QUESTION0 -1 -2.883e+03 9.608e+01 1.336e+01
s>                    ( - -9.221e+02 1 0)
s>                    ( - -1.865e+03 1 0)))))INFO: dtree.c(1315): Comp split 3
INFO: dtree.c(1439): stop. leaf nodes are specific
INFO: dtree.c(1478): Final simple tree
|( QUESTION0_13_R 1 -3.920e+04 2.701e+02 1.817e+02
|    ( - -1.740e+04 1 0)
|    ( QUESTION0_1_R 1 -2.153e+04 2.501e+02 1.003e+02
|        ( - -1.045e+04 1 0)
|        ( QUESTION0_8_R 1 -1.083e+04 1.897e+02 5.090e+01
|            ( QUESTION4 1 -1.586e+03 1.779e+02 7.000e+00
|                ( - -8.050e+02 1 0)
|                ( - -6.026e+02 1 0))
|            ( - -9.052e+03 1 0))))
s>    ( QUESTION0_13_R 1 -3.920e+04 2.701e+02 1.817e+02
s>        ( - -1.740e+04 1 0)
s>        ( QUESTION0_1_R 1 -2.153e+04 2.501e+02 1.003e+02
s>            ( - -1.045e+04 1 0)
s>            ( QUESTION0_8_R 1 -1.083e+04 1.897e+02 5.090e+01
s>                ( QUESTION4 1 -1.586e+03 1.779e+02 7.000e+00
s>                    ( - -8.050e+02 1 0)
s>                    ( - -6.026e+02 1 0))
s>                ( - -9.052e+03 1 0))))INFO: dtree.c(1439): stop. leaf nodes are specific
INFO: dtree.c(1478): Final simple tree
|( QUESTION0_7_R 1 -3.865e+04 4.069e+02 1.862e+02
|    ( QUESTION0_10_R 1 -2.877e+04 2.439e+02 1.424e+02
|        ( - -1.082e+04 1 0)
|        ( - -1.771e+04 1 0))
|    ( SILENCE 1 -9.468e+03 2.538e+02 4.382e+01
|        ( - -5.049e+03 1 0)
|        ( QUESTION0_4_R 1 -4.166e+03 6.210e+01 1.938e+01
|            ( - -1.478e+03 1 0)
|            ( - -2.626e+03 1 0))))
s>    ( QUESTION0_7_R 1 -3.865e+04 4.069e+02 1.862e+02
s>        ( QUESTION0_10_R 1 -2.877e+04 2.439e+02 1.424e+02
s>            ( - -1.082e+04 1 0)
s>            ( - -1.771e+04 1 0))
s>        ( SILENCE 1 -9.468e+03 2.538e+02 4.382e+01
s>            ( - -5.049e+03 1 0)
s>            ( QUESTION0_4_R 1 -4.166e+03 6.210e+01 1.938e+01
s>                ( - -1.478e+03 1 0)
s>                ( - -2.626e+03 1 0))))INFO: dtree.c(1315): Comp split 4
INFO: dtree.c(1439): stop. leaf nodes are specific
INFO: dtree.c(1478): Final simple tree
|( SILENCE 1 -9.468e+03 2.538e+02 4.382e+01
|    ( - -5.049e+03 1 0)
|    ( QUESTION0_4_R 1 -4.166e+03 6.210e+01 1.938e+01
|        ( - -1.478e+03 1 0)
|        ( - -2.626e+03 1 0)))
s>    ( SILENCE 1 -9.468e+03 2.538e+02 4.382e+01
s>        ( - -5.049e+03 1 0)
s>        ( QUESTION0_4_R 1 -4.166e+03 6.210e+01 1.938e+01
s>            ( - -1.478e+03 1 0)
s>            ( - -2.626e+03 1 0)))INFO: dtree.c(1439): stop. leaf nodes are specific
INFO: dtree.c(1478): Final simple tree
|( QUESTION0_10_R 1 -2.877e+04 2.439e+02 1.424e+02
|    ( - -1.082e+04 1 0)
|    ( - -1.771e+04 1 0))
s>    ( QUESTION0_10_R 1 -2.877e+04 2.439e+02 1.424e+02
s>        ( - -1.082e+04 1 0)
s>        ( - -1.771e+04 1 0))INFO: dtree.c(1315): Comp split 5
INFO: dtree.c(1439): stop. leaf nodes are specific
INFO: dtree.c(1478): Final simple tree
|( QUESTION4 1 -2.125e+04 1.471e+02 9.428e+01
|    ( SILENCE -1 -1.729e+04 1.319e+02 7.728e+01
|        ( - -7.974e+02 1 0)
|        ( QUESTION5 -1 -1.636e+04 1.249e+02 7.328e+01
|            ( - -1.012e+03 1 0)
|            ( QUESTION0 -1 -1.522e+04 7.783e+01 6.828e+01
|                ( - -8.267e+02 1 0)
|                ( - -1.432e+04 3 0))))
|    ( QUESTION2_19_L -1 -3.812e+03 1.273e+02 1.700e+01
|        ( - -1.832e+03 2 0)
|        ( SILENCE -1 -1.853e+03 1.133e+02 9.000e+00
|            ( - -7.563e+02 1 0)
|            ( - -9.834e+02 1 0))))
s>    ( QUESTION4 1 -2.125e+04 1.471e+02 9.428e+01
s>        ( SILENCE -1 -1.729e+04 1.319e+02 7.728e+01
s>            ( - -7.974e+02 1 0)
s>            ( QUESTION5 -1 -1.636e+04 1.249e+02 7.328e+01
s>                ( - -1.012e+03 1 0)
s>                ( QUESTION0 -1 -1.522e+04 7.783e+01 6.828e+01
s>                    ( - -8.267e+02 1 0)
s>                    ( - -1.432e+04 3 0))))
s>        ( QUESTION2_19_L -1 -3.812e+03 1.273e+02 1.700e+01
s>            ( - -1.832e+03 2 0)
s>            ( SILENCE -1 -1.853e+03 1.133e+02 9.000e+00
s>                ( - -7.563e+02 1 0)
s>                ( - -9.834e+02 1 0))))INFO: dtree.c(1439): stop. leaf nodes are specific
INFO: dtree.c(1478): Final simple tree
|( QUESTION13 -1 -3.485e+03 1.980e+02 1.600e+01
|    ( - -5.032e+02 1 0)
|    ( QUESTION0 -1 -2.784e+03 1.455e+02 1.300e+01
|        ( - -1.648e+03 1 0)
|        ( - -9.900e+02 1 0)))
s>    ( QUESTION13 -1 -3.485e+03 1.980e+02 1.600e+01
s>        ( - -5.032e+02 1 0)
s>        ( QUESTION0 -1 -2.784e+03 1.455e+02 1.300e+01
s>            ( - -1.648e+03 1 0)
s>            ( - -9.900e+02 1 0)))INFO: dtree.c(1315): Comp split 6
INFO: dtree.c(1439): stop. leaf nodes are specific
INFO: dtree.c(1478): Final simple tree
|( QUESTION0_1_R 1 -2.153e+04 2.501e+02 1.003e+02
|    ( - -1.045e+04 1 0)
|    ( QUESTION0_8_R 1 -1.083e+04 1.897e+02 5.090e+01
|        ( QUESTION4 1 -1.586e+03 1.779e+02 7.000e+00
|            ( - -8.050e+02 1 0)
|            ( - -6.026e+02 1 0))
|        ( - -9.052e+03 1 0)))
s>    ( QUESTION0_1_R 1 -2.153e+04 2.501e+02 1.003e+02
s>        ( - -1.045e+04 1 0)
s>        ( QUESTION0_8_R 1 -1.083e+04 1.897e+02 5.090e+01
s>            ( QUESTION4 1 -1.586e+03 1.779e+02 7.000e+00
s>                ( - -8.050e+02 1 0)
s>                ( - -6.026e+02 1 0))
s>            ( - -9.052e+03 1 0)))INFO: dtree.c(1315): Comp split 7
INFO: dtree.c(1439): stop. leaf nodes are specific
INFO: dtree.c(1478): Final simple tree
|( QUESTION0_4_R 1 -4.166e+03 6.210e+01 1.938e+01
|    ( - -1.478e+03 1 0)
|    ( - -2.626e+03 1 0))
s>    ( QUESTION0_4_R 1 -4.166e+03 6.210e+01 1.938e+01
s>        ( - -1.478e+03 1 0)
s>        ( - -2.626e+03 1 0))INFO: dtree.c(1315): Comp split 8
INFO: dtree.c(1439): stop. leaf nodes are specific
INFO: dtree.c(1478): Final simple tree
|( QUESTION0_8_R 1 -1.083e+04 1.897e+02 5.090e+01
|    ( QUESTION4 1 -1.586e+03 1.779e+02 7.000e+00
|        ( - -8.050e+02 1 0)
|        ( - -6.026e+02 1 0))
|    ( - -9.052e+03 1 0))
s>    ( QUESTION0_8_R 1 -1.083e+04 1.897e+02 5.090e+01
s>        ( QUESTION4 1 -1.586e+03 1.779e+02 7.000e+00
s>            ( - -8.050e+02 1 0)
s>            ( - -6.026e+02 1 0))
s>        ( - -9.052e+03 1 0))INFO: dtree.c(1315): Comp split 9
INFO: dtree.c(1315): Comp split 10
INFO: dtree.c(1439): stop. leaf nodes are specific
INFO: dtree.c(1478): Final simple tree
|( QUESTION4 -1 -1.109e+04 1.400e+02 5.012e+01
|    ( - -5.692e+02 1 0)
|    ( QUESTION2 -1 -1.038e+04 1.284e+02 4.712e+01
|        ( - -7.374e+03 2 0)
|        ( QUESTION0 -1 -2.883e+03 9.608e+01 1.336e+01
|            ( - -9.221e+02 1 0)
|            ( - -1.865e+03 1 0))))
s>    ( QUESTION4 -1 -1.109e+04 1.400e+02 5.012e+01
s>        ( - -5.692e+02 1 0)
s>        ( QUESTION2 -1 -1.038e+04 1.284e+02 4.712e+01
s>            ( - -7.374e+03 2 0)
s>            ( QUESTION0 -1 -2.883e+03 9.608e+01 1.336e+01
s>                ( - -9.221e+02 1 0)
s>                ( - -1.865e+03 1 0))))INFO: dtree.c(1315): Comp split 11
INFO: dtree.c(1439): stop. leaf nodes are specific
INFO: dtree.c(1478): Final simple tree
|( QUESTION0 -1 -2.784e+03 1.455e+02 1.300e+01
|    ( - -1.648e+03 1 0)
|    ( - -9.900e+02 1 0))
s>    ( QUESTION0 -1 -2.784e+03 1.455e+02 1.300e+01
s>        ( - -1.648e+03 1 0)
s>        ( - -9.900e+02 1 0))INFO: dtree.c(1315): Comp split 12
INFO: dtree.c(1439): stop. leaf nodes are specific
INFO: dtree.c(1478): Final simple tree
|( QUESTION4 1 -1.586e+03 1.779e+02 7.000e+00
|    ( - -8.050e+02 1 0)
|    ( - -6.026e+02 1 0))
s>    ( QUESTION4 1 -1.586e+03 1.779e+02 7.000e+00
s>        ( - -8.050e+02 1 0)
s>        ( - -6.026e+02 1 0))INFO: dtree.c(1315): Comp split 13
INFO: dtree.c(1315): Comp split 14
INFO: dtree.c(1439): stop. leaf nodes are specific
INFO: dtree.c(1478): Final simple tree
|( QUESTION0 -1 -1.522e+04 7.783e+01 6.828e+01
|    ( - -8.267e+02 1 0)
|    ( - -1.432e+04 3 0))
s>    ( QUESTION0 -1 -1.522e+04 7.783e+01 6.828e+01
s>        ( - -8.267e+02 1 0)
s>        ( - -1.432e+04 3 0))INFO: dtree.c(1439): stop. leaf nodes are specific
INFO: dtree.c(1478): Final simple tree
|( QUESTION2_3_L -1 -5.851e+03 1.213e+02 2.600e+01
|    ( - -9.834e+02 1 0)
|    ( SILENCE -1 -4.746e+03 1.150e+02 2.100e+01
|        ( QUESTION4 1 -1.679e+03 1.256e+02 8.000e+00
|            ( - -7.974e+02 1 0)
|            ( - -7.563e+02 1 0))
|        ( QUESTION4 -1 -2.952e+03 1.075e+02 1.300e+01
|            ( - -1.832e+03 2 0)
|            ( - -1.012e+03 1 0))))
s>    ( QUESTION2_3_L -1 -5.851e+03 1.213e+02 2.600e+01
s>        ( - -9.834e+02 1 0)
s>        ( SILENCE -1 -4.746e+03 1.150e+02 2.100e+01
s>            ( QUESTION4 1 -1.679e+03 1.256e+02 8.000e+00
s>                ( - -7.974e+02 1 0)
s>                ( - -7.563e+02 1 0))
s>            ( QUESTION4 -1 -2.952e+03 1.075e+02 1.300e+01
s>                ( - -1.832e+03 2 0)
s>                ( - -1.012e+03 1 0))))INFO: dtree.c(1315): Comp split 15
INFO: dtree.c(1315): Comp split 16
INFO: dtree.c(1439): stop. leaf nodes are specific
INFO: dtree.c(1478): Final simple tree
|( QUESTION2 -1 -1.038e+04 1.284e+02 4.712e+01
|    ( - -7.374e+03 2 0)
|    ( QUESTION0 -1 -2.883e+03 9.608e+01 1.336e+01
|        ( - -9.221e+02 1 0)
|        ( - -1.865e+03 1 0)))
s>    ( QUESTION2 -1 -1.038e+04 1.284e+02 4.712e+01
s>        ( - -7.374e+03 2 0)
s>        ( QUESTION0 -1 -2.883e+03 9.608e+01 1.336e+01
s>            ( - -9.221e+02 1 0)
s>            ( - -1.865e+03 1 0)))INFO: dtree.c(1315): Comp split 17
INFO: dtree.c(1439): stop. leaf nodes are specific
INFO: dtree.c(1478): Final simple tree
|( QUESTION0 -1 -2.883e+03 9.608e+01 1.336e+01
|    ( - -9.221e+02 1 0)
|    ( - -1.865e+03 1 0))
s>    ( QUESTION0 -1 -2.883e+03 9.608e+01 1.336e+01
s>        ( - -9.221e+02 1 0)
s>        ( - -1.865e+03 1 0))INFO: dtree.c(1315): Comp split 18
INFO: dtree.c(1439): stop. leaf nodes are specific
INFO: dtree.c(1478): Final simple tree
|( QUESTION2_3_L -1 -4.928e+03 1.194e+02 2.200e+01
|    ( - -9.834e+02 1 0)
|    ( SILENCE -1 -3.825e+03 1.176e+02 1.700e+01
|        ( - -7.563e+02 1 0)
|        ( QUESTION4 -1 -2.952e+03 1.075e+02 1.300e+01
|            ( - -1.832e+03 2 0)
|            ( - -1.012e+03 1 0))))
s>    ( QUESTION2_3_L -1 -4.928e+03 1.194e+02 2.200e+01
s>        ( - -9.834e+02 1 0)
s>        ( SILENCE -1 -3.825e+03 1.176e+02 1.700e+01
s>            ( - -7.563e+02 1 0)
s>            ( QUESTION4 -1 -2.952e+03 1.075e+02 1.300e+01
s>                ( - -1.832e+03 2 0)
s>                ( - -1.012e+03 1 0))))INFO: dtree.c(1315): Comp split 19
INFO: dtree.c(1439): stop. leaf nodes are specific
INFO: dtree.c(1478): Final simple tree
|( QUESTION4 -1 -2.952e+03 1.075e+02 1.300e+01
|    ( - -1.832e+03 2 0)
|    ( - -1.012e+03 1 0))
s>    ( QUESTION4 -1 -2.952e+03 1.075e+02 1.300e+01
s>        ( - -1.832e+03 2 0)
s>        ( - -1.012e+03 1 0))INFO: dtree.c(1439): stop. leaf nodes are specific
INFO: dtree.c(1478): Final simple tree
|( SILENCE -1 -1.853e+03 1.133e+02 9.000e+00
|    ( - -7.563e+02 1 0)
|    ( - -9.834e+02 1 0))
s>    ( SILENCE -1 -1.853e+03 1.133e+02 9.000e+00
s>        ( - -7.563e+02 1 0)
s>        ( - -9.834e+02 1 0))INFO: dtree.c(1315): Comp split 20
INFO: dtree.c(1315): Comp split 21
INFO: dtree.c(1315): Comp split 22
INFO: dtree.c(1315): Comp split 23
INFO: dtree.c(1315): Comp split 24
INFO: dtree.c(1315): Comp split 25
INFO: dtree.c(1318): stop. leaf nodes are specific
Mon Jan 30 07:35:53 2017
