Current configuration:
[NAME]		[DEFLT]	[VALUE]
-allphones	no	no
-cntthresh	0.00001	1.000000e-05
-csplitmax	100	2000
-csplitmin	1	1
-csplitthr	8e-4	0.000000e+00
-example	no	no
-fullvar	no	no
-help		no	no
-meanfn			/Users/benroye/forge/cmusphinx/voiceVim/model_parameters/voiceVim.cd_cont_untied/means
-mixwfn			/Users/benroye/forge/cmusphinx/voiceVim/model_parameters/voiceVim.cd_cont_untied/mixture_weights
-moddeffn		/Users/benroye/forge/cmusphinx/voiceVim/model_architecture/voiceVim.untied.mdef
-mwfloor	1e-4	1.000000e-08
-phone			n
-psetfn			/Users/benroye/forge/cmusphinx/voiceVim/model_architecture/voiceVim.tree_questions
-ssplitmax	5	7
-ssplitmin	1	1
-ssplitthr	8e-4	0.000000e+00
-state			1
-stwt			1.0,0.05,0.0,
-treefn			/Users/benroye/forge/cmusphinx/voiceVim/trees/voiceVim.unpruned/n-1.dtree
-ts2cbfn	.semi.	.cont.
-varfloor	0.00001	1.000000e-05
-varfn			/Users/benroye/forge/cmusphinx/voiceVim/model_parameters/voiceVim.cd_cont_untied/variances

INFO: main.c(223): Reading: /Users/benroye/forge/cmusphinx/voiceVim/model_architecture/voiceVim.untied.mdef
INFO: model_def_io.c(573): Model definition info:
INFO: model_def_io.c(574): 2249 total models defined (39 base, 2210 tri)
INFO: model_def_io.c(575): 8996 total states
INFO: model_def_io.c(576): 6747 total tied states
INFO: model_def_io.c(577): 117 total tied CI states
INFO: model_def_io.c(578): 39 total tied transition matrices
INFO: model_def_io.c(579): 4 max state/model
INFO: model_def_io.c(580): 4 min state/model
INFO: main.c(242): Building trees for [n SIL e b] through [n x uu b]
INFO: main.c(269): Covering states |[3144 3566]| == 423
INFO: main.c(275): Reading: /Users/benroye/forge/cmusphinx/voiceVim/model_parameters/voiceVim.cd_cont_untied/mixture_weights
INFO: s3mixw_io.c(173): Read /Users/benroye/forge/cmusphinx/voiceVim/model_parameters/voiceVim.cd_cont_untied/mixture_weights [423x1x1 array]
INFO: main.c(311): 141 of 141 models have observation count greater than 0.000010
INFO: main.c(95): nrm stwt: 0.045 0.909 0.045 
INFO: s3gau_io.c(169): Read /Users/benroye/forge/cmusphinx/voiceVim/model_parameters/voiceVim.cd_cont_untied/means [6747x1x1 array]
INFO: s3gau_io.c(169): Read /Users/benroye/forge/cmusphinx/voiceVim/model_parameters/voiceVim.cd_cont_untied/variances [6747x1x1 array]
INFO: main.c(549): Reading: /Users/benroye/forge/cmusphinx/voiceVim/model_architecture/voiceVim.tree_questions
INFO: main.c(588): 174 total simple questions (166 phone; 8 word bndry)
INFO: main.c(590): 40 Left Only questions, and 42 Right Only questions
INFO: dtree.c(1478): Final simple tree
|( QUESTION2 1 -1.483e+06 5.878e+03 7.495e+03
|    ( QUESTION4 -1 -1.951e+05 1.538e+03 9.878e+02
|        ( WDBNDRY_E 0 -1.278e+05 1.112e+03 6.520e+02
|            ( - -5.231e+04 11 0 QUESTION0_2_R 1 2.490e+02 2.692e+02)
|            ( - -7.441e+04 3 0 QUESTION2_13_L -1 2.521e+02 3.828e+02))
|        ( - -6.568e+04 1 0))
|    ( WDBNDRY_E 0 -1.282e+06 3.760e+03 6.507e+03
|        ( SILENCE 1 -6.479e+05 1.376e+03 3.366e+03
|            ( - -4.311e+04 6 0 QUESTION2_9_L -1 3.490e+02 2.263e+02)
|            ( - -6.034e+05 70 0 QUESTION2_0_L -1 6.605e+02 3.140e+03))
|        ( QUESTION4 -1 -6.305e+05 4.785e+03 3.141e+03
|            ( QUESTION0_1_R 1 -2.636e+05 3.034e+03 1.256e+03
|                ( - -8.191e+04 1 0)
|                ( - -1.787e+05 18 0 QUESTION0_0_R 1 9.260e+02 8.528e+02))
|            ( - -3.621e+05 31 0 QUESTION0_10_R 1 1.029e+03 1.884e+03))))
s>    ( QUESTION2 1 -1.483e+06 5.878e+03 7.495e+03
s>        ( QUESTION4 -1 -1.951e+05 1.538e+03 9.878e+02
s>            ( WDBNDRY_E 0 -1.278e+05 1.112e+03 6.520e+02
s>                ( - -5.231e+04 11 0 QUESTION0_2_R 1 2.490e+02 2.692e+02)
s>                ( - -7.441e+04 3 0 QUESTION2_13_L -1 2.521e+02 3.828e+02))
s>            ( - -6.568e+04 1 0))
s>        ( WDBNDRY_E 0 -1.282e+06 3.760e+03 6.507e+03
s>            ( SILENCE 1 -6.479e+05 1.376e+03 3.366e+03
s>                ( - -4.311e+04 6 0 QUESTION2_9_L -1 3.490e+02 2.263e+02)
s>                ( - -6.034e+05 70 0 QUESTION2_0_L -1 6.605e+02 3.140e+03))
s>            ( QUESTION4 -1 -6.305e+05 4.785e+03 3.141e+03
s>                ( QUESTION0_1_R 1 -2.636e+05 3.034e+03 1.256e+03
s>                    ( - -8.191e+04 1 0)
s>                    ( - -1.787e+05 18 0 QUESTION0_0_R 1 9.260e+02 8.528e+02))
s>                ( - -3.621e+05 31 0 QUESTION0_10_R 1 1.029e+03 1.884e+03))))INFO: dtree.c(1315): Comp split 0
INFO: dtree.c(1478): Final simple tree
|( WDBNDRY_E 0 -9.667e+05 1.200e+03 5.024e+03
|    ( QUESTION2_0_L -1 -6.034e+05 6.605e+02 3.140e+03
|        ( QUESTION0_17_R 1 -4.768e+05 5.215e+02 2.478e+03
|            ( - -2.525e+04 2 0 QUESTION2_3_L -1 1.367e+02 1.261e+02)
|            ( QUESTION2_3_L -1 -4.510e+05 5.304e+02 2.352e+03
|                ( - -2.190e+05 20 0 QUESTION8 1 3.499e+02 1.156e+03)
|                ( QUESTION0_8_R 1 -2.315e+05 6.358e+02 1.196e+03
|                    ( - -9.548e+04 5 0 QUESTION4 1 3.115e+02 4.948e+02)
|                    ( - -1.354e+05 14 0 QUESTION0_4_R 1 4.558e+02 7.014e+02))))
|        ( - -1.260e+05 29 0 QUESTION8 1 4.296e+02 6.619e+02))
|    ( QUESTION0_10_R 1 -3.621e+05 1.029e+03 1.884e+03
|        ( - -1.130e+05 1 0)
|        ( SILENCE -1 -2.480e+05 5.474e+02 1.289e+03
|            ( - -5.962e+03 5 0 QUESTION0_9_R 1 4.368e+02 2.602e+01)
|            ( - -2.415e+05 25 0 QUESTION2 -1 5.028e+02 1.263e+03))))
s>    ( WDBNDRY_E 0 -9.667e+05 1.200e+03 5.024e+03
s>        ( QUESTION2_0_L -1 -6.034e+05 6.605e+02 3.140e+03
s>            ( QUESTION0_17_R 1 -4.768e+05 5.215e+02 2.478e+03
s>                ( - -2.525e+04 2 0 QUESTION2_3_L -1 1.367e+02 1.261e+02)
s>                ( QUESTION2_3_L -1 -4.510e+05 5.304e+02 2.352e+03
s>                    ( - -2.190e+05 20 0 QUESTION8 1 3.499e+02 1.156e+03)
s>                    ( QUESTION0_8_R 1 -2.315e+05 6.358e+02 1.196e+03
s>                        ( - -9.548e+04 5 0 QUESTION4 1 3.115e+02 4.948e+02)
s>                        ( - -1.354e+05 14 0 QUESTION0_4_R 1 4.558e+02 7.014e+02))))
s>            ( - -1.260e+05 29 0 QUESTION8 1 4.296e+02 6.619e+02))
s>        ( QUESTION0_10_R 1 -3.621e+05 1.029e+03 1.884e+03
s>            ( - -1.130e+05 1 0)
s>            ( SILENCE -1 -2.480e+05 5.474e+02 1.289e+03
s>                ( - -5.962e+03 5 0 QUESTION0_9_R 1 4.368e+02 2.602e+01)
s>                ( - -2.415e+05 25 0 QUESTION2 -1 5.028e+02 1.263e+03))))INFO: dtree.c(1478): Final simple tree
|( QUESTION3 1 -5.066e+05 4.233e+03 2.470e+03
|    ( QUESTION0_1_R 1 -2.636e+05 3.034e+03 1.256e+03
|        ( - -8.191e+04 1 0)
|        ( QUESTION0_0_R 1 -1.787e+05 9.260e+02 8.528e+02
|            ( WDBNDRY_B 0 -5.724e+04 4.686e+02 2.795e+02
|                ( - -4.213e+04 9 0 QUESTION2_18_L -1 4.389e+02 2.083e+02)
|                ( - -1.464e+04 1 0))
|            ( QUESTION2_9_L -1 -1.205e+05 5.584e+02 5.733e+02
|                ( - -1.752e+04 1 0)
|                ( - -1.024e+05 7 0 QUESTION2_4_L -1 3.788e+02 4.842e+02))))
|    ( QUESTION4 -1 -2.388e+05 1.586e+03 1.214e+03
|        ( WDBNDRY_E 0 -1.693e+05 1.377e+03 8.673e+02
|            ( - -9.351e+04 16 0 QUESTION2_3_L -1 3.172e+02 4.845e+02)
|            ( - -7.441e+04 3 0 QUESTION2_13_L -1 2.521e+02 3.828e+02))
|        ( - -6.792e+04 2 0 WDBNDRY_E 0 2.717e+02 3.468e+02)))
s>    ( QUESTION3 1 -5.066e+05 4.233e+03 2.470e+03
s>        ( QUESTION0_1_R 1 -2.636e+05 3.034e+03 1.256e+03
s>            ( - -8.191e+04 1 0)
s>            ( QUESTION0_0_R 1 -1.787e+05 9.260e+02 8.528e+02
s>                ( WDBNDRY_B 0 -5.724e+04 4.686e+02 2.795e+02
s>                    ( - -4.213e+04 9 0 QUESTION2_18_L -1 4.389e+02 2.083e+02)
s>                    ( - -1.464e+04 1 0))
s>                ( QUESTION2_9_L -1 -1.205e+05 5.584e+02 5.733e+02
s>                    ( - -1.752e+04 1 0)
s>                    ( - -1.024e+05 7 0 QUESTION2_4_L -1 3.788e+02 4.842e+02))))
s>        ( QUESTION4 -1 -2.388e+05 1.586e+03 1.214e+03
s>            ( WDBNDRY_E 0 -1.693e+05 1.377e+03 8.673e+02
s>                ( - -9.351e+04 16 0 QUESTION2_3_L -1 3.172e+02 4.845e+02)
s>                ( - -7.441e+04 3 0 QUESTION2_13_L -1 2.521e+02 3.828e+02))
s>            ( - -6.792e+04 2 0 WDBNDRY_E 0 2.717e+02 3.468e+02)))INFO: dtree.c(1315): Comp split 1
INFO: dtree.c(1478): Final simple tree
|( QUESTION0_1_R 1 -2.636e+05 3.034e+03 1.256e+03
|    ( - -8.191e+04 1 0)
|    ( QUESTION0_0_R 1 -1.787e+05 9.260e+02 8.528e+02
|        ( WDBNDRY_B 0 -5.724e+04 4.686e+02 2.795e+02
|            ( QUESTION2_18_L -1 -4.213e+04 4.389e+02 2.083e+02
|                ( - 1.627e+02 1 0)
|                ( - -4.185e+04 8 0 QUESTION2_9_L -1 2.448e+02 2.073e+02))
|            ( - -1.464e+04 1 0))
|        ( QUESTION2_9_L -1 -1.205e+05 5.584e+02 5.733e+02
|            ( - -1.752e+04 1 0)
|            ( QUESTION2_4_L -1 -1.024e+05 3.788e+02 4.842e+02
|                ( - -3.592e+03 1 0)
|                ( WDBNDRY_B 0 -9.845e+04 2.606e+02 4.642e+02
|                    ( - -9.571e+04 5 0)
|                    ( - -2.480e+03 1 0))))))
s>    ( QUESTION0_1_R 1 -2.636e+05 3.034e+03 1.256e+03
s>        ( - -8.191e+04 1 0)
s>        ( QUESTION0_0_R 1 -1.787e+05 9.260e+02 8.528e+02
s>            ( WDBNDRY_B 0 -5.724e+04 4.686e+02 2.795e+02
s>                ( QUESTION2_18_L -1 -4.213e+04 4.389e+02 2.083e+02
s>                    ( - 1.627e+02 1 0)
s>                    ( - -4.185e+04 8 0 QUESTION2_9_L -1 2.448e+02 2.073e+02))
s>                ( - -1.464e+04 1 0))
s>            ( QUESTION2_9_L -1 -1.205e+05 5.584e+02 5.733e+02
s>                ( - -1.752e+04 1 0)
s>                ( QUESTION2_4_L -1 -1.024e+05 3.788e+02 4.842e+02
s>                    ( - -3.592e+03 1 0)
s>                    ( WDBNDRY_B 0 -9.845e+04 2.606e+02 4.642e+02
s>                        ( - -9.571e+04 5 0)
s>                        ( - -2.480e+03 1 0))))))INFO: dtree.c(1478): Final simple tree
|( QUESTION4 -1 -2.388e+05 1.586e+03 1.214e+03
|    ( WDBNDRY_E 0 -1.693e+05 1.377e+03 8.673e+02
|        ( QUESTION2_3_L -1 -9.351e+04 3.172e+02 4.845e+02
|            ( - -1.480e+04 4 0 SILENCE 1 1.816e+02 7.615e+01)
|            ( QUESTION0_3_R 1 -7.839e+04 2.956e+02 4.084e+02
|                ( - -2.590e+04 4 0 QUESTION2_0_L -1 1.427e+02 1.358e+02)
|                ( QUESTION2_0_L -1 -5.220e+04 2.571e+02 2.726e+02
|                    ( - -2.338e+04 2 0 SILENCE 1 1.748e+02 1.240e+02)
|                    ( - -2.856e+04 6 0 SILENCE 1 1.722e+02 1.486e+02))))
|        ( QUESTION2_13_L -1 -7.441e+04 2.521e+02 3.828e+02
|            ( - -6.721e+04 1 0)
|            ( - -6.955e+03 2 0 QUESTION2_0_L -1 1.709e+02 3.521e+01)))
|    ( WDBNDRY_E 0 -6.792e+04 2.717e+02 3.468e+02
|        ( - -1.970e+03 1 0)
|        ( - -6.568e+04 1 0)))
s>    ( QUESTION4 -1 -2.388e+05 1.586e+03 1.214e+03
s>        ( WDBNDRY_E 0 -1.693e+05 1.377e+03 8.673e+02
s>            ( QUESTION2_3_L -1 -9.351e+04 3.172e+02 4.845e+02
s>                ( - -1.480e+04 4 0 SILENCE 1 1.816e+02 7.615e+01)
s>                ( QUESTION0_3_R 1 -7.839e+04 2.956e+02 4.084e+02
s>                    ( - -2.590e+04 4 0 QUESTION2_0_L -1 1.427e+02 1.358e+02)
s>                    ( QUESTION2_0_L -1 -5.220e+04 2.571e+02 2.726e+02
s>                        ( - -2.338e+04 2 0 SILENCE 1 1.748e+02 1.240e+02)
s>                        ( - -2.856e+04 6 0 SILENCE 1 1.722e+02 1.486e+02))))
s>            ( QUESTION2_13_L -1 -7.441e+04 2.521e+02 3.828e+02
s>                ( - -6.721e+04 1 0)
s>                ( - -6.955e+03 2 0 QUESTION2_0_L -1 1.709e+02 3.521e+01)))
s>        ( WDBNDRY_E 0 -6.792e+04 2.717e+02 3.468e+02
s>            ( - -1.970e+03 1 0)
s>            ( - -6.568e+04 1 0)))INFO: dtree.c(1315): Comp split 2
INFO: dtree.c(1478): Final simple tree
|( QUESTION0_0_R 1 -1.787e+05 9.260e+02 8.528e+02
|    ( WDBNDRY_B 0 -5.724e+04 4.686e+02 2.795e+02
|        ( QUESTION2_18_L -1 -4.213e+04 4.389e+02 2.083e+02
|            ( - 1.627e+02 1 0)
|            ( QUESTION2_9_L -1 -4.185e+04 2.448e+02 2.073e+02
|                ( - -5.256e+03 1 0)
|                ( - -3.635e+04 7 0 QUESTION2_0_L -1 1.795e+02 1.783e+02)))
|        ( - -1.464e+04 1 0))
|    ( QUESTION2_9_L -1 -1.205e+05 5.584e+02 5.733e+02
|        ( - -1.752e+04 1 0)
|        ( QUESTION2_4_L -1 -1.024e+05 3.788e+02 4.842e+02
|            ( - -3.592e+03 1 0)
|            ( WDBNDRY_B 0 -9.845e+04 2.606e+02 4.642e+02
|                ( - -9.571e+04 5 0)
|                ( - -2.480e+03 1 0)))))
s>    ( QUESTION0_0_R 1 -1.787e+05 9.260e+02 8.528e+02
s>        ( WDBNDRY_B 0 -5.724e+04 4.686e+02 2.795e+02
s>            ( QUESTION2_18_L -1 -4.213e+04 4.389e+02 2.083e+02
s>                ( - 1.627e+02 1 0)
s>                ( QUESTION2_9_L -1 -4.185e+04 2.448e+02 2.073e+02
s>                    ( - -5.256e+03 1 0)
s>                    ( - -3.635e+04 7 0 QUESTION2_0_L -1 1.795e+02 1.783e+02)))
s>            ( - -1.464e+04 1 0))
s>        ( QUESTION2_9_L -1 -1.205e+05 5.584e+02 5.733e+02
s>            ( - -1.752e+04 1 0)
s>            ( QUESTION2_4_L -1 -1.024e+05 3.788e+02 4.842e+02
s>                ( - -3.592e+03 1 0)
s>                ( WDBNDRY_B 0 -9.845e+04 2.606e+02 4.642e+02
s>                    ( - -9.571e+04 5 0)
s>                    ( - -2.480e+03 1 0)))))INFO: dtree.c(1315): Comp split 3
INFO: dtree.c(1478): Final simple tree
|( WDBNDRY_E 0 -1.715e+05 1.403e+03 8.783e+02
|    ( QUESTION2_3_L -1 -9.567e+04 3.259e+02 4.955e+02
|        ( SILENCE 1 -1.696e+04 1.862e+02 8.715e+01
|            ( QUESTION4 -1 -1.373e+04 1.805e+02 7.112e+01
|                ( - -1.158e+04 1 0)
|                ( - -1.970e+03 1 0))
|            ( - -3.046e+03 3 0 QUESTION0_2_R 1 1.256e+02 1.603e+01))
|        ( QUESTION0_3_R 1 -7.839e+04 2.956e+02 4.084e+02
|            ( - -2.590e+04 4 0 QUESTION2_0_L -1 1.427e+02 1.358e+02)
|            ( QUESTION2_0_L -1 -5.220e+04 2.571e+02 2.726e+02
|                ( - -2.338e+04 2 0 SILENCE 1 1.748e+02 1.240e+02)
|                ( - -2.856e+04 6 0 SILENCE 1 1.722e+02 1.486e+02))))
|    ( QUESTION2_13_L -1 -7.441e+04 2.521e+02 3.828e+02
|        ( - -6.721e+04 1 0)
|        ( - -6.955e+03 2 0 QUESTION2_0_L -1 1.709e+02 3.521e+01)))
s>    ( WDBNDRY_E 0 -1.715e+05 1.403e+03 8.783e+02
s>        ( QUESTION2_3_L -1 -9.567e+04 3.259e+02 4.955e+02
s>            ( SILENCE 1 -1.696e+04 1.862e+02 8.715e+01
s>                ( QUESTION4 -1 -1.373e+04 1.805e+02 7.112e+01
s>                    ( - -1.158e+04 1 0)
s>                    ( - -1.970e+03 1 0))
s>                ( - -3.046e+03 3 0 QUESTION0_2_R 1 1.256e+02 1.603e+01))
s>            ( QUESTION0_3_R 1 -7.839e+04 2.956e+02 4.084e+02
s>                ( - -2.590e+04 4 0 QUESTION2_0_L -1 1.427e+02 1.358e+02)
s>                ( QUESTION2_0_L -1 -5.220e+04 2.571e+02 2.726e+02
s>                    ( - -2.338e+04 2 0 SILENCE 1 1.748e+02 1.240e+02)
s>                    ( - -2.856e+04 6 0 SILENCE 1 1.722e+02 1.486e+02))))
s>        ( QUESTION2_13_L -1 -7.441e+04 2.521e+02 3.828e+02
s>            ( - -6.721e+04 1 0)
s>            ( - -6.955e+03 2 0 QUESTION2_0_L -1 1.709e+02 3.521e+01)))INFO: dtree.c(1315): Comp split 4
INFO: dtree.c(1478): Final simple tree
|( QUESTION2_9_L -1 -1.028e+05 3.420e+02 5.307e+02
|    ( SILENCE 1 -3.201e+04 1.748e+02 1.682e+02
|        ( - -2.004e+04 1 0)
|        ( - -1.179e+04 3 0 WDBNDRY_E 0 1.652e+02 6.022e+01))
|    ( QUESTION2_0_L -1 -7.047e+04 3.013e+02 3.625e+02
|        ( SILENCE 1 -1.696e+04 1.862e+02 8.715e+01
|            ( QUESTION4 -1 -1.373e+04 1.805e+02 7.112e+01
|                ( - -1.158e+04 1 0)
|                ( - -1.970e+03 1 0))
|            ( - -3.046e+03 3 0 QUESTION0_2_R 1 1.256e+02 1.603e+01))
|        ( QUESTION0_3_R 1 -5.321e+04 2.466e+02 2.754e+02
|            ( WDBNDRY_E 0 -2.441e+04 1.850e+02 1.268e+02
|                ( - -2.274e+04 3 0)
|                ( - -1.484e+03 1 0))
|            ( - -2.856e+04 6 0 SILENCE 1 1.722e+02 1.486e+02))))
s>    ( QUESTION2_9_L -1 -1.028e+05 3.420e+02 5.307e+02
s>        ( SILENCE 1 -3.201e+04 1.748e+02 1.682e+02
s>            ( - -2.004e+04 1 0)
s>            ( - -1.179e+04 3 0 WDBNDRY_E 0 1.652e+02 6.022e+01))
s>        ( QUESTION2_0_L -1 -7.047e+04 3.013e+02 3.625e+02
s>            ( SILENCE 1 -1.696e+04 1.862e+02 8.715e+01
s>                ( QUESTION4 -1 -1.373e+04 1.805e+02 7.112e+01
s>                    ( - -1.158e+04 1 0)
s>                    ( - -1.970e+03 1 0))
s>                ( - -3.046e+03 3 0 QUESTION0_2_R 1 1.256e+02 1.603e+01))
s>            ( QUESTION0_3_R 1 -5.321e+04 2.466e+02 2.754e+02
s>                ( WDBNDRY_E 0 -2.441e+04 1.850e+02 1.268e+02
s>                    ( - -2.274e+04 3 0)
s>                    ( - -1.484e+03 1 0))
s>                ( - -2.856e+04 6 0 SILENCE 1 1.722e+02 1.486e+02))))INFO: dtree.c(1315): Comp split 5
INFO: dtree.c(1478): Final simple tree
|( QUESTION2_0_L -1 -6.034e+05 6.605e+02 3.140e+03
|    ( QUESTION0_17_R 1 -4.768e+05 5.215e+02 2.478e+03
|        ( - -2.525e+04 2 0 QUESTION2_3_L -1 1.367e+02 1.261e+02)
|        ( QUESTION2_3_L -1 -4.510e+05 5.304e+02 2.352e+03
|            ( - -2.190e+05 20 0 QUESTION8 1 3.499e+02 1.156e+03)
|            ( QUESTION0_8_R 1 -2.315e+05 6.358e+02 1.196e+03
|                ( - -9.548e+04 5 0 QUESTION4 1 3.115e+02 4.948e+02)
|                ( QUESTION0_4_R 1 -1.354e+05 4.558e+02 7.014e+02
|                    ( - -2.797e+04 2 0 QUESTION0_5_R 1 2.745e+02 1.499e+02)
|                    ( - -1.070e+05 12 0 QUESTION15 1 4.022e+02 5.515e+02)))))
|    ( QUESTION8 1 -1.260e+05 4.296e+02 6.619e+02
|        ( - 1.705e+02 1 0)
|        ( QUESTION17 1 -1.257e+05 4.280e+02 6.609e+02
|            ( - 2.200e+02 1 0)
|            ( - -1.255e+05 27 0 QUESTION16 1 3.001e+02 6.599e+02))))
s>    ( QUESTION2_0_L -1 -6.034e+05 6.605e+02 3.140e+03
s>        ( QUESTION0_17_R 1 -4.768e+05 5.215e+02 2.478e+03
s>            ( - -2.525e+04 2 0 QUESTION2_3_L -1 1.367e+02 1.261e+02)
s>            ( QUESTION2_3_L -1 -4.510e+05 5.304e+02 2.352e+03
s>                ( - -2.190e+05 20 0 QUESTION8 1 3.499e+02 1.156e+03)
s>                ( QUESTION0_8_R 1 -2.315e+05 6.358e+02 1.196e+03
s>                    ( - -9.548e+04 5 0 QUESTION4 1 3.115e+02 4.948e+02)
s>                    ( QUESTION0_4_R 1 -1.354e+05 4.558e+02 7.014e+02
s>                        ( - -2.797e+04 2 0 QUESTION0_5_R 1 2.745e+02 1.499e+02)
s>                        ( - -1.070e+05 12 0 QUESTION15 1 4.022e+02 5.515e+02)))))
s>        ( QUESTION8 1 -1.260e+05 4.296e+02 6.619e+02
s>            ( - 1.705e+02 1 0)
s>            ( QUESTION17 1 -1.257e+05 4.280e+02 6.609e+02
s>                ( - 2.200e+02 1 0)
s>                ( - -1.255e+05 27 0 QUESTION16 1 3.001e+02 6.599e+02))))INFO: dtree.c(1478): Final simple tree
|( QUESTION0_10_R 1 -3.621e+05 1.029e+03 1.884e+03
|    ( - -1.130e+05 1 0)
|    ( SILENCE -1 -2.480e+05 5.474e+02 1.289e+03
|        ( QUESTION0_9_R 1 -5.962e+03 4.368e+02 2.602e+01
|            ( - 1.739e+02 1 0)
|            ( - -5.699e+03 4 0 QUESTION0_0_R 1 8.961e+01 2.502e+01))
|        ( QUESTION2 -1 -2.415e+05 5.028e+02 1.263e+03
|            ( - -9.209e+04 10 0 QUESTION0_0_R 1 1.967e+02 4.804e+02)
|            ( WDBNDRY_B 0 -1.489e+05 5.381e+02 7.829e+02
|                ( QUESTION11 -1 -1.364e+05 4.815e+02 7.220e+02
|                    ( - 1.732e+02 1 0)
|                    ( QUESTION8 -1 -1.361e+05 4.534e+02 7.210e+02
|                        ( - 1.185e+02 1 0)
|                        ( - -1.358e+05 12 0 QUESTION10 -1 3.859e+02 7.200e+02)))
|                ( - -1.196e+04 1 0)))))
s>    ( QUESTION0_10_R 1 -3.621e+05 1.029e+03 1.884e+03
s>        ( - -1.130e+05 1 0)
s>        ( SILENCE -1 -2.480e+05 5.474e+02 1.289e+03
s>            ( QUESTION0_9_R 1 -5.962e+03 4.368e+02 2.602e+01
s>                ( - 1.739e+02 1 0)
s>                ( - -5.699e+03 4 0 QUESTION0_0_R 1 8.961e+01 2.502e+01))
s>            ( QUESTION2 -1 -2.415e+05 5.028e+02 1.263e+03
s>                ( - -9.209e+04 10 0 QUESTION0_0_R 1 1.967e+02 4.804e+02)
s>                ( WDBNDRY_B 0 -1.489e+05 5.381e+02 7.829e+02
s>                    ( QUESTION11 -1 -1.364e+05 4.815e+02 7.220e+02
s>                        ( - 1.732e+02 1 0)
s>                        ( QUESTION8 -1 -1.361e+05 4.534e+02 7.210e+02
s>                            ( - 1.185e+02 1 0)
s>                            ( - -1.358e+05 12 0 QUESTION10 -1 3.859e+02 7.200e+02)))
s>                    ( - -1.196e+04 1 0)))))INFO: dtree.c(1315): Comp split 6
INFO: dtree.c(1439): stop. leaf nodes are specific
INFO: dtree.c(1478): Final simple tree
|( QUESTION2_18_L -1 -6.362e+04 4.100e+02 3.165e+02
|    ( - -1.752e+04 1 0)
|    ( QUESTION2_3_L -1 -4.569e+04 2.926e+02 2.273e+02
|        ( QUESTION0_0_R 1 -7.182e+03 1.360e+02 3.900e+01
|            ( - -3.454e+03 1 0)
|            ( - -3.592e+03 1 0))
|        ( QUESTION2_0_L -1 -3.821e+04 2.437e+02 1.883e+02
|            ( - -5.256e+03 1 0)
|            ( QUESTION0_8_R 1 -3.272e+04 1.744e+02 1.593e+02
|                ( - -2.933e+04 5 0)
|                ( - -3.213e+03 1 0)))))
s>    ( QUESTION2_18_L -1 -6.362e+04 4.100e+02 3.165e+02
s>        ( - -1.752e+04 1 0)
s>        ( QUESTION2_3_L -1 -4.569e+04 2.926e+02 2.273e+02
s>            ( QUESTION0_0_R 1 -7.182e+03 1.360e+02 3.900e+01
s>                ( - -3.454e+03 1 0)
s>                ( - -3.592e+03 1 0))
s>            ( QUESTION2_0_L -1 -3.821e+04 2.437e+02 1.883e+02
s>                ( - -5.256e+03 1 0)
s>                ( QUESTION0_8_R 1 -3.272e+04 1.744e+02 1.593e+02
s>                    ( - -2.933e+04 5 0)
s>                    ( - -3.213e+03 1 0)))))INFO: dtree.c(1439): stop. leaf nodes are specific
INFO: dtree.c(1478): Final simple tree
|( WDBNDRY_B 0 -1.138e+05 5.001e+02 5.364e+02
|    ( QUESTION0_0_R 1 -9.598e+04 4.317e+02 4.532e+02
|        ( - 1.627e+02 1 0)
|        ( - -9.571e+04 5 0))
|    ( QUESTION0_0_R 1 -1.737e+04 2.444e+02 8.318e+01
|        ( - -1.464e+04 1 0)
|        ( - -2.480e+03 1 0)))
s>    ( WDBNDRY_B 0 -1.138e+05 5.001e+02 5.364e+02
s>        ( QUESTION0_0_R 1 -9.598e+04 4.317e+02 4.532e+02
s>            ( - 1.627e+02 1 0)
s>            ( - -9.571e+04 5 0))
s>        ( QUESTION0_0_R 1 -1.737e+04 2.444e+02 8.318e+01
s>            ( - -1.464e+04 1 0)
s>            ( - -2.480e+03 1 0)))INFO: dtree.c(1315): Comp split 7
INFO: dtree.c(1478): Final simple tree
|( SILENCE -1 -2.477e+05 5.175e+02 1.288e+03
|    ( - -5.699e+03 4 0 QUESTION0_0_R 1 8.961e+01 2.502e+01)
|    ( QUESTION2 -1 -2.415e+05 5.028e+02 1.263e+03
|        ( - -9.209e+04 10 0 QUESTION0_0_R 1 1.967e+02 4.804e+02)
|        ( WDBNDRY_B 0 -1.489e+05 5.381e+02 7.829e+02
|            ( QUESTION11 -1 -1.364e+05 4.815e+02 7.220e+02
|                ( - 1.732e+02 1 0)
|                ( QUESTION8 -1 -1.361e+05 4.534e+02 7.210e+02
|                    ( - 1.185e+02 1 0)
|                    ( QUESTION10 -1 -1.358e+05 3.859e+02 7.200e+02
|                        ( QUESTION0_0_R 1 -8.758e+04 3.686e+02 4.651e+02
|                            ( - -7.365e+04 6 0 QUESTION2_2_L -1 2.942e+02 3.891e+02)
|                            ( - -1.356e+04 2 0))
|                        ( - -4.783e+04 4 0 QUESTION0_0_R 1 2.988e+02 2.549e+02))))
|            ( - -1.196e+04 1 0))))
s>    ( SILENCE -1 -2.477e+05 5.175e+02 1.288e+03
s>        ( - -5.699e+03 4 0 QUESTION0_0_R 1 8.961e+01 2.502e+01)
s>        ( QUESTION2 -1 -2.415e+05 5.028e+02 1.263e+03
s>            ( - -9.209e+04 10 0 QUESTION0_0_R 1 1.967e+02 4.804e+02)
s>            ( WDBNDRY_B 0 -1.489e+05 5.381e+02 7.829e+02
s>                ( QUESTION11 -1 -1.364e+05 4.815e+02 7.220e+02
s>                    ( - 1.732e+02 1 0)
s>                    ( QUESTION8 -1 -1.361e+05 4.534e+02 7.210e+02
s>                        ( - 1.185e+02 1 0)
s>                        ( QUESTION10 -1 -1.358e+05 3.859e+02 7.200e+02
s>                            ( QUESTION0_0_R 1 -8.758e+04 3.686e+02 4.651e+02
s>                                ( - -7.365e+04 6 0 QUESTION2_2_L -1 2.942e+02 3.891e+02)
s>                                ( - -1.356e+04 2 0))
s>                            ( - -4.783e+04 4 0 QUESTION0_0_R 1 2.988e+02 2.549e+02))))
s>                ( - -1.196e+04 1 0))))INFO: dtree.c(1439): stop. leaf nodes are specific
INFO: dtree.c(1478): Final simple tree
|( WDBNDRY_B 0 -1.133e+05 4.627e+02 5.960e+02
|    ( - 1.739e+02 1 0)
|    ( - -1.130e+05 1 0))
s>    ( WDBNDRY_B 0 -1.133e+05 4.627e+02 5.960e+02
s>        ( - 1.739e+02 1 0)
s>        ( - -1.130e+05 1 0))INFO: dtree.c(1315): Comp split 8
INFO: dtree.c(1478): Final simple tree
|( QUESTION2_0_L -1 -2.620e+05 5.912e+02 1.363e+03
|    ( QUESTION0_4_R 1 -1.354e+05 4.558e+02 7.014e+02
|        ( - -2.797e+04 2 0 QUESTION0_5_R 1 2.745e+02 1.499e+02)
|        ( QUESTION15 1 -1.070e+05 4.022e+02 5.515e+02
|            ( - -6.223e+03 1 0)
|            ( QUESTION6 1 -1.003e+05 3.485e+02 5.171e+02
|                ( - -1.322e+04 3 0 QUESTION0_10_R 1 2.969e+02 7.100e+01)
|                ( QUESTION0_2_R 1 -8.678e+04 3.177e+02 4.461e+02
|                    ( - -9.816e+03 1 0)
|                    ( - -7.664e+04 7 0 QUESTION0_11_R 1 2.868e+02 3.949e+02)))))
|    ( QUESTION8 1 -1.260e+05 4.296e+02 6.619e+02
|        ( - 1.705e+02 1 0)
|        ( QUESTION17 1 -1.257e+05 4.280e+02 6.609e+02
|            ( - 2.200e+02 1 0)
|            ( - -1.255e+05 27 0 QUESTION16 1 3.001e+02 6.599e+02))))
s>    ( QUESTION2_0_L -1 -2.620e+05 5.912e+02 1.363e+03
s>        ( QUESTION0_4_R 1 -1.354e+05 4.558e+02 7.014e+02
s>            ( - -2.797e+04 2 0 QUESTION0_5_R 1 2.745e+02 1.499e+02)
s>            ( QUESTION15 1 -1.070e+05 4.022e+02 5.515e+02
s>                ( - -6.223e+03 1 0)
s>                ( QUESTION6 1 -1.003e+05 3.485e+02 5.171e+02
s>                    ( - -1.322e+04 3 0 QUESTION0_10_R 1 2.969e+02 7.100e+01)
s>                    ( QUESTION0_2_R 1 -8.678e+04 3.177e+02 4.461e+02
s>                        ( - -9.816e+03 1 0)
s>                        ( - -7.664e+04 7 0 QUESTION0_11_R 1 2.868e+02 3.949e+02)))))
s>        ( QUESTION8 1 -1.260e+05 4.296e+02 6.619e+02
s>            ( - 1.705e+02 1 0)
s>            ( QUESTION17 1 -1.257e+05 4.280e+02 6.609e+02
s>                ( - 2.200e+02 1 0)
s>                ( - -1.255e+05 27 0 QUESTION16 1 3.001e+02 6.599e+02))))INFO: dtree.c(1478): Final simple tree
|( QUESTION0_17_R 1 -3.405e+05 4.321e+02 1.776e+03
|    ( - -2.525e+04 2 0 QUESTION2_3_L -1 1.367e+02 1.261e+02)
|    ( QUESTION2_3_L -1 -3.148e+05 3.688e+02 1.650e+03
|        ( QUESTION8 1 -2.190e+05 3.499e+02 1.156e+03
|            ( - -2.235e+04 3 0 QUESTION0_1_R 1 1.299e+02 1.215e+02)
|            ( QUESTION18 1 -1.963e+05 3.263e+02 1.034e+03
|                ( - -3.391e+04 3 0 QUESTION0_1_R 1 2.592e+02 1.802e+02)
|                ( QUESTION4 -1 -1.620e+05 3.405e+02 8.539e+02
|                    ( QUESTION6 1 -1.455e+05 3.059e+02 7.659e+02
|                        ( - -8.124e+03 1 0)
|                        ( - -1.371e+05 11 0 QUESTION0_12_R 1 2.504e+02 7.221e+02))
|                    ( - -1.617e+04 2 0 QUESTION0_10_R 1 2.463e+02 8.795e+01))))
|        ( QUESTION4 1 -9.548e+04 3.115e+02 4.948e+02
|            ( - -7.003e+04 2 0)
|            ( - -2.513e+04 3 0 QUESTION11 1 1.829e+02 1.368e+02))))
s>    ( QUESTION0_17_R 1 -3.405e+05 4.321e+02 1.776e+03
s>        ( - -2.525e+04 2 0 QUESTION2_3_L -1 1.367e+02 1.261e+02)
s>        ( QUESTION2_3_L -1 -3.148e+05 3.688e+02 1.650e+03
s>            ( QUESTION8 1 -2.190e+05 3.499e+02 1.156e+03
s>                ( - -2.235e+04 3 0 QUESTION0_1_R 1 1.299e+02 1.215e+02)
s>                ( QUESTION18 1 -1.963e+05 3.263e+02 1.034e+03
s>                    ( - -3.391e+04 3 0 QUESTION0_1_R 1 2.592e+02 1.802e+02)
s>                    ( QUESTION4 -1 -1.620e+05 3.405e+02 8.539e+02
s>                        ( QUESTION6 1 -1.455e+05 3.059e+02 7.659e+02
s>                            ( - -8.124e+03 1 0)
s>                            ( - -1.371e+05 11 0 QUESTION0_12_R 1 2.504e+02 7.221e+02))
s>                        ( - -1.617e+04 2 0 QUESTION0_10_R 1 2.463e+02 8.795e+01))))
s>            ( QUESTION4 1 -9.548e+04 3.115e+02 4.948e+02
s>                ( - -7.003e+04 2 0)
s>                ( - -2.513e+04 3 0 QUESTION11 1 1.829e+02 1.368e+02))))INFO: dtree.c(1315): Comp split 9
INFO: dtree.c(1478): Final simple tree
|( QUESTION10 -1 -1.358e+05 3.859e+02 7.200e+02
|    ( QUESTION0_0_R 1 -8.758e+04 3.686e+02 4.651e+02
|        ( QUESTION2_2_L -1 -7.365e+04 2.942e+02 3.891e+02
|            ( - -5.662e+03 1 0)
|            ( QUESTION13 -1 -6.770e+04 2.795e+02 3.581e+02
|                ( - -7.052e+03 1 0)
|                ( QUESTION19 -1 -6.037e+04 2.823e+02 3.191e+02
|                    ( - -2.171e+04 1 0)
|                    ( - -3.837e+04 3 0 QUESTION0_8_R 1 1.598e+02 2.025e+02))))
|        ( - -1.356e+04 2 0))
|    ( QUESTION0_0_R 1 -4.783e+04 2.988e+02 2.549e+02
|        ( QUESTION0 -1 -1.876e+04 1.667e+02 9.999e+01
|            ( - -1.652e+04 2 0)
|            ( - -2.073e+03 1 0))
|        ( - -2.877e+04 1 0)))
s>    ( QUESTION10 -1 -1.358e+05 3.859e+02 7.200e+02
s>        ( QUESTION0_0_R 1 -8.758e+04 3.686e+02 4.651e+02
s>            ( QUESTION2_2_L -1 -7.365e+04 2.942e+02 3.891e+02
s>                ( - -5.662e+03 1 0)
s>                ( QUESTION13 -1 -6.770e+04 2.795e+02 3.581e+02
s>                    ( - -7.052e+03 1 0)
s>                    ( QUESTION19 -1 -6.037e+04 2.823e+02 3.191e+02
s>                        ( - -2.171e+04 1 0)
s>                        ( - -3.837e+04 3 0 QUESTION0_8_R 1 1.598e+02 2.025e+02))))
s>            ( - -1.356e+04 2 0))
s>        ( QUESTION0_0_R 1 -4.783e+04 2.988e+02 2.549e+02
s>            ( QUESTION0 -1 -1.876e+04 1.667e+02 9.999e+01
s>                ( - -1.652e+04 2 0)
s>                ( - -2.073e+03 1 0))
s>            ( - -2.877e+04 1 0)))INFO: dtree.c(1439): stop. leaf nodes are specific
INFO: dtree.c(1478): Final simple tree
|( QUESTION2 -1 -1.112e+05 5.414e+02 5.683e+02
|    ( QUESTION0_0_R 1 -9.209e+04 1.967e+02 4.804e+02
|        ( - -8.464e+04 6 0)
|        ( - -7.250e+03 4 0))
|    ( QUESTION10 -1 -1.853e+04 4.505e+02 8.790e+01
|        ( - 1.732e+02 1 0)
|        ( QUESTION3 -1 -1.825e+04 4.433e+02 8.690e+01
|            ( - 1.185e+02 1 0)
|            ( WDBNDRY_B 0 -1.793e+04 2.691e+02 8.590e+01
|                ( QUESTION0_0_R 1 -5.699e+03 8.961e+01 2.502e+01
|                    ( - -4.376e+03 2 0)
|                    ( - -1.233e+03 2 0))
|                ( - -1.196e+04 1 0)))))
s>    ( QUESTION2 -1 -1.112e+05 5.414e+02 5.683e+02
s>        ( QUESTION0_0_R 1 -9.209e+04 1.967e+02 4.804e+02
s>            ( - -8.464e+04 6 0)
s>            ( - -7.250e+03 4 0))
s>        ( QUESTION10 -1 -1.853e+04 4.505e+02 8.790e+01
s>            ( - 1.732e+02 1 0)
s>            ( QUESTION3 -1 -1.825e+04 4.433e+02 8.690e+01
s>                ( - 1.185e+02 1 0)
s>                ( WDBNDRY_B 0 -1.793e+04 2.691e+02 8.590e+01
s>                    ( QUESTION0_0_R 1 -5.699e+03 8.961e+01 2.502e+01
s>                        ( - -4.376e+03 2 0)
s>                        ( - -1.233e+03 2 0))
s>                    ( - -1.196e+04 1 0)))))INFO: dtree.c(1315): Comp split 10
INFO: dtree.c(1478): Final simple tree
|( QUESTION2_0_L -1 -1.153e+05 4.262e+02 5.971e+02
|    ( QUESTION0_5_R 1 -1.151e+05 4.141e+02 5.961e+02
|        ( - -1.380e+04 1 0)
|        ( QUESTION0_2_R 1 -1.009e+05 3.264e+02 5.202e+02
|            ( - -9.816e+03 1 0)
|            ( QUESTION11 1 -9.079e+04 2.965e+02 4.689e+02
|                ( - -1.171e+04 2 0)
|                ( QUESTION0_10_R 1 -7.878e+04 2.830e+02 4.039e+02
|                    ( - -4.359e+04 1 0)
|                    ( QUESTION0_4_R 1 -3.491e+04 2.150e+02 1.773e+02
|                        ( - -1.390e+04 1 0)
|                        ( QUESTION0_7_R 1 -2.079e+04 1.927e+02 1.033e+02
|                            ( - -1.587e+04 2 0 QUESTION0_12_R 1 1.898e+02 7.925e+01)
|                            ( - -4.730e+03 2 0 QUESTION0_0_R 1 1.381e+02 2.402e+01)))))))
|    ( - 2.200e+02 1 0))
s>    ( QUESTION2_0_L -1 -1.153e+05 4.262e+02 5.971e+02
s>        ( QUESTION0_5_R 1 -1.151e+05 4.141e+02 5.961e+02
s>            ( - -1.380e+04 1 0)
s>            ( QUESTION0_2_R 1 -1.009e+05 3.264e+02 5.202e+02
s>                ( - -9.816e+03 1 0)
s>                ( QUESTION11 1 -9.079e+04 2.965e+02 4.689e+02
s>                    ( - -1.171e+04 2 0)
s>                    ( QUESTION0_10_R 1 -7.878e+04 2.830e+02 4.039e+02
s>                        ( - -4.359e+04 1 0)
s>                        ( QUESTION0_4_R 1 -3.491e+04 2.150e+02 1.773e+02
s>                            ( - -1.390e+04 1 0)
s>                            ( QUESTION0_7_R 1 -2.079e+04 1.927e+02 1.033e+02
s>                                ( - -1.587e+04 2 0 QUESTION0_12_R 1 1.898e+02 7.925e+01)
s>                                ( - -4.730e+03 2 0 QUESTION0_0_R 1 1.381e+02 2.402e+01)))))))
s>        ( - 2.200e+02 1 0))INFO: dtree.c(1478): Final simple tree
|( QUESTION2_0_L -1 -1.460e+05 4.571e+02 7.662e+02
|    ( QUESTION8 1 -1.975e+04 3.955e+02 1.054e+02
|        ( - -1.207e+04 2 0 QUESTION0_1_R 1 1.871e+02 6.500e+01)
|        ( - -7.288e+03 2 0 QUESTION0_1_R 1 2.087e+02 4.038e+01))
|    ( QUESTION8 1 -1.258e+05 4.296e+02 6.609e+02
|        ( - 1.705e+02 1 0)
|        ( QUESTION16 1 -1.255e+05 3.001e+02 6.599e+02
|            ( - -1.032e+04 2 0)
|            ( QUESTION0_17_R 1 -1.149e+05 2.688e+02 6.043e+02
|                ( - -6.571e+03 1 0)
|                ( QUESTION0 1 -1.081e+05 2.513e+02 5.663e+02
|                    ( - -1.661e+04 3 0)
|                    ( QUESTION0_0_R 1 -9.119e+04 2.102e+02 4.777e+02
|                        ( - -7.931e+04 19 0 QUESTION14 1 2.182e+02 4.156e+02)
|                        ( - -1.168e+04 2 0)))))))
s>    ( QUESTION2_0_L -1 -1.460e+05 4.571e+02 7.662e+02
s>        ( QUESTION8 1 -1.975e+04 3.955e+02 1.054e+02
s>            ( - -1.207e+04 2 0 QUESTION0_1_R 1 1.871e+02 6.500e+01)
s>            ( - -7.288e+03 2 0 QUESTION0_1_R 1 2.087e+02 4.038e+01))
s>        ( QUESTION8 1 -1.258e+05 4.296e+02 6.609e+02
s>            ( - 1.705e+02 1 0)
s>            ( QUESTION16 1 -1.255e+05 3.001e+02 6.599e+02
s>                ( - -1.032e+04 2 0)
s>                ( QUESTION0_17_R 1 -1.149e+05 2.688e+02 6.043e+02
s>                    ( - -6.571e+03 1 0)
s>                    ( QUESTION0 1 -1.081e+05 2.513e+02 5.663e+02
s>                        ( - -1.661e+04 3 0)
s>                        ( QUESTION0_0_R 1 -9.119e+04 2.102e+02 4.777e+02
s>                            ( - -7.931e+04 19 0 QUESTION14 1 2.182e+02 4.156e+02)
s>                            ( - -1.168e+04 2 0)))))))INFO: dtree.c(1315): Comp split 11
INFO: dtree.c(1439): stop. leaf nodes are specific
INFO: dtree.c(1478): Final simple tree
|( QUESTION0_10_R 1 -7.568e+04 2.751e+02 4.049e+02
|    ( - -1.176e+04 1 0)
|    ( QUESTION13 1 -6.364e+04 2.637e+02 3.410e+02
|        ( QUESTION0_8_R 1 -8.469e+03 1.608e+02 4.700e+01
|            ( - -4.154e+03 1 0)
|            ( - -4.154e+03 1 0))
|        ( QUESTION0_9_R 1 -5.491e+04 2.436e+02 2.940e+02
|            ( - -5.624e+03 1 0)
|            ( QUESTION19 1 -4.904e+04 2.222e+02 2.610e+02
|                ( - -1.099e+04 1 0)
|                ( QUESTION0_1_R 1 -3.783e+04 1.980e+02 2.049e+02
|                    ( - -1.683e+04 1 0)
|                    ( - -2.080e+04 2 0))))))
s>    ( QUESTION0_10_R 1 -7.568e+04 2.751e+02 4.049e+02
s>        ( - -1.176e+04 1 0)
s>        ( QUESTION13 1 -6.364e+04 2.637e+02 3.410e+02
s>            ( QUESTION0_8_R 1 -8.469e+03 1.608e+02 4.700e+01
s>                ( - -4.154e+03 1 0)
s>                ( - -4.154e+03 1 0))
s>            ( QUESTION0_9_R 1 -5.491e+04 2.436e+02 2.940e+02
s>                ( - -5.624e+03 1 0)
s>                ( QUESTION19 1 -4.904e+04 2.222e+02 2.610e+02
s>                    ( - -1.099e+04 1 0)
s>                    ( QUESTION0_1_R 1 -3.783e+04 1.980e+02 2.049e+02
s>                        ( - -1.683e+04 1 0)
s>                        ( - -2.080e+04 2 0))))))INFO: dtree.c(1478): Final simple tree
|( QUESTION0_14_R 1 -2.642e+05 3.760e+02 1.372e+03
|    ( - -2.656e+04 3 0 QUESTION0_15_R 1 1.568e+02 1.331e+02)
|    ( QUESTION2_3_L -1 -2.373e+05 4.008e+02 1.238e+03
|        ( QUESTION8 1 -1.669e+05 3.274e+02 8.804e+02
|            ( - -2.235e+04 3 0 QUESTION0_1_R 1 1.299e+02 1.215e+02)
|            ( QUESTION6 1 -1.442e+05 3.072e+02 7.589e+02
|                ( - -8.124e+03 1 0)
|                ( QUESTION0_12_R 1 -1.357e+05 2.483e+02 7.151e+02
|                    ( - -2.838e+04 1 0)
|                    ( QUESTION0_11_R 1 -1.071e+05 3.183e+02 5.639e+02
|                        ( - -2.012e+03 1 0)
|                        ( QUESTION16 1 -1.048e+05 2.230e+02 5.519e+02
|                            ( - -8.656e+03 1 0)
|                            ( - -9.591e+04 7 0 QUESTION11 1 2.005e+02 5.059e+02))))))
|        ( - -7.003e+04 2 0)))
s>    ( QUESTION0_14_R 1 -2.642e+05 3.760e+02 1.372e+03
s>        ( - -2.656e+04 3 0 QUESTION0_15_R 1 1.568e+02 1.331e+02)
s>        ( QUESTION2_3_L -1 -2.373e+05 4.008e+02 1.238e+03
s>            ( QUESTION8 1 -1.669e+05 3.274e+02 8.804e+02
s>                ( - -2.235e+04 3 0 QUESTION0_1_R 1 1.299e+02 1.215e+02)
s>                ( QUESTION6 1 -1.442e+05 3.072e+02 7.589e+02
s>                    ( - -8.124e+03 1 0)
s>                    ( QUESTION0_12_R 1 -1.357e+05 2.483e+02 7.151e+02
s>                        ( - -2.838e+04 1 0)
s>                        ( QUESTION0_11_R 1 -1.071e+05 3.183e+02 5.639e+02
s>                            ( - -2.012e+03 1 0)
s>                            ( QUESTION16 1 -1.048e+05 2.230e+02 5.519e+02
s>                                ( - -8.656e+03 1 0)
s>                                ( - -9.591e+04 7 0 QUESTION11 1 2.005e+02 5.059e+02))))))
s>            ( - -7.003e+04 2 0)))INFO: dtree.c(1315): Comp split 12
INFO: dtree.c(1439): stop. leaf nodes are specific
INFO: dtree.c(1478): Final simple tree
|( QUESTION0_0_R 1 -9.341e+04 1.945e+02 4.854e+02
|    ( - -8.464e+04 6 0)
|    ( SILENCE -1 -8.576e+03 9.317e+01 4.301e+01
|        ( - -1.233e+03 2 0)
|        ( - -7.250e+03 4 0)))
s>    ( QUESTION0_0_R 1 -9.341e+04 1.945e+02 4.854e+02
s>        ( - -8.464e+04 6 0)
s>        ( SILENCE -1 -8.576e+03 9.317e+01 4.301e+01
s>            ( - -1.233e+03 2 0)
s>            ( - -7.250e+03 4 0)))INFO: dtree.c(1439): stop. leaf nodes are specific
INFO: dtree.c(1478): Final simple tree
|( QUESTION10 -1 -1.720e+04 4.512e+02 8.290e+01
|    ( - 1.732e+02 1 0)
|    ( QUESTION0_0_R 1 -1.692e+04 4.429e+02 8.190e+01
|        ( WDBNDRY_B 0 -1.660e+04 2.655e+02 8.090e+01
|            ( - -4.376e+03 2 0)
|            ( - -1.196e+04 1 0))
|        ( - 1.185e+02 1 0)))
s>    ( QUESTION10 -1 -1.720e+04 4.512e+02 8.290e+01
s>        ( - 1.732e+02 1 0)
s>        ( QUESTION0_0_R 1 -1.692e+04 4.429e+02 8.190e+01
s>            ( WDBNDRY_B 0 -1.660e+04 2.655e+02 8.090e+01
s>                ( - -4.376e+03 2 0)
s>                ( - -1.196e+04 1 0))
s>            ( - 1.185e+02 1 0)))INFO: dtree.c(1315): Comp split 13
INFO: dtree.c(1439): stop. leaf nodes are specific
INFO: dtree.c(1478): Final simple tree
|( QUESTION0_1_R 1 -7.288e+03 2.087e+02 4.038e+01
|    ( - -6.223e+03 1 0)
|    ( - -8.568e+02 1 0))
s>    ( QUESTION0_1_R 1 -7.288e+03 2.087e+02 4.038e+01
s>        ( - -6.223e+03 1 0)
s>        ( - -8.568e+02 1 0))INFO: dtree.c(1478): Final simple tree
|( QUESTION2_0_L -1 -1.382e+05 3.285e+02 7.259e+02
|    ( - -1.207e+04 2 0 QUESTION0_1_R 1 1.871e+02 6.500e+01)
|    ( QUESTION8 1 -1.258e+05 4.296e+02 6.609e+02
|        ( - 1.705e+02 1 0)
|        ( QUESTION16 1 -1.255e+05 3.001e+02 6.599e+02
|            ( - -1.032e+04 2 0)
|            ( QUESTION0_17_R 1 -1.149e+05 2.688e+02 6.043e+02
|                ( - -6.571e+03 1 0)
|                ( QUESTION0 1 -1.081e+05 2.513e+02 5.663e+02
|                    ( - -1.661e+04 3 0)
|                    ( QUESTION0_0_R 1 -9.119e+04 2.102e+02 4.777e+02
|                        ( QUESTION14 1 -7.931e+04 2.182e+02 4.156e+02
|                            ( - -4.320e+03 2 0)
|                            ( - -7.477e+04 17 0 QUESTION0_5_R 1 1.847e+02 3.916e+02))
|                        ( - -1.168e+04 2 0)))))))
s>    ( QUESTION2_0_L -1 -1.382e+05 3.285e+02 7.259e+02
s>        ( - -1.207e+04 2 0 QUESTION0_1_R 1 1.871e+02 6.500e+01)
s>        ( QUESTION8 1 -1.258e+05 4.296e+02 6.609e+02
s>            ( - 1.705e+02 1 0)
s>            ( QUESTION16 1 -1.255e+05 3.001e+02 6.599e+02
s>                ( - -1.032e+04 2 0)
s>                ( QUESTION0_17_R 1 -1.149e+05 2.688e+02 6.043e+02
s>                    ( - -6.571e+03 1 0)
s>                    ( QUESTION0 1 -1.081e+05 2.513e+02 5.663e+02
s>                        ( - -1.661e+04 3 0)
s>                        ( QUESTION0_0_R 1 -9.119e+04 2.102e+02 4.777e+02
s>                            ( QUESTION14 1 -7.931e+04 2.182e+02 4.156e+02
s>                                ( - -4.320e+03 2 0)
s>                                ( - -7.477e+04 17 0 QUESTION0_5_R 1 1.847e+02 3.916e+02))
s>                            ( - -1.168e+04 2 0)))))))INFO: dtree.c(1315): Comp split 14
INFO: dtree.c(1439): stop. leaf nodes are specific
INFO: dtree.c(1478): Final simple tree
|( QUESTION0_0_R 1 -1.737e+04 2.444e+02 8.318e+01
|    ( - -1.464e+04 1 0)
|    ( - -2.480e+03 1 0))
s>    ( QUESTION0_0_R 1 -1.737e+04 2.444e+02 8.318e+01
s>        ( - -1.464e+04 1 0)
s>        ( - -2.480e+03 1 0))INFO: dtree.c(1439): stop. leaf nodes are specific
INFO: dtree.c(1478): Final simple tree
|( QUESTION0_0_R 1 -9.598e+04 4.317e+02 4.532e+02
|    ( - 1.627e+02 1 0)
|    ( - -9.571e+04 5 0))
s>    ( QUESTION0_0_R 1 -9.598e+04 4.317e+02 4.532e+02
s>        ( - 1.627e+02 1 0)
s>        ( - -9.571e+04 5 0))INFO: dtree.c(1315): Comp split 15
INFO: dtree.c(1439): stop. leaf nodes are specific
INFO: dtree.c(1478): Final simple tree
|( QUESTION0_0_R 1 -3.555e+04 2.781e+02 1.926e+02
|    ( - -2.171e+04 1 0)
|    ( - -1.356e+04 2 0))
s>    ( QUESTION0_0_R 1 -3.555e+04 2.781e+02 1.926e+02
s>        ( - -2.171e+04 1 0)
s>        ( - -1.356e+04 2 0))INFO: dtree.c(1439): stop. leaf nodes are specific
INFO: dtree.c(1478): Final simple tree
|( QUESTION0_0_R 1 -9.977e+04 2.959e+02 5.274e+02
|    ( QUESTION18 -1 -7.070e+04 3.051e+02 3.725e+02
|        ( QUESTION19 -1 -4.433e+04 2.978e+02 2.335e+02
|            ( - -5.662e+03 1 0)
|            ( QUESTION0_8_R 1 -3.837e+04 1.598e+02 2.025e+02
|                ( - -3.679e+04 2 0)
|                ( - -1.423e+03 1 0)))
|        ( QUESTION10 -1 -2.606e+04 2.509e+02 1.390e+02
|            ( - -7.052e+03 1 0)
|            ( QUESTION0 -1 -1.876e+04 1.667e+02 9.999e+01
|                ( - -1.652e+04 2 0)
|                ( - -2.073e+03 1 0))))
|    ( - -2.877e+04 1 0))
s>    ( QUESTION0_0_R 1 -9.977e+04 2.959e+02 5.274e+02
s>        ( QUESTION18 -1 -7.070e+04 3.051e+02 3.725e+02
s>            ( QUESTION19 -1 -4.433e+04 2.978e+02 2.335e+02
s>                ( - -5.662e+03 1 0)
s>                ( QUESTION0_8_R 1 -3.837e+04 1.598e+02 2.025e+02
s>                    ( - -3.679e+04 2 0)
s>                    ( - -1.423e+03 1 0)))
s>            ( QUESTION10 -1 -2.606e+04 2.509e+02 1.390e+02
s>                ( - -7.052e+03 1 0)
s>                ( QUESTION0 -1 -1.876e+04 1.667e+02 9.999e+01
s>                    ( - -1.652e+04 2 0)
s>                    ( - -2.073e+03 1 0))))
s>        ( - -2.877e+04 1 0))INFO: dtree.c(1315): Comp split 16
INFO: dtree.c(1315): Comp split 17
INFO: dtree.c(1439): stop. leaf nodes are specific
INFO: dtree.c(1478): Final simple tree
|( QUESTION0_13_R 1 -4.917e+04 2.548e+02 2.546e+02
|    ( QUESTION0_15_R 1 -2.656e+04 1.568e+02 1.331e+02
|        ( QUESTION2_3_L -1 -2.525e+04 1.367e+02 1.261e+02
|            ( - -9.613e+03 1 0)
|            ( - -1.550e+04 1 0))
|        ( - -1.162e+03 1 0))
|    ( QUESTION0_1_R 1 -2.235e+04 1.299e+02 1.215e+02
|        ( - -1.209e+04 1 0)
|        ( - -1.013e+04 2 0)))
s>    ( QUESTION0_13_R 1 -4.917e+04 2.548e+02 2.546e+02
s>        ( QUESTION0_15_R 1 -2.656e+04 1.568e+02 1.331e+02
s>            ( QUESTION2_3_L -1 -2.525e+04 1.367e+02 1.261e+02
s>                ( - -9.613e+03 1 0)
s>                ( - -1.550e+04 1 0))
s>            ( - -1.162e+03 1 0))
s>        ( QUESTION0_1_R 1 -2.235e+04 1.299e+02 1.215e+02
s>            ( - -1.209e+04 1 0)
s>            ( - -1.013e+04 2 0)))INFO: dtree.c(1478): Final simple tree
|( QUESTION2_3_L -1 -2.146e+05 3.958e+02 1.117e+03
|    ( QUESTION6 1 -1.442e+05 3.072e+02 7.589e+02
|        ( - -8.124e+03 1 0)
|        ( QUESTION0_12_R 1 -1.357e+05 2.483e+02 7.151e+02
|            ( - -2.838e+04 1 0)
|            ( QUESTION0_11_R 1 -1.071e+05 3.183e+02 5.639e+02
|                ( - -2.012e+03 1 0)
|                ( QUESTION16 1 -1.048e+05 2.230e+02 5.519e+02
|                    ( - -8.656e+03 1 0)
|                    ( QUESTION11 1 -9.591e+04 2.005e+02 5.059e+02
|                        ( QUESTION0_1_R 1 -3.026e+04 2.640e+02 1.572e+02
|                            ( - -5.241e+03 1 0)
|                            ( - -2.475e+04 2 0))
|                        ( - -6.546e+04 4 0 QUESTION0_8_R 1 1.806e+02 3.487e+02))))))
|    ( - -7.003e+04 2 0))
s>    ( QUESTION2_3_L -1 -2.146e+05 3.958e+02 1.117e+03
s>        ( QUESTION6 1 -1.442e+05 3.072e+02 7.589e+02
s>            ( - -8.124e+03 1 0)
s>            ( QUESTION0_12_R 1 -1.357e+05 2.483e+02 7.151e+02
s>                ( - -2.838e+04 1 0)
s>                ( QUESTION0_11_R 1 -1.071e+05 3.183e+02 5.639e+02
s>                    ( - -2.012e+03 1 0)
s>                    ( QUESTION16 1 -1.048e+05 2.230e+02 5.519e+02
s>                        ( - -8.656e+03 1 0)
s>                        ( QUESTION11 1 -9.591e+04 2.005e+02 5.059e+02
s>                            ( QUESTION0_1_R 1 -3.026e+04 2.640e+02 1.572e+02
s>                                ( - -5.241e+03 1 0)
s>                                ( - -2.475e+04 2 0))
s>                            ( - -6.546e+04 4 0 QUESTION0_8_R 1 1.806e+02 3.487e+02))))))
s>        ( - -7.003e+04 2 0))INFO: dtree.c(1315): Comp split 18
INFO: dtree.c(1439): stop. leaf nodes are specific
INFO: dtree.c(1478): Final simple tree
|( QUESTION0_0_R 1 -1.692e+04 4.429e+02 8.190e+01
|    ( WDBNDRY_B 0 -1.660e+04 2.655e+02 8.090e+01
|        ( - -4.376e+03 2 0)
|        ( - -1.196e+04 1 0))
|    ( - 1.185e+02 1 0))
s>    ( QUESTION0_0_R 1 -1.692e+04 4.429e+02 8.190e+01
s>        ( WDBNDRY_B 0 -1.660e+04 2.655e+02 8.090e+01
s>            ( - -4.376e+03 2 0)
s>            ( - -1.196e+04 1 0))
s>        ( - 1.185e+02 1 0))INFO: dtree.c(1315): Comp split 19
INFO: dtree.c(1439): stop. leaf nodes are specific
INFO: dtree.c(1478): Final simple tree
|( WDBNDRY_B 0 -1.660e+04 2.655e+02 8.090e+01
|    ( - -4.376e+03 2 0)
|    ( - -1.196e+04 1 0))
s>    ( WDBNDRY_B 0 -1.660e+04 2.655e+02 8.090e+01
s>        ( - -4.376e+03 2 0)
s>        ( - -1.196e+04 1 0))INFO: dtree.c(1315): Comp split 20
INFO: dtree.c(1315): Comp split 21
INFO: dtree.c(1478): Final simple tree
|( QUESTION8 1 -1.379e+05 3.281e+02 7.249e+02
|    ( QUESTION0_1_R 1 -1.207e+04 1.871e+02 6.500e+01
|        ( - -9.920e+03 1 0)
|        ( - -1.964e+03 1 0))
|    ( QUESTION16 1 -1.255e+05 3.001e+02 6.599e+02
|        ( - -1.032e+04 2 0)
|        ( QUESTION0_17_R 1 -1.149e+05 2.688e+02 6.043e+02
|            ( - -6.571e+03 1 0)
|            ( QUESTION0 1 -1.081e+05 2.513e+02 5.663e+02
|                ( - -1.661e+04 3 0)
|                ( QUESTION0_0_R 1 -9.119e+04 2.102e+02 4.777e+02
|                    ( QUESTION14 1 -7.931e+04 2.182e+02 4.156e+02
|                        ( - -4.320e+03 2 0)
|                        ( - -7.477e+04 17 0 QUESTION0_5_R 1 1.847e+02 3.916e+02))
|                    ( - -1.168e+04 2 0))))))
s>    ( QUESTION8 1 -1.379e+05 3.281e+02 7.249e+02
s>        ( QUESTION0_1_R 1 -1.207e+04 1.871e+02 6.500e+01
s>            ( - -9.920e+03 1 0)
s>            ( - -1.964e+03 1 0))
s>        ( QUESTION16 1 -1.255e+05 3.001e+02 6.599e+02
s>            ( - -1.032e+04 2 0)
s>            ( QUESTION0_17_R 1 -1.149e+05 2.688e+02 6.043e+02
s>                ( - -6.571e+03 1 0)
s>                ( QUESTION0 1 -1.081e+05 2.513e+02 5.663e+02
s>                    ( - -1.661e+04 3 0)
s>                    ( QUESTION0_0_R 1 -9.119e+04 2.102e+02 4.777e+02
s>                        ( QUESTION14 1 -7.931e+04 2.182e+02 4.156e+02
s>                            ( - -4.320e+03 2 0)
s>                            ( - -7.477e+04 17 0 QUESTION0_5_R 1 1.847e+02 3.916e+02))
s>                        ( - -1.168e+04 2 0))))))INFO: dtree.c(1315): Comp split 22
INFO: dtree.c(1478): Final simple tree
|( QUESTION0_5_R 1 -1.151e+05 4.141e+02 5.961e+02
|    ( - -1.380e+04 1 0)
|    ( QUESTION0_2_R 1 -1.009e+05 3.264e+02 5.202e+02
|        ( - -9.816e+03 1 0)
|        ( QUESTION11 1 -9.079e+04 2.965e+02 4.689e+02
|            ( - -1.171e+04 2 0)
|            ( QUESTION0_10_R 1 -7.878e+04 2.830e+02 4.039e+02
|                ( - -4.359e+04 1 0)
|                ( QUESTION0_4_R 1 -3.491e+04 2.150e+02 1.773e+02
|                    ( - -1.390e+04 1 0)
|                    ( QUESTION0_7_R 1 -2.079e+04 1.927e+02 1.033e+02
|                        ( QUESTION0_12_R 1 -1.587e+04 1.898e+02 7.925e+01
|                            ( - -9.912e+03 1 0)
|                            ( - -5.767e+03 1 0))
|                        ( - -4.730e+03 2 0 QUESTION0_0_R 1 1.381e+02 2.402e+01)))))))
s>    ( QUESTION0_5_R 1 -1.151e+05 4.141e+02 5.961e+02
s>        ( - -1.380e+04 1 0)
s>        ( QUESTION0_2_R 1 -1.009e+05 3.264e+02 5.202e+02
s>            ( - -9.816e+03 1 0)
s>            ( QUESTION11 1 -9.079e+04 2.965e+02 4.689e+02
s>                ( - -1.171e+04 2 0)
s>                ( QUESTION0_10_R 1 -7.878e+04 2.830e+02 4.039e+02
s>                    ( - -4.359e+04 1 0)
s>                    ( QUESTION0_4_R 1 -3.491e+04 2.150e+02 1.773e+02
s>                        ( - -1.390e+04 1 0)
s>                        ( QUESTION0_7_R 1 -2.079e+04 1.927e+02 1.033e+02
s>                            ( QUESTION0_12_R 1 -1.587e+04 1.898e+02 7.925e+01
s>                                ( - -9.912e+03 1 0)
s>                                ( - -5.767e+03 1 0))
s>                            ( - -4.730e+03 2 0 QUESTION0_0_R 1 1.381e+02 2.402e+01)))))))INFO: dtree.c(1315): Comp split 23
INFO: dtree.c(1478): Final simple tree
|( QUESTION0_2_R 1 -1.009e+05 3.264e+02 5.202e+02
|    ( - -9.816e+03 1 0)
|    ( QUESTION11 1 -9.079e+04 2.965e+02 4.689e+02
|        ( - -1.171e+04 2 0)
|        ( QUESTION0_10_R 1 -7.878e+04 2.830e+02 4.039e+02
|            ( - -4.359e+04 1 0)
|            ( QUESTION0_4_R 1 -3.491e+04 2.150e+02 1.773e+02
|                ( - -1.390e+04 1 0)
|                ( QUESTION0_7_R 1 -2.079e+04 1.927e+02 1.033e+02
|                    ( QUESTION0_12_R 1 -1.587e+04 1.898e+02 7.925e+01
|                        ( - -9.912e+03 1 0)
|                        ( - -5.767e+03 1 0))
|                    ( QUESTION0_0_R 1 -4.730e+03 1.381e+02 2.402e+01
|                        ( - -3.311e+03 1 0)
|                        ( - -1.281e+03 1 0)))))))
s>    ( QUESTION0_2_R 1 -1.009e+05 3.264e+02 5.202e+02
s>        ( - -9.816e+03 1 0)
s>        ( QUESTION11 1 -9.079e+04 2.965e+02 4.689e+02
s>            ( - -1.171e+04 2 0)
s>            ( QUESTION0_10_R 1 -7.878e+04 2.830e+02 4.039e+02
s>                ( - -4.359e+04 1 0)
s>                ( QUESTION0_4_R 1 -3.491e+04 2.150e+02 1.773e+02
s>                    ( - -1.390e+04 1 0)
s>                    ( QUESTION0_7_R 1 -2.079e+04 1.927e+02 1.033e+02
s>                        ( QUESTION0_12_R 1 -1.587e+04 1.898e+02 7.925e+01
s>                            ( - -9.912e+03 1 0)
s>                            ( - -5.767e+03 1 0))
s>                        ( QUESTION0_0_R 1 -4.730e+03 1.381e+02 2.402e+01
s>                            ( - -3.311e+03 1 0)
s>                            ( - -1.281e+03 1 0)))))))INFO: dtree.c(1315): Comp split 24
INFO: dtree.c(1439): stop. leaf nodes are specific
INFO: dtree.c(1478): Final simple tree
|( QUESTION2_3_L -1 -4.569e+04 2.926e+02 2.273e+02
|    ( QUESTION0_0_R 1 -7.182e+03 1.360e+02 3.900e+01
|        ( - -3.454e+03 1 0)
|        ( - -3.592e+03 1 0))
|    ( QUESTION2_0_L -1 -3.821e+04 2.437e+02 1.883e+02
|        ( - -5.256e+03 1 0)
|        ( QUESTION0_8_R 1 -3.272e+04 1.744e+02 1.593e+02
|            ( - -2.933e+04 5 0)
|            ( - -3.213e+03 1 0))))
s>    ( QUESTION2_3_L -1 -4.569e+04 2.926e+02 2.273e+02
s>        ( QUESTION0_0_R 1 -7.182e+03 1.360e+02 3.900e+01
s>            ( - -3.454e+03 1 0)
s>            ( - -3.592e+03 1 0))
s>        ( QUESTION2_0_L -1 -3.821e+04 2.437e+02 1.883e+02
s>            ( - -5.256e+03 1 0)
s>            ( QUESTION0_8_R 1 -3.272e+04 1.744e+02 1.593e+02
s>                ( - -2.933e+04 5 0)
s>                ( - -3.213e+03 1 0))))INFO: dtree.c(1315): Comp split 25
INFO: dtree.c(1439): stop. leaf nodes are specific
INFO: dtree.c(1478): Final simple tree
|( QUESTION0_1_R 1 -6.765e+04 2.426e+02 3.544e+02
|    ( QUESTION11 1 -1.414e+04 2.476e+02 7.499e+01
|        ( - -5.241e+03 1 0)
|        ( - -8.656e+03 1 0))
|    ( QUESTION0_8_R 1 -5.327e+04 1.411e+02 2.794e+02
|        ( - -2.475e+04 2 0)
|        ( - -2.838e+04 1 0)))
s>    ( QUESTION0_1_R 1 -6.765e+04 2.426e+02 3.544e+02
s>        ( QUESTION11 1 -1.414e+04 2.476e+02 7.499e+01
s>            ( - -5.241e+03 1 0)
s>            ( - -8.656e+03 1 0))
s>        ( QUESTION0_8_R 1 -5.327e+04 1.411e+02 2.794e+02
s>            ( - -2.475e+04 2 0)
s>            ( - -2.838e+04 1 0)))INFO: dtree.c(1439): stop. leaf nodes are specific
INFO: dtree.c(1478): Final simple tree
|( QUESTION0_11_R 1 -1.465e+05 3.267e+02 7.625e+02
|    ( - -2.012e+03 1 0)
|    ( QUESTION2_3_L -1 -1.442e+05 3.108e+02 7.505e+02
|        ( QUESTION6 1 -7.387e+04 2.850e+02 3.925e+02
|            ( - -8.124e+03 1 0)
|            ( QUESTION0_8_R 1 -6.546e+04 1.806e+02 3.487e+02
|                ( - -1.494e+04 1 0)
|                ( QUESTION0_2_R 1 -5.033e+04 1.701e+02 2.698e+02
|                    ( - -1.056e+04 1 0)
|                    ( QUESTION0_1_R 1 -3.960e+04 1.617e+02 2.129e+02
|                        ( - -2.426e+04 1 0)
|                        ( - -1.518e+04 1 0)))))
|        ( - -7.003e+04 2 0)))
s>    ( QUESTION0_11_R 1 -1.465e+05 3.267e+02 7.625e+02
s>        ( - -2.012e+03 1 0)
s>        ( QUESTION2_3_L -1 -1.442e+05 3.108e+02 7.505e+02
s>            ( QUESTION6 1 -7.387e+04 2.850e+02 3.925e+02
s>                ( - -8.124e+03 1 0)
s>                ( QUESTION0_8_R 1 -6.546e+04 1.806e+02 3.487e+02
s>                    ( - -1.494e+04 1 0)
s>                    ( QUESTION0_2_R 1 -5.033e+04 1.701e+02 2.698e+02
s>                        ( - -1.056e+04 1 0)
s>                        ( QUESTION0_1_R 1 -3.960e+04 1.617e+02 2.129e+02
s>                            ( - -2.426e+04 1 0)
s>                            ( - -1.518e+04 1 0)))))
s>            ( - -7.003e+04 2 0)))INFO: dtree.c(1315): Comp split 26
INFO: dtree.c(1478): Final simple tree
|( QUESTION8 1 -9.776e+04 3.152e+02 5.122e+02
|    ( QUESTION0_1_R 1 -1.207e+04 1.871e+02 6.500e+01
|        ( - -9.920e+03 1 0)
|        ( - -1.964e+03 1 0))
|    ( QUESTION14 1 -8.538e+04 2.866e+02 4.472e+02
|        ( - -1.032e+04 2 0)
|        ( QUESTION0_5_R 1 -7.477e+04 1.847e+02 3.916e+02
|            ( - -1.302e+04 2 0)
|            ( QUESTION0_4_R 1 -6.156e+04 2.487e+02 3.208e+02
|                ( - -1.162e+04 2 0)
|                ( QUESTION0_8_R 1 -4.969e+04 1.965e+02 2.617e+02
|                    ( - -2.323e+04 6 0 QUESTION4 1 1.812e+02 1.252e+02)
|                    ( QUESTION0_14_R 1 -2.626e+04 1.815e+02 1.365e+02
|                        ( - -1.210e+04 2 0)
|                        ( - -1.399e+04 5 0 QUESTION0_10_R 1 1.543e+02 7.154e+01)))))))
s>    ( QUESTION8 1 -9.776e+04 3.152e+02 5.122e+02
s>        ( QUESTION0_1_R 1 -1.207e+04 1.871e+02 6.500e+01
s>            ( - -9.920e+03 1 0)
s>            ( - -1.964e+03 1 0))
s>        ( QUESTION14 1 -8.538e+04 2.866e+02 4.472e+02
s>            ( - -1.032e+04 2 0)
s>            ( QUESTION0_5_R 1 -7.477e+04 1.847e+02 3.916e+02
s>                ( - -1.302e+04 2 0)
s>                ( QUESTION0_4_R 1 -6.156e+04 2.487e+02 3.208e+02
s>                    ( - -1.162e+04 2 0)
s>                    ( QUESTION0_8_R 1 -4.969e+04 1.965e+02 2.617e+02
s>                        ( - -2.323e+04 6 0 QUESTION4 1 1.812e+02 1.252e+02)
s>                        ( QUESTION0_14_R 1 -2.626e+04 1.815e+02 1.365e+02
s>                            ( - -1.210e+04 2 0)
s>                            ( - -1.399e+04 5 0 QUESTION0_10_R 1 1.543e+02 7.154e+01)))))))INFO: dtree.c(1439): stop. leaf nodes are specific
INFO: dtree.c(1478): Final simple tree
|( QUESTION0_11_R 1 -3.976e+04 2.660e+02 2.127e+02
|    ( - -6.571e+03 1 0)
|    ( QUESTION0_7_R 1 -3.292e+04 1.642e+02 1.747e+02
|        ( - -1.661e+04 3 0)
|        ( QUESTION0_0_R 1 -1.614e+04 1.461e+02 8.602e+01
|            ( - -4.320e+03 2 0)
|            ( - -1.168e+04 2 0))))
s>    ( QUESTION0_11_R 1 -3.976e+04 2.660e+02 2.127e+02
s>        ( - -6.571e+03 1 0)
s>        ( QUESTION0_7_R 1 -3.292e+04 1.642e+02 1.747e+02
s>            ( - -1.661e+04 3 0)
s>            ( QUESTION0_0_R 1 -1.614e+04 1.461e+02 8.602e+01
s>                ( - -4.320e+03 2 0)
s>                ( - -1.168e+04 2 0))))INFO: dtree.c(1315): Comp split 27
INFO: dtree.c(1439): stop. leaf nodes are specific
INFO: dtree.c(1478): Final simple tree
|( QUESTION13 -1 -3.198e+04 2.562e+02 1.700e+02
|    ( - -7.052e+03 1 0)
|    ( QUESTION0_8_R 1 -2.467e+04 2.465e+02 1.310e+02
|        ( QUESTION0 -1 -1.876e+04 1.667e+02 9.999e+01
|            ( - -1.652e+04 2 0)
|            ( - -2.073e+03 1 0))
|        ( - -5.662e+03 1 0)))
s>    ( QUESTION13 -1 -3.198e+04 2.562e+02 1.700e+02
s>        ( - -7.052e+03 1 0)
s>        ( QUESTION0_8_R 1 -2.467e+04 2.465e+02 1.310e+02
s>            ( QUESTION0 -1 -1.876e+04 1.667e+02 9.999e+01
s>                ( - -1.652e+04 2 0)
s>                ( - -2.073e+03 1 0))
s>            ( - -5.662e+03 1 0)))INFO: dtree.c(1439): stop. leaf nodes are specific
INFO: dtree.c(1478): Final simple tree
|( QUESTION0_0_R 1 -6.740e+04 2.591e+02 3.574e+02
|    ( QUESTION0_8_R 1 -3.837e+04 1.598e+02 2.025e+02
|        ( - -3.679e+04 2 0)
|        ( - -1.423e+03 1 0))
|    ( - -2.877e+04 1 0))
s>    ( QUESTION0_0_R 1 -6.740e+04 2.591e+02 3.574e+02
s>        ( QUESTION0_8_R 1 -3.837e+04 1.598e+02 2.025e+02
s>            ( - -3.679e+04 2 0)
s>            ( - -1.423e+03 1 0))
s>        ( - -2.877e+04 1 0))INFO: dtree.c(1315): Comp split 28
INFO: dtree.c(1439): stop. leaf nodes are specific
INFO: dtree.c(1478): Final simple tree
|( QUESTION4 -1 -3.582e+04 1.937e+02 1.862e+02
|    ( QUESTION2_14_L -1 -3.365e+04 1.761e+02 1.752e+02
|        ( - -5.301e+03 1 0)
|        ( SILENCE 1 -2.818e+04 1.823e+02 1.470e+02
|            ( - -2.004e+04 1 0)
|            ( QUESTION0_2_R 1 -7.950e+03 1.462e+02 3.901e+01
|                ( - -3.161e+03 1 0)
|                ( WDBNDRY_E 0 -4.643e+03 1.435e+02 2.301e+01
|                    ( - -3.016e+03 1 0)
|                    ( - -1.484e+03 1 0)))))
|    ( - -1.970e+03 1 0))
s>    ( QUESTION4 -1 -3.582e+04 1.937e+02 1.862e+02
s>        ( QUESTION2_14_L -1 -3.365e+04 1.761e+02 1.752e+02
s>            ( - -5.301e+03 1 0)
s>            ( SILENCE 1 -2.818e+04 1.823e+02 1.470e+02
s>                ( - -2.004e+04 1 0)
s>                ( QUESTION0_2_R 1 -7.950e+03 1.462e+02 3.901e+01
s>                    ( - -3.161e+03 1 0)
s>                    ( WDBNDRY_E 0 -4.643e+03 1.435e+02 2.301e+01
s>                        ( - -3.016e+03 1 0)
s>                        ( - -1.484e+03 1 0)))))
s>        ( - -1.970e+03 1 0))INFO: dtree.c(1439): stop. leaf nodes are specific
INFO: dtree.c(1478): Final simple tree
|( QUESTION0_3_R 1 -6.665e+04 2.930e+02 3.445e+02
|    ( QUESTION2_0_L -1 -2.531e+04 1.703e+02 1.328e+02
|        ( - -2.399e+03 2 0)
|        ( - -2.274e+04 3 0))
|    ( SILENCE 1 -4.105e+04 2.278e+02 2.117e+02
|        ( QUESTION2_0_L -1 -2.056e+04 1.797e+02 1.073e+02
|            ( - -1.158e+04 1 0)
|            ( - -8.804e+03 3 0))
|        ( QUESTION2_0_L -1 -2.026e+04 1.575e+02 1.044e+02
|            ( - -5.219e+02 1 0)
|            ( - -1.958e+04 3 0))))
s>    ( QUESTION0_3_R 1 -6.665e+04 2.930e+02 3.445e+02
s>        ( QUESTION2_0_L -1 -2.531e+04 1.703e+02 1.328e+02
s>            ( - -2.399e+03 2 0)
s>            ( - -2.274e+04 3 0))
s>        ( SILENCE 1 -4.105e+04 2.278e+02 2.117e+02
s>            ( QUESTION2_0_L -1 -2.056e+04 1.797e+02 1.073e+02
s>                ( - -1.158e+04 1 0)
s>                ( - -8.804e+03 3 0))
s>            ( QUESTION2_0_L -1 -2.026e+04 1.575e+02 1.044e+02
s>                ( - -5.219e+02 1 0)
s>                ( - -1.958e+04 3 0))))INFO: dtree.c(1315): Comp split 29
INFO: dtree.c(1439): stop. leaf nodes are specific
INFO: dtree.c(1478): Final simple tree
|( QUESTION18 1 -3.636e+04 2.412e+02 1.863e+02
|    ( - -1.162e+04 2 0)
|    ( QUESTION0_1_R 1 -2.450e+04 2.055e+02 1.271e+02
|        ( QUESTION0_4_R 1 -1.332e+04 1.356e+02 7.158e+01
|            ( - -1.032e+04 2 0)
|            ( - -2.858e+03 1 0))
|        ( QUESTION0_10_R 1 -1.098e+04 1.419e+02 5.554e+01
|            ( - -2.337e+03 1 0)
|            ( QUESTION0_12_R 1 -8.501e+03 1.397e+02 4.400e+01
|                ( - -4.531e+03 2 0)
|                ( - -3.830e+03 1 0)))))
s>    ( QUESTION18 1 -3.636e+04 2.412e+02 1.863e+02
s>        ( - -1.162e+04 2 0)
s>        ( QUESTION0_1_R 1 -2.450e+04 2.055e+02 1.271e+02
s>            ( QUESTION0_4_R 1 -1.332e+04 1.356e+02 7.158e+01
s>                ( - -1.032e+04 2 0)
s>                ( - -2.858e+03 1 0))
s>            ( QUESTION0_10_R 1 -1.098e+04 1.419e+02 5.554e+01
s>                ( - -2.337e+03 1 0)
s>                ( QUESTION0_12_R 1 -8.501e+03 1.397e+02 4.400e+01
s>                    ( - -4.531e+03 2 0)
s>                    ( - -3.830e+03 1 0)))))INFO: dtree.c(1439): stop. leaf nodes are specific
INFO: dtree.c(1478): Final simple tree
|( QUESTION6 1 -6.105e+04 3.058e+02 3.259e+02
|    ( QUESTION0_1_R 1 -1.207e+04 1.871e+02 6.500e+01
|        ( - -9.920e+03 1 0)
|        ( - -1.964e+03 1 0))
|    ( QUESTION4 1 -4.867e+04 2.513e+02 2.609e+02
|        ( - -1.665e+04 3 0)
|        ( QUESTION0_8_R 1 -3.176e+04 1.722e+02 1.718e+02
|            ( - -6.400e+03 3 0)
|            ( QUESTION0_1_R 1 -2.519e+04 7.294e+01 1.358e+02
|                ( - -1.302e+04 2 0)
|                ( - -1.210e+04 2 0)))))
s>    ( QUESTION6 1 -6.105e+04 3.058e+02 3.259e+02
s>        ( QUESTION0_1_R 1 -1.207e+04 1.871e+02 6.500e+01
s>            ( - -9.920e+03 1 0)
s>            ( - -1.964e+03 1 0))
s>        ( QUESTION4 1 -4.867e+04 2.513e+02 2.609e+02
s>            ( - -1.665e+04 3 0)
s>            ( QUESTION0_8_R 1 -3.176e+04 1.722e+02 1.718e+02
s>                ( - -6.400e+03 3 0)
s>                ( QUESTION0_1_R 1 -2.519e+04 7.294e+01 1.358e+02
s>                    ( - -1.302e+04 2 0)
s>                    ( - -1.210e+04 2 0)))))INFO: dtree.c(1315): Comp split 30
INFO: dtree.c(1439): stop. leaf nodes are specific
INFO: dtree.c(1478): Final simple tree
|( QUESTION0_2_R 1 -2.943e+04 2.742e+02 1.475e+02
|    ( - -9.816e+03 1 0)
|    ( QUESTION4 1 -1.934e+04 2.097e+02 9.627e+01
|        ( - -5.767e+03 1 0)
|        ( QUESTION0_1_R 1 -1.336e+04 1.386e+02 6.557e+01
|            ( - -3.311e+03 1 0)
|            ( - -9.912e+03 1 0))))
s>    ( QUESTION0_2_R 1 -2.943e+04 2.742e+02 1.475e+02
s>        ( - -9.816e+03 1 0)
s>        ( QUESTION4 1 -1.934e+04 2.097e+02 9.627e+01
s>            ( - -5.767e+03 1 0)
s>            ( QUESTION0_1_R 1 -1.336e+04 1.386e+02 6.557e+01
s>                ( - -3.311e+03 1 0)
s>                ( - -9.912e+03 1 0))))INFO: dtree.c(1439): stop. leaf nodes are specific
INFO: dtree.c(1478): Final simple tree
|( QUESTION0_6_R 1 -7.116e+04 2.808e+02 3.726e+02
|    ( - -1.171e+04 2 0)
|    ( QUESTION0_7_R 1 -5.917e+04 2.349e+02 3.076e+02
|        ( - -4.359e+04 1 0)
|        ( QUESTION0_0_R 1 -1.535e+04 1.645e+02 8.103e+01
|            ( - -1.390e+04 1 0)
|            ( - -1.281e+03 1 0))))
s>    ( QUESTION0_6_R 1 -7.116e+04 2.808e+02 3.726e+02
s>        ( - -1.171e+04 2 0)
s>        ( QUESTION0_7_R 1 -5.917e+04 2.349e+02 3.076e+02
s>            ( - -4.359e+04 1 0)
s>            ( QUESTION0_0_R 1 -1.535e+04 1.645e+02 8.103e+01
s>                ( - -1.390e+04 1 0)
s>                ( - -1.281e+03 1 0))))INFO: dtree.c(1315): Comp split 31
INFO: dtree.c(1439): stop. leaf nodes are specific
INFO: dtree.c(1478): Final simple tree
|( QUESTION2_3_L -1 -1.442e+05 3.108e+02 7.505e+02
|    ( QUESTION6 1 -7.387e+04 2.850e+02 3.925e+02
|        ( - -8.124e+03 1 0)
|        ( QUESTION0_8_R 1 -6.546e+04 1.806e+02 3.487e+02
|            ( - -1.494e+04 1 0)
|            ( QUESTION0_2_R 1 -5.033e+04 1.701e+02 2.698e+02
|                ( - -1.056e+04 1 0)
|                ( QUESTION0_1_R 1 -3.960e+04 1.617e+02 2.129e+02
|                    ( - -2.426e+04 1 0)
|                    ( - -1.518e+04 1 0)))))
|    ( - -7.003e+04 2 0))
s>    ( QUESTION2_3_L -1 -1.442e+05 3.108e+02 7.505e+02
s>        ( QUESTION6 1 -7.387e+04 2.850e+02 3.925e+02
s>            ( - -8.124e+03 1 0)
s>            ( QUESTION0_8_R 1 -6.546e+04 1.806e+02 3.487e+02
s>                ( - -1.494e+04 1 0)
s>                ( QUESTION0_2_R 1 -5.033e+04 1.701e+02 2.698e+02
s>                    ( - -1.056e+04 1 0)
s>                    ( QUESTION0_1_R 1 -3.960e+04 1.617e+02 2.129e+02
s>                        ( - -2.426e+04 1 0)
s>                        ( - -1.518e+04 1 0)))))
s>        ( - -7.003e+04 2 0))INFO: dtree.c(1315): Comp split 32
INFO: dtree.c(1439): stop. leaf nodes are specific
INFO: dtree.c(1478): Final simple tree
|( QUESTION0_2_R 1 -4.360e+04 2.401e+02 2.248e+02
|    ( QUESTION2_0_L -1 -2.026e+04 1.575e+02 1.044e+02
|        ( - -5.219e+02 1 0)
|        ( - -1.958e+04 3 0))
|    ( QUESTION2_0_L -1 -2.310e+04 1.721e+02 1.204e+02
|        ( SILENCE 1 -1.412e+04 1.460e+02 7.315e+01
|            ( - -1.158e+04 1 0)
|            ( - -2.399e+03 2 0))
|        ( - -8.804e+03 3 0)))
s>    ( QUESTION0_2_R 1 -4.360e+04 2.401e+02 2.248e+02
s>        ( QUESTION2_0_L -1 -2.026e+04 1.575e+02 1.044e+02
s>            ( - -5.219e+02 1 0)
s>            ( - -1.958e+04 3 0))
s>        ( QUESTION2_0_L -1 -2.310e+04 1.721e+02 1.204e+02
s>            ( SILENCE 1 -1.412e+04 1.460e+02 7.315e+01
s>                ( - -1.158e+04 1 0)
s>                ( - -2.399e+03 2 0))
s>            ( - -8.804e+03 3 0)))INFO: dtree.c(1315): Comp split 33
INFO: dtree.c(1439): stop. leaf nodes are specific
INFO: dtree.c(1478): Final simple tree
|( QUESTION6 1 -7.387e+04 2.850e+02 3.925e+02
|    ( - -8.124e+03 1 0)
|    ( QUESTION0_8_R 1 -6.546e+04 1.806e+02 3.487e+02
|        ( - -1.494e+04 1 0)
|        ( QUESTION0_2_R 1 -5.033e+04 1.701e+02 2.698e+02
|            ( - -1.056e+04 1 0)
|            ( QUESTION0_1_R 1 -3.960e+04 1.617e+02 2.129e+02
|                ( - -2.426e+04 1 0)
|                ( - -1.518e+04 1 0)))))
s>    ( QUESTION6 1 -7.387e+04 2.850e+02 3.925e+02
s>        ( - -8.124e+03 1 0)
s>        ( QUESTION0_8_R 1 -6.546e+04 1.806e+02 3.487e+02
s>            ( - -1.494e+04 1 0)
s>            ( QUESTION0_2_R 1 -5.033e+04 1.701e+02 2.698e+02
s>                ( - -1.056e+04 1 0)
s>                ( QUESTION0_1_R 1 -3.960e+04 1.617e+02 2.129e+02
s>                    ( - -2.426e+04 1 0)
s>                    ( - -1.518e+04 1 0)))))INFO: dtree.c(1315): Comp split 34
INFO: dtree.c(1439): stop. leaf nodes are specific
INFO: dtree.c(1478): Final simple tree
|( QUESTION0_1_R 1 -6.211e+04 1.844e+02 3.254e+02
|    ( - -8.656e+03 1 0)
|    ( QUESTION0_8_R 1 -5.327e+04 1.411e+02 2.794e+02
|        ( - -2.475e+04 2 0)
|        ( - -2.838e+04 1 0)))
s>    ( QUESTION0_1_R 1 -6.211e+04 1.844e+02 3.254e+02
s>        ( - -8.656e+03 1 0)
s>        ( QUESTION0_8_R 1 -5.327e+04 1.411e+02 2.794e+02
s>            ( - -2.475e+04 2 0)
s>            ( - -2.838e+04 1 0)))INFO: dtree.c(1315): Comp split 35
INFO: dtree.c(1439): stop. leaf nodes are specific
INFO: dtree.c(1478): Final simple tree
|( QUESTION4 1 -4.867e+04 2.513e+02 2.609e+02
|    ( - -1.665e+04 3 0)
|    ( QUESTION0_8_R 1 -3.176e+04 1.722e+02 1.718e+02
|        ( - -6.400e+03 3 0)
|        ( QUESTION0_1_R 1 -2.519e+04 7.294e+01 1.358e+02
|            ( - -1.302e+04 2 0)
|            ( - -1.210e+04 2 0))))
s>    ( QUESTION4 1 -4.867e+04 2.513e+02 2.609e+02
s>        ( - -1.665e+04 3 0)
s>        ( QUESTION0_8_R 1 -3.176e+04 1.722e+02 1.718e+02
s>            ( - -6.400e+03 3 0)
s>            ( QUESTION0_1_R 1 -2.519e+04 7.294e+01 1.358e+02
s>                ( - -1.302e+04 2 0)
s>                ( - -1.210e+04 2 0))))INFO: dtree.c(1439): stop. leaf nodes are specific
INFO: dtree.c(1478): Final simple tree
|( QUESTION0_1_R 1 -1.207e+04 1.871e+02 6.500e+01
|    ( - -9.920e+03 1 0)
|    ( - -1.964e+03 1 0))
s>    ( QUESTION0_1_R 1 -1.207e+04 1.871e+02 6.500e+01
s>        ( - -9.920e+03 1 0)
s>        ( - -1.964e+03 1 0))INFO: dtree.c(1315): Comp split 36
INFO: dtree.c(1439): stop. leaf nodes are specific
INFO: dtree.c(1478): Final simple tree
|( QUESTION0_4_R 1 -1.728e+04 1.403e+02 9.258e+01
|    ( - -1.032e+04 2 0)
|    ( QUESTION0_1_R 1 -6.813e+03 1.249e+02 3.700e+01
|        ( - -2.858e+03 1 0)
|        ( - -3.830e+03 1 0)))
s>    ( QUESTION0_4_R 1 -1.728e+04 1.403e+02 9.258e+01
s>        ( - -1.032e+04 2 0)
s>        ( QUESTION0_1_R 1 -6.813e+03 1.249e+02 3.700e+01
s>            ( - -2.858e+03 1 0)
s>            ( - -3.830e+03 1 0)))INFO: dtree.c(1439): stop. leaf nodes are specific
INFO: dtree.c(1478): Final simple tree
|( QUESTION0_11_R 1 -1.878e+04 1.802e+02 9.370e+01
|    ( - -4.531e+03 2 0)
|    ( QUESTION0_1_R 1 -1.407e+04 1.192e+02 7.070e+01
|        ( - -1.162e+04 2 0)
|        ( - -2.337e+03 1 0)))
s>    ( QUESTION0_11_R 1 -1.878e+04 1.802e+02 9.370e+01
s>        ( - -4.531e+03 2 0)
s>        ( QUESTION0_1_R 1 -1.407e+04 1.192e+02 7.070e+01
s>            ( - -1.162e+04 2 0)
s>            ( - -2.337e+03 1 0)))INFO: dtree.c(1315): Comp split 37
INFO: dtree.c(1439): stop. leaf nodes are specific
INFO: dtree.c(1478): Final simple tree
|( QUESTION2_0_L -1 -3.821e+04 2.437e+02 1.883e+02
|    ( - -5.256e+03 1 0)
|    ( QUESTION0_8_R 1 -3.272e+04 1.744e+02 1.593e+02
|        ( - -2.933e+04 5 0)
|        ( - -3.213e+03 1 0)))
s>    ( QUESTION2_0_L -1 -3.821e+04 2.437e+02 1.883e+02
s>        ( - -5.256e+03 1 0)
s>        ( QUESTION0_8_R 1 -3.272e+04 1.744e+02 1.593e+02
s>            ( - -2.933e+04 5 0)
s>            ( - -3.213e+03 1 0)))INFO: dtree.c(1439): stop. leaf nodes are specific
INFO: dtree.c(1478): Final simple tree
|( QUESTION0_0_R 1 -7.182e+03 1.360e+02 3.900e+01
|    ( - -3.454e+03 1 0)
|    ( - -3.592e+03 1 0))
s>    ( QUESTION0_0_R 1 -7.182e+03 1.360e+02 3.900e+01
s>        ( - -3.454e+03 1 0)
s>        ( - -3.592e+03 1 0))INFO: dtree.c(1315): Comp split 38
INFO: dtree.c(1439): stop. leaf nodes are specific
INFO: dtree.c(1478): Final simple tree
|( QUESTION0_9_R 1 -1.968e+04 2.267e+02 1.031e+02
|    ( - -4.154e+03 1 0)
|    ( QUESTION0_1_R 1 -1.530e+04 1.546e+02 7.911e+01
|        ( - -1.099e+04 1 0)
|        ( - -4.154e+03 1 0)))
s>    ( QUESTION0_9_R 1 -1.968e+04 2.267e+02 1.031e+02
s>        ( - -4.154e+03 1 0)
s>        ( QUESTION0_1_R 1 -1.530e+04 1.546e+02 7.911e+01
s>            ( - -1.099e+04 1 0)
s>            ( - -4.154e+03 1 0)))INFO: dtree.c(1439): stop. leaf nodes are specific
INFO: dtree.c(1478): Final simple tree
|( QUESTION0_10_R 1 -5.571e+04 2.711e+02 3.018e+02
|    ( - -1.176e+04 1 0)
|    ( QUESTION0_9_R 1 -4.368e+04 2.239e+02 2.379e+02
|        ( - -5.624e+03 1 0)
|        ( QUESTION0_1_R 1 -3.783e+04 1.980e+02 2.049e+02
|            ( - -1.683e+04 1 0)
|            ( - -2.080e+04 2 0))))
s>    ( QUESTION0_10_R 1 -5.571e+04 2.711e+02 3.018e+02
s>        ( - -1.176e+04 1 0)
s>        ( QUESTION0_9_R 1 -4.368e+04 2.239e+02 2.379e+02
s>            ( - -5.624e+03 1 0)
s>            ( QUESTION0_1_R 1 -3.783e+04 1.980e+02 2.049e+02
s>                ( - -1.683e+04 1 0)
s>                ( - -2.080e+04 2 0))))INFO: dtree.c(1315): Comp split 39
INFO: dtree.c(1439): stop. leaf nodes are specific
INFO: dtree.c(1478): Final simple tree
|( QUESTION0_8_R 1 -6.546e+04 1.806e+02 3.487e+02
|    ( - -1.494e+04 1 0)
|    ( QUESTION0_2_R 1 -5.033e+04 1.701e+02 2.698e+02
|        ( - -1.056e+04 1 0)
|        ( QUESTION0_1_R 1 -3.960e+04 1.617e+02 2.129e+02
|            ( - -2.426e+04 1 0)
|            ( - -1.518e+04 1 0))))
s>    ( QUESTION0_8_R 1 -6.546e+04 1.806e+02 3.487e+02
s>        ( - -1.494e+04 1 0)
s>        ( QUESTION0_2_R 1 -5.033e+04 1.701e+02 2.698e+02
s>            ( - -1.056e+04 1 0)
s>            ( QUESTION0_1_R 1 -3.960e+04 1.617e+02 2.129e+02
s>                ( - -2.426e+04 1 0)
s>                ( - -1.518e+04 1 0))))INFO: dtree.c(1315): Comp split 40
INFO: dtree.c(1439): stop. leaf nodes are specific
INFO: dtree.c(1478): Final simple tree
|( QUESTION0_7_R 1 -5.917e+04 2.349e+02 3.076e+02
|    ( - -4.359e+04 1 0)
|    ( QUESTION0_0_R 1 -1.535e+04 1.645e+02 8.103e+01
|        ( - -1.390e+04 1 0)
|        ( - -1.281e+03 1 0)))
s>    ( QUESTION0_7_R 1 -5.917e+04 2.349e+02 3.076e+02
s>        ( - -4.359e+04 1 0)
s>        ( QUESTION0_0_R 1 -1.535e+04 1.645e+02 8.103e+01
s>            ( - -1.390e+04 1 0)
s>            ( - -1.281e+03 1 0)))INFO: dtree.c(1315): Comp split 41
INFO: dtree.c(1315): Comp split 42
INFO: dtree.c(1439): stop. leaf nodes are specific
INFO: dtree.c(1478): Final simple tree
|( QUESTION4 1 -1.934e+04 2.097e+02 9.627e+01
|    ( - -5.767e+03 1 0)
|    ( QUESTION0_1_R 1 -1.336e+04 1.386e+02 6.557e+01
|        ( - -3.311e+03 1 0)
|        ( - -9.912e+03 1 0)))
s>    ( QUESTION4 1 -1.934e+04 2.097e+02 9.627e+01
s>        ( - -5.767e+03 1 0)
s>        ( QUESTION0_1_R 1 -1.336e+04 1.386e+02 6.557e+01
s>            ( - -3.311e+03 1 0)
s>            ( - -9.912e+03 1 0)))INFO: dtree.c(1315): Comp split 43
INFO: dtree.c(1439): stop. leaf nodes are specific
INFO: dtree.c(1478): Final simple tree
|( QUESTION0_9_R 1 -4.368e+04 2.239e+02 2.379e+02
|    ( - -5.624e+03 1 0)
|    ( QUESTION0_1_R 1 -3.783e+04 1.980e+02 2.049e+02
|        ( - -1.683e+04 1 0)
|        ( - -2.080e+04 2 0)))
s>    ( QUESTION0_9_R 1 -4.368e+04 2.239e+02 2.379e+02
s>        ( - -5.624e+03 1 0)
s>        ( QUESTION0_1_R 1 -3.783e+04 1.980e+02 2.049e+02
s>            ( - -1.683e+04 1 0)
s>            ( - -2.080e+04 2 0)))INFO: dtree.c(1315): Comp split 44
INFO: dtree.c(1439): stop. leaf nodes are specific
INFO: dtree.c(1478): Final simple tree
|( QUESTION0_7_R 1 -3.292e+04 1.642e+02 1.747e+02
|    ( - -1.661e+04 3 0)
|    ( QUESTION0_0_R 1 -1.614e+04 1.461e+02 8.602e+01
|        ( - -4.320e+03 2 0)
|        ( - -1.168e+04 2 0)))
s>    ( QUESTION0_7_R 1 -3.292e+04 1.642e+02 1.747e+02
s>        ( - -1.661e+04 3 0)
s>        ( QUESTION0_0_R 1 -1.614e+04 1.461e+02 8.602e+01
s>            ( - -4.320e+03 2 0)
s>            ( - -1.168e+04 2 0)))INFO: dtree.c(1315): Comp split 45
INFO: dtree.c(1315): Comp split 46
INFO: dtree.c(1439): stop. leaf nodes are specific
INFO: dtree.c(1478): Final simple tree
|( QUESTION0_8_R 1 -3.837e+04 1.598e+02 2.025e+02
|    ( - -3.679e+04 2 0)
|    ( - -1.423e+03 1 0))
s>    ( QUESTION0_8_R 1 -3.837e+04 1.598e+02 2.025e+02
s>        ( - -3.679e+04 2 0)
s>        ( - -1.423e+03 1 0))INFO: dtree.c(1315): Comp split 47
INFO: dtree.c(1439): stop. leaf nodes are specific
INFO: dtree.c(1478): Final simple tree
|( QUESTION0_8_R 1 -2.467e+04 2.465e+02 1.310e+02
|    ( QUESTION0 -1 -1.876e+04 1.667e+02 9.999e+01
|        ( - -1.652e+04 2 0)
|        ( - -2.073e+03 1 0))
|    ( - -5.662e+03 1 0))
s>    ( QUESTION0_8_R 1 -2.467e+04 2.465e+02 1.310e+02
s>        ( QUESTION0 -1 -1.876e+04 1.667e+02 9.999e+01
s>            ( - -1.652e+04 2 0)
s>            ( - -2.073e+03 1 0))
s>        ( - -5.662e+03 1 0))INFO: dtree.c(1315): Comp split 48
INFO: dtree.c(1439): stop. leaf nodes are specific
INFO: dtree.c(1478): Final simple tree
|( QUESTION0_15_R 1 -2.656e+04 1.568e+02 1.331e+02
|    ( QUESTION2_3_L -1 -2.525e+04 1.367e+02 1.261e+02
|        ( - -9.613e+03 1 0)
|        ( - -1.550e+04 1 0))
|    ( - -1.162e+03 1 0))
s>    ( QUESTION0_15_R 1 -2.656e+04 1.568e+02 1.331e+02
s>        ( QUESTION2_3_L -1 -2.525e+04 1.367e+02 1.261e+02
s>            ( - -9.613e+03 1 0)
s>            ( - -1.550e+04 1 0))
s>        ( - -1.162e+03 1 0))INFO: dtree.c(1439): stop. leaf nodes are specific
INFO: dtree.c(1478): Final simple tree
|( QUESTION0_1_R 1 -2.235e+04 1.299e+02 1.215e+02
|    ( - -1.209e+04 1 0)
|    ( - -1.013e+04 2 0))
s>    ( QUESTION0_1_R 1 -2.235e+04 1.299e+02 1.215e+02
s>        ( - -1.209e+04 1 0)
s>        ( - -1.013e+04 2 0))INFO: dtree.c(1315): Comp split 49
INFO: dtree.c(1439): stop. leaf nodes are specific
INFO: dtree.c(1478): Final simple tree
|( QUESTION0_8_R 1 -3.176e+04 1.722e+02 1.718e+02
|    ( - -6.400e+03 3 0)
|    ( QUESTION0_1_R 1 -2.519e+04 7.294e+01 1.358e+02
|        ( - -1.302e+04 2 0)
|        ( - -1.210e+04 2 0)))
s>    ( QUESTION0_8_R 1 -3.176e+04 1.722e+02 1.718e+02
s>        ( - -6.400e+03 3 0)
s>        ( QUESTION0_1_R 1 -2.519e+04 7.294e+01 1.358e+02
s>            ( - -1.302e+04 2 0)
s>            ( - -1.210e+04 2 0)))INFO: dtree.c(1315): Comp split 50
INFO: dtree.c(1439): stop. leaf nodes are specific
INFO: dtree.c(1478): Final simple tree
|( QUESTION0 -1 -1.876e+04 1.667e+02 9.999e+01
|    ( - -1.652e+04 2 0)
|    ( - -2.073e+03 1 0))
s>    ( QUESTION0 -1 -1.876e+04 1.667e+02 9.999e+01
s>        ( - -1.652e+04 2 0)
s>        ( - -2.073e+03 1 0))INFO: dtree.c(1315): Comp split 51
INFO: dtree.c(1315): Comp split 52
INFO: dtree.c(1439): stop. leaf nodes are specific
INFO: dtree.c(1478): Final simple tree
|( SILENCE 1 -1.412e+04 1.460e+02 7.315e+01
|    ( - -1.158e+04 1 0)
|    ( - -2.399e+03 2 0))
s>    ( SILENCE 1 -1.412e+04 1.460e+02 7.315e+01
s>        ( - -1.158e+04 1 0)
s>        ( - -2.399e+03 2 0))INFO: dtree.c(1439): stop. leaf nodes are specific
INFO: dtree.c(1478): Final simple tree
|( SILENCE 1 -2.923e+04 1.679e+02 1.516e+02
|    ( - -8.804e+03 3 0)
|    ( QUESTION2_0_L -1 -2.026e+04 1.575e+02 1.044e+02
|        ( - -5.219e+02 1 0)
|        ( - -1.958e+04 3 0)))
s>    ( SILENCE 1 -2.923e+04 1.679e+02 1.516e+02
s>        ( - -8.804e+03 3 0)
s>        ( QUESTION2_0_L -1 -2.026e+04 1.575e+02 1.044e+02
s>            ( - -5.219e+02 1 0)
s>            ( - -1.958e+04 3 0)))INFO: dtree.c(1315): Comp split 53
INFO: dtree.c(1439): stop. leaf nodes are specific
INFO: dtree.c(1478): Final simple tree
|( QUESTION0_8_R 1 -3.272e+04 1.744e+02 1.593e+02
|    ( - -2.933e+04 5 0)
|    ( - -3.213e+03 1 0))
s>    ( QUESTION0_8_R 1 -3.272e+04 1.744e+02 1.593e+02
s>        ( - -2.933e+04 5 0)
s>        ( - -3.213e+03 1 0))INFO: dtree.c(1315): Comp split 54
INFO: dtree.c(1439): stop. leaf nodes are specific
INFO: dtree.c(1478): Final simple tree
|( QUESTION0_0_R 1 -1.535e+04 1.645e+02 8.103e+01
|    ( - -1.390e+04 1 0)
|    ( - -1.281e+03 1 0))
s>    ( QUESTION0_0_R 1 -1.535e+04 1.645e+02 8.103e+01
s>        ( - -1.390e+04 1 0)
s>        ( - -1.281e+03 1 0))INFO: dtree.c(1315): Comp split 55
INFO: dtree.c(1439): stop. leaf nodes are specific
INFO: dtree.c(1478): Final simple tree
|( QUESTION0_1_R 1 -1.530e+04 1.546e+02 7.911e+01
|    ( - -1.099e+04 1 0)
|    ( - -4.154e+03 1 0))
s>    ( QUESTION0_1_R 1 -1.530e+04 1.546e+02 7.911e+01
s>        ( - -1.099e+04 1 0)
s>        ( - -4.154e+03 1 0))INFO: dtree.c(1315): Comp split 56
INFO: dtree.c(1439): stop. leaf nodes are specific
INFO: dtree.c(1478): Final simple tree
|( QUESTION0_1_R 1 -3.783e+04 1.980e+02 2.049e+02
|    ( - -1.683e+04 1 0)
|    ( - -2.080e+04 2 0))
s>    ( QUESTION0_1_R 1 -3.783e+04 1.980e+02 2.049e+02
s>        ( - -1.683e+04 1 0)
s>        ( - -2.080e+04 2 0))INFO: dtree.c(1315): Comp split 57
INFO: dtree.c(1439): stop. leaf nodes are specific
INFO: dtree.c(1478): Final simple tree
|( QUESTION0_1_R 1 -1.336e+04 1.386e+02 6.557e+01
|    ( - -3.311e+03 1 0)
|    ( - -9.912e+03 1 0))
s>    ( QUESTION0_1_R 1 -1.336e+04 1.386e+02 6.557e+01
s>        ( - -3.311e+03 1 0)
s>        ( - -9.912e+03 1 0))INFO: dtree.c(1315): Comp split 58
INFO: dtree.c(1315): Comp split 59
INFO: dtree.c(1439): stop. leaf nodes are specific
INFO: dtree.c(1478): Final simple tree
|( SILENCE 1 -5.124e+03 1.386e+02 2.700e+01
|    ( - -1.970e+03 1 0)
|    ( - -3.016e+03 1 0))
s>    ( SILENCE 1 -5.124e+03 1.386e+02 2.700e+01
s>        ( - -1.970e+03 1 0)
s>        ( - -3.016e+03 1 0))INFO: dtree.c(1439): stop. leaf nodes are specific
INFO: dtree.c(1478): Final simple tree
|( QUESTION2_14_L -1 -3.049e+04 1.766e+02 1.592e+02
|    ( - -5.301e+03 1 0)
|    ( SILENCE 1 -2.501e+04 1.838e+02 1.310e+02
|        ( - -2.004e+04 1 0)
|        ( WDBNDRY_E 0 -4.783e+03 1.378e+02 2.301e+01
|            ( - -3.161e+03 1 0)
|            ( - -1.484e+03 1 0))))
s>    ( QUESTION2_14_L -1 -3.049e+04 1.766e+02 1.592e+02
s>        ( - -5.301e+03 1 0)
s>        ( SILENCE 1 -2.501e+04 1.838e+02 1.310e+02
s>            ( - -2.004e+04 1 0)
s>            ( WDBNDRY_E 0 -4.783e+03 1.378e+02 2.301e+01
s>                ( - -3.161e+03 1 0)
s>                ( - -1.484e+03 1 0))))INFO: dtree.c(1315): Comp split 60
INFO: dtree.c(1315): Comp split 61
INFO: dtree.c(1439): stop. leaf nodes are specific
INFO: dtree.c(1478): Final simple tree
|( SILENCE -1 -8.576e+03 9.317e+01 4.301e+01
|    ( - -1.233e+03 2 0)
|    ( - -7.250e+03 4 0))
s>    ( SILENCE -1 -8.576e+03 9.317e+01 4.301e+01
s>        ( - -1.233e+03 2 0)
s>        ( - -7.250e+03 4 0))INFO: dtree.c(1315): Comp split 62
INFO: dtree.c(1315): Comp split 63
INFO: dtree.c(1439): stop. leaf nodes are specific
INFO: dtree.c(1478): Final simple tree
|( WDBNDRY_E 0 -4.783e+03 1.378e+02 2.301e+01
|    ( - -3.161e+03 1 0)
|    ( - -1.484e+03 1 0))
s>    ( WDBNDRY_E 0 -4.783e+03 1.378e+02 2.301e+01
s>        ( - -3.161e+03 1 0)
s>        ( - -1.484e+03 1 0))INFO: dtree.c(1439): stop. leaf nodes are specific
INFO: dtree.c(1478): Final simple tree
|( WDBNDRY_E 0 -2.552e+04 1.736e+02 1.362e+02
|    ( - -2.004e+04 1 0)
|    ( - -5.301e+03 1 0))
s>    ( WDBNDRY_E 0 -2.552e+04 1.736e+02 1.362e+02
s>        ( - -2.004e+04 1 0)
s>        ( - -5.301e+03 1 0))INFO: dtree.c(1315): Comp split 64
INFO: dtree.c(1439): stop. leaf nodes are specific
INFO: dtree.c(1478): Final simple tree
|( QUESTION0_8_R 1 -5.327e+04 1.411e+02 2.794e+02
|    ( - -2.475e+04 2 0)
|    ( - -2.838e+04 1 0))
s>    ( QUESTION0_8_R 1 -5.327e+04 1.411e+02 2.794e+02
s>        ( - -2.475e+04 2 0)
s>        ( - -2.838e+04 1 0))INFO: dtree.c(1315): Comp split 65
INFO: dtree.c(1439): stop. leaf nodes are specific
INFO: dtree.c(1478): Final simple tree
|( QUESTION0_2_R 1 -5.033e+04 1.701e+02 2.698e+02
|    ( - -1.056e+04 1 0)
|    ( QUESTION0_1_R 1 -3.960e+04 1.617e+02 2.129e+02
|        ( - -2.426e+04 1 0)
|        ( - -1.518e+04 1 0)))
s>    ( QUESTION0_2_R 1 -5.033e+04 1.701e+02 2.698e+02
s>        ( - -1.056e+04 1 0)
s>        ( QUESTION0_1_R 1 -3.960e+04 1.617e+02 2.129e+02
s>            ( - -2.426e+04 1 0)
s>            ( - -1.518e+04 1 0)))INFO: dtree.c(1315): Comp split 66
INFO: dtree.c(1439): stop. leaf nodes are specific
INFO: dtree.c(1478): Final simple tree
|( QUESTION0_1_R 1 -1.407e+04 1.192e+02 7.070e+01
|    ( - -1.162e+04 2 0)
|    ( - -2.337e+03 1 0))
s>    ( QUESTION0_1_R 1 -1.407e+04 1.192e+02 7.070e+01
s>        ( - -1.162e+04 2 0)
s>        ( - -2.337e+03 1 0))INFO: dtree.c(1315): Comp split 67
INFO: dtree.c(1439): stop. leaf nodes are specific
INFO: dtree.c(1478): Final simple tree
|( SILENCE 1 -9.474e+03 1.483e+02 5.023e+01
|    ( - -8.804e+03 3 0)
|    ( - -5.219e+02 1 0))
s>    ( SILENCE 1 -9.474e+03 1.483e+02 5.023e+01
s>        ( - -8.804e+03 3 0)
s>        ( - -5.219e+02 1 0))INFO: dtree.c(1315): Comp split 68
INFO: dtree.c(1315): Comp split 69
INFO: dtree.c(1315): Comp split 70
INFO: dtree.c(1439): stop. leaf nodes are specific
INFO: dtree.c(1478): Final simple tree
|( QUESTION0_1_R 1 -2.519e+04 7.294e+01 1.358e+02
|    ( - -1.302e+04 2 0)
|    ( - -1.210e+04 2 0))
s>    ( QUESTION0_1_R 1 -2.519e+04 7.294e+01 1.358e+02
s>        ( - -1.302e+04 2 0)
s>        ( - -1.210e+04 2 0))INFO: dtree.c(1315): Comp split 71
INFO: dtree.c(1439): stop. leaf nodes are specific
INFO: dtree.c(1478): Final simple tree
|( QUESTION0_1_R 1 -3.960e+04 1.617e+02 2.129e+02
|    ( - -2.426e+04 1 0)
|    ( - -1.518e+04 1 0))
s>    ( QUESTION0_1_R 1 -3.960e+04 1.617e+02 2.129e+02
s>        ( - -2.426e+04 1 0)
s>        ( - -1.518e+04 1 0))INFO: dtree.c(1315): Comp split 72
INFO: dtree.c(1315): Comp split 73
INFO: dtree.c(1315): Comp split 74
INFO: dtree.c(1439): stop. leaf nodes are specific
INFO: dtree.c(1478): Final simple tree
|( QUESTION0_0_R 1 -1.614e+04 1.461e+02 8.602e+01
|    ( - -4.320e+03 2 0)
|    ( - -1.168e+04 2 0))
s>    ( QUESTION0_0_R 1 -1.614e+04 1.461e+02 8.602e+01
s>        ( - -4.320e+03 2 0)
s>        ( - -1.168e+04 2 0))INFO: dtree.c(1315): Comp split 75
INFO: dtree.c(1315): Comp split 76
INFO: dtree.c(1315): Comp split 77
INFO: dtree.c(1439): stop. leaf nodes are specific
INFO: dtree.c(1478): Final simple tree
|( QUESTION2_3_L -1 -2.525e+04 1.367e+02 1.261e+02
|    ( - -9.613e+03 1 0)
|    ( - -1.550e+04 1 0))
s>    ( QUESTION2_3_L -1 -2.525e+04 1.367e+02 1.261e+02
s>        ( - -9.613e+03 1 0)
s>        ( - -1.550e+04 1 0))INFO: dtree.c(1315): Comp split 78
INFO: dtree.c(1315): Comp split 79
INFO: dtree.c(1315): Comp split 80
INFO: dtree.c(1315): Comp split 81
INFO: dtree.c(1315): Comp split 82
INFO: dtree.c(1315): Comp split 83
INFO: dtree.c(1439): stop. leaf nodes are specific
INFO: dtree.c(1478): Final simple tree
|( QUESTION0_1_R 1 -6.813e+03 1.249e+02 3.700e+01
|    ( - -2.858e+03 1 0)
|    ( - -3.830e+03 1 0))
s>    ( QUESTION0_1_R 1 -6.813e+03 1.249e+02 3.700e+01
s>        ( - -2.858e+03 1 0)
s>        ( - -3.830e+03 1 0))INFO: dtree.c(1315): Comp split 84
INFO: dtree.c(1315): Comp split 85
INFO: dtree.c(1315): Comp split 86
INFO: dtree.c(1315): Comp split 87
INFO: dtree.c(1315): Comp split 88
INFO: dtree.c(1315): Comp split 89
INFO: dtree.c(1315): Comp split 90
INFO: dtree.c(1315): Comp split 91
INFO: dtree.c(1315): Comp split 92
INFO: dtree.c(1315): Comp split 93
INFO: dtree.c(1315): Comp split 94
INFO: dtree.c(1318): stop. leaf nodes are specific
Mon Jan 30 07:35:48 2017
