Current configuration:
[NAME]		[DEFLT]	[VALUE]
-allphones	no	no
-cntthresh	0.00001	1.000000e-05
-csplitmax	100	2000
-csplitmin	1	1
-csplitthr	8e-4	0.000000e+00
-example	no	no
-fullvar	no	no
-help		no	no
-meanfn			/Users/benroye/forge/cmusphinx/voiceVim/model_parameters/voiceVim.cd_cont_untied/means
-mixwfn			/Users/benroye/forge/cmusphinx/voiceVim/model_parameters/voiceVim.cd_cont_untied/mixture_weights
-moddeffn		/Users/benroye/forge/cmusphinx/voiceVim/model_architecture/voiceVim.untied.mdef
-mwfloor	1e-4	1.000000e-08
-phone			l
-psetfn			/Users/benroye/forge/cmusphinx/voiceVim/model_architecture/voiceVim.tree_questions
-ssplitmax	5	7
-ssplitmin	1	1
-ssplitthr	8e-4	0.000000e+00
-state			0
-stwt			1.0,0.05,0.0,
-treefn			/Users/benroye/forge/cmusphinx/voiceVim/trees/voiceVim.unpruned/l-0.dtree
-ts2cbfn	.semi.	.cont.
-varfloor	0.00001	1.000000e-05
-varfn			/Users/benroye/forge/cmusphinx/voiceVim/model_parameters/voiceVim.cd_cont_untied/variances

INFO: main.c(223): Reading: /Users/benroye/forge/cmusphinx/voiceVim/model_architecture/voiceVim.untied.mdef
INFO: model_def_io.c(573): Model definition info:
INFO: model_def_io.c(574): 2249 total models defined (39 base, 2210 tri)
INFO: model_def_io.c(575): 8996 total states
INFO: model_def_io.c(576): 6747 total tied states
INFO: model_def_io.c(577): 117 total tied CI states
INFO: model_def_io.c(578): 39 total tied transition matrices
INFO: model_def_io.c(579): 4 max state/model
INFO: model_def_io.c(580): 4 min state/model
INFO: main.c(242): Building trees for [l SIL e b] through [l z ee b]
INFO: main.c(269): Covering states |[2763 3023]| == 261
INFO: main.c(275): Reading: /Users/benroye/forge/cmusphinx/voiceVim/model_parameters/voiceVim.cd_cont_untied/mixture_weights
INFO: s3mixw_io.c(173): Read /Users/benroye/forge/cmusphinx/voiceVim/model_parameters/voiceVim.cd_cont_untied/mixture_weights [261x1x1 array]
INFO: main.c(311): 87 of 87 models have observation count greater than 0.000010
INFO: main.c(95): nrm stwt: 0.952 0.048 0.000 
INFO: s3gau_io.c(169): Read /Users/benroye/forge/cmusphinx/voiceVim/model_parameters/voiceVim.cd_cont_untied/means [6747x1x1 array]
INFO: s3gau_io.c(169): Read /Users/benroye/forge/cmusphinx/voiceVim/model_parameters/voiceVim.cd_cont_untied/variances [6747x1x1 array]
INFO: main.c(549): Reading: /Users/benroye/forge/cmusphinx/voiceVim/model_architecture/voiceVim.tree_questions
INFO: main.c(588): 174 total simple questions (166 phone; 8 word bndry)
INFO: main.c(590): 40 Left Only questions, and 42 Right Only questions
INFO: dtree.c(1478): Final simple tree
|( QUESTION2_10_L -1 -8.272e+05 1.163e+04 3.540e+03
|    ( QUESTION2_13_L -1 -2.964e+05 3.651e+03 1.344e+03
|        ( - -9.572e+04 16 0 WDBNDRY_E 0 1.070e+03 4.576e+02)
|        ( QUESTION0_8_R 1 -1.970e+05 3.231e+03 8.865e+02
|            ( QUESTION2_11_L -1 -1.155e+05 2.032e+03 5.161e+02
|                ( - -6.782e+04 2 0 WDBNDRY_B 0 1.384e+03 3.079e+02)
|                ( - -4.566e+04 3 0 QUESTION4 -1 1.097e+03 2.082e+02))
|            ( - -7.826e+04 4 0 QUESTION2_11_L -1 7.072e+02 3.705e+02)))
|    ( WDBNDRY_B 0 -5.192e+05 4.196e+03 2.196e+03
|        ( - -1.371e+05 28 0 QUESTION4 1 7.832e+02 6.221e+02)
|        ( QUESTION2_3_L -1 -3.778e+05 2.477e+03 1.574e+03
|            ( - -6.434e+04 15 0 QUESTION2_4_L -1 1.600e+03 2.746e+02)
|            ( QUESTION0_8_R 1 -3.110e+05 2.480e+03 1.299e+03
|                ( - -2.134e+05 7 0 QUESTION1 -1 1.319e+03 8.825e+02)
|                ( - -9.515e+04 12 0 QUESTION4 -1 1.533e+03 4.168e+02)))))
s>    ( QUESTION2_10_L -1 -8.272e+05 1.163e+04 3.540e+03
s>        ( QUESTION2_13_L -1 -2.964e+05 3.651e+03 1.344e+03
s>            ( - -9.572e+04 16 0 WDBNDRY_E 0 1.070e+03 4.576e+02)
s>            ( QUESTION0_8_R 1 -1.970e+05 3.231e+03 8.865e+02
s>                ( QUESTION2_11_L -1 -1.155e+05 2.032e+03 5.161e+02
s>                    ( - -6.782e+04 2 0 WDBNDRY_B 0 1.384e+03 3.079e+02)
s>                    ( - -4.566e+04 3 0 QUESTION4 -1 1.097e+03 2.082e+02))
s>                ( - -7.826e+04 4 0 QUESTION2_11_L -1 7.072e+02 3.705e+02)))
s>        ( WDBNDRY_B 0 -5.192e+05 4.196e+03 2.196e+03
s>            ( - -1.371e+05 28 0 QUESTION4 1 7.832e+02 6.221e+02)
s>            ( QUESTION2_3_L -1 -3.778e+05 2.477e+03 1.574e+03
s>                ( - -6.434e+04 15 0 QUESTION2_4_L -1 1.600e+03 2.746e+02)
s>                ( QUESTION0_8_R 1 -3.110e+05 2.480e+03 1.299e+03
s>                    ( - -2.134e+05 7 0 QUESTION1 -1 1.319e+03 8.825e+02)
s>                    ( - -9.515e+04 12 0 QUESTION4 -1 1.533e+03 4.168e+02)))))INFO: dtree.c(1315): Comp split 0
INFO: dtree.c(1478): Final simple tree
|( QUESTION2_2_L -1 -6.387e+05 4.756e+03 2.712e+03
|    ( QUESTION2_11_L -1 -1.900e+05 2.212e+03 8.257e+02
|        ( - -6.782e+04 2 0 WDBNDRY_B 0 1.384e+03 3.079e+02)
|        ( QUESTION2_4_L -1 -1.199e+05 1.633e+03 5.178e+02
|            ( - -2.121e+04 4 0 WDBNDRY_B 0 3.903e+02 9.347e+01)
|            ( QUESTION12 -1 -9.709e+04 1.610e+03 4.243e+02
|                ( - -2.738e+04 1 0)
|                ( - -6.810e+04 18 0 QUESTION13 1 1.003e+03 2.974e+02))))
|    ( WDBNDRY_B 0 -4.439e+05 3.873e+03 1.886e+03
|        ( - -1.319e+05 24 0 QUESTION4 1 7.335e+02 5.991e+02)
|        ( QUESTION0_8_R 1 -3.082e+05 2.399e+03 1.287e+03
|            ( - -2.134e+05 7 0 QUESTION1 -1 1.319e+03 8.825e+02)
|            ( QUESTION4 -1 -9.239e+04 1.521e+03 4.048e+02
|                ( - -6.357e+04 6 0 QUESTION0_10_R 1 1.210e+03 2.874e+02)
|                ( - -2.731e+04 5 0 QUESTION11 1 5.062e+02 1.174e+02)))))
s>    ( QUESTION2_2_L -1 -6.387e+05 4.756e+03 2.712e+03
s>        ( QUESTION2_11_L -1 -1.900e+05 2.212e+03 8.257e+02
s>            ( - -6.782e+04 2 0 WDBNDRY_B 0 1.384e+03 3.079e+02)
s>            ( QUESTION2_4_L -1 -1.199e+05 1.633e+03 5.178e+02
s>                ( - -2.121e+04 4 0 WDBNDRY_B 0 3.903e+02 9.347e+01)
s>                ( QUESTION12 -1 -9.709e+04 1.610e+03 4.243e+02
s>                    ( - -2.738e+04 1 0)
s>                    ( - -6.810e+04 18 0 QUESTION13 1 1.003e+03 2.974e+02))))
s>        ( WDBNDRY_B 0 -4.439e+05 3.873e+03 1.886e+03
s>            ( - -1.319e+05 24 0 QUESTION4 1 7.335e+02 5.991e+02)
s>            ( QUESTION0_8_R 1 -3.082e+05 2.399e+03 1.287e+03
s>                ( - -2.134e+05 7 0 QUESTION1 -1 1.319e+03 8.825e+02)
s>                ( QUESTION4 -1 -9.239e+04 1.521e+03 4.048e+02
s>                    ( - -6.357e+04 6 0 QUESTION0_10_R 1 1.210e+03 2.874e+02)
s>                    ( - -2.731e+04 5 0 QUESTION11 1 5.062e+02 1.174e+02)))))INFO: dtree.c(1478): Final simple tree
|( QUESTION2_13_L -1 -1.767e+05 2.736e+03 8.280e+02
|    ( WDBNDRY_E 0 -9.572e+04 1.070e+03 4.576e+02
|        ( QUESTION0_7_R 1 -6.062e+04 5.722e+02 2.864e+02
|            ( QUESTION0_11_R 1 -4.284e+04 2.846e+02 2.075e+02
|                ( - -7.374e+03 1 0)
|                ( - -3.518e+04 5 0 QUESTION5 1 2.029e+02 1.683e+02))
|            ( QUESTION0_6_R 1 -1.721e+04 4.395e+02 7.888e+01
|                ( - -3.878e+03 3 0 QUESTION6 1 2.004e+02 1.928e+01)
|                ( - -1.289e+04 5 0 QUESTION19 1 2.504e+02 5.960e+01)))
|        ( - -3.403e+04 2 0 QUESTION0_1_R 1 2.798e+02 1.712e+02))
|    ( QUESTION2_11_L -1 -7.826e+04 7.072e+02 3.705e+02
|        ( - -1.743e+04 1 0)
|        ( QUESTION0_1_R 1 -6.012e+04 4.241e+02 2.850e+02
|            ( - -5.159e+04 1 0)
|            ( - -8.104e+03 2 0))))
s>    ( QUESTION2_13_L -1 -1.767e+05 2.736e+03 8.280e+02
s>        ( WDBNDRY_E 0 -9.572e+04 1.070e+03 4.576e+02
s>            ( QUESTION0_7_R 1 -6.062e+04 5.722e+02 2.864e+02
s>                ( QUESTION0_11_R 1 -4.284e+04 2.846e+02 2.075e+02
s>                    ( - -7.374e+03 1 0)
s>                    ( - -3.518e+04 5 0 QUESTION5 1 2.029e+02 1.683e+02))
s>                ( QUESTION0_6_R 1 -1.721e+04 4.395e+02 7.888e+01
s>                    ( - -3.878e+03 3 0 QUESTION6 1 2.004e+02 1.928e+01)
s>                    ( - -1.289e+04 5 0 QUESTION19 1 2.504e+02 5.960e+01)))
s>            ( - -3.403e+04 2 0 QUESTION0_1_R 1 2.798e+02 1.712e+02))
s>        ( QUESTION2_11_L -1 -7.826e+04 7.072e+02 3.705e+02
s>            ( - -1.743e+04 1 0)
s>            ( QUESTION0_1_R 1 -6.012e+04 4.241e+02 2.850e+02
s>                ( - -5.159e+04 1 0)
s>                ( - -8.104e+03 2 0))))INFO: dtree.c(1315): Comp split 1
INFO: dtree.c(1478): Final simple tree
|( QUESTION2_11_L -1 -2.327e+05 2.628e+03 1.020e+03
|    ( WDBNDRY_B 0 -6.782e+04 1.384e+03 3.079e+02
|        ( - -1.101e+04 1 0)
|        ( - -5.542e+04 1 0))
|    ( QUESTION2_7_L -1 -1.623e+05 1.948e+03 7.117e+02
|        ( QUESTION13 1 -4.504e+04 1.092e+03 1.951e+02
|            ( - -8.778e+03 1 0)
|            ( - -3.517e+04 12 0 QUESTION4 -1 4.966e+02 1.560e+02))
|        ( QUESTION0_0_R 1 -1.153e+05 1.306e+03 5.166e+02
|            ( QUESTION0_10_R 1 -7.572e+04 1.294e+03 3.426e+02
|                ( - -1.383e+04 1 0)
|                ( QUESTION2_15_L -1 -6.060e+04 1.073e+03 2.734e+02
|                    ( - -1.718e+04 2 0 WDBNDRY_B 0 4.282e+02 8.122e+01)
|                    ( - -4.234e+04 6 0 QUESTION4 -1 6.967e+02 1.922e+02)))
|            ( - -3.827e+04 3 0 QUESTION2_0_L -1 2.757e+02 1.740e+02))))
s>    ( QUESTION2_11_L -1 -2.327e+05 2.628e+03 1.020e+03
s>        ( WDBNDRY_B 0 -6.782e+04 1.384e+03 3.079e+02
s>            ( - -1.101e+04 1 0)
s>            ( - -5.542e+04 1 0))
s>        ( QUESTION2_7_L -1 -1.623e+05 1.948e+03 7.117e+02
s>            ( QUESTION13 1 -4.504e+04 1.092e+03 1.951e+02
s>                ( - -8.778e+03 1 0)
s>                ( - -3.517e+04 12 0 QUESTION4 -1 4.966e+02 1.560e+02))
s>            ( QUESTION0_0_R 1 -1.153e+05 1.306e+03 5.166e+02
s>                ( QUESTION0_10_R 1 -7.572e+04 1.294e+03 3.426e+02
s>                    ( - -1.383e+04 1 0)
s>                    ( QUESTION2_15_L -1 -6.060e+04 1.073e+03 2.734e+02
s>                        ( - -1.718e+04 2 0 WDBNDRY_B 0 4.282e+02 8.122e+01)
s>                        ( - -4.234e+04 6 0 QUESTION4 -1 6.967e+02 1.922e+02)))
s>                ( - -3.827e+04 3 0 QUESTION2_0_L -1 2.757e+02 1.740e+02))))INFO: dtree.c(1478): Final simple tree
|( WDBNDRY_B 0 -4.002e+05 4.175e+03 1.692e+03
|    ( QUESTION4 1 -1.352e+05 7.735e+02 6.131e+02
|        ( QUESTION10 -1 -1.219e+05 5.794e+02 5.591e+02
|            ( - -1.685e+04 2 0)
|            ( - -1.045e+05 17 0 QUESTION3 -1 4.108e+02 4.789e+02))
|        ( - -1.245e+04 7 0 QUESTION0 -1 2.235e+02 5.400e+01))
|    ( QUESTION2_2_L -1 -2.608e+05 1.719e+03 1.079e+03
|        ( - -1.770e+04 2 0 QUESTION0_0_R 1 2.312e+02 7.947e+01)
|        ( QUESTION1 -1 -2.414e+05 1.183e+03 9.999e+02
|            ( - -1.875e+04 1 0)
|            ( QUESTION4 -1 -2.215e+05 1.028e+03 9.172e+02
|                ( - -1.199e+05 4 0)
|                ( QUESTION0_20_R 1 -1.005e+05 1.088e+03 4.321e+02
|                    ( - -1.593e+04 1 0)
|                    ( - -8.352e+04 6 0 QUESTION11 1 4.965e+02 3.620e+02))))))
s>    ( WDBNDRY_B 0 -4.002e+05 4.175e+03 1.692e+03
s>        ( QUESTION4 1 -1.352e+05 7.735e+02 6.131e+02
s>            ( QUESTION10 -1 -1.219e+05 5.794e+02 5.591e+02
s>                ( - -1.685e+04 2 0)
s>                ( - -1.045e+05 17 0 QUESTION3 -1 4.108e+02 4.789e+02))
s>            ( - -1.245e+04 7 0 QUESTION0 -1 2.235e+02 5.400e+01))
s>        ( QUESTION2_2_L -1 -2.608e+05 1.719e+03 1.079e+03
s>            ( - -1.770e+04 2 0 QUESTION0_0_R 1 2.312e+02 7.947e+01)
s>            ( QUESTION1 -1 -2.414e+05 1.183e+03 9.999e+02
s>                ( - -1.875e+04 1 0)
s>                ( QUESTION4 -1 -2.215e+05 1.028e+03 9.172e+02
s>                    ( - -1.199e+05 4 0)
s>                    ( QUESTION0_20_R 1 -1.005e+05 1.088e+03 4.321e+02
s>                        ( - -1.593e+04 1 0)
s>                        ( - -8.352e+04 6 0 QUESTION11 1 4.965e+02 3.620e+02))))))INFO: dtree.c(1315): Comp split 2
INFO: dtree.c(1478): Final simple tree
|( QUESTION10 -1 -1.219e+05 5.794e+02 5.591e+02
|    ( - -1.685e+04 2 0)
|    ( QUESTION3 -1 -1.045e+05 4.108e+02 4.789e+02
|        ( QUESTION8 -1 -5.798e+04 3.087e+02 2.660e+02
|            ( - -6.010e+03 1 0)
|            ( QUESTION4 -1 -5.166e+04 2.327e+02 2.370e+02
|                ( QUESTION2_0_L -1 -4.489e+04 1.388e+02 2.072e+02
|                    ( - -1.423e+03 1 0)
|                    ( - -4.333e+04 4 0))
|                ( - -6.532e+03 1 0)))
|        ( QUESTION1 -1 -4.612e+04 5.082e+02 2.129e+02
|            ( - -2.032e+04 2 0)
|            ( QUESTION0_0_R 1 -2.529e+04 2.678e+02 1.145e+02
|                ( - -2.292e+04 7 0 SILENCE -1 9.900e+01 1.055e+02)
|                ( - -2.102e+03 1 0)))))
s>    ( QUESTION10 -1 -1.219e+05 5.794e+02 5.591e+02
s>        ( - -1.685e+04 2 0)
s>        ( QUESTION3 -1 -1.045e+05 4.108e+02 4.789e+02
s>            ( QUESTION8 -1 -5.798e+04 3.087e+02 2.660e+02
s>                ( - -6.010e+03 1 0)
s>                ( QUESTION4 -1 -5.166e+04 2.327e+02 2.370e+02
s>                    ( QUESTION2_0_L -1 -4.489e+04 1.388e+02 2.072e+02
s>                        ( - -1.423e+03 1 0)
s>                        ( - -4.333e+04 4 0))
s>                    ( - -6.532e+03 1 0)))
s>            ( QUESTION1 -1 -4.612e+04 5.082e+02 2.129e+02
s>                ( - -2.032e+04 2 0)
s>                ( QUESTION0_0_R 1 -2.529e+04 2.678e+02 1.145e+02
s>                    ( - -2.292e+04 7 0 SILENCE -1 9.900e+01 1.055e+02)
s>                    ( - -2.102e+03 1 0)))))INFO: dtree.c(1478): Final simple tree
|( QUESTION2_2_L -1 -2.737e+05 1.610e+03 1.133e+03
|    ( - -1.944e+04 3 0 QUESTION0_0_R 1 2.981e+02 8.647e+01)
|    ( QUESTION4 -1 -2.527e+05 1.200e+03 1.047e+03
|        ( - -1.204e+05 5 0 WDBNDRY_B 0 2.122e+02 4.871e+02)
|        ( QUESTION2 -1 -1.311e+05 9.773e+02 5.598e+02
|            ( QUESTION0_20_R 1 -9.785e+04 1.162e+03 4.211e+02
|                ( - -1.593e+04 1 0)
|                ( QUESTION11 1 -8.076e+04 4.977e+02 3.510e+02
|                    ( - 2.426e+02 1 0)
|                    ( WDBNDRY_E 0 -8.050e+04 3.334e+02 3.500e+02
|                        ( - -8.011e+03 2 0 SILENCE 1 1.480e+02 3.530e+01)
|                        ( - -7.216e+04 2 0))))
|            ( WDBNDRY_B 0 -3.227e+04 5.205e+02 1.387e+02
|                ( - -1.034e+04 5 0 QUESTION0 -1 2.192e+02 4.500e+01)
|                ( - -2.141e+04 2 0 QUESTION0_8_R 1 2.581e+02 9.371e+01)))))
s>    ( QUESTION2_2_L -1 -2.737e+05 1.610e+03 1.133e+03
s>        ( - -1.944e+04 3 0 QUESTION0_0_R 1 2.981e+02 8.647e+01)
s>        ( QUESTION4 -1 -2.527e+05 1.200e+03 1.047e+03
s>            ( - -1.204e+05 5 0 WDBNDRY_B 0 2.122e+02 4.871e+02)
s>            ( QUESTION2 -1 -1.311e+05 9.773e+02 5.598e+02
s>                ( QUESTION0_20_R 1 -9.785e+04 1.162e+03 4.211e+02
s>                    ( - -1.593e+04 1 0)
s>                    ( QUESTION11 1 -8.076e+04 4.977e+02 3.510e+02
s>                        ( - 2.426e+02 1 0)
s>                        ( WDBNDRY_E 0 -8.050e+04 3.334e+02 3.500e+02
s>                            ( - -8.011e+03 2 0 SILENCE 1 1.480e+02 3.530e+01)
s>                            ( - -7.216e+04 2 0))))
s>                ( WDBNDRY_B 0 -3.227e+04 5.205e+02 1.387e+02
s>                    ( - -1.034e+04 5 0 QUESTION0 -1 2.192e+02 4.500e+01)
s>                    ( - -2.141e+04 2 0 QUESTION0_8_R 1 2.581e+02 9.371e+01)))))INFO: dtree.c(1315): Comp split 3
INFO: dtree.c(1478): Final simple tree
|( QUESTION0_0_R 1 -1.274e+05 1.426e+03 5.704e+02
|    ( QUESTION0_10_R 1 -8.767e+04 1.369e+03 3.964e+02
|        ( - -1.383e+04 1 0)
|        ( QUESTION4 -1 -7.247e+04 1.126e+03 3.272e+02
|            ( QUESTION2_12_L -1 -4.396e+04 1.027e+03 2.002e+02
|                ( WDBNDRY_B 0 -1.718e+04 4.282e+02 8.122e+01
|                    ( - -1.706e+03 1 0)
|                    ( - -1.505e+04 1 0))
|                ( QUESTION0_9_R 1 -2.575e+04 5.899e+02 1.190e+02
|                    ( - -4.856e+03 1 0)
|                    ( WDBNDRY_B 0 -2.031e+04 4.648e+02 9.404e+01
|                        ( - -1.293e+04 3 0 QUESTION2_6_L -1 9.423e+01 6.279e+01)
|                        ( - -6.911e+03 2 0 QUESTION0_2_R 1 2.209e+02 3.125e+01))))
|            ( - -2.738e+04 1 0)))
|    ( - -3.827e+04 3 0 QUESTION2_0_L -1 2.757e+02 1.740e+02))
s>    ( QUESTION0_0_R 1 -1.274e+05 1.426e+03 5.704e+02
s>        ( QUESTION0_10_R 1 -8.767e+04 1.369e+03 3.964e+02
s>            ( - -1.383e+04 1 0)
s>            ( QUESTION4 -1 -7.247e+04 1.126e+03 3.272e+02
s>                ( QUESTION2_12_L -1 -4.396e+04 1.027e+03 2.002e+02
s>                    ( WDBNDRY_B 0 -1.718e+04 4.282e+02 8.122e+01
s>                        ( - -1.706e+03 1 0)
s>                        ( - -1.505e+04 1 0))
s>                    ( QUESTION0_9_R 1 -2.575e+04 5.899e+02 1.190e+02
s>                        ( - -4.856e+03 1 0)
s>                        ( WDBNDRY_B 0 -2.031e+04 4.648e+02 9.404e+01
s>                            ( - -1.293e+04 3 0 QUESTION2_6_L -1 9.423e+01 6.279e+01)
s>                            ( - -6.911e+03 2 0 QUESTION0_2_R 1 2.209e+02 3.125e+01))))
s>                ( - -2.738e+04 1 0)))
s>        ( - -3.827e+04 3 0 QUESTION2_0_L -1 2.757e+02 1.740e+02))INFO: dtree.c(1478): Final simple tree
|( QUESTION2_3_L -1 -1.022e+05 1.710e+03 4.492e+02
|    ( QUESTION13 1 -4.504e+04 1.092e+03 1.951e+02
|        ( - -8.778e+03 1 0)
|        ( QUESTION4 -1 -3.517e+04 4.966e+02 1.560e+02
|            ( SILENCE 1 -1.709e+04 4.788e+02 7.782e+01
|                ( - -2.082e+03 1 0)
|                ( WDBNDRY_E 0 -1.453e+04 2.065e+02 6.782e+01
|                    ( - -2.813e+03 3 0 QUESTION0_1_R 1 1.869e+02 1.300e+01)
|                    ( - -1.151e+04 1 0)))
|            ( SILENCE 1 -1.758e+04 3.922e+02 7.823e+01
|                ( - -3.161e+03 1 0)
|                ( QUESTION0_6_R 1 -1.403e+04 2.423e+02 6.419e+01
|                    ( - -3.156e+03 1 0)
|                    ( - -1.063e+04 5 0 QUESTION4 1 2.041e+02 4.799e+01)))))
|    ( - -5.542e+04 1 0))
s>    ( QUESTION2_3_L -1 -1.022e+05 1.710e+03 4.492e+02
s>        ( QUESTION13 1 -4.504e+04 1.092e+03 1.951e+02
s>            ( - -8.778e+03 1 0)
s>            ( QUESTION4 -1 -3.517e+04 4.966e+02 1.560e+02
s>                ( SILENCE 1 -1.709e+04 4.788e+02 7.782e+01
s>                    ( - -2.082e+03 1 0)
s>                    ( WDBNDRY_E 0 -1.453e+04 2.065e+02 6.782e+01
s>                        ( - -2.813e+03 3 0 QUESTION0_1_R 1 1.869e+02 1.300e+01)
s>                        ( - -1.151e+04 1 0)))
s>                ( SILENCE 1 -1.758e+04 3.922e+02 7.823e+01
s>                    ( - -3.161e+03 1 0)
s>                    ( QUESTION0_6_R 1 -1.403e+04 2.423e+02 6.419e+01
s>                        ( - -3.156e+03 1 0)
s>                        ( - -1.063e+04 5 0 QUESTION4 1 2.041e+02 4.799e+01)))))
s>        ( - -5.542e+04 1 0))INFO: dtree.c(1315): Comp split 4
INFO: dtree.c(1478): Final simple tree
|( WDBNDRY_E 0 -9.572e+04 1.070e+03 4.576e+02
|    ( QUESTION0_7_R 1 -6.062e+04 5.722e+02 2.864e+02
|        ( QUESTION0_11_R 1 -4.284e+04 2.846e+02 2.075e+02
|            ( - -7.374e+03 1 0)
|            ( - -3.518e+04 5 0 QUESTION5 1 2.029e+02 1.683e+02))
|        ( QUESTION0_6_R 1 -1.721e+04 4.395e+02 7.888e+01
|            ( - -3.878e+03 3 0 QUESTION6 1 2.004e+02 1.928e+01)
|            ( QUESTION19 1 -1.289e+04 2.504e+02 5.960e+01
|                ( - -2.335e+02 1 0)
|                ( QUESTION0_2_R 1 -1.241e+04 2.462e+02 5.760e+01
|                    ( - -2.158e+02 1 0)
|                    ( - -1.194e+04 3 0 SILENCE 1 1.948e+02 5.560e+01)))))
|    ( QUESTION0_1_R 1 -3.403e+04 2.798e+02 1.712e+02
|        ( - -3.018e+04 1 0)
|        ( - -3.568e+03 1 0)))
s>    ( WDBNDRY_E 0 -9.572e+04 1.070e+03 4.576e+02
s>        ( QUESTION0_7_R 1 -6.062e+04 5.722e+02 2.864e+02
s>            ( QUESTION0_11_R 1 -4.284e+04 2.846e+02 2.075e+02
s>                ( - -7.374e+03 1 0)
s>                ( - -3.518e+04 5 0 QUESTION5 1 2.029e+02 1.683e+02))
s>            ( QUESTION0_6_R 1 -1.721e+04 4.395e+02 7.888e+01
s>                ( - -3.878e+03 3 0 QUESTION6 1 2.004e+02 1.928e+01)
s>                ( QUESTION19 1 -1.289e+04 2.504e+02 5.960e+01
s>                    ( - -2.335e+02 1 0)
s>                    ( QUESTION0_2_R 1 -1.241e+04 2.462e+02 5.760e+01
s>                        ( - -2.158e+02 1 0)
s>                        ( - -1.194e+04 3 0 SILENCE 1 1.948e+02 5.560e+01)))))
s>        ( QUESTION0_1_R 1 -3.403e+04 2.798e+02 1.712e+02
s>            ( - -3.018e+04 1 0)
s>            ( - -3.568e+03 1 0)))INFO: dtree.c(1439): stop. leaf nodes are specific
INFO: dtree.c(1478): Final simple tree
|( QUESTION2_11_L -1 -7.826e+04 7.072e+02 3.705e+02
|    ( - -1.743e+04 1 0)
|    ( QUESTION0_1_R 1 -6.012e+04 4.241e+02 2.850e+02
|        ( - -5.159e+04 1 0)
|        ( - -8.104e+03 2 0)))
s>    ( QUESTION2_11_L -1 -7.826e+04 7.072e+02 3.705e+02
s>        ( - -1.743e+04 1 0)
s>        ( QUESTION0_1_R 1 -6.012e+04 4.241e+02 2.850e+02
s>            ( - -5.159e+04 1 0)
s>            ( - -8.104e+03 2 0)))INFO: dtree.c(1315): Comp split 5
INFO: dtree.c(1439): stop. leaf nodes are specific
INFO: dtree.c(1478): Final simple tree
|( QUESTION0 -1 -2.023e+05 1.187e+03 8.381e+02
|    ( QUESTION11 1 -8.076e+04 4.977e+02 3.510e+02
|        ( - 2.426e+02 1 0)
|        ( WDBNDRY_E 0 -8.050e+04 3.334e+02 3.500e+02
|            ( SILENCE 1 -8.011e+03 1.480e+02 3.530e+01
|                ( - -3.323e+03 1 0)
|                ( - -4.541e+03 1 0))
|            ( - -7.216e+04 2 0)))
|    ( WDBNDRY_B 0 -1.204e+05 2.122e+02 4.871e+02
|        ( - -2.307e+02 1 0)
|        ( - -1.199e+05 4 0)))
s>    ( QUESTION0 -1 -2.023e+05 1.187e+03 8.381e+02
s>        ( QUESTION11 1 -8.076e+04 4.977e+02 3.510e+02
s>            ( - 2.426e+02 1 0)
s>            ( WDBNDRY_E 0 -8.050e+04 3.334e+02 3.500e+02
s>                ( SILENCE 1 -8.011e+03 1.480e+02 3.530e+01
s>                    ( - -3.323e+03 1 0)
s>                    ( - -4.541e+03 1 0))
s>                ( - -7.216e+04 2 0)))
s>        ( WDBNDRY_B 0 -1.204e+05 2.122e+02 4.871e+02
s>            ( - -2.307e+02 1 0)
s>            ( - -1.199e+05 4 0)))INFO: dtree.c(1478): Final simple tree
|( QUESTION4 -1 -6.961e+04 1.494e+03 2.953e+02
|    ( QUESTION0_0_R 1 -1.944e+04 2.981e+02 8.647e+01
|        ( - -4.252e+03 2 0 WDBNDRY_B 0 1.829e+02 1.900e+01)
|        ( - -1.489e+04 1 0))
|    ( WDBNDRY_B 0 -4.867e+04 5.397e+02 2.088e+02
|        ( QUESTION0 -1 -1.034e+04 2.192e+02 4.500e+01
|            ( - -2.949e+03 1 0)
|            ( SILENCE -1 -7.170e+03 2.057e+02 3.199e+01
|                ( - -2.794e+02 1 0)
|                ( - -6.685e+03 3 0 QUESTION13 -1 1.144e+02 2.999e+01)))
|        ( QUESTION0_8_R 1 -3.779e+04 5.011e+02 1.638e+02
|            ( - -1.875e+04 1 0)
|            ( QUESTION0_0_R 1 -1.855e+04 2.103e+02 8.110e+01
|                ( - -2.408e+03 1 0)
|                ( - -1.593e+04 1 0)))))
s>    ( QUESTION4 -1 -6.961e+04 1.494e+03 2.953e+02
s>        ( QUESTION0_0_R 1 -1.944e+04 2.981e+02 8.647e+01
s>            ( - -4.252e+03 2 0 WDBNDRY_B 0 1.829e+02 1.900e+01)
s>            ( - -1.489e+04 1 0))
s>        ( WDBNDRY_B 0 -4.867e+04 5.397e+02 2.088e+02
s>            ( QUESTION0 -1 -1.034e+04 2.192e+02 4.500e+01
s>                ( - -2.949e+03 1 0)
s>                ( SILENCE -1 -7.170e+03 2.057e+02 3.199e+01
s>                    ( - -2.794e+02 1 0)
s>                    ( - -6.685e+03 3 0 QUESTION13 -1 1.144e+02 2.999e+01)))
s>            ( QUESTION0_8_R 1 -3.779e+04 5.011e+02 1.638e+02
s>                ( - -1.875e+04 1 0)
s>                ( QUESTION0_0_R 1 -1.855e+04 2.103e+02 8.110e+01
s>                    ( - -2.408e+03 1 0)
s>                    ( - -1.593e+04 1 0)))))INFO: dtree.c(1315): Comp split 6
INFO: dtree.c(1478): Final simple tree
|( QUESTION13 1 -4.504e+04 1.092e+03 1.951e+02
|    ( - -8.778e+03 1 0)
|    ( QUESTION4 -1 -3.517e+04 4.966e+02 1.560e+02
|        ( SILENCE 1 -1.709e+04 4.788e+02 7.782e+01
|            ( - -2.082e+03 1 0)
|            ( WDBNDRY_E 0 -1.453e+04 2.065e+02 6.782e+01
|                ( - -2.813e+03 3 0 QUESTION0_1_R 1 1.869e+02 1.300e+01)
|                ( - -1.151e+04 1 0)))
|        ( SILENCE 1 -1.758e+04 3.922e+02 7.823e+01
|            ( - -3.161e+03 1 0)
|            ( QUESTION0_6_R 1 -1.403e+04 2.423e+02 6.419e+01
|                ( - -3.156e+03 1 0)
|                ( QUESTION4 1 -1.063e+04 2.041e+02 4.799e+01
|                    ( - -5.094e+03 2 0 WDBNDRY_E 0 1.277e+02 2.402e+01)
|                    ( - -5.334e+03 3 0 QUESTION0_5_R 1 1.570e+02 2.397e+01))))))
s>    ( QUESTION13 1 -4.504e+04 1.092e+03 1.951e+02
s>        ( - -8.778e+03 1 0)
s>        ( QUESTION4 -1 -3.517e+04 4.966e+02 1.560e+02
s>            ( SILENCE 1 -1.709e+04 4.788e+02 7.782e+01
s>                ( - -2.082e+03 1 0)
s>                ( WDBNDRY_E 0 -1.453e+04 2.065e+02 6.782e+01
s>                    ( - -2.813e+03 3 0 QUESTION0_1_R 1 1.869e+02 1.300e+01)
s>                    ( - -1.151e+04 1 0)))
s>            ( SILENCE 1 -1.758e+04 3.922e+02 7.823e+01
s>                ( - -3.161e+03 1 0)
s>                ( QUESTION0_6_R 1 -1.403e+04 2.423e+02 6.419e+01
s>                    ( - -3.156e+03 1 0)
s>                    ( QUESTION4 1 -1.063e+04 2.041e+02 4.799e+01
s>                        ( - -5.094e+03 2 0 WDBNDRY_E 0 1.277e+02 2.402e+01)
s>                        ( - -5.334e+03 3 0 QUESTION0_5_R 1 1.570e+02 2.397e+01))))))INFO: dtree.c(1315): Comp split 7
INFO: dtree.c(1439): stop. leaf nodes are specific
INFO: dtree.c(1478): Final simple tree
|( QUESTION0_8_R 1 -2.986e+04 9.862e+02 1.414e+02
|    ( - -1.505e+04 1 0)
|    ( - -1.383e+04 1 0))
s>    ( QUESTION0_8_R 1 -2.986e+04 9.862e+02 1.414e+02
s>        ( - -1.505e+04 1 0)
s>        ( - -1.383e+04 1 0))INFO: dtree.c(1478): Final simple tree
|( QUESTION0_0_R 1 -9.585e+04 1.482e+03 4.290e+02
|    ( QUESTION4 -1 -5.610e+04 1.081e+03 2.549e+02
|        ( QUESTION0_9_R 1 -2.764e+04 5.847e+02 1.280e+02
|            ( - -4.856e+03 1 0)
|            ( WDBNDRY_B 0 -2.220e+04 4.692e+02 1.030e+02
|                ( QUESTION2_12_L -1 -1.482e+04 1.782e+02 7.179e+01
|                    ( - -1.706e+03 1 0)
|                    ( - -1.293e+04 3 0 QUESTION2_6_L -1 9.423e+01 6.279e+01))
|                ( QUESTION0_2_R 1 -6.911e+03 2.209e+02 3.125e+01
|                    ( - -4.983e+03 1 0)
|                    ( - -1.708e+03 1 0))))
|        ( - -2.738e+04 1 0))
|    ( QUESTION2_0_L -1 -3.827e+04 2.757e+02 1.740e+02
|        ( - -2.449e+03 1 0)
|        ( - -3.554e+04 2 0)))
s>    ( QUESTION0_0_R 1 -9.585e+04 1.482e+03 4.290e+02
s>        ( QUESTION4 -1 -5.610e+04 1.081e+03 2.549e+02
s>            ( QUESTION0_9_R 1 -2.764e+04 5.847e+02 1.280e+02
s>                ( - -4.856e+03 1 0)
s>                ( WDBNDRY_B 0 -2.220e+04 4.692e+02 1.030e+02
s>                    ( QUESTION2_12_L -1 -1.482e+04 1.782e+02 7.179e+01
s>                        ( - -1.706e+03 1 0)
s>                        ( - -1.293e+04 3 0 QUESTION2_6_L -1 9.423e+01 6.279e+01))
s>                    ( QUESTION0_2_R 1 -6.911e+03 2.209e+02 3.125e+01
s>                        ( - -4.983e+03 1 0)
s>                        ( - -1.708e+03 1 0))))
s>            ( - -2.738e+04 1 0))
s>        ( QUESTION2_0_L -1 -3.827e+04 2.757e+02 1.740e+02
s>            ( - -2.449e+03 1 0)
s>            ( - -3.554e+04 2 0)))INFO: dtree.c(1315): Comp split 8
INFO: dtree.c(1478): Final simple tree
|( WDBNDRY_B 0 -4.867e+04 5.397e+02 2.088e+02
|    ( QUESTION0 -1 -1.034e+04 2.192e+02 4.500e+01
|        ( - -2.949e+03 1 0)
|        ( SILENCE -1 -7.170e+03 2.057e+02 3.199e+01
|            ( - -2.794e+02 1 0)
|            ( QUESTION13 -1 -6.685e+03 1.144e+02 2.999e+01
|                ( - -1.224e+03 1 0)
|                ( QUESTION19 -1 -5.347e+03 1.287e+02 2.399e+01
|                    ( - -2.314e+03 1 0)
|                    ( - -2.904e+03 1 0)))))
|    ( QUESTION0_8_R 1 -3.779e+04 5.011e+02 1.638e+02
|        ( - -1.875e+04 1 0)
|        ( QUESTION0_0_R 1 -1.855e+04 2.103e+02 8.110e+01
|            ( - -2.408e+03 1 0)
|            ( - -1.593e+04 1 0))))
s>    ( WDBNDRY_B 0 -4.867e+04 5.397e+02 2.088e+02
s>        ( QUESTION0 -1 -1.034e+04 2.192e+02 4.500e+01
s>            ( - -2.949e+03 1 0)
s>            ( SILENCE -1 -7.170e+03 2.057e+02 3.199e+01
s>                ( - -2.794e+02 1 0)
s>                ( QUESTION13 -1 -6.685e+03 1.144e+02 2.999e+01
s>                    ( - -1.224e+03 1 0)
s>                    ( QUESTION19 -1 -5.347e+03 1.287e+02 2.399e+01
s>                        ( - -2.314e+03 1 0)
s>                        ( - -2.904e+03 1 0)))))
s>        ( QUESTION0_8_R 1 -3.779e+04 5.011e+02 1.638e+02
s>            ( - -1.875e+04 1 0)
s>            ( QUESTION0_0_R 1 -1.855e+04 2.103e+02 8.110e+01
s>                ( - -2.408e+03 1 0)
s>                ( - -1.593e+04 1 0))))INFO: dtree.c(1439): stop. leaf nodes are specific
INFO: dtree.c(1478): Final simple tree
|( QUESTION0_0_R 1 -1.944e+04 2.981e+02 8.647e+01
|    ( WDBNDRY_B 0 -4.252e+03 1.829e+02 1.900e+01
|        ( - -1.486e+03 1 0)
|        ( - -2.583e+03 1 0))
|    ( - -1.489e+04 1 0))
s>    ( QUESTION0_0_R 1 -1.944e+04 2.981e+02 8.647e+01
s>        ( WDBNDRY_B 0 -4.252e+03 1.829e+02 1.900e+01
s>            ( - -1.486e+03 1 0)
s>            ( - -2.583e+03 1 0))
s>        ( - -1.489e+04 1 0))INFO: dtree.c(1315): Comp split 9
INFO: dtree.c(1439): stop. leaf nodes are specific
INFO: dtree.c(1478): Final simple tree
|( QUESTION2_0_L -1 -3.827e+04 2.757e+02 1.740e+02
|    ( - -2.449e+03 1 0)
|    ( - -3.554e+04 2 0))
s>    ( QUESTION2_0_L -1 -3.827e+04 2.757e+02 1.740e+02
s>        ( - -2.449e+03 1 0)
s>        ( - -3.554e+04 2 0))INFO: dtree.c(1478): Final simple tree
|( QUESTION4 -1 -5.610e+04 1.081e+03 2.549e+02
|    ( QUESTION0_9_R 1 -2.764e+04 5.847e+02 1.280e+02
|        ( - -4.856e+03 1 0)
|        ( WDBNDRY_B 0 -2.220e+04 4.692e+02 1.030e+02
|            ( QUESTION2_12_L -1 -1.482e+04 1.782e+02 7.179e+01
|                ( - -1.706e+03 1 0)
|                ( QUESTION2_6_L -1 -1.293e+04 9.423e+01 6.279e+01
|                    ( - -1.591e+03 1 0)
|                    ( QUESTION2_3_L -1 -1.125e+04 4.785e+02 5.479e+01
|                        ( - 2.417e+02 1 0)
|                        ( - -1.101e+04 1 0))))
|            ( QUESTION0_2_R 1 -6.911e+03 2.209e+02 3.125e+01
|                ( - -4.983e+03 1 0)
|                ( - -1.708e+03 1 0))))
|    ( - -2.738e+04 1 0))
s>    ( QUESTION4 -1 -5.610e+04 1.081e+03 2.549e+02
s>        ( QUESTION0_9_R 1 -2.764e+04 5.847e+02 1.280e+02
s>            ( - -4.856e+03 1 0)
s>            ( WDBNDRY_B 0 -2.220e+04 4.692e+02 1.030e+02
s>                ( QUESTION2_12_L -1 -1.482e+04 1.782e+02 7.179e+01
s>                    ( - -1.706e+03 1 0)
s>                    ( QUESTION2_6_L -1 -1.293e+04 9.423e+01 6.279e+01
s>                        ( - -1.591e+03 1 0)
s>                        ( QUESTION2_3_L -1 -1.125e+04 4.785e+02 5.479e+01
s>                            ( - 2.417e+02 1 0)
s>                            ( - -1.101e+04 1 0))))
s>                ( QUESTION0_2_R 1 -6.911e+03 2.209e+02 3.125e+01
s>                    ( - -4.983e+03 1 0)
s>                    ( - -1.708e+03 1 0))))
s>        ( - -2.738e+04 1 0))INFO: dtree.c(1315): Comp split 10
INFO: dtree.c(1478): Final simple tree
|( QUESTION4 -1 -2.917e+04 6.107e+02 1.320e+02
|    ( WDBNDRY_E 0 -1.453e+04 2.065e+02 6.782e+01
|        ( QUESTION0_1_R 1 -2.813e+03 1.869e+02 1.300e+01
|            ( - -1.004e+03 1 0)
|            ( - -1.622e+03 2 0 QUESTION0_10_R 1 1.209e+02 8.000e+00))
|        ( - -1.151e+04 1 0))
|    ( QUESTION0_6_R 1 -1.403e+04 2.423e+02 6.419e+01
|        ( - -3.156e+03 1 0)
|        ( QUESTION4 1 -1.063e+04 2.041e+02 4.799e+01
|            ( - -5.094e+03 2 0 WDBNDRY_E 0 1.277e+02 2.402e+01)
|            ( QUESTION0_5_R 1 -5.334e+03 1.570e+02 2.397e+01
|                ( - -5.512e+02 1 0)
|                ( QUESTION0_1_R 1 -4.626e+03 1.494e+02 2.097e+01
|                    ( - -2.569e+03 1 0)
|                    ( - -1.908e+03 1 0))))))
s>    ( QUESTION4 -1 -2.917e+04 6.107e+02 1.320e+02
s>        ( WDBNDRY_E 0 -1.453e+04 2.065e+02 6.782e+01
s>            ( QUESTION0_1_R 1 -2.813e+03 1.869e+02 1.300e+01
s>                ( - -1.004e+03 1 0)
s>                ( - -1.622e+03 2 0 QUESTION0_10_R 1 1.209e+02 8.000e+00))
s>            ( - -1.151e+04 1 0))
s>        ( QUESTION0_6_R 1 -1.403e+04 2.423e+02 6.419e+01
s>            ( - -3.156e+03 1 0)
s>            ( QUESTION4 1 -1.063e+04 2.041e+02 4.799e+01
s>                ( - -5.094e+03 2 0 WDBNDRY_E 0 1.277e+02 2.402e+01)
s>                ( QUESTION0_5_R 1 -5.334e+03 1.570e+02 2.397e+01
s>                    ( - -5.512e+02 1 0)
s>                    ( QUESTION0_1_R 1 -4.626e+03 1.494e+02 2.097e+01
s>                        ( - -2.569e+03 1 0)
s>                        ( - -1.908e+03 1 0))))))INFO: dtree.c(1439): stop. leaf nodes are specific
INFO: dtree.c(1478): Final simple tree
|( WDBNDRY_E 0 -1.464e+04 3.504e+02 6.314e+01
|    ( QUESTION4 -1 -5.513e+03 2.708e+02 2.404e+01
|        ( - -2.082e+03 1 0)
|        ( - -3.161e+03 1 0))
|    ( - -8.778e+03 1 0))
s>    ( WDBNDRY_E 0 -1.464e+04 3.504e+02 6.314e+01
s>        ( QUESTION4 -1 -5.513e+03 2.708e+02 2.404e+01
s>            ( - -2.082e+03 1 0)
s>            ( - -3.161e+03 1 0))
s>        ( - -8.778e+03 1 0))INFO: dtree.c(1315): Comp split 11
INFO: dtree.c(1439): stop. leaf nodes are specific
INFO: dtree.c(1478): Final simple tree
|( WDBNDRY_E 0 -7.616e+04 2.391e+02 3.317e+02
|    ( - -3.323e+03 1 0)
|    ( WDBNDRY_B 0 -7.260e+04 2.075e+02 3.167e+02
|        ( - -2.307e+02 1 0)
|        ( - -7.216e+04 2 0)))
s>    ( WDBNDRY_E 0 -7.616e+04 2.391e+02 3.317e+02
s>        ( - -3.323e+03 1 0)
s>        ( WDBNDRY_B 0 -7.260e+04 2.075e+02 3.167e+02
s>            ( - -2.307e+02 1 0)
s>            ( - -7.216e+04 2 0)))INFO: dtree.c(1439): stop. leaf nodes are specific
INFO: dtree.c(1478): Final simple tree
|( QUESTION11 1 -1.249e+05 4.936e+02 5.064e+02
|    ( - 2.426e+02 1 0)
|    ( WDBNDRY_E 0 -1.247e+05 2.203e+02 5.054e+02
|        ( - -4.541e+03 1 0)
|        ( - -1.199e+05 4 0)))
s>    ( QUESTION11 1 -1.249e+05 4.936e+02 5.064e+02
s>        ( - 2.426e+02 1 0)
s>        ( WDBNDRY_E 0 -1.247e+05 2.203e+02 5.054e+02
s>            ( - -4.541e+03 1 0)
s>            ( - -1.199e+05 4 0)))INFO: dtree.c(1315): Comp split 12
INFO: dtree.c(1439): stop. leaf nodes are specific
INFO: dtree.c(1478): Final simple tree
|( WDBNDRY_B 0 -2.220e+04 4.692e+02 1.030e+02
|    ( QUESTION2_12_L -1 -1.482e+04 1.782e+02 7.179e+01
|        ( - -1.706e+03 1 0)
|        ( QUESTION2_6_L -1 -1.293e+04 9.423e+01 6.279e+01
|            ( - -1.591e+03 1 0)
|            ( QUESTION2_3_L -1 -1.125e+04 4.785e+02 5.479e+01
|                ( - 2.417e+02 1 0)
|                ( - -1.101e+04 1 0))))
|    ( QUESTION0_2_R 1 -6.911e+03 2.209e+02 3.125e+01
|        ( - -4.983e+03 1 0)
|        ( - -1.708e+03 1 0)))
s>    ( WDBNDRY_B 0 -2.220e+04 4.692e+02 1.030e+02
s>        ( QUESTION2_12_L -1 -1.482e+04 1.782e+02 7.179e+01
s>            ( - -1.706e+03 1 0)
s>            ( QUESTION2_6_L -1 -1.293e+04 9.423e+01 6.279e+01
s>                ( - -1.591e+03 1 0)
s>                ( QUESTION2_3_L -1 -1.125e+04 4.785e+02 5.479e+01
s>                    ( - 2.417e+02 1 0)
s>                    ( - -1.101e+04 1 0))))
s>        ( QUESTION0_2_R 1 -6.911e+03 2.209e+02 3.125e+01
s>            ( - -4.983e+03 1 0)
s>            ( - -1.708e+03 1 0)))INFO: dtree.c(1439): stop. leaf nodes are specific
INFO: dtree.c(1478): Final simple tree
|( QUESTION0_8_R 1 -3.276e+04 5.193e+02 1.519e+02
|    ( - -2.738e+04 1 0)
|    ( - -4.856e+03 1 0))
s>    ( QUESTION0_8_R 1 -3.276e+04 5.193e+02 1.519e+02
s>        ( - -2.738e+04 1 0)
s>        ( - -4.856e+03 1 0))INFO: dtree.c(1315): Comp split 13
INFO: dtree.c(1478): Final simple tree
|( QUESTION0_7_R 1 -5.635e+04 6.235e+02 2.671e+02
|    ( QUESTION0_11_R 1 -4.284e+04 2.846e+02 2.075e+02
|        ( - -7.374e+03 1 0)
|        ( QUESTION5 1 -3.518e+04 2.029e+02 1.683e+02
|            ( - -6.659e+02 1 0)
|            ( QUESTION0_8_R 1 -3.431e+04 1.750e+02 1.643e+02
|                ( - -2.007e+04 3 0)
|                ( - -1.407e+04 1 0))))
|    ( QUESTION19 1 -1.289e+04 2.504e+02 5.960e+01
|        ( - -2.335e+02 1 0)
|        ( QUESTION0_2_R 1 -1.241e+04 2.462e+02 5.760e+01
|            ( - -2.158e+02 1 0)
|            ( SILENCE 1 -1.194e+04 1.948e+02 5.560e+01
|                ( - -8.555e+03 1 0)
|                ( - -3.194e+03 2 0 QUESTION0_0_R 1 1.369e+02 1.419e+01)))))
s>    ( QUESTION0_7_R 1 -5.635e+04 6.235e+02 2.671e+02
s>        ( QUESTION0_11_R 1 -4.284e+04 2.846e+02 2.075e+02
s>            ( - -7.374e+03 1 0)
s>            ( QUESTION5 1 -3.518e+04 2.029e+02 1.683e+02
s>                ( - -6.659e+02 1 0)
s>                ( QUESTION0_8_R 1 -3.431e+04 1.750e+02 1.643e+02
s>                    ( - -2.007e+04 3 0)
s>                    ( - -1.407e+04 1 0))))
s>        ( QUESTION19 1 -1.289e+04 2.504e+02 5.960e+01
s>            ( - -2.335e+02 1 0)
s>            ( QUESTION0_2_R 1 -1.241e+04 2.462e+02 5.760e+01
s>                ( - -2.158e+02 1 0)
s>                ( SILENCE 1 -1.194e+04 1.948e+02 5.560e+01
s>                    ( - -8.555e+03 1 0)
s>                    ( - -3.194e+03 2 0 QUESTION0_0_R 1 1.369e+02 1.419e+01)))))INFO: dtree.c(1439): stop. leaf nodes are specific
INFO: dtree.c(1478): Final simple tree
|( WDBNDRY_E 0 -3.824e+04 3.374e+02 1.904e+02
|    ( QUESTION6 1 -3.878e+03 2.004e+02 1.928e+01
|        ( - -5.011e+02 1 0)
|        ( QUESTION0 1 -3.177e+03 1.863e+02 1.628e+01
|            ( - -2.461e+03 1 0)
|            ( - -5.295e+02 1 0)))
|    ( QUESTION0_1_R 1 -3.403e+04 2.798e+02 1.712e+02
|        ( - -3.018e+04 1 0)
|        ( - -3.568e+03 1 0)))
s>    ( WDBNDRY_E 0 -3.824e+04 3.374e+02 1.904e+02
s>        ( QUESTION6 1 -3.878e+03 2.004e+02 1.928e+01
s>            ( - -5.011e+02 1 0)
s>            ( QUESTION0 1 -3.177e+03 1.863e+02 1.628e+01
s>                ( - -2.461e+03 1 0)
s>                ( - -5.295e+02 1 0)))
s>        ( QUESTION0_1_R 1 -3.403e+04 2.798e+02 1.712e+02
s>            ( - -3.018e+04 1 0)
s>            ( - -3.568e+03 1 0)))INFO: dtree.c(1315): Comp split 14
INFO: dtree.c(1315): Comp split 15
INFO: dtree.c(1439): stop. leaf nodes are specific
INFO: dtree.c(1478): Final simple tree
|( QUESTION8 -1 -7.860e+04 3.096e+02 3.644e+02
|    ( - -6.010e+03 1 0)
|    ( QUESTION0 -1 -7.228e+04 2.963e+02 3.354e+02
|        ( - -2.032e+04 2 0)
|        ( QUESTION4 -1 -5.166e+04 2.327e+02 2.370e+02
|            ( QUESTION2_0_L -1 -4.489e+04 1.388e+02 2.072e+02
|                ( - -1.423e+03 1 0)
|                ( - -4.333e+04 4 0))
|            ( - -6.532e+03 1 0))))
s>    ( QUESTION8 -1 -7.860e+04 3.096e+02 3.644e+02
s>        ( - -6.010e+03 1 0)
s>        ( QUESTION0 -1 -7.228e+04 2.963e+02 3.354e+02
s>            ( - -2.032e+04 2 0)
s>            ( QUESTION4 -1 -5.166e+04 2.327e+02 2.370e+02
s>                ( QUESTION2_0_L -1 -4.489e+04 1.388e+02 2.072e+02
s>                    ( - -1.423e+03 1 0)
s>                    ( - -4.333e+04 4 0))
s>                ( - -6.532e+03 1 0))))INFO: dtree.c(1439): stop. leaf nodes are specific
INFO: dtree.c(1478): Final simple tree
|( QUESTION3 -1 -4.245e+04 3.152e+02 1.948e+02
|    ( - -1.685e+04 2 0)
|    ( QUESTION0_0_R 1 -2.529e+04 2.678e+02 1.145e+02
|        ( SILENCE -1 -2.292e+04 9.900e+01 1.055e+02
|            ( - -7.645e+03 2 0)
|            ( - -1.518e+04 5 0))
|        ( - -2.102e+03 1 0)))
s>    ( QUESTION3 -1 -4.245e+04 3.152e+02 1.948e+02
s>        ( - -1.685e+04 2 0)
s>        ( QUESTION0_0_R 1 -2.529e+04 2.678e+02 1.145e+02
s>            ( SILENCE -1 -2.292e+04 9.900e+01 1.055e+02
s>                ( - -7.645e+03 2 0)
s>                ( - -1.518e+04 5 0))
s>            ( - -2.102e+03 1 0)))INFO: dtree.c(1315): Comp split 16
INFO: dtree.c(1439): stop. leaf nodes are specific
INFO: dtree.c(1478): Final simple tree
|( QUESTION0_1_R 1 -6.012e+04 4.241e+02 2.850e+02
|    ( - -5.159e+04 1 0)
|    ( - -8.104e+03 2 0))
s>    ( QUESTION0_1_R 1 -6.012e+04 4.241e+02 2.850e+02
s>        ( - -5.159e+04 1 0)
s>        ( - -8.104e+03 2 0))INFO: dtree.c(1315): Comp split 17
INFO: dtree.c(1439): stop. leaf nodes are specific
INFO: dtree.c(1478): Final simple tree
|( QUESTION0_11_R 1 -4.620e+04 2.947e+02 2.217e+02
|    ( - -7.374e+03 1 0)
|    ( QUESTION11 1 -3.853e+04 2.006e+02 1.825e+02
|        ( - -6.659e+02 1 0)
|        ( QUESTION0_8_R 1 -3.767e+04 1.801e+02 1.785e+02
|            ( - -2.007e+04 3 0)
|            ( QUESTION0_7_R 1 -1.742e+04 1.561e+02 8.324e+01
|                ( - -1.407e+04 1 0)
|                ( QUESTION0_0_R 1 -3.194e+03 1.369e+02 1.419e+01
|                    ( - -1.172e+03 1 0)
|                    ( - -1.885e+03 1 0))))))
s>    ( QUESTION0_11_R 1 -4.620e+04 2.947e+02 2.217e+02
s>        ( - -7.374e+03 1 0)
s>        ( QUESTION11 1 -3.853e+04 2.006e+02 1.825e+02
s>            ( - -6.659e+02 1 0)
s>            ( QUESTION0_8_R 1 -3.767e+04 1.801e+02 1.785e+02
s>                ( - -2.007e+04 3 0)
s>                ( QUESTION0_7_R 1 -1.742e+04 1.561e+02 8.324e+01
s>                    ( - -1.407e+04 1 0)
s>                    ( QUESTION0_0_R 1 -3.194e+03 1.369e+02 1.419e+01
s>                        ( - -1.172e+03 1 0)
s>                        ( - -1.885e+03 1 0))))))INFO: dtree.c(1439): stop. leaf nodes are specific
INFO: dtree.c(1478): Final simple tree
|( QUESTION0_2_R 1 -9.490e+03 2.427e+02 4.541e+01
|    ( - -2.158e+02 1 0)
|    ( SILENCE 1 -9.031e+03 2.432e+02 4.341e+01
|        ( - -8.555e+03 1 0)
|        ( - -2.335e+02 1 0)))
s>    ( QUESTION0_2_R 1 -9.490e+03 2.427e+02 4.541e+01
s>        ( - -2.158e+02 1 0)
s>        ( SILENCE 1 -9.031e+03 2.432e+02 4.341e+01
s>            ( - -8.555e+03 1 0)
s>            ( - -2.335e+02 1 0)))INFO: dtree.c(1315): Comp split 18
INFO: dtree.c(1439): stop. leaf nodes are specific
INFO: dtree.c(1478): Final simple tree
|( QUESTION0_6_R 1 -1.403e+04 2.423e+02 6.419e+01
|    ( - -3.156e+03 1 0)
|    ( QUESTION4 1 -1.063e+04 2.041e+02 4.799e+01
|        ( WDBNDRY_E 0 -5.094e+03 1.277e+02 2.402e+01
|            ( - -8.107e+02 1 0)
|            ( - -4.156e+03 1 0))
|        ( QUESTION0_5_R 1 -5.334e+03 1.570e+02 2.397e+01
|            ( - -5.512e+02 1 0)
|            ( QUESTION0_1_R 1 -4.626e+03 1.494e+02 2.097e+01
|                ( - -2.569e+03 1 0)
|                ( - -1.908e+03 1 0)))))
s>    ( QUESTION0_6_R 1 -1.403e+04 2.423e+02 6.419e+01
s>        ( - -3.156e+03 1 0)
s>        ( QUESTION4 1 -1.063e+04 2.041e+02 4.799e+01
s>            ( WDBNDRY_E 0 -5.094e+03 1.277e+02 2.402e+01
s>                ( - -8.107e+02 1 0)
s>                ( - -4.156e+03 1 0))
s>            ( QUESTION0_5_R 1 -5.334e+03 1.570e+02 2.397e+01
s>                ( - -5.512e+02 1 0)
s>                ( QUESTION0_1_R 1 -4.626e+03 1.494e+02 2.097e+01
s>                    ( - -2.569e+03 1 0)
s>                    ( - -1.908e+03 1 0)))))INFO: dtree.c(1439): stop. leaf nodes are specific
INFO: dtree.c(1478): Final simple tree
|( WDBNDRY_E 0 -1.453e+04 2.065e+02 6.782e+01
|    ( QUESTION0_1_R 1 -2.813e+03 1.869e+02 1.300e+01
|        ( - -1.004e+03 1 0)
|        ( QUESTION0_10_R 1 -1.622e+03 1.209e+02 8.000e+00
|            ( - -1.153e+03 1 0)
|            ( - -3.476e+02 1 0)))
|    ( - -1.151e+04 1 0))
s>    ( WDBNDRY_E 0 -1.453e+04 2.065e+02 6.782e+01
s>        ( QUESTION0_1_R 1 -2.813e+03 1.869e+02 1.300e+01
s>            ( - -1.004e+03 1 0)
s>            ( QUESTION0_10_R 1 -1.622e+03 1.209e+02 8.000e+00
s>                ( - -1.153e+03 1 0)
s>                ( - -3.476e+02 1 0)))
s>        ( - -1.151e+04 1 0))INFO: dtree.c(1315): Comp split 19
INFO: dtree.c(1439): stop. leaf nodes are specific
INFO: dtree.c(1478): Final simple tree
|( QUESTION1 -1 -3.828e+04 5.066e+02 1.658e+02
|    ( - -1.875e+04 1 0)
|    ( QUESTION0_0_R 1 -1.903e+04 2.287e+02 8.310e+01
|        ( WDBNDRY_B 0 -2.870e+03 1.829e+02 1.300e+01
|            ( - -2.794e+02 1 0)
|            ( - -2.408e+03 1 0))
|        ( - -1.593e+04 1 0)))
s>    ( QUESTION1 -1 -3.828e+04 5.066e+02 1.658e+02
s>        ( - -1.875e+04 1 0)
s>        ( QUESTION0_0_R 1 -1.903e+04 2.287e+02 8.310e+01
s>            ( WDBNDRY_B 0 -2.870e+03 1.829e+02 1.300e+01
s>                ( - -2.794e+02 1 0)
s>                ( - -2.408e+03 1 0))
s>            ( - -1.593e+04 1 0)))INFO: dtree.c(1439): stop. leaf nodes are specific
INFO: dtree.c(1478): Final simple tree
|( QUESTION0 -1 -9.844e+03 2.098e+02 4.300e+01
|    ( - -2.949e+03 1 0)
|    ( QUESTION13 -1 -6.685e+03 1.144e+02 2.999e+01
|        ( - -1.224e+03 1 0)
|        ( QUESTION19 -1 -5.347e+03 1.287e+02 2.399e+01
|            ( - -2.314e+03 1 0)
|            ( - -2.904e+03 1 0))))
s>    ( QUESTION0 -1 -9.844e+03 2.098e+02 4.300e+01
s>        ( - -2.949e+03 1 0)
s>        ( QUESTION13 -1 -6.685e+03 1.144e+02 2.999e+01
s>            ( - -1.224e+03 1 0)
s>            ( QUESTION19 -1 -5.347e+03 1.287e+02 2.399e+01
s>                ( - -2.314e+03 1 0)
s>                ( - -2.904e+03 1 0))))INFO: dtree.c(1315): Comp split 20
INFO: dtree.c(1315): Comp split 21
INFO: dtree.c(1439): stop. leaf nodes are specific
INFO: dtree.c(1478): Final simple tree
|( QUESTION0_0_R 1 -1.903e+04 2.287e+02 8.310e+01
|    ( WDBNDRY_B 0 -2.870e+03 1.829e+02 1.300e+01
|        ( - -2.794e+02 1 0)
|        ( - -2.408e+03 1 0))
|    ( - -1.593e+04 1 0))
s>    ( QUESTION0_0_R 1 -1.903e+04 2.287e+02 8.310e+01
s>        ( WDBNDRY_B 0 -2.870e+03 1.829e+02 1.300e+01
s>            ( - -2.794e+02 1 0)
s>            ( - -2.408e+03 1 0))
s>        ( - -1.593e+04 1 0))INFO: dtree.c(1315): Comp split 22
INFO: dtree.c(1439): stop. leaf nodes are specific
INFO: dtree.c(1478): Final simple tree
|( WDBNDRY_E 0 -1.247e+05 2.203e+02 5.054e+02
|    ( - -4.541e+03 1 0)
|    ( - -1.199e+05 4 0))
s>    ( WDBNDRY_E 0 -1.247e+05 2.203e+02 5.054e+02
s>        ( - -4.541e+03 1 0)
s>        ( - -1.199e+05 4 0))INFO: dtree.c(1315): Comp split 23
INFO: dtree.c(1439): stop. leaf nodes are specific
INFO: dtree.c(1478): Final simple tree
|( WDBNDRY_B 0 -7.143e+03 4.739e+02 3.225e+01
|    ( - 2.417e+02 1 0)
|    ( QUESTION0_2_R 1 -6.911e+03 2.209e+02 3.125e+01
|        ( - -4.983e+03 1 0)
|        ( - -1.708e+03 1 0)))
s>    ( WDBNDRY_B 0 -7.143e+03 4.739e+02 3.225e+01
s>        ( - 2.417e+02 1 0)
s>        ( QUESTION0_2_R 1 -6.911e+03 2.209e+02 3.125e+01
s>            ( - -4.983e+03 1 0)
s>            ( - -1.708e+03 1 0)))INFO: dtree.c(1439): stop. leaf nodes are specific
INFO: dtree.c(1478): Final simple tree
|( QUESTION2_12_L -1 -1.458e+04 1.780e+02 7.079e+01
|    ( - -1.706e+03 1 0)
|    ( QUESTION2_3_L -1 -1.269e+04 9.416e+01 6.179e+01
|        ( - -1.591e+03 1 0)
|        ( - -1.101e+04 1 0)))
s>    ( QUESTION2_12_L -1 -1.458e+04 1.780e+02 7.079e+01
s>        ( - -1.706e+03 1 0)
s>        ( QUESTION2_3_L -1 -1.269e+04 9.416e+01 6.179e+01
s>            ( - -1.591e+03 1 0)
s>            ( - -1.101e+04 1 0)))INFO: dtree.c(1315): Comp split 24
INFO: dtree.c(1439): stop. leaf nodes are specific
INFO: dtree.c(1478): Final simple tree
|( QUESTION0_2_R 1 -6.911e+03 2.209e+02 3.125e+01
|    ( - -4.983e+03 1 0)
|    ( - -1.708e+03 1 0))
s>    ( QUESTION0_2_R 1 -6.911e+03 2.209e+02 3.125e+01
s>        ( - -4.983e+03 1 0)
s>        ( - -1.708e+03 1 0))INFO: dtree.c(1315): Comp split 25
INFO: dtree.c(1315): Comp split 26
INFO: dtree.c(1439): stop. leaf nodes are specific
INFO: dtree.c(1478): Final simple tree
|( QUESTION4 -1 -5.513e+03 2.708e+02 2.404e+01
|    ( - -2.082e+03 1 0)
|    ( - -3.161e+03 1 0))
s>    ( QUESTION4 -1 -5.513e+03 2.708e+02 2.404e+01
s>        ( - -2.082e+03 1 0)
s>        ( - -3.161e+03 1 0))INFO: dtree.c(1315): Comp split 27
INFO: dtree.c(1439): stop. leaf nodes are specific
INFO: dtree.c(1478): Final simple tree
|( QUESTION6 1 -3.878e+03 2.004e+02 1.928e+01
|    ( - -5.011e+02 1 0)
|    ( QUESTION0 1 -3.177e+03 1.863e+02 1.628e+01
|        ( - -2.461e+03 1 0)
|        ( - -5.295e+02 1 0)))
s>    ( QUESTION6 1 -3.878e+03 2.004e+02 1.928e+01
s>        ( - -5.011e+02 1 0)
s>        ( QUESTION0 1 -3.177e+03 1.863e+02 1.628e+01
s>            ( - -2.461e+03 1 0)
s>            ( - -5.295e+02 1 0)))INFO: dtree.c(1439): stop. leaf nodes are specific
INFO: dtree.c(1478): Final simple tree
|( QUESTION0_1_R 1 -3.403e+04 2.798e+02 1.712e+02
|    ( - -3.018e+04 1 0)
|    ( - -3.568e+03 1 0))
s>    ( QUESTION0_1_R 1 -3.403e+04 2.798e+02 1.712e+02
s>        ( - -3.018e+04 1 0)
s>        ( - -3.568e+03 1 0))INFO: dtree.c(1315): Comp split 28
INFO: dtree.c(1439): stop. leaf nodes are specific
INFO: dtree.c(1478): Final simple tree
|( QUESTION0_0_R 1 -2.529e+04 2.678e+02 1.145e+02
|    ( SILENCE -1 -2.292e+04 9.900e+01 1.055e+02
|        ( - -7.645e+03 2 0)
|        ( - -1.518e+04 5 0))
|    ( - -2.102e+03 1 0))
s>    ( QUESTION0_0_R 1 -2.529e+04 2.678e+02 1.145e+02
s>        ( SILENCE -1 -2.292e+04 9.900e+01 1.055e+02
s>            ( - -7.645e+03 2 0)
s>            ( - -1.518e+04 5 0))
s>        ( - -2.102e+03 1 0))INFO: dtree.c(1315): Comp split 29
INFO: dtree.c(1439): stop. leaf nodes are specific
INFO: dtree.c(1478): Final simple tree
|( QUESTION0 -1 -7.228e+04 2.963e+02 3.354e+02
|    ( - -2.032e+04 2 0)
|    ( QUESTION4 -1 -5.166e+04 2.327e+02 2.370e+02
|        ( QUESTION2_0_L -1 -4.489e+04 1.388e+02 2.072e+02
|            ( - -1.423e+03 1 0)
|            ( - -4.333e+04 4 0))
|        ( - -6.532e+03 1 0)))
s>    ( QUESTION0 -1 -7.228e+04 2.963e+02 3.354e+02
s>        ( - -2.032e+04 2 0)
s>        ( QUESTION4 -1 -5.166e+04 2.327e+02 2.370e+02
s>            ( QUESTION2_0_L -1 -4.489e+04 1.388e+02 2.072e+02
s>                ( - -1.423e+03 1 0)
s>                ( - -4.333e+04 4 0))
s>            ( - -6.532e+03 1 0)))INFO: dtree.c(1315): Comp split 30
INFO: dtree.c(1439): stop. leaf nodes are specific
INFO: dtree.c(1478): Final simple tree
|( WDBNDRY_B 0 -4.252e+03 1.829e+02 1.900e+01
|    ( - -1.486e+03 1 0)
|    ( - -2.583e+03 1 0))
s>    ( WDBNDRY_B 0 -4.252e+03 1.829e+02 1.900e+01
s>        ( - -1.486e+03 1 0)
s>        ( - -2.583e+03 1 0))INFO: dtree.c(1315): Comp split 31
INFO: dtree.c(1439): stop. leaf nodes are specific
INFO: dtree.c(1478): Final simple tree
|( QUESTION4 -1 -5.166e+04 2.327e+02 2.370e+02
|    ( QUESTION2_0_L -1 -4.489e+04 1.388e+02 2.072e+02
|        ( - -1.423e+03 1 0)
|        ( - -4.333e+04 4 0))
|    ( - -6.532e+03 1 0))
s>    ( QUESTION4 -1 -5.166e+04 2.327e+02 2.370e+02
s>        ( QUESTION2_0_L -1 -4.489e+04 1.388e+02 2.072e+02
s>            ( - -1.423e+03 1 0)
s>            ( - -4.333e+04 4 0))
s>        ( - -6.532e+03 1 0))INFO: dtree.c(1315): Comp split 32
INFO: dtree.c(1439): stop. leaf nodes are specific
INFO: dtree.c(1478): Final simple tree
|( QUESTION11 1 -3.853e+04 2.006e+02 1.825e+02
|    ( - -6.659e+02 1 0)
|    ( QUESTION0_8_R 1 -3.767e+04 1.801e+02 1.785e+02
|        ( - -2.007e+04 3 0)
|        ( QUESTION0_7_R 1 -1.742e+04 1.561e+02 8.324e+01
|            ( - -1.407e+04 1 0)
|            ( QUESTION0_0_R 1 -3.194e+03 1.369e+02 1.419e+01
|                ( - -1.172e+03 1 0)
|                ( - -1.885e+03 1 0)))))
s>    ( QUESTION11 1 -3.853e+04 2.006e+02 1.825e+02
s>        ( - -6.659e+02 1 0)
s>        ( QUESTION0_8_R 1 -3.767e+04 1.801e+02 1.785e+02
s>            ( - -2.007e+04 3 0)
s>            ( QUESTION0_7_R 1 -1.742e+04 1.561e+02 8.324e+01
s>                ( - -1.407e+04 1 0)
s>                ( QUESTION0_0_R 1 -3.194e+03 1.369e+02 1.419e+01
s>                    ( - -1.172e+03 1 0)
s>                    ( - -1.885e+03 1 0)))))INFO: dtree.c(1315): Comp split 33
INFO: dtree.c(1315): Comp split 34
INFO: dtree.c(1315): Comp split 35
INFO: dtree.c(1315): Comp split 36
INFO: dtree.c(1439): stop. leaf nodes are specific
INFO: dtree.c(1478): Final simple tree
|( SILENCE -1 -2.292e+04 9.900e+01 1.055e+02
|    ( - -7.645e+03 2 0)
|    ( - -1.518e+04 5 0))
s>    ( SILENCE -1 -2.292e+04 9.900e+01 1.055e+02
s>        ( - -7.645e+03 2 0)
s>        ( - -1.518e+04 5 0))INFO: dtree.c(1315): Comp split 37
INFO: dtree.c(1439): stop. leaf nodes are specific
INFO: dtree.c(1478): Final simple tree
|( QUESTION0_5_R 1 -5.334e+03 1.570e+02 2.397e+01
|    ( - -5.512e+02 1 0)
|    ( QUESTION0_1_R 1 -4.626e+03 1.494e+02 2.097e+01
|        ( - -2.569e+03 1 0)
|        ( - -1.908e+03 1 0)))
s>    ( QUESTION0_5_R 1 -5.334e+03 1.570e+02 2.397e+01
s>        ( - -5.512e+02 1 0)
s>        ( QUESTION0_1_R 1 -4.626e+03 1.494e+02 2.097e+01
s>            ( - -2.569e+03 1 0)
s>            ( - -1.908e+03 1 0)))INFO: dtree.c(1439): stop. leaf nodes are specific
INFO: dtree.c(1478): Final simple tree
|( QUESTION0_1_R 1 -8.449e+03 1.988e+02 4.022e+01
|    ( - -3.156e+03 1 0)
|    ( WDBNDRY_E 0 -5.094e+03 1.277e+02 2.402e+01
|        ( - -8.107e+02 1 0)
|        ( - -4.156e+03 1 0)))
s>    ( QUESTION0_1_R 1 -8.449e+03 1.988e+02 4.022e+01
s>        ( - -3.156e+03 1 0)
s>        ( WDBNDRY_E 0 -5.094e+03 1.277e+02 2.402e+01
s>            ( - -8.107e+02 1 0)
s>            ( - -4.156e+03 1 0)))INFO: dtree.c(1315): Comp split 38
INFO: dtree.c(1439): stop. leaf nodes are specific
INFO: dtree.c(1478): Final simple tree
|( SILENCE 1 -9.031e+03 2.432e+02 4.341e+01
|    ( - -8.555e+03 1 0)
|    ( - -2.335e+02 1 0))
s>    ( SILENCE 1 -9.031e+03 2.432e+02 4.341e+01
s>        ( - -8.555e+03 1 0)
s>        ( - -2.335e+02 1 0))INFO: dtree.c(1315): Comp split 39
INFO: dtree.c(1315): Comp split 40
INFO: dtree.c(1439): stop. leaf nodes are specific
INFO: dtree.c(1478): Final simple tree
|( WDBNDRY_B 0 -7.260e+04 2.075e+02 3.167e+02
|    ( - -2.307e+02 1 0)
|    ( - -7.216e+04 2 0))
s>    ( WDBNDRY_B 0 -7.260e+04 2.075e+02 3.167e+02
s>        ( - -2.307e+02 1 0)
s>        ( - -7.216e+04 2 0))INFO: dtree.c(1315): Comp split 41
INFO: dtree.c(1439): stop. leaf nodes are specific
INFO: dtree.c(1478): Final simple tree
|( QUESTION2_0_L -1 -4.489e+04 1.388e+02 2.072e+02
|    ( - -1.423e+03 1 0)
|    ( - -4.333e+04 4 0))
s>    ( QUESTION2_0_L -1 -4.489e+04 1.388e+02 2.072e+02
s>        ( - -1.423e+03 1 0)
s>        ( - -4.333e+04 4 0))INFO: dtree.c(1315): Comp split 42
INFO: dtree.c(1439): stop. leaf nodes are specific
INFO: dtree.c(1478): Final simple tree
|( WDBNDRY_B 0 -2.870e+03 1.829e+02 1.300e+01
|    ( - -2.794e+02 1 0)
|    ( - -2.408e+03 1 0))
s>    ( WDBNDRY_B 0 -2.870e+03 1.829e+02 1.300e+01
s>        ( - -2.794e+02 1 0)
s>        ( - -2.408e+03 1 0))INFO: dtree.c(1315): Comp split 43
INFO: dtree.c(1315): Comp split 44
INFO: dtree.c(1315): Comp split 45
INFO: dtree.c(1439): stop. leaf nodes are specific
INFO: dtree.c(1478): Final simple tree
|( QUESTION13 -1 -6.685e+03 1.144e+02 2.999e+01
|    ( - -1.224e+03 1 0)
|    ( QUESTION19 -1 -5.347e+03 1.287e+02 2.399e+01
|        ( - -2.314e+03 1 0)
|        ( - -2.904e+03 1 0)))
s>    ( QUESTION13 -1 -6.685e+03 1.144e+02 2.999e+01
s>        ( - -1.224e+03 1 0)
s>        ( QUESTION19 -1 -5.347e+03 1.287e+02 2.399e+01
s>            ( - -2.314e+03 1 0)
s>            ( - -2.904e+03 1 0)))INFO: dtree.c(1315): Comp split 46
INFO: dtree.c(1315): Comp split 47
INFO: dtree.c(1439): stop. leaf nodes are specific
INFO: dtree.c(1478): Final simple tree
|( QUESTION0_1_R 1 -2.813e+03 1.869e+02 1.300e+01
|    ( - -1.004e+03 1 0)
|    ( QUESTION0_10_R 1 -1.622e+03 1.209e+02 8.000e+00
|        ( - -1.153e+03 1 0)
|        ( - -3.476e+02 1 0)))
s>    ( QUESTION0_1_R 1 -2.813e+03 1.869e+02 1.300e+01
s>        ( - -1.004e+03 1 0)
s>        ( QUESTION0_10_R 1 -1.622e+03 1.209e+02 8.000e+00
s>            ( - -1.153e+03 1 0)
s>            ( - -3.476e+02 1 0)))INFO: dtree.c(1315): Comp split 48
INFO: dtree.c(1439): stop. leaf nodes are specific
INFO: dtree.c(1478): Final simple tree
|( QUESTION0_8_R 1 -3.767e+04 1.801e+02 1.785e+02
|    ( - -2.007e+04 3 0)
|    ( QUESTION0_7_R 1 -1.742e+04 1.561e+02 8.324e+01
|        ( - -1.407e+04 1 0)
|        ( QUESTION0_0_R 1 -3.194e+03 1.369e+02 1.419e+01
|            ( - -1.172e+03 1 0)
|            ( - -1.885e+03 1 0))))
s>    ( QUESTION0_8_R 1 -3.767e+04 1.801e+02 1.785e+02
s>        ( - -2.007e+04 3 0)
s>        ( QUESTION0_7_R 1 -1.742e+04 1.561e+02 8.324e+01
s>            ( - -1.407e+04 1 0)
s>            ( QUESTION0_0_R 1 -3.194e+03 1.369e+02 1.419e+01
s>                ( - -1.172e+03 1 0)
s>                ( - -1.885e+03 1 0))))INFO: dtree.c(1315): Comp split 49
INFO: dtree.c(1439): stop. leaf nodes are specific
INFO: dtree.c(1478): Final simple tree
|( QUESTION0 1 -3.177e+03 1.863e+02 1.628e+01
|    ( - -2.461e+03 1 0)
|    ( - -5.295e+02 1 0))
s>    ( QUESTION0 1 -3.177e+03 1.863e+02 1.628e+01
s>        ( - -2.461e+03 1 0)
s>        ( - -5.295e+02 1 0))INFO: dtree.c(1315): Comp split 50
INFO: dtree.c(1439): stop. leaf nodes are specific
INFO: dtree.c(1478): Final simple tree
|( WDBNDRY_E 0 -5.094e+03 1.277e+02 2.402e+01
|    ( - -8.107e+02 1 0)
|    ( - -4.156e+03 1 0))
s>    ( WDBNDRY_E 0 -5.094e+03 1.277e+02 2.402e+01
s>        ( - -8.107e+02 1 0)
s>        ( - -4.156e+03 1 0))INFO: dtree.c(1315): Comp split 51
INFO: dtree.c(1439): stop. leaf nodes are specific
INFO: dtree.c(1478): Final simple tree
|( QUESTION0_10_R 1 -1.622e+03 1.209e+02 8.000e+00
|    ( - -1.153e+03 1 0)
|    ( - -3.476e+02 1 0))
s>    ( QUESTION0_10_R 1 -1.622e+03 1.209e+02 8.000e+00
s>        ( - -1.153e+03 1 0)
s>        ( - -3.476e+02 1 0))INFO: dtree.c(1315): Comp split 52
INFO: dtree.c(1315): Comp split 53
INFO: dtree.c(1315): Comp split 54
INFO: dtree.c(1315): Comp split 55
INFO: dtree.c(1439): stop. leaf nodes are specific
INFO: dtree.c(1478): Final simple tree
|( QUESTION0_7_R 1 -1.742e+04 1.561e+02 8.324e+01
|    ( - -1.407e+04 1 0)
|    ( QUESTION0_0_R 1 -3.194e+03 1.369e+02 1.419e+01
|        ( - -1.172e+03 1 0)
|        ( - -1.885e+03 1 0)))
s>    ( QUESTION0_7_R 1 -1.742e+04 1.561e+02 8.324e+01
s>        ( - -1.407e+04 1 0)
s>        ( QUESTION0_0_R 1 -3.194e+03 1.369e+02 1.419e+01
s>            ( - -1.172e+03 1 0)
s>            ( - -1.885e+03 1 0)))INFO: dtree.c(1315): Comp split 56
INFO: dtree.c(1439): stop. leaf nodes are specific
INFO: dtree.c(1478): Final simple tree
|( QUESTION2_3_L -1 -1.269e+04 9.416e+01 6.179e+01
|    ( - -1.591e+03 1 0)
|    ( - -1.101e+04 1 0))
s>    ( QUESTION2_3_L -1 -1.269e+04 9.416e+01 6.179e+01
s>        ( - -1.591e+03 1 0)
s>        ( - -1.101e+04 1 0))INFO: dtree.c(1315): Comp split 57
INFO: dtree.c(1439): stop. leaf nodes are specific
INFO: dtree.c(1478): Final simple tree
|( QUESTION0_1_R 1 -4.626e+03 1.494e+02 2.097e+01
|    ( - -2.569e+03 1 0)
|    ( - -1.908e+03 1 0))
s>    ( QUESTION0_1_R 1 -4.626e+03 1.494e+02 2.097e+01
s>        ( - -2.569e+03 1 0)
s>        ( - -1.908e+03 1 0))INFO: dtree.c(1315): Comp split 58
INFO: dtree.c(1439): stop. leaf nodes are specific
INFO: dtree.c(1478): Final simple tree
|( QUESTION0_0_R 1 -3.194e+03 1.369e+02 1.419e+01
|    ( - -1.172e+03 1 0)
|    ( - -1.885e+03 1 0))
s>    ( QUESTION0_0_R 1 -3.194e+03 1.369e+02 1.419e+01
s>        ( - -1.172e+03 1 0)
s>        ( - -1.885e+03 1 0))INFO: dtree.c(1315): Comp split 59
INFO: dtree.c(1315): Comp split 60
INFO: dtree.c(1315): Comp split 61
INFO: dtree.c(1315): Comp split 62
INFO: dtree.c(1315): Comp split 63
INFO: dtree.c(1439): stop. leaf nodes are specific
INFO: dtree.c(1478): Final simple tree
|( QUESTION13 -1 -3.656e+03 1.179e+02 1.700e+01
|    ( - -1.224e+03 1 0)
|    ( - -2.314e+03 1 0))
s>    ( QUESTION13 -1 -3.656e+03 1.179e+02 1.700e+01
s>        ( - -1.224e+03 1 0)
s>        ( - -2.314e+03 1 0))INFO: dtree.c(1315): Comp split 64
INFO: dtree.c(1315): Comp split 65
INFO: dtree.c(1315): Comp split 66
INFO: dtree.c(1315): Comp split 67
INFO: dtree.c(1315): Comp split 68
INFO: dtree.c(1318): stop. leaf nodes are specific
Mon Jan 30 07:35:47 2017
