Current configuration:
[NAME]		[DEFLT]	[VALUE]
-allphones	no	no
-cntthresh	0.00001	1.000000e-05
-csplitmax	100	2000
-csplitmin	1	1
-csplitthr	8e-4	0.000000e+00
-example	no	no
-fullvar	no	no
-help		no	no
-meanfn			/Users/benroye/forge/cmusphinx/voiceVim/model_parameters/voiceVim.cd_cont_untied/means
-mixwfn			/Users/benroye/forge/cmusphinx/voiceVim/model_parameters/voiceVim.cd_cont_untied/mixture_weights
-moddeffn		/Users/benroye/forge/cmusphinx/voiceVim/model_architecture/voiceVim.untied.mdef
-mwfloor	1e-4	1.000000e-08
-phone			w
-psetfn			/Users/benroye/forge/cmusphinx/voiceVim/model_architecture/voiceVim.tree_questions
-ssplitmax	5	7
-ssplitmin	1	1
-ssplitthr	8e-4	0.000000e+00
-state			0
-stwt			1.0,0.05,0.0,
-treefn			/Users/benroye/forge/cmusphinx/voiceVim/trees/voiceVim.unpruned/w-0.dtree
-ts2cbfn	.semi.	.cont.
-varfloor	0.00001	1.000000e-05
-varfn			/Users/benroye/forge/cmusphinx/voiceVim/model_parameters/voiceVim.cd_cont_untied/variances

INFO: main.c(223): Reading: /Users/benroye/forge/cmusphinx/voiceVim/model_architecture/voiceVim.untied.mdef
INFO: model_def_io.c(573): Model definition info:
INFO: model_def_io.c(574): 2249 total models defined (39 base, 2210 tri)
INFO: model_def_io.c(575): 8996 total states
INFO: model_def_io.c(576): 6747 total tied states
INFO: model_def_io.c(577): 117 total tied CI states
INFO: model_def_io.c(578): 39 total tied transition matrices
INFO: model_def_io.c(579): 4 max state/model
INFO: model_def_io.c(580): 4 min state/model
INFO: main.c(242): Building trees for [w SIL ay b] through [w zh uh i]
INFO: main.c(269): Covering states |[6429 6572]| == 144
INFO: main.c(275): Reading: /Users/benroye/forge/cmusphinx/voiceVim/model_parameters/voiceVim.cd_cont_untied/mixture_weights
INFO: s3mixw_io.c(173): Read /Users/benroye/forge/cmusphinx/voiceVim/model_parameters/voiceVim.cd_cont_untied/mixture_weights [144x1x1 array]
INFO: main.c(311): 48 of 48 models have observation count greater than 0.000010
INFO: main.c(95): nrm stwt: 0.952 0.048 0.000 
INFO: s3gau_io.c(169): Read /Users/benroye/forge/cmusphinx/voiceVim/model_parameters/voiceVim.cd_cont_untied/means [6747x1x1 array]
INFO: s3gau_io.c(169): Read /Users/benroye/forge/cmusphinx/voiceVim/model_parameters/voiceVim.cd_cont_untied/variances [6747x1x1 array]
INFO: main.c(549): Reading: /Users/benroye/forge/cmusphinx/voiceVim/model_architecture/voiceVim.tree_questions
INFO: main.c(588): 174 total simple questions (166 phone; 8 word bndry)
INFO: main.c(590): 40 Left Only questions, and 42 Right Only questions
INFO: dtree.c(1478): Final simple tree
|( QUESTION19 -1 -2.021e+05 1.823e+03 9.082e+02
|    ( - -4.147e+04 9 0 WDBNDRY_B 0 3.286e+02 1.834e+02)
|    ( WDBNDRY_B 0 -1.588e+05 1.278e+03 7.248e+02
|        ( QUESTION4 1 -1.346e+05 6.771e+02 6.175e+02
|            ( QUESTION0_0_R 1 -8.587e+04 4.601e+02 3.919e+02
|                ( - -4.380e+04 13 0 QUESTION2_2_L -1 3.766e+02 1.993e+02)
|                ( - -4.161e+04 11 0 QUESTION1 -1 2.359e+02 1.926e+02))
|            ( QUESTION4 -1 -4.807e+04 4.313e+02 2.256e+02
|                ( - -1.569e+04 4 0 QUESTION2_0_L -1 1.863e+02 7.634e+01)
|                ( - -3.195e+04 8 0 QUESTION1 -1 2.007e+02 1.493e+02)))
|        ( QUESTION0_0_R 1 -2.292e+04 5.185e+02 1.073e+02
|            ( QUESTION0_8_R 1 -1.513e+04 3.868e+02 7.304e+01
|                ( - -8.230e+03 1 0)
|                ( - -6.516e+03 1 0))
|            ( - -7.266e+03 1 0))))
s>    ( QUESTION19 -1 -2.021e+05 1.823e+03 9.082e+02
s>        ( - -4.147e+04 9 0 WDBNDRY_B 0 3.286e+02 1.834e+02)
s>        ( WDBNDRY_B 0 -1.588e+05 1.278e+03 7.248e+02
s>            ( QUESTION4 1 -1.346e+05 6.771e+02 6.175e+02
s>                ( QUESTION0_0_R 1 -8.587e+04 4.601e+02 3.919e+02
s>                    ( - -4.380e+04 13 0 QUESTION2_2_L -1 3.766e+02 1.993e+02)
s>                    ( - -4.161e+04 11 0 QUESTION1 -1 2.359e+02 1.926e+02))
s>                ( QUESTION4 -1 -4.807e+04 4.313e+02 2.256e+02
s>                    ( - -1.569e+04 4 0 QUESTION2_0_L -1 1.863e+02 7.634e+01)
s>                    ( - -3.195e+04 8 0 QUESTION1 -1 2.007e+02 1.493e+02)))
s>            ( QUESTION0_0_R 1 -2.292e+04 5.185e+02 1.073e+02
s>                ( QUESTION0_8_R 1 -1.513e+04 3.868e+02 7.304e+01
s>                    ( - -8.230e+03 1 0)
s>                    ( - -6.516e+03 1 0))
s>                ( - -7.266e+03 1 0))))INFO: dtree.c(1315): Comp split 0
INFO: dtree.c(1478): Final simple tree
|( WDBNDRY_B 0 -1.588e+05 1.278e+03 7.248e+02
|    ( QUESTION4 1 -1.346e+05 6.771e+02 6.175e+02
|        ( QUESTION0_0_R 1 -8.587e+04 4.601e+02 3.919e+02
|            ( QUESTION2_2_L -1 -4.380e+04 3.766e+02 1.993e+02
|                ( - -4.364e+03 2 0)
|                ( - -3.906e+04 11 0 QUESTION0 -1 3.720e+02 1.773e+02))
|            ( - -4.161e+04 11 0 QUESTION1 -1 2.359e+02 1.926e+02))
|        ( QUESTION4 -1 -4.807e+04 4.313e+02 2.256e+02
|            ( - -1.569e+04 4 0 QUESTION2_0_L -1 1.863e+02 7.634e+01)
|            ( - -3.195e+04 8 0 QUESTION1 -1 2.007e+02 1.493e+02)))
|    ( QUESTION0_0_R 1 -2.292e+04 5.185e+02 1.073e+02
|        ( QUESTION0_8_R 1 -1.513e+04 3.868e+02 7.304e+01
|            ( - -8.230e+03 1 0)
|            ( - -6.516e+03 1 0))
|        ( - -7.266e+03 1 0)))
s>    ( WDBNDRY_B 0 -1.588e+05 1.278e+03 7.248e+02
s>        ( QUESTION4 1 -1.346e+05 6.771e+02 6.175e+02
s>            ( QUESTION0_0_R 1 -8.587e+04 4.601e+02 3.919e+02
s>                ( QUESTION2_2_L -1 -4.380e+04 3.766e+02 1.993e+02
s>                    ( - -4.364e+03 2 0)
s>                    ( - -3.906e+04 11 0 QUESTION0 -1 3.720e+02 1.773e+02))
s>                ( - -4.161e+04 11 0 QUESTION1 -1 2.359e+02 1.926e+02))
s>            ( QUESTION4 -1 -4.807e+04 4.313e+02 2.256e+02
s>                ( - -1.569e+04 4 0 QUESTION2_0_L -1 1.863e+02 7.634e+01)
s>                ( - -3.195e+04 8 0 QUESTION1 -1 2.007e+02 1.493e+02)))
s>        ( QUESTION0_0_R 1 -2.292e+04 5.185e+02 1.073e+02
s>            ( QUESTION0_8_R 1 -1.513e+04 3.868e+02 7.304e+01
s>                ( - -8.230e+03 1 0)
s>                ( - -6.516e+03 1 0))
s>            ( - -7.266e+03 1 0)))INFO: dtree.c(1439): stop. leaf nodes are specific
INFO: dtree.c(1478): Final simple tree
|( WDBNDRY_B 0 -4.147e+04 3.286e+02 1.834e+02
|    ( QUESTION4 1 -4.536e+03 1.225e+02 2.200e+01
|        ( QUESTION2_1_L -1 -3.399e+03 1.292e+02 1.700e+01
|            ( QUESTION0_0_R 1 -2.581e+03 1.259e+02 1.300e+01
|                ( - -7.135e+02 1 0)
|                ( - -1.742e+03 1 0))
|            ( - -6.884e+02 1 0))
|        ( - -1.015e+03 1 0))
|    ( QUESTION0_0_R 1 -3.660e+04 3.845e+02 1.614e+02
|        ( QUESTION4 1 -1.036e+04 2.309e+02 4.565e+01
|            ( - -4.842e+03 2 0)
|            ( - -5.286e+03 1 0))
|        ( - -2.586e+04 2 0)))
s>    ( WDBNDRY_B 0 -4.147e+04 3.286e+02 1.834e+02
s>        ( QUESTION4 1 -4.536e+03 1.225e+02 2.200e+01
s>            ( QUESTION2_1_L -1 -3.399e+03 1.292e+02 1.700e+01
s>                ( QUESTION0_0_R 1 -2.581e+03 1.259e+02 1.300e+01
s>                    ( - -7.135e+02 1 0)
s>                    ( - -1.742e+03 1 0))
s>                ( - -6.884e+02 1 0))
s>            ( - -1.015e+03 1 0))
s>        ( QUESTION0_0_R 1 -3.660e+04 3.845e+02 1.614e+02
s>            ( QUESTION4 1 -1.036e+04 2.309e+02 4.565e+01
s>                ( - -4.842e+03 2 0)
s>                ( - -5.286e+03 1 0))
s>            ( - -2.586e+04 2 0)))INFO: dtree.c(1315): Comp split 1
INFO: dtree.c(1439): stop. leaf nodes are specific
INFO: dtree.c(1478): Final simple tree
|( QUESTION0_0_R 1 -2.757e+04 5.338e+02 1.293e+02
|    ( QUESTION4 -1 -1.977e+04 3.799e+02 9.504e+01
|        ( WDBNDRY_B 0 -1.116e+04 2.799e+02 5.408e+01
|            ( - -4.364e+03 2 0)
|            ( - -6.516e+03 1 0))
|        ( - -8.230e+03 1 0))
|    ( - -7.266e+03 1 0))
s>    ( QUESTION0_0_R 1 -2.757e+04 5.338e+02 1.293e+02
s>        ( QUESTION4 -1 -1.977e+04 3.799e+02 9.504e+01
s>            ( WDBNDRY_B 0 -1.116e+04 2.799e+02 5.408e+01
s>                ( - -4.364e+03 2 0)
s>                ( - -6.516e+03 1 0))
s>            ( - -8.230e+03 1 0))
s>        ( - -7.266e+03 1 0))INFO: dtree.c(1478): Final simple tree
|( QUESTION4 1 -1.299e+05 7.152e+02 5.955e+02
|    ( QUESTION0_0_R 1 -8.116e+04 4.859e+02 3.699e+02
|        ( QUESTION0 -1 -3.906e+04 3.720e+02 1.773e+02
|            ( - -1.746e+04 4 0)
|            ( QUESTION5 -1 -2.123e+04 2.784e+02 9.527e+01
|                ( - -8.991e+03 2 0 QUESTION6 -1 1.430e+02 3.972e+01)
|                ( - -1.196e+04 5 0 SILENCE -1 1.803e+02 5.555e+01)))
|        ( QUESTION1 -1 -4.161e+04 2.359e+02 1.926e+02
|            ( - -1.387e+04 1 0)
|            ( - -2.750e+04 10 0 SILENCE -1 1.927e+02 1.272e+02)))
|    ( QUESTION4 -1 -4.807e+04 4.313e+02 2.256e+02
|        ( - -1.569e+04 4 0 QUESTION2_0_L -1 1.863e+02 7.634e+01)
|        ( QUESTION1 -1 -3.195e+04 2.007e+02 1.493e+02
|            ( - -1.106e+04 1 0)
|            ( - -2.068e+04 7 0 SILENCE -1 1.513e+02 9.612e+01))))
s>    ( QUESTION4 1 -1.299e+05 7.152e+02 5.955e+02
s>        ( QUESTION0_0_R 1 -8.116e+04 4.859e+02 3.699e+02
s>            ( QUESTION0 -1 -3.906e+04 3.720e+02 1.773e+02
s>                ( - -1.746e+04 4 0)
s>                ( QUESTION5 -1 -2.123e+04 2.784e+02 9.527e+01
s>                    ( - -8.991e+03 2 0 QUESTION6 -1 1.430e+02 3.972e+01)
s>                    ( - -1.196e+04 5 0 SILENCE -1 1.803e+02 5.555e+01)))
s>            ( QUESTION1 -1 -4.161e+04 2.359e+02 1.926e+02
s>                ( - -1.387e+04 1 0)
s>                ( - -2.750e+04 10 0 SILENCE -1 1.927e+02 1.272e+02)))
s>        ( QUESTION4 -1 -4.807e+04 4.313e+02 2.256e+02
s>            ( - -1.569e+04 4 0 QUESTION2_0_L -1 1.863e+02 7.634e+01)
s>            ( QUESTION1 -1 -3.195e+04 2.007e+02 1.493e+02
s>                ( - -1.106e+04 1 0)
s>                ( - -2.068e+04 7 0 SILENCE -1 1.513e+02 9.612e+01))))INFO: dtree.c(1315): Comp split 2
INFO: dtree.c(1478): Final simple tree
|( QUESTION0_0_R 1 -8.801e+04 4.121e+02 4.007e+02
|    ( QUESTION4 1 -6.009e+04 3.411e+02 2.734e+02
|        ( QUESTION0 -1 -3.906e+04 3.720e+02 1.773e+02
|            ( - -1.746e+04 4 0)
|            ( QUESTION5 -1 -2.123e+04 2.784e+02 9.527e+01
|                ( - -8.991e+03 2 0 QUESTION6 -1 1.430e+02 3.972e+01)
|                ( SILENCE -1 -1.196e+04 1.803e+02 5.555e+01
|                    ( - -9.422e+03 3 0)
|                    ( - -2.358e+03 2 0))))
|        ( - -2.068e+04 7 0 SILENCE -1 1.513e+02 9.612e+01))
|    ( SILENCE -1 -2.750e+04 1.927e+02 1.272e+02
|        ( - -4.886e+03 2 0)
|        ( QUESTION2_0_L -1 -2.243e+04 1.756e+02 1.056e+02
|            ( - -1.583e+04 6 0 QUESTION4 -1 1.317e+02 7.460e+01)
|            ( - -6.417e+03 2 0))))
s>    ( QUESTION0_0_R 1 -8.801e+04 4.121e+02 4.007e+02
s>        ( QUESTION4 1 -6.009e+04 3.411e+02 2.734e+02
s>            ( QUESTION0 -1 -3.906e+04 3.720e+02 1.773e+02
s>                ( - -1.746e+04 4 0)
s>                ( QUESTION5 -1 -2.123e+04 2.784e+02 9.527e+01
s>                    ( - -8.991e+03 2 0 QUESTION6 -1 1.430e+02 3.972e+01)
s>                    ( SILENCE -1 -1.196e+04 1.803e+02 5.555e+01
s>                        ( - -9.422e+03 3 0)
s>                        ( - -2.358e+03 2 0))))
s>            ( - -2.068e+04 7 0 SILENCE -1 1.513e+02 9.612e+01))
s>        ( SILENCE -1 -2.750e+04 1.927e+02 1.272e+02
s>            ( - -4.886e+03 2 0)
s>            ( QUESTION2_0_L -1 -2.243e+04 1.756e+02 1.056e+02
s>                ( - -1.583e+04 6 0 QUESTION4 -1 1.317e+02 7.460e+01)
s>                ( - -6.417e+03 2 0))))INFO: dtree.c(1439): stop. leaf nodes are specific
INFO: dtree.c(1478): Final simple tree
|( QUESTION2_2_L -1 -4.111e+04 2.699e+02 1.948e+02
|    ( - -1.156e+04 1 0)
|    ( QUESTION0_0_R 1 -2.927e+04 2.285e+02 1.375e+02
|        ( QUESTION0 -1 -1.518e+04 1.734e+02 7.216e+01
|            ( - -1.106e+04 1 0)
|            ( - -3.940e+03 3 0))
|        ( - -1.387e+04 1 0)))
s>    ( QUESTION2_2_L -1 -4.111e+04 2.699e+02 1.948e+02
s>        ( - -1.156e+04 1 0)
s>        ( QUESTION0_0_R 1 -2.927e+04 2.285e+02 1.375e+02
s>            ( QUESTION0 -1 -1.518e+04 1.734e+02 7.216e+01
s>                ( - -1.106e+04 1 0)
s>                ( - -3.940e+03 3 0))
s>            ( - -1.387e+04 1 0)))INFO: dtree.c(1315): Comp split 3
INFO: dtree.c(1439): stop. leaf nodes are specific
INFO: dtree.c(1478): Final simple tree
|( QUESTION4 -1 -1.977e+04 3.799e+02 9.504e+01
|    ( WDBNDRY_B 0 -1.116e+04 2.799e+02 5.408e+01
|        ( - -4.364e+03 2 0)
|        ( - -6.516e+03 1 0))
|    ( - -8.230e+03 1 0))
s>    ( QUESTION4 -1 -1.977e+04 3.799e+02 9.504e+01
s>        ( WDBNDRY_B 0 -1.116e+04 2.799e+02 5.408e+01
s>            ( - -4.364e+03 2 0)
s>            ( - -6.516e+03 1 0))
s>        ( - -8.230e+03 1 0))INFO: dtree.c(1315): Comp split 4
INFO: dtree.c(1439): stop. leaf nodes are specific
INFO: dtree.c(1478): Final simple tree
|( QUESTION0_0_R 1 -4.276e+04 3.540e+02 1.996e+02
|    ( QUESTION0 -1 -1.999e+04 1.657e+02 9.404e+01
|        ( - -1.746e+04 4 0)
|        ( - -2.358e+03 2 0))
|    ( QUESTION2_0_L -1 -2.243e+04 1.756e+02 1.056e+02
|        ( QUESTION4 -1 -1.583e+04 1.317e+02 7.460e+01
|            ( - -2.187e+03 1 0)
|            ( QUESTION0 -1 -1.351e+04 1.038e+02 6.360e+01
|                ( - -1.177e+04 4 0)
|                ( - -1.641e+03 1 0)))
|        ( - -6.417e+03 2 0)))
s>    ( QUESTION0_0_R 1 -4.276e+04 3.540e+02 1.996e+02
s>        ( QUESTION0 -1 -1.999e+04 1.657e+02 9.404e+01
s>            ( - -1.746e+04 4 0)
s>            ( - -2.358e+03 2 0))
s>        ( QUESTION2_0_L -1 -2.243e+04 1.756e+02 1.056e+02
s>            ( QUESTION4 -1 -1.583e+04 1.317e+02 7.460e+01
s>                ( - -2.187e+03 1 0)
s>                ( QUESTION0 -1 -1.351e+04 1.038e+02 6.360e+01
s>                    ( - -1.177e+04 4 0)
s>                    ( - -1.641e+03 1 0)))
s>            ( - -6.417e+03 2 0)))INFO: dtree.c(1478): Final simple tree
|( QUESTION4 1 -4.475e+04 3.326e+02 2.010e+02
|    ( SILENCE -1 -2.374e+04 2.541e+02 1.049e+02
|        ( QUESTION0_0_R 1 -1.449e+04 1.834e+02 6.519e+01
|            ( - -9.422e+03 3 0)
|            ( - -4.886e+03 2 0))
|        ( QUESTION6 -1 -8.991e+03 1.430e+02 3.972e+01
|            ( - -5.982e+02 1 0)
|            ( - -8.249e+03 1 0)))
|    ( SILENCE -1 -2.068e+04 1.513e+02 9.612e+01
|        ( - -1.699e+03 1 0)
|        ( QUESTION6 -1 -1.883e+04 1.321e+02 8.712e+01
|            ( - -1.065e+03 1 0)
|            ( QUESTION13 -1 -1.764e+04 1.223e+02 8.212e+01
|                ( - -7.825e+02 1 0)
|                ( - -1.673e+04 4 0 QUESTION0 -1 9.155e+01 7.812e+01)))))
s>    ( QUESTION4 1 -4.475e+04 3.326e+02 2.010e+02
s>        ( SILENCE -1 -2.374e+04 2.541e+02 1.049e+02
s>            ( QUESTION0_0_R 1 -1.449e+04 1.834e+02 6.519e+01
s>                ( - -9.422e+03 3 0)
s>                ( - -4.886e+03 2 0))
s>            ( QUESTION6 -1 -8.991e+03 1.430e+02 3.972e+01
s>                ( - -5.982e+02 1 0)
s>                ( - -8.249e+03 1 0)))
s>        ( SILENCE -1 -2.068e+04 1.513e+02 9.612e+01
s>            ( - -1.699e+03 1 0)
s>            ( QUESTION6 -1 -1.883e+04 1.321e+02 8.712e+01
s>                ( - -1.065e+03 1 0)
s>                ( QUESTION13 -1 -1.764e+04 1.223e+02 8.212e+01
s>                    ( - -7.825e+02 1 0)
s>                    ( - -1.673e+04 4 0 QUESTION0 -1 9.155e+01 7.812e+01)))))INFO: dtree.c(1315): Comp split 5
INFO: dtree.c(1439): stop. leaf nodes are specific
INFO: dtree.c(1478): Final simple tree
|( QUESTION4 1 -2.818e+04 1.862e+02 1.307e+02
|    ( - -9.422e+03 3 0)
|    ( SILENCE -1 -1.857e+04 1.416e+02 8.712e+01
|        ( - -1.699e+03 1 0)
|        ( QUESTION0 -1 -1.673e+04 9.155e+01 7.812e+01
|            ( - -1.186e+04 3 0)
|            ( - -4.781e+03 1 0))))
s>    ( QUESTION4 1 -2.818e+04 1.862e+02 1.307e+02
s>        ( - -9.422e+03 3 0)
s>        ( SILENCE -1 -1.857e+04 1.416e+02 8.712e+01
s>            ( - -1.699e+03 1 0)
s>            ( QUESTION0 -1 -1.673e+04 9.155e+01 7.812e+01
s>                ( - -1.186e+04 3 0)
s>                ( - -4.781e+03 1 0))))INFO: dtree.c(1439): stop. leaf nodes are specific
INFO: dtree.c(1478): Final simple tree
|( SILENCE -1 -1.615e+04 1.823e+02 7.035e+01
|    ( - -4.886e+03 2 0)
|    ( QUESTION7 -1 -1.108e+04 1.464e+02 4.872e+01
|        ( - -5.982e+02 1 0)
|        ( QUESTION13 -1 -1.033e+04 1.198e+02 4.572e+01
|            ( - -7.825e+02 1 0)
|            ( QUESTION4 1 -9.432e+03 1.176e+02 4.172e+01
|                ( - -8.249e+03 1 0)
|                ( - -1.065e+03 1 0)))))
s>    ( SILENCE -1 -1.615e+04 1.823e+02 7.035e+01
s>        ( - -4.886e+03 2 0)
s>        ( QUESTION7 -1 -1.108e+04 1.464e+02 4.872e+01
s>            ( - -5.982e+02 1 0)
s>            ( QUESTION13 -1 -1.033e+04 1.198e+02 4.572e+01
s>                ( - -7.825e+02 1 0)
s>                ( QUESTION4 1 -9.432e+03 1.176e+02 4.172e+01
s>                    ( - -8.249e+03 1 0)
s>                    ( - -1.065e+03 1 0)))))INFO: dtree.c(1315): Comp split 6
INFO: dtree.c(1439): stop. leaf nodes are specific
INFO: dtree.c(1478): Final simple tree
|( QUESTION4 1 -1.036e+04 2.309e+02 4.565e+01
|    ( - -4.842e+03 2 0)
|    ( - -5.286e+03 1 0))
s>    ( QUESTION4 1 -1.036e+04 2.309e+02 4.565e+01
s>        ( - -4.842e+03 2 0)
s>        ( - -5.286e+03 1 0))INFO: dtree.c(1439): stop. leaf nodes are specific
INFO: dtree.c(1478): Final simple tree
|( WDBNDRY_B 0 -3.072e+04 3.275e+02 1.377e+02
|    ( QUESTION4 1 -4.536e+03 1.225e+02 2.200e+01
|        ( QUESTION2_1_L -1 -3.399e+03 1.292e+02 1.700e+01
|            ( QUESTION0_0_R 1 -2.581e+03 1.259e+02 1.300e+01
|                ( - -7.135e+02 1 0)
|                ( - -1.742e+03 1 0))
|            ( - -6.884e+02 1 0))
|        ( - -1.015e+03 1 0))
|    ( - -2.586e+04 2 0))
s>    ( WDBNDRY_B 0 -3.072e+04 3.275e+02 1.377e+02
s>        ( QUESTION4 1 -4.536e+03 1.225e+02 2.200e+01
s>            ( QUESTION2_1_L -1 -3.399e+03 1.292e+02 1.700e+01
s>                ( QUESTION0_0_R 1 -2.581e+03 1.259e+02 1.300e+01
s>                    ( - -7.135e+02 1 0)
s>                    ( - -1.742e+03 1 0))
s>                ( - -6.884e+02 1 0))
s>            ( - -1.015e+03 1 0))
s>        ( - -2.586e+04 2 0))INFO: dtree.c(1315): Comp split 7
INFO: dtree.c(1439): stop. leaf nodes are specific
INFO: dtree.c(1478): Final simple tree
|( WDBNDRY_B 0 -1.116e+04 2.799e+02 5.408e+01
|    ( - -4.364e+03 2 0)
|    ( - -6.516e+03 1 0))
s>    ( WDBNDRY_B 0 -1.116e+04 2.799e+02 5.408e+01
s>        ( - -4.364e+03 2 0)
s>        ( - -6.516e+03 1 0))INFO: dtree.c(1315): Comp split 8
INFO: dtree.c(1439): stop. leaf nodes are specific
INFO: dtree.c(1478): Final simple tree
|( QUESTION2_0_L -1 -2.495e+04 1.946e+02 1.176e+02
|    ( QUESTION4 -1 -1.583e+04 1.317e+02 7.460e+01
|        ( - -2.187e+03 1 0)
|        ( QUESTION0 -1 -1.351e+04 1.038e+02 6.360e+01
|            ( - -1.177e+04 4 0)
|            ( - -1.641e+03 1 0)))
|    ( QUESTION0_0_R 1 -8.920e+03 1.447e+02 4.300e+01
|        ( - -2.358e+03 2 0)
|        ( - -6.417e+03 2 0)))
s>    ( QUESTION2_0_L -1 -2.495e+04 1.946e+02 1.176e+02
s>        ( QUESTION4 -1 -1.583e+04 1.317e+02 7.460e+01
s>            ( - -2.187e+03 1 0)
s>            ( QUESTION0 -1 -1.351e+04 1.038e+02 6.360e+01
s>                ( - -1.177e+04 4 0)
s>                ( - -1.641e+03 1 0)))
s>        ( QUESTION0_0_R 1 -8.920e+03 1.447e+02 4.300e+01
s>            ( - -2.358e+03 2 0)
s>            ( - -6.417e+03 2 0)))INFO: dtree.c(1315): Comp split 9
INFO: dtree.c(1439): stop. leaf nodes are specific
INFO: dtree.c(1478): Final simple tree
|( QUESTION4 1 -4.536e+03 1.225e+02 2.200e+01
|    ( QUESTION2_1_L -1 -3.399e+03 1.292e+02 1.700e+01
|        ( QUESTION0_0_R 1 -2.581e+03 1.259e+02 1.300e+01
|            ( - -7.135e+02 1 0)
|            ( - -1.742e+03 1 0))
|        ( - -6.884e+02 1 0))
|    ( - -1.015e+03 1 0))
s>    ( QUESTION4 1 -4.536e+03 1.225e+02 2.200e+01
s>        ( QUESTION2_1_L -1 -3.399e+03 1.292e+02 1.700e+01
s>            ( QUESTION0_0_R 1 -2.581e+03 1.259e+02 1.300e+01
s>                ( - -7.135e+02 1 0)
s>                ( - -1.742e+03 1 0))
s>            ( - -6.884e+02 1 0))
s>        ( - -1.015e+03 1 0))INFO: dtree.c(1315): Comp split 10
INFO: dtree.c(1315): Comp split 11
INFO: dtree.c(1439): stop. leaf nodes are specific
INFO: dtree.c(1478): Final simple tree
|( QUESTION0_0_R 1 -2.927e+04 2.285e+02 1.375e+02
|    ( QUESTION0 -1 -1.518e+04 1.734e+02 7.216e+01
|        ( - -1.106e+04 1 0)
|        ( - -3.940e+03 3 0))
|    ( - -1.387e+04 1 0))
s>    ( QUESTION0_0_R 1 -2.927e+04 2.285e+02 1.375e+02
s>        ( QUESTION0 -1 -1.518e+04 1.734e+02 7.216e+01
s>            ( - -1.106e+04 1 0)
s>            ( - -3.940e+03 3 0))
s>        ( - -1.387e+04 1 0))INFO: dtree.c(1315): Comp split 12
INFO: dtree.c(1315): Comp split 13
INFO: dtree.c(1439): stop. leaf nodes are specific
INFO: dtree.c(1478): Final simple tree
|( QUESTION0 -1 -1.518e+04 1.734e+02 7.216e+01
|    ( - -1.106e+04 1 0)
|    ( - -3.940e+03 3 0))
s>    ( QUESTION0 -1 -1.518e+04 1.734e+02 7.216e+01
s>        ( - -1.106e+04 1 0)
s>        ( - -3.940e+03 3 0))INFO: dtree.c(1315): Comp split 14
INFO: dtree.c(1439): stop. leaf nodes are specific
INFO: dtree.c(1478): Final simple tree
|( QUESTION4 -1 -1.583e+04 1.317e+02 7.460e+01
|    ( - -2.187e+03 1 0)
|    ( QUESTION0 -1 -1.351e+04 1.038e+02 6.360e+01
|        ( - -1.177e+04 4 0)
|        ( - -1.641e+03 1 0)))
s>    ( QUESTION4 -1 -1.583e+04 1.317e+02 7.460e+01
s>        ( - -2.187e+03 1 0)
s>        ( QUESTION0 -1 -1.351e+04 1.038e+02 6.360e+01
s>            ( - -1.177e+04 4 0)
s>            ( - -1.641e+03 1 0)))INFO: dtree.c(1439): stop. leaf nodes are specific
INFO: dtree.c(1478): Final simple tree
|( QUESTION0_0_R 1 -8.920e+03 1.447e+02 4.300e+01
|    ( - -2.358e+03 2 0)
|    ( - -6.417e+03 2 0))
s>    ( QUESTION0_0_R 1 -8.920e+03 1.447e+02 4.300e+01
s>        ( - -2.358e+03 2 0)
s>        ( - -6.417e+03 2 0))INFO: dtree.c(1315): Comp split 15
INFO: dtree.c(1439): stop. leaf nodes are specific
INFO: dtree.c(1478): Final simple tree
|( SILENCE -1 -1.857e+04 1.416e+02 8.712e+01
|    ( - -1.699e+03 1 0)
|    ( QUESTION0 -1 -1.673e+04 9.155e+01 7.812e+01
|        ( - -1.186e+04 3 0)
|        ( - -4.781e+03 1 0)))
s>    ( SILENCE -1 -1.857e+04 1.416e+02 8.712e+01
s>        ( - -1.699e+03 1 0)
s>        ( QUESTION0 -1 -1.673e+04 9.155e+01 7.812e+01
s>            ( - -1.186e+04 3 0)
s>            ( - -4.781e+03 1 0)))INFO: dtree.c(1315): Comp split 16
INFO: dtree.c(1439): stop. leaf nodes are specific
INFO: dtree.c(1478): Final simple tree
|( QUESTION7 -1 -1.108e+04 1.464e+02 4.872e+01
|    ( - -5.982e+02 1 0)
|    ( QUESTION13 -1 -1.033e+04 1.198e+02 4.572e+01
|        ( - -7.825e+02 1 0)
|        ( QUESTION4 1 -9.432e+03 1.176e+02 4.172e+01
|            ( - -8.249e+03 1 0)
|            ( - -1.065e+03 1 0))))
s>    ( QUESTION7 -1 -1.108e+04 1.464e+02 4.872e+01
s>        ( - -5.982e+02 1 0)
s>        ( QUESTION13 -1 -1.033e+04 1.198e+02 4.572e+01
s>            ( - -7.825e+02 1 0)
s>            ( QUESTION4 1 -9.432e+03 1.176e+02 4.172e+01
s>                ( - -8.249e+03 1 0)
s>                ( - -1.065e+03 1 0))))INFO: dtree.c(1315): Comp split 17
INFO: dtree.c(1315): Comp split 18
INFO: dtree.c(1439): stop. leaf nodes are specific
INFO: dtree.c(1478): Final simple tree
|( QUESTION13 -1 -1.033e+04 1.198e+02 4.572e+01
|    ( - -7.825e+02 1 0)
|    ( QUESTION4 1 -9.432e+03 1.176e+02 4.172e+01
|        ( - -8.249e+03 1 0)
|        ( - -1.065e+03 1 0)))
s>    ( QUESTION13 -1 -1.033e+04 1.198e+02 4.572e+01
s>        ( - -7.825e+02 1 0)
s>        ( QUESTION4 1 -9.432e+03 1.176e+02 4.172e+01
s>            ( - -8.249e+03 1 0)
s>            ( - -1.065e+03 1 0)))INFO: dtree.c(1315): Comp split 19
INFO: dtree.c(1315): Comp split 20
INFO: dtree.c(1439): stop. leaf nodes are specific
INFO: dtree.c(1478): Final simple tree
|( QUESTION0 -1 -1.673e+04 9.155e+01 7.812e+01
|    ( - -1.186e+04 3 0)
|    ( - -4.781e+03 1 0))
s>    ( QUESTION0 -1 -1.673e+04 9.155e+01 7.812e+01
s>        ( - -1.186e+04 3 0)
s>        ( - -4.781e+03 1 0))INFO: dtree.c(1315): Comp split 21
INFO: dtree.c(1439): stop. leaf nodes are specific
INFO: dtree.c(1478): Final simple tree
|( QUESTION0_0_R 1 -3.689e+03 1.209e+02 1.800e+01
|    ( QUESTION4 1 -1.826e+03 1.224e+02 9.000e+00
|        ( - -6.884e+02 1 0)
|        ( - -1.015e+03 1 0))
|    ( - -1.742e+03 1 0))
s>    ( QUESTION0_0_R 1 -3.689e+03 1.209e+02 1.800e+01
s>        ( QUESTION4 1 -1.826e+03 1.224e+02 9.000e+00
s>            ( - -6.884e+02 1 0)
s>            ( - -1.015e+03 1 0))
s>        ( - -1.742e+03 1 0))INFO: dtree.c(1315): Comp split 22
INFO: dtree.c(1439): stop. leaf nodes are specific
INFO: dtree.c(1478): Final simple tree
|( QUESTION0 -1 -1.351e+04 1.038e+02 6.360e+01
|    ( - -1.177e+04 4 0)
|    ( - -1.641e+03 1 0))
s>    ( QUESTION0 -1 -1.351e+04 1.038e+02 6.360e+01
s>        ( - -1.177e+04 4 0)
s>        ( - -1.641e+03 1 0))INFO: dtree.c(1315): Comp split 23
INFO: dtree.c(1439): stop. leaf nodes are specific
INFO: dtree.c(1478): Final simple tree
|( QUESTION4 1 -1.826e+03 1.224e+02 9.000e+00
|    ( - -6.884e+02 1 0)
|    ( - -1.015e+03 1 0))
s>    ( QUESTION4 1 -1.826e+03 1.224e+02 9.000e+00
s>        ( - -6.884e+02 1 0)
s>        ( - -1.015e+03 1 0))INFO: dtree.c(1315): Comp split 24
INFO: dtree.c(1315): Comp split 25
INFO: dtree.c(1439): stop. leaf nodes are specific
INFO: dtree.c(1478): Final simple tree
|( QUESTION4 1 -9.432e+03 1.176e+02 4.172e+01
|    ( - -8.249e+03 1 0)
|    ( - -1.065e+03 1 0))
s>    ( QUESTION4 1 -9.432e+03 1.176e+02 4.172e+01
s>        ( - -8.249e+03 1 0)
s>        ( - -1.065e+03 1 0))INFO: dtree.c(1315): Comp split 26
INFO: dtree.c(1315): Comp split 27
INFO: dtree.c(1315): Comp split 28
INFO: dtree.c(1315): Comp split 29
INFO: dtree.c(1318): stop. leaf nodes are specific
Mon Jan 30 07:35:53 2017
