Current configuration:
[NAME]		[DEFLT]	[VALUE]
-allphones	no	no
-cntthresh	0.00001	1.000000e-05
-csplitmax	100	2000
-csplitmin	1	1
-csplitthr	8e-4	0.000000e+00
-example	no	no
-fullvar	no	no
-help		no	no
-meanfn			/Users/benroye/forge/cmusphinx/voiceVim/model_parameters/voiceVim.cd_cont_untied/means
-mixwfn			/Users/benroye/forge/cmusphinx/voiceVim/model_parameters/voiceVim.cd_cont_untied/mixture_weights
-moddeffn		/Users/benroye/forge/cmusphinx/voiceVim/model_architecture/voiceVim.untied.mdef
-mwfloor	1e-4	1.000000e-08
-phone			hr
-psetfn			/Users/benroye/forge/cmusphinx/voiceVim/model_architecture/voiceVim.tree_questions
-ssplitmax	5	7
-ssplitmin	1	1
-ssplitthr	8e-4	0.000000e+00
-state			1
-stwt			1.0,0.05,0.0,
-treefn			/Users/benroye/forge/cmusphinx/voiceVim/trees/voiceVim.unpruned/hr-1.dtree
-ts2cbfn	.semi.	.cont.
-varfloor	0.00001	1.000000e-05
-varfn			/Users/benroye/forge/cmusphinx/voiceVim/model_parameters/voiceVim.cd_cont_untied/variances

INFO: main.c(223): Reading: /Users/benroye/forge/cmusphinx/voiceVim/model_architecture/voiceVim.untied.mdef
INFO: model_def_io.c(573): Model definition info:
INFO: model_def_io.c(574): 2249 total models defined (39 base, 2210 tri)
INFO: model_def_io.c(575): 8996 total states
INFO: model_def_io.c(576): 6747 total tied states
INFO: model_def_io.c(577): 117 total tied CI states
INFO: model_def_io.c(578): 39 total tied transition matrices
INFO: model_def_io.c(579): 4 max state/model
INFO: model_def_io.c(580): 4 min state/model
INFO: main.c(242): Building trees for [hr b SIL e] through [hr w d i]
INFO: main.c(269): Covering states |[1761 1976]| == 216
INFO: main.c(275): Reading: /Users/benroye/forge/cmusphinx/voiceVim/model_parameters/voiceVim.cd_cont_untied/mixture_weights
INFO: s3mixw_io.c(173): Read /Users/benroye/forge/cmusphinx/voiceVim/model_parameters/voiceVim.cd_cont_untied/mixture_weights [216x1x1 array]
INFO: main.c(311): 72 of 72 models have observation count greater than 0.000010
INFO: main.c(95): nrm stwt: 0.045 0.909 0.045 
INFO: s3gau_io.c(169): Read /Users/benroye/forge/cmusphinx/voiceVim/model_parameters/voiceVim.cd_cont_untied/means [6747x1x1 array]
INFO: s3gau_io.c(169): Read /Users/benroye/forge/cmusphinx/voiceVim/model_parameters/voiceVim.cd_cont_untied/variances [6747x1x1 array]
INFO: main.c(549): Reading: /Users/benroye/forge/cmusphinx/voiceVim/model_architecture/voiceVim.tree_questions
INFO: main.c(588): 174 total simple questions (166 phone; 8 word bndry)
INFO: main.c(590): 40 Left Only questions, and 42 Right Only questions
INFO: dtree.c(1478): Final simple tree
|( QUESTION13 -1 -1.165e+06 7.536e+03 5.882e+03
|    ( WDBNDRY_E 0 -3.906e+05 1.974e+03 2.017e+03
|        ( QUESTION0_10_R 1 -3.149e+05 1.023e+03 1.638e+03
|            ( - -3.747e+04 1 0)
|            ( - -2.764e+05 17 0 QUESTION0_6_R 1 8.232e+02 1.440e+03))
|        ( - -7.375e+04 1 0))
|    ( QUESTION19 -1 -7.672e+05 2.813e+03 3.864e+03
|        ( QUESTION0_17_R 1 -2.603e+05 1.052e+03 1.326e+03
|            ( - -7.693e+03 2 0 WDBNDRY_E 0 2.366e+02 3.585e+01)
|            ( - -2.515e+05 21 0 QUESTION0_2_R 1 4.907e+02 1.290e+03))
|        ( QUESTION1 -1 -5.041e+05 1.551e+03 2.539e+03
|            ( - -1.534e+05 3 0 SILENCE 1 2.973e+02 7.771e+02)
|            ( WDBNDRY_E 0 -3.492e+05 1.330e+03 1.761e+03
|                ( - -3.284e+05 25 0 SILENCE 1 6.521e+02 1.660e+03)
|                ( - -1.941e+04 2 0 QUESTION0_1_R 1 5.511e+02 1.013e+02)))))
s>    ( QUESTION13 -1 -1.165e+06 7.536e+03 5.882e+03
s>        ( WDBNDRY_E 0 -3.906e+05 1.974e+03 2.017e+03
s>            ( QUESTION0_10_R 1 -3.149e+05 1.023e+03 1.638e+03
s>                ( - -3.747e+04 1 0)
s>                ( - -2.764e+05 17 0 QUESTION0_6_R 1 8.232e+02 1.440e+03))
s>            ( - -7.375e+04 1 0))
s>        ( QUESTION19 -1 -7.672e+05 2.813e+03 3.864e+03
s>            ( QUESTION0_17_R 1 -2.603e+05 1.052e+03 1.326e+03
s>                ( - -7.693e+03 2 0 WDBNDRY_E 0 2.366e+02 3.585e+01)
s>                ( - -2.515e+05 21 0 QUESTION0_2_R 1 4.907e+02 1.290e+03))
s>            ( QUESTION1 -1 -5.041e+05 1.551e+03 2.539e+03
s>                ( - -1.534e+05 3 0 SILENCE 1 2.973e+02 7.771e+02)
s>                ( WDBNDRY_E 0 -3.492e+05 1.330e+03 1.761e+03
s>                    ( - -3.284e+05 25 0 SILENCE 1 6.521e+02 1.660e+03)
s>                    ( - -1.941e+04 2 0 QUESTION0_1_R 1 5.511e+02 1.013e+02)))))INFO: dtree.c(1315): Comp split 0
INFO: dtree.c(1478): Final simple tree
|( WDBNDRY_E 0 -4.109e+05 1.921e+03 2.118e+03
|    ( QUESTION0_10_R 1 -3.149e+05 1.023e+03 1.638e+03
|        ( - -3.747e+04 1 0)
|        ( QUESTION0_6_R 1 -2.764e+05 8.232e+02 1.440e+03
|            ( QUESTION0 1 -7.181e+04 3.796e+02 3.905e+02
|                ( - -5.435e+04 2 0)
|                ( - -1.707e+04 3 0 QUESTION12 1 3.212e+02 9.019e+01))
|            ( QUESTION4 1 -2.037e+05 6.702e+02 1.050e+03
|                ( - -1.006e+05 5 0 QUESTION0_9_R 1 2.597e+02 5.260e+02)
|                ( - -1.024e+05 7 0 QUESTION0_5_R 1 3.743e+02 5.240e+02))))
|    ( QUESTION0_3_R 1 -9.413e+04 9.674e+02 4.800e+02
|        ( - -7.375e+04 1 0)
|        ( QUESTION0_1_R 1 -1.941e+04 5.511e+02 1.013e+02
|            ( - -8.307e+03 1 0)
|            ( - -1.056e+04 1 0))))
s>    ( WDBNDRY_E 0 -4.109e+05 1.921e+03 2.118e+03
s>        ( QUESTION0_10_R 1 -3.149e+05 1.023e+03 1.638e+03
s>            ( - -3.747e+04 1 0)
s>            ( QUESTION0_6_R 1 -2.764e+05 8.232e+02 1.440e+03
s>                ( QUESTION0 1 -7.181e+04 3.796e+02 3.905e+02
s>                    ( - -5.435e+04 2 0)
s>                    ( - -1.707e+04 3 0 QUESTION12 1 3.212e+02 9.019e+01))
s>                ( QUESTION4 1 -2.037e+05 6.702e+02 1.050e+03
s>                    ( - -1.006e+05 5 0 QUESTION0_9_R 1 2.597e+02 5.260e+02)
s>                    ( - -1.024e+05 7 0 QUESTION0_5_R 1 3.743e+02 5.240e+02))))
s>        ( QUESTION0_3_R 1 -9.413e+04 9.674e+02 4.800e+02
s>            ( - -7.375e+04 1 0)
s>            ( QUESTION0_1_R 1 -1.941e+04 5.511e+02 1.013e+02
s>                ( - -8.307e+03 1 0)
s>                ( - -1.056e+04 1 0))))INFO: dtree.c(1478): Final simple tree
|( QUESTION19 -1 -7.465e+05 2.940e+03 3.763e+03
|    ( QUESTION0_17_R 1 -2.603e+05 1.052e+03 1.326e+03
|        ( - -7.693e+03 2 0 WDBNDRY_E 0 2.366e+02 3.585e+01)
|        ( QUESTION0_2_R 1 -2.515e+05 4.907e+02 1.290e+03
|            ( - -4.679e+04 2 0 QUESTION0 1 2.402e+02 2.475e+02)
|            ( - -2.043e+05 19 0 QUESTION0_11_R 1 4.779e+02 1.043e+03)))
|    ( WDBNDRY_E 0 -4.833e+05 1.477e+03 2.437e+03
|        ( SILENCE 1 -3.335e+05 7.651e+02 1.685e+03
|            ( - -2.540e+04 2 0 QUESTION0 -1 1.925e+02 1.241e+02)
|            ( QUESTION6 1 -3.074e+05 5.252e+02 1.561e+03
|                ( - -5.238e+04 4 0 QUESTION0_11_R 1 2.294e+02 2.635e+02)
|                ( QUESTION0_5_R 1 -2.544e+05 5.390e+02 1.298e+03
|                    ( - -2.785e+04 2 0 QUESTION13 1 2.252e+02 1.371e+02)
|                    ( - -2.261e+05 19 0 QUESTION0_6_R 1 3.532e+02 1.161e+03))))
|        ( - -1.483e+05 1 0)))
s>    ( QUESTION19 -1 -7.465e+05 2.940e+03 3.763e+03
s>        ( QUESTION0_17_R 1 -2.603e+05 1.052e+03 1.326e+03
s>            ( - -7.693e+03 2 0 WDBNDRY_E 0 2.366e+02 3.585e+01)
s>            ( QUESTION0_2_R 1 -2.515e+05 4.907e+02 1.290e+03
s>                ( - -4.679e+04 2 0 QUESTION0 1 2.402e+02 2.475e+02)
s>                ( - -2.043e+05 19 0 QUESTION0_11_R 1 4.779e+02 1.043e+03)))
s>        ( WDBNDRY_E 0 -4.833e+05 1.477e+03 2.437e+03
s>            ( SILENCE 1 -3.335e+05 7.651e+02 1.685e+03
s>                ( - -2.540e+04 2 0 QUESTION0 -1 1.925e+02 1.241e+02)
s>                ( QUESTION6 1 -3.074e+05 5.252e+02 1.561e+03
s>                    ( - -5.238e+04 4 0 QUESTION0_11_R 1 2.294e+02 2.635e+02)
s>                    ( QUESTION0_5_R 1 -2.544e+05 5.390e+02 1.298e+03
s>                        ( - -2.785e+04 2 0 QUESTION13 1 2.252e+02 1.371e+02)
s>                        ( - -2.261e+05 19 0 QUESTION0_6_R 1 3.532e+02 1.161e+03))))
s>            ( - -1.483e+05 1 0)))INFO: dtree.c(1315): Comp split 1
INFO: dtree.c(1478): Final simple tree
|( QUESTION19 -1 -4.791e+05 1.458e+03 2.451e+03
|    ( QUESTION0_2_R 1 -2.515e+05 4.907e+02 1.290e+03
|        ( - -4.679e+04 2 0 QUESTION0 1 2.402e+02 2.475e+02)
|        ( QUESTION0_11_R 1 -2.043e+05 4.779e+02 1.043e+03
|            ( - -4.129e+04 3 0 QUESTION0_15_R 1 2.651e+02 2.093e+02)
|            ( QUESTION11 1 -1.625e+05 5.220e+02 8.333e+02
|                ( QUESTION0_1_R 1 -6.868e+04 3.920e+02 3.579e+02
|                    ( - -2.573e+04 2 0)
|                    ( - -4.256e+04 2 0))
|                ( QUESTION0 1 -9.328e+04 4.316e+02 4.754e+02
|                    ( - -3.361e+04 3 0 QUESTION0_1_R 1 2.008e+02 1.780e+02)
|                    ( - -5.924e+04 9 0 QUESTION0_5_R 1 3.133e+02 2.974e+02)))))
|    ( QUESTION0_6_R 1 -2.261e+05 3.532e+02 1.161e+03
|        ( - -5.203e+04 6 0 QUESTION11 1 2.912e+02 2.662e+02)
|        ( - -1.737e+05 13 0 QUESTION2 1 3.797e+02 8.943e+02)))
s>    ( QUESTION19 -1 -4.791e+05 1.458e+03 2.451e+03
s>        ( QUESTION0_2_R 1 -2.515e+05 4.907e+02 1.290e+03
s>            ( - -4.679e+04 2 0 QUESTION0 1 2.402e+02 2.475e+02)
s>            ( QUESTION0_11_R 1 -2.043e+05 4.779e+02 1.043e+03
s>                ( - -4.129e+04 3 0 QUESTION0_15_R 1 2.651e+02 2.093e+02)
s>                ( QUESTION11 1 -1.625e+05 5.220e+02 8.333e+02
s>                    ( QUESTION0_1_R 1 -6.868e+04 3.920e+02 3.579e+02
s>                        ( - -2.573e+04 2 0)
s>                        ( - -4.256e+04 2 0))
s>                    ( QUESTION0 1 -9.328e+04 4.316e+02 4.754e+02
s>                        ( - -3.361e+04 3 0 QUESTION0_1_R 1 2.008e+02 1.780e+02)
s>                        ( - -5.924e+04 9 0 QUESTION0_5_R 1 3.133e+02 2.974e+02)))))
s>        ( QUESTION0_6_R 1 -2.261e+05 3.532e+02 1.161e+03
s>            ( - -5.203e+04 6 0 QUESTION11 1 2.912e+02 2.662e+02)
s>            ( - -1.737e+05 13 0 QUESTION2 1 3.797e+02 8.943e+02)))INFO: dtree.c(1478): Final simple tree
|( QUESTION5 1 -2.640e+05 9.470e+02 1.313e+03
|    ( WDBNDRY_E 0 -2.294e+05 6.580e+02 1.153e+03
|        ( QUESTION18 1 -8.048e+04 2.649e+02 4.006e+02
|            ( - -1.889e+04 1 0)
|            ( QUESTION0_1_R 1 -6.132e+04 2.378e+02 3.085e+02
|                ( - -2.598e+04 2 0 QUESTION0_4_R 1 1.892e+02 1.324e+02)
|                ( - -3.511e+04 3 0 QUESTION0_10_R 1 1.746e+02 1.761e+02)))
|        ( - -1.483e+05 1 0))
|    ( SILENCE 1 -3.358e+04 4.935e+02 1.599e+02
|        ( QUESTION0 -1 -2.540e+04 1.925e+02 1.241e+02
|            ( - -3.026e+03 1 0)
|            ( - -2.218e+04 1 0))
|        ( WDBNDRY_E 0 -7.693e+03 2.366e+02 3.585e+01
|            ( - -2.889e+03 1 0)
|            ( - -4.568e+03 1 0))))
s>    ( QUESTION5 1 -2.640e+05 9.470e+02 1.313e+03
s>        ( WDBNDRY_E 0 -2.294e+05 6.580e+02 1.153e+03
s>            ( QUESTION18 1 -8.048e+04 2.649e+02 4.006e+02
s>                ( - -1.889e+04 1 0)
s>                ( QUESTION0_1_R 1 -6.132e+04 2.378e+02 3.085e+02
s>                    ( - -2.598e+04 2 0 QUESTION0_4_R 1 1.892e+02 1.324e+02)
s>                    ( - -3.511e+04 3 0 QUESTION0_10_R 1 1.746e+02 1.761e+02)))
s>            ( - -1.483e+05 1 0))
s>        ( SILENCE 1 -3.358e+04 4.935e+02 1.599e+02
s>            ( QUESTION0 -1 -2.540e+04 1.925e+02 1.241e+02
s>                ( - -3.026e+03 1 0)
s>                ( - -2.218e+04 1 0))
s>            ( WDBNDRY_E 0 -7.693e+03 2.366e+02 3.585e+01
s>                ( - -2.889e+03 1 0)
s>                ( - -4.568e+03 1 0))))INFO: dtree.c(1315): Comp split 2
INFO: dtree.c(1478): Final simple tree
|( QUESTION0_6_R 1 -2.764e+05 8.232e+02 1.440e+03
|    ( QUESTION0 1 -7.181e+04 3.796e+02 3.905e+02
|        ( - -5.435e+04 2 0)
|        ( QUESTION12 1 -1.707e+04 3.212e+02 9.019e+01
|            ( - -1.644e+03 1 0)
|            ( - -1.511e+04 2 0 QUESTION6 1 2.181e+02 8.119e+01)))
|    ( QUESTION4 1 -2.037e+05 6.702e+02 1.050e+03
|        ( - -1.006e+05 5 0 QUESTION0_9_R 1 2.597e+02 5.260e+02)
|        ( QUESTION0_5_R 1 -1.024e+05 3.743e+02 5.240e+02
|            ( - -3.085e+04 1 0)
|            ( SILENCE 1 -7.120e+04 3.475e+02 3.609e+02
|                ( - -9.554e+03 1 0)
|                ( QUESTION0_3_R 1 -6.130e+04 3.161e+02 3.110e+02
|                    ( - -2.981e+04 1 0)
|                    ( - -3.118e+04 4 0 QUESTION0_1_R 1 2.404e+02 1.590e+02))))))
s>    ( QUESTION0_6_R 1 -2.764e+05 8.232e+02 1.440e+03
s>        ( QUESTION0 1 -7.181e+04 3.796e+02 3.905e+02
s>            ( - -5.435e+04 2 0)
s>            ( QUESTION12 1 -1.707e+04 3.212e+02 9.019e+01
s>                ( - -1.644e+03 1 0)
s>                ( - -1.511e+04 2 0 QUESTION6 1 2.181e+02 8.119e+01)))
s>        ( QUESTION4 1 -2.037e+05 6.702e+02 1.050e+03
s>            ( - -1.006e+05 5 0 QUESTION0_9_R 1 2.597e+02 5.260e+02)
s>            ( QUESTION0_5_R 1 -1.024e+05 3.743e+02 5.240e+02
s>                ( - -3.085e+04 1 0)
s>                ( SILENCE 1 -7.120e+04 3.475e+02 3.609e+02
s>                    ( - -9.554e+03 1 0)
s>                    ( QUESTION0_3_R 1 -6.130e+04 3.161e+02 3.110e+02
s>                        ( - -2.981e+04 1 0)
s>                        ( - -3.118e+04 4 0 QUESTION0_1_R 1 2.404e+02 1.590e+02))))))INFO: dtree.c(1439): stop. leaf nodes are specific
INFO: dtree.c(1478): Final simple tree
|( QUESTION0_3_R 1 -1.323e+05 9.480e+02 6.780e+02
|    ( - -7.375e+04 1 0)
|    ( QUESTION0_8_R 1 -5.762e+04 7.434e+02 2.993e+02
|        ( - -1.056e+04 1 0)
|        ( WDBNDRY_E 0 -4.632e+04 5.407e+02 2.440e+02
|            ( - -3.747e+04 1 0)
|            ( - -8.307e+03 1 0))))
s>    ( QUESTION0_3_R 1 -1.323e+05 9.480e+02 6.780e+02
s>        ( - -7.375e+04 1 0)
s>        ( QUESTION0_8_R 1 -5.762e+04 7.434e+02 2.993e+02
s>            ( - -1.056e+04 1 0)
s>            ( WDBNDRY_E 0 -4.632e+04 5.407e+02 2.440e+02
s>                ( - -3.747e+04 1 0)
s>                ( - -8.307e+03 1 0))))INFO: dtree.c(1315): Comp split 3
INFO: dtree.c(1439): stop. leaf nodes are specific
INFO: dtree.c(1478): Final simple tree
|( QUESTION4 1 -1.313e+05 3.811e+02 6.783e+02
|    ( QUESTION0_1_R 1 -8.057e+04 3.093e+02 4.158e+02
|        ( - -3.897e+04 1 0)
|        ( QUESTION0_15_R 1 -4.129e+04 2.651e+02 2.093e+02
|            ( - -5.870e+03 1 0)
|            ( QUESTION0_12_R 1 -3.516e+04 1.970e+02 1.794e+02
|                ( - -4.514e+03 1 0)
|                ( - -3.045e+04 1 0))))
|    ( QUESTION0_1_R 1 -5.035e+04 1.993e+02 2.625e+02
|        ( - -7.589e+03 1 0)
|        ( - -4.256e+04 2 0)))
s>    ( QUESTION4 1 -1.313e+05 3.811e+02 6.783e+02
s>        ( QUESTION0_1_R 1 -8.057e+04 3.093e+02 4.158e+02
s>            ( - -3.897e+04 1 0)
s>            ( QUESTION0_15_R 1 -4.129e+04 2.651e+02 2.093e+02
s>                ( - -5.870e+03 1 0)
s>                ( QUESTION0_12_R 1 -3.516e+04 1.970e+02 1.794e+02
s>                    ( - -4.514e+03 1 0)
s>                    ( - -3.045e+04 1 0))))
s>        ( QUESTION0_1_R 1 -5.035e+04 1.993e+02 2.625e+02
s>            ( - -7.589e+03 1 0)
s>            ( - -4.256e+04 2 0)))INFO: dtree.c(1478): Final simple tree
|( QUESTION19 -1 -3.463e+05 7.953e+02 1.772e+03
|    ( QUESTION0_8_R 1 -1.194e+05 4.161e+02 6.117e+02
|        ( - -2.402e+04 2 0)
|        ( SILENCE 1 -9.497e+04 4.042e+02 4.924e+02
|            ( - -8.487e+03 1 0)
|            ( QUESTION11 1 -8.608e+04 3.533e+02 4.492e+02
|                ( - -2.573e+04 2 0)
|                ( - -6.000e+04 9 0 QUESTION0_5_R 1 2.595e+02 3.128e+02))))
|    ( QUESTION0_6_R 1 -2.261e+05 3.532e+02 1.161e+03
|        ( QUESTION11 1 -5.203e+04 2.912e+02 2.662e+02
|            ( - -8.374e+03 2 0)
|            ( - -4.337e+04 4 0 QUESTION0 1 2.491e+02 2.242e+02))
|        ( QUESTION2 1 -1.737e+05 3.797e+02 8.943e+02
|            ( - -1.187e+04 1 0)
|            ( - -1.614e+05 12 0 QUESTION0_12_R 1 2.697e+02 8.309e+02))))
s>    ( QUESTION19 -1 -3.463e+05 7.953e+02 1.772e+03
s>        ( QUESTION0_8_R 1 -1.194e+05 4.161e+02 6.117e+02
s>            ( - -2.402e+04 2 0)
s>            ( SILENCE 1 -9.497e+04 4.042e+02 4.924e+02
s>                ( - -8.487e+03 1 0)
s>                ( QUESTION11 1 -8.608e+04 3.533e+02 4.492e+02
s>                    ( - -2.573e+04 2 0)
s>                    ( - -6.000e+04 9 0 QUESTION0_5_R 1 2.595e+02 3.128e+02))))
s>        ( QUESTION0_6_R 1 -2.261e+05 3.532e+02 1.161e+03
s>            ( QUESTION11 1 -5.203e+04 2.912e+02 2.662e+02
s>                ( - -8.374e+03 2 0)
s>                ( - -4.337e+04 4 0 QUESTION0 1 2.491e+02 2.242e+02))
s>            ( QUESTION2 1 -1.737e+05 3.797e+02 8.943e+02
s>                ( - -1.187e+04 1 0)
s>                ( - -1.614e+05 12 0 QUESTION0_12_R 1 2.697e+02 8.309e+02))))INFO: dtree.c(1315): Comp split 4
INFO: dtree.c(1478): Final simple tree
|( QUESTION4 1 -2.211e+05 6.993e+02 1.140e+03
|    ( QUESTION0_9_R 1 -1.006e+05 2.597e+02 5.260e+02
|        ( - -1.114e+04 1 0)
|        ( - -8.924e+04 4 0 QUESTION0_0_R 1 1.840e+02 4.690e+02))
|    ( QUESTION3 1 -1.197e+05 3.835e+02 6.142e+02
|        ( QUESTION19 1 -1.084e+05 3.698e+02 5.582e+02
|            ( - -2.981e+04 1 0)
|            ( QUESTION0_8_R 1 -7.817e+04 3.250e+02 4.062e+02
|                ( - -2.158e+04 2 0)
|                ( QUESTION13 1 -5.627e+04 2.902e+02 2.955e+02
|                    ( - -1.644e+03 1 0)
|                    ( - -5.433e+04 4 0 QUESTION11 1 2.179e+02 2.865e+02))))
|        ( SILENCE 1 -1.098e+04 2.742e+02 5.596e+01
|            ( - -9.554e+03 1 0)
|            ( - -1.154e+03 1 0))))
s>    ( QUESTION4 1 -2.211e+05 6.993e+02 1.140e+03
s>        ( QUESTION0_9_R 1 -1.006e+05 2.597e+02 5.260e+02
s>            ( - -1.114e+04 1 0)
s>            ( - -8.924e+04 4 0 QUESTION0_0_R 1 1.840e+02 4.690e+02))
s>        ( QUESTION3 1 -1.197e+05 3.835e+02 6.142e+02
s>            ( QUESTION19 1 -1.084e+05 3.698e+02 5.582e+02
s>                ( - -2.981e+04 1 0)
s>                ( QUESTION0_8_R 1 -7.817e+04 3.250e+02 4.062e+02
s>                    ( - -2.158e+04 2 0)
s>                    ( QUESTION13 1 -5.627e+04 2.902e+02 2.955e+02
s>                        ( - -1.644e+03 1 0)
s>                        ( - -5.433e+04 4 0 QUESTION11 1 2.179e+02 2.865e+02))))
s>            ( SILENCE 1 -1.098e+04 2.742e+02 5.596e+01
s>                ( - -9.554e+03 1 0)
s>                ( - -1.154e+03 1 0))))INFO: dtree.c(1315): Comp split 5
INFO: dtree.c(1439): stop. leaf nodes are specific
INFO: dtree.c(1478): Final simple tree
|( QUESTION0_8_R 1 -5.762e+04 7.434e+02 2.993e+02
|    ( - -1.056e+04 1 0)
|    ( WDBNDRY_E 0 -4.632e+04 5.407e+02 2.440e+02
|        ( - -3.747e+04 1 0)
|        ( - -8.307e+03 1 0)))
s>    ( QUESTION0_8_R 1 -5.762e+04 7.434e+02 2.993e+02
s>        ( - -1.056e+04 1 0)
s>        ( WDBNDRY_E 0 -4.632e+04 5.407e+02 2.440e+02
s>            ( - -3.747e+04 1 0)
s>            ( - -8.307e+03 1 0)))INFO: dtree.c(1315): Comp split 6
INFO: dtree.c(1439): stop. leaf nodes are specific
INFO: dtree.c(1478): Final simple tree
|( SILENCE 1 -3.358e+04 4.935e+02 1.599e+02
|    ( QUESTION0 -1 -2.540e+04 1.925e+02 1.241e+02
|        ( - -3.026e+03 1 0)
|        ( - -2.218e+04 1 0))
|    ( WDBNDRY_E 0 -7.693e+03 2.366e+02 3.585e+01
|        ( - -2.889e+03 1 0)
|        ( - -4.568e+03 1 0)))
s>    ( SILENCE 1 -3.358e+04 4.935e+02 1.599e+02
s>        ( QUESTION0 -1 -2.540e+04 1.925e+02 1.241e+02
s>            ( - -3.026e+03 1 0)
s>            ( - -2.218e+04 1 0))
s>        ( WDBNDRY_E 0 -7.693e+03 2.366e+02 3.585e+01
s>            ( - -2.889e+03 1 0)
s>            ( - -4.568e+03 1 0)))INFO: dtree.c(1439): stop. leaf nodes are specific
INFO: dtree.c(1478): Final simple tree
|( WDBNDRY_E 0 -2.294e+05 6.580e+02 1.153e+03
|    ( QUESTION18 1 -8.048e+04 2.649e+02 4.006e+02
|        ( - -1.889e+04 1 0)
|        ( QUESTION0_1_R 1 -6.132e+04 2.378e+02 3.085e+02
|            ( QUESTION0_4_R 1 -2.598e+04 1.892e+02 1.324e+02
|                ( - -8.727e+03 1 0)
|                ( - -1.706e+04 1 0))
|            ( QUESTION0_10_R 1 -3.511e+04 1.746e+02 1.761e+02
|                ( - -6.661e+03 1 0)
|                ( - -2.828e+04 2 0))))
|    ( - -1.483e+05 1 0))
s>    ( WDBNDRY_E 0 -2.294e+05 6.580e+02 1.153e+03
s>        ( QUESTION18 1 -8.048e+04 2.649e+02 4.006e+02
s>            ( - -1.889e+04 1 0)
s>            ( QUESTION0_1_R 1 -6.132e+04 2.378e+02 3.085e+02
s>                ( QUESTION0_4_R 1 -2.598e+04 1.892e+02 1.324e+02
s>                    ( - -8.727e+03 1 0)
s>                    ( - -1.706e+04 1 0))
s>                ( QUESTION0_10_R 1 -3.511e+04 1.746e+02 1.761e+02
s>                    ( - -6.661e+03 1 0)
s>                    ( - -2.828e+04 2 0))))
s>        ( - -1.483e+05 1 0))INFO: dtree.c(1315): Comp split 7
INFO: dtree.c(1478): Final simple tree
|( QUESTION19 -1 -2.313e+05 4.122e+02 1.192e+03
|    ( - -2.573e+04 2 0)
|    ( QUESTION0_6_R 1 -2.051e+05 3.445e+02 1.055e+03
|        ( QUESTION0 1 -4.337e+04 2.491e+02 2.242e+02
|            ( - -1.796e+04 2 0)
|            ( - -2.516e+04 2 0 QUESTION15 1 1.847e+02 1.261e+02))
|        ( QUESTION0_12_R 1 -1.614e+05 2.697e+02 8.309e+02
|            ( QUESTION0_14_R 1 -2.553e+04 2.359e+02 1.330e+02
|                ( - -1.287e+04 1 0)
|                ( - -1.242e+04 1 0))
|            ( QUESTION4 1 -1.356e+05 2.750e+02 6.979e+02
|                ( - -5.247e+04 5 0 QUESTION0_7_R 1 2.227e+02 2.704e+02)
|                ( QUESTION11 1 -8.288e+04 2.622e+02 4.275e+02
|                    ( - -1.807e+04 1 0)
|                    ( - -6.455e+04 4 0 QUESTION0_8_R 1 2.109e+02 3.316e+02))))))
s>    ( QUESTION19 -1 -2.313e+05 4.122e+02 1.192e+03
s>        ( - -2.573e+04 2 0)
s>        ( QUESTION0_6_R 1 -2.051e+05 3.445e+02 1.055e+03
s>            ( QUESTION0 1 -4.337e+04 2.491e+02 2.242e+02
s>                ( - -1.796e+04 2 0)
s>                ( - -2.516e+04 2 0 QUESTION15 1 1.847e+02 1.261e+02))
s>            ( QUESTION0_12_R 1 -1.614e+05 2.697e+02 8.309e+02
s>                ( QUESTION0_14_R 1 -2.553e+04 2.359e+02 1.330e+02
s>                    ( - -1.287e+04 1 0)
s>                    ( - -1.242e+04 1 0))
s>                ( QUESTION4 1 -1.356e+05 2.750e+02 6.979e+02
s>                    ( - -5.247e+04 5 0 QUESTION0_7_R 1 2.227e+02 2.704e+02)
s>                    ( QUESTION11 1 -8.288e+04 2.622e+02 4.275e+02
s>                        ( - -1.807e+04 1 0)
s>                        ( - -6.455e+04 4 0 QUESTION0_8_R 1 2.109e+02 3.316e+02))))))INFO: dtree.c(1478): Final simple tree
|( QUESTION0 1 -1.142e+05 4.814e+02 5.807e+02
|    ( QUESTION0_2_R 1 -4.580e+04 3.188e+02 2.413e+02
|        ( - -1.187e+04 1 0)
|        ( - -3.361e+04 3 0 QUESTION0_1_R 1 2.008e+02 1.780e+02))
|    ( SILENCE 1 -6.789e+04 3.179e+02 3.394e+02
|        ( - -8.487e+03 1 0)
|        ( QUESTION0_5_R 1 -5.908e+04 3.051e+02 2.961e+02
|            ( - -9.452e+03 2 0 QUESTION13 1 2.040e+02 4.978e+01)
|            ( QUESTION11 1 -4.932e+04 2.917e+02 2.464e+02
|                ( - -8.374e+03 2 0)
|                ( QUESTION6 1 -4.066e+04 2.648e+02 2.044e+02
|                    ( - -2.352e+03 1 0)
|                    ( QUESTION15 1 -3.804e+04 2.497e+02 1.914e+02
|                        ( - -1.806e+03 1 0)
|                        ( - -3.599e+04 4 0 QUESTION0_4_R 1 1.939e+02 1.804e+02)))))))
s>    ( QUESTION0 1 -1.142e+05 4.814e+02 5.807e+02
s>        ( QUESTION0_2_R 1 -4.580e+04 3.188e+02 2.413e+02
s>            ( - -1.187e+04 1 0)
s>            ( - -3.361e+04 3 0 QUESTION0_1_R 1 2.008e+02 1.780e+02))
s>        ( SILENCE 1 -6.789e+04 3.179e+02 3.394e+02
s>            ( - -8.487e+03 1 0)
s>            ( QUESTION0_5_R 1 -5.908e+04 3.051e+02 2.961e+02
s>                ( - -9.452e+03 2 0 QUESTION13 1 2.040e+02 4.978e+01)
s>                ( QUESTION11 1 -4.932e+04 2.917e+02 2.464e+02
s>                    ( - -8.374e+03 2 0)
s>                    ( QUESTION6 1 -4.066e+04 2.648e+02 2.044e+02
s>                        ( - -2.352e+03 1 0)
s>                        ( QUESTION15 1 -3.804e+04 2.497e+02 1.914e+02
s>                            ( - -1.806e+03 1 0)
s>                            ( - -3.599e+04 4 0 QUESTION0_4_R 1 1.939e+02 1.804e+02)))))))INFO: dtree.c(1315): Comp split 8
INFO: dtree.c(1439): stop. leaf nodes are specific
INFO: dtree.c(1478): Final simple tree
|( QUESTION0_0_R 1 -8.924e+04 1.840e+02 4.690e+02
|    ( - -8.623e+04 3 0)
|    ( - -2.828e+03 1 0))
s>    ( QUESTION0_0_R 1 -8.924e+04 1.840e+02 4.690e+02
s>        ( - -8.623e+04 3 0)
s>        ( - -2.828e+03 1 0))INFO: dtree.c(1478): Final simple tree
|( QUESTION3 1 -1.311e+05 3.799e+02 6.711e+02
|    ( QUESTION19 1 -1.197e+05 3.522e+02 6.152e+02
|        ( - -2.981e+04 1 0)
|        ( QUESTION0_8_R 1 -8.954e+04 3.126e+02 4.632e+02
|            ( - -2.158e+04 2 0)
|            ( QUESTION13 1 -6.765e+04 2.835e+02 3.525e+02
|                ( - -1.644e+03 1 0)
|                ( QUESTION0_13_R 1 -6.572e+04 2.540e+02 3.435e+02
|                    ( - -1.114e+04 1 0)
|                    ( QUESTION11 1 -5.433e+04 2.179e+02 2.865e+02
|                        ( - -4.664e+03 1 0)
|                        ( - -4.945e+04 3 0 QUESTION0_6_R 1 1.876e+02 2.595e+02))))))
|    ( SILENCE 1 -1.098e+04 2.742e+02 5.596e+01
|        ( - -9.554e+03 1 0)
|        ( - -1.154e+03 1 0)))
s>    ( QUESTION3 1 -1.311e+05 3.799e+02 6.711e+02
s>        ( QUESTION19 1 -1.197e+05 3.522e+02 6.152e+02
s>            ( - -2.981e+04 1 0)
s>            ( QUESTION0_8_R 1 -8.954e+04 3.126e+02 4.632e+02
s>                ( - -2.158e+04 2 0)
s>                ( QUESTION13 1 -6.765e+04 2.835e+02 3.525e+02
s>                    ( - -1.644e+03 1 0)
s>                    ( QUESTION0_13_R 1 -6.572e+04 2.540e+02 3.435e+02
s>                        ( - -1.114e+04 1 0)
s>                        ( QUESTION11 1 -5.433e+04 2.179e+02 2.865e+02
s>                            ( - -4.664e+03 1 0)
s>                            ( - -4.945e+04 3 0 QUESTION0_6_R 1 1.876e+02 2.595e+02))))))
s>        ( SILENCE 1 -1.098e+04 2.742e+02 5.596e+01
s>            ( - -9.554e+03 1 0)
s>            ( - -1.154e+03 1 0)))INFO: dtree.c(1315): Comp split 9
INFO: dtree.c(1439): stop. leaf nodes are specific
INFO: dtree.c(1478): Final simple tree
|( WDBNDRY_E 0 -4.632e+04 5.407e+02 2.440e+02
|    ( - -3.747e+04 1 0)
|    ( - -8.307e+03 1 0))
s>    ( WDBNDRY_E 0 -4.632e+04 5.407e+02 2.440e+02
s>        ( - -3.747e+04 1 0)
s>        ( - -8.307e+03 1 0))INFO: dtree.c(1315): Comp split 10
INFO: dtree.c(1439): stop. leaf nodes are specific
INFO: dtree.c(1478): Final simple tree
|( WDBNDRY_E 0 -1.572e+05 1.882e+02 7.971e+02
|    ( - -8.727e+03 1 0)
|    ( - -1.483e+05 1 0))
s>    ( WDBNDRY_E 0 -1.572e+05 1.882e+02 7.971e+02
s>        ( - -8.727e+03 1 0)
s>        ( - -1.483e+05 1 0))INFO: dtree.c(1439): stop. leaf nodes are specific
INFO: dtree.c(1478): Final simple tree
|( QUESTION0_4_R 1 -7.154e+04 2.670e+02 3.556e+02
|    ( - -1.889e+04 1 0)
|    ( QUESTION0_11_R 1 -5.238e+04 2.294e+02 2.635e+02
|        ( - -2.828e+04 2 0)
|        ( QUESTION0_1_R 1 -2.388e+04 1.562e+02 1.213e+02
|            ( - -1.706e+04 1 0)
|            ( - -6.661e+03 1 0))))
s>    ( QUESTION0_4_R 1 -7.154e+04 2.670e+02 3.556e+02
s>        ( - -1.889e+04 1 0)
s>        ( QUESTION0_11_R 1 -5.238e+04 2.294e+02 2.635e+02
s>            ( - -2.828e+04 2 0)
s>            ( QUESTION0_1_R 1 -2.388e+04 1.562e+02 1.213e+02
s>                ( - -1.706e+04 1 0)
s>                ( - -6.661e+03 1 0))))INFO: dtree.c(1315): Comp split 11
INFO: dtree.c(1439): stop. leaf nodes are specific
INFO: dtree.c(1478): Final simple tree
|( SILENCE 1 -4.481e+04 3.392e+02 2.237e+02
|    ( - -8.487e+03 1 0)
|    ( QUESTION0_4_R 1 -3.599e+04 1.939e+02 1.804e+02
|        ( - -7.981e+03 1 0)
|        ( QUESTION0_1_R 1 -2.781e+04 1.063e+02 1.383e+02
|            ( - -3.689e+03 1 0)
|            ( - -2.402e+04 2 0))))
s>    ( SILENCE 1 -4.481e+04 3.392e+02 2.237e+02
s>        ( - -8.487e+03 1 0)
s>        ( QUESTION0_4_R 1 -3.599e+04 1.939e+02 1.804e+02
s>            ( - -7.981e+03 1 0)
s>            ( QUESTION0_1_R 1 -2.781e+04 1.063e+02 1.383e+02
s>                ( - -3.689e+03 1 0)
s>                ( - -2.402e+04 2 0))))INFO: dtree.c(1478): Final simple tree
|( QUESTION0_2_R 1 -6.874e+04 3.415e+02 3.571e+02
|    ( - -1.187e+04 1 0)
|    ( QUESTION10 1 -5.653e+04 2.958e+02 2.937e+02
|        ( QUESTION11 1 -2.003e+04 2.305e+02 1.028e+02
|            ( - -8.374e+03 2 0)
|            ( QUESTION16 1 -1.143e+04 2.080e+02 6.078e+01
|                ( - -3.151e+03 1 0)
|                ( QUESTION0_4_R 1 -8.068e+03 1.652e+02 4.278e+01
|                    ( - -6.097e+03 1 0)
|                    ( - -1.806e+03 1 0))))
|        ( QUESTION0 1 -3.620e+04 2.380e+02 1.910e+02
|            ( QUESTION0_1_R 1 -3.361e+04 2.008e+02 1.780e+02
|                ( - -1.437e+04 2 0)
|                ( - -1.904e+04 1 0))
|            ( - -2.352e+03 1 0))))
s>    ( QUESTION0_2_R 1 -6.874e+04 3.415e+02 3.571e+02
s>        ( - -1.187e+04 1 0)
s>        ( QUESTION10 1 -5.653e+04 2.958e+02 2.937e+02
s>            ( QUESTION11 1 -2.003e+04 2.305e+02 1.028e+02
s>                ( - -8.374e+03 2 0)
s>                ( QUESTION16 1 -1.143e+04 2.080e+02 6.078e+01
s>                    ( - -3.151e+03 1 0)
s>                    ( QUESTION0_4_R 1 -8.068e+03 1.652e+02 4.278e+01
s>                        ( - -6.097e+03 1 0)
s>                        ( - -1.806e+03 1 0))))
s>            ( QUESTION0 1 -3.620e+04 2.380e+02 1.910e+02
s>                ( QUESTION0_1_R 1 -3.361e+04 2.008e+02 1.780e+02
s>                    ( - -1.437e+04 2 0)
s>                    ( - -1.904e+04 1 0))
s>                ( - -2.352e+03 1 0))))INFO: dtree.c(1315): Comp split 12
INFO: dtree.c(1315): Comp split 13
INFO: dtree.c(1439): stop. leaf nodes are specific
INFO: dtree.c(1478): Final simple tree
|( QUESTION11 1 -5.433e+04 2.179e+02 2.865e+02
|    ( - -4.664e+03 1 0)
|    ( QUESTION0_6_R 1 -4.945e+04 1.876e+02 2.595e+02
|        ( - -1.023e+04 1 0)
|        ( QUESTION0_1_R 1 -3.904e+04 1.417e+02 2.053e+02
|            ( - -3.085e+04 1 0)
|            ( - -8.039e+03 1 0))))
s>    ( QUESTION11 1 -5.433e+04 2.179e+02 2.865e+02
s>        ( - -4.664e+03 1 0)
s>        ( QUESTION0_6_R 1 -4.945e+04 1.876e+02 2.595e+02
s>            ( - -1.023e+04 1 0)
s>            ( QUESTION0_1_R 1 -3.904e+04 1.417e+02 2.053e+02
s>                ( - -3.085e+04 1 0)
s>                ( - -8.039e+03 1 0))))INFO: dtree.c(1439): stop. leaf nodes are specific
INFO: dtree.c(1478): Final simple tree
|( SILENCE 1 -7.621e+04 3.441e+02 3.846e+02
|    ( - -9.554e+03 1 0)
|    ( QUESTION0_4_R 1 -6.632e+04 2.690e+02 3.347e+02
|        ( - -2.981e+04 1 0)
|        ( QUESTION0_9_R 1 -3.624e+04 2.601e+02 1.827e+02
|            ( - -1.114e+04 1 0)
|            ( QUESTION0_1_R 1 -2.484e+04 2.354e+02 1.257e+02
|                ( QUESTION0_2_R 1 -3.025e+03 2.267e+02 1.500e+01
|                    ( - -1.154e+03 1 0)
|                    ( - -1.644e+03 1 0))
|                ( - -2.158e+04 2 0)))))
s>    ( SILENCE 1 -7.621e+04 3.441e+02 3.846e+02
s>        ( - -9.554e+03 1 0)
s>        ( QUESTION0_4_R 1 -6.632e+04 2.690e+02 3.347e+02
s>            ( - -2.981e+04 1 0)
s>            ( QUESTION0_9_R 1 -3.624e+04 2.601e+02 1.827e+02
s>                ( - -1.114e+04 1 0)
s>                ( QUESTION0_1_R 1 -2.484e+04 2.354e+02 1.257e+02
s>                    ( QUESTION0_2_R 1 -3.025e+03 2.267e+02 1.500e+01
s>                        ( - -1.154e+03 1 0)
s>                        ( - -1.644e+03 1 0))
s>                    ( - -2.158e+04 2 0)))))INFO: dtree.c(1315): Comp split 14
INFO: dtree.c(1439): stop. leaf nodes are specific
INFO: dtree.c(1478): Final simple tree
|( WDBNDRY_E 0 -7.693e+03 2.366e+02 3.585e+01
|    ( - -2.889e+03 1 0)
|    ( - -4.568e+03 1 0))
s>    ( WDBNDRY_E 0 -7.693e+03 2.366e+02 3.585e+01
s>        ( - -2.889e+03 1 0)
s>        ( - -4.568e+03 1 0))INFO: dtree.c(1439): stop. leaf nodes are specific
INFO: dtree.c(1478): Final simple tree
|( QUESTION0 -1 -2.540e+04 1.925e+02 1.241e+02
|    ( - -3.026e+03 1 0)
|    ( - -2.218e+04 1 0))
s>    ( QUESTION0 -1 -2.540e+04 1.925e+02 1.241e+02
s>        ( - -3.026e+03 1 0)
s>        ( - -2.218e+04 1 0))INFO: dtree.c(1315): Comp split 15
INFO: dtree.c(1439): stop. leaf nodes are specific
INFO: dtree.c(1478): Final simple tree
|( QUESTION0_9_R 1 -5.642e+04 2.049e+02 2.924e+02
|    ( - -5.870e+03 1 0)
|    ( QUESTION0_1_R 1 -5.035e+04 1.993e+02 2.625e+02
|        ( - -7.589e+03 1 0)
|        ( - -4.256e+04 2 0)))
s>    ( QUESTION0_9_R 1 -5.642e+04 2.049e+02 2.924e+02
s>        ( - -5.870e+03 1 0)
s>        ( QUESTION0_1_R 1 -5.035e+04 1.993e+02 2.625e+02
s>            ( - -7.589e+03 1 0)
s>            ( - -4.256e+04 2 0)))INFO: dtree.c(1439): stop. leaf nodes are specific
INFO: dtree.c(1478): Final simple tree
|( QUESTION0_1_R 1 -7.442e+04 2.944e+02 3.859e+02
|    ( - -3.897e+04 1 0)
|    ( QUESTION0_12_R 1 -3.516e+04 1.970e+02 1.794e+02
|        ( - -4.514e+03 1 0)
|        ( - -3.045e+04 1 0)))
s>    ( QUESTION0_1_R 1 -7.442e+04 2.944e+02 3.859e+02
s>        ( - -3.897e+04 1 0)
s>        ( QUESTION0_12_R 1 -3.516e+04 1.970e+02 1.794e+02
s>            ( - -4.514e+03 1 0)
s>            ( - -3.045e+04 1 0)))INFO: dtree.c(1315): Comp split 16
INFO: dtree.c(1439): stop. leaf nodes are specific
INFO: dtree.c(1478): Final simple tree
|( QUESTION11 1 -9.588e+04 2.601e+02 4.945e+02
|    ( - -1.807e+04 1 0)
|    ( QUESTION0_8_R 1 -7.754e+04 2.139e+02 3.986e+02
|        ( - -5.437e+03 1 0)
|        ( QUESTION0 -1 -7.189e+04 1.939e+02 3.715e+02
|            ( - -1.558e+03 1 0)
|            ( QUESTION0_10_R 1 -7.014e+04 1.964e+02 3.625e+02
|                ( - -2.050e+04 1 0)
|                ( QUESTION0_1_R 1 -4.945e+04 1.221e+02 2.563e+02
|                    ( - -3.646e+04 1 0)
|                    ( - -1.287e+04 1 0))))))
s>    ( QUESTION11 1 -9.588e+04 2.601e+02 4.945e+02
s>        ( - -1.807e+04 1 0)
s>        ( QUESTION0_8_R 1 -7.754e+04 2.139e+02 3.986e+02
s>            ( - -5.437e+03 1 0)
s>            ( QUESTION0 -1 -7.189e+04 1.939e+02 3.715e+02
s>                ( - -1.558e+03 1 0)
s>                ( QUESTION0_10_R 1 -7.014e+04 1.964e+02 3.625e+02
s>                    ( - -2.050e+04 1 0)
s>                    ( QUESTION0_1_R 1 -4.945e+04 1.221e+02 2.563e+02
s>                        ( - -3.646e+04 1 0)
s>                        ( - -1.287e+04 1 0))))))INFO: dtree.c(1478): Final simple tree
|( QUESTION11 1 -1.350e+05 3.825e+02 6.970e+02
|    ( - -2.573e+04 2 0)
|    ( QUESTION0_12_R 1 -1.088e+05 3.396e+02 5.607e+02
|        ( - -1.242e+04 1 0)
|        ( QUESTION0_7_R 1 -9.609e+04 3.006e+02 4.946e+02
|            ( QUESTION0_8_R 1 -4.741e+04 2.010e+02 2.444e+02
|                ( - -3.767e+04 2 0)
|                ( - -9.545e+03 1 0))
|            ( QUESTION15 1 -4.837e+04 2.563e+02 2.502e+02
|                ( - -2.346e+04 1 0)
|                ( QUESTION0_0_R 1 -2.466e+04 2.064e+02 1.312e+02
|                    ( QUESTION5 1 -2.213e+04 1.849e+02 1.182e+02
|                        ( - -1.516e+03 1 0)
|                        ( - -2.043e+04 3 0 QUESTION0_2_R 1 1.552e+02 1.112e+02))
|                    ( - -2.319e+03 1 0))))))
s>    ( QUESTION11 1 -1.350e+05 3.825e+02 6.970e+02
s>        ( - -2.573e+04 2 0)
s>        ( QUESTION0_12_R 1 -1.088e+05 3.396e+02 5.607e+02
s>            ( - -1.242e+04 1 0)
s>            ( QUESTION0_7_R 1 -9.609e+04 3.006e+02 4.946e+02
s>                ( QUESTION0_8_R 1 -4.741e+04 2.010e+02 2.444e+02
s>                    ( - -3.767e+04 2 0)
s>                    ( - -9.545e+03 1 0))
s>                ( QUESTION15 1 -4.837e+04 2.563e+02 2.502e+02
s>                    ( - -2.346e+04 1 0)
s>                    ( QUESTION0_0_R 1 -2.466e+04 2.064e+02 1.312e+02
s>                        ( QUESTION5 1 -2.213e+04 1.849e+02 1.182e+02
s>                            ( - -1.516e+03 1 0)
s>                            ( - -2.043e+04 3 0 QUESTION0_2_R 1 1.552e+02 1.112e+02))
s>                        ( - -2.319e+03 1 0))))))INFO: dtree.c(1315): Comp split 17
INFO: dtree.c(1439): stop. leaf nodes are specific
INFO: dtree.c(1478): Final simple tree
|( QUESTION0_1_R 1 -3.560e+04 2.746e+02 1.902e+02
|    ( QUESTION0_2_R 1 -2.043e+04 1.552e+02 1.112e+02
|        ( - -2.317e+03 1 0)
|        ( - -1.796e+04 2 0))
|    ( QUESTION0_0_R 1 -1.489e+04 1.491e+02 7.908e+01
|        ( - -1.242e+04 1 0)
|        ( - -2.319e+03 1 0)))
s>    ( QUESTION0_1_R 1 -3.560e+04 2.746e+02 1.902e+02
s>        ( QUESTION0_2_R 1 -2.043e+04 1.552e+02 1.112e+02
s>            ( - -2.317e+03 1 0)
s>            ( - -1.796e+04 2 0))
s>        ( QUESTION0_0_R 1 -1.489e+04 1.491e+02 7.908e+01
s>            ( - -1.242e+04 1 0)
s>            ( - -2.319e+03 1 0)))INFO: dtree.c(1439): stop. leaf nodes are specific
INFO: dtree.c(1478): Final simple tree
|( QUESTION11 1 -9.890e+04 3.720e+02 5.068e+02
|    ( - -2.573e+04 2 0)
|    ( QUESTION0_1_R 1 -7.280e+04 2.313e+02 3.704e+02
|        ( QUESTION15 1 -2.516e+04 1.847e+02 1.261e+02
|            ( - -2.346e+04 1 0)
|            ( - -1.516e+03 1 0))
|        ( QUESTION0_8_R 1 -4.741e+04 2.010e+02 2.444e+02
|            ( - -3.767e+04 2 0)
|            ( - -9.545e+03 1 0))))
s>    ( QUESTION11 1 -9.890e+04 3.720e+02 5.068e+02
s>        ( - -2.573e+04 2 0)
s>        ( QUESTION0_1_R 1 -7.280e+04 2.313e+02 3.704e+02
s>            ( QUESTION15 1 -2.516e+04 1.847e+02 1.261e+02
s>                ( - -2.346e+04 1 0)
s>                ( - -1.516e+03 1 0))
s>            ( QUESTION0_8_R 1 -4.741e+04 2.010e+02 2.444e+02
s>                ( - -3.767e+04 2 0)
s>                ( - -9.545e+03 1 0))))INFO: dtree.c(1315): Comp split 18
INFO: dtree.c(1439): stop. leaf nodes are specific
INFO: dtree.c(1478): Final simple tree
|( QUESTION0_1_R 1 -7.280e+04 2.313e+02 3.704e+02
|    ( QUESTION15 1 -2.516e+04 1.847e+02 1.261e+02
|        ( - -2.346e+04 1 0)
|        ( - -1.516e+03 1 0))
|    ( QUESTION0_8_R 1 -4.741e+04 2.010e+02 2.444e+02
|        ( - -3.767e+04 2 0)
|        ( - -9.545e+03 1 0)))
s>    ( QUESTION0_1_R 1 -7.280e+04 2.313e+02 3.704e+02
s>        ( QUESTION15 1 -2.516e+04 1.847e+02 1.261e+02
s>            ( - -2.346e+04 1 0)
s>            ( - -1.516e+03 1 0))
s>        ( QUESTION0_8_R 1 -4.741e+04 2.010e+02 2.444e+02
s>            ( - -3.767e+04 2 0)
s>            ( - -9.545e+03 1 0)))INFO: dtree.c(1315): Comp split 19
INFO: dtree.c(1439): stop. leaf nodes are specific
INFO: dtree.c(1478): Final simple tree
|( QUESTION0_4_R 1 -6.632e+04 2.690e+02 3.347e+02
|    ( - -2.981e+04 1 0)
|    ( QUESTION0_9_R 1 -3.624e+04 2.601e+02 1.827e+02
|        ( - -1.114e+04 1 0)
|        ( QUESTION0_1_R 1 -2.484e+04 2.354e+02 1.257e+02
|            ( QUESTION0_2_R 1 -3.025e+03 2.267e+02 1.500e+01
|                ( - -1.154e+03 1 0)
|                ( - -1.644e+03 1 0))
|            ( - -2.158e+04 2 0))))
s>    ( QUESTION0_4_R 1 -6.632e+04 2.690e+02 3.347e+02
s>        ( - -2.981e+04 1 0)
s>        ( QUESTION0_9_R 1 -3.624e+04 2.601e+02 1.827e+02
s>            ( - -1.114e+04 1 0)
s>            ( QUESTION0_1_R 1 -2.484e+04 2.354e+02 1.257e+02
s>                ( QUESTION0_2_R 1 -3.025e+03 2.267e+02 1.500e+01
s>                    ( - -1.154e+03 1 0)
s>                    ( - -1.644e+03 1 0))
s>                ( - -2.158e+04 2 0))))INFO: dtree.c(1315): Comp split 20
INFO: dtree.c(1439): stop. leaf nodes are specific
INFO: dtree.c(1478): Final simple tree
|( QUESTION0 1 -4.530e+04 2.629e+02 2.387e+02
|    ( QUESTION0_1_R 1 -3.361e+04 2.008e+02 1.780e+02
|        ( - -1.437e+04 2 0)
|        ( - -1.904e+04 1 0))
|    ( QUESTION16 1 -1.143e+04 2.080e+02 6.078e+01
|        ( - -3.151e+03 1 0)
|        ( QUESTION0_4_R 1 -8.068e+03 1.652e+02 4.278e+01
|            ( - -6.097e+03 1 0)
|            ( - -1.806e+03 1 0))))
s>    ( QUESTION0 1 -4.530e+04 2.629e+02 2.387e+02
s>        ( QUESTION0_1_R 1 -3.361e+04 2.008e+02 1.780e+02
s>            ( - -1.437e+04 2 0)
s>            ( - -1.904e+04 1 0))
s>        ( QUESTION16 1 -1.143e+04 2.080e+02 6.078e+01
s>            ( - -3.151e+03 1 0)
s>            ( QUESTION0_4_R 1 -8.068e+03 1.652e+02 4.278e+01
s>                ( - -6.097e+03 1 0)
s>                ( - -1.806e+03 1 0))))INFO: dtree.c(1439): stop. leaf nodes are specific
INFO: dtree.c(1478): Final simple tree
|( QUESTION0_2_R 1 -2.310e+04 2.779e+02 1.183e+02
|    ( - -1.187e+04 1 0)
|    ( QUESTION6 1 -1.095e+04 2.216e+02 5.500e+01
|        ( - -2.352e+03 1 0)
|        ( - -8.374e+03 2 0)))
s>    ( QUESTION0_2_R 1 -2.310e+04 2.779e+02 1.183e+02
s>        ( - -1.187e+04 1 0)
s>        ( QUESTION6 1 -1.095e+04 2.216e+02 5.500e+01
s>            ( - -2.352e+03 1 0)
s>            ( - -8.374e+03 2 0)))INFO: dtree.c(1315): Comp split 21
INFO: dtree.c(1439): stop. leaf nodes are specific
INFO: dtree.c(1478): Final simple tree
|( QUESTION0_4_R 1 -3.599e+04 1.939e+02 1.804e+02
|    ( - -7.981e+03 1 0)
|    ( QUESTION0_1_R 1 -2.781e+04 1.063e+02 1.383e+02
|        ( - -3.689e+03 1 0)
|        ( - -2.402e+04 2 0)))
s>    ( QUESTION0_4_R 1 -3.599e+04 1.939e+02 1.804e+02
s>        ( - -7.981e+03 1 0)
s>        ( QUESTION0_1_R 1 -2.781e+04 1.063e+02 1.383e+02
s>            ( - -3.689e+03 1 0)
s>            ( - -2.402e+04 2 0)))INFO: dtree.c(1315): Comp split 22
INFO: dtree.c(1439): stop. leaf nodes are specific
INFO: dtree.c(1478): Final simple tree
|( QUESTION0_1_R 1 -2.484e+04 2.354e+02 1.257e+02
|    ( QUESTION0_2_R 1 -3.025e+03 2.267e+02 1.500e+01
|        ( - -1.154e+03 1 0)
|        ( - -1.644e+03 1 0))
|    ( - -2.158e+04 2 0))
s>    ( QUESTION0_1_R 1 -2.484e+04 2.354e+02 1.257e+02
s>        ( QUESTION0_2_R 1 -3.025e+03 2.267e+02 1.500e+01
s>            ( - -1.154e+03 1 0)
s>            ( - -1.644e+03 1 0))
s>        ( - -2.158e+04 2 0))INFO: dtree.c(1439): stop. leaf nodes are specific
INFO: dtree.c(1478): Final simple tree
|( QUESTION0_1_R 1 -4.116e+04 2.185e+02 2.089e+02
|    ( - -2.981e+04 1 0)
|    ( - -1.114e+04 1 0))
s>    ( QUESTION0_1_R 1 -4.116e+04 2.185e+02 2.089e+02
s>        ( - -2.981e+04 1 0)
s>        ( - -1.114e+04 1 0))INFO: dtree.c(1315): Comp split 23
INFO: dtree.c(1439): stop. leaf nodes are specific
INFO: dtree.c(1478): Final simple tree
|( QUESTION0_12_R 1 -3.516e+04 1.970e+02 1.794e+02
|    ( - -4.514e+03 1 0)
|    ( - -3.045e+04 1 0))
s>    ( QUESTION0_12_R 1 -3.516e+04 1.970e+02 1.794e+02
s>        ( - -4.514e+03 1 0)
s>        ( - -3.045e+04 1 0))INFO: dtree.c(1315): Comp split 24
INFO: dtree.c(1439): stop. leaf nodes are specific
INFO: dtree.c(1478): Final simple tree
|( QUESTION6 1 -1.095e+04 2.216e+02 5.500e+01
|    ( - -2.352e+03 1 0)
|    ( - -8.374e+03 2 0))
s>    ( QUESTION6 1 -1.095e+04 2.216e+02 5.500e+01
s>        ( - -2.352e+03 1 0)
s>        ( - -8.374e+03 2 0))INFO: dtree.c(1315): Comp split 25
INFO: dtree.c(1439): stop. leaf nodes are specific
INFO: dtree.c(1478): Final simple tree
|( QUESTION0_0_R 1 -1.489e+04 1.491e+02 7.908e+01
|    ( - -1.242e+04 1 0)
|    ( - -2.319e+03 1 0))
s>    ( QUESTION0_0_R 1 -1.489e+04 1.491e+02 7.908e+01
s>        ( - -1.242e+04 1 0)
s>        ( - -2.319e+03 1 0))INFO: dtree.c(1439): stop. leaf nodes are specific
INFO: dtree.c(1478): Final simple tree
|( QUESTION0_2_R 1 -2.043e+04 1.552e+02 1.112e+02
|    ( - -2.317e+03 1 0)
|    ( - -1.796e+04 2 0))
s>    ( QUESTION0_2_R 1 -2.043e+04 1.552e+02 1.112e+02
s>        ( - -2.317e+03 1 0)
s>        ( - -1.796e+04 2 0))INFO: dtree.c(1315): Comp split 26
INFO: dtree.c(1439): stop. leaf nodes are specific
INFO: dtree.c(1478): Final simple tree
|( QUESTION0_11_R 1 -5.238e+04 2.294e+02 2.635e+02
|    ( - -2.828e+04 2 0)
|    ( QUESTION0_1_R 1 -2.388e+04 1.562e+02 1.213e+02
|        ( - -1.706e+04 1 0)
|        ( - -6.661e+03 1 0)))
s>    ( QUESTION0_11_R 1 -5.238e+04 2.294e+02 2.635e+02
s>        ( - -2.828e+04 2 0)
s>        ( QUESTION0_1_R 1 -2.388e+04 1.562e+02 1.213e+02
s>            ( - -1.706e+04 1 0)
s>            ( - -6.661e+03 1 0)))INFO: dtree.c(1315): Comp split 27
INFO: dtree.c(1439): stop. leaf nodes are specific
INFO: dtree.c(1478): Final simple tree
|( QUESTION16 1 -1.143e+04 2.080e+02 6.078e+01
|    ( - -3.151e+03 1 0)
|    ( QUESTION0_4_R 1 -8.068e+03 1.652e+02 4.278e+01
|        ( - -6.097e+03 1 0)
|        ( - -1.806e+03 1 0)))
s>    ( QUESTION16 1 -1.143e+04 2.080e+02 6.078e+01
s>        ( - -3.151e+03 1 0)
s>        ( QUESTION0_4_R 1 -8.068e+03 1.652e+02 4.278e+01
s>            ( - -6.097e+03 1 0)
s>            ( - -1.806e+03 1 0)))INFO: dtree.c(1439): stop. leaf nodes are specific
INFO: dtree.c(1478): Final simple tree
|( QUESTION0_1_R 1 -3.361e+04 2.008e+02 1.780e+02
|    ( - -1.437e+04 2 0)
|    ( - -1.904e+04 1 0))
s>    ( QUESTION0_1_R 1 -3.361e+04 2.008e+02 1.780e+02
s>        ( - -1.437e+04 2 0)
s>        ( - -1.904e+04 1 0))INFO: dtree.c(1315): Comp split 28
INFO: dtree.c(1439): stop. leaf nodes are specific
INFO: dtree.c(1478): Final simple tree
|( QUESTION0_8_R 1 -7.754e+04 2.139e+02 3.986e+02
|    ( - -5.437e+03 1 0)
|    ( QUESTION0 -1 -7.189e+04 1.939e+02 3.715e+02
|        ( - -1.558e+03 1 0)
|        ( QUESTION0_10_R 1 -7.014e+04 1.964e+02 3.625e+02
|            ( - -2.050e+04 1 0)
|            ( QUESTION0_1_R 1 -4.945e+04 1.221e+02 2.563e+02
|                ( - -3.646e+04 1 0)
|                ( - -1.287e+04 1 0)))))
s>    ( QUESTION0_8_R 1 -7.754e+04 2.139e+02 3.986e+02
s>        ( - -5.437e+03 1 0)
s>        ( QUESTION0 -1 -7.189e+04 1.939e+02 3.715e+02
s>            ( - -1.558e+03 1 0)
s>            ( QUESTION0_10_R 1 -7.014e+04 1.964e+02 3.625e+02
s>                ( - -2.050e+04 1 0)
s>                ( QUESTION0_1_R 1 -4.945e+04 1.221e+02 2.563e+02
s>                    ( - -3.646e+04 1 0)
s>                    ( - -1.287e+04 1 0)))))INFO: dtree.c(1315): Comp split 29
INFO: dtree.c(1315): Comp split 30
INFO: dtree.c(1439): stop. leaf nodes are specific
INFO: dtree.c(1478): Final simple tree
|( QUESTION0_2_R 1 -3.025e+03 2.267e+02 1.500e+01
|    ( - -1.154e+03 1 0)
|    ( - -1.644e+03 1 0))
s>    ( QUESTION0_2_R 1 -3.025e+03 2.267e+02 1.500e+01
s>        ( - -1.154e+03 1 0)
s>        ( - -1.644e+03 1 0))INFO: dtree.c(1315): Comp split 31
INFO: dtree.c(1439): stop. leaf nodes are specific
INFO: dtree.c(1478): Final simple tree
|( QUESTION0_8_R 1 -4.741e+04 2.010e+02 2.444e+02
|    ( - -3.767e+04 2 0)
|    ( - -9.545e+03 1 0))
s>    ( QUESTION0_8_R 1 -4.741e+04 2.010e+02 2.444e+02
s>        ( - -3.767e+04 2 0)
s>        ( - -9.545e+03 1 0))INFO: dtree.c(1439): stop. leaf nodes are specific
INFO: dtree.c(1478): Final simple tree
|( QUESTION15 1 -2.516e+04 1.847e+02 1.261e+02
|    ( - -2.346e+04 1 0)
|    ( - -1.516e+03 1 0))
s>    ( QUESTION15 1 -2.516e+04 1.847e+02 1.261e+02
s>        ( - -2.346e+04 1 0)
s>        ( - -1.516e+03 1 0))INFO: dtree.c(1315): Comp split 32
INFO: dtree.c(1439): stop. leaf nodes are specific
INFO: dtree.c(1478): Final simple tree
|( QUESTION0_1_R 1 -2.388e+04 1.562e+02 1.213e+02
|    ( - -1.706e+04 1 0)
|    ( - -6.661e+03 1 0))
s>    ( QUESTION0_1_R 1 -2.388e+04 1.562e+02 1.213e+02
s>        ( - -1.706e+04 1 0)
s>        ( - -6.661e+03 1 0))INFO: dtree.c(1315): Comp split 33
INFO: dtree.c(1315): Comp split 34
INFO: dtree.c(1315): Comp split 35
INFO: dtree.c(1315): Comp split 36
INFO: dtree.c(1439): stop. leaf nodes are specific
INFO: dtree.c(1478): Final simple tree
|( QUESTION0_6_R 1 -4.945e+04 1.876e+02 2.595e+02
|    ( - -1.023e+04 1 0)
|    ( QUESTION0_1_R 1 -3.904e+04 1.417e+02 2.053e+02
|        ( - -3.085e+04 1 0)
|        ( - -8.039e+03 1 0)))
s>    ( QUESTION0_6_R 1 -4.945e+04 1.876e+02 2.595e+02
s>        ( - -1.023e+04 1 0)
s>        ( QUESTION0_1_R 1 -3.904e+04 1.417e+02 2.053e+02
s>            ( - -3.085e+04 1 0)
s>            ( - -8.039e+03 1 0)))INFO: dtree.c(1315): Comp split 37
INFO: dtree.c(1439): stop. leaf nodes are specific
INFO: dtree.c(1478): Final simple tree
|( QUESTION0 -1 -7.189e+04 1.939e+02 3.715e+02
|    ( - -1.558e+03 1 0)
|    ( QUESTION0_10_R 1 -7.014e+04 1.964e+02 3.625e+02
|        ( - -2.050e+04 1 0)
|        ( QUESTION0_1_R 1 -4.945e+04 1.221e+02 2.563e+02
|            ( - -3.646e+04 1 0)
|            ( - -1.287e+04 1 0))))
s>    ( QUESTION0 -1 -7.189e+04 1.939e+02 3.715e+02
s>        ( - -1.558e+03 1 0)
s>        ( QUESTION0_10_R 1 -7.014e+04 1.964e+02 3.625e+02
s>            ( - -2.050e+04 1 0)
s>            ( QUESTION0_1_R 1 -4.945e+04 1.221e+02 2.563e+02
s>                ( - -3.646e+04 1 0)
s>                ( - -1.287e+04 1 0))))INFO: dtree.c(1315): Comp split 38
INFO: dtree.c(1439): stop. leaf nodes are specific
INFO: dtree.c(1478): Final simple tree
|( QUESTION0_4_R 1 -8.068e+03 1.652e+02 4.278e+01
|    ( - -6.097e+03 1 0)
|    ( - -1.806e+03 1 0))
s>    ( QUESTION0_4_R 1 -8.068e+03 1.652e+02 4.278e+01
s>        ( - -6.097e+03 1 0)
s>        ( - -1.806e+03 1 0))INFO: dtree.c(1315): Comp split 39
INFO: dtree.c(1439): stop. leaf nodes are specific
INFO: dtree.c(1478): Final simple tree
|( QUESTION0_1_R 1 -5.035e+04 1.993e+02 2.625e+02
|    ( - -7.589e+03 1 0)
|    ( - -4.256e+04 2 0))
s>    ( QUESTION0_1_R 1 -5.035e+04 1.993e+02 2.625e+02
s>        ( - -7.589e+03 1 0)
s>        ( - -4.256e+04 2 0))INFO: dtree.c(1315): Comp split 40
INFO: dtree.c(1315): Comp split 41
INFO: dtree.c(1315): Comp split 42
INFO: dtree.c(1315): Comp split 43
INFO: dtree.c(1439): stop. leaf nodes are specific
INFO: dtree.c(1478): Final simple tree
|( QUESTION0_10_R 1 -5.120e+04 1.927e+02 2.653e+02
|    ( - -1.558e+03 1 0)
|    ( QUESTION0_1_R 1 -4.945e+04 1.221e+02 2.563e+02
|        ( - -3.646e+04 1 0)
|        ( - -1.287e+04 1 0)))
s>    ( QUESTION0_10_R 1 -5.120e+04 1.927e+02 2.653e+02
s>        ( - -1.558e+03 1 0)
s>        ( QUESTION0_1_R 1 -4.945e+04 1.221e+02 2.563e+02
s>            ( - -3.646e+04 1 0)
s>            ( - -1.287e+04 1 0)))INFO: dtree.c(1315): Comp split 44
INFO: dtree.c(1315): Comp split 45
INFO: dtree.c(1439): stop. leaf nodes are specific
INFO: dtree.c(1478): Final simple tree
|( QUESTION0_1_R 1 -2.781e+04 1.063e+02 1.383e+02
|    ( - -3.689e+03 1 0)
|    ( - -2.402e+04 2 0))
s>    ( QUESTION0_1_R 1 -2.781e+04 1.063e+02 1.383e+02
s>        ( - -3.689e+03 1 0)
s>        ( - -2.402e+04 2 0))INFO: dtree.c(1315): Comp split 46
INFO: dtree.c(1439): stop. leaf nodes are specific
INFO: dtree.c(1478): Final simple tree
|( QUESTION0_1_R 1 -4.945e+04 1.221e+02 2.563e+02
|    ( - -3.646e+04 1 0)
|    ( - -1.287e+04 1 0))
s>    ( QUESTION0_1_R 1 -4.945e+04 1.221e+02 2.563e+02
s>        ( - -3.646e+04 1 0)
s>        ( - -1.287e+04 1 0))INFO: dtree.c(1315): Comp split 47
INFO: dtree.c(1315): Comp split 48
INFO: dtree.c(1315): Comp split 49
INFO: dtree.c(1439): stop. leaf nodes are specific
INFO: dtree.c(1478): Final simple tree
|( QUESTION0_1_R 1 -3.904e+04 1.417e+02 2.053e+02
|    ( - -3.085e+04 1 0)
|    ( - -8.039e+03 1 0))
s>    ( QUESTION0_1_R 1 -3.904e+04 1.417e+02 2.053e+02
s>        ( - -3.085e+04 1 0)
s>        ( - -8.039e+03 1 0))INFO: dtree.c(1315): Comp split 50
INFO: dtree.c(1315): Comp split 51
INFO: dtree.c(1315): Comp split 52
INFO: dtree.c(1315): Comp split 53
INFO: dtree.c(1315): Comp split 54
INFO: dtree.c(1315): Comp split 55
INFO: dtree.c(1315): Comp split 56
INFO: dtree.c(1315): Comp split 57
INFO: dtree.c(1315): Comp split 58
INFO: dtree.c(1315): Comp split 59
INFO: dtree.c(1318): stop. leaf nodes are specific
Mon Jan 30 07:35:47 2017
