Current configuration:
[NAME]		[DEFLT]	[VALUE]
-allphones	no	no
-cntthresh	0.00001	1.000000e-05
-csplitmax	100	2000
-csplitmin	1	1
-csplitthr	8e-4	0.000000e+00
-example	no	no
-fullvar	no	no
-help		no	no
-meanfn			/Users/benroye/forge/cmusphinx/voiceVim/model_parameters/voiceVim.cd_cont_untied/means
-mixwfn			/Users/benroye/forge/cmusphinx/voiceVim/model_parameters/voiceVim.cd_cont_untied/mixture_weights
-moddeffn		/Users/benroye/forge/cmusphinx/voiceVim/model_architecture/voiceVim.untied.mdef
-mwfloor	1e-4	1.000000e-08
-phone			d
-psetfn			/Users/benroye/forge/cmusphinx/voiceVim/model_architecture/voiceVim.tree_questions
-ssplitmax	5	7
-ssplitmin	1	1
-ssplitthr	8e-4	0.000000e+00
-state			1
-stwt			1.0,0.05,0.0,
-treefn			/Users/benroye/forge/cmusphinx/voiceVim/trees/voiceVim.unpruned/d-1.dtree
-ts2cbfn	.semi.	.cont.
-varfloor	0.00001	1.000000e-05
-varfn			/Users/benroye/forge/cmusphinx/voiceVim/model_parameters/voiceVim.cd_cont_untied/variances

INFO: main.c(223): Reading: /Users/benroye/forge/cmusphinx/voiceVim/model_architecture/voiceVim.untied.mdef
INFO: model_def_io.c(573): Model definition info:
INFO: model_def_io.c(574): 2249 total models defined (39 base, 2210 tri)
INFO: model_def_io.c(575): 8996 total states
INFO: model_def_io.c(576): 6747 total tied states
INFO: model_def_io.c(577): 117 total tied CI states
INFO: model_def_io.c(578): 39 total tied transition matrices
INFO: model_def_io.c(579): 4 max state/model
INFO: model_def_io.c(580): 4 min state/model
INFO: main.c(242): Building trees for [d SIL aa b] through [d z e b]
INFO: main.c(269): Covering states |[624 902]| == 279
INFO: main.c(275): Reading: /Users/benroye/forge/cmusphinx/voiceVim/model_parameters/voiceVim.cd_cont_untied/mixture_weights
INFO: s3mixw_io.c(173): Read /Users/benroye/forge/cmusphinx/voiceVim/model_parameters/voiceVim.cd_cont_untied/mixture_weights [279x1x1 array]
INFO: main.c(311): 92 of 93 models have observation count greater than 0.000010
INFO: main.c(95): nrm stwt: 0.045 0.909 0.045 
INFO: s3gau_io.c(169): Read /Users/benroye/forge/cmusphinx/voiceVim/model_parameters/voiceVim.cd_cont_untied/means [6747x1x1 array]
INFO: s3gau_io.c(169): Read /Users/benroye/forge/cmusphinx/voiceVim/model_parameters/voiceVim.cd_cont_untied/variances [6747x1x1 array]
INFO: main.c(549): Reading: /Users/benroye/forge/cmusphinx/voiceVim/model_architecture/voiceVim.tree_questions
INFO: main.c(588): 174 total simple questions (166 phone; 8 word bndry)
INFO: main.c(590): 40 Left Only questions, and 42 Right Only questions
INFO: dtree.c(1478): Final simple tree
|( WDBNDRY_I 0 -8.806e+05 1.360e+04 4.555e+03
|    ( QUESTION2_3_L -1 -1.084e+05 2.525e+03 5.043e+02
|        ( - -2.781e+04 3 0 QUESTION4 -1 2.525e+02 1.467e+02)
|        ( - -7.808e+04 3 0 QUESTION0_0_R 1 4.004e+02 3.576e+02))
|    ( QUESTION4 -1 -7.585e+05 1.596e+03 4.051e+03
|        ( WDBNDRY_B 0 -3.792e+05 9.577e+02 2.037e+03
|            ( - -1.429e+05 17 0 QUESTION0_0_R 1 5.095e+02 7.550e+02)
|            ( - -2.353e+05 27 0 QUESTION0_0_R 1 4.379e+02 1.281e+03))
|        ( QUESTION2_0_L -1 -3.777e+05 7.594e+02 2.015e+03
|            ( WDBNDRY_B 0 -3.489e+05 8.225e+02 1.865e+03
|                ( - -2.032e+05 16 0 QUESTION12 -1 4.508e+02 1.083e+03)
|                ( - -1.448e+05 22 0 SILENCE 1 5.507e+02 7.813e+02))
|            ( SILENCE -1 -2.808e+04 5.592e+02 1.499e+02
|                ( - -5.113e+03 3 0 QUESTION0_0_R 1 1.954e+02 2.300e+01)
|                ( - -2.241e+04 1 0)))))
s>    ( WDBNDRY_I 0 -8.806e+05 1.360e+04 4.555e+03
s>        ( QUESTION2_3_L -1 -1.084e+05 2.525e+03 5.043e+02
s>            ( - -2.781e+04 3 0 QUESTION4 -1 2.525e+02 1.467e+02)
s>            ( - -7.808e+04 3 0 QUESTION0_0_R 1 4.004e+02 3.576e+02))
s>        ( QUESTION4 -1 -7.585e+05 1.596e+03 4.051e+03
s>            ( WDBNDRY_B 0 -3.792e+05 9.577e+02 2.037e+03
s>                ( - -1.429e+05 17 0 QUESTION0_0_R 1 5.095e+02 7.550e+02)
s>                ( - -2.353e+05 27 0 QUESTION0_0_R 1 4.379e+02 1.281e+03))
s>            ( QUESTION2_0_L -1 -3.777e+05 7.594e+02 2.015e+03
s>                ( WDBNDRY_B 0 -3.489e+05 8.225e+02 1.865e+03
s>                    ( - -2.032e+05 16 0 QUESTION12 -1 4.508e+02 1.083e+03)
s>                    ( - -1.448e+05 22 0 SILENCE 1 5.507e+02 7.813e+02))
s>                ( SILENCE -1 -2.808e+04 5.592e+02 1.499e+02
s>                    ( - -5.113e+03 3 0 QUESTION0_0_R 1 1.954e+02 2.300e+01)
s>                    ( - -2.241e+04 1 0)))))INFO: dtree.c(1315): Comp split 0
INFO: dtree.c(1439): stop. leaf nodes are specific
INFO: dtree.c(1478): Final simple tree
|( QUESTION0 -1 -8.375e+04 7.620e+02 3.806e+02
|    ( - -7.492e+04 2 0)
|    ( QUESTION0_0_R 1 -8.074e+03 2.125e+02 3.489e+01
|        ( - -3.514e+03 2 0)
|        ( WDBNDRY_B 0 -4.348e+03 1.833e+02 1.889e+01
|            ( - -1.404e+03 1 0)
|            ( - -2.761e+03 1 0))))
s>    ( QUESTION0 -1 -8.375e+04 7.620e+02 3.806e+02
s>        ( - -7.492e+04 2 0)
s>        ( QUESTION0_0_R 1 -8.074e+03 2.125e+02 3.489e+01
s>            ( - -3.514e+03 2 0)
s>            ( WDBNDRY_B 0 -4.348e+03 1.833e+02 1.889e+01
s>                ( - -1.404e+03 1 0)
s>                ( - -2.761e+03 1 0))))INFO: dtree.c(1478): Final simple tree
|( QUESTION4 -1 -7.810e+05 1.576e+03 4.175e+03
|    ( WDBNDRY_B 0 -3.872e+05 9.424e+02 2.081e+03
|        ( QUESTION0_0_R 1 -1.429e+05 5.095e+02 7.550e+02
|            ( QUESTION2_3_L -1 -1.001e+05 5.334e+02 5.298e+02
|                ( - -1.145e+04 1 0)
|                ( - -8.809e+04 10 0 QUESTION2_11_L -1 4.227e+02 4.658e+02))
|            ( - -4.237e+04 6 0 QUESTION2_5_L -1 2.736e+02 2.253e+02))
|        ( - -2.434e+05 28 0 QUESTION0_1_R 1 4.252e+02 1.325e+03))
|    ( WDBNDRY_E 0 -3.921e+05 7.245e+02 2.094e+03
|        ( SILENCE 1 -1.448e+05 5.507e+02 7.813e+02
|            ( - -5.620e+03 1 0)
|            ( - -1.387e+05 21 0 QUESTION0_18_R 1 4.400e+02 7.523e+02))
|        ( QUESTION8 -1 -2.466e+05 7.893e+02 1.313e+03
|            ( - -2.241e+04 1 0)
|            ( - -2.234e+05 18 0 QUESTION12 -1 4.743e+02 1.186e+03))))
s>    ( QUESTION4 -1 -7.810e+05 1.576e+03 4.175e+03
s>        ( WDBNDRY_B 0 -3.872e+05 9.424e+02 2.081e+03
s>            ( QUESTION0_0_R 1 -1.429e+05 5.095e+02 7.550e+02
s>                ( QUESTION2_3_L -1 -1.001e+05 5.334e+02 5.298e+02
s>                    ( - -1.145e+04 1 0)
s>                    ( - -8.809e+04 10 0 QUESTION2_11_L -1 4.227e+02 4.658e+02))
s>                ( - -4.237e+04 6 0 QUESTION2_5_L -1 2.736e+02 2.253e+02))
s>            ( - -2.434e+05 28 0 QUESTION0_1_R 1 4.252e+02 1.325e+03))
s>        ( WDBNDRY_E 0 -3.921e+05 7.245e+02 2.094e+03
s>            ( SILENCE 1 -1.448e+05 5.507e+02 7.813e+02
s>                ( - -5.620e+03 1 0)
s>                ( - -1.387e+05 21 0 QUESTION0_18_R 1 4.400e+02 7.523e+02))
s>            ( QUESTION8 -1 -2.466e+05 7.893e+02 1.313e+03
s>                ( - -2.241e+04 1 0)
s>                ( - -2.234e+05 18 0 QUESTION12 -1 4.743e+02 1.186e+03))))INFO: dtree.c(1315): Comp split 1
INFO: dtree.c(1478): Final simple tree
|( WDBNDRY_E 0 -4.929e+05 9.113e+02 2.624e+03
|    ( SILENCE 1 -1.448e+05 5.507e+02 7.813e+02
|        ( - -5.620e+03 1 0)
|        ( QUESTION0_18_R 1 -1.387e+05 4.400e+02 7.523e+02
|            ( - 1.323e+02 1 0)
|            ( - -1.384e+05 20 0 QUESTION0_1_R 1 3.418e+02 7.513e+02)))
|    ( QUESTION8 -1 -3.471e+05 8.542e+02 1.843e+03
|        ( - -2.241e+04 1 0)
|        ( QUESTION2_0_L -1 -3.239e+05 4.806e+02 1.716e+03
|            ( QUESTION12 -1 -2.443e+05 4.551e+02 1.297e+03
|                ( - -7.446e+04 5 0 QUESTION19 -1 2.396e+02 4.061e+02)
|                ( QUESTION2 -1 -1.694e+05 4.656e+02 8.909e+02
|                    ( - -1.189e+05 7 0 QUESTION0_0_R 1 1.926e+02 6.332e+02)
|                    ( - -5.007e+04 10 0 QUESTION2_4_L -1 4.366e+02 2.577e+02)))
|            ( - -7.902e+04 7 0))))
s>    ( WDBNDRY_E 0 -4.929e+05 9.113e+02 2.624e+03
s>        ( SILENCE 1 -1.448e+05 5.507e+02 7.813e+02
s>            ( - -5.620e+03 1 0)
s>            ( QUESTION0_18_R 1 -1.387e+05 4.400e+02 7.523e+02
s>                ( - 1.323e+02 1 0)
s>                ( - -1.384e+05 20 0 QUESTION0_1_R 1 3.418e+02 7.513e+02)))
s>        ( QUESTION8 -1 -3.471e+05 8.542e+02 1.843e+03
s>            ( - -2.241e+04 1 0)
s>            ( QUESTION2_0_L -1 -3.239e+05 4.806e+02 1.716e+03
s>                ( QUESTION12 -1 -2.443e+05 4.551e+02 1.297e+03
s>                    ( - -7.446e+04 5 0 QUESTION19 -1 2.396e+02 4.061e+02)
s>                    ( QUESTION2 -1 -1.694e+05 4.656e+02 8.909e+02
s>                        ( - -1.189e+05 7 0 QUESTION0_0_R 1 1.926e+02 6.332e+02)
s>                        ( - -5.007e+04 10 0 QUESTION2_4_L -1 4.366e+02 2.577e+02)))
s>                ( - -7.902e+04 7 0))))INFO: dtree.c(1478): Final simple tree
|( QUESTION0_1_R 1 -2.861e+05 4.739e+02 1.551e+03
|    ( QUESTION2_0_L -1 -1.084e+05 3.546e+02 6.015e+02
|        ( QUESTION0_2_R 1 -3.260e+04 3.786e+02 1.830e+02
|            ( - -4.080e+03 1 0)
|            ( - -2.815e+04 5 0 QUESTION0 1 2.944e+02 1.580e+02))
|        ( - -7.545e+04 7 0 QUESTION0 1 3.262e+02 4.185e+02))
|    ( QUESTION0_12_R 1 -1.772e+05 4.353e+02 9.492e+02
|        ( - -2.267e+04 3 0 QUESTION2_0_L -1 1.771e+02 1.245e+02)
|        ( QUESTION10 1 -1.541e+05 3.597e+02 8.248e+02
|            ( - -2.848e+04 1 0)
|            ( QUESTION0_8_R 1 -1.253e+05 3.518e+02 6.673e+02
|                ( - -2.216e+04 2 0 WDBNDRY_E 0 2.538e+02 1.251e+02)
|                ( WDBNDRY_B 0 -1.028e+05 3.382e+02 5.422e+02
|                    ( - -4.237e+04 6 0 QUESTION2_5_L -1 2.736e+02 2.253e+02)
|                    ( - -6.006e+04 9 0 QUESTION0_11_R 1 2.412e+02 3.169e+02))))))
s>    ( QUESTION0_1_R 1 -2.861e+05 4.739e+02 1.551e+03
s>        ( QUESTION2_0_L -1 -1.084e+05 3.546e+02 6.015e+02
s>            ( QUESTION0_2_R 1 -3.260e+04 3.786e+02 1.830e+02
s>                ( - -4.080e+03 1 0)
s>                ( - -2.815e+04 5 0 QUESTION0 1 2.944e+02 1.580e+02))
s>            ( - -7.545e+04 7 0 QUESTION0 1 3.262e+02 4.185e+02))
s>        ( QUESTION0_12_R 1 -1.772e+05 4.353e+02 9.492e+02
s>            ( - -2.267e+04 3 0 QUESTION2_0_L -1 1.771e+02 1.245e+02)
s>            ( QUESTION10 1 -1.541e+05 3.597e+02 8.248e+02
s>                ( - -2.848e+04 1 0)
s>                ( QUESTION0_8_R 1 -1.253e+05 3.518e+02 6.673e+02
s>                    ( - -2.216e+04 2 0 WDBNDRY_E 0 2.538e+02 1.251e+02)
s>                    ( WDBNDRY_B 0 -1.028e+05 3.382e+02 5.422e+02
s>                        ( - -4.237e+04 6 0 QUESTION2_5_L -1 2.736e+02 2.253e+02)
s>                        ( - -6.006e+04 9 0 QUESTION0_11_R 1 2.412e+02 3.169e+02))))))INFO: dtree.c(1315): Comp split 2
INFO: dtree.c(1478): Final simple tree
|( QUESTION6 -1 -2.366e+05 5.663e+02 1.285e+03
|    ( - -2.241e+04 1 0)
|    ( WDBNDRY_B 0 -2.136e+05 4.676e+02 1.158e+03
|        ( QUESTION19 -1 -7.446e+04 2.396e+02 4.061e+02
|            ( - -1.790e+04 2 0 QUESTION0_0_R 1 1.369e+02 9.870e+01)
|            ( - -5.632e+04 3 0 QUESTION0_0_R 1 1.956e+02 3.074e+02))
|        ( QUESTION0_18_R 1 -1.387e+05 4.400e+02 7.523e+02
|            ( - 1.323e+02 1 0)
|            ( QUESTION0_1_R 1 -1.384e+05 3.418e+02 7.513e+02
|                ( QUESTION6 1 -7.416e+04 2.636e+02 4.026e+02
|                    ( - -4.472e+03 1 0)
|                    ( - -6.943e+04 7 0 QUESTION19 1 2.395e+02 3.766e+02))
|                ( QUESTION0_10_R 1 -6.386e+04 3.118e+02 3.487e+02
|                    ( - -1.365e+04 1 0)
|                    ( - -4.990e+04 11 0 QUESTION14 1 2.061e+02 2.734e+02))))))
s>    ( QUESTION6 -1 -2.366e+05 5.663e+02 1.285e+03
s>        ( - -2.241e+04 1 0)
s>        ( WDBNDRY_B 0 -2.136e+05 4.676e+02 1.158e+03
s>            ( QUESTION19 -1 -7.446e+04 2.396e+02 4.061e+02
s>                ( - -1.790e+04 2 0 QUESTION0_0_R 1 1.369e+02 9.870e+01)
s>                ( - -5.632e+04 3 0 QUESTION0_0_R 1 1.956e+02 3.074e+02))
s>            ( QUESTION0_18_R 1 -1.387e+05 4.400e+02 7.523e+02
s>                ( - 1.323e+02 1 0)
s>                ( QUESTION0_1_R 1 -1.384e+05 3.418e+02 7.513e+02
s>                    ( QUESTION6 1 -7.416e+04 2.636e+02 4.026e+02
s>                        ( - -4.472e+03 1 0)
s>                        ( - -6.943e+04 7 0 QUESTION19 1 2.395e+02 3.766e+02))
s>                    ( QUESTION0_10_R 1 -6.386e+04 3.118e+02 3.487e+02
s>                        ( - -1.365e+04 1 0)
s>                        ( - -4.990e+04 11 0 QUESTION14 1 2.061e+02 2.734e+02))))))INFO: dtree.c(1478): Final simple tree
|( WDBNDRY_B 0 -2.550e+05 5.372e+02 1.339e+03
|    ( QUESTION2_3_L -1 -2.287e+05 4.872e+02 1.207e+03
|        ( - -1.145e+04 1 0)
|        ( QUESTION2_11_L -1 -2.168e+05 4.249e+02 1.143e+03
|            ( - 1.055e+02 1 0)
|            ( QUESTION4 -1 -2.165e+05 4.071e+02 1.142e+03
|                ( QUESTION2_18_L -1 -8.778e+04 2.778e+02 4.648e+02
|                    ( - -6.022e+03 1 0)
|                    ( - -8.148e+04 8 0 QUESTION2_0_L -1 1.420e+02 4.318e+02))
|                ( QUESTION2 -1 -1.283e+05 3.177e+02 6.772e+02
|                    ( - -1.189e+05 7 0 QUESTION0_0_R 1 1.926e+02 6.332e+02)
|                    ( - -9.078e+03 4 0 QUESTION10 -1 1.945e+02 4.400e+01)))))
|    ( QUESTION0_9_R 1 -2.573e+04 3.170e+02 1.317e+02
|        ( - -1.055e+04 1 0)
|        ( - -1.486e+04 2 0 WDBNDRY_E 0 2.527e+02 7.401e+01)))
s>    ( WDBNDRY_B 0 -2.550e+05 5.372e+02 1.339e+03
s>        ( QUESTION2_3_L -1 -2.287e+05 4.872e+02 1.207e+03
s>            ( - -1.145e+04 1 0)
s>            ( QUESTION2_11_L -1 -2.168e+05 4.249e+02 1.143e+03
s>                ( - 1.055e+02 1 0)
s>                ( QUESTION4 -1 -2.165e+05 4.071e+02 1.142e+03
s>                    ( QUESTION2_18_L -1 -8.778e+04 2.778e+02 4.648e+02
s>                        ( - -6.022e+03 1 0)
s>                        ( - -8.148e+04 8 0 QUESTION2_0_L -1 1.420e+02 4.318e+02))
s>                    ( QUESTION2 -1 -1.283e+05 3.177e+02 6.772e+02
s>                        ( - -1.189e+05 7 0 QUESTION0_0_R 1 1.926e+02 6.332e+02)
s>                        ( - -9.078e+03 4 0 QUESTION10 -1 1.945e+02 4.400e+01)))))
s>        ( QUESTION0_9_R 1 -2.573e+04 3.170e+02 1.317e+02
s>            ( - -1.055e+04 1 0)
s>            ( - -1.486e+04 2 0 WDBNDRY_E 0 2.527e+02 7.401e+01)))INFO: dtree.c(1315): Comp split 3
INFO: dtree.c(1439): stop. leaf nodes are specific
INFO: dtree.c(1478): Final simple tree
|( QUESTION0_0_R 1 -8.074e+03 2.125e+02 3.489e+01
|    ( - -3.514e+03 2 0)
|    ( WDBNDRY_B 0 -4.348e+03 1.833e+02 1.889e+01
|        ( - -1.404e+03 1 0)
|        ( - -2.761e+03 1 0)))
s>    ( QUESTION0_0_R 1 -8.074e+03 2.125e+02 3.489e+01
s>        ( - -3.514e+03 2 0)
s>        ( WDBNDRY_B 0 -4.348e+03 1.833e+02 1.889e+01
s>            ( - -1.404e+03 1 0)
s>            ( - -2.761e+03 1 0)))INFO: dtree.c(1315): Comp split 4
INFO: dtree.c(1439): stop. leaf nodes are specific
INFO: dtree.c(1478): Final simple tree
|( QUESTION4 -1 -3.602e+04 4.709e+02 1.820e+02
|    ( - -1.145e+04 1 0)
|    ( WDBNDRY_E 0 -2.410e+04 2.742e+02 1.180e+02
|        ( - -5.620e+03 1 0)
|        ( QUESTION10 -1 -1.821e+04 1.787e+02 8.902e+01
|            ( WDBNDRY_B 0 -1.134e+04 1.557e+02 5.602e+01
|                ( - -2.196e+03 1 0)
|                ( - -8.991e+03 1 0))
|            ( QUESTION0_0_R 1 -6.688e+03 2.127e+02 3.300e+01
|                ( QUESTION0 -1 -5.979e+03 1.636e+02 3.100e+01
|                    ( - -3.025e+03 1 0)
|                    ( - -2.791e+03 1 0))
|                ( - -4.961e+02 1 0)))))
s>    ( QUESTION4 -1 -3.602e+04 4.709e+02 1.820e+02
s>        ( - -1.145e+04 1 0)
s>        ( WDBNDRY_E 0 -2.410e+04 2.742e+02 1.180e+02
s>            ( - -5.620e+03 1 0)
s>            ( QUESTION10 -1 -1.821e+04 1.787e+02 8.902e+01
s>                ( WDBNDRY_B 0 -1.134e+04 1.557e+02 5.602e+01
s>                    ( - -2.196e+03 1 0)
s>                    ( - -8.991e+03 1 0))
s>                ( QUESTION0_0_R 1 -6.688e+03 2.127e+02 3.300e+01
s>                    ( QUESTION0 -1 -5.979e+03 1.636e+02 3.100e+01
s>                        ( - -3.025e+03 1 0)
s>                        ( - -2.791e+03 1 0))
s>                    ( - -4.961e+02 1 0)))))INFO: dtree.c(1439): stop. leaf nodes are specific
INFO: dtree.c(1478): Final simple tree
|( QUESTION4 -1 -2.183e+05 4.545e+02 1.157e+03
|    ( QUESTION2_11_L -1 -8.809e+04 4.227e+02 4.658e+02
|        ( - 1.055e+02 1 0)
|        ( QUESTION2_18_L -1 -8.778e+04 2.778e+02 4.648e+02
|            ( - -6.022e+03 1 0)
|            ( QUESTION2_0_L -1 -8.148e+04 1.420e+02 4.318e+02
|                ( - -2.309e+03 1 0)
|                ( - -7.902e+04 7 0))))
|    ( WDBNDRY_B 0 -1.297e+05 2.791e+02 6.909e+02
|        ( QUESTION0_0_R 1 -1.189e+05 1.926e+02 6.332e+02
|            ( - -4.340e+04 4 0)
|            ( - -7.530e+04 3 0))
|        ( - -1.055e+04 1 0)))
s>    ( QUESTION4 -1 -2.183e+05 4.545e+02 1.157e+03
s>        ( QUESTION2_11_L -1 -8.809e+04 4.227e+02 4.658e+02
s>            ( - 1.055e+02 1 0)
s>            ( QUESTION2_18_L -1 -8.778e+04 2.778e+02 4.648e+02
s>                ( - -6.022e+03 1 0)
s>                ( QUESTION2_0_L -1 -8.148e+04 1.420e+02 4.318e+02
s>                    ( - -2.309e+03 1 0)
s>                    ( - -7.902e+04 7 0))))
s>        ( WDBNDRY_B 0 -1.297e+05 2.791e+02 6.909e+02
s>            ( QUESTION0_0_R 1 -1.189e+05 1.926e+02 6.332e+02
s>                ( - -4.340e+04 4 0)
s>                ( - -7.530e+04 3 0))
s>            ( - -1.055e+04 1 0)))INFO: dtree.c(1315): Comp split 5
INFO: dtree.c(1478): Final simple tree
|( QUESTION0_7_R 1 -1.173e+05 4.100e+02 6.323e+02
|    ( QUESTION6 1 -5.676e+04 2.400e+02 3.105e+02
|        ( - -1.819e+03 1 0)
|        ( QUESTION0_11_R 1 -5.470e+04 2.496e+02 3.005e+02
|            ( - -2.050e+04 1 0)
|            ( - -3.396e+04 3 0 QUESTION0_8_R 1 1.652e+02 1.875e+02)))
|    ( QUESTION5 1 -6.017e+04 2.988e+02 3.218e+02
|        ( QUESTION16 1 -2.070e+04 1.981e+02 1.170e+02
|            ( - -8.508e+03 1 0)
|            ( - -1.199e+04 2 0 QUESTION0_4_R 1 1.671e+02 6.801e+01))
|        ( QUESTION0_0_R 1 -3.918e+04 2.599e+02 2.048e+02
|            ( - -7.157e+03 2 0)
|            ( SILENCE 1 -3.176e+04 1.751e+02 1.638e+02
|                ( - -5.347e+03 3 0 QUESTION2_0_L -1 4.458e+02 2.490e+01)
|                ( - -2.624e+04 2 0 QUESTION2_0_L -1 1.593e+02 1.389e+02)))))
s>    ( QUESTION0_7_R 1 -1.173e+05 4.100e+02 6.323e+02
s>        ( QUESTION6 1 -5.676e+04 2.400e+02 3.105e+02
s>            ( - -1.819e+03 1 0)
s>            ( QUESTION0_11_R 1 -5.470e+04 2.496e+02 3.005e+02
s>                ( - -2.050e+04 1 0)
s>                ( - -3.396e+04 3 0 QUESTION0_8_R 1 1.652e+02 1.875e+02)))
s>        ( QUESTION5 1 -6.017e+04 2.988e+02 3.218e+02
s>            ( QUESTION16 1 -2.070e+04 1.981e+02 1.170e+02
s>                ( - -8.508e+03 1 0)
s>                ( - -1.199e+04 2 0 QUESTION0_4_R 1 1.671e+02 6.801e+01))
s>            ( QUESTION0_0_R 1 -3.918e+04 2.599e+02 2.048e+02
s>                ( - -7.157e+03 2 0)
s>                ( SILENCE 1 -3.176e+04 1.751e+02 1.638e+02
s>                    ( - -5.347e+03 3 0 QUESTION2_0_L -1 4.458e+02 2.490e+01)
s>                    ( - -2.624e+04 2 0 QUESTION2_0_L -1 1.593e+02 1.389e+02)))))INFO: dtree.c(1478): Final simple tree
|( QUESTION4 1 -1.682e+05 4.535e+02 9.184e+02
|    ( QUESTION0_7_R 1 -7.071e+04 3.044e+02 3.834e+02
|        ( - -2.216e+04 2 0 WDBNDRY_E 0 2.538e+02 1.251e+02)
|        ( WDBNDRY_B 0 -4.825e+04 2.748e+02 2.583e+02
|            ( QUESTION2_5_L -1 -4.237e+04 2.736e+02 2.253e+02
|                ( - -1.039e+04 1 0)
|                ( - -3.170e+04 5 0 QUESTION2_0_L -1 2.185e+02 1.663e+02))
|            ( - -5.603e+03 1 0)))
|    ( QUESTION0_1_R 1 -9.702e+04 3.313e+02 5.350e+02
|        ( QUESTION2_0_L -1 -7.402e+04 3.370e+02 4.105e+02
|            ( - -4.080e+03 1 0)
|            ( QUESTION0_2_R 1 -6.960e+04 3.321e+02 3.855e+02
|                ( - -1.149e+04 1 0)
|                ( - -5.778e+04 5 0 QUESTION13 1 2.234e+02 3.195e+02)))
|        ( - -2.267e+04 3 0 QUESTION2_0_L -1 1.771e+02 1.245e+02)))
s>    ( QUESTION4 1 -1.682e+05 4.535e+02 9.184e+02
s>        ( QUESTION0_7_R 1 -7.071e+04 3.044e+02 3.834e+02
s>            ( - -2.216e+04 2 0 WDBNDRY_E 0 2.538e+02 1.251e+02)
s>            ( WDBNDRY_B 0 -4.825e+04 2.748e+02 2.583e+02
s>                ( QUESTION2_5_L -1 -4.237e+04 2.736e+02 2.253e+02
s>                    ( - -1.039e+04 1 0)
s>                    ( - -3.170e+04 5 0 QUESTION2_0_L -1 2.185e+02 1.663e+02))
s>                ( - -5.603e+03 1 0)))
s>        ( QUESTION0_1_R 1 -9.702e+04 3.313e+02 5.350e+02
s>            ( QUESTION2_0_L -1 -7.402e+04 3.370e+02 4.105e+02
s>                ( - -4.080e+03 1 0)
s>                ( QUESTION0_2_R 1 -6.960e+04 3.321e+02 3.855e+02
s>                    ( - -1.149e+04 1 0)
s>                    ( - -5.778e+04 5 0 QUESTION13 1 2.234e+02 3.195e+02)))
s>            ( - -2.267e+04 3 0 QUESTION2_0_L -1 1.771e+02 1.245e+02)))INFO: dtree.c(1315): Comp split 6
INFO: dtree.c(1478): Final simple tree
|( WDBNDRY_B 0 -2.136e+05 4.676e+02 1.158e+03
|    ( QUESTION19 -1 -7.446e+04 2.396e+02 4.061e+02
|        ( - -1.790e+04 2 0 QUESTION0_0_R 1 1.369e+02 9.870e+01)
|        ( - -5.632e+04 3 0 QUESTION0_0_R 1 1.956e+02 3.074e+02))
|    ( QUESTION0_18_R 1 -1.387e+05 4.400e+02 7.523e+02
|        ( - 1.323e+02 1 0)
|        ( QUESTION0_1_R 1 -1.384e+05 3.418e+02 7.513e+02
|            ( QUESTION6 1 -7.416e+04 2.636e+02 4.026e+02
|                ( - -4.472e+03 1 0)
|                ( QUESTION19 1 -6.943e+04 2.395e+02 3.766e+02
|                    ( - -3.362e+04 1 0)
|                    ( - -3.557e+04 6 0 QUESTION16 1 1.906e+02 1.938e+02)))
|            ( QUESTION0_10_R 1 -6.386e+04 3.118e+02 3.487e+02
|                ( - -1.365e+04 1 0)
|                ( - -4.990e+04 11 0 QUESTION14 1 2.061e+02 2.734e+02)))))
s>    ( WDBNDRY_B 0 -2.136e+05 4.676e+02 1.158e+03
s>        ( QUESTION19 -1 -7.446e+04 2.396e+02 4.061e+02
s>            ( - -1.790e+04 2 0 QUESTION0_0_R 1 1.369e+02 9.870e+01)
s>            ( - -5.632e+04 3 0 QUESTION0_0_R 1 1.956e+02 3.074e+02))
s>        ( QUESTION0_18_R 1 -1.387e+05 4.400e+02 7.523e+02
s>            ( - 1.323e+02 1 0)
s>            ( QUESTION0_1_R 1 -1.384e+05 3.418e+02 7.513e+02
s>                ( QUESTION6 1 -7.416e+04 2.636e+02 4.026e+02
s>                    ( - -4.472e+03 1 0)
s>                    ( QUESTION19 1 -6.943e+04 2.395e+02 3.766e+02
s>                        ( - -3.362e+04 1 0)
s>                        ( - -3.557e+04 6 0 QUESTION16 1 1.906e+02 1.938e+02)))
s>                ( QUESTION0_10_R 1 -6.386e+04 3.118e+02 3.487e+02
s>                    ( - -1.365e+04 1 0)
s>                    ( - -4.990e+04 11 0 QUESTION14 1 2.061e+02 2.734e+02)))))INFO: dtree.c(1315): Comp split 7
INFO: dtree.c(1478): Final simple tree
|( QUESTION0 1 -9.846e+04 3.529e+02 5.430e+02
|    ( QUESTION0_2_R 1 -1.274e+04 1.933e+02 7.200e+01
|        ( - -1.149e+04 1 0)
|        ( - -1.053e+03 1 0))
|    ( QUESTION14 1 -8.537e+04 3.349e+02 4.710e+02
|        ( QUESTION0_4_R 1 -5.102e+04 1.857e+02 2.835e+02
|            ( - -2.638e+04 1 0)
|            ( - -2.446e+04 1 0))
|        ( QUESTION0_2_R 1 -3.401e+04 2.407e+02 1.875e+02
|            ( - -5.603e+03 1 0)
|            ( QUESTION2_0_L -1 -2.817e+04 1.933e+02 1.545e+02
|                ( - -4.120e+03 2 0 QUESTION0_14_R 1 1.416e+02 2.300e+01)
|                ( QUESTION0_1_R 1 -2.386e+04 1.534e+02 1.315e+02
|                    ( - -5.330e+03 2 0)
|                    ( - -1.837e+04 1 0))))))
s>    ( QUESTION0 1 -9.846e+04 3.529e+02 5.430e+02
s>        ( QUESTION0_2_R 1 -1.274e+04 1.933e+02 7.200e+01
s>            ( - -1.149e+04 1 0)
s>            ( - -1.053e+03 1 0))
s>        ( QUESTION14 1 -8.537e+04 3.349e+02 4.710e+02
s>            ( QUESTION0_4_R 1 -5.102e+04 1.857e+02 2.835e+02
s>                ( - -2.638e+04 1 0)
s>                ( - -2.446e+04 1 0))
s>            ( QUESTION0_2_R 1 -3.401e+04 2.407e+02 1.875e+02
s>                ( - -5.603e+03 1 0)
s>                ( QUESTION2_0_L -1 -2.817e+04 1.933e+02 1.545e+02
s>                    ( - -4.120e+03 2 0 QUESTION0_14_R 1 1.416e+02 2.300e+01)
s>                    ( QUESTION0_1_R 1 -2.386e+04 1.534e+02 1.315e+02
s>                        ( - -5.330e+03 2 0)
s>                        ( - -1.837e+04 1 0))))))INFO: dtree.c(1439): stop. leaf nodes are specific
INFO: dtree.c(1478): Final simple tree
|( QUESTION0_1_R 1 -6.919e+04 2.901e+02 3.754e+02
|    ( - -4.080e+03 1 0)
|    ( WDBNDRY_E 0 -6.482e+04 2.973e+02 3.504e+02
|        ( - -1.415e+04 1 0)
|        ( QUESTION2_5_L -1 -5.036e+04 2.540e+02 2.693e+02
|            ( - -1.039e+04 1 0)
|            ( WDBNDRY_B 0 -3.972e+04 2.666e+02 2.103e+02
|                ( QUESTION2_0_L -1 -3.170e+04 2.185e+02 1.663e+02
|                    ( QUESTION2_3_L -1 -4.889e+03 1.867e+02 2.325e+01
|                        ( - -6.519e+02 1 0)
|                        ( - -4.050e+03 1 0))
|                    ( - -2.660e+04 3 0))
|                ( - -7.750e+03 1 0)))))
s>    ( QUESTION0_1_R 1 -6.919e+04 2.901e+02 3.754e+02
s>        ( - -4.080e+03 1 0)
s>        ( WDBNDRY_E 0 -6.482e+04 2.973e+02 3.504e+02
s>            ( - -1.415e+04 1 0)
s>            ( QUESTION2_5_L -1 -5.036e+04 2.540e+02 2.693e+02
s>                ( - -1.039e+04 1 0)
s>                ( WDBNDRY_B 0 -3.972e+04 2.666e+02 2.103e+02
s>                    ( QUESTION2_0_L -1 -3.170e+04 2.185e+02 1.663e+02
s>                        ( QUESTION2_3_L -1 -4.889e+03 1.867e+02 2.325e+01
s>                            ( - -6.519e+02 1 0)
s>                            ( - -4.050e+03 1 0))
s>                        ( - -2.660e+04 3 0))
s>                    ( - -7.750e+03 1 0)))))INFO: dtree.c(1315): Comp split 8
INFO: dtree.c(1478): Final simple tree
|( WDBNDRY_B 0 -1.247e+05 3.046e+02 6.796e+02
|    ( QUESTION19 -1 -7.446e+04 2.396e+02 4.061e+02
|        ( - -1.790e+04 2 0 QUESTION0_0_R 1 1.369e+02 9.870e+01)
|        ( QUESTION0_0_R 1 -5.632e+04 1.956e+02 3.074e+02
|            ( - -4.675e+04 2 0)
|            ( - -9.380e+03 1 0)))
|    ( QUESTION14 1 -4.990e+04 2.061e+02 2.734e+02
|        ( - -9.141e+03 1 0)
|        ( QUESTION0_0_R 1 -4.055e+04 1.990e+02 2.215e+02
|            ( QUESTION11 1 -3.116e+04 2.125e+02 1.707e+02
|                ( - -1.027e+04 2 0)
|                ( QUESTION4 1 -2.067e+04 1.391e+02 1.117e+02
|                    ( - -1.609e+04 6 0 QUESTION0_15_R 1 1.187e+02 8.572e+01)
|                    ( - -4.442e+03 1 0)))
|            ( - -9.194e+03 1 0))))
s>    ( WDBNDRY_B 0 -1.247e+05 3.046e+02 6.796e+02
s>        ( QUESTION19 -1 -7.446e+04 2.396e+02 4.061e+02
s>            ( - -1.790e+04 2 0 QUESTION0_0_R 1 1.369e+02 9.870e+01)
s>            ( QUESTION0_0_R 1 -5.632e+04 1.956e+02 3.074e+02
s>                ( - -4.675e+04 2 0)
s>                ( - -9.380e+03 1 0)))
s>        ( QUESTION14 1 -4.990e+04 2.061e+02 2.734e+02
s>            ( - -9.141e+03 1 0)
s>            ( QUESTION0_0_R 1 -4.055e+04 1.990e+02 2.215e+02
s>                ( QUESTION11 1 -3.116e+04 2.125e+02 1.707e+02
s>                    ( - -1.027e+04 2 0)
s>                    ( QUESTION4 1 -2.067e+04 1.391e+02 1.117e+02
s>                        ( - -1.609e+04 6 0 QUESTION0_15_R 1 1.187e+02 8.572e+01)
s>                        ( - -4.442e+03 1 0)))
s>                ( - -9.194e+03 1 0))))INFO: dtree.c(1478): Final simple tree
|( QUESTION0_11_R 1 -8.846e+04 4.389e+02 4.789e+02
|    ( - 1.323e+02 1 0)
|    ( QUESTION0_1_R 1 -8.815e+04 3.370e+02 4.779e+02
|        ( QUESTION6 1 -7.416e+04 2.636e+02 4.026e+02
|            ( - -4.472e+03 1 0)
|            ( QUESTION19 1 -6.943e+04 2.395e+02 3.766e+02
|                ( - -3.362e+04 1 0)
|                ( QUESTION16 1 -3.557e+04 1.906e+02 1.938e+02
|                    ( - -3.310e+03 1 0)
|                    ( QUESTION13 1 -3.207e+04 1.702e+02 1.738e+02
|                        ( - -3.156e+02 1 0)
|                        ( QUESTION0_2_R 1 -3.158e+04 1.495e+02 1.718e+02
|                            ( - -2.313e+04 1 0)
|                            ( - -8.300e+03 3 0 QUESTION0_4_R 1 1.154e+02 4.600e+01))))))
|        ( - -1.365e+04 1 0)))
s>    ( QUESTION0_11_R 1 -8.846e+04 4.389e+02 4.789e+02
s>        ( - 1.323e+02 1 0)
s>        ( QUESTION0_1_R 1 -8.815e+04 3.370e+02 4.779e+02
s>            ( QUESTION6 1 -7.416e+04 2.636e+02 4.026e+02
s>                ( - -4.472e+03 1 0)
s>                ( QUESTION19 1 -6.943e+04 2.395e+02 3.766e+02
s>                    ( - -3.362e+04 1 0)
s>                    ( QUESTION16 1 -3.557e+04 1.906e+02 1.938e+02
s>                        ( - -3.310e+03 1 0)
s>                        ( QUESTION13 1 -3.207e+04 1.702e+02 1.738e+02
s>                            ( - -3.156e+02 1 0)
s>                            ( QUESTION0_2_R 1 -3.158e+04 1.495e+02 1.718e+02
s>                                ( - -2.313e+04 1 0)
s>                                ( - -8.300e+03 3 0 QUESTION0_4_R 1 1.154e+02 4.600e+01))))))
s>            ( - -1.365e+04 1 0)))INFO: dtree.c(1315): Comp split 9
INFO: dtree.c(1439): stop. leaf nodes are specific
INFO: dtree.c(1478): Final simple tree
|( WDBNDRY_E 0 -2.410e+04 2.742e+02 1.180e+02
|    ( - -5.620e+03 1 0)
|    ( QUESTION10 -1 -1.821e+04 1.787e+02 8.902e+01
|        ( WDBNDRY_B 0 -1.134e+04 1.557e+02 5.602e+01
|            ( - -2.196e+03 1 0)
|            ( - -8.991e+03 1 0))
|        ( QUESTION0_0_R 1 -6.688e+03 2.127e+02 3.300e+01
|            ( QUESTION0 -1 -5.979e+03 1.636e+02 3.100e+01
|                ( - -3.025e+03 1 0)
|                ( - -2.791e+03 1 0))
|            ( - -4.961e+02 1 0))))
s>    ( WDBNDRY_E 0 -2.410e+04 2.742e+02 1.180e+02
s>        ( - -5.620e+03 1 0)
s>        ( QUESTION10 -1 -1.821e+04 1.787e+02 8.902e+01
s>            ( WDBNDRY_B 0 -1.134e+04 1.557e+02 5.602e+01
s>                ( - -2.196e+03 1 0)
s>                ( - -8.991e+03 1 0))
s>            ( QUESTION0_0_R 1 -6.688e+03 2.127e+02 3.300e+01
s>                ( QUESTION0 -1 -5.979e+03 1.636e+02 3.100e+01
s>                    ( - -3.025e+03 1 0)
s>                    ( - -2.791e+03 1 0))
s>                ( - -4.961e+02 1 0))))INFO: dtree.c(1315): Comp split 10
INFO: dtree.c(1439): stop. leaf nodes are specific
INFO: dtree.c(1478): Final simple tree
|( QUESTION2_11_L -1 -8.809e+04 4.227e+02 4.658e+02
|    ( - 1.055e+02 1 0)
|    ( QUESTION2_18_L -1 -8.778e+04 2.778e+02 4.648e+02
|        ( - -6.022e+03 1 0)
|        ( QUESTION2_0_L -1 -8.148e+04 1.420e+02 4.318e+02
|            ( - -2.309e+03 1 0)
|            ( - -7.902e+04 7 0))))
s>    ( QUESTION2_11_L -1 -8.809e+04 4.227e+02 4.658e+02
s>        ( - 1.055e+02 1 0)
s>        ( QUESTION2_18_L -1 -8.778e+04 2.778e+02 4.648e+02
s>            ( - -6.022e+03 1 0)
s>            ( QUESTION2_0_L -1 -8.148e+04 1.420e+02 4.318e+02
s>                ( - -2.309e+03 1 0)
s>                ( - -7.902e+04 7 0))))INFO: dtree.c(1439): stop. leaf nodes are specific
INFO: dtree.c(1478): Final simple tree
|( WDBNDRY_B 0 -1.297e+05 2.791e+02 6.909e+02
|    ( QUESTION0_0_R 1 -1.189e+05 1.926e+02 6.332e+02
|        ( - -4.340e+04 4 0)
|        ( - -7.530e+04 3 0))
|    ( - -1.055e+04 1 0))
s>    ( WDBNDRY_B 0 -1.297e+05 2.791e+02 6.909e+02
s>        ( QUESTION0_0_R 1 -1.189e+05 1.926e+02 6.332e+02
s>            ( - -4.340e+04 4 0)
s>            ( - -7.530e+04 3 0))
s>        ( - -1.055e+04 1 0))INFO: dtree.c(1315): Comp split 11
INFO: dtree.c(1478): Final simple tree
|( QUESTION0_1_R 1 -8.815e+04 3.370e+02 4.779e+02
|    ( QUESTION6 1 -7.416e+04 2.636e+02 4.026e+02
|        ( - -4.472e+03 1 0)
|        ( QUESTION19 1 -6.943e+04 2.395e+02 3.766e+02
|            ( - -3.362e+04 1 0)
|            ( QUESTION16 1 -3.557e+04 1.906e+02 1.938e+02
|                ( - -3.310e+03 1 0)
|                ( QUESTION13 1 -3.207e+04 1.702e+02 1.738e+02
|                    ( - -3.156e+02 1 0)
|                    ( QUESTION0_2_R 1 -3.158e+04 1.495e+02 1.718e+02
|                        ( - -2.313e+04 1 0)
|                        ( QUESTION0_4_R 1 -8.300e+03 1.154e+02 4.600e+01
|                            ( - -4.413e+03 1 0)
|                            ( - -3.771e+03 2 0)))))))
|    ( - -1.365e+04 1 0))
s>    ( QUESTION0_1_R 1 -8.815e+04 3.370e+02 4.779e+02
s>        ( QUESTION6 1 -7.416e+04 2.636e+02 4.026e+02
s>            ( - -4.472e+03 1 0)
s>            ( QUESTION19 1 -6.943e+04 2.395e+02 3.766e+02
s>                ( - -3.362e+04 1 0)
s>                ( QUESTION16 1 -3.557e+04 1.906e+02 1.938e+02
s>                    ( - -3.310e+03 1 0)
s>                    ( QUESTION13 1 -3.207e+04 1.702e+02 1.738e+02
s>                        ( - -3.156e+02 1 0)
s>                        ( QUESTION0_2_R 1 -3.158e+04 1.495e+02 1.718e+02
s>                            ( - -2.313e+04 1 0)
s>                            ( QUESTION0_4_R 1 -8.300e+03 1.154e+02 4.600e+01
s>                                ( - -4.413e+03 1 0)
s>                                ( - -3.771e+03 2 0)))))))
s>        ( - -1.365e+04 1 0))INFO: dtree.c(1315): Comp split 12
INFO: dtree.c(1439): stop. leaf nodes are specific
INFO: dtree.c(1478): Final simple tree
|( QUESTION6 1 -6.231e+04 2.343e+02 3.354e+02
|    ( - -1.819e+03 1 0)
|    ( QUESTION0_11_R 1 -6.025e+04 2.236e+02 3.254e+02
|        ( - -2.050e+04 1 0)
|        ( SILENCE 1 -3.953e+04 2.297e+02 2.124e+02
|            ( QUESTION2_0_L -1 -5.347e+03 4.458e+02 2.490e+01
|                ( - 1.268e+02 1 0)
|                ( - -5.028e+03 2 0))
|            ( QUESTION0_8_R 1 -3.396e+04 1.652e+02 1.875e+02
|                ( - -2.848e+04 1 0)
|                ( QUESTION2_0_L -1 -5.310e+03 1.401e+02 3.000e+01
|                    ( - -4.678e+03 1 0)
|                    ( - -4.917e+02 1 0))))))
s>    ( QUESTION6 1 -6.231e+04 2.343e+02 3.354e+02
s>        ( - -1.819e+03 1 0)
s>        ( QUESTION0_11_R 1 -6.025e+04 2.236e+02 3.254e+02
s>            ( - -2.050e+04 1 0)
s>            ( SILENCE 1 -3.953e+04 2.297e+02 2.124e+02
s>                ( QUESTION2_0_L -1 -5.347e+03 4.458e+02 2.490e+01
s>                    ( - 1.268e+02 1 0)
s>                    ( - -5.028e+03 2 0))
s>                ( QUESTION0_8_R 1 -3.396e+04 1.652e+02 1.875e+02
s>                    ( - -2.848e+04 1 0)
s>                    ( QUESTION2_0_L -1 -5.310e+03 1.401e+02 3.000e+01
s>                        ( - -4.678e+03 1 0)
s>                        ( - -4.917e+02 1 0))))))INFO: dtree.c(1439): stop. leaf nodes are specific
INFO: dtree.c(1478): Final simple tree
|( QUESTION0 1 -5.460e+04 2.826e+02 2.969e+02
|    ( - -7.157e+03 2 0)
|    ( QUESTION0_6_R 1 -4.716e+04 2.319e+02 2.559e+02
|        ( QUESTION15 1 -1.829e+04 1.910e+02 1.040e+02
|            ( - -9.594e+03 1 0)
|            ( - -8.508e+03 1 0))
|        ( QUESTION0_0_R 1 -2.864e+04 1.736e+02 1.519e+02
|            ( - -2.228e+03 1 0)
|            ( QUESTION2_0_L -1 -2.624e+04 1.593e+02 1.389e+02
|                ( - -9.095e+03 1 0)
|                ( - -1.698e+04 1 0)))))
s>    ( QUESTION0 1 -5.460e+04 2.826e+02 2.969e+02
s>        ( - -7.157e+03 2 0)
s>        ( QUESTION0_6_R 1 -4.716e+04 2.319e+02 2.559e+02
s>            ( QUESTION15 1 -1.829e+04 1.910e+02 1.040e+02
s>                ( - -9.594e+03 1 0)
s>                ( - -8.508e+03 1 0))
s>            ( QUESTION0_0_R 1 -2.864e+04 1.736e+02 1.519e+02
s>                ( - -2.228e+03 1 0)
s>                ( QUESTION2_0_L -1 -2.624e+04 1.593e+02 1.389e+02
s>                    ( - -9.095e+03 1 0)
s>                    ( - -1.698e+04 1 0)))))INFO: dtree.c(1315): Comp split 13
INFO: dtree.c(1439): stop. leaf nodes are specific
INFO: dtree.c(1478): Final simple tree
|( QUESTION6 1 -6.198e+04 2.351e+02 3.344e+02
|    ( - -1.819e+03 1 0)
|    ( QUESTION0_11_R 1 -5.992e+04 2.350e+02 3.244e+02
|        ( - -2.050e+04 1 0)
|        ( SILENCE 1 -3.919e+04 2.056e+02 2.114e+02
|            ( - -5.028e+03 2 0)
|            ( QUESTION0_8_R 1 -3.396e+04 1.652e+02 1.875e+02
|                ( - -2.848e+04 1 0)
|                ( QUESTION2_0_L -1 -5.310e+03 1.401e+02 3.000e+01
|                    ( - -4.678e+03 1 0)
|                    ( - -4.917e+02 1 0))))))
s>    ( QUESTION6 1 -6.198e+04 2.351e+02 3.344e+02
s>        ( - -1.819e+03 1 0)
s>        ( QUESTION0_11_R 1 -5.992e+04 2.350e+02 3.244e+02
s>            ( - -2.050e+04 1 0)
s>            ( SILENCE 1 -3.919e+04 2.056e+02 2.114e+02
s>                ( - -5.028e+03 2 0)
s>                ( QUESTION0_8_R 1 -3.396e+04 1.652e+02 1.875e+02
s>                    ( - -2.848e+04 1 0)
s>                    ( QUESTION2_0_L -1 -5.310e+03 1.401e+02 3.000e+01
s>                        ( - -4.678e+03 1 0)
s>                        ( - -4.917e+02 1 0))))))INFO: dtree.c(1315): Comp split 14
INFO: dtree.c(1439): stop. leaf nodes are specific
INFO: dtree.c(1478): Final simple tree
|( QUESTION2_18_L -1 -8.778e+04 2.778e+02 4.648e+02
|    ( - -6.022e+03 1 0)
|    ( QUESTION2_0_L -1 -8.148e+04 1.420e+02 4.318e+02
|        ( - -2.309e+03 1 0)
|        ( - -7.902e+04 7 0)))
s>    ( QUESTION2_18_L -1 -8.778e+04 2.778e+02 4.648e+02
s>        ( - -6.022e+03 1 0)
s>        ( QUESTION2_0_L -1 -8.148e+04 1.420e+02 4.318e+02
s>            ( - -2.309e+03 1 0)
s>            ( - -7.902e+04 7 0)))INFO: dtree.c(1315): Comp split 15
INFO: dtree.c(1439): stop. leaf nodes are specific
INFO: dtree.c(1478): Final simple tree
|( QUESTION0_2_R 1 -3.814e+04 2.690e+02 2.128e+02
|    ( - -1.149e+04 1 0)
|    ( - -2.638e+04 1 0))
s>    ( QUESTION0_2_R 1 -3.814e+04 2.690e+02 2.128e+02
s>        ( - -1.149e+04 1 0)
s>        ( - -2.638e+04 1 0))INFO: dtree.c(1439): stop. leaf nodes are specific
INFO: dtree.c(1478): Final simple tree
|( QUESTION0_1_R 1 -5.992e+04 2.552e+02 3.302e+02
|    ( QUESTION0_6_R 1 -3.699e+04 2.111e+02 2.058e+02
|        ( QUESTION0 1 -2.567e+04 1.571e+02 1.428e+02
|            ( - -1.053e+03 1 0)
|            ( - -2.446e+04 1 0))
|        ( QUESTION0_2_R 1 -1.112e+04 1.831e+02 6.300e+01
|            ( - -5.603e+03 1 0)
|            ( - -5.330e+03 2 0)))
|    ( QUESTION2_0_L -1 -2.267e+04 1.771e+02 1.245e+02
|        ( QUESTION0_14_R 1 -4.120e+03 1.416e+02 2.300e+01
|            ( - -2.104e+03 1 0)
|            ( - -1.874e+03 1 0))
|        ( - -1.837e+04 1 0)))
s>    ( QUESTION0_1_R 1 -5.992e+04 2.552e+02 3.302e+02
s>        ( QUESTION0_6_R 1 -3.699e+04 2.111e+02 2.058e+02
s>            ( QUESTION0 1 -2.567e+04 1.571e+02 1.428e+02
s>                ( - -1.053e+03 1 0)
s>                ( - -2.446e+04 1 0))
s>            ( QUESTION0_2_R 1 -1.112e+04 1.831e+02 6.300e+01
s>                ( - -5.603e+03 1 0)
s>                ( - -5.330e+03 2 0)))
s>        ( QUESTION2_0_L -1 -2.267e+04 1.771e+02 1.245e+02
s>            ( QUESTION0_14_R 1 -4.120e+03 1.416e+02 2.300e+01
s>                ( - -2.104e+03 1 0)
s>                ( - -1.874e+03 1 0))
s>            ( - -1.837e+04 1 0)))INFO: dtree.c(1315): Comp split 16
INFO: dtree.c(1439): stop. leaf nodes are specific
INFO: dtree.c(1478): Final simple tree
|( WDBNDRY_B 0 -7.721e+04 2.195e+02 4.191e+02
|    ( QUESTION0_0_R 1 -5.632e+04 1.956e+02 3.074e+02
|        ( - -4.675e+04 2 0)
|        ( - -9.380e+03 1 0))
|    ( QUESTION4 1 -2.067e+04 1.391e+02 1.117e+02
|        ( QUESTION0_15_R 1 -1.609e+04 1.187e+02 8.572e+01
|            ( - -1.563e+03 1 0)
|            ( QUESTION0_12_R 1 -1.441e+04 4.712e+02 7.672e+01
|                ( - 1.507e+02 1 0)
|                ( QUESTION0_8_R 1 -1.409e+04 2.119e+02 7.572e+01
|                    ( - -1.347e+04 3 0)
|                    ( - -4.024e+02 1 0))))
|        ( - -4.442e+03 1 0)))
s>    ( WDBNDRY_B 0 -7.721e+04 2.195e+02 4.191e+02
s>        ( QUESTION0_0_R 1 -5.632e+04 1.956e+02 3.074e+02
s>            ( - -4.675e+04 2 0)
s>            ( - -9.380e+03 1 0))
s>        ( QUESTION4 1 -2.067e+04 1.391e+02 1.117e+02
s>            ( QUESTION0_15_R 1 -1.609e+04 1.187e+02 8.572e+01
s>                ( - -1.563e+03 1 0)
s>                ( QUESTION0_12_R 1 -1.441e+04 4.712e+02 7.672e+01
s>                    ( - 1.507e+02 1 0)
s>                    ( QUESTION0_8_R 1 -1.409e+04 2.119e+02 7.572e+01
s>                        ( - -1.347e+04 3 0)
s>                        ( - -4.024e+02 1 0))))
s>            ( - -4.442e+03 1 0)))INFO: dtree.c(1439): stop. leaf nodes are specific
INFO: dtree.c(1478): Final simple tree
|( WDBNDRY_B 0 -4.709e+04 2.605e+02 2.604e+02
|    ( QUESTION0_0_R 1 -1.790e+04 1.369e+02 9.870e+01
|        ( - -1.072e+04 1 0)
|        ( - -7.044e+03 1 0))
|    ( QUESTION0_0_R 1 -2.892e+04 1.717e+02 1.617e+02
|        ( QUESTION11 1 -1.955e+04 1.416e+02 1.109e+02
|            ( - -1.027e+04 2 0)
|            ( - -9.141e+03 1 0))
|        ( - -9.194e+03 1 0)))
s>    ( WDBNDRY_B 0 -4.709e+04 2.605e+02 2.604e+02
s>        ( QUESTION0_0_R 1 -1.790e+04 1.369e+02 9.870e+01
s>            ( - -1.072e+04 1 0)
s>            ( - -7.044e+03 1 0))
s>        ( QUESTION0_0_R 1 -2.892e+04 1.717e+02 1.617e+02
s>            ( QUESTION11 1 -1.955e+04 1.416e+02 1.109e+02
s>                ( - -1.027e+04 2 0)
s>                ( - -9.141e+03 1 0))
s>            ( - -9.194e+03 1 0)))INFO: dtree.c(1315): Comp split 17
INFO: dtree.c(1439): stop. leaf nodes are specific
INFO: dtree.c(1478): Final simple tree
|( WDBNDRY_B 0 -7.689e+04 2.221e+02 4.181e+02
|    ( QUESTION0_0_R 1 -5.632e+04 1.956e+02 3.074e+02
|        ( - -4.675e+04 2 0)
|        ( - -9.380e+03 1 0))
|    ( QUESTION4 1 -2.035e+04 1.395e+02 1.107e+02
|        ( QUESTION0_8_R 1 -1.577e+04 1.198e+02 8.472e+01
|            ( - -1.347e+04 3 0)
|            ( QUESTION0_12_R 1 -2.176e+03 2.102e+02 1.100e+01
|                ( - -1.563e+03 1 0)
|                ( - -4.024e+02 1 0)))
|        ( - -4.442e+03 1 0)))
s>    ( WDBNDRY_B 0 -7.689e+04 2.221e+02 4.181e+02
s>        ( QUESTION0_0_R 1 -5.632e+04 1.956e+02 3.074e+02
s>            ( - -4.675e+04 2 0)
s>            ( - -9.380e+03 1 0))
s>        ( QUESTION4 1 -2.035e+04 1.395e+02 1.107e+02
s>            ( QUESTION0_8_R 1 -1.577e+04 1.198e+02 8.472e+01
s>                ( - -1.347e+04 3 0)
s>                ( QUESTION0_12_R 1 -2.176e+03 2.102e+02 1.100e+01
s>                    ( - -1.563e+03 1 0)
s>                    ( - -4.024e+02 1 0)))
s>            ( - -4.442e+03 1 0)))INFO: dtree.c(1315): Comp split 18
INFO: dtree.c(1439): stop. leaf nodes are specific
INFO: dtree.c(1478): Final simple tree
|( QUESTION2_0_L -1 -3.170e+04 2.185e+02 1.663e+02
|    ( QUESTION2_3_L -1 -4.889e+03 1.867e+02 2.325e+01
|        ( - -6.519e+02 1 0)
|        ( - -4.050e+03 1 0))
|    ( - -2.660e+04 3 0))
s>    ( QUESTION2_0_L -1 -3.170e+04 2.185e+02 1.663e+02
s>        ( QUESTION2_3_L -1 -4.889e+03 1.867e+02 2.325e+01
s>            ( - -6.519e+02 1 0)
s>            ( - -4.050e+03 1 0))
s>        ( - -2.660e+04 3 0))INFO: dtree.c(1439): stop. leaf nodes are specific
INFO: dtree.c(1478): Final simple tree
|( QUESTION2_0_L -1 -3.713e+04 3.028e+02 2.091e+02
|    ( WDBNDRY_E 0 -2.268e+04 2.402e+02 1.280e+02
|        ( - -4.080e+03 1 0)
|        ( WDBNDRY_B 0 -1.836e+04 2.154e+02 1.030e+02
|            ( - -1.039e+04 1 0)
|            ( - -7.750e+03 1 0)))
|    ( - -1.415e+04 1 0))
s>    ( QUESTION2_0_L -1 -3.713e+04 3.028e+02 2.091e+02
s>        ( WDBNDRY_E 0 -2.268e+04 2.402e+02 1.280e+02
s>            ( - -4.080e+03 1 0)
s>            ( WDBNDRY_B 0 -1.836e+04 2.154e+02 1.030e+02
s>                ( - -1.039e+04 1 0)
s>                ( - -7.750e+03 1 0)))
s>        ( - -1.415e+04 1 0))INFO: dtree.c(1315): Comp split 19
INFO: dtree.c(1439): stop. leaf nodes are specific
INFO: dtree.c(1478): Final simple tree
|( QUESTION0_1_R 1 -1.413e+04 1.593e+02 7.726e+01
|    ( - -3.156e+02 1 0)
|    ( - -1.365e+04 1 0))
s>    ( QUESTION0_1_R 1 -1.413e+04 1.593e+02 7.726e+01
s>        ( - -3.156e+02 1 0)
s>        ( - -1.365e+04 1 0))INFO: dtree.c(1439): stop. leaf nodes are specific
INFO: dtree.c(1478): Final simple tree
|( QUESTION6 1 -7.369e+04 2.641e+02 4.006e+02
|    ( - -4.472e+03 1 0)
|    ( QUESTION19 1 -6.895e+04 2.492e+02 3.746e+02
|        ( - -3.362e+04 1 0)
|        ( QUESTION13 1 -3.508e+04 1.895e+02 1.918e+02
|            ( - -3.310e+03 1 0)
|            ( QUESTION0_2_R 1 -3.158e+04 1.495e+02 1.718e+02
|                ( - -2.313e+04 1 0)
|                ( QUESTION0_4_R 1 -8.300e+03 1.154e+02 4.600e+01
|                    ( - -4.413e+03 1 0)
|                    ( - -3.771e+03 2 0))))))
s>    ( QUESTION6 1 -7.369e+04 2.641e+02 4.006e+02
s>        ( - -4.472e+03 1 0)
s>        ( QUESTION19 1 -6.895e+04 2.492e+02 3.746e+02
s>            ( - -3.362e+04 1 0)
s>            ( QUESTION13 1 -3.508e+04 1.895e+02 1.918e+02
s>                ( - -3.310e+03 1 0)
s>                ( QUESTION0_2_R 1 -3.158e+04 1.495e+02 1.718e+02
s>                    ( - -2.313e+04 1 0)
s>                    ( QUESTION0_4_R 1 -8.300e+03 1.154e+02 4.600e+01
s>                        ( - -4.413e+03 1 0)
s>                        ( - -3.771e+03 2 0))))))INFO: dtree.c(1315): Comp split 20
INFO: dtree.c(1439): stop. leaf nodes are specific
INFO: dtree.c(1478): Final simple tree
|( WDBNDRY_B 0 -2.477e+04 2.228e+02 1.401e+02
|    ( - -1.039e+04 1 0)
|    ( - -1.415e+04 1 0))
s>    ( WDBNDRY_B 0 -2.477e+04 2.228e+02 1.401e+02
s>        ( - -1.039e+04 1 0)
s>        ( - -1.415e+04 1 0))INFO: dtree.c(1439): stop. leaf nodes are specific
INFO: dtree.c(1478): Final simple tree
|( WDBNDRY_E 0 -1.206e+04 2.316e+02 6.900e+01
|    ( - -4.080e+03 1 0)
|    ( - -7.750e+03 1 0))
s>    ( WDBNDRY_E 0 -1.206e+04 2.316e+02 6.900e+01
s>        ( - -4.080e+03 1 0)
s>        ( - -7.750e+03 1 0))INFO: dtree.c(1315): Comp split 21
INFO: dtree.c(1439): stop. leaf nodes are specific
INFO: dtree.c(1478): Final simple tree
|( QUESTION0_8_R 1 -3.331e+04 1.546e+02 1.845e+02
|    ( - -2.848e+04 1 0)
|    ( - -4.678e+03 1 0))
s>    ( QUESTION0_8_R 1 -3.331e+04 1.546e+02 1.845e+02
s>        ( - -2.848e+04 1 0)
s>        ( - -4.678e+03 1 0))INFO: dtree.c(1439): stop. leaf nodes are specific
INFO: dtree.c(1478): Final simple tree
|( QUESTION5 1 -2.837e+04 2.180e+02 1.500e+02
|    ( - -1.819e+03 1 0)
|    ( QUESTION0_11_R 1 -2.633e+04 1.735e+02 1.400e+02
|        ( - -2.050e+04 1 0)
|        ( SILENCE 1 -5.662e+03 1.424e+02 2.690e+01
|            ( - -5.028e+03 2 0)
|            ( - -4.917e+02 1 0))))
s>    ( QUESTION5 1 -2.837e+04 2.180e+02 1.500e+02
s>        ( - -1.819e+03 1 0)
s>        ( QUESTION0_11_R 1 -2.633e+04 1.735e+02 1.400e+02
s>            ( - -2.050e+04 1 0)
s>            ( SILENCE 1 -5.662e+03 1.424e+02 2.690e+01
s>                ( - -5.028e+03 2 0)
s>                ( - -4.917e+02 1 0))))INFO: dtree.c(1315): Comp split 22
INFO: dtree.c(1439): stop. leaf nodes are specific
INFO: dtree.c(1478): Final simple tree
|( QUESTION2_0_L -1 -2.817e+04 1.933e+02 1.545e+02
|    ( QUESTION0_14_R 1 -4.120e+03 1.416e+02 2.300e+01
|        ( - -2.104e+03 1 0)
|        ( - -1.874e+03 1 0))
|    ( QUESTION0_1_R 1 -2.386e+04 1.534e+02 1.315e+02
|        ( - -5.330e+03 2 0)
|        ( - -1.837e+04 1 0)))
s>    ( QUESTION2_0_L -1 -2.817e+04 1.933e+02 1.545e+02
s>        ( QUESTION0_14_R 1 -4.120e+03 1.416e+02 2.300e+01
s>            ( - -2.104e+03 1 0)
s>            ( - -1.874e+03 1 0))
s>        ( QUESTION0_1_R 1 -2.386e+04 1.534e+02 1.315e+02
s>            ( - -5.330e+03 2 0)
s>            ( - -1.837e+04 1 0)))INFO: dtree.c(1439): stop. leaf nodes are specific
INFO: dtree.c(1478): Final simple tree
|( QUESTION0_2_R 1 -3.146e+04 1.933e+02 1.758e+02
|    ( - -5.603e+03 1 0)
|    ( QUESTION0 1 -2.567e+04 1.571e+02 1.428e+02
|        ( - -1.053e+03 1 0)
|        ( - -2.446e+04 1 0)))
s>    ( QUESTION0_2_R 1 -3.146e+04 1.933e+02 1.758e+02
s>        ( - -5.603e+03 1 0)
s>        ( QUESTION0 1 -2.567e+04 1.571e+02 1.428e+02
s>            ( - -1.053e+03 1 0)
s>            ( - -2.446e+04 1 0)))INFO: dtree.c(1315): Comp split 23
INFO: dtree.c(1439): stop. leaf nodes are specific
INFO: dtree.c(1478): Final simple tree
|( QUESTION0_6_R 1 -4.716e+04 2.319e+02 2.559e+02
|    ( QUESTION15 1 -1.829e+04 1.910e+02 1.040e+02
|        ( - -9.594e+03 1 0)
|        ( - -8.508e+03 1 0))
|    ( QUESTION0_0_R 1 -2.864e+04 1.736e+02 1.519e+02
|        ( - -2.228e+03 1 0)
|        ( QUESTION2_0_L -1 -2.624e+04 1.593e+02 1.389e+02
|            ( - -9.095e+03 1 0)
|            ( - -1.698e+04 1 0))))
s>    ( QUESTION0_6_R 1 -4.716e+04 2.319e+02 2.559e+02
s>        ( QUESTION15 1 -1.829e+04 1.910e+02 1.040e+02
s>            ( - -9.594e+03 1 0)
s>            ( - -8.508e+03 1 0))
s>        ( QUESTION0_0_R 1 -2.864e+04 1.736e+02 1.519e+02
s>            ( - -2.228e+03 1 0)
s>            ( QUESTION2_0_L -1 -2.624e+04 1.593e+02 1.389e+02
s>                ( - -9.095e+03 1 0)
s>                ( - -1.698e+04 1 0))))INFO: dtree.c(1315): Comp split 24
INFO: dtree.c(1439): stop. leaf nodes are specific
INFO: dtree.c(1478): Final simple tree
|( QUESTION0_0_R 1 -1.189e+05 1.926e+02 6.332e+02
|    ( - -4.340e+04 4 0)
|    ( - -7.530e+04 3 0))
s>    ( QUESTION0_0_R 1 -1.189e+05 1.926e+02 6.332e+02
s>        ( - -4.340e+04 4 0)
s>        ( - -7.530e+04 3 0))INFO: dtree.c(1315): Comp split 25
INFO: dtree.c(1439): stop. leaf nodes are specific
INFO: dtree.c(1478): Final simple tree
|( QUESTION2_0_L -1 -8.148e+04 1.420e+02 4.318e+02
|    ( - -2.309e+03 1 0)
|    ( - -7.902e+04 7 0))
s>    ( QUESTION2_0_L -1 -8.148e+04 1.420e+02 4.318e+02
s>        ( - -2.309e+03 1 0)
s>        ( - -7.902e+04 7 0))INFO: dtree.c(1315): Comp split 26
INFO: dtree.c(1439): stop. leaf nodes are specific
INFO: dtree.c(1478): Final simple tree
|( QUESTION10 -1 -1.821e+04 1.787e+02 8.902e+01
|    ( WDBNDRY_B 0 -1.134e+04 1.557e+02 5.602e+01
|        ( - -2.196e+03 1 0)
|        ( - -8.991e+03 1 0))
|    ( QUESTION0_0_R 1 -6.688e+03 2.127e+02 3.300e+01
|        ( QUESTION0 -1 -5.979e+03 1.636e+02 3.100e+01
|            ( - -3.025e+03 1 0)
|            ( - -2.791e+03 1 0))
|        ( - -4.961e+02 1 0)))
s>    ( QUESTION10 -1 -1.821e+04 1.787e+02 8.902e+01
s>        ( WDBNDRY_B 0 -1.134e+04 1.557e+02 5.602e+01
s>            ( - -2.196e+03 1 0)
s>            ( - -8.991e+03 1 0))
s>        ( QUESTION0_0_R 1 -6.688e+03 2.127e+02 3.300e+01
s>            ( QUESTION0 -1 -5.979e+03 1.636e+02 3.100e+01
s>                ( - -3.025e+03 1 0)
s>                ( - -2.791e+03 1 0))
s>            ( - -4.961e+02 1 0)))INFO: dtree.c(1315): Comp split 27
INFO: dtree.c(1315): Comp split 28
INFO: dtree.c(1439): stop. leaf nodes are specific
INFO: dtree.c(1478): Final simple tree
|( QUESTION19 1 -6.895e+04 2.492e+02 3.746e+02
|    ( - -3.362e+04 1 0)
|    ( QUESTION13 1 -3.508e+04 1.895e+02 1.918e+02
|        ( - -3.310e+03 1 0)
|        ( QUESTION0_2_R 1 -3.158e+04 1.495e+02 1.718e+02
|            ( - -2.313e+04 1 0)
|            ( QUESTION0_4_R 1 -8.300e+03 1.154e+02 4.600e+01
|                ( - -4.413e+03 1 0)
|                ( - -3.771e+03 2 0)))))
s>    ( QUESTION19 1 -6.895e+04 2.492e+02 3.746e+02
s>        ( - -3.362e+04 1 0)
s>        ( QUESTION13 1 -3.508e+04 1.895e+02 1.918e+02
s>            ( - -3.310e+03 1 0)
s>            ( QUESTION0_2_R 1 -3.158e+04 1.495e+02 1.718e+02
s>                ( - -2.313e+04 1 0)
s>                ( QUESTION0_4_R 1 -8.300e+03 1.154e+02 4.600e+01
s>                    ( - -4.413e+03 1 0)
s>                    ( - -3.771e+03 2 0)))))INFO: dtree.c(1315): Comp split 29
INFO: dtree.c(1439): stop. leaf nodes are specific
INFO: dtree.c(1478): Final simple tree
|( QUESTION0_0_R 1 -2.892e+04 1.717e+02 1.617e+02
|    ( QUESTION11 1 -1.955e+04 1.416e+02 1.109e+02
|        ( - -1.027e+04 2 0)
|        ( - -9.141e+03 1 0))
|    ( - -9.194e+03 1 0))
s>    ( QUESTION0_0_R 1 -2.892e+04 1.717e+02 1.617e+02
s>        ( QUESTION11 1 -1.955e+04 1.416e+02 1.109e+02
s>            ( - -1.027e+04 2 0)
s>            ( - -9.141e+03 1 0))
s>        ( - -9.194e+03 1 0))INFO: dtree.c(1439): stop. leaf nodes are specific
INFO: dtree.c(1478): Final simple tree
|( QUESTION0_0_R 1 -1.790e+04 1.369e+02 9.870e+01
|    ( - -1.072e+04 1 0)
|    ( - -7.044e+03 1 0))
s>    ( QUESTION0_0_R 1 -1.790e+04 1.369e+02 9.870e+01
s>        ( - -1.072e+04 1 0)
s>        ( - -7.044e+03 1 0))INFO: dtree.c(1315): Comp split 30
INFO: dtree.c(1439): stop. leaf nodes are specific
INFO: dtree.c(1478): Final simple tree
|( QUESTION0_4_R 1 -3.752e+04 1.272e+02 2.038e+02
|    ( - -3.362e+04 1 0)
|    ( - -3.771e+03 2 0))
s>    ( QUESTION0_4_R 1 -3.752e+04 1.272e+02 2.038e+02
s>        ( - -3.362e+04 1 0)
s>        ( - -3.771e+03 2 0))INFO: dtree.c(1439): stop. leaf nodes are specific
INFO: dtree.c(1478): Final simple tree
|( QUESTION0_6_R 1 -3.117e+04 1.883e+02 1.708e+02
|    ( - -3.310e+03 1 0)
|    ( QUESTION0_2_R 1 -2.768e+04 1.290e+02 1.508e+02
|        ( - -2.313e+04 1 0)
|        ( - -4.413e+03 1 0)))
s>    ( QUESTION0_6_R 1 -3.117e+04 1.883e+02 1.708e+02
s>        ( - -3.310e+03 1 0)
s>        ( QUESTION0_2_R 1 -2.768e+04 1.290e+02 1.508e+02
s>            ( - -2.313e+04 1 0)
s>            ( - -4.413e+03 1 0)))INFO: dtree.c(1315): Comp split 31
INFO: dtree.c(1439): stop. leaf nodes are specific
INFO: dtree.c(1478): Final simple tree
|( QUESTION15 1 -2.754e+04 1.824e+02 1.541e+02
|    ( - -9.594e+03 1 0)
|    ( QUESTION0_0_R 1 -1.777e+04 1.617e+02 9.911e+01
|        ( - -8.508e+03 1 0)
|        ( - -9.095e+03 1 0)))
s>    ( QUESTION15 1 -2.754e+04 1.824e+02 1.541e+02
s>        ( - -9.594e+03 1 0)
s>        ( QUESTION0_0_R 1 -1.777e+04 1.617e+02 9.911e+01
s>            ( - -8.508e+03 1 0)
s>            ( - -9.095e+03 1 0)))INFO: dtree.c(1439): stop. leaf nodes are specific
INFO: dtree.c(1478): Final simple tree
|( QUESTION0_0_R 1 -1.937e+04 1.631e+02 1.018e+02
|    ( - -2.228e+03 1 0)
|    ( - -1.698e+04 1 0))
s>    ( QUESTION0_0_R 1 -1.937e+04 1.631e+02 1.018e+02
s>        ( - -2.228e+03 1 0)
s>        ( - -1.698e+04 1 0))INFO: dtree.c(1315): Comp split 32
INFO: dtree.c(1439): stop. leaf nodes are specific
INFO: dtree.c(1478): Final simple tree
|( QUESTION0_0_R 1 -5.691e+04 1.961e+02 3.094e+02
|    ( WDBNDRY_B 0 -4.734e+04 1.882e+02 2.584e+02
|        ( - -4.675e+04 2 0)
|        ( - -4.024e+02 1 0))
|    ( - -9.380e+03 1 0))
s>    ( QUESTION0_0_R 1 -5.691e+04 1.961e+02 3.094e+02
s>        ( WDBNDRY_B 0 -4.734e+04 1.882e+02 2.584e+02
s>            ( - -4.675e+04 2 0)
s>            ( - -4.024e+02 1 0))
s>        ( - -9.380e+03 1 0))INFO: dtree.c(1439): stop. leaf nodes are specific
INFO: dtree.c(1478): Final simple tree
|( QUESTION4 1 -1.974e+04 1.381e+02 1.087e+02
|    ( QUESTION0_8_R 1 -1.516e+04 1.183e+02 8.272e+01
|        ( - -1.347e+04 3 0)
|        ( - -1.563e+03 1 0))
|    ( - -4.442e+03 1 0))
s>    ( QUESTION4 1 -1.974e+04 1.381e+02 1.087e+02
s>        ( QUESTION0_8_R 1 -1.516e+04 1.183e+02 8.272e+01
s>            ( - -1.347e+04 3 0)
s>            ( - -1.563e+03 1 0))
s>        ( - -4.442e+03 1 0))INFO: dtree.c(1315): Comp split 33
INFO: dtree.c(1315): Comp split 34
INFO: dtree.c(1315): Comp split 35
INFO: dtree.c(1439): stop. leaf nodes are specific
INFO: dtree.c(1478): Final simple tree
|( QUESTION0_10_R 1 -2.113e+04 1.425e+02 1.161e+02
|    ( - -4.917e+02 1 0)
|    ( - -2.050e+04 1 0))
s>    ( QUESTION0_10_R 1 -2.113e+04 1.425e+02 1.161e+02
s>        ( - -4.917e+02 1 0)
s>        ( - -2.050e+04 1 0))INFO: dtree.c(1439): stop. leaf nodes are specific
INFO: dtree.c(1478): Final simple tree
|( SILENCE 1 -7.018e+03 1.707e+02 3.390e+01
|    ( - -5.028e+03 2 0)
|    ( - -1.819e+03 1 0))
s>    ( SILENCE 1 -7.018e+03 1.707e+02 3.390e+01
s>        ( - -5.028e+03 2 0)
s>        ( - -1.819e+03 1 0))INFO: dtree.c(1315): Comp split 36
INFO: dtree.c(1439): stop. leaf nodes are specific
INFO: dtree.c(1478): Final simple tree
|( QUESTION2_3_L -1 -4.889e+03 1.867e+02 2.325e+01
|    ( - -6.519e+02 1 0)
|    ( - -4.050e+03 1 0))
s>    ( QUESTION2_3_L -1 -4.889e+03 1.867e+02 2.325e+01
s>        ( - -6.519e+02 1 0)
s>        ( - -4.050e+03 1 0))INFO: dtree.c(1315): Comp split 37
INFO: dtree.c(1439): stop. leaf nodes are specific
INFO: dtree.c(1478): Final simple tree
|( WDBNDRY_B 0 -4.348e+03 1.833e+02 1.889e+01
|    ( - -1.404e+03 1 0)
|    ( - -2.761e+03 1 0))
s>    ( WDBNDRY_B 0 -4.348e+03 1.833e+02 1.889e+01
s>        ( - -1.404e+03 1 0)
s>        ( - -2.761e+03 1 0))INFO: dtree.c(1315): Comp split 38
INFO: dtree.c(1439): stop. leaf nodes are specific
INFO: dtree.c(1478): Final simple tree
|( QUESTION0 -1 -5.979e+03 1.636e+02 3.100e+01
|    ( - -3.025e+03 1 0)
|    ( - -2.791e+03 1 0))
s>    ( QUESTION0 -1 -5.979e+03 1.636e+02 3.100e+01
s>        ( - -3.025e+03 1 0)
s>        ( - -2.791e+03 1 0))INFO: dtree.c(1439): stop. leaf nodes are specific
INFO: dtree.c(1478): Final simple tree
|( QUESTION6 -1 -1.203e+04 1.935e+02 5.802e+01
|    ( - -4.961e+02 1 0)
|    ( WDBNDRY_B 0 -1.134e+04 1.557e+02 5.602e+01
|        ( - -2.196e+03 1 0)
|        ( - -8.991e+03 1 0)))
s>    ( QUESTION6 -1 -1.203e+04 1.935e+02 5.802e+01
s>        ( - -4.961e+02 1 0)
s>        ( WDBNDRY_B 0 -1.134e+04 1.557e+02 5.602e+01
s>            ( - -2.196e+03 1 0)
s>            ( - -8.991e+03 1 0)))INFO: dtree.c(1315): Comp split 39
INFO: dtree.c(1439): stop. leaf nodes are specific
INFO: dtree.c(1478): Final simple tree
|( WDBNDRY_B 0 -4.734e+04 1.882e+02 2.584e+02
|    ( - -4.675e+04 2 0)
|    ( - -4.024e+02 1 0))
s>    ( WDBNDRY_B 0 -4.734e+04 1.882e+02 2.584e+02
s>        ( - -4.675e+04 2 0)
s>        ( - -4.024e+02 1 0))INFO: dtree.c(1315): Comp split 40
INFO: dtree.c(1439): stop. leaf nodes are specific
INFO: dtree.c(1478): Final simple tree
|( WDBNDRY_B 0 -1.134e+04 1.557e+02 5.602e+01
|    ( - -2.196e+03 1 0)
|    ( - -8.991e+03 1 0))
s>    ( WDBNDRY_B 0 -1.134e+04 1.557e+02 5.602e+01
s>        ( - -2.196e+03 1 0)
s>        ( - -8.991e+03 1 0))INFO: dtree.c(1315): Comp split 41
INFO: dtree.c(1439): stop. leaf nodes are specific
INFO: dtree.c(1478): Final simple tree
|( QUESTION0_1_R 1 -2.386e+04 1.534e+02 1.315e+02
|    ( - -5.330e+03 2 0)
|    ( - -1.837e+04 1 0))
s>    ( QUESTION0_1_R 1 -2.386e+04 1.534e+02 1.315e+02
s>        ( - -5.330e+03 2 0)
s>        ( - -1.837e+04 1 0))INFO: dtree.c(1439): stop. leaf nodes are specific
INFO: dtree.c(1478): Final simple tree
|( QUESTION0_14_R 1 -4.120e+03 1.416e+02 2.300e+01
|    ( - -2.104e+03 1 0)
|    ( - -1.874e+03 1 0))
s>    ( QUESTION0_14_R 1 -4.120e+03 1.416e+02 2.300e+01
s>        ( - -2.104e+03 1 0)
s>        ( - -1.874e+03 1 0))INFO: dtree.c(1315): Comp split 42
INFO: dtree.c(1439): stop. leaf nodes are specific
INFO: dtree.c(1478): Final simple tree
|( QUESTION0 1 -2.567e+04 1.571e+02 1.428e+02
|    ( - -1.053e+03 1 0)
|    ( - -2.446e+04 1 0))
s>    ( QUESTION0 1 -2.567e+04 1.571e+02 1.428e+02
s>        ( - -1.053e+03 1 0)
s>        ( - -2.446e+04 1 0))INFO: dtree.c(1315): Comp split 43
INFO: dtree.c(1315): Comp split 44
INFO: dtree.c(1439): stop. leaf nodes are specific
INFO: dtree.c(1478): Final simple tree
|( QUESTION0_2_R 1 -2.768e+04 1.290e+02 1.508e+02
|    ( - -2.313e+04 1 0)
|    ( - -4.413e+03 1 0))
s>    ( QUESTION0_2_R 1 -2.768e+04 1.290e+02 1.508e+02
s>        ( - -2.313e+04 1 0)
s>        ( - -4.413e+03 1 0))INFO: dtree.c(1315): Comp split 45
INFO: dtree.c(1315): Comp split 46
INFO: dtree.c(1315): Comp split 47
INFO: dtree.c(1315): Comp split 48
INFO: dtree.c(1439): stop. leaf nodes are specific
INFO: dtree.c(1478): Final simple tree
|( QUESTION0_0_R 1 -1.777e+04 1.617e+02 9.911e+01
|    ( - -8.508e+03 1 0)
|    ( - -9.095e+03 1 0))
s>    ( QUESTION0_0_R 1 -1.777e+04 1.617e+02 9.911e+01
s>        ( - -8.508e+03 1 0)
s>        ( - -9.095e+03 1 0))INFO: dtree.c(1315): Comp split 49
INFO: dtree.c(1439): stop. leaf nodes are specific
INFO: dtree.c(1478): Final simple tree
|( QUESTION11 1 -1.955e+04 1.416e+02 1.109e+02
|    ( - -1.027e+04 2 0)
|    ( - -9.141e+03 1 0))
s>    ( QUESTION11 1 -1.955e+04 1.416e+02 1.109e+02
s>        ( - -1.027e+04 2 0)
s>        ( - -9.141e+03 1 0))INFO: dtree.c(1315): Comp split 50
INFO: dtree.c(1315): Comp split 51
INFO: dtree.c(1315): Comp split 52
INFO: dtree.c(1315): Comp split 53
INFO: dtree.c(1315): Comp split 54
INFO: dtree.c(1315): Comp split 55
INFO: dtree.c(1315): Comp split 56
INFO: dtree.c(1315): Comp split 57
INFO: dtree.c(1315): Comp split 58
INFO: dtree.c(1315): Comp split 59
INFO: dtree.c(1315): Comp split 60
INFO: dtree.c(1315): Comp split 61
INFO: dtree.c(1315): Comp split 62
INFO: dtree.c(1315): Comp split 63
INFO: dtree.c(1439): stop. leaf nodes are specific
INFO: dtree.c(1478): Final simple tree
|( QUESTION0_8_R 1 -1.516e+04 1.183e+02 8.272e+01
|    ( - -1.347e+04 3 0)
|    ( - -1.563e+03 1 0))
s>    ( QUESTION0_8_R 1 -1.516e+04 1.183e+02 8.272e+01
s>        ( - -1.347e+04 3 0)
s>        ( - -1.563e+03 1 0))INFO: dtree.c(1315): Comp split 64
INFO: dtree.c(1315): Comp split 65
INFO: dtree.c(1315): Comp split 66
INFO: dtree.c(1315): Comp split 67
INFO: dtree.c(1315): Comp split 68
INFO: dtree.c(1318): stop. leaf nodes are specific
Mon Jan 30 07:35:46 2017
