        INFO: pocketsphinx.c(152): Parsed model-specific feature parameters from /Users/benroye/forge/cmusphinx/voiceVim/model_parameters/voiceVim.cd_cont_200/feat.params
Current configuration:
[NAME]			[DEFLT]		[VALUE]
-agc			none		none
-agcthresh		2.0		2.000000e+00
-allphone				
-allphone_ci		yes		yes
-alpha			0.97		9.700000e-01
-ascale			20.0		2.000000e+01
-aw			1		1
-backtrace		no		no
-beam			1e-48		1.000000e-80
-bestpath		yes		yes
-bestpathlw		9.5		1.000000e+01
-ceplen			13		13
-cmn			live		batch
-cmninit		40,3,-1		40,3,-1
-compallsen		no		no
-debug					0
-dict					/Users/benroye/forge/cmusphinx/voiceVim/etc/voiceVim.dic
-dictcase		no		no
-dither			no		no
-doublebw		no		no
-ds			1		1
-fdict					
-feat			1s_c_d_dd	1s_c_d_dd
-featparams				
-fillprob		1e-8		1.000000e-08
-frate			100		100
-fsg					
-fsgusealtpron		yes		yes
-fsgusefiller		yes		yes
-fwdflat		yes		yes
-fwdflatbeam		1e-64		1.000000e-80
-fwdflatefwid		4		4
-fwdflatlw		8.5		1.000000e+01
-fwdflatsfwin		25		25
-fwdflatwbeam		7e-29		1.000000e-40
-fwdtree		yes		yes
-hmm					/Users/benroye/forge/cmusphinx/voiceVim/model_parameters/voiceVim.cd_cont_200
-input_endian		little		little
-jsgf					
-keyphrase				
-kws					
-kws_delay		10		10
-kws_plp		1e-1		1.000000e-01
-kws_threshold		1e-30		1.000000e-30
-latsize		5000		5000
-lda					
-ldadim			0		0
-lifter			0		22
-lm					/Users/benroye/forge/cmusphinx/voiceVim/etc/voiceVim.lm.bin
-lmctl					
-lmname					
-logbase		1.0001		1.000100e+00
-logfn					
-logspec		no		no
-lowerf			133.33334	1.300000e+02
-lpbeam			1e-40		1.000000e-80
-lponlybeam		7e-29		1.000000e-80
-lw			6.5		1.000000e+01
-maxhmmpf		30000		30000
-maxwpf			-1		-1
-mdef					
-mean					
-mfclogdir				
-min_endfr		0		0
-mixw					
-mixwfloor		0.0000001	1.000000e-07
-mllr					
-mmap			yes		yes
-ncep			13		13
-nfft			512		512
-nfilt			40		25
-nwpen			1.0		1.000000e+00
-pbeam			1e-48		1.000000e-80
-pip			1.0		1.000000e+00
-pl_beam		1e-10		1.000000e-10
-pl_pbeam		1e-10		1.000000e-10
-pl_pip			1.0		1.000000e+00
-pl_weight		3.0		3.000000e+00
-pl_window		5		5
-rawlogdir				
-remove_dc		no		no
-remove_noise		yes		yes
-remove_silence		yes		yes
-round_filters		yes		yes
-samprate		16000		1.600000e+04
-seed			-1		-1
-sendump				
-senlogdir				
-senmgau				
-silprob		0.005		5.000000e-03
-smoothspec		no		no
-svspec					
-tmat					
-tmatfloor		0.0001		1.000000e-04
-topn			4		4
-topn_beam		0		0
-toprule				
-transform		legacy		dct
-unit_area		yes		yes
-upperf			6855.4976	6.800000e+03
-uw			1.0		1.000000e+00
-vad_postspeech		50		50
-vad_prespeech		20		20
-vad_startspeech	10		10
-vad_threshold		3.0		3.000000e+00
-var					
-varfloor		0.0001		1.000000e-04
-varnorm		no		no
-verbose		no		no
-warp_params				
-warp_type		inverse_linear	inverse_linear
-wbeam			7e-29		1.000000e-40
-wip			0.65		2.000000e-01
-wlen			0.025625	2.562500e-02

INFO: feat.c(715): Initializing feature stream to type: '1s_c_d_dd', ceplen=13, CMN='batch', VARNORM='no', AGC='none'
INFO: mdef.c(518): Reading model definition: /Users/benroye/forge/cmusphinx/voiceVim/model_parameters/voiceVim.cd_cont_200/mdef
INFO: bin_mdef.c(181): Allocating 7462 * 8 bytes (58 KiB) for CD tree
INFO: tmat.c(149): Reading HMM transition probability matrices: /Users/benroye/forge/cmusphinx/voiceVim/model_parameters/voiceVim.cd_cont_200/transition_matrices
INFO: acmod.c(113): Attempting to use PTM computation module
INFO: ms_gauden.c(127): Reading mixture gaussian parameter: /Users/benroye/forge/cmusphinx/voiceVim/model_parameters/voiceVim.cd_cont_200/means
INFO: ms_gauden.c(242): 317 codebook, 1 feature, size: 
INFO: ms_gauden.c(244):  8x39
INFO: ms_gauden.c(127): Reading mixture gaussian parameter: /Users/benroye/forge/cmusphinx/voiceVim/model_parameters/voiceVim.cd_cont_200/variances
INFO: ms_gauden.c(242): 317 codebook, 1 feature, size: 
INFO: ms_gauden.c(244):  8x39
INFO: ms_gauden.c(304): 0 variance values floored
INFO: ptm_mgau.c(804): Number of codebooks exceeds 256: 317
INFO: acmod.c(115): Attempting to use semi-continuous computation module
INFO: ms_gauden.c(127): Reading mixture gaussian parameter: /Users/benroye/forge/cmusphinx/voiceVim/model_parameters/voiceVim.cd_cont_200/means
INFO: ms_gauden.c(242): 317 codebook, 1 feature, size: 
INFO: ms_gauden.c(244):  8x39
INFO: ms_gauden.c(127): Reading mixture gaussian parameter: /Users/benroye/forge/cmusphinx/voiceVim/model_parameters/voiceVim.cd_cont_200/variances
INFO: ms_gauden.c(242): 317 codebook, 1 feature, size: 
INFO: ms_gauden.c(244):  8x39
INFO: ms_gauden.c(304): 0 variance values floored
INFO: acmod.c(117): Falling back to general multi-stream GMM computation
INFO: ms_gauden.c(127): Reading mixture gaussian parameter: /Users/benroye/forge/cmusphinx/voiceVim/model_parameters/voiceVim.cd_cont_200/means
INFO: ms_gauden.c(242): 317 codebook, 1 feature, size: 
INFO: ms_gauden.c(244):  8x39
INFO: ms_gauden.c(127): Reading mixture gaussian parameter: /Users/benroye/forge/cmusphinx/voiceVim/model_parameters/voiceVim.cd_cont_200/variances
INFO: ms_gauden.c(242): 317 codebook, 1 feature, size: 
INFO: ms_gauden.c(244):  8x39
INFO: ms_gauden.c(304): 0 variance values floored
INFO: ms_senone.c(149): Reading senone mixture weights: /Users/benroye/forge/cmusphinx/voiceVim/model_parameters/voiceVim.cd_cont_200/mixture_weights
INFO: ms_senone.c(200): Truncating senone logs3(pdf) values by 10 bits
INFO: ms_senone.c(207): Not transposing mixture weights in memory
INFO: ms_senone.c(268): Read mixture weights for 317 senones: 1 features x 8 codewords
INFO: ms_senone.c(320): Mapping senones to individual codebooks
INFO: ms_mgau.c(144): The value of topn: 4
INFO: phone_loop_search.c(114): State beam -225 Phone exit beam -225 Insertion penalty 0
INFO: dict.c(320): Allocating 4234 * 32 bytes (132 KiB) for word entries
INFO: dict.c(333): Reading main dictionary: /Users/benroye/forge/cmusphinx/voiceVim/etc/voiceVim.dic
INFO: dict.c(213): Dictionary size 133, allocated 0 KiB for strings, 1 KiB for phones
INFO: dict.c(336): 133 words read
INFO: dict.c(358): Reading filler dictionary: /Users/benroye/forge/cmusphinx/voiceVim/model_parameters/voiceVim.cd_cont_200/noisedict
INFO: dict.c(213): Dictionary size 136, allocated 0 KiB for strings, 0 KiB for phones
INFO: dict.c(361): 3 words read
INFO: dict2pid.c(396): Building PID tables for dictionary
INFO: dict2pid.c(406): Allocating 39^3 * 2 bytes (115 KiB) for word-initial triphones
INFO: dict2pid.c(132): Allocated 36816 bytes (35 KiB) for word-final triphones
INFO: dict2pid.c(196): Allocated 36816 bytes (35 KiB) for single-phone word triphones
INFO: ngram_model_trie.c(354): Trying to read LM in trie binary format
INFO: ngram_search_fwdtree.c(74): Initializing search tree
INFO: ngram_search_fwdtree.c(101): 103 unique initial diphones
INFO: ngram_search_fwdtree.c(186): Creating search channels
INFO: ngram_search_fwdtree.c(323): Max nonroot chan increased to 128
INFO: ngram_search_fwdtree.c(333): Created 0 root, 0 non-root channels, 3 single-phone words
INFO: ngram_search_fwdflat.c(157): fwdflat: min_ef_width = 4, max_sf_win = 25
INFO: batch.c(729): Decoding 'cleaned/5_0'
INFO: cmn.c(133): CMN: 40.97  2.34  3.03  2.20  5.71  7.70 -6.04  0.15 -6.99 -6.83 -3.56  2.30 -5.51 
INFO: ngram_search_fwdtree.c(1550):     1315 words recognized (2/fr)
INFO: ngram_search_fwdtree.c(1552):     1821 senones evaluated (3/fr)
INFO: ngram_search_fwdtree.c(1556):     1401 channels searched (2/fr), 0 1st, 1401 last
INFO: ngram_search_fwdtree.c(1559):     1401 words for which last channels evaluated (2/fr)
INFO: ngram_search_fwdtree.c(1561):        0 candidate words for entering last phone (0/fr)
INFO: ngram_search_fwdtree.c(1564): fwdtree 0.06 CPU 0.010 xRT
INFO: ngram_search_fwdtree.c(1567): fwdtree 0.06 wall 0.010 xRT
INFO: ngram_search_fwdflat.c(302): Utterance vocabulary contains 3 words
INFO: ngram_search_fwdflat.c(948):     1812 words recognized (3/fr)
INFO: ngram_search_fwdflat.c(950):     1824 senones evaluated (3/fr)
INFO: ngram_search_fwdflat.c(952):     1818 channels searched (2/fr)
INFO: ngram_search_fwdflat.c(954):     1818 words searched (2/fr)
INFO: ngram_search_fwdflat.c(957):      667 word transitions (1/fr)
INFO: ngram_search_fwdflat.c(960): fwdflat 0.00 CPU 0.000 xRT
INFO: ngram_search_fwdflat.c(963): fwdflat 0.00 wall 0.001 xRT
INFO: ngram_search.c(1250): lattice start node <s>.0 end node </s>.593
INFO: ngram_search.c(1276): Eliminated 0 nodes before end node
INFO: ngram_search.c(1381): Lattice has 52 nodes, 95 links
INFO: ps_lattice.c(1380): Bestpath score: -7444
INFO: ps_lattice.c(1384): Normalizer P(O) = alpha(</s>:593:607) = -381011
INFO: ps_lattice.c(1441): Joint P(O,S) = -394297 P(S|O) = -13286
INFO: ngram_search.c(872): bestpath 0.00 CPU 0.000 xRT
INFO: ngram_search.c(875): bestpath 0.00 wall 0.000 xRT
INFO: batch.c(761): cleaned/5_0: 6.08 seconds speech, 0.06 seconds CPU, 0.07 seconds wall
INFO: batch.c(763): cleaned/5_0: 0.01 xRT (CPU), 0.01 xRT (elapsed)
 (cleaned/5_0 -7334)
cleaned/5_0 done --------------------------------------
INFO: batch.c(729): Decoding 'cleaned/10_0'
INFO: cmn.c(133): CMN: 36.95  1.31  4.06 -1.33  5.12  7.62 -3.27  1.05 -6.20 -3.04  0.52 -2.91 -4.84 
INFO: ngram_search_fwdtree.c(1550):     1762 words recognized (2/fr)
INFO: ngram_search_fwdtree.c(1552):     2556 senones evaluated (3/fr)
INFO: ngram_search_fwdtree.c(1556):     1814 channels searched (2/fr), 0 1st, 1814 last
INFO: ngram_search_fwdtree.c(1559):     1814 words for which last channels evaluated (2/fr)
INFO: ngram_search_fwdtree.c(1561):        0 candidate words for entering last phone (0/fr)
INFO: ngram_search_fwdtree.c(1564): fwdtree 0.09 CPU 0.010 xRT
INFO: ngram_search_fwdtree.c(1567): fwdtree 0.09 wall 0.010 xRT
INFO: ngram_search_fwdflat.c(302): Utterance vocabulary contains 3 words
INFO: ngram_search_fwdflat.c(948):     2544 words recognized (3/fr)
INFO: ngram_search_fwdflat.c(950):     2556 senones evaluated (3/fr)
INFO: ngram_search_fwdflat.c(952):     2550 channels searched (2/fr)
INFO: ngram_search_fwdflat.c(954):     2550 words searched (2/fr)
INFO: ngram_search_fwdflat.c(957):      881 word transitions (1/fr)
INFO: ngram_search_fwdflat.c(960): fwdflat 0.00 CPU 0.000 xRT
INFO: ngram_search_fwdflat.c(963): fwdflat 0.00 wall 0.000 xRT
INFO: ngram_search.c(1250): lattice start node <s>.0 end node </s>.842
INFO: ngram_search.c(1276): Eliminated 0 nodes before end node
INFO: ngram_search.c(1381): Lattice has 79 nodes, 149 links
INFO: ps_lattice.c(1380): Bestpath score: -10220
INFO: ps_lattice.c(1384): Normalizer P(O) = alpha(</s>:842:851) = -517007
INFO: ps_lattice.c(1441): Joint P(O,S) = -535040 P(S|O) = -18033
INFO: ngram_search.c(872): bestpath 0.00 CPU 0.000 xRT
INFO: ngram_search.c(875): bestpath 0.00 wall 0.000 xRT
INFO: batch.c(761): cleaned/10_0: 8.52 seconds speech, 0.09 seconds CPU, 0.09 seconds wall
INFO: batch.c(763): cleaned/10_0: 0.01 xRT (CPU), 0.01 xRT (elapsed)
 (cleaned/10_0 -10083)
cleaned/10_0 done --------------------------------------
INFO: batch.c(729): Decoding 'cleaned/15_0'
INFO: cmn.c(133): CMN: 43.76  0.83 15.60  9.55 -2.35  3.86 -10.63  0.41 -20.61 -11.24  6.14 -10.11 -1.12 
INFO: ngram_search_fwdtree.c(1550):     2868 words recognized (2/fr)
INFO: ngram_search_fwdtree.c(1552):     4215 senones evaluated (3/fr)
INFO: ngram_search_fwdtree.c(1556):     2915 channels searched (2/fr), 0 1st, 2915 last
INFO: ngram_search_fwdtree.c(1559):     2915 words for which last channels evaluated (2/fr)
INFO: ngram_search_fwdtree.c(1561):        0 candidate words for entering last phone (0/fr)
INFO: ngram_search_fwdtree.c(1564): fwdtree 0.14 CPU 0.010 xRT
INFO: ngram_search_fwdtree.c(1567): fwdtree 0.15 wall 0.010 xRT
INFO: ngram_search_fwdflat.c(302): Utterance vocabulary contains 2 words
INFO: ngram_search_fwdflat.c(948):     4203 words recognized (3/fr)
INFO: ngram_search_fwdflat.c(950):     4215 senones evaluated (3/fr)
INFO: ngram_search_fwdflat.c(952):     4209 channels searched (2/fr)
INFO: ngram_search_fwdflat.c(954):     4209 words searched (2/fr)
INFO: ngram_search_fwdflat.c(957):     1418 word transitions (1/fr)
INFO: ngram_search_fwdflat.c(960): fwdflat 0.01 CPU 0.000 xRT
INFO: ngram_search_fwdflat.c(963): fwdflat 0.01 wall 0.000 xRT
INFO: ngram_search.c(1250): lattice start node <s>.0 end node </s>.1398
INFO: ngram_search.c(1276): Eliminated 0 nodes before end node
INFO: ngram_search.c(1381): Lattice has 128 nodes, 239 links
INFO: ps_lattice.c(1380): Bestpath score: -16403
INFO: ps_lattice.c(1384): Normalizer P(O) = alpha(</s>:1398:1404) = -816607
INFO: ps_lattice.c(1441): Joint P(O,S) = -849296 P(S|O) = -32689
INFO: ngram_search.c(872): bestpath 0.00 CPU 0.000 xRT
INFO: ngram_search.c(875): bestpath 0.00 wall 0.000 xRT
INFO: batch.c(761): cleaned/15_0: 14.05 seconds speech, 0.15 seconds CPU, 0.15 seconds wall
INFO: batch.c(763): cleaned/15_0: 0.01 xRT (CPU), 0.01 xRT (elapsed)
 (cleaned/15_0 -16221)
cleaned/15_0 done --------------------------------------
INFO: batch.c(729): Decoding 'cleaned/20_0'
INFO: cmn.c(133): CMN: 44.60  3.64 16.15  3.83 -2.13  2.62 -11.57 -3.69 -17.00 -8.13  3.65 -3.46 -2.88 
INFO: ngram_search.c(459): Resized backpointer table to 10000 entries
INFO: ngram_search_fwdtree.c(1550):     5720 words recognized (2/fr)
INFO: ngram_search_fwdtree.c(1552):     8520 senones evaluated (3/fr)
INFO: ngram_search_fwdtree.c(1556):     5761 channels searched (2/fr), 0 1st, 5761 last
INFO: ngram_search_fwdtree.c(1559):     5761 words for which last channels evaluated (2/fr)
INFO: ngram_search_fwdtree.c(1561):        0 candidate words for entering last phone (0/fr)
INFO: ngram_search_fwdtree.c(1564): fwdtree 0.28 CPU 0.010 xRT
INFO: ngram_search_fwdtree.c(1567): fwdtree 0.31 wall 0.011 xRT
INFO: ngram_search_fwdflat.c(302): Utterance vocabulary contains 3 words
INFO: ngram_search_fwdflat.c(948):     8508 words recognized (3/fr)
INFO: ngram_search_fwdflat.c(950):     8520 senones evaluated (3/fr)
INFO: ngram_search_fwdflat.c(952):     8514 channels searched (2/fr)
INFO: ngram_search_fwdflat.c(954):     8514 words searched (2/fr)
INFO: ngram_search_fwdflat.c(957):     2761 word transitions (0/fr)
INFO: ngram_search_fwdflat.c(960): fwdflat 0.01 CPU 0.000 xRT
INFO: ngram_search_fwdflat.c(963): fwdflat 0.01 wall 0.000 xRT
INFO: ngram_search.c(1250): lattice start node <s>.0 end node </s>.2830
INFO: ngram_search.c(1276): Eliminated 0 nodes before end node
INFO: ngram_search.c(1381): Lattice has 222 nodes, 435 links
INFO: ps_lattice.c(1380): Bestpath score: -31900
INFO: ps_lattice.c(1384): Normalizer P(O) = alpha(</s>:2830:2839) = -1604085
INFO: ps_lattice.c(1441): Joint P(O,S) = -1645745 P(S|O) = -41660
INFO: ngram_search.c(872): bestpath 0.00 CPU 0.000 xRT
INFO: ngram_search.c(875): bestpath 0.00 wall 0.000 xRT
INFO: batch.c(761): cleaned/20_0: 28.40 seconds speech, 0.30 seconds CPU, 0.32 seconds wall
INFO: batch.c(763): cleaned/20_0: 0.01 xRT (CPU), 0.01 xRT (elapsed)
 (cleaned/20_0 -31777)
cleaned/20_0 done --------------------------------------
INFO: batch.c(729): Decoding 'cleaned/25_0'
INFO: cmn.c(133): CMN: 41.41  0.40 -2.70  9.69  6.97 -0.48 -2.76 -13.26 -3.54 -5.25 -4.79 -3.97 -8.55 
INFO: ngram_search_fwdtree.c(1550):      366 words recognized (3/fr)
INFO: ngram_search_fwdtree.c(1552):      393 senones evaluated (3/fr)
INFO: ngram_search_fwdtree.c(1556):      387 channels searched (2/fr), 0 1st, 387 last
INFO: ngram_search_fwdtree.c(1559):      387 words for which last channels evaluated (2/fr)
INFO: ngram_search_fwdtree.c(1561):        0 candidate words for entering last phone (0/fr)
INFO: ngram_search_fwdtree.c(1564): fwdtree 0.01 CPU 0.010 xRT
INFO: ngram_search_fwdtree.c(1567): fwdtree 0.01 wall 0.010 xRT
INFO: ngram_search_fwdflat.c(302): Utterance vocabulary contains 3 words
INFO: ngram_search_fwdflat.c(948):      381 words recognized (3/fr)
INFO: ngram_search_fwdflat.c(950):      393 senones evaluated (3/fr)
INFO: ngram_search_fwdflat.c(952):      387 channels searched (2/fr)
INFO: ngram_search_fwdflat.c(954):      387 words searched (2/fr)
INFO: ngram_search_fwdflat.c(957):      196 word transitions (1/fr)
INFO: ngram_search_fwdflat.c(960): fwdflat 0.00 CPU 0.000 xRT
INFO: ngram_search_fwdflat.c(963): fwdflat 0.00 wall 0.000 xRT
INFO: ngram_search.c(1250): lattice start node <s>.0 end node </s>.113
INFO: ngram_search.c(1276): Eliminated 0 nodes before end node
INFO: ngram_search.c(1381): Lattice has 11 nodes, 13 links
INFO: ps_lattice.c(1380): Bestpath score: -1608
INFO: ps_lattice.c(1384): Normalizer P(O) = alpha(</s>:113:130) = -87916
INFO: ps_lattice.c(1441): Joint P(O,S) = -96628 P(S|O) = -8712
INFO: ngram_search.c(872): bestpath 0.00 CPU 0.000 xRT
INFO: ngram_search.c(875): bestpath 0.00 wall 0.000 xRT
INFO: batch.c(761): cleaned/25_0: 1.31 seconds speech, 0.01 seconds CPU, 0.01 seconds wall
INFO: batch.c(763): cleaned/25_0: 0.01 xRT (CPU), 0.01 xRT (elapsed)
 (cleaned/25_0 -1520)
cleaned/25_0 done --------------------------------------
INFO: batch.c(729): Decoding 'cleaned/30_0'
INFO: cmn.c(133): CMN: 45.47  0.28  1.08 11.21  1.14  6.35 -8.79 -13.27 -0.49 -9.24 -2.68 -0.05 -8.77 
INFO: ngram_search_fwdtree.c(1550):     1939 words recognized (2/fr)
INFO: ngram_search_fwdtree.c(1552):     2856 senones evaluated (3/fr)
INFO: ngram_search_fwdtree.c(1556):     2033 channels searched (2/fr), 0 1st, 2033 last
INFO: ngram_search_fwdtree.c(1559):     2033 words for which last channels evaluated (2/fr)
INFO: ngram_search_fwdtree.c(1561):        0 candidate words for entering last phone (0/fr)
INFO: ngram_search_fwdtree.c(1564): fwdtree 0.10 CPU 0.010 xRT
INFO: ngram_search_fwdtree.c(1567): fwdtree 0.10 wall 0.010 xRT
INFO: ngram_search_fwdflat.c(302): Utterance vocabulary contains 3 words
INFO: ngram_search_fwdflat.c(948):     2844 words recognized (3/fr)
INFO: ngram_search_fwdflat.c(950):     2856 senones evaluated (3/fr)
INFO: ngram_search_fwdflat.c(952):     2850 channels searched (2/fr)
INFO: ngram_search_fwdflat.c(954):     2850 words searched (2/fr)
INFO: ngram_search_fwdflat.c(957):      966 word transitions (1/fr)
INFO: ngram_search_fwdflat.c(960): fwdflat 0.00 CPU 0.000 xRT
INFO: ngram_search_fwdflat.c(963): fwdflat 0.00 wall 0.000 xRT
INFO: ngram_search.c(1250): lattice start node <s>.0 end node </s>.915
INFO: ngram_search.c(1276): Eliminated 0 nodes before end node
INFO: ngram_search.c(1381): Lattice has 70 nodes, 131 links
INFO: ps_lattice.c(1380): Bestpath score: -10950
INFO: ps_lattice.c(1384): Normalizer P(O) = alpha(</s>:915:951) = -565326
INFO: ps_lattice.c(1441): Joint P(O,S) = -586139 P(S|O) = -20813
INFO: ngram_search.c(872): bestpath 0.00 CPU 0.000 xRT
INFO: ngram_search.c(875): bestpath 0.00 wall 0.000 xRT
INFO: batch.c(761): cleaned/30_0: 9.52 seconds speech, 0.10 seconds CPU, 0.10 seconds wall
INFO: batch.c(763): cleaned/30_0: 0.01 xRT (CPU), 0.01 xRT (elapsed)
 (cleaned/30_0 -11081)
cleaned/30_0 done --------------------------------------
INFO: batch.c(729): Decoding 'cleaned/35_0'
INFO: cmn.c(133): CMN: 41.83  1.34 -1.53 17.68 10.18 -0.84 -2.70 -13.23 -1.37 -7.82 -6.58  1.12 -11.33 
INFO: ngram_search_fwdtree.c(1550):     2605 words recognized (2/fr)
INFO: ngram_search_fwdtree.c(1552):     3768 senones evaluated (3/fr)
INFO: ngram_search_fwdtree.c(1556):     2709 channels searched (2/fr), 0 1st, 2709 last
INFO: ngram_search_fwdtree.c(1559):     2709 words for which last channels evaluated (2/fr)
INFO: ngram_search_fwdtree.c(1561):        0 candidate words for entering last phone (0/fr)
INFO: ngram_search_fwdtree.c(1564): fwdtree 0.13 CPU 0.010 xRT
INFO: ngram_search_fwdtree.c(1567): fwdtree 0.13 wall 0.010 xRT
INFO: ngram_search_fwdflat.c(302): Utterance vocabulary contains 3 words
INFO: ngram_search_fwdflat.c(948):     3756 words recognized (3/fr)
INFO: ngram_search_fwdflat.c(950):     3768 senones evaluated (3/fr)
INFO: ngram_search_fwdflat.c(952):     3762 channels searched (2/fr)
INFO: ngram_search_fwdflat.c(954):     3762 words searched (2/fr)
INFO: ngram_search_fwdflat.c(957):     1241 word transitions (0/fr)
INFO: ngram_search_fwdflat.c(960): fwdflat 0.01 CPU 0.000 xRT
INFO: ngram_search_fwdflat.c(963): fwdflat 0.01 wall 0.000 xRT
INFO: ngram_search.c(1250): lattice start node <s>.0 end node </s>.1240
INFO: ngram_search.c(1276): Eliminated 0 nodes before end node
INFO: ngram_search.c(1381): Lattice has 105 nodes, 203 links
INFO: ps_lattice.c(1380): Bestpath score: -15165
INFO: ps_lattice.c(1384): Normalizer P(O) = alpha(</s>:1240:1255) = -769700
INFO: ps_lattice.c(1441): Joint P(O,S) = -792158 P(S|O) = -22458
INFO: ngram_search.c(872): bestpath 0.00 CPU 0.000 xRT
INFO: ngram_search.c(875): bestpath 0.00 wall 0.000 xRT
INFO: batch.c(761): cleaned/35_0: 12.56 seconds speech, 0.13 seconds CPU, 0.13 seconds wall
INFO: batch.c(763): cleaned/35_0: 0.01 xRT (CPU), 0.01 xRT (elapsed)
 (cleaned/35_0 -15105)
cleaned/35_0 done --------------------------------------
INFO: batch.c(729): Decoding 'cleaned/40_0'
INFO: cmn.c(133): CMN: 45.83  3.47  0.49 11.41  7.13  1.24 -6.37 -13.49 -3.36 -8.70  3.05 -4.64 -7.67 
INFO: ngram_search_fwdtree.c(1550):     3759 words recognized (2/fr)
INFO: ngram_search_fwdtree.c(1552):     5562 senones evaluated (3/fr)
INFO: ngram_search_fwdtree.c(1556):     3792 channels searched (2/fr), 0 1st, 3792 last
INFO: ngram_search_fwdtree.c(1559):     3792 words for which last channels evaluated (2/fr)
INFO: ngram_search_fwdtree.c(1561):        0 candidate words for entering last phone (0/fr)
INFO: ngram_search_fwdtree.c(1564): fwdtree 0.18 CPU 0.010 xRT
INFO: ngram_search_fwdtree.c(1567): fwdtree 0.20 wall 0.011 xRT
INFO: ngram_search_fwdflat.c(302): Utterance vocabulary contains 3 words
INFO: ngram_search_fwdflat.c(948):     5550 words recognized (3/fr)
INFO: ngram_search_fwdflat.c(950):     5562 senones evaluated (3/fr)
INFO: ngram_search_fwdflat.c(952):     5556 channels searched (2/fr)
INFO: ngram_search_fwdflat.c(954):     5556 words searched (2/fr)
INFO: ngram_search_fwdflat.c(957):     1769 word transitions (0/fr)
INFO: ngram_search_fwdflat.c(960): fwdflat 0.01 CPU 0.000 xRT
INFO: ngram_search_fwdflat.c(963): fwdflat 0.01 wall 0.000 xRT
INFO: ngram_search.c(1250): lattice start node <s>.0 end node </s>.1841
INFO: ngram_search.c(1276): Eliminated 0 nodes before end node
INFO: ngram_search.c(1381): Lattice has 148 nodes, 281 links
INFO: ps_lattice.c(1380): Bestpath score: -20748
INFO: ps_lattice.c(1384): Normalizer P(O) = alpha(</s>:1841:1853) = -1049423
INFO: ps_lattice.c(1441): Joint P(O,S) = -1075337 P(S|O) = -25914
INFO: ngram_search.c(872): bestpath 0.00 CPU 0.000 xRT
INFO: ngram_search.c(875): bestpath 0.00 wall 0.000 xRT
INFO: batch.c(761): cleaned/40_0: 18.54 seconds speech, 0.19 seconds CPU, 0.21 seconds wall
INFO: batch.c(763): cleaned/40_0: 0.01 xRT (CPU), 0.01 xRT (elapsed)
 (cleaned/40_0 -20636)
cleaned/40_0 done --------------------------------------
INFO: batch.c(729): Decoding 'cleaned/45_0'
INFO: cmn.c(133): CMN: 42.86 12.03  1.59 -1.10 -0.50  6.28 -5.97 -8.33 -4.92 -2.80 -1.38 -5.65 -1.54 
INFO: ngram_search_fwdtree.c(1550):     4907 words recognized (2/fr)
INFO: ngram_search_fwdtree.c(1552):     7182 senones evaluated (3/fr)
INFO: ngram_search_fwdtree.c(1556):     4958 channels searched (2/fr), 0 1st, 4958 last
INFO: ngram_search_fwdtree.c(1559):     4958 words for which last channels evaluated (2/fr)
INFO: ngram_search_fwdtree.c(1561):        0 candidate words for entering last phone (0/fr)
INFO: ngram_search_fwdtree.c(1564): fwdtree 0.24 CPU 0.010 xRT
INFO: ngram_search_fwdtree.c(1567): fwdtree 0.25 wall 0.011 xRT
INFO: ngram_search_fwdflat.c(302): Utterance vocabulary contains 3 words
INFO: ngram_search_fwdflat.c(948):     7170 words recognized (3/fr)
INFO: ngram_search_fwdflat.c(950):     7182 senones evaluated (3/fr)
INFO: ngram_search_fwdflat.c(952):     7176 channels searched (2/fr)
INFO: ngram_search_fwdflat.c(954):     7176 words searched (2/fr)
INFO: ngram_search_fwdflat.c(957):     2371 word transitions (0/fr)
INFO: ngram_search_fwdflat.c(960): fwdflat 0.01 CPU 0.000 xRT
INFO: ngram_search_fwdflat.c(963): fwdflat 0.01 wall 0.000 xRT
INFO: ngram_search.c(1250): lattice start node <s>.0 end node </s>.2380
INFO: ngram_search.c(1276): Eliminated 0 nodes before end node
INFO: ngram_search.c(1381): Lattice has 168 nodes, 327 links
INFO: ps_lattice.c(1380): Bestpath score: -26347
INFO: ps_lattice.c(1384): Normalizer P(O) = alpha(</s>:2380:2393) = -1323615
INFO: ps_lattice.c(1441): Joint P(O,S) = -1364157 P(S|O) = -40542
INFO: ngram_search.c(872): bestpath 0.00 CPU 0.000 xRT
INFO: ngram_search.c(875): bestpath 0.00 wall 0.000 xRT
INFO: batch.c(761): cleaned/45_0: 23.94 seconds speech, 0.25 seconds CPU, 0.26 seconds wall
INFO: batch.c(763): cleaned/45_0: 0.01 xRT (CPU), 0.01 xRT (elapsed)
 (cleaned/45_0 -26277)
cleaned/45_0 done --------------------------------------
INFO: batch.c(729): Decoding 'cleaned/50_0'
INFO: cmn.c(133): CMN: 43.27  2.99 -12.11 19.38  6.08  5.80 -8.74 -11.46 -1.24 -6.43 -3.27 -0.93 -10.36 
INFO: ngram_search_fwdtree.c(1550):     2406 words recognized (2/fr)
INFO: ngram_search_fwdtree.c(1552):     3447 senones evaluated (3/fr)
INFO: ngram_search_fwdtree.c(1556):     2458 channels searched (2/fr), 0 1st, 2458 last
INFO: ngram_search_fwdtree.c(1559):     2458 words for which last channels evaluated (2/fr)
INFO: ngram_search_fwdtree.c(1561):        0 candidate words for entering last phone (0/fr)
INFO: ngram_search_fwdtree.c(1564): fwdtree 0.11 CPU 0.010 xRT
INFO: ngram_search_fwdtree.c(1567): fwdtree 0.12 wall 0.010 xRT
INFO: ngram_search_fwdflat.c(302): Utterance vocabulary contains 3 words
INFO: ngram_search_fwdflat.c(948):     3435 words recognized (3/fr)
INFO: ngram_search_fwdflat.c(950):     3447 senones evaluated (3/fr)
INFO: ngram_search_fwdflat.c(952):     3441 channels searched (2/fr)
INFO: ngram_search_fwdflat.c(954):     3441 words searched (2/fr)
INFO: ngram_search_fwdflat.c(957):     1186 word transitions (1/fr)
INFO: ngram_search_fwdflat.c(960): fwdflat 0.00 CPU 0.000 xRT
INFO: ngram_search_fwdflat.c(963): fwdflat 0.00 wall 0.000 xRT
INFO: ngram_search.c(1250): lattice start node <s>.0 end node </s>.1129
INFO: ngram_search.c(1276): Eliminated 0 nodes before end node
INFO: ngram_search.c(1381): Lattice has 85 nodes, 161 links
INFO: ps_lattice.c(1380): Bestpath score: -13102
INFO: ps_lattice.c(1384): Normalizer P(O) = alpha(</s>:1129:1148) = -662581
INFO: ps_lattice.c(1441): Joint P(O,S) = -688230 P(S|O) = -25649
INFO: ngram_search.c(872): bestpath 0.00 CPU 0.000 xRT
INFO: ngram_search.c(875): bestpath 0.00 wall 0.000 xRT
INFO: batch.c(761): cleaned/50_0: 11.49 seconds speech, 0.12 seconds CPU, 0.12 seconds wall
INFO: batch.c(763): cleaned/50_0: 0.01 xRT (CPU), 0.01 xRT (elapsed)
 (cleaned/50_0 -13075)
cleaned/50_0 done --------------------------------------
INFO: batch.c(729): Decoding 'cleaned/55_0'
INFO: cmn.c(133): CMN: 38.97 -0.72 -3.04  8.63  7.90  1.00 -6.07 -14.18 -8.32 -7.13  7.00 -2.93 -13.45 
INFO: ngram_search_fwdtree.c(1550):     3765 words recognized (2/fr)
INFO: ngram_search_fwdtree.c(1552):     5496 senones evaluated (3/fr)
INFO: ngram_search_fwdtree.c(1556):     3814 channels searched (2/fr), 0 1st, 3814 last
INFO: ngram_search_fwdtree.c(1559):     3814 words for which last channels evaluated (2/fr)
INFO: ngram_search_fwdtree.c(1561):        0 candidate words for entering last phone (0/fr)
INFO: ngram_search_fwdtree.c(1564): fwdtree 0.18 CPU 0.010 xRT
INFO: ngram_search_fwdtree.c(1567): fwdtree 0.19 wall 0.010 xRT
INFO: ngram_search_fwdflat.c(302): Utterance vocabulary contains 3 words
INFO: ngram_search_fwdflat.c(948):     5484 words recognized (3/fr)
INFO: ngram_search_fwdflat.c(950):     5496 senones evaluated (3/fr)
INFO: ngram_search_fwdflat.c(952):     5490 channels searched (2/fr)
INFO: ngram_search_fwdflat.c(954):     5490 words searched (2/fr)
INFO: ngram_search_fwdflat.c(957):     1750 word transitions (0/fr)
INFO: ngram_search_fwdflat.c(960): fwdflat 0.01 CPU 0.000 xRT
INFO: ngram_search_fwdflat.c(963): fwdflat 0.01 wall 0.000 xRT
INFO: ngram_search.c(1250): lattice start node <s>.0 end node </s>.1813
INFO: ngram_search.c(1276): Eliminated 0 nodes before end node
INFO: ngram_search.c(1381): Lattice has 135 nodes, 261 links
INFO: ps_lattice.c(1380): Bestpath score: -21160
INFO: ps_lattice.c(1384): Normalizer P(O) = alpha(</s>:1813:1831) = -1067369
INFO: ps_lattice.c(1441): Joint P(O,S) = -1097509 P(S|O) = -30140
INFO: ngram_search.c(872): bestpath 0.00 CPU 0.000 xRT
INFO: ngram_search.c(875): bestpath 0.00 wall 0.000 xRT
INFO: batch.c(761): cleaned/55_0: 18.32 seconds speech, 0.19 seconds CPU, 0.19 seconds wall
INFO: batch.c(763): cleaned/55_0: 0.01 xRT (CPU), 0.01 xRT (elapsed)
 (cleaned/55_0 -21069)
cleaned/55_0 done --------------------------------------
INFO: batch.c(729): Decoding 'cleaned/60_0'
INFO: cmn.c(133): CMN: 43.04  2.33 -3.77  5.00  5.94 -4.70 -4.47 -15.20 -8.72 -5.87  5.10  6.16 -8.31 
INFO: ngram_search_fwdtree.c(1550):     2238 words recognized (2/fr)
INFO: ngram_search_fwdtree.c(1552):     3261 senones evaluated (3/fr)
INFO: ngram_search_fwdtree.c(1556):     2328 channels searched (2/fr), 0 1st, 2328 last
INFO: ngram_search_fwdtree.c(1559):     2328 words for which last channels evaluated (2/fr)
INFO: ngram_search_fwdtree.c(1561):        0 candidate words for entering last phone (0/fr)
INFO: ngram_search_fwdtree.c(1564): fwdtree 0.11 CPU 0.010 xRT
INFO: ngram_search_fwdtree.c(1567): fwdtree 0.11 wall 0.010 xRT
INFO: ngram_search_fwdflat.c(302): Utterance vocabulary contains 2 words
INFO: ngram_search_fwdflat.c(948):     3249 words recognized (3/fr)
INFO: ngram_search_fwdflat.c(950):     3261 senones evaluated (3/fr)
INFO: ngram_search_fwdflat.c(952):     3255 channels searched (2/fr)
INFO: ngram_search_fwdflat.c(954):     3255 words searched (2/fr)
INFO: ngram_search_fwdflat.c(957):     1096 word transitions (1/fr)
INFO: ngram_search_fwdflat.c(960): fwdflat 0.00 CPU 0.000 xRT
INFO: ngram_search_fwdflat.c(963): fwdflat 0.00 wall 0.000 xRT
INFO: ngram_search.c(1250): lattice start node <s>.0 end node </s>.1082
INFO: ngram_search.c(1276): Eliminated 0 nodes before end node
INFO: ngram_search.c(1381): Lattice has 97 nodes, 183 links
INFO: ps_lattice.c(1380): Bestpath score: -13198
INFO: ps_lattice.c(1384): Normalizer P(O) = alpha(</s>:1082:1086) = -662090
INFO: ps_lattice.c(1441): Joint P(O,S) = -686126 P(S|O) = -24036
INFO: ngram_search.c(872): bestpath 0.00 CPU 0.000 xRT
INFO: ngram_search.c(875): bestpath 0.00 wall 0.000 xRT
INFO: batch.c(761): cleaned/60_0: 10.87 seconds speech, 0.11 seconds CPU, 0.12 seconds wall
INFO: batch.c(763): cleaned/60_0: 0.01 xRT (CPU), 0.01 xRT (elapsed)
 (cleaned/60_0 -13034)
cleaned/60_0 done --------------------------------------
INFO: batch.c(729): Decoding 'cleaned/65_0'
INFO: cmn.c(133): CMN: 41.57  0.70 -3.46  5.21  3.48  2.99 -4.20 -15.44 -7.38 -0.01  4.74 -0.31 -8.36 
INFO: ngram_search_fwdtree.c(1550):     2049 words recognized (2/fr)
INFO: ngram_search_fwdtree.c(1552):     2907 senones evaluated (3/fr)
INFO: ngram_search_fwdtree.c(1556):     2079 channels searched (2/fr), 0 1st, 2079 last
INFO: ngram_search_fwdtree.c(1559):     2079 words for which last channels evaluated (2/fr)
INFO: ngram_search_fwdtree.c(1561):        0 candidate words for entering last phone (0/fr)
INFO: ngram_search_fwdtree.c(1564): fwdtree 0.09 CPU 0.010 xRT
INFO: ngram_search_fwdtree.c(1567): fwdtree 0.10 wall 0.010 xRT
INFO: ngram_search_fwdflat.c(302): Utterance vocabulary contains 3 words
INFO: ngram_search_fwdflat.c(948):     2895 words recognized (3/fr)
INFO: ngram_search_fwdflat.c(950):     2907 senones evaluated (3/fr)
INFO: ngram_search_fwdflat.c(952):     2901 channels searched (2/fr)
INFO: ngram_search_fwdflat.c(954):     2901 words searched (2/fr)
INFO: ngram_search_fwdflat.c(957):      985 word transitions (1/fr)
INFO: ngram_search_fwdflat.c(960): fwdflat 0.00 CPU 0.000 xRT
INFO: ngram_search_fwdflat.c(963): fwdflat 0.00 wall 0.000 xRT
INFO: ngram_search.c(1250): lattice start node <s>.0 end node </s>.953
INFO: ngram_search.c(1276): Eliminated 0 nodes before end node
INFO: ngram_search.c(1381): Lattice has 77 nodes, 139 links
INFO: ps_lattice.c(1380): Bestpath score: -11133
INFO: ps_lattice.c(1384): Normalizer P(O) = alpha(</s>:953:968) = -562171
INFO: ps_lattice.c(1441): Joint P(O,S) = -585780 P(S|O) = -23609
INFO: ngram_search.c(872): bestpath 0.00 CPU 0.000 xRT
INFO: ngram_search.c(875): bestpath 0.00 wall 0.000 xRT
INFO: batch.c(761): cleaned/65_0: 9.69 seconds speech, 0.09 seconds CPU, 0.10 seconds wall
INFO: batch.c(763): cleaned/65_0: 0.01 xRT (CPU), 0.01 xRT (elapsed)
 (cleaned/65_0 -11074)
cleaned/65_0 done --------------------------------------
INFO: batch.c(778): TOTAL 173.29 seconds speech, 1.80 seconds CPU, 1.88 seconds wall
INFO: batch.c(780): AVERAGE 0.01 xRT (CPU), 0.01 xRT (elapsed)
INFO: ngram_search_fwdtree.c(429): TOTAL fwdtree 1.73 CPU 0.010 xRT
INFO: ngram_search_fwdtree.c(432): TOTAL fwdtree 1.80 wall 0.010 xRT
INFO: ngram_search_fwdflat.c(176): TOTAL fwdflat 0.07 CPU 0.000 xRT
INFO: ngram_search_fwdflat.c(179): TOTAL fwdflat 0.07 wall 0.000 xRT
INFO: ngram_search.c(303): TOTAL bestpath 0.00 CPU 0.000 xRT
INFO: ngram_search.c(306): TOTAL bestpath 0.01 wall 0.000 xRT
Mon Jan 30 07:37:12 2017
