        INFO: pocketsphinx.c(152): Parsed model-specific feature parameters from /Users/benroye/forge/cmusphinx/voiceVim/model_parameters/voiceVim.cd_cont_200/feat.params
Current configuration:
[NAME]			[DEFLT]		[VALUE]
-agc			none		none
-agcthresh		2.0		2.000000e+00
-allphone				
-allphone_ci		yes		yes
-alpha			0.97		9.700000e-01
-ascale			20.0		2.000000e+01
-aw			1		1
-backtrace		no		no
-beam			1e-48		1.000000e-80
-bestpath		yes		yes
-bestpathlw		9.5		1.000000e+01
-ceplen			13		13
-cmn			live		batch
-cmninit		40,3,-1		40,3,-1
-compallsen		no		no
-debug					0
-dict					/Users/benroye/forge/cmusphinx/voiceVim/etc/voiceVim.dic
-dictcase		no		no
-dither			no		no
-doublebw		no		no
-ds			1		1
-fdict					
-feat			1s_c_d_dd	1s_c_d_dd
-featparams				
-fillprob		1e-8		1.000000e-08
-frate			100		100
-fsg					
-fsgusealtpron		yes		yes
-fsgusefiller		yes		yes
-fwdflat		yes		yes
-fwdflatbeam		1e-64		1.000000e-80
-fwdflatefwid		4		4
-fwdflatlw		8.5		1.000000e+01
-fwdflatsfwin		25		25
-fwdflatwbeam		7e-29		1.000000e-40
-fwdtree		yes		yes
-hmm					/Users/benroye/forge/cmusphinx/voiceVim/model_parameters/voiceVim.cd_cont_200
-input_endian		little		little
-jsgf					
-keyphrase				
-kws					
-kws_delay		10		10
-kws_plp		1e-1		1.000000e-01
-kws_threshold		1e-30		1.000000e-30
-latsize		5000		5000
-lda					
-ldadim			0		0
-lifter			0		22
-lm					/Users/benroye/forge/cmusphinx/voiceVim/etc/voiceVim.lm.bin
-lmctl					
-lmname					
-logbase		1.0001		1.000100e+00
-logfn					
-logspec		no		no
-lowerf			133.33334	1.300000e+02
-lpbeam			1e-40		1.000000e-80
-lponlybeam		7e-29		1.000000e-80
-lw			6.5		1.000000e+01
-maxhmmpf		30000		30000
-maxwpf			-1		-1
-mdef					
-mean					
-mfclogdir				
-min_endfr		0		0
-mixw					
-mixwfloor		0.0000001	1.000000e-07
-mllr					
-mmap			yes		yes
-ncep			13		13
-nfft			512		512
-nfilt			40		25
-nwpen			1.0		1.000000e+00
-pbeam			1e-48		1.000000e-80
-pip			1.0		1.000000e+00
-pl_beam		1e-10		1.000000e-10
-pl_pbeam		1e-10		1.000000e-10
-pl_pip			1.0		1.000000e+00
-pl_weight		3.0		3.000000e+00
-pl_window		5		5
-rawlogdir				
-remove_dc		no		no
-remove_noise		yes		yes
-remove_silence		yes		yes
-round_filters		yes		yes
-samprate		16000		1.600000e+04
-seed			-1		-1
-sendump				
-senlogdir				
-senmgau				
-silprob		0.005		5.000000e-03
-smoothspec		no		no
-svspec					
-tmat					
-tmatfloor		0.0001		1.000000e-04
-topn			4		4
-topn_beam		0		0
-toprule				
-transform		legacy		dct
-unit_area		yes		yes
-upperf			6855.4976	6.800000e+03
-uw			1.0		1.000000e+00
-vad_postspeech		50		50
-vad_prespeech		20		20
-vad_startspeech	10		10
-vad_threshold		3.0		3.000000e+00
-var					
-varfloor		0.0001		1.000000e-04
-varnorm		no		no
-verbose		no		no
-warp_params				
-warp_type		inverse_linear	inverse_linear
-wbeam			7e-29		1.000000e-40
-wip			0.65		2.000000e-01
-wlen			0.025625	2.562500e-02

INFO: feat.c(715): Initializing feature stream to type: '1s_c_d_dd', ceplen=13, CMN='batch', VARNORM='no', AGC='none'
INFO: mdef.c(518): Reading model definition: /Users/benroye/forge/cmusphinx/voiceVim/model_parameters/voiceVim.cd_cont_200/mdef
INFO: bin_mdef.c(181): Allocating 7462 * 8 bytes (58 KiB) for CD tree
INFO: tmat.c(149): Reading HMM transition probability matrices: /Users/benroye/forge/cmusphinx/voiceVim/model_parameters/voiceVim.cd_cont_200/transition_matrices
INFO: acmod.c(113): Attempting to use PTM computation module
INFO: ms_gauden.c(127): Reading mixture gaussian parameter: /Users/benroye/forge/cmusphinx/voiceVim/model_parameters/voiceVim.cd_cont_200/means
INFO: ms_gauden.c(242): 317 codebook, 1 feature, size: 
INFO: ms_gauden.c(244):  8x39
INFO: ms_gauden.c(127): Reading mixture gaussian parameter: /Users/benroye/forge/cmusphinx/voiceVim/model_parameters/voiceVim.cd_cont_200/variances
INFO: ms_gauden.c(242): 317 codebook, 1 feature, size: 
INFO: ms_gauden.c(244):  8x39
INFO: ms_gauden.c(304): 0 variance values floored
INFO: ptm_mgau.c(804): Number of codebooks exceeds 256: 317
INFO: acmod.c(115): Attempting to use semi-continuous computation module
INFO: ms_gauden.c(127): Reading mixture gaussian parameter: /Users/benroye/forge/cmusphinx/voiceVim/model_parameters/voiceVim.cd_cont_200/means
INFO: ms_gauden.c(242): 317 codebook, 1 feature, size: 
INFO: ms_gauden.c(244):  8x39
INFO: ms_gauden.c(127): Reading mixture gaussian parameter: /Users/benroye/forge/cmusphinx/voiceVim/model_parameters/voiceVim.cd_cont_200/variances
INFO: ms_gauden.c(242): 317 codebook, 1 feature, size: 
INFO: ms_gauden.c(244):  8x39
INFO: ms_gauden.c(304): 0 variance values floored
INFO: acmod.c(117): Falling back to general multi-stream GMM computation
INFO: ms_gauden.c(127): Reading mixture gaussian parameter: /Users/benroye/forge/cmusphinx/voiceVim/model_parameters/voiceVim.cd_cont_200/means
INFO: ms_gauden.c(242): 317 codebook, 1 feature, size: 
INFO: ms_gauden.c(244):  8x39
INFO: ms_gauden.c(127): Reading mixture gaussian parameter: /Users/benroye/forge/cmusphinx/voiceVim/model_parameters/voiceVim.cd_cont_200/variances
INFO: ms_gauden.c(242): 317 codebook, 1 feature, size: 
INFO: ms_gauden.c(244):  8x39
INFO: ms_gauden.c(304): 0 variance values floored
INFO: ms_senone.c(149): Reading senone mixture weights: /Users/benroye/forge/cmusphinx/voiceVim/model_parameters/voiceVim.cd_cont_200/mixture_weights
INFO: ms_senone.c(200): Truncating senone logs3(pdf) values by 10 bits
INFO: ms_senone.c(207): Not transposing mixture weights in memory
INFO: ms_senone.c(268): Read mixture weights for 317 senones: 1 features x 8 codewords
INFO: ms_senone.c(320): Mapping senones to individual codebooks
INFO: ms_mgau.c(144): The value of topn: 4
INFO: phone_loop_search.c(114): State beam -225 Phone exit beam -225 Insertion penalty 0
INFO: dict.c(320): Allocating 4234 * 32 bytes (132 KiB) for word entries
INFO: dict.c(333): Reading main dictionary: /Users/benroye/forge/cmusphinx/voiceVim/etc/voiceVim.dic
INFO: dict.c(213): Dictionary size 133, allocated 0 KiB for strings, 1 KiB for phones
INFO: dict.c(336): 133 words read
INFO: dict.c(358): Reading filler dictionary: /Users/benroye/forge/cmusphinx/voiceVim/model_parameters/voiceVim.cd_cont_200/noisedict
INFO: dict.c(213): Dictionary size 136, allocated 0 KiB for strings, 0 KiB for phones
INFO: dict.c(361): 3 words read
INFO: dict2pid.c(396): Building PID tables for dictionary
INFO: dict2pid.c(406): Allocating 39^3 * 2 bytes (115 KiB) for word-initial triphones
INFO: dict2pid.c(132): Allocated 36816 bytes (35 KiB) for word-final triphones
INFO: dict2pid.c(196): Allocated 36816 bytes (35 KiB) for single-phone word triphones
INFO: ngram_model_trie.c(354): Trying to read LM in trie binary format
INFO: ngram_search_fwdtree.c(74): Initializing search tree
INFO: ngram_search_fwdtree.c(101): 103 unique initial diphones
INFO: ngram_search_fwdtree.c(186): Creating search channels
INFO: ngram_search_fwdtree.c(323): Max nonroot chan increased to 128
INFO: ngram_search_fwdtree.c(333): Created 0 root, 0 non-root channels, 3 single-phone words
INFO: ngram_search_fwdflat.c(157): fwdflat: min_ef_width = 4, max_sf_win = 25
INFO: batch.c(729): Decoding 'cleaned/70_0'
INFO: cmn.c(133): CMN: 38.08  2.30  0.08  3.82  4.80 -2.10 -2.36 -11.11 -13.25  1.97 -1.05 -2.98 -8.19 
INFO: ngram_search_fwdtree.c(1550):     2559 words recognized (2/fr)
INFO: ngram_search_fwdtree.c(1552):     3735 senones evaluated (3/fr)
INFO: ngram_search_fwdtree.c(1556):     2624 channels searched (2/fr), 0 1st, 2624 last
INFO: ngram_search_fwdtree.c(1559):     2624 words for which last channels evaluated (2/fr)
INFO: ngram_search_fwdtree.c(1561):        0 candidate words for entering last phone (0/fr)
INFO: ngram_search_fwdtree.c(1564): fwdtree 0.12 CPU 0.010 xRT
INFO: ngram_search_fwdtree.c(1567): fwdtree 0.13 wall 0.011 xRT
INFO: ngram_search_fwdflat.c(302): Utterance vocabulary contains 3 words
INFO: ngram_search_fwdflat.c(948):     3726 words recognized (3/fr)
INFO: ngram_search_fwdflat.c(950):     3738 senones evaluated (3/fr)
INFO: ngram_search_fwdflat.c(952):     3732 channels searched (2/fr)
INFO: ngram_search_fwdflat.c(954):     3732 words searched (2/fr)
INFO: ngram_search_fwdflat.c(957):     1160 word transitions (0/fr)
INFO: ngram_search_fwdflat.c(960): fwdflat 0.01 CPU 0.000 xRT
INFO: ngram_search_fwdflat.c(963): fwdflat 0.01 wall 0.000 xRT
INFO: ngram_search.c(1250): lattice start node <s>.0 end node </s>.1228
INFO: ngram_search.c(1276): Eliminated 0 nodes before end node
INFO: ngram_search.c(1381): Lattice has 85 nodes, 155 links
INFO: ps_lattice.c(1380): Bestpath score: -13569
INFO: ps_lattice.c(1384): Normalizer P(O) = alpha(</s>:1228:1245) = -691523
INFO: ps_lattice.c(1441): Joint P(O,S) = -710300 P(S|O) = -18777
INFO: ngram_search.c(872): bestpath 0.00 CPU 0.000 xRT
INFO: ngram_search.c(875): bestpath 0.00 wall 0.000 xRT
INFO: batch.c(761): cleaned/70_0: 12.46 seconds speech, 0.13 seconds CPU, 0.14 seconds wall
INFO: batch.c(763): cleaned/70_0: 0.01 xRT (CPU), 0.01 xRT (elapsed)
 (cleaned/70_0 -13506)
cleaned/70_0 done --------------------------------------
INFO: batch.c(729): Decoding 'cleaned/75_0'
INFO: cmn.c(133): CMN: 39.11  2.59 -6.29  8.84  8.98  3.11 -5.12 -18.12 -1.94 -6.74 -3.08 -0.11 -8.85 
INFO: ngram_search_fwdtree.c(1550):     2426 words recognized (2/fr)
INFO: ngram_search_fwdtree.c(1552):     3570 senones evaluated (3/fr)
INFO: ngram_search_fwdtree.c(1556):     2509 channels searched (2/fr), 0 1st, 2509 last
INFO: ngram_search_fwdtree.c(1559):     2509 words for which last channels evaluated (2/fr)
INFO: ngram_search_fwdtree.c(1561):        0 candidate words for entering last phone (0/fr)
INFO: ngram_search_fwdtree.c(1564): fwdtree 0.12 CPU 0.010 xRT
INFO: ngram_search_fwdtree.c(1567): fwdtree 0.13 wall 0.011 xRT
INFO: ngram_search_fwdflat.c(302): Utterance vocabulary contains 2 words
INFO: ngram_search_fwdflat.c(948):     3558 words recognized (3/fr)
INFO: ngram_search_fwdflat.c(950):     3570 senones evaluated (3/fr)
INFO: ngram_search_fwdflat.c(952):     3564 channels searched (2/fr)
INFO: ngram_search_fwdflat.c(954):     3564 words searched (2/fr)
INFO: ngram_search_fwdflat.c(957):     1003 word transitions (0/fr)
INFO: ngram_search_fwdflat.c(960): fwdflat 0.00 CPU 0.000 xRT
INFO: ngram_search_fwdflat.c(963): fwdflat 0.00 wall 0.000 xRT
INFO: ngram_search.c(1250): lattice start node <s>.0 end node </s>.1185
INFO: ngram_search.c(1276): Eliminated 0 nodes before end node
INFO: ngram_search.c(1381): Lattice has 71 nodes, 133 links
INFO: ps_lattice.c(1380): Bestpath score: -13383
INFO: ps_lattice.c(1384): Normalizer P(O) = alpha(</s>:1185:1189) = -671922
INFO: ps_lattice.c(1441): Joint P(O,S) = -694376 P(S|O) = -22454
INFO: ngram_search.c(872): bestpath 0.00 CPU 0.000 xRT
INFO: ngram_search.c(875): bestpath 0.00 wall 0.000 xRT
INFO: batch.c(761): cleaned/75_0: 11.90 seconds speech, 0.12 seconds CPU, 0.14 seconds wall
INFO: batch.c(763): cleaned/75_0: 0.01 xRT (CPU), 0.01 xRT (elapsed)
 (cleaned/75_0 -13195)
cleaned/75_0 done --------------------------------------
INFO: batch.c(729): Decoding 'cleaned/80_0'
INFO: cmn.c(133): CMN: 37.47  1.13 -3.10 10.81  5.74  3.03 -0.02 -12.10 -9.21 -7.23  9.59 -1.96 -13.15 
INFO: ngram_search_fwdtree.c(1550):     2643 words recognized (2/fr)
INFO: ngram_search_fwdtree.c(1552):     3891 senones evaluated (3/fr)
INFO: ngram_search_fwdtree.c(1556):     2683 channels searched (2/fr), 0 1st, 2683 last
INFO: ngram_search_fwdtree.c(1559):     2683 words for which last channels evaluated (2/fr)
INFO: ngram_search_fwdtree.c(1561):        0 candidate words for entering last phone (0/fr)
INFO: ngram_search_fwdtree.c(1564): fwdtree 0.13 CPU 0.010 xRT
INFO: ngram_search_fwdtree.c(1567): fwdtree 0.14 wall 0.011 xRT
INFO: ngram_search_fwdflat.c(302): Utterance vocabulary contains 3 words
INFO: ngram_search_fwdflat.c(948):     3879 words recognized (3/fr)
INFO: ngram_search_fwdflat.c(950):     3891 senones evaluated (3/fr)
INFO: ngram_search_fwdflat.c(952):     3885 channels searched (2/fr)
INFO: ngram_search_fwdflat.c(954):     3885 words searched (2/fr)
INFO: ngram_search_fwdflat.c(957):     1219 word transitions (0/fr)
INFO: ngram_search_fwdflat.c(960): fwdflat 0.01 CPU 0.000 xRT
INFO: ngram_search_fwdflat.c(963): fwdflat 0.01 wall 0.000 xRT
INFO: ngram_search.c(1250): lattice start node <s>.0 end node </s>.1278
INFO: ngram_search.c(1276): Eliminated 0 nodes before end node
INFO: ngram_search.c(1381): Lattice has 97 nodes, 183 links
INFO: ps_lattice.c(1380): Bestpath score: -13924
INFO: ps_lattice.c(1384): Normalizer P(O) = alpha(</s>:1278:1296) = -708545
INFO: ps_lattice.c(1441): Joint P(O,S) = -728164 P(S|O) = -19619
INFO: ngram_search.c(872): bestpath 0.00 CPU 0.000 xRT
INFO: ngram_search.c(875): bestpath 0.00 wall 0.000 xRT
INFO: batch.c(761): cleaned/80_0: 12.97 seconds speech, 0.14 seconds CPU, 0.15 seconds wall
INFO: batch.c(763): cleaned/80_0: 0.01 xRT (CPU), 0.01 xRT (elapsed)
 (cleaned/80_0 -13855)
cleaned/80_0 done --------------------------------------
INFO: batch.c(729): Decoding 'cleaned/85_0'
INFO: cmn.c(133): CMN: 45.46 -2.29  0.83  6.85  6.15  1.81 -11.82 -13.16 -11.32 -4.46 12.93 -4.03 -15.41 
INFO: ngram_search_fwdtree.c(1550):     4406 words recognized (2/fr)
INFO: ngram_search_fwdtree.c(1552):     6522 senones evaluated (3/fr)
INFO: ngram_search_fwdtree.c(1556):     4503 channels searched (2/fr), 0 1st, 4503 last
INFO: ngram_search_fwdtree.c(1559):     4503 words for which last channels evaluated (2/fr)
INFO: ngram_search_fwdtree.c(1561):        0 candidate words for entering last phone (0/fr)
INFO: ngram_search_fwdtree.c(1564): fwdtree 0.22 CPU 0.010 xRT
INFO: ngram_search_fwdtree.c(1567): fwdtree 0.23 wall 0.011 xRT
INFO: ngram_search_fwdflat.c(302): Utterance vocabulary contains 3 words
INFO: ngram_search.c(459): Resized backpointer table to 10000 entries
INFO: ngram_search_fwdflat.c(948):     6510 words recognized (3/fr)
INFO: ngram_search_fwdflat.c(950):     6522 senones evaluated (3/fr)
INFO: ngram_search_fwdflat.c(952):     6516 channels searched (2/fr)
INFO: ngram_search_fwdflat.c(954):     6516 words searched (2/fr)
INFO: ngram_search_fwdflat.c(957):     2091 word transitions (0/fr)
INFO: ngram_search_fwdflat.c(960): fwdflat 0.01 CPU 0.000 xRT
INFO: ngram_search_fwdflat.c(963): fwdflat 0.01 wall 0.000 xRT
INFO: ngram_search.c(1250): lattice start node <s>.0 end node </s>.2160
INFO: ngram_search.c(1276): Eliminated 0 nodes before end node
INFO: ngram_search.c(1381): Lattice has 159 nodes, 307 links
INFO: ps_lattice.c(1380): Bestpath score: -25072
INFO: ps_lattice.c(1384): Normalizer P(O) = alpha(</s>:2160:2173) = -1261562
INFO: ps_lattice.c(1441): Joint P(O,S) = -1297800 P(S|O) = -36238
INFO: ngram_search.c(872): bestpath 0.00 CPU 0.000 xRT
INFO: ngram_search.c(875): bestpath 0.00 wall 0.000 xRT
INFO: batch.c(761): cleaned/85_0: 21.74 seconds speech, 0.23 seconds CPU, 0.24 seconds wall
INFO: batch.c(763): cleaned/85_0: 0.01 xRT (CPU), 0.01 xRT (elapsed)
 (cleaned/85_0 -24981)
cleaned/85_0 done --------------------------------------
INFO: batch.c(729): Decoding 'cleaned/90_0'
INFO: cmn.c(133): CMN: 40.94  1.04 -10.34 11.31  4.34  0.90 -5.55 -9.98 -3.59 -1.30  2.21 -10.01 -9.97 
INFO: ngram_search_fwdtree.c(1550):     2458 words recognized (2/fr)
INFO: ngram_search_fwdtree.c(1552):     3519 senones evaluated (3/fr)
INFO: ngram_search_fwdtree.c(1556):     2525 channels searched (2/fr), 0 1st, 2525 last
INFO: ngram_search_fwdtree.c(1559):     2525 words for which last channels evaluated (2/fr)
INFO: ngram_search_fwdtree.c(1561):        0 candidate words for entering last phone (0/fr)
INFO: ngram_search_fwdtree.c(1564): fwdtree 0.12 CPU 0.010 xRT
INFO: ngram_search_fwdtree.c(1567): fwdtree 0.12 wall 0.010 xRT
INFO: ngram_search_fwdflat.c(302): Utterance vocabulary contains 3 words
INFO: ngram_search_fwdflat.c(948):     3507 words recognized (3/fr)
INFO: ngram_search_fwdflat.c(950):     3519 senones evaluated (3/fr)
INFO: ngram_search_fwdflat.c(952):     3513 channels searched (2/fr)
INFO: ngram_search_fwdflat.c(954):     3513 words searched (2/fr)
INFO: ngram_search_fwdflat.c(957):     1181 word transitions (1/fr)
INFO: ngram_search_fwdflat.c(960): fwdflat 0.00 CPU 0.000 xRT
INFO: ngram_search_fwdflat.c(963): fwdflat 0.01 wall 0.000 xRT
INFO: ngram_search.c(1250): lattice start node <s>.0 end node </s>.1159
INFO: ngram_search.c(1276): Eliminated 0 nodes before end node
INFO: ngram_search.c(1381): Lattice has 92 nodes, 175 links
INFO: ps_lattice.c(1380): Bestpath score: -13705
INFO: ps_lattice.c(1384): Normalizer P(O) = alpha(</s>:1159:1172) = -686073
INFO: ps_lattice.c(1441): Joint P(O,S) = -714186 P(S|O) = -28113
INFO: ngram_search.c(872): bestpath 0.00 CPU 0.000 xRT
INFO: ngram_search.c(875): bestpath 0.00 wall 0.000 xRT
INFO: batch.c(761): cleaned/90_0: 11.73 seconds speech, 0.12 seconds CPU, 0.13 seconds wall
INFO: batch.c(763): cleaned/90_0: 0.01 xRT (CPU), 0.01 xRT (elapsed)
 (cleaned/90_0 -13582)
cleaned/90_0 done --------------------------------------
INFO: batch.c(729): Decoding 'cleaned/95_0'
INFO: cmn.c(133): CMN: 46.08  7.78 -6.74  5.00 -3.51 -1.70 -8.14 -6.49 -8.24  6.17  5.57 -9.97 -13.98 
INFO: ngram_search_fwdtree.c(1550):     2079 words recognized (2/fr)
INFO: ngram_search_fwdtree.c(1552):     3021 senones evaluated (3/fr)
INFO: ngram_search_fwdtree.c(1556):     2122 channels searched (2/fr), 0 1st, 2122 last
INFO: ngram_search_fwdtree.c(1559):     2122 words for which last channels evaluated (2/fr)
INFO: ngram_search_fwdtree.c(1561):        0 candidate words for entering last phone (0/fr)
INFO: ngram_search_fwdtree.c(1564): fwdtree 0.10 CPU 0.010 xRT
INFO: ngram_search_fwdtree.c(1567): fwdtree 0.11 wall 0.010 xRT
INFO: ngram_search_fwdflat.c(302): Utterance vocabulary contains 3 words
INFO: ngram_search_fwdflat.c(948):     3009 words recognized (3/fr)
INFO: ngram_search_fwdflat.c(950):     3021 senones evaluated (3/fr)
INFO: ngram_search_fwdflat.c(952):     3015 channels searched (2/fr)
INFO: ngram_search_fwdflat.c(954):     3015 words searched (2/fr)
INFO: ngram_search_fwdflat.c(957):     1043 word transitions (1/fr)
INFO: ngram_search_fwdflat.c(960): fwdflat 0.00 CPU 0.000 xRT
INFO: ngram_search_fwdflat.c(963): fwdflat 0.01 wall 0.001 xRT
INFO: ngram_search.c(1250): lattice start node <s>.0 end node </s>.1000
INFO: ngram_search.c(1276): Eliminated 0 nodes before end node
INFO: ngram_search.c(1381): Lattice has 86 nodes, 159 links
INFO: ps_lattice.c(1380): Bestpath score: -12401
INFO: ps_lattice.c(1384): Normalizer P(O) = alpha(</s>:1000:1006) = -621773
INFO: ps_lattice.c(1441): Joint P(O,S) = -644198 P(S|O) = -22425
INFO: ngram_search.c(872): bestpath 0.00 CPU 0.000 xRT
INFO: ngram_search.c(875): bestpath 0.00 wall 0.000 xRT
INFO: batch.c(761): cleaned/95_0: 10.07 seconds speech, 0.11 seconds CPU, 0.12 seconds wall
INFO: batch.c(763): cleaned/95_0: 0.01 xRT (CPU), 0.01 xRT (elapsed)
 (cleaned/95_0 -12215)
cleaned/95_0 done --------------------------------------
INFO: batch.c(729): Decoding 'cleaned/100_0'
INFO: cmn.c(133): CMN: 43.69 -4.62 -3.95  9.65 -3.38  6.69 -1.09 -22.16  1.17 -7.98  7.45 -0.56 -10.76 
INFO: ngram_search_fwdtree.c(1550):     2380 words recognized (2/fr)
INFO: ngram_search_fwdtree.c(1552):     3465 senones evaluated (3/fr)
INFO: ngram_search_fwdtree.c(1556):     2448 channels searched (2/fr), 0 1st, 2448 last
INFO: ngram_search_fwdtree.c(1559):     2448 words for which last channels evaluated (2/fr)
INFO: ngram_search_fwdtree.c(1561):        0 candidate words for entering last phone (0/fr)
INFO: ngram_search_fwdtree.c(1564): fwdtree 0.12 CPU 0.010 xRT
INFO: ngram_search_fwdtree.c(1567): fwdtree 0.12 wall 0.011 xRT
INFO: ngram_search_fwdflat.c(302): Utterance vocabulary contains 3 words
INFO: ngram_search_fwdflat.c(948):     3453 words recognized (3/fr)
INFO: ngram_search_fwdflat.c(950):     3465 senones evaluated (3/fr)
INFO: ngram_search_fwdflat.c(952):     3459 channels searched (2/fr)
INFO: ngram_search_fwdflat.c(954):     3459 words searched (2/fr)
INFO: ngram_search_fwdflat.c(957):     1190 word transitions (1/fr)
INFO: ngram_search_fwdflat.c(960): fwdflat 0.00 CPU 0.000 xRT
INFO: ngram_search_fwdflat.c(963): fwdflat 0.01 wall 0.001 xRT
INFO: ngram_search.c(1250): lattice start node <s>.0 end node </s>.1141
INFO: ngram_search.c(1276): Eliminated 0 nodes before end node
INFO: ngram_search.c(1381): Lattice has 100 nodes, 189 links
INFO: ps_lattice.c(1380): Bestpath score: -14114
INFO: ps_lattice.c(1384): Normalizer P(O) = alpha(</s>:1141:1154) = -710209
INFO: ps_lattice.c(1441): Joint P(O,S) = -737581 P(S|O) = -27372
INFO: ngram_search.c(872): bestpath 0.00 CPU 0.000 xRT
INFO: ngram_search.c(875): bestpath 0.00 wall 0.000 xRT
INFO: batch.c(761): cleaned/100_0: 11.55 seconds speech, 0.12 seconds CPU, 0.13 seconds wall
INFO: batch.c(763): cleaned/100_0: 0.01 xRT (CPU), 0.01 xRT (elapsed)
 (cleaned/100_0 -14039)
cleaned/100_0 done --------------------------------------
INFO: batch.c(729): Decoding 'cleaned/105_0'
INFO: cmn.c(133): CMN: 41.48  7.97  4.06  4.94 -3.59 -0.35 -18.23 -8.50 -14.97 -4.20 -8.90 -10.21  1.90 
INFO: ngram_search_fwdtree.c(1550):     5128 words recognized (2/fr)
INFO: ngram_search_fwdtree.c(1552):     7485 senones evaluated (3/fr)
INFO: ngram_search_fwdtree.c(1556):     5196 channels searched (2/fr), 0 1st, 5196 last
INFO: ngram_search_fwdtree.c(1559):     5196 words for which last channels evaluated (2/fr)
INFO: ngram_search_fwdtree.c(1561):        0 candidate words for entering last phone (0/fr)
INFO: ngram_search_fwdtree.c(1564): fwdtree 0.25 CPU 0.010 xRT
INFO: ngram_search_fwdtree.c(1567): fwdtree 0.26 wall 0.010 xRT
INFO: ngram_search_fwdflat.c(302): Utterance vocabulary contains 3 words
INFO: ngram_search_fwdflat.c(948):     7473 words recognized (3/fr)
INFO: ngram_search_fwdflat.c(950):     7485 senones evaluated (3/fr)
INFO: ngram_search_fwdflat.c(952):     7479 channels searched (2/fr)
INFO: ngram_search_fwdflat.c(954):     7479 words searched (2/fr)
INFO: ngram_search_fwdflat.c(957):     2543 word transitions (1/fr)
INFO: ngram_search_fwdflat.c(960): fwdflat 0.01 CPU 0.000 xRT
INFO: ngram_search_fwdflat.c(963): fwdflat 0.01 wall 0.000 xRT
INFO: ngram_search.c(1250): lattice start node <s>.0 end node </s>.2463
INFO: ngram_search.c(1276): Eliminated 0 nodes before end node
INFO: ngram_search.c(1381): Lattice has 232 nodes, 453 links
INFO: ps_lattice.c(1380): Bestpath score: -27929
INFO: ps_lattice.c(1384): Normalizer P(O) = alpha(</s>:2463:2494) = -1411729
INFO: ps_lattice.c(1441): Joint P(O,S) = -1457176 P(S|O) = -45447
INFO: ngram_search.c(872): bestpath 0.00 CPU 0.000 xRT
INFO: ngram_search.c(875): bestpath 0.00 wall 0.000 xRT
INFO: batch.c(761): cleaned/105_0: 24.95 seconds speech, 0.26 seconds CPU, 0.27 seconds wall
INFO: batch.c(763): cleaned/105_0: 0.01 xRT (CPU), 0.01 xRT (elapsed)
 (cleaned/105_0 -28094)
cleaned/105_0 done --------------------------------------
INFO: batch.c(729): Decoding 'cleaned/110_0'
INFO: cmn.c(133): CMN: 39.85 11.60 -2.85 10.78 -10.28 -5.31 -8.33 -10.62 -14.56 -8.78  2.25 -0.54 -0.96 
INFO: ngram_search_fwdtree.c(1550):     2720 words recognized (2/fr)
INFO: ngram_search_fwdtree.c(1552):     3975 senones evaluated (3/fr)
INFO: ngram_search_fwdtree.c(1556):     2771 channels searched (2/fr), 0 1st, 2771 last
INFO: ngram_search_fwdtree.c(1559):     2771 words for which last channels evaluated (2/fr)
INFO: ngram_search_fwdtree.c(1561):        0 candidate words for entering last phone (0/fr)
INFO: ngram_search_fwdtree.c(1564): fwdtree 0.13 CPU 0.010 xRT
INFO: ngram_search_fwdtree.c(1567): fwdtree 0.14 wall 0.010 xRT
INFO: ngram_search_fwdflat.c(302): Utterance vocabulary contains 3 words
INFO: ngram_search_fwdflat.c(948):     3963 words recognized (3/fr)
INFO: ngram_search_fwdflat.c(950):     3975 senones evaluated (3/fr)
INFO: ngram_search_fwdflat.c(952):     3969 channels searched (2/fr)
INFO: ngram_search_fwdflat.c(954):     3969 words searched (2/fr)
INFO: ngram_search_fwdflat.c(957):     1382 word transitions (1/fr)
INFO: ngram_search_fwdflat.c(960): fwdflat 0.01 CPU 0.000 xRT
INFO: ngram_search_fwdflat.c(963): fwdflat 0.01 wall 0.000 xRT
INFO: ngram_search.c(1250): lattice start node <s>.0 end node </s>.1312
INFO: ngram_search.c(1276): Eliminated 0 nodes before end node
INFO: ngram_search.c(1381): Lattice has 122 nodes, 233 links
INFO: ps_lattice.c(1380): Bestpath score: -15599
INFO: ps_lattice.c(1384): Normalizer P(O) = alpha(</s>:1312:1324) = -781815
INFO: ps_lattice.c(1441): Joint P(O,S) = -810897 P(S|O) = -29082
INFO: ngram_search.c(872): bestpath 0.00 CPU 0.000 xRT
INFO: ngram_search.c(875): bestpath 0.00 wall 0.000 xRT
INFO: batch.c(761): cleaned/110_0: 13.25 seconds speech, 0.14 seconds CPU, 0.14 seconds wall
INFO: batch.c(763): cleaned/110_0: 0.01 xRT (CPU), 0.01 xRT (elapsed)
 (cleaned/110_0 -15471)
cleaned/110_0 done --------------------------------------
INFO: batch.c(729): Decoding 'cleaned/115_0'
INFO: cmn.c(133): CMN: 46.01 11.35 -4.31  7.65 -11.14  4.33 -14.28 -8.08 -21.66 -11.86  6.38 -9.16  3.00 
INFO: ngram_search_fwdtree.c(1550):     2701 words recognized (2/fr)
INFO: ngram_search_fwdtree.c(1552):     3927 senones evaluated (3/fr)
INFO: ngram_search_fwdtree.c(1556):     2758 channels searched (2/fr), 0 1st, 2758 last
INFO: ngram_search_fwdtree.c(1559):     2758 words for which last channels evaluated (2/fr)
INFO: ngram_search_fwdtree.c(1561):        0 candidate words for entering last phone (0/fr)
INFO: ngram_search_fwdtree.c(1564): fwdtree 0.13 CPU 0.010 xRT
INFO: ngram_search_fwdtree.c(1567): fwdtree 0.13 wall 0.010 xRT
INFO: ngram_search_fwdflat.c(302): Utterance vocabulary contains 3 words
INFO: ngram_search_fwdflat.c(948):     3915 words recognized (3/fr)
INFO: ngram_search_fwdflat.c(950):     3927 senones evaluated (3/fr)
INFO: ngram_search_fwdflat.c(952):     3921 channels searched (2/fr)
INFO: ngram_search_fwdflat.c(954):     3921 words searched (2/fr)
INFO: ngram_search_fwdflat.c(957):     1365 word transitions (1/fr)
INFO: ngram_search_fwdflat.c(960): fwdflat 0.01 CPU 0.000 xRT
INFO: ngram_search_fwdflat.c(963): fwdflat 0.01 wall 0.000 xRT
INFO: ngram_search.c(1250): lattice start node <s>.0 end node </s>.1299
INFO: ngram_search.c(1276): Eliminated 0 nodes before end node
INFO: ngram_search.c(1381): Lattice has 127 nodes, 247 links
INFO: ps_lattice.c(1380): Bestpath score: -14871
INFO: ps_lattice.c(1384): Normalizer P(O) = alpha(</s>:1299:1308) = -749121
INFO: ps_lattice.c(1441): Joint P(O,S) = -772445 P(S|O) = -23324
INFO: ngram_search.c(872): bestpath 0.00 CPU 0.000 xRT
INFO: ngram_search.c(875): bestpath 0.00 wall 0.000 xRT
INFO: batch.c(761): cleaned/115_0: 13.09 seconds speech, 0.14 seconds CPU, 0.14 seconds wall
INFO: batch.c(763): cleaned/115_0: 0.01 xRT (CPU), 0.01 xRT (elapsed)
 (cleaned/115_0 -14720)
cleaned/115_0 done --------------------------------------
INFO: batch.c(729): Decoding 'cleaned/120_0'
INFO: cmn.c(133): CMN: 46.71  9.35 -9.48  3.10 -14.22  5.67 -11.72 -5.93 -17.26 -4.28 -5.86 -4.97  5.94 
INFO: ngram_search_fwdtree.c(1550):     2268 words recognized (2/fr)
INFO: ngram_search_fwdtree.c(1552):     3198 senones evaluated (3/fr)
INFO: ngram_search_fwdtree.c(1556):     2346 channels searched (2/fr), 0 1st, 2346 last
INFO: ngram_search_fwdtree.c(1559):     2346 words for which last channels evaluated (2/fr)
INFO: ngram_search_fwdtree.c(1561):        0 candidate words for entering last phone (0/fr)
INFO: ngram_search_fwdtree.c(1564): fwdtree 0.11 CPU 0.010 xRT
INFO: ngram_search_fwdtree.c(1567): fwdtree 0.11 wall 0.010 xRT
INFO: ngram_search_fwdflat.c(302): Utterance vocabulary contains 2 words
INFO: ngram_search_fwdflat.c(948):     3186 words recognized (3/fr)
INFO: ngram_search_fwdflat.c(950):     3198 senones evaluated (3/fr)
INFO: ngram_search_fwdflat.c(952):     3192 channels searched (2/fr)
INFO: ngram_search_fwdflat.c(954):     3192 words searched (2/fr)
INFO: ngram_search_fwdflat.c(957):     1090 word transitions (1/fr)
INFO: ngram_search_fwdflat.c(960): fwdflat 0.00 CPU 0.000 xRT
INFO: ngram_search_fwdflat.c(963): fwdflat 0.00 wall 0.000 xRT
INFO: ngram_search.c(1250): lattice start node <s>.0 end node </s>.1058
INFO: ngram_search.c(1276): Eliminated 0 nodes before end node
INFO: ngram_search.c(1381): Lattice has 103 nodes, 195 links
INFO: ps_lattice.c(1380): Bestpath score: -12959
INFO: ps_lattice.c(1384): Normalizer P(O) = alpha(</s>:1058:1065) = -645564
INFO: ps_lattice.c(1441): Joint P(O,S) = -674656 P(S|O) = -29092
INFO: ngram_search.c(872): bestpath 0.00 CPU 0.000 xRT
INFO: ngram_search.c(875): bestpath 0.00 wall 0.000 xRT
INFO: batch.c(761): cleaned/120_0: 10.66 seconds speech, 0.11 seconds CPU, 0.11 seconds wall
INFO: batch.c(763): cleaned/120_0: 0.01 xRT (CPU), 0.01 xRT (elapsed)
 (cleaned/120_0 -12810)
cleaned/120_0 done --------------------------------------
INFO: batch.c(729): Decoding 'cleaned/125_0'
INFO: cmn.c(133): CMN: 40.72 16.83 -8.68 -0.65 -11.44 -4.87 -3.66 -14.86 -20.41 -9.42 -0.80  3.51  7.18 
INFO: ngram_search_fwdtree.c(1550):     3302 words recognized (2/fr)
INFO: ngram_search_fwdtree.c(1552):     4791 senones evaluated (3/fr)
INFO: ngram_search_fwdtree.c(1556):     3377 channels searched (2/fr), 0 1st, 3377 last
INFO: ngram_search_fwdtree.c(1559):     3377 words for which last channels evaluated (2/fr)
INFO: ngram_search_fwdtree.c(1561):        0 candidate words for entering last phone (0/fr)
INFO: ngram_search_fwdtree.c(1564): fwdtree 0.15 CPU 0.010 xRT
INFO: ngram_search_fwdtree.c(1567): fwdtree 0.16 wall 0.010 xRT
INFO: ngram_search_fwdflat.c(302): Utterance vocabulary contains 3 words
INFO: ngram_search_fwdflat.c(948):     4779 words recognized (3/fr)
INFO: ngram_search_fwdflat.c(950):     4791 senones evaluated (3/fr)
INFO: ngram_search_fwdflat.c(952):     4785 channels searched (2/fr)
INFO: ngram_search_fwdflat.c(954):     4785 words searched (2/fr)
INFO: ngram_search_fwdflat.c(957):     1632 word transitions (1/fr)
INFO: ngram_search_fwdflat.c(960): fwdflat 0.01 CPU 0.000 xRT
INFO: ngram_search_fwdflat.c(963): fwdflat 0.01 wall 0.000 xRT
INFO: ngram_search.c(1250): lattice start node <s>.0 end node </s>.1588
INFO: ngram_search.c(1276): Eliminated 0 nodes before end node
INFO: ngram_search.c(1381): Lattice has 156 nodes, 305 links
INFO: ps_lattice.c(1380): Bestpath score: -18809
INFO: ps_lattice.c(1384): Normalizer P(O) = alpha(</s>:1588:1596) = -948282
INFO: ps_lattice.c(1441): Joint P(O,S) = -974164 P(S|O) = -25882
INFO: ngram_search.c(872): bestpath 0.00 CPU 0.000 xRT
INFO: ngram_search.c(875): bestpath 0.00 wall 0.000 xRT
INFO: batch.c(761): cleaned/125_0: 15.97 seconds speech, 0.16 seconds CPU, 0.17 seconds wall
INFO: batch.c(763): cleaned/125_0: 0.01 xRT (CPU), 0.01 xRT (elapsed)
 (cleaned/125_0 -18660)
cleaned/125_0 done --------------------------------------
INFO: batch.c(729): Decoding 'cleaned/130_0'
INFO: cmn.c(133): CMN: 40.31  8.16 -6.97  1.02 -1.69 -9.45 -7.27 -9.44 -17.93 -2.19 -1.20 -5.13 -0.04 
INFO: ngram_search_fwdtree.c(1550):     3447 words recognized (2/fr)
INFO: ngram_search_fwdtree.c(1552):     4980 senones evaluated (3/fr)
INFO: ngram_search_fwdtree.c(1556):     3487 channels searched (2/fr), 0 1st, 3487 last
INFO: ngram_search_fwdtree.c(1559):     3487 words for which last channels evaluated (2/fr)
INFO: ngram_search_fwdtree.c(1561):        0 candidate words for entering last phone (0/fr)
INFO: ngram_search_fwdtree.c(1564): fwdtree 0.12 CPU 0.007 xRT
INFO: ngram_search_fwdtree.c(1567): fwdtree 0.12 wall 0.007 xRT
INFO: ngram_search_fwdflat.c(302): Utterance vocabulary contains 3 words
INFO: ngram_search_fwdflat.c(948):     4968 words recognized (3/fr)
INFO: ngram_search_fwdflat.c(950):     4980 senones evaluated (3/fr)
INFO: ngram_search_fwdflat.c(952):     4974 channels searched (2/fr)
INFO: ngram_search_fwdflat.c(954):     4974 words searched (2/fr)
INFO: ngram_search_fwdflat.c(957):     1663 word transitions (1/fr)
INFO: ngram_search_fwdflat.c(960): fwdflat 0.00 CPU 0.000 xRT
INFO: ngram_search_fwdflat.c(963): fwdflat 0.00 wall 0.000 xRT
INFO: ngram_search.c(1250): lattice start node <s>.0 end node </s>.1640
INFO: ngram_search.c(1276): Eliminated 0 nodes before end node
INFO: ngram_search.c(1381): Lattice has 132 nodes, 251 links
INFO: ps_lattice.c(1380): Bestpath score: -19834
INFO: ps_lattice.c(1384): Normalizer P(O) = alpha(</s>:1640:1659) = -994434
INFO: ps_lattice.c(1441): Joint P(O,S) = -1030385 P(S|O) = -35951
INFO: ngram_search.c(872): bestpath 0.00 CPU 0.000 xRT
INFO: ngram_search.c(875): bestpath 0.00 wall 0.000 xRT
INFO: batch.c(761): cleaned/130_0: 16.60 seconds speech, 0.12 seconds CPU, 0.12 seconds wall
INFO: batch.c(763): cleaned/130_0: 0.01 xRT (CPU), 0.01 xRT (elapsed)
 (cleaned/130_0 -19758)
cleaned/130_0 done --------------------------------------
INFO: batch.c(778): TOTAL 186.94 seconds speech, 1.89 seconds CPU, 1.99 seconds wall
INFO: batch.c(780): AVERAGE 0.01 xRT (CPU), 0.01 xRT (elapsed)
INFO: ngram_search_fwdtree.c(429): TOTAL fwdtree 1.81 CPU 0.010 xRT
INFO: ngram_search_fwdtree.c(432): TOTAL fwdtree 1.89 wall 0.010 xRT
INFO: ngram_search_fwdflat.c(176): TOTAL fwdflat 0.08 CPU 0.000 xRT
INFO: ngram_search_fwdflat.c(179): TOTAL fwdflat 0.08 wall 0.000 xRT
INFO: ngram_search.c(303): TOTAL bestpath 0.00 CPU 0.000 xRT
INFO: ngram_search.c(306): TOTAL bestpath 0.00 wall 0.000 xRT
Mon Jan 30 07:37:13 2017
