Current configuration:
[NAME]		[DEFLT]	[VALUE]
-dictfn			/Users/benroye/forge/cmusphinx/voiceVim/etc/voiceVim.dic
-example	no	no
-fdictfn		/Users/benroye/forge/cmusphinx/voiceVim/etc/voiceVim.filler
-help		no	no
-ignorewpos	no	no
-inCDmdef		
-inCImdef		
-lsnfn			
-maxtriphones	100000	100000
-minocc		1	1
-n_state_pm	3	3
-oalltphnmdef		/Users/benroye/forge/cmusphinx/voiceVim/model_architecture/voiceVim.alltriphones.mdef
-ocimdef		
-ocountfn		
-ountiedmdef		
-phnlstfn		/Users/benroye/forge/cmusphinx/voiceVim/model_architecture/voiceVim.phonelist
-triphnlstfn		

INFO: main.c(94): Will write alltriphone mdef file /Users/benroye/forge/cmusphinx/voiceVim/model_architecture/voiceVim.alltriphones.mdef
INFO: mk_mdef_gen.c(189): 0 single word triphones in input phone list
INFO: mk_mdef_gen.c(190): 0 word beginning triphones in input phone list
INFO: mk_mdef_gen.c(191): 0 word internal triphones in input phone list
INFO: mk_mdef_gen.c(192): 0 word ending triphones in input phone list
INFO: mk_mdef_gen.c(280): Reading dict /Users/benroye/forge/cmusphinx/voiceVim/etc/voiceVim.dic
INFO: mk_mdef_gen.c(322): 133 words in dict /Users/benroye/forge/cmusphinx/voiceVim/etc/voiceVim.dic
INFO: mk_mdef_gen.c(280): Reading dict /Users/benroye/forge/cmusphinx/voiceVim/etc/voiceVim.filler
INFO: mk_mdef_gen.c(322): 3 words in dict /Users/benroye/forge/cmusphinx/voiceVim/etc/voiceVim.filler
INFO: mk_mdef_gen.c(442): 136 words in dictionary
INFO: mk_mdef_gen.c(443): 0 unique single word triphones in dictionary
INFO: mk_mdef_gen.c(444): 2987 unique word beginning triphones in dictionary
INFO: mk_mdef_gen.c(445): 292 unique word internal triphones in dictionary
INFO: mk_mdef_gen.c(446): 2852 unique word ending triphones in dictionary
INFO: mk_mdef_gen.c(897): 39 n_base, 6131 n_tri
INFO: mk_mdef_gen.c(969): Wrote mdef file /Users/benroye/forge/cmusphinx/voiceVim/model_architecture/voiceVim.alltriphones.mdef
Mon Jan 30 07:35:53 2017
