Current configuration:
[NAME]		[DEFLT]	[VALUE]
-allphones	no	no
-example	no	no
-help		no	no
-itreedir		/Users/benroye/forge/cmusphinx/voiceVim/trees/voiceVim.unpruned
-minocc		0.0	0.000000e+00
-moddeffn		/Users/benroye/forge/cmusphinx/voiceVim/model_architecture/voiceVim.alltriphones.mdef
-nseno			200
-otreedir		/Users/benroye/forge/cmusphinx/voiceVim/trees/voiceVim.200
-psetfn			/Users/benroye/forge/cmusphinx/voiceVim/model_architecture/voiceVim.tree_questions

INFO: main.c(76): Reading: /Users/benroye/forge/cmusphinx/voiceVim/model_architecture/voiceVim.alltriphones.mdef
INFO: model_def_io.c(573): Model definition info:
INFO: model_def_io.c(574): 6170 total models defined (39 base, 6131 tri)
INFO: model_def_io.c(575): 24680 total states
INFO: model_def_io.c(576): 18510 total tied states
INFO: model_def_io.c(577): 117 total tied CI states
INFO: model_def_io.c(578): 39 total tied transition matrices
INFO: model_def_io.c(579): 4 max state/model
INFO: model_def_io.c(580): 4 min state/model
INFO: main.c(82): Reading: /Users/benroye/forge/cmusphinx/voiceVim/model_architecture/voiceVim.tree_questions
INFO: main.c(185): aa-0	34 [0 < 0.000000e+00]
INFO: main.c(185): aa-1	34 [0 < 0.000000e+00]
INFO: main.c(185): aa-2	34 [0 < 0.000000e+00]
INFO: main.c(185): ah-0	19 [0 < 0.000000e+00]
INFO: main.c(185): ah-1	19 [0 < 0.000000e+00]
INFO: main.c(185): ah-2	19 [0 < 0.000000e+00]
INFO: main.c(185): ay-0	33 [0 < 0.000000e+00]
INFO: main.c(185): ay-1	33 [0 < 0.000000e+00]
INFO: main.c(185): ay-2	33 [0 < 0.000000e+00]
INFO: main.c(185): b-0	40 [0 < 0.000000e+00]
INFO: main.c(185): b-1	40 [0 < 0.000000e+00]
INFO: main.c(185): b-2	40 [0 < 0.000000e+00]
INFO: main.c(185): ch-0	19 [0 < 0.000000e+00]
INFO: main.c(185): ch-1	19 [0 < 0.000000e+00]
INFO: main.c(185): ch-2	19 [0 < 0.000000e+00]
INFO: main.c(185): d-0	69 [0 < 0.000000e+00]
INFO: main.c(185): d-1	69 [0 < 0.000000e+00]
INFO: main.c(185): d-2	69 [0 < 0.000000e+00]
INFO: main.c(185): dh-0	14 [0 < 0.000000e+00]
INFO: main.c(185): dh-1	14 [0 < 0.000000e+00]
INFO: main.c(185): dh-2	14 [0 < 0.000000e+00]
INFO: main.c(185): e-0	66 [0 < 0.000000e+00]
INFO: main.c(185): e-1	66 [0 < 0.000000e+00]
INFO: main.c(185): e-2	66 [0 < 0.000000e+00]
INFO: main.c(185): ee-0	75 [0 < 0.000000e+00]
INFO: main.c(185): ee-1	75 [0 < 0.000000e+00]
INFO: main.c(185): ee-2	75 [0 < 0.000000e+00]
INFO: main.c(185): f-0	51 [0 < 0.000000e+00]
INFO: main.c(185): f-1	51 [0 < 0.000000e+00]
INFO: main.c(185): f-2	51 [0 < 0.000000e+00]
INFO: main.c(185): g-0	25 [0 < 0.000000e+00]
INFO: main.c(185): g-1	25 [0 < 0.000000e+00]
INFO: main.c(185): g-2	25 [0 < 0.000000e+00]
INFO: main.c(185): hh-0	9 [0 < 0.000000e+00]
INFO: main.c(185): hh-1	9 [0 < 0.000000e+00]
INFO: main.c(185): hh-2	9 [0 < 0.000000e+00]
INFO: main.c(185): hr-0	60 [0 < 0.000000e+00]
INFO: main.c(185): hr-1	60 [0 < 0.000000e+00]
INFO: main.c(185): hr-2	60 [0 < 0.000000e+00]
INFO: main.c(185): i-0	47 [0 < 0.000000e+00]
INFO: main.c(185): i-1	47 [0 < 0.000000e+00]
INFO: main.c(185): i-2	47 [0 < 0.000000e+00]
INFO: main.c(185): ii-0	14 [0 < 0.000000e+00]
INFO: main.c(185): ii-1	14 [0 < 0.000000e+00]
INFO: main.c(185): ii-2	14 [0 < 0.000000e+00]
INFO: main.c(185): j-0	13 [0 < 0.000000e+00]
INFO: main.c(185): j-1	13 [0 < 0.000000e+00]
INFO: main.c(185): j-2	13 [0 < 0.000000e+00]
INFO: main.c(185): k-0	120 [0 < 0.000000e+00]
INFO: main.c(185): k-1	120 [0 < 0.000000e+00]
INFO: main.c(185): k-2	120 [0 < 0.000000e+00]
INFO: main.c(185): l-0	69 [0 < 0.000000e+00]
INFO: main.c(185): l-1	69 [0 < 0.000000e+00]
INFO: main.c(185): l-2	69 [0 < 0.000000e+00]
INFO: main.c(185): m-0	33 [0 < 0.000000e+00]
INFO: main.c(185): m-1	33 [0 < 0.000000e+00]
INFO: main.c(185): m-2	33 [0 < 0.000000e+00]
INFO: main.c(185): n-0	95 [0 < 0.000000e+00]
INFO: main.c(185): n-1	95 [0 < 0.000000e+00]
INFO: main.c(185): n-2	95 [0 < 0.000000e+00]
INFO: main.c(185): ng-0	6 [0 < 0.000000e+00]
INFO: main.c(185): ng-1	6 [0 < 0.000000e+00]
INFO: main.c(185): ng-2	6 [0 < 0.000000e+00]
INFO: main.c(185): oa-0	9 [0 < 0.000000e+00]
INFO: main.c(185): oa-1	9 [0 < 0.000000e+00]
INFO: main.c(185): oa-2	9 [0 < 0.000000e+00]
INFO: main.c(185): oh-0	81 [0 < 0.000000e+00]
INFO: main.c(185): oh-1	81 [0 < 0.000000e+00]
INFO: main.c(185): oh-2	81 [0 < 0.000000e+00]
INFO: main.c(185): ow-0	2 [0 < 0.000000e+00]
INFO: main.c(185): ow-1	2 [0 < 0.000000e+00]
INFO: main.c(185): ow-2	2 [0 < 0.000000e+00]
INFO: main.c(185): p-0	85 [0 < 0.000000e+00]
INFO: main.c(185): p-1	85 [0 < 0.000000e+00]
INFO: main.c(185): p-2	85 [0 < 0.000000e+00]
INFO: main.c(185): r-0	54 [0 < 0.000000e+00]
INFO: main.c(185): r-1	54 [0 < 0.000000e+00]
INFO: main.c(185): r-2	54 [0 < 0.000000e+00]
INFO: main.c(185): s-0	129 [0 < 0.000000e+00]
INFO: main.c(185): s-1	129 [0 < 0.000000e+00]
INFO: main.c(185): s-2	129 [0 < 0.000000e+00]
INFO: main.c(185): sh-0	26 [0 < 0.000000e+00]
INFO: main.c(185): sh-1	26 [0 < 0.000000e+00]
INFO: main.c(185): sh-2	26 [0 < 0.000000e+00]
INFO: main.c(185): t-0	148 [0 < 0.000000e+00]
INFO: main.c(185): t-1	148 [0 < 0.000000e+00]
INFO: main.c(185): t-2	148 [0 < 0.000000e+00]
INFO: main.c(185): th-0	13 [0 < 0.000000e+00]
INFO: main.c(185): th-1	13 [0 < 0.000000e+00]
INFO: main.c(185): th-2	13 [0 < 0.000000e+00]
INFO: main.c(185): uh-0	132 [0 < 0.000000e+00]
INFO: main.c(185): uh-1	132 [0 < 0.000000e+00]
INFO: main.c(185): uh-2	132 [0 < 0.000000e+00]
INFO: main.c(185): uu-0	34 [0 < 0.000000e+00]
INFO: main.c(185): uu-1	34 [0 < 0.000000e+00]
INFO: main.c(185): uu-2	34 [0 < 0.000000e+00]
INFO: main.c(185): v-0	26 [0 < 0.000000e+00]
INFO: main.c(185): v-1	26 [0 < 0.000000e+00]
INFO: main.c(185): v-2	26 [0 < 0.000000e+00]
INFO: main.c(185): w-0	30 [0 < 0.000000e+00]
INFO: main.c(185): w-1	30 [0 < 0.000000e+00]
INFO: main.c(185): w-2	30 [0 < 0.000000e+00]
INFO: main.c(185): x-0	10 [0 < 0.000000e+00]
INFO: main.c(185): x-1	10 [0 < 0.000000e+00]
INFO: main.c(185): x-2	10 [0 < 0.000000e+00]
INFO: main.c(185): y-0	8 [0 < 0.000000e+00]
INFO: main.c(185): y-1	8 [0 < 0.000000e+00]
INFO: main.c(185): y-2	8 [0 < 0.000000e+00]
INFO: main.c(185): z-0	26 [0 < 0.000000e+00]
INFO: main.c(185): z-1	26 [0 < 0.000000e+00]
INFO: main.c(185): z-2	26 [0 < 0.000000e+00]
INFO: main.c(185): zh-0	1 [0 < 0.000000e+00]
INFO: main.c(185): zh-1	1 [0 < 0.000000e+00]
INFO: main.c(185): zh-2	1 [0 < 0.000000e+00]
INFO: main.c(270): Prior to pruning n_seno= 5175
INFO: main.c(278): n_twig= 1560
INFO: main.c(308): Pruning 4975 nodes
INFO: main.c(341): Root node extracted (j 0) from heap
INFO: main.c(341): Root node extracted (dh 1) from heap
INFO: main.c(341): Root node extracted (th 0) from heap
INFO: main.c(341): Root node extracted (th 1) from heap
INFO: main.c(341): Root node extracted (dh 2) from heap
INFO: main.c(341): Root node extracted (th 2) from heap
INFO: main.c(341): Root node extracted (y 2) from heap
INFO: main.c(341): Root node extracted (y 1) from heap
INFO: main.c(341): Root node extracted (y 0) from heap
INFO: main.c(341): Root node extracted (ng 1) from heap
INFO: main.c(341): Root node extracted (ch 0) from heap
INFO: main.c(341): Root node extracted (ow 2) from heap
INFO: main.c(341): Root node extracted (ng 0) from heap
INFO: main.c(341): Root node extracted (ng 2) from heap
INFO: main.c(341): Root node extracted (hh 1) from heap
INFO: main.c(341): Root node extracted (dh 0) from heap
INFO: main.c(341): Root node extracted (hh 2) from heap
INFO: main.c(341): Root node extracted (x 2) from heap
INFO: main.c(341): Root node extracted (ch 2) from heap
INFO: main.c(341): Root node extracted (ow 0) from heap
INFO: main.c(341): Root node extracted (j 1) from heap
INFO: main.c(341): Root node extracted (hh 0) from heap
INFO: main.c(341): Root node extracted (sh 2) from heap
INFO: main.c(341): Root node extracted (b 0) from heap
INFO: main.c(341): Root node extracted (ch 1) from heap
INFO: main.c(341): Root node extracted (ow 1) from heap
INFO: main.c(341): Root node extracted (sh 1) from heap
INFO: main.c(341): Root node extracted (x 1) from heap
INFO: main.c(341): Root node extracted (x 0) from heap
INFO: main.c(341): Root node extracted (j 2) from heap
INFO: main.c(341): Root node extracted (z 1) from heap
INFO: main.c(341): Root node extracted (b 1) from heap
INFO: main.c(341): Root node extracted (z 0) from heap
INFO: main.c(341): Root node extracted (w 0) from heap
INFO: main.c(341): Root node extracted (sh 0) from heap
INFO: main.c(341): Root node extracted (w 1) from heap
INFO: main.c(341): Root node extracted (g 1) from heap
INFO: main.c(341): Root node extracted (v 1) from heap
INFO: main.c(341): Root node extracted (g 0) from heap
INFO: main.c(341): Root node extracted (oa 0) from heap
INFO: main.c(341): Root node extracted (f 0) from heap
INFO: main.c(341): Root node extracted (z 2) from heap
INFO: main.c(341): Root node extracted (v 0) from heap
INFO: main.c(341): Root node extracted (ah 1) from heap
INFO: main.c(341): Root node extracted (ah 2) from heap
INFO: main.c(341): Root node extracted (v 2) from heap
INFO: main.c(341): Root node extracted (w 2) from heap
INFO: main.c(341): Root node extracted (uu 0) from heap
INFO: main.c(341): Root node extracted (d 2) from heap
INFO: main.c(341): Root node extracted (ii 2) from heap
INFO: main.c(341): Root node extracted (ii 1) from heap
INFO: main.c(341): Root node extracted (ah 0) from heap
INFO: main.c(341): Root node extracted (i 0) from heap
INFO: main.c(341): Root node extracted (i 1) from heap
INFO: main.c(386): aa-0	3
INFO: main.c(386): aa-1	3
INFO: main.c(386): aa-2	3
INFO: main.c(386): ah-0	1
INFO: main.c(386): ah-1	1
INFO: main.c(386): ah-2	1
INFO: main.c(386): ay-0	3
INFO: main.c(386): ay-1	3
INFO: main.c(386): ay-2	5
INFO: main.c(386): b-0	1
INFO: main.c(386): b-1	1
INFO: main.c(386): b-2	3
INFO: main.c(386): ch-0	1
INFO: main.c(386): ch-1	1
INFO: main.c(386): ch-2	1
INFO: main.c(386): d-0	3
INFO: main.c(386): d-1	3
INFO: main.c(386): d-2	1
INFO: main.c(386): dh-0	1
INFO: main.c(386): dh-1	1
INFO: main.c(386): dh-2	1
INFO: main.c(386): e-0	7
INFO: main.c(386): e-1	11
INFO: main.c(386): e-2	13
INFO: main.c(386): ee-0	3
INFO: main.c(386): ee-1	7
INFO: main.c(386): ee-2	5
INFO: main.c(386): f-0	1
INFO: main.c(386): f-1	3
INFO: main.c(386): f-2	3
INFO: main.c(386): g-0	1
INFO: main.c(386): g-1	1
INFO: main.c(386): g-2	3
INFO: main.c(386): hh-0	1
INFO: main.c(386): hh-1	1
INFO: main.c(386): hh-2	1
INFO: main.c(386): hr-0	3
INFO: main.c(386): hr-1	3
INFO: main.c(386): hr-2	3
INFO: main.c(386): i-0	1
INFO: main.c(386): i-1	1
INFO: main.c(386): i-2	3
INFO: main.c(386): ii-0	3
INFO: main.c(386): ii-1	1
INFO: main.c(386): ii-2	1
INFO: main.c(386): j-0	1
INFO: main.c(386): j-1	1
INFO: main.c(386): j-2	1
INFO: main.c(386): k-0	5
INFO: main.c(386): k-1	3
INFO: main.c(386): k-2	3
INFO: main.c(386): l-0	5
INFO: main.c(386): l-1	5
INFO: main.c(386): l-2	5
INFO: main.c(386): m-0	3
INFO: main.c(386): m-1	3
INFO: main.c(386): m-2	3
INFO: main.c(386): n-0	3
INFO: main.c(386): n-1	3
INFO: main.c(386): n-2	3
INFO: main.c(386): ng-0	1
INFO: main.c(386): ng-1	1
INFO: main.c(386): ng-2	1
INFO: main.c(386): oa-0	1
INFO: main.c(386): oa-1	3
INFO: main.c(386): oa-2	5
INFO: main.c(386): oh-0	3
INFO: main.c(386): oh-1	3
INFO: main.c(386): oh-2	3
INFO: main.c(386): ow-0	1
INFO: main.c(386): ow-1	1
INFO: main.c(386): ow-2	1
INFO: main.c(386): p-0	5
INFO: main.c(386): p-1	3
INFO: main.c(386): p-2	5
INFO: main.c(386): r-0	5
INFO: main.c(386): r-1	5
INFO: main.c(386): r-2	3
INFO: main.c(386): s-0	3
INFO: main.c(386): s-1	3
INFO: main.c(386): s-2	5
INFO: main.c(386): sh-0	1
INFO: main.c(386): sh-1	1
INFO: main.c(386): sh-2	1
INFO: main.c(386): t-0	3
INFO: main.c(386): t-1	3
INFO: main.c(386): t-2	7
INFO: main.c(386): th-0	1
INFO: main.c(386): th-1	1
INFO: main.c(386): th-2	1
INFO: main.c(386): uh-0	7
INFO: main.c(386): uh-1	3
INFO: main.c(386): uh-2	3
INFO: main.c(386): uu-0	1
INFO: main.c(386): uu-1	3
INFO: main.c(386): uu-2	3
INFO: main.c(386): v-0	1
INFO: main.c(386): v-1	1
INFO: main.c(386): v-2	1
INFO: main.c(386): w-0	1
INFO: main.c(386): w-1	1
INFO: main.c(386): w-2	1
INFO: main.c(386): x-0	1
INFO: main.c(386): x-1	1
INFO: main.c(386): x-2	1
INFO: main.c(386): y-0	1
INFO: main.c(386): y-1	1
INFO: main.c(386): y-2	1
INFO: main.c(386): z-0	1
INFO: main.c(386): z-1	1
INFO: main.c(386): z-2	1
INFO: main.c(386): zh-0	1
INFO: main.c(386): zh-1	1
INFO: main.c(386): zh-2	1
Mon Jan 30 07:35:53 2017
