Current configuration:
[NAME]			[DEFLT]		[VALUE]
-alpha			0.97		9.700000e-01
-argfile				
-blocksize		2048		2048
-build_outdirs		yes		yes
-c					/Users/benroye/forge/cmusphinx/voiceVim/etc/voiceVim_train.fileids
-cep2spec		no		no
-di					/Users/benroye/forge/cmusphinx/voiceVim/wav
-dither			no		no
-do					/Users/benroye/forge/cmusphinx/voiceVim/feat
-doublebw		no		no
-ei					wav
-eo					mfc
-example		no		no
-frate			100		100
-help			no		no
-i					
-input_endian		little		little
-lifter			0		22
-logspec		no		no
-lowerf			133.33334	1.300000e+02
-mach_endian		little		little
-mswav			no		yes
-ncep			13		13
-nchans			1		1
-nfft			512		512
-nfilt			40		25
-nist			no		no
-npart			0		4
-nskip			0		0
-o					
-ofmt			sphinx		sphinx
-part			0		3
-raw			no		no
-remove_dc		no		no
-remove_noise		yes		yes
-remove_silence		yes		yes
-round_filters		yes		yes
-runlen			-1		-1
-samprate		16000		1.600000e+04
-seed			-1		-1
-smoothspec		no		no
-spec2cep		no		no
-sph2pipe		no		no
-transform		legacy		dct
-unit_area		yes		yes
-upperf			6855.4976	6.800000e+03
-vad_postspeech		50		50
-vad_prespeech		20		20
-vad_startspeech	10		10
-vad_threshold		3.0		3.000000e+00
-verbose		no		no
-warp_params				
-warp_type		inverse_linear	inverse_linear
-whichchan		0		0
-wlen			0.025625	2.562500e-02

INFO: sphinx_fe.c(966): Processing 86 utterances at position 172
INFO: sphinx_fe.c(790): Converting /Users/benroye/forge/cmusphinx/voiceVim/wav/cleaned/51_0.wav to /Users/benroye/forge/cmusphinx/voiceVim/feat/cleaned/51_0.mfc
INFO: sphinx_fe.c(790): Converting /Users/benroye/forge/cmusphinx/voiceVim/wav/cleaned/52_0.wav to /Users/benroye/forge/cmusphinx/voiceVim/feat/cleaned/52_0.mfc
INFO: sphinx_fe.c(790): Converting /Users/benroye/forge/cmusphinx/voiceVim/wav/cleaned/53_0.wav to /Users/benroye/forge/cmusphinx/voiceVim/feat/cleaned/53_0.mfc
INFO: sphinx_fe.c(790): Converting /Users/benroye/forge/cmusphinx/voiceVim/wav/cleaned/54_0.wav to /Users/benroye/forge/cmusphinx/voiceVim/feat/cleaned/54_0.mfc
INFO: sphinx_fe.c(790): Converting /Users/benroye/forge/cmusphinx/voiceVim/wav/cleaned/56_0.wav to /Users/benroye/forge/cmusphinx/voiceVim/feat/cleaned/56_0.mfc
INFO: sphinx_fe.c(790): Converting /Users/benroye/forge/cmusphinx/voiceVim/wav/cleaned/57_0.wav to /Users/benroye/forge/cmusphinx/voiceVim/feat/cleaned/57_0.mfc
INFO: sphinx_fe.c(790): Converting /Users/benroye/forge/cmusphinx/voiceVim/wav/cleaned/58_0.wav to /Users/benroye/forge/cmusphinx/voiceVim/feat/cleaned/58_0.mfc
INFO: sphinx_fe.c(790): Converting /Users/benroye/forge/cmusphinx/voiceVim/wav/cleaned/59_0.wav to /Users/benroye/forge/cmusphinx/voiceVim/feat/cleaned/59_0.mfc
INFO: sphinx_fe.c(790): Converting /Users/benroye/forge/cmusphinx/voiceVim/wav/cleaned/61_0.wav to /Users/benroye/forge/cmusphinx/voiceVim/feat/cleaned/61_0.mfc
INFO: sphinx_fe.c(790): Converting /Users/benroye/forge/cmusphinx/voiceVim/wav/cleaned/62_0.wav to /Users/benroye/forge/cmusphinx/voiceVim/feat/cleaned/62_0.mfc
INFO: sphinx_fe.c(790): Converting /Users/benroye/forge/cmusphinx/voiceVim/wav/cleaned/63_0.wav to /Users/benroye/forge/cmusphinx/voiceVim/feat/cleaned/63_0.mfc
INFO: sphinx_fe.c(790): Converting /Users/benroye/forge/cmusphinx/voiceVim/wav/cleaned/64_0.wav to /Users/benroye/forge/cmusphinx/voiceVim/feat/cleaned/64_0.mfc
INFO: sphinx_fe.c(790): Converting /Users/benroye/forge/cmusphinx/voiceVim/wav/cleaned/66_0.wav to /Users/benroye/forge/cmusphinx/voiceVim/feat/cleaned/66_0.mfc
INFO: sphinx_fe.c(790): Converting /Users/benroye/forge/cmusphinx/voiceVim/wav/cleaned/67_0.wav to /Users/benroye/forge/cmusphinx/voiceVim/feat/cleaned/67_0.mfc
INFO: sphinx_fe.c(790): Converting /Users/benroye/forge/cmusphinx/voiceVim/wav/cleaned/68_0.wav to /Users/benroye/forge/cmusphinx/voiceVim/feat/cleaned/68_0.mfc
INFO: sphinx_fe.c(790): Converting /Users/benroye/forge/cmusphinx/voiceVim/wav/cleaned/69_0.wav to /Users/benroye/forge/cmusphinx/voiceVim/feat/cleaned/69_0.mfc
INFO: sphinx_fe.c(790): Converting /Users/benroye/forge/cmusphinx/voiceVim/wav/cleaned/71_0.wav to /Users/benroye/forge/cmusphinx/voiceVim/feat/cleaned/71_0.mfc
INFO: sphinx_fe.c(790): Converting /Users/benroye/forge/cmusphinx/voiceVim/wav/cleaned/72_0.wav to /Users/benroye/forge/cmusphinx/voiceVim/feat/cleaned/72_0.mfc
INFO: sphinx_fe.c(790): Converting /Users/benroye/forge/cmusphinx/voiceVim/wav/cleaned/73_0.wav to /Users/benroye/forge/cmusphinx/voiceVim/feat/cleaned/73_0.mfc
INFO: sphinx_fe.c(790): Converting /Users/benroye/forge/cmusphinx/voiceVim/wav/cleaned/74_0.wav to /Users/benroye/forge/cmusphinx/voiceVim/feat/cleaned/74_0.mfc
INFO: sphinx_fe.c(790): Converting /Users/benroye/forge/cmusphinx/voiceVim/wav/cleaned/76_0.wav to /Users/benroye/forge/cmusphinx/voiceVim/feat/cleaned/76_0.mfc
INFO: sphinx_fe.c(790): Converting /Users/benroye/forge/cmusphinx/voiceVim/wav/cleaned/77_0.wav to /Users/benroye/forge/cmusphinx/voiceVim/feat/cleaned/77_0.mfc
INFO: sphinx_fe.c(790): Converting /Users/benroye/forge/cmusphinx/voiceVim/wav/cleaned/78_0.wav to /Users/benroye/forge/cmusphinx/voiceVim/feat/cleaned/78_0.mfc
INFO: sphinx_fe.c(790): Converting /Users/benroye/forge/cmusphinx/voiceVim/wav/cleaned/79_0.wav to /Users/benroye/forge/cmusphinx/voiceVim/feat/cleaned/79_0.mfc
INFO: sphinx_fe.c(790): Converting /Users/benroye/forge/cmusphinx/voiceVim/wav/cleaned/81_0.wav to /Users/benroye/forge/cmusphinx/voiceVim/feat/cleaned/81_0.mfc
INFO: sphinx_fe.c(790): Converting /Users/benroye/forge/cmusphinx/voiceVim/wav/cleaned/82_0.wav to /Users/benroye/forge/cmusphinx/voiceVim/feat/cleaned/82_0.mfc
INFO: sphinx_fe.c(790): Converting /Users/benroye/forge/cmusphinx/voiceVim/wav/cleaned/83_0.wav to /Users/benroye/forge/cmusphinx/voiceVim/feat/cleaned/83_0.mfc
INFO: sphinx_fe.c(790): Converting /Users/benroye/forge/cmusphinx/voiceVim/wav/cleaned/84_0.wav to /Users/benroye/forge/cmusphinx/voiceVim/feat/cleaned/84_0.mfc
INFO: sphinx_fe.c(790): Converting /Users/benroye/forge/cmusphinx/voiceVim/wav/cleaned/86_0.wav to /Users/benroye/forge/cmusphinx/voiceVim/feat/cleaned/86_0.mfc
INFO: sphinx_fe.c(790): Converting /Users/benroye/forge/cmusphinx/voiceVim/wav/cleaned/87_0.wav to /Users/benroye/forge/cmusphinx/voiceVim/feat/cleaned/87_0.mfc
INFO: sphinx_fe.c(790): Converting /Users/benroye/forge/cmusphinx/voiceVim/wav/cleaned/88_0.wav to /Users/benroye/forge/cmusphinx/voiceVim/feat/cleaned/88_0.mfc
INFO: sphinx_fe.c(790): Converting /Users/benroye/forge/cmusphinx/voiceVim/wav/cleaned/89_0.wav to /Users/benroye/forge/cmusphinx/voiceVim/feat/cleaned/89_0.mfc
INFO: sphinx_fe.c(790): Converting /Users/benroye/forge/cmusphinx/voiceVim/wav/cleaned/91_0.wav to /Users/benroye/forge/cmusphinx/voiceVim/feat/cleaned/91_0.mfc
INFO: sphinx_fe.c(790): Converting /Users/benroye/forge/cmusphinx/voiceVim/wav/cleaned/92_0.wav to /Users/benroye/forge/cmusphinx/voiceVim/feat/cleaned/92_0.mfc
INFO: sphinx_fe.c(790): Converting /Users/benroye/forge/cmusphinx/voiceVim/wav/cleaned/93_0.wav to /Users/benroye/forge/cmusphinx/voiceVim/feat/cleaned/93_0.mfc
INFO: sphinx_fe.c(790): Converting /Users/benroye/forge/cmusphinx/voiceVim/wav/cleaned/94_0.wav to /Users/benroye/forge/cmusphinx/voiceVim/feat/cleaned/94_0.mfc
INFO: sphinx_fe.c(790): Converting /Users/benroye/forge/cmusphinx/voiceVim/wav/cleaned/96_0.wav to /Users/benroye/forge/cmusphinx/voiceVim/feat/cleaned/96_0.mfc
INFO: sphinx_fe.c(790): Converting /Users/benroye/forge/cmusphinx/voiceVim/wav/cleaned/97_0.wav to /Users/benroye/forge/cmusphinx/voiceVim/feat/cleaned/97_0.mfc
INFO: sphinx_fe.c(790): Converting /Users/benroye/forge/cmusphinx/voiceVim/wav/cleaned/98_0.wav to /Users/benroye/forge/cmusphinx/voiceVim/feat/cleaned/98_0.mfc
INFO: sphinx_fe.c(790): Converting /Users/benroye/forge/cmusphinx/voiceVim/wav/cleaned/99_0.wav to /Users/benroye/forge/cmusphinx/voiceVim/feat/cleaned/99_0.mfc
INFO: sphinx_fe.c(790): Converting /Users/benroye/forge/cmusphinx/voiceVim/wav/cleaned/101_0.wav to /Users/benroye/forge/cmusphinx/voiceVim/feat/cleaned/101_0.mfc
INFO: sphinx_fe.c(790): Converting /Users/benroye/forge/cmusphinx/voiceVim/wav/cleaned/102_0.wav to /Users/benroye/forge/cmusphinx/voiceVim/feat/cleaned/102_0.mfc
INFO: sphinx_fe.c(790): Converting /Users/benroye/forge/cmusphinx/voiceVim/wav/cleaned/103_0.wav to /Users/benroye/forge/cmusphinx/voiceVim/feat/cleaned/103_0.mfc
INFO: sphinx_fe.c(790): Converting /Users/benroye/forge/cmusphinx/voiceVim/wav/cleaned/104_0.wav to /Users/benroye/forge/cmusphinx/voiceVim/feat/cleaned/104_0.mfc
INFO: sphinx_fe.c(790): Converting /Users/benroye/forge/cmusphinx/voiceVim/wav/cleaned/106_0.wav to /Users/benroye/forge/cmusphinx/voiceVim/feat/cleaned/106_0.mfc
INFO: sphinx_fe.c(790): Converting /Users/benroye/forge/cmusphinx/voiceVim/wav/cleaned/107_0.wav to /Users/benroye/forge/cmusphinx/voiceVim/feat/cleaned/107_0.mfc
INFO: sphinx_fe.c(790): Converting /Users/benroye/forge/cmusphinx/voiceVim/wav/cleaned/108_0.wav to /Users/benroye/forge/cmusphinx/voiceVim/feat/cleaned/108_0.mfc
INFO: sphinx_fe.c(790): Converting /Users/benroye/forge/cmusphinx/voiceVim/wav/cleaned/109_0.wav to /Users/benroye/forge/cmusphinx/voiceVim/feat/cleaned/109_0.mfc
INFO: sphinx_fe.c(790): Converting /Users/benroye/forge/cmusphinx/voiceVim/wav/cleaned/111_0.wav to /Users/benroye/forge/cmusphinx/voiceVim/feat/cleaned/111_0.mfc
INFO: sphinx_fe.c(790): Converting /Users/benroye/forge/cmusphinx/voiceVim/wav/cleaned/112_0.wav to /Users/benroye/forge/cmusphinx/voiceVim/feat/cleaned/112_0.mfc
INFO: sphinx_fe.c(790): Converting /Users/benroye/forge/cmusphinx/voiceVim/wav/cleaned/113_0.wav to /Users/benroye/forge/cmusphinx/voiceVim/feat/cleaned/113_0.mfc
INFO: sphinx_fe.c(790): Converting /Users/benroye/forge/cmusphinx/voiceVim/wav/cleaned/114_0.wav to /Users/benroye/forge/cmusphinx/voiceVim/feat/cleaned/114_0.mfc
INFO: sphinx_fe.c(790): Converting /Users/benroye/forge/cmusphinx/voiceVim/wav/cleaned/116_0.wav to /Users/benroye/forge/cmusphinx/voiceVim/feat/cleaned/116_0.mfc
INFO: sphinx_fe.c(790): Converting /Users/benroye/forge/cmusphinx/voiceVim/wav/cleaned/117_0.wav to /Users/benroye/forge/cmusphinx/voiceVim/feat/cleaned/117_0.mfc
INFO: sphinx_fe.c(790): Converting /Users/benroye/forge/cmusphinx/voiceVim/wav/cleaned/118_0.wav to /Users/benroye/forge/cmusphinx/voiceVim/feat/cleaned/118_0.mfc
INFO: sphinx_fe.c(790): Converting /Users/benroye/forge/cmusphinx/voiceVim/wav/cleaned/119_0.wav to /Users/benroye/forge/cmusphinx/voiceVim/feat/cleaned/119_0.mfc
INFO: sphinx_fe.c(790): Converting /Users/benroye/forge/cmusphinx/voiceVim/wav/cleaned/121_0.wav to /Users/benroye/forge/cmusphinx/voiceVim/feat/cleaned/121_0.mfc
INFO: sphinx_fe.c(790): Converting /Users/benroye/forge/cmusphinx/voiceVim/wav/cleaned/122_0.wav to /Users/benroye/forge/cmusphinx/voiceVim/feat/cleaned/122_0.mfc
INFO: sphinx_fe.c(790): Converting /Users/benroye/forge/cmusphinx/voiceVim/wav/cleaned/123_0.wav to /Users/benroye/forge/cmusphinx/voiceVim/feat/cleaned/123_0.mfc
INFO: sphinx_fe.c(790): Converting /Users/benroye/forge/cmusphinx/voiceVim/wav/cleaned/124_0.wav to /Users/benroye/forge/cmusphinx/voiceVim/feat/cleaned/124_0.mfc
INFO: sphinx_fe.c(790): Converting /Users/benroye/forge/cmusphinx/voiceVim/wav/cleaned/126_0.wav to /Users/benroye/forge/cmusphinx/voiceVim/feat/cleaned/126_0.mfc
INFO: sphinx_fe.c(790): Converting /Users/benroye/forge/cmusphinx/voiceVim/wav/cleaned/127_0.wav to /Users/benroye/forge/cmusphinx/voiceVim/feat/cleaned/127_0.mfc
INFO: sphinx_fe.c(790): Converting /Users/benroye/forge/cmusphinx/voiceVim/wav/cleaned/128_0.wav to /Users/benroye/forge/cmusphinx/voiceVim/feat/cleaned/128_0.mfc
INFO: sphinx_fe.c(790): Converting /Users/benroye/forge/cmusphinx/voiceVim/wav/cleaned/129_0.wav to /Users/benroye/forge/cmusphinx/voiceVim/feat/cleaned/129_0.mfc
INFO: sphinx_fe.c(790): Converting /Users/benroye/forge/cmusphinx/voiceVim/wav/cleaned/131_0.wav to /Users/benroye/forge/cmusphinx/voiceVim/feat/cleaned/131_0.mfc
INFO: sphinx_fe.c(790): Converting /Users/benroye/forge/cmusphinx/voiceVim/wav/cleaned/132_0.wav to /Users/benroye/forge/cmusphinx/voiceVim/feat/cleaned/132_0.mfc
INFO: sphinx_fe.c(790): Converting /Users/benroye/forge/cmusphinx/voiceVim/wav/cleaned/133_0.wav to /Users/benroye/forge/cmusphinx/voiceVim/feat/cleaned/133_0.mfc
INFO: sphinx_fe.c(790): Converting /Users/benroye/forge/cmusphinx/voiceVim/wav/cleaned/134_0.wav to /Users/benroye/forge/cmusphinx/voiceVim/feat/cleaned/134_0.mfc
INFO: sphinx_fe.c(790): Converting /Users/benroye/forge/cmusphinx/voiceVim/wav/cleaned/136_0.wav to /Users/benroye/forge/cmusphinx/voiceVim/feat/cleaned/136_0.mfc
INFO: sphinx_fe.c(790): Converting /Users/benroye/forge/cmusphinx/voiceVim/wav/cleaned/137_0.wav to /Users/benroye/forge/cmusphinx/voiceVim/feat/cleaned/137_0.mfc
INFO: sphinx_fe.c(790): Converting /Users/benroye/forge/cmusphinx/voiceVim/wav/cleaned/138_0.wav to /Users/benroye/forge/cmusphinx/voiceVim/feat/cleaned/138_0.mfc
INFO: sphinx_fe.c(790): Converting /Users/benroye/forge/cmusphinx/voiceVim/wav/cleaned/139_0.wav to /Users/benroye/forge/cmusphinx/voiceVim/feat/cleaned/139_0.mfc
INFO: sphinx_fe.c(790): Converting /Users/benroye/forge/cmusphinx/voiceVim/wav/cleaned/141_0.wav to /Users/benroye/forge/cmusphinx/voiceVim/feat/cleaned/141_0.mfc
INFO: sphinx_fe.c(790): Converting /Users/benroye/forge/cmusphinx/voiceVim/wav/cleaned/142_0.wav to /Users/benroye/forge/cmusphinx/voiceVim/feat/cleaned/142_0.mfc
INFO: sphinx_fe.c(790): Converting /Users/benroye/forge/cmusphinx/voiceVim/wav/cleaned/143_0.wav to /Users/benroye/forge/cmusphinx/voiceVim/feat/cleaned/143_0.mfc
INFO: sphinx_fe.c(790): Converting /Users/benroye/forge/cmusphinx/voiceVim/wav/cleaned/144_0.wav to /Users/benroye/forge/cmusphinx/voiceVim/feat/cleaned/144_0.mfc
INFO: sphinx_fe.c(790): Converting /Users/benroye/forge/cmusphinx/voiceVim/wav/cleaned/146_0.wav to /Users/benroye/forge/cmusphinx/voiceVim/feat/cleaned/146_0.mfc
INFO: sphinx_fe.c(790): Converting /Users/benroye/forge/cmusphinx/voiceVim/wav/cleaned/147_0.wav to /Users/benroye/forge/cmusphinx/voiceVim/feat/cleaned/147_0.mfc
INFO: sphinx_fe.c(790): Converting /Users/benroye/forge/cmusphinx/voiceVim/wav/cleaned/148_0.wav to /Users/benroye/forge/cmusphinx/voiceVim/feat/cleaned/148_0.mfc
INFO: sphinx_fe.c(790): Converting /Users/benroye/forge/cmusphinx/voiceVim/wav/cleaned/149_0.wav to /Users/benroye/forge/cmusphinx/voiceVim/feat/cleaned/149_0.mfc
INFO: sphinx_fe.c(790): Converting /Users/benroye/forge/cmusphinx/voiceVim/wav/cleaned/151_0.wav to /Users/benroye/forge/cmusphinx/voiceVim/feat/cleaned/151_0.mfc
INFO: sphinx_fe.c(790): Converting /Users/benroye/forge/cmusphinx/voiceVim/wav/cleaned/152_0.wav to /Users/benroye/forge/cmusphinx/voiceVim/feat/cleaned/152_0.mfc
INFO: sphinx_fe.c(790): Converting /Users/benroye/forge/cmusphinx/voiceVim/wav/cleaned/153_0.wav to /Users/benroye/forge/cmusphinx/voiceVim/feat/cleaned/153_0.mfc
INFO: sphinx_fe.c(790): Converting /Users/benroye/forge/cmusphinx/voiceVim/wav/cleaned/154_0.wav to /Users/benroye/forge/cmusphinx/voiceVim/feat/cleaned/154_0.mfc
INFO: sphinx_fe.c(790): Converting /Users/benroye/forge/cmusphinx/voiceVim/wav/cleaned/156_0.wav to /Users/benroye/forge/cmusphinx/voiceVim/feat/cleaned/156_0.mfc
INFO: sphinx_fe.c(790): Converting /Users/benroye/forge/cmusphinx/voiceVim/wav/cleaned/157_0.wav to /Users/benroye/forge/cmusphinx/voiceVim/feat/cleaned/157_0.mfc
Mon Jan 30 07:34:58 2017
