Current configuration:
[NAME]			[DEFLT]		[VALUE]
-alpha			0.97		9.700000e-01
-argfile				
-blocksize		2048		2048
-build_outdirs		yes		yes
-c					/Users/benroye/forge/cmusphinx/voiceVim/etc/voiceVim_train.fileids
-cep2spec		no		no
-di					/Users/benroye/forge/cmusphinx/voiceVim/wav
-dither			no		no
-do					/Users/benroye/forge/cmusphinx/voiceVim/feat
-doublebw		no		no
-ei					wav
-eo					mfc
-example		no		no
-frate			100		100
-help			no		no
-i					
-input_endian		little		little
-lifter			0		22
-logspec		no		no
-lowerf			133.33334	1.300000e+02
-mach_endian		little		little
-mswav			no		yes
-ncep			13		13
-nchans			1		1
-nfft			512		512
-nfilt			40		25
-nist			no		no
-npart			0		4
-nskip			0		0
-o					
-ofmt			sphinx		sphinx
-part			0		4
-raw			no		no
-remove_dc		no		no
-remove_noise		yes		yes
-remove_silence		yes		yes
-round_filters		yes		yes
-runlen			-1		-1
-samprate		16000		1.600000e+04
-seed			-1		-1
-smoothspec		no		no
-spec2cep		no		no
-sph2pipe		no		no
-transform		legacy		dct
-unit_area		yes		yes
-upperf			6855.4976	6.800000e+03
-vad_postspeech		50		50
-vad_prespeech		20		20
-vad_startspeech	10		10
-vad_threshold		3.0		3.000000e+00
-verbose		no		no
-warp_params				
-warp_type		inverse_linear	inverse_linear
-whichchan		0		0
-wlen			0.025625	2.562500e-02

INFO: sphinx_fe.c(970): Processing all remaining utterances at position 258
INFO: sphinx_fe.c(790): Converting /Users/benroye/forge/cmusphinx/voiceVim/wav/cleaned/158_0.wav to /Users/benroye/forge/cmusphinx/voiceVim/feat/cleaned/158_0.mfc
INFO: sphinx_fe.c(790): Converting /Users/benroye/forge/cmusphinx/voiceVim/wav/cleaned/159_0.wav to /Users/benroye/forge/cmusphinx/voiceVim/feat/cleaned/159_0.mfc
INFO: sphinx_fe.c(790): Converting /Users/benroye/forge/cmusphinx/voiceVim/wav/cleaned/161_0.wav to /Users/benroye/forge/cmusphinx/voiceVim/feat/cleaned/161_0.mfc
INFO: sphinx_fe.c(790): Converting /Users/benroye/forge/cmusphinx/voiceVim/wav/cleaned/162_0.wav to /Users/benroye/forge/cmusphinx/voiceVim/feat/cleaned/162_0.mfc
INFO: sphinx_fe.c(790): Converting /Users/benroye/forge/cmusphinx/voiceVim/wav/cleaned/163_0.wav to /Users/benroye/forge/cmusphinx/voiceVim/feat/cleaned/163_0.mfc
INFO: sphinx_fe.c(790): Converting /Users/benroye/forge/cmusphinx/voiceVim/wav/cleaned/164_0.wav to /Users/benroye/forge/cmusphinx/voiceVim/feat/cleaned/164_0.mfc
INFO: sphinx_fe.c(790): Converting /Users/benroye/forge/cmusphinx/voiceVim/wav/cleaned/166_0.wav to /Users/benroye/forge/cmusphinx/voiceVim/feat/cleaned/166_0.mfc
INFO: sphinx_fe.c(790): Converting /Users/benroye/forge/cmusphinx/voiceVim/wav/cleaned/167_0.wav to /Users/benroye/forge/cmusphinx/voiceVim/feat/cleaned/167_0.mfc
INFO: sphinx_fe.c(790): Converting /Users/benroye/forge/cmusphinx/voiceVim/wav/cleaned/168_0.wav to /Users/benroye/forge/cmusphinx/voiceVim/feat/cleaned/168_0.mfc
INFO: sphinx_fe.c(790): Converting /Users/benroye/forge/cmusphinx/voiceVim/wav/cleaned/169_0.wav to /Users/benroye/forge/cmusphinx/voiceVim/feat/cleaned/169_0.mfc
INFO: sphinx_fe.c(790): Converting /Users/benroye/forge/cmusphinx/voiceVim/wav/cleaned/171_0.wav to /Users/benroye/forge/cmusphinx/voiceVim/feat/cleaned/171_0.mfc
INFO: sphinx_fe.c(790): Converting /Users/benroye/forge/cmusphinx/voiceVim/wav/cleaned/172_0.wav to /Users/benroye/forge/cmusphinx/voiceVim/feat/cleaned/172_0.mfc
INFO: sphinx_fe.c(790): Converting /Users/benroye/forge/cmusphinx/voiceVim/wav/cleaned/173_0.wav to /Users/benroye/forge/cmusphinx/voiceVim/feat/cleaned/173_0.mfc
INFO: sphinx_fe.c(790): Converting /Users/benroye/forge/cmusphinx/voiceVim/wav/cleaned/174_0.wav to /Users/benroye/forge/cmusphinx/voiceVim/feat/cleaned/174_0.mfc
INFO: sphinx_fe.c(790): Converting /Users/benroye/forge/cmusphinx/voiceVim/wav/cleaned/176_0.wav to /Users/benroye/forge/cmusphinx/voiceVim/feat/cleaned/176_0.mfc
INFO: sphinx_fe.c(790): Converting /Users/benroye/forge/cmusphinx/voiceVim/wav/cleaned/177_0.wav to /Users/benroye/forge/cmusphinx/voiceVim/feat/cleaned/177_0.mfc
INFO: sphinx_fe.c(790): Converting /Users/benroye/forge/cmusphinx/voiceVim/wav/cleaned/178_0.wav to /Users/benroye/forge/cmusphinx/voiceVim/feat/cleaned/178_0.mfc
INFO: sphinx_fe.c(790): Converting /Users/benroye/forge/cmusphinx/voiceVim/wav/cleaned/179_0.wav to /Users/benroye/forge/cmusphinx/voiceVim/feat/cleaned/179_0.mfc
INFO: sphinx_fe.c(790): Converting /Users/benroye/forge/cmusphinx/voiceVim/wav/cleaned/181_0.wav to /Users/benroye/forge/cmusphinx/voiceVim/feat/cleaned/181_0.mfc
INFO: sphinx_fe.c(790): Converting /Users/benroye/forge/cmusphinx/voiceVim/wav/cleaned/182_0.wav to /Users/benroye/forge/cmusphinx/voiceVim/feat/cleaned/182_0.mfc
INFO: sphinx_fe.c(790): Converting /Users/benroye/forge/cmusphinx/voiceVim/wav/cleaned/183_0.wav to /Users/benroye/forge/cmusphinx/voiceVim/feat/cleaned/183_0.mfc
INFO: sphinx_fe.c(790): Converting /Users/benroye/forge/cmusphinx/voiceVim/wav/cleaned/184_0.wav to /Users/benroye/forge/cmusphinx/voiceVim/feat/cleaned/184_0.mfc
INFO: sphinx_fe.c(790): Converting /Users/benroye/forge/cmusphinx/voiceVim/wav/cleaned/186_0.wav to /Users/benroye/forge/cmusphinx/voiceVim/feat/cleaned/186_0.mfc
INFO: sphinx_fe.c(790): Converting /Users/benroye/forge/cmusphinx/voiceVim/wav/cleaned/187_0.wav to /Users/benroye/forge/cmusphinx/voiceVim/feat/cleaned/187_0.mfc
INFO: sphinx_fe.c(790): Converting /Users/benroye/forge/cmusphinx/voiceVim/wav/cleaned/188_0.wav to /Users/benroye/forge/cmusphinx/voiceVim/feat/cleaned/188_0.mfc
INFO: sphinx_fe.c(790): Converting /Users/benroye/forge/cmusphinx/voiceVim/wav/cleaned/189_0.wav to /Users/benroye/forge/cmusphinx/voiceVim/feat/cleaned/189_0.mfc
INFO: sphinx_fe.c(790): Converting /Users/benroye/forge/cmusphinx/voiceVim/wav/cleaned/191_0.wav to /Users/benroye/forge/cmusphinx/voiceVim/feat/cleaned/191_0.mfc
INFO: sphinx_fe.c(790): Converting /Users/benroye/forge/cmusphinx/voiceVim/wav/cleaned/192_0.wav to /Users/benroye/forge/cmusphinx/voiceVim/feat/cleaned/192_0.mfc
INFO: sphinx_fe.c(790): Converting /Users/benroye/forge/cmusphinx/voiceVim/wav/cleaned/193_0.wav to /Users/benroye/forge/cmusphinx/voiceVim/feat/cleaned/193_0.mfc
INFO: sphinx_fe.c(790): Converting /Users/benroye/forge/cmusphinx/voiceVim/wav/cleaned/194_0.wav to /Users/benroye/forge/cmusphinx/voiceVim/feat/cleaned/194_0.mfc
INFO: sphinx_fe.c(790): Converting /Users/benroye/forge/cmusphinx/voiceVim/wav/cleaned/196_0.wav to /Users/benroye/forge/cmusphinx/voiceVim/feat/cleaned/196_0.mfc
INFO: sphinx_fe.c(790): Converting /Users/benroye/forge/cmusphinx/voiceVim/wav/cleaned/197_0.wav to /Users/benroye/forge/cmusphinx/voiceVim/feat/cleaned/197_0.mfc
INFO: sphinx_fe.c(790): Converting /Users/benroye/forge/cmusphinx/voiceVim/wav/cleaned/198_0.wav to /Users/benroye/forge/cmusphinx/voiceVim/feat/cleaned/198_0.mfc
INFO: sphinx_fe.c(790): Converting /Users/benroye/forge/cmusphinx/voiceVim/wav/cleaned/199_0.wav to /Users/benroye/forge/cmusphinx/voiceVim/feat/cleaned/199_0.mfc
INFO: sphinx_fe.c(790): Converting /Users/benroye/forge/cmusphinx/voiceVim/wav/cleaned/201_0.wav to /Users/benroye/forge/cmusphinx/voiceVim/feat/cleaned/201_0.mfc
INFO: sphinx_fe.c(790): Converting /Users/benroye/forge/cmusphinx/voiceVim/wav/cleaned/202_0.wav to /Users/benroye/forge/cmusphinx/voiceVim/feat/cleaned/202_0.mfc
INFO: sphinx_fe.c(790): Converting /Users/benroye/forge/cmusphinx/voiceVim/wav/cleaned/203_0.wav to /Users/benroye/forge/cmusphinx/voiceVim/feat/cleaned/203_0.mfc
INFO: sphinx_fe.c(790): Converting /Users/benroye/forge/cmusphinx/voiceVim/wav/cleaned/204_0.wav to /Users/benroye/forge/cmusphinx/voiceVim/feat/cleaned/204_0.mfc
INFO: sphinx_fe.c(790): Converting /Users/benroye/forge/cmusphinx/voiceVim/wav/cleaned/206_0.wav to /Users/benroye/forge/cmusphinx/voiceVim/feat/cleaned/206_0.mfc
INFO: sphinx_fe.c(790): Converting /Users/benroye/forge/cmusphinx/voiceVim/wav/cleaned/207_0.wav to /Users/benroye/forge/cmusphinx/voiceVim/feat/cleaned/207_0.mfc
INFO: sphinx_fe.c(790): Converting /Users/benroye/forge/cmusphinx/voiceVim/wav/cleaned/208_0.wav to /Users/benroye/forge/cmusphinx/voiceVim/feat/cleaned/208_0.mfc
INFO: sphinx_fe.c(790): Converting /Users/benroye/forge/cmusphinx/voiceVim/wav/cleaned/209_0.wav to /Users/benroye/forge/cmusphinx/voiceVim/feat/cleaned/209_0.mfc
INFO: sphinx_fe.c(790): Converting /Users/benroye/forge/cmusphinx/voiceVim/wav/cleaned/211_0.wav to /Users/benroye/forge/cmusphinx/voiceVim/feat/cleaned/211_0.mfc
INFO: sphinx_fe.c(790): Converting /Users/benroye/forge/cmusphinx/voiceVim/wav/cleaned/212_0.wav to /Users/benroye/forge/cmusphinx/voiceVim/feat/cleaned/212_0.mfc
INFO: sphinx_fe.c(790): Converting /Users/benroye/forge/cmusphinx/voiceVim/wav/cleaned/213_0.wav to /Users/benroye/forge/cmusphinx/voiceVim/feat/cleaned/213_0.mfc
INFO: sphinx_fe.c(790): Converting /Users/benroye/forge/cmusphinx/voiceVim/wav/cleaned/214_0.wav to /Users/benroye/forge/cmusphinx/voiceVim/feat/cleaned/214_0.mfc
INFO: sphinx_fe.c(790): Converting /Users/benroye/forge/cmusphinx/voiceVim/wav/cleaned/216_0.wav to /Users/benroye/forge/cmusphinx/voiceVim/feat/cleaned/216_0.mfc
INFO: sphinx_fe.c(790): Converting /Users/benroye/forge/cmusphinx/voiceVim/wav/cleaned/217_0.wav to /Users/benroye/forge/cmusphinx/voiceVim/feat/cleaned/217_0.mfc
INFO: sphinx_fe.c(790): Converting /Users/benroye/forge/cmusphinx/voiceVim/wav/cleaned/218_0.wav to /Users/benroye/forge/cmusphinx/voiceVim/feat/cleaned/218_0.mfc
INFO: sphinx_fe.c(790): Converting /Users/benroye/forge/cmusphinx/voiceVim/wav/cleaned/219_0.wav to /Users/benroye/forge/cmusphinx/voiceVim/feat/cleaned/219_0.mfc
INFO: sphinx_fe.c(790): Converting /Users/benroye/forge/cmusphinx/voiceVim/wav/cleaned/221_0.wav to /Users/benroye/forge/cmusphinx/voiceVim/feat/cleaned/221_0.mfc
INFO: sphinx_fe.c(790): Converting /Users/benroye/forge/cmusphinx/voiceVim/wav/cleaned/222_0.wav to /Users/benroye/forge/cmusphinx/voiceVim/feat/cleaned/222_0.mfc
INFO: sphinx_fe.c(790): Converting /Users/benroye/forge/cmusphinx/voiceVim/wav/cleaned/223_0.wav to /Users/benroye/forge/cmusphinx/voiceVim/feat/cleaned/223_0.mfc
INFO: sphinx_fe.c(790): Converting /Users/benroye/forge/cmusphinx/voiceVim/wav/cleaned/224_0.wav to /Users/benroye/forge/cmusphinx/voiceVim/feat/cleaned/224_0.mfc
INFO: sphinx_fe.c(790): Converting /Users/benroye/forge/cmusphinx/voiceVim/wav/cleaned/226_0.wav to /Users/benroye/forge/cmusphinx/voiceVim/feat/cleaned/226_0.mfc
INFO: sphinx_fe.c(790): Converting /Users/benroye/forge/cmusphinx/voiceVim/wav/cleaned/227_0.wav to /Users/benroye/forge/cmusphinx/voiceVim/feat/cleaned/227_0.mfc
INFO: sphinx_fe.c(790): Converting /Users/benroye/forge/cmusphinx/voiceVim/wav/cleaned/228_0.wav to /Users/benroye/forge/cmusphinx/voiceVim/feat/cleaned/228_0.mfc
INFO: sphinx_fe.c(790): Converting /Users/benroye/forge/cmusphinx/voiceVim/wav/cleaned/229_0.wav to /Users/benroye/forge/cmusphinx/voiceVim/feat/cleaned/229_0.mfc
INFO: sphinx_fe.c(790): Converting /Users/benroye/forge/cmusphinx/voiceVim/wav/cleaned/231_0.wav to /Users/benroye/forge/cmusphinx/voiceVim/feat/cleaned/231_0.mfc
INFO: sphinx_fe.c(790): Converting /Users/benroye/forge/cmusphinx/voiceVim/wav/cleaned/232_0.wav to /Users/benroye/forge/cmusphinx/voiceVim/feat/cleaned/232_0.mfc
INFO: sphinx_fe.c(790): Converting /Users/benroye/forge/cmusphinx/voiceVim/wav/cleaned/233_0.wav to /Users/benroye/forge/cmusphinx/voiceVim/feat/cleaned/233_0.mfc
INFO: sphinx_fe.c(790): Converting /Users/benroye/forge/cmusphinx/voiceVim/wav/cleaned/234_0.wav to /Users/benroye/forge/cmusphinx/voiceVim/feat/cleaned/234_0.mfc
INFO: sphinx_fe.c(790): Converting /Users/benroye/forge/cmusphinx/voiceVim/wav/cleaned/236_0.wav to /Users/benroye/forge/cmusphinx/voiceVim/feat/cleaned/236_0.mfc
INFO: sphinx_fe.c(790): Converting /Users/benroye/forge/cmusphinx/voiceVim/wav/cleaned/237_0.wav to /Users/benroye/forge/cmusphinx/voiceVim/feat/cleaned/237_0.mfc
INFO: sphinx_fe.c(790): Converting /Users/benroye/forge/cmusphinx/voiceVim/wav/cleaned/238_0.wav to /Users/benroye/forge/cmusphinx/voiceVim/feat/cleaned/238_0.mfc
INFO: sphinx_fe.c(790): Converting /Users/benroye/forge/cmusphinx/voiceVim/wav/cleaned/239_0.wav to /Users/benroye/forge/cmusphinx/voiceVim/feat/cleaned/239_0.mfc
INFO: sphinx_fe.c(790): Converting /Users/benroye/forge/cmusphinx/voiceVim/wav/cleaned/241_0.wav to /Users/benroye/forge/cmusphinx/voiceVim/feat/cleaned/241_0.mfc
INFO: sphinx_fe.c(790): Converting /Users/benroye/forge/cmusphinx/voiceVim/wav/cleaned/242_0.wav to /Users/benroye/forge/cmusphinx/voiceVim/feat/cleaned/242_0.mfc
INFO: sphinx_fe.c(790): Converting /Users/benroye/forge/cmusphinx/voiceVim/wav/cleaned/243_0.wav to /Users/benroye/forge/cmusphinx/voiceVim/feat/cleaned/243_0.mfc
INFO: sphinx_fe.c(790): Converting /Users/benroye/forge/cmusphinx/voiceVim/wav/cleaned/244_0.wav to /Users/benroye/forge/cmusphinx/voiceVim/feat/cleaned/244_0.mfc
INFO: sphinx_fe.c(790): Converting /Users/benroye/forge/cmusphinx/voiceVim/wav/cleaned/246_0.wav to /Users/benroye/forge/cmusphinx/voiceVim/feat/cleaned/246_0.mfc
INFO: sphinx_fe.c(790): Converting /Users/benroye/forge/cmusphinx/voiceVim/wav/cleaned/247_0.wav to /Users/benroye/forge/cmusphinx/voiceVim/feat/cleaned/247_0.mfc
INFO: sphinx_fe.c(790): Converting /Users/benroye/forge/cmusphinx/voiceVim/wav/cleaned/248_0.wav to /Users/benroye/forge/cmusphinx/voiceVim/feat/cleaned/248_0.mfc
INFO: sphinx_fe.c(790): Converting /Users/benroye/forge/cmusphinx/voiceVim/wav/cleaned/249_0.wav to /Users/benroye/forge/cmusphinx/voiceVim/feat/cleaned/249_0.mfc
INFO: sphinx_fe.c(790): Converting /Users/benroye/forge/cmusphinx/voiceVim/wav/cleaned/251_0.wav to /Users/benroye/forge/cmusphinx/voiceVim/feat/cleaned/251_0.mfc
INFO: sphinx_fe.c(790): Converting /Users/benroye/forge/cmusphinx/voiceVim/wav/cleaned/252_0.wav to /Users/benroye/forge/cmusphinx/voiceVim/feat/cleaned/252_0.mfc
INFO: sphinx_fe.c(790): Converting /Users/benroye/forge/cmusphinx/voiceVim/wav/cleaned/253_0.wav to /Users/benroye/forge/cmusphinx/voiceVim/feat/cleaned/253_0.mfc
INFO: sphinx_fe.c(790): Converting /Users/benroye/forge/cmusphinx/voiceVim/wav/cleaned/254_0.wav to /Users/benroye/forge/cmusphinx/voiceVim/feat/cleaned/254_0.mfc
INFO: sphinx_fe.c(790): Converting /Users/benroye/forge/cmusphinx/voiceVim/wav/cleaned/256_0.wav to /Users/benroye/forge/cmusphinx/voiceVim/feat/cleaned/256_0.mfc
INFO: sphinx_fe.c(790): Converting /Users/benroye/forge/cmusphinx/voiceVim/wav/cleaned/257_0.wav to /Users/benroye/forge/cmusphinx/voiceVim/feat/cleaned/257_0.mfc
INFO: sphinx_fe.c(790): Converting /Users/benroye/forge/cmusphinx/voiceVim/wav/cleaned/258_0.wav to /Users/benroye/forge/cmusphinx/voiceVim/feat/cleaned/258_0.mfc
INFO: sphinx_fe.c(790): Converting /Users/benroye/forge/cmusphinx/voiceVim/wav/cleaned/259_0.wav to /Users/benroye/forge/cmusphinx/voiceVim/feat/cleaned/259_0.mfc
INFO: sphinx_fe.c(790): Converting /Users/benroye/forge/cmusphinx/voiceVim/wav/cleaned/261_0.wav to /Users/benroye/forge/cmusphinx/voiceVim/feat/cleaned/261_0.mfc
INFO: sphinx_fe.c(790): Converting /Users/benroye/forge/cmusphinx/voiceVim/wav/cleaned/262_0.wav to /Users/benroye/forge/cmusphinx/voiceVim/feat/cleaned/262_0.mfc
INFO: sphinx_fe.c(790): Converting /Users/benroye/forge/cmusphinx/voiceVim/wav/cleaned/263_0.wav to /Users/benroye/forge/cmusphinx/voiceVim/feat/cleaned/263_0.mfc
INFO: sphinx_fe.c(790): Converting /Users/benroye/forge/cmusphinx/voiceVim/wav/cleaned/264_0.wav to /Users/benroye/forge/cmusphinx/voiceVim/feat/cleaned/264_0.mfc
Mon Jan 30 07:34:58 2017
