Current configuration:
[NAME]			[DEFLT]		[VALUE]
-alpha			0.97		9.700000e-01
-argfile				
-blocksize		2048		2048
-build_outdirs		yes		yes
-c					/Users/benroye/forge/cmusphinx/voiceVim/etc/voiceVim_train.fileids
-cep2spec		no		no
-di					/Users/benroye/forge/cmusphinx/voiceVim/wav
-dither			no		no
-do					/Users/benroye/forge/cmusphinx/voiceVim/feat
-doublebw		no		no
-ei					wav
-eo					mfc
-example		no		no
-frate			100		100
-help			no		no
-i					
-input_endian		little		little
-lifter			0		22
-logspec		no		no
-lowerf			133.33334	1.300000e+02
-mach_endian		little		little
-mswav			no		yes
-ncep			13		13
-nchans			1		1
-nfft			512		512
-nfilt			40		25
-nist			no		no
-npart			0		4
-nskip			0		0
-o					
-ofmt			sphinx		sphinx
-part			0		1
-raw			no		no
-remove_dc		no		no
-remove_noise		yes		yes
-remove_silence		yes		yes
-round_filters		yes		yes
-runlen			-1		-1
-samprate		16000		1.600000e+04
-seed			-1		-1
-smoothspec		no		no
-spec2cep		no		no
-sph2pipe		no		no
-transform		legacy		dct
-unit_area		yes		yes
-upperf			6855.4976	6.800000e+03
-vad_postspeech		50		50
-vad_prespeech		20		20
-vad_startspeech	10		10
-vad_threshold		3.0		3.000000e+00
-verbose		no		no
-warp_params				
-warp_type		inverse_linear	inverse_linear
-whichchan		0		0
-wlen			0.025625	2.562500e-02

INFO: sphinx_fe.c(966): Processing 86 utterances at position 0
INFO: sphinx_fe.c(790): Converting /Users/benroye/forge/cmusphinx/voiceVim/wav/cleaned/again_0.wav to /Users/benroye/forge/cmusphinx/voiceVim/feat/cleaned/again_0.mfc
INFO: sphinx_fe.c(790): Converting /Users/benroye/forge/cmusphinx/voiceVim/wav/cleaned/alpha_0.wav to /Users/benroye/forge/cmusphinx/voiceVim/feat/cleaned/alpha_0.mfc
INFO: sphinx_fe.c(790): Converting /Users/benroye/forge/cmusphinx/voiceVim/wav/cleaned/and_0.wav to /Users/benroye/forge/cmusphinx/voiceVim/feat/cleaned/and_0.mfc
INFO: sphinx_fe.c(790): Converting /Users/benroye/forge/cmusphinx/voiceVim/wav/cleaned/append_0.wav to /Users/benroye/forge/cmusphinx/voiceVim/feat/cleaned/append_0.mfc
INFO: sphinx_fe.c(790): Converting /Users/benroye/forge/cmusphinx/voiceVim/wav/cleaned/assign_0.wav to /Users/benroye/forge/cmusphinx/voiceVim/feat/cleaned/assign_0.mfc
INFO: sphinx_fe.c(790): Converting /Users/benroye/forge/cmusphinx/voiceVim/wav/cleaned/back_0.wav to /Users/benroye/forge/cmusphinx/voiceVim/feat/cleaned/back_0.mfc
INFO: sphinx_fe.c(790): Converting /Users/benroye/forge/cmusphinx/voiceVim/wav/cleaned/backward_0.wav to /Users/benroye/forge/cmusphinx/voiceVim/feat/cleaned/backward_0.mfc
INFO: sphinx_fe.c(790): Converting /Users/benroye/forge/cmusphinx/voiceVim/wav/cleaned/bang_0.wav to /Users/benroye/forge/cmusphinx/voiceVim/feat/cleaned/bang_0.mfc
INFO: sphinx_fe.c(790): Converting /Users/benroye/forge/cmusphinx/voiceVim/wav/cleaned/bigback_0.wav to /Users/benroye/forge/cmusphinx/voiceVim/feat/cleaned/bigback_0.mfc
INFO: sphinx_fe.c(790): Converting /Users/benroye/forge/cmusphinx/voiceVim/wav/cleaned/bigword_0.wav to /Users/benroye/forge/cmusphinx/voiceVim/feat/cleaned/bigword_0.mfc
INFO: sphinx_fe.c(790): Converting /Users/benroye/forge/cmusphinx/voiceVim/wav/cleaned/bracket_0.wav to /Users/benroye/forge/cmusphinx/voiceVim/feat/cleaned/bracket_0.mfc
INFO: sphinx_fe.c(790): Converting /Users/benroye/forge/cmusphinx/voiceVim/wav/cleaned/bravo_0.wav to /Users/benroye/forge/cmusphinx/voiceVim/feat/cleaned/bravo_0.mfc
INFO: sphinx_fe.c(790): Converting /Users/benroye/forge/cmusphinx/voiceVim/wav/cleaned/capitalize_0.wav to /Users/benroye/forge/cmusphinx/voiceVim/feat/cleaned/capitalize_0.mfc
INFO: sphinx_fe.c(790): Converting /Users/benroye/forge/cmusphinx/voiceVim/wav/cleaned/carrot_0.wav to /Users/benroye/forge/cmusphinx/voiceVim/feat/cleaned/carrot_0.mfc
INFO: sphinx_fe.c(790): Converting /Users/benroye/forge/cmusphinx/voiceVim/wav/cleaned/charlie_0.wav to /Users/benroye/forge/cmusphinx/voiceVim/feat/cleaned/charlie_0.mfc
INFO: sphinx_fe.c(790): Converting /Users/benroye/forge/cmusphinx/voiceVim/wav/cleaned/colon_0.wav to /Users/benroye/forge/cmusphinx/voiceVim/feat/cleaned/colon_0.mfc
INFO: sphinx_fe.c(790): Converting /Users/benroye/forge/cmusphinx/voiceVim/wav/cleaned/comma_0.wav to /Users/benroye/forge/cmusphinx/voiceVim/feat/cleaned/comma_0.mfc
INFO: sphinx_fe.c(790): Converting /Users/benroye/forge/cmusphinx/voiceVim/wav/cleaned/complete_0.wav to /Users/benroye/forge/cmusphinx/voiceVim/feat/cleaned/complete_0.mfc
INFO: sphinx_fe.c(790): Converting /Users/benroye/forge/cmusphinx/voiceVim/wav/cleaned/copy_0.wav to /Users/benroye/forge/cmusphinx/voiceVim/feat/cleaned/copy_0.mfc
INFO: sphinx_fe.c(790): Converting /Users/benroye/forge/cmusphinx/voiceVim/wav/cleaned/curly_0.wav to /Users/benroye/forge/cmusphinx/voiceVim/feat/cleaned/curly_0.mfc
INFO: sphinx_fe.c(790): Converting /Users/benroye/forge/cmusphinx/voiceVim/wav/cleaned/cut_0.wav to /Users/benroye/forge/cmusphinx/voiceVim/feat/cleaned/cut_0.mfc
INFO: sphinx_fe.c(790): Converting /Users/benroye/forge/cmusphinx/voiceVim/wav/cleaned/define_0.wav to /Users/benroye/forge/cmusphinx/voiceVim/feat/cleaned/define_0.mfc
INFO: sphinx_fe.c(790): Converting /Users/benroye/forge/cmusphinx/voiceVim/wav/cleaned/delete_0.wav to /Users/benroye/forge/cmusphinx/voiceVim/feat/cleaned/delete_0.mfc
INFO: sphinx_fe.c(790): Converting /Users/benroye/forge/cmusphinx/voiceVim/wav/cleaned/delta_0.wav to /Users/benroye/forge/cmusphinx/voiceVim/feat/cleaned/delta_0.mfc
INFO: sphinx_fe.c(790): Converting /Users/benroye/forge/cmusphinx/voiceVim/wav/cleaned/dolla_0.wav to /Users/benroye/forge/cmusphinx/voiceVim/feat/cleaned/dolla_0.mfc
INFO: sphinx_fe.c(790): Converting /Users/benroye/forge/cmusphinx/voiceVim/wav/cleaned/dot_0.wav to /Users/benroye/forge/cmusphinx/voiceVim/feat/cleaned/dot_0.mfc
INFO: sphinx_fe.c(790): Converting /Users/benroye/forge/cmusphinx/voiceVim/wav/cleaned/down_0.wav to /Users/benroye/forge/cmusphinx/voiceVim/feat/cleaned/down_0.mfc
INFO: sphinx_fe.c(790): Converting /Users/benroye/forge/cmusphinx/voiceVim/wav/cleaned/east_0.wav to /Users/benroye/forge/cmusphinx/voiceVim/feat/cleaned/east_0.mfc
INFO: sphinx_fe.c(790): Converting /Users/benroye/forge/cmusphinx/voiceVim/wav/cleaned/echo_0.wav to /Users/benroye/forge/cmusphinx/voiceVim/feat/cleaned/echo_0.mfc
INFO: sphinx_fe.c(790): Converting /Users/benroye/forge/cmusphinx/voiceVim/wav/cleaned/egap_0.wav to /Users/benroye/forge/cmusphinx/voiceVim/feat/cleaned/egap_0.mfc
INFO: sphinx_fe.c(790): Converting /Users/benroye/forge/cmusphinx/voiceVim/wav/cleaned/eight_0.wav to /Users/benroye/forge/cmusphinx/voiceVim/feat/cleaned/eight_0.mfc
INFO: sphinx_fe.c(790): Converting /Users/benroye/forge/cmusphinx/voiceVim/wav/cleaned/elif_0.wav to /Users/benroye/forge/cmusphinx/voiceVim/feat/cleaned/elif_0.mfc
INFO: sphinx_fe.c(790): Converting /Users/benroye/forge/cmusphinx/voiceVim/wav/cleaned/else_0.wav to /Users/benroye/forge/cmusphinx/voiceVim/feat/cleaned/else_0.mfc
INFO: sphinx_fe.c(790): Converting /Users/benroye/forge/cmusphinx/voiceVim/wav/cleaned/end_0.wav to /Users/benroye/forge/cmusphinx/voiceVim/feat/cleaned/end_0.mfc
INFO: sphinx_fe.c(790): Converting /Users/benroye/forge/cmusphinx/voiceVim/wav/cleaned/enter_0.wav to /Users/benroye/forge/cmusphinx/voiceVim/feat/cleaned/enter_0.mfc
INFO: sphinx_fe.c(790): Converting /Users/benroye/forge/cmusphinx/voiceVim/wav/cleaned/equals_0.wav to /Users/benroye/forge/cmusphinx/voiceVim/feat/cleaned/equals_0.mfc
INFO: sphinx_fe.c(790): Converting /Users/benroye/forge/cmusphinx/voiceVim/wav/cleaned/escape_0.wav to /Users/benroye/forge/cmusphinx/voiceVim/feat/cleaned/escape_0.mfc
INFO: sphinx_fe.c(790): Converting /Users/benroye/forge/cmusphinx/voiceVim/wav/cleaned/false_0.wav to /Users/benroye/forge/cmusphinx/voiceVim/feat/cleaned/false_0.mfc
INFO: sphinx_fe.c(790): Converting /Users/benroye/forge/cmusphinx/voiceVim/wav/cleaned/filebegin_0.wav to /Users/benroye/forge/cmusphinx/voiceVim/feat/cleaned/filebegin_0.mfc
INFO: sphinx_fe.c(790): Converting /Users/benroye/forge/cmusphinx/voiceVim/wav/cleaned/fileend_0.wav to /Users/benroye/forge/cmusphinx/voiceVim/feat/cleaned/fileend_0.mfc
INFO: sphinx_fe.c(790): Converting /Users/benroye/forge/cmusphinx/voiceVim/wav/cleaned/five_0.wav to /Users/benroye/forge/cmusphinx/voiceVim/feat/cleaned/five_0.mfc
INFO: sphinx_fe.c(790): Converting /Users/benroye/forge/cmusphinx/voiceVim/wav/cleaned/forward_0.wav to /Users/benroye/forge/cmusphinx/voiceVim/feat/cleaned/forward_0.mfc
INFO: sphinx_fe.c(790): Converting /Users/benroye/forge/cmusphinx/voiceVim/wav/cleaned/four_0.wav to /Users/benroye/forge/cmusphinx/voiceVim/feat/cleaned/four_0.mfc
INFO: sphinx_fe.c(790): Converting /Users/benroye/forge/cmusphinx/voiceVim/wav/cleaned/foxtrot_0.wav to /Users/benroye/forge/cmusphinx/voiceVim/feat/cleaned/foxtrot_0.mfc
INFO: sphinx_fe.c(790): Converting /Users/benroye/forge/cmusphinx/voiceVim/wav/cleaned/golf_0.wav to /Users/benroye/forge/cmusphinx/voiceVim/feat/cleaned/golf_0.mfc
INFO: sphinx_fe.c(790): Converting /Users/benroye/forge/cmusphinx/voiceVim/wav/cleaned/goto_0.wav to /Users/benroye/forge/cmusphinx/voiceVim/feat/cleaned/goto_0.mfc
INFO: sphinx_fe.c(790): Converting /Users/benroye/forge/cmusphinx/voiceVim/wav/cleaned/greater_0.wav to /Users/benroye/forge/cmusphinx/voiceVim/feat/cleaned/greater_0.mfc
INFO: sphinx_fe.c(790): Converting /Users/benroye/forge/cmusphinx/voiceVim/wav/cleaned/high_0.wav to /Users/benroye/forge/cmusphinx/voiceVim/feat/cleaned/high_0.mfc
INFO: sphinx_fe.c(790): Converting /Users/benroye/forge/cmusphinx/voiceVim/wav/cleaned/hotel_0.wav to /Users/benroye/forge/cmusphinx/voiceVim/feat/cleaned/hotel_0.mfc
INFO: sphinx_fe.c(790): Converting /Users/benroye/forge/cmusphinx/voiceVim/wav/cleaned/hsals_0.wav to /Users/benroye/forge/cmusphinx/voiceVim/feat/cleaned/hsals_0.mfc
INFO: sphinx_fe.c(790): Converting /Users/benroye/forge/cmusphinx/voiceVim/wav/cleaned/hug_0.wav to /Users/benroye/forge/cmusphinx/voiceVim/feat/cleaned/hug_0.mfc
INFO: sphinx_fe.c(790): Converting /Users/benroye/forge/cmusphinx/voiceVim/wav/cleaned/if_0.wav to /Users/benroye/forge/cmusphinx/voiceVim/feat/cleaned/if_0.mfc
INFO: sphinx_fe.c(790): Converting /Users/benroye/forge/cmusphinx/voiceVim/wav/cleaned/india_0.wav to /Users/benroye/forge/cmusphinx/voiceVim/feat/cleaned/india_0.mfc
INFO: sphinx_fe.c(790): Converting /Users/benroye/forge/cmusphinx/voiceVim/wav/cleaned/insert_0.wav to /Users/benroye/forge/cmusphinx/voiceVim/feat/cleaned/insert_0.mfc
INFO: sphinx_fe.c(790): Converting /Users/benroye/forge/cmusphinx/voiceVim/wav/cleaned/iterate_0.wav to /Users/benroye/forge/cmusphinx/voiceVim/feat/cleaned/iterate_0.mfc
INFO: sphinx_fe.c(790): Converting /Users/benroye/forge/cmusphinx/voiceVim/wav/cleaned/juliet_0.wav to /Users/benroye/forge/cmusphinx/voiceVim/feat/cleaned/juliet_0.mfc
INFO: sphinx_fe.c(790): Converting /Users/benroye/forge/cmusphinx/voiceVim/wav/cleaned/kees_0.wav to /Users/benroye/forge/cmusphinx/voiceVim/feat/cleaned/kees_0.mfc
INFO: sphinx_fe.c(790): Converting /Users/benroye/forge/cmusphinx/voiceVim/wav/cleaned/kilo_0.wav to /Users/benroye/forge/cmusphinx/voiceVim/feat/cleaned/kilo_0.mfc
INFO: sphinx_fe.c(790): Converting /Users/benroye/forge/cmusphinx/voiceVim/wav/cleaned/left_0.wav to /Users/benroye/forge/cmusphinx/voiceVim/feat/cleaned/left_0.mfc
INFO: sphinx_fe.c(790): Converting /Users/benroye/forge/cmusphinx/voiceVim/wav/cleaned/lesser_0.wav to /Users/benroye/forge/cmusphinx/voiceVim/feat/cleaned/lesser_0.mfc
INFO: sphinx_fe.c(790): Converting /Users/benroye/forge/cmusphinx/voiceVim/wav/cleaned/lima_0.wav to /Users/benroye/forge/cmusphinx/voiceVim/feat/cleaned/lima_0.mfc
INFO: sphinx_fe.c(790): Converting /Users/benroye/forge/cmusphinx/voiceVim/wav/cleaned/listen_0.wav to /Users/benroye/forge/cmusphinx/voiceVim/feat/cleaned/listen_0.mfc
INFO: sphinx_fe.c(790): Converting /Users/benroye/forge/cmusphinx/voiceVim/wav/cleaned/lleps_0.wav to /Users/benroye/forge/cmusphinx/voiceVim/feat/cleaned/lleps_0.mfc
INFO: sphinx_fe.c(790): Converting /Users/benroye/forge/cmusphinx/voiceVim/wav/cleaned/low_0.wav to /Users/benroye/forge/cmusphinx/voiceVim/feat/cleaned/low_0.mfc
INFO: sphinx_fe.c(790): Converting /Users/benroye/forge/cmusphinx/voiceVim/wav/cleaned/middle_0.wav to /Users/benroye/forge/cmusphinx/voiceVim/feat/cleaned/middle_0.mfc
INFO: sphinx_fe.c(790): Converting /Users/benroye/forge/cmusphinx/voiceVim/wav/cleaned/mike_0.wav to /Users/benroye/forge/cmusphinx/voiceVim/feat/cleaned/mike_0.mfc
INFO: sphinx_fe.c(790): Converting /Users/benroye/forge/cmusphinx/voiceVim/wav/cleaned/minus_0.wav to /Users/benroye/forge/cmusphinx/voiceVim/feat/cleaned/minus_0.mfc
INFO: sphinx_fe.c(790): Converting /Users/benroye/forge/cmusphinx/voiceVim/wav/cleaned/nerap_0.wav to /Users/benroye/forge/cmusphinx/voiceVim/feat/cleaned/nerap_0.mfc
INFO: sphinx_fe.c(790): Converting /Users/benroye/forge/cmusphinx/voiceVim/wav/cleaned/netsil_0.wav to /Users/benroye/forge/cmusphinx/voiceVim/feat/cleaned/netsil_0.mfc
INFO: sphinx_fe.c(790): Converting /Users/benroye/forge/cmusphinx/voiceVim/wav/cleaned/newline_0.wav to /Users/benroye/forge/cmusphinx/voiceVim/feat/cleaned/newline_0.mfc
INFO: sphinx_fe.c(790): Converting /Users/benroye/forge/cmusphinx/voiceVim/wav/cleaned/next_0.wav to /Users/benroye/forge/cmusphinx/voiceVim/feat/cleaned/next_0.mfc
INFO: sphinx_fe.c(790): Converting /Users/benroye/forge/cmusphinx/voiceVim/wav/cleaned/nine_0.wav to /Users/benroye/forge/cmusphinx/voiceVim/feat/cleaned/nine_0.mfc
INFO: sphinx_fe.c(790): Converting /Users/benroye/forge/cmusphinx/voiceVim/wav/cleaned/north_0.wav to /Users/benroye/forge/cmusphinx/voiceVim/feat/cleaned/north_0.mfc
INFO: sphinx_fe.c(790): Converting /Users/benroye/forge/cmusphinx/voiceVim/wav/cleaned/november_0.wav to /Users/benroye/forge/cmusphinx/voiceVim/feat/cleaned/november_0.mfc
INFO: sphinx_fe.c(790): Converting /Users/benroye/forge/cmusphinx/voiceVim/wav/cleaned/one_0.wav to /Users/benroye/forge/cmusphinx/voiceVim/feat/cleaned/one_0.mfc
INFO: sphinx_fe.c(790): Converting /Users/benroye/forge/cmusphinx/voiceVim/wav/cleaned/or_0.wav to /Users/benroye/forge/cmusphinx/voiceVim/feat/cleaned/or_0.mfc
INFO: sphinx_fe.c(790): Converting /Users/benroye/forge/cmusphinx/voiceVim/wav/cleaned/oscar_0.wav to /Users/benroye/forge/cmusphinx/voiceVim/feat/cleaned/oscar_0.mfc
INFO: sphinx_fe.c(790): Converting /Users/benroye/forge/cmusphinx/voiceVim/wav/cleaned/page_0.wav to /Users/benroye/forge/cmusphinx/voiceVim/feat/cleaned/page_0.mfc
INFO: sphinx_fe.c(790): Converting /Users/benroye/forge/cmusphinx/voiceVim/wav/cleaned/papa_0.wav to /Users/benroye/forge/cmusphinx/voiceVim/feat/cleaned/papa_0.mfc
INFO: sphinx_fe.c(790): Converting /Users/benroye/forge/cmusphinx/voiceVim/wav/cleaned/paren_0.wav to /Users/benroye/forge/cmusphinx/voiceVim/feat/cleaned/paren_0.mfc
INFO: sphinx_fe.c(790): Converting /Users/benroye/forge/cmusphinx/voiceVim/wav/cleaned/paste_0.wav to /Users/benroye/forge/cmusphinx/voiceVim/feat/cleaned/paste_0.mfc
INFO: sphinx_fe.c(790): Converting /Users/benroye/forge/cmusphinx/voiceVim/wav/cleaned/plus_0.wav to /Users/benroye/forge/cmusphinx/voiceVim/feat/cleaned/plus_0.mfc
INFO: sphinx_fe.c(790): Converting /Users/benroye/forge/cmusphinx/voiceVim/wav/cleaned/previous_0.wav to /Users/benroye/forge/cmusphinx/voiceVim/feat/cleaned/previous_0.mfc
INFO: sphinx_fe.c(790): Converting /Users/benroye/forge/cmusphinx/voiceVim/wav/cleaned/quebec_0.wav to /Users/benroye/forge/cmusphinx/voiceVim/feat/cleaned/quebec_0.mfc
INFO: sphinx_fe.c(790): Converting /Users/benroye/forge/cmusphinx/voiceVim/wav/cleaned/question_0.wav to /Users/benroye/forge/cmusphinx/voiceVim/feat/cleaned/question_0.mfc
INFO: sphinx_fe.c(790): Converting /Users/benroye/forge/cmusphinx/voiceVim/wav/cleaned/quit_0.wav to /Users/benroye/forge/cmusphinx/voiceVim/feat/cleaned/quit_0.mfc
Mon Jan 30 07:34:56 2017
