Current configuration:
[NAME]		[DEFLT]		[VALUE]
-accumdir			/Users/benroye/forge/cmusphinx/voiceVim/bwaccumdir/voiceVim_buff_1
-agc		none		none
-agcthresh	2.0		2.000000e+00
-cepdir				/Users/benroye/forge/cmusphinx/voiceVim/feat
-cepext		mfc		mfc
-ceplen		13		13
-cmn		live		batch
-cmninit	40,3,-1		40,3,-1
-ctlfn				/Users/benroye/forge/cmusphinx/voiceVim/etc/voiceVim_train.fileids
-dictfn				
-example	no		no
-fdictfn			
-feat		1s_c_d_dd	1s_c_d_dd
-fullvar	no		no
-help		no		no
-lda				
-ldadim		0		0
-lsnfn				
-meanfn				
-moddeffn			
-npart				1
-nskip				0
-part				1
-runlen				0
-scaleseg	no		no
-segdir				
-segext		v8_seg		v8_seg
-svspec				
-ts2cbfn			
-varnorm	no		no

INFO: feat.c(715): Initializing feature stream to type: '1s_c_d_dd', ceplen=13, CMN='batch', VARNORM='no', AGC='none'
INFO: corpus.c(1062): Will process all remaining utts starting at 0
INFO: init_gau.c(134): Computing 1x1x1 mean estimates
INFO: cmn.c(133): CMN: 43.72  7.94 -2.78 23.45 -9.17 -4.16 -3.45 -17.00 -1.56 -12.80 -3.44 -0.34 -6.98 
INFO: cmn.c(133): CMN: 40.23 13.89  2.93 -11.47 -17.36 -10.55 -7.00  2.65 -14.02 -6.57 -1.64 -2.75 -9.72 
INFO: cmn.c(133): CMN: 46.58  4.31 -4.40 21.10 -17.67 -5.71 -8.00 -17.44  2.10  1.39  1.95 -4.15 -3.76 
INFO: cmn.c(133): CMN: 42.49 14.11  5.47  7.40 -5.76  2.55 -23.12 -11.60 -9.59  5.20  0.10 -11.70  0.87 
INFO: cmn.c(133): CMN: 48.56  5.89  8.69 -21.49 14.59  7.16 -20.28 -4.05 -28.69  1.47 15.22 -3.87  6.79 
INFO: cmn.c(133): CMN: 44.99  7.87 -11.50 -2.72 -15.71  9.12 -18.56 -7.35  6.23  8.75  5.19 -13.86 -1.35 
INFO: cmn.c(133): CMN: 40.27 16.52  0.26 -3.01 -3.72 -2.80 -14.22 -11.45  1.28 -0.72 -3.56 -9.04 -11.74 
INFO: cmn.c(133): CMN: 42.24 15.25 -0.24 11.51 -10.76 -12.52 -4.75 -14.28 -3.88 -1.85  4.90 -2.21 -6.12 
INFO: cmn.c(133): CMN: 44.40  6.78 -8.21  8.71 -7.44  6.36 -17.43 -5.21  2.52  1.72 -0.27 -8.41 -1.81 
INFO: cmn.c(133): CMN: 41.72 15.01  1.77 11.30  6.09 12.72 -10.86 -17.46 -6.12 -8.14 -10.43 -12.92 -5.42 
INFO: cmn.c(133): CMN: 43.28  9.81 -4.04  0.72 -15.77 -1.76 -20.71 -6.48 -5.08 -0.74 -2.24 -12.85 -4.26 
INFO: cmn.c(133): CMN: 42.49 22.75  3.94 -17.21 -16.31 -11.12 -1.28  1.85 -21.35 -11.69 -13.35  0.72 -2.45 
INFO: cmn.c(133): CMN: 47.08 -0.16  2.40  2.92 -6.72 -3.22 -0.58 -6.00 -19.57  5.45 10.69 -4.77 -9.26 
INFO: cmn.c(133): CMN: 41.85 11.41 -1.00 -6.35 -9.45 -4.26 -31.61 -15.40 -18.02  4.77 -0.59 -11.53  1.68 
INFO: cmn.c(133): CMN: 43.75 19.83 -4.88 -11.25  1.19 -3.18 -18.16 -11.47 -19.97 -13.25 -11.63 -0.99 -1.32 
INFO: cmn.c(133): CMN: 43.27 11.84 14.56 15.73 -30.56 -0.52 -4.48 -17.61 -5.12 -9.08  5.15 -21.27 -5.93 
INFO: cmn.c(133): CMN: 40.52 10.99  3.64 -7.32 -22.76  6.34 -10.08 -9.45 -2.22 -5.43  5.65 -2.34 -2.53 
INFO: cmn.c(133): CMN: 43.35 -1.09 -6.18 10.51 -8.26  1.73 -12.21  3.16 -11.07 -5.01  1.69 -3.65 -3.43 
INFO: cmn.c(133): CMN: 42.95 16.72 -3.21 -1.94 -22.83 -10.30 -1.81 -3.39 -6.65 -7.75  2.43 -9.36 -6.87 
INFO: cmn.c(133): CMN: 46.05 14.26  2.72 18.69 -7.11  5.16 -12.04 -14.62 -13.25 -12.10 -6.09 -11.07 -16.44 
INFO: cmn.c(133): CMN: 43.03 11.00 -9.58 -3.34 -16.67 -9.53 -15.22 -14.35 -14.91 12.68 15.15 -16.68 -6.03 
INFO: cmn.c(133): CMN: 45.64  7.56 -3.40  9.35 -21.93  2.99 -8.24 -11.44 -2.96 -0.42  5.08 -12.26 -5.54 
INFO: cmn.c(133): CMN: 41.74  4.03  5.61 20.42 -5.81  2.50  4.62 -9.38 -0.55 -19.07 -16.23 -2.34 -7.08 
INFO: cmn.c(133): CMN: 40.59 12.49  4.39 -8.64 -13.77 -7.50 -13.19 -8.32 -22.77 -7.10 -3.15 -5.71 -12.84 
INFO: cmn.c(133): CMN: 47.52 16.53  5.42 -6.14 -31.19  2.72 -7.95 -4.91 -25.70  6.89  9.60 -3.23  2.45 
INFO: cmn.c(133): CMN: 44.83  8.14 -0.03 -9.61 -26.21  7.58 -16.43 -5.07  3.51 -4.80 11.89  2.56 -4.99 
INFO: cmn.c(133): CMN: 44.10 18.84 -6.59 -6.53 -16.94 -8.65 -9.15  0.20 -8.35 -4.89  2.21 -4.69  2.93 
INFO: cmn.c(133): CMN: 45.74 -19.21  0.98 20.41 -12.80  5.92 -11.88  4.22 -8.91 -2.21 -1.60  3.90 -6.65 
INFO: cmn.c(133): CMN: 40.27 14.07 -4.94 -9.79  3.21 -6.00 -22.44 -11.31 -13.36 -10.47 -11.18  1.38 -9.25 
INFO: cmn.c(133): CMN: 41.50 13.21 -4.16  4.33 -13.29 -13.16 -8.53 -4.13  6.00  3.27 -1.96 -5.65 -10.47 
INFO: cmn.c(133): CMN: 39.25 -1.87  0.21 20.21 -1.56  5.18 -17.40  0.49 -2.35 -12.99  2.65 -4.12 -3.15 
INFO: cmn.c(133): CMN: 47.96  5.99  8.01 25.57 -13.24  3.74 -4.97 -32.27 -0.53 -0.22 -3.86 -16.77 -7.51 
INFO: cmn.c(133): CMN: 47.71 -5.71 14.96 -10.39 -32.48  0.05 -6.65 -12.32 -9.58 12.52 -1.94 -9.99  1.30 
INFO: cmn.c(133): CMN: 43.58  9.96 -1.31 10.84 -3.77  5.30 -13.47 -24.29  1.13  4.30 -1.65 -7.93 -2.19 
INFO: cmn.c(133): CMN: 40.86 13.52  0.40  7.42 -3.42  3.17 -7.94 -22.35 -9.91 -0.68 -0.33 -11.40 -8.35 
INFO: cmn.c(133): CMN: 34.32 -14.76  9.42 -3.44 -14.78 13.08 -20.62 -1.69  4.21 -10.61  2.98 -9.15 -4.31 
INFO: cmn.c(133): CMN: 38.88  3.14 -2.27 16.67 -6.59 -9.05 -1.61 -10.07 -6.63 -7.47  0.95 -4.86 -9.05 
INFO: cmn.c(133): CMN: 45.27 -4.33 18.10  0.49 -40.45  3.25 -12.69 -11.07  2.15 -0.09  2.77 -19.43  2.84 
INFO: cmn.c(133): CMN: 42.83 18.80  6.48 10.11 -19.63 -5.93 -8.06 -10.82  3.18 -9.97  2.71 -0.75 -9.84 
INFO: cmn.c(133): CMN: 43.24 19.21  5.71  1.78 -27.55 -3.55 -9.64 -12.42  8.31 -6.90  5.34 -6.21 -9.54 
INFO: cmn.c(133): CMN: 46.33 10.49  3.64 -5.87 -9.78  7.46 -21.44 -6.30 -22.25  5.55  8.25 -1.75 -5.16 
INFO: cmn.c(133): CMN: 37.65 17.57 12.12 -1.47 -5.86 -7.68 -11.23 -9.38 -0.34 -3.07 -14.97 -15.58 -10.00 
INFO: cmn.c(133): CMN: 41.97 19.78 19.24  3.96 -8.26 -2.20 -18.58 -17.93 -22.53 -0.31 -5.82 -9.68  0.15 
INFO: cmn.c(133): CMN: 42.03  6.22 -1.90 -2.11 -12.18 -16.39 -3.75 -6.63 -9.65 -0.76  0.68  1.77  2.00 
INFO: cmn.c(133): CMN: 43.81 11.87  5.32  0.44 -21.69 -17.11 -7.65 -5.15 -9.52 -2.11  1.94 -10.40 -4.15 
INFO: cmn.c(133): CMN: 40.48 15.68  2.40 12.38  6.05  3.29 -9.81 -19.59 -8.52 -9.26 -4.64 -8.79 -16.12 
INFO: cmn.c(133): CMN: 45.32 14.84 -2.20 12.44  3.86 -7.92 -31.46 -12.85 -10.74 -4.37 -8.97 -14.16 -2.85 
INFO: cmn.c(133): CMN: 51.95 15.32 -16.99 -3.45 -29.19  4.35 -3.52 -11.14 -0.94  4.96  6.08 -5.31 -9.97 
INFO: cmn.c(133): CMN: 40.13 10.43  7.39  4.95 -9.28 -9.53 -7.77 -6.21 -18.64 -2.48  1.23 -9.97 -3.40 
INFO: cmn.c(133): CMN: 47.31 -11.28 17.25 15.34 -21.36  7.68 -3.21  2.52 -4.49 -8.84 -0.03 -7.42 -0.15 
INFO: cmn.c(133): CMN: 49.29  8.78 -4.70  0.46 -10.11 -2.94 -10.57 -11.38 -11.59 -4.18  4.25  0.21 -7.01 
INFO: cmn.c(133): CMN: 43.35 -1.01 -2.67 23.97 -9.14 -3.58 -8.60 -21.82 -2.65 -8.76 -14.30 -16.15 -5.86 
INFO: cmn.c(133): CMN: 37.85  5.01 11.50 25.48  6.66 -1.86 -13.30  6.10 -15.38 -5.79  7.83 -11.81 -3.06 
INFO: cmn.c(133): CMN: 41.10  5.12  5.84  5.27 -1.05 12.16 -14.99 -12.61 -5.05  2.90 -4.20 -11.17 -2.97 
INFO: cmn.c(133): CMN: 47.26  9.24 -11.59 19.13 21.42  6.22 -21.57 -21.99 -6.12 -9.50 -3.73 -9.71 -10.34 
INFO: cmn.c(133): CMN: 39.43  0.87  4.54 12.52 -1.73 -5.75 -14.47 -4.14 -13.65 -7.91  0.47 -9.09 -5.13 
INFO: cmn.c(133): CMN: 41.70 -9.47 13.55  8.58 -4.60 -3.04 -13.42 -8.32 -10.84  1.29 -1.64 -4.98 -11.98 
INFO: cmn.c(133): CMN: 41.38  9.04 13.82  9.13 -5.89 -4.60 -17.07  0.96 -13.77 -15.29  1.83 -1.85 -10.07 
INFO: cmn.c(133): CMN: 40.91 13.67  4.86 -7.51 -21.22 -9.40 -9.57  3.34 -11.47  0.10 -3.96 -7.12 -2.50 
INFO: cmn.c(133): CMN: 44.69  2.19 14.67  2.21 -12.21 -3.30 -16.88 -9.56 -19.75 -2.60  7.62 -5.35 -8.67 
INFO: cmn.c(133): CMN: 40.07 12.55 16.12 10.80 -0.75 -1.58 -17.05  2.85 -14.00 -7.25 10.04 -0.37 -0.03 
INFO: cmn.c(133): CMN: 42.74 -0.30 13.69  4.66 -0.28  7.50 -5.19 -5.69 -28.20  1.35  6.81 -18.23 -1.97 
INFO: cmn.c(133): CMN: 43.85 -4.42  8.06 -9.06 -13.52  2.35 -12.15 -5.29 -18.23  6.51 10.61 -6.99 -1.58 
INFO: cmn.c(133): CMN: 44.55 13.76  9.92  3.70 -27.07 -3.21  8.04 -6.55 -21.80  5.68 -16.18 -7.51  9.10 
INFO: cmn.c(133): CMN: 43.78 15.28  9.48  7.39 -19.00  4.83 -7.43 -13.98 -9.16 -7.57 -1.98 -7.90 -2.80 
INFO: cmn.c(133): CMN: 38.50  4.35  6.59  9.19  1.04 -4.80 -19.93  4.22 -8.58 -4.76  1.93  1.14 -1.96 
INFO: cmn.c(133): CMN: 41.85 -0.53 10.86  2.77 -1.83  0.79 -16.92 -5.92 -11.96  1.14  5.31 -6.70  3.61 
INFO: cmn.c(133): CMN: 48.72 17.11 -4.89  2.12 -15.79  2.13 -23.45 -2.93 -2.48  0.05  4.49 -14.16 -8.78 
INFO: cmn.c(133): CMN: 42.20  2.09  6.52 -2.16 -4.38 -3.89 -7.70 -7.77 -21.25  4.54  6.42 -15.14  1.26 
INFO: cmn.c(133): CMN: 46.69 13.89  5.35 -3.42 15.84 14.34 -20.58 -4.99 -9.12 -9.89 12.00 -0.99 -3.68 
INFO: cmn.c(133): CMN: 40.24 -1.42  2.17  0.17 -4.95 -5.58 -19.33 -4.21 -5.71  3.88  5.77 -9.96 -11.23 
INFO: cmn.c(133): CMN: 45.29 10.42  0.47 -3.16 -7.48  7.58 -15.02 -4.92 -18.29  6.55  7.35 -6.57  4.63 
INFO: cmn.c(133): CMN: 48.28  3.79 -3.23 -6.67 -7.41 -6.52 -7.86 -6.65 -17.16  2.78  0.29 -3.99 -1.15 
INFO: cmn.c(133): CMN: 38.65 16.11 11.16  2.16  7.50 -1.68 -12.61 -8.53 -14.97  1.74  2.71  1.16 -6.38 
INFO: cmn.c(133): CMN: 43.18 13.51 12.24  5.43 -7.47  5.72 -7.35 -10.40 -14.08  5.75  1.24 -1.20  3.69 
INFO: cmn.c(133): CMN: 44.28 21.27 18.80 -1.42 -17.59 -0.87 -23.89 -17.72 -22.76  0.29 -0.27 -17.69 -2.08 
INFO: cmn.c(133): CMN: 40.77  1.91 10.19 -5.26 -14.78 -5.53 -17.45 -8.86 -5.49  1.20  2.15  1.45 -2.96 
INFO: cmn.c(133): CMN: 40.18  7.56  4.35 28.18 -1.81 -12.86 -5.34 -0.96 -4.92 -10.30 -4.57  0.14 -8.10 
INFO: cmn.c(133): CMN: 42.02 13.44 10.14 -10.88 -10.43 -8.49 -16.06  1.68 -13.28  7.77 19.65  1.48 -0.01 
INFO: cmn.c(133): CMN: 45.75 16.45 -3.18  5.04 -12.34  1.43 -13.69 -11.13 -14.18 -2.83  1.49 -12.82 -1.34 
INFO: cmn.c(133): CMN: 38.64 -3.19  5.28 10.89 -7.60 -7.30 -11.35 -3.68 -9.62 -3.04  3.57 -13.54 -7.72 
INFO: cmn.c(133): CMN: 42.59 -4.98 14.27 -10.63 -19.16  1.59 -22.21 -2.20 -14.12 -2.14 -1.70 -3.52  4.22 
INFO: cmn.c(133): CMN: 42.16  5.42  7.23  9.55  2.99  4.49 -18.65 -18.06 -6.25 -5.78 -3.55 -7.69 -14.76 
INFO: cmn.c(133): CMN: 41.82  6.23 -1.31 10.86  3.92 -6.96 -33.58 -2.78 -4.42 -5.95  6.44 -6.66 -0.57 
INFO: cmn.c(133): CMN: 41.02  1.50 -1.19  8.75 -8.06 -1.99 -5.95 -14.37 -11.41 -3.92  5.22 -6.18 -1.25 
INFO: cmn.c(133): CMN: 41.47  8.60 -2.36 10.53 -14.25 -9.30 -4.57 -13.38 -8.05 -13.23 -7.11 -11.82 -8.22 
INFO: cmn.c(133): CMN: 39.22 11.52  4.08 -3.65 -12.57 -1.15 -6.89 -8.18  3.12 -17.06 -8.04 -3.22 -7.00 
INFO: cmn.c(133): CMN: 41.79 13.27  6.63 23.55  0.70  8.35 -3.46 -13.00 -1.89 -16.41 -17.64 -10.08  0.09 
INFO: cmn.c(133): CMN: 44.16  0.29  7.28  4.72 -11.49 -1.30 -1.77 -11.40 -5.70 -11.00 -10.06 -12.47 -2.64 
INFO: cmn.c(133): CMN: 41.91 10.16  3.94 -6.10 -6.19 19.97 -15.92 -19.35 -15.10  4.57  8.48 -17.44 -0.30 
INFO: cmn.c(133): CMN: 36.34 12.76  0.38 -5.20 -6.21 -7.27 -8.67 -3.50 -6.92 -4.50 -0.03 -3.60 -4.99 
INFO: cmn.c(133): CMN: 42.19 18.57 11.72  6.09  0.98 -10.61 -21.96  4.34 -12.52 -7.89 -2.54 -3.69  0.38 
INFO: cmn.c(133): CMN: 44.06  6.35  1.98 26.00 -9.59 -10.54 -3.49 -18.40 -8.72 -12.65 -2.34 -5.37 -6.26 
INFO: cmn.c(133): CMN: 43.65 -2.27 11.42  0.14 -19.37  8.26 -5.59 -13.92 -12.84 -9.79 -1.56 -8.20 -8.43 
INFO: cmn.c(133): CMN: 37.03 -2.62  4.93 13.68  0.29 -5.73 -7.70 -0.57 -10.91 -4.05  0.83  3.68 -11.92 
INFO: cmn.c(133): CMN: 41.13 -3.47 10.27 -6.93 -2.10 11.14 -18.37 -4.96 -23.35  9.99  7.61 -5.83 -2.88 
INFO: cmn.c(133): CMN: 41.43 -0.37 -1.78 10.76 -14.15  2.63 -15.86 -8.06 -7.91 -3.89 -6.75 -14.75 -5.77 
INFO: cmn.c(133): CMN: 41.28 -8.77 -5.62  4.99 -1.96 -4.06 -3.58  6.03 -6.43 -3.52 -0.80  2.56 -0.72 
INFO: cmn.c(133): CMN: 43.97  6.84  3.70  4.65  2.50  0.27 -37.85 -2.12 -4.25 -8.00 14.53 -8.16  0.08 
[100] INFO: cmn.c(133): CMN: 41.42 -16.44  9.56 -4.65 -0.78 12.71 -29.62  0.44 -13.95  0.35 -2.46 -11.17  1.23 
INFO: cmn.c(133): CMN: 44.19 -6.83  3.85 -7.21 -17.56  5.78 -23.72  1.53  5.50  0.72  4.73 -5.44 -8.96 
INFO: cmn.c(133): CMN: 42.12  9.89 12.50 -0.65 -21.29 -0.33 -9.54 -4.79 -6.00 -9.70  6.03 -1.08 -3.90 
INFO: cmn.c(133): CMN: 51.53 -9.62 -5.30 -7.10 -15.90  0.35 -13.52 -4.04 -19.65  0.74  5.38  0.78  2.65 
INFO: cmn.c(133): CMN: 43.01 -14.89 11.03 -0.42 -6.08 15.00 -28.61 -5.77  7.94 -8.01 -6.20 -4.01 -3.38 
INFO: cmn.c(133): CMN: 44.48  1.30  8.01 -1.84 -19.62 -0.68 -6.01 -11.55 -17.50  3.96  8.66 -7.72 -0.37 
INFO: cmn.c(133): CMN: 47.62  8.72 -8.29 -13.74 -7.10 -8.66 -16.11 -3.03 -19.64 11.12  9.96  2.68 -8.37 
INFO: cmn.c(133): CMN: 39.04 10.77  3.58 13.88  2.58 -14.99 -35.95 -0.56 -11.33 -11.22  8.95 -4.10 -1.24 
INFO: cmn.c(133): CMN: 45.68 16.67 -0.78 -3.90 -13.97  4.28 -27.22 -6.17 -5.86 -2.49  1.89 -11.57  3.04 
INFO: cmn.c(133): CMN: 40.97 -16.75 10.27 16.05 -1.02  4.17 -1.08  0.21 -7.95 -2.48  3.19 -11.11 -8.87 
INFO: cmn.c(133): CMN: 39.84  6.17 -0.72 14.24 11.36 16.33 -8.71  0.62 -5.29 -9.51 -2.90 -3.27 -7.95 
INFO: cmn.c(133): CMN: 41.47  1.94 -3.08  7.98  1.14 -0.27 -28.61 -13.80  7.65 -8.31 -13.31 -3.15 -4.09 
INFO: cmn.c(133): CMN: 44.54  6.66  5.57  1.99 -12.28  3.57 -7.07 -5.61 -30.68  1.39  7.03 -12.53 -5.26 
INFO: cmn.c(133): CMN: 42.29  1.41  2.87  3.98 -13.76  8.57 -17.56 -5.41 -9.48 -4.14  9.41 -4.52  0.84 
INFO: cmn.c(133): CMN: 42.83  7.70  6.86  3.49  1.08 15.95 -6.30 -18.02 -7.02 -3.19 -10.55 -17.89 -6.27 
INFO: cmn.c(133): CMN: 41.62  2.77  1.19 14.71 11.10  9.84 -13.24 -3.77 -2.08 -2.08 -13.68 -6.00 -5.19 
INFO: cmn.c(133): CMN: 42.68 14.06  7.89 15.17 -5.00  3.21  1.44 -16.41 -8.59 -9.60 -7.16 -14.16 -1.43 
INFO: cmn.c(133): CMN: 39.30 15.54 12.29 12.05  7.64 -6.55 -19.75 -2.88 -11.68 -5.51 -1.66 -7.17 -3.60 
INFO: cmn.c(133): CMN: 40.61 13.39 -3.52 -13.48 -26.20 -8.48 -1.54 -0.20 -17.69 -4.42 14.65  1.55 -0.48 
INFO: cmn.c(133): CMN: 39.62 11.08 -1.32 11.95 16.87  5.18 -19.31 -14.29 -5.46 -1.78 -4.64 -11.18 -6.21 
INFO: cmn.c(133): CMN: 40.39 16.35  7.95  4.63 -15.69 -4.55 -2.24 -6.01 -4.80 -2.34 -3.87 -11.18 -5.34 
INFO: cmn.c(133): CMN: 42.39 18.65  4.44 10.43 -13.79 -5.48  1.03 -12.93 -6.67 -3.21 -3.16 -9.61 -6.70 
INFO: cmn.c(133): CMN: 42.54 18.93  4.31 16.07 -7.71 -5.16  2.95 -15.19 -14.41 -4.78 -0.10 -9.45 -6.71 
INFO: cmn.c(133): CMN: 38.72  9.44  3.88 13.04 -4.05 -3.68 -11.23 -3.04 -2.20 -16.87 -3.58 -0.90 -5.63 
INFO: cmn.c(133): CMN: 50.52 -6.09  3.65 -3.97 -20.82  2.04 -22.28 -1.88 -20.79  7.74  7.50 -0.12 -3.12 
INFO: cmn.c(133): CMN: 48.43 17.63 -6.89  7.28 -26.61 -7.39  7.89 -7.63 -6.59  3.05 16.91 -9.59 -0.80 
INFO: cmn.c(133): CMN: 40.36 -4.45 13.55 19.05  8.58  4.73 -20.70  3.27  0.00 -6.99  1.62 -9.64 -3.81 
INFO: cmn.c(133): CMN: 40.67 16.05  5.91 -2.47  1.84 19.91 -6.23 -19.32 -11.59 -5.98 -6.01 -11.98 -1.21 
INFO: cmn.c(133): CMN: 43.63  4.56  1.00  4.86 13.00 -3.90 -25.18 -13.18 -5.96 -0.69 -6.67  5.16 -5.59 
INFO: cmn.c(133): CMN: 38.63  1.27  5.90 29.22  9.47  2.90 -17.86  4.22 -3.12 -11.51 -2.25 -0.35  0.04 
INFO: cmn.c(133): CMN: 43.61 17.20  4.93 -2.16 -15.07  4.96 -15.60 -6.51 -16.05 -8.68 -2.32 -22.37 -2.77 
INFO: cmn.c(133): CMN: 43.89 11.90  7.89  1.85  5.35 16.94 -9.36 -13.36 -12.95 -5.85 -10.67 -4.60 -4.75 
INFO: cmn.c(133): CMN: 40.39 -3.06 15.47 20.39  2.67 20.52 -7.45 -2.29 -9.43 -9.09  8.25 -3.17 -18.41 
INFO: cmn.c(133): CMN: 37.60 15.17 -2.37 -0.17  4.35  8.22 -3.35 -8.54 -13.10 -1.86  5.21 -6.78  0.17 
INFO: cmn.c(133): CMN: 38.75  4.85  1.86  7.43  3.80  5.72 -8.40 -4.23 -4.62 -1.72  5.65 -6.28 -4.46 
INFO: cmn.c(133): CMN: 36.64  9.55 -0.85  2.30 12.12  9.79 -4.25 -6.16 -1.32 -6.24 -2.97 -1.92 -5.94 
INFO: cmn.c(133): CMN: 39.95  1.42  3.25  4.26  2.43  9.98 -3.83  1.35 -7.83 -7.26 -2.75 -0.82 -1.11 
INFO: cmn.c(133): CMN: 37.07  3.94 -3.53  7.93 12.18  6.68 -3.37 -3.97 -0.71 -5.50 -3.94 -1.16 -3.69 
INFO: cmn.c(133): CMN: 35.82  4.22 -2.68  1.85  6.08  6.30 -5.52 -0.28 -5.57 -3.71  1.34 -0.32 -1.32 
INFO: cmn.c(133): CMN: 37.76  5.11  0.29  5.57  7.80  5.03 -5.18 -0.20 -6.40 -3.88  4.06 -4.20  0.41 
INFO: cmn.c(133): CMN: 41.01  3.74 -0.18  2.25  4.71  6.96 -7.11  2.04 -12.04 -2.16  3.87 -3.93 -1.05 
INFO: cmn.c(133): CMN: 38.57 -0.89 -4.01  7.20  8.20  3.97 -1.80 -3.18 -4.30 -2.43 -4.77  0.12 -4.16 
INFO: cmn.c(133): CMN: 42.28  4.99 -3.93  7.86  9.89  4.89 -7.25 -7.65 -0.74 -8.62 -0.30  2.37 -5.46 
INFO: cmn.c(133): CMN: 44.03  5.36 -3.32 11.31  5.94  1.66 -5.42 -16.73 -7.04 -7.32 -3.50  6.92 -9.26 
INFO: cmn.c(133): CMN: 42.35  3.56 13.81  9.04 -2.44  3.02 -7.26  0.49 -15.03 -10.34  8.91 -10.35 -0.54 
INFO: cmn.c(133): CMN: 44.33  2.67 14.06  6.72 -1.73 -0.28 -3.99 -4.32 -18.53 -5.14  2.14 -7.22 -2.15 
INFO: cmn.c(133): CMN: 44.63  3.56 17.82  3.80 -2.94  2.67 -4.80  0.39 -16.09 -14.76  9.84 -7.29 -1.97 
INFO: cmn.c(133): CMN: 46.05  5.66 13.17  6.11 -2.97  1.54 -8.40 -1.40 -18.68 -8.16  9.66 -5.25 -0.46 
INFO: cmn.c(133): CMN: 43.77 -3.37 17.34 10.96  0.07  2.32 -8.86 -4.30 -10.57 -8.73  2.65 -11.09 -2.79 
INFO: cmn.c(133): CMN: 42.70  2.64  1.37 10.10  6.69  2.68 -1.72 -9.13 -3.78 -7.30  7.70 -7.28 -9.95 
INFO: cmn.c(133): CMN: 48.39  5.27 -4.69  7.20  2.31  3.91 -4.13 -14.30 -1.42 -12.10  5.06  0.31 -8.20 
INFO: cmn.c(133): CMN: 44.16  2.05 -1.41  6.20  3.90  3.44 -7.76 -11.34 -2.99 -4.93  3.50 -2.47 -6.74 
INFO: cmn.c(133): CMN: 45.56  0.09  1.95  6.79  3.16  5.21 -2.15 -9.78 -4.48 -7.06 -0.01  0.74 -8.48 
INFO: cmn.c(133): CMN: 43.78  5.84 -7.64 12.17  3.92  3.86 -7.78 -5.40 -5.89 -4.83  0.86 -6.74 -5.64 
INFO: cmn.c(133): CMN: 44.18  0.80 -2.77 11.72  7.36  6.34 -1.98 -12.78 -2.77 -4.86 -5.82  0.62 -10.80 
INFO: cmn.c(133): CMN: 42.86  0.61  1.39  6.79 10.56  4.78 -2.75 -10.67 -3.33 -4.11 -5.81 -1.89 -7.99 
INFO: cmn.c(133): CMN: 43.24  7.21 -6.27  4.35  8.91  0.74 -1.11 -6.51 -10.76 -5.21 -0.07 -2.99 -7.14 
INFO: cmn.c(133): CMN: 45.81 -7.09  5.21 10.86  3.66  3.89 -5.21 -10.45 -0.94 -7.98 -2.58 -0.82 -12.94 
INFO: cmn.c(133): CMN: 42.19  4.54 -4.25  7.47  6.60  0.71 -3.49 -9.02 -2.40 -7.05 -0.25 -1.72 -8.56 
INFO: cmn.c(133): CMN: 43.08  1.73 -0.53 11.00  2.86  3.98 -3.73 -7.98 -3.79 -4.13  2.96 -6.49 -4.95 
INFO: cmn.c(133): CMN: 46.03  0.89  3.01  3.49 -2.81  4.54 -5.94 -9.93 -5.71 -10.95  0.03 -2.34 -5.38 
INFO: cmn.c(133): CMN: 45.01  0.20 -1.16  8.25  1.49  2.48 -2.18 -12.56 -3.38 -3.49 -2.02 -0.86 -7.93 
INFO: cmn.c(133): CMN: 42.39  1.10 -1.44 13.81  4.12 -2.21 -4.68 -1.85 -4.96 -5.44  0.41 -3.42 -4.75 
INFO: cmn.c(133): CMN: 40.84 -4.50  7.20 10.32  3.06 -1.11 -2.25 -6.12 -2.14 -3.60 -3.59 -7.87 -5.40 
INFO: cmn.c(133): CMN: 45.54 -4.57  4.18 10.98  6.44  2.09 -4.74 -10.44  2.98 -8.84 -2.50 -2.64 -6.86 
INFO: cmn.c(133): CMN: 46.38 -0.27  2.76  5.37  4.88  1.57 -10.93 -4.72 -10.77 -4.42  6.17 -8.38 -4.46 
INFO: cmn.c(133): CMN: 43.09  6.99 -1.00 -3.66  2.51  6.03 -16.97  2.47 -12.53 -6.35  7.27 -10.05  1.18 
INFO: cmn.c(133): CMN: 35.87 12.43 -1.69 -4.13  3.86  6.35 -1.21 -4.50 -5.50 -4.74  2.62 -7.90 -1.22 
INFO: cmn.c(133): CMN: 41.12  6.03  4.91 -1.98 -1.15  8.23 -5.88 -6.51 -5.48 -5.62 -0.37 -4.91 -3.69 
INFO: cmn.c(133): CMN: 43.89  3.31 -1.48 11.14  5.45  2.55 -6.10 -8.28 -5.93 -6.20  0.11 -4.53 -5.25 
INFO: cmn.c(133): CMN: 44.87 -1.60  3.77  8.32  6.47  5.37 -3.89 -5.72 -5.56 -9.19  3.12 -6.22 -6.78 
INFO: cmn.c(133): CMN: 45.18  4.29 -7.26 14.39  5.60 -1.46 -11.72 -2.83 -12.64 -10.39  1.37 -4.20 -8.23 
INFO: cmn.c(133): CMN: 41.34 13.29 -16.44 15.80  4.85  3.38 -3.55 -10.04 -3.00 -9.24  2.30 -4.70 -6.39 
INFO: cmn.c(133): CMN: 42.44  7.70 -3.92  7.30 -0.38  6.76 -4.17 -11.37 -4.22 -0.30 -5.95 -0.83 -6.40 
INFO: cmn.c(133): CMN: 38.58  6.58 -2.87  3.84  3.03  5.66  2.02 -8.96 -5.52  2.63 -7.75 -3.59 -6.99 
INFO: cmn.c(133): CMN: 37.27  6.28 -0.20  4.61 -3.23  1.11 -6.11 -0.23 -4.77  0.67  2.37 -6.90 -1.51 
INFO: cmn.c(133): CMN: 38.00  2.61 -2.39  5.87  5.63 -1.31 -9.99 -14.38 -8.57 -5.25 10.51 -5.15 -6.86 
INFO: cmn.c(133): CMN: 35.44  4.18 -5.32  6.73 14.57  5.80 -10.98 -15.52 -7.11 -3.79  2.14 -5.55 -8.70 
INFO: cmn.c(133): CMN: 41.46 -1.21 -2.71 10.49  0.78 -4.11 -3.20 -14.22 -10.45 -7.36  9.63 -4.88 -13.25 
INFO: cmn.c(133): CMN: 35.66 -2.02 -7.02 17.80 10.87 -0.89 -2.60 -12.55 -0.54 -6.71  1.18  0.41 -10.95 
INFO: cmn.c(133): CMN: 40.84  1.36 -4.67  6.37  3.70  0.70 -5.07 -17.81 -7.36 -5.53  4.95  2.05 -10.30 
INFO: cmn.c(133): CMN: 42.38 -0.01 -7.26  9.08  3.97  1.95 -4.78 -14.43 -4.31 -5.57  5.40  3.29 -8.16 
INFO: cmn.c(133): CMN: 40.92 -4.80 -4.12 11.74  7.76 -0.51 -2.12 -18.25 -5.05 -3.07 -0.89  5.68 -13.95 
INFO: cmn.c(133): CMN: 37.87 -0.52 -6.74  8.93  1.95  4.43 -1.75 -15.71 -1.79 -3.95 -0.96  2.08 -10.91 
INFO: cmn.c(133): CMN: 39.08  2.51 -5.42  7.44  2.98  3.37 -4.71 -20.07 -2.77 -4.46 -2.82  9.99 -11.77 
INFO: cmn.c(133): CMN: 43.01 -0.56 -6.82 13.19  5.94  0.70 -6.43 -19.33 -3.36 -2.92  3.63 -0.30 -11.63 
INFO: cmn.c(133): CMN: 40.36  2.02 -8.17 15.61 12.80  4.30 -1.79 -18.43 -6.21 -4.64 -2.65  2.43 -13.34 
INFO: cmn.c(133): CMN: 45.14  6.41 -8.52  4.55  3.40 -0.33 -1.78 -20.61 -10.19 -4.65 10.72 -1.21 -13.57 
INFO: cmn.c(133): CMN: 41.39  1.89 -9.48 15.71 14.38  1.46 -4.68 -23.17 -6.43 -7.19 -1.67  3.79 -16.86 
INFO: cmn.c(133): CMN: 39.48  1.27  1.00  7.76 12.29 -6.04  0.39 -15.59 -11.44  2.82 -2.64 -7.83 -10.45 
INFO: cmn.c(133): CMN: 42.27 -1.85 -1.67  5.63 -0.82 -1.03 -5.11 -19.85 -7.67 -7.99  7.36  7.51 -12.77 
INFO: cmn.c(133): CMN: 32.85  7.49 -11.83  3.96 11.81  3.73 -5.95 -13.68 -3.14 -4.37  3.02 -6.08 -5.84 
INFO: cmn.c(133): CMN: 33.20  4.77 -7.22  8.89  4.29  3.24  0.53 -13.08 -3.15 -4.70  5.26 -7.14 -6.59 
INFO: cmn.c(133): CMN: 36.72  2.61 -7.92  1.30  8.45  3.79 -9.88 -13.65 -2.89 -3.02  7.33 -9.03 -6.48 
INFO: cmn.c(133): CMN: 38.40  9.60 -0.28  8.14 -4.03  2.77 -2.39 -16.54 -7.38  1.22 -0.66  0.08 -10.59 
INFO: cmn.c(133): CMN: 34.17  7.71 -7.28  2.13 -1.07  2.09 -2.16 -17.63 -0.44 -2.48  1.31 -1.15 -10.38 
INFO: cmn.c(133): CMN: 38.44 -3.71 -1.35 13.03 12.98 -0.80 -7.22 -14.72 -7.36 -6.02 -0.20  2.61 -16.79 
INFO: cmn.c(133): CMN: 40.88  0.28 -4.52 12.67  4.49 -5.27 -5.62 -16.02 -7.27  0.43  7.11  2.07 -19.01 
INFO: cmn.c(133): CMN: 33.28  9.08 -5.23 -1.21 12.36  0.51 -2.67 -12.47 -6.53 -2.53  2.61 -5.40 -3.69 
INFO: cmn.c(133): CMN: 37.78  0.79  0.62 -1.53  6.30  5.56 -6.26 -13.33 -6.79  0.47  7.13 -5.05 -11.07 
[200] INFO: cmn.c(133): CMN: 42.00 -1.57  4.31  8.48 -2.07 -7.29  0.59 -6.55 -12.76 -3.05 -4.26 -4.30 -11.44 
INFO: cmn.c(133): CMN: 39.54  3.59 -11.30 -3.89 -0.21  2.84 -9.94  0.72 -7.07 -5.17 13.04 -9.45 -9.41 
INFO: cmn.c(133): CMN: 37.80  3.82 -11.36 10.50 -4.75  2.49 -2.70 -13.82 -1.56 -4.48  3.02 -10.56 -6.33 
INFO: cmn.c(133): CMN: 40.26  4.49 -3.05  3.03  8.05  3.17  1.44 -14.66 -10.79  2.17  3.56 -5.28 -14.28 
INFO: cmn.c(133): CMN: 42.60 10.78 -7.72 -0.54 -0.07  5.43 -9.89 -11.11 -12.52  4.08  8.52 -6.00 -14.43 
INFO: cmn.c(133): CMN: 44.67  1.81 -4.58  6.53  1.56  2.46 -6.02 -16.49 -7.41 -0.81  7.65  3.46 -14.22 
INFO: cmn.c(133): CMN: 42.15 -2.54 -0.99  9.09  7.41  2.37  1.50 -17.75 -6.10 -6.97 -5.68  1.56 -10.35 
INFO: cmn.c(133): CMN: 39.27  2.36 -8.95 10.41 -0.24 -1.28 -4.33 -10.24 -4.13  0.10  2.95 -8.87 -9.94 
INFO: cmn.c(133): CMN: 39.75 12.97 -11.96  8.20  0.16 -0.12 -5.98 -12.50 -3.72 -3.53  4.17 -6.63 -7.88 
INFO: cmn.c(133): CMN: 41.25 -0.27  0.81  3.95  2.95  1.37 -6.18 -12.22 -4.30 -3.46  3.35  5.56 -11.86 
INFO: cmn.c(133): CMN: 41.07  7.99 -8.79  3.21  3.33 10.54 -5.33 -25.69 -11.06  0.00  1.22  4.09 -10.22 
INFO: cmn.c(133): CMN: 38.01  4.25 -6.69  7.99  8.78  6.64 -6.09 -18.44 -8.52 -2.41 -0.32  4.56 -8.73 
INFO: cmn.c(133): CMN: 37.72  6.53 -9.86  5.57 12.43  7.62 -3.32 -17.87 -2.69 -7.34 -1.23  0.83 -7.83 
INFO: cmn.c(133): CMN: 45.08  2.65 -1.11  5.85  0.39  5.39  1.78 -25.02 -3.12 -4.65  5.34  0.67 -12.49 
INFO: cmn.c(133): CMN: 41.45 -0.51 -3.84  3.78 -2.29  9.76 -0.91 -18.26 -2.41 -5.69  3.12  2.79 -13.35 
INFO: cmn.c(133): CMN: 44.88  6.01 -11.79  9.42 -3.67  8.09 -3.75 -22.38  0.79 -9.35  5.38 -0.08 -8.98 
INFO: cmn.c(133): CMN: 42.35  0.31 -1.37  2.62 -4.55 12.52  0.32 -22.92 -4.46 -9.75  1.09  1.12 -12.24 
INFO: cmn.c(133): CMN: 37.17  9.13 -1.18  4.52  2.23 -7.52 -20.12 -2.09 -8.89 -8.41 -9.69 -0.51 -2.62 
INFO: cmn.c(133): CMN: 41.18  8.53 -2.25 12.15 -3.79 -1.75 -17.88 -18.19 -8.75 -11.30 -6.35 -1.88 -4.92 
INFO: cmn.c(133): CMN: 40.95  8.85 -0.52 11.31 -11.37 -7.98 -9.97 -10.22 -10.20 -13.68 -3.14  3.70 -2.10 
INFO: cmn.c(133): CMN: 42.88  8.29  6.46  0.08 -6.35 -1.20 -20.72  0.79 -11.84 -8.01 -8.54 -4.22  0.66 
INFO: cmn.c(133): CMN: 35.90 10.20 -2.04  7.15 -3.73 -3.52 -6.44 -6.38 -13.57 -12.93  1.71 -0.43 -0.39 
INFO: cmn.c(133): CMN: 43.83 11.35 -7.02  3.67 -13.30 -0.68 -8.94 -8.15 -8.88 -12.79 -2.10 -3.71 -2.50 
INFO: cmn.c(133): CMN: 43.82 16.92 -7.17  9.82 -8.17 -8.21 -7.15 -11.84 -16.50 -13.25  2.48 -3.22  1.71 
INFO: cmn.c(133): CMN: 40.75 19.89 -3.97 -1.61 -6.24 -4.32 -10.76 -14.92 -21.96 -9.36  5.61 -1.95  4.79 
INFO: cmn.c(133): CMN: 44.48  8.90 -8.27  9.70 -10.79  4.55 -13.85 -6.42 -15.05 -11.54  1.64 -6.24 -2.99 
INFO: cmn.c(133): CMN: 45.94 13.44 -7.37  4.27 -14.93  6.29 -9.93 -12.38 -11.95 -13.87 -3.25 -2.79  5.68 
INFO: cmn.c(133): CMN: 47.16 14.70 -11.46  4.91 -13.62  4.45 -11.46 -12.31 -14.44 -11.30 -1.99 -4.16  5.23 
INFO: cmn.c(133): CMN: 43.97  6.39 -9.46  4.75 -16.22  2.23 -7.25 -5.13 -8.42 -9.67 -4.71 -3.00 -1.22 
INFO: cmn.c(133): CMN: 46.57 10.48 -10.49  3.86 -15.88  3.23 -9.43 -6.80 -13.38 -8.60 -2.89 -3.85  4.00 
INFO: cmn.c(133): CMN: 45.95 10.49 -14.82  5.41 -19.09  0.69 -5.93 -8.76 -3.31 -12.71 -0.19 -2.45  0.21 
INFO: cmn.c(133): CMN: 42.55 14.29 -8.67  0.14 -4.91  4.51 -11.91 -9.48 -15.02 -8.60  1.19 -0.10  4.45 
INFO: cmn.c(133): CMN: 46.06  8.87 -7.36  9.62 -6.54  0.60 -9.38 -11.36 -12.68 -5.47 -3.58 -12.19  5.56 
INFO: cmn.c(133): CMN: 44.11 12.30 -5.74  3.60 -15.19  1.59 -13.79 -10.91 -13.66 -14.00 -2.52  0.70  2.53 
INFO: cmn.c(133): CMN: 43.83 18.12 -7.46  2.73 -5.06 -16.40 -12.88 -14.13 -17.14 -1.87 -1.36 -1.96  6.60 
INFO: cmn.c(133): CMN: 43.75 10.37 -6.39  8.00 -14.10 -1.94 -6.90 -15.52 -13.19 -14.28  2.13 -3.90 -3.43 
INFO: cmn.c(133): CMN: 44.67 20.96 -2.45  3.53 -9.76 -14.66 -7.92 -17.14 -20.01 -5.79  2.38 -5.66  3.01 
INFO: cmn.c(133): CMN: 48.39  8.32 -7.33  2.55 -8.91  1.26 -14.08 -11.18 -14.24  3.01 -11.29 -5.71  9.31 
INFO: cmn.c(133): CMN: 42.87  9.94 -4.53  4.86  0.11 -11.02 -17.25 -3.98 -22.99 -10.00  1.87 -3.58 -3.68 
INFO: cmn.c(133): CMN: 42.06 15.14 -2.80  2.72 -12.15 -14.59 -7.31 -10.12 -15.35 -9.03 -3.99 -0.88 -1.24 
INFO: cmn.c(133): CMN: 43.60 10.84 -0.81 -2.66 -15.35  4.39 -14.17 -5.96 -17.28 -8.02  0.11 -10.35 12.58 
INFO: cmn.c(133): CMN: 42.36 12.50 -7.05 11.29  0.41 -12.09 -12.19 -15.87 -14.45 -1.87 -0.95 -4.06 -3.16 
INFO: cmn.c(133): CMN: 38.38 16.92 -4.60  6.78 -3.33 -10.63 -12.14 -11.37 -10.80 -10.36  1.77  5.81 -0.86 
INFO: cmn.c(133): CMN: 43.38 15.81 -9.87 11.52 -9.99 -14.84 -13.62 -15.24 -9.48 -5.12 -3.40  1.25  1.29 
INFO: cmn.c(133): CMN: 38.72 16.99 -5.23  1.15 -7.49 -10.19 -15.17 -14.40 -13.16 -4.85  1.48  1.01 -2.23 
INFO: cmn.c(133): CMN: 37.37 14.59 -2.75  3.94 -12.72 -12.74 -9.13 -12.73 -12.10 -5.24  1.67 -3.88 -1.35 
INFO: cmn.c(133): CMN: 40.30 16.12 -2.31  4.43 -11.06 -12.10 -12.75 -9.11 -11.63 -3.50  4.03 -4.64  1.99 
INFO: cmn.c(133): CMN: 41.69 23.91 -0.22  0.02 -11.79 -13.21 -11.66 -14.83 -17.09 -4.01 -0.76 -2.69  0.18 
INFO: cmn.c(133): CMN: 41.75 15.03 -9.96  8.96 -7.48 -14.97 -16.64 -12.16 -2.82 -6.14 -2.43 -4.16  2.24 
INFO: cmn.c(133): CMN: 42.81  6.86  1.34 -1.99 -10.19 -12.82 -13.95  7.16 -12.83 -1.28 -7.63  1.16 -7.84 
INFO: cmn.c(133): CMN: 41.96  3.92 -1.18  8.61 -2.71 -10.25 -16.22  9.62 -5.50 -6.93 -3.30 -3.54 -10.91 
INFO: cmn.c(133): CMN: 42.64  8.64  1.57  3.82 -5.97 -12.74 -15.92  8.17 -12.67 -4.70 -1.56 -7.81 -7.07 
INFO: cmn.c(133): CMN: 42.24 10.30 -2.55  7.61 -7.24 -15.15 -17.20 10.72 -8.41 -8.28 -2.50 -5.50 -5.39 
INFO: cmn.c(133): CMN: 47.17  8.03 -0.85  0.80 -7.58 -15.11 -15.95  9.33 -15.28 -5.43  0.42 -5.15 -8.62 
INFO: cmn.c(133): CMN: 44.36  3.74  0.10  2.83 -6.91 -12.77 -16.16 13.47 -12.28 -3.04 -0.47 -4.91 -5.97 
INFO: cmn.c(133): CMN: 48.16  3.83  2.44  5.86 -10.67 -13.06 -17.85 17.30 -16.73 -6.84  3.70 -11.47 -3.68 
INFO: cmn.c(133): CMN: 43.69  2.42  1.45  6.47 -9.96 -13.53 -13.74 13.25 -13.35 -4.23  0.63 -9.33 -4.05 
INFO: cmn.c(133): CMN: 42.55  3.32 -10.42  3.57  3.00 -8.33 -6.37 -1.06 -8.68  1.40 -1.64 -7.57 -6.26 
INFO: cmn.c(133): CMN: 46.55  7.15 -4.67  3.57 -2.89 -6.81 -15.06  0.86 -12.49  1.09 -3.04 -7.15 -5.42 
INFO: cmn.c(133): CMN: 44.92  5.97 -5.59 -7.52  0.42  1.12 -20.22  3.84 -10.47 -2.53  5.10 -12.25 -6.55 
INFO: cmn.c(133): CMN: 35.82 14.84  3.02 -0.55 -1.28 -9.79 -18.58 -6.04 -9.44 -3.10  3.76  0.80 -0.89 
INFO: cmn.c(133): CMN: 36.31 11.75  7.97 -1.10 -9.63 -12.11 -17.34 -3.52 -13.30  1.61  5.10  1.27  2.96 
INFO: cmn.c(133): CMN: 36.97 10.94  3.20 11.20 -2.99 -15.80 -18.38 -7.23 -13.87 -0.68  6.66  0.50 -1.64 
INFO: cmn.c(133): CMN: 37.13 11.78  3.81 11.02 -5.82 -16.02 -16.70 -5.97 -14.03  1.28  8.70 -0.10  0.37 
INFO: cmn.c(133): CMN: 37.48 15.96  4.28  2.79 -8.10 -19.39 -18.82 -6.66 -16.82  2.97  8.32  5.36 -0.43 
INFO: cmn.c(133): CMN: 37.58 11.62  3.82  3.39 -8.96 -14.15 -14.16 -2.75 -14.83  0.78  6.00  0.30 -0.08 
INFO: cmn.c(133): CMN: 37.62 14.93  4.15  3.54 -5.74 -14.55 -15.04 -4.94 -13.50  2.15  4.98  3.05 -0.66 
INFO: cmn.c(133): CMN: 37.59 10.40  3.86  4.54 -8.23 -11.76 -14.07 -2.65 -13.82  2.30  3.96 -0.60  1.13 
INFO: cmn.c(133): CMN: 36.28 12.56  4.74  5.15 -9.38 -12.90 -13.53 -4.95 -11.90  0.16  2.82  0.32  0.98 
INFO: cmn.c(133): CMN: 40.97 10.11  6.02 -1.10 -9.11 -16.34 -21.07  8.50 -17.08  1.64 -5.33 -0.22  4.39 
INFO: cmn.c(133): CMN: 44.36 13.43  3.80  3.89 -7.90 -17.24 -22.19  6.45 -19.99 -1.16 -5.46 -2.00  6.14 
INFO: cmn.c(133): CMN: 43.66 15.01  5.17 -2.25 -8.97 -15.97 -18.74  8.25 -20.62 -2.68 -5.32  1.25  2.55 
INFO: cmn.c(133): CMN: 46.00 11.75  5.66 -5.22 -10.29 -10.46 -21.07  9.29 -22.42 -1.62 -5.84 -3.62  3.67 
INFO: cmn.c(133): CMN: 46.09 15.58 -1.68 -7.79 -6.76 -11.62 -17.88  3.06 -15.75 -2.39 -5.84 -1.33  0.86 
INFO: cmn.c(133): CMN: 45.64 11.15  1.54 -5.61 -5.05 -11.81 -16.58  3.04 -16.45 -2.16 -6.46 -4.66  0.70 
INFO: cmn.c(133): CMN: 43.97  8.86 -4.20 -1.36 -8.90 -13.76 -10.93  1.82 -10.92 -5.96 -3.16 -0.36 -0.45 
INFO: cmn.c(133): CMN: 45.07 17.92 -2.50 -6.97 -8.36 -7.91 -22.54  0.87 -19.57 -2.36 -2.52 -1.94  4.29 
INFO: cmn.c(133): CMN: 43.03 15.14 -2.60 -10.98 -5.35 -7.49 -23.11  2.18 -10.46 -7.18 -5.75  1.68  4.29 
INFO: cmn.c(133): CMN: 47.73 14.52 -3.40 -0.22 -10.30 -15.91 -14.30  5.22 -19.30 -9.14 -1.46  1.81  5.42 
INFO: cmn.c(133): CMN: 45.08 13.40 -3.25 -5.03 -9.16 -17.84 -12.39  1.57 -14.93 -6.53 -3.78  4.17  3.40 
INFO: cmn.c(133): CMN: 47.04  0.66 -0.18 -1.53 -6.41 -2.41 -13.72  6.21 -16.73  3.26 -6.98 -9.24 -5.33 
INFO: cmn.c(133): CMN: 40.51 10.00  3.64 -3.22 -14.28 -5.42 -8.74  5.15 -17.74 -3.44 -3.70 -4.01  3.20 
INFO: cmn.c(133): CMN: 41.79 10.69  4.74 -1.40 -14.33 -9.51 -13.76  7.10 -18.22 -6.65 -2.37 -5.45  2.64 
INFO: cmn.c(133): CMN: 43.25 16.10  3.08  0.00 -9.09 -6.71 -15.21 -5.00 -15.43  3.70 11.09 -4.89 -0.73 
INFO: cmn.c(133): CMN: 42.05  9.35  6.53  1.00 -10.05 -12.37 -13.21 -0.10 -11.87 10.27  6.66 -5.22  3.22 
INFO: cmn.c(133): CMN: 43.02 13.54  2.11  4.29 -2.69 -6.11 -21.33 -2.31 -13.93  1.47 12.38  0.86 -0.11 
INFO: cmn.c(133): CMN: 43.03  8.39  5.24  2.48 -4.77 -8.12 -21.37 -3.29 -15.35  6.66  7.72  1.29 -1.15 
INFO: cmn.c(133): CMN: 38.64 12.05 13.16 10.95  2.88 10.74 -15.69 -1.25 -15.30 -2.04 12.33 -7.25 -9.67 
INFO: cmn.c(133): CMN: 42.51 11.53  3.58  3.01 -3.11 -4.05 -19.66 -7.69 -13.66  3.88  6.94  1.37 -0.50 
INFO: cmn.c(133): CMN: 40.59  9.17  6.47  3.89 -9.11 -11.99 -13.48 -2.06 -8.46  0.78  5.22 -1.59 -5.25 
INFO: cmn.c(133): CMN: 40.03  5.02  2.55  5.05 -2.65 -2.76 -18.17 -2.92 -9.48  2.49  5.04  0.81 -1.98 
INFO: cmn.c(133): CMN: 41.91 13.52  4.72  4.27 -9.66 -10.79 -14.32 -3.09 -10.79 -0.13  3.75 -0.31 -3.00 
INFO: cmn.c(133): CMN: 39.79  7.47 -0.61 10.64  1.29 -3.02 -17.37 -2.45 -8.61 -3.01  3.73  0.81  0.95 
INFO: cmn.c(133): CMN: 42.70  4.21  4.66  4.43 -3.03 -4.73 -20.77  2.03 -11.81  0.55  4.10 -0.09  0.77 
INFO: cmn.c(133): CMN: 43.99  8.64  4.01  2.15 -5.78 -5.77 -21.84 -0.77 -13.88 -0.80  3.48  3.51  0.77 
INFO: cmn.c(133): CMN: 45.53  9.51  5.14  3.07 -5.24 -4.29 -29.78  1.05 -19.68 -0.86  8.15  2.56  1.15 
INFO: cmn.c(133): CMN: 44.77 12.87  5.49  5.24 -3.33 -2.67 -25.96  0.00 -17.75 -1.60  9.04  1.66  0.79 
INFO: cmn.c(133): CMN: 43.26  6.49  5.60  4.12 -3.96 -4.29 -20.59  1.38 -17.04  2.23  9.66  1.24  1.60 
INFO: cmn.c(133): CMN: 43.87  5.08 11.37 10.05 -8.96 -6.74 -19.41 -0.10 -10.55  1.20  6.00 -9.60  2.03 
INFO: cmn.c(133): CMN: 41.94  6.54  5.96  7.65 -4.98 -5.00 -21.16  1.06 -7.27 -1.87  1.28  0.53 -1.60 
[300] INFO: cmn.c(133): CMN: 44.33  9.16  5.71 -0.08 -5.15 -2.67 -23.78 -0.41 -15.36 -1.08  5.08 -0.09  4.04 
INFO: cmn.c(133): CMN: 43.25  5.24  0.08  1.39 -4.90 -3.91 -16.90 -0.09 -16.24 -0.17 -1.41 -3.49 -4.51 
INFO: cmn.c(133): CMN: 41.32  2.63 -1.30  4.31 -2.24 -4.19 -15.37 -3.18 -11.27 -0.91 -2.55 -4.51 -5.90 
INFO: cmn.c(133): CMN: 42.05  6.92 -1.62  0.50 -4.41 -1.82 -15.77 -3.98 -11.30 -1.60 -2.22 -4.88 -2.31 
INFO: cmn.c(133): CMN: 43.26  6.97  0.03  2.37  0.50 -3.25 -19.94  0.17 -12.73 -6.47  0.48 -6.23 -3.85 
INFO: cmn.c(133): CMN: 43.12  6.45  4.27  4.94 -3.32 -1.96 -20.20 -0.05 -10.16 -7.67  6.79 -9.14 -6.76 
INFO: cmn.c(133): CMN: 44.53  5.63  4.47  3.29 -5.43 -3.24 -19.97 -1.21 -11.54 -6.31  4.29 -7.97 -6.74 
INFO: cmn.c(133): CMN: 46.05  4.90  0.21  1.94 -3.91 -5.60 -20.07 -2.36 -17.11  1.54 -2.57 -2.32 -5.86 
INFO: cmn.c(133): CMN: 43.02  6.18 -1.09  3.80 -3.48 -3.90 -21.12 -0.79 -9.35 -5.47 -2.85 -0.34 -6.29 
INFO: cmn.c(133): CMN: 41.86  3.52  5.02  1.69 -7.68 -3.97 -16.94 -0.88 -10.77 -7.51  1.25 -4.73 -6.54 
INFO: cmn.c(133): CMN: 41.81  5.31  3.61  3.08 -5.46 -0.53 -18.62 -1.68 -11.19 -5.19 -1.42 -2.44 -7.53 
INFO: cmn.c(133): CMN: 43.93 10.08  3.36  2.19 -5.38 -4.63 -21.33 -2.17 -15.52 -3.24 -1.09 -2.66 -5.43 
INFO: cmn.c(133): CMN: 45.15  7.83  6.08  1.41 -3.48 -1.51 -23.35  0.07 -14.34 -8.64  2.76 -5.37 -7.60 
INFO: cmn.c(133): CMN: 45.23  9.48  3.70 -3.60 -9.22 -4.87 -18.49  1.95 -16.19 -3.57  0.80  0.26 -5.96 
INFO: cmn.c(133): CMN: 44.62  9.20  2.14  0.47 -8.07 -4.84 -20.09 -0.25 -14.76 -5.61  0.95  1.16 -6.83 
INFO: cmn.c(133): CMN: 43.51  3.56  0.04  8.38 -4.20 -5.48 -16.89 -4.30 -11.11 -5.03  0.25 -6.33  1.15 
INFO: cmn.c(133): CMN: 46.49  9.34  5.07 -1.67 -11.01 -4.91 -24.13  3.71 -16.82 -5.24  0.28 -2.08 -5.02 
INFO: cmn.c(133): CMN: 45.23  9.44  6.00  3.31 -9.78 -1.60 -24.49 -0.29 -15.88 -6.58  3.73 -7.75 -4.57 
INFO: cmn.c(133): CMN: 42.73  8.45  6.37  2.85 -12.72 -3.41 -19.26  0.97 -15.36 -8.43  5.36 -7.95 -4.10 
INFO: cmn.c(133): CMN: 45.92 10.97  3.50  5.08 -8.73 -8.67 -21.99 -0.56 -14.25 -7.78  2.27 -4.02 -5.68 
INFO: cmn.c(133): CMN: 44.73  9.27  5.27  7.81 -7.49 -3.37 -23.25 -1.83 -15.22 -10.49  4.71 -6.70 -5.66 
INFO: cmn.c(133): CMN: 42.29  8.14  0.75  7.84 -4.53 -2.98 -18.68 -4.79 -11.50 -6.46  2.44 -4.00 -4.83 
INFO: cmn.c(133): CMN: 41.44  8.37  3.82  9.72 -6.22 -3.32 -17.95 -5.66 -11.22 -9.06  1.55 -6.01 -6.11 
INFO: cmn.c(133): CMN: 44.37  9.63  4.80  7.44 -5.20 -3.29 -24.41 -0.34 -14.11 -9.31  3.25 -6.66 -5.56 
INFO: cmn.c(133): CMN: 41.39  1.64  5.49  7.93 -9.84 -0.99 -16.80  1.85 -9.20 -6.97  2.56 -5.68 -5.49 
INFO: cmn.c(133): CMN: 40.59  6.15  5.44  3.78 -8.55 -8.42 -10.04 -5.49 -15.46  6.45 -1.04 -0.31 -3.17 
INFO: cmn.c(133): CMN: 45.56  6.29  4.87  9.00 -4.80 -10.06 -20.19 -2.28 -17.70  5.26  1.36  0.03  0.65 
INFO: cmn.c(133): CMN: 44.09 10.20  6.36  4.93 -8.77 -13.33 -21.86  0.21 -23.82  2.29  0.95  1.70  3.46 
INFO: cmn.c(133): CMN: 46.05 10.85  5.93  4.89 -5.88 -10.67 -27.94  0.15 -20.91  4.47  4.28 -1.00  5.88 
INFO: cmn.c(133): CMN: 44.46 11.17  6.49  5.38 -6.33 -13.04 -21.09 -2.46 -22.87  4.95  0.14  1.51  0.16 
INFO: cmn.c(133): CMN: 43.78 12.52  6.57  2.62 -5.22 -8.38 -22.99 -2.50 -22.81  4.74  2.65  2.24  3.22 
INFO: cmn.c(133): CMN: 46.40  9.10  6.46  3.34 -5.96 -9.56 -14.37 -8.71 -20.92  8.99  1.71  1.27 -1.25 
INFO: cmn.c(133): CMN: 43.45 12.52  4.80  3.27 -5.42 -11.00 -14.50 -7.59 -13.32  4.86 -0.59  4.30 -2.95 
INFO: cmn.c(133): CMN: 44.91 11.18  4.60  4.95 -3.19 -10.89 -16.37 -7.81 -13.84  5.70 -4.53  4.75 -4.32 
INFO: cmn.c(133): CMN: 45.41 13.15  8.66  4.14 -9.60 -12.46 -21.47 -6.20 -15.59  1.45  1.39  1.66 -2.80 
INFO: cmn.c(133): CMN: 47.48 13.19  5.70  3.75 -9.01 -13.12 -15.74 -7.65 -22.90  4.99  3.37  7.71 -3.77 
INFO: cmn.c(133): CMN: 45.13  8.00  5.63  9.13 -5.64 -9.47 -15.51 -9.09 -8.44 -1.04  2.26 -1.37 -2.90 
INFO: cmn.c(133): CMN: 43.08  8.73  2.54  4.55 -6.10 -9.76 -12.03 -12.37 -5.81  1.13 -2.03 -2.52 -1.82 
INFO: cmn.c(133): CMN: 41.21  4.68  3.48  3.86 -3.29 -5.88 -17.45  0.88 -8.28 -5.28 -0.75 -6.43 -0.52 
INFO: cmn.c(133): CMN: 45.48 10.66 -0.57  2.22 -3.41 -6.54 -23.18 -1.62 -9.61 -5.24 -0.83 -2.60  1.47 
INFO: cmn.c(133): CMN: 44.61  9.00 -2.67  5.07 -0.19 -4.30 -20.46 -4.96 -7.92 -3.19  0.27 -4.17 -1.37 
INFO: cmn.c(133): CMN: 45.78  9.10  2.23  2.24 -9.73 -3.77 -20.99  2.38 -11.03 -6.57  2.66 -3.83 -0.37 
INFO: cmn.c(133): CMN: 47.65  9.33  0.92  8.06 -6.33 -6.75 -25.70  6.21 -9.32 -14.58  3.65 -6.45  0.41 
INFO: cmn.c(133): CMN: 46.57  9.49 -3.86  4.31 -4.76 -7.28 -28.77  0.69 -6.81 -10.72  5.16 -6.77 -0.95 
INFO: cmn.c(133): CMN: 45.08  7.78 -1.72  6.14 -1.79 -4.67 -25.42 -2.12 -8.73 -5.25  0.10 -6.30  1.35 
INFO: s3gau_io.c(485): Wrote /Users/benroye/forge/cmusphinx/voiceVim/bwaccumdir/voiceVim_buff_1/gauden_counts with means [1x1x1 vector arrays]
Mon Jan 30 07:34:58 2017
