        INFO: main.c(229): Compiled on Jan  6 2017 at 15:11:16
Current configuration:
[NAME]		[DEFLT]		[VALUE]
-2passvar	no		no
-abeam		1e-100		1.000000e-90
-accumdir			/Users/benroye/forge/cmusphinx/voiceVim/bwaccumdir/voiceVim_buff_3
-agc		none		none
-agcthresh	2.0		2.000000e+00
-bbeam		1e-100		1.000000e-10
-cb2mllrfn	.1cls.		.1cls.
-cepdir				/Users/benroye/forge/cmusphinx/voiceVim/feat
-cepext		mfc		mfc
-ceplen		13		13
-ckptintv			0
-cmn		live		batch
-cmninit	40,3,-1		40,3,-1
-ctlfn				/Users/benroye/forge/cmusphinx/voiceVim/etc/voiceVim_train.fileids
-diagfull	no		no
-dictfn				/Users/benroye/forge/cmusphinx/voiceVim/etc/voiceVim.dic
-example	no		no
-fdictfn			/Users/benroye/forge/cmusphinx/voiceVim/etc/voiceVim.filler
-feat		1s_c_d_dd	1s_c_d_dd
-fullvar	no		no
-help		no		no
-hmmdir				
-latdir				
-latext				
-lda				
-ldadim		0		0
-lsnfn				/Users/benroye/forge/cmusphinx/voiceVim/etc/voiceVim_train.transcription
-lw		11.5		1.150000e+01
-maxuttlen	0		0
-meanfn				/Users/benroye/forge/cmusphinx/voiceVim/model_parameters/voiceVim.ci_cont_flatinitial/means
-meanreest	yes		yes
-mixwfn				/Users/benroye/forge/cmusphinx/voiceVim/model_parameters/voiceVim.ci_cont_flatinitial/mixture_weights
-mixwreest	yes		yes
-mllrmat			
-mmie		no		no
-mmie_type	rand		rand
-moddeffn			/Users/benroye/forge/cmusphinx/voiceVim/model_architecture/voiceVim.ci.mdef
-mwfloor	0.00001		1.000000e-08
-npart				4
-nskip				0
-outphsegdir			
-outputfullpath	no		no
-part				3
-pdumpdir			
-phsegdir			
-phsegext	phseg		phseg
-runlen		-1		-1
-sentdir			
-sentext	sent		sent
-spthresh	0.0		0.000000e+00
-svspec				
-timing		yes		no
-tmatfn				/Users/benroye/forge/cmusphinx/voiceVim/model_parameters/voiceVim.ci_cont_flatinitial/transition_matrices
-tmatreest	yes		yes
-topn		4		1
-tpfloor	0.0001		1.000000e-04
-ts2cbfn			.cont.
-varfloor	0.00001		1.000000e-04
-varfn				/Users/benroye/forge/cmusphinx/voiceVim/model_parameters/voiceVim.ci_cont_flatinitial/variances
-varnorm	no		no
-varreest	yes		yes
-viterbi	no		no

INFO: feat.c(715): Initializing feature stream to type: '1s_c_d_dd', ceplen=13, CMN='batch', VARNORM='no', AGC='none'
INFO: main.c(318): Reading /Users/benroye/forge/cmusphinx/voiceVim/model_architecture/voiceVim.ci.mdef
INFO: model_def_io.c(573): Model definition info:
INFO: model_def_io.c(574): 39 total models defined (39 base, 0 tri)
INFO: model_def_io.c(575): 156 total states
INFO: model_def_io.c(576): 117 total tied states
INFO: model_def_io.c(577): 117 total tied CI states
INFO: model_def_io.c(578): 39 total tied transition matrices
INFO: model_def_io.c(579): 4 max state/model
INFO: model_def_io.c(580): 4 min state/model
INFO: s3mixw_io.c(117): Read /Users/benroye/forge/cmusphinx/voiceVim/model_parameters/voiceVim.ci_cont_flatinitial/mixture_weights [117x1x1 array]
INFO: s3tmat_io.c(118): Read /Users/benroye/forge/cmusphinx/voiceVim/model_parameters/voiceVim.ci_cont_flatinitial/transition_matrices [39x3x4 array]
INFO: mod_inv.c(301): inserting tprob floor 1.000000e-04 and renormalizing
INFO: s3gau_io.c(169): Read /Users/benroye/forge/cmusphinx/voiceVim/model_parameters/voiceVim.ci_cont_flatinitial/means [117x1x1 array]
INFO: s3gau_io.c(169): Read /Users/benroye/forge/cmusphinx/voiceVim/model_parameters/voiceVim.ci_cont_flatinitial/variances [117x1x1 array]
INFO: gauden.c(176): 117 total mgau
INFO: gauden.c(150): 1 feature streams (|0|=39 )
INFO: gauden.c(187): 1 total densities
INFO: gauden.c(90): min_var=1.000000e-04
INFO: gauden.c(165): compute 1 densities/frame
INFO: main.c(431): Will reestimate mixing weights.
INFO: main.c(433): Will reestimate means.
INFO: main.c(435): Will reestimate variances.
INFO: main.c(443): Will reestimate transition matrices
INFO: main.c(456): Reading main dictionary: /Users/benroye/forge/cmusphinx/voiceVim/etc/voiceVim.dic
INFO: lexicon.c(221): 133 entries added from /Users/benroye/forge/cmusphinx/voiceVim/etc/voiceVim.dic
INFO: main.c(466): Reading filler dictionary: /Users/benroye/forge/cmusphinx/voiceVim/etc/voiceVim.filler
INFO: lexicon.c(221): 3 entries added from /Users/benroye/forge/cmusphinx/voiceVim/etc/voiceVim.filler
INFO: corpus.c(403): skipping 170 utts.
INFO: corpus.c(407): Last utt skipped: 47_0
INFO: corpus.c(1065): Will process 85 utts starting at 170
INFO: main.c(665): Reestimation: Baum-Welch
INFO: cmn.c(133): CMN: 45.18  4.29 -7.26 14.39  5.60 -1.46 -11.72 -2.83 -12.64 -10.39  1.37 -4.20 -8.23 
column defns
	<seq>
	<id>
	<n_frame_in>
	<n_frame_del>
	<n_state_shmm>
	<avg_states_alpha>
	<avg_states_beta>
	<avg_states_reest>
	<avg_posterior_prune>
	<frame_log_lik>
	<utt_log_lik>
	... timing info ... 
utt>   170                      48_0  905    0INFO: cvt2triphone.c(199): no multiphones defined, no conversion done
   252 223  57 115 5.975107e-11 -1.599666e+02 -1.447698e+05
INFO: cmn.c(133): CMN: 41.34 13.29 -16.44 15.80  4.85  3.38 -3.55 -10.04 -3.00 -9.24  2.30 -4.70 -6.39 
utt>   171                      49_0 1212    0   292 254  63 126 6.226617e-11 -1.570899e+02 -1.903930e+05
INFO: cmn.c(133): CMN: 42.44  7.70 -3.92  7.30 -0.38  6.76 -4.17 -11.37 -4.22 -0.30 -5.95 -0.83 -6.40 
utt>   172                      51_0 1102    0   288 252  62 124 6.131281e-11 -1.590912e+02 -1.753185e+05
INFO: cmn.c(133): CMN: 38.58  6.58 -2.87  3.84  3.03  5.66  2.02 -8.96 -5.52  2.63 -7.75 -3.59 -6.99 
utt>   173                      52_0 1064    0   220 199  55 110 5.635815e-11 -1.573451e+02 -1.674152e+05
INFO: cmn.c(133): CMN: 37.27  6.28 -0.20  4.61 -3.23  1.11 -6.11 -0.23 -4.77  0.67  2.37 -6.90 -1.51 
utt>   174                      53_0 1631    0   388 318  72 145 6.528150e-11 -1.503661e+02 -2.452471e+05
INFO: cmn.c(133): CMN: 38.00  2.61 -2.39  5.87  5.63 -1.31 -9.99 -14.38 -8.57 -5.25 10.51 -5.15 -6.86 
utt>   175                      54_0 3556    0   776 498  102 204 7.328600e-11 -1.623171e+02 -5.771998e+05
INFO: cmn.c(133): CMN: 35.44  4.18 -5.32  6.73 14.57  5.80 -10.98 -15.52 -7.11 -3.79  2.14 -5.55 -8.70 
utt>   176                      56_0 1093    0   252 224  58 117 5.833702e-11 -1.627915e+02 -1.779311e+05
INFO: cmn.c(133): CMN: 41.46 -1.21 -2.71 10.49  0.78 -4.11 -3.20 -14.22 -10.45 -7.36  9.63 -4.88 -13.25 
utt>   177                      57_0 2293    0   540 402  85 171 6.856509e-11 -1.635849e+02 -3.751003e+05
INFO: cmn.c(133): CMN: 35.66 -2.02 -7.02 17.80 10.87 -0.89 -2.60 -12.55 -0.54 -6.71  1.18  0.41 -10.95 
utt>   178                      58_0 1119    0   244 218  58 116 5.816244e-11 -1.605818e+02 -1.796910e+05
INFO: cmn.c(133): CMN: 40.84  1.36 -4.67  6.37  3.70  0.70 -5.07 -17.81 -7.36 -5.53  4.95  2.05 -10.30 
utt>   179                      59_0 1122    0   276 243  61 122 5.995365e-11 -1.625922e+02 -1.824284e+05
INFO: cmn.c(133): CMN: 42.38 -0.01 -7.26  9.08  3.97  1.95 -4.78 -14.43 -4.31 -5.57  5.40  3.29 -8.16 
utt>   180                      61_0 1037    0   260 230  59 118 5.927979e-11 -1.610996e+02 -1.670603e+05
INFO: cmn.c(133): CMN: 40.92 -4.80 -4.12 11.74  7.76 -0.51 -2.12 -18.25 -5.05 -3.07 -0.89  5.68 -13.95 
utt>   181                      62_0 1011    0   280 246  60 121 6.037672e-11 -1.623955e+02 -1.641818e+05
INFO: cmn.c(133): CMN: 37.87 -0.52 -6.74  8.93  1.95  4.43 -1.75 -15.71 -1.79 -3.95 -0.96  2.08 -10.91 
utt>   182                      63_0 1138    0   280 246  61 123 6.097665e-11 -1.613790e+02 -1.836494e+05
INFO: cmn.c(133): CMN: 39.08  2.51 -5.42  7.44  2.98  3.37 -4.71 -20.07 -2.77 -4.46 -2.82  9.99 -11.77 
utt>   183                      64_0 2221    0   532 399  84 169 6.820986e-11 -1.628407e+02 -3.616691e+05
INFO: cmn.c(133): CMN: 43.01 -0.56 -6.82 13.19  5.94  0.70 -6.43 -19.33 -3.36 -2.92  3.63 -0.30 -11.63 
utt>   184                      66_0 3066    0   780 523  101 202 7.328856e-11 -1.624467e+02 -4.980617e+05
INFO: cmn.c(133): CMN: 40.36  2.02 -8.17 15.61 12.80  4.30 -1.79 -18.43 -6.21 -4.64 -2.65  2.43 -13.34 
utt>   185                      67_0  962    0   224 202  55 110 5.699247e-11 -1.620169e+02 -1.558603e+05
INFO: cmn.c(133): CMN: 45.14  6.41 -8.52  4.55  3.40 -0.33 -1.78 -20.61 -10.19 -4.65 10.72 -1.21 -13.57 
utt>   186                      68_0 1060    0   276 243  60 121 6.102242e-11 -1.621800e+02 -1.719108e+05
INFO: cmn.c(133): CMN: 41.39  1.89 -9.48 15.71 14.38  1.46 -4.68 -23.17 -6.43 -7.19 -1.67  3.79 -16.86 
utt>   187                      69_0  965    0   264 233  59 118 6.053023e-11 -1.609922e+02 -1.553575e+05
INFO: cmn.c(133): CMN: 39.48  1.27  1.00  7.76 12.29 -6.04  0.39 -15.59 -11.44  2.82 -2.64 -7.83 -10.45 
utt>   188                      71_0  992    0   260 230  59 117 5.941449e-11 -1.622324e+02 -1.609346e+05
INFO: cmn.c(133): CMN: 42.27 -1.85 -1.67  5.63 -0.82 -1.03 -5.11 -19.85 -7.67 -7.99  7.36  7.51 -12.77 
utt>   189                      72_0 1106    0   268 237  60 120 5.942924e-11 -1.610790e+02 -1.781533e+05
INFO: cmn.c(133): CMN: 32.85  7.49 -11.83  3.96 11.81  3.73 -5.95 -13.68 -3.14 -4.37  3.02 -6.08 -5.84 
utt>   190                      73_0  901    0   208 189  53 106 5.596256e-11 -1.599124e+02 -1.440810e+05
INFO: cmn.c(133): CMN: 33.20  4.77 -7.22  8.89  4.29  3.24  0.53 -13.08 -3.15 -4.70  5.26 -7.14 -6.59 
utt>   191                      74_0 1098    0   244 218  58 116 5.808788e-11 -1.585872e+02 -1.741287e+05
INFO: cmn.c(133): CMN: 36.72  2.61 -7.92  1.30  8.45  3.79 -9.88 -13.65 -2.89 -3.02  7.33 -9.03 -6.48 
utt>   192                      76_0 1795    0   424 339  76 151 6.640535e-11 -1.607308e+02 -2.885118e+05
INFO: cmn.c(133): CMN: 38.40  9.60 -0.28  8.14 -4.03  2.77 -2.39 -16.54 -7.38  1.22 -0.66  0.08 -10.59 
utt>   193                      77_0 1064    0   296 258  62 124 6.200220e-11 -1.603557e+02 -1.706185e+05
INFO: cmn.c(133): CMN: 34.17  7.71 -7.28  2.13 -1.07  2.09 -2.16 -17.63 -0.44 -2.48  1.31 -1.15 -10.38 
utt>   194                      78_0 1264    0   272 238  61 122 5.964476e-11 -1.591524e+02 -2.011686e+05
INFO: cmn.c(133): CMN: 38.44 -3.71 -1.35 13.03 12.98 -0.80 -7.22 -14.72 -7.36 -6.02 -0.20  2.61 -16.79 
utt>   195                      79_0 1178    0   240 214  57 115 5.755497e-11 -1.603546e+02 -1.888977e+05
INFO: cmn.c(133): CMN: 40.88  0.28 -4.52 12.67  4.49 -5.27 -5.62 -16.02 -7.27  0.43  7.11  2.07 -19.01 
utt>   196                      81_0 1112    0   276 243  61 122 6.008951e-11 -1.619468e+02 -1.800848e+05
INFO: cmn.c(133): CMN: 33.28  9.08 -5.23 -1.21 12.36  0.51 -2.67 -12.47 -6.53 -2.53  2.61 -5.40 -3.69 
utt>   197                      82_0 1203    0   288 251  62 125 6.036346e-11 -1.593434e+02 -1.916901e+05
INFO: cmn.c(133): CMN: 37.78  0.79  0.62 -1.53  6.30  5.56 -6.26 -13.33 -6.79  0.47  7.13 -5.05 -11.07 
utt>   198                      83_0 1239    0   292 254  63 126 6.157147e-11 -1.608162e+02 -1.992513e+05
INFO: cmn.c(133): CMN: 42.00 -1.57  4.31  8.48 -2.07 -7.29  0.59 -6.55 -12.76 -3.05 -4.26 -4.30 -11.44 
utt>   199                      84_0 1122    0   300 261  63 126 6.158938e-11 -1.625099e+02 -1.823361e+05
INFO: cmn.c(133): CMN: 39.54  3.59 -11.30 -3.89 -0.21  2.84 -9.94  0.72 -7.07 -5.17 13.04 -9.45 -9.41 
utt>   200                      86_0  759    0   184 167  49 99 5.354905e-11 -1.598816e+02 -1.213502e+05
INFO: cmn.c(133): CMN: 37.80  3.82 -11.36 10.50 -4.75  2.49 -2.70 -13.82 -1.56 -4.48  3.02 -10.56 -6.33 
utt>   201                      87_0 1082    0   288 252  62 123 6.105554e-11 -1.598035e+02 -1.729074e+05
INFO: cmn.c(133): CMN: 40.26  4.49 -3.05  3.03  8.05  3.17  1.44 -14.66 -10.79  2.17  3.56 -5.28 -14.28 
utt>   202                      88_0 1009    0   268 237  59 119 5.905743e-11 -1.608227e+02 -1.622701e+05
INFO: cmn.c(133): CMN: 42.60 10.78 -7.72 -0.54 -0.07  5.43 -9.89 -11.11 -12.52  4.08  8.52 -6.00 -14.43 
utt>   203                      89_0 1068    0   308 267  63 126 6.314484e-11 -1.600712e+02 -1.709561e+05
INFO: cmn.c(133): CMN: 44.67  1.81 -4.58  6.53  1.56  2.46 -6.02 -16.49 -7.41 -0.81  7.65  3.46 -14.22 
utt>   204                      91_0 1079    0   316 273  64 128 6.363757e-11 -1.614390e+02 -1.741927e+05
INFO: cmn.c(133): CMN: 42.15 -2.54 -0.99  9.09  7.41  2.37  1.50 -17.75 -6.10 -6.97 -5.68  1.56 -10.35 
utt>   205                      92_0 1724    0   432 347  76 152 6.651273e-11 -1.616839e+02 -2.787431e+05
INFO: cmn.c(133): CMN: 39.27  2.36 -8.95 10.41 -0.24 -1.28 -4.33 -10.24 -4.13  0.10  2.95 -8.87 -9.94 
utt>   206                      93_0 1154    0   284 249  62 124 6.085967e-11 -1.598944e+02 -1.845181e+05
INFO: cmn.c(133): CMN: 39.75 12.97 -11.96  8.20  0.16 -0.12 -5.98 -12.50 -3.72 -3.53  4.17 -6.63 -7.88 
utt>   207                      94_0 1148    0   304 264  63 127 6.182773e-11 -1.581170e+02 -1.815183e+05
INFO: cmn.c(133): CMN: 41.25 -0.27  0.81  3.95  2.95  1.37 -6.18 -12.22 -4.30 -3.46  3.35  5.56 -11.86 
utt>   208                      96_0 1015    0   252 224  58 116 5.872470e-11 -1.595809e+02 -1.619746e+05
INFO: cmn.c(133): CMN: 41.07  7.99 -8.79  3.21  3.33 10.54 -5.33 -25.69 -11.06  0.00  1.22  4.09 -10.22 
utt>   209                      97_0 1116    0   288 252  62 124 6.073178e-11 -1.606936e+02 -1.793341e+05
INFO: cmn.c(133): CMN: 38.01  4.25 -6.69  7.99  8.78  6.64 -6.09 -18.44 -8.52 -2.41 -0.32  4.56 -8.73 
utt>   210                      98_0 1154    0   296 258  63 126 6.107156e-11 -1.603728e+02 -1.850702e+05
INFO: cmn.c(133): CMN: 37.72  6.53 -9.86  5.57 12.43  7.62 -3.32 -17.87 -2.69 -7.34 -1.23  0.83 -7.83 
utt>   211                      99_0 1069    0   264 234  59 119 6.016363e-11 -1.611036e+02 -1.722197e+05
INFO: cmn.c(133): CMN: 45.08  2.65 -1.11  5.85  0.39  5.39  1.78 -25.02 -3.12 -4.65  5.34  0.67 -12.49 
utt>   212                     101_0 1715    0   472 375  78 157 6.813404e-11 -1.624207e+02 -2.785515e+05
INFO: cmn.c(133): CMN: 41.45 -0.51 -3.84  3.78 -2.29  9.76 -0.91 -18.26 -2.41 -5.69  3.12  2.79 -13.35 
utt>   213                     102_0 1130    0   268 236  60 120 5.929133e-11 -1.597560e+02 -1.805243e+05
INFO: cmn.c(133): CMN: 44.88  6.01 -11.79  9.42 -3.67  8.09 -3.75 -22.38  0.79 -9.35  5.38 -0.08 -8.98 
utt>   214                     103_0 1062    0   280 246  61 122 6.090850e-11 -1.628149e+02 -1.729094e+05
INFO: cmn.c(133): CMN: 42.35  0.31 -1.37  2.62 -4.55 12.52  0.32 -22.92 -4.46 -9.75  1.09  1.12 -12.24 
utt>   215                     104_0  959    0   264 233  59 118 6.033694e-11 -1.609604e+02 -1.543611e+05
INFO: cmn.c(133): CMN: 37.17  9.13 -1.18  4.52  2.23 -7.52 -20.12 -2.09 -8.89 -8.41 -9.69 -0.51 -2.62 
utt>   216                     106_0 1418    0   392 325  71 143 6.555726e-11 -1.534825e+02 -2.176382e+05
INFO: cmn.c(133): CMN: 41.18  8.53 -2.25 12.15 -3.79 -1.75 -17.88 -18.19 -8.75 -11.30 -6.35 -1.88 -4.92 
utt>   217                     107_0 1119    0   348 296  66 133 6.387459e-11 -1.549651e+02 -1.734060e+05
INFO: cmn.c(133): CMN: 40.95  8.85 -0.52 11.31 -11.37 -7.98 -9.97 -10.22 -10.20 -13.68 -3.14  3.70 -2.10 
utt>   218                     108_0 1351    0   404 334  72 144 6.651439e-11 -1.548750e+02 -2.092361e+05
INFO: cmn.c(133): CMN: 42.88  8.29  6.46  0.08 -6.35 -1.20 -20.72  0.79 -11.84 -8.01 -8.54 -4.22  0.66 
utt>   219                     109_0 1523    0   456 368  76 153 6.792600e-11 -1.567000e+02 -2.386542e+05
INFO: cmn.c(133): CMN: 35.90 10.20 -2.04  7.15 -3.73 -3.52 -6.44 -6.38 -13.57 -12.93  1.71 -0.43 -0.39 
utt>   220                     111_0 1287    0   316 272  65 130 6.322703e-11 -1.530139e+02 -1.969289e+05
INFO: cmn.c(133): CMN: 43.83 11.35 -7.02  3.67 -13.30 -0.68 -8.94 -8.15 -8.88 -12.79 -2.10 -3.71 -2.50 
utt>   221                     112_0 1504    0   492 391  78 157 6.978394e-11 -1.570194e+02 -2.361572e+05
INFO: cmn.c(133): CMN: 43.82 16.92 -7.17  9.82 -8.17 -8.21 -7.15 -11.84 -16.50 -13.25  2.48 -3.22  1.71 
utt>   222                     113_0 1016    0   336 286  65 130 6.354321e-11 -1.564840e+02 -1.589877e+05
INFO: cmn.c(133): CMN: 40.75 19.89 -3.97 -1.61 -6.24 -4.32 -10.76 -14.92 -21.96 -9.36  5.61 -1.95  4.79 
utt>   223                     114_0 1165    0   384 321  69 139 6.638708e-11 -1.539020e+02 -1.792959e+05
INFO: cmn.c(133): CMN: 44.48  8.90 -8.27  9.70 -10.79  4.55 -13.85 -6.42 -15.05 -11.54  1.64 -6.24 -2.99 
utt>   224                     116_0 1358    0   360 303  69 138 6.454822e-11 -1.565971e+02 -2.126589e+05
INFO: cmn.c(133): CMN: 45.94 13.44 -7.37  4.27 -14.93  6.29 -9.93 -12.38 -11.95 -13.87 -3.25 -2.79  5.68 
utt>   225                     117_0 1278    0   396 329  71 142 6.626796e-11 -1.587392e+02 -2.028687e+05
INFO: cmn.c(133): CMN: 47.16 14.70 -11.46  4.91 -13.62  4.45 -11.46 -12.31 -14.44 -11.30 -1.99 -4.16  5.23 
utt>   226                     118_0 1594    0   444 358  76 152 6.753135e-11 -1.580365e+02 -2.519101e+05
INFO: cmn.c(133): CMN: 43.97  6.39 -9.46  4.75 -16.22  2.23 -7.25 -5.13 -8.42 -9.67 -4.71 -3.00 -1.22 
utt>   227                     119_0 1434    0   376 313  70 141 6.514356e-11 -1.578797e+02 -2.263995e+05
INFO: cmn.c(133): CMN: 46.57 10.48 -10.49  3.86 -15.88  3.23 -9.43 -6.80 -13.38 -8.60 -2.89 -3.85  4.00 
utt>   228                     121_0 1530    0   444 359  76 152 6.816259e-11 -1.590493e+02 -2.433454e+05
INFO: cmn.c(133): CMN: 45.95 10.49 -14.82  5.41 -19.09  0.69 -5.93 -8.76 -3.31 -12.71 -0.19 -2.45  0.21 
utt>   229                     122_0 1299    0   356 301  68 137 6.445234e-11 -1.578381e+02 -2.050317e+05
INFO: cmn.c(133): CMN: 42.55 14.29 -8.67  0.14 -4.91  4.51 -11.91 -9.48 -15.02 -8.60  1.19 -0.10  4.45 
utt>   230                     123_0 1431    0   356 299  69 138 6.396085e-11 -1.536217e+02 -2.198326e+05
INFO: cmn.c(133): CMN: 46.06  8.87 -7.36  9.62 -6.54  0.60 -9.38 -11.36 -12.68 -5.47 -3.58 -12.19  5.56 
utt>   231                     124_0 1385    0   400 331  72 144 6.654055e-11 -1.576706e+02 -2.183737e+05
INFO: cmn.c(133): CMN: 44.11 12.30 -5.74  3.60 -15.19  1.59 -13.79 -10.91 -13.66 -14.00 -2.52  0.70  2.53 
utt>   232                     126_0 1037    0   300 261  62 125 6.185418e-11 -1.560173e+02 -1.617900e+05
INFO: cmn.c(133): CMN: 43.83 18.12 -7.46  2.73 -5.06 -16.40 -12.88 -14.13 -17.14 -1.87 -1.36 -1.96  6.60 
utt>   233                     127_0 1012    0   304 264  62 125 6.159750e-11 -1.563491e+02 -1.582253e+05
INFO: cmn.c(133): CMN: 43.75 10.37 -6.39  8.00 -14.10 -1.94 -6.90 -15.52 -13.19 -14.28  2.13 -3.90 -3.43 
utt>   234                     128_0 1589    0   440 356  76 152 6.703345e-11 -1.571700e+02 -2.497431e+05
INFO: cmn.c(133): CMN: 44.67 20.96 -2.45  3.53 -9.76 -14.66 -7.92 -17.14 -20.01 -5.79  2.38 -5.66  3.01 
utt>   235                     129_0  884    0   268 235  58 117 6.086122e-11 -1.542596e+02 -1.363655e+05
INFO: cmn.c(133): CMN: 48.39  8.32 -7.33  2.55 -8.91  1.26 -14.08 -11.18 -14.24  3.01 -11.29 -5.71  9.31 
utt>   236                     131_0 1462    0   392 324  72 144 6.542264e-11 -1.572580e+02 -2.299111e+05
INFO: cmn.c(133): CMN: 42.87  9.94 -4.53  4.86  0.11 -11.02 -17.25 -3.98 -22.99 -10.00  1.87 -3.58 -3.68 
utt>   237                     132_0 1239    0   360 304  68 137 6.506130e-11 -1.566118e+02 -1.940420e+05
INFO: cmn.c(133): CMN: 42.06 15.14 -2.80  2.72 -12.15 -14.59 -7.31 -10.12 -15.35 -9.03 -3.99 -0.88 -1.24 
utt>   238                     133_0  872    0   252 223  57 114 5.887638e-11 -1.562105e+02 -1.362155e+05
INFO: cmn.c(133): CMN: 43.60 10.84 -0.81 -2.66 -15.35  4.39 -14.17 -5.96 -17.28 -8.02  0.11 -10.35 12.58 
utt>   239                     134_0 1076    0   324 278  64 129 6.208804e-11 -1.569259e+02 -1.688523e+05
INFO: cmn.c(133): CMN: 42.36 12.50 -7.05 11.29  0.41 -12.09 -12.19 -15.87 -14.45 -1.87 -0.95 -4.06 -3.16 
utt>   240                     136_0 1248    0   356 301  68 136 6.415488e-11 -1.560350e+02 -1.947317e+05
INFO: cmn.c(133): CMN: 38.38 16.92 -4.60  6.78 -3.33 -10.63 -12.14 -11.37 -10.80 -10.36  1.77  5.81 -0.86 
utt>   241                     137_0 1188    0   316 273  64 129 6.254522e-11 -1.519478e+02 -1.805140e+05
INFO: cmn.c(133): CMN: 43.38 15.81 -9.87 11.52 -9.99 -14.84 -13.62 -15.24 -9.48 -5.12 -3.40  1.25  1.29 
utt>   242                     138_0 1234    0   336 287  66 133 6.307779e-11 -1.546890e+02 -1.908863e+05
INFO: cmn.c(133): CMN: 38.72 16.99 -5.23  1.15 -7.49 -10.19 -15.17 -14.40 -13.16 -4.85  1.48  1.01 -2.23 
utt>   243                     139_0 1722    0   448 358  77 154 6.713845e-11 -1.522874e+02 -2.622389e+05
INFO: cmn.c(133): CMN: 37.37 14.59 -2.75  3.94 -12.72 -12.74 -9.13 -12.73 -12.10 -5.24  1.67 -3.88 -1.35 
utt>   244                     141_0  753    0   200 180  51 102 5.540077e-11 -1.533820e+02 -1.154966e+05
INFO: cmn.c(133): CMN: 40.30 16.12 -2.31  4.43 -11.06 -12.10 -12.75 -9.11 -11.63 -3.50  4.03 -4.64  1.99 
utt>   245                     142_0 1440    0   368 308  70 140 6.527233e-11 -1.525547e+02 -2.196787e+05
INFO: cmn.c(133): CMN: 41.69 23.91 -0.22  0.02 -11.79 -13.21 -11.66 -14.83 -17.09 -4.01 -0.76 -2.69  0.18 
utt>   246                     143_0 1395    0   404 334  72 145 6.638385e-11 -1.530075e+02 -2.134455e+05
INFO: cmn.c(133): CMN: 41.75 15.03 -9.96  8.96 -7.48 -14.97 -16.64 -12.16 -2.82 -6.14 -2.43 -4.16  2.24 
utt>   247                     144_0 1142    0   300 261  63 126 6.221260e-11 -1.546868e+02 -1.766523e+05
INFO: cmn.c(133): CMN: 42.81  6.86  1.34 -1.99 -10.19 -12.82 -13.95  7.16 -12.83 -1.28 -7.63  1.16 -7.84 
utt>   248                     146_0 1298    0   344 292  67 135 6.396207e-11 -1.549874e+02 -2.011736e+05
INFO: cmn.c(133): CMN: 41.96  3.92 -1.18  8.61 -2.71 -10.25 -16.22  9.62 -5.50 -6.93 -3.30 -3.54 -10.91 
utt>   249                     147_0 1394    0   340 288  67 135 6.366691e-11 -1.545187e+02 -2.153991e+05
INFO: cmn.c(133): CMN: 42.64  8.64  1.57  3.82 -5.97 -12.74 -15.92  8.17 -12.67 -4.70 -1.56 -7.81 -7.07 
utt>   250                     148_0 1426    0   384 319  71 142 6.554386e-11 -1.552644e+02 -2.214070e+05
INFO: cmn.c(133): CMN: 42.24 10.30 -2.55  7.61 -7.24 -15.15 -17.20 10.72 -8.41 -8.28 -2.50 -5.50 -5.39 
utt>   251                     149_0 1474    0   396 327  72 145 6.604259e-11 -1.544913e+02 -2.277202e+05
INFO: cmn.c(133): CMN: 47.17  8.03 -0.85  0.80 -7.58 -15.11 -15.95  9.33 -15.28 -5.43  0.42 -5.15 -8.62 
utt>   252                     151_0 1078    0   308 267  63 127 6.220166e-11 -1.558284e+02 -1.679830e+05
INFO: cmn.c(133): CMN: 44.36  3.74  0.10  2.83 -6.91 -12.77 -16.16 13.47 -12.28 -3.04 -0.47 -4.91 -5.97 
utt>   253                     152_0 2237    0   516 388  83 167 6.848262e-11 -1.540913e+02 -3.447021e+05
INFO: cmn.c(133): CMN: 48.16  3.83  2.44  5.86 -10.67 -13.06 -17.85 17.30 -16.73 -6.84  3.70 -11.47 -3.68 
utt>   254                     153_0 1281    0   376 315  70 139 6.464711e-11 -1.560325e+02 -1.998777e+05
overall> stats 110047 (-0) -1.583167e+02 -1.742228e+07

INFO: s3mixw_io.c(233): Wrote /Users/benroye/forge/cmusphinx/voiceVim/bwaccumdir/voiceVim_buff_3/mixw_counts [117x1x1 array]
INFO: s3tmat_io.c(176): Wrote /Users/benroye/forge/cmusphinx/voiceVim/bwaccumdir/voiceVim_buff_3/tmat_counts [39x3x4 array]
INFO: s3gau_io.c(485): Wrote /Users/benroye/forge/cmusphinx/voiceVim/bwaccumdir/voiceVim_buff_3/gauden_counts with means with vars [117x1x1 vector arrays]
INFO: main.c(999): Counts saved to /Users/benroye/forge/cmusphinx/voiceVim/bwaccumdir/voiceVim_buff_3
Mon Jan 30 07:35:04 2017
