        INFO: main.c(229): Compiled on Jan  6 2017 at 15:11:16
Current configuration:
[NAME]		[DEFLT]		[VALUE]
-2passvar	no		yes
-abeam		1e-100		1.000000e-90
-accumdir			/Users/benroye/forge/cmusphinx/voiceVim/bwaccumdir/voiceVim_buff_1
-agc		none		none
-agcthresh	2.0		2.000000e+00
-bbeam		1e-100		1.000000e-10
-cb2mllrfn	.1cls.		.1cls.
-cepdir				/Users/benroye/forge/cmusphinx/voiceVim/feat
-cepext		mfc		mfc
-ceplen		13		13
-ckptintv			0
-cmn		live		batch
-cmninit	40,3,-1		40,3,-1
-ctlfn				/Users/benroye/forge/cmusphinx/voiceVim/etc/voiceVim_train.fileids
-diagfull	no		no
-dictfn				/Users/benroye/forge/cmusphinx/voiceVim/etc/voiceVim.dic
-example	no		no
-fdictfn			/Users/benroye/forge/cmusphinx/voiceVim/etc/voiceVim.filler
-feat		1s_c_d_dd	1s_c_d_dd
-fullvar	no		no
-help		no		no
-hmmdir				
-latdir				
-latext				
-lda				
-ldadim		0		0
-lsnfn				/Users/benroye/forge/cmusphinx/voiceVim/etc/voiceVim_train.transcription
-lw		11.5		1.150000e+01
-maxuttlen	0		0
-meanfn				/Users/benroye/forge/cmusphinx/voiceVim/model_parameters/voiceVim.ci_cont/means
-meanreest	yes		yes
-mixwfn				/Users/benroye/forge/cmusphinx/voiceVim/model_parameters/voiceVim.ci_cont/mixture_weights
-mixwreest	yes		yes
-mllrmat			
-mmie		no		no
-mmie_type	rand		rand
-moddeffn			/Users/benroye/forge/cmusphinx/voiceVim/model_architecture/voiceVim.ci.mdef
-mwfloor	0.00001		1.000000e-08
-npart				4
-nskip				0
-outphsegdir			
-outputfullpath	no		no
-part				1
-pdumpdir			
-phsegdir			
-phsegext	phseg		phseg
-runlen		-1		-1
-sentdir			
-sentext	sent		sent
-spthresh	0.0		0.000000e+00
-svspec				
-timing		yes		no
-tmatfn				/Users/benroye/forge/cmusphinx/voiceVim/model_parameters/voiceVim.ci_cont/transition_matrices
-tmatreest	yes		yes
-topn		4		1
-tpfloor	0.0001		1.000000e-04
-ts2cbfn			.cont.
-varfloor	0.00001		1.000000e-04
-varfn				/Users/benroye/forge/cmusphinx/voiceVim/model_parameters/voiceVim.ci_cont/variances
-varnorm	no		no
-varreest	yes		yes
-viterbi	no		no

INFO: feat.c(715): Initializing feature stream to type: '1s_c_d_dd', ceplen=13, CMN='batch', VARNORM='no', AGC='none'
INFO: main.c(318): Reading /Users/benroye/forge/cmusphinx/voiceVim/model_architecture/voiceVim.ci.mdef
INFO: model_def_io.c(573): Model definition info:
INFO: model_def_io.c(574): 39 total models defined (39 base, 0 tri)
INFO: model_def_io.c(575): 156 total states
INFO: model_def_io.c(576): 117 total tied states
INFO: model_def_io.c(577): 117 total tied CI states
INFO: model_def_io.c(578): 39 total tied transition matrices
INFO: model_def_io.c(579): 4 max state/model
INFO: model_def_io.c(580): 4 min state/model
INFO: s3mixw_io.c(117): Read /Users/benroye/forge/cmusphinx/voiceVim/model_parameters/voiceVim.ci_cont/mixture_weights [117x1x1 array]
INFO: s3tmat_io.c(118): Read /Users/benroye/forge/cmusphinx/voiceVim/model_parameters/voiceVim.ci_cont/transition_matrices [39x3x4 array]
INFO: mod_inv.c(301): inserting tprob floor 1.000000e-04 and renormalizing
INFO: s3gau_io.c(169): Read /Users/benroye/forge/cmusphinx/voiceVim/model_parameters/voiceVim.ci_cont/means [117x1x1 array]
INFO: s3gau_io.c(169): Read /Users/benroye/forge/cmusphinx/voiceVim/model_parameters/voiceVim.ci_cont/variances [117x1x1 array]
INFO: gauden.c(176): 117 total mgau
INFO: gauden.c(150): 1 feature streams (|0|=39 )
INFO: gauden.c(187): 1 total densities
INFO: gauden.c(90): min_var=1.000000e-04
INFO: gauden.c(165): compute 1 densities/frame
INFO: main.c(431): Will reestimate mixing weights.
INFO: main.c(433): Will reestimate means.
INFO: main.c(435): Will reestimate variances.
INFO: main.c(443): Will reestimate transition matrices
INFO: main.c(456): Reading main dictionary: /Users/benroye/forge/cmusphinx/voiceVim/etc/voiceVim.dic
INFO: lexicon.c(221): 133 entries added from /Users/benroye/forge/cmusphinx/voiceVim/etc/voiceVim.dic
INFO: main.c(466): Reading filler dictionary: /Users/benroye/forge/cmusphinx/voiceVim/etc/voiceVim.filler
INFO: lexicon.c(221): 3 entries added from /Users/benroye/forge/cmusphinx/voiceVim/etc/voiceVim.filler
INFO: corpus.c(1065): Will process 85 utts starting at 0
INFO: main.c(665): Reestimation: Baum-Welch
INFO: cmn.c(133): CMN: 43.72  7.94 -2.78 23.45 -9.17 -4.16 -3.45 -17.00 -1.56 -12.80 -3.44 -0.34 -6.98 
column defns
	<seq>
	<id>
	<n_frame_in>
	<n_frame_del>
	<n_state_shmm>
	<avg_states_alpha>
	<avg_states_beta>
	<avg_states_reest>
	<avg_posterior_prune>
	<frame_log_lik>
	<utt_log_lik>
	... timing info ... 
utt>     0                   again_0   60    0INFO: cvt2triphone.c(199): no multiphones defined, no conversion done
    24 18  2 5 4.680047e-12 -1.509095e+02 -9.054569e+03
INFO: cmn.c(133): CMN: 40.23 13.89  2.93 -11.47 -17.36 -10.55 -7.00  2.65 -14.02 -6.57 -1.64 -2.75 -9.72 
utt>     1                   alpha_0   55    0    24 18  3 6 5.450807e-12 -1.502608e+02 -8.264343e+03
INFO: cmn.c(133): CMN: 46.58  4.31 -4.40 21.10 -17.67 -5.71 -8.00 -17.44  2.10  1.39  1.95 -4.15 -3.76 
utt>     2                     and_0   50    0    20 15  3 5 2.754723e-12 -1.518737e+02 -7.593684e+03
INFO: cmn.c(133): CMN: 42.49 14.11  5.47  7.40 -5.76  2.55 -23.12 -11.60 -9.59  5.20  0.10 -11.70  0.87 
utt>     3                  append_0   59    0    28 20  2 4 5.284446e-12 -1.500759e+02 -8.854476e+03
INFO: cmn.c(133): CMN: 48.56  5.89  8.69 -21.49 14.59  7.16 -20.28 -4.05 -28.69  1.47 15.22 -3.87  6.79 
utt>     4                  assign_0   72    0    24 14  2 3 3.148927e-12 -1.519805e+02 -1.094260e+04
INFO: cmn.c(133): CMN: 44.99  7.87 -11.50 -2.72 -15.71  9.12 -18.56 -7.35  6.23  8.75  5.19 -13.86 -1.35 
utt>     5                    back_0   50    0    20 13  2 4 4.459645e-12 -1.516079e+02 -7.580394e+03
INFO: cmn.c(133): CMN: 40.27 16.52  0.26 -3.01 -3.72 -2.80 -14.22 -11.45  1.28 -0.72 -3.56 -9.04 -11.74 
utt>     6                backward_0   65    0    32 16  2 5 8.719249e-13 -1.512803e+02 -9.833220e+03
INFO: cmn.c(133): CMN: 42.24 15.25 -0.24 11.51 -10.76 -12.52 -4.75 -14.28 -3.88 -1.85  4.90 -2.21 -6.12 
utt>     7                    bang_0   55    0    20 15  2 5 8.162136e-12 -1.497005e+02 -8.233527e+03
INFO: cmn.c(133): CMN: 44.40  6.78 -8.21  8.71 -7.44  6.36 -17.43 -5.21  2.52  1.72 -0.27 -8.41 -1.81 
utt>     8                 bigback_0   67    0    32 21  2 4 4.298467e-12 -1.531730e+02 -1.026259e+04
INFO: cmn.c(133): CMN: 41.72 15.01  1.77 11.30  6.09 12.72 -10.86 -17.46 -6.12 -8.14 -10.43 -12.92 -5.42 
utt>     9                 bigword_0   63    0    32 24  2 5 2.764113e-12 -1.539356e+02 -9.697944e+03
INFO: cmn.c(133): CMN: 43.28  9.81 -4.04  0.72 -15.77 -1.76 -20.71 -6.48 -5.08 -0.74 -2.24 -12.85 -4.26 
utt>    10                 bracket_0   57    0    28 13  2 4 2.842960e-12 -1.584318e+02 -9.030612e+03
INFO: cmn.c(133): CMN: 42.49 22.75  3.94 -17.21 -16.31 -11.12 -1.28  1.85 -21.35 -11.69 -13.35  0.72 -2.45 
utt>    11                   bravo_0   62    0    28 18  2 4 4.952073e-12 -1.506652e+02 -9.341241e+03
INFO: cmn.c(133): CMN: 47.08 -0.16  2.40  2.92 -6.72 -3.22 -0.58 -6.00 -19.57  5.45 10.69 -4.77 -9.26 
utt>    12              capitalize_0  115    0    44 20  2 4 2.718394e-12 -1.582545e+02 -1.819927e+04
INFO: cmn.c(133): CMN: 41.85 11.41 -1.00 -6.35 -9.45 -4.26 -31.61 -15.40 -18.02  4.77 -0.59 -11.53  1.68 
utt>    13                  carrot_0   49    0    28 20  2 5 7.189281e-12 -1.544528e+02 -7.568189e+03
INFO: cmn.c(133): CMN: 43.75 19.83 -4.88 -11.25  1.19 -3.18 -18.16 -11.47 -19.97 -13.25 -11.63 -0.99 -1.32 
utt>    14                 charlie_0   52    0    28 16  2 3 4.062616e-12 -1.526671e+02 -7.938689e+03
INFO: cmn.c(133): CMN: 43.27 11.84 14.56 15.73 -30.56 -0.52 -4.48 -17.61 -5.12 -9.08  5.15 -21.27 -5.93 
utt>    15                   colon_0   50    0    28 20  2 5 7.498737e-12 -1.566630e+02 -7.833151e+03
INFO: cmn.c(133): CMN: 40.52 10.99  3.64 -7.32 -22.76  6.34 -10.08 -9.45 -2.22 -5.43  5.65 -2.34 -2.53 
utt>    16                   comma_0   55    0    24 16  2 5 3.362677e-12 -1.481776e+02 -8.149769e+03
INFO: cmn.c(133): CMN: 43.35 -1.09 -6.18 10.51 -8.26  1.73 -12.21  3.16 -11.07 -5.01  1.69 -3.65 -3.43 
utt>    17                complete_0   70    0    36 16  2 5 2.991221e-12 -1.568126e+02 -1.097688e+04
INFO: cmn.c(133): CMN: 42.95 16.72 -3.21 -1.94 -22.83 -10.30 -1.81 -3.39 -6.65 -7.75  2.43 -9.36 -6.87 
utt>    18                    copy_0   55    0    24 12  2 4 5.120777e-13 -1.522575e+02 -8.374160e+03
INFO: cmn.c(133): CMN: 46.05 14.26  2.72 18.69 -7.11  5.16 -12.04 -14.62 -13.25 -12.10 -6.09 -11.07 -16.44 
utt>    19                   curly_0   49    0    24 15  2 4 4.679571e-12 -1.548707e+02 -7.588664e+03
INFO: cmn.c(133): CMN: 43.03 11.00 -9.58 -3.34 -16.67 -9.53 -15.22 -14.35 -14.91 12.68 15.15 -16.68 -6.03 
utt>    20                     cut_0   33    0    20 14  2 5 8.900759e-13 -1.522759e+02 -5.025106e+03
INFO: cmn.c(133): CMN: 45.64  7.56 -3.40  9.35 -21.93  2.99 -8.24 -11.44 -2.96 -0.42  5.08 -12.26 -5.54 
utt>    21                  define_0   80    0    24 12  2 3 1.867623e-12 -1.486905e+02 -1.189524e+04
INFO: cmn.c(133): CMN: 41.74  4.03  5.61 20.42 -5.81  2.50  4.62 -9.38 -0.55 -19.07 -16.23 -2.34 -7.08 
utt>    22                  delete_0   57    0    24 13  2 3 6.916329e-12 -1.507737e+02 -8.594101e+03
INFO: cmn.c(133): CMN: 40.59 12.49  4.39 -8.64 -13.77 -7.50 -13.19 -8.32 -22.77 -7.10 -3.15 -5.71 -12.84 
utt>    23                   delta_0   55    0    28 21  2 4 2.962278e-12 -1.557943e+02 -8.568687e+03
INFO: cmn.c(133): CMN: 47.52 16.53  5.42 -6.14 -31.19  2.72 -7.95 -4.91 -25.70  6.89  9.60 -3.23  2.45 
utt>    24                   dolla_0   52    0    24 15  2 4 2.410356e-12 -1.551847e+02 -8.069606e+03
INFO: cmn.c(133): CMN: 44.83  8.14 -0.03 -9.61 -26.21  7.58 -16.43 -5.07  3.51 -4.80 11.89  2.56 -4.99 
utt>    25                     dot_0   40    0    20 15  2 3 3.644626e-12 -1.562006e+02 -6.248023e+03
INFO: cmn.c(133): CMN: 44.10 18.84 -6.59 -6.53 -16.94 -8.65 -9.15  0.20 -8.35 -4.89  2.21 -4.69  2.93 
utt>    26                    down_0   48    0    20 15  2 5 2.680439e-12 -1.471448e+02 -7.062949e+03
INFO: cmn.c(133): CMN: 45.74 -19.21  0.98 20.41 -12.80  5.92 -11.88  4.22 -8.91 -2.21 -1.60  3.90 -6.65 
utt>    27                    east_0   54    0    20 13  1 3 6.133804e-12 -1.519250e+02 -8.203949e+03
INFO: cmn.c(133): CMN: 40.27 14.07 -4.94 -9.79  3.21 -6.00 -22.44 -11.31 -13.36 -10.47 -11.18  1.38 -9.25 
utt>    28                    echo_0   48    0    20 15  2 3 1.078063e-12 -1.545324e+02 -7.417554e+03
INFO: cmn.c(133): CMN: 41.50 13.21 -4.16  4.33 -13.29 -13.16 -8.53 -4.13  6.00  3.27 -1.96 -5.65 -10.47 
utt>    29                    egap_0   55    0    24 14  2 5 1.909858e-12 -1.512219e+02 -8.317205e+03
INFO: cmn.c(133): CMN: 39.25 -1.87  0.21 20.21 -1.56  5.18 -17.40  0.49 -2.35 -12.99  2.65 -4.12 -3.15 
utt>    30                   eight_0   41    0    16 12  2 4 5.061058e-12 -1.511923e+02 -6.198884e+03
INFO: cmn.c(133): CMN: 47.96  5.99  8.01 25.57 -13.24  3.74 -4.97 -32.27 -0.53 -0.22 -3.86 -16.77 -7.51 
utt>    31                    elif_0   43    0    24 17  2 5 3.786316e-12 -1.564421e+02 -6.727009e+03
INFO: cmn.c(133): CMN: 47.71 -5.71 14.96 -10.39 -32.48  0.05 -6.65 -12.32 -9.58 12.52 -1.94 -9.99  1.30 
utt>    32                    else_0   54    0    20 13  2 4 1.191532e-12 -1.525872e+02 -8.239711e+03
INFO: cmn.c(133): CMN: 43.58  9.96 -1.31 10.84 -3.77  5.30 -13.47 -24.29  1.13  4.30 -1.65 -7.93 -2.19 
utt>    33                     end_0   49    0    20 14  2 4 2.689386e-12 -1.482272e+02 -7.263134e+03
INFO: cmn.c(133): CMN: 40.86 13.52  0.40  7.42 -3.42  3.17 -7.94 -22.35 -9.91 -0.68 -0.33 -11.40 -8.35 
utt>    34                   enter_0   49    0    24 13  2 4 3.167746e-12 -1.500379e+02 -7.351858e+03
INFO: cmn.c(133): CMN: 34.32 -14.76  9.42 -3.44 -14.78 13.08 -20.62 -1.69  4.21 -10.61  2.98 -9.15 -4.31 
utt>    35                  equals_0   30    0    32 19  2 4 4.107778e-12 -1.529007e+02 -4.587020e+03
INFO: cmn.c(133): CMN: 38.88  3.14 -2.27 16.67 -6.59 -9.05 -1.61 -10.07 -6.63 -7.47  0.95 -4.86 -9.05 
utt>    36                  escape_0   70    0    28 15  2 5 3.817197e-12 -1.503405e+02 -1.052383e+04
INFO: cmn.c(133): CMN: 45.27 -4.33 18.10  0.49 -40.45  3.25 -12.69 -11.07  2.15 -0.09  2.77 -19.43  2.84 
utt>    37                   false_0   52    0    24 18  3 6 3.497129e-12 -1.532145e+02 -7.967156e+03
INFO: cmn.c(133): CMN: 42.83 18.80  6.48 10.11 -19.63 -5.93 -8.06 -10.82  3.18 -9.97  2.71 -0.75 -9.84 
utt>    38               filebegin_0   78    0    40 20  2 5 2.369346e-12 -1.510312e+02 -1.178044e+04
INFO: cmn.c(133): CMN: 43.24 19.21  5.71  1.78 -27.55 -3.55 -9.64 -12.42  8.31 -6.90  5.34 -6.21 -9.54 
utt>    39                 fileend_0   74    0    32 17  2 4 4.279731e-12 -1.480736e+02 -1.095745e+04
INFO: cmn.c(133): CMN: 46.33 10.49  3.64 -5.87 -9.78  7.46 -21.44 -6.30 -22.25  5.55  8.25 -1.75 -5.16 
utt>    40                    five_0   41    0    20 14  2 4 3.328766e-12 -1.496155e+02 -6.134237e+03
INFO: cmn.c(133): CMN: 37.65 17.57 12.12 -1.47 -5.86 -7.68 -11.23 -9.38 -0.34 -3.07 -14.97 -15.58 -10.00 
utt>    41                 forward_0   70    0    36 26  4 8 8.945873e-12 -1.496507e+02 -1.047555e+04
INFO: cmn.c(133): CMN: 41.97 19.78 19.24  3.96 -8.26 -2.20 -18.58 -17.93 -22.53 -0.31 -5.82 -9.68  0.15 
utt>    42                    four_0   37    0    20 14  2 4 9.431762e-12 -1.556841e+02 -5.760313e+03
INFO: cmn.c(133): CMN: 42.03  6.22 -1.90 -2.11 -12.18 -16.39 -3.75 -6.63 -9.65 -0.76  0.68  1.77  2.00 
utt>    43                 foxtrot_0   58    0    36 24  2 4 4.151937e-12 -1.547572e+02 -8.975917e+03
INFO: cmn.c(133): CMN: 43.81 11.87  5.32  0.44 -21.69 -17.11 -7.65 -5.15 -9.52 -2.11  1.94 -10.40 -4.15 
utt>    44                    golf_0   45    0    24 17  3 6 8.360868e-12 -1.517514e+02 -6.828812e+03
INFO: cmn.c(133): CMN: 40.48 15.68  2.40 12.38  6.05  3.29 -9.81 -19.59 -8.52 -9.26 -4.64 -8.79 -16.12 
utt>    45                    goto_0   63    0    24 14  2 3 3.500580e-12 -1.463200e+02 -9.218161e+03
INFO: cmn.c(133): CMN: 45.32 14.84 -2.20 12.44  3.86 -7.92 -31.46 -12.85 -10.74 -4.37 -8.97 -14.16 -2.85 
utt>    46                 greater_0   52    0    28 20  2 5 5.715089e-12 -1.515795e+02 -7.882132e+03
INFO: cmn.c(133): CMN: 51.95 15.32 -16.99 -3.45 -29.19  4.35 -3.52 -11.14 -0.94  4.96  6.08 -5.31 -9.97 
utt>    47                    high_0   43    0    16 11  2 4 3.164590e-12 -1.465619e+02 -6.302160e+03
INFO: cmn.c(133): CMN: 40.13 10.43  7.39  4.95 -9.28 -9.53 -7.77 -6.21 -18.64 -2.48  1.23 -9.97 -3.40 
utt>    48                   hotel_0   62    0    28 19  2 4 2.186569e-12 -1.497384e+02 -9.283784e+03
INFO: cmn.c(133): CMN: 47.31 -11.28 17.25 15.34 -21.36  7.68 -3.21  2.52 -4.49 -8.84 -0.03 -7.42 -0.15 
utt>    49                   hsals_0   99    0    32 13  2 4 5.472952e-12 -1.602255e+02 -1.586232e+04
INFO: cmn.c(133): CMN: 49.29  8.78 -4.70  0.46 -10.11 -2.94 -10.57 -11.38 -11.59 -4.18  4.25  0.21 -7.01 
utt>    50                     hug_0   52    0    20 15  2 4 5.190515e-12 -1.481673e+02 -7.704702e+03
INFO: cmn.c(133): CMN: 43.35 -1.01 -2.67 23.97 -9.14 -3.58 -8.60 -21.82 -2.65 -8.76 -14.30 -16.15 -5.86 
utt>    51                      if_0   29    0    16 11  2 5 2.110374e-12 -1.528586e+02 -4.432900e+03
INFO: cmn.c(133): CMN: 37.85  5.01 11.50 25.48  6.66 -1.86 -13.30  6.10 -15.38 -5.79  7.83 -11.81 -3.06 
utt>    52                   india_0   56    0    28 20  2 5 7.833253e-12 -1.487438e+02 -8.329654e+03
INFO: cmn.c(133): CMN: 41.10  5.12  5.84  5.27 -1.05 12.16 -14.99 -12.61 -5.05  2.90 -4.20 -11.17 -2.97 
utt>    53                  insert_0   66    0    28 12  1 3 4.040474e-12 -1.508492e+02 -9.956049e+03
INFO: cmn.c(133): CMN: 47.26  9.24 -11.59 19.13 21.42  6.22 -21.57 -21.99 -6.12 -9.50 -3.73 -9.71 -10.34 
utt>    54                 iterate_0   65    0    28 19  2 4 4.029372e-12 -1.604202e+02 -1.042731e+04
INFO: cmn.c(133): CMN: 39.43  0.87  4.54 12.52 -1.73 -5.75 -14.47 -4.14 -13.65 -7.91  0.47 -9.09 -5.13 
utt>    55                  juliet_0   73    0    32 17  2 4 3.267823e-12 -1.536241e+02 -1.121456e+04
INFO: cmn.c(133): CMN: 41.70 -9.47 13.55  8.58 -4.60 -3.04 -13.42 -8.32 -10.84  1.29 -1.64 -4.98 -11.98 
utt>    56                    kees_0   41    0    20 15  2 4 6.616181e-13 -1.510984e+02 -6.195034e+03
INFO: cmn.c(133): CMN: 41.38  9.04 13.82  9.13 -5.89 -4.60 -17.07  0.96 -13.77 -15.29  1.83 -1.85 -10.07 
utt>    57                    kilo_0   63    0    24 14  2 4 1.657930e-12 -1.507687e+02 -9.498426e+03
INFO: cmn.c(133): CMN: 40.91 13.67  4.86 -7.51 -21.22 -9.40 -9.57  3.34 -11.47  0.10 -3.96 -7.12 -2.50 
utt>    58                    left_0   52    0    24 15  2 5 7.660298e-12 -1.519856e+02 -7.903249e+03
INFO: cmn.c(133): CMN: 44.69  2.19 14.67  2.21 -12.21 -3.30 -16.88 -9.56 -19.75 -2.60  7.62 -5.35 -8.67 
utt>    59                  lesser_0   59    0    24 16  2 4 3.198854e-12 -1.518235e+02 -8.957584e+03
INFO: cmn.c(133): CMN: 40.07 12.55 16.12 10.80 -0.75 -1.58 -17.05  2.85 -14.00 -7.25 10.04 -0.37 -0.03 
utt>    60                    lima_0   62    0    24 15  2 4 5.669274e-12 -1.447864e+02 -8.976756e+03
INFO: cmn.c(133): CMN: 42.74 -0.30 13.69  4.66 -0.28  7.50 -5.19 -5.69 -28.20  1.35  6.81 -18.23 -1.97 
utt>    61                  listen_0   51    0    28 17  2 4 4.870476e-12 -1.511885e+02 -7.710616e+03
INFO: cmn.c(133): CMN: 43.85 -4.42  8.06 -9.06 -13.52  2.35 -12.15 -5.29 -18.23  6.51 10.61 -6.99 -1.58 
utt>    62                   lleps_0   57    0    24 12  2 4 3.526600e-12 -1.517855e+02 -8.651771e+03
INFO: cmn.c(133): CMN: 44.55 13.76  9.92  3.70 -27.07 -3.21  8.04 -6.55 -21.80  5.68 -16.18 -7.51  9.10 
utt>    63                     low_0   47    0    16 12  2 4 2.170638e-12 -1.498224e+02 -7.041653e+03
INFO: cmn.c(133): CMN: 43.78 15.28  9.48  7.39 -19.00  4.83 -7.43 -13.98 -9.16 -7.57 -1.98 -7.90 -2.80 
utt>    64                  middle_0   45    0    24 18  2 5 6.635919e-12 -1.505323e+02 -6.773954e+03
INFO: cmn.c(133): CMN: 38.50  4.35  6.59  9.19  1.04 -4.80 -19.93  4.22 -8.58 -4.76  1.93  1.14 -1.96 
utt>    65                    mike_0   50    0    20 14  2 5 3.767985e-12 -1.484112e+02 -7.420560e+03
INFO: cmn.c(133): CMN: 41.85 -0.53 10.86  2.77 -1.83  0.79 -16.92 -5.92 -11.96  1.14  5.31 -6.70  3.61 
utt>    66                   minus_0   58    0    28 16  2 4 3.587083e-12 -1.491285e+02 -8.649453e+03
INFO: cmn.c(133): CMN: 48.72 17.11 -4.89  2.12 -15.79  2.13 -23.45 -2.93 -2.48  0.05  4.49 -14.16 -8.78 
utt>    67                   nerap_0   63    0    28 16  2 5 4.153105e-12 -1.546140e+02 -9.740679e+03
INFO: cmn.c(133): CMN: 42.20  2.09  6.52 -2.16 -4.38 -3.89 -7.70 -7.77 -21.25  4.54  6.42 -15.14  1.26 
utt>    68                  netsil_0   62    0    32 20  2 5 4.958887e-12 -1.522434e+02 -9.439094e+03
INFO: cmn.c(133): CMN: 46.69 13.89  5.35 -3.42 15.84 14.34 -20.58 -4.99 -9.12 -9.89 12.00 -0.99 -3.68 
utt>    69                 newline_0   71    0    28 13  2 4 4.715457e-12 -1.518306e+02 -1.077997e+04
INFO: cmn.c(133): CMN: 40.24 -1.42  2.17  0.17 -4.95 -5.58 -19.33 -4.21 -5.71  3.88  5.77 -9.96 -11.23 
utt>    70                    next_0   62    0    24 19  2 4 2.687662e-12 -1.524430e+02 -9.451467e+03
INFO: cmn.c(133): CMN: 45.29 10.42  0.47 -3.16 -7.48  7.58 -15.02 -4.92 -18.29  6.55  7.35 -6.57  4.63 
utt>    71                    nine_0   45    0    20 15  2 4 2.919629e-12 -1.510328e+02 -6.796474e+03
INFO: cmn.c(133): CMN: 48.28  3.79 -3.23 -6.67 -7.41 -6.52 -7.86 -6.65 -17.16  2.78  0.29 -3.99 -1.15 
utt>    72                   north_0   63    0    24 13  2 4 4.535149e-12 -1.511004e+02 -9.519325e+03
INFO: cmn.c(133): CMN: 38.65 16.11 11.16  2.16  7.50 -1.68 -12.61 -8.53 -14.97  1.74  2.71  1.16 -6.38 
utt>    73                november_0   72    0    36 16  2 4 5.305172e-12 -1.449108e+02 -1.043358e+04
INFO: cmn.c(133): CMN: 43.18 13.51 12.24  5.43 -7.47  5.72 -7.35 -10.40 -14.08  5.75  1.24 -1.20  3.69 
utt>    74                     one_0   48    0    20 14  2 5 4.648204e-12 -1.481892e+02 -7.113080e+03
INFO: cmn.c(133): CMN: 44.28 21.27 18.80 -1.42 -17.59 -0.87 -23.89 -17.72 -22.76  0.29 -0.27 -17.69 -2.08 
utt>    75                      or_0   37    0    16 12  1 3 1.720365e-12 -1.554132e+02 -5.750289e+03
INFO: cmn.c(133): CMN: 40.77  1.91 10.19 -5.26 -14.78 -5.53 -17.45 -8.86 -5.49  1.20  2.15  1.45 -2.96 
utt>    76                   oscar_0   49    0    24 14  2 4 4.279800e-12 -1.501037e+02 -7.355083e+03
INFO: cmn.c(133): CMN: 40.18  7.56  4.35 28.18 -1.81 -12.86 -5.34 -0.96 -4.92 -10.30 -4.57  0.14 -8.10 
utt>    77                    page_0   48    0    20 15  2 5 1.840456e-12 -1.473137e+02 -7.071060e+03
INFO: cmn.c(133): CMN: 42.02 13.44 10.14 -10.88 -10.43 -8.49 -16.06  1.68 -13.28  7.77 19.65  1.48 -0.01 
utt>    78                    papa_0   54    0    24 18  2 4 4.073342e-12 -1.493877e+02 -8.066936e+03
INFO: cmn.c(133): CMN: 45.75 16.45 -3.18  5.04 -12.34  1.43 -13.69 -11.13 -14.18 -2.83  1.49 -12.82 -1.34 
utt>    79                   paren_0   60    0    28 18  2 5 8.693478e-12 -1.502312e+02 -9.013872e+03
INFO: cmn.c(133): CMN: 38.64 -3.19  5.28 10.89 -7.60 -7.30 -11.35 -3.68 -9.62 -3.04  3.57 -13.54 -7.72 
utt>    80                   paste_0   56    0    24 18  2 4 7.457583e-12 -1.528494e+02 -8.559569e+03
INFO: cmn.c(133): CMN: 42.59 -4.98 14.27 -10.63 -19.16  1.59 -22.21 -2.20 -14.12 -2.14 -1.70 -3.52  4.22 
utt>    81                    plus_0   51    0    24 16  2 5 6.852114e-12 -1.505227e+02 -7.676657e+03
INFO: cmn.c(133): CMN: 42.16  5.42  7.23  9.55  2.99  4.49 -18.65 -18.06 -6.25 -5.78 -3.55 -7.69 -14.76 
utt>    82                previous_0   60    0    36 19  2 4 7.444700e-12 -1.508968e+02 -9.053810e+03
INFO: cmn.c(133): CMN: 41.82  6.23 -1.31 10.86  3.92 -6.96 -33.58 -2.78 -4.42 -5.95  6.44 -6.66 -0.57 
utt>    83                  quebec_0   59    0    28 17  2 5 1.658612e-12 -1.502521e+02 -8.864875e+03
INFO: cmn.c(133): CMN: 41.02  1.50 -1.19  8.75 -8.06 -1.99 -5.95 -14.37 -11.41 -3.92  5.22 -6.18 -1.25 
utt>    84                question_0   65    0    36 17  2 5 4.237823e-12 -1.523442e+02 -9.902371e+03
overall> stats 4793 (-0) -1.517782e+02 -7.274727e+05
WARN: "accum.c", line 642: The following senones never occur in the input data
	84 85 86 108 109 110 114 115 116 
INFO: s3mixw_io.c(233): Wrote /Users/benroye/forge/cmusphinx/voiceVim/bwaccumdir/voiceVim_buff_1/mixw_counts [117x1x1 array]
INFO: s3tmat_io.c(176): Wrote /Users/benroye/forge/cmusphinx/voiceVim/bwaccumdir/voiceVim_buff_1/tmat_counts [39x3x4 array]
INFO: s3gau_io.c(485): Wrote /Users/benroye/forge/cmusphinx/voiceVim/bwaccumdir/voiceVim_buff_1/gauden_counts with means with vars (2pass) [117x1x1 vector arrays]
INFO: main.c(999): Counts saved to /Users/benroye/forge/cmusphinx/voiceVim/bwaccumdir/voiceVim_buff_1
Mon Jan 30 07:35:16 2017
