        INFO: main.c(229): Compiled on Jan  6 2017 at 15:11:16
Current configuration:
[NAME]		[DEFLT]		[VALUE]
-2passvar	no		yes
-abeam		1e-100		1.000000e-90
-accumdir			/Users/benroye/forge/cmusphinx/voiceVim/bwaccumdir/voiceVim_buff_4
-agc		none		none
-agcthresh	2.0		2.000000e+00
-bbeam		1e-100		1.000000e-10
-cb2mllrfn	.1cls.		.1cls.
-cepdir				/Users/benroye/forge/cmusphinx/voiceVim/feat
-cepext		mfc		mfc
-ceplen		13		13
-ckptintv			0
-cmn		live		batch
-cmninit	40,3,-1		40,3,-1
-ctlfn				/Users/benroye/forge/cmusphinx/voiceVim/etc/voiceVim_train.fileids
-diagfull	no		no
-dictfn				/Users/benroye/forge/cmusphinx/voiceVim/etc/voiceVim.dic
-example	no		no
-fdictfn			/Users/benroye/forge/cmusphinx/voiceVim/etc/voiceVim.filler
-feat		1s_c_d_dd	1s_c_d_dd
-fullvar	no		no
-help		no		no
-hmmdir				
-latdir				
-latext				
-lda				
-ldadim		0		0
-lsnfn				/Users/benroye/forge/cmusphinx/voiceVim/etc/voiceVim_train.transcription
-lw		11.5		1.150000e+01
-maxuttlen	0		0
-meanfn				/Users/benroye/forge/cmusphinx/voiceVim/model_parameters/voiceVim.ci_cont/means
-meanreest	yes		yes
-mixwfn				/Users/benroye/forge/cmusphinx/voiceVim/model_parameters/voiceVim.ci_cont/mixture_weights
-mixwreest	yes		yes
-mllrmat			
-mmie		no		no
-mmie_type	rand		rand
-moddeffn			/Users/benroye/forge/cmusphinx/voiceVim/model_architecture/voiceVim.ci.mdef
-mwfloor	0.00001		1.000000e-08
-npart				4
-nskip				0
-outphsegdir			
-outputfullpath	no		no
-part				4
-pdumpdir			
-phsegdir			
-phsegext	phseg		phseg
-runlen		-1		-1
-sentdir			
-sentext	sent		sent
-spthresh	0.0		0.000000e+00
-svspec				
-timing		yes		no
-tmatfn				/Users/benroye/forge/cmusphinx/voiceVim/model_parameters/voiceVim.ci_cont/transition_matrices
-tmatreest	yes		yes
-topn		4		1
-tpfloor	0.0001		1.000000e-04
-ts2cbfn			.cont.
-varfloor	0.00001		1.000000e-04
-varfn				/Users/benroye/forge/cmusphinx/voiceVim/model_parameters/voiceVim.ci_cont/variances
-varnorm	no		no
-varreest	yes		yes
-viterbi	no		no

INFO: feat.c(715): Initializing feature stream to type: '1s_c_d_dd', ceplen=13, CMN='batch', VARNORM='no', AGC='none'
INFO: main.c(318): Reading /Users/benroye/forge/cmusphinx/voiceVim/model_architecture/voiceVim.ci.mdef
INFO: model_def_io.c(573): Model definition info:
INFO: model_def_io.c(574): 39 total models defined (39 base, 0 tri)
INFO: model_def_io.c(575): 156 total states
INFO: model_def_io.c(576): 117 total tied states
INFO: model_def_io.c(577): 117 total tied CI states
INFO: model_def_io.c(578): 39 total tied transition matrices
INFO: model_def_io.c(579): 4 max state/model
INFO: model_def_io.c(580): 4 min state/model
INFO: s3mixw_io.c(117): Read /Users/benroye/forge/cmusphinx/voiceVim/model_parameters/voiceVim.ci_cont/mixture_weights [117x1x1 array]
INFO: s3tmat_io.c(118): Read /Users/benroye/forge/cmusphinx/voiceVim/model_parameters/voiceVim.ci_cont/transition_matrices [39x3x4 array]
INFO: mod_inv.c(301): inserting tprob floor 1.000000e-04 and renormalizing
INFO: s3gau_io.c(169): Read /Users/benroye/forge/cmusphinx/voiceVim/model_parameters/voiceVim.ci_cont/means [117x1x1 array]
INFO: s3gau_io.c(169): Read /Users/benroye/forge/cmusphinx/voiceVim/model_parameters/voiceVim.ci_cont/variances [117x1x1 array]
INFO: gauden.c(176): 117 total mgau
INFO: gauden.c(150): 1 feature streams (|0|=39 )
INFO: gauden.c(187): 1 total densities
INFO: gauden.c(90): min_var=1.000000e-04
INFO: gauden.c(165): compute 1 densities/frame
INFO: main.c(431): Will reestimate mixing weights.
INFO: main.c(433): Will reestimate means.
INFO: main.c(435): Will reestimate variances.
INFO: main.c(443): Will reestimate transition matrices
INFO: main.c(456): Reading main dictionary: /Users/benroye/forge/cmusphinx/voiceVim/etc/voiceVim.dic
INFO: lexicon.c(221): 133 entries added from /Users/benroye/forge/cmusphinx/voiceVim/etc/voiceVim.dic
INFO: main.c(466): Reading filler dictionary: /Users/benroye/forge/cmusphinx/voiceVim/etc/voiceVim.filler
INFO: lexicon.c(221): 3 entries added from /Users/benroye/forge/cmusphinx/voiceVim/etc/voiceVim.filler
INFO: corpus.c(403): skipping 255 utts.
INFO: corpus.c(407): Last utt skipped: 153_0
INFO: corpus.c(1062): Will process all remaining utts starting at 255
INFO: main.c(665): Reestimation: Baum-Welch
INFO: cmn.c(133): CMN: 43.69  2.42  1.45  6.47 -9.96 -13.53 -13.74 13.25 -13.35 -4.23  0.63 -9.33 -4.05 
column defns
	<seq>
	<id>
	<n_frame_in>
	<n_frame_del>
	<n_state_shmm>
	<avg_states_alpha>
	<avg_states_beta>
	<avg_states_reest>
	<avg_posterior_prune>
	<frame_log_lik>
	<utt_log_lik>
	... timing info ... 
utt>   255                     154_0 1437    0INFO: cvt2triphone.c(199): no multiphones defined, no conversion done
   360 26  2 4 3.425333e-12 -1.485862e+02 -2.135184e+05
INFO: cmn.c(133): CMN: 42.55  3.32 -10.42  3.57  3.00 -8.33 -6.37 -1.06 -8.68  1.40 -1.64 -7.57 -6.26 
utt>   256                     156_0 1594    0   336 29  2 3 3.316973e-12 -1.489787e+02 -2.374721e+05
INFO: cmn.c(133): CMN: 46.55  7.15 -4.67  3.57 -2.89 -6.81 -15.06  0.86 -12.49  1.09 -3.04 -7.15 -5.42 
utt>   257                     157_0 1525    0   420 23  2 4 3.224770e-12 -1.486501e+02 -2.266915e+05
INFO: cmn.c(133): CMN: 44.92  5.97 -5.59 -7.52  0.42  1.12 -20.22  3.84 -10.47 -2.53  5.10 -12.25 -6.55 
utt>   258                     158_0 1428    0   340 23  2 3 3.005686e-12 -1.480403e+02 -2.114016e+05
INFO: cmn.c(133): CMN: 35.82 14.84  3.02 -0.55 -1.28 -9.79 -18.58 -6.04 -9.44 -3.10  3.76  0.80 -0.89 
utt>   259                     159_0 1103    0   284 27  2 5 3.743066e-12 -1.452424e+02 -1.602024e+05
INFO: cmn.c(133): CMN: 36.31 11.75  7.97 -1.10 -9.63 -12.11 -17.34 -3.52 -13.30  1.61  5.10  1.27  2.96 
utt>   260                     161_0 1274    0   332 25  2 4 3.479379e-12 -1.462847e+02 -1.863667e+05
INFO: cmn.c(133): CMN: 36.97 10.94  3.20 11.20 -2.99 -15.80 -18.38 -7.23 -13.87 -0.68  6.66  0.50 -1.64 
utt>   261                     162_0 1137    0   300 28  2 4 3.634164e-12 -1.460964e+02 -1.661117e+05
INFO: cmn.c(133): CMN: 37.13 11.78  3.81 11.02 -5.82 -16.02 -16.70 -5.97 -14.03  1.28  8.70 -0.10  0.37 
utt>   262                     163_0 1500    0   404 27  2 4 2.786723e-12 -1.464140e+02 -2.196210e+05
INFO: cmn.c(133): CMN: 37.48 15.96  4.28  2.79 -8.10 -19.39 -18.82 -6.66 -16.82  2.97  8.32  5.36 -0.43 
utt>   263                     164_0 1484    0   432 25  2 4 3.630250e-12 -1.456270e+02 -2.161104e+05
INFO: cmn.c(133): CMN: 37.58 11.62  3.82  3.39 -8.96 -14.15 -14.16 -2.75 -14.83  0.78  6.00  0.30 -0.08 
utt>   264                     166_0 1454    0   368 29  2 3 2.668714e-12 -1.496638e+02 -2.176112e+05
INFO: cmn.c(133): CMN: 37.62 14.93  4.15  3.54 -5.74 -14.55 -15.04 -4.94 -13.50  2.15  4.98  3.05 -0.66 
utt>   265                     167_0 1529    0   424 24  2 4 3.156369e-12 -1.452656e+02 -2.221112e+05
INFO: cmn.c(133): CMN: 37.59 10.40  3.86  4.54 -8.23 -11.76 -14.07 -2.65 -13.82  2.30  3.96 -0.60  1.13 
utt>   266                     168_0 1621    0   464 26  2 4 4.043687e-12 -1.461070e+02 -2.368395e+05
INFO: cmn.c(133): CMN: 36.28 12.56  4.74  5.15 -9.38 -12.90 -13.53 -4.95 -11.90  0.16  2.82  0.32  0.98 
utt>   267                     169_0 1425    0   400 25  2 4 3.491709e-12 -1.458187e+02 -2.077916e+05
INFO: cmn.c(133): CMN: 40.97 10.11  6.02 -1.10 -9.11 -16.34 -21.07  8.50 -17.08  1.64 -5.33 -0.22  4.39 
utt>   268                     171_0 1470    0   340 22  1 3 3.340034e-12 -1.463656e+02 -2.151575e+05
INFO: cmn.c(133): CMN: 44.36 13.43  3.80  3.89 -7.90 -17.24 -22.19  6.45 -19.99 -1.16 -5.46 -2.00  6.14 
utt>   269                     172_0 1455    0   408 21  2 4 3.553878e-12 -1.470395e+02 -2.139425e+05
INFO: cmn.c(133): CMN: 43.66 15.01  5.17 -2.25 -8.97 -15.97 -18.74  8.25 -20.62 -2.68 -5.32  1.25  2.55 
utt>   270                     173_0 1346    0   376 23  2 4 4.207277e-12 -1.482430e+02 -1.995351e+05
INFO: cmn.c(133): CMN: 46.00 11.75  5.66 -5.22 -10.29 -10.46 -21.07  9.29 -22.42 -1.62 -5.84 -3.62  3.67 
utt>   271                     174_0  924    0   268 21  2 4 3.183417e-12 -1.481791e+02 -1.369175e+05
INFO: cmn.c(133): CMN: 46.09 15.58 -1.68 -7.79 -6.76 -11.62 -17.88  3.06 -15.75 -2.39 -5.84 -1.33  0.86 
utt>   272                     176_0 1795    0   484 20  2 4 3.787763e-12 -1.467612e+02 -2.634363e+05
INFO: cmn.c(133): CMN: 45.64 11.15  1.54 -5.61 -5.05 -11.81 -16.58  3.04 -16.45 -2.16 -6.46 -4.66  0.70 
utt>   273                     177_0 1401    0   396 23  2 4 3.740260e-12 -1.481605e+02 -2.075728e+05
INFO: cmn.c(133): CMN: 43.97  8.86 -4.20 -1.36 -8.90 -13.76 -10.93  1.82 -10.92 -5.96 -3.16 -0.36 -0.45 
utt>   274                     178_0 1211    0   288 26  2 3 3.581344e-12 -1.464888e+02 -1.773980e+05
INFO: cmn.c(133): CMN: 45.07 17.92 -2.50 -6.97 -8.36 -7.91 -22.54  0.87 -19.57 -2.36 -2.52 -1.94  4.29 
utt>   275                     179_0 1539    0   444 22  2 4 3.741761e-12 -1.482662e+02 -2.281816e+05
INFO: cmn.c(133): CMN: 43.03 15.14 -2.60 -10.98 -5.35 -7.49 -23.11  2.18 -10.46 -7.18 -5.75  1.68  4.29 
utt>   276                     181_0 1529    0   372 26  2 4 3.727169e-12 -1.466503e+02 -2.242283e+05
INFO: cmn.c(133): CMN: 47.73 14.52 -3.40 -0.22 -10.30 -15.91 -14.30  5.22 -19.30 -9.14 -1.46  1.81  5.42 
utt>   277                     182_0 1330    0   380 23  2 4 3.714319e-12 -1.491346e+02 -1.983491e+05
INFO: cmn.c(133): CMN: 45.08 13.40 -3.25 -5.03 -9.16 -17.84 -12.39  1.57 -14.93 -6.53 -3.78  4.17  3.40 
utt>   278                     183_0 1654    0   432 23  2 4 3.269760e-12 -1.489617e+02 -2.463827e+05
INFO: cmn.c(133): CMN: 47.04  0.66 -0.18 -1.53 -6.41 -2.41 -13.72  6.21 -16.73  3.26 -6.98 -9.24 -5.33 
utt>   279                     184_0 1464    0   396 21  2 4 4.232345e-12 -1.490445e+02 -2.182012e+05
INFO: cmn.c(133): CMN: 40.51 10.00  3.64 -3.22 -14.28 -5.42 -8.74  5.15 -17.74 -3.44 -3.70 -4.01  3.20 
utt>   280                     186_0 1321    0   340 24  2 4 3.631239e-12 -1.464425e+02 -1.934506e+05
INFO: cmn.c(133): CMN: 41.79 10.69  4.74 -1.40 -14.33 -9.51 -13.76  7.10 -18.22 -6.65 -2.37 -5.45  2.64 
utt>   281                     187_0 1861    0   540 24  2 4 3.121506e-12 -1.471564e+02 -2.738580e+05
INFO: cmn.c(133): CMN: 43.25 16.10  3.08  0.00 -9.09 -6.71 -15.21 -5.00 -15.43  3.70 11.09 -4.89 -0.73 
utt>   282                     188_0 1249    0   356 21  2 4 3.162967e-12 -1.496355e+02 -1.868947e+05
INFO: cmn.c(133): CMN: 42.05  9.35  6.53  1.00 -10.05 -12.37 -13.21 -0.10 -11.87 10.27  6.66 -5.22  3.22 
utt>   283                     189_0 1088    0   284 25  2 4 4.210129e-12 -1.485717e+02 -1.616460e+05
INFO: cmn.c(133): CMN: 43.02 13.54  2.11  4.29 -2.69 -6.11 -21.33 -2.31 -13.93  1.47 12.38  0.86 -0.11 
utt>   284                     191_0 1584    0   444 23  2 4 3.451292e-12 -1.477101e+02 -2.339728e+05
INFO: cmn.c(133): CMN: 43.03  8.39  5.24  2.48 -4.77 -8.12 -21.37 -3.29 -15.35  6.66  7.72  1.29 -1.15 
utt>   285                     192_0 1507    0   436 21  2 4 3.271986e-12 -1.479128e+02 -2.229046e+05
INFO: cmn.c(133): CMN: 38.64 12.05 13.16 10.95  2.88 10.74 -15.69 -1.25 -15.30 -2.04 12.33 -7.25 -9.67 
utt>   286                     193_0 1225    0   300 49  2 4 3.800437e-12 -1.504808e+02 -1.843390e+05
INFO: cmn.c(133): CMN: 42.51 11.53  3.58  3.01 -3.11 -4.05 -19.66 -7.69 -13.66  3.88  6.94  1.37 -0.50 
utt>   287                     194_0 1714    0   476 23  2 4 3.147590e-12 -1.478716e+02 -2.534519e+05
INFO: cmn.c(133): CMN: 40.59  9.17  6.47  3.89 -9.11 -11.99 -13.48 -2.06 -8.46  0.78  5.22 -1.59 -5.25 
utt>   288                     196_0 1505    0   388 24  2 4 3.368598e-12 -1.464098e+02 -2.203468e+05
INFO: cmn.c(133): CMN: 40.03  5.02  2.55  5.05 -2.65 -2.76 -18.17 -2.92 -9.48  2.49  5.04  0.81 -1.98 
utt>   289                     197_0 1199    0   288 25  2 3 2.956256e-12 -1.481505e+02 -1.776324e+05
INFO: cmn.c(133): CMN: 41.91 13.52  4.72  4.27 -9.66 -10.79 -14.32 -3.09 -10.79 -0.13  3.75 -0.31 -3.00 
utt>   290                     198_0 1603    0   404 23  2 4 3.371303e-12 -1.452214e+02 -2.327899e+05
INFO: cmn.c(133): CMN: 39.79  7.47 -0.61 10.64  1.29 -3.02 -17.37 -2.45 -8.61 -3.01  3.73  0.81  0.95 
utt>   291                     199_0 1134    0   264 30  2 3 3.997635e-12 -1.447871e+02 -1.641886e+05
INFO: cmn.c(133): CMN: 42.70  4.21  4.66  4.43 -3.03 -4.73 -20.77  2.03 -11.81  0.55  4.10 -0.09  0.77 
utt>   292                     201_0 1524    0   376 24  2 4 2.932715e-12 -1.483157e+02 -2.260332e+05
INFO: cmn.c(133): CMN: 43.99  8.64  4.01  2.15 -5.78 -5.77 -21.84 -0.77 -13.88 -0.80  3.48  3.51  0.77 
utt>   293                     202_0 1476    0   448 23  2 4 4.011752e-12 -1.512817e+02 -2.232918e+05
INFO: cmn.c(133): CMN: 45.53  9.51  5.14  3.07 -5.24 -4.29 -29.78  1.05 -19.68 -0.86  8.15  2.56  1.15 
utt>   294                     203_0  911    0   276 19  2 4 2.679293e-12 -1.492284e+02 -1.359470e+05
INFO: cmn.c(133): CMN: 44.77 12.87  5.49  5.24 -3.33 -2.67 -25.96  0.00 -17.75 -1.60  9.04  1.66  0.79 
utt>   295                     204_0 1112    0   380 21  2 4 3.400566e-12 -1.498440e+02 -1.666265e+05
INFO: cmn.c(133): CMN: 43.26  6.49  5.60  4.12 -3.96 -4.29 -20.59  1.38 -17.04  2.23  9.66  1.24  1.60 
utt>   296                     206_0  842    0   240 26  2 4 4.581603e-12 -1.495281e+02 -1.259026e+05
INFO: cmn.c(133): CMN: 43.87  5.08 11.37 10.05 -8.96 -6.74 -19.41 -0.10 -10.55  1.20  6.00 -9.60  2.03 
utt>   297                     207_0 1325    0   392 22  2 4 3.166742e-12 -1.497281e+02 -1.983897e+05
INFO: cmn.c(133): CMN: 41.94  6.54  5.96  7.65 -4.98 -5.00 -21.16  1.06 -7.27 -1.87  1.28  0.53 -1.60 
utt>   298                     208_0 1060    0   288 23  2 4 2.849779e-12 -1.474983e+02 -1.563482e+05
INFO: cmn.c(133): CMN: 44.33  9.16  5.71 -0.08 -5.15 -2.67 -23.78 -0.41 -15.36 -1.08  5.08 -0.09  4.04 
utt>   299                     209_0 1786    0   564 21  2 4 3.544005e-12 -1.494318e+02 -2.668852e+05
INFO: cmn.c(133): CMN: 43.25  5.24  0.08  1.39 -4.90 -3.91 -16.90 -0.09 -16.24 -0.17 -1.41 -3.49 -4.51 
utt>   300                     211_0 1313    0   352 24  2 4 2.880030e-12 -1.478314e+02 -1.941026e+05
INFO: cmn.c(133): CMN: 41.32  2.63 -1.30  4.31 -2.24 -4.19 -15.37 -3.18 -11.27 -0.91 -2.55 -4.51 -5.90 
utt>   301                     212_0 1073    0   276 30  2 4 3.721197e-12 -1.487396e+02 -1.595976e+05
INFO: cmn.c(133): CMN: 42.05  6.92 -1.62  0.50 -4.41 -1.82 -15.77 -3.98 -11.30 -1.60 -2.22 -4.88 -2.31 
utt>   302                     213_0 1203    0   292 31  2 4 3.487121e-12 -1.461032e+02 -1.757621e+05
INFO: cmn.c(133): CMN: 43.26  6.97  0.03  2.37  0.50 -3.25 -19.94  0.17 -12.73 -6.47  0.48 -6.23 -3.85 
utt>   303                     214_0 1521    0   392 31  2 3 2.566822e-12 -1.502424e+02 -2.285187e+05
INFO: cmn.c(133): CMN: 43.12  6.45  4.27  4.94 -3.32 -1.96 -20.20 -0.05 -10.16 -7.67  6.79 -9.14 -6.76 
utt>   304                     216_0  778    0   204 25  2 4 3.329143e-12 -1.495714e+02 -1.163665e+05
INFO: cmn.c(133): CMN: 44.53  5.63  4.47  3.29 -5.43 -3.24 -19.97 -1.21 -11.54 -6.31  4.29 -7.97 -6.74 
utt>   305                     217_0 1007    0   280 23  2 4 3.737403e-12 -1.503288e+02 -1.513811e+05
INFO: cmn.c(133): CMN: 46.05  4.90  0.21  1.94 -3.91 -5.60 -20.07 -2.36 -17.11  1.54 -2.57 -2.32 -5.86 
utt>   306                     218_0 1296    0   356 29  2 4 4.692938e-12 -1.511235e+02 -1.958560e+05
INFO: cmn.c(133): CMN: 43.02  6.18 -1.09  3.80 -3.48 -3.90 -21.12 -0.79 -9.35 -5.47 -2.85 -0.34 -6.29 
utt>   307                     219_0 1090    0   320 37  2 4 3.848364e-12 -1.504154e+02 -1.639528e+05
INFO: cmn.c(133): CMN: 41.86  3.52  5.02  1.69 -7.68 -3.97 -16.94 -0.88 -10.77 -7.51  1.25 -4.73 -6.54 
utt>   308                     221_0 1318    0   368 27  2 4 3.768685e-12 -1.496688e+02 -1.972635e+05
INFO: cmn.c(133): CMN: 41.81  5.31  3.61  3.08 -5.46 -0.53 -18.62 -1.68 -11.19 -5.19 -1.42 -2.44 -7.53 
utt>   309                     222_0 1461    0   384 25  2 3 3.167807e-12 -1.495665e+02 -2.185167e+05
INFO: cmn.c(133): CMN: 43.93 10.08  3.36  2.19 -5.38 -4.63 -21.33 -2.17 -15.52 -3.24 -1.09 -2.66 -5.43 
utt>   310                     223_0 1707    0   516 23  2 4 3.966493e-12 -1.481427e+02 -2.528795e+05
INFO: cmn.c(133): CMN: 45.15  7.83  6.08  1.41 -3.48 -1.51 -23.35  0.07 -14.34 -8.64  2.76 -5.37 -7.60 
utt>   311                     224_0 1276    0   400 22  2 4 3.650141e-12 -1.507339e+02 -1.923365e+05
INFO: cmn.c(133): CMN: 45.23  9.48  3.70 -3.60 -9.22 -4.87 -18.49  1.95 -16.19 -3.57  0.80  0.26 -5.96 
utt>   312                     226_0 1355    0   408 23  2 4 3.485854e-12 -1.492410e+02 -2.022216e+05
INFO: cmn.c(133): CMN: 44.62  9.20  2.14  0.47 -8.07 -4.84 -20.09 -0.25 -14.76 -5.61  0.95  1.16 -6.83 
utt>   313                     227_0 1136    0   332 21  2 4 4.037112e-12 -1.492764e+02 -1.695780e+05
INFO: cmn.c(133): CMN: 43.51  3.56  0.04  8.38 -4.20 -5.48 -16.89 -4.30 -11.11 -5.03  0.25 -6.33  1.15 
utt>   314                     228_0  932    0   244 23  2 4 3.555464e-12 -1.460022e+02 -1.360741e+05
INFO: cmn.c(133): CMN: 46.49  9.34  5.07 -1.67 -11.01 -4.91 -24.13  3.71 -16.82 -5.24  0.28 -2.08 -5.02 
utt>   315                     229_0 1551    0   504 20  2 4 3.326589e-12 -1.499638e+02 -2.325938e+05
INFO: cmn.c(133): CMN: 45.23  9.44  6.00  3.31 -9.78 -1.60 -24.49 -0.29 -15.88 -6.58  3.73 -7.75 -4.57 
utt>   316                     231_0 1478    0   456 21  2 4 2.957783e-12 -1.496775e+02 -2.212234e+05
INFO: cmn.c(133): CMN: 42.73  8.45  6.37  2.85 -12.72 -3.41 -19.26  0.97 -15.36 -8.43  5.36 -7.95 -4.10 
utt>   317                     232_0 1252    0   328 25  2 3 3.282014e-12 -1.496545e+02 -1.873675e+05
INFO: cmn.c(133): CMN: 45.92 10.97  3.50  5.08 -8.73 -8.67 -21.99 -0.56 -14.25 -7.78  2.27 -4.02 -5.68 
utt>   318                     233_0 1830    0   596 23  2 4 3.780108e-12 -1.497954e+02 -2.741255e+05
INFO: cmn.c(133): CMN: 44.73  9.27  5.27  7.81 -7.49 -3.37 -23.25 -1.83 -15.22 -10.49  4.71 -6.70 -5.66 
utt>   319                     234_0 1064    0   324 21  2 4 3.663814e-12 -1.498053e+02 -1.593928e+05
INFO: cmn.c(133): CMN: 42.29  8.14  0.75  7.84 -4.53 -2.98 -18.68 -4.79 -11.50 -6.46  2.44 -4.00 -4.83 
utt>   320                     236_0 1218    0   332 22  2 4 3.661824e-12 -1.472773e+02 -1.793838e+05
INFO: cmn.c(133): CMN: 41.44  8.37  3.82  9.72 -6.22 -3.32 -17.95 -5.66 -11.22 -9.06  1.55 -6.01 -6.11 
utt>   321                     237_0 1186    0   320 22  2 4 3.539604e-12 -1.480325e+02 -1.755665e+05
INFO: cmn.c(133): CMN: 44.37  9.63  4.80  7.44 -5.20 -3.29 -24.41 -0.34 -14.11 -9.31  3.25 -6.66 -5.56 
utt>   322                     238_0 1494    0   472 22  2 4 3.764802e-12 -1.487606e+02 -2.222483e+05
INFO: cmn.c(133): CMN: 41.39  1.64  5.49  7.93 -9.84 -0.99 -16.80  1.85 -9.20 -6.97  2.56 -5.68 -5.49 
utt>   323                     239_0 1204    0   308 24  2 4 3.850185e-12 -1.477286e+02 -1.778653e+05
INFO: cmn.c(133): CMN: 40.59  6.15  5.44  3.78 -8.55 -8.42 -10.04 -5.49 -15.46  6.45 -1.04 -0.31 -3.17 
utt>   324                     241_0 1359    0   364 42  2 4 4.042489e-12 -1.497974e+02 -2.035747e+05
INFO: cmn.c(133): CMN: 45.56  6.29  4.87  9.00 -4.80 -10.06 -20.19 -2.28 -17.70  5.26  1.36  0.03  0.65 
utt>   325                     242_0 1287    0   392 20  2 4 3.758427e-12 -1.486556e+02 -1.913198e+05
INFO: cmn.c(133): CMN: 44.09 10.20  6.36  4.93 -8.77 -13.33 -21.86  0.21 -23.82  2.29  0.95  1.70  3.46 
utt>   326                     243_0 1239    0   372 23  2 4 3.761730e-12 -1.488473e+02 -1.844218e+05
INFO: cmn.c(133): CMN: 46.05 10.85  5.93  4.89 -5.88 -10.67 -27.94  0.15 -20.91  4.47  4.28 -1.00  5.88 
utt>   327                     244_0 1013    0   320 22  2 4 3.364050e-12 -1.497384e+02 -1.516850e+05
INFO: cmn.c(133): CMN: 44.46 11.17  6.49  5.38 -6.33 -13.04 -21.09 -2.46 -22.87  4.95  0.14  1.51  0.16 
utt>   328                     246_0 1123    0   340 21  2 4 3.416381e-12 -1.489463e+02 -1.672667e+05
INFO: cmn.c(133): CMN: 43.78 12.52  6.57  2.62 -5.22 -8.38 -22.99 -2.50 -22.81  4.74  2.65  2.24  3.22 
utt>   329                     247_0 1189    0   328 23  2 3 2.960819e-12 -1.474159e+02 -1.752776e+05
INFO: cmn.c(133): CMN: 46.40  9.10  6.46  3.34 -5.96 -9.56 -14.37 -8.71 -20.92  8.99  1.71  1.27 -1.25 
utt>   330                     248_0 1166    0   328 21  2 4 3.406803e-12 -1.488509e+02 -1.735601e+05
INFO: cmn.c(133): CMN: 43.45 12.52  4.80  3.27 -5.42 -11.00 -14.50 -7.59 -13.32  4.86 -0.59  4.30 -2.95 
utt>   331                     249_0  912    0   248 22  2 4 3.518124e-12 -1.477409e+02 -1.347397e+05
INFO: cmn.c(133): CMN: 44.91 11.18  4.60  4.95 -3.19 -10.89 -16.37 -7.81 -13.84  5.70 -4.53  4.75 -4.32 
utt>   332                     251_0  955    0   284 22  2 4 2.811311e-12 -1.471452e+02 -1.405237e+05
INFO: cmn.c(133): CMN: 45.41 13.15  8.66  4.14 -9.60 -12.46 -21.47 -6.20 -15.59  1.45  1.39  1.66 -2.80 
utt>   333                     252_0 1091    0   352 20  2 4 3.489426e-12 -1.488188e+02 -1.623613e+05
INFO: cmn.c(133): CMN: 47.48 13.19  5.70  3.75 -9.01 -13.12 -15.74 -7.65 -22.90  4.99  3.37  7.71 -3.77 
utt>   334                     253_0 1151    0   360 22  2 4 3.695538e-12 -1.502071e+02 -1.728883e+05
INFO: cmn.c(133): CMN: 45.13  8.00  5.63  9.13 -5.64 -9.47 -15.51 -9.09 -8.44 -1.04  2.26 -1.37 -2.90 
utt>   335                     254_0 1152    0   316 25  2 4 3.533384e-12 -1.501724e+02 -1.729986e+05
INFO: cmn.c(133): CMN: 43.08  8.73  2.54  4.55 -6.10 -9.76 -12.03 -12.37 -5.81  1.13 -2.03 -2.52 -1.82 
utt>   336                     256_0 1353    0   404 26  2 4 3.830893e-12 -1.509048e+02 -2.041742e+05
INFO: cmn.c(133): CMN: 41.21  4.68  3.48  3.86 -3.29 -5.88 -17.45  0.88 -8.28 -5.28 -0.75 -6.43 -0.52 
utt>   337                     257_0  979    0   268 23  2 4 3.674272e-12 -1.497135e+02 -1.465695e+05
INFO: cmn.c(133): CMN: 45.48 10.66 -0.57  2.22 -3.41 -6.54 -23.18 -1.62 -9.61 -5.24 -0.83 -2.60  1.47 
utt>   338                     258_0 1140    0   336 23  2 4 3.201699e-12 -1.492609e+02 -1.701574e+05
INFO: cmn.c(133): CMN: 44.61  9.00 -2.67  5.07 -0.19 -4.30 -20.46 -4.96 -7.92 -3.19  0.27 -4.17 -1.37 
utt>   339                     259_0 1048    0   276 26  2 4 3.256622e-12 -1.504483e+02 -1.576698e+05
INFO: cmn.c(133): CMN: 45.78  9.10  2.23  2.24 -9.73 -3.77 -20.99  2.38 -11.03 -6.57  2.66 -3.83 -0.37 
utt>   340                     261_0 1391    0   360 23  2 3 3.341337e-12 -1.490273e+02 -2.072970e+05
INFO: cmn.c(133): CMN: 47.65  9.33  0.92  8.06 -6.33 -6.75 -25.70  6.21 -9.32 -14.58  3.65 -6.45  0.41 
utt>   341                     262_0 1090    0   324 18  2 4 2.570824e-12 -1.491723e+02 -1.625978e+05
INFO: cmn.c(133): CMN: 46.57  9.49 -3.86  4.31 -4.76 -7.28 -28.77  0.69 -6.81 -10.72  5.16 -6.77 -0.95 
utt>   342                     263_0  994    0   300 23  2 4 3.536678e-12 -1.503632e+02 -1.494611e+05
INFO: cmn.c(133): CMN: 45.08  7.78 -1.72  6.14 -1.79 -4.67 -25.42 -2.12 -8.73 -5.25  0.10 -6.30  1.35 
utt>   343                     264_0  912    0   248 22  2 4 2.722493e-12 -1.501292e+02 -1.369178e+05
overall> stats 115942 (-0) -1.483991e+02 -1.720569e+07

INFO: s3mixw_io.c(233): Wrote /Users/benroye/forge/cmusphinx/voiceVim/bwaccumdir/voiceVim_buff_4/mixw_counts [117x1x1 array]
INFO: s3tmat_io.c(176): Wrote /Users/benroye/forge/cmusphinx/voiceVim/bwaccumdir/voiceVim_buff_4/tmat_counts [39x3x4 array]
INFO: s3gau_io.c(485): Wrote /Users/benroye/forge/cmusphinx/voiceVim/bwaccumdir/voiceVim_buff_4/gauden_counts with means with vars (2pass) [117x1x1 vector arrays]
INFO: main.c(999): Counts saved to /Users/benroye/forge/cmusphinx/voiceVim/bwaccumdir/voiceVim_buff_4
Mon Jan 30 07:35:14 2017
