        INFO: main.c(229): Compiled on Jan  6 2017 at 15:11:16
Current configuration:
[NAME]		[DEFLT]		[VALUE]
-2passvar	no		yes
-abeam		1e-100		1.000000e-90
-accumdir			/Users/benroye/forge/cmusphinx/voiceVim/bwaccumdir/voiceVim_buff_4
-agc		none		none
-agcthresh	2.0		2.000000e+00
-bbeam		1e-100		1.000000e-10
-cb2mllrfn	.1cls.		.1cls.
-cepdir				/Users/benroye/forge/cmusphinx/voiceVim/feat
-cepext		mfc		mfc
-ceplen		13		13
-ckptintv			0
-cmn		live		batch
-cmninit	40,3,-1		40,3,-1
-ctlfn				/Users/benroye/forge/cmusphinx/voiceVim/etc/voiceVim_train.fileids
-diagfull	no		no
-dictfn				/Users/benroye/forge/cmusphinx/voiceVim/etc/voiceVim.dic
-example	no		no
-fdictfn			/Users/benroye/forge/cmusphinx/voiceVim/etc/voiceVim.filler
-feat		1s_c_d_dd	1s_c_d_dd
-fullvar	no		no
-help		no		no
-hmmdir				
-latdir				
-latext				
-lda				
-ldadim		0		0
-lsnfn				/Users/benroye/forge/cmusphinx/voiceVim/etc/voiceVim_train.transcription
-lw		11.5		1.150000e+01
-maxuttlen	0		0
-meanfn				/Users/benroye/forge/cmusphinx/voiceVim/model_parameters/voiceVim.ci_cont/means
-meanreest	yes		yes
-mixwfn				/Users/benroye/forge/cmusphinx/voiceVim/model_parameters/voiceVim.ci_cont/mixture_weights
-mixwreest	yes		yes
-mllrmat			
-mmie		no		no
-mmie_type	rand		rand
-moddeffn			/Users/benroye/forge/cmusphinx/voiceVim/model_architecture/voiceVim.ci.mdef
-mwfloor	0.00001		1.000000e-08
-npart				4
-nskip				0
-outphsegdir			
-outputfullpath	no		no
-part				4
-pdumpdir			
-phsegdir			
-phsegext	phseg		phseg
-runlen		-1		-1
-sentdir			
-sentext	sent		sent
-spthresh	0.0		0.000000e+00
-svspec				
-timing		yes		no
-tmatfn				/Users/benroye/forge/cmusphinx/voiceVim/model_parameters/voiceVim.ci_cont/transition_matrices
-tmatreest	yes		yes
-topn		4		1
-tpfloor	0.0001		1.000000e-04
-ts2cbfn			.cont.
-varfloor	0.00001		1.000000e-04
-varfn				/Users/benroye/forge/cmusphinx/voiceVim/model_parameters/voiceVim.ci_cont/variances
-varnorm	no		no
-varreest	yes		yes
-viterbi	no		no

INFO: feat.c(715): Initializing feature stream to type: '1s_c_d_dd', ceplen=13, CMN='batch', VARNORM='no', AGC='none'
INFO: main.c(318): Reading /Users/benroye/forge/cmusphinx/voiceVim/model_architecture/voiceVim.ci.mdef
INFO: model_def_io.c(573): Model definition info:
INFO: model_def_io.c(574): 39 total models defined (39 base, 0 tri)
INFO: model_def_io.c(575): 156 total states
INFO: model_def_io.c(576): 117 total tied states
INFO: model_def_io.c(577): 117 total tied CI states
INFO: model_def_io.c(578): 39 total tied transition matrices
INFO: model_def_io.c(579): 4 max state/model
INFO: model_def_io.c(580): 4 min state/model
INFO: s3mixw_io.c(117): Read /Users/benroye/forge/cmusphinx/voiceVim/model_parameters/voiceVim.ci_cont/mixture_weights [117x1x1 array]
INFO: s3tmat_io.c(118): Read /Users/benroye/forge/cmusphinx/voiceVim/model_parameters/voiceVim.ci_cont/transition_matrices [39x3x4 array]
INFO: mod_inv.c(301): inserting tprob floor 1.000000e-04 and renormalizing
INFO: s3gau_io.c(169): Read /Users/benroye/forge/cmusphinx/voiceVim/model_parameters/voiceVim.ci_cont/means [117x1x1 array]
INFO: s3gau_io.c(169): Read /Users/benroye/forge/cmusphinx/voiceVim/model_parameters/voiceVim.ci_cont/variances [117x1x1 array]
INFO: gauden.c(176): 117 total mgau
INFO: gauden.c(150): 1 feature streams (|0|=39 )
INFO: gauden.c(187): 1 total densities
INFO: gauden.c(90): min_var=1.000000e-04
INFO: gauden.c(165): compute 1 densities/frame
INFO: main.c(431): Will reestimate mixing weights.
INFO: main.c(433): Will reestimate means.
INFO: main.c(435): Will reestimate variances.
INFO: main.c(443): Will reestimate transition matrices
INFO: main.c(456): Reading main dictionary: /Users/benroye/forge/cmusphinx/voiceVim/etc/voiceVim.dic
INFO: lexicon.c(221): 133 entries added from /Users/benroye/forge/cmusphinx/voiceVim/etc/voiceVim.dic
INFO: main.c(466): Reading filler dictionary: /Users/benroye/forge/cmusphinx/voiceVim/etc/voiceVim.filler
INFO: lexicon.c(221): 3 entries added from /Users/benroye/forge/cmusphinx/voiceVim/etc/voiceVim.filler
INFO: corpus.c(403): skipping 255 utts.
INFO: corpus.c(407): Last utt skipped: 153_0
INFO: corpus.c(1062): Will process all remaining utts starting at 255
INFO: main.c(665): Reestimation: Baum-Welch
INFO: cmn.c(133): CMN: 43.69  2.42  1.45  6.47 -9.96 -13.53 -13.74 13.25 -13.35 -4.23  0.63 -9.33 -4.05 
column defns
	<seq>
	<id>
	<n_frame_in>
	<n_frame_del>
	<n_state_shmm>
	<avg_states_alpha>
	<avg_states_beta>
	<avg_states_reest>
	<avg_posterior_prune>
	<frame_log_lik>
	<utt_log_lik>
	... timing info ... 
utt>   255                     154_0 1437    0INFO: cvt2triphone.c(199): no multiphones defined, no conversion done
   360 44  3 6 5.733968e-12 -1.507385e+02 -2.166112e+05
INFO: cmn.c(133): CMN: 42.55  3.32 -10.42  3.57  3.00 -8.33 -6.37 -1.06 -8.68  1.40 -1.64 -7.57 -6.26 
utt>   256                     156_0 1594    0   336 49  3 6 5.286701e-12 -1.508803e+02 -2.405033e+05
INFO: cmn.c(133): CMN: 46.55  7.15 -4.67  3.57 -2.89 -6.81 -15.06  0.86 -12.49  1.09 -3.04 -7.15 -5.42 
utt>   257                     157_0 1525    0   420 36  3 6 5.671313e-12 -1.509517e+02 -2.302014e+05
INFO: cmn.c(133): CMN: 44.92  5.97 -5.59 -7.52  0.42  1.12 -20.22  3.84 -10.47 -2.53  5.10 -12.25 -6.55 
utt>   258                     158_0 1428    0   340 40  3 6 5.729671e-12 -1.504540e+02 -2.148483e+05
INFO: cmn.c(133): CMN: 35.82 14.84  3.02 -0.55 -1.28 -9.79 -18.58 -6.04 -9.44 -3.10  3.76  0.80 -0.89 
utt>   259                     159_0 1103    0   284 47  4 7 5.988906e-12 -1.474309e+02 -1.626163e+05
INFO: cmn.c(133): CMN: 36.31 11.75  7.97 -1.10 -9.63 -12.11 -17.34 -3.52 -13.30  1.61  5.10  1.27  2.96 
utt>   260                     161_0 1274    0   332 45  3 7 6.624426e-12 -1.485904e+02 -1.893042e+05
INFO: cmn.c(133): CMN: 36.97 10.94  3.20 11.20 -2.99 -15.80 -18.38 -7.23 -13.87 -0.68  6.66  0.50 -1.64 
utt>   261                     162_0 1137    0   300 45  3 7 6.010154e-12 -1.485025e+02 -1.688474e+05
INFO: cmn.c(133): CMN: 37.13 11.78  3.81 11.02 -5.82 -16.02 -16.70 -5.97 -14.03  1.28  8.70 -0.10  0.37 
utt>   262                     163_0 1500    0   404 48  3 7 6.638698e-12 -1.488758e+02 -2.233137e+05
INFO: cmn.c(133): CMN: 37.48 15.96  4.28  2.79 -8.10 -19.39 -18.82 -6.66 -16.82  2.97  8.32  5.36 -0.43 
utt>   263                     164_0 1484    0   432 44  3 7 6.132547e-12 -1.480054e+02 -2.196400e+05
INFO: cmn.c(133): CMN: 37.58 11.62  3.82  3.39 -8.96 -14.15 -14.16 -2.75 -14.83  0.78  6.00  0.30 -0.08 
utt>   264                     166_0 1454    0   368 46  3 7 5.619716e-12 -1.510994e+02 -2.196985e+05
INFO: cmn.c(133): CMN: 37.62 14.93  4.15  3.54 -5.74 -14.55 -15.04 -4.94 -13.50  2.15  4.98  3.05 -0.66 
utt>   265                     167_0 1529    0   424 41  3 6 5.221327e-12 -1.477084e+02 -2.258462e+05
INFO: cmn.c(133): CMN: 37.59 10.40  3.86  4.54 -8.23 -11.76 -14.07 -2.65 -13.82  2.30  3.96 -0.60  1.13 
utt>   266                     168_0 1621    0   464 45  3 7 6.675320e-12 -1.484310e+02 -2.406067e+05
INFO: cmn.c(133): CMN: 36.28 12.56  4.74  5.15 -9.38 -12.90 -13.53 -4.95 -11.90  0.16  2.82  0.32  0.98 
utt>   267                     169_0 1425    0   400 46  3 7 7.119992e-12 -1.481939e+02 -2.111763e+05
INFO: cmn.c(133): CMN: 40.97 10.11  6.02 -1.10 -9.11 -16.34 -21.07  8.50 -17.08  1.64 -5.33 -0.22  4.39 
utt>   268                     171_0 1470    0   340 40  3 5 4.456904e-12 -1.490395e+02 -2.190880e+05
INFO: cmn.c(133): CMN: 44.36 13.43  3.80  3.89 -7.90 -17.24 -22.19  6.45 -19.99 -1.16 -5.46 -2.00  6.14 
utt>   269                     172_0 1455    0   408 37  3 6 6.412958e-12 -1.494255e+02 -2.174141e+05
INFO: cmn.c(133): CMN: 43.66 15.01  5.17 -2.25 -8.97 -15.97 -18.74  8.25 -20.62 -2.68 -5.32  1.25  2.55 
utt>   270                     173_0 1346    0   376 42  3 6 5.983508e-12 -1.506342e+02 -2.027536e+05
INFO: cmn.c(133): CMN: 46.00 11.75  5.66 -5.22 -10.29 -10.46 -21.07  9.29 -22.42 -1.62 -5.84 -3.62  3.67 
utt>   271                     174_0  924    0   268 37  3 6 5.569785e-12 -1.505465e+02 -1.391050e+05
INFO: cmn.c(133): CMN: 46.09 15.58 -1.68 -7.79 -6.76 -11.62 -17.88  3.06 -15.75 -2.39 -5.84 -1.33  0.86 
utt>   272                     176_0 1795    0   484 37  3 6 4.747321e-12 -1.492803e+02 -2.679582e+05
INFO: cmn.c(133): CMN: 45.64 11.15  1.54 -5.61 -5.05 -11.81 -16.58  3.04 -16.45 -2.16 -6.46 -4.66  0.70 
utt>   273                     177_0 1401    0   396 40  3 6 6.164470e-12 -1.504272e+02 -2.107486e+05
INFO: cmn.c(133): CMN: 43.97  8.86 -4.20 -1.36 -8.90 -13.76 -10.93  1.82 -10.92 -5.96 -3.16 -0.36 -0.45 
utt>   274                     178_0 1211    0   288 45  3 6 5.112237e-12 -1.489961e+02 -1.804342e+05
INFO: cmn.c(133): CMN: 45.07 17.92 -2.50 -6.97 -8.36 -7.91 -22.54  0.87 -19.57 -2.36 -2.52 -1.94  4.29 
utt>   275                     179_0 1539    0   444 39  3 6 5.460343e-12 -1.506529e+02 -2.318548e+05
INFO: cmn.c(133): CMN: 43.03 15.14 -2.60 -10.98 -5.35 -7.49 -23.11  2.18 -10.46 -7.18 -5.75  1.68  4.29 
utt>   276                     181_0 1529    0   372 42  3 6 6.575605e-12 -1.492007e+02 -2.281279e+05
INFO: cmn.c(133): CMN: 47.73 14.52 -3.40 -0.22 -10.30 -15.91 -14.30  5.22 -19.30 -9.14 -1.46  1.81  5.42 
utt>   277                     182_0 1330    0   380 39  3 6 5.930068e-12 -1.513595e+02 -2.013081e+05
INFO: cmn.c(133): CMN: 45.08 13.40 -3.25 -5.03 -9.16 -17.84 -12.39  1.57 -14.93 -6.53 -3.78  4.17  3.40 
utt>   278                     183_0 1654    0   432 40  3 6 5.146086e-12 -1.512876e+02 -2.502296e+05
INFO: cmn.c(133): CMN: 47.04  0.66 -0.18 -1.53 -6.41 -2.41 -13.72  6.21 -16.73  3.26 -6.98 -9.24 -5.33 
utt>   279                     184_0 1464    0   396 35  3 6 6.105051e-12 -1.515729e+02 -2.219027e+05
INFO: cmn.c(133): CMN: 40.51 10.00  3.64 -3.22 -14.28 -5.42 -8.74  5.15 -17.74 -3.44 -3.70 -4.01  3.20 
utt>   280                     186_0 1321    0   340 43  3 7 5.628397e-12 -1.490195e+02 -1.968548e+05
INFO: cmn.c(133): CMN: 41.79 10.69  4.74 -1.40 -14.33 -9.51 -13.76  7.10 -18.22 -6.65 -2.37 -5.45  2.64 
utt>   281                     187_0 1861    0   540 41  3 6 5.640386e-12 -1.495183e+02 -2.782535e+05
INFO: cmn.c(133): CMN: 43.25 16.10  3.08  0.00 -9.09 -6.71 -15.21 -5.00 -15.43  3.70 11.09 -4.89 -0.73 
utt>   282                     188_0 1249    0   356 37  3 6 5.930685e-12 -1.521640e+02 -1.900528e+05
INFO: cmn.c(133): CMN: 42.05  9.35  6.53  1.00 -10.05 -12.37 -13.21 -0.10 -11.87 10.27  6.66 -5.22  3.22 
utt>   283                     189_0 1088    0   284 48  3 6 4.510193e-12 -1.511565e+02 -1.644583e+05
INFO: cmn.c(133): CMN: 43.02 13.54  2.11  4.29 -2.69 -6.11 -21.33 -2.31 -13.93  1.47 12.38  0.86 -0.11 
utt>   284                     191_0 1584    0   444 40  3 6 5.186450e-12 -1.502849e+02 -2.380512e+05
INFO: cmn.c(133): CMN: 43.03  8.39  5.24  2.48 -4.77 -8.12 -21.37 -3.29 -15.35  6.66  7.72  1.29 -1.15 
utt>   285                     192_0 1507    0   436 38  3 6 5.354649e-12 -1.505407e+02 -2.268649e+05
INFO: cmn.c(133): CMN: 38.64 12.05 13.16 10.95  2.88 10.74 -15.69 -1.25 -15.30 -2.04 12.33 -7.25 -9.67 
utt>   286                     193_0 1225    0   300 95  3 7 6.741726e-12 -1.516525e+02 -1.857743e+05
INFO: cmn.c(133): CMN: 42.51 11.53  3.58  3.01 -3.11 -4.05 -19.66 -7.69 -13.66  3.88  6.94  1.37 -0.50 
utt>   287                     194_0 1714    0   476 38  3 6 5.060567e-12 -1.502178e+02 -2.574733e+05
INFO: cmn.c(133): CMN: 40.59  9.17  6.47  3.89 -9.11 -11.99 -13.48 -2.06 -8.46  0.78  5.22 -1.59 -5.25 
utt>   288                     196_0 1505    0   388 41  3 6 6.002745e-12 -1.489903e+02 -2.242303e+05
INFO: cmn.c(133): CMN: 40.03  5.02  2.55  5.05 -2.65 -2.76 -18.17 -2.92 -9.48  2.49  5.04  0.81 -1.98 
utt>   289                     197_0 1199    0   288 50  3 6 4.930522e-12 -1.505211e+02 -1.804748e+05
INFO: cmn.c(133): CMN: 41.91 13.52  4.72  4.27 -9.66 -10.79 -14.32 -3.09 -10.79 -0.13  3.75 -0.31 -3.00 
utt>   290                     198_0 1603    0   404 41  3 5 4.951405e-12 -1.480036e+02 -2.372498e+05
INFO: cmn.c(133): CMN: 39.79  7.47 -0.61 10.64  1.29 -3.02 -17.37 -2.45 -8.61 -3.01  3.73  0.81  0.95 
utt>   291                     199_0 1134    0   264 49  3 6 5.130072e-12 -1.480543e+02 -1.678936e+05
INFO: cmn.c(133): CMN: 42.70  4.21  4.66  4.43 -3.03 -4.73 -20.77  2.03 -11.81  0.55  4.10 -0.09  0.77 
utt>   292                     201_0 1524    0   376 41  3 6 4.633363e-12 -1.509940e+02 -2.301149e+05
INFO: cmn.c(133): CMN: 43.99  8.64  4.01  2.15 -5.78 -5.77 -21.84 -0.77 -13.88 -0.80  3.48  3.51  0.77 
utt>   293                     202_0 1476    0   448 39  3 6 4.904992e-12 -1.518891e+02 -2.241883e+05
INFO: cmn.c(133): CMN: 45.53  9.51  5.14  3.07 -5.24 -4.29 -29.78  1.05 -19.68 -0.86  8.15  2.56  1.15 
utt>   294                     203_0  911    0   276 34  3 6 5.782207e-12 -1.516860e+02 -1.381859e+05
INFO: cmn.c(133): CMN: 44.77 12.87  5.49  5.24 -3.33 -2.67 -25.96  0.00 -17.75 -1.60  9.04  1.66  0.79 
utt>   295                     204_0 1112    0   380 37  3 7 6.167224e-12 -1.522033e+02 -1.692501e+05
INFO: cmn.c(133): CMN: 43.26  6.49  5.60  4.12 -3.96 -4.29 -20.59  1.38 -17.04  2.23  9.66  1.24  1.60 
utt>   296                     206_0  842    0   240 44  3 7 6.472178e-12 -1.518490e+02 -1.278568e+05
INFO: cmn.c(133): CMN: 43.87  5.08 11.37 10.05 -8.96 -6.74 -19.41 -0.10 -10.55  1.20  6.00 -9.60  2.03 
utt>   297                     207_0 1325    0   392 37  3 6 5.215712e-12 -1.519571e+02 -2.013431e+05
INFO: cmn.c(133): CMN: 41.94  6.54  5.96  7.65 -4.98 -5.00 -21.16  1.06 -7.27 -1.87  1.28  0.53 -1.60 
utt>   298                     208_0 1060    0   288 42  3 6 6.955624e-12 -1.503312e+02 -1.593510e+05
INFO: cmn.c(133): CMN: 44.33  9.16  5.71 -0.08 -5.15 -2.67 -23.78 -0.41 -15.36 -1.08  5.08 -0.09  4.04 
utt>   299                     209_0 1786    0   564 36  3 6 5.714214e-12 -1.519146e+02 -2.713195e+05
INFO: cmn.c(133): CMN: 43.25  5.24  0.08  1.39 -4.90 -3.91 -16.90 -0.09 -16.24 -0.17 -1.41 -3.49 -4.51 
utt>   300                     211_0 1313    0   352 43  3 6 5.544476e-12 -1.503850e+02 -1.974555e+05
INFO: cmn.c(133): CMN: 41.32  2.63 -1.30  4.31 -2.24 -4.19 -15.37 -3.18 -11.27 -0.91 -2.55 -4.51 -5.90 
utt>   301                     212_0 1073    0   276 57  3 7 8.299796e-12 -1.510976e+02 -1.621277e+05
INFO: cmn.c(133): CMN: 42.05  6.92 -1.62  0.50 -4.41 -1.82 -15.77 -3.98 -11.30 -1.60 -2.22 -4.88 -2.31 
utt>   302                     213_0 1203    0   292 54  3 7 8.204956e-12 -1.487561e+02 -1.789536e+05
INFO: cmn.c(133): CMN: 43.26  6.97  0.03  2.37  0.50 -3.25 -19.94  0.17 -12.73 -6.47  0.48 -6.23 -3.85 
utt>   303                     214_0 1521    0   392 66  3 6 6.223761e-12 -1.531243e+02 -2.329021e+05
INFO: cmn.c(133): CMN: 43.12  6.45  4.27  4.94 -3.32 -1.96 -20.20 -0.05 -10.16 -7.67  6.79 -9.14 -6.76 
utt>   304                     216_0  778    0   204 39  3 6 6.993645e-12 -1.514938e+02 -1.178622e+05
INFO: cmn.c(133): CMN: 44.53  5.63  4.47  3.29 -5.43 -3.24 -19.97 -1.21 -11.54 -6.31  4.29 -7.97 -6.74 
utt>   305                     217_0 1007    0   280 38  3 6 5.943897e-12 -1.527638e+02 -1.538332e+05
INFO: cmn.c(133): CMN: 46.05  4.90  0.21  1.94 -3.91 -5.60 -20.07 -2.36 -17.11  1.54 -2.57 -2.32 -5.86 
utt>   306                     218_0 1296    0   356 47  3 7 6.129609e-12 -1.530573e+02 -1.983623e+05
INFO: cmn.c(133): CMN: 43.02  6.18 -1.09  3.80 -3.48 -3.90 -21.12 -0.79 -9.35 -5.47 -2.85 -0.34 -6.29 
utt>   307                     219_0 1090    0   320 65  3 6 6.697776e-12 -1.528991e+02 -1.666600e+05
INFO: cmn.c(133): CMN: 41.86  3.52  5.02  1.69 -7.68 -3.97 -16.94 -0.88 -10.77 -7.51  1.25 -4.73 -6.54 
utt>   308                     221_0 1318    0   368 45  3 6 5.265554e-12 -1.517407e+02 -1.999942e+05
INFO: cmn.c(133): CMN: 41.81  5.31  3.61  3.08 -5.46 -0.53 -18.62 -1.68 -11.19 -5.19 -1.42 -2.44 -7.53 
utt>   309                     222_0 1461    0   384 43  3 6 5.419447e-12 -1.518216e+02 -2.218113e+05
INFO: cmn.c(133): CMN: 43.93 10.08  3.36  2.19 -5.38 -4.63 -21.33 -2.17 -15.52 -3.24 -1.09 -2.66 -5.43 
utt>   310                     223_0 1707    0   516 42  3 6 4.873089e-12 -1.504536e+02 -2.568242e+05
INFO: cmn.c(133): CMN: 45.15  7.83  6.08  1.41 -3.48 -1.51 -23.35  0.07 -14.34 -8.64  2.76 -5.37 -7.60 
utt>   311                     224_0 1276    0   400 35  3 6 5.836733e-12 -1.530271e+02 -1.952626e+05
INFO: cmn.c(133): CMN: 45.23  9.48  3.70 -3.60 -9.22 -4.87 -18.49  1.95 -16.19 -3.57  0.80  0.26 -5.96 
utt>   312                     226_0 1355    0   408 39  3 6 6.486414e-12 -1.517064e+02 -2.055622e+05
INFO: cmn.c(133): CMN: 44.62  9.20  2.14  0.47 -8.07 -4.84 -20.09 -0.25 -14.76 -5.61  0.95  1.16 -6.83 
utt>   313                     227_0 1136    0   332 38  3 7 6.520095e-12 -1.519197e+02 -1.725807e+05
INFO: cmn.c(133): CMN: 43.51  3.56  0.04  8.38 -4.20 -5.48 -16.89 -4.30 -11.11 -5.03  0.25 -6.33  1.15 
utt>   314                     228_0  932    0   244 43  3 7 5.901080e-12 -1.491683e+02 -1.390249e+05
INFO: cmn.c(133): CMN: 46.49  9.34  5.07 -1.67 -11.01 -4.91 -24.13  3.71 -16.82 -5.24  0.28 -2.08 -5.02 
utt>   315                     229_0 1551    0   504 35  3 7 6.549422e-12 -1.525115e+02 -2.365453e+05
INFO: cmn.c(133): CMN: 45.23  9.44  6.00  3.31 -9.78 -1.60 -24.49 -0.29 -15.88 -6.58  3.73 -7.75 -4.57 
utt>   316                     231_0 1478    0   456 36  3 6 5.675830e-12 -1.521367e+02 -2.248581e+05
INFO: cmn.c(133): CMN: 42.73  8.45  6.37  2.85 -12.72 -3.41 -19.26  0.97 -15.36 -8.43  5.36 -7.95 -4.10 
utt>   317                     232_0 1252    0   328 46  3 6 6.706823e-12 -1.519487e+02 -1.902398e+05
INFO: cmn.c(133): CMN: 45.92 10.97  3.50  5.08 -8.73 -8.67 -21.99 -0.56 -14.25 -7.78  2.27 -4.02 -5.68 
utt>   318                     233_0 1830    0   596 40  3 7 6.790625e-12 -1.521279e+02 -2.783940e+05
INFO: cmn.c(133): CMN: 44.73  9.27  5.27  7.81 -7.49 -3.37 -23.25 -1.83 -15.22 -10.49  4.71 -6.70 -5.66 
utt>   319                     234_0 1064    0   324 39  3 6 5.761053e-12 -1.519900e+02 -1.617173e+05
INFO: cmn.c(133): CMN: 42.29  8.14  0.75  7.84 -4.53 -2.98 -18.68 -4.79 -11.50 -6.46  2.44 -4.00 -4.83 
utt>   320                     236_0 1218    0   332 37  3 7 6.272029e-12 -1.501447e+02 -1.828762e+05
INFO: cmn.c(133): CMN: 41.44  8.37  3.82  9.72 -6.22 -3.32 -17.95 -5.66 -11.22 -9.06  1.55 -6.01 -6.11 
utt>   321                     237_0 1186    0   320 38  3 6 5.368875e-12 -1.503373e+02 -1.783000e+05
INFO: cmn.c(133): CMN: 44.37  9.63  4.80  7.44 -5.20 -3.29 -24.41 -0.34 -14.11 -9.31  3.25 -6.66 -5.56 
utt>   322                     238_0 1494    0   472 39  3 6 5.151884e-12 -1.510649e+02 -2.256909e+05
INFO: cmn.c(133): CMN: 41.39  1.64  5.49  7.93 -9.84 -0.99 -16.80  1.85 -9.20 -6.97  2.56 -5.68 -5.49 
utt>   323                     239_0 1204    0   308 42  3 7 6.733628e-12 -1.503299e+02 -1.809971e+05
INFO: cmn.c(133): CMN: 40.59  6.15  5.44  3.78 -8.55 -8.42 -10.04 -5.49 -15.46  6.45 -1.04 -0.31 -3.17 
utt>   324                     241_0 1359    0   364 72  3 7 7.002614e-12 -1.519179e+02 -2.064565e+05
INFO: cmn.c(133): CMN: 45.56  6.29  4.87  9.00 -4.80 -10.06 -20.19 -2.28 -17.70  5.26  1.36  0.03  0.65 
utt>   325                     242_0 1287    0   392 35  3 6 6.442150e-12 -1.514902e+02 -1.949679e+05
INFO: cmn.c(133): CMN: 44.09 10.20  6.36  4.93 -8.77 -13.33 -21.86  0.21 -23.82  2.29  0.95  1.70  3.46 
utt>   326                     243_0 1239    0   372 39  3 7 6.073741e-12 -1.511934e+02 -1.873286e+05
INFO: cmn.c(133): CMN: 46.05 10.85  5.93  4.89 -5.88 -10.67 -27.94  0.15 -20.91  4.47  4.28 -1.00  5.88 
utt>   327                     244_0 1013    0   320 38  3 7 6.067254e-12 -1.521115e+02 -1.540889e+05
INFO: cmn.c(133): CMN: 44.46 11.17  6.49  5.38 -6.33 -13.04 -21.09 -2.46 -22.87  4.95  0.14  1.51  0.16 
utt>   328                     246_0 1123    0   340 38  3 6 5.907004e-12 -1.513370e+02 -1.699515e+05
INFO: cmn.c(133): CMN: 43.78 12.52  6.57  2.62 -5.22 -8.38 -22.99 -2.50 -22.81  4.74  2.65  2.24  3.22 
utt>   329                     247_0 1189    0   328 40  3 6 5.328942e-12 -1.497944e+02 -1.781055e+05
INFO: cmn.c(133): CMN: 46.40  9.10  6.46  3.34 -5.96 -9.56 -14.37 -8.71 -20.92  8.99  1.71  1.27 -1.25 
utt>   330                     248_0 1166    0   328 35  3 6 5.299396e-12 -1.513470e+02 -1.764706e+05
INFO: cmn.c(133): CMN: 43.45 12.52  4.80  3.27 -5.42 -11.00 -14.50 -7.59 -13.32  4.86 -0.59  4.30 -2.95 
utt>   331                     249_0  912    0   248 39  3 6 5.166895e-12 -1.502749e+02 -1.370507e+05
INFO: cmn.c(133): CMN: 44.91 11.18  4.60  4.95 -3.19 -10.89 -16.37 -7.81 -13.84  5.70 -4.53  4.75 -4.32 
utt>   332                     251_0  955    0   284 40  3 6 5.694946e-12 -1.497279e+02 -1.429902e+05
INFO: cmn.c(133): CMN: 45.41 13.15  8.66  4.14 -9.60 -12.46 -21.47 -6.20 -15.59  1.45  1.39  1.66 -2.80 
utt>   333                     252_0 1091    0   352 36  3 6 5.122237e-12 -1.514301e+02 -1.652102e+05
INFO: cmn.c(133): CMN: 47.48 13.19  5.70  3.75 -9.01 -13.12 -15.74 -7.65 -22.90  4.99  3.37  7.71 -3.77 
utt>   334                     253_0 1151    0   360 39  3 7 6.001675e-12 -1.524525e+02 -1.754729e+05
INFO: cmn.c(133): CMN: 45.13  8.00  5.63  9.13 -5.64 -9.47 -15.51 -9.09 -8.44 -1.04  2.26 -1.37 -2.90 
utt>   335                     254_0 1152    0   316 42  3 6 5.780245e-12 -1.523405e+02 -1.754962e+05
INFO: cmn.c(133): CMN: 43.08  8.73  2.54  4.55 -6.10 -9.76 -12.03 -12.37 -5.81  1.13 -2.03 -2.52 -1.82 
utt>   336                     256_0 1353    0   404 43  3 7 6.740110e-12 -1.529485e+02 -2.069393e+05
INFO: cmn.c(133): CMN: 41.21  4.68  3.48  3.86 -3.29 -5.88 -17.45  0.88 -8.28 -5.28 -0.75 -6.43 -0.52 
utt>   337                     257_0  979    0   268 39  3 6 6.065924e-12 -1.518674e+02 -1.486782e+05
INFO: cmn.c(133): CMN: 45.48 10.66 -0.57  2.22 -3.41 -6.54 -23.18 -1.62 -9.61 -5.24 -0.83 -2.60  1.47 
utt>   338                     258_0 1140    0   336 38  3 6 5.204947e-12 -1.518137e+02 -1.730677e+05
INFO: cmn.c(133): CMN: 44.61  9.00 -2.67  5.07 -0.19 -4.30 -20.46 -4.96 -7.92 -3.19  0.27 -4.17 -1.37 
utt>   339                     259_0 1048    0   276 45  3 6 5.998671e-12 -1.526529e+02 -1.599803e+05
INFO: cmn.c(133): CMN: 45.78  9.10  2.23  2.24 -9.73 -3.77 -20.99  2.38 -11.03 -6.57  2.66 -3.83 -0.37 
utt>   340                     261_0 1391    0   360 41  3 6 5.572355e-12 -1.516059e+02 -2.108839e+05
INFO: cmn.c(133): CMN: 47.65  9.33  0.92  8.06 -6.33 -6.75 -25.70  6.21 -9.32 -14.58  3.65 -6.45  0.41 
utt>   341                     262_0 1090    0   324 35  3 6 5.271950e-12 -1.520196e+02 -1.657014e+05
INFO: cmn.c(133): CMN: 46.57  9.49 -3.86  4.31 -4.76 -7.28 -28.77  0.69 -6.81 -10.72  5.16 -6.77 -0.95 
utt>   342                     263_0  994    0   300 42  3 7 6.472759e-12 -1.529255e+02 -1.520079e+05
INFO: cmn.c(133): CMN: 45.08  7.78 -1.72  6.14 -1.79 -4.67 -25.42 -2.12 -8.73 -5.25  0.10 -6.30  1.35 
utt>   343                     264_0  912    0   248 37  3 6 5.688559e-12 -1.524504e+02 -1.390348e+05
overall> stats 115942 (-0) -1.507831e+02 -1.748210e+07

INFO: s3mixw_io.c(233): Wrote /Users/benroye/forge/cmusphinx/voiceVim/bwaccumdir/voiceVim_buff_4/mixw_counts [117x1x1 array]
INFO: s3tmat_io.c(176): Wrote /Users/benroye/forge/cmusphinx/voiceVim/bwaccumdir/voiceVim_buff_4/tmat_counts [39x3x4 array]
INFO: s3gau_io.c(485): Wrote /Users/benroye/forge/cmusphinx/voiceVim/bwaccumdir/voiceVim_buff_4/gauden_counts with means with vars (2pass) [117x1x1 vector arrays]
INFO: main.c(999): Counts saved to /Users/benroye/forge/cmusphinx/voiceVim/bwaccumdir/voiceVim_buff_4
Mon Jan 30 07:35:12 2017
