Current configuration:
[NAME]		[DEFLT]	[VALUE]
-example	no	no
-help		no	no
-mixwfn			/Users/benroye/forge/cmusphinx/voiceVim/model_parameters/voiceVim.ci_cont_flatinitial/mixture_weights
-moddeffn		/Users/benroye/forge/cmusphinx/voiceVim/model_architecture/voiceVim.ci.mdef
-ndensity	256	1
-nstream	4	1
-tmatfn			/Users/benroye/forge/cmusphinx/voiceVim/model_parameters/voiceVim.ci_cont_flatinitial/transition_matrices
-topo			/Users/benroye/forge/cmusphinx/voiceVim/model_architecture/voiceVim.topology

INFO: model_def_io.c(573): Model definition info:
INFO: model_def_io.c(574): 39 total models defined (39 base, 0 tri)
INFO: model_def_io.c(575): 156 total states
INFO: model_def_io.c(576): 117 total tied states
INFO: model_def_io.c(577): 117 total tied CI states
INFO: model_def_io.c(578): 39 total tied transition matrices
INFO: model_def_io.c(579): 4 max state/model
INFO: model_def_io.c(580): 4 min state/model
INFO: s3tmat_io.c(176): Wrote /Users/benroye/forge/cmusphinx/voiceVim/model_parameters/voiceVim.ci_cont_flatinitial/transition_matrices [39x3x4 array]
INFO: s3mixw_io.c(233): Wrote /Users/benroye/forge/cmusphinx/voiceVim/model_parameters/voiceVim.ci_cont_flatinitial/mixture_weights [117x1x1 array]
main.c(83): Reading model definition file /Users/benroye/forge/cmusphinx/voiceVim/model_architecture/voiceVim.ci.mdef
main.c(90): 39 models defined
Mon Jan 30 07:34:58 2017
