Current configuration:
[NAME]		[DEFLT]	[VALUE]
-accumdir		/Users/benroye/forge/cmusphinx/voiceVim/bwaccumdir/voiceVim_buff_1,/Users/benroye/forge/cmusphinx/voiceVim/bwaccumdir/voiceVim_buff_2,/Users/benroye/forge/cmusphinx/voiceVim/bwaccumdir/voiceVim_buff_3,/Users/benroye/forge/cmusphinx/voiceVim/bwaccumdir/voiceVim_buff_4,
-constE		3.0	3.000000e+00
-dcountfn		
-example	no	no
-fullvar	no	no
-help		no	no
-inmeanfn		
-inmixwfn		
-invarfn		
-meanfn			/Users/benroye/forge/cmusphinx/voiceVim/model_parameters/voiceVim.cd_cont_untied/means
-mixwfn			/Users/benroye/forge/cmusphinx/voiceVim/model_parameters/voiceVim.cd_cont_untied/mixture_weights
-mmie		no	no
-oaccumdir		
-regmatfn		
-tiedvar	no	no
-tmatfn			/Users/benroye/forge/cmusphinx/voiceVim/model_parameters/voiceVim.cd_cont_untied/transition_matrices
-varfn			/Users/benroye/forge/cmusphinx/voiceVim/model_parameters/voiceVim.cd_cont_untied/variances

INFO: main.c(207): Reading and accumulating counts from /Users/benroye/forge/cmusphinx/voiceVim/bwaccumdir/voiceVim_buff_1
INFO: s3mixw_io.c(117): Read /Users/benroye/forge/cmusphinx/voiceVim/bwaccumdir/voiceVim_buff_1/mixw_counts [6747x1x1 array]
INFO: s3tmat_io.c(118): Read /Users/benroye/forge/cmusphinx/voiceVim/bwaccumdir/voiceVim_buff_1/tmat_counts [39x3x4 array]
INFO: s3gau_io.c(386): Read /Users/benroye/forge/cmusphinx/voiceVim/bwaccumdir/voiceVim_buff_1/gauden_counts with means with vars (2pass) [6747x1x1 vector arrays]
INFO: main.c(207): Reading and accumulating counts from /Users/benroye/forge/cmusphinx/voiceVim/bwaccumdir/voiceVim_buff_2
INFO: s3mixw_io.c(117): Read /Users/benroye/forge/cmusphinx/voiceVim/bwaccumdir/voiceVim_buff_2/mixw_counts [6747x1x1 array]
INFO: s3tmat_io.c(118): Read /Users/benroye/forge/cmusphinx/voiceVim/bwaccumdir/voiceVim_buff_2/tmat_counts [39x3x4 array]
INFO: s3gau_io.c(386): Read /Users/benroye/forge/cmusphinx/voiceVim/bwaccumdir/voiceVim_buff_2/gauden_counts with means with vars (2pass) [6747x1x1 vector arrays]
INFO: main.c(207): Reading and accumulating counts from /Users/benroye/forge/cmusphinx/voiceVim/bwaccumdir/voiceVim_buff_3
INFO: s3mixw_io.c(117): Read /Users/benroye/forge/cmusphinx/voiceVim/bwaccumdir/voiceVim_buff_3/mixw_counts [6747x1x1 array]
INFO: s3tmat_io.c(118): Read /Users/benroye/forge/cmusphinx/voiceVim/bwaccumdir/voiceVim_buff_3/tmat_counts [39x3x4 array]
INFO: s3gau_io.c(386): Read /Users/benroye/forge/cmusphinx/voiceVim/bwaccumdir/voiceVim_buff_3/gauden_counts with means with vars (2pass) [6747x1x1 vector arrays]
INFO: main.c(207): Reading and accumulating counts from /Users/benroye/forge/cmusphinx/voiceVim/bwaccumdir/voiceVim_buff_4
INFO: s3mixw_io.c(117): Read /Users/benroye/forge/cmusphinx/voiceVim/bwaccumdir/voiceVim_buff_4/mixw_counts [6747x1x1 array]
INFO: s3tmat_io.c(118): Read /Users/benroye/forge/cmusphinx/voiceVim/bwaccumdir/voiceVim_buff_4/tmat_counts [39x3x4 array]
INFO: s3gau_io.c(386): Read /Users/benroye/forge/cmusphinx/voiceVim/bwaccumdir/voiceVim_buff_4/gauden_counts with means with vars (2pass) [6747x1x1 vector arrays]
INFO: main.c(321): -2passvar yes
INFO: main.c(391): Normalizing mean for n_mgau= 6747, n_stream= 1, n_density= 1
WARN: "gauden.c", line 1565: (mgau= 816, feat= 0, density= 0) never observed
WARN: "gauden.c", line 1565: (mgau= 817, feat= 0, density= 0) never observed
WARN: "gauden.c", line 1565: (mgau= 818, feat= 0, density= 0) never observed
WARN: "gauden.c", line 1565: (mgau= 2292, feat= 0, density= 0) never observed
WARN: "gauden.c", line 1565: (mgau= 2293, feat= 0, density= 0) never observed
WARN: "gauden.c", line 1565: (mgau= 2294, feat= 0, density= 0) never observed
WARN: "gauden.c", line 1565: (mgau= 4728, feat= 0, density= 0) never observed
WARN: "gauden.c", line 1565: (mgau= 4729, feat= 0, density= 0) never observed
WARN: "gauden.c", line 1565: (mgau= 4730, feat= 0, density= 0) never observed
WARN: "gauden.c", line 1565: (mgau= 5364, feat= 0, density= 0) never observed
WARN: "gauden.c", line 1565: (mgau= 5365, feat= 0, density= 0) never observed
WARN: "gauden.c", line 1565: (mgau= 5366, feat= 0, density= 0) never observed
INFO: main.c(414): Normalizing var
INFO: s3mixw_io.c(233): Wrote /Users/benroye/forge/cmusphinx/voiceVim/model_parameters/voiceVim.cd_cont_untied/mixture_weights [6747x1x1 array]
INFO: s3tmat_io.c(176): Wrote /Users/benroye/forge/cmusphinx/voiceVim/model_parameters/voiceVim.cd_cont_untied/transition_matrices [39x3x4 array]
INFO: s3gau_io.c(228): Wrote /Users/benroye/forge/cmusphinx/voiceVim/model_parameters/voiceVim.cd_cont_untied/means [6747x1x1 array]
INFO: s3gau_io.c(228): Wrote /Users/benroye/forge/cmusphinx/voiceVim/model_parameters/voiceVim.cd_cont_untied/variances [6747x1x1 array]
Mon Jan 30 07:35:35 2017
Current Overall Likelihood Per Frame = -142.896290812171
Convergence ratio = 0.39840024521655
