        INFO: main.c(229): Compiled on Jan  6 2017 at 15:11:16
Current configuration:
[NAME]		[DEFLT]		[VALUE]
-2passvar	no		yes
-abeam		1e-100		1.000000e-90
-accumdir			/Users/benroye/forge/cmusphinx/voiceVim/bwaccumdir/voiceVim_buff_1
-agc		none		none
-agcthresh	2.0		2.000000e+00
-bbeam		1e-100		1.000000e-10
-cb2mllrfn	.1cls.		.1cls.
-cepdir				/Users/benroye/forge/cmusphinx/voiceVim/feat
-cepext		mfc		mfc
-ceplen		13		13
-ckptintv			0
-cmn		live		batch
-cmninit	40,3,-1		40,3,-1
-ctlfn				/Users/benroye/forge/cmusphinx/voiceVim/etc/voiceVim_train.fileids
-diagfull	no		no
-dictfn				/Users/benroye/forge/cmusphinx/voiceVim/etc/voiceVim.dic
-example	no		no
-fdictfn			/Users/benroye/forge/cmusphinx/voiceVim/etc/voiceVim.filler
-feat		1s_c_d_dd	1s_c_d_dd
-fullvar	no		no
-help		no		no
-hmmdir				
-latdir				
-latext				
-lda				
-ldadim		0		0
-lsnfn				/Users/benroye/forge/cmusphinx/voiceVim/etc/voiceVim_train.transcription
-lw		11.5		1.150000e+01
-maxuttlen	0		0
-meanfn				/Users/benroye/forge/cmusphinx/voiceVim/model_parameters/voiceVim.cd_cont_untied/means
-meanreest	yes		yes
-mixwfn				/Users/benroye/forge/cmusphinx/voiceVim/model_parameters/voiceVim.cd_cont_untied/mixture_weights
-mixwreest	yes		yes
-mllrmat			
-mmie		no		no
-mmie_type	rand		rand
-moddeffn			/Users/benroye/forge/cmusphinx/voiceVim/model_architecture/voiceVim.untied.mdef
-mwfloor	0.00001		1.000000e-08
-npart				4
-nskip				0
-outphsegdir			
-outputfullpath	no		no
-part				1
-pdumpdir			
-phsegdir			
-phsegext	phseg		phseg
-runlen		-1		-1
-sentdir			
-sentext	sent		sent
-spthresh	0.0		0.000000e+00
-svspec				
-timing		yes		no
-tmatfn				/Users/benroye/forge/cmusphinx/voiceVim/model_parameters/voiceVim.cd_cont_untied/transition_matrices
-tmatreest	yes		yes
-topn		4		1
-tpfloor	0.0001		1.000000e-04
-ts2cbfn			.cont.
-varfloor	0.00001		1.000000e-04
-varfn				/Users/benroye/forge/cmusphinx/voiceVim/model_parameters/voiceVim.cd_cont_untied/variances
-varnorm	no		no
-varreest	yes		yes
-viterbi	no		no

INFO: feat.c(715): Initializing feature stream to type: '1s_c_d_dd', ceplen=13, CMN='batch', VARNORM='no', AGC='none'
INFO: main.c(318): Reading /Users/benroye/forge/cmusphinx/voiceVim/model_architecture/voiceVim.untied.mdef
INFO: model_def_io.c(573): Model definition info:
INFO: model_def_io.c(574): 2249 total models defined (39 base, 2210 tri)
INFO: model_def_io.c(575): 8996 total states
INFO: model_def_io.c(576): 6747 total tied states
INFO: model_def_io.c(577): 117 total tied CI states
INFO: model_def_io.c(578): 39 total tied transition matrices
INFO: model_def_io.c(579): 4 max state/model
INFO: model_def_io.c(580): 4 min state/model
INFO: s3mixw_io.c(117): Read /Users/benroye/forge/cmusphinx/voiceVim/model_parameters/voiceVim.cd_cont_untied/mixture_weights [6747x1x1 array]
INFO: s3tmat_io.c(118): Read /Users/benroye/forge/cmusphinx/voiceVim/model_parameters/voiceVim.cd_cont_untied/transition_matrices [39x3x4 array]
INFO: mod_inv.c(301): inserting tprob floor 1.000000e-04 and renormalizing
INFO: s3gau_io.c(169): Read /Users/benroye/forge/cmusphinx/voiceVim/model_parameters/voiceVim.cd_cont_untied/means [6747x1x1 array]
INFO: s3gau_io.c(169): Read /Users/benroye/forge/cmusphinx/voiceVim/model_parameters/voiceVim.cd_cont_untied/variances [6747x1x1 array]
INFO: gauden.c(176): 6747 total mgau
INFO: gauden.c(150): 1 feature streams (|0|=39 )
INFO: gauden.c(187): 1 total densities
INFO: gauden.c(90): min_var=1.000000e-04
INFO: gauden.c(165): compute 1 densities/frame
INFO: main.c(431): Will reestimate mixing weights.
INFO: main.c(433): Will reestimate means.
INFO: main.c(435): Will reestimate variances.
INFO: main.c(443): Will reestimate transition matrices
INFO: main.c(456): Reading main dictionary: /Users/benroye/forge/cmusphinx/voiceVim/etc/voiceVim.dic
INFO: lexicon.c(221): 133 entries added from /Users/benroye/forge/cmusphinx/voiceVim/etc/voiceVim.dic
INFO: main.c(466): Reading filler dictionary: /Users/benroye/forge/cmusphinx/voiceVim/etc/voiceVim.filler
INFO: lexicon.c(221): 3 entries added from /Users/benroye/forge/cmusphinx/voiceVim/etc/voiceVim.filler
INFO: corpus.c(1065): Will process 85 utts starting at 0
INFO: main.c(665): Reestimation: Baum-Welch
INFO: cmn.c(133): CMN: 43.72  7.94 -2.78 23.45 -9.17 -4.16 -3.45 -17.00 -1.56 -12.80 -3.44 -0.34 -6.98 
column defns
	<seq>
	<id>
	<n_frame_in>
	<n_frame_del>
	<n_state_shmm>
	<avg_states_alpha>
	<avg_states_beta>
	<avg_states_reest>
	<avg_posterior_prune>
	<frame_log_lik>
	<utt_log_lik>
	... timing info ... 
utt>     0                   again_0   60    0    24 6  1 2 9.058172e-13 -1.315984e+02 -7.895905e+03
INFO: cmn.c(133): CMN: 40.23 13.89  2.93 -11.47 -17.36 -10.55 -7.00  2.65 -14.02 -6.57 -1.64 -2.75 -9.72 
utt>     1                   alpha_0   55    0    24 10  1 3 3.009896e-13 -1.489216e+02 -8.190688e+03
INFO: cmn.c(133): CMN: 46.58  4.31 -4.40 21.10 -17.67 -5.71 -8.00 -17.44  2.10  1.39  1.95 -4.15 -3.76 
utt>     2                     and_0   50    0    20 5  1 2 1.686290e-12 -1.394830e+02 -6.974149e+03
INFO: cmn.c(133): CMN: 42.49 14.11  5.47  7.40 -5.76  2.55 -23.12 -11.60 -9.59  5.20  0.10 -11.70  0.87 
utt>     3                  append_0   59    0    28 15  1 2 9.380756e-13 -1.465819e+02 -8.648332e+03
INFO: cmn.c(133): CMN: 48.56  5.89  8.69 -21.49 14.59  7.16 -20.28 -4.05 -28.69  1.47 15.22 -3.87  6.79 
utt>     4                  assign_0   72    0    24 8  1 2 4.452403e-13 -1.479142e+02 -1.064983e+04
INFO: cmn.c(133): CMN: 44.99  7.87 -11.50 -2.72 -15.71  9.12 -18.56 -7.35  6.23  8.75  5.19 -13.86 -1.35 
utt>     5                    back_0   50    0    20 6  1 2 1.264002e-12 -1.468597e+02 -7.342986e+03
INFO: cmn.c(133): CMN: 40.27 16.52  0.26 -3.01 -3.72 -2.80 -14.22 -11.45  1.28 -0.72 -3.56 -9.04 -11.74 
utt>     6                backward_0   65    0    32 8  1 2 2.353232e-12 -1.467595e+02 -9.539366e+03
INFO: cmn.c(133): CMN: 42.24 15.25 -0.24 11.51 -10.76 -12.52 -4.75 -14.28 -3.88 -1.85  4.90 -2.21 -6.12 
utt>     7                    bang_0   55    0    20 4  1 2 1.293110e-13 -1.332241e+02 -7.327323e+03
INFO: cmn.c(133): CMN: 44.40  6.78 -8.21  8.71 -7.44  6.36 -17.43 -5.21  2.52  1.72 -0.27 -8.41 -1.81 
utt>     8                 bigback_0   67    0    32 7  1 2 1.455097e-12 -1.473842e+02 -9.874744e+03
INFO: cmn.c(133): CMN: 41.72 15.01  1.77 11.30  6.09 12.72 -10.86 -17.46 -6.12 -8.14 -10.43 -12.92 -5.42 
utt>     9                 bigword_0   63    0    32 9  1 3 2.068198e-12 -1.467760e+02 -9.246886e+03
INFO: cmn.c(133): CMN: 43.28  9.81 -4.04  0.72 -15.77 -1.76 -20.71 -6.48 -5.08 -0.74 -2.24 -12.85 -4.26 
utt>    10                 bracket_0   57    0    28 5  1 2 1.643211e-12 -1.469773e+02 -8.377707e+03
INFO: cmn.c(133): CMN: 42.49 22.75  3.94 -17.21 -16.31 -11.12 -1.28  1.85 -21.35 -11.69 -13.35  0.72 -2.45 
utt>    11                   bravo_0   62    0    28 7  1 2 3.755055e-12 -1.426405e+02 -8.843708e+03
INFO: cmn.c(133): CMN: 47.08 -0.16  2.40  2.92 -6.72 -3.22 -0.58 -6.00 -19.57  5.45 10.69 -4.77 -9.26 
utt>    12              capitalize_0  115    0    44 10  1 3 1.579297e-12 -1.553380e+02 -1.786386e+04
INFO: cmn.c(133): CMN: 41.85 11.41 -1.00 -6.35 -9.45 -4.26 -31.61 -15.40 -18.02  4.77 -0.59 -11.53  1.68 
utt>    13                  carrot_0   49    0    28 10  1 3 1.829192e-12 -1.507889e+02 -7.388658e+03
INFO: cmn.c(133): CMN: 43.75 19.83 -4.88 -11.25  1.19 -3.18 -18.16 -11.47 -19.97 -13.25 -11.63 -0.99 -1.32 
utt>    14                 charlie_0   52    0    28 9  1 3 2.153745e-12 -1.489541e+02 -7.745615e+03
INFO: cmn.c(133): CMN: 43.27 11.84 14.56 15.73 -30.56 -0.52 -4.48 -17.61 -5.12 -9.08  5.15 -21.27 -5.93 
utt>    15                   colon_0   50    0    28 11  2 4 3.836214e-12 -1.526099e+02 -7.630495e+03
INFO: cmn.c(133): CMN: 40.52 10.99  3.64 -7.32 -22.76  6.34 -10.08 -9.45 -2.22 -5.43  5.65 -2.34 -2.53 
utt>    16                   comma_0   55    0    24 8  1 3 2.210920e-12 -1.445594e+02 -7.950769e+03
INFO: cmn.c(133): CMN: 43.35 -1.09 -6.18 10.51 -8.26  1.73 -12.21  3.16 -11.07 -5.01  1.69 -3.65 -3.43 
utt>    17                complete_0   70    0    36 9  1 2 1.303566e-12 -1.510547e+02 -1.057383e+04
INFO: cmn.c(133): CMN: 42.95 16.72 -3.21 -1.94 -22.83 -10.30 -1.81 -3.39 -6.65 -7.75  2.43 -9.36 -6.87 
utt>    18                    copy_0   55    0    24 5  1 2 1.724453e-12 -1.398799e+02 -7.693394e+03
INFO: cmn.c(133): CMN: 46.05 14.26  2.72 18.69 -7.11  5.16 -12.04 -14.62 -13.25 -12.10 -6.09 -11.07 -16.44 
utt>    19                   curly_0   49    0    24 8  1 2 3.173152e-12 -1.496104e+02 -7.330910e+03
INFO: cmn.c(133): CMN: 43.03 11.00 -9.58 -3.34 -16.67 -9.53 -15.22 -14.35 -14.91 12.68 15.15 -16.68 -6.03 
utt>    20                     cut_0   33    0    20 6  1 2 5.343632e-12 -1.475715e+02 -4.869859e+03
INFO: cmn.c(133): CMN: 45.64  7.56 -3.40  9.35 -21.93  2.99 -8.24 -11.44 -2.96 -0.42  5.08 -12.26 -5.54 
utt>    21                  define_0   80    0    24 5  1 2 6.920128e-13 -1.396072e+02 -1.116858e+04
INFO: cmn.c(133): CMN: 41.74  4.03  5.61 20.42 -5.81  2.50  4.62 -9.38 -0.55 -19.07 -16.23 -2.34 -7.08 
utt>    22                  delete_0   57    0    24 8  1 2 1.630236e-12 -1.462679e+02 -8.337273e+03
INFO: cmn.c(133): CMN: 40.59 12.49  4.39 -8.64 -13.77 -7.50 -13.19 -8.32 -22.77 -7.10 -3.15 -5.71 -12.84 
utt>    23                   delta_0   55    0    28 11  1 2 1.722020e-12 -1.539314e+02 -8.466228e+03
INFO: cmn.c(133): CMN: 47.52 16.53  5.42 -6.14 -31.19  2.72 -7.95 -4.91 -25.70  6.89  9.60 -3.23  2.45 
utt>    24                   dolla_0   52    0    24 6  1 2 3.664869e-12 -1.420953e+02 -7.388956e+03
INFO: cmn.c(133): CMN: 44.83  8.14 -0.03 -9.61 -26.21  7.58 -16.43 -5.07  3.51 -4.80 11.89  2.56 -4.99 
utt>    25                     dot_0   40    0    20 4  1 1 1.627456e-14 -1.309658e+02 -5.238634e+03
INFO: cmn.c(133): CMN: 44.10 18.84 -6.59 -6.53 -16.94 -8.65 -9.15  0.20 -8.35 -4.89  2.21 -4.69  2.93 
utt>    26                    down_0   48    0    20 5  1 2 7.789550e-13 -1.379373e+02 -6.620990e+03
INFO: cmn.c(133): CMN: 45.74 -19.21  0.98 20.41 -12.80  5.92 -11.88  4.22 -8.91 -2.21 -1.60  3.90 -6.65 
utt>    27                    east_0   54    0    20 6  1 1 4.501718e-13 -1.350778e+02 -7.294199e+03
INFO: cmn.c(133): CMN: 40.27 14.07 -4.94 -9.79  3.21 -6.00 -22.44 -11.31 -13.36 -10.47 -11.18  1.38 -9.25 
utt>    28                    echo_0   48    0    20 12  1 2 1.552491e-12 -1.543638e+02 -7.409460e+03
INFO: cmn.c(133): CMN: 41.50 13.21 -4.16  4.33 -13.29 -13.16 -8.53 -4.13  6.00  3.27 -1.96 -5.65 -10.47 
utt>    29                    egap_0   55    0    24 7  1 2 2.696118e-12 -1.432676e+02 -7.879720e+03
INFO: cmn.c(133): CMN: 39.25 -1.87  0.21 20.21 -1.56  5.18 -17.40  0.49 -2.35 -12.99  2.65 -4.12 -3.15 
utt>    30                   eight_0   41    0    16 6  1 1 5.543274e-14 -1.444359e+02 -5.921872e+03
INFO: cmn.c(133): CMN: 47.96  5.99  8.01 25.57 -13.24  3.74 -4.97 -32.27 -0.53 -0.22 -3.86 -16.77 -7.51 
utt>    31                    elif_0   43    0    24 4  1 2 2.181797e-12 -1.387427e+02 -5.965934e+03
INFO: cmn.c(133): CMN: 47.71 -5.71 14.96 -10.39 -32.48  0.05 -6.65 -12.32 -9.58 12.52 -1.94 -9.99  1.30 
utt>    32                    else_0   54    0    20 6  1 2 2.284954e-12 -1.401077e+02 -7.565816e+03
INFO: cmn.c(133): CMN: 43.58  9.96 -1.31 10.84 -3.77  5.30 -13.47 -24.29  1.13  4.30 -1.65 -7.93 -2.19 
utt>    33                     end_0   49    0    20 9  1 2 5.236944e-12 -1.419321e+02 -6.954671e+03
INFO: cmn.c(133): CMN: 40.86 13.52  0.40  7.42 -3.42  3.17 -7.94 -22.35 -9.91 -0.68 -0.33 -11.40 -8.35 
utt>    34                   enter_0   49    0    24 9  1 3 2.216969e-12 -1.490515e+02 -7.303523e+03
INFO: cmn.c(133): CMN: 34.32 -14.76  9.42 -3.44 -14.78 13.08 -20.62 -1.69  4.21 -10.61  2.98 -9.15 -4.31 
utt>    35                  equals_0   30    0    32 12  1 3 4.562604e-12 -1.250001e+02 -3.750003e+03
INFO: cmn.c(133): CMN: 38.88  3.14 -2.27 16.67 -6.59 -9.05 -1.61 -10.07 -6.63 -7.47  0.95 -4.86 -9.05 
utt>    36                  escape_0   70    0    28 9  1 3 1.262188e-12 -1.477242e+02 -1.034069e+04
INFO: cmn.c(133): CMN: 45.27 -4.33 18.10  0.49 -40.45  3.25 -12.69 -11.07  2.15 -0.09  2.77 -19.43  2.84 
utt>    37                   false_0   52    0    24 7  1 2 3.130186e-12 -1.434219e+02 -7.457941e+03
INFO: cmn.c(133): CMN: 42.83 18.80  6.48 10.11 -19.63 -5.93 -8.06 -10.82  3.18 -9.97  2.71 -0.75 -9.84 
utt>    38               filebegin_0   78    0    40 10  1 3 1.148264e-12 -1.452538e+02 -1.132980e+04
INFO: cmn.c(133): CMN: 43.24 19.21  5.71  1.78 -27.55 -3.55 -9.64 -12.42  8.31 -6.90  5.34 -6.21 -9.54 
utt>    39                 fileend_0   74    0    32 11  2 4 4.367165e-12 -1.435054e+02 -1.061940e+04
INFO: cmn.c(133): CMN: 46.33 10.49  3.64 -5.87 -9.78  7.46 -21.44 -6.30 -22.25  5.55  8.25 -1.75 -5.16 
utt>    40                    five_0   41    0    20 5  1 2 3.708130e-12 -1.336922e+02 -5.481381e+03
INFO: cmn.c(133): CMN: 37.65 17.57 12.12 -1.47 -5.86 -7.68 -11.23 -9.38 -0.34 -3.07 -14.97 -15.58 -10.00 
utt>    41                 forward_0   70    0    36 8  1 3 4.418818e-12 -1.377192e+02 -9.640341e+03
INFO: cmn.c(133): CMN: 41.97 19.78 19.24  3.96 -8.26 -2.20 -18.58 -17.93 -22.53 -0.31 -5.82 -9.68  0.15 
utt>    42                    four_0   37    0    20 10  1 3 3.660682e-12 -1.528679e+02 -5.656111e+03
INFO: cmn.c(133): CMN: 42.03  6.22 -1.90 -2.11 -12.18 -16.39 -3.75 -6.63 -9.65 -0.76  0.68  1.77  2.00 
utt>    43                 foxtrot_0   58    0    36 9  1 2 2.703341e-12 -1.495335e+02 -8.672943e+03
INFO: cmn.c(133): CMN: 43.81 11.87  5.32  0.44 -21.69 -17.11 -7.65 -5.15 -9.52 -2.11  1.94 -10.40 -4.15 
utt>    44                    golf_0   45    0    24 6  1 3 5.492494e-12 -1.440339e+02 -6.481525e+03
INFO: cmn.c(133): CMN: 40.48 15.68  2.40 12.38  6.05  3.29 -9.81 -19.59 -8.52 -9.26 -4.64 -8.79 -16.12 
utt>    45                    goto_0   63    0    24 6  1 2 1.214898e-12 -1.329473e+02 -8.375682e+03
INFO: cmn.c(133): CMN: 45.32 14.84 -2.20 12.44  3.86 -7.92 -31.46 -12.85 -10.74 -4.37 -8.97 -14.16 -2.85 
utt>    46                 greater_0   52    0    28 5  1 2 5.120089e-13 -1.327551e+02 -6.903263e+03
INFO: cmn.c(133): CMN: 51.95 15.32 -16.99 -3.45 -29.19  4.35 -3.52 -11.14 -0.94  4.96  6.08 -5.31 -9.97 
utt>    47                    high_0   43    0    16 5  1 1 2.534413e-13 -1.328878e+02 -5.714177e+03
INFO: cmn.c(133): CMN: 40.13 10.43  7.39  4.95 -9.28 -9.53 -7.77 -6.21 -18.64 -2.48  1.23 -9.97 -3.40 
utt>    48                   hotel_0   62    0    28 9  1 3 2.693506e-12 -1.446013e+02 -8.965279e+03
INFO: cmn.c(133): CMN: 47.31 -11.28 17.25 15.34 -21.36  7.68 -3.21  2.52 -4.49 -8.84 -0.03 -7.42 -0.15 
utt>    49                   hsals_0   99    0    32 6  1 2 1.909321e-12 -1.473465e+02 -1.458730e+04
INFO: cmn.c(133): CMN: 49.29  8.78 -4.70  0.46 -10.11 -2.94 -10.57 -11.38 -11.59 -4.18  4.25  0.21 -7.01 
utt>    50                     hug_0   52    0    20 3  1 1 3.121377e-12 -1.259720e+02 -6.550542e+03
INFO: cmn.c(133): CMN: 43.35 -1.01 -2.67 23.97 -9.14 -3.58 -8.60 -21.82 -2.65 -8.76 -14.30 -16.15 -5.86 
utt>    51                      if_0   29    0    16 7  1 2 5.296765e-12 -1.483587e+02 -4.302402e+03
INFO: cmn.c(133): CMN: 37.85  5.01 11.50 25.48  6.66 -1.86 -13.30  6.10 -15.38 -5.79  7.83 -11.81 -3.06 
utt>    52                   india_0   56    0    28 14  1 3 2.305488e-12 -1.473852e+02 -8.253572e+03
INFO: cmn.c(133): CMN: 41.10  5.12  5.84  5.27 -1.05 12.16 -14.99 -12.61 -5.05  2.90 -4.20 -11.17 -2.97 
utt>    53                  insert_0   66    0    28 7  1 2 2.114724e-12 -1.473139e+02 -9.722716e+03
INFO: cmn.c(133): CMN: 47.26  9.24 -11.59 19.13 21.42  6.22 -21.57 -21.99 -6.12 -9.50 -3.73 -9.71 -10.34 
utt>    54                 iterate_0   65    0    28 6  1 2 1.764881e-12 -1.517138e+02 -9.861398e+03
INFO: cmn.c(133): CMN: 39.43  0.87  4.54 12.52 -1.73 -5.75 -14.47 -4.14 -13.65 -7.91  0.47 -9.09 -5.13 
utt>    55                  juliet_0   73    0    32 6  1 2 1.223761e-12 -1.405004e+02 -1.025653e+04
INFO: cmn.c(133): CMN: 41.70 -9.47 13.55  8.58 -4.60 -3.04 -13.42 -8.32 -10.84  1.29 -1.64 -4.98 -11.98 
utt>    56                    kees_0   41    0    20 5  1 2 2.677211e-13 -1.414592e+02 -5.799828e+03
INFO: cmn.c(133): CMN: 41.38  9.04 13.82  9.13 -5.89 -4.60 -17.07  0.96 -13.77 -15.29  1.83 -1.85 -10.07 
utt>    57                    kilo_0   63    0    24 7  1 2 1.421377e-12 -1.459921e+02 -9.197505e+03
INFO: cmn.c(133): CMN: 40.91 13.67  4.86 -7.51 -21.22 -9.40 -9.57  3.34 -11.47  0.10 -3.96 -7.12 -2.50 
utt>    58                    left_0   52    0    24 7  1 3 4.933131e-12 -1.459302e+02 -7.588372e+03
INFO: cmn.c(133): CMN: 44.69  2.19 14.67  2.21 -12.21 -3.30 -16.88 -9.56 -19.75 -2.60  7.62 -5.35 -8.67 
utt>    59                  lesser_0   59    0    24 5  1 2 1.736589e-12 -1.404696e+02 -8.287705e+03
INFO: cmn.c(133): CMN: 40.07 12.55 16.12 10.80 -0.75 -1.58 -17.05  2.85 -14.00 -7.25 10.04 -0.37 -0.03 
utt>    60                    lima_0   62    0    24 8  1 2 2.513913e-12 -1.393170e+02 -8.637652e+03
INFO: cmn.c(133): CMN: 42.74 -0.30 13.69  4.66 -0.28  7.50 -5.19 -5.69 -28.20  1.35  6.81 -18.23 -1.97 
utt>    61                  listen_0   51    0    28 6  1 2 3.979231e-13 -1.400654e+02 -7.143333e+03
INFO: cmn.c(133): CMN: 43.85 -4.42  8.06 -9.06 -13.52  2.35 -12.15 -5.29 -18.23  6.51 10.61 -6.99 -1.58 
utt>    62                   lleps_0   57    0    24 3  1 1 2.617915e-13 -1.360406e+02 -7.754315e+03
INFO: cmn.c(133): CMN: 44.55 13.76  9.92  3.70 -27.07 -3.21  8.04 -6.55 -21.80  5.68 -16.18 -7.51  9.10 
utt>    63                     low_0   47    0    16 5  1 2 1.965730e-12 -1.386936e+02 -6.518600e+03
INFO: cmn.c(133): CMN: 43.78 15.28  9.48  7.39 -19.00  4.83 -7.43 -13.98 -9.16 -7.57 -1.98 -7.90 -2.80 
utt>    64                  middle_0   45    0    24 6  1 2 3.642640e-12 -1.355914e+02 -6.101615e+03
INFO: cmn.c(133): CMN: 38.50  4.35  6.59  9.19  1.04 -4.80 -19.93  4.22 -8.58 -4.76  1.93  1.14 -1.96 
utt>    65                    mike_0   50    0    20 8  1 2 2.342222e-12 -1.443261e+02 -7.216306e+03
INFO: cmn.c(133): CMN: 41.85 -0.53 10.86  2.77 -1.83  0.79 -16.92 -5.92 -11.96  1.14  5.31 -6.70  3.61 
utt>    66                   minus_0   58    0    28 7  1 2 1.869978e-12 -1.423540e+02 -8.256529e+03
INFO: cmn.c(133): CMN: 48.72 17.11 -4.89  2.12 -15.79  2.13 -23.45 -2.93 -2.48  0.05  4.49 -14.16 -8.78 
utt>    67                   nerap_0   63    0    28 8  1 3 2.633250e-12 -1.521728e+02 -9.586885e+03
INFO: cmn.c(133): CMN: 42.20  2.09  6.52 -2.16 -4.38 -3.89 -7.70 -7.77 -21.25  4.54  6.42 -15.14  1.26 
utt>    68                  netsil_0   62    0    32 7  1 3 3.061042e-12 -1.471732e+02 -9.124738e+03
INFO: cmn.c(133): CMN: 46.69 13.89  5.35 -3.42 15.84 14.34 -20.58 -4.99 -9.12 -9.89 12.00 -0.99 -3.68 
utt>    69                 newline_0   71    0    28 8  1 3 3.037859e-12 -1.468688e+02 -1.042769e+04
INFO: cmn.c(133): CMN: 40.24 -1.42  2.17  0.17 -4.95 -5.58 -19.33 -4.21 -5.71  3.88  5.77 -9.96 -11.23 
utt>    70                    next_0   62    0    24 10  1 2 3.192856e-12 -1.473679e+02 -9.136813e+03
INFO: cmn.c(133): CMN: 45.29 10.42  0.47 -3.16 -7.48  7.58 -15.02 -4.92 -18.29  6.55  7.35 -6.57  4.63 
utt>    71                    nine_0   45    0    20 8  1 2 2.785930e-12 -1.453397e+02 -6.540287e+03
INFO: cmn.c(133): CMN: 48.28  3.79 -3.23 -6.67 -7.41 -6.52 -7.86 -6.65 -17.16  2.78  0.29 -3.99 -1.15 
utt>    72                   north_0   63    0    24 4  1 2 3.870041e-12 -1.355700e+02 -8.540909e+03
INFO: cmn.c(133): CMN: 38.65 16.11 11.16  2.16  7.50 -1.68 -12.61 -8.53 -14.97  1.74  2.71  1.16 -6.38 
utt>    73                november_0   72    0    36 7  1 3 6.295166e-13 -1.419735e+02 -1.022209e+04
INFO: cmn.c(133): CMN: 43.18 13.51 12.24  5.43 -7.47  5.72 -7.35 -10.40 -14.08  5.75  1.24 -1.20  3.69 
utt>    74                     one_0   48    0    20 8  1 3 1.054323e-12 -1.400301e+02 -6.721443e+03
INFO: cmn.c(133): CMN: 44.28 21.27 18.80 -1.42 -17.59 -0.87 -23.89 -17.72 -22.76  0.29 -0.27 -17.69 -2.08 
utt>    75                      or_0   37    0    16 5  1 1 2.505522e-12 -1.435954e+02 -5.313031e+03
INFO: cmn.c(133): CMN: 40.77  1.91 10.19 -5.26 -14.78 -5.53 -17.45 -8.86 -5.49  1.20  2.15  1.45 -2.96 
utt>    76                   oscar_0   49    0    24 8  1 3 1.968658e-12 -1.467078e+02 -7.188683e+03
INFO: cmn.c(133): CMN: 40.18  7.56  4.35 28.18 -1.81 -12.86 -5.34 -0.96 -4.92 -10.30 -4.57  0.14 -8.10 
utt>    77                    page_0   48    0    20 5  1 2 4.144901e-12 -1.368210e+02 -6.567410e+03
INFO: cmn.c(133): CMN: 42.02 13.44 10.14 -10.88 -10.43 -8.49 -16.06  1.68 -13.28  7.77 19.65  1.48 -0.01 
utt>    78                    papa_0   54    0    24 10  1 3 5.692785e-13 -1.452520e+02 -7.843610e+03
INFO: cmn.c(133): CMN: 45.75 16.45 -3.18  5.04 -12.34  1.43 -13.69 -11.13 -14.18 -2.83  1.49 -12.82 -1.34 
utt>    79                   paren_0   60    0    28 9  1 3 8.161141e-13 -1.456499e+02 -8.738993e+03
INFO: cmn.c(133): CMN: 38.64 -3.19  5.28 10.89 -7.60 -7.30 -11.35 -3.68 -9.62 -3.04  3.57 -13.54 -7.72 
utt>    80                   paste_0   56    0    24 15  1 3 2.475580e-12 -1.518556e+02 -8.503914e+03
INFO: cmn.c(133): CMN: 42.59 -4.98 14.27 -10.63 -19.16  1.59 -22.21 -2.20 -14.12 -2.14 -1.70 -3.52  4.22 
utt>    81                    plus_0   51    0    24 7  1 2 3.635184e-12 -1.446711e+02 -7.378228e+03
INFO: cmn.c(133): CMN: 42.16  5.42  7.23  9.55  2.99  4.49 -18.65 -18.06 -6.25 -5.78 -3.55 -7.69 -14.76 
utt>    82                previous_0   60    0    36 7  1 2 1.878632e-12 -1.399916e+02 -8.399495e+03
INFO: cmn.c(133): CMN: 41.82  6.23 -1.31 10.86  3.92 -6.96 -33.58 -2.78 -4.42 -5.95  6.44 -6.66 -0.57 
utt>    83                  quebec_0   59    0    28 5  1 2 2.115732e-12 -1.371382e+02 -8.091154e+03
INFO: cmn.c(133): CMN: 41.02  1.50 -1.19  8.75 -8.06 -1.99 -5.95 -14.37 -11.41 -3.92  5.22 -6.18 -1.25 
utt>    84                question_0   65    0    36 7  1 3 3.825148e-13 -1.468612e+02 -9.545979e+03
overall> stats 4793 (-0) -1.437035e+02 -6.887710e+05
WARN: "accum.c", line 628: Over 500 senones never occur in the input data. This is normal for context-dependent untied senone training or for adaptation, but could indicate a serious problem otherwise.
INFO: s3mixw_io.c(233): Wrote /Users/benroye/forge/cmusphinx/voiceVim/bwaccumdir/voiceVim_buff_1/mixw_counts [6747x1x1 array]
INFO: s3tmat_io.c(176): Wrote /Users/benroye/forge/cmusphinx/voiceVim/bwaccumdir/voiceVim_buff_1/tmat_counts [39x3x4 array]
INFO: s3gau_io.c(485): Wrote /Users/benroye/forge/cmusphinx/voiceVim/bwaccumdir/voiceVim_buff_1/gauden_counts with means with vars (2pass) [6747x1x1 vector arrays]
INFO: main.c(999): Counts saved to /Users/benroye/forge/cmusphinx/voiceVim/bwaccumdir/voiceVim_buff_1
Mon Jan 30 07:35:31 2017
