Current configuration:
[NAME]		[DEFLT]	[VALUE]
-dictfn			/Users/benroye/forge/cmusphinx/voiceVim/etc/voiceVim.dic
-example	no	no
-fdictfn		/Users/benroye/forge/cmusphinx/voiceVim/etc/voiceVim.filler
-help		no	no
-ignorewpos	no	no
-inCDmdef		
-inCImdef		
-lsnfn			/Users/benroye/forge/cmusphinx/voiceVim/etc/voiceVim_train.transcription
-maxtriphones	100000	100000
-minocc		1	1
-n_state_pm	3	3
-oalltphnmdef		
-ocimdef		
-ocountfn		
-ountiedmdef		/Users/benroye/forge/cmusphinx/voiceVim/model_architecture/voiceVim.untied.mdef
-phnlstfn		/Users/benroye/forge/cmusphinx/voiceVim/etc/voiceVim.phone
-triphnlstfn		

INFO: main.c(95): Will write untied mdef file /Users/benroye/forge/cmusphinx/voiceVim/model_architecture/voiceVim.untied.mdef
INFO: mk_mdef_gen.c(189): 0 single word triphones in input phone list
INFO: mk_mdef_gen.c(190): 0 word beginning triphones in input phone list
INFO: mk_mdef_gen.c(191): 0 word internal triphones in input phone list
INFO: mk_mdef_gen.c(192): 0 word ending triphones in input phone list
INFO: mk_mdef_gen.c(280): Reading dict /Users/benroye/forge/cmusphinx/voiceVim/etc/voiceVim.dic
INFO: mk_mdef_gen.c(322): 133 words in dict /Users/benroye/forge/cmusphinx/voiceVim/etc/voiceVim.dic
INFO: mk_mdef_gen.c(280): Reading dict /Users/benroye/forge/cmusphinx/voiceVim/etc/voiceVim.filler
INFO: mk_mdef_gen.c(322): 3 words in dict /Users/benroye/forge/cmusphinx/voiceVim/etc/voiceVim.filler
INFO: mk_mdef_gen.c(442): 136 words in dictionary
INFO: mk_mdef_gen.c(443): 0 unique single word triphones in dictionary
INFO: mk_mdef_gen.c(444): 2987 unique word beginning triphones in dictionary
INFO: mk_mdef_gen.c(445): 292 unique word internal triphones in dictionary
INFO: mk_mdef_gen.c(446): 2852 unique word ending triphones in dictionary
INFO: mk_mdef_gen.c(479): Out of vocabulary words in transcript will be mapped to SIL!
INFO: mk_mdef_gen.c(593): 5121 words in transcripts
INFO: mk_mdef_gen.c(594): 0 single word triphones in transcripts
INFO: mk_mdef_gen.c(595): 4088 word beginning triphones in transcripts
INFO: mk_mdef_gen.c(596): 9855 word internal triphones in transcripts
INFO: mk_mdef_gen.c(597): 4088 word ending triphones in transcripts
INFO: mk_mdef_gen.c(640): 18031 triphones extracted from transcripts
INFO: mk_mdef_gen.c(641): 2210 unique triphones extracted from transcripts
INFO: mk_mdef_gen.c(642): 774 triphones occur once in the transcripts
INFO: mk_mdef_gen.c(643): 342 triphones occur twice in the transcripts
INFO: mk_mdef_gen.c(644): 208 triphones occur thrice in the transcripts
INFO: mk_mdef_gen.c(645): The rest of the triphones occur more than three times
INFO: mk_mdef_gen.c(646): Count threshold is 1
INFO: mk_mdef_gen.c(897): 39 n_base, 2210 n_tri
INFO: mk_mdef_gen.c(969): Wrote mdef file /Users/benroye/forge/cmusphinx/voiceVim/model_architecture/voiceVim.untied.mdef
Mon Jan 30 07:35:27 2017
