Current configuration:
[NAME]		[DEFLT]	[VALUE]
-accumdir		/Users/benroye/forge/cmusphinx/voiceVim/bwaccumdir/voiceVim_buff_1,/Users/benroye/forge/cmusphinx/voiceVim/bwaccumdir/voiceVim_buff_2,/Users/benroye/forge/cmusphinx/voiceVim/bwaccumdir/voiceVim_buff_3,/Users/benroye/forge/cmusphinx/voiceVim/bwaccumdir/voiceVim_buff_4,
-constE		3.0	3.000000e+00
-dcountfn		
-example	no	no
-fullvar	no	no
-help		no	no
-inmeanfn		
-inmixwfn		
-invarfn		
-meanfn			/Users/benroye/forge/cmusphinx/voiceVim/model_parameters/voiceVim.cd_cont_200/means
-mixwfn			/Users/benroye/forge/cmusphinx/voiceVim/model_parameters/voiceVim.cd_cont_200/mixture_weights
-mmie		no	no
-oaccumdir		
-regmatfn		
-tiedvar	no	no
-tmatfn			/Users/benroye/forge/cmusphinx/voiceVim/model_parameters/voiceVim.cd_cont_200/transition_matrices
-varfn			/Users/benroye/forge/cmusphinx/voiceVim/model_parameters/voiceVim.cd_cont_200/variances

INFO: main.c(207): Reading and accumulating counts from /Users/benroye/forge/cmusphinx/voiceVim/bwaccumdir/voiceVim_buff_1
INFO: s3mixw_io.c(117): Read /Users/benroye/forge/cmusphinx/voiceVim/bwaccumdir/voiceVim_buff_1/mixw_counts [317x1x4 array]
INFO: s3tmat_io.c(118): Read /Users/benroye/forge/cmusphinx/voiceVim/bwaccumdir/voiceVim_buff_1/tmat_counts [39x3x4 array]
INFO: s3gau_io.c(386): Read /Users/benroye/forge/cmusphinx/voiceVim/bwaccumdir/voiceVim_buff_1/gauden_counts with means with vars (2pass) [317x1x4 vector arrays]
INFO: main.c(207): Reading and accumulating counts from /Users/benroye/forge/cmusphinx/voiceVim/bwaccumdir/voiceVim_buff_2
INFO: s3mixw_io.c(117): Read /Users/benroye/forge/cmusphinx/voiceVim/bwaccumdir/voiceVim_buff_2/mixw_counts [317x1x4 array]
INFO: s3tmat_io.c(118): Read /Users/benroye/forge/cmusphinx/voiceVim/bwaccumdir/voiceVim_buff_2/tmat_counts [39x3x4 array]
INFO: s3gau_io.c(386): Read /Users/benroye/forge/cmusphinx/voiceVim/bwaccumdir/voiceVim_buff_2/gauden_counts with means with vars (2pass) [317x1x4 vector arrays]
INFO: main.c(207): Reading and accumulating counts from /Users/benroye/forge/cmusphinx/voiceVim/bwaccumdir/voiceVim_buff_3
INFO: s3mixw_io.c(117): Read /Users/benroye/forge/cmusphinx/voiceVim/bwaccumdir/voiceVim_buff_3/mixw_counts [317x1x4 array]
INFO: s3tmat_io.c(118): Read /Users/benroye/forge/cmusphinx/voiceVim/bwaccumdir/voiceVim_buff_3/tmat_counts [39x3x4 array]
INFO: s3gau_io.c(386): Read /Users/benroye/forge/cmusphinx/voiceVim/bwaccumdir/voiceVim_buff_3/gauden_counts with means with vars (2pass) [317x1x4 vector arrays]
INFO: main.c(207): Reading and accumulating counts from /Users/benroye/forge/cmusphinx/voiceVim/bwaccumdir/voiceVim_buff_4
INFO: s3mixw_io.c(117): Read /Users/benroye/forge/cmusphinx/voiceVim/bwaccumdir/voiceVim_buff_4/mixw_counts [317x1x4 array]
INFO: s3tmat_io.c(118): Read /Users/benroye/forge/cmusphinx/voiceVim/bwaccumdir/voiceVim_buff_4/tmat_counts [39x3x4 array]
INFO: s3gau_io.c(386): Read /Users/benroye/forge/cmusphinx/voiceVim/bwaccumdir/voiceVim_buff_4/gauden_counts with means with vars (2pass) [317x1x4 vector arrays]
INFO: main.c(321): -2passvar yes
INFO: main.c(391): Normalizing mean for n_mgau= 317, n_stream= 1, n_density= 4
INFO: main.c(414): Normalizing var
INFO: s3mixw_io.c(233): Wrote /Users/benroye/forge/cmusphinx/voiceVim/model_parameters/voiceVim.cd_cont_200/mixture_weights [317x1x4 array]
INFO: s3tmat_io.c(176): Wrote /Users/benroye/forge/cmusphinx/voiceVim/model_parameters/voiceVim.cd_cont_200/transition_matrices [39x3x4 array]
INFO: s3gau_io.c(228): Wrote /Users/benroye/forge/cmusphinx/voiceVim/model_parameters/voiceVim.cd_cont_200/means [317x1x4 array]
INFO: s3gau_io.c(228): Wrote /Users/benroye/forge/cmusphinx/voiceVim/model_parameters/voiceVim.cd_cont_200/variances [317x1x4 array]
Mon Jan 30 07:36:29 2017
Current Overall Likelihood Per Frame = -145.320634247462
Convergence ratio = 0.436492627623181
