        INFO: main.c(229): Compiled on Jan  6 2017 at 15:11:16
Current configuration:
[NAME]		[DEFLT]		[VALUE]
-2passvar	no		yes
-abeam		1e-100		1.000000e-90
-accumdir			/Users/benroye/forge/cmusphinx/voiceVim/bwaccumdir/voiceVim_buff_3
-agc		none		none
-agcthresh	2.0		2.000000e+00
-bbeam		1e-100		1.000000e-10
-cb2mllrfn	.1cls.		.1cls.
-cepdir				/Users/benroye/forge/cmusphinx/voiceVim/feat
-cepext		mfc		mfc
-ceplen		13		13
-ckptintv			0
-cmn		live		batch
-cmninit	40,3,-1		40,3,-1
-ctlfn				/Users/benroye/forge/cmusphinx/voiceVim/etc/voiceVim_train.fileids
-diagfull	no		no
-dictfn				/Users/benroye/forge/cmusphinx/voiceVim/etc/voiceVim.dic
-example	no		no
-fdictfn			/Users/benroye/forge/cmusphinx/voiceVim/etc/voiceVim.filler
-feat		1s_c_d_dd	1s_c_d_dd
-fullvar	no		no
-help		no		no
-hmmdir				
-latdir				
-latext				
-lda				
-ldadim		0		0
-lsnfn				/Users/benroye/forge/cmusphinx/voiceVim/etc/voiceVim_train.transcription
-lw		11.5		1.150000e+01
-maxuttlen	0		0
-meanfn				/Users/benroye/forge/cmusphinx/voiceVim/model_parameters/voiceVim.cd_cont_200/means
-meanreest	yes		yes
-mixwfn				/Users/benroye/forge/cmusphinx/voiceVim/model_parameters/voiceVim.cd_cont_200/mixture_weights
-mixwreest	yes		yes
-mllrmat			
-mmie		no		no
-mmie_type	rand		rand
-moddeffn			/Users/benroye/forge/cmusphinx/voiceVim/model_architecture/voiceVim.200.mdef
-mwfloor	0.00001		1.000000e-05
-npart				4
-nskip				0
-outphsegdir			
-outputfullpath	no		no
-part				3
-pdumpdir			
-phsegdir			
-phsegext	phseg		phseg
-runlen		-1		-1
-sentdir			
-sentext	sent		sent
-spthresh	0.0		0.000000e+00
-svspec				
-timing		yes		no
-tmatfn				/Users/benroye/forge/cmusphinx/voiceVim/model_parameters/voiceVim.cd_cont_200/transition_matrices
-tmatreest	yes		yes
-topn		4		1
-tpfloor	0.0001		1.000000e-05
-ts2cbfn			.cont.
-varfloor	0.00001		1.000000e-04
-varfn				/Users/benroye/forge/cmusphinx/voiceVim/model_parameters/voiceVim.cd_cont_200/variances
-varnorm	no		no
-varreest	yes		yes
-viterbi	no		no

INFO: feat.c(715): Initializing feature stream to type: '1s_c_d_dd', ceplen=13, CMN='batch', VARNORM='no', AGC='none'
INFO: main.c(318): Reading /Users/benroye/forge/cmusphinx/voiceVim/model_architecture/voiceVim.200.mdef
INFO: model_def_io.c(573): Model definition info:
INFO: model_def_io.c(574): 6170 total models defined (39 base, 6131 tri)
INFO: model_def_io.c(575): 24680 total states
INFO: model_def_io.c(576): 317 total tied states
INFO: model_def_io.c(577): 117 total tied CI states
INFO: model_def_io.c(578): 39 total tied transition matrices
INFO: model_def_io.c(579): 4 max state/model
INFO: model_def_io.c(580): 4 min state/model
INFO: s3mixw_io.c(117): Read /Users/benroye/forge/cmusphinx/voiceVim/model_parameters/voiceVim.cd_cont_200/mixture_weights [317x1x1 array]
INFO: s3tmat_io.c(118): Read /Users/benroye/forge/cmusphinx/voiceVim/model_parameters/voiceVim.cd_cont_200/transition_matrices [39x3x4 array]
INFO: mod_inv.c(301): inserting tprob floor 1.000000e-05 and renormalizing
INFO: s3gau_io.c(169): Read /Users/benroye/forge/cmusphinx/voiceVim/model_parameters/voiceVim.cd_cont_200/means [317x1x1 array]
INFO: s3gau_io.c(169): Read /Users/benroye/forge/cmusphinx/voiceVim/model_parameters/voiceVim.cd_cont_200/variances [317x1x1 array]
INFO: gauden.c(176): 317 total mgau
INFO: gauden.c(150): 1 feature streams (|0|=39 )
INFO: gauden.c(187): 1 total densities
INFO: gauden.c(90): min_var=1.000000e-04
INFO: gauden.c(165): compute 1 densities/frame
INFO: main.c(431): Will reestimate mixing weights.
INFO: main.c(433): Will reestimate means.
INFO: main.c(435): Will reestimate variances.
INFO: main.c(443): Will reestimate transition matrices
INFO: main.c(456): Reading main dictionary: /Users/benroye/forge/cmusphinx/voiceVim/etc/voiceVim.dic
INFO: lexicon.c(221): 133 entries added from /Users/benroye/forge/cmusphinx/voiceVim/etc/voiceVim.dic
INFO: main.c(466): Reading filler dictionary: /Users/benroye/forge/cmusphinx/voiceVim/etc/voiceVim.filler
INFO: lexicon.c(221): 3 entries added from /Users/benroye/forge/cmusphinx/voiceVim/etc/voiceVim.filler
INFO: corpus.c(403): skipping 170 utts.
INFO: corpus.c(407): Last utt skipped: 47_0
INFO: corpus.c(1065): Will process 85 utts starting at 170
INFO: main.c(665): Reestimation: Baum-Welch
INFO: cmn.c(133): CMN: 45.18  4.29 -7.26 14.39  5.60 -1.46 -11.72 -2.83 -12.64 -10.39  1.37 -4.20 -8.23 
column defns
	<seq>
	<id>
	<n_frame_in>
	<n_frame_del>
	<n_state_shmm>
	<avg_states_alpha>
	<avg_states_beta>
	<avg_states_reest>
	<avg_posterior_prune>
	<frame_log_lik>
	<utt_log_lik>
	... timing info ... 
utt>   170                      48_0  905    0   252 15  1 3 2.197689e-12 -1.512176e+02 -1.368519e+05
INFO: cmn.c(133): CMN: 41.34 13.29 -16.44 15.80  4.85  3.38 -3.55 -10.04 -3.00 -9.24  2.30 -4.70 -6.39 
utt>   171                      49_0 1212    0   292 14  1 3 2.343698e-12 -1.469810e+02 -1.781410e+05
INFO: cmn.c(133): CMN: 42.44  7.70 -3.92  7.30 -0.38  6.76 -4.17 -11.37 -4.22 -0.30 -5.95 -0.83 -6.40 
utt>   172                      51_0 1102    0   288 14  1 3 1.752553e-12 -1.495074e+02 -1.647572e+05
INFO: cmn.c(133): CMN: 38.58  6.58 -2.87  3.84  3.03  5.66  2.02 -8.96 -5.52  2.63 -7.75 -3.59 -6.99 
utt>   173                      52_0 1064    0   220 15  1 3 2.339987e-12 -1.474597e+02 -1.568972e+05
INFO: cmn.c(133): CMN: 37.27  6.28 -0.20  4.61 -3.23  1.11 -6.11 -0.23 -4.77  0.67  2.37 -6.90 -1.51 
ERROR: "backward.c", line 421: Failed to align audio to trancript: final state of the search is not reached
ERROR: "baum_welch.c", line 324: cleaned/53_0 ignored
utt>   174                      53_0 1631    0   388 15 
INFO: cmn.c(133): CMN: 38.00  2.61 -2.39  5.87  5.63 -1.31 -9.99 -14.38 -8.57 -5.25 10.51 -5.15 -6.86 
utt>   175                      54_0 3556    0   776 14  1 3 2.318020e-12 -1.551681e+02 -5.517779e+05
INFO: cmn.c(133): CMN: 35.44  4.18 -5.32  6.73 14.57  5.80 -10.98 -15.52 -7.11 -3.79  2.14 -5.55 -8.70 
utt>   176                      56_0 1093    0   252 13  1 2 1.740851e-12 -1.536400e+02 -1.679286e+05
INFO: cmn.c(133): CMN: 41.46 -1.21 -2.71 10.49  0.78 -4.11 -3.20 -14.22 -10.45 -7.36  9.63 -4.88 -13.25 
utt>   177                      57_0 2293    0   540 14  1 3 1.882616e-12 -1.542668e+02 -3.537337e+05
INFO: cmn.c(133): CMN: 35.66 -2.02 -7.02 17.80 10.87 -0.89 -2.60 -12.55 -0.54 -6.71  1.18  0.41 -10.95 
utt>   178                      58_0 1119    0   244 15  1 3 2.273425e-12 -1.519627e+02 -1.700462e+05
INFO: cmn.c(133): CMN: 40.84  1.36 -4.67  6.37  3.70  0.70 -5.07 -17.81 -7.36 -5.53  4.95  2.05 -10.30 
utt>   179                      59_0 1122    0   276 15  1 3 2.733753e-12 -1.547790e+02 -1.736620e+05
INFO: cmn.c(133): CMN: 42.38 -0.01 -7.26  9.08  3.97  1.95 -4.78 -14.43 -4.31 -5.57  5.40  3.29 -8.16 
utt>   180                      61_0 1037    0   260 13  1 3 2.066126e-12 -1.518078e+02 -1.574247e+05
INFO: cmn.c(133): CMN: 40.92 -4.80 -4.12 11.74  7.76 -0.51 -2.12 -18.25 -5.05 -3.07 -0.89  5.68 -13.95 
utt>   181                      62_0 1011    0   280 14  2 3 2.405990e-12 -1.557838e+02 -1.574975e+05
INFO: cmn.c(133): CMN: 37.87 -0.52 -6.74  8.93  1.95  4.43 -1.75 -15.71 -1.79 -3.95 -0.96  2.08 -10.91 
utt>   182                      63_0 1138    0   280 15  2 3 2.186149e-12 -1.528694e+02 -1.739654e+05
INFO: cmn.c(133): CMN: 39.08  2.51 -5.42  7.44  2.98  3.37 -4.71 -20.07 -2.77 -4.46 -2.82  9.99 -11.77 
utt>   183                      64_0 2221    0   532 14  1 3 2.099792e-12 -1.540209e+02 -3.420805e+05
INFO: cmn.c(133): CMN: 43.01 -0.56 -6.82 13.19  5.94  0.70 -6.43 -19.33 -3.36 -2.92  3.63 -0.30 -11.63 
utt>   184                      66_0 3066    0   780 13  1 3 2.392897e-12 -1.538871e+02 -4.718177e+05
INFO: cmn.c(133): CMN: 40.36  2.02 -8.17 15.61 12.80  4.30 -1.79 -18.43 -6.21 -4.64 -2.65  2.43 -13.34 
utt>   185                      67_0  962    0   224 13  1 3 2.255494e-12 -1.522463e+02 -1.464610e+05
INFO: cmn.c(133): CMN: 45.14  6.41 -8.52  4.55  3.40 -0.33 -1.78 -20.61 -10.19 -4.65 10.72 -1.21 -13.57 
utt>   186                      68_0 1060    0   276 14  1 3 2.550962e-12 -1.543852e+02 -1.636483e+05
INFO: cmn.c(133): CMN: 41.39  1.89 -9.48 15.71 14.38  1.46 -4.68 -23.17 -6.43 -7.19 -1.67  3.79 -16.86 
utt>   187                      69_0  965    0   264 14  2 3 2.387425e-12 -1.534110e+02 -1.480416e+05
INFO: cmn.c(133): CMN: 39.48  1.27  1.00  7.76 12.29 -6.04  0.39 -15.59 -11.44  2.82 -2.64 -7.83 -10.45 
utt>   188                      71_0  992    0   260 13  1 3 1.768584e-12 -1.535714e+02 -1.523428e+05
INFO: cmn.c(133): CMN: 42.27 -1.85 -1.67  5.63 -0.82 -1.03 -5.11 -19.85 -7.67 -7.99  7.36  7.51 -12.77 
utt>   189                      72_0 1106    0   268 14  1 3 2.113609e-12 -1.525447e+02 -1.687145e+05
INFO: cmn.c(133): CMN: 32.85  7.49 -11.83  3.96 11.81  3.73 -5.95 -13.68 -3.14 -4.37  3.02 -6.08 -5.84 
utt>   190                      73_0  901    0   208 16  1 3 1.880634e-12 -1.513798e+02 -1.363932e+05
INFO: cmn.c(133): CMN: 33.20  4.77 -7.22  8.89  4.29  3.24  0.53 -13.08 -3.15 -4.70  5.26 -7.14 -6.59 
utt>   191                      74_0 1098    0   244 18  1 3 2.324566e-12 -1.507485e+02 -1.655218e+05
INFO: cmn.c(133): CMN: 36.72  2.61 -7.92  1.30  8.45  3.79 -9.88 -13.65 -2.89 -3.02  7.33 -9.03 -6.48 
utt>   192                      76_0 1795    0   424 14  1 3 2.039003e-12 -1.520116e+02 -2.728608e+05
INFO: cmn.c(133): CMN: 38.40  9.60 -0.28  8.14 -4.03  2.77 -2.39 -16.54 -7.38  1.22 -0.66  0.08 -10.59 
utt>   193                      77_0 1064    0   296 13  1 3 2.211293e-12 -1.516606e+02 -1.613669e+05
INFO: cmn.c(133): CMN: 34.17  7.71 -7.28  2.13 -1.07  2.09 -2.16 -17.63 -0.44 -2.48  1.31 -1.15 -10.38 
utt>   194                      78_0 1264    0   272 15  1 3 1.647306e-12 -1.496687e+02 -1.891813e+05
INFO: cmn.c(133): CMN: 38.44 -3.71 -1.35 13.03 12.98 -0.80 -7.22 -14.72 -7.36 -6.02 -0.20  2.61 -16.79 
utt>   195                      79_0 1178    0   240 12  1 2 1.825559e-12 -1.523444e+02 -1.794617e+05
INFO: cmn.c(133): CMN: 40.88  0.28 -4.52 12.67  4.49 -5.27 -5.62 -16.02 -7.27  0.43  7.11  2.07 -19.01 
utt>   196                      81_0 1112    0   276 14  1 3 1.714570e-12 -1.538504e+02 -1.710817e+05
INFO: cmn.c(133): CMN: 33.28  9.08 -5.23 -1.21 12.36  0.51 -2.67 -12.47 -6.53 -2.53  2.61 -5.40 -3.69 
utt>   197                      82_0 1203    0   288 16  2 3 2.223221e-12 -1.505631e+02 -1.811275e+05
INFO: cmn.c(133): CMN: 37.78  0.79  0.62 -1.53  6.30  5.56 -6.26 -13.33 -6.79  0.47  7.13 -5.05 -11.07 
utt>   198                      83_0 1239    0   292 15  1 3 1.845770e-12 -1.515144e+02 -1.877264e+05
INFO: cmn.c(133): CMN: 42.00 -1.57  4.31  8.48 -2.07 -7.29  0.59 -6.55 -12.76 -3.05 -4.26 -4.30 -11.44 
utt>   199                      84_0 1122    0   300 12  1 3 2.556810e-12 -1.536940e+02 -1.724446e+05
INFO: cmn.c(133): CMN: 39.54  3.59 -11.30 -3.89 -0.21  2.84 -9.94  0.72 -7.07 -5.17 13.04 -9.45 -9.41 
utt>   200                      86_0  759    0   184 20  1 3 2.122204e-12 -1.532192e+02 -1.162934e+05
INFO: cmn.c(133): CMN: 37.80  3.82 -11.36 10.50 -4.75  2.49 -2.70 -13.82 -1.56 -4.48  3.02 -10.56 -6.33 
utt>   201                      87_0 1082    0   288 16  2 3 2.707856e-12 -1.513721e+02 -1.637846e+05
INFO: cmn.c(133): CMN: 40.26  4.49 -3.05  3.03  8.05  3.17  1.44 -14.66 -10.79  2.17  3.56 -5.28 -14.28 
utt>   202                      88_0 1009    0   268 15  1 3 2.617011e-12 -1.531784e+02 -1.545570e+05
INFO: cmn.c(133): CMN: 42.60 10.78 -7.72 -0.54 -0.07  5.43 -9.89 -11.11 -12.52  4.08  8.52 -6.00 -14.43 
utt>   203                      89_0 1068    0   308 13  1 3 2.443313e-12 -1.507609e+02 -1.610127e+05
INFO: cmn.c(133): CMN: 44.67  1.81 -4.58  6.53  1.56  2.46 -6.02 -16.49 -7.41 -0.81  7.65  3.46 -14.22 
utt>   204                      91_0 1079    0   316 16  2 3 2.999404e-12 -1.539818e+02 -1.661464e+05
INFO: cmn.c(133): CMN: 42.15 -2.54 -0.99  9.09  7.41  2.37  1.50 -17.75 -6.10 -6.97 -5.68  1.56 -10.35 
utt>   205                      92_0 1724    0   432 13  1 3 2.373322e-12 -1.529198e+02 -2.636338e+05
INFO: cmn.c(133): CMN: 39.27  2.36 -8.95 10.41 -0.24 -1.28 -4.33 -10.24 -4.13  0.10  2.95 -8.87 -9.94 
utt>   206                      93_0 1154    0   284 16  1 3 2.133270e-12 -1.521421e+02 -1.755720e+05
INFO: cmn.c(133): CMN: 39.75 12.97 -11.96  8.20  0.16 -0.12 -5.98 -12.50 -3.72 -3.53  4.17 -6.63 -7.88 
utt>   207                      94_0 1148    0   304 13  1 3 2.627859e-12 -1.492516e+02 -1.713408e+05
INFO: cmn.c(133): CMN: 41.25 -0.27  0.81  3.95  2.95  1.37 -6.18 -12.22 -4.30 -3.46  3.35  5.56 -11.86 
utt>   208                      96_0 1015    0   252 15  1 3 2.291457e-12 -1.514724e+02 -1.537444e+05
INFO: cmn.c(133): CMN: 41.07  7.99 -8.79  3.21  3.33 10.54 -5.33 -25.69 -11.06  0.00  1.22  4.09 -10.22 
utt>   209                      97_0 1116    0   288 13  1 3 2.584159e-12 -1.523461e+02 -1.700182e+05
INFO: cmn.c(133): CMN: 38.01  4.25 -6.69  7.99  8.78  6.64 -6.09 -18.44 -8.52 -2.41 -0.32  4.56 -8.73 
utt>   210                      98_0 1154    0   296 14  1 3 2.318660e-12 -1.519539e+02 -1.753548e+05
INFO: cmn.c(133): CMN: 37.72  6.53 -9.86  5.57 12.43  7.62 -3.32 -17.87 -2.69 -7.34 -1.23  0.83 -7.83 
utt>   211                      99_0 1069    0   264 13  1 3 2.608125e-12 -1.525133e+02 -1.630367e+05
INFO: cmn.c(133): CMN: 45.08  2.65 -1.11  5.85  0.39  5.39  1.78 -25.02 -3.12 -4.65  5.34  0.67 -12.49 
utt>   212                     101_0 1715    0   472 13  1 3 2.702895e-12 -1.542184e+02 -2.644845e+05
INFO: cmn.c(133): CMN: 41.45 -0.51 -3.84  3.78 -2.29  9.76 -0.91 -18.26 -2.41 -5.69  3.12  2.79 -13.35 
utt>   213                     102_0 1130    0   268 13  1 3 2.277727e-12 -1.512045e+02 -1.708611e+05
INFO: cmn.c(133): CMN: 44.88  6.01 -11.79  9.42 -3.67  8.09 -3.75 -22.38  0.79 -9.35  5.38 -0.08 -8.98 
utt>   214                     103_0 1062    0   280 13  1 3 1.734950e-12 -1.545603e+02 -1.641430e+05
INFO: cmn.c(133): CMN: 42.35  0.31 -1.37  2.62 -4.55 12.52  0.32 -22.92 -4.46 -9.75  1.09  1.12 -12.24 
utt>   215                     104_0  959    0   264 13  1 3 2.465081e-12 -1.521472e+02 -1.459091e+05
INFO: cmn.c(133): CMN: 37.17  9.13 -1.18  4.52  2.23 -7.52 -20.12 -2.09 -8.89 -8.41 -9.69 -0.51 -2.62 
utt>   216                     106_0 1418    0   392 15  1 3 3.183047e-12 -1.459412e+02 -2.069447e+05
INFO: cmn.c(133): CMN: 41.18  8.53 -2.25 12.15 -3.79 -1.75 -17.88 -18.19 -8.75 -11.30 -6.35 -1.88 -4.92 
utt>   217                     107_0 1119    0   348 13  1 3 2.667699e-12 -1.467158e+02 -1.641750e+05
INFO: cmn.c(133): CMN: 40.95  8.85 -0.52 11.31 -11.37 -7.98 -9.97 -10.22 -10.20 -13.68 -3.14  3.70 -2.10 
utt>   218                     108_0 1351    0   404 14  1 3 2.393479e-12 -1.468973e+02 -1.984583e+05
INFO: cmn.c(133): CMN: 42.88  8.29  6.46  0.08 -6.35 -1.20 -20.72  0.79 -11.84 -8.01 -8.54 -4.22  0.66 
utt>   219                     109_0 1523    0   456 13  1 3 2.528874e-12 -1.491121e+02 -2.270977e+05
INFO: cmn.c(133): CMN: 35.90 10.20 -2.04  7.15 -3.73 -3.52 -6.44 -6.38 -13.57 -12.93  1.71 -0.43 -0.39 
utt>   220                     111_0 1287    0   316 18  1 3 1.785080e-12 -1.441295e+02 -1.854946e+05
INFO: cmn.c(133): CMN: 43.83 11.35 -7.02  3.67 -13.30 -0.68 -8.94 -8.15 -8.88 -12.79 -2.10 -3.71 -2.50 
utt>   221                     112_0 1504    0   492 14  1 3 2.832339e-12 -1.489183e+02 -2.239731e+05
INFO: cmn.c(133): CMN: 43.82 16.92 -7.17  9.82 -8.17 -8.21 -7.15 -11.84 -16.50 -13.25  2.48 -3.22  1.71 
utt>   222                     113_0 1016    0   336 12  1 3 2.133830e-12 -1.471164e+02 -1.494702e+05
INFO: cmn.c(133): CMN: 40.75 19.89 -3.97 -1.61 -6.24 -4.32 -10.76 -14.92 -21.96 -9.36  5.61 -1.95  4.79 
utt>   223                     114_0 1165    0   384 13  1 3 2.775013e-12 -1.448553e+02 -1.687565e+05
INFO: cmn.c(133): CMN: 44.48  8.90 -8.27  9.70 -10.79  4.55 -13.85 -6.42 -15.05 -11.54  1.64 -6.24 -2.99 
utt>   224                     116_0 1358    0   360 14  1 3 2.155616e-12 -1.468097e+02 -1.993675e+05
INFO: cmn.c(133): CMN: 45.94 13.44 -7.37  4.27 -14.93  6.29 -9.93 -12.38 -11.95 -13.87 -3.25 -2.79  5.68 
utt>   225                     117_0 1278    0   396 12  1 3 2.278303e-12 -1.492626e+02 -1.907576e+05
INFO: cmn.c(133): CMN: 47.16 14.70 -11.46  4.91 -13.62  4.45 -11.46 -12.31 -14.44 -11.30 -1.99 -4.16  5.23 
utt>   226                     118_0 1594    0   444 12  1 3 2.148982e-12 -1.486419e+02 -2.369352e+05
INFO: cmn.c(133): CMN: 43.97  6.39 -9.46  4.75 -16.22  2.23 -7.25 -5.13 -8.42 -9.67 -4.71 -3.00 -1.22 
utt>   227                     119_0 1434    0   376 14  1 3 1.697308e-12 -1.488327e+02 -2.134261e+05
INFO: cmn.c(133): CMN: 46.57 10.48 -10.49  3.86 -15.88  3.23 -9.43 -6.80 -13.38 -8.60 -2.89 -3.85  4.00 
utt>   228                     121_0 1530    0   444 13  1 3 2.159248e-12 -1.502354e+02 -2.298601e+05
INFO: cmn.c(133): CMN: 45.95 10.49 -14.82  5.41 -19.09  0.69 -5.93 -8.76 -3.31 -12.71 -0.19 -2.45  0.21 
utt>   229                     122_0 1299    0   356 12  1 3 2.088632e-12 -1.492009e+02 -1.938120e+05
INFO: cmn.c(133): CMN: 42.55 14.29 -8.67  0.14 -4.91  4.51 -11.91 -9.48 -15.02 -8.60  1.19 -0.10  4.45 
utt>   230                     123_0 1431    0   356 12  1 2 1.811841e-12 -1.430458e+02 -2.046986e+05
INFO: cmn.c(133): CMN: 46.06  8.87 -7.36  9.62 -6.54  0.60 -9.38 -11.36 -12.68 -5.47 -3.58 -12.19  5.56 
utt>   231                     124_0 1385    0   400 13  1 3 2.299077e-12 -1.487131e+02 -2.059676e+05
INFO: cmn.c(133): CMN: 44.11 12.30 -5.74  3.60 -15.19  1.59 -13.79 -10.91 -13.66 -14.00 -2.52  0.70  2.53 
utt>   232                     126_0 1037    0   300 14  2 3 3.140460e-12 -1.470094e+02 -1.524488e+05
INFO: cmn.c(133): CMN: 43.83 18.12 -7.46  2.73 -5.06 -16.40 -12.88 -14.13 -17.14 -1.87 -1.36 -1.96  6.60 
utt>   233                     127_0 1012    0   304 12  1 3 2.590199e-12 -1.464074e+02 -1.481643e+05
INFO: cmn.c(133): CMN: 43.75 10.37 -6.39  8.00 -14.10 -1.94 -6.90 -15.52 -13.19 -14.28  2.13 -3.90 -3.43 
utt>   234                     128_0 1589    0   440 12  1 3 1.835923e-12 -1.472940e+02 -2.340502e+05
INFO: cmn.c(133): CMN: 44.67 20.96 -2.45  3.53 -9.76 -14.66 -7.92 -17.14 -20.01 -5.79  2.38 -5.66  3.01 
utt>   235                     129_0  884    0   268 12  1 3 2.714164e-12 -1.455879e+02 -1.286997e+05
INFO: cmn.c(133): CMN: 48.39  8.32 -7.33  2.55 -8.91  1.26 -14.08 -11.18 -14.24  3.01 -11.29 -5.71  9.31 
utt>   236                     131_0 1462    0   392 11  1 3 1.770524e-12 -1.473881e+02 -2.154815e+05
INFO: cmn.c(133): CMN: 42.87  9.94 -4.53  4.86  0.11 -11.02 -17.25 -3.98 -22.99 -10.00  1.87 -3.58 -3.68 
utt>   237                     132_0 1239    0   360 11  1 3 2.329510e-12 -1.467046e+02 -1.817670e+05
INFO: cmn.c(133): CMN: 42.06 15.14 -2.80  2.72 -12.15 -14.59 -7.31 -10.12 -15.35 -9.03 -3.99 -0.88 -1.24 
utt>   238                     133_0  872    0   252 14  1 3 2.650469e-12 -1.467959e+02 -1.280060e+05
INFO: cmn.c(133): CMN: 43.60 10.84 -0.81 -2.66 -15.35  4.39 -14.17 -5.96 -17.28 -8.02  0.11 -10.35 12.58 
utt>   239                     134_0 1076    0   324 14  2 3 3.328310e-12 -1.484329e+02 -1.597138e+05
INFO: cmn.c(133): CMN: 42.36 12.50 -7.05 11.29  0.41 -12.09 -12.19 -15.87 -14.45 -1.87 -0.95 -4.06 -3.16 
utt>   240                     136_0 1248    0   356 14  1 3 2.392400e-12 -1.467379e+02 -1.831288e+05
INFO: cmn.c(133): CMN: 38.38 16.92 -4.60  6.78 -3.33 -10.63 -12.14 -11.37 -10.80 -10.36  1.77  5.81 -0.86 
utt>   241                     137_0 1188    0   316 14  1 3 1.836446e-12 -1.429080e+02 -1.697748e+05
INFO: cmn.c(133): CMN: 43.38 15.81 -9.87 11.52 -9.99 -14.84 -13.62 -15.24 -9.48 -5.12 -3.40  1.25  1.29 
utt>   242                     138_0 1234    0   336 12  1 3 2.010411e-12 -1.445164e+02 -1.783333e+05
INFO: cmn.c(133): CMN: 38.72 16.99 -5.23  1.15 -7.49 -10.19 -15.17 -14.40 -13.16 -4.85  1.48  1.01 -2.23 
utt>   243                     139_0 1722    0   448 14  1 3 2.288594e-12 -1.431195e+02 -2.464518e+05
INFO: cmn.c(133): CMN: 37.37 14.59 -2.75  3.94 -12.72 -12.74 -9.13 -12.73 -12.10 -5.24  1.67 -3.88 -1.35 
utt>   244                     141_0  753    0   200 17  2 3 2.193454e-12 -1.465120e+02 -1.103235e+05
INFO: cmn.c(133): CMN: 40.30 16.12 -2.31  4.43 -11.06 -12.10 -12.75 -9.11 -11.63 -3.50  4.03 -4.64  1.99 
utt>   245                     142_0 1440    0   368 15  1 3 2.514521e-12 -1.445322e+02 -2.081264e+05
INFO: cmn.c(133): CMN: 41.69 23.91 -0.22  0.02 -11.79 -13.21 -11.66 -14.83 -17.09 -4.01 -0.76 -2.69  0.18 
utt>   246                     143_0 1395    0   404 12  1 3 2.824760e-12 -1.437555e+02 -2.005389e+05
INFO: cmn.c(133): CMN: 41.75 15.03 -9.96  8.96 -7.48 -14.97 -16.64 -12.16 -2.82 -6.14 -2.43 -4.16  2.24 
utt>   247                     144_0 1142    0   300 12  1 2 1.669466e-12 -1.453670e+02 -1.660091e+05
INFO: cmn.c(133): CMN: 42.81  6.86  1.34 -1.99 -10.19 -12.82 -13.95  7.16 -12.83 -1.28 -7.63  1.16 -7.84 
utt>   248                     146_0 1298    0   344 13  1 3 2.735747e-12 -1.458652e+02 -1.893330e+05
INFO: cmn.c(133): CMN: 41.96  3.92 -1.18  8.61 -2.71 -10.25 -16.22  9.62 -5.50 -6.93 -3.30 -3.54 -10.91 
utt>   249                     147_0 1394    0   340 14  1 3 2.904722e-12 -1.455852e+02 -2.029457e+05
INFO: cmn.c(133): CMN: 42.64  8.64  1.57  3.82 -5.97 -12.74 -15.92  8.17 -12.67 -4.70 -1.56 -7.81 -7.07 
utt>   250                     148_0 1426    0   384 12  1 3 2.117347e-12 -1.452722e+02 -2.071582e+05
INFO: cmn.c(133): CMN: 42.24 10.30 -2.55  7.61 -7.24 -15.15 -17.20 10.72 -8.41 -8.28 -2.50 -5.50 -5.39 
utt>   251                     149_0 1474    0   396 12  1 3 2.373568e-12 -1.445355e+02 -2.130453e+05
INFO: cmn.c(133): CMN: 47.17  8.03 -0.85  0.80 -7.58 -15.11 -15.95  9.33 -15.28 -5.43  0.42 -5.15 -8.62 
utt>   252                     151_0 1078    0   308 11  1 3 2.347236e-12 -1.457478e+02 -1.571162e+05
INFO: cmn.c(133): CMN: 44.36  3.74  0.10  2.83 -6.91 -12.77 -16.16 13.47 -12.28 -3.04 -0.47 -4.91 -5.97 
utt>   253                     152_0 2237    0   516 13  1 2 1.808212e-12 -1.446088e+02 -3.234898e+05
INFO: cmn.c(133): CMN: 48.16  3.83  2.44  5.86 -10.67 -13.06 -17.85 17.30 -16.73 -6.84  3.70 -11.47 -3.68 
utt>   254                     153_0 1281    0   376 11  1 3 2.346429e-12 -1.456921e+02 -1.866316e+05
overall> stats 108416 (-0) -1.496346e+02 -1.622278e+07

INFO: s3mixw_io.c(233): Wrote /Users/benroye/forge/cmusphinx/voiceVim/bwaccumdir/voiceVim_buff_3/mixw_counts [317x1x1 array]
INFO: s3tmat_io.c(176): Wrote /Users/benroye/forge/cmusphinx/voiceVim/bwaccumdir/voiceVim_buff_3/tmat_counts [39x3x4 array]
INFO: s3gau_io.c(485): Wrote /Users/benroye/forge/cmusphinx/voiceVim/bwaccumdir/voiceVim_buff_3/gauden_counts with means with vars (2pass) [317x1x1 vector arrays]
INFO: main.c(999): Counts saved to /Users/benroye/forge/cmusphinx/voiceVim/bwaccumdir/voiceVim_buff_3
Mon Jan 30 07:36:00 2017
