Current configuration:
[NAME]		[DEFLT]	[VALUE]
-dcountfn		/Users/benroye/forge/cmusphinx/voiceVim/model_parameters/voiceVim.cd_cont_200/mixture_weights
-example	no	no
-fullvar	no	no
-help		no	no
-inmeanfn		/Users/benroye/forge/cmusphinx/voiceVim/model_parameters/voiceVim.cd_cont_200/means
-inmixwfn		/Users/benroye/forge/cmusphinx/voiceVim/model_parameters/voiceVim.cd_cont_200/mixture_weights
-invarfn		/Users/benroye/forge/cmusphinx/voiceVim/model_parameters/voiceVim.cd_cont_200/variances
-ninc		1	1
-outmeanfn		/Users/benroye/forge/cmusphinx/voiceVim/model_parameters/voiceVim.cd_cont_initial/means
-outmixwfn		/Users/benroye/forge/cmusphinx/voiceVim/model_parameters/voiceVim.cd_cont_initial/mixture_weights
-outvarfn		/Users/benroye/forge/cmusphinx/voiceVim/model_parameters/voiceVim.cd_cont_initial/variances

INFO: main.c(86): Reading mixing weight file /Users/benroye/forge/cmusphinx/voiceVim/model_parameters/voiceVim.cd_cont_200/mixture_weights.
INFO: s3mixw_io.c(117): Read /Users/benroye/forge/cmusphinx/voiceVim/model_parameters/voiceVim.cd_cont_200/mixture_weights [317x1x1 array]
INFO: s3gau_io.c(169): Read /Users/benroye/forge/cmusphinx/voiceVim/model_parameters/voiceVim.cd_cont_200/means [317x1x1 array]
INFO: s3gau_io.c(169): Read /Users/benroye/forge/cmusphinx/voiceVim/model_parameters/voiceVim.cd_cont_200/variances [317x1x1 array]
INFO: s3gau_io.c(553): Read /Users/benroye/forge/cmusphinx/voiceVim/model_parameters/voiceVim.cd_cont_200/mixture_weights [317x1x1 array]
INFO: main.c(151): output n_density == 2
0:0(3.09e+03)
1:0(8.78e+02)
2:0(9.58e+02)
3:0(2.31e+03)
4:0(3.15e+03)
5:0(2.82e+03)
6:0(1.31e+03)
7:0(1.82e+03)
8:0(1.37e+03)
9:0(2.38e+03)
10:0(5.37e+03)
11:0(4.36e+03)
12:0(4.66e+02)
13:0(3.63e+02)
14:0(1.26e+03)
15:0(5.52e+02)
16:0(5.71e+02)
17:0(3.05e+02)
18:0(1.76e+03)
19:0(4.69e+03)
20:0(1.96e+03)
21:0(4.02e+02)
22:0(2.52e+02)
23:0(1.63e+02)
24:0(4.34e+03)
25:0(4.71e+03)
26:0(4.33e+03)
27:0(2.63e+03)
28:0(5.54e+03)
29:0(4.93e+03)
30:0(1.84e+03)
31:0(1.39e+03)
32:0(2.37e+03)
33:0(6.99e+02)
34:0(5.82e+02)
35:0(7.75e+02)
36:0(3.13e+02)
37:0(1.59e+02)
38:0(1.70e+02)
39:0(1.60e+03)
40:0(6.17e+03)
41:0(5.52e+03)
42:0(1.47e+03)
43:0(1.57e+03)
44:0(2.14e+03)
45:0(2.84e+03)
46:0(1.74e+03)
47:0(1.65e+03)
48:0(1.37e+02)
49:0(2.62e+02)
50:0(2.92e+02)
51:0(6.55e+03)
52:0(3.10e+03)
53:0(3.40e+03)
54:0(3.87e+03)
55:0(3.85e+03)
56:0(3.81e+03)
57:0(2.11e+03)
58:0(1.37e+03)
59:0(1.30e+03)
60:0(4.83e+03)
61:0(6.88e+03)
62:0(3.76e+03)
63:0(4.25e+02)
64:0(5.32e+02)
65:0(6.83e+02)
66:0(7.81e+02)
67:0(1.03e+03)
68:0(1.29e+03)
69:0(5.15e+03)
70:0(5.48e+03)
71:0(6.23e+03)
72:0(1.12e+03)
73:0(1.09e+03)
74:0(6.96e+02)
75:0(4.68e+03)
76:0(7.73e+03)
77:0(3.25e+03)
78:0(3.27e+03)
79:0(2.44e+03)
80:0(2.83e+03)
81:0(5.68e+03)
82:0(1.25e+04)
83:0(5.92e+03)
84:0(7.96e+02)
85:0(1.75e+03)
86:0(8.49e+02)
87:0(5.97e+03)
88:0(3.17e+03)
89:0(4.25e+03)
90:0(1.06e+02)
91:0(4.82e+01)
92:0(1.15e+02)
93:0(6.19e+03)
94:0(5.42e+03)
95:0(7.13e+03)
96:0(1.82e+03)
97:0(2.03e+03)
98:0(2.66e+03)
99:0(1.15e+03)
100:0(5.01e+02)
101:0(4.78e+02)
102:0(8.71e+02)
103:0(7.73e+02)
104:0(7.21e+02)
105:0(6.24e+02)
106:0(8.46e+02)
107:0(4.77e+02)
108:0(3.28e+02)
109:0(1.95e+02)
110:0(1.86e+02)
111:0(4.53e+02)
112:0(8.28e+02)
113:0(5.40e+02)
114:0(1.31e+02)
115:0(3.75e+01)
116:0(6.96e+01)
117:0(2.05e+03)
118:0(2.61e+02)
119:0(1.74e+03)
120:0(1.41e+03)
121:0(5.05e+02)
122:0(2.32e+03)
123:0(1.31e+03)
124:0(1.82e+03)
125:0(1.37e+03)
126:0(1.24e+03)
127:0(1.13e+03)
128:0(5.09e+02)
129:0(4.86e+03)
130:0(4.26e+02)
131:0(1.52e+03)
132:0(2.41e+03)
133:0(4.66e+02)
134:0(3.63e+02)
135:0(9.40e+02)
136:0(3.17e+02)
137:0(5.52e+02)
138:0(5.71e+02)
139:0(3.05e+02)
140:0(4.65e+02)
141:0(1.30e+03)
142:0(4.10e+02)
143:0(4.28e+03)
144:0(1.96e+03)
145:0(4.02e+02)
146:0(2.52e+02)
147:0(1.63e+02)
148:0(7.18e+02)
149:0(4.26e+02)
150:0(8.94e+02)
151:0(2.31e+03)
152:0(1.64e+03)
153:0(3.58e+02)
154:0(2.54e+02)
155:0(3.29e+02)
156:0(1.47e+03)
157:0(6.57e+02)
158:0(6.82e+02)
159:0(1.24e+03)
160:0(1.61e+02)
161:0(1.02e+03)
162:0(4.10e+02)
163:0(5.46e+02)
164:0(2.75e+02)
165:0(1.53e+03)
166:0(1.10e+03)
167:0(6.31e+02)
168:0(1.64e+03)
169:0(5.08e+02)
170:0(2.77e+03)
171:0(1.76e+03)
172:0(2.73e+03)
173:0(4.32e+02)
174:0(1.84e+03)
175:0(7.94e+02)
176:0(5.97e+02)
177:0(4.33e+02)
178:0(1.94e+03)
179:0(6.99e+02)
180:0(5.82e+02)
181:0(1.93e+02)
182:0(5.83e+02)
183:0(3.13e+02)
184:0(1.59e+02)
185:0(1.70e+02)
186:0(1.13e+03)
187:0(4.65e+02)
188:0(2.37e+03)
189:0(3.80e+03)
190:0(4.40e+03)
191:0(1.11e+03)
192:0(1.47e+03)
193:0(1.57e+03)
194:0(1.20e+03)
195:0(9.39e+02)
196:0(2.30e+03)
197:0(5.39e+02)
198:0(1.74e+03)
199:0(1.65e+03)
200:0(1.37e+02)
201:0(2.62e+02)
202:0(2.92e+02)
203:0(9.25e+02)
204:0(9.82e+02)
205:0(4.64e+03)
206:0(6.28e+02)
207:0(2.47e+03)
208:0(8.15e+02)
209:0(2.58e+03)
210:0(1.09e+03)
211:0(1.81e+03)
212:0(9.74e+02)
213:0(5.67e+02)
214:0(1.50e+03)
215:0(1.78e+03)
216:0(1.69e+03)
217:0(1.34e+03)
218:0(7.70e+02)
219:0(1.11e+03)
220:0(1.00e+03)
221:0(8.96e+02)
222:0(4.70e+02)
223:0(5.20e+02)
224:0(7.77e+02)
225:0(3.83e+03)
226:0(1.00e+03)
227:0(5.01e+03)
228:0(1.86e+03)
229:0(1.64e+03)
230:0(2.12e+03)
231:0(4.25e+02)
232:0(5.32e+02)
233:0(6.83e+02)
234:0(7.81e+02)
235:0(1.84e+02)
236:0(8.49e+02)
237:0(4.91e+02)
238:0(4.62e+02)
239:0(3.38e+02)
240:0(3.55e+03)
241:0(1.60e+03)
242:0(4.18e+03)
243:0(1.30e+03)
244:0(5.52e+03)
245:0(7.18e+02)
246:0(1.12e+03)
247:0(1.09e+03)
248:0(6.96e+02)
249:0(2.84e+03)
250:0(1.09e+03)
251:0(7.55e+02)
252:0(6.64e+03)
253:0(1.09e+03)
254:0(8.41e+02)
255:0(6.22e+02)
256:0(1.79e+03)
257:0(8.46e+02)
258:0(5.24e+02)
259:0(1.90e+03)
260:0(1.29e+03)
261:0(5.81e+02)
262:0(5.74e+02)
263:0(1.07e+03)
264:0(1.76e+03)
265:0(1.66e+03)
266:0(4.03e+03)
267:0(5.68e+03)
268:0(6.81e+03)
269:0(2.47e+03)
270:0(1.60e+03)
271:0(1.85e+03)
272:0(7.96e+02)
273:0(1.75e+03)
274:0(8.49e+02)
275:0(1.37e+03)
276:0(4.60e+03)
277:0(1.31e+03)
278:0(1.86e+03)
279:0(4.69e+02)
280:0(1.41e+03)
281:0(8.55e+02)
282:0(1.52e+03)
283:0(1.06e+02)
284:0(4.82e+01)
285:0(1.15e+02)
286:0(2.88e+03)
287:0(8.70e+02)
288:0(7.19e+02)
289:0(1.72e+03)
290:0(1.27e+03)
291:0(4.15e+03)
292:0(6.71e+03)
293:0(4.21e+02)
294:0(1.82e+03)
295:0(1.59e+03)
296:0(4.35e+02)
297:0(1.22e+03)
298:0(1.45e+03)
299:0(1.15e+03)
300:0(5.01e+02)
301:0(4.78e+02)
302:0(8.71e+02)
303:0(7.73e+02)
304:0(7.21e+02)
305:0(6.24e+02)
306:0(8.46e+02)
307:0(4.77e+02)
308:0(3.28e+02)
309:0(1.95e+02)
310:0(1.86e+02)
311:0(4.53e+02)
312:0(8.28e+02)
313:0(5.40e+02)
314:0(1.31e+02)
315:0(3.75e+01)
316:0(6.96e+01)INFO: s3mixw_io.c(233): Wrote /Users/benroye/forge/cmusphinx/voiceVim/model_parameters/voiceVim.cd_cont_initial/mixture_weights [317x1x2 array]
INFO: s3gau_io.c(228): Wrote /Users/benroye/forge/cmusphinx/voiceVim/model_parameters/voiceVim.cd_cont_initial/means [317x1x2 array]
INFO: s3gau_io.c(228): Wrote /Users/benroye/forge/cmusphinx/voiceVim/model_parameters/voiceVim.cd_cont_initial/variances [317x1x2 array]

Mon Jan 30 07:36:02 2017
