        INFO: main.c(229): Compiled on Jan  6 2017 at 15:11:16
Current configuration:
[NAME]		[DEFLT]		[VALUE]
-2passvar	no		no
-abeam		1e-100		1.000000e-90
-accumdir			/Users/benroye/forge/cmusphinx/voiceVim/bwaccumdir/voiceVim_buff_2
-agc		none		none
-agcthresh	2.0		2.000000e+00
-bbeam		1e-100		1.000000e-10
-cb2mllrfn	.1cls.		.1cls.
-cepdir				/Users/benroye/forge/cmusphinx/voiceVim/feat
-cepext		mfc		mfc
-ceplen		13		13
-ckptintv			0
-cmn		live		batch
-cmninit	40,3,-1		40,3,-1
-ctlfn				/Users/benroye/forge/cmusphinx/voiceVim/etc/voiceVim_train.fileids
-diagfull	no		no
-dictfn				/Users/benroye/forge/cmusphinx/voiceVim/etc/voiceVim.dic
-example	no		no
-fdictfn			/Users/benroye/forge/cmusphinx/voiceVim/etc/voiceVim.filler
-feat		1s_c_d_dd	1s_c_d_dd
-fullvar	no		no
-help		no		no
-hmmdir				
-latdir				
-latext				
-lda				
-ldadim		0		0
-lsnfn				/Users/benroye/forge/cmusphinx/voiceVim/etc/voiceVim_train.transcription
-lw		11.5		1.150000e+01
-maxuttlen	0		0
-meanfn				/Users/benroye/forge/cmusphinx/voiceVim/model_parameters/voiceVim.cd_cont_initial/means
-meanreest	yes		yes
-mixwfn				/Users/benroye/forge/cmusphinx/voiceVim/model_parameters/voiceVim.cd_cont_initial/mixture_weights
-mixwreest	yes		yes
-mllrmat			
-mmie		no		no
-mmie_type	rand		rand
-moddeffn			/Users/benroye/forge/cmusphinx/voiceVim/model_architecture/voiceVim.200.mdef
-mwfloor	0.00001		1.000000e-05
-npart				4
-nskip				0
-outphsegdir			
-outputfullpath	no		no
-part				2
-pdumpdir			
-phsegdir			
-phsegext	phseg		phseg
-runlen		-1		-1
-sentdir			
-sentext	sent		sent
-spthresh	0.0		0.000000e+00
-svspec				
-timing		yes		no
-tmatfn				/Users/benroye/forge/cmusphinx/voiceVim/model_parameters/voiceVim.cd_cont_initial/transition_matrices
-tmatreest	yes		yes
-topn		4		4
-tpfloor	0.0001		1.000000e-05
-ts2cbfn			.cont.
-varfloor	0.00001		1.000000e-04
-varfn				/Users/benroye/forge/cmusphinx/voiceVim/model_parameters/voiceVim.cd_cont_initial/variances
-varnorm	no		no
-varreest	yes		yes
-viterbi	no		no

INFO: feat.c(715): Initializing feature stream to type: '1s_c_d_dd', ceplen=13, CMN='batch', VARNORM='no', AGC='none'
INFO: main.c(318): Reading /Users/benroye/forge/cmusphinx/voiceVim/model_architecture/voiceVim.200.mdef
INFO: model_def_io.c(573): Model definition info:
INFO: model_def_io.c(574): 6170 total models defined (39 base, 6131 tri)
INFO: model_def_io.c(575): 24680 total states
INFO: model_def_io.c(576): 317 total tied states
INFO: model_def_io.c(577): 117 total tied CI states
INFO: model_def_io.c(578): 39 total tied transition matrices
INFO: model_def_io.c(579): 4 max state/model
INFO: model_def_io.c(580): 4 min state/model
INFO: s3mixw_io.c(117): Read /Users/benroye/forge/cmusphinx/voiceVim/model_parameters/voiceVim.cd_cont_initial/mixture_weights [317x1x4 array]
INFO: s3tmat_io.c(118): Read /Users/benroye/forge/cmusphinx/voiceVim/model_parameters/voiceVim.cd_cont_initial/transition_matrices [39x3x4 array]
INFO: mod_inv.c(301): inserting tprob floor 1.000000e-05 and renormalizing
INFO: s3gau_io.c(169): Read /Users/benroye/forge/cmusphinx/voiceVim/model_parameters/voiceVim.cd_cont_initial/means [317x1x4 array]
INFO: s3gau_io.c(169): Read /Users/benroye/forge/cmusphinx/voiceVim/model_parameters/voiceVim.cd_cont_initial/variances [317x1x4 array]
INFO: gauden.c(176): 317 total mgau
INFO: gauden.c(150): 1 feature streams (|0|=39 )
INFO: gauden.c(187): 4 total densities
INFO: gauden.c(90): min_var=1.000000e-04
INFO: gauden.c(165): compute 4 densities/frame
INFO: main.c(431): Will reestimate mixing weights.
INFO: main.c(433): Will reestimate means.
INFO: main.c(435): Will reestimate variances.
INFO: main.c(443): Will reestimate transition matrices
INFO: main.c(456): Reading main dictionary: /Users/benroye/forge/cmusphinx/voiceVim/etc/voiceVim.dic
INFO: lexicon.c(221): 133 entries added from /Users/benroye/forge/cmusphinx/voiceVim/etc/voiceVim.dic
INFO: main.c(466): Reading filler dictionary: /Users/benroye/forge/cmusphinx/voiceVim/etc/voiceVim.filler
INFO: lexicon.c(221): 3 entries added from /Users/benroye/forge/cmusphinx/voiceVim/etc/voiceVim.filler
INFO: corpus.c(403): skipping 85 utts.
INFO: corpus.c(407): Last utt skipped: question_0
INFO: corpus.c(1065): Will process 85 utts starting at 85
INFO: main.c(665): Reestimation: Baum-Welch
INFO: cmn.c(133): CMN: 41.47  8.60 -2.36 10.53 -14.25 -9.30 -4.57 -13.38 -8.05 -13.23 -7.11 -11.82 -8.22 
column defns
	<seq>
	<id>
	<n_frame_in>
	<n_frame_del>
	<n_state_shmm>
	<avg_states_alpha>
	<avg_states_beta>
	<avg_states_reest>
	<avg_posterior_prune>
	<frame_log_lik>
	<utt_log_lik>
	... timing info ... 
utt>    85                    quit_0   35    0    24 13  1 3 4.861561e-12 -1.539375e+02 -5.387811e+03
INFO: cmn.c(133): CMN: 39.22 11.52  4.08 -3.65 -12.57 -1.15 -6.89 -8.18  3.12 -17.06 -8.04 -3.22 -7.00 
utt>    86                   quote_0   49    0    24 11  2 4 1.735551e-12 -1.521026e+02 -7.453026e+03
INFO: cmn.c(133): CMN: 41.79 13.27  6.63 23.55  0.70  8.35 -3.46 -13.00 -1.89 -16.41 -17.64 -10.08  0.09 
utt>    87                    redo_0   64    0    24 12  2 3 1.090142e-12 -1.495574e+02 -9.571674e+03
INFO: cmn.c(133): CMN: 44.16  0.29  7.28  4.72 -11.49 -1.30 -1.77 -11.40 -5.70 -11.00 -10.06 -12.47 -2.64 
utt>    88                 replace_0   69    0    32 11  1 3 4.327989e-12 -1.509359e+02 -1.041458e+04
INFO: cmn.c(133): CMN: 41.91 10.16  3.94 -6.10 -6.19 19.97 -15.92 -19.35 -15.10  4.57  8.48 -17.44 -0.30 
utt>    89                  return_0   60    0    28 15  2 4 3.684855e-12 -1.554598e+02 -9.327589e+03
INFO: cmn.c(133): CMN: 36.34 12.76  0.38 -5.20 -6.21 -7.27 -8.67 -3.50 -6.92 -4.50 -0.03 -3.60 -4.99 
utt>    90                   right_0   74    0    20 9  2 4 5.376013e-12 -1.435813e+02 -1.062501e+04
INFO: cmn.c(133): CMN: 42.19 18.57 11.72  6.09  0.98 -10.61 -21.96  4.34 -12.52 -7.89 -2.54 -3.69  0.38 
utt>    91                   romeo_0   65    0    28 10  2 4 1.621495e-12 -1.470314e+02 -9.557042e+03
INFO: cmn.c(133): CMN: 44.06  6.35  1.98 26.00 -9.59 -10.54 -3.49 -18.40 -8.72 -12.65 -2.34 -5.37 -6.26 
utt>    92                    save_0   43    0    20 9  2 5 6.854925e-12 -1.504036e+02 -6.467356e+03
INFO: cmn.c(133): CMN: 43.65 -2.27 11.42  0.14 -19.37  8.26 -5.59 -13.92 -12.84 -9.79 -1.56 -8.20 -8.43 
utt>    93                   score_0   62    0    24 11  2 4 3.482354e-12 -1.486145e+02 -9.214096e+03
INFO: cmn.c(133): CMN: 37.03 -2.62  4.93 13.68  0.29 -5.73 -7.70 -0.57 -10.91 -4.05  0.83  3.68 -11.92 
utt>    94                    seek_0   43    0    20 12  2 3 2.894910e-12 -1.465097e+02 -6.299915e+03
INFO: cmn.c(133): CMN: 41.13 -3.47 10.27 -6.93 -2.10 11.14 -18.37 -4.96 -23.35  9.99  7.61 -5.83 -2.88 
utt>    95                   seven_0   58    0    28 15  2 4 8.468765e-13 -1.470110e+02 -8.526636e+03
INFO: cmn.c(133): CMN: 41.43 -0.37 -1.78 10.76 -14.15  2.63 -15.86 -8.06 -7.91 -3.89 -6.75 -14.75 -5.77 
utt>    96                   shift_0   54    0    24 14  2 4 1.752858e-12 -1.485539e+02 -8.021913e+03
INFO: cmn.c(133): CMN: 41.28 -8.77 -5.62  4.99 -1.96 -4.06 -3.58  6.03 -6.43 -3.52 -0.80  2.56 -0.72 
utt>    97                   shoop_0   52    0    20 9  1 3 2.051601e-12 -1.507616e+02 -7.839604e+03
INFO: cmn.c(133): CMN: 43.97  6.84  3.70  4.65  2.50  0.27 -37.85 -2.12 -4.25 -8.00 14.53 -8.16  0.08 
utt>    98                  sierra_0   63    0    28 11  2 4 3.167312e-12 -1.491964e+02 -9.399371e+03
INFO: cmn.c(133): CMN: 41.42 -16.44  9.56 -4.65 -0.78 12.71 -29.62  0.44 -13.95  0.35 -2.46 -11.17  1.23 
utt>    99                     six_0   51    0    20 12  2 4 4.905475e-12 -1.513470e+02 -7.718697e+03
INFO: cmn.c(133): CMN: 44.19 -6.83  3.85 -7.21 -17.56  5.78 -23.72  1.53  5.50  0.72  4.73 -5.44 -8.96 
utt>   100                   slash_0   64    0    24 11  1 3 3.454423e-12 -1.510953e+02 -9.670097e+03
INFO: cmn.c(133): CMN: 42.12  9.89 12.50 -0.65 -21.29 -0.33 -9.54 -4.79 -6.00 -9.70  6.03 -1.08 -3.90 
utt>   101                   snore_0   59    0    24 12  1 3 1.323074e-12 -1.492955e+02 -8.808435e+03
INFO: cmn.c(133): CMN: 51.53 -9.62 -5.30 -7.10 -15.90  0.35 -13.52 -4.04 -19.65  0.74  5.38  0.78  2.65 
utt>   102                   south_0   64    0    20 9  2 3 2.101115e-12 -1.489735e+02 -9.534304e+03
INFO: cmn.c(133): CMN: 43.01 -14.89 11.03 -0.42 -6.08 15.00 -28.61 -5.77  7.94 -8.01 -6.20 -4.01 -3.38 
utt>   103                   space_0   64    0    24 9  1 3 2.576547e-12 -1.510474e+02 -9.667036e+03
INFO: cmn.c(133): CMN: 44.48  1.30  8.01 -1.84 -19.62 -0.68 -6.01 -11.55 -17.50  3.96  8.66 -7.72 -0.37 
utt>   104                   spell_0   62    0    24 10  2 3 6.358625e-12 -1.452068e+02 -9.002821e+03
INFO: cmn.c(133): CMN: 47.62  8.72 -8.29 -13.74 -7.10 -8.66 -16.11 -3.03 -19.64 11.12  9.96  2.68 -8.37 
utt>   105                     tab_0   57    0    20 10  2 4 2.793354e-12 -1.450151e+02 -8.265863e+03
INFO: cmn.c(133): CMN: 39.04 10.77  3.58 13.88  2.58 -14.99 -35.95 -0.56 -11.33 -11.22  8.95 -4.10 -1.24 
utt>   106                   tango_0   54    0    28 10  2 4 5.502197e-12 -1.482631e+02 -8.006208e+03
INFO: cmn.c(133): CMN: 45.68 16.67 -0.78 -3.90 -13.97  4.28 -27.22 -6.17 -5.86 -2.49  1.89 -11.57  3.04 
utt>   107                 tekcarb_0   64    0    32 15  2 4 2.577552e-12 -1.557280e+02 -9.966592e+03
INFO: cmn.c(133): CMN: 40.97 -16.75 10.27 16.05 -1.02  4.17 -1.08  0.21 -7.95 -2.48  3.19 -11.11 -8.87 
utt>   108                   tfihs_0   89    0    28 12  1 3 2.637979e-12 -1.553130e+02 -1.382286e+04
INFO: cmn.c(133): CMN: 39.84  6.17 -0.72 14.24 11.36 16.33 -8.71  0.62 -5.29 -9.51 -2.90 -3.27 -7.95 
utt>   109                   three_0   44    0    20 9  1 3 3.062064e-13 -1.487331e+02 -6.544257e+03
INFO: cmn.c(133): CMN: 41.47  1.94 -3.08  7.98  1.14 -0.27 -28.61 -13.80  7.65 -8.31 -13.31 -3.15 -4.09 
utt>   110                    tick_0   37    0    20 12  1 3 4.943545e-12 -1.529166e+02 -5.657915e+03
INFO: cmn.c(133): CMN: 44.54  6.66  5.57  1.99 -12.28  3.57 -7.07 -5.61 -30.68  1.39  7.03 -12.53 -5.26 
utt>   111                   tilde_0   55    0    28 13  1 3 6.739504e-12 -1.521947e+02 -8.370707e+03
INFO: cmn.c(133): CMN: 42.29  1.41  2.87  3.98 -13.76  8.57 -17.56 -5.41 -9.48 -4.14  9.41 -4.52  0.84 
utt>   112                   times_0   69    0    24 12  1 2 3.489453e-12 -1.426887e+02 -9.845518e+03
INFO: cmn.c(133): CMN: 42.83  7.70  6.86  3.49  1.08 15.95 -6.30 -18.02 -7.02 -3.19 -10.55 -17.89 -6.27 
utt>   113                    true_0   47    0    20 10  1 3 3.367826e-12 -1.506041e+02 -7.078395e+03
INFO: cmn.c(133): CMN: 41.62  2.77  1.19 14.71 11.10  9.84 -13.24 -3.77 -2.08 -2.08 -13.68 -6.00 -5.19 
utt>   114                     two_0   40    0    16 9  1 2 2.416666e-12 -1.456914e+02 -5.827658e+03
INFO: cmn.c(133): CMN: 42.68 14.06  7.89 15.17 -5.00  3.21  1.44 -16.41 -8.59 -9.60 -7.16 -14.16 -1.43 
utt>   115                    undo_0   58    0    24 12  2 3 2.661488e-12 -1.454502e+02 -8.436112e+03
INFO: cmn.c(133): CMN: 39.30 15.54 12.29 12.05  7.64 -6.55 -19.75 -2.88 -11.68 -5.51 -1.66 -7.17 -3.60 
utt>   116                 uniform_0   74    0    40 15  2 5 4.906539e-12 -1.493891e+02 -1.105479e+04
INFO: cmn.c(133): CMN: 40.61 13.39 -3.52 -13.48 -26.20 -8.48 -1.54 -0.20 -17.69 -4.42 14.65  1.55 -0.48 
utt>   117                      up_0   31    0    16 10  2 4 1.173592e-12 -1.500066e+02 -4.650204e+03
INFO: cmn.c(133): CMN: 39.62 11.08 -1.32 11.95 16.87  5.18 -19.31 -14.29 -5.46 -1.78 -4.64 -11.18 -6.21 
utt>   118                  victor_0   63    0    32 12  2 4 4.438580e-12 -1.461682e+02 -9.208594e+03
INFO: cmn.c(133): CMN: 40.39 16.35  7.95  4.63 -15.69 -4.55 -2.24 -6.01 -4.80 -2.34 -3.87 -11.18 -5.34 
utt>   119             visualblock_0  102    0    48 19  2 4 3.564715e-12 -1.488621e+02 -1.518393e+04
INFO: cmn.c(133): CMN: 42.39 18.65  4.44 10.43 -13.79 -5.48  1.03 -12.93 -6.67 -3.21 -3.16 -9.61 -6.70 
utt>   120              visualline_0  101    0    44 18  2 5 2.698425e-12 -1.452114e+02 -1.466635e+04
INFO: cmn.c(133): CMN: 42.54 18.93  4.31 16.07 -7.71 -5.16  2.95 -15.19 -14.41 -4.78 -0.10 -9.45 -6.71 
utt>   121              visualmode_0   94    0    44 20  3 5 5.171997e-12 -1.490294e+02 -1.400876e+04
INFO: cmn.c(133): CMN: 38.72  9.44  3.88 13.04 -4.05 -3.68 -11.23 -3.04 -2.20 -16.87 -3.58 -0.90 -5.63 
utt>   122                    wake_0   57    0    20 9  2 4 8.357199e-13 -1.463531e+02 -8.342128e+03
INFO: cmn.c(133): CMN: 50.52 -6.09  3.65 -3.97 -20.82  2.04 -22.28 -1.88 -20.79  7.74  7.50 -0.12 -3.12 
utt>   123                    west_0   59    0    24 10  1 3 1.602972e-12 -1.519230e+02 -8.963455e+03
INFO: cmn.c(133): CMN: 48.43 17.63 -6.89  7.28 -26.61 -7.39  7.89 -7.63 -6.59  3.05 16.91 -9.59 -0.80 
utt>   124                   while_0   56    0    20 10  1 3 5.069227e-12 -1.597372e+02 -8.945285e+03
INFO: cmn.c(133): CMN: 40.36 -4.45 13.55 19.05  8.58  4.73 -20.70  3.27  0.00 -6.99  1.62 -9.64 -3.81 
utt>   125                 whiskey_0   57    0    28 11  2 4 2.669463e-12 -1.490966e+02 -8.498508e+03
INFO: cmn.c(133): CMN: 40.67 16.05  5.91 -2.47  1.84 19.91 -6.23 -19.32 -11.59 -5.98 -6.01 -11.98 -1.21 
utt>   126                    word_0   52    0    20 10  2 4 2.311484e-12 -1.524164e+02 -7.925652e+03
INFO: cmn.c(133): CMN: 43.63  4.56  1.00  4.86 13.00 -3.90 -25.18 -13.18 -5.96 -0.69 -6.67  5.16 -5.59 
utt>   127                    xray_0   66    0    24 8  1 3 3.388668e-12 -1.480600e+02 -9.771963e+03
INFO: cmn.c(133): CMN: 38.63  1.27  5.90 29.22  9.47  2.90 -17.86  4.22 -3.12 -11.51 -2.25 -0.35  0.04 
utt>   128                  yankee_0   58    0    28 14  2 4 3.857198e-12 -1.498510e+02 -8.691356e+03
INFO: cmn.c(133): CMN: 43.61 17.20  4.93 -2.16 -15.07  4.96 -15.60 -6.51 -16.05 -8.68 -2.32 -22.37 -2.77 
utt>   129                   ylruc_0   57    0    28 15  2 4 3.170058e-12 -1.562158e+02 -8.904301e+03
INFO: cmn.c(133): CMN: 43.89 11.90  7.89  1.85  5.35 16.94 -9.36 -13.36 -12.95 -5.85 -10.67 -4.60 -4.75 
utt>   130                    zero_0   64    0    24 10  2 4 3.229979e-12 -1.468043e+02 -9.395473e+03
INFO: cmn.c(133): CMN: 40.39 -3.06 15.47 20.39  2.67 20.52 -7.45 -2.29 -9.43 -9.09  8.25 -3.17 -18.41 
utt>   131                    zulu_0   58    0    24 13  2 4 5.596971e-12 -1.484671e+02 -8.611090e+03
INFO: cmn.c(133): CMN: 37.60 15.17 -2.37 -0.17  4.35  8.22 -3.35 -8.54 -13.10 -1.86  5.21 -6.78  0.17 
utt>   132                       1_0  542    0   132 13  1 3 2.034318e-12 -1.494873e+02 -8.102213e+04
INFO: cmn.c(133): CMN: 38.75  4.85  1.86  7.43  3.80  5.72 -8.40 -4.23 -4.62 -1.72  5.65 -6.28 -4.46 
utt>   133                       2_0  345    0   104 13  1 3 1.837555e-12 -1.509940e+02 -5.209293e+04
INFO: cmn.c(133): CMN: 36.64  9.55 -0.85  2.30 12.12  9.79 -4.25 -6.16 -1.32 -6.24 -2.97 -1.92 -5.94 
utt>   134                       3_0  899    0   208 13  1 3 2.673358e-12 -1.494308e+02 -1.343383e+05
INFO: cmn.c(133): CMN: 39.95  1.42  3.25  4.26  2.43  9.98 -3.83  1.35 -7.83 -7.26 -2.75 -0.82 -1.11 
utt>   135                       4_0 1022    0   292 14  1 3 1.989316e-12 -1.529962e+02 -1.563621e+05
INFO: cmn.c(133): CMN: 37.07  3.94 -3.53  7.93 12.18  6.68 -3.37 -3.97 -0.71 -5.50 -3.94 -1.16 -3.69 
utt>   136                       6_0 1112    0   268 13  1 3 1.785416e-12 -1.502444e+02 -1.670718e+05
INFO: cmn.c(133): CMN: 35.82  4.22 -2.68  1.85  6.08  6.30 -5.52 -0.28 -5.57 -3.71  1.34 -0.32 -1.32 
utt>   137                       7_0 1139    0   240 15  1 3 2.164704e-12 -1.492569e+02 -1.700036e+05
INFO: cmn.c(133): CMN: 37.76  5.11  0.29  5.57  7.80  5.03 -5.18 -0.20 -6.40 -3.88  4.06 -4.20  0.41 
utt>   138                       8_0  994    0   284 14  1 3 2.575837e-12 -1.512099e+02 -1.503026e+05
INFO: cmn.c(133): CMN: 41.01  3.74 -0.18  2.25  4.71  6.96 -7.11  2.04 -12.04 -2.16  3.87 -3.93 -1.05 
utt>   139                       9_0 1086    0   308 13  1 3 2.521913e-12 -1.528778e+02 -1.660253e+05
INFO: cmn.c(133): CMN: 38.57 -0.89 -4.01  7.20  8.20  3.97 -1.80 -3.18 -4.30 -2.43 -4.77  0.12 -4.16 
utt>   140                      11_0 1123    0   284 15  1 3 1.986139e-12 -1.515733e+02 -1.702169e+05
INFO: cmn.c(133): CMN: 42.28  4.99 -3.93  7.86  9.89  4.89 -7.25 -7.65 -0.74 -8.62 -0.30  2.37 -5.46 
utt>   141                      12_0 1687    0   436 11  1 3 2.429717e-12 -1.508879e+02 -2.545479e+05
INFO: cmn.c(133): CMN: 44.03  5.36 -3.32 11.31  5.94  1.66 -5.42 -16.73 -7.04 -7.32 -3.50  6.92 -9.26 
utt>   142                      13_0 1455    0   460 12  1 3 2.592245e-12 -1.528317e+02 -2.223702e+05
INFO: cmn.c(133): CMN: 42.35  3.56 13.81  9.04 -2.44  3.02 -7.26  0.49 -15.03 -10.34  8.91 -10.35 -0.54 
utt>   143                      14_0 1760    0   436 13  1 3 2.021005e-12 -1.520949e+02 -2.676871e+05
INFO: cmn.c(133): CMN: 44.33  2.67 14.06  6.72 -1.73 -0.28 -3.99 -4.32 -18.53 -5.14  2.14 -7.22 -2.15 
utt>   144                      16_0  975    0   296 13  2 3 2.558349e-12 -1.530810e+02 -1.492539e+05
INFO: cmn.c(133): CMN: 44.63  3.56 17.82  3.80 -2.94  2.67 -4.80  0.39 -16.09 -14.76  9.84 -7.29 -1.97 
utt>   145                      17_0 1142    0   320 13  1 3 2.097372e-12 -1.516479e+02 -1.731819e+05
INFO: cmn.c(133): CMN: 46.05  5.66 13.17  6.11 -2.97  1.54 -8.40 -1.40 -18.68 -8.16  9.66 -5.25 -0.46 
utt>   146                      18_0 1006    0   304 14  1 3 2.707122e-12 -1.535151e+02 -1.544362e+05
INFO: cmn.c(133): CMN: 43.77 -3.37 17.34 10.96  0.07  2.32 -8.86 -4.30 -10.57 -8.73  2.65 -11.09 -2.79 
utt>   147                      19_0 2057    0   532 14  1 3 2.372905e-12 -1.514916e+02 -3.116182e+05
INFO: cmn.c(133): CMN: 42.70  2.64  1.37 10.10  6.69  2.68 -1.72 -9.13 -3.78 -7.30  7.70 -7.28 -9.95 
utt>   148                      21_0  357    0   112 16  1 3 2.796178e-12 -1.511112e+02 -5.394670e+04
INFO: cmn.c(133): CMN: 48.39  5.27 -4.69  7.20  2.31  3.91 -4.13 -14.30 -1.42 -12.10  5.06  0.31 -8.20 
utt>   149                      22_0  999    0   276 11  1 3 2.091784e-12 -1.509035e+02 -1.507526e+05
INFO: cmn.c(133): CMN: 44.16  2.05 -1.41  6.20  3.90  3.44 -7.76 -11.34 -2.99 -4.93  3.50 -2.47 -6.74 
utt>   150                      23_0 1616    0   416 15  1 3 2.189965e-12 -1.511374e+02 -2.442381e+05
INFO: cmn.c(133): CMN: 45.56  0.09  1.95  6.79  3.16  5.21 -2.15 -9.78 -4.48 -7.06 -0.01  0.74 -8.48 
utt>   151                      24_0 1143    0   280 15  1 3 2.929172e-12 -1.504677e+02 -1.719846e+05
INFO: cmn.c(133): CMN: 43.78  5.84 -7.64 12.17  3.92  3.86 -7.78 -5.40 -5.89 -4.83  0.86 -6.74 -5.64 
utt>   152                      26_0  265    0    76 15  1 3 1.840522e-12 -1.487515e+02 -3.941915e+04
INFO: cmn.c(133): CMN: 44.18  0.80 -2.77 11.72  7.36  6.34 -1.98 -12.78 -2.77 -4.86 -5.82  0.62 -10.80 
utt>   153                      27_0  864    0   228 13  1 3 2.470282e-12 -1.502139e+02 -1.297848e+05
INFO: cmn.c(133): CMN: 42.86  0.61  1.39  6.79 10.56  4.78 -2.75 -10.67 -3.33 -4.11 -5.81 -1.89 -7.99 
utt>   154                      28_0  587    0   148 12  1 3 2.113603e-12 -1.486240e+02 -8.724230e+04
INFO: cmn.c(133): CMN: 43.24  7.21 -6.27  4.35  8.91  0.74 -1.11 -6.51 -10.76 -5.21 -0.07 -2.99 -7.14 
utt>   155                      29_0  511    0   116 13  1 3 1.465586e-12 -1.465857e+02 -7.490531e+04
INFO: cmn.c(133): CMN: 45.81 -7.09  5.21 10.86  3.66  3.89 -5.21 -10.45 -0.94 -7.98 -2.58 -0.82 -12.94 
utt>   156                      31_0 1065    0   284 11  1 3 2.737213e-12 -1.504840e+02 -1.602655e+05
INFO: cmn.c(133): CMN: 42.19  4.54 -4.25  7.47  6.60  0.71 -3.49 -9.02 -2.40 -7.05 -0.25 -1.72 -8.56 
utt>   157                      32_0  924    0   252 15  1 3 2.223889e-12 -1.511917e+02 -1.397011e+05
INFO: cmn.c(133): CMN: 43.08  1.73 -0.53 11.00  2.86  3.98 -3.73 -7.98 -3.79 -4.13  2.96 -6.49 -4.95 
utt>   158                      33_0 2194    0   516 13  1 3 2.038912e-12 -1.491198e+02 -3.271689e+05
INFO: cmn.c(133): CMN: 46.03  0.89  3.01  3.49 -2.81  4.54 -5.94 -9.93 -5.71 -10.95  0.03 -2.34 -5.38 
utt>   159                      34_0  598    0   176 11  1 3 1.871520e-12 -1.512498e+02 -9.044741e+04
INFO: cmn.c(133): CMN: 45.01  0.20 -1.16  8.25  1.49  2.48 -2.18 -12.56 -3.38 -3.49 -2.02 -0.86 -7.93 
utt>   160                      36_0 2095    0   536 12  1 3 2.584001e-12 -1.506071e+02 -3.155219e+05
INFO: cmn.c(133): CMN: 42.39  1.10 -1.44 13.81  4.12 -2.21 -4.68 -1.85 -4.96 -5.44  0.41 -3.42 -4.75 
utt>   161                      37_0  737    0   176 13  1 3 2.532866e-12 -1.480058e+02 -1.090803e+05
INFO: cmn.c(133): CMN: 40.84 -4.50  7.20 10.32  3.06 -1.11 -2.25 -6.12 -2.14 -3.60 -3.59 -7.87 -5.40 
utt>   162                      38_0 1116    0   264 15  1 3 2.286670e-12 -1.493600e+02 -1.666857e+05
INFO: cmn.c(133): CMN: 45.54 -4.57  4.18 10.98  6.44  2.09 -4.74 -10.44  2.98 -8.84 -2.50 -2.64 -6.86 
utt>   163                      39_0  693    0   176 14  2 3 2.701397e-12 -1.502195e+02 -1.041021e+05
INFO: cmn.c(133): CMN: 46.38 -0.27  2.76  5.37  4.88  1.57 -10.93 -4.72 -10.77 -4.42  6.17 -8.38 -4.46 
utt>   164                      41_0  870    0   228 12  1 3 2.547287e-12 -1.511198e+02 -1.314742e+05
INFO: cmn.c(133): CMN: 43.09  6.99 -1.00 -3.66  2.51  6.03 -16.97  2.47 -12.53 -6.35  7.27 -10.05  1.18 
utt>   165                      42_0  885    0   264 13  1 3 2.357192e-12 -1.515292e+02 -1.341033e+05
INFO: cmn.c(133): CMN: 35.87 12.43 -1.69 -4.13  3.86  6.35 -1.21 -4.50 -5.50 -4.74  2.62 -7.90 -1.22 
utt>   166                      43_0  849    0   184 21  1 3 2.377083e-12 -1.479886e+02 -1.256424e+05
INFO: cmn.c(133): CMN: 41.12  6.03  4.91 -1.98 -1.15  8.23 -5.88 -6.51 -5.48 -5.62 -0.37 -4.91 -3.69 
utt>   167                      44_0  990    0   256 13  1 3 2.215347e-12 -1.495153e+02 -1.480202e+05
INFO: cmn.c(133): CMN: 43.89  3.31 -1.48 11.14  5.45  2.55 -6.10 -8.28 -5.93 -6.20  0.11 -4.53 -5.25 
utt>   168                      46_0 1109    0   284 14  1 3 2.582311e-12 -1.481893e+02 -1.643419e+05
INFO: cmn.c(133): CMN: 44.87 -1.60  3.77  8.32  6.47  5.37 -3.89 -5.72 -5.56 -9.19  3.12 -6.22 -6.78 
utt>   169                      47_0 1110    0   280 14  1 2 1.818723e-12 -1.497142e+02 -1.661827e+05
overall> stats 42739 (-0) -1.506047e+02 -6.436693e+06

INFO: s3mixw_io.c(233): Wrote /Users/benroye/forge/cmusphinx/voiceVim/bwaccumdir/voiceVim_buff_2/mixw_counts [317x1x4 array]
INFO: s3tmat_io.c(176): Wrote /Users/benroye/forge/cmusphinx/voiceVim/bwaccumdir/voiceVim_buff_2/tmat_counts [39x3x4 array]
INFO: s3gau_io.c(485): Wrote /Users/benroye/forge/cmusphinx/voiceVim/bwaccumdir/voiceVim_buff_2/gauden_counts with means with vars [317x1x4 vector arrays]
INFO: main.c(999): Counts saved to /Users/benroye/forge/cmusphinx/voiceVim/bwaccumdir/voiceVim_buff_2
Mon Jan 30 07:36:17 2017
