Current configuration:
[NAME]		[DEFLT]	[VALUE]
-dcountfn		/Users/benroye/forge/cmusphinx/voiceVim/model_parameters/voiceVim.cd_cont_200/mixture_weights
-example	no	no
-fullvar	no	no
-help		no	no
-inmeanfn		/Users/benroye/forge/cmusphinx/voiceVim/model_parameters/voiceVim.cd_cont_200/means
-inmixwfn		/Users/benroye/forge/cmusphinx/voiceVim/model_parameters/voiceVim.cd_cont_200/mixture_weights
-invarfn		/Users/benroye/forge/cmusphinx/voiceVim/model_parameters/voiceVim.cd_cont_200/variances
-ninc		1	2
-outmeanfn		/Users/benroye/forge/cmusphinx/voiceVim/model_parameters/voiceVim.cd_cont_initial/means
-outmixwfn		/Users/benroye/forge/cmusphinx/voiceVim/model_parameters/voiceVim.cd_cont_initial/mixture_weights
-outvarfn		/Users/benroye/forge/cmusphinx/voiceVim/model_parameters/voiceVim.cd_cont_initial/variances

INFO: main.c(86): Reading mixing weight file /Users/benroye/forge/cmusphinx/voiceVim/model_parameters/voiceVim.cd_cont_200/mixture_weights.
INFO: s3mixw_io.c(117): Read /Users/benroye/forge/cmusphinx/voiceVim/model_parameters/voiceVim.cd_cont_200/mixture_weights [317x1x2 array]
INFO: s3gau_io.c(169): Read /Users/benroye/forge/cmusphinx/voiceVim/model_parameters/voiceVim.cd_cont_200/means [317x1x2 array]
INFO: s3gau_io.c(169): Read /Users/benroye/forge/cmusphinx/voiceVim/model_parameters/voiceVim.cd_cont_200/variances [317x1x2 array]
INFO: s3gau_io.c(553): Read /Users/benroye/forge/cmusphinx/voiceVim/model_parameters/voiceVim.cd_cont_200/mixture_weights [317x1x2 array]
INFO: main.c(151): output n_density == 4
0:1(1.96e+03)0(6.39e+02)
1:1(5.52e+02)0(3.27e+02)
2:1(6.19e+02)0(3.23e+02)
3:0(1.23e+03)1(9.28e+02)
4:0(1.55e+03)1(1.53e+03)
5:1(2.11e+03)0(1.20e+03)
6:0(8.57e+02)1(5.78e+02)
7:0(8.83e+02)1(8.76e+02)
8:0(7.27e+02)1(6.20e+02)
9:1(1.16e+03)0(1.00e+03)
10:0(3.25e+03)1(1.98e+03)
11:1(2.63e+03)0(2.51e+03)
12:0(2.76e+02)1(1.90e+02)
13:1(2.16e+02)0(1.95e+02)
14:1(9.18e+02)0(3.63e+02)
15:0(2.72e+02)1(2.28e+02)
16:1(3.57e+02)0(2.12e+02)
17:0(1.61e+02)1(1.44e+02)
18:1(1.43e+03)0(4.48e+02)
19:1(3.80e+03)0(4.83e+02)
20:1(1.03e+03)0(7.67e+02)
21:0(2.57e+02)1(1.40e+02)
22:1(1.17e+02)0(8.72e+01)
23:1(1.11e+02)0(6.84e+01)
24:0(2.59e+03)1(1.83e+03)
25:0(3.15e+03)1(1.60e+03)
26:0(3.09e+03)1(2.27e+03)
27:0(1.49e+03)1(1.26e+03)
28:0(3.51e+03)1(2.10e+03)
29:0(3.14e+03)1(1.90e+03)
30:1(1.08e+03)0(6.50e+02)
31:1(8.70e+02)0(3.89e+02)
32:1(1.14e+03)0(8.21e+02)
33:0(3.11e+02)1(2.86e+02)
34:0(3.02e+02)1(2.87e+02)
35:1(7.06e+02)0(2.77e+02)
36:1(2.68e+02)0(1.42e+02)
37:0(1.17e+02)1(6.04e+01)
38:1(1.10e+02)0(6.62e+01)
39:1(1.03e+03)0(7.82e+02)
40:0(3.62e+03)1(2.47e+03)
41:0(2.96e+03)1(2.58e+03)
42:0(9.92e+02)1(5.36e+02)
43:1(9.11e+02)0(7.28e+02)
44:1(1.62e+03)0(5.67e+02)
45:0(1.58e+03)1(1.03e+03)
46:1(8.38e+02)0(7.28e+02)
47:0(1.23e+03)1(7.91e+02)
48:1(8.38e+01)0(7.33e+01)
49:1(1.64e+02)0(7.23e+01)
50:1(4.10e+02)0(1.40e+02)
51:0(3.90e+03)1(3.74e+03)
52:1(1.37e+03)0(1.20e+03)
53:0(2.21e+03)1(1.08e+03)
54:0(2.08e+03)1(1.73e+03)
55:1(2.15e+03)0(1.82e+03)
56:0(2.22e+03)1(1.73e+03)
57:0(1.03e+03)1(8.88e+02)
58:1(8.68e+02)0(5.64e+02)
59:0(8.67e+02)1(5.08e+02)
60:0(2.83e+03)1(2.50e+03)
61:1(4.02e+03)0(2.49e+03)
62:0(1.51e+03)1(1.20e+03)
63:1(2.21e+02)0(1.83e+02)
64:0(2.47e+02)1(2.45e+02)
65:0(4.84e+02)1(2.87e+02)
66:1(4.08e+02)0(2.54e+02)
67:1(5.79e+02)0(4.40e+02)
68:0(6.88e+02)1(4.59e+02)
69:1(2.81e+03)0(1.98e+03)
70:1(2.87e+03)0(2.61e+03)
71:1(3.66e+03)0(2.61e+03)
72:0(7.31e+02)1(4.12e+02)
73:0(4.94e+02)1(2.78e+02)
74:0(4.26e+02)1(1.35e+02)
75:0(2.69e+03)1(2.20e+03)
76:0(5.82e+03)1(1.02e+03)
77:1(2.04e+03)0(1.04e+03)
78:0(1.85e+03)1(1.51e+03)
79:1(1.29e+03)0(1.03e+03)
80:1(1.90e+03)0(1.15e+03)
81:1(3.39e+03)0(2.57e+03)
82:1(6.40e+03)0(3.49e+03)
83:1(6.18e+03)0(1.66e+03)
84:1(5.17e+02)0(4.22e+02)
85:1(1.03e+03)0(6.74e+02)
86:0(4.25e+02)1(3.80e+02)
87:0(3.68e+03)1(2.08e+03)
88:1(1.73e+03)0(1.42e+03)
89:0(2.55e+03)1(2.36e+03)
90:0(4.90e+01)1(4.72e+01)
91:1(1.03e+02)0(2.77e+01)
92:1(2.93e+02)0(3.60e+01)
93:0(4.00e+03)1(1.84e+03)
94:0(3.21e+03)1(2.88e+03)
95:1(5.50e+03)0(1.08e+03)
96:1(9.55e+02)0(7.63e+02)
97:0(1.26e+03)1(8.01e+02)
98:1(1.55e+03)0(1.25e+03)
99:1(6.80e+02)0(4.39e+02)
100:1(2.95e+02)0(2.41e+02)
101:0(3.13e+02)1(2.79e+02)
102:0(6.01e+02)1(5.47e+02)
103:0(3.84e+02)1(3.22e+02)
104:0(4.62e+02)1(2.57e+02)
105:1(3.19e+02)0(2.92e+02)
106:0(4.32e+02)1(3.57e+02)
107:0(3.09e+02)1(2.71e+02)
108:1(2.00e+02)0(9.17e+01)
109:0(1.03e+02)1(1.00e+02)
110:1(1.13e+02)0(8.30e+01)
111:1(2.92e+02)0(2.11e+02)
112:1(5.24e+02)0(3.49e+02)
113:1(3.25e+02)0(1.91e+02)
114:1(8.55e+01)0(3.43e+01)
115:1(4.08e+01)0(1.62e+01)
116:0(4.00e+01)1(3.28e+01)
117:0(1.00e+03)1(8.44e+02)
118:1(1.85e+02)0(1.30e+02)
119:1(9.95e+02)0(6.81e+02)
120:0(7.99e+02)1(5.97e+02)
121:1(4.40e+02)0(3.82e+02)
122:1(1.43e+03)0(1.06e+03)
123:0(8.57e+02)1(5.78e+02)
124:0(8.83e+02)1(8.76e+02)
125:0(7.27e+02)1(6.20e+02)
126:0(5.31e+02)1(5.30e+02)
127:0(5.82e+02)1(5.22e+02)
128:1(3.15e+02)0(2.89e+02)
129:0(2.62e+03)1(2.01e+03)
130:0(2.57e+02)1(2.45e+02)
131:0(1.10e+03)1(7.42e+02)
132:0(1.54e+03)1(1.26e+03)
133:0(2.76e+02)1(1.90e+02)
134:1(2.16e+02)0(1.95e+02)
135:1(4.67e+02)0(4.51e+02)
136:0(2.01e+02)1(1.61e+02)
137:0(2.72e+02)1(2.28e+02)
138:1(3.57e+02)0(2.12e+02)
139:0(1.61e+02)1(1.44e+02)
140:0(2.33e+02)1(2.27e+02)
141:0(9.51e+02)1(4.69e+02)
142:1(2.37e+02)0(1.93e+02)
143:1(2.18e+03)0(1.67e+03)
144:1(1.03e+03)0(7.67e+02)
145:0(2.57e+02)1(1.40e+02)
146:1(1.17e+02)0(8.72e+01)
147:1(1.11e+02)0(6.84e+01)
148:0(4.32e+02)1(3.27e+02)
149:0(2.22e+02)1(1.83e+02)
150:1(4.29e+02)0(3.50e+02)
151:1(1.30e+03)0(1.18e+03)
152:0(7.51e+02)1(7.43e+02)
153:0(2.58e+02)1(1.66e+02)
154:1(1.78e+02)0(1.22e+02)
155:0(2.51e+02)1(1.48e+02)
156:1(9.03e+02)0(6.28e+02)
157:0(3.14e+02)1(2.83e+02)
158:0(5.18e+02)1(2.76e+02)
159:1(8.72e+02)0(6.34e+02)
160:1(1.12e+02)0(1.08e+02)
161:0(7.08e+02)1(6.30e+02)
162:0(2.45e+02)1(2.06e+02)
163:1(3.47e+02)0(3.11e+02)
164:0(2.48e+02)1(1.46e+02)
165:0(9.59e+02)1(6.84e+02)
166:0(6.27e+02)1(4.87e+02)
167:0(3.53e+02)1(2.67e+02)
168:0(8.88e+02)1(7.40e+02)
169:0(2.55e+02)1(2.06e+02)
170:0(1.64e+03)1(1.26e+03)
171:1(9.78e+02)0(8.81e+02)
172:0(1.35e+03)1(1.29e+03)
173:0(2.78e+02)1(2.67e+02)
174:1(1.08e+03)0(6.50e+02)
175:0(6.31e+02)1(1.82e+02)
176:0(2.95e+02)1(1.51e+02)
177:0(2.89e+02)1(2.73e+02)
178:0(9.43e+02)1(4.62e+02)
179:0(3.11e+02)1(2.86e+02)
180:0(3.02e+02)1(2.87e+02)
181:0(1.58e+02)1(1.31e+02)
182:0(4.14e+02)1(2.81e+02)
183:1(2.68e+02)0(1.42e+02)
184:0(1.17e+02)1(6.04e+01)
185:1(1.10e+02)0(6.62e+01)
186:1(6.79e+02)0(5.15e+02)
187:1(3.60e+02)0(2.60e+02)
188:0(1.42e+03)1(8.18e+02)
189:0(2.12e+03)1(1.74e+03)
190:0(2.59e+03)1(1.83e+03)
191:1(7.23e+02)0(3.93e+02)
192:0(9.92e+02)1(5.36e+02)
193:1(9.11e+02)0(7.28e+02)
194:1(7.06e+02)0(5.36e+02)
195:1(4.73e+02)0(4.70e+02)
196:0(1.16e+03)1(9.64e+02)
197:0(2.65e+02)1(2.28e+02)
198:1(8.38e+02)0(7.28e+02)
199:0(1.23e+03)1(7.91e+02)
200:1(8.38e+01)0(7.33e+01)
201:1(1.64e+02)0(7.23e+01)
202:1(4.10e+02)0(1.40e+02)
203:0(4.97e+02)1(4.43e+02)
204:0(5.77e+02)1(2.64e+02)
205:0(3.56e+03)1(2.30e+03)
206:0(4.16e+02)1(2.21e+02)
207:1(1.05e+03)0(8.82e+02)
208:0(4.44e+02)1(4.30e+02)
209:0(1.28e+03)1(1.13e+03)
210:1(6.92e+02)0(4.67e+02)
211:0(9.36e+02)1(6.89e+02)
212:0(6.96e+02)1(3.28e+02)
213:1(3.49e+02)0(3.19e+02)
214:0(8.40e+02)1(6.74e+02)
215:0(1.03e+03)1(7.62e+02)
216:0(9.57e+02)1(7.67e+02)
217:0(7.29e+02)1(6.38e+02)
218:1(4.55e+02)0(4.09e+02)
219:1(5.64e+02)0(4.31e+02)
220:1(5.85e+02)0(3.36e+02)
221:1(4.63e+02)0(4.27e+02)
222:0(2.83e+02)1(2.59e+02)
223:1(2.62e+02)0(2.53e+02)
224:1(4.40e+02)0(4.18e+02)
225:0(2.15e+03)1(1.92e+03)
226:1(6.49e+02)0(6.09e+02)
227:1(3.25e+03)0(1.45e+03)
228:0(9.26e+02)1(8.85e+02)
229:1(7.51e+02)0(4.30e+02)
230:1(8.70e+02)0(6.62e+02)
231:1(2.21e+02)0(1.83e+02)
232:0(2.47e+02)1(2.45e+02)
233:0(4.84e+02)1(2.87e+02)
234:1(4.08e+02)0(2.54e+02)
235:0(1.98e+02)1(7.68e+01)
236:1(4.68e+02)0(2.76e+02)
237:0(2.32e+02)1(2.29e+02)
238:0(1.81e+02)1(1.70e+02)
239:0(2.00e+02)1(1.37e+02)
240:1(1.74e+03)0(1.56e+03)
241:0(8.07e+02)1(6.82e+02)
242:0(2.25e+03)1(1.92e+03)
243:1(7.10e+02)0(6.00e+02)
244:0(3.27e+03)1(2.13e+03)
245:0(5.88e+02)1(2.85e+02)
246:0(7.31e+02)1(4.12e+02)
247:0(4.94e+02)1(2.78e+02)
248:0(4.26e+02)1(1.35e+02)
249:0(1.55e+03)1(1.19e+03)
250:1(7.28e+02)0(4.09e+02)
251:1(5.59e+02)0(4.57e+02)
252:1(3.04e+03)0(2.94e+03)
253:0(4.95e+02)1(3.63e+02)
254:0(4.47e+02)1(3.89e+02)
255:0(3.13e+02)1(2.85e+02)
256:0(8.85e+02)1(7.61e+02)
257:0(5.14e+02)1(3.66e+02)
258:0(2.96e+02)1(2.10e+02)
259:0(1.08e+03)1(9.02e+02)
260:1(6.85e+02)0(3.81e+02)
261:0(3.71e+02)1(2.72e+02)
262:1(3.72e+02)0(2.36e+02)
263:1(6.88e+02)0(4.37e+02)
264:1(1.03e+03)0(8.91e+02)
265:1(1.16e+03)0(6.64e+02)
266:1(2.34e+03)0(1.80e+03)
267:0(3.03e+03)1(2.26e+03)
268:1(3.10e+03)0(1.50e+03)
269:0(3.06e+03)1(1.57e+03)
270:1(9.78e+02)0(5.66e+02)
271:1(9.04e+02)0(7.60e+02)
272:1(5.17e+02)0(4.22e+02)
273:1(1.03e+03)0(6.74e+02)
274:0(4.25e+02)1(3.80e+02)
275:1(8.02e+02)0(4.35e+02)
276:0(3.43e+03)1(1.09e+03)
277:1(6.55e+02)0(6.04e+02)
278:0(1.05e+03)1(8.37e+02)
279:0(2.90e+02)1(2.69e+02)
280:0(7.14e+02)1(6.67e+02)
281:1(6.71e+02)0(3.23e+02)
282:0(1.36e+03)1(6.10e+02)
283:0(4.90e+01)1(4.72e+01)
284:1(1.03e+02)0(2.77e+01)
285:1(2.93e+02)0(3.60e+01)
286:1(1.50e+03)0(1.07e+03)
287:1(5.35e+02)0(5.34e+02)
288:0(4.61e+02)1(3.50e+02)
289:0(8.08e+02)1(5.82e+02)
290:0(6.35e+02)1(5.96e+02)
291:0(2.61e+03)1(2.25e+03)
292:1(3.29e+03)0(2.58e+03)
293:1(4.17e+02)0(2.94e+02)
294:1(9.55e+02)0(7.63e+02)
295:1(8.03e+02)0(7.71e+02)
296:1(2.73e+02)0(2.12e+02)
297:1(7.56e+02)0(5.00e+02)
298:1(8.92e+02)0(6.54e+02)
299:1(6.80e+02)0(4.39e+02)
300:1(2.95e+02)0(2.41e+02)
301:0(3.13e+02)1(2.79e+02)
302:0(6.01e+02)1(5.47e+02)
303:0(3.84e+02)1(3.22e+02)
304:0(4.62e+02)1(2.57e+02)
305:1(3.19e+02)0(2.92e+02)
306:0(4.32e+02)1(3.57e+02)
307:0(3.09e+02)1(2.71e+02)
308:1(2.00e+02)0(9.17e+01)
309:0(1.03e+02)1(1.00e+02)
310:1(1.13e+02)0(8.30e+01)
311:1(2.92e+02)0(2.11e+02)
312:1(5.24e+02)0(3.49e+02)
313:1(3.25e+02)0(1.91e+02)
314:1(8.55e+01)0(3.43e+01)
315:1(4.08e+01)0(1.62e+01)
316:0(4.00e+01)1(3.28e+01)INFO: s3mixw_io.c(233): Wrote /Users/benroye/forge/cmusphinx/voiceVim/model_parameters/voiceVim.cd_cont_initial/mixture_weights [317x1x4 array]
INFO: s3gau_io.c(228): Wrote /Users/benroye/forge/cmusphinx/voiceVim/model_parameters/voiceVim.cd_cont_initial/means [317x1x4 array]
INFO: s3gau_io.c(228): Wrote /Users/benroye/forge/cmusphinx/voiceVim/model_parameters/voiceVim.cd_cont_initial/variances [317x1x4 array]

Mon Jan 30 07:36:16 2017
