Current configuration:
[NAME]		[DEFLT]	[VALUE]
-dcountfn		/Users/benroye/forge/cmusphinx/voiceVim/model_parameters/voiceVim.cd_cont_200/mixture_weights
-example	no	no
-fullvar	no	no
-help		no	no
-inmeanfn		/Users/benroye/forge/cmusphinx/voiceVim/model_parameters/voiceVim.cd_cont_200/means
-inmixwfn		/Users/benroye/forge/cmusphinx/voiceVim/model_parameters/voiceVim.cd_cont_200/mixture_weights
-invarfn		/Users/benroye/forge/cmusphinx/voiceVim/model_parameters/voiceVim.cd_cont_200/variances
-ninc		1	4
-outmeanfn		/Users/benroye/forge/cmusphinx/voiceVim/model_parameters/voiceVim.cd_cont_initial/means
-outmixwfn		/Users/benroye/forge/cmusphinx/voiceVim/model_parameters/voiceVim.cd_cont_initial/mixture_weights
-outvarfn		/Users/benroye/forge/cmusphinx/voiceVim/model_parameters/voiceVim.cd_cont_initial/variances

INFO: main.c(86): Reading mixing weight file /Users/benroye/forge/cmusphinx/voiceVim/model_parameters/voiceVim.cd_cont_200/mixture_weights.
INFO: s3mixw_io.c(117): Read /Users/benroye/forge/cmusphinx/voiceVim/model_parameters/voiceVim.cd_cont_200/mixture_weights [317x1x4 array]
INFO: s3gau_io.c(169): Read /Users/benroye/forge/cmusphinx/voiceVim/model_parameters/voiceVim.cd_cont_200/means [317x1x4 array]
INFO: s3gau_io.c(169): Read /Users/benroye/forge/cmusphinx/voiceVim/model_parameters/voiceVim.cd_cont_200/variances [317x1x4 array]
INFO: s3gau_io.c(553): Read /Users/benroye/forge/cmusphinx/voiceVim/model_parameters/voiceVim.cd_cont_200/mixture_weights [317x1x4 array]
INFO: main.c(151): output n_density == 8
0:1(1.00e+03)2(6.93e+02)0(2.57e+02)3(2.12e+02)
1:1(3.78e+02)2(3.25e+02)3(2.25e+02)0(1.51e+02)
2:2(3.79e+02)1(3.77e+02)0(1.72e+02)3(1.33e+02)
3:2(7.00e+02)0(5.45e+02)1(5.43e+02)3(4.64e+02)
4:3(9.85e+02)2(7.82e+02)0(6.77e+02)1(6.47e+02)
5:2(1.40e+03)1(1.12e+03)3(4.91e+02)0(3.79e+02)
6:0(5.52e+02)2(3.58e+02)3(3.43e+02)1(2.35e+02)
7:1(5.12e+02)2(4.32e+02)0(4.07e+02)3(3.81e+02)
8:1(3.81e+02)0(3.74e+02)3(2.94e+02)2(2.53e+02)
9:2(7.52e+02)1(6.36e+02)0(5.55e+02)3(5.11e+02)
10:2(1.82e+03)0(1.43e+03)3(1.28e+03)1(5.40e+02)
11:3(2.03e+03)1(1.34e+03)2(1.27e+03)0(6.17e+02)
12:0(2.17e+02)2(1.42e+02)3(1.06e+02)1(7.61e+01)
13:2(1.23e+02)3(1.01e+02)0(8.36e+01)1(6.25e+01)
14:2(4.55e+02)1(3.95e+02)0(2.18e+02)3(1.85e+02)
15:2(1.99e+02)1(1.57e+02)0(9.75e+01)3(8.70e+01)
16:2(1.77e+02)3(1.45e+02)1(1.13e+02)0(1.07e+02)
17:2(1.22e+02)0(1.07e+02)3(8.62e+01)1(7.09e+01)
18:1(9.97e+02)2(4.84e+02)0(2.95e+02)3(2.24e+02)
19:2(1.80e+03)1(1.63e+03)3(4.75e+02)0(2.83e+02)
20:2(4.49e+02)3(4.40e+02)0(3.78e+02)1(2.86e+02)
21:2(1.41e+02)0(9.36e+01)3(8.09e+01)1(6.54e+01)
22:1(5.91e+01)0(5.27e+01)3(4.61e+01)2(4.56e+01)
23:1(6.29e+01)2(5.04e+01)0(4.81e+01)3(3.10e+01)
24:0(1.41e+03)2(1.28e+03)3(9.02e+02)1(7.15e+02)
25:2(1.54e+03)1(1.40e+03)0(1.37e+03)3(5.59e+02)
26:0(2.15e+03)3(1.53e+03)2(1.19e+03)1(9.51e+02)
27:1(8.03e+02)2(7.92e+02)0(7.30e+02)3(5.16e+02)
28:0(1.93e+03)1(1.63e+03)2(1.06e+03)3(1.01e+03)
29:0(1.70e+03)2(1.64e+03)3(8.34e+02)1(8.20e+02)
30:1(5.73e+02)3(5.15e+02)2(5.09e+02)0(1.94e+02)
31:1(6.58e+02)3(2.52e+02)2(2.48e+02)0(1.96e+02)
32:1(1.05e+03)2(3.14e+02)3(2.95e+02)0(2.66e+02)
33:2(1.68e+02)3(1.66e+02)0(1.42e+02)1(1.31e+02)
34:1(1.81e+02)0(1.79e+02)3(1.22e+02)2(9.25e+01)
35:1(3.39e+02)2(2.87e+02)3(2.41e+02)0(1.82e+02)
36:2(1.41e+02)1(1.28e+02)0(9.43e+01)3(7.58e+01)
37:0(6.70e+01)2(6.44e+01)3(2.70e+01)1(2.64e+01)
38:1(5.37e+01)2(5.13e+01)0(4.26e+01)3(2.89e+01)
39:2(9.41e+02)1(5.42e+02)3(4.00e+02)0(3.06e+02)
40:2(2.01e+03)3(1.41e+03)1(1.38e+03)0(1.21e+03)
41:3(1.75e+03)0(1.59e+03)2(1.41e+03)1(7.10e+02)
42:2(5.92e+02)0(4.86e+02)3(4.39e+02)1(2.20e+02)
43:0(4.68e+02)2(4.30e+02)1(3.53e+02)3(3.17e+02)
44:1(8.23e+02)2(7.43e+02)0(3.02e+02)3(2.44e+02)
45:2(8.83e+02)0(7.81e+02)1(4.85e+02)3(2.81e+02)
46:1(6.11e+02)0(4.55e+02)2(4.24e+02)3(3.58e+02)
47:1(6.69e+02)2(5.69e+02)0(4.67e+02)3(3.88e+02)
48:1(6.00e+01)0(5.33e+01)3(4.69e+01)2(3.77e+01)
49:2(7.70e+01)1(6.62e+01)3(3.66e+01)0(3.25e+01)
50:2(2.68e+02)1(1.49e+02)3(9.07e+01)0(5.49e+01)
51:1(2.30e+03)2(1.71e+03)0(1.70e+03)3(1.49e+03)
52:3(7.76e+02)1(6.77e+02)0(6.09e+02)2(5.55e+02)
53:0(1.43e+03)2(8.46e+02)3(5.44e+02)1(4.91e+02)
54:0(1.22e+03)2(9.97e+02)1(7.94e+02)3(5.06e+02)
55:1(1.17e+03)0(9.79e+02)3(8.90e+02)2(8.24e+02)
56:0(1.15e+03)2(1.01e+03)3(1.00e+03)1(9.18e+02)
57:2(5.97e+02)3(5.73e+02)1(5.21e+02)0(3.51e+02)
58:1(4.12e+02)2(3.29e+02)3(3.13e+02)0(2.83e+02)
59:2(5.13e+02)0(4.53e+02)1(3.33e+02)3(3.09e+02)
60:0(1.57e+03)2(1.57e+03)1(1.54e+03)3(1.08e+03)
61:2(1.75e+03)1(1.42e+03)3(1.31e+03)0(1.21e+03)
62:3(7.78e+02)0(7.39e+02)2(6.32e+02)1(4.83e+02)
63:1(1.15e+02)2(1.12e+02)0(8.72e+01)3(8.59e+01)
64:0(1.50e+02)3(1.46e+02)2(1.04e+02)1(1.03e+02)
65:2(2.31e+02)0(2.05e+02)1(1.56e+02)3(1.49e+02)
66:2(1.79e+02)1(1.28e+02)0(1.27e+02)3(9.86e+01)
67:2(3.70e+02)3(3.06e+02)1(2.57e+02)0(1.62e+02)
68:0(3.99e+02)2(3.54e+02)1(2.54e+02)3(2.21e+02)
69:2(1.79e+03)3(1.17e+03)1(1.10e+03)0(6.54e+02)
70:1(1.65e+03)2(1.33e+03)3(1.25e+03)0(1.03e+03)
71:3(1.90e+03)1(1.75e+03)2(1.56e+03)0(1.12e+03)
72:0(3.57e+02)2(3.47e+02)3(2.51e+02)1(1.97e+02)
73:0(3.04e+02)2(2.08e+02)3(1.20e+02)1(1.09e+02)
74:0(3.48e+02)2(1.42e+02)1(4.77e+01)3(4.38e+01)
75:2(2.16e+03)1(1.31e+03)3(8.79e+02)0(7.89e+02)
76:2(2.76e+03)0(2.66e+03)1(1.00e+03)3(3.41e+02)
77:3(9.81e+02)1(9.28e+02)2(9.01e+02)0(5.59e+02)
78:2(1.23e+03)0(9.75e+02)1(5.99e+02)3(5.55e+02)
79:3(7.24e+02)2(7.04e+02)1(5.47e+02)0(4.16e+02)
80:2(9.53e+02)1(8.57e+02)3(6.15e+02)0(3.73e+02)
81:1(1.97e+03)2(1.84e+03)3(1.33e+03)0(9.25e+02)
82:1(2.94e+03)2(2.36e+03)3(2.24e+03)0(1.79e+03)
83:1(2.72e+03)3(2.29e+03)2(2.00e+03)0(1.46e+03)
84:2(4.26e+02)0(3.38e+02)1(1.51e+02)3(1.32e+02)
85:1(5.25e+02)2(4.99e+02)3(4.39e+02)0(1.99e+02)
86:2(2.38e+02)0(2.03e+02)1(2.03e+02)3(1.80e+02)
87:2(1.23e+03)0(1.23e+03)3(1.21e+03)1(8.93e+02)
88:0(1.09e+03)1(8.41e+02)2(7.44e+02)3(6.49e+02)
89:3(2.53e+03)0(1.39e+03)2(9.90e+02)1(9.30e+02)
90:1(5.51e+01)3(3.29e+01)2(3.20e+01)0(1.60e+01)
91:2(5.97e+01)1(5.23e+01)3(1.92e+01)0(9.92e+00)
92:1(2.03e+02)2(9.20e+01)3(2.15e+01)0(1.06e+01)
93:2(2.21e+03)0(1.98e+03)1(1.26e+03)3(9.09e+02)
94:0(1.80e+03)3(1.78e+03)1(1.42e+03)2(8.83e+02)
95:1(2.60e+03)2(2.54e+03)0(1.10e+03)3(4.03e+02)
96:1(5.43e+02)3(4.83e+02)2(3.90e+02)0(3.61e+02)
97:0(6.58e+02)2(5.17e+02)3(4.31e+02)1(4.17e+02)
98:1(8.67e+02)2(6.83e+02)0(6.30e+02)3(6.09e+02)
99:2(3.62e+02)0(2.82e+02)1(2.60e+02)3(1.66e+02)
100:3(1.88e+02)1(1.75e+02)2(1.11e+02)0(1.03e+02)
101:2(2.09e+02)1(1.68e+02)0(1.59e+02)3(1.17e+02)
102:1(3.75e+02)0(3.41e+02)3(3.21e+02)2(2.82e+02)
103:2(2.00e+02)0(1.94e+02)3(1.89e+02)1(1.57e+02)
104:0(2.38e+02)2(2.29e+02)3(1.56e+02)1(1.26e+02)
105:3(1.73e+02)2(1.55e+02)1(1.43e+02)0(1.32e+02)
106:0(2.43e+02)2(2.43e+02)3(1.48e+02)1(1.32e+02)
107:2(2.12e+02)1(1.74e+02)3(1.52e+02)0(1.20e+02)
108:1(1.50e+02)2(5.71e+01)0(5.68e+01)3(4.80e+01)
109:2(6.30e+01)3(5.28e+01)0(4.61e+01)1(4.48e+01)
110:2(5.99e+01)0(5.73e+01)1(5.50e+01)3(4.31e+01)
111:1(1.68e+02)2(1.60e+02)3(1.29e+02)0(1.21e+02)
112:2(3.16e+02)1(2.07e+02)0(1.69e+02)3(1.65e+02)
113:2(1.66e+02)1(1.60e+02)3(1.06e+02)0(9.66e+01)
114:2(6.58e+01)1(3.63e+01)3(1.99e+01)0(1.90e+01)
115:2(3.79e+01)1(1.87e+01)3(9.00e+00)0(7.00e+00)
116:0(2.75e+01)3(2.16e+01)1(1.51e+01)2(1.36e+01)
117:2(6.65e+02)0(5.08e+02)1(3.60e+02)3(2.94e+02)
118:2(1.77e+02)1(1.03e+02)0(8.67e+01)3(5.89e+01)
119:1(4.74e+02)2(4.30e+02)3(4.20e+02)0(3.42e+02)
120:2(4.59e+02)0(4.35e+02)1(3.59e+02)3(1.71e+02)
121:1(2.80e+02)2(2.18e+02)0(2.05e+02)3(1.86e+02)
122:2(7.50e+02)1(6.71e+02)0(6.10e+02)3(4.69e+02)
123:0(5.52e+02)2(3.58e+02)3(3.43e+02)1(2.35e+02)
124:1(5.12e+02)2(4.32e+02)0(4.07e+02)3(3.81e+02)
125:1(3.81e+02)0(3.74e+02)3(2.94e+02)2(2.53e+02)
126:1(3.32e+02)2(3.21e+02)3(3.05e+02)0(2.90e+02)
127:1(3.98e+02)0(3.15e+02)3(2.49e+02)2(2.43e+02)
128:3(2.48e+02)2(1.76e+02)1(1.45e+02)0(6.80e+01)
129:2(1.56e+03)0(1.04e+03)1(9.99e+02)3(8.36e+02)
130:2(1.98e+02)3(1.60e+02)0(1.29e+02)1(1.23e+02)
131:0(6.23e+02)2(4.62e+02)3(4.36e+02)1(2.93e+02)
132:2(1.00e+03)0(7.26e+02)1(6.74e+02)3(4.30e+02)
133:0(2.17e+02)2(1.42e+02)3(1.06e+02)1(7.61e+01)
134:2(1.23e+02)3(1.01e+02)0(8.36e+01)1(6.25e+01)
135:3(3.41e+02)0(1.97e+02)1(1.84e+02)2(1.29e+02)
136:0(1.08e+02)2(1.06e+02)3(1.06e+02)1(8.21e+01)
137:2(1.99e+02)1(1.57e+02)0(9.75e+01)3(8.70e+01)
138:2(1.77e+02)3(1.45e+02)1(1.13e+02)0(1.07e+02)
139:2(1.22e+02)0(1.07e+02)3(8.62e+01)1(7.09e+01)
140:0(1.56e+02)2(1.55e+02)3(1.34e+02)1(8.04e+01)
141:0(5.99e+02)2(4.55e+02)1(2.46e+02)3(1.74e+02)
142:1(1.82e+02)3(1.39e+02)2(6.69e+01)0(6.19e+01)
143:1(1.63e+03)2(1.11e+03)3(6.11e+02)0(3.80e+02)
144:2(4.49e+02)3(4.40e+02)0(3.78e+02)1(2.86e+02)
145:2(1.41e+02)0(9.36e+01)3(8.09e+01)1(6.54e+01)
146:1(5.91e+01)0(5.27e+01)3(4.61e+01)2(4.56e+01)
147:1(6.29e+01)2(5.04e+01)0(4.81e+01)3(3.10e+01)
148:0(2.53e+02)1(1.76e+02)2(1.55e+02)3(1.48e+02)
149:2(2.15e+02)1(1.15e+02)3(8.53e+01)0(7.85e+01)
150:1(2.09e+02)0(1.89e+02)2(1.84e+02)3(1.35e+02)
151:2(7.08e+02)3(6.88e+02)1(5.85e+02)0(3.88e+02)
152:0(4.57e+02)2(3.63e+02)3(3.42e+02)1(3.17e+02)
153:2(1.87e+02)1(1.15e+02)3(9.94e+01)0(9.65e+01)
154:1(1.09e+02)0(8.93e+01)2(7.22e+01)3(6.17e+01)
155:2(1.87e+02)0(1.09e+02)3(6.44e+01)1(6.36e+01)
156:1(4.88e+02)2(4.29e+02)3(3.53e+02)0(2.12e+02)
157:0(1.80e+02)1(1.62e+02)2(1.54e+02)3(1.53e+02)
158:2(3.00e+02)0(2.46e+02)3(1.66e+02)1(1.01e+02)
159:3(4.39e+02)2(4.10e+02)0(4.10e+02)1(3.33e+02)
160:0(6.99e+01)3(6.95e+01)2(5.79e+01)1(4.85e+01)
161:2(4.46e+02)1(3.80e+02)3(3.73e+02)0(3.13e+02)
162:3(1.43e+02)2(1.24e+02)1(1.20e+02)0(1.15e+02)
163:0(2.26e+02)1(2.19e+02)2(1.77e+02)3(1.33e+02)
164:0(1.36e+02)2(1.05e+02)3(9.28e+01)1(6.62e+01)
165:2(5.41e+02)0(4.23e+02)3(4.20e+02)1(2.90e+02)
166:0(3.77e+02)2(2.87e+02)1(2.80e+02)3(2.23e+02)
167:2(2.33e+02)0(1.90e+02)1(1.62e+02)3(1.08e+02)
168:2(5.33e+02)1(4.01e+02)0(3.58e+02)3(3.17e+02)
169:2(1.35e+02)1(1.23e+02)0(1.13e+02)3(7.42e+01)
170:2(9.72e+02)0(6.66e+02)1(6.31e+02)3(6.07e+02)
171:2(5.41e+02)3(4.23e+02)0(3.73e+02)1(3.49e+02)
172:2(9.75e+02)3(7.68e+02)1(5.80e+02)0(4.08e+02)
173:2(1.80e+02)0(1.44e+02)1(1.38e+02)3(1.21e+02)
174:1(5.73e+02)3(5.15e+02)2(5.09e+02)0(1.94e+02)
175:2(3.79e+02)0(2.84e+02)1(9.73e+01)3(7.34e+01)
176:2(1.82e+02)0(1.53e+02)1(1.01e+02)3(8.34e+01)
177:0(2.01e+02)3(1.39e+02)2(1.31e+02)1(8.64e+01)
178:0(5.38e+02)2(4.76e+02)3(1.95e+02)1(1.64e+02)
179:2(1.68e+02)3(1.66e+02)0(1.42e+02)1(1.31e+02)
180:1(1.81e+02)0(1.79e+02)3(1.22e+02)2(9.25e+01)
181:2(1.17e+02)0(8.12e+01)3(6.44e+01)1(6.33e+01)
182:2(2.15e+02)1(2.12e+02)0(1.72e+02)3(1.24e+02)
183:2(1.41e+02)1(1.28e+02)0(9.43e+01)3(7.58e+01)
184:0(6.70e+01)2(6.44e+01)3(2.70e+01)1(2.64e+01)
185:1(5.37e+01)2(5.13e+01)0(4.26e+01)3(2.89e+01)
186:1(6.46e+02)2(3.47e+02)3(2.73e+02)0(2.63e+02)
187:1(1.85e+02)2(1.66e+02)3(1.56e+02)0(1.54e+02)
188:0(7.14e+02)2(6.51e+02)1(5.12e+02)3(4.21e+02)
189:2(1.15e+03)1(9.53e+02)3(9.42e+02)0(6.59e+02)
190:0(1.29e+03)2(1.24e+03)1(1.05e+03)3(7.74e+02)
191:1(3.94e+02)2(3.42e+02)0(2.04e+02)3(1.71e+02)
192:2(5.92e+02)0(4.86e+02)3(4.39e+02)1(2.20e+02)
193:0(4.68e+02)2(4.30e+02)1(3.53e+02)3(3.17e+02)
194:2(4.02e+02)1(3.12e+02)0(2.94e+02)3(2.57e+02)
195:2(2.45e+02)3(2.15e+02)1(2.11e+02)0(1.76e+02)
196:0(5.18e+02)1(4.96e+02)3(4.76e+02)2(4.72e+02)
197:2(1.37e+02)0(1.22e+02)3(1.13e+02)1(9.39e+01)
198:1(6.11e+02)0(4.55e+02)2(4.24e+02)3(3.58e+02)
199:1(6.69e+02)2(5.69e+02)0(4.67e+02)3(3.88e+02)
200:1(6.00e+01)0(5.33e+01)3(4.69e+01)2(3.77e+01)
201:2(7.70e+01)1(6.62e+01)3(3.66e+01)0(3.25e+01)
202:2(2.68e+02)1(1.49e+02)3(9.07e+01)0(5.49e+01)
203:1(3.15e+02)0(2.99e+02)3(2.15e+02)2(1.58e+02)
204:0(3.17e+02)2(2.51e+02)1(1.53e+02)3(1.32e+02)
205:2(1.65e+03)0(1.62e+03)1(1.19e+03)3(9.05e+02)
206:0(1.85e+02)2(1.78e+02)1(1.33e+02)3(1.28e+02)
207:1(6.66e+02)3(5.14e+02)2(4.95e+02)0(3.18e+02)
208:1(3.15e+02)2(2.57e+02)3(2.21e+02)0(2.07e+02)
209:1(7.80e+02)2(7.28e+02)3(4.87e+02)0(3.14e+02)
210:2(3.97e+02)1(2.90e+02)3(2.86e+02)0(2.24e+02)
211:2(5.00e+02)1(2.91e+02)3(2.62e+02)0(2.47e+02)
212:0(3.53e+02)2(3.37e+02)1(1.73e+02)3(1.57e+02)
213:2(2.13e+02)3(1.67e+02)1(1.61e+02)0(1.47e+02)
214:0(5.41e+02)2(3.41e+02)1(2.53e+02)3(2.35e+02)
215:0(5.64e+02)2(5.46e+02)1(3.63e+02)3(3.34e+02)
216:2(5.43e+02)3(4.35e+02)1(4.19e+02)0(4.18e+02)
217:1(3.84e+02)2(3.83e+02)0(3.57e+02)3(2.63e+02)
218:1(2.68e+02)0(2.21e+02)3(2.01e+02)2(1.88e+02)
219:1(3.16e+02)2(2.78e+02)3(2.70e+02)0(2.31e+02)
220:2(3.60e+02)1(2.32e+02)0(2.15e+02)3(1.42e+02)
221:3(2.05e+02)1(2.01e+02)2(1.96e+02)0(1.45e+02)
222:2(2.01e+02)1(1.59e+02)3(1.35e+02)0(9.64e+01)
223:3(1.91e+02)2(1.79e+02)1(1.46e+02)0(1.42e+02)
224:0(2.60e+02)2(2.53e+02)1(2.38e+02)3(1.99e+02)
225:1(1.29e+03)3(9.43e+02)2(9.26e+02)0(7.60e+02)
226:3(7.08e+02)0(3.84e+02)1(3.77e+02)2(3.62e+02)
227:2(1.49e+03)1(1.33e+03)3(9.15e+02)0(3.26e+02)
228:1(5.43e+02)3(4.20e+02)2(3.51e+02)0(3.18e+02)
229:1(6.26e+02)0(2.67e+02)2(2.32e+02)3(1.95e+02)
230:3(4.86e+02)1(3.08e+02)2(2.97e+02)0(2.20e+02)
231:1(1.15e+02)2(1.12e+02)0(8.72e+01)3(8.59e+01)
232:0(1.50e+02)3(1.46e+02)2(1.04e+02)1(1.03e+02)
233:2(2.31e+02)0(2.05e+02)1(1.56e+02)3(1.49e+02)
234:2(1.79e+02)1(1.28e+02)0(1.27e+02)3(9.86e+01)
235:0(1.09e+02)2(9.35e+01)1(6.13e+01)3(4.28e+01)
236:1(3.18e+02)2(1.88e+02)0(1.50e+02)3(1.33e+02)
237:1(1.34e+02)0(1.22e+02)3(1.13e+02)2(1.07e+02)
238:1(1.15e+02)2(9.98e+01)3(9.46e+01)0(8.83e+01)
239:0(1.22e+02)2(8.74e+01)1(8.36e+01)3(6.03e+01)
240:2(9.84e+02)3(8.46e+02)1(7.90e+02)0(6.31e+02)
241:1(4.46e+02)2(4.33e+02)0(4.15e+02)3(1.74e+02)
242:1(1.18e+03)2(1.06e+03)0(8.99e+02)3(8.79e+02)
243:1(4.25e+02)0(3.57e+02)3(3.33e+02)2(1.39e+02)
244:0(1.72e+03)2(1.38e+03)3(1.36e+03)1(9.20e+02)
245:2(4.05e+02)0(2.37e+02)3(1.80e+02)1(1.19e+02)
246:0(3.57e+02)2(3.47e+02)3(2.51e+02)1(1.97e+02)
247:0(3.04e+02)2(2.08e+02)3(1.20e+02)1(1.09e+02)
248:0(3.48e+02)2(1.42e+02)1(4.77e+01)3(4.38e+01)
249:1(6.93e+02)3(6.73e+02)0(6.67e+02)2(6.26e+02)
250:1(4.36e+02)2(2.97e+02)0(2.59e+02)3(2.58e+02)
251:3(3.31e+02)2(3.23e+02)0(3.05e+02)1(2.64e+02)
252:1(2.02e+03)2(1.52e+03)0(1.26e+03)3(1.06e+03)
253:0(2.87e+02)2(2.74e+02)1(2.00e+02)3(1.41e+02)
254:2(3.35e+02)3(2.28e+02)1(1.43e+02)0(1.26e+02)
255:2(1.75e+02)1(1.47e+02)3(1.23e+02)0(1.02e+02)
256:0(5.57e+02)3(5.17e+02)1(4.63e+02)2(4.54e+02)
257:2(2.66e+02)0(2.63e+02)3(1.96e+02)1(1.59e+02)
258:0(1.47e+02)2(1.36e+02)3(1.07e+02)1(9.09e+01)
259:2(5.76e+02)0(5.60e+02)1(4.74e+02)3(3.82e+02)
260:1(3.73e+02)2(2.50e+02)0(2.48e+02)3(1.81e+02)
261:2(3.12e+02)0(1.70e+02)1(1.25e+02)3(5.51e+01)
262:2(2.15e+02)1(2.06e+02)3(1.40e+02)0(1.14e+02)
263:1(3.03e+02)2(2.46e+02)0(2.45e+02)3(2.00e+02)
264:1(5.38e+02)3(4.28e+02)0(4.24e+02)2(4.14e+02)
265:1(6.92e+02)2(5.70e+02)3(4.11e+02)0(2.69e+02)
266:2(1.49e+03)1(1.04e+03)3(9.65e+02)0(6.36e+02)
267:2(1.64e+03)0(1.61e+03)1(1.05e+03)3(9.21e+02)
268:1(1.25e+03)2(1.23e+03)3(8.41e+02)0(7.76e+02)
269:2(2.17e+03)0(1.42e+03)1(1.17e+03)3(6.67e+02)
270:2(5.40e+02)1(3.68e+02)0(3.46e+02)3(2.39e+02)
271:2(4.50e+02)1(4.11e+02)0(3.48e+02)3(3.46e+02)
272:2(4.26e+02)0(3.38e+02)1(1.51e+02)3(1.32e+02)
273:1(5.25e+02)2(4.99e+02)3(4.39e+02)0(1.99e+02)
274:2(2.38e+02)0(2.03e+02)1(2.03e+02)3(1.80e+02)
275:1(4.37e+02)2(3.21e+02)3(2.41e+02)0(1.99e+02)
276:2(1.19e+03)0(1.16e+03)1(5.24e+02)3(4.96e+02)
277:3(3.83e+02)2(2.82e+02)0(2.69e+02)1(2.44e+02)
278:0(1.06e+03)2(5.50e+02)3(2.92e+02)1(2.42e+02)
279:1(1.73e+02)3(1.52e+02)0(1.33e+02)2(1.30e+02)
280:3(4.05e+02)2(3.79e+02)1(3.46e+02)0(2.48e+02)
281:1(4.08e+02)2(2.85e+02)0(1.29e+02)3(1.13e+02)
282:2(1.90e+03)0(5.88e+02)3(2.24e+02)1(2.15e+02)
283:1(5.51e+01)3(3.29e+01)2(3.20e+01)0(1.60e+01)
284:2(5.97e+01)1(5.23e+01)3(1.92e+01)0(9.92e+00)
285:1(2.03e+02)2(9.20e+01)3(2.15e+01)0(1.06e+01)
286:2(1.06e+03)1(6.89e+02)0(6.16e+02)3(4.42e+02)
287:0(3.10e+02)2(3.08e+02)1(3.03e+02)3(2.28e+02)
288:1(2.54e+02)2(2.44e+02)0(1.92e+02)3(1.79e+02)
289:0(4.69e+02)2(4.26e+02)3(3.35e+02)1(2.99e+02)
290:1(4.17e+02)2(2.92e+02)0(2.58e+02)3(1.85e+02)
291:2(1.29e+03)3(1.22e+03)0(1.14e+03)1(1.09e+03)
292:1(2.53e+03)2(2.12e+03)0(7.59e+02)3(4.62e+02)
293:1(2.10e+02)2(1.92e+02)0(1.86e+02)3(1.74e+02)
294:1(5.43e+02)3(4.83e+02)2(3.90e+02)0(3.61e+02)
295:3(5.13e+02)2(3.72e+02)0(3.05e+02)1(2.91e+02)
296:3(1.65e+02)0(1.29e+02)2(1.25e+02)1(1.23e+02)
297:1(4.26e+02)0(3.02e+02)2(2.84e+02)3(2.74e+02)
298:1(4.51e+02)3(4.31e+02)2(3.45e+02)0(2.77e+02)
299:2(3.62e+02)0(2.82e+02)1(2.60e+02)3(1.66e+02)
300:3(1.88e+02)1(1.75e+02)2(1.11e+02)0(1.03e+02)
301:2(2.09e+02)1(1.68e+02)0(1.59e+02)3(1.17e+02)
302:1(3.75e+02)0(3.41e+02)3(3.21e+02)2(2.82e+02)
303:2(2.00e+02)0(1.94e+02)3(1.89e+02)1(1.57e+02)
304:0(2.38e+02)2(2.29e+02)3(1.56e+02)1(1.26e+02)
305:3(1.73e+02)2(1.55e+02)1(1.43e+02)0(1.32e+02)
306:0(2.43e+02)2(2.43e+02)3(1.48e+02)1(1.32e+02)
307:2(2.12e+02)1(1.74e+02)3(1.52e+02)0(1.20e+02)
308:1(1.50e+02)2(5.71e+01)0(5.68e+01)3(4.80e+01)
309:2(6.30e+01)3(5.28e+01)0(4.61e+01)1(4.48e+01)
310:2(5.99e+01)0(5.73e+01)1(5.50e+01)3(4.31e+01)
311:1(1.68e+02)2(1.60e+02)3(1.29e+02)0(1.21e+02)
312:2(3.16e+02)1(2.07e+02)0(1.69e+02)3(1.65e+02)
313:2(1.66e+02)1(1.60e+02)3(1.06e+02)0(9.66e+01)
314:2(6.58e+01)1(3.63e+01)3(1.99e+01)0(1.90e+01)
315:2(3.79e+01)1(1.87e+01)3(9.00e+00)0(7.00e+00)
316:0(2.75e+01)3(2.16e+01)1(1.51e+01)2(1.36e+01)INFO: s3mixw_io.c(233): Wrote /Users/benroye/forge/cmusphinx/voiceVim/model_parameters/voiceVim.cd_cont_initial/mixture_weights [317x1x8 array]
INFO: s3gau_io.c(228): Wrote /Users/benroye/forge/cmusphinx/voiceVim/model_parameters/voiceVim.cd_cont_initial/means [317x1x8 array]
INFO: s3gau_io.c(228): Wrote /Users/benroye/forge/cmusphinx/voiceVim/model_parameters/voiceVim.cd_cont_initial/variances [317x1x8 array]

Mon Jan 30 07:36:38 2017
